RECIEVED 1553583310 INTRODUCE 168 0 0
SEND 1553583310 JOIN 164 33601
RECIEVED 1553583311 TRANSACTION 208 1 0
UPDATE 1553583311 TRANSACTION ad9b5bcba4870da24051bc68877aeb72
SEND 1553583311 TRANSACTION 208 20132
RECIEVED 1553583311 TRANSACTION 209 1 1
UPDATE 1553583311 TRANSACTION f29a4df1ab0f9b8e5a11e403d481ca32
SEND 1553583311 TRANSACTION 209 18511
RECIEVED 1553583311 TRANSACTION 209 1 2
UPDATE 1553583311 TRANSACTION 707b13e4ad17310f82010ad85d9a83cb
SEND 1553583311 TRANSACTION 209 18705
RECIEVED 1553583311 TRANSACTION 208 1 3
UPDATE 1553583311 TRANSACTION c308a14c2a7030b155373fcb3d4001cd
SEND 1553583311 TRANSACTION 208 22010
RECIEVED 1553583311 TRANSACTION 209 1 4
UPDATE 1553583311 TRANSACTION e405dfb8663d7e7eadbfbdc8524d9420
SEND 1553583311 TRANSACTION 209 17309
RECIEVED 1553583311 TRANSACTION 209 1 5
UPDATE 1553583311 TRANSACTION 89311a0e8740e00545378f2a9b7126dc
SEND 1553583311 TRANSACTION 209 17863
# Listen attempt 1.
# json: cannot unmarshal object into Go struct field Node.Sock of type net.Conn
RECIEVED 1553583311 TRANSACTION 210 1 6
UPDATE 1553583311 TRANSACTION 9e1d8dd9b43e13adf26a1b8c0dfd7cb3
SEND 1553583311 TRANSACTION 210 17135
RECIEVED 1553583311 TRANSACTION 209 1 7
UPDATE 1553583311 TRANSACTION dd7492bc7e54b5d606e5592c3f60c2d5
SEND 1553583311 TRANSACTION 209 24223
RECIEVED 1553583311 HB 139 1 8
SEND 1553583311 PING 261 48095
RECIEVED 1553583311 TRANSACTION 209 1 8
UPDATE 1553583311 TRANSACTION cab2dff44cc49fd7b517f16bfa8d32a6
SEND 1553583311 TRANSACTION 209 26147
RECIEVED 1553583311 TRANSACTION 209 1 9
RECIEVED 1553583311 TRANSACTION 208 1 9
UPDATE 1553583311 TRANSACTION 6b7c0a8a1084c853857d0c94fb026e42
SEND 1553583311 TRANSACTION 208 14162
RECIEVED 1553583312 TRANSACTION 209 1 10
UPDATE 1553583312 TRANSACTION 4e7238b17fada3ccd561b1855dcef192
SEND 1553583312 TRANSACTION 209 17585
RECIEVED 1553583312 TRANSACTION 209 1 11
UPDATE 1553583312 TRANSACTION 788b1c98df10c7ebfc54d5ecfa3194f3
SEND 1553583312 TRANSACTION 209 21020
RECIEVED 1553583312 TRANSACTION 208 1 12
UPDATE 1553583312 TRANSACTION dff355233cf6244819f40699da29d3c3
SEND 1553583312 TRANSACTION 208 17483
RECIEVED 1553583312 TRANSACTION 208 1 13
UPDATE 1553583312 TRANSACTION b8c3df7165c46d6440d355959964df17
SEND 1553583312 TRANSACTION 208 17769
RECIEVED 1553583312 TRANSACTION 210 1 14
UPDATE 1553583312 TRANSACTION 20a37e47d987d555df45f10ce86bc193
SEND 1553583312 TRANSACTION 210 25713
# Listen attempt 1.
# json: cannot unmarshal object into Go struct field Node.Sock of type net.Conn
RECIEVED 1553583312 TRANSACTION 208 1 15
UPDATE 1553583312 TRANSACTION be5d05edaf9411ecd7715d49f5c338ad
SEND 1553583312 TRANSACTION 208 15656
RECIEVED 1553583312 HB 139 1 16
SEND 1553583312 PING 261 34188
RECIEVED 1553583312 TRANSACTION 209 1 16
UPDATE 1553583312 TRANSACTION babf17e7226cd7b2f0f71155eaff5bcf
SEND 1553583312 TRANSACTION 209 24858
RECIEVED 1553583312 TRANSACTION 208 1 17
UPDATE 1553583312 TRANSACTION 8828fd55fb0d35fbcf3b35edd26b7a40
SEND 1553583312 TRANSACTION 208 35588
RECIEVED 1553583312 TRANSACTION 208 1 18
UPDATE 1553583312 TRANSACTION 36c57a8e8c304824444a54d7e7a9c84b
SEND 1553583312 TRANSACTION 208 14047
RECIEVED 1553583312 TRANSACTION 209 1 19
UPDATE 1553583312 TRANSACTION a688194f6f79d69b77c4b74f6adb710c
SEND 1553583312 TRANSACTION 209 8662
RECIEVED 1553583312 TRANSACTION 209 1 20
UPDATE 1553583312 TRANSACTION 85bcf92b1e253bd0e0164390e3dcf0ec
SEND 1553583312 TRANSACTION 209 22601
RECIEVED 1553583313 TRANSACTION 209 1 21
UPDATE 1553583313 TRANSACTION 3f2ba43eb674665cc6e6706c55adbf86
SEND 1553583313 TRANSACTION 209 17085
RECIEVED 1553583313 TRANSACTION 209 1 22
UPDATE 1553583313 TRANSACTION 70a493057370cf6f00ed647d0d58a375
SEND 1553583313 TRANSACTION 209 21277
RECIEVED 1553583313 TRANSACTION 207 1 23
UPDATE 1553583313 TRANSACTION 7a601dccd58cc93ec6f26d008bc7f87b
SEND 1553583313 TRANSACTION 207 21188
RECIEVED 1553583313 TRANSACTION 209 1 24
UPDATE 1553583313 TRANSACTION b559f130f3c543c7299dc6536fa7fdef
SEND 1553583313 TRANSACTION 209 24288
RECIEVED 1553583313 TRANSACTION 208 1 25
UPDATE 1553583313 TRANSACTION 53a0498903f101d4a5775f3cf025a178
SEND 1553583313 TRANSACTION 208 17097
RECIEVED 1553583313 TRANSACTION 209 1 26
UPDATE 1553583313 TRANSACTION d8afddff3b78237694f5cd14a852d7e4
SEND 1553583313 TRANSACTION 209 14001
RECIEVED 1553583313 TRANSACTION 209 1 27
UPDATE 1553583313 TRANSACTION 5a9bb9a68f16e9dc82df82ee8d26ab7b
SEND 1553583313 TRANSACTION 209 17234
RECIEVED 1553583313 TRANSACTION 208 1 28
UPDATE 1553583313 TRANSACTION b191f2688293dff6d50639dbacee22d2
SEND 1553583313 TRANSACTION 208 15970
RECIEVED 1553583313 TRANSACTION 210 1 29
UPDATE 1553583313 TRANSACTION 6285bb13967111077b9b022075cd5ef3
SEND 1553583313 TRANSACTION 210 16286
# Listen attempt 1.
# json: cannot unmarshal object into Go struct field Node.Sock of type net.Conn
RECIEVED 1553583313 TRANSACTION 208 1 30
UPDATE 1553583313 TRANSACTION 0a17495491dd35fa99cf03131e7ea4b3
SEND 1553583313 TRANSACTION 208 16998
RECIEVED 1553583313 HB 139 1 31
SEND 1553583313 PING 261 33372
RECIEVED 1553583313 TRANSACTION 209 1 31
UPDATE 1553583313 TRANSACTION 87f6ee7d83b4c7dce988ec9bf4b4dd06
SEND 1553583313 TRANSACTION 209 23948
RECIEVED 1553583313 TRANSACTION 209 1 32
UPDATE 1553583313 TRANSACTION 0f4bc8966878e1093a700f311d03edfd
SEND 1553583313 TRANSACTION 209 15855
RECIEVED 1553583313 TRANSACTION 209 1 33
UPDATE 1553583313 TRANSACTION 8bf8c47a8ece79316404e043d4904f38
SEND 1553583313 TRANSACTION 209 24317
RECIEVED 1553583313 TRANSACTION 208 1 34
UPDATE 1553583313 TRANSACTION 034ced17f254b735dd50924fa83a0fed
SEND 1553583313 TRANSACTION 208 19250
RECIEVED 1553583313 TRANSACTION 208 1 35
UPDATE 1553583313 TRANSACTION 6a2472f7179d0c97761c54253a9f21c2
SEND 1553583313 TRANSACTION 208 18779
RECIEVED 1553583314 TRANSACTION 209 1 36
UPDATE 1553583314 TRANSACTION 037a8648d015eedc1c4a1e7259ebeef0
SEND 1553583314 TRANSACTION 209 17077
RECIEVED 1553583314 TRANSACTION 210 1 37
UPDATE 1553583314 TRANSACTION 566861e259a56cb41fd0075d53cfc51f
SEND 1553583314 TRANSACTION 210 18765
RECIEVED 1553583314 TRANSACTION 209 1 38
UPDATE 1553583314 TRANSACTION e55538d179e67dfdaef16b78ec315648
SEND 1553583314 TRANSACTION 209 16211
RECIEVED 1553583314 TRANSACTION 208 1 39
UPDATE 1553583314 TRANSACTION 1568ffefb3370d3f662309b8f0c95388
SEND 1553583314 TRANSACTION 208 18557
RECIEVED 1553583314 TRANSACTION 207 1 40
UPDATE 1553583314 TRANSACTION 098ee5438701358370420386557a0c6f
SEND 1553583314 TRANSACTION 207 15973
RECIEVED 1553583314 TRANSACTION 210 1 41
UPDATE 1553583314 TRANSACTION 6a78269045a57f0a34da47f062219a18
SEND 1553583314 TRANSACTION 210 16498
RECIEVED 1553583314 TRANSACTION 210 1 42
UPDATE 1553583314 TRANSACTION 29a5259b3397f23a76c1dce386473444
SEND 1553583314 TRANSACTION 210 16979
RECIEVED 1553583314 TRANSACTION 209 1 43
UPDATE 1553583314 TRANSACTION 687c798314ac06bc4436d6f5417fb3d1
SEND 1553583314 TRANSACTION 209 24439
RECIEVED 1553583314 TRANSACTION 210 1 44
UPDATE 1553583314 TRANSACTION f17120aced4a199447fb69c94a2beb5e
SEND 1553583314 TRANSACTION 210 24380
RECIEVED 1553583314 TRANSACTION 209 1 45
UPDATE 1553583314 TRANSACTION fd263153e2702b89ffb3711afe5f3341
SEND 1553583314 TRANSACTION 209 18334
RECIEVED 1553583314 TRANSACTION 209 1 46
UPDATE 1553583314 TRANSACTION cf8b5218c57fe4641c732d20b098b9b3
SEND 1553583314 TRANSACTION 209 15827
RECIEVED 1553583314 HB 139 1 47
SEND 1553583314 PING 261 41037
RECIEVED 1553583316 HB 139 1 47
SEND 1553583316 PING 261 47290
RECIEVED 1553583316 JOIN 161 1 47
# Make node5 Join
# End node5 Join
RECIEVED 1553583317 HB 139 2 47
SEND 1553583317 PING 361 31224
SEND 1553583317 PING 361 19477
# Listen attempt 1.
# json: cannot unmarshal object into Go struct field Node.Sock of type net.Conn
# Listen attempt 1.
# EOF
# Listen attempt 2.
# EOF
# Listen attempt 3.
# EOF
# Could not recieve message properly
RECIEVED 1553583317 TRANSACTION 209 2 47
UPDATE 1553583317 TRANSACTION 9a9a1d7f9c33a4f86b60e0ac27f7e620
# Could not send message to node0
SEND 1553583317 TRANSACTION 209 21786
RECIEVED 1553583317 TRANSACTION 209 1 48
RECIEVED 1553583317 TRANSACTION 207 1 48
UPDATE 1553583317 TRANSACTION 299ee90a584535039731517d19ff45ff
SEND 1553583317 TRANSACTION 207 23466
RECIEVED 1553583317 TRANSACTION 207 1 49
RECIEVED 1553583318 HB 139 1 49
SEND 1553583318 PING 261 35462
# Listen attempt 1.
# json: cannot unmarshal object into Go struct field Node.Sock of type net.Conn
RECIEVED 1553583319 HB 139 1 49
SEND 1553583319 PING 261 30916
# Listen attempt 1.
# json: cannot unmarshal object into Go struct field Node.Sock of type net.Conn
RECIEVED 1553583320 HB 139 1 49
SEND 1553583320 PING 261 33168
RECIEVED 1553583320 TRANSACTION 209 1 49
UPDATE 1553583320 TRANSACTION ddffb4ce9057c30713f81f203f54ae1c
SEND 1553583320 TRANSACTION 209 29311
RECIEVED 1553583320 TRANSACTION 209 1 50
# Listen attempt 1.
# json: cannot unmarshal object into Go struct field Node.Sock of type net.Conn
RECIEVED 1553583321 HB 139 1 50
SEND 1553583321 PING 261 37672
# Listen attempt 1.
# json: cannot unmarshal object into Go struct field Node.Sock of type net.Conn
RECIEVED 1553583322 HB 139 1 50
SEND 1553583322 PING 261 31258
# Listen attempt 1.
# json: cannot unmarshal object into Go struct field Node.Sock of type net.Conn
# Listen attempt 2.
# json: cannot unmarshal object into Go struct field Node.Sock of type net.Conn
RECIEVED 1553583323 HB 139 1 50
SEND 1553583323 PING 261 29625
# Listen attempt 1.
# json: cannot unmarshal object into Go struct field Node.Sock of type net.Conn
RECIEVED 1553583324 HB 139 1 50
SEND 1553583324 PING 261 30531
# Listen attempt 1.
# json: cannot unmarshal object into Go struct field Node.Sock of type net.Conn
RECIEVED 1553583325 TRANSACTION 208 1 50
UPDATE 1553583325 TRANSACTION 1c83663bbfc619cfc998f17b4d8b5db4
SEND 1553583325 TRANSACTION 208 24613
RECIEVED 1553583325 HB 139 1 51
SEND 1553583325 PING 261 29327
RECIEVED 1553583325 TRANSACTION 209 1 51
UPDATE 1553583325 TRANSACTION edeb82d3f20e8f0ad9dfdb49ec15d741
SEND 1553583325 TRANSACTION 209 27577
# Listen attempt 1.
# json: cannot unmarshal object into Go struct field Node.Sock of type net.Conn
RECIEVED 1553583326 HB 139 1 52
SEND 1553583326 PING 261 37764
RECIEVED 1553583327 TRANSACTION 210 1 52
UPDATE 1553583327 TRANSACTION 703c7da353b1b582b535e9264721d03e
SEND 1553583327 TRANSACTION 210 36052
RECIEVED 1553583327 TRANSACTION 210 1 53
# Listen attempt 1.
# json: cannot unmarshal object into Go struct field Node.Sock of type net.Conn
RECIEVED 1553583327 HB 139 1 53
SEND 1553583327 PING 261 37234
# Listen attempt 1.
# json: cannot unmarshal object into Go struct field Node.Sock of type net.Conn
RECIEVED 1553583328 HB 139 1 53
SEND 1553583328 PING 261 33431
# Listen attempt 1.
# json: cannot unmarshal object into Go struct field Node.Sock of type net.Conn
RECIEVED 1553583329 HB 139 1 53
SEND 1553583329 PING 261 28961
# Listen attempt 1.
# json: cannot unmarshal object into Go struct field Node.Sock of type net.Conn
RECIEVED 1553583330 HB 139 1 53
SEND 1553583330 PING 261 44833
# Listen attempt 1.
# json: cannot unmarshal object into Go struct field Node.Sock of type net.Conn
RECIEVED 1553583331 HB 139 1 53
SEND 1553583331 PING 261 40818
# Listen attempt 1.
# json: cannot unmarshal object into Go struct field Node.Sock of type net.Conn
RECIEVED 1553583332 HB 139 1 53
SEND 1553583332 PING 261 74972
# Listen attempt 1.
# json: cannot unmarshal object into Go struct field Node.Sock of type net.Conn
RECIEVED 1553583333 HB 139 1 53
SEND 1553583333 PING 261 49049
# Listen attempt 1.
# json: cannot unmarshal object into Go struct field Node.Sock of type net.Conn
RECIEVED 1553583334 HB 139 1 53
SEND 1553583334 PING 261 56769
# Listen attempt 1.
# json: cannot unmarshal object into Go struct field Node.Sock of type net.Conn
RECIEVED 1553583335 TRANSACTION 209 1 53
UPDATE 1553583335 TRANSACTION 818db5203d5e2f1346a3d2e190decc96
SEND 1553583335 TRANSACTION 209 18227
RECIEVED 1553583335 HB 139 1 54
SEND 1553583335 PING 261 52576
# Listen attempt 1.
# json: cannot unmarshal object into Go struct field Node.Sock of type net.Conn
RECIEVED 1553583336 HB 139 1 54
SEND 1553583336 PING 261 48580
# Listen attempt 1.
# json: cannot unmarshal object into Go struct field Node.Sock of type net.Conn
RECIEVED 1553583337 TRANSACTION 209 1 54
UPDATE 1553583337 TRANSACTION 6e2abbcd9c6ed0b030cc5d55cd4534c7
SEND 1553583337 TRANSACTION 209 47901
RECIEVED 1553583337 HB 139 1 55
SEND 1553583337 PING 261 52138
# Listen attempt 1.
# json: cannot unmarshal object into Go struct field Node.Sock of type net.Conn
# Listen attempt 2.
# json: cannot unmarshal object into Go struct field Node.Sock of type net.Conn
# Listen attempt 3.
# json: cannot unmarshal object into Go struct field Node.Sock of type net.Conn
# Could not recieve message properly
RECIEVED 1553583340 HB 139 1 55
# Removing node5:172.22.156.207:8005 from members
RECIEVED 1553583341 HB 139 0 55
RECIEVED 1553583342 HB 139 0 55
RECIEVED 1553583343 HB 139 0 55
RECIEVED 1553583344 HB 139 0 55
RECIEVED 1553583345 HB 139 0 55
RECIEVED 1553583346 HB 139 0 55
RECIEVED 1553583347 TRANSACTION 209 0 55
UPDATE 1553583347 TRANSACTION 6ff90c5e67352c3478e767d83ab294f8
RECIEVED 1553583347 HB 139 0 56
RECIEVED 1553583348 HB 139 0 56
RECIEVED 1553583349 HB 139 0 56
RECIEVED 1553583349 TRANSACTION 208 0 56
UPDATE 1553583349 TRANSACTION 2d181803e6f9b988acb2a761344f31fc
RECIEVED 1553583350 HB 139 0 57
RECIEVED 1553583351 HB 139 0 57
RECIEVED 1553583352 HB 139 0 57
RECIEVED 1553583353 HB 139 0 57
RECIEVED 1553583354 HB 139 0 57
RECIEVED 1553583355 HB 139 0 57
RECIEVED 1553583356 HB 139 0 57
RECIEVED 1553583357 HB 139 0 57
RECIEVED 1553583358 HB 139 0 57
RECIEVED 1553583359 HB 139 0 57
RECIEVED 1553583360 HB 139 0 57
RECIEVED 1553583361 HB 139 0 57
RECIEVED 1553583362 HB 139 0 57
RECIEVED 1553583363 HB 139 0 57
RECIEVED 1553583364 HB 139 0 57
RECIEVED 1553583365 HB 139 0 57
RECIEVED 1553583366 HB 139 0 57
RECIEVED 1553583367 HB 139 0 57
RECIEVED 1553583368 HB 139 0 57
RECIEVED 1553583369 HB 139 0 57
RECIEVED 1553583369 TRANSACTION 209 0 57
UPDATE 1553583369 TRANSACTION ddd9eb37d4d564dd1ae0105f144e55e6
RECIEVED 1553583370 HB 139 0 58
RECIEVED 1553583371 HB 139 0 58
RECIEVED 1553583372 HB 139 0 58
RECIEVED 1553583373 HB 139 0 58
RECIEVED 1553583374 HB 139 0 58
RECIEVED 1553583375 HB 139 0 58
RECIEVED 1553583376 HB 139 0 58
RECIEVED 1553583377 HB 139 0 58
RECIEVED 1553583378 HB 139 0 58
RECIEVED 1553583379 HB 139 0 58
RECIEVED 1553583380 HB 139 0 58
RECIEVED 1553583381 HB 139 0 58
RECIEVED 1553583382 HB 139 0 58
RECIEVED 1553583383 HB 139 0 58
RECIEVED 1553583384 HB 139 0 58
RECIEVED 1553583385 HB 139 0 58
RECIEVED 1553583386 HB 139 0 58
RECIEVED 1553583387 HB 139 0 58
RECIEVED 1553583388 HB 139 0 58
RECIEVED 1553583389 HB 139 0 58
RECIEVED 1553583390 HB 139 0 58
RECIEVED 1553583391 HB 139 0 58
RECIEVED 1553583392 HB 139 0 58
RECIEVED 1553583393 HB 139 0 58
RECIEVED 1553583394 HB 139 0 58
RECIEVED 1553583395 HB 139 0 58
RECIEVED 1553583396 HB 139 0 58
RECIEVED 1553583397 HB 139 0 58
RECIEVED 1553583398 HB 139 0 58
RECIEVED 1553583399 HB 139 0 58
RECIEVED 1553583400 HB 139 0 58
RECIEVED 1553583401 HB 139 0 58
RECIEVED 1553583402 HB 139 0 58
RECIEVED 1553583403 HB 139 0 58
RECIEVED 1553583404 HB 139 0 58
RECIEVED 1553583405 HB 139 0 58
RECIEVED 1553583406 HB 139 0 58
RECIEVED 1553583406 TRANSACTION 209 0 58
UPDATE 1553583406 TRANSACTION 595596358273a1835203982e341888be
RECIEVED 1553583407 HB 139 0 59
RECIEVED 1553583408 HB 139 0 59
RECIEVED 1553583409 HB 139 0 59
RECIEVED 1553583410 HB 139 0 59
RECIEVED 1553583411 TRANSACTION 209 0 59
UPDATE 1553583411 TRANSACTION 4bdd6bee9b72df12b80a5091bbab1886
RECIEVED 1553583411 HB 139 0 60
RECIEVED 1553583412 HB 139 0 60
RECIEVED 1553583412 TRANSACTION 209 0 60
UPDATE 1553583412 TRANSACTION 1fe3f758ef6c97b76dd1db47386f7496
RECIEVED 1553583413 HB 139 0 61
RECIEVED 1553583414 HB 139 0 61
RECIEVED 1553583415 HB 139 0 61
RECIEVED 1553583416 HB 139 0 61
RECIEVED 1553583417 HB 139 0 61
RECIEVED 1553583418 HB 139 0 61
RECIEVED 1553583419 HB 139 0 61
RECIEVED 1553583420 HB 139 0 61
RECIEVED 1553583420 TRANSACTION 209 0 61
UPDATE 1553583420 TRANSACTION 15bccca2c7a830ff31dace599000c9c3
RECIEVED 1553583421 HB 139 0 62
RECIEVED 1553583422 HB 139 0 62
RECIEVED 1553583423 HB 139 0 62
RECIEVED 1553583424 HB 139 0 62
RECIEVED 1553583425 HB 139 0 62
RECIEVED 1553583426 HB 139 0 62
RECIEVED 1553583427 HB 139 0 62
RECIEVED 1553583428 HB 139 0 62
RECIEVED 1553583429 HB 139 0 62
RECIEVED 1553583430 HB 139 0 62
RECIEVED 1553583430 TRANSACTION 209 0 62
UPDATE 1553583430 TRANSACTION f18da4ade2912cbdc59ad1295c3d334e
RECIEVED 1553583431 HB 139 0 63
RECIEVED 1553583432 TRANSACTION 209 0 63
UPDATE 1553583432 TRANSACTION c8e1efd292de7cda07453621814e67c2
RECIEVED 1553583432 HB 139 0 64
RECIEVED 1553583433 HB 139 0 64
RECIEVED 1553583434 HB 139 0 64
RECIEVED 1553583435 HB 139 0 64
RECIEVED 1553583436 HB 139 0 64
RECIEVED 1553583437 HB 139 0 64
RECIEVED 1553583438 HB 139 0 64
RECIEVED 1553583439 HB 139 0 64
RECIEVED 1553583440 HB 139 0 64
RECIEVED 1553583441 HB 139 0 64
RECIEVED 1553583442 HB 139 0 64
RECIEVED 1553583443 HB 139 0 64
RECIEVED 1553583443 TRANSACTION 209 0 64
UPDATE 1553583443 TRANSACTION 76c4fc8fc170ccce776e774fef630d33
RECIEVED 1553583444 HB 139 0 65
RECIEVED 1553583445 HB 139 0 65
RECIEVED 1553583446 HB 139 0 65
RECIEVED 1553583447 HB 139 0 65
RECIEVED 1553583448 HB 139 0 65
RECIEVED 1553583449 HB 139 0 65
RECIEVED 1553583450 HB 139 0 65
RECIEVED 1553583450 TRANSACTION 208 0 65
UPDATE 1553583450 TRANSACTION c4db20280da9c905dc4de64a0cf6be7f
RECIEVED 1553583451 HB 139 0 66
RECIEVED 1553583452 HB 139 0 66
RECIEVED 1553583453 HB 139 0 66
RECIEVED 1553583454 HB 139 0 66
RECIEVED 1553583455 HB 139 0 66
RECIEVED 1553583456 HB 139 0 66
RECIEVED 1553583457 HB 139 0 66
RECIEVED 1553583457 TRANSACTION 209 0 66
UPDATE 1553583457 TRANSACTION 4729262dd51b90eb243b7ebb4622396b
RECIEVED 1553583458 HB 139 0 67
RECIEVED 1553583458 TRANSACTION 209 0 67
UPDATE 1553583458 TRANSACTION 02e93a3b9aed39d523aa22bc3c9bab44
RECIEVED 1553583459 HB 139 0 68
RECIEVED 1553583460 HB 139 0 68
RECIEVED 1553583461 HB 139 0 68
RECIEVED 1553583462 HB 139 0 68
RECIEVED 1553583463 HB 139 0 68
RECIEVED 1553583463 TRANSACTION 209 0 68
UPDATE 1553583463 TRANSACTION f324c98f65444a607cdb14a40715a144
RECIEVED 1553583464 HB 139 0 69
RECIEVED 1553583464 TRANSACTION 207 0 69
UPDATE 1553583464 TRANSACTION 4e1bcfd873297f164ca02ad2bad16e64
RECIEVED 1553583465 HB 139 0 70
RECIEVED 1553583466 HB 139 0 70
