RECIEVED 1553583321 INTRODUCE 37 0 0
SEND 1553583321 JOIN 31 19857
RECIEVED 1553583321 INTRODUCE 36 1 0
SEND 1553583321 INTRODUCE 36 50931
SEND 1553583321 JOIN 31 22611
RECIEVED 1553583321 INTRODUCE 36 2 0
SEND 1553583321 INTRODUCE 36 25659
SEND 1553583321 INTRODUCE 36 15486
SEND 1553583321 JOIN 31 19921
# recieved string JOIN node16 172.22.156.206 8016

RECIEVED 1553583322 JOIN 32 3 0
SEND 1553583322 INTRODUCE 37 14974
SEND 1553583322 INTRODUCE 36 31445
SEND 1553583322 INTRODUCE 36 19214
RECIEVED 1553583322 INTRODUCE 36 4 0
SEND 1553583322 INTRODUCE 36 35672
SEND 1553583322 INTRODUCE 36 50428
SEND 1553583322 INTRODUCE 36 11018
SEND 1553583322 INTRODUCE 36 18092
SEND 1553583322 JOIN 31 10763
RECIEVED 1553583322 INTRODUCE 37 5 0
RECIEVED 1553583322 INTRODUCE 36 5 0
RECIEVED 1553583322 INTRODUCE 36 5 0
RECIEVED 1553583323 INTRODUCE 36 5 0
SEND 1553583323 INTRODUCE 36 10936
SEND 1553583323 INTRODUCE 36 11957
SEND 1553583323 INTRODUCE 36 10559
SEND 1553583323 INTRODUCE 36 12484
SEND 1553583323 INTRODUCE 36 18142
SEND 1553583323 JOIN 31 9744
RECIEVED 1553583323 INTRODUCE 37 6 0
SEND 1553583323 INTRODUCE 37 10227
SEND 1553583323 INTRODUCE 37 11637
SEND 1553583323 INTRODUCE 37 10862
SEND 1553583323 INTRODUCE 37 10826
SEND 1553583323 INTRODUCE 37 15346
SEND 1553583323 INTRODUCE 37 10654
SEND 1553583323 JOIN 31 8929
RECIEVED 1553583323 INTRODUCE 35 7 0
SEND 1553583323 INTRODUCE 35 10865
SEND 1553583323 INTRODUCE 35 10707
SEND 1553583323 INTRODUCE 35 9333
SEND 1553583323 INTRODUCE 35 15967
SEND 1553583323 INTRODUCE 35 10439
SEND 1553583323 INTRODUCE 35 36271
SEND 1553583323 INTRODUCE 35 19720
SEND 1553583323 JOIN 31 10121
RECIEVED 1553583323 INTRODUCE 37 8 0
SEND 1553583323 INTRODUCE 37 14381
SEND 1553583323 INTRODUCE 37 11519
SEND 1553583323 INTRODUCE 37 13439
SEND 1553583323 INTRODUCE 37 10269
SEND 1553583323 INTRODUCE 37 9839
SEND 1553583323 INTRODUCE 37 14328
SEND 1553583323 INTRODUCE 37 16484
SEND 1553583323 INTRODUCE 37 10694
SEND 1553583323 JOIN 31 14168
RECIEVED 1553583323 INTRODUCE 37 9 0
SEND 1553583323 INTRODUCE 37 9766
SEND 1553583323 INTRODUCE 37 10306
SEND 1553583323 INTRODUCE 37 10734
SEND 1553583323 INTRODUCE 37 17872
SEND 1553583323 INTRODUCE 37 20609
SEND 1553583323 INTRODUCE 37 40688
SEND 1553583323 INTRODUCE 37 19072
SEND 1553583323 INTRODUCE 37 11211
SEND 1553583323 INTRODUCE 37 11648
SEND 1553583323 JOIN 31 11071
RECIEVED 1553583323 INTRODUCE 36 10 0
SEND 1553583323 INTRODUCE 36 10969
SEND 1553583323 INTRODUCE 36 10406
SEND 1553583323 INTRODUCE 36 10011
SEND 1553583323 INTRODUCE 36 14776
SEND 1553583323 INTRODUCE 36 11358
SEND 1553583323 INTRODUCE 36 15323
SEND 1553583323 INTRODUCE 36 15211
SEND 1553583323 INTRODUCE 36 15052
SEND 1553583323 INTRODUCE 36 10224
SEND 1553583323 INTRODUCE 36 10978
SEND 1553583323 JOIN 31 15447
RECIEVED 1553583323 INTRODUCE 37 11 0
SEND 1553583323 INTRODUCE 37 11143
SEND 1553583323 INTRODUCE 37 9792
SEND 1553583323 INTRODUCE 37 10350
SEND 1553583323 INTRODUCE 37 10269
SEND 1553583323 INTRODUCE 37 10095
SEND 1553583323 INTRODUCE 37 10065
SEND 1553583323 INTRODUCE 37 9671
SEND 1553583323 INTRODUCE 37 9732
SEND 1553583323 INTRODUCE 37 10200
SEND 1553583323 INTRODUCE 37 9529
SEND 1553583323 INTRODUCE 37 14014
SEND 1553583323 JOIN 31 38599
RECIEVED 1553583323 INTRODUCE 36 12 0
SEND 1553583323 INTRODUCE 36 9933
SEND 1553583323 INTRODUCE 36 12732
SEND 1553583323 INTRODUCE 36 10465
SEND 1553583323 INTRODUCE 36 10048
SEND 1553583323 INTRODUCE 36 14575
SEND 1553583323 INTRODUCE 36 9920
SEND 1553583323 INTRODUCE 36 10799
SEND 1553583323 INTRODUCE 36 15149
SEND 1553583323 INTRODUCE 36 10055
SEND 1553583323 INTRODUCE 36 16563
SEND 1553583323 INTRODUCE 36 10207
SEND 1553583323 INTRODUCE 36 10628
SEND 1553583323 JOIN 31 15671
RECIEVED 1553583323 INTRODUCE 36 13 0
SEND 1553583323 INTRODUCE 36 16720
SEND 1553583323 INTRODUCE 36 10513
SEND 1553583323 INTRODUCE 36 11171
SEND 1553583323 INTRODUCE 36 12154
SEND 1553583323 INTRODUCE 36 9799
SEND 1553583323 INTRODUCE 36 29872
SEND 1553583323 INTRODUCE 36 7090
SEND 1553583323 INTRODUCE 36 10544
SEND 1553583323 INTRODUCE 36 11785
SEND 1553583323 INTRODUCE 36 14636
SEND 1553583323 INTRODUCE 36 12815
SEND 1553583323 INTRODUCE 36 15295
SEND 1553583323 INTRODUCE 36 15008
SEND 1553583323 JOIN 31 10267
RECIEVED 1553583323 INTRODUCE 37 14 0
SEND 1553583323 INTRODUCE 37 14470
SEND 1553583323 INTRODUCE 37 10437
SEND 1553583323 INTRODUCE 37 10488
SEND 1553583323 INTRODUCE 37 9907
SEND 1553583323 INTRODUCE 37 10367
SEND 1553583323 INTRODUCE 37 9631
SEND 1553583323 INTRODUCE 37 10469
SEND 1553583323 INTRODUCE 37 15108
SEND 1553583323 INTRODUCE 37 15189
SEND 1553583323 INTRODUCE 37 15056
SEND 1553583323 INTRODUCE 37 18027
SEND 1553583323 INTRODUCE 37 9500
SEND 1553583323 INTRODUCE 37 9640
SEND 1553583323 INTRODUCE 37 15621
SEND 1553583323 JOIN 31 9337
RECIEVED 1553583323 INTRODUCE 36 15 0
SEND 1553583323 INTRODUCE 36 17067
SEND 1553583323 INTRODUCE 36 15341
SEND 1553583323 INTRODUCE 36 10859
SEND 1553583323 INTRODUCE 36 9423
SEND 1553583323 INTRODUCE 36 14407
SEND 1553583323 INTRODUCE 36 9657
SEND 1553583323 INTRODUCE 36 10171
SEND 1553583323 INTRODUCE 36 15034
SEND 1553583323 INTRODUCE 36 10232
SEND 1553583323 INTRODUCE 36 9178
SEND 1553583323 INTRODUCE 36 14151
SEND 1553583323 INTRODUCE 36 9700
SEND 1553583323 INTRODUCE 36 13876
SEND 1553583323 INTRODUCE 36 9844
SEND 1553583323 INTRODUCE 36 12053
SEND 1553583323 JOIN 31 15965
RECIEVED 1553583323 INTRODUCE 36 16 0
SEND 1553583323 INTRODUCE 36 10301
SEND 1553583323 INTRODUCE 36 12326
SEND 1553583323 INTRODUCE 36 12205
SEND 1553583323 INTRODUCE 36 10562
SEND 1553583323 INTRODUCE 36 9511
SEND 1553583323 INTRODUCE 36 37728
SEND 1553583323 INTRODUCE 36 21559
SEND 1553583323 INTRODUCE 36 11014
SEND 1553583323 INTRODUCE 36 17191
SEND 1553583323 INTRODUCE 36 9630
SEND 1553583323 INTRODUCE 36 37307
SEND 1553583323 INTRODUCE 36 11028
SEND 1553583323 INTRODUCE 36 15295
SEND 1553583323 INTRODUCE 36 10509
SEND 1553583323 INTRODUCE 36 10958
SEND 1553583323 INTRODUCE 36 18267
SEND 1553583323 JOIN 31 10832
RECIEVED 1553583323 INTRODUCE 36 17 0
SEND 1553583323 INTRODUCE 36 10584
SEND 1553583323 INTRODUCE 36 10071
SEND 1553583323 INTRODUCE 36 9806
SEND 1553583323 INTRODUCE 36 10717
SEND 1553583323 INTRODUCE 36 10104
SEND 1553583323 INTRODUCE 36 10829
SEND 1553583323 INTRODUCE 36 10920
SEND 1553583323 INTRODUCE 36 11038
SEND 1553583323 INTRODUCE 36 11901
SEND 1553583323 INTRODUCE 36 12905
SEND 1553583323 INTRODUCE 36 11077
SEND 1553583323 INTRODUCE 36 10764
SEND 1553583323 INTRODUCE 36 11345
SEND 1553583323 INTRODUCE 36 11585
SEND 1553583323 INTRODUCE 36 15665
SEND 1553583323 INTRODUCE 36 10239
SEND 1553583323 INTRODUCE 36 10979
SEND 1553583323 JOIN 31 76341
RECIEVED 1553583323 INTRODUCE 36 18 0
SEND 1553583323 INTRODUCE 36 13160
SEND 1553583323 INTRODUCE 36 43727
SEND 1553583323 INTRODUCE 36 9547
SEND 1553583323 INTRODUCE 36 11880
SEND 1553583323 INTRODUCE 36 9916
SEND 1553583323 INTRODUCE 36 14393
SEND 1553583323 INTRODUCE 36 10724
SEND 1553583323 INTRODUCE 36 13234
SEND 1553583323 INTRODUCE 36 15775
SEND 1553583323 INTRODUCE 36 11283
SEND 1553583323 INTRODUCE 36 14903
SEND 1553583323 INTRODUCE 36 10663
SEND 1553583323 INTRODUCE 36 10336
SEND 1553583323 INTRODUCE 36 11729
SEND 1553583323 INTRODUCE 36 10722
SEND 1553583323 INTRODUCE 36 11138
SEND 1553583323 INTRODUCE 36 11302
SEND 1553583323 INTRODUCE 36 13099
SEND 1553583323 JOIN 31 15580
RECIEVED 1553583323 INTRODUCE 36 19 0
SEND 1553583323 INTRODUCE 36 28278
SEND 1553583323 INTRODUCE 36 46179
SEND 1553583323 INTRODUCE 36 11352
SEND 1553583323 INTRODUCE 36 10910
SEND 1553583323 INTRODUCE 36 17260
SEND 1553583323 INTRODUCE 36 15055
SEND 1553583323 INTRODUCE 36 9916
SEND 1553583323 INTRODUCE 36 19972
SEND 1553583323 INTRODUCE 36 9870
SEND 1553583323 INTRODUCE 36 10309
SEND 1553583323 INTRODUCE 36 15439
SEND 1553583323 INTRODUCE 36 10385
SEND 1553583323 INTRODUCE 36 10511
SEND 1553583323 INTRODUCE 36 10322
SEND 1553583323 INTRODUCE 36 17160
SEND 1553583323 INTRODUCE 36 10702
SEND 1553583323 INTRODUCE 36 11294
SEND 1553583323 INTRODUCE 36 11523
SEND 1553583323 INTRODUCE 36 21495
SEND 1553583323 JOIN 31 10951
RECIEVED 1553583323 INTRODUCE 37 20 0
RECIEVED 1553583323 INTRODUCE 36 20 0
SEND 1553583323 INTRODUCE 36 10400
SEND 1553583323 INTRODUCE 36 15287
SEND 1553583323 INTRODUCE 36 9605
SEND 1553583323 INTRODUCE 36 8927
SEND 1553583323 INTRODUCE 36 10053
SEND 1553583323 INTRODUCE 36 10299
SEND 1553583323 INTRODUCE 36 14728
SEND 1553583323 INTRODUCE 36 49941
SEND 1553583323 INTRODUCE 36 8703
SEND 1553583323 INTRODUCE 36 14782
SEND 1553583323 INTRODUCE 36 21411
SEND 1553583323 INTRODUCE 36 9864
SEND 1553583323 INTRODUCE 36 9788
SEND 1553583323 INTRODUCE 36 10017
SEND 1553583323 INTRODUCE 36 13952
SEND 1553583323 INTRODUCE 36 10229
SEND 1553583323 INTRODUCE 36 10164
SEND 1553583323 INTRODUCE 36 10618
SEND 1553583323 INTRODUCE 36 10389
SEND 1553583323 INTRODUCE 36 11005
SEND 1553583323 JOIN 31 22633
RECIEVED 1553583323 INTRODUCE 36 21 0
SEND 1553583323 INTRODUCE 36 12668
SEND 1553583323 INTRODUCE 36 12489
SEND 1553583323 INTRODUCE 36 15666
SEND 1553583323 INTRODUCE 36 11131
SEND 1553583323 INTRODUCE 36 10342
SEND 1553583323 INTRODUCE 36 11724
SEND 1553583323 INTRODUCE 36 10060
SEND 1553583323 INTRODUCE 36 10794
SEND 1553583323 INTRODUCE 36 10960
SEND 1553583323 INTRODUCE 36 10407
SEND 1553583323 INTRODUCE 36 11059
SEND 1553583323 INTRODUCE 36 10228
SEND 1553583323 INTRODUCE 36 24377
SEND 1553583323 INTRODUCE 36 15834
SEND 1553583323 INTRODUCE 36 10528
SEND 1553583323 INTRODUCE 36 16562
SEND 1553583323 INTRODUCE 36 14728
SEND 1553583323 INTRODUCE 36 18434
SEND 1553583323 INTRODUCE 36 15270
SEND 1553583323 INTRODUCE 36 10999
SEND 1553583323 INTRODUCE 36 10698
SEND 1553583323 JOIN 31 11099
RECIEVED 1553583323 INTRODUCE 36 22 0
SEND 1553583323 INTRODUCE 36 10359
SEND 1553583323 INTRODUCE 36 22124
SEND 1553583323 INTRODUCE 36 10092
SEND 1553583323 INTRODUCE 36 15222
SEND 1553583323 INTRODUCE 36 31843
SEND 1553583323 INTRODUCE 36 28383
SEND 1553583323 INTRODUCE 36 15075
SEND 1553583323 INTRODUCE 36 13357
SEND 1553583323 INTRODUCE 36 10262
SEND 1553583323 INTRODUCE 36 10189
SEND 1553583323 INTRODUCE 36 20831
SEND 1553583323 INTRODUCE 36 15435
SEND 1553583323 INTRODUCE 36 10979
SEND 1553583323 INTRODUCE 36 11499
SEND 1553583323 INTRODUCE 36 10355
SEND 1553583323 INTRODUCE 36 9998
SEND 1553583323 INTRODUCE 36 10864
SEND 1553583323 INTRODUCE 36 15312
SEND 1553583323 INTRODUCE 36 10741
SEND 1553583323 INTRODUCE 36 10607
SEND 1553583323 INTRODUCE 36 14380
SEND 1553583323 INTRODUCE 36 10675
SEND 1553583323 JOIN 31 31907
RECIEVED 1553583323 INTRODUCE 37 23 0
SEND 1553583323 INTRODUCE 37 12916
SEND 1553583323 INTRODUCE 37 15802
SEND 1553583323 INTRODUCE 37 10682
SEND 1553583323 INTRODUCE 37 11084
SEND 1553583323 INTRODUCE 37 11410
SEND 1553583323 INTRODUCE 37 16274
SEND 1553583323 INTRODUCE 37 10910
SEND 1553583323 INTRODUCE 37 10669
SEND 1553583323 INTRODUCE 37 11502
SEND 1553583323 INTRODUCE 37 10571
SEND 1553583323 INTRODUCE 37 10333
SEND 1553583323 INTRODUCE 37 10698
SEND 1553583323 INTRODUCE 37 10669
SEND 1553583323 INTRODUCE 37 13580
SEND 1553583323 INTRODUCE 37 16075
SEND 1553583323 INTRODUCE 37 39469
SEND 1553583323 INTRODUCE 37 15116
SEND 1553583323 INTRODUCE 37 9924
SEND 1553583323 INTRODUCE 37 15229
SEND 1553583323 INTRODUCE 37 14392
SEND 1553583323 INTRODUCE 37 10722
SEND 1553583323 INTRODUCE 37 14515
SEND 1553583323 INTRODUCE 37 11093
SEND 1553583323 JOIN 31 10411
RECIEVED 1553583323 INTRODUCE 37 24 0
SEND 1553583323 INTRODUCE 37 10730
SEND 1553583323 INTRODUCE 37 16091
SEND 1553583323 INTRODUCE 37 10059
SEND 1553583323 INTRODUCE 37 10360
SEND 1553583323 INTRODUCE 37 11598
SEND 1553583323 INTRODUCE 37 10554
SEND 1553583323 INTRODUCE 37 11057
SEND 1553583323 INTRODUCE 37 10213
SEND 1553583323 INTRODUCE 37 15037
SEND 1553583323 INTRODUCE 37 15109
SEND 1553583323 INTRODUCE 37 9557
SEND 1553583323 INTRODUCE 37 9240
SEND 1553583323 INTRODUCE 37 10939
SEND 1553583323 INTRODUCE 37 15741
SEND 1553583323 INTRODUCE 37 18168
SEND 1553583323 INTRODUCE 37 15526
SEND 1553583323 INTRODUCE 37 10183
SEND 1553583323 INTRODUCE 37 14089
SEND 1553583323 INTRODUCE 37 9870
SEND 1553583323 INTRODUCE 37 11101
SEND 1553583323 INTRODUCE 37 11050
SEND 1553583323 INTRODUCE 37 10513
SEND 1553583323 INTRODUCE 37 21100
SEND 1553583323 INTRODUCE 37 15033
SEND 1553583323 JOIN 31 11720
RECIEVED 1553583323 INTRODUCE 37 25 0
SEND 1553583323 INTRODUCE 37 13274
SEND 1553583323 INTRODUCE 37 10514
SEND 1553583323 INTRODUCE 37 10864
SEND 1553583323 INTRODUCE 37 18041
SEND 1553583323 INTRODUCE 37 10100
SEND 1553583323 INTRODUCE 37 10562
SEND 1553583323 INTRODUCE 37 21309
SEND 1553583323 INTRODUCE 37 11131
SEND 1553583323 INTRODUCE 37 10980
SEND 1553583323 INTRODUCE 37 10939
SEND 1553583323 INTRODUCE 37 10652
SEND 1553583323 INTRODUCE 37 47438
SEND 1553583323 INTRODUCE 37 16014
SEND 1553583323 INTRODUCE 37 13901
SEND 1553583323 INTRODUCE 37 11782
SEND 1553583323 INTRODUCE 37 15988
SEND 1553583323 INTRODUCE 37 10775
SEND 1553583323 INTRODUCE 37 12249
SEND 1553583323 INTRODUCE 37 15523
SEND 1553583323 INTRODUCE 37 11452
SEND 1553583323 INTRODUCE 37 11769
SEND 1553583323 INTRODUCE 37 10481
SEND 1553583323 INTRODUCE 37 10524
SEND 1553583323 INTRODUCE 37 11566
SEND 1553583323 INTRODUCE 37 10478
SEND 1553583323 JOIN 31 16611
RECIEVED 1553583323 INTRODUCE 37 26 0
SEND 1553583323 INTRODUCE 37 10199
SEND 1553583323 INTRODUCE 37 10264
SEND 1553583323 INTRODUCE 37 11191
SEND 1553583323 INTRODUCE 37 15218
SEND 1553583323 INTRODUCE 37 14095
SEND 1553583323 INTRODUCE 37 11583
SEND 1553583323 INTRODUCE 37 10401
SEND 1553583323 INTRODUCE 37 9832
SEND 1553583323 INTRODUCE 37 10360
SEND 1553583323 INTRODUCE 37 10745
SEND 1553583323 INTRODUCE 37 9355
SEND 1553583323 INTRODUCE 37 10841
SEND 1553583323 INTRODUCE 37 10000
SEND 1553583323 INTRODUCE 37 14886
SEND 1553583323 INTRODUCE 37 14336
SEND 1553583323 INTRODUCE 37 14280
SEND 1553583323 INTRODUCE 37 11094
SEND 1553583323 INTRODUCE 37 10153
SEND 1553583323 INTRODUCE 37 9322
SEND 1553583323 INTRODUCE 37 9355
SEND 1553583323 INTRODUCE 37 14749
SEND 1553583323 INTRODUCE 37 15501
SEND 1553583323 INTRODUCE 37 14759
SEND 1553583323 INTRODUCE 37 14993
SEND 1553583323 INTRODUCE 37 10579
SEND 1553583323 INTRODUCE 37 14202
SEND 1553583323 JOIN 31 18235
RECIEVED 1553583323 INTRODUCE 36 27 0
SEND 1553583323 INTRODUCE 36 12351
SEND 1553583323 INTRODUCE 36 11109
SEND 1553583323 INTRODUCE 36 11569
SEND 1553583323 INTRODUCE 36 11199
SEND 1553583323 INTRODUCE 36 11380
SEND 1553583323 INTRODUCE 36 15642
SEND 1553583323 INTRODUCE 36 10543
SEND 1553583323 INTRODUCE 36 13863
SEND 1553583323 INTRODUCE 36 11171
SEND 1553583323 INTRODUCE 36 11448
SEND 1553583323 INTRODUCE 36 10727
SEND 1553583323 INTRODUCE 36 15545
SEND 1553583323 INTRODUCE 36 15752
SEND 1553583323 INTRODUCE 36 10160
SEND 1553583323 INTRODUCE 36 20087
SEND 1553583323 INTRODUCE 36 9063
SEND 1553583323 INTRODUCE 36 14957
SEND 1553583323 INTRODUCE 36 10163
SEND 1553583323 INTRODUCE 36 10663
SEND 1553583323 INTRODUCE 36 11106
SEND 1553583323 INTRODUCE 36 10630
SEND 1553583323 INTRODUCE 36 10200
SEND 1553583323 INTRODUCE 36 14666
SEND 1553583323 INTRODUCE 36 9619
SEND 1553583323 INTRODUCE 36 9600
SEND 1553583323 INTRODUCE 36 13678
SEND 1553583323 INTRODUCE 36 10188
SEND 1553583323 JOIN 31 14429
RECIEVED 1553583323 INTRODUCE 37 28 0
SEND 1553583323 INTRODUCE 37 14699
SEND 1553583323 INTRODUCE 37 24048
SEND 1553583323 INTRODUCE 37 16317
SEND 1553583323 INTRODUCE 37 35961
SEND 1553583323 INTRODUCE 37 11609
SEND 1553583323 INTRODUCE 37 14578
SEND 1553583323 INTRODUCE 37 10680
SEND 1553583323 INTRODUCE 37 10402
SEND 1553583323 INTRODUCE 37 10829
SEND 1553583323 INTRODUCE 37 10589
SEND 1553583323 INTRODUCE 37 14899
SEND 1553583323 INTRODUCE 37 10531
SEND 1553583323 INTRODUCE 37 10464
SEND 1553583323 INTRODUCE 37 10508
SEND 1553583323 INTRODUCE 37 11111
SEND 1553583323 INTRODUCE 37 9437
SEND 1553583323 INTRODUCE 37 10557
SEND 1553583323 INTRODUCE 37 19822
SEND 1553583323 INTRODUCE 37 14146
SEND 1553583323 INTRODUCE 37 13901
SEND 1553583323 INTRODUCE 37 10173
SEND 1553583323 INTRODUCE 37 9863
SEND 1553583323 INTRODUCE 37 10465
SEND 1553583323 INTRODUCE 37 18667
SEND 1553583323 INTRODUCE 37 11420
SEND 1553583323 INTRODUCE 37 11123
SEND 1553583323 INTRODUCE 37 15123
SEND 1553583323 INTRODUCE 37 10763
SEND 1553583323 JOIN 31 12711
RECIEVED 1553583323 INTRODUCE 36 29 0
RECIEVED 1553583323 INTRODUCE 36 29 0
SEND 1553583323 INTRODUCE 36 17527
SEND 1553583323 INTRODUCE 36 11206
SEND 1553583323 INTRODUCE 36 10942
SEND 1553583323 INTRODUCE 36 44801
SEND 1553583323 INTRODUCE 36 16834
SEND 1553583323 INTRODUCE 36 10459
SEND 1553583323 INTRODUCE 36 10179
SEND 1553583323 INTRODUCE 36 10241
SEND 1553583323 INTRODUCE 36 13289
SEND 1553583323 INTRODUCE 36 10194
SEND 1553583323 INTRODUCE 36 10408
SEND 1553583323 INTRODUCE 36 10365
SEND 1553583323 INTRODUCE 36 12002
SEND 1553583323 INTRODUCE 36 10820
SEND 1553583323 INTRODUCE 36 10800
SEND 1553583323 INTRODUCE 36 11284
SEND 1553583323 INTRODUCE 36 13572
SEND 1553583323 INTRODUCE 36 14406
SEND 1553583323 INTRODUCE 36 10936
SEND 1553583323 INTRODUCE 36 11497
SEND 1553583323 INTRODUCE 36 9850
SEND 1553583323 INTRODUCE 36 11071
SEND 1553583323 INTRODUCE 36 16279
SEND 1553583323 INTRODUCE 36 10763
SEND 1553583323 INTRODUCE 36 13943
SEND 1553583323 INTRODUCE 36 13636
SEND 1553583323 INTRODUCE 36 15497
SEND 1553583323 INTRODUCE 36 10677
SEND 1553583323 INTRODUCE 36 10397
SEND 1553583323 JOIN 31 10024
RECIEVED 1553583323 INTRODUCE 36 30 0
SEND 1553583323 INTRODUCE 36 9093
SEND 1553583323 INTRODUCE 36 15699
SEND 1553583323 INTRODUCE 36 11775
SEND 1553583323 INTRODUCE 36 15281
SEND 1553583323 INTRODUCE 36 10573
SEND 1553583323 INTRODUCE 36 14648
SEND 1553583323 INTRODUCE 36 39155
SEND 1553583323 INTRODUCE 36 11532
SEND 1553583323 INTRODUCE 36 9806
SEND 1553583323 INTRODUCE 36 10311
SEND 1553583323 INTRODUCE 36 11210
SEND 1553583323 INTRODUCE 36 35280
SEND 1553583323 INTRODUCE 36 34641
SEND 1553583323 INTRODUCE 36 19870
SEND 1553583323 INTRODUCE 36 9552
SEND 1553583323 INTRODUCE 36 10680
SEND 1553583323 INTRODUCE 36 10291
SEND 1553583323 INTRODUCE 36 10272
SEND 1553583323 INTRODUCE 36 9952
SEND 1553583323 INTRODUCE 36 15806
SEND 1553583323 INTRODUCE 36 22965
SEND 1553583323 INTRODUCE 36 16625
SEND 1553583323 INTRODUCE 36 12037
SEND 1553583323 INTRODUCE 36 10832
SEND 1553583323 INTRODUCE 36 10515
SEND 1553583323 INTRODUCE 36 10729
SEND 1553583323 INTRODUCE 36 10325
SEND 1553583323 INTRODUCE 36 12263
SEND 1553583323 INTRODUCE 36 15405
SEND 1553583323 INTRODUCE 36 10776
SEND 1553583323 JOIN 31 11534
RECIEVED 1553583323 INTRODUCE 36 31 0
SEND 1553583323 INTRODUCE 36 18325
# recieved string JOIN node6 172.22.158.206 8006

SEND 1553583323 INTRODUCE 36 11516
SEND 1553583323 INTRODUCE 36 11947
SEND 1553583323 INTRODUCE 36 11581
SEND 1553583323 INTRODUCE 36 12302
SEND 1553583323 INTRODUCE 36 11143
SEND 1553583323 INTRODUCE 36 14749
SEND 1553583323 INTRODUCE 36 10280
SEND 1553583323 INTRODUCE 36 15482
SEND 1553583323 INTRODUCE 36 11721
SEND 1553583323 INTRODUCE 36 10683
SEND 1553583323 INTRODUCE 36 11250
SEND 1553583323 INTRODUCE 36 17502
SEND 1553583323 INTRODUCE 36 11333
SEND 1553583323 INTRODUCE 36 34746
SEND 1553583323 INTRODUCE 36 17630
SEND 1553583323 INTRODUCE 36 12351
SEND 1553583323 INTRODUCE 36 15736
SEND 1553583323 INTRODUCE 36 31283
SEND 1553583323 INTRODUCE 36 28419
SEND 1553583323 INTRODUCE 36 11477
SEND 1553583323 INTRODUCE 36 11239
SEND 1553583323 INTRODUCE 36 11488
SEND 1553583323 INTRODUCE 36 10367
SEND 1553583323 INTRODUCE 36 13935
SEND 1553583323 INTRODUCE 36 20645
SEND 1553583323 INTRODUCE 36 18746
SEND 1553583323 INTRODUCE 36 11086
SEND 1553583323 INTRODUCE 36 11055
SEND 1553583323 INTRODUCE 36 10715
SEND 1553583323 INTRODUCE 36 11309
SEND 1553583323 JOIN 31 16223
RECIEVED 1553583323 INTRODUCE 35 32 0
SEND 1553583323 INTRODUCE 35 13357
SEND 1553583323 INTRODUCE 35 11755
SEND 1553583323 INTRODUCE 35 12020
SEND 1553583323 INTRODUCE 35 10865
SEND 1553583323 INTRODUCE 35 10596
SEND 1553583323 INTRODUCE 35 25742
SEND 1553583323 INTRODUCE 35 10863
SEND 1553583323 INTRODUCE 35 11295
SEND 1553583323 INTRODUCE 35 12631
SEND 1553583323 INTRODUCE 35 10585
SEND 1553583323 INTRODUCE 35 11548
SEND 1553583323 INTRODUCE 35 15408
SEND 1553583323 INTRODUCE 35 14335
SEND 1553583323 INTRODUCE 35 36354
SEND 1553583323 INTRODUCE 35 9912
SEND 1553583323 INTRODUCE 35 11299
SEND 1553583323 INTRODUCE 35 16489
SEND 1553583323 INTRODUCE 35 38587
SEND 1553583323 INTRODUCE 35 15486
SEND 1553583323 INTRODUCE 35 10799
SEND 1553583323 INTRODUCE 35 16132
SEND 1553583323 INTRODUCE 35 11928
SEND 1553583323 INTRODUCE 35 10710
SEND 1553583323 INTRODUCE 35 15332
SEND 1553583323 INTRODUCE 35 10540
SEND 1553583323 INTRODUCE 35 10288
SEND 1553583323 INTRODUCE 35 43176
SEND 1553583323 INTRODUCE 35 24089
SEND 1553583323 INTRODUCE 35 15248
SEND 1553583323 INTRODUCE 35 15144
SEND 1553583323 INTRODUCE 35 14908
SEND 1553583323 INTRODUCE 35 11704
SEND 1553583323 JOIN 31 22643
RECIEVED 1553583323 INTRODUCE 37 33 0
SEND 1553583323 INTRODUCE 37 14828
SEND 1553583323 INTRODUCE 37 10920
SEND 1553583323 INTRODUCE 37 16078
SEND 1553583323 INTRODUCE 37 12085
SEND 1553583323 INTRODUCE 37 10801
SEND 1553583323 INTRODUCE 37 15523
SEND 1553583323 INTRODUCE 37 43806
SEND 1553583323 INTRODUCE 37 11419
SEND 1553583323 INTRODUCE 37 11149
SEND 1553583323 INTRODUCE 37 11195
SEND 1553583323 INTRODUCE 37 10552
SEND 1553583323 INTRODUCE 37 15109
SEND 1553583323 INTRODUCE 37 17361
SEND 1553583323 INTRODUCE 37 10551
SEND 1553583323 INTRODUCE 37 19245
SEND 1553583323 INTRODUCE 37 11159
SEND 1553583323 INTRODUCE 37 9909
SEND 1553583323 INTRODUCE 37 43787
SEND 1553583323 INTRODUCE 37 12879
SEND 1553583323 INTRODUCE 37 11868
SEND 1553583323 INTRODUCE 37 10780
SEND 1553583323 INTRODUCE 37 10871
SEND 1553583323 INTRODUCE 37 10589
SEND 1553583323 INTRODUCE 37 14624
SEND 1553583323 INTRODUCE 37 16088
SEND 1553583323 INTRODUCE 37 14754
SEND 1553583323 INTRODUCE 37 15307
SEND 1553583323 INTRODUCE 37 12170
SEND 1553583323 INTRODUCE 37 14082
SEND 1553583323 INTRODUCE 37 16055
SEND 1553583323 INTRODUCE 37 11190
SEND 1553583323 INTRODUCE 37 11332
SEND 1553583323 INTRODUCE 37 12276
SEND 1553583323 JOIN 31 11383
RECIEVED 1553583323 INTRODUCE 37 34 0
SEND 1553583323 INTRODUCE 37 10285
SEND 1553583323 INTRODUCE 37 18450
SEND 1553583323 INTRODUCE 37 9640
SEND 1553583323 INTRODUCE 37 11287
SEND 1553583323 INTRODUCE 37 9915
SEND 1553583323 INTRODUCE 37 10455
SEND 1553583323 INTRODUCE 37 11451
SEND 1553583323 INTRODUCE 37 10600
SEND 1553583323 INTRODUCE 37 14816
SEND 1553583323 INTRODUCE 37 11819
SEND 1553583323 INTRODUCE 37 9994
SEND 1553583323 INTRODUCE 37 10066
SEND 1553583323 INTRODUCE 37 11007
SEND 1553583323 INTRODUCE 37 11000
SEND 1553583323 INTRODUCE 37 10907
SEND 1553583323 INTRODUCE 37 10923
SEND 1553583323 INTRODUCE 37 10440
SEND 1553583323 INTRODUCE 37 14239
SEND 1553583323 INTRODUCE 37 12380
SEND 1553583323 INTRODUCE 37 10794
SEND 1553583323 INTRODUCE 37 15724
SEND 1553583323 INTRODUCE 37 10469
SEND 1553583323 INTRODUCE 37 56420
SEND 1553583323 INTRODUCE 37 9904
SEND 1553583323 INTRODUCE 37 10788
SEND 1553583323 INTRODUCE 37 10740
SEND 1553583323 INTRODUCE 37 10582
SEND 1553583323 INTRODUCE 37 11150
SEND 1553583323 INTRODUCE 37 16595
SEND 1553583323 INTRODUCE 37 11237
SEND 1553583323 INTRODUCE 37 11548
SEND 1553583323 INTRODUCE 37 11403
SEND 1553583323 INTRODUCE 37 12050
SEND 1553583323 INTRODUCE 37 11153
SEND 1553583323 JOIN 31 10868
RECIEVED 1553583323 INTRODUCE 36 35 0
RECIEVED 1553583323 INTRODUCE 37 35 0
RECIEVED 1553583323 INTRODUCE 37 35 0
RECIEVED 1553583323 INTRODUCE 36 35 0
RECIEVED 1553583323 INTRODUCE 37 35 0
RECIEVED 1553583323 INTRODUCE 36 35 0
RECIEVED 1553583323 INTRODUCE 36 35 0
RECIEVED 1553583323 INTRODUCE 36 35 0
SEND 1553583323 INTRODUCE 36 16084
SEND 1553583323 INTRODUCE 36 37504
SEND 1553583323 INTRODUCE 36 10424
SEND 1553583323 INTRODUCE 36 10589
SEND 1553583323 INTRODUCE 36 10560
SEND 1553583323 INTRODUCE 36 10196
SEND 1553583323 INTRODUCE 36 10414
SEND 1553583323 INTRODUCE 36 10710
SEND 1553583323 INTRODUCE 36 10737
SEND 1553583323 INTRODUCE 36 10795
SEND 1553583323 INTRODUCE 36 12759
SEND 1553583323 INTRODUCE 36 10999
SEND 1553583323 INTRODUCE 36 10454
SEND 1553583323 INTRODUCE 36 11425
SEND 1553583323 INTRODUCE 36 15344
SEND 1553583323 INTRODUCE 36 14997
SEND 1553583323 INTRODUCE 36 10542
SEND 1553583323 INTRODUCE 36 42146
SEND 1553583323 INTRODUCE 36 15880
SEND 1553583323 INTRODUCE 36 10936
SEND 1553583323 INTRODUCE 36 11476
SEND 1553583323 INTRODUCE 36 10956
SEND 1553583323 INTRODUCE 36 15754
SEND 1553583323 INTRODUCE 36 16618
SEND 1553583323 INTRODUCE 36 11894
SEND 1553583323 INTRODUCE 36 13285
SEND 1553583323 INTRODUCE 36 11488
SEND 1553583323 INTRODUCE 36 17354
SEND 1553583323 INTRODUCE 36 17528
SEND 1553583323 INTRODUCE 36 39168
SEND 1553583323 INTRODUCE 36 42955
SEND 1553583323 INTRODUCE 36 10952
SEND 1553583323 INTRODUCE 36 17467
SEND 1553583323 INTRODUCE 36 12004
SEND 1553583323 INTRODUCE 36 10934
SEND 1553583323 JOIN 31 20129
RECIEVED 1553583323 INTRODUCE 37 36 0
RECIEVED 1553583323 INTRODUCE 36 36 0
RECIEVED 1553583323 INTRODUCE 36 36 0
SEND 1553583323 INTRODUCE 36 18564
SEND 1553583323 INTRODUCE 36 11188
SEND 1553583323 INTRODUCE 36 9659
SEND 1553583323 INTRODUCE 36 15088
SEND 1553583323 INTRODUCE 36 9161
SEND 1553583323 INTRODUCE 36 24669
SEND 1553583323 INTRODUCE 36 17131
SEND 1553583323 INTRODUCE 36 11396
SEND 1553583323 INTRODUCE 36 10855
SEND 1553583323 INTRODUCE 36 10738
SEND 1553583323 INTRODUCE 36 22456
SEND 1553583323 INTRODUCE 36 11639
SEND 1553583323 INTRODUCE 36 19942
SEND 1553583323 INTRODUCE 36 27088
SEND 1553583323 INTRODUCE 36 15133
SEND 1553583323 INTRODUCE 36 11010
SEND 1553583323 INTRODUCE 36 11451
SEND 1553583323 INTRODUCE 36 16113
SEND 1553583323 INTRODUCE 36 10712
SEND 1553583323 INTRODUCE 36 11176
SEND 1553583323 INTRODUCE 36 10904
SEND 1553583323 INTRODUCE 36 10466
SEND 1553583323 INTRODUCE 36 52266
SEND 1553583323 INTRODUCE 36 11278
SEND 1553583323 INTRODUCE 36 15321
SEND 1553583323 INTRODUCE 36 11302
SEND 1553583323 INTRODUCE 36 11470
SEND 1553583323 INTRODUCE 36 16026
SEND 1553583323 INTRODUCE 36 10765
SEND 1553583323 INTRODUCE 36 10695
SEND 1553583323 INTRODUCE 36 15192
SEND 1553583323 INTRODUCE 36 46226
SEND 1553583323 INTRODUCE 36 15944
SEND 1553583323 INTRODUCE 36 10879
SEND 1553583323 INTRODUCE 36 10398
SEND 1553583323 INTRODUCE 36 10616
SEND 1553583323 JOIN 31 16393
RECIEVED 1553583323 INTRODUCE 37 37 0
SEND 1553583323 INTRODUCE 37 12295
SEND 1553583323 INTRODUCE 37 11115
SEND 1553583323 INTRODUCE 37 14181
SEND 1553583323 INTRODUCE 37 15633
SEND 1553583323 INTRODUCE 37 15207
SEND 1553583323 INTRODUCE 37 15447
SEND 1553583323 INTRODUCE 37 16478
SEND 1553583323 INTRODUCE 37 13872
SEND 1553583323 INTRODUCE 37 15520
SEND 1553583323 INTRODUCE 37 11014
SEND 1553583323 INTRODUCE 37 11070
SEND 1553583323 INTRODUCE 37 23834
SEND 1553583323 INTRODUCE 37 11236
SEND 1553583323 INTRODUCE 37 27992
SEND 1553583323 INTRODUCE 37 12316
SEND 1553583323 INTRODUCE 37 23029
SEND 1553583323 INTRODUCE 37 22391
SEND 1553583323 INTRODUCE 37 16782
SEND 1553583323 INTRODUCE 37 11281
SEND 1553583323 INTRODUCE 37 11200
SEND 1553583323 INTRODUCE 37 10560
SEND 1553583323 INTRODUCE 37 10644
SEND 1553583323 INTRODUCE 37 10576
SEND 1553583323 INTRODUCE 37 34350
SEND 1553583323 INTRODUCE 37 31651
SEND 1553583323 INTRODUCE 37 15048
SEND 1553583323 INTRODUCE 37 10718
SEND 1553583323 INTRODUCE 37 11400
SEND 1553583323 INTRODUCE 37 13927
SEND 1553583323 INTRODUCE 37 9514
SEND 1553583323 INTRODUCE 37 10498
SEND 1553583323 INTRODUCE 37 10999
SEND 1553583323 INTRODUCE 37 11696
SEND 1553583323 INTRODUCE 37 10578
SEND 1553583323 INTRODUCE 37 14921
SEND 1553583323 INTRODUCE 37 14322
SEND 1553583323 INTRODUCE 37 19118
SEND 1553583323 JOIN 31 23440
RECIEVED 1553583323 INTRODUCE 36 38 0
SEND 1553583323 INTRODUCE 36 10941
SEND 1553583323 INTRODUCE 36 10857
SEND 1553583323 INTRODUCE 36 15699
SEND 1553583323 INTRODUCE 36 11467
SEND 1553583323 INTRODUCE 36 15598
SEND 1553583323 INTRODUCE 36 14664
SEND 1553583323 INTRODUCE 36 11911
SEND 1553583323 INTRODUCE 36 10479
SEND 1553583323 INTRODUCE 36 11601
SEND 1553583323 INTRODUCE 36 9805
SEND 1553583323 INTRODUCE 36 11132
SEND 1553583323 INTRODUCE 36 44742
SEND 1553583323 INTRODUCE 36 11426
SEND 1553583323 INTRODUCE 36 12002
SEND 1553583323 INTRODUCE 36 16820
SEND 1553583323 INTRODUCE 36 11225
SEND 1553583323 INTRODUCE 36 30120
SEND 1553583323 INTRODUCE 36 15648
SEND 1553583323 INTRODUCE 36 10427
SEND 1553583323 INTRODUCE 36 11416
SEND 1553583323 INTRODUCE 36 11730
SEND 1553583323 INTRODUCE 36 9786
SEND 1553583323 INTRODUCE 36 10040
SEND 1553583323 INTRODUCE 36 15219
SEND 1553583323 INTRODUCE 36 10675
SEND 1553583323 INTRODUCE 36 12596
SEND 1553583323 INTRODUCE 36 10633
SEND 1553583323 INTRODUCE 36 11132
SEND 1553583323 INTRODUCE 36 14394
SEND 1553583323 INTRODUCE 36 13143
SEND 1553583323 INTRODUCE 36 13964
SEND 1553583323 INTRODUCE 36 10832
SEND 1553583323 INTRODUCE 36 16060
SEND 1553583323 INTRODUCE 36 10979
SEND 1553583323 INTRODUCE 36 12284
SEND 1553583323 INTRODUCE 36 32926
SEND 1553583323 INTRODUCE 36 17019
SEND 1553583323 INTRODUCE 36 15656
SEND 1553583323 JOIN 31 11041
RECIEVED 1553583323 INTRODUCE 37 39 0
SEND 1553583323 INTRODUCE 37 10642
SEND 1553583324 INTRODUCE 37 13211
SEND 1553583324 INTRODUCE 37 16077
SEND 1553583324 INTRODUCE 37 32079
SEND 1553583324 INTRODUCE 37 11161
SEND 1553583324 INTRODUCE 37 11140
SEND 1553583324 INTRODUCE 37 10890
SEND 1553583324 INTRODUCE 37 9932
SEND 1553583324 INTRODUCE 37 11079
SEND 1553583324 INTRODUCE 37 11286
SEND 1553583324 INTRODUCE 37 10312
SEND 1553583324 INTRODUCE 37 10519
SEND 1553583324 INTRODUCE 37 14141
SEND 1553583324 INTRODUCE 37 9951
SEND 1553583324 INTRODUCE 37 11169
SEND 1553583324 INTRODUCE 37 10696
SEND 1553583324 INTRODUCE 37 40259
SEND 1553583324 INTRODUCE 37 10941
SEND 1553583324 INTRODUCE 37 10460
SEND 1553583324 INTRODUCE 37 11220
SEND 1553583324 INTRODUCE 37 11185
SEND 1553583324 INTRODUCE 37 10160
SEND 1553583324 INTRODUCE 37 10398
SEND 1553583324 INTRODUCE 37 10961
SEND 1553583324 INTRODUCE 37 10316
SEND 1553583324 INTRODUCE 37 15892
SEND 1553583324 INTRODUCE 37 14302
SEND 1553583324 INTRODUCE 37 43123
SEND 1553583324 INTRODUCE 37 14913
SEND 1553583324 INTRODUCE 37 15261
SEND 1553583324 INTRODUCE 37 9715
SEND 1553583324 INTRODUCE 37 20536
SEND 1553583324 INTRODUCE 37 10638
SEND 1553583324 INTRODUCE 37 115502
SEND 1553583324 INTRODUCE 37 10597
SEND 1553583324 INTRODUCE 37 12131
SEND 1553583324 INTRODUCE 37 12820
SEND 1553583324 INTRODUCE 37 14222
SEND 1553583324 INTRODUCE 37 18698
SEND 1553583324 JOIN 31 10760
RECIEVED 1553583324 INTRODUCE 37 40 0
RECIEVED 1553583324 INTRODUCE 37 40 0
SEND 1553583324 INTRODUCE 37 16057
SEND 1553583324 INTRODUCE 37 11673
SEND 1553583324 INTRODUCE 37 18503
SEND 1553583324 INTRODUCE 37 54538
SEND 1553583324 INTRODUCE 37 22513
SEND 1553583324 INTRODUCE 37 10552
SEND 1553583324 INTRODUCE 37 10503
SEND 1553583324 INTRODUCE 37 15157
SEND 1553583324 INTRODUCE 37 11203
SEND 1553583324 INTRODUCE 37 11228
SEND 1553583324 INTRODUCE 37 10292
SEND 1553583324 INTRODUCE 37 13148
SEND 1553583324 INTRODUCE 37 10160
SEND 1553583324 INTRODUCE 37 15887
SEND 1553583324 INTRODUCE 37 13941
SEND 1553583324 INTRODUCE 37 15221
SEND 1553583324 INTRODUCE 37 13760
SEND 1553583324 INTRODUCE 37 20137
SEND 1553583324 INTRODUCE 37 37517
SEND 1553583324 INTRODUCE 37 10465
SEND 1553583324 INTRODUCE 37 30245
SEND 1553583324 INTRODUCE 37 10965
SEND 1553583324 INTRODUCE 37 9970
SEND 1553583324 INTRODUCE 37 11764
SEND 1553583324 INTRODUCE 37 11207
SEND 1553583324 INTRODUCE 37 11283
SEND 1553583324 INTRODUCE 37 15653
SEND 1553583324 INTRODUCE 37 10950
SEND 1553583324 INTRODUCE 37 10382
SEND 1553583324 INTRODUCE 37 11171
SEND 1553583324 INTRODUCE 37 11148
SEND 1553583324 INTRODUCE 37 16507
SEND 1553583324 INTRODUCE 37 11286
SEND 1553583324 INTRODUCE 37 10684
SEND 1553583324 INTRODUCE 37 9939
SEND 1553583324 INTRODUCE 37 17150
SEND 1553583324 INTRODUCE 37 11591
SEND 1553583324 INTRODUCE 37 11330
SEND 1553583324 INTRODUCE 37 10337
SEND 1553583324 INTRODUCE 37 14113
SEND 1553583324 JOIN 31 30856
RECIEVED 1553583324 INTRODUCE 36 41 0
RECIEVED 1553583324 INTRODUCE 37 41 0
SEND 1553583324 INTRODUCE 37 10097
SEND 1553583324 INTRODUCE 37 11276
SEND 1553583324 INTRODUCE 37 10756
SEND 1553583324 INTRODUCE 37 10481
SEND 1553583324 INTRODUCE 37 9868
SEND 1553583324 INTRODUCE 37 11329
SEND 1553583324 INTRODUCE 37 11278
SEND 1553583324 INTRODUCE 37 10248
SEND 1553583324 INTRODUCE 37 11380
SEND 1553583324 INTRODUCE 37 9836
SEND 1553583324 INTRODUCE 37 13894
SEND 1553583324 INTRODUCE 37 11107
SEND 1553583324 INTRODUCE 37 9853
SEND 1553583324 INTRODUCE 37 11529
SEND 1553583324 INTRODUCE 37 10466
SEND 1553583324 INTRODUCE 37 10396
SEND 1553583324 INTRODUCE 37 10017
SEND 1553583324 INTRODUCE 37 9790
SEND 1553583324 INTRODUCE 37 14751
SEND 1553583324 INTRODUCE 37 28308
SEND 1553583324 INTRODUCE 37 11751
SEND 1553583324 INTRODUCE 37 11195
SEND 1553583324 INTRODUCE 37 11838
SEND 1553583324 INTRODUCE 37 16365
# recieved string JOIN node4 172.22.94.216 8004

SEND 1553583324 INTRODUCE 37 11637
SEND 1553583324 INTRODUCE 37 16375
SEND 1553583324 INTRODUCE 37 10773
SEND 1553583324 INTRODUCE 37 10896
SEND 1553583324 INTRODUCE 37 11336
SEND 1553583324 INTRODUCE 37 11039
SEND 1553583324 INTRODUCE 37 26278
SEND 1553583324 INTRODUCE 37 15507
SEND 1553583324 INTRODUCE 37 9591
SEND 1553583324 INTRODUCE 37 10346
SEND 1553583324 INTRODUCE 37 14669
SEND 1553583324 INTRODUCE 37 9915
SEND 1553583324 INTRODUCE 37 11557
SEND 1553583324 INTRODUCE 37 11844
SEND 1553583324 INTRODUCE 37 10216
SEND 1553583324 INTRODUCE 37 10965
SEND 1553583324 INTRODUCE 37 12177
SEND 1553583324 JOIN 31 15657
RECIEVED 1553583324 INTRODUCE 37 42 0
SEND 1553583324 INTRODUCE 37 9862
SEND 1553583324 INTRODUCE 37 10543
SEND 1553583324 INTRODUCE 37 10701
SEND 1553583324 INTRODUCE 37 10647
SEND 1553583324 INTRODUCE 37 10264
SEND 1553583324 INTRODUCE 37 11914
SEND 1553583324 INTRODUCE 37 14110
SEND 1553583324 INTRODUCE 37 10699
SEND 1553583324 INTRODUCE 37 11027
SEND 1553583324 INTRODUCE 37 12362
SEND 1553583324 INTRODUCE 37 11202
SEND 1553583324 INTRODUCE 37 11100
SEND 1553583324 INTRODUCE 37 10525
SEND 1553583324 INTRODUCE 37 18668
SEND 1553583324 INTRODUCE 37 10799
SEND 1553583324 INTRODUCE 37 11582
SEND 1553583324 INTRODUCE 37 9903
SEND 1553583324 INTRODUCE 37 14741
SEND 1553583324 INTRODUCE 37 10748
SEND 1553583324 INTRODUCE 37 14668
SEND 1553583324 INTRODUCE 37 15712
SEND 1553583324 INTRODUCE 37 9460
SEND 1553583324 INTRODUCE 37 10652
SEND 1553583324 INTRODUCE 37 10228
SEND 1553583324 INTRODUCE 37 9265
SEND 1553583324 INTRODUCE 37 9542
SEND 1553583324 INTRODUCE 37 10552
SEND 1553583324 INTRODUCE 37 10625
SEND 1553583324 INTRODUCE 37 19571
SEND 1553583324 INTRODUCE 37 11784
SEND 1553583324 INTRODUCE 37 25358
SEND 1553583324 INTRODUCE 37 11797
SEND 1553583324 INTRODUCE 37 10885
SEND 1553583324 INTRODUCE 37 15317
SEND 1553583324 INTRODUCE 37 14177
SEND 1553583324 INTRODUCE 37 10825
SEND 1553583324 INTRODUCE 37 10878
SEND 1553583324 INTRODUCE 37 10577
SEND 1553583324 INTRODUCE 37 39906
SEND 1553583324 INTRODUCE 37 20245
SEND 1553583324 INTRODUCE 37 11658
SEND 1553583324 INTRODUCE 37 10952
SEND 1553583324 JOIN 31 16534
RECIEVED 1553583324 INTRODUCE 36 43 0
SEND 1553583324 INTRODUCE 36 11842
SEND 1553583324 INTRODUCE 36 42011
SEND 1553583324 INTRODUCE 36 11379
SEND 1553583324 INTRODUCE 36 25022
SEND 1553583324 INTRODUCE 36 14403
SEND 1553583324 INTRODUCE 36 11230
SEND 1553583324 INTRODUCE 36 11231
SEND 1553583324 INTRODUCE 36 10797
SEND 1553583324 INTRODUCE 36 21367
SEND 1553583324 INTRODUCE 36 11056
SEND 1553583324 INTRODUCE 36 19841
SEND 1553583324 INTRODUCE 36 10897
SEND 1553583324 INTRODUCE 36 13885
SEND 1553583324 INTRODUCE 36 21605
SEND 1553583324 INTRODUCE 36 10842
SEND 1553583324 INTRODUCE 36 26189
SEND 1553583324 INTRODUCE 36 30742
SEND 1553583324 INTRODUCE 36 9906
SEND 1553583324 INTRODUCE 36 9933
SEND 1553583324 INTRODUCE 36 10040
SEND 1553583324 INTRODUCE 36 17780
# recieved string JOIN node14 172.22.158.206 8014

SEND 1553583324 INTRODUCE 36 9855
SEND 1553583324 INTRODUCE 36 10277
SEND 1553583324 INTRODUCE 36 10128
SEND 1553583324 INTRODUCE 36 15198
SEND 1553583324 INTRODUCE 36 15562
SEND 1553583324 INTRODUCE 36 10113
SEND 1553583324 INTRODUCE 36 16552
SEND 1553583324 INTRODUCE 36 10739
SEND 1553583324 INTRODUCE 36 20030
SEND 1553583324 INTRODUCE 36 20841
SEND 1553583324 INTRODUCE 36 11220
SEND 1553583324 INTRODUCE 36 11450
SEND 1553583324 INTRODUCE 36 14877
SEND 1553583324 INTRODUCE 36 11975
SEND 1553583324 INTRODUCE 36 12001
SEND 1553583324 INTRODUCE 36 11224
SEND 1553583324 INTRODUCE 36 17292
SEND 1553583324 INTRODUCE 36 13482
SEND 1553583324 INTRODUCE 36 36458
SEND 1553583324 INTRODUCE 36 10719
SEND 1553583324 INTRODUCE 36 11446
SEND 1553583324 INTRODUCE 36 10526
SEND 1553583324 JOIN 31 15420
RECIEVED 1553583324 INTRODUCE 35 44 0
SEND 1553583324 INTRODUCE 35 9732
SEND 1553583324 INTRODUCE 35 20230
SEND 1553583324 INTRODUCE 35 11695
SEND 1553583324 INTRODUCE 35 11190
SEND 1553583324 INTRODUCE 35 10980
SEND 1553583324 INTRODUCE 35 10988
SEND 1553583324 INTRODUCE 35 11479
SEND 1553583324 INTRODUCE 35 16131
SEND 1553583324 INTRODUCE 35 10551
SEND 1553583324 INTRODUCE 35 14948
SEND 1553583324 INTRODUCE 35 11148
SEND 1553583324 INTRODUCE 35 15894
SEND 1553583324 INTRODUCE 35 14002
SEND 1553583324 INTRODUCE 35 11054
SEND 1553583324 INTRODUCE 35 11109
SEND 1553583324 INTRODUCE 35 11380
SEND 1553583324 INTRODUCE 35 22732
SEND 1553583324 INTRODUCE 35 14340
SEND 1553583324 INTRODUCE 35 14975
SEND 1553583324 INTRODUCE 35 10742
SEND 1553583324 INTRODUCE 35 11233
SEND 1553583324 INTRODUCE 35 11390
SEND 1553583324 INTRODUCE 35 13530
SEND 1553583324 INTRODUCE 35 15148
SEND 1553583324 INTRODUCE 35 11784
SEND 1553583324 INTRODUCE 35 11073
SEND 1553583324 INTRODUCE 35 9843
SEND 1553583324 INTRODUCE 35 9726
SEND 1553583324 INTRODUCE 35 9583
SEND 1553583324 INTRODUCE 35 44213
SEND 1553583324 INTRODUCE 35 16917
SEND 1553583324 INTRODUCE 35 11247
SEND 1553583324 INTRODUCE 35 10337
SEND 1553583324 INTRODUCE 35 11344
SEND 1553583324 INTRODUCE 35 10953
SEND 1553583324 INTRODUCE 35 16264
SEND 1553583324 INTRODUCE 35 10889
SEND 1553583324 INTRODUCE 35 11807
SEND 1553583324 INTRODUCE 35 8865
SEND 1553583324 INTRODUCE 35 11205
SEND 1553583324 INTRODUCE 35 11117
SEND 1553583324 INTRODUCE 35 37248
SEND 1553583324 INTRODUCE 35 15338
SEND 1553583324 INTRODUCE 35 10687
SEND 1553583324 JOIN 31 10791
RECIEVED 1553583324 INTRODUCE 36 45 0
SEND 1553583324 INTRODUCE 36 10236
SEND 1553583324 INTRODUCE 36 10227
SEND 1553583324 INTRODUCE 36 15164
SEND 1553583324 INTRODUCE 36 10275
SEND 1553583324 INTRODUCE 36 11320
SEND 1553583324 INTRODUCE 36 15126
SEND 1553583324 INTRODUCE 36 10462
SEND 1553583324 INTRODUCE 36 12515
SEND 1553583324 INTRODUCE 36 9935
SEND 1553583324 INTRODUCE 36 14245
SEND 1553583324 INTRODUCE 36 14879
SEND 1553583324 INTRODUCE 36 14713
SEND 1553583324 INTRODUCE 36 14820
SEND 1553583324 INTRODUCE 36 11136
SEND 1553583324 INTRODUCE 36 10578
SEND 1553583324 INTRODUCE 36 16720
SEND 1553583324 INTRODUCE 36 15591
SEND 1553583324 INTRODUCE 36 11269
SEND 1553583324 INTRODUCE 36 11022
SEND 1553583324 INTRODUCE 36 12297
SEND 1553583324 INTRODUCE 36 28174
SEND 1553583324 INTRODUCE 36 15285
SEND 1553583324 INTRODUCE 36 14984
SEND 1553583324 INTRODUCE 36 10842
SEND 1553583324 INTRODUCE 36 10767
SEND 1553583324 INTRODUCE 36 30208
SEND 1553583324 INTRODUCE 36 15629
SEND 1553583324 INTRODUCE 36 10977
SEND 1553583324 INTRODUCE 36 11656
SEND 1553583324 INTRODUCE 36 10931
SEND 1553583324 INTRODUCE 36 10666
SEND 1553583324 INTRODUCE 36 17915
SEND 1553583324 INTRODUCE 36 10376
SEND 1553583324 INTRODUCE 36 34227
SEND 1553583324 INTRODUCE 36 11346
SEND 1553583324 INTRODUCE 36 16342
SEND 1553583324 INTRODUCE 36 27390
SEND 1553583324 INTRODUCE 36 10909
SEND 1553583324 INTRODUCE 36 11509
SEND 1553583324 INTRODUCE 36 11546
SEND 1553583324 INTRODUCE 36 15163
SEND 1553583324 INTRODUCE 36 15781
SEND 1553583324 INTRODUCE 36 11217
SEND 1553583324 INTRODUCE 36 16269
SEND 1553583324 INTRODUCE 36 15997
SEND 1553583324 JOIN 31 14297
RECIEVED 1553583324 INTRODUCE 37 46 0
SEND 1553583324 INTRODUCE 37 10912
SEND 1553583324 INTRODUCE 37 9274
SEND 1553583324 INTRODUCE 37 11222
SEND 1553583324 INTRODUCE 37 18448
SEND 1553583324 INTRODUCE 37 14831
SEND 1553583324 INTRODUCE 37 10846
SEND 1553583324 INTRODUCE 37 12098
SEND 1553583324 INTRODUCE 37 11573
SEND 1553583324 INTRODUCE 37 11013
SEND 1553583324 INTRODUCE 37 9898
SEND 1553583324 INTRODUCE 37 14775
SEND 1553583324 INTRODUCE 37 14954
SEND 1553583324 INTRODUCE 37 11820
SEND 1553583324 INTRODUCE 37 10686
SEND 1553583324 INTRODUCE 37 10788
SEND 1553583324 INTRODUCE 37 15475
SEND 1553583324 INTRODUCE 37 15241
SEND 1553583324 INTRODUCE 37 10391
SEND 1553583324 INTRODUCE 37 10908
SEND 1553583324 INTRODUCE 37 11936
SEND 1553583324 INTRODUCE 37 11542
SEND 1553583324 INTRODUCE 37 15684
SEND 1553583324 INTRODUCE 37 45345
SEND 1553583324 INTRODUCE 37 11181
SEND 1553583324 INTRODUCE 37 11934
SEND 1553583324 INTRODUCE 37 23271
SEND 1553583324 INTRODUCE 37 17243
SEND 1553583324 INTRODUCE 37 11240
SEND 1553583324 INTRODUCE 37 11252
SEND 1553583324 INTRODUCE 37 9485
SEND 1553583324 INTRODUCE 37 9515
SEND 1553583324 INTRODUCE 37 9872
SEND 1553583324 INTRODUCE 37 16485
SEND 1553583324 INTRODUCE 37 24443
SEND 1553583324 INTRODUCE 37 10487
SEND 1553583324 INTRODUCE 37 9724
SEND 1553583324 INTRODUCE 37 10766
SEND 1553583324 INTRODUCE 37 31059
SEND 1553583324 INTRODUCE 37 17262
SEND 1553583324 INTRODUCE 37 11390
SEND 1553583324 INTRODUCE 37 10384
SEND 1553583324 INTRODUCE 37 11200
SEND 1553583324 INTRODUCE 37 11294
SEND 1553583324 INTRODUCE 37 10121
SEND 1553583324 INTRODUCE 37 13168
SEND 1553583324 INTRODUCE 37 15425
SEND 1553583324 JOIN 31 10421
RECIEVED 1553583324 INTRODUCE 35 47 0
SEND 1553583324 INTRODUCE 35 19625
SEND 1553583324 INTRODUCE 35 14808
SEND 1553583324 INTRODUCE 35 9615
SEND 1553583324 INTRODUCE 35 12200
SEND 1553583324 INTRODUCE 35 10793
SEND 1553583324 INTRODUCE 35 15322
SEND 1553583324 INTRODUCE 35 10097
SEND 1553583324 INTRODUCE 35 11176
SEND 1553583324 INTRODUCE 35 10368
SEND 1553583324 INTRODUCE 35 10364
SEND 1553583324 INTRODUCE 35 10640
SEND 1553583324 INTRODUCE 35 11219
SEND 1553583324 INTRODUCE 35 28857
SEND 1553583324 INTRODUCE 35 11493
SEND 1553583324 INTRODUCE 35 10603
SEND 1553583324 INTRODUCE 35 10675
SEND 1553583324 INTRODUCE 35 10227
SEND 1553583324 INTRODUCE 35 10973
SEND 1553583324 INTRODUCE 35 13114
SEND 1553583324 INTRODUCE 35 11403
SEND 1553583324 INTRODUCE 35 15027
SEND 1553583324 INTRODUCE 35 11280
SEND 1553583324 INTRODUCE 35 11313
SEND 1553583324 INTRODUCE 35 11761
SEND 1553583324 INTRODUCE 35 15143
SEND 1553583324 INTRODUCE 35 11000
SEND 1553583324 INTRODUCE 35 18528
SEND 1553583324 INTRODUCE 35 11068
SEND 1553583324 INTRODUCE 35 10665
SEND 1553583324 INTRODUCE 35 29381
SEND 1553583324 INTRODUCE 35 11164
SEND 1553583324 INTRODUCE 35 10842
SEND 1553583324 INTRODUCE 35 19701
SEND 1553583324 INTRODUCE 35 11816
SEND 1553583324 INTRODUCE 35 13215
SEND 1553583324 INTRODUCE 35 10974
SEND 1553583324 INTRODUCE 35 20851
SEND 1553583324 INTRODUCE 35 11088
SEND 1553583324 INTRODUCE 35 16757
SEND 1553583324 INTRODUCE 35 10274
# recieved string JOIN node12 172.22.158.206 8012

SEND 1553583324 INTRODUCE 35 10358
SEND 1553583324 INTRODUCE 35 16522
SEND 1553583324 INTRODUCE 35 10524
SEND 1553583324 INTRODUCE 35 10938
SEND 1553583324 INTRODUCE 35 11354
SEND 1553583324 INTRODUCE 35 14882
SEND 1553583324 INTRODUCE 35 10631
SEND 1553583324 JOIN 31 10771
RECIEVED 1553583324 INTRODUCE 37 48 0
SEND 1553583324 INTRODUCE 37 10964
SEND 1553583324 INTRODUCE 37 16598
SEND 1553583324 INTRODUCE 37 12353
SEND 1553583324 INTRODUCE 37 16330
SEND 1553583324 INTRODUCE 37 11115
SEND 1553583324 INTRODUCE 37 14868
SEND 1553583324 INTRODUCE 37 9638
SEND 1553583324 INTRODUCE 37 42711
SEND 1553583324 INTRODUCE 37 10772
SEND 1553583324 INTRODUCE 37 14892
SEND 1553583324 INTRODUCE 37 14309
SEND 1553583324 INTRODUCE 37 14611
SEND 1553583324 INTRODUCE 37 14758
SEND 1553583324 INTRODUCE 37 35596
SEND 1553583324 INTRODUCE 37 20825
SEND 1553583324 INTRODUCE 37 47354
SEND 1553583324 INTRODUCE 37 11544
SEND 1553583324 INTRODUCE 37 14164
SEND 1553583324 INTRODUCE 37 12368
SEND 1553583324 INTRODUCE 37 10651
SEND 1553583324 INTRODUCE 37 11473
SEND 1553583324 INTRODUCE 37 11124
SEND 1553583324 INTRODUCE 37 14967
SEND 1553583324 INTRODUCE 37 11500
SEND 1553583324 INTRODUCE 37 14685
# recieved string JOIN node1 172.22.156.206 8001

SEND 1553583324 INTRODUCE 37 11374
SEND 1553583324 INTRODUCE 37 10471
SEND 1553583324 INTRODUCE 37 11100
SEND 1553583324 INTRODUCE 37 11156
SEND 1553583324 INTRODUCE 37 15687
SEND 1553583324 INTRODUCE 37 10885
SEND 1553583324 INTRODUCE 37 11148
SEND 1553583324 INTRODUCE 37 11555
SEND 1553583324 INTRODUCE 37 10219
SEND 1553583324 INTRODUCE 37 11013
SEND 1553583324 INTRODUCE 37 14297
SEND 1553583324 INTRODUCE 37 11151
SEND 1553583324 INTRODUCE 37 10817
SEND 1553583324 INTRODUCE 37 15502
SEND 1553583324 INTRODUCE 37 12626
SEND 1553583324 INTRODUCE 37 16768
SEND 1553583324 INTRODUCE 37 11805
SEND 1553583324 INTRODUCE 37 19894
SEND 1553583324 INTRODUCE 37 10939
SEND 1553583324 INTRODUCE 37 16072
SEND 1553583324 INTRODUCE 37 14908
SEND 1553583324 INTRODUCE 37 14532
SEND 1553583324 INTRODUCE 37 12038
SEND 1553583324 JOIN 31 11955
RECIEVED 1553583324 INTRODUCE 36 49 0
SEND 1553583324 INTRODUCE 36 14567
SEND 1553583324 INTRODUCE 36 20480
SEND 1553583324 INTRODUCE 36 10684
SEND 1553583324 INTRODUCE 36 9779
SEND 1553583324 INTRODUCE 36 10024
SEND 1553583324 INTRODUCE 36 29842
SEND 1553583324 INTRODUCE 36 15079
SEND 1553583324 INTRODUCE 36 15548
SEND 1553583324 INTRODUCE 36 11164
SEND 1553583324 INTRODUCE 36 10814
SEND 1553583324 INTRODUCE 36 10283
SEND 1553583324 INTRODUCE 36 13780
SEND 1553583324 INTRODUCE 36 10586
SEND 1553583324 INTRODUCE 36 15188
SEND 1553583324 INTRODUCE 36 10067
SEND 1553583324 INTRODUCE 36 16157
SEND 1553583324 INTRODUCE 36 10296
SEND 1553583324 INTRODUCE 36 15771
SEND 1553583324 INTRODUCE 36 10795
SEND 1553583324 INTRODUCE 36 10961
SEND 1553583324 INTRODUCE 36 10763
SEND 1553583324 INTRODUCE 36 11571
SEND 1553583324 INTRODUCE 36 11797
SEND 1553583324 INTRODUCE 36 11544
SEND 1553583324 INTRODUCE 36 11476
SEND 1553583324 INTRODUCE 36 10916
SEND 1553583324 INTRODUCE 36 13575
SEND 1553583324 INTRODUCE 36 10141
SEND 1553583324 INTRODUCE 36 9416
SEND 1553583324 INTRODUCE 36 37637
SEND 1553583324 INTRODUCE 36 10228
SEND 1553583324 INTRODUCE 36 10613
SEND 1553583324 INTRODUCE 36 27359
SEND 1553583324 INTRODUCE 36 11236
SEND 1553583324 INTRODUCE 36 11065
SEND 1553583324 INTRODUCE 36 10433
SEND 1553583324 INTRODUCE 36 20942
SEND 1553583324 INTRODUCE 36 15604
SEND 1553583324 INTRODUCE 36 10308
SEND 1553583324 INTRODUCE 36 15100
SEND 1553583324 INTRODUCE 36 9457
SEND 1553583324 INTRODUCE 36 9410
SEND 1553583324 INTRODUCE 36 16324
SEND 1553583324 INTRODUCE 36 10672
SEND 1553583324 INTRODUCE 36 9244
SEND 1553583324 INTRODUCE 36 10942
SEND 1553583324 INTRODUCE 36 12350
SEND 1553583324 INTRODUCE 36 31960
SEND 1553583324 INTRODUCE 36 16308
SEND 1553583324 JOIN 31 10535
RECIEVED 1553583324 INTRODUCE 37 50 0
SEND 1553583324 INTRODUCE 37 10114
SEND 1553583324 INTRODUCE 37 11653
SEND 1553583324 INTRODUCE 37 14788
SEND 1553583324 INTRODUCE 37 10460
SEND 1553583324 INTRODUCE 37 16896
SEND 1553583324 INTRODUCE 37 11205
SEND 1553583324 INTRODUCE 37 10464
SEND 1553583324 INTRODUCE 37 9887
SEND 1553583324 INTRODUCE 37 10042
SEND 1553583324 INTRODUCE 37 10914
SEND 1553583324 INTRODUCE 37 11120
SEND 1553583324 INTRODUCE 37 11309
# recieved string JOIN node2 172.22.156.206 8002

SEND 1553583324 INTRODUCE 37 10840
SEND 1553583324 INTRODUCE 37 10371
SEND 1553583324 INTRODUCE 37 10635
SEND 1553583324 INTRODUCE 37 41314
SEND 1553583324 INTRODUCE 37 11659
SEND 1553583324 INTRODUCE 37 14180
SEND 1553583324 INTRODUCE 37 15211
SEND 1553583324 INTRODUCE 37 11822
SEND 1553583324 INTRODUCE 37 15987
SEND 1553583324 INTRODUCE 37 10591
SEND 1553583324 INTRODUCE 37 10292
SEND 1553583324 INTRODUCE 37 12364
SEND 1553583324 INTRODUCE 37 40767
SEND 1553583324 INTRODUCE 37 19647
SEND 1553583324 INTRODUCE 37 10562
SEND 1553583324 INTRODUCE 37 135859
SEND 1553583324 INTRODUCE 37 17793
SEND 1553583324 INTRODUCE 37 19447
SEND 1553583324 INTRODUCE 37 11393
SEND 1553583324 INTRODUCE 37 17697
SEND 1553583324 INTRODUCE 37 15535
SEND 1553583324 INTRODUCE 37 11884
SEND 1553583324 INTRODUCE 37 10879
SEND 1553583324 INTRODUCE 37 11493
SEND 1553583324 INTRODUCE 37 10895
SEND 1553583324 INTRODUCE 37 10269
SEND 1553583324 INTRODUCE 37 10871
SEND 1553583324 INTRODUCE 37 11020
SEND 1553583324 INTRODUCE 37 9329
SEND 1553583324 INTRODUCE 37 10426
SEND 1553583324 INTRODUCE 37 17867
SEND 1553583324 INTRODUCE 37 10631
SEND 1553583324 INTRODUCE 37 10999
SEND 1553583324 INTRODUCE 37 10857
SEND 1553583324 INTRODUCE 37 31854
SEND 1553583324 INTRODUCE 37 14184
SEND 1553583324 INTRODUCE 37 48119
SEND 1553583324 INTRODUCE 37 26560
SEND 1553583324 JOIN 31 15811
RECIEVED 1553583324 INTRODUCE 36 51 0
SEND 1553583324 INTRODUCE 36 16255
SEND 1553583324 INTRODUCE 36 13121
SEND 1553583324 INTRODUCE 36 15817
SEND 1553583324 INTRODUCE 36 11369
SEND 1553583324 INTRODUCE 36 11732
SEND 1553583324 INTRODUCE 36 11118
SEND 1553583324 INTRODUCE 36 10434
SEND 1553583324 INTRODUCE 36 10991
SEND 1553583324 INTRODUCE 36 10206
SEND 1553583324 INTRODUCE 36 10887
SEND 1553583324 INTRODUCE 36 10628
SEND 1553583324 INTRODUCE 36 11048
SEND 1553583324 INTRODUCE 36 9903
SEND 1553583324 INTRODUCE 36 22312
SEND 1553583324 INTRODUCE 36 10006
SEND 1553583324 INTRODUCE 36 10998
SEND 1553583324 INTRODUCE 36 15235
SEND 1553583324 INTRODUCE 36 11202
SEND 1553583324 INTRODUCE 36 15424
SEND 1553583324 INTRODUCE 36 10981
SEND 1553583324 INTRODUCE 36 10821
SEND 1553583324 INTRODUCE 36 15362
SEND 1553583324 INTRODUCE 36 12030
SEND 1553583324 INTRODUCE 36 10858
SEND 1553583324 INTRODUCE 36 10181
SEND 1553583324 INTRODUCE 36 10942
SEND 1553583324 INTRODUCE 36 11143
SEND 1553583324 INTRODUCE 36 10006
SEND 1553583324 INTRODUCE 36 13771
SEND 1553583324 INTRODUCE 36 9989
SEND 1553583324 INTRODUCE 36 15875
SEND 1553583324 INTRODUCE 36 11141
SEND 1553583324 INTRODUCE 36 10924
SEND 1553583324 INTRODUCE 36 10676
SEND 1553583324 INTRODUCE 36 10212
SEND 1553583324 INTRODUCE 36 10094
SEND 1553583324 INTRODUCE 36 38363
SEND 1553583324 INTRODUCE 36 14168
SEND 1553583324 INTRODUCE 36 49079
SEND 1553583324 INTRODUCE 36 15468
SEND 1553583324 INTRODUCE 36 10475
SEND 1553583324 INTRODUCE 36 10453
SEND 1553583324 INTRODUCE 36 10903
SEND 1553583324 INTRODUCE 36 37111
SEND 1553583324 INTRODUCE 36 14949
SEND 1553583324 INTRODUCE 36 10803
SEND 1553583324 INTRODUCE 36 10444
SEND 1553583324 INTRODUCE 36 12708
SEND 1553583324 INTRODUCE 36 11939
SEND 1553583324 INTRODUCE 36 15180
SEND 1553583324 INTRODUCE 36 11776
SEND 1553583324 JOIN 31 11390
RECIEVED 1553583324 INTRODUCE 36 52 0
SEND 1553583324 INTRODUCE 36 10257
SEND 1553583324 INTRODUCE 36 11162
SEND 1553583324 INTRODUCE 36 10019
SEND 1553583324 INTRODUCE 36 10522
SEND 1553583324 INTRODUCE 36 11006
SEND 1553583324 INTRODUCE 36 10260
SEND 1553583324 INTRODUCE 36 10165
SEND 1553583324 INTRODUCE 36 14651
SEND 1553583324 INTRODUCE 36 16027
SEND 1553583324 INTRODUCE 36 17498
SEND 1553583324 INTRODUCE 36 11262
SEND 1553583324 INTRODUCE 36 11622
SEND 1553583324 INTRODUCE 36 23039
SEND 1553583324 INTRODUCE 36 15711
SEND 1553583324 INTRODUCE 36 10960
SEND 1553583324 INTRODUCE 36 11579
SEND 1553583324 INTRODUCE 36 10258
SEND 1553583324 INTRODUCE 36 11491
SEND 1553583324 INTRODUCE 36 10769
SEND 1553583324 INTRODUCE 36 10284
SEND 1553583324 INTRODUCE 36 15061
SEND 1553583324 INTRODUCE 36 13055
SEND 1553583324 INTRODUCE 36 11045
SEND 1553583324 INTRODUCE 36 11125
SEND 1553583324 INTRODUCE 36 11024
SEND 1553583324 INTRODUCE 36 10748
SEND 1553583324 INTRODUCE 36 16443
SEND 1553583324 INTRODUCE 36 16622
SEND 1553583324 INTRODUCE 36 15444
SEND 1553583324 INTRODUCE 36 10753
SEND 1553583324 INTRODUCE 36 15210
SEND 1553583324 INTRODUCE 36 14136
SEND 1553583324 INTRODUCE 36 10465
SEND 1553583324 INTRODUCE 36 10118
SEND 1553583324 INTRODUCE 36 10528
SEND 1553583324 INTRODUCE 36 10604
SEND 1553583324 INTRODUCE 36 11482
SEND 1553583324 INTRODUCE 36 15319
SEND 1553583324 INTRODUCE 36 13799
SEND 1553583324 INTRODUCE 36 15751
SEND 1553583324 INTRODUCE 36 10529
SEND 1553583324 INTRODUCE 36 15934
SEND 1553583324 INTRODUCE 36 15805
SEND 1553583324 INTRODUCE 36 13429
SEND 1553583324 INTRODUCE 36 15511
SEND 1553583324 INTRODUCE 36 10526
SEND 1553583324 INTRODUCE 36 11325
SEND 1553583324 INTRODUCE 36 10781
SEND 1553583324 INTRODUCE 36 10464
SEND 1553583324 INTRODUCE 36 14251
SEND 1553583324 INTRODUCE 36 10785
SEND 1553583324 INTRODUCE 36 48205
SEND 1553583324 JOIN 31 11064
RECIEVED 1553583324 INTRODUCE 36 53 0
RECIEVED 1553583324 INTRODUCE 35 53 0
RECIEVED 1553583324 INTRODUCE 36 53 0
SEND 1553583324 INTRODUCE 36 18879
SEND 1553583324 INTRODUCE 36 72205
SEND 1553583324 INTRODUCE 36 10301
SEND 1553583324 INTRODUCE 36 16800
SEND 1553583324 INTRODUCE 36 11959
SEND 1553583324 INTRODUCE 36 15787
SEND 1553583324 INTRODUCE 36 32150
SEND 1553583324 INTRODUCE 36 10530
SEND 1553583324 INTRODUCE 36 23119
SEND 1553583324 INTRODUCE 36 15950
SEND 1553583324 INTRODUCE 36 11318
SEND 1553583324 INTRODUCE 36 12174
SEND 1553583324 INTRODUCE 36 10191
SEND 1553583324 INTRODUCE 36 10528
SEND 1553583324 INTRODUCE 36 12963
SEND 1553583324 INTRODUCE 36 11002
SEND 1553583324 INTRODUCE 36 15612
SEND 1553583324 INTRODUCE 36 14957
SEND 1553583324 INTRODUCE 36 19940
SEND 1553583324 INTRODUCE 36 12202
SEND 1553583324 INTRODUCE 36 11135
SEND 1553583324 INTRODUCE 36 10466
SEND 1553583324 INTRODUCE 36 10260
SEND 1553583324 INTRODUCE 36 14762
SEND 1553583324 INTRODUCE 36 15741
SEND 1553583324 INTRODUCE 36 10547
SEND 1553583324 INTRODUCE 36 10171
SEND 1553583324 INTRODUCE 36 10935
SEND 1553583324 INTRODUCE 36 44482
SEND 1553583324 INTRODUCE 36 11596
SEND 1553583324 INTRODUCE 36 10669
SEND 1553583324 INTRODUCE 36 10346
SEND 1553583324 INTRODUCE 36 20902
SEND 1553583324 INTRODUCE 36 11510
SEND 1553583324 INTRODUCE 36 11863
SEND 1553583324 INTRODUCE 36 12097
SEND 1553583324 INTRODUCE 36 15393
SEND 1553583324 INTRODUCE 36 12093
SEND 1553583324 INTRODUCE 36 14829
SEND 1553583324 INTRODUCE 36 10367
SEND 1553583324 INTRODUCE 36 12919
SEND 1553583324 INTRODUCE 36 13900
SEND 1553583324 INTRODUCE 36 11499
SEND 1553583324 INTRODUCE 36 8888
SEND 1553583324 INTRODUCE 36 11167
SEND 1553583324 INTRODUCE 36 10402
SEND 1553583324 INTRODUCE 36 12914
SEND 1553583324 INTRODUCE 36 10580
SEND 1553583324 INTRODUCE 36 14705
SEND 1553583324 INTRODUCE 36 15532
SEND 1553583324 INTRODUCE 36 23321
SEND 1553583324 INTRODUCE 36 11607
SEND 1553583324 INTRODUCE 36 11363
SEND 1553583324 JOIN 31 15271
RECIEVED 1553583324 INTRODUCE 37 54 0
RECIEVED 1553583324 INTRODUCE 37 54 0
RECIEVED 1553583324 INTRODUCE 36 54 0
RECIEVED 1553583324 INTRODUCE 35 54 0
SEND 1553583324 INTRODUCE 35 11393
SEND 1553583324 INTRODUCE 35 13830
SEND 1553583324 INTRODUCE 35 12088
SEND 1553583324 INTRODUCE 35 11645
SEND 1553583324 INTRODUCE 35 12146
SEND 1553583324 INTRODUCE 35 11883
SEND 1553583324 INTRODUCE 35 12916
SEND 1553583324 INTRODUCE 35 16661
SEND 1553583324 INTRODUCE 35 11553
SEND 1553583324 INTRODUCE 35 10819
SEND 1553583324 INTRODUCE 35 11092
SEND 1553583324 INTRODUCE 35 10549
SEND 1553583324 INTRODUCE 35 21714
SEND 1553583324 INTRODUCE 35 10738
SEND 1553583324 INTRODUCE 35 15085
SEND 1553583324 INTRODUCE 35 10580
SEND 1553583324 INTRODUCE 35 10191
SEND 1553583324 INTRODUCE 35 30953
SEND 1553583324 INTRODUCE 35 10368
SEND 1553583324 INTRODUCE 35 10785
SEND 1553583324 INTRODUCE 35 11045
SEND 1553583324 INTRODUCE 35 15873
SEND 1553583324 INTRODUCE 35 11513
SEND 1553583324 INTRODUCE 35 13865
SEND 1553583324 INTRODUCE 35 11263
SEND 1553583324 INTRODUCE 35 12003
SEND 1553583324 INTRODUCE 35 10579
SEND 1553583324 INTRODUCE 35 13299
SEND 1553583324 INTRODUCE 35 10773
SEND 1553583324 INTRODUCE 35 10787
SEND 1553583324 INTRODUCE 35 15320
SEND 1553583324 INTRODUCE 35 10930
SEND 1553583324 INTRODUCE 35 21914
SEND 1553583324 INTRODUCE 35 10295
SEND 1553583324 INTRODUCE 35 19372
SEND 1553583324 INTRODUCE 35 20780
SEND 1553583324 INTRODUCE 35 16869
SEND 1553583324 INTRODUCE 35 10754
SEND 1553583324 INTRODUCE 35 10365
SEND 1553583324 INTRODUCE 35 20325
SEND 1553583324 INTRODUCE 35 13731
SEND 1553583324 INTRODUCE 35 11137
SEND 1553583324 INTRODUCE 35 10943
SEND 1553583324 INTRODUCE 35 11418
SEND 1553583324 INTRODUCE 35 10390
SEND 1553583324 INTRODUCE 35 10486
SEND 1553583324 INTRODUCE 35 10551
SEND 1553583324 INTRODUCE 35 9998
SEND 1553583324 INTRODUCE 35 12203
SEND 1553583324 INTRODUCE 35 11963
SEND 1553583324 INTRODUCE 35 7514
SEND 1553583324 INTRODUCE 35 11250
SEND 1553583324 INTRODUCE 35 15831
SEND 1553583324 INTRODUCE 35 15078
SEND 1553583324 JOIN 31 8576
RECIEVED 1553583324 INTRODUCE 35 55 0
SEND 1553583324 INTRODUCE 35 15309
SEND 1553583324 INTRODUCE 35 11265
SEND 1553583324 INTRODUCE 35 12113
SEND 1553583324 INTRODUCE 35 11735
SEND 1553583324 INTRODUCE 35 11261
SEND 1553583324 INTRODUCE 35 11182
SEND 1553583324 INTRODUCE 35 14280
SEND 1553583324 INTRODUCE 35 12132
SEND 1553583324 INTRODUCE 35 20922
SEND 1553583324 INTRODUCE 35 10656
SEND 1553583324 INTRODUCE 35 10927
SEND 1553583324 INTRODUCE 35 11737
SEND 1553583324 INTRODUCE 35 10674
SEND 1553583324 INTRODUCE 35 10551
SEND 1553583324 INTRODUCE 35 10684
SEND 1553583324 INTRODUCE 35 11470
SEND 1553583324 INTRODUCE 35 16553
SEND 1553583324 INTRODUCE 35 9964
SEND 1553583324 INTRODUCE 35 15516
SEND 1553583324 INTRODUCE 35 10128
SEND 1553583324 INTRODUCE 35 15096
SEND 1553583324 INTRODUCE 35 10673
SEND 1553583324 INTRODUCE 35 14588
SEND 1553583324 INTRODUCE 35 11601
SEND 1553583324 INTRODUCE 35 11795
SEND 1553583324 INTRODUCE 35 16082
SEND 1553583324 INTRODUCE 35 18969
SEND 1553583324 INTRODUCE 35 14737
SEND 1553583324 INTRODUCE 35 7829
SEND 1553583324 INTRODUCE 35 11547
SEND 1553583324 INTRODUCE 35 11702
SEND 1553583324 INTRODUCE 35 8204
SEND 1553583324 INTRODUCE 35 15757
SEND 1553583324 INTRODUCE 35 14496
SEND 1553583324 INTRODUCE 35 11052
SEND 1553583324 INTRODUCE 35 11726
SEND 1553583324 INTRODUCE 35 16695
SEND 1553583324 INTRODUCE 35 10899
SEND 1553583324 INTRODUCE 35 24879
SEND 1553583324 INTRODUCE 35 12940
SEND 1553583324 INTRODUCE 35 11703
SEND 1553583324 INTRODUCE 35 10319
SEND 1553583324 INTRODUCE 35 11018
SEND 1553583324 INTRODUCE 35 11464
SEND 1553583324 INTRODUCE 35 10740
SEND 1553583324 INTRODUCE 35 10423
SEND 1553583324 INTRODUCE 35 9902
SEND 1553583324 INTRODUCE 35 15926
SEND 1553583324 INTRODUCE 35 9283
SEND 1553583324 INTRODUCE 35 11552
SEND 1553583324 INTRODUCE 35 11326
SEND 1553583324 INTRODUCE 35 10910
SEND 1553583324 INTRODUCE 35 10932
SEND 1553583324 INTRODUCE 35 33938
SEND 1553583324 INTRODUCE 35 39998
SEND 1553583324 JOIN 31 11671
RECIEVED 1553583324 INTRODUCE 37 56 0
RECIEVED 1553583324 INTRODUCE 37 56 0
RECIEVED 1553583324 INTRODUCE 36 56 0
RECIEVED 1553583324 INTRODUCE 36 56 0
SEND 1553583324 INTRODUCE 36 13346
SEND 1553583324 INTRODUCE 36 11892
SEND 1553583324 INTRODUCE 36 16449
SEND 1553583324 INTRODUCE 36 10936
SEND 1553583324 INTRODUCE 36 11055
SEND 1553583324 INTRODUCE 36 11421
SEND 1553583324 INTRODUCE 36 12559
SEND 1553583325 INTRODUCE 36 11426
SEND 1553583325 INTRODUCE 36 13924
SEND 1553583325 INTRODUCE 36 10856
SEND 1553583325 INTRODUCE 36 12080
SEND 1553583325 INTRODUCE 36 15112
SEND 1553583325 INTRODUCE 36 10995
SEND 1553583325 INTRODUCE 36 10602
SEND 1553583325 INTRODUCE 36 12230
SEND 1553583325 INTRODUCE 36 10801
SEND 1553583325 INTRODUCE 36 11676
SEND 1553583325 INTRODUCE 36 11624
SEND 1553583325 INTRODUCE 36 15016
SEND 1553583325 INTRODUCE 36 11443
SEND 1553583325 INTRODUCE 36 15882
SEND 1553583325 INTRODUCE 36 29406
SEND 1553583325 INTRODUCE 36 15049
SEND 1553583325 INTRODUCE 36 15995
SEND 1553583325 INTRODUCE 36 11060
SEND 1553583325 INTRODUCE 36 10635
SEND 1553583325 INTRODUCE 36 36273
SEND 1553583325 INTRODUCE 36 11038
SEND 1553583325 INTRODUCE 36 9936
SEND 1553583325 INTRODUCE 36 54829
SEND 1553583325 INTRODUCE 36 8760
SEND 1553583325 INTRODUCE 36 47145
SEND 1553583325 INTRODUCE 36 10777
SEND 1553583325 INTRODUCE 36 11050
SEND 1553583325 INTRODUCE 36 14602
SEND 1553583325 INTRODUCE 36 11295
SEND 1553583325 INTRODUCE 36 11215
SEND 1553583325 INTRODUCE 36 10759
SEND 1553583325 INTRODUCE 36 37319
SEND 1553583325 INTRODUCE 36 14517
SEND 1553583325 INTRODUCE 36 15882
SEND 1553583325 INTRODUCE 36 21555
SEND 1553583325 INTRODUCE 36 15125
SEND 1553583325 INTRODUCE 36 12889
SEND 1553583325 INTRODUCE 36 15683
SEND 1553583325 INTRODUCE 36 14023
SEND 1553583325 INTRODUCE 36 10633
SEND 1553583325 INTRODUCE 36 29799
SEND 1553583325 INTRODUCE 36 14696
SEND 1553583325 INTRODUCE 36 12270
# recieved string JOIN node7 172.22.156.206 8007

SEND 1553583325 INTRODUCE 36 12222
SEND 1553583325 INTRODUCE 36 11484
SEND 1553583325 INTRODUCE 36 14777
SEND 1553583325 INTRODUCE 36 10372
SEND 1553583325 INTRODUCE 36 14266
SEND 1553583325 INTRODUCE 36 14219
SEND 1553583325 JOIN 31 17433
RECIEVED 1553583325 INTRODUCE 36 57 0
RECIEVED 1553583325 INTRODUCE 36 57 0
RECIEVED 1553583325 INTRODUCE 36 57 0
RECIEVED 1553583325 INTRODUCE 37 57 0
SEND 1553583325 INTRODUCE 37 19100
SEND 1553583325 INTRODUCE 37 11018
SEND 1553583325 INTRODUCE 37 16381
SEND 1553583325 INTRODUCE 37 11320
SEND 1553583325 INTRODUCE 37 23813
SEND 1553583325 INTRODUCE 37 15333
SEND 1553583325 INTRODUCE 37 74929
SEND 1553583325 INTRODUCE 37 10689
SEND 1553583325 INTRODUCE 37 10522
SEND 1553583325 INTRODUCE 37 10944
SEND 1553583325 INTRODUCE 37 10568
SEND 1553583325 INTRODUCE 37 10881
SEND 1553583325 INTRODUCE 37 10884
SEND 1553583325 INTRODUCE 37 31296
SEND 1553583325 INTRODUCE 37 10394
SEND 1553583325 INTRODUCE 37 11176
SEND 1553583325 INTRODUCE 37 10904
SEND 1553583325 INTRODUCE 37 15511
SEND 1553583325 INTRODUCE 37 10627
SEND 1553583325 INTRODUCE 37 20275
SEND 1553583325 INTRODUCE 37 8809
SEND 1553583325 INTRODUCE 37 7472
SEND 1553583325 INTRODUCE 37 11751
SEND 1553583325 INTRODUCE 37 7507
SEND 1553583325 INTRODUCE 37 11777
SEND 1553583325 INTRODUCE 37 17923
SEND 1553583325 INTRODUCE 37 12988
SEND 1553583325 INTRODUCE 37 7540
SEND 1553583325 INTRODUCE 37 11136
SEND 1553583325 INTRODUCE 37 7999
SEND 1553583325 INTRODUCE 37 11084
SEND 1553583325 INTRODUCE 37 7830
SEND 1553583325 INTRODUCE 37 11320
SEND 1553583325 INTRODUCE 37 15079
SEND 1553583325 INTRODUCE 37 13458
SEND 1553583325 INTRODUCE 37 7560
SEND 1553583325 INTRODUCE 37 11294
SEND 1553583325 INTRODUCE 37 10761
SEND 1553583325 INTRODUCE 37 11066
SEND 1553583325 INTRODUCE 37 11886
SEND 1553583325 INTRODUCE 37 11318
SEND 1553583325 INTRODUCE 37 11611
SEND 1553583325 INTRODUCE 37 11287
SEND 1553583325 INTRODUCE 37 10875
SEND 1553583325 INTRODUCE 37 11801
SEND 1553583325 INTRODUCE 37 15492
SEND 1553583325 INTRODUCE 37 14506
SEND 1553583325 INTRODUCE 37 10432
SEND 1553583325 INTRODUCE 37 9576
SEND 1553583325 INTRODUCE 37 9394
SEND 1553583325 INTRODUCE 37 8678
SEND 1553583325 INTRODUCE 37 10267
SEND 1553583325 INTRODUCE 37 9492
SEND 1553583325 INTRODUCE 37 9987
SEND 1553583325 INTRODUCE 37 10977
SEND 1553583325 INTRODUCE 37 11536
SEND 1553583325 INTRODUCE 37 10247
SEND 1553583325 JOIN 31 11875
RECIEVED 1553583325 INTRODUCE 37 58 0
RECIEVED 1553583325 INTRODUCE 36 58 0
RECIEVED 1553583325 INTRODUCE 37 58 0
RECIEVED 1553583325 INTRODUCE 37 58 0
SEND 1553583325 INTRODUCE 37 8348
SEND 1553583325 INTRODUCE 37 10573
SEND 1553583325 INTRODUCE 37 10480
SEND 1553583325 INTRODUCE 37 10096
SEND 1553583325 INTRODUCE 37 9497
SEND 1553583325 INTRODUCE 37 9800
SEND 1553583325 INTRODUCE 37 9923
SEND 1553583325 INTRODUCE 37 11083
SEND 1553583325 INTRODUCE 37 31541
SEND 1553583325 INTRODUCE 37 12240
SEND 1553583325 INTRODUCE 37 41348
SEND 1553583325 INTRODUCE 37 14195
SEND 1553583325 INTRODUCE 37 14928
SEND 1553583325 INTRODUCE 37 11580
SEND 1553583325 INTRODUCE 37 11015
SEND 1553583325 INTRODUCE 37 34523
SEND 1553583325 INTRODUCE 37 11963
SEND 1553583325 INTRODUCE 37 11636
SEND 1553583325 INTRODUCE 37 11297
SEND 1553583325 INTRODUCE 37 17199
SEND 1553583325 INTRODUCE 37 14619
SEND 1553583325 INTRODUCE 37 11599
SEND 1553583325 INTRODUCE 37 11177
SEND 1553583325 INTRODUCE 37 35399
SEND 1553583325 INTRODUCE 37 16447
SEND 1553583325 INTRODUCE 37 10288
SEND 1553583325 INTRODUCE 37 9824
SEND 1553583325 INTRODUCE 37 12336
SEND 1553583325 INTRODUCE 37 11351
SEND 1553583325 INTRODUCE 37 15595
SEND 1553583325 INTRODUCE 37 16578
SEND 1553583325 INTRODUCE 37 11220
SEND 1553583325 INTRODUCE 37 11629
SEND 1553583325 INTRODUCE 37 11023
SEND 1553583325 INTRODUCE 37 8084
SEND 1553583325 INTRODUCE 37 9712
SEND 1553583325 INTRODUCE 37 8405
SEND 1553583325 INTRODUCE 37 36027
SEND 1553583325 INTRODUCE 37 13704
SEND 1553583325 INTRODUCE 37 9576
SEND 1553583325 INTRODUCE 37 14118
SEND 1553583325 INTRODUCE 37 14588
SEND 1553583325 INTRODUCE 37 31457
SEND 1553583325 INTRODUCE 37 11573
SEND 1553583325 INTRODUCE 37 10491
SEND 1553583325 INTRODUCE 37 12845
SEND 1553583325 INTRODUCE 37 10248
SEND 1553583325 INTRODUCE 37 10503
SEND 1553583325 INTRODUCE 37 28059
SEND 1553583325 INTRODUCE 37 11180
SEND 1553583325 INTRODUCE 37 11704
SEND 1553583325 INTRODUCE 37 12787
SEND 1553583325 INTRODUCE 37 15203
SEND 1553583325 INTRODUCE 37 10608
SEND 1553583325 INTRODUCE 37 22925
SEND 1553583325 INTRODUCE 37 15552
SEND 1553583325 INTRODUCE 37 9928
SEND 1553583325 INTRODUCE 37 16264
SEND 1553583325 JOIN 31 10894
RECIEVED 1553583325 INTRODUCE 37 59 0
RECIEVED 1553583325 INTRODUCE 36 59 0
SEND 1553583325 INTRODUCE 36 9515
SEND 1553583325 INTRODUCE 36 20731
SEND 1553583325 INTRODUCE 36 7320
SEND 1553583325 INTRODUCE 36 10287
SEND 1553583325 INTRODUCE 36 8755
SEND 1553583325 INTRODUCE 36 9642
SEND 1553583325 INTRODUCE 36 12102
SEND 1553583325 INTRODUCE 36 30173
SEND 1553583325 INTRODUCE 36 12967
SEND 1553583325 INTRODUCE 36 11545
SEND 1553583325 INTRODUCE 36 9648
SEND 1553583325 INTRODUCE 36 10499
SEND 1553583325 INTRODUCE 36 30812
SEND 1553583325 INTRODUCE 36 11648
SEND 1553583325 INTRODUCE 36 13915
SEND 1553583325 INTRODUCE 36 7662
SEND 1553583325 INTRODUCE 36 17103
SEND 1553583325 INTRODUCE 36 7898
SEND 1553583325 INTRODUCE 36 7408
SEND 1553583325 INTRODUCE 36 14210
SEND 1553583325 INTRODUCE 36 12636
SEND 1553583325 INTRODUCE 36 14160
SEND 1553583325 INTRODUCE 36 12801
SEND 1553583325 INTRODUCE 36 10729
SEND 1553583325 INTRODUCE 36 7088
SEND 1553583325 INTRODUCE 36 14763
SEND 1553583325 INTRODUCE 36 11873
SEND 1553583325 INTRODUCE 36 10754
SEND 1553583325 INTRODUCE 36 19118
SEND 1553583325 INTRODUCE 36 10551
SEND 1553583325 INTRODUCE 36 7802
SEND 1553583325 INTRODUCE 36 11861
SEND 1553583325 INTRODUCE 36 14119
SEND 1553583325 INTRODUCE 36 11306
SEND 1553583325 INTRODUCE 36 11491
SEND 1553583325 INTRODUCE 36 18098
SEND 1553583325 INTRODUCE 36 7826
SEND 1553583325 INTRODUCE 36 28914
SEND 1553583325 INTRODUCE 36 7501
SEND 1553583325 INTRODUCE 36 24717
SEND 1553583325 INTRODUCE 36 17222
SEND 1553583325 INTRODUCE 36 11313
SEND 1553583325 INTRODUCE 36 12200
SEND 1553583325 INTRODUCE 36 16051
SEND 1553583325 INTRODUCE 36 10653
SEND 1553583325 INTRODUCE 36 16487
SEND 1553583325 INTRODUCE 36 11098
SEND 1553583325 INTRODUCE 36 15956
SEND 1553583325 INTRODUCE 36 10965
SEND 1553583325 INTRODUCE 36 12055
SEND 1553583325 INTRODUCE 36 16530
SEND 1553583325 INTRODUCE 36 11259
SEND 1553583325 INTRODUCE 36 14952
SEND 1553583325 INTRODUCE 36 10826
SEND 1553583325 INTRODUCE 36 11595
SEND 1553583325 INTRODUCE 36 10908
SEND 1553583325 INTRODUCE 36 11606
SEND 1553583325 INTRODUCE 36 15312
SEND 1553583325 INTRODUCE 36 14471
SEND 1553583325 JOIN 31 11506
RECIEVED 1553583325 INTRODUCE 36 60 0
RECIEVED 1553583325 JOIN 31 60 0
SEND 1553583325 INTRODUCE 37 37523
SEND 1553583325 INTRODUCE 37 10160
SEND 1553583325 INTRODUCE 36 10986
SEND 1553583325 INTRODUCE 35 10414
SEND 1553583325 INTRODUCE 36 11721
SEND 1553583325 INTRODUCE 37 10561
SEND 1553583325 INTRODUCE 37 9620
SEND 1553583325 INTRODUCE 37 9376
SEND 1553583325 INTRODUCE 36 9996
SEND 1553583325 INTRODUCE 36 13775
SEND 1553583325 INTRODUCE 36 14144
SEND 1553583325 INTRODUCE 35 9836
SEND 1553583325 INTRODUCE 36 10935
SEND 1553583325 INTRODUCE 36 39565
SEND 1553583325 INTRODUCE 36 10810
SEND 1553583325 INTRODUCE 36 10960
SEND 1553583325 INTRODUCE 37 10421
SEND 1553583325 INTRODUCE 36 10511
SEND 1553583325 INTRODUCE 36 10674
SEND 1553583325 INTRODUCE 36 11132
SEND 1553583325 INTRODUCE 37 11034
SEND 1553583325 INTRODUCE 35 10161
SEND 1553583325 INTRODUCE 36 10676
SEND 1553583325 INTRODUCE 37 15628
SEND 1553583325 INTRODUCE 36 10346
SEND 1553583325 INTRODUCE 36 11320
SEND 1553583325 INTRODUCE 36 11025
SEND 1553583325 INTRODUCE 36 10843
SEND 1553583325 INTRODUCE 37 10211
SEND 1553583325 INTRODUCE 37 29836
SEND 1553583325 INTRODUCE 35 10444
SEND 1553583325 INTRODUCE 36 10112
SEND 1553583325 INTRODUCE 37 9952
SEND 1553583325 INTRODUCE 36 16101
SEND 1553583325 INTRODUCE 36 10306
SEND 1553583325 INTRODUCE 35 16094
SEND 1553583325 INTRODUCE 37 10629
SEND 1553583325 INTRODUCE 36 10698
SEND 1553583325 INTRODUCE 37 15651
SEND 1553583325 INTRODUCE 36 10746
SEND 1553583325 INTRODUCE 37 10830
SEND 1553583325 INTRODUCE 37 10389
SEND 1553583325 INTRODUCE 37 13573
SEND 1553583325 INTRODUCE 36 10806
SEND 1553583325 INTRODUCE 35 10714
SEND 1553583325 INTRODUCE 37 11489
SEND 1553583325 INTRODUCE 36 15655
SEND 1553583325 INTRODUCE 37 15413
SEND 1553583325 INTRODUCE 36 15241
SEND 1553583325 INTRODUCE 36 15610
SEND 1553583325 INTRODUCE 36 10539
SEND 1553583325 INTRODUCE 37 10715
SEND 1553583325 INTRODUCE 37 14064
SEND 1553583325 INTRODUCE 37 10827
SEND 1553583325 INTRODUCE 37 10598
SEND 1553583325 INTRODUCE 36 10310
SEND 1553583325 INTRODUCE 36 10950
SEND 1553583325 INTRODUCE 37 9414
SEND 1553583325 INTRODUCE 36 9482
SEND 1553583325 INTRODUCE 37 10065
RECIEVED 1553583325 INTRODUCE 36 61 0
RECIEVED 1553583325 INTRODUCE 36 61 0
RECIEVED 1553583325 INTRODUCE 36 61 0
RECIEVED 1553583325 INTRODUCE 35 61 0
RECIEVED 1553583325 INTRODUCE 37 61 0
SEND 1553583325 INTRODUCE 37 10854
SEND 1553583325 INTRODUCE 37 11655
SEND 1553583325 INTRODUCE 37 10456
SEND 1553583325 INTRODUCE 37 11073
SEND 1553583325 INTRODUCE 37 34951
SEND 1553583325 INTRODUCE 37 12441
SEND 1553583325 INTRODUCE 37 12279
SEND 1553583325 INTRODUCE 37 12056
SEND 1553583325 INTRODUCE 37 14731
SEND 1553583325 INTRODUCE 37 13103
SEND 1553583325 INTRODUCE 37 12112
SEND 1553583325 INTRODUCE 37 15899
SEND 1553583325 INTRODUCE 37 10815
SEND 1553583325 INTRODUCE 37 11627
SEND 1553583325 INTRODUCE 37 11690
SEND 1553583325 INTRODUCE 37 28042
SEND 1553583325 INTRODUCE 37 10132
SEND 1553583325 INTRODUCE 37 15016
SEND 1553583325 INTRODUCE 37 10142
SEND 1553583325 INTRODUCE 37 10117
SEND 1553583325 INTRODUCE 37 11211
SEND 1553583325 INTRODUCE 37 55451
SEND 1553583325 INTRODUCE 37 10763
SEND 1553583325 INTRODUCE 37 14768
SEND 1553583325 INTRODUCE 37 15543
SEND 1553583325 INTRODUCE 37 10279
SEND 1553583325 INTRODUCE 37 10541
SEND 1553583325 INTRODUCE 37 15079
SEND 1553583325 INTRODUCE 37 10911
SEND 1553583325 INTRODUCE 37 11002
SEND 1553583325 INTRODUCE 37 11780
SEND 1553583325 INTRODUCE 37 10939
SEND 1553583325 INTRODUCE 37 12573
SEND 1553583325 INTRODUCE 37 17116
SEND 1553583325 INTRODUCE 37 11147
SEND 1553583325 INTRODUCE 37 12203
SEND 1553583325 INTRODUCE 37 13723
SEND 1553583325 INTRODUCE 37 28378
SEND 1553583325 INTRODUCE 37 11103
SEND 1553583325 INTRODUCE 37 11332
SEND 1553583325 INTRODUCE 37 10633
SEND 1553583325 INTRODUCE 37 15825
SEND 1553583325 INTRODUCE 37 11480
SEND 1553583325 INTRODUCE 37 13679
SEND 1553583325 INTRODUCE 37 15509
SEND 1553583325 INTRODUCE 37 11186
SEND 1553583325 INTRODUCE 37 11042
SEND 1553583325 INTRODUCE 37 9392
SEND 1553583325 INTRODUCE 37 10700
SEND 1553583325 INTRODUCE 37 10408
SEND 1553583325 INTRODUCE 37 11296
SEND 1553583325 INTRODUCE 37 11135
SEND 1553583325 INTRODUCE 37 17616
SEND 1553583325 INTRODUCE 37 13327
SEND 1553583325 INTRODUCE 37 12382
SEND 1553583325 INTRODUCE 37 14918
SEND 1553583325 INTRODUCE 37 13583
SEND 1553583325 INTRODUCE 37 12086
SEND 1553583325 INTRODUCE 37 14728
SEND 1553583325 INTRODUCE 37 14897
SEND 1553583325 INTRODUCE 37 9657
SEND 1553583325 JOIN 31 11964
RECIEVED 1553583325 INTRODUCE 37 62 0
RECIEVED 1553583325 INTRODUCE 37 62 0
RECIEVED 1553583325 INTRODUCE 36 62 0
RECIEVED 1553583325 INTRODUCE 36 62 0
SEND 1553583325 INTRODUCE 36 11430
SEND 1553583325 INTRODUCE 36 36406
SEND 1553583325 INTRODUCE 36 11940
SEND 1553583325 INTRODUCE 36 15839
SEND 1553583325 INTRODUCE 36 15079
SEND 1553583325 INTRODUCE 36 9795
SEND 1553583325 INTRODUCE 36 10864
SEND 1553583325 INTRODUCE 36 38597
SEND 1553583325 INTRODUCE 36 11829
SEND 1553583325 INTRODUCE 36 12208
SEND 1553583325 INTRODUCE 36 10835
SEND 1553583325 INTRODUCE 36 9633
SEND 1553583325 INTRODUCE 36 8657
SEND 1553583325 INTRODUCE 36 11670
SEND 1553583325 INTRODUCE 36 12707
SEND 1553583325 INTRODUCE 36 11802
SEND 1553583325 INTRODUCE 36 11188
SEND 1553583325 INTRODUCE 36 15777
SEND 1553583325 INTRODUCE 36 11137
SEND 1553583325 INTRODUCE 36 10875
SEND 1553583325 INTRODUCE 36 11088
SEND 1553583325 INTRODUCE 36 11141
SEND 1553583325 INTRODUCE 36 11539
SEND 1553583325 INTRODUCE 36 11302
SEND 1553583325 INTRODUCE 36 11474
SEND 1553583325 INTRODUCE 36 14236
SEND 1553583325 INTRODUCE 36 11381
SEND 1553583325 INTRODUCE 36 15472
SEND 1553583325 INTRODUCE 36 11406
SEND 1553583325 INTRODUCE 36 10962
SEND 1553583325 INTRODUCE 36 13647
SEND 1553583325 INTRODUCE 36 179399
SEND 1553583325 INTRODUCE 36 41350
SEND 1553583325 INTRODUCE 36 12178
SEND 1553583325 INTRODUCE 36 13952
SEND 1553583325 INTRODUCE 36 11595
SEND 1553583325 INTRODUCE 36 11688
SEND 1553583325 INTRODUCE 36 13746
SEND 1553583325 INTRODUCE 36 16845
SEND 1553583325 INTRODUCE 36 30483
SEND 1553583325 INTRODUCE 36 16789
SEND 1553583325 INTRODUCE 36 15428
SEND 1553583325 INTRODUCE 36 11820
SEND 1553583325 INTRODUCE 36 10398
SEND 1553583325 INTRODUCE 36 10720
SEND 1553583325 INTRODUCE 36 10198
SEND 1553583325 INTRODUCE 36 43475
SEND 1553583325 INTRODUCE 36 10709
SEND 1553583325 INTRODUCE 36 18762
SEND 1553583325 INTRODUCE 36 15809
SEND 1553583325 INTRODUCE 36 10797
SEND 1553583325 INTRODUCE 36 16326
SEND 1553583325 INTRODUCE 36 15125
SEND 1553583325 INTRODUCE 36 11441
SEND 1553583325 INTRODUCE 36 11251
SEND 1553583325 INTRODUCE 36 10764
SEND 1553583325 INTRODUCE 36 15327
SEND 1553583325 INTRODUCE 36 16478
SEND 1553583325 INTRODUCE 36 15307
SEND 1553583325 INTRODUCE 36 10563
SEND 1553583325 INTRODUCE 36 10567
SEND 1553583325 INTRODUCE 36 10944
SEND 1553583325 JOIN 31 12344
RECIEVED 1553583325 INTRODUCE 36 63 0
SEND 1553583325 INTRODUCE 36 12982
SEND 1553583325 INTRODUCE 36 10667
SEND 1553583325 INTRODUCE 36 14353
SEND 1553583325 INTRODUCE 36 15855
SEND 1553583325 INTRODUCE 36 10915
SEND 1553583325 INTRODUCE 36 49798
SEND 1553583325 INTRODUCE 36 16433
SEND 1553583325 INTRODUCE 36 11284
SEND 1553583325 INTRODUCE 36 10948
SEND 1553583325 INTRODUCE 36 36232
SEND 1553583325 INTRODUCE 36 11057
SEND 1553583325 INTRODUCE 36 44665
SEND 1553583325 INTRODUCE 36 11055
SEND 1553583325 INTRODUCE 36 11575
SEND 1553583325 INTRODUCE 36 10279
SEND 1553583325 INTRODUCE 36 10725
SEND 1553583325 INTRODUCE 36 9855
SEND 1553583325 INTRODUCE 36 10301
SEND 1553583325 INTRODUCE 36 15359
SEND 1553583325 INTRODUCE 36 13611
SEND 1553583325 INTRODUCE 36 9308
SEND 1553583325 INTRODUCE 36 9902
SEND 1553583325 INTRODUCE 36 9985
SEND 1553583325 INTRODUCE 36 15176
SEND 1553583325 INTRODUCE 36 11915
SEND 1553583325 INTRODUCE 36 10330
SEND 1553583325 INTRODUCE 36 23123
SEND 1553583325 INTRODUCE 36 10784
SEND 1553583325 INTRODUCE 36 10725
SEND 1553583325 INTRODUCE 36 10809
SEND 1553583325 INTRODUCE 36 11239
SEND 1553583325 INTRODUCE 36 15103
SEND 1553583325 INTRODUCE 36 11649
SEND 1553583325 INTRODUCE 36 13439
SEND 1553583325 INTRODUCE 36 15231
SEND 1553583325 INTRODUCE 36 10998
SEND 1553583325 INTRODUCE 36 11329
SEND 1553583325 INTRODUCE 36 11675
SEND 1553583325 INTRODUCE 36 12914
SEND 1553583325 INTRODUCE 36 10196
SEND 1553583325 INTRODUCE 36 10982
SEND 1553583325 INTRODUCE 36 11665
SEND 1553583325 INTRODUCE 36 11220
SEND 1553583325 INTRODUCE 36 11117
SEND 1553583325 INTRODUCE 36 11344
SEND 1553583325 INTRODUCE 36 11530
SEND 1553583325 INTRODUCE 36 28296
SEND 1553583325 INTRODUCE 36 15105
SEND 1553583325 INTRODUCE 36 11373
SEND 1553583325 INTRODUCE 36 40492
SEND 1553583325 INTRODUCE 36 11578
SEND 1553583325 INTRODUCE 36 11374
SEND 1553583325 INTRODUCE 36 10618
SEND 1553583325 INTRODUCE 36 11834
SEND 1553583325 INTRODUCE 36 13139
SEND 1553583325 INTRODUCE 36 11171
SEND 1553583325 INTRODUCE 36 10247
SEND 1553583325 INTRODUCE 36 323615
SEND 1553583325 INTRODUCE 36 18674
SEND 1553583325 INTRODUCE 36 10964
SEND 1553583325 INTRODUCE 36 12807
SEND 1553583325 INTRODUCE 36 16772
SEND 1553583325 INTRODUCE 36 17125
SEND 1553583325 JOIN 31 11915
RECIEVED 1553583325 INTRODUCE 37 64 0
RECIEVED 1553583325 INTRODUCE 36 64 0
RECIEVED 1553583325 INTRODUCE 37 64 0
RECIEVED 1553583325 INTRODUCE 36 64 0
SEND 1553583325 INTRODUCE 36 17295
SEND 1553583325 INTRODUCE 36 11696
SEND 1553583325 INTRODUCE 36 11944
SEND 1553583325 INTRODUCE 36 11575
SEND 1553583325 INTRODUCE 36 10174
SEND 1553583325 INTRODUCE 36 10364
SEND 1553583325 INTRODUCE 36 16570
SEND 1553583325 INTRODUCE 36 16497
SEND 1553583325 INTRODUCE 36 10048
SEND 1553583325 INTRODUCE 36 39801
SEND 1553583325 INTRODUCE 36 10964
SEND 1553583325 INTRODUCE 36 21039
SEND 1553583325 INTRODUCE 36 11367
SEND 1553583325 INTRODUCE 36 10719
SEND 1553583325 INTRODUCE 36 10820
SEND 1553583325 INTRODUCE 36 10307
SEND 1553583325 INTRODUCE 36 10123
SEND 1553583325 INTRODUCE 36 15573
SEND 1553583325 INTRODUCE 36 11265
SEND 1553583325 INTRODUCE 36 10040
SEND 1553583325 INTRODUCE 36 10314
SEND 1553583325 INTRODUCE 36 18142
SEND 1553583325 INTRODUCE 36 10844
SEND 1553583325 INTRODUCE 36 10628
SEND 1553583325 INTRODUCE 36 11817
SEND 1553583325 INTRODUCE 36 17202
SEND 1553583325 INTRODUCE 36 16022
SEND 1553583325 INTRODUCE 36 10817
SEND 1553583325 INTRODUCE 36 11566
SEND 1553583325 INTRODUCE 36 14052
SEND 1553583325 INTRODUCE 36 21087
SEND 1553583325 INTRODUCE 36 9717
SEND 1553583325 INTRODUCE 36 13806
SEND 1553583325 INTRODUCE 36 14653
SEND 1553583325 INTRODUCE 36 13280
SEND 1553583325 INTRODUCE 36 11382
SEND 1553583325 INTRODUCE 36 11808
SEND 1553583325 INTRODUCE 36 11326
SEND 1553583325 INTRODUCE 36 10819
SEND 1553583325 INTRODUCE 36 11918
SEND 1553583325 INTRODUCE 36 11685
SEND 1553583325 INTRODUCE 36 15388
SEND 1553583325 INTRODUCE 36 10543
SEND 1553583325 INTRODUCE 36 15321
SEND 1553583325 INTRODUCE 36 11959
SEND 1553583325 INTRODUCE 36 15376
SEND 1553583325 INTRODUCE 36 10949
SEND 1553583325 INTRODUCE 36 14268
SEND 1553583325 INTRODUCE 36 11375
# Failed listening 
%!(EXTRA string=node12)# ERROR: read tcp 172.22.156.206:46438->172.22.158.206:8012: read: connection reset by peer
SEND 1553583325 INTRODUCE 36 14470
SEND 1553583325 INTRODUCE 36 11389
SEND 1553583325 INTRODUCE 36 10953
SEND 1553583325 INTRODUCE 36 17182
SEND 1553583325 INTRODUCE 36 10840
SEND 1553583325 INTRODUCE 36 10832
SEND 1553583325 INTRODUCE 36 9431
SEND 1553583325 INTRODUCE 36 59600
SEND 1553583325 INTRODUCE 36 12091
SEND 1553583325 INTRODUCE 36 10617
SEND 1553583325 INTRODUCE 36 33880
SEND 1553583325 INTRODUCE 36 11247
SEND 1553583325 INTRODUCE 36 20373
SEND 1553583325 INTRODUCE 36 37026
SEND 1553583325 INTRODUCE 36 10068
SEND 1553583325 JOIN 31 12019
RECIEVED 1553583325 INTRODUCE 36 65 0
RECIEVED 1553583325 INTRODUCE 35 65 0
RECIEVED 1553583325 INTRODUCE 36 65 0
SEND 1553583325 INTRODUCE 36 12238
SEND 1553583325 INTRODUCE 36 11209
SEND 1553583325 INTRODUCE 36 19377
SEND 1553583325 INTRODUCE 36 15683
# Failed sending to node node12
# ERROR: write tcp 172.22.156.206:46438->172.22.158.206:8012: write: broken pipe
SEND 1553583325 INTRODUCE 36 10365
SEND 1553583325 INTRODUCE 36 11599
SEND 1553583325 INTRODUCE 36 10379
SEND 1553583325 INTRODUCE 36 16090
SEND 1553583325 INTRODUCE 36 11048
SEND 1553583325 INTRODUCE 36 10375
SEND 1553583325 INTRODUCE 36 17196
SEND 1553583325 INTRODUCE 36 10006
SEND 1553583325 INTRODUCE 36 10325
SEND 1553583325 INTRODUCE 36 15871
SEND 1553583325 INTRODUCE 36 16817
SEND 1553583325 INTRODUCE 36 28047
SEND 1553583325 INTRODUCE 36 18025
SEND 1553583325 INTRODUCE 36 10291
SEND 1553583325 INTRODUCE 36 11396
SEND 1553583325 INTRODUCE 36 11546
SEND 1553583325 INTRODUCE 36 11615
SEND 1553583325 INTRODUCE 36 10446
SEND 1553583325 INTRODUCE 36 11224
SEND 1553583325 INTRODUCE 36 16600
SEND 1553583325 INTRODUCE 36 11855
SEND 1553583325 INTRODUCE 36 15942
SEND 1553583325 INTRODUCE 36 11042
SEND 1553583325 INTRODUCE 36 12609
SEND 1553583325 INTRODUCE 36 11696
SEND 1553583325 INTRODUCE 36 14111
SEND 1553583325 INTRODUCE 36 11629
SEND 1553583325 INTRODUCE 36 16874
SEND 1553583325 INTRODUCE 36 11077
SEND 1553583325 INTRODUCE 36 11103
SEND 1553583325 INTRODUCE 36 9976
SEND 1553583325 INTRODUCE 36 11078
SEND 1553583325 INTRODUCE 36 11719
SEND 1553583325 INTRODUCE 36 10918
SEND 1553583325 INTRODUCE 36 11129
SEND 1553583325 INTRODUCE 36 15873
SEND 1553583325 INTRODUCE 36 11791
SEND 1553583325 INTRODUCE 36 11375
SEND 1553583325 INTRODUCE 36 13269
SEND 1553583325 INTRODUCE 36 11404
SEND 1553583325 INTRODUCE 36 9504
SEND 1553583325 INTRODUCE 36 10255
SEND 1553583325 INTRODUCE 36 15994
SEND 1553583325 INTRODUCE 36 10556
SEND 1553583325 INTRODUCE 36 10644
SEND 1553583325 INTRODUCE 36 15409
SEND 1553583325 INTRODUCE 36 11739
SEND 1553583325 INTRODUCE 36 10808
SEND 1553583325 INTRODUCE 36 10216
SEND 1553583325 INTRODUCE 36 9662
SEND 1553583325 INTRODUCE 36 12228
SEND 1553583325 INTRODUCE 36 10760
SEND 1553583325 INTRODUCE 36 10499
SEND 1553583325 INTRODUCE 36 12816
SEND 1553583325 INTRODUCE 36 9766
SEND 1553583325 INTRODUCE 36 10763
SEND 1553583325 INTRODUCE 36 15561
SEND 1553583325 INTRODUCE 36 9511
SEND 1553583325 INTRODUCE 36 11361
SEND 1553583325 INTRODUCE 36 13321
SEND 1553583325 JOIN 31 16450
RECIEVED 1553583325 JOIN 30 66 0
RECIEVED 1553583325 INTRODUCE 37 66 0
RECIEVED 1553583325 INTRODUCE 35 66 0
SEND 1553583325 INTRODUCE 35 14273
SEND 1553583325 INTRODUCE 35 16819
SEND 1553583325 INTRODUCE 35 11353
SEND 1553583325 INTRODUCE 35 14276
SEND 1553583325 INTRODUCE 35 10667
SEND 1553583325 INTRODUCE 35 10436
SEND 1553583325 INTRODUCE 35 11779
SEND 1553583325 INTRODUCE 35 10806
SEND 1553583325 INTRODUCE 35 10554
SEND 1553583325 INTRODUCE 35 10725
SEND 1553583325 INTRODUCE 35 10884
SEND 1553583325 INTRODUCE 35 11116
SEND 1553583325 INTRODUCE 35 11572
SEND 1553583325 INTRODUCE 35 11242
SEND 1553583325 INTRODUCE 35 30703
SEND 1553583325 INTRODUCE 35 11378
SEND 1553583325 INTRODUCE 35 10777
SEND 1553583325 INTRODUCE 35 9515
SEND 1553583325 INTRODUCE 35 18035
SEND 1553583325 INTRODUCE 35 12044
SEND 1553583325 INTRODUCE 35 10757
SEND 1553583325 INTRODUCE 35 12534
# Failed sending to node node12
# ERROR: write tcp 172.22.156.206:46438->172.22.158.206:8012: write: broken pipe
# recieved string JOIN node15 172.22.158.206 8015

# Failed listening 
%!(EXTRA string=node14)# ERROR: read tcp 172.22.156.206:44080->172.22.158.206:8014: read: connection reset by peer
# Failed listening 
%!(EXTRA string=node1)# ERROR: read tcp 172.22.156.206:36538->172.22.158.207:8001: read: connection reset by peer
# recieved string JOIN node9 172.22.156.206 8009

# Failed listening 
%!(EXTRA string=node4)# ERROR: read tcp 172.22.156.206:33030->172.22.94.216:8004: read: connection reset by peer
# recieved string JOIN node18 172.22.156.206 8018

# Failed listening 
%!(EXTRA string=node0)# ERROR: read tcp 172.22.156.206:47312->172.22.156.207:8000: read: connection reset by peer
# Failed listening 
%!(EXTRA string=node4)# ERROR: read tcp 172.22.156.206:43072->172.22.156.207:8004: read: connection reset by peer
# Failed listening 
%!(EXTRA string=node2)# ERROR: read tcp 172.22.156.206:43378->172.22.156.207:8002: read: connection reset by peer
# Failed listening 
%!(EXTRA string=node11)# ERROR: read tcp 172.22.156.206:57000->172.22.156.207:8011: read: connection reset by peer
# Failed listening 
%!(EXTRA string=node3)# ERROR: read tcp 172.22.156.206:51442->172.22.156.207:8003: read: connection reset by peer
# Failed listening 
%!(EXTRA string=node4)# ERROR: read tcp 172.22.156.206:38380->172.22.158.207:8004: read: connection reset by peer
# Failed listening 
%!(EXTRA string=node15)# ERROR: read tcp 172.22.156.206:58052->172.22.156.207:8015: read: connection reset by peer
# Failed listening 
%!(EXTRA string=node19)# ERROR: read tcp 172.22.156.206:44182->172.22.156.207:8019: read: connection reset by peer
# Failed listening 
%!(EXTRA string=node18)# ERROR: read tcp 172.22.156.206:60060->172.22.158.207:8018: read: connection reset by peer
# Failed listening 
%!(EXTRA string=node6)# ERROR: read tcp 172.22.156.206:50666->172.22.156.207:8006: read: connection reset by peer
# Failed listening 
%!(EXTRA string=node8)# ERROR: read tcp 172.22.156.206:51380->172.22.156.207:8008: read: connection reset by peer
# Failed listening 
%!(EXTRA string=node0)# ERROR: read tcp 172.22.156.206:59508->172.22.158.207:8000: read: connection reset by peer
# Failed listening 
%!(EXTRA string=node7)# ERROR: read tcp 172.22.156.206:49180->172.22.156.207:8007: read: connection reset by peer
# Failed listening 
%!(EXTRA string=node15)# ERROR: read tcp 172.22.156.206:38882->172.22.158.207:8015: read: connection reset by peer
# Failed listening 
%!(EXTRA string=node13)# ERROR: read tcp 172.22.156.206:51126->172.22.158.207:8013: read: connection reset by peer
# Failed listening 
%!(EXTRA string=node18)# ERROR: read tcp 172.22.156.206:35488->172.22.156.207:8018: read: connection reset by peer
# Failed listening 
%!(EXTRA string=node6)# ERROR: read tcp 172.22.156.206:48516->172.22.158.207:8006: read: connection reset by peer
# Failed listening 
%!(EXTRA string=node13)# ERROR: read tcp 172.22.156.206:39970->172.22.156.207:8013: read: connection reset by peer
# Failed listening 
%!(EXTRA string=node16)# ERROR: read tcp 172.22.156.206:55146->172.22.158.207:8016: read: connection reset by peer
# Failed listening 
%!(EXTRA string=node2)# ERROR: read tcp 172.22.156.206:59130->172.22.158.207:8002: read: connection reset by peer
# Failed listening 
%!(EXTRA string=node7)# ERROR: read tcp 172.22.156.206:60478->172.22.158.207:8007: read: connection reset by peer
# Failed listening 
%!(EXTRA string=node17)# ERROR: read tcp 172.22.156.206:58148->172.22.156.207:8017: read: connection reset by peer
# Failed listening 
%!(EXTRA string=node17)# ERROR: read tcp 172.22.156.206:48298->172.22.158.207:8017: read: connection reset by peer
# Failed listening 
%!(EXTRA string=node10)# ERROR: read tcp 172.22.156.206:44880->172.22.158.207:8010: read: connection reset by peer
# Failed listening 
%!(EXTRA string=node9)# ERROR: read tcp 172.22.156.206:46964->172.22.158.207:8009: read: connection reset by peer
# Failed listening 
%!(EXTRA string=node16)# ERROR: read tcp 172.22.156.206:40820->172.22.156.207:8016: read: connection reset by peer
# Failed listening 
%!(EXTRA string=node19)# ERROR: read tcp 172.22.156.206:47098->172.22.158.207:8019: read: connection reset by peer
# Failed listening 
%!(EXTRA string=node5)# ERROR: read tcp 172.22.156.206:60000->172.22.156.207:8005: read: connection reset by peer
# Failed listening 
%!(EXTRA string=node9)# ERROR: read tcp 172.22.156.206:46280->172.22.156.206:8009: read: connection reset by peer
# Failed listening 
%!(EXTRA string=node2)# ERROR: read tcp 172.22.156.206:60782->172.22.156.206:8002: read: connection reset by peer
# Failed listening 
%!(EXTRA string=node18)# ERROR: read tcp 172.22.156.206:51282->172.22.94.216:8018: read: connection reset by peer
# Failed listening 
%!(EXTRA string=node3)# ERROR: read tcp 172.22.156.206:56072->172.22.94.216:8003: read: connection reset by peer
# Failed listening 
%!(EXTRA string=node13)# ERROR: EOF
# Failed listening 
%!(EXTRA string=node9)# ERROR: read tcp 172.22.156.206:45584->172.22.94.216:8009: read: connection reset by peer
# Failed listening 
%!(EXTRA string=node19)# ERROR: read tcp 172.22.156.206:39346->172.22.94.216:8019: read: connection reset by peer
# Failed listening 
%!(EXTRA string=node12)# ERROR: read tcp 172.22.156.206:45674->172.22.94.216:8012: read: connection reset by peer
# Failed listening 
%!(EXTRA string=node2)# ERROR: EOF
# Failed listening 
%!(EXTRA string=node6)# ERROR: read tcp 172.22.156.206:50852->172.22.94.216:8006: read: connection reset by peer
# Failed listening 
%!(EXTRA string=node1)# ERROR: read tcp 172.22.156.206:57320->172.22.94.216:8001: read: connection reset by peer
# Failed listening 
%!(EXTRA string=node15)# ERROR: read tcp 172.22.156.206:42066->172.22.94.216:8015: read: connection reset by peer
# Failed listening 
%!(EXTRA string=node14)# ERROR: EOF
# Failed listening 
%!(EXTRA string=node17)# ERROR: read tcp 172.22.156.206:42092->172.22.158.206:8017: read: connection reset by peer
# Failed listening 
%!(EXTRA string=node11)# ERROR: read tcp 172.22.156.206:37912->172.22.158.206:8011: read: connection reset by peer
# Failed listening 
%!(EXTRA string=node4)# ERROR: read tcp 172.22.156.206:38354->172.22.158.206:8004: read: connection reset by peer
# Failed listening 
%!(EXTRA string=node3)# ERROR: read tcp 172.22.156.206:57498->172.22.158.206:8003: read: connection reset by peer
# Failed listening 
%!(EXTRA string=node1)# ERROR: EOF
# Failed listening 
%!(EXTRA string=node10)# ERROR: read tcp 172.22.156.206:46778->172.22.158.206:8010: read: connection reset by peer
# Failed listening 
%!(EXTRA string=node7)# ERROR: read tcp 172.22.156.206:53818->172.22.158.206:8007: read: connection reset by peer
# Failed listening 
%!(EXTRA string=node8)# ERROR: read tcp 172.22.156.206:45838->172.22.158.206:8008: read: connection reset by peer
# Failed listening 
%!(EXTRA string=node16)# ERROR: read tcp 172.22.156.206:53558->172.22.158.206:8016: read: connection reset by peer
# Failed listening 
%!(EXTRA string=node0)# ERROR: EOF
# Failed listening 
%!(EXTRA string=node9)# ERROR: EOF
# Failed listening 
%!(EXTRA string=node18)# ERROR: read tcp 172.22.156.206:55818->172.22.158.206:8018: read: connection reset by peer
# Failed listening 
%!(EXTRA string=node6)# ERROR: EOF
# Failed listening 
%!(EXTRA string=node5)# ERROR: read tcp 172.22.156.206:40420->172.22.158.206:8005: read: connection reset by peer
