RECIEVED 1553583321 INTRODUCE 35 0 0
SEND 1553583321 JOIN 32 32229
RECIEVED 1553583321 INTRODUCE 37 1 0
SEND 1553583321 INTRODUCE 37 20935
SEND 1553583321 JOIN 32 20724
RECIEVED 1553583321 INTRODUCE 36 2 0
SEND 1553583321 INTRODUCE 36 67921
SEND 1553583321 INTRODUCE 36 16237
SEND 1553583321 JOIN 32 15988
RECIEVED 1553583321 INTRODUCE 36 3 0
SEND 1553583321 INTRODUCE 36 17928
SEND 1553583321 INTRODUCE 36 25029
SEND 1553583321 INTRODUCE 36 27879
SEND 1553583321 JOIN 32 26718
RECIEVED 1553583321 INTRODUCE 36 4 0
SEND 1553583321 INTRODUCE 36 25510
SEND 1553583321 INTRODUCE 36 19390
SEND 1553583321 INTRODUCE 36 25687
SEND 1553583321 INTRODUCE 36 26509
SEND 1553583321 JOIN 32 20663
RECIEVED 1553583321 INTRODUCE 36 5 0
SEND 1553583321 INTRODUCE 36 35548
SEND 1553583321 INTRODUCE 36 27050
SEND 1553583321 INTRODUCE 36 28506
SEND 1553583321 INTRODUCE 36 20068
SEND 1553583321 INTRODUCE 36 26996
SEND 1553583321 JOIN 32 25542
RECIEVED 1553583321 INTRODUCE 36 6 0
SEND 1553583321 INTRODUCE 36 25390
SEND 1553583321 INTRODUCE 36 21342
SEND 1553583321 INTRODUCE 36 25493
SEND 1553583321 INTRODUCE 36 14985
SEND 1553583321 INTRODUCE 36 32031
SEND 1553583321 INTRODUCE 36 25444
SEND 1553583321 JOIN 32 15408
RECIEVED 1553583321 INTRODUCE 37 7 0
SEND 1553583321 INTRODUCE 37 20526
SEND 1553583321 INTRODUCE 37 15934
SEND 1553583321 INTRODUCE 37 19801
SEND 1553583321 INTRODUCE 37 15541
SEND 1553583321 INTRODUCE 37 19507
SEND 1553583321 INTRODUCE 37 15350
SEND 1553583321 INTRODUCE 37 19854
SEND 1553583321 JOIN 32 27230
RECIEVED 1553583321 INTRODUCE 37 8 0
SEND 1553583321 INTRODUCE 37 19115
SEND 1553583321 INTRODUCE 37 41399
SEND 1553583321 INTRODUCE 37 17542
SEND 1553583321 INTRODUCE 37 47856
SEND 1553583321 INTRODUCE 37 81832
SEND 1553583321 INTRODUCE 37 19360
SEND 1553583321 INTRODUCE 37 15002
SEND 1553583321 INTRODUCE 37 24568
SEND 1553583321 JOIN 32 31724
RECIEVED 1553583321 INTRODUCE 36 9 0
SEND 1553583321 INTRODUCE 36 36860
SEND 1553583321 INTRODUCE 36 62721
SEND 1553583321 INTRODUCE 36 20387
SEND 1553583321 INTRODUCE 36 28235
SEND 1553583321 INTRODUCE 36 25336
SEND 1553583321 INTRODUCE 36 19966
SEND 1553583321 INTRODUCE 36 20681
SEND 1553583321 INTRODUCE 36 22848
SEND 1553583321 INTRODUCE 36 34087
SEND 1553583321 JOIN 32 16130
RECIEVED 1553583321 INTRODUCE 36 10 0
SEND 1553583321 INTRODUCE 36 30196
SEND 1553583321 INTRODUCE 36 23660
SEND 1553583321 INTRODUCE 36 16138
SEND 1553583321 INTRODUCE 36 17689
SEND 1553583321 INTRODUCE 36 21390
SEND 1553583321 INTRODUCE 36 16743
SEND 1553583321 INTRODUCE 36 20244
SEND 1553583321 INTRODUCE 36 20632
SEND 1553583321 INTRODUCE 36 20310
SEND 1553583321 INTRODUCE 36 14646
SEND 1553583321 JOIN 32 14877
RECIEVED 1553583321 INTRODUCE 36 11 0
SEND 1553583321 INTRODUCE 36 24918
SEND 1553583321 INTRODUCE 36 18284
SEND 1553583321 INTRODUCE 36 20523
SEND 1553583321 INTRODUCE 36 45022
SEND 1553583321 INTRODUCE 36 15384
SEND 1553583321 INTRODUCE 36 26063
SEND 1553583321 INTRODUCE 36 21907
SEND 1553583321 INTRODUCE 36 26203
SEND 1553583321 INTRODUCE 36 12148
SEND 1553583321 INTRODUCE 36 27360
SEND 1553583321 INTRODUCE 36 15087
SEND 1553583321 JOIN 32 24085
RECIEVED 1553583321 INTRODUCE 35 12 0
SEND 1553583321 INTRODUCE 35 20325
SEND 1553583321 INTRODUCE 35 27110
SEND 1553583321 INTRODUCE 35 15485
SEND 1553583321 INTRODUCE 35 18818
SEND 1553583321 INTRODUCE 35 19894
SEND 1553583321 INTRODUCE 35 23329
SEND 1553583321 INTRODUCE 35 19443
SEND 1553583321 INTRODUCE 35 22360
SEND 1553583321 INTRODUCE 35 16605
SEND 1553583321 INTRODUCE 35 21674
SEND 1553583321 INTRODUCE 35 25735
SEND 1553583321 INTRODUCE 35 25367
SEND 1553583321 JOIN 32 20408
RECIEVED 1553583321 INTRODUCE 36 13 0
SEND 1553583321 INTRODUCE 36 16406
SEND 1553583321 INTRODUCE 36 42807
SEND 1553583321 INTRODUCE 36 21413
SEND 1553583321 INTRODUCE 36 17684
SEND 1553583321 INTRODUCE 36 23973
SEND 1553583321 INTRODUCE 36 45292
SEND 1553583321 INTRODUCE 36 32748
SEND 1553583321 INTRODUCE 36 26390
SEND 1553583321 INTRODUCE 36 26087
SEND 1553583321 INTRODUCE 36 20303
SEND 1553583321 INTRODUCE 36 24809
SEND 1553583321 INTRODUCE 36 21479
SEND 1553583321 INTRODUCE 36 40627
SEND 1553583321 JOIN 32 27426
RECIEVED 1553583321 INTRODUCE 36 14 0
SEND 1553583321 INTRODUCE 36 17959
SEND 1553583321 INTRODUCE 36 19225
SEND 1553583321 INTRODUCE 36 19230
SEND 1553583321 INTRODUCE 36 23926
SEND 1553583321 INTRODUCE 36 39998
SEND 1553583321 INTRODUCE 36 19214
SEND 1553583321 INTRODUCE 36 15467
SEND 1553583321 INTRODUCE 36 16413
SEND 1553583321 INTRODUCE 36 30030
SEND 1553583321 INTRODUCE 36 19154
SEND 1553583321 INTRODUCE 36 21429
SEND 1553583321 INTRODUCE 36 27285
SEND 1553583321 INTRODUCE 36 35565
SEND 1553583321 INTRODUCE 36 21277
SEND 1553583321 JOIN 32 29329
RECIEVED 1553583321 INTRODUCE 36 15 0
SEND 1553583321 INTRODUCE 36 41891
SEND 1553583321 INTRODUCE 36 31851
SEND 1553583321 INTRODUCE 36 34759
SEND 1553583321 INTRODUCE 36 18429
SEND 1553583321 INTRODUCE 36 20408
SEND 1553583321 INTRODUCE 36 16285
SEND 1553583321 INTRODUCE 36 18671
SEND 1553583321 INTRODUCE 36 33395
SEND 1553583321 INTRODUCE 36 32007
SEND 1553583321 INTRODUCE 36 29140
SEND 1553583321 INTRODUCE 36 28585
SEND 1553583321 INTRODUCE 36 32126
SEND 1553583321 INTRODUCE 36 20500
SEND 1553583321 INTRODUCE 36 20001
SEND 1553583321 INTRODUCE 36 20750
SEND 1553583321 JOIN 32 39486
RECIEVED 1553583321 INTRODUCE 37 16 0
SEND 1553583321 INTRODUCE 37 32219
SEND 1553583321 INTRODUCE 37 15544
SEND 1553583321 INTRODUCE 37 16005
SEND 1553583321 INTRODUCE 37 21245
SEND 1553583321 INTRODUCE 37 27012
SEND 1553583321 INTRODUCE 37 15004
SEND 1553583321 INTRODUCE 37 20125
SEND 1553583321 INTRODUCE 37 15219
SEND 1553583321 INTRODUCE 37 37482
SEND 1553583321 INTRODUCE 37 23807
SEND 1553583321 INTRODUCE 37 18855
SEND 1553583321 INTRODUCE 37 19259
SEND 1553583321 INTRODUCE 37 20034
SEND 1553583321 INTRODUCE 37 21986
SEND 1553583321 INTRODUCE 37 20257
SEND 1553583321 INTRODUCE 37 23619
SEND 1553583321 JOIN 32 27052
RECIEVED 1553583321 INTRODUCE 36 17 0
SEND 1553583321 INTRODUCE 36 42446
SEND 1553583321 INTRODUCE 36 18043
SEND 1553583321 INTRODUCE 36 14825
SEND 1553583321 INTRODUCE 36 18631
SEND 1553583321 INTRODUCE 36 27918
SEND 1553583321 INTRODUCE 36 19243
SEND 1553583321 INTRODUCE 36 14229
SEND 1553583321 INTRODUCE 36 18747
SEND 1553583321 INTRODUCE 36 20587
SEND 1553583321 INTRODUCE 36 20706
SEND 1553583321 INTRODUCE 36 37076
SEND 1553583321 INTRODUCE 36 27562
SEND 1553583321 INTRODUCE 36 27637
SEND 1553583321 INTRODUCE 36 21178
SEND 1553583321 INTRODUCE 36 15339
SEND 1553583321 INTRODUCE 36 19599
SEND 1553583321 INTRODUCE 36 27448
SEND 1553583321 JOIN 32 12228
RECIEVED 1553583321 INTRODUCE 36 18 0
SEND 1553583321 INTRODUCE 36 29510
SEND 1553583321 INTRODUCE 36 30312
SEND 1553583321 INTRODUCE 36 20170
SEND 1553583321 INTRODUCE 36 19614
SEND 1553583321 INTRODUCE 36 20238
SEND 1553583321 INTRODUCE 36 22094
SEND 1553583321 INTRODUCE 36 18834
SEND 1553583321 INTRODUCE 36 15865
SEND 1553583321 INTRODUCE 36 20855
SEND 1553583321 INTRODUCE 36 22851
SEND 1553583321 INTRODUCE 36 20181
SEND 1553583321 INTRODUCE 36 15440
SEND 1553583321 INTRODUCE 36 21766
SEND 1553583321 INTRODUCE 36 16804
SEND 1553583321 INTRODUCE 36 14910
SEND 1553583321 INTRODUCE 36 29949
SEND 1553583321 INTRODUCE 36 88793
SEND 1553583321 INTRODUCE 36 45381
SEND 1553583321 JOIN 32 30247
RECIEVED 1553583321 INTRODUCE 36 19 0
SEND 1553583321 INTRODUCE 36 21277
SEND 1553583321 INTRODUCE 36 68455
SEND 1553583321 INTRODUCE 36 18847
SEND 1553583321 INTRODUCE 36 19781
SEND 1553583321 INTRODUCE 36 54482
SEND 1553583321 INTRODUCE 36 28972
SEND 1553583321 INTRODUCE 36 20386
SEND 1553583321 INTRODUCE 36 24193
SEND 1553583321 INTRODUCE 36 21304
SEND 1553583321 INTRODUCE 36 21640
SEND 1553583321 INTRODUCE 36 35392
SEND 1553583321 INTRODUCE 36 27848
SEND 1553583321 INTRODUCE 36 28230
SEND 1553583321 INTRODUCE 36 14876
SEND 1553583321 INTRODUCE 36 33966
SEND 1553583321 INTRODUCE 36 41266
SEND 1553583321 INTRODUCE 36 16504
SEND 1553583321 INTRODUCE 36 26293
SEND 1553583321 INTRODUCE 36 11860
SEND 1553583321 JOIN 32 21051
RECIEVED 1553583321 INTRODUCE 37 20 0
RECIEVED 1553583321 INTRODUCE 36 20 0
RECIEVED 1553583321 INTRODUCE 37 20 0
SEND 1553583321 INTRODUCE 37 20214
SEND 1553583321 INTRODUCE 37 37126
SEND 1553583321 INTRODUCE 37 30924
SEND 1553583321 INTRODUCE 37 19821
SEND 1553583321 INTRODUCE 37 18730
SEND 1553583321 INTRODUCE 37 23626
SEND 1553583321 INTRODUCE 37 20599
SEND 1553583321 INTRODUCE 37 48970
SEND 1553583321 INTRODUCE 37 19691
SEND 1553583321 INTRODUCE 37 26957
SEND 1553583321 INTRODUCE 37 18448
SEND 1553583321 INTRODUCE 37 20676
SEND 1553583321 INTRODUCE 37 19708
SEND 1553583321 INTRODUCE 37 21035
SEND 1553583321 INTRODUCE 37 13792
SEND 1553583321 INTRODUCE 37 15148
SEND 1553583321 INTRODUCE 37 21940
SEND 1553583321 INTRODUCE 37 19688
SEND 1553583321 INTRODUCE 37 18992
SEND 1553583321 INTRODUCE 37 23990
SEND 1553583321 JOIN 32 32169
RECIEVED 1553583321 INTRODUCE 37 21 0
SEND 1553583321 INTRODUCE 37 22344
SEND 1553583321 INTRODUCE 37 44132
SEND 1553583321 INTRODUCE 37 41469
SEND 1553583321 INTRODUCE 37 31199
SEND 1553583321 INTRODUCE 37 18350
SEND 1553583321 INTRODUCE 37 33380
SEND 1553583321 INTRODUCE 37 29586
SEND 1553583321 INTRODUCE 37 38621
SEND 1553583321 INTRODUCE 37 26061
SEND 1553583321 INTRODUCE 37 32555
SEND 1553583321 INTRODUCE 37 26939
SEND 1553583321 INTRODUCE 37 19317
SEND 1553583321 INTRODUCE 37 14399
SEND 1553583321 INTRODUCE 37 40688
SEND 1553583321 INTRODUCE 37 50937
SEND 1553583321 INTRODUCE 37 22091
SEND 1553583321 INTRODUCE 37 25856
SEND 1553583321 INTRODUCE 37 24802
SEND 1553583321 INTRODUCE 37 25030
SEND 1553583321 INTRODUCE 37 46071
SEND 1553583321 INTRODUCE 37 20141
SEND 1553583321 JOIN 32 26144
RECIEVED 1553583321 INTRODUCE 36 22 0
RECIEVED 1553583321 INTRODUCE 35 22 0
RECIEVED 1553583321 INTRODUCE 36 22 0
SEND 1553583321 INTRODUCE 36 40017
SEND 1553583321 INTRODUCE 36 14830
SEND 1553583321 INTRODUCE 36 14977
SEND 1553583321 INTRODUCE 36 23303
SEND 1553583321 INTRODUCE 36 23712
SEND 1553583321 INTRODUCE 36 25916
SEND 1553583321 INTRODUCE 36 29500
SEND 1553583321 INTRODUCE 36 19270
SEND 1553583321 INTRODUCE 36 14877
SEND 1553583321 INTRODUCE 36 19427
SEND 1553583321 INTRODUCE 36 19190
SEND 1553583321 INTRODUCE 36 33687
SEND 1553583321 INTRODUCE 36 19609
SEND 1553583321 INTRODUCE 36 34371
# recieved string JOIN node9 172.22.156.206 8009

SEND 1553583321 INTRODUCE 36 19917
SEND 1553583321 INTRODUCE 36 28001
SEND 1553583321 INTRODUCE 36 26131
SEND 1553583321 INTRODUCE 36 22036
SEND 1553583321 INTRODUCE 36 19280
SEND 1553583321 INTRODUCE 36 20752
SEND 1553583321 INTRODUCE 36 39884
SEND 1553583321 INTRODUCE 36 18950
SEND 1553583321 JOIN 32 16071
RECIEVED 1553583321 INTRODUCE 36 23 0
SEND 1553583321 INTRODUCE 36 33539
SEND 1553583321 INTRODUCE 36 25244
SEND 1553583321 INTRODUCE 36 58263
SEND 1553583321 INTRODUCE 36 15498
SEND 1553583321 INTRODUCE 36 18375
SEND 1553583321 INTRODUCE 36 24758
SEND 1553583321 INTRODUCE 36 18484
SEND 1553583321 INTRODUCE 36 20183
SEND 1553583321 INTRODUCE 36 38814
SEND 1553583321 INTRODUCE 36 20403
SEND 1553583321 INTRODUCE 36 26699
SEND 1553583321 INTRODUCE 36 19706
SEND 1553583321 INTRODUCE 36 24233
SEND 1553583321 INTRODUCE 36 18895
SEND 1553583321 INTRODUCE 36 15119
SEND 1553583321 INTRODUCE 36 20308
SEND 1553583321 INTRODUCE 36 29549
SEND 1553583321 INTRODUCE 36 29993
SEND 1553583321 INTRODUCE 36 19593
SEND 1553583321 INTRODUCE 36 19129
SEND 1553583321 INTRODUCE 36 33833
SEND 1553583321 INTRODUCE 36 33727
SEND 1553583321 INTRODUCE 36 34811
SEND 1553583321 JOIN 32 20338
RECIEVED 1553583321 INTRODUCE 36 24 0
RECIEVED 1553583321 INTRODUCE 37 24 0
SEND 1553583321 INTRODUCE 37 32249
SEND 1553583321 INTRODUCE 37 20547
SEND 1553583321 INTRODUCE 37 19549
SEND 1553583321 INTRODUCE 37 20387
SEND 1553583321 INTRODUCE 37 20319
SEND 1553583321 INTRODUCE 37 18463
SEND 1553583321 INTRODUCE 37 29434
SEND 1553583321 INTRODUCE 37 19827
SEND 1553583321 INTRODUCE 37 27142
SEND 1553583321 INTRODUCE 37 24766
SEND 1553583321 INTRODUCE 37 23011
SEND 1553583321 INTRODUCE 37 51772
SEND 1553583321 INTRODUCE 37 26701
SEND 1553583321 INTRODUCE 37 20013
SEND 1553583321 INTRODUCE 37 19810
SEND 1553583321 INTRODUCE 37 19179
SEND 1553583321 INTRODUCE 37 17883
SEND 1553583321 INTRODUCE 37 15289
SEND 1553583321 INTRODUCE 37 15519
SEND 1553583321 INTRODUCE 37 19252
SEND 1553583321 INTRODUCE 37 15050
SEND 1553583321 INTRODUCE 37 19443
SEND 1553583321 INTRODUCE 37 30201
SEND 1553583321 INTRODUCE 37 23278
SEND 1553583321 JOIN 32 32333
RECIEVED 1553583321 INTRODUCE 36 25 0
SEND 1553583321 INTRODUCE 36 16407
SEND 1553583321 INTRODUCE 36 26308
SEND 1553583321 INTRODUCE 36 38559
SEND 1553583321 INTRODUCE 36 27131
SEND 1553583321 INTRODUCE 36 21589
SEND 1553583321 INTRODUCE 36 28660
SEND 1553583321 INTRODUCE 36 36645
SEND 1553583321 INTRODUCE 36 52979
SEND 1553583321 INTRODUCE 36 19215
SEND 1553583321 INTRODUCE 36 15750
SEND 1553583321 INTRODUCE 36 25576
SEND 1553583321 INTRODUCE 36 50391
SEND 1553583321 INTRODUCE 36 24133
SEND 1553583321 INTRODUCE 36 20080
SEND 1553583321 INTRODUCE 36 38771
SEND 1553583321 INTRODUCE 36 10629
SEND 1553583321 INTRODUCE 36 10091
SEND 1553583321 INTRODUCE 36 9823
SEND 1553583321 INTRODUCE 36 9272
SEND 1553583321 INTRODUCE 36 16392
SEND 1553583321 INTRODUCE 36 11012
SEND 1553583321 INTRODUCE 36 39243
SEND 1553583321 INTRODUCE 36 16688
SEND 1553583321 INTRODUCE 36 10284
SEND 1553583321 INTRODUCE 36 16812
SEND 1553583321 JOIN 32 11588
RECIEVED 1553583321 INTRODUCE 36 26 0
RECIEVED 1553583321 INTRODUCE 36 26 0
RECIEVED 1553583321 INTRODUCE 36 26 0
RECIEVED 1553583321 INTRODUCE 36 26 0
RECIEVED 1553583321 INTRODUCE 36 26 0
SEND 1553583321 INTRODUCE 36 11955
SEND 1553583321 INTRODUCE 36 14915
SEND 1553583321 INTRODUCE 36 50459
SEND 1553583321 INTRODUCE 36 13610
SEND 1553583321 INTRODUCE 36 10715
SEND 1553583321 INTRODUCE 36 11406
SEND 1553583321 INTRODUCE 36 11575
SEND 1553583321 INTRODUCE 36 10410
SEND 1553583321 INTRODUCE 36 10568
SEND 1553583321 INTRODUCE 36 9876
SEND 1553583321 INTRODUCE 36 11427
SEND 1553583321 INTRODUCE 36 31217
SEND 1553583321 INTRODUCE 36 11522
SEND 1553583321 INTRODUCE 36 11099
SEND 1553583321 INTRODUCE 36 10791
SEND 1553583321 INTRODUCE 36 9921
SEND 1553583321 INTRODUCE 36 23734
SEND 1553583321 INTRODUCE 36 16259
SEND 1553583322 INTRODUCE 36 9112
SEND 1553583322 INTRODUCE 36 15328
SEND 1553583322 INTRODUCE 36 40078
SEND 1553583322 INTRODUCE 36 25332
SEND 1553583322 INTRODUCE 36 15536
SEND 1553583322 INTRODUCE 36 14392
SEND 1553583322 INTRODUCE 36 10917
SEND 1553583322 INTRODUCE 36 10436
SEND 1553583322 JOIN 32 15423
RECIEVED 1553583322 INTRODUCE 36 27 0
RECIEVED 1553583322 INTRODUCE 36 27 0
RECIEVED 1553583322 INTRODUCE 37 27 0
SEND 1553583322 INTRODUCE 37 29547
SEND 1553583322 INTRODUCE 37 15292
SEND 1553583322 INTRODUCE 37 16648
SEND 1553583322 INTRODUCE 37 33044
SEND 1553583322 INTRODUCE 37 10953
SEND 1553583322 INTRODUCE 37 11355
SEND 1553583322 INTRODUCE 37 10600
SEND 1553583322 INTRODUCE 37 9548
SEND 1553583322 INTRODUCE 37 21528
SEND 1553583322 INTRODUCE 37 10787
SEND 1553583322 INTRODUCE 37 11514
SEND 1553583322 INTRODUCE 37 29603
SEND 1553583322 INTRODUCE 37 10819
SEND 1553583322 INTRODUCE 37 9903
SEND 1553583322 INTRODUCE 37 41560
SEND 1553583322 INTRODUCE 37 16023
SEND 1553583322 INTRODUCE 37 27697
SEND 1553583322 INTRODUCE 37 12386
SEND 1553583322 INTRODUCE 37 11235
SEND 1553583322 INTRODUCE 37 12967
SEND 1553583322 INTRODUCE 37 44330
SEND 1553583322 INTRODUCE 37 28736
SEND 1553583322 INTRODUCE 37 10459
SEND 1553583322 INTRODUCE 37 11717
SEND 1553583322 INTRODUCE 37 11479
SEND 1553583322 INTRODUCE 37 10054
SEND 1553583322 INTRODUCE 37 10263
SEND 1553583322 JOIN 32 14128
RECIEVED 1553583322 INTRODUCE 37 28 0
RECIEVED 1553583322 INTRODUCE 37 28 0
RECIEVED 1553583322 INTRODUCE 37 28 0
RECIEVED 1553583322 INTRODUCE 36 28 0
RECIEVED 1553583322 INTRODUCE 36 28 0
RECIEVED 1553583322 INTRODUCE 35 28 0
RECIEVED 1553583322 INTRODUCE 37 28 0
SEND 1553583322 INTRODUCE 37 10074
SEND 1553583322 INTRODUCE 37 21290
SEND 1553583322 INTRODUCE 37 23248
SEND 1553583322 INTRODUCE 37 11040
SEND 1553583322 INTRODUCE 37 23583
SEND 1553583322 INTRODUCE 37 11194
SEND 1553583322 INTRODUCE 37 11303
SEND 1553583322 INTRODUCE 37 15617
SEND 1553583322 INTRODUCE 37 11116
SEND 1553583322 INTRODUCE 37 31297
SEND 1553583322 INTRODUCE 37 10995
SEND 1553583322 INTRODUCE 37 11177
SEND 1553583322 INTRODUCE 37 15704
SEND 1553583322 INTRODUCE 37 11390
SEND 1553583322 INTRODUCE 37 16423
SEND 1553583322 INTRODUCE 37 11790
SEND 1553583322 INTRODUCE 37 11788
SEND 1553583322 INTRODUCE 37 11584
SEND 1553583322 INTRODUCE 37 10331
SEND 1553583322 INTRODUCE 37 10954
SEND 1553583322 INTRODUCE 37 40894
SEND 1553583322 INTRODUCE 37 21240
SEND 1553583322 INTRODUCE 37 27482
SEND 1553583322 INTRODUCE 37 11052
SEND 1553583322 INTRODUCE 37 10023
SEND 1553583322 INTRODUCE 37 30845
SEND 1553583322 INTRODUCE 37 10665
SEND 1553583322 INTRODUCE 37 10955
SEND 1553583322 JOIN 32 14412
RECIEVED 1553583322 INTRODUCE 36 29 0
RECIEVED 1553583322 INTRODUCE 36 29 0
RECIEVED 1553583322 INTRODUCE 37 29 0
RECIEVED 1553583322 INTRODUCE 36 29 0
RECIEVED 1553583322 INTRODUCE 36 29 0
RECIEVED 1553583322 INTRODUCE 36 29 0
RECIEVED 1553583322 INTRODUCE 36 29 0
RECIEVED 1553583322 INTRODUCE 36 29 0
RECIEVED 1553583322 INTRODUCE 36 29 0
SEND 1553583322 INTRODUCE 36 10803
SEND 1553583322 INTRODUCE 36 44142
SEND 1553583322 INTRODUCE 36 15491
SEND 1553583322 INTRODUCE 36 30663
SEND 1553583322 INTRODUCE 36 21531
# recieved string JOIN node6 172.22.156.206 8006

SEND 1553583322 INTRODUCE 36 26419
SEND 1553583322 INTRODUCE 36 10998
SEND 1553583322 INTRODUCE 36 11167
SEND 1553583322 INTRODUCE 36 10796
SEND 1553583322 INTRODUCE 36 14719
SEND 1553583322 INTRODUCE 36 10955
SEND 1553583322 INTRODUCE 36 12031
SEND 1553583322 INTRODUCE 36 28364
SEND 1553583322 INTRODUCE 36 11510
SEND 1553583322 INTRODUCE 36 31659
SEND 1553583322 INTRODUCE 36 16689
SEND 1553583322 INTRODUCE 36 10980
SEND 1553583322 INTRODUCE 36 39454
SEND 1553583322 INTRODUCE 36 24554
SEND 1553583322 INTRODUCE 36 51008
SEND 1553583322 INTRODUCE 36 11243
SEND 1553583322 INTRODUCE 36 11260
SEND 1553583322 INTRODUCE 36 10973
SEND 1553583322 INTRODUCE 36 23915
SEND 1553583322 INTRODUCE 36 29598
SEND 1553583322 INTRODUCE 36 10958
SEND 1553583322 INTRODUCE 36 10952
SEND 1553583322 INTRODUCE 36 11614
SEND 1553583322 INTRODUCE 36 18855
SEND 1553583322 JOIN 32 9971
RECIEVED 1553583322 INTRODUCE 36 30 0
RECIEVED 1553583322 INTRODUCE 36 30 0
RECIEVED 1553583322 INTRODUCE 37 30 0
RECIEVED 1553583322 INTRODUCE 36 30 0
RECIEVED 1553583322 INTRODUCE 36 30 0
RECIEVED 1553583322 INTRODUCE 37 30 0
RECIEVED 1553583322 INTRODUCE 36 30 0
RECIEVED 1553583322 INTRODUCE 36 30 0
RECIEVED 1553583322 INTRODUCE 37 30 0
RECIEVED 1553583322 INTRODUCE 37 30 0
RECIEVED 1553583322 INTRODUCE 36 30 0
RECIEVED 1553583322 INTRODUCE 37 30 0
RECIEVED 1553583322 INTRODUCE 36 30 0
RECIEVED 1553583322 INTRODUCE 36 30 0
RECIEVED 1553583322 INTRODUCE 37 30 0
SEND 1553583322 INTRODUCE 37 10026
SEND 1553583322 INTRODUCE 37 10696
SEND 1553583322 INTRODUCE 37 9446
SEND 1553583322 INTRODUCE 37 16266
SEND 1553583322 INTRODUCE 37 10631
SEND 1553583322 INTRODUCE 37 31577
SEND 1553583322 INTRODUCE 37 10066
SEND 1553583322 INTRODUCE 37 10723
SEND 1553583322 INTRODUCE 37 11409
SEND 1553583322 INTRODUCE 37 11545
SEND 1553583322 INTRODUCE 37 23134
SEND 1553583322 INTRODUCE 37 11815
SEND 1553583322 INTRODUCE 37 15778
SEND 1553583322 INTRODUCE 37 10864
SEND 1553583322 INTRODUCE 37 10898
SEND 1553583322 INTRODUCE 37 11873
SEND 1553583322 INTRODUCE 37 16848
SEND 1553583322 INTRODUCE 37 11369
SEND 1553583322 INTRODUCE 37 18257
SEND 1553583322 INTRODUCE 37 41193
SEND 1553583322 INTRODUCE 37 10917
SEND 1553583322 INTRODUCE 37 13198
SEND 1553583322 INTRODUCE 37 10821
SEND 1553583322 INTRODUCE 37 33191
SEND 1553583322 INTRODUCE 37 10897
SEND 1553583322 INTRODUCE 37 18512
SEND 1553583322 INTRODUCE 37 14832
SEND 1553583322 INTRODUCE 37 40505
SEND 1553583322 INTRODUCE 37 11332
SEND 1553583322 INTRODUCE 37 16796
SEND 1553583322 JOIN 32 15548
RECIEVED 1553583322 INTRODUCE 36 31 0
RECIEVED 1553583322 INTRODUCE 36 31 0
RECIEVED 1553583322 INTRODUCE 36 31 0
RECIEVED 1553583322 INTRODUCE 35 31 0
RECIEVED 1553583322 INTRODUCE 36 31 0
RECIEVED 1553583322 INTRODUCE 36 31 0
RECIEVED 1553583322 INTRODUCE 36 31 0
RECIEVED 1553583322 INTRODUCE 35 31 0
RECIEVED 1553583322 INTRODUCE 37 31 0
RECIEVED 1553583322 INTRODUCE 37 31 0
RECIEVED 1553583322 INTRODUCE 36 31 0
RECIEVED 1553583322 INTRODUCE 36 31 0
SEND 1553583322 INTRODUCE 36 14462
SEND 1553583322 INTRODUCE 36 22501
SEND 1553583322 INTRODUCE 36 11171
SEND 1553583322 INTRODUCE 36 11257
SEND 1553583322 INTRODUCE 36 11518
SEND 1553583322 INTRODUCE 36 24189
SEND 1553583322 INTRODUCE 36 11163
SEND 1553583322 INTRODUCE 36 24092
SEND 1553583322 INTRODUCE 36 32218
SEND 1553583322 INTRODUCE 36 15104
SEND 1553583322 INTRODUCE 36 16097
SEND 1553583322 INTRODUCE 36 29284
SEND 1553583322 INTRODUCE 36 15016
SEND 1553583322 INTRODUCE 36 11086
SEND 1553583322 INTRODUCE 36 11193
SEND 1553583322 INTRODUCE 36 10378
SEND 1553583322 INTRODUCE 36 15046
SEND 1553583322 INTRODUCE 36 11239
SEND 1553583322 INTRODUCE 36 10995
SEND 1553583322 INTRODUCE 36 10717
SEND 1553583322 INTRODUCE 36 11189
SEND 1553583322 INTRODUCE 36 10430
SEND 1553583322 INTRODUCE 36 15517
SEND 1553583322 INTRODUCE 36 11120
SEND 1553583322 INTRODUCE 36 11618
SEND 1553583322 INTRODUCE 36 28561
SEND 1553583322 INTRODUCE 36 10840
SEND 1553583322 INTRODUCE 36 10747
SEND 1553583322 INTRODUCE 36 15008
SEND 1553583322 INTRODUCE 36 11437
SEND 1553583322 INTRODUCE 36 51125
SEND 1553583322 JOIN 32 16455
RECIEVED 1553583322 INTRODUCE 37 32 0
RECIEVED 1553583322 INTRODUCE 36 32 0
RECIEVED 1553583322 INTRODUCE 36 32 0
RECIEVED 1553583322 INTRODUCE 36 32 0
RECIEVED 1553583322 INTRODUCE 35 32 0
RECIEVED 1553583322 INTRODUCE 37 32 0
RECIEVED 1553583322 INTRODUCE 37 32 0
RECIEVED 1553583322 INTRODUCE 36 32 0
RECIEVED 1553583322 INTRODUCE 37 32 0
RECIEVED 1553583322 INTRODUCE 37 32 0
RECIEVED 1553583322 INTRODUCE 37 32 0
RECIEVED 1553583322 INTRODUCE 36 32 0
RECIEVED 1553583322 INTRODUCE 37 32 0
RECIEVED 1553583322 INTRODUCE 36 32 0
RECIEVED 1553583322 INTRODUCE 36 32 0
RECIEVED 1553583322 INTRODUCE 36 32 0
RECIEVED 1553583322 INTRODUCE 36 32 0
RECIEVED 1553583322 INTRODUCE 36 32 0
RECIEVED 1553583322 INTRODUCE 37 32 0
RECIEVED 1553583322 INTRODUCE 36 32 0
RECIEVED 1553583322 INTRODUCE 36 32 0
RECIEVED 1553583322 INTRODUCE 37 32 0
RECIEVED 1553583322 INTRODUCE 36 32 0
RECIEVED 1553583322 INTRODUCE 36 32 0
RECIEVED 1553583322 INTRODUCE 36 32 0
RECIEVED 1553583322 INTRODUCE 37 32 0
RECIEVED 1553583322 INTRODUCE 37 32 0
RECIEVED 1553583322 INTRODUCE 37 32 0
RECIEVED 1553583322 INTRODUCE 36 32 0
RECIEVED 1553583322 INTRODUCE 36 32 0
RECIEVED 1553583322 INTRODUCE 36 32 0
RECIEVED 1553583322 INTRODUCE 37 32 0
RECIEVED 1553583322 INTRODUCE 36 32 0
RECIEVED 1553583322 INTRODUCE 37 32 0
RECIEVED 1553583322 INTRODUCE 36 32 0
RECIEVED 1553583322 INTRODUCE 36 32 0
RECIEVED 1553583322 INTRODUCE 36 32 0
RECIEVED 1553583322 INTRODUCE 36 32 0
RECIEVED 1553583322 INTRODUCE 35 32 0
RECIEVED 1553583322 INTRODUCE 37 32 0
RECIEVED 1553583322 INTRODUCE 36 32 0
RECIEVED 1553583322 INTRODUCE 36 32 0
RECIEVED 1553583322 INTRODUCE 37 32 0
RECIEVED 1553583322 INTRODUCE 36 32 0
RECIEVED 1553583322 INTRODUCE 35 32 0
SEND 1553583322 INTRODUCE 35 37422
SEND 1553583322 INTRODUCE 35 8323
SEND 1553583322 INTRODUCE 35 11305
SEND 1553583322 INTRODUCE 35 10959
SEND 1553583322 INTRODUCE 35 23326
SEND 1553583322 INTRODUCE 35 11444
SEND 1553583322 INTRODUCE 35 10525
SEND 1553583322 INTRODUCE 35 43729
SEND 1553583322 INTRODUCE 35 11306
SEND 1553583322 INTRODUCE 35 11737
SEND 1553583322 INTRODUCE 35 14561
SEND 1553583322 INTRODUCE 35 23004
SEND 1553583322 INTRODUCE 35 11238
SEND 1553583322 INTRODUCE 35 11670
SEND 1553583322 INTRODUCE 35 15059
SEND 1553583322 INTRODUCE 35 11050
SEND 1553583322 INTRODUCE 35 11763
SEND 1553583322 INTRODUCE 35 11505
SEND 1553583322 INTRODUCE 35 14432
SEND 1553583322 INTRODUCE 35 11379
SEND 1553583322 INTRODUCE 35 25471
SEND 1553583322 INTRODUCE 35 11157
SEND 1553583322 INTRODUCE 35 10831
SEND 1553583322 INTRODUCE 35 14476
SEND 1553583322 INTRODUCE 35 14672
SEND 1553583322 INTRODUCE 35 11648
SEND 1553583322 INTRODUCE 35 10527
SEND 1553583322 INTRODUCE 35 11091
SEND 1553583322 INTRODUCE 35 15313
SEND 1553583322 INTRODUCE 35 10849
SEND 1553583322 INTRODUCE 35 10712
SEND 1553583322 INTRODUCE 35 11043
SEND 1553583322 JOIN 32 28543
RECIEVED 1553583322 INTRODUCE 36 33 0
RECIEVED 1553583322 INTRODUCE 37 33 0
RECIEVED 1553583322 INTRODUCE 35 33 0
RECIEVED 1553583322 INTRODUCE 37 33 0
RECIEVED 1553583322 INTRODUCE 37 33 0
RECIEVED 1553583322 INTRODUCE 36 33 0
RECIEVED 1553583322 INTRODUCE 36 33 0
RECIEVED 1553583322 INTRODUCE 36 33 0
RECIEVED 1553583322 INTRODUCE 37 33 0
RECIEVED 1553583322 INTRODUCE 36 33 0
RECIEVED 1553583322 INTRODUCE 37 33 0
RECIEVED 1553583322 INTRODUCE 36 33 0
RECIEVED 1553583322 INTRODUCE 36 33 0
RECIEVED 1553583322 INTRODUCE 37 33 0
RECIEVED 1553583322 INTRODUCE 36 33 0
RECIEVED 1553583322 INTRODUCE 36 33 0
RECIEVED 1553583322 INTRODUCE 37 33 0
RECIEVED 1553583322 INTRODUCE 35 33 0
RECIEVED 1553583322 INTRODUCE 36 33 0
RECIEVED 1553583322 INTRODUCE 37 33 0
RECIEVED 1553583322 INTRODUCE 36 33 0
RECIEVED 1553583322 INTRODUCE 37 33 0
RECIEVED 1553583322 INTRODUCE 36 33 0
RECIEVED 1553583322 INTRODUCE 36 33 0
RECIEVED 1553583322 INTRODUCE 36 33 0
RECIEVED 1553583322 INTRODUCE 37 33 0
RECIEVED 1553583322 INTRODUCE 36 33 0
RECIEVED 1553583322 INTRODUCE 37 33 0
RECIEVED 1553583322 INTRODUCE 36 33 0
RECIEVED 1553583322 INTRODUCE 35 33 0
RECIEVED 1553583322 INTRODUCE 36 33 0
RECIEVED 1553583322 INTRODUCE 36 33 0
RECIEVED 1553583322 INTRODUCE 36 33 0
RECIEVED 1553583322 INTRODUCE 36 33 0
RECIEVED 1553583322 INTRODUCE 36 33 0
RECIEVED 1553583322 INTRODUCE 37 33 0
RECIEVED 1553583322 INTRODUCE 36 33 0
RECIEVED 1553583322 INTRODUCE 36 33 0
RECIEVED 1553583322 INTRODUCE 37 33 0
RECIEVED 1553583322 INTRODUCE 36 33 0
RECIEVED 1553583322 INTRODUCE 36 33 0
RECIEVED 1553583322 INTRODUCE 36 33 0
RECIEVED 1553583322 INTRODUCE 36 33 0
RECIEVED 1553583322 INTRODUCE 37 33 0
RECIEVED 1553583322 INTRODUCE 37 33 0
RECIEVED 1553583322 INTRODUCE 37 33 0
RECIEVED 1553583322 INTRODUCE 36 33 0
SEND 1553583322 INTRODUCE 36 12521
SEND 1553583322 INTRODUCE 36 11300
SEND 1553583322 INTRODUCE 36 10970
SEND 1553583322 INTRODUCE 36 11240
SEND 1553583322 INTRODUCE 36 12006
SEND 1553583322 INTRODUCE 36 39699
SEND 1553583322 INTRODUCE 36 17408
SEND 1553583322 INTRODUCE 36 9082
SEND 1553583322 INTRODUCE 36 16742
SEND 1553583322 INTRODUCE 36 15039
SEND 1553583322 INTRODUCE 36 11722
SEND 1553583322 INTRODUCE 36 19665
SEND 1553583322 INTRODUCE 36 34343
SEND 1553583322 INTRODUCE 36 82374
SEND 1553583322 INTRODUCE 36 10912
SEND 1553583322 INTRODUCE 36 12888
SEND 1553583322 INTRODUCE 36 11323
SEND 1553583322 INTRODUCE 36 14954
SEND 1553583322 INTRODUCE 36 11466
SEND 1553583322 INTRODUCE 36 15857
SEND 1553583322 INTRODUCE 36 18168
SEND 1553583322 INTRODUCE 36 20406
SEND 1553583322 INTRODUCE 36 11283
SEND 1553583322 INTRODUCE 36 11516
# recieved string JOIN node4 172.22.156.206 8004

SEND 1553583322 INTRODUCE 36 22859
SEND 1553583322 INTRODUCE 36 14454
SEND 1553583322 INTRODUCE 36 11453
SEND 1553583322 INTRODUCE 36 11684
SEND 1553583322 INTRODUCE 36 11068
SEND 1553583322 INTRODUCE 36 10684
SEND 1553583322 INTRODUCE 36 14894
SEND 1553583322 INTRODUCE 36 10656
SEND 1553583322 INTRODUCE 36 17888
SEND 1553583322 JOIN 32 16851
RECIEVED 1553583322 INTRODUCE 36 34 0
RECIEVED 1553583322 INTRODUCE 36 34 0
RECIEVED 1553583322 INTRODUCE 36 34 0
RECIEVED 1553583322 INTRODUCE 36 34 0
RECIEVED 1553583322 INTRODUCE 36 34 0
RECIEVED 1553583322 INTRODUCE 36 34 0
RECIEVED 1553583322 INTRODUCE 36 34 0
RECIEVED 1553583322 INTRODUCE 36 34 0
RECIEVED 1553583322 INTRODUCE 36 34 0
RECIEVED 1553583322 INTRODUCE 36 34 0
SEND 1553583322 INTRODUCE 36 14057
SEND 1553583322 INTRODUCE 36 30524
SEND 1553583322 INTRODUCE 36 22594
SEND 1553583322 INTRODUCE 36 41303
SEND 1553583322 INTRODUCE 36 10662
SEND 1553583322 INTRODUCE 36 9956
SEND 1553583322 INTRODUCE 36 11652
SEND 1553583322 INTRODUCE 36 43913
SEND 1553583322 INTRODUCE 36 28690
SEND 1553583322 INTRODUCE 36 20883
SEND 1553583322 INTRODUCE 36 21149
SEND 1553583322 INTRODUCE 36 14582
SEND 1553583322 INTRODUCE 36 55708
SEND 1553583322 INTRODUCE 36 16451
SEND 1553583322 INTRODUCE 36 11384
SEND 1553583322 INTRODUCE 36 14619
SEND 1553583322 INTRODUCE 36 10035
SEND 1553583322 INTRODUCE 36 10491
SEND 1553583322 INTRODUCE 36 11453
SEND 1553583322 INTRODUCE 36 10986
SEND 1553583322 INTRODUCE 36 14749
SEND 1553583322 INTRODUCE 36 18200
SEND 1553583322 INTRODUCE 36 9737
SEND 1553583322 INTRODUCE 36 15355
SEND 1553583322 INTRODUCE 36 11574
SEND 1553583322 INTRODUCE 36 10299
SEND 1553583322 INTRODUCE 36 11319
SEND 1553583322 INTRODUCE 36 11256
SEND 1553583322 INTRODUCE 36 21144
SEND 1553583322 INTRODUCE 36 11052
SEND 1553583322 INTRODUCE 36 11454
SEND 1553583322 INTRODUCE 36 14077
SEND 1553583322 INTRODUCE 36 57919
SEND 1553583322 INTRODUCE 36 16993
SEND 1553583322 JOIN 32 13909
RECIEVED 1553583322 INTRODUCE 36 35 0
RECIEVED 1553583322 INTRODUCE 36 35 0
RECIEVED 1553583322 INTRODUCE 37 35 0
SEND 1553583322 INTRODUCE 37 13338
SEND 1553583322 INTRODUCE 37 10831
SEND 1553583322 INTRODUCE 37 10860
SEND 1553583322 INTRODUCE 37 10982
SEND 1553583322 INTRODUCE 37 9942
SEND 1553583322 INTRODUCE 37 16037
SEND 1553583322 INTRODUCE 37 25268
SEND 1553583322 INTRODUCE 37 37295
SEND 1553583322 INTRODUCE 37 8449
SEND 1553583322 INTRODUCE 37 12821
SEND 1553583322 INTRODUCE 37 18176
SEND 1553583322 INTRODUCE 37 11397
SEND 1553583322 INTRODUCE 37 15438
SEND 1553583322 INTRODUCE 37 11409
SEND 1553583322 INTRODUCE 37 27000
SEND 1553583322 INTRODUCE 37 18922
SEND 1553583322 INTRODUCE 37 22924
SEND 1553583322 INTRODUCE 37 11860
SEND 1553583322 INTRODUCE 37 8506
SEND 1553583322 INTRODUCE 37 12076
SEND 1553583322 INTRODUCE 37 11539
SEND 1553583322 INTRODUCE 37 12095
SEND 1553583322 INTRODUCE 37 27441
SEND 1553583322 INTRODUCE 37 11415
SEND 1553583322 INTRODUCE 37 8839
SEND 1553583322 INTRODUCE 37 34383
SEND 1553583322 INTRODUCE 37 12300
SEND 1553583322 INTRODUCE 37 11583
SEND 1553583322 INTRODUCE 37 9277
SEND 1553583322 INTRODUCE 37 11398
SEND 1553583322 INTRODUCE 37 11993
SEND 1553583322 INTRODUCE 37 11288
SEND 1553583322 INTRODUCE 37 10276
SEND 1553583322 INTRODUCE 37 11082
SEND 1553583322 INTRODUCE 37 15627
SEND 1553583322 JOIN 32 36531
RECIEVED 1553583322 JOIN 31 36 0
SEND 1553583322 INTRODUCE 35 17052
SEND 1553583322 INTRODUCE 36 27329
SEND 1553583322 INTRODUCE 36 13880
SEND 1553583322 INTRODUCE 36 13678
SEND 1553583322 INTRODUCE 37 13448
SEND 1553583322 INTRODUCE 36 13845
SEND 1553583322 INTRODUCE 35 13066
SEND 1553583322 INTRODUCE 36 12678
SEND 1553583322 INTRODUCE 37 12840
SEND 1553583322 INTRODUCE 37 13251
SEND 1553583322 INTRODUCE 37 13728
SEND 1553583322 INTRODUCE 37 15971
SEND 1553583322 INTRODUCE 36 14173
SEND 1553583322 INTRODUCE 36 12971
SEND 1553583322 INTRODUCE 36 12225
SEND 1553583322 INTRODUCE 36 21060
SEND 1553583322 INTRODUCE 36 11672
SEND 1553583322 INTRODUCE 36 12822
SEND 1553583322 INTRODUCE 36 10268
SEND 1553583322 INTRODUCE 36 11154
SEND 1553583322 INTRODUCE 36 10931
SEND 1553583322 INTRODUCE 36 11064
SEND 1553583322 INTRODUCE 37 13115
SEND 1553583322 INTRODUCE 36 11065
SEND 1553583322 INTRODUCE 36 10986
SEND 1553583322 INTRODUCE 37 17006
SEND 1553583322 INTRODUCE 36 10691
SEND 1553583322 INTRODUCE 36 12494
SEND 1553583322 INTRODUCE 37 10937
SEND 1553583322 INTRODUCE 36 10924
SEND 1553583322 INTRODUCE 35 10317
SEND 1553583322 INTRODUCE 36 11047
SEND 1553583322 INTRODUCE 36 11220
SEND 1553583322 INTRODUCE 37 18966
SEND 1553583322 INTRODUCE 37 11634
SEND 1553583322 INTRODUCE 37 10493
RECIEVED 1553583322 INTRODUCE 36 37 0
RECIEVED 1553583322 INTRODUCE 36 37 0
RECIEVED 1553583322 INTRODUCE 37 37 0
RECIEVED 1553583322 INTRODUCE 37 37 0
SEND 1553583322 INTRODUCE 37 10623
SEND 1553583322 INTRODUCE 37 11361
SEND 1553583322 INTRODUCE 37 29390
SEND 1553583322 INTRODUCE 37 17182
SEND 1553583322 INTRODUCE 37 11268
SEND 1553583322 INTRODUCE 37 42918
SEND 1553583322 INTRODUCE 37 11594
SEND 1553583322 INTRODUCE 37 15231
SEND 1553583322 INTRODUCE 37 17003
SEND 1553583322 INTRODUCE 37 15574
SEND 1553583322 INTRODUCE 37 26184
SEND 1553583322 INTRODUCE 37 14926
SEND 1553583322 INTRODUCE 37 11287
SEND 1553583322 INTRODUCE 37 17835
SEND 1553583322 INTRODUCE 37 11681
SEND 1553583322 INTRODUCE 37 11019
SEND 1553583322 INTRODUCE 37 14664
SEND 1553583322 INTRODUCE 37 17761
SEND 1553583322 INTRODUCE 37 11471
SEND 1553583322 INTRODUCE 37 21500
SEND 1553583322 INTRODUCE 37 10446
SEND 1553583322 INTRODUCE 37 17164
SEND 1553583322 INTRODUCE 37 15716
SEND 1553583322 INTRODUCE 37 15332
SEND 1553583322 INTRODUCE 37 20596
SEND 1553583322 INTRODUCE 37 11289
SEND 1553583322 INTRODUCE 37 14455
SEND 1553583322 INTRODUCE 37 16915
SEND 1553583322 INTRODUCE 37 34503
SEND 1553583322 INTRODUCE 37 10060
SEND 1553583322 INTRODUCE 37 11231
SEND 1553583322 INTRODUCE 37 15298
SEND 1553583322 INTRODUCE 37 23514
SEND 1553583322 INTRODUCE 37 25078
SEND 1553583322 INTRODUCE 37 11041
SEND 1553583322 INTRODUCE 37 15958
# recieved string JOIN node14 172.22.156.206 8014

SEND 1553583322 INTRODUCE 37 15887
SEND 1553583322 JOIN 32 11129
RECIEVED 1553583322 INTRODUCE 37 38 0
RECIEVED 1553583322 INTRODUCE 36 38 0
RECIEVED 1553583322 INTRODUCE 35 38 0
RECIEVED 1553583322 INTRODUCE 36 38 0
RECIEVED 1553583322 INTRODUCE 36 38 0
RECIEVED 1553583322 INTRODUCE 36 38 0
RECIEVED 1553583322 INTRODUCE 37 38 0
RECIEVED 1553583322 INTRODUCE 37 38 0
RECIEVED 1553583322 INTRODUCE 36 38 0
RECIEVED 1553583322 INTRODUCE 37 38 0
RECIEVED 1553583322 INTRODUCE 35 38 0
RECIEVED 1553583322 INTRODUCE 36 38 0
RECIEVED 1553583322 INTRODUCE 36 38 0
RECIEVED 1553583322 INTRODUCE 37 38 0
RECIEVED 1553583322 INTRODUCE 36 38 0
RECIEVED 1553583322 INTRODUCE 36 38 0
RECIEVED 1553583322 INTRODUCE 36 38 0
RECIEVED 1553583322 INTRODUCE 37 38 0
RECIEVED 1553583322 INTRODUCE 36 38 0
RECIEVED 1553583322 INTRODUCE 37 38 0
RECIEVED 1553583322 INTRODUCE 35 38 0
RECIEVED 1553583322 INTRODUCE 36 38 0
RECIEVED 1553583322 INTRODUCE 36 38 0
RECIEVED 1553583322 INTRODUCE 37 38 0
RECIEVED 1553583322 INTRODUCE 37 38 0
RECIEVED 1553583322 INTRODUCE 36 38 0
RECIEVED 1553583322 INTRODUCE 36 38 0
RECIEVED 1553583322 INTRODUCE 37 38 0
RECIEVED 1553583322 INTRODUCE 37 38 0
RECIEVED 1553583322 INTRODUCE 36 38 0
RECIEVED 1553583322 INTRODUCE 37 38 0
RECIEVED 1553583322 INTRODUCE 36 38 0
RECIEVED 1553583322 INTRODUCE 37 38 0
RECIEVED 1553583322 INTRODUCE 36 38 0
RECIEVED 1553583322 INTRODUCE 36 38 0
RECIEVED 1553583322 INTRODUCE 37 38 0
RECIEVED 1553583322 INTRODUCE 36 38 0
RECIEVED 1553583322 INTRODUCE 36 38 0
RECIEVED 1553583322 INTRODUCE 36 38 0
SEND 1553583322 INTRODUCE 36 14359
SEND 1553583322 INTRODUCE 36 28132
SEND 1553583322 INTRODUCE 36 10835
SEND 1553583322 INTRODUCE 36 36394
SEND 1553583322 INTRODUCE 36 10211
SEND 1553583322 INTRODUCE 36 9630
SEND 1553583322 INTRODUCE 36 21810
SEND 1553583322 INTRODUCE 36 28361
SEND 1553583322 INTRODUCE 36 36038
SEND 1553583322 INTRODUCE 36 11172
SEND 1553583322 INTRODUCE 36 14438
SEND 1553583322 INTRODUCE 36 10477
SEND 1553583322 INTRODUCE 36 10933
SEND 1553583322 INTRODUCE 36 10820
SEND 1553583322 INTRODUCE 36 15701
# recieved string JOIN node1 172.22.94.216 8001

SEND 1553583322 INTRODUCE 36 9658
SEND 1553583322 INTRODUCE 36 14916
SEND 1553583322 INTRODUCE 36 11381
SEND 1553583322 INTRODUCE 36 10838
SEND 1553583322 INTRODUCE 36 11599
SEND 1553583322 INTRODUCE 36 34932
SEND 1553583322 INTRODUCE 36 16191
SEND 1553583322 INTRODUCE 36 14918
SEND 1553583322 INTRODUCE 36 32829
SEND 1553583322 INTRODUCE 36 10770
SEND 1553583322 INTRODUCE 36 9207
SEND 1553583322 INTRODUCE 36 15200
SEND 1553583322 INTRODUCE 36 15902
SEND 1553583322 INTRODUCE 36 18255
SEND 1553583322 INTRODUCE 36 14600
SEND 1553583322 INTRODUCE 36 15139
SEND 1553583322 INTRODUCE 36 10243
SEND 1553583322 INTRODUCE 36 15794
SEND 1553583322 INTRODUCE 36 15301
SEND 1553583322 INTRODUCE 36 15043
SEND 1553583322 INTRODUCE 36 11001
SEND 1553583322 INTRODUCE 36 15211
SEND 1553583322 INTRODUCE 36 10759
SEND 1553583322 JOIN 32 10650
RECIEVED 1553583322 INTRODUCE 37 39 0
RECIEVED 1553583322 INTRODUCE 36 39 0
RECIEVED 1553583322 INTRODUCE 37 39 0
RECIEVED 1553583322 INTRODUCE 36 39 0
RECIEVED 1553583322 INTRODUCE 36 39 0
SEND 1553583322 INTRODUCE 36 12812
SEND 1553583322 INTRODUCE 36 14835
SEND 1553583322 INTRODUCE 36 10401
SEND 1553583322 INTRODUCE 36 8749
SEND 1553583322 INTRODUCE 36 12038
SEND 1553583322 INTRODUCE 36 10235
SEND 1553583322 INTRODUCE 36 10678
SEND 1553583322 INTRODUCE 36 16220
SEND 1553583322 INTRODUCE 36 10401
SEND 1553583322 INTRODUCE 36 15148
SEND 1553583322 INTRODUCE 36 12042
SEND 1553583322 INTRODUCE 36 14652
SEND 1553583322 INTRODUCE 36 28568
SEND 1553583322 INTRODUCE 36 11206
SEND 1553583322 INTRODUCE 36 21743
SEND 1553583322 INTRODUCE 36 13543
SEND 1553583322 INTRODUCE 36 14879
SEND 1553583322 INTRODUCE 36 16589
SEND 1553583322 INTRODUCE 36 11382
SEND 1553583322 INTRODUCE 36 14190
SEND 1553583322 INTRODUCE 36 11055
SEND 1553583322 INTRODUCE 36 26709
SEND 1553583322 INTRODUCE 36 13531
SEND 1553583322 INTRODUCE 36 33530
SEND 1553583322 INTRODUCE 36 11344
SEND 1553583322 INTRODUCE 36 14088
SEND 1553583322 INTRODUCE 36 10912
SEND 1553583322 INTRODUCE 36 28802
SEND 1553583322 INTRODUCE 36 15461
SEND 1553583322 INTRODUCE 36 9940
SEND 1553583322 INTRODUCE 36 14584
SEND 1553583322 INTRODUCE 36 11729
SEND 1553583322 INTRODUCE 36 15100
SEND 1553583322 INTRODUCE 36 32979
SEND 1553583322 INTRODUCE 36 26208
SEND 1553583322 INTRODUCE 36 15994
SEND 1553583322 INTRODUCE 36 10995
SEND 1553583322 INTRODUCE 36 11211
SEND 1553583322 INTRODUCE 36 10428
SEND 1553583322 JOIN 32 11529
RECIEVED 1553583322 INTRODUCE 37 40 0
RECIEVED 1553583322 INTRODUCE 37 40 0
RECIEVED 1553583322 INTRODUCE 36 40 0
RECIEVED 1553583322 INTRODUCE 37 40 0
RECIEVED 1553583322 INTRODUCE 36 40 0
RECIEVED 1553583322 INTRODUCE 37 40 0
RECIEVED 1553583322 INTRODUCE 37 40 0
SEND 1553583322 INTRODUCE 37 9437
SEND 1553583322 INTRODUCE 37 16541
SEND 1553583322 INTRODUCE 37 11519
SEND 1553583322 INTRODUCE 37 10817
SEND 1553583322 INTRODUCE 37 35891
SEND 1553583322 INTRODUCE 37 11711
SEND 1553583322 INTRODUCE 37 11099
SEND 1553583322 INTRODUCE 37 28996
SEND 1553583322 INTRODUCE 37 12021
SEND 1553583322 INTRODUCE 37 9791
SEND 1553583322 INTRODUCE 37 15667
SEND 1553583322 INTRODUCE 37 15609
SEND 1553583322 INTRODUCE 37 15579
SEND 1553583322 INTRODUCE 37 10997
SEND 1553583322 INTRODUCE 37 24135
SEND 1553583322 INTRODUCE 37 10428
SEND 1553583322 INTRODUCE 37 14332
SEND 1553583322 INTRODUCE 37 11858
SEND 1553583322 INTRODUCE 37 26765
SEND 1553583322 INTRODUCE 37 10659
SEND 1553583322 INTRODUCE 37 12153
SEND 1553583322 INTRODUCE 37 10917
SEND 1553583322 INTRODUCE 37 16075
SEND 1553583322 INTRODUCE 37 16580
SEND 1553583322 INTRODUCE 37 11894
SEND 1553583322 INTRODUCE 37 11042
SEND 1553583322 INTRODUCE 37 16551
SEND 1553583322 INTRODUCE 37 11395
SEND 1553583322 INTRODUCE 37 15259
SEND 1553583322 INTRODUCE 37 12941
SEND 1553583322 INTRODUCE 37 20109
SEND 1553583322 INTRODUCE 37 20328
SEND 1553583322 INTRODUCE 37 33610
SEND 1553583322 INTRODUCE 37 33702
SEND 1553583322 INTRODUCE 37 37652
SEND 1553583322 INTRODUCE 37 11030
SEND 1553583322 INTRODUCE 37 13378
SEND 1553583322 INTRODUCE 37 13954
SEND 1553583322 INTRODUCE 37 11507
SEND 1553583322 INTRODUCE 37 10551
SEND 1553583322 JOIN 32 52913
RECIEVED 1553583322 INTRODUCE 36 41 0
RECIEVED 1553583322 INTRODUCE 37 41 0
RECIEVED 1553583322 INTRODUCE 36 41 0
RECIEVED 1553583322 INTRODUCE 36 41 0
RECIEVED 1553583322 INTRODUCE 37 41 0
RECIEVED 1553583322 JOIN 31 41 0
RECIEVED 1553583322 INTRODUCE 36 41 0
RECIEVED 1553583322 INTRODUCE 35 41 0
SEND 1553583322 INTRODUCE 35 21025
SEND 1553583322 INTRODUCE 35 11985
SEND 1553583322 INTRODUCE 35 14675
SEND 1553583322 INTRODUCE 35 11342
SEND 1553583322 INTRODUCE 35 23839
SEND 1553583322 INTRODUCE 35 12886
SEND 1553583322 INTRODUCE 35 10590
SEND 1553583322 INTRODUCE 35 15883
SEND 1553583322 INTRODUCE 35 11532
SEND 1553583322 INTRODUCE 35 11696
SEND 1553583322 INTRODUCE 35 11632
SEND 1553583322 INTRODUCE 35 32982
SEND 1553583322 INTRODUCE 35 10828
SEND 1553583322 INTRODUCE 35 26861
SEND 1553583322 INTRODUCE 35 15627
SEND 1553583322 INTRODUCE 35 12116
SEND 1553583322 INTRODUCE 35 10950
SEND 1553583322 INTRODUCE 35 14616
SEND 1553583322 INTRODUCE 35 15916
SEND 1553583322 INTRODUCE 35 18432
SEND 1553583322 INTRODUCE 35 18055
SEND 1553583322 INTRODUCE 35 12005
SEND 1553583322 INTRODUCE 35 11332
SEND 1553583322 INTRODUCE 35 11195
SEND 1553583322 INTRODUCE 35 9748
SEND 1553583322 INTRODUCE 35 12263
SEND 1553583322 INTRODUCE 35 12497
SEND 1553583322 INTRODUCE 35 10227
SEND 1553583322 INTRODUCE 35 14715
SEND 1553583322 INTRODUCE 35 21402
SEND 1553583322 INTRODUCE 35 37500
SEND 1553583322 INTRODUCE 35 11281
SEND 1553583322 INTRODUCE 35 19919
SEND 1553583322 INTRODUCE 35 14984
SEND 1553583322 INTRODUCE 35 11470
SEND 1553583322 INTRODUCE 35 15060
SEND 1553583322 INTRODUCE 35 15421
SEND 1553583322 INTRODUCE 35 11271
SEND 1553583322 INTRODUCE 35 11183
SEND 1553583322 INTRODUCE 35 23148
SEND 1553583322 INTRODUCE 35 14611
SEND 1553583322 JOIN 32 17660
RECIEVED 1553583322 INTRODUCE 36 42 0
RECIEVED 1553583322 INTRODUCE 35 42 0
RECIEVED 1553583322 INTRODUCE 37 42 0
RECIEVED 1553583322 INTRODUCE 36 42 0
RECIEVED 1553583322 INTRODUCE 37 42 0
RECIEVED 1553583322 INTRODUCE 37 42 0
RECIEVED 1553583322 INTRODUCE 36 42 0
RECIEVED 1553583322 INTRODUCE 36 42 0
SEND 1553583322 INTRODUCE 36 22511
SEND 1553583322 INTRODUCE 36 14486
SEND 1553583322 INTRODUCE 36 13686
SEND 1553583322 INTRODUCE 36 15754
SEND 1553583322 INTRODUCE 36 32154
SEND 1553583322 INTRODUCE 36 10726
SEND 1553583322 INTRODUCE 36 15730
SEND 1553583322 INTRODUCE 36 10368
SEND 1553583322 INTRODUCE 36 20798
SEND 1553583322 INTRODUCE 36 36949
SEND 1553583322 INTRODUCE 36 40350
SEND 1553583322 INTRODUCE 36 10500
SEND 1553583322 INTRODUCE 36 10716
SEND 1553583322 INTRODUCE 36 15984
SEND 1553583322 INTRODUCE 36 33117
SEND 1553583322 INTRODUCE 36 14879
SEND 1553583322 INTRODUCE 36 13762
SEND 1553583322 INTRODUCE 36 11967
SEND 1553583322 INTRODUCE 36 11749
SEND 1553583322 INTRODUCE 36 27770
SEND 1553583322 INTRODUCE 36 26300
SEND 1553583322 INTRODUCE 36 29698
SEND 1553583322 INTRODUCE 36 10605
SEND 1553583322 INTRODUCE 36 43176
SEND 1553583322 INTRODUCE 36 10619
SEND 1553583322 INTRODUCE 36 10327
SEND 1553583322 INTRODUCE 36 10404
SEND 1553583322 INTRODUCE 36 33043
SEND 1553583322 INTRODUCE 36 34512
SEND 1553583322 INTRODUCE 36 28285
SEND 1553583322 INTRODUCE 36 10890
SEND 1553583322 INTRODUCE 36 24695
SEND 1553583322 INTRODUCE 36 10154
SEND 1553583322 INTRODUCE 36 27283
SEND 1553583322 INTRODUCE 36 13959
SEND 1553583322 INTRODUCE 36 27455
SEND 1553583322 INTRODUCE 36 26449
SEND 1553583322 INTRODUCE 36 20751
SEND 1553583322 INTRODUCE 36 10991
SEND 1553583322 INTRODUCE 36 10880
SEND 1553583322 INTRODUCE 36 9812
SEND 1553583322 INTRODUCE 36 32441
SEND 1553583322 JOIN 32 14841
RECIEVED 1553583322 INTRODUCE 37 43 0
RECIEVED 1553583322 INTRODUCE 37 43 0
SEND 1553583322 INTRODUCE 37 9974
SEND 1553583322 INTRODUCE 37 15341
SEND 1553583322 INTRODUCE 37 10441
SEND 1553583322 INTRODUCE 37 26948
SEND 1553583322 INTRODUCE 37 22400
SEND 1553583322 INTRODUCE 37 11189
SEND 1553583322 INTRODUCE 37 10259
SEND 1553583322 INTRODUCE 37 17731
SEND 1553583322 INTRODUCE 37 13628
SEND 1553583322 INTRODUCE 37 17743
SEND 1553583322 INTRODUCE 37 16629
SEND 1553583322 INTRODUCE 37 11111
SEND 1553583322 INTRODUCE 37 14693
SEND 1553583322 INTRODUCE 37 44948
SEND 1553583322 INTRODUCE 37 14669
SEND 1553583322 INTRODUCE 37 10880
SEND 1553583322 INTRODUCE 37 30176
SEND 1553583322 INTRODUCE 37 11727
SEND 1553583322 INTRODUCE 37 10723
SEND 1553583322 INTRODUCE 37 9564
SEND 1553583322 INTRODUCE 37 10219
SEND 1553583322 INTRODUCE 37 15648
SEND 1553583322 INTRODUCE 37 14254
SEND 1553583322 INTRODUCE 37 13539
SEND 1553583322 INTRODUCE 37 11255
SEND 1553583322 INTRODUCE 37 11792
SEND 1553583322 INTRODUCE 37 10740
SEND 1553583322 INTRODUCE 37 43348
SEND 1553583322 INTRODUCE 37 14669
SEND 1553583322 INTRODUCE 37 14176
SEND 1553583322 INTRODUCE 37 20490
SEND 1553583322 INTRODUCE 37 11598
SEND 1553583322 INTRODUCE 37 15975
SEND 1553583322 INTRODUCE 37 10698
SEND 1553583322 INTRODUCE 37 11071
SEND 1553583322 INTRODUCE 37 15648
SEND 1553583322 INTRODUCE 37 10818
SEND 1553583322 INTRODUCE 37 20663
SEND 1553583322 INTRODUCE 37 30455
SEND 1553583322 INTRODUCE 37 29431
SEND 1553583322 INTRODUCE 37 34285
SEND 1553583322 INTRODUCE 37 14968
SEND 1553583322 INTRODUCE 37 11067
SEND 1553583322 JOIN 32 11481
RECIEVED 1553583322 INTRODUCE 36 44 0
RECIEVED 1553583322 INTRODUCE 37 44 0
RECIEVED 1553583322 INTRODUCE 37 44 0
RECIEVED 1553583322 INTRODUCE 36 44 0
RECIEVED 1553583322 INTRODUCE 37 44 0
SEND 1553583322 INTRODUCE 37 9888
SEND 1553583322 INTRODUCE 37 10301
SEND 1553583322 INTRODUCE 37 26448
SEND 1553583322 INTRODUCE 37 11456
SEND 1553583322 INTRODUCE 37 17419
SEND 1553583322 INTRODUCE 37 14810
SEND 1553583322 INTRODUCE 37 10144
SEND 1553583322 INTRODUCE 37 10863
SEND 1553583322 INTRODUCE 37 10568
SEND 1553583322 INTRODUCE 37 26030
SEND 1553583322 INTRODUCE 37 11441
SEND 1553583322 INTRODUCE 37 14985
SEND 1553583322 INTRODUCE 37 11851
SEND 1553583322 INTRODUCE 37 29733
SEND 1553583322 INTRODUCE 37 11220
SEND 1553583322 INTRODUCE 37 11379
SEND 1553583322 INTRODUCE 37 11208
SEND 1553583322 INTRODUCE 37 11958
SEND 1553583322 INTRODUCE 37 11172
SEND 1553583322 INTRODUCE 37 14291
SEND 1553583322 INTRODUCE 37 13251
SEND 1553583322 INTRODUCE 37 53090
SEND 1553583322 INTRODUCE 37 15863
SEND 1553583322 INTRODUCE 37 28447
SEND 1553583322 INTRODUCE 37 23743
SEND 1553583322 INTRODUCE 37 11098
SEND 1553583322 INTRODUCE 37 10699
SEND 1553583322 INTRODUCE 37 14331
SEND 1553583322 INTRODUCE 37 11084
SEND 1553583322 INTRODUCE 37 14979
SEND 1553583322 INTRODUCE 37 29259
SEND 1553583322 INTRODUCE 37 12832
SEND 1553583322 INTRODUCE 37 11387
SEND 1553583322 INTRODUCE 37 10931
SEND 1553583322 INTRODUCE 37 15476
SEND 1553583322 INTRODUCE 37 11930
SEND 1553583322 INTRODUCE 37 10741
SEND 1553583322 INTRODUCE 37 13839
SEND 1553583322 INTRODUCE 37 10963
SEND 1553583322 INTRODUCE 37 11215
SEND 1553583322 INTRODUCE 37 14185
SEND 1553583322 INTRODUCE 37 11771
SEND 1553583322 INTRODUCE 37 11296
SEND 1553583322 INTRODUCE 37 9934
SEND 1553583322 JOIN 32 23473
RECIEVED 1553583322 INTRODUCE 35 45 0
RECIEVED 1553583322 INTRODUCE 36 45 0
RECIEVED 1553583322 INTRODUCE 37 45 0
RECIEVED 1553583322 INTRODUCE 37 45 0
RECIEVED 1553583322 INTRODUCE 37 45 0
RECIEVED 1553583322 INTRODUCE 37 45 0
RECIEVED 1553583322 INTRODUCE 35 45 0
RECIEVED 1553583322 INTRODUCE 37 45 0
SEND 1553583322 INTRODUCE 37 14456
SEND 1553583322 INTRODUCE 37 20128
SEND 1553583322 INTRODUCE 37 9679
SEND 1553583322 INTRODUCE 37 13860
SEND 1553583322 INTRODUCE 37 11224
SEND 1553583322 INTRODUCE 37 10810
SEND 1553583322 INTRODUCE 37 10843
SEND 1553583322 INTRODUCE 37 8213
SEND 1553583322 INTRODUCE 37 13572
SEND 1553583322 INTRODUCE 37 28649
SEND 1553583322 INTRODUCE 37 11071
SEND 1553583322 INTRODUCE 37 10991
SEND 1553583322 INTRODUCE 37 11646
SEND 1553583322 INTRODUCE 37 9855
SEND 1553583322 INTRODUCE 37 38233
SEND 1553583322 INTRODUCE 37 10795
SEND 1553583322 INTRODUCE 37 33021
SEND 1553583322 INTRODUCE 37 11406
SEND 1553583322 INTRODUCE 37 15061
SEND 1553583322 INTRODUCE 37 10855
SEND 1553583322 INTRODUCE 37 11322
SEND 1553583322 INTRODUCE 37 15035
SEND 1553583322 INTRODUCE 37 15258
SEND 1553583322 INTRODUCE 37 10647
SEND 1553583322 INTRODUCE 37 11190
SEND 1553583322 INTRODUCE 37 11242
SEND 1553583322 INTRODUCE 37 15403
SEND 1553583322 INTRODUCE 37 11845
SEND 1553583322 INTRODUCE 37 12010
SEND 1553583322 INTRODUCE 37 11738
SEND 1553583322 INTRODUCE 37 12025
SEND 1553583322 INTRODUCE 37 23019
SEND 1553583322 INTRODUCE 37 21266
SEND 1553583322 INTRODUCE 37 11196
SEND 1553583322 INTRODUCE 37 15273
SEND 1553583322 INTRODUCE 37 14087
SEND 1553583322 INTRODUCE 37 15519
SEND 1553583322 INTRODUCE 37 10794
SEND 1553583322 INTRODUCE 37 11215
SEND 1553583322 INTRODUCE 37 16327
SEND 1553583322 INTRODUCE 37 10801
SEND 1553583322 INTRODUCE 37 10635
SEND 1553583322 INTRODUCE 37 31902
SEND 1553583322 INTRODUCE 37 20767
SEND 1553583322 INTRODUCE 37 12458
SEND 1553583322 JOIN 32 10909
RECIEVED 1553583322 INTRODUCE 36 46 0
RECIEVED 1553583322 JOIN 31 46 0
RECIEVED 1553583322 INTRODUCE 37 46 0
RECIEVED 1553583322 INTRODUCE 35 46 0
RECIEVED 1553583322 INTRODUCE 36 46 0
RECIEVED 1553583322 INTRODUCE 37 46 0
SEND 1553583322 INTRODUCE 37 9993
SEND 1553583322 INTRODUCE 37 15607
SEND 1553583322 INTRODUCE 37 20216
SEND 1553583322 INTRODUCE 37 27590
SEND 1553583322 INTRODUCE 37 16290
SEND 1553583322 INTRODUCE 37 15111
SEND 1553583322 INTRODUCE 37 14253
SEND 1553583322 INTRODUCE 37 36141
SEND 1553583322 INTRODUCE 37 9760
SEND 1553583322 INTRODUCE 37 10268
SEND 1553583322 INTRODUCE 37 34515
SEND 1553583322 INTRODUCE 37 10764
SEND 1553583322 INTRODUCE 37 15075
SEND 1553583322 INTRODUCE 37 15306
SEND 1553583322 INTRODUCE 37 11025
SEND 1553583322 INTRODUCE 37 14478
SEND 1553583322 INTRODUCE 37 14484
SEND 1553583322 INTRODUCE 37 14116
SEND 1553583322 INTRODUCE 37 10187
SEND 1553583322 INTRODUCE 37 30234
SEND 1553583322 INTRODUCE 37 10143
SEND 1553583322 INTRODUCE 37 10652
SEND 1553583322 INTRODUCE 37 10993
SEND 1553583322 INTRODUCE 37 14464
SEND 1553583322 INTRODUCE 37 41639
SEND 1553583322 INTRODUCE 37 11286
SEND 1553583322 INTRODUCE 37 12116
SEND 1553583322 INTRODUCE 37 11124
SEND 1553583322 INTRODUCE 37 14281
SEND 1553583322 INTRODUCE 37 10909
SEND 1553583322 INTRODUCE 37 10959
SEND 1553583322 INTRODUCE 37 14242
SEND 1553583322 INTRODUCE 37 11309
SEND 1553583322 INTRODUCE 37 10355
SEND 1553583322 INTRODUCE 37 14412
SEND 1553583322 INTRODUCE 37 10655
SEND 1553583322 INTRODUCE 37 27999
SEND 1553583322 INTRODUCE 37 10198
SEND 1553583322 INTRODUCE 37 11024
SEND 1553583322 INTRODUCE 37 20503
SEND 1553583322 INTRODUCE 37 10979
SEND 1553583322 INTRODUCE 37 10896
SEND 1553583322 INTRODUCE 37 21182
SEND 1553583322 INTRODUCE 37 14057
SEND 1553583322 INTRODUCE 37 17530
SEND 1553583322 INTRODUCE 37 10932
SEND 1553583322 JOIN 32 15912
RECIEVED 1553583322 INTRODUCE 37 47 0
RECIEVED 1553583322 INTRODUCE 35 47 0
RECIEVED 1553583322 INTRODUCE 35 47 0
RECIEVED 1553583322 INTRODUCE 36 47 0
RECIEVED 1553583322 INTRODUCE 36 47 0
RECIEVED 1553583322 INTRODUCE 36 47 0
RECIEVED 1553583322 INTRODUCE 37 47 0
RECIEVED 1553583322 INTRODUCE 36 47 0
RECIEVED 1553583322 INTRODUCE 37 47 0
RECIEVED 1553583322 INTRODUCE 36 47 0
RECIEVED 1553583322 INTRODUCE 35 47 0
RECIEVED 1553583322 INTRODUCE 36 47 0
RECIEVED 1553583322 INTRODUCE 35 47 0
RECIEVED 1553583322 INTRODUCE 36 47 0
RECIEVED 1553583322 INTRODUCE 37 47 0
RECIEVED 1553583322 INTRODUCE 37 47 0
SEND 1553583322 INTRODUCE 37 15495
SEND 1553583322 INTRODUCE 37 9207
SEND 1553583322 INTRODUCE 37 35529
SEND 1553583322 INTRODUCE 37 11777
SEND 1553583322 INTRODUCE 37 10627
SEND 1553583322 INTRODUCE 37 10440
SEND 1553583322 INTRODUCE 37 14808
SEND 1553583322 INTRODUCE 37 18706
SEND 1553583322 INTRODUCE 37 11123
SEND 1553583322 INTRODUCE 37 15539
SEND 1553583322 INTRODUCE 37 10168
SEND 1553583322 INTRODUCE 37 10123
SEND 1553583322 INTRODUCE 37 9441
SEND 1553583322 INTRODUCE 37 19966
SEND 1553583322 INTRODUCE 37 18975
SEND 1553583322 INTRODUCE 37 11051
SEND 1553583322 INTRODUCE 37 38942
SEND 1553583322 INTRODUCE 37 41371
SEND 1553583322 INTRODUCE 37 10922
SEND 1553583322 INTRODUCE 37 40729
SEND 1553583322 INTRODUCE 37 15180
SEND 1553583322 INTRODUCE 37 16175
SEND 1553583322 INTRODUCE 37 10569
SEND 1553583322 INTRODUCE 37 10351
SEND 1553583322 INTRODUCE 37 9681
SEND 1553583322 INTRODUCE 37 14566
SEND 1553583322 INTRODUCE 37 11127
SEND 1553583322 INTRODUCE 37 10695
SEND 1553583322 INTRODUCE 37 11070
SEND 1553583322 INTRODUCE 37 15727
SEND 1553583322 INTRODUCE 37 10327
SEND 1553583322 INTRODUCE 37 9916
SEND 1553583322 INTRODUCE 37 15397
SEND 1553583322 INTRODUCE 37 17062
SEND 1553583322 INTRODUCE 37 13747
SEND 1553583322 INTRODUCE 37 10225
SEND 1553583322 INTRODUCE 37 10558
SEND 1553583322 INTRODUCE 37 34519
SEND 1553583322 INTRODUCE 37 27719
SEND 1553583322 INTRODUCE 37 10802
SEND 1553583322 INTRODUCE 37 9680
SEND 1553583322 INTRODUCE 37 9712
SEND 1553583322 INTRODUCE 37 10001
SEND 1553583322 INTRODUCE 37 9376
SEND 1553583322 INTRODUCE 37 15239
SEND 1553583322 INTRODUCE 37 9259
SEND 1553583323 INTRODUCE 37 15567
SEND 1553583323 JOIN 32 10034
RECIEVED 1553583323 INTRODUCE 36 48 0
RECIEVED 1553583323 INTRODUCE 37 48 0
RECIEVED 1553583323 INTRODUCE 37 48 0
RECIEVED 1553583323 INTRODUCE 35 48 0
RECIEVED 1553583323 INTRODUCE 36 48 0
RECIEVED 1553583323 INTRODUCE 36 48 0
RECIEVED 1553583323 INTRODUCE 37 48 0
RECIEVED 1553583323 INTRODUCE 37 48 0
SEND 1553583323 INTRODUCE 37 10567
SEND 1553583323 INTRODUCE 37 15160
SEND 1553583323 INTRODUCE 37 11177
SEND 1553583323 INTRODUCE 37 10695
SEND 1553583323 INTRODUCE 37 11163
SEND 1553583323 INTRODUCE 37 10870
SEND 1553583323 INTRODUCE 37 10707
SEND 1553583323 INTRODUCE 37 20659
SEND 1553583323 INTRODUCE 37 11151
SEND 1553583323 INTRODUCE 37 13973
SEND 1553583323 INTRODUCE 37 10604
SEND 1553583323 INTRODUCE 37 9352
SEND 1553583323 INTRODUCE 37 9933
SEND 1553583323 INTRODUCE 37 28571
SEND 1553583323 INTRODUCE 37 14805
SEND 1553583323 INTRODUCE 37 11958
SEND 1553583323 INTRODUCE 37 14968
SEND 1553583323 INTRODUCE 37 9990
SEND 1553583323 INTRODUCE 37 10981
SEND 1553583323 INTRODUCE 37 15463
SEND 1553583323 INTRODUCE 37 10116
SEND 1553583323 INTRODUCE 37 8415
SEND 1553583323 INTRODUCE 37 10623
SEND 1553583323 INTRODUCE 37 11125
SEND 1553583323 INTRODUCE 37 14685
SEND 1553583323 INTRODUCE 37 11536
SEND 1553583323 INTRODUCE 37 15906
SEND 1553583323 INTRODUCE 37 11024
SEND 1553583323 INTRODUCE 37 17598
SEND 1553583323 INTRODUCE 37 14693
SEND 1553583323 INTRODUCE 37 10634
SEND 1553583323 INTRODUCE 37 11043
SEND 1553583323 INTRODUCE 37 11410
SEND 1553583323 INTRODUCE 37 17811
SEND 1553583323 INTRODUCE 37 11384
SEND 1553583323 INTRODUCE 37 11044
SEND 1553583323 INTRODUCE 37 10759
SEND 1553583323 INTRODUCE 37 11125
SEND 1553583323 INTRODUCE 37 14812
SEND 1553583323 INTRODUCE 37 20894
SEND 1553583323 INTRODUCE 37 16486
SEND 1553583323 INTRODUCE 37 10470
SEND 1553583323 INTRODUCE 37 9768
SEND 1553583323 INTRODUCE 37 27285
SEND 1553583323 INTRODUCE 37 10655
SEND 1553583323 INTRODUCE 37 11424
SEND 1553583323 INTRODUCE 37 10816
SEND 1553583323 INTRODUCE 37 12147
SEND 1553583323 JOIN 32 15799
RECIEVED 1553583323 INTRODUCE 37 49 0
RECIEVED 1553583323 INTRODUCE 36 49 0
RECIEVED 1553583323 INTRODUCE 36 49 0
RECIEVED 1553583323 INTRODUCE 36 49 0
SEND 1553583323 INTRODUCE 36 10747
SEND 1553583323 INTRODUCE 36 11051
SEND 1553583323 INTRODUCE 36 10848
SEND 1553583323 INTRODUCE 36 16301
SEND 1553583323 INTRODUCE 36 9890
SEND 1553583323 INTRODUCE 36 10035
SEND 1553583323 INTRODUCE 36 26304
SEND 1553583323 INTRODUCE 36 15885
SEND 1553583323 INTRODUCE 36 11204
SEND 1553583323 INTRODUCE 36 10915
SEND 1553583323 INTRODUCE 36 15329
SEND 1553583323 INTRODUCE 36 10690
SEND 1553583323 INTRODUCE 36 14956
SEND 1553583323 INTRODUCE 36 14039
SEND 1553583323 INTRODUCE 36 11583
SEND 1553583323 INTRODUCE 36 16042
SEND 1553583323 INTRODUCE 36 18961
SEND 1553583323 INTRODUCE 36 11384
SEND 1553583323 INTRODUCE 36 10540
SEND 1553583323 INTRODUCE 36 14247
SEND 1553583323 INTRODUCE 36 9576
SEND 1553583323 INTRODUCE 36 11282
SEND 1553583323 INTRODUCE 36 11440
SEND 1553583323 INTRODUCE 36 13653
SEND 1553583323 INTRODUCE 36 10868
SEND 1553583323 INTRODUCE 36 13790
SEND 1553583323 INTRODUCE 36 11289
SEND 1553583323 INTRODUCE 36 10496
SEND 1553583323 INTRODUCE 36 9751
SEND 1553583323 INTRODUCE 36 11124
SEND 1553583323 INTRODUCE 36 14517
SEND 1553583323 INTRODUCE 36 10756
SEND 1553583323 INTRODUCE 36 10825
SEND 1553583323 INTRODUCE 36 11704
SEND 1553583323 INTRODUCE 36 17062
SEND 1553583323 INTRODUCE 36 12640
SEND 1553583323 INTRODUCE 36 17610
SEND 1553583323 INTRODUCE 36 15060
SEND 1553583323 INTRODUCE 36 10724
SEND 1553583323 INTRODUCE 36 14703
SEND 1553583323 INTRODUCE 36 14699
SEND 1553583323 INTRODUCE 36 10652
SEND 1553583323 INTRODUCE 36 10778
SEND 1553583323 INTRODUCE 36 10938
SEND 1553583323 INTRODUCE 36 11044
SEND 1553583323 INTRODUCE 36 16118
SEND 1553583323 INTRODUCE 36 10291
SEND 1553583323 INTRODUCE 36 10141
SEND 1553583323 INTRODUCE 36 15164
SEND 1553583323 JOIN 32 40294
RECIEVED 1553583323 INTRODUCE 35 50 0
SEND 1553583323 INTRODUCE 35 13013
SEND 1553583323 INTRODUCE 35 13176
SEND 1553583323 INTRODUCE 35 11143
SEND 1553583323 INTRODUCE 35 15345
SEND 1553583323 INTRODUCE 35 10636
SEND 1553583323 INTRODUCE 35 15860
SEND 1553583323 INTRODUCE 35 16042
SEND 1553583323 INTRODUCE 35 16242
SEND 1553583323 INTRODUCE 35 15879
SEND 1553583323 INTRODUCE 35 11136
SEND 1553583323 INTRODUCE 35 11844
SEND 1553583323 INTRODUCE 35 11215
SEND 1553583323 INTRODUCE 35 10631
SEND 1553583323 INTRODUCE 35 10356
SEND 1553583323 INTRODUCE 35 10763
SEND 1553583323 INTRODUCE 35 10724
SEND 1553583323 INTRODUCE 35 11449
SEND 1553583323 INTRODUCE 35 11020
SEND 1553583323 INTRODUCE 35 9450
SEND 1553583323 INTRODUCE 35 14491
SEND 1553583323 INTRODUCE 35 11446
SEND 1553583323 INTRODUCE 35 11743
SEND 1553583323 INTRODUCE 35 13714
SEND 1553583323 INTRODUCE 35 11155
SEND 1553583323 INTRODUCE 35 11314
SEND 1553583323 INTRODUCE 35 11600
SEND 1553583323 INTRODUCE 35 12139
SEND 1553583323 INTRODUCE 35 11264
SEND 1553583323 INTRODUCE 35 10370
SEND 1553583323 INTRODUCE 35 10171
SEND 1553583323 INTRODUCE 35 18440
SEND 1553583323 INTRODUCE 35 11392
SEND 1553583323 INTRODUCE 35 11493
SEND 1553583323 INTRODUCE 35 9986
SEND 1553583323 INTRODUCE 35 11640
SEND 1553583323 INTRODUCE 35 29386
SEND 1553583323 INTRODUCE 35 10318
SEND 1553583323 INTRODUCE 35 22794
SEND 1553583323 INTRODUCE 35 19426
SEND 1553583323 INTRODUCE 35 13658
SEND 1553583323 INTRODUCE 35 10688
SEND 1553583323 INTRODUCE 35 10709
SEND 1553583323 INTRODUCE 35 14855
SEND 1553583323 INTRODUCE 35 10861
SEND 1553583323 INTRODUCE 35 10168
SEND 1553583323 INTRODUCE 35 10321
SEND 1553583323 INTRODUCE 35 9672
SEND 1553583323 INTRODUCE 35 11240
SEND 1553583323 INTRODUCE 35 14222
SEND 1553583323 INTRODUCE 35 11729
SEND 1553583323 JOIN 32 15612
RECIEVED 1553583323 INTRODUCE 36 51 0
RECIEVED 1553583323 INTRODUCE 36 51 0
RECIEVED 1553583323 INTRODUCE 36 51 0
RECIEVED 1553583323 INTRODUCE 36 51 0
RECIEVED 1553583323 INTRODUCE 36 51 0
RECIEVED 1553583323 INTRODUCE 36 51 0
RECIEVED 1553583323 INTRODUCE 36 51 0
RECIEVED 1553583323 INTRODUCE 37 51 0
RECIEVED 1553583323 INTRODUCE 36 51 0
RECIEVED 1553583323 INTRODUCE 36 51 0
RECIEVED 1553583323 INTRODUCE 37 51 0
RECIEVED 1553583323 INTRODUCE 36 51 0
RECIEVED 1553583323 INTRODUCE 36 51 0
RECIEVED 1553583323 INTRODUCE 37 51 0
RECIEVED 1553583323 INTRODUCE 36 51 0
RECIEVED 1553583323 INTRODUCE 37 51 0
RECIEVED 1553583323 INTRODUCE 37 51 0
RECIEVED 1553583323 INTRODUCE 37 51 0
RECIEVED 1553583323 INTRODUCE 35 51 0
SEND 1553583323 INTRODUCE 35 29405
SEND 1553583323 INTRODUCE 35 10199
SEND 1553583323 INTRODUCE 35 11709
SEND 1553583323 INTRODUCE 35 15558
SEND 1553583323 INTRODUCE 35 10492
SEND 1553583323 INTRODUCE 35 12176
SEND 1553583323 INTRODUCE 35 11299
SEND 1553583323 INTRODUCE 35 11975
SEND 1553583323 INTRODUCE 35 11082
SEND 1553583323 INTRODUCE 35 11454
SEND 1553583323 INTRODUCE 35 33290
SEND 1553583323 INTRODUCE 35 10600
SEND 1553583323 INTRODUCE 35 10704
SEND 1553583323 INTRODUCE 35 10653
SEND 1553583323 INTRODUCE 35 11462
SEND 1553583323 INTRODUCE 35 11094
SEND 1553583323 INTRODUCE 35 15033
SEND 1553583323 INTRODUCE 35 10559
SEND 1553583323 INTRODUCE 35 10003
SEND 1553583323 INTRODUCE 35 10926
SEND 1553583323 INTRODUCE 35 17322
SEND 1553583323 INTRODUCE 35 10129
SEND 1553583323 INTRODUCE 35 9832
SEND 1553583323 INTRODUCE 35 10959
SEND 1553583323 INTRODUCE 35 10416
SEND 1553583323 INTRODUCE 35 11386
SEND 1553583323 INTRODUCE 35 14587
SEND 1553583323 INTRODUCE 35 15362
SEND 1553583323 INTRODUCE 35 10720
SEND 1553583323 INTRODUCE 35 13858
SEND 1553583323 INTRODUCE 35 13545
SEND 1553583323 INTRODUCE 35 10479
SEND 1553583323 INTRODUCE 35 11053
SEND 1553583323 INTRODUCE 35 10404
SEND 1553583323 INTRODUCE 35 14986
SEND 1553583323 INTRODUCE 35 10806
SEND 1553583323 INTRODUCE 35 31953
SEND 1553583323 INTRODUCE 35 10998
SEND 1553583323 INTRODUCE 35 13689
SEND 1553583323 INTRODUCE 35 31124
SEND 1553583323 INTRODUCE 35 15642
SEND 1553583323 INTRODUCE 35 11168
SEND 1553583323 INTRODUCE 35 8735
SEND 1553583323 INTRODUCE 35 14865
SEND 1553583323 INTRODUCE 35 14189
SEND 1553583323 INTRODUCE 35 9810
SEND 1553583323 INTRODUCE 35 10177
SEND 1553583323 INTRODUCE 35 11230
SEND 1553583323 INTRODUCE 35 10318
SEND 1553583323 INTRODUCE 35 10299
SEND 1553583323 INTRODUCE 35 10958
SEND 1553583323 JOIN 32 15444
RECIEVED 1553583323 INTRODUCE 37 52 0
RECIEVED 1553583323 INTRODUCE 36 52 0
RECIEVED 1553583323 INTRODUCE 37 52 0
RECIEVED 1553583323 INTRODUCE 37 52 0
RECIEVED 1553583323 INTRODUCE 37 52 0
RECIEVED 1553583323 INTRODUCE 37 52 0
RECIEVED 1553583323 INTRODUCE 37 52 0
RECIEVED 1553583323 INTRODUCE 37 52 0
RECIEVED 1553583323 INTRODUCE 36 52 0
RECIEVED 1553583323 INTRODUCE 37 52 0
RECIEVED 1553583323 INTRODUCE 36 52 0
RECIEVED 1553583323 INTRODUCE 37 52 0
RECIEVED 1553583323 INTRODUCE 37 52 0
RECIEVED 1553583323 INTRODUCE 36 52 0
SEND 1553583323 INTRODUCE 36 10015
SEND 1553583323 INTRODUCE 36 20463
SEND 1553583323 INTRODUCE 36 15740
SEND 1553583323 INTRODUCE 36 15513
SEND 1553583323 INTRODUCE 36 10964
SEND 1553583323 INTRODUCE 36 10829
SEND 1553583323 INTRODUCE 36 10382
SEND 1553583323 INTRODUCE 36 15972
SEND 1553583323 INTRODUCE 36 15478
SEND 1553583323 INTRODUCE 36 9823
SEND 1553583323 INTRODUCE 36 11892
SEND 1553583323 INTRODUCE 36 11160
SEND 1553583323 INTRODUCE 36 10354
SEND 1553583323 INTRODUCE 36 22333
SEND 1553583323 INTRODUCE 36 21480
SEND 1553583323 INTRODUCE 36 10972
SEND 1553583323 INTRODUCE 36 15187
SEND 1553583323 INTRODUCE 36 29743
SEND 1553583323 INTRODUCE 36 10815
SEND 1553583323 INTRODUCE 36 38103
SEND 1553583323 INTRODUCE 36 21192
SEND 1553583323 INTRODUCE 36 11002
SEND 1553583323 INTRODUCE 36 11327
SEND 1553583323 INTRODUCE 36 11209
SEND 1553583323 INTRODUCE 36 9948
SEND 1553583323 INTRODUCE 36 10927
SEND 1553583323 INTRODUCE 36 10577
SEND 1553583323 INTRODUCE 36 15378
SEND 1553583323 INTRODUCE 36 15493
SEND 1553583323 INTRODUCE 36 8801
SEND 1553583323 INTRODUCE 36 12361
SEND 1553583323 INTRODUCE 36 11913
SEND 1553583323 INTRODUCE 36 10424
SEND 1553583323 INTRODUCE 36 15138
SEND 1553583323 INTRODUCE 36 15658
SEND 1553583323 INTRODUCE 36 13631
SEND 1553583323 INTRODUCE 36 11704
SEND 1553583323 INTRODUCE 36 10837
SEND 1553583323 INTRODUCE 36 10380
SEND 1553583323 INTRODUCE 36 15738
SEND 1553583323 INTRODUCE 36 10618
SEND 1553583323 INTRODUCE 36 11390
SEND 1553583323 INTRODUCE 36 11161
SEND 1553583323 INTRODUCE 36 10802
SEND 1553583323 INTRODUCE 36 13314
SEND 1553583323 INTRODUCE 36 13933
SEND 1553583323 INTRODUCE 36 23287
SEND 1553583323 INTRODUCE 36 11496
SEND 1553583323 INTRODUCE 36 10861
SEND 1553583323 INTRODUCE 36 11789
SEND 1553583323 INTRODUCE 36 14357
SEND 1553583323 INTRODUCE 36 10293
SEND 1553583323 JOIN 32 10238
RECIEVED 1553583323 JOIN 32 53 0
SEND 1553583323 INTRODUCE 36 15513
SEND 1553583323 INTRODUCE 36 12333
SEND 1553583323 INTRODUCE 36 12869
SEND 1553583323 INTRODUCE 36 55022
SEND 1553583323 INTRODUCE 36 14794
SEND 1553583323 INTRODUCE 36 14015
SEND 1553583323 INTRODUCE 35 13188
SEND 1553583323 INTRODUCE 36 13705
SEND 1553583323 INTRODUCE 37 12860
SEND 1553583323 INTRODUCE 37 12903
SEND 1553583323 INTRODUCE 35 17325
SEND 1553583323 INTRODUCE 36 46754
SEND 1553583323 INTRODUCE 36 13483
SEND 1553583323 INTRODUCE 37 13483
SEND 1553583323 INTRODUCE 37 13971
SEND 1553583323 INTRODUCE 35 11716
SEND 1553583323 INTRODUCE 36 10778
SEND 1553583323 INTRODUCE 36 10458
SEND 1553583323 INTRODUCE 37 11471
SEND 1553583323 INTRODUCE 37 12088
SEND 1553583323 INTRODUCE 37 10480
SEND 1553583323 INTRODUCE 36 10628
SEND 1553583323 INTRODUCE 35 11003
SEND 1553583323 INTRODUCE 36 10967
SEND 1553583323 INTRODUCE 36 10480
SEND 1553583323 INTRODUCE 36 10713
SEND 1553583323 INTRODUCE 36 15360
SEND 1553583323 INTRODUCE 36 24467
SEND 1553583323 INTRODUCE 36 11513
SEND 1553583323 INTRODUCE 37 10668
SEND 1553583323 INTRODUCE 35 10704
SEND 1553583323 INTRODUCE 37 13457
SEND 1553583323 INTRODUCE 37 11257
SEND 1553583323 INTRODUCE 37 14961
SEND 1553583323 INTRODUCE 37 10400
SEND 1553583323 INTRODUCE 36 54410
SEND 1553583323 INTRODUCE 36 10865
SEND 1553583323 INTRODUCE 37 10612
SEND 1553583323 INTRODUCE 37 11244
SEND 1553583323 INTRODUCE 36 11006
SEND 1553583323 INTRODUCE 37 51067
SEND 1553583323 INTRODUCE 36 10847
SEND 1553583323 INTRODUCE 36 15378
SEND 1553583323 INTRODUCE 35 11316
SEND 1553583323 INTRODUCE 36 10912
SEND 1553583323 INTRODUCE 37 10542
SEND 1553583323 INTRODUCE 36 10647
SEND 1553583323 INTRODUCE 36 10767
SEND 1553583323 INTRODUCE 37 10773
SEND 1553583323 INTRODUCE 37 10441
SEND 1553583323 INTRODUCE 36 13136
SEND 1553583323 INTRODUCE 36 11443
SEND 1553583323 INTRODUCE 37 10811
RECIEVED 1553583323 INTRODUCE 37 54 0
RECIEVED 1553583323 INTRODUCE 37 54 0
RECIEVED 1553583323 JOIN 30 54 0
RECIEVED 1553583323 INTRODUCE 37 54 0
RECIEVED 1553583323 INTRODUCE 36 54 0
SEND 1553583323 INTRODUCE 36 20721
SEND 1553583323 INTRODUCE 36 20202
SEND 1553583323 INTRODUCE 36 11339
SEND 1553583323 INTRODUCE 36 18091
SEND 1553583323 INTRODUCE 36 11588
SEND 1553583323 INTRODUCE 36 10816
SEND 1553583323 INTRODUCE 36 11970
SEND 1553583323 INTRODUCE 36 15701
SEND 1553583323 INTRODUCE 36 15370
SEND 1553583323 INTRODUCE 36 10416
SEND 1553583323 INTRODUCE 36 10918
SEND 1553583323 INTRODUCE 36 14250
SEND 1553583323 INTRODUCE 36 14243
SEND 1553583323 INTRODUCE 36 8892
SEND 1553583323 INTRODUCE 36 9700
SEND 1553583323 INTRODUCE 36 15083
SEND 1553583323 INTRODUCE 36 14630
SEND 1553583323 INTRODUCE 36 10438
SEND 1553583323 INTRODUCE 36 12461
SEND 1553583323 INTRODUCE 36 15306
SEND 1553583323 INTRODUCE 36 15080
SEND 1553583323 INTRODUCE 36 11425
SEND 1553583323 INTRODUCE 36 15312
SEND 1553583323 INTRODUCE 36 49533
SEND 1553583323 INTRODUCE 36 10547
SEND 1553583323 INTRODUCE 36 10949
SEND 1553583323 INTRODUCE 36 13509
SEND 1553583323 INTRODUCE 36 11768
SEND 1553583323 INTRODUCE 36 11715
SEND 1553583323 INTRODUCE 36 14231
SEND 1553583323 INTRODUCE 36 33562
SEND 1553583323 INTRODUCE 36 14736
SEND 1553583323 INTRODUCE 36 17636
SEND 1553583323 INTRODUCE 36 11418
SEND 1553583323 INTRODUCE 36 11398
SEND 1553583323 INTRODUCE 36 36034
SEND 1553583323 INTRODUCE 36 11163
SEND 1553583323 INTRODUCE 36 11035
SEND 1553583323 INTRODUCE 36 10846
SEND 1553583323 INTRODUCE 36 11220
SEND 1553583323 INTRODUCE 36 9869
SEND 1553583323 INTRODUCE 36 10717
SEND 1553583323 INTRODUCE 36 9736
SEND 1553583323 INTRODUCE 36 11624
SEND 1553583323 INTRODUCE 36 11132
SEND 1553583323 INTRODUCE 36 10371
SEND 1553583323 INTRODUCE 36 10149
SEND 1553583323 INTRODUCE 36 40614
SEND 1553583323 INTRODUCE 36 14237
SEND 1553583323 INTRODUCE 36 10748
SEND 1553583323 INTRODUCE 36 10066
SEND 1553583323 INTRODUCE 36 14580
SEND 1553583323 INTRODUCE 36 15531
SEND 1553583323 INTRODUCE 36 23932
SEND 1553583323 JOIN 32 10334
RECIEVED 1553583323 INTRODUCE 36 55 0
RECIEVED 1553583323 INTRODUCE 37 55 0
RECIEVED 1553583323 INTRODUCE 36 55 0
RECIEVED 1553583323 INTRODUCE 36 55 0
SEND 1553583323 INTRODUCE 36 14179
SEND 1553583323 INTRODUCE 36 11011
SEND 1553583323 INTRODUCE 36 9996
SEND 1553583323 INTRODUCE 36 39272
SEND 1553583323 INTRODUCE 36 10564
SEND 1553583323 INTRODUCE 36 15115
SEND 1553583323 INTRODUCE 36 16182
SEND 1553583323 INTRODUCE 36 14915
SEND 1553583323 INTRODUCE 36 12092
SEND 1553583323 INTRODUCE 36 11737
SEND 1553583323 INTRODUCE 36 16285
SEND 1553583323 INTRODUCE 36 10124
SEND 1553583323 INTRODUCE 36 10401
SEND 1553583323 INTRODUCE 36 11218
SEND 1553583323 INTRODUCE 36 12197
SEND 1553583323 INTRODUCE 36 14388
SEND 1553583323 INTRODUCE 36 11873
SEND 1553583323 INTRODUCE 36 11248
SEND 1553583323 INTRODUCE 36 19354
SEND 1553583323 INTRODUCE 36 10232
SEND 1553583323 INTRODUCE 36 10643
SEND 1553583323 INTRODUCE 36 14863
SEND 1553583323 INTRODUCE 36 15783
SEND 1553583323 INTRODUCE 36 72853
SEND 1553583323 INTRODUCE 36 10120
SEND 1553583323 INTRODUCE 36 10622
SEND 1553583323 INTRODUCE 36 12277
SEND 1553583323 INTRODUCE 36 10259
SEND 1553583323 INTRODUCE 36 15883
# recieved string JOIN node8 172.22.156.206 8008

SEND 1553583323 INTRODUCE 36 15076
SEND 1553583323 INTRODUCE 36 12138
SEND 1553583323 INTRODUCE 36 10617
SEND 1553583323 INTRODUCE 36 10924
SEND 1553583323 INTRODUCE 36 14571
SEND 1553583323 INTRODUCE 36 12398
SEND 1553583323 INTRODUCE 36 11521
SEND 1553583323 INTRODUCE 36 14279
SEND 1553583323 INTRODUCE 36 10787
SEND 1553583323 INTRODUCE 36 12091
SEND 1553583323 INTRODUCE 36 12711
SEND 1553583323 INTRODUCE 36 11671
SEND 1553583323 INTRODUCE 36 10939
SEND 1553583323 INTRODUCE 36 16222
SEND 1553583323 INTRODUCE 36 11516
SEND 1553583323 INTRODUCE 36 11672
SEND 1553583323 INTRODUCE 36 11458
SEND 1553583323 INTRODUCE 36 11256
SEND 1553583323 INTRODUCE 36 15706
SEND 1553583323 INTRODUCE 36 11656
SEND 1553583323 INTRODUCE 36 10773
SEND 1553583323 INTRODUCE 36 11874
SEND 1553583323 INTRODUCE 36 16262
SEND 1553583323 INTRODUCE 36 11235
SEND 1553583323 INTRODUCE 36 11014
SEND 1553583323 INTRODUCE 36 11336
SEND 1553583323 JOIN 32 16442
RECIEVED 1553583323 INTRODUCE 36 56 0
RECIEVED 1553583323 INTRODUCE 37 56 0
SEND 1553583323 INTRODUCE 37 11245
SEND 1553583323 INTRODUCE 37 20758
SEND 1553583323 INTRODUCE 37 19199
SEND 1553583323 INTRODUCE 37 15707
SEND 1553583323 INTRODUCE 37 13308
SEND 1553583323 INTRODUCE 37 11761
SEND 1553583323 INTRODUCE 37 11226
SEND 1553583323 INTRODUCE 37 11704
SEND 1553583323 INTRODUCE 37 15328
SEND 1553583323 INTRODUCE 37 17056
SEND 1553583323 INTRODUCE 37 15559
SEND 1553583323 INTRODUCE 37 10465
SEND 1553583323 INTRODUCE 37 10236
SEND 1553583323 INTRODUCE 37 10234
SEND 1553583323 INTRODUCE 37 13407
SEND 1553583323 INTRODUCE 37 11063
SEND 1553583323 INTRODUCE 37 29304
SEND 1553583323 INTRODUCE 37 10114
SEND 1553583323 INTRODUCE 37 10681
SEND 1553583323 INTRODUCE 37 10994
SEND 1553583323 INTRODUCE 37 9999
SEND 1553583323 INTRODUCE 37 9792
SEND 1553583323 INTRODUCE 37 9890
SEND 1553583323 INTRODUCE 37 10246
SEND 1553583323 INTRODUCE 37 15933
SEND 1553583323 INTRODUCE 37 18905
SEND 1553583323 INTRODUCE 37 12656
SEND 1553583323 INTRODUCE 37 9435
SEND 1553583323 INTRODUCE 37 11131
SEND 1553583323 INTRODUCE 37 10283
SEND 1553583323 INTRODUCE 37 13813
SEND 1553583323 INTRODUCE 37 10902
SEND 1553583323 INTRODUCE 37 22756
SEND 1553583323 INTRODUCE 37 24055
SEND 1553583323 INTRODUCE 37 50450
SEND 1553583323 INTRODUCE 37 14730
SEND 1553583323 INTRODUCE 37 10599
SEND 1553583323 INTRODUCE 37 9924
SEND 1553583323 INTRODUCE 37 11226
SEND 1553583323 INTRODUCE 37 11112
SEND 1553583323 INTRODUCE 37 10228
SEND 1553583323 INTRODUCE 37 15502
SEND 1553583323 INTRODUCE 37 15004
SEND 1553583323 INTRODUCE 37 10998
SEND 1553583323 INTRODUCE 37 11064
SEND 1553583323 INTRODUCE 37 32173
SEND 1553583323 INTRODUCE 37 15219
SEND 1553583323 INTRODUCE 37 11027
SEND 1553583323 INTRODUCE 37 10712
SEND 1553583323 INTRODUCE 37 10816
SEND 1553583323 INTRODUCE 37 10615
SEND 1553583323 INTRODUCE 37 10862
SEND 1553583323 INTRODUCE 37 16546
SEND 1553583323 INTRODUCE 37 10557
SEND 1553583323 INTRODUCE 37 10372
SEND 1553583323 INTRODUCE 37 10848
SEND 1553583323 JOIN 32 80225
RECIEVED 1553583323 INTRODUCE 37 57 0
RECIEVED 1553583323 INTRODUCE 37 57 0
RECIEVED 1553583323 INTRODUCE 36 57 0
RECIEVED 1553583323 INTRODUCE 36 57 0
RECIEVED 1553583323 INTRODUCE 36 57 0
RECIEVED 1553583323 INTRODUCE 36 57 0
RECIEVED 1553583323 INTRODUCE 36 57 0
SEND 1553583323 INTRODUCE 36 11345
SEND 1553583323 INTRODUCE 36 13594
SEND 1553583323 INTRODUCE 36 53872
SEND 1553583323 INTRODUCE 36 13534
SEND 1553583323 INTRODUCE 36 10943
SEND 1553583323 INTRODUCE 36 13336
SEND 1553583323 INTRODUCE 36 10369
SEND 1553583323 INTRODUCE 36 10668
SEND 1553583323 INTRODUCE 36 14517
SEND 1553583323 INTRODUCE 36 12093
SEND 1553583323 INTRODUCE 36 11724
SEND 1553583323 INTRODUCE 36 9690
SEND 1553583323 INTRODUCE 36 11291
SEND 1553583323 INTRODUCE 36 18585
SEND 1553583323 INTRODUCE 36 16308
SEND 1553583323 INTRODUCE 36 10586
SEND 1553583323 INTRODUCE 36 15774
SEND 1553583323 INTRODUCE 36 11294
SEND 1553583323 INTRODUCE 36 13312
SEND 1553583323 INTRODUCE 36 11442
SEND 1553583323 INTRODUCE 36 12926
SEND 1553583323 INTRODUCE 36 14972
SEND 1553583323 INTRODUCE 36 14109
SEND 1553583323 INTRODUCE 36 15898
SEND 1553583323 INTRODUCE 36 10789
SEND 1553583323 INTRODUCE 36 14161
SEND 1553583323 INTRODUCE 36 14420
SEND 1553583323 INTRODUCE 36 10304
SEND 1553583323 INTRODUCE 36 15057
SEND 1553583323 INTRODUCE 36 17009
SEND 1553583323 INTRODUCE 36 15633
SEND 1553583323 INTRODUCE 36 10958
SEND 1553583323 INTRODUCE 36 9737
SEND 1553583323 INTRODUCE 36 14718
SEND 1553583323 INTRODUCE 36 10018
SEND 1553583323 INTRODUCE 36 10817
SEND 1553583323 INTRODUCE 36 15615
SEND 1553583323 INTRODUCE 36 10494
SEND 1553583323 INTRODUCE 36 11654
SEND 1553583323 INTRODUCE 36 10236
SEND 1553583323 INTRODUCE 36 11076
SEND 1553583323 INTRODUCE 36 10836
SEND 1553583323 INTRODUCE 36 11212
SEND 1553583323 INTRODUCE 36 18821
SEND 1553583323 INTRODUCE 36 15391
SEND 1553583323 INTRODUCE 36 10779
SEND 1553583323 INTRODUCE 36 10980
SEND 1553583323 INTRODUCE 36 15973
SEND 1553583323 INTRODUCE 36 11266
SEND 1553583323 INTRODUCE 36 10718
SEND 1553583323 INTRODUCE 36 15843
SEND 1553583323 INTRODUCE 36 38911
SEND 1553583323 INTRODUCE 36 11349
SEND 1553583323 INTRODUCE 36 16702
SEND 1553583323 INTRODUCE 36 10539
SEND 1553583323 INTRODUCE 36 15996
SEND 1553583323 INTRODUCE 36 10683
SEND 1553583323 JOIN 32 11094
RECIEVED 1553583323 INTRODUCE 37 58 0
SEND 1553583323 INTRODUCE 37 10781
SEND 1553583323 INTRODUCE 37 21313
SEND 1553583323 INTRODUCE 37 11785
SEND 1553583323 INTRODUCE 37 10928
SEND 1553583323 INTRODUCE 37 16352
SEND 1553583323 INTRODUCE 37 15771
SEND 1553583323 INTRODUCE 37 11386
SEND 1553583323 INTRODUCE 37 11223
SEND 1553583323 INTRODUCE 37 16359
SEND 1553583323 INTRODUCE 37 17076
SEND 1553583323 INTRODUCE 37 36343
SEND 1553583323 INTRODUCE 37 11578
SEND 1553583323 INTRODUCE 37 11059
SEND 1553583323 INTRODUCE 37 10810
SEND 1553583323 INTRODUCE 37 11227
SEND 1553583323 INTRODUCE 37 17552
SEND 1553583323 INTRODUCE 37 14859
SEND 1553583323 INTRODUCE 37 11116
SEND 1553583323 INTRODUCE 37 13103
SEND 1553583323 INTRODUCE 37 11374
SEND 1553583323 INTRODUCE 37 11458
SEND 1553583323 INTRODUCE 37 12043
SEND 1553583323 INTRODUCE 37 10795
SEND 1553583323 INTRODUCE 37 11010
SEND 1553583323 INTRODUCE 37 14875
SEND 1553583323 INTRODUCE 37 10261
SEND 1553583323 INTRODUCE 37 15018
SEND 1553583323 INTRODUCE 37 11724
SEND 1553583323 INTRODUCE 37 12100
SEND 1553583323 INTRODUCE 37 17711
SEND 1553583323 INTRODUCE 37 13714
SEND 1553583323 INTRODUCE 37 16748
SEND 1553583323 INTRODUCE 37 11566
SEND 1553583323 INTRODUCE 37 12926
SEND 1553583323 INTRODUCE 37 12714
SEND 1553583323 INTRODUCE 37 13768
SEND 1553583323 INTRODUCE 37 13394
SEND 1553583323 INTRODUCE 37 10825
SEND 1553583323 INTRODUCE 37 15471
SEND 1553583323 INTRODUCE 37 11289
SEND 1553583323 INTRODUCE 37 11098
SEND 1553583323 INTRODUCE 37 40471
SEND 1553583323 INTRODUCE 37 10855
SEND 1553583323 INTRODUCE 37 11821
SEND 1553583323 INTRODUCE 37 12105
SEND 1553583323 INTRODUCE 37 11648
SEND 1553583323 INTRODUCE 37 16220
SEND 1553583323 INTRODUCE 37 11115
SEND 1553583323 INTRODUCE 37 16155
SEND 1553583323 INTRODUCE 37 15210
SEND 1553583323 INTRODUCE 37 7633
SEND 1553583323 INTRODUCE 37 10980
SEND 1553583323 INTRODUCE 37 11118
SEND 1553583323 INTRODUCE 37 11722
SEND 1553583323 INTRODUCE 37 17126
SEND 1553583323 INTRODUCE 37 10586
SEND 1553583323 INTRODUCE 37 11117
SEND 1553583323 INTRODUCE 37 16201
SEND 1553583323 JOIN 32 10900
RECIEVED 1553583323 INTRODUCE 36 59 0
RECIEVED 1553583323 INTRODUCE 36 59 0
RECIEVED 1553583323 INTRODUCE 36 59 0
RECIEVED 1553583323 INTRODUCE 37 59 0
RECIEVED 1553583323 INTRODUCE 36 59 0
RECIEVED 1553583323 INTRODUCE 36 59 0
RECIEVED 1553583323 INTRODUCE 37 59 0
RECIEVED 1553583323 INTRODUCE 36 59 0
SEND 1553583323 INTRODUCE 36 10748
SEND 1553583323 INTRODUCE 36 10837
SEND 1553583323 INTRODUCE 36 10039
SEND 1553583323 INTRODUCE 36 10818
SEND 1553583323 INTRODUCE 36 9903
SEND 1553583323 INTRODUCE 36 10472
SEND 1553583323 INTRODUCE 36 11525
SEND 1553583323 INTRODUCE 36 17359
SEND 1553583323 INTRODUCE 36 14716
SEND 1553583323 INTRODUCE 36 10992
SEND 1553583323 INTRODUCE 36 16745
SEND 1553583323 INTRODUCE 36 15563
SEND 1553583323 INTRODUCE 36 10410
SEND 1553583323 INTRODUCE 36 13589
SEND 1553583323 INTRODUCE 36 11359
SEND 1553583323 INTRODUCE 36 8999
SEND 1553583323 INTRODUCE 36 15047
SEND 1553583323 INTRODUCE 36 11124
SEND 1553583323 INTRODUCE 36 10681
SEND 1553583323 INTRODUCE 36 16671
SEND 1553583323 INTRODUCE 36 9955
SEND 1553583323 INTRODUCE 36 15105
SEND 1553583323 INTRODUCE 36 18752
SEND 1553583323 INTRODUCE 36 11477
SEND 1553583323 INTRODUCE 36 15919
SEND 1553583323 INTRODUCE 36 20428
SEND 1553583323 INTRODUCE 36 11087
SEND 1553583323 INTRODUCE 36 13292
SEND 1553583323 INTRODUCE 36 10881
SEND 1553583323 INTRODUCE 36 18990
SEND 1553583323 INTRODUCE 36 11322
SEND 1553583323 INTRODUCE 36 10072
SEND 1553583323 INTRODUCE 36 44578
SEND 1553583323 INTRODUCE 36 42458
SEND 1553583323 INTRODUCE 36 10597
SEND 1553583323 INTRODUCE 36 10736
SEND 1553583323 INTRODUCE 36 52573
SEND 1553583323 INTRODUCE 36 16086
SEND 1553583323 INTRODUCE 36 12147
SEND 1553583323 INTRODUCE 36 16089
SEND 1553583323 INTRODUCE 36 8685
SEND 1553583323 INTRODUCE 36 12697
SEND 1553583323 INTRODUCE 36 9202
SEND 1553583323 INTRODUCE 36 10145
SEND 1553583323 INTRODUCE 36 8598
SEND 1553583323 INTRODUCE 36 8453
SEND 1553583323 INTRODUCE 36 10740
SEND 1553583323 INTRODUCE 36 12013
SEND 1553583323 INTRODUCE 36 12063
SEND 1553583323 INTRODUCE 36 11224
SEND 1553583323 INTRODUCE 36 9830
SEND 1553583323 INTRODUCE 36 10448
SEND 1553583323 INTRODUCE 36 10757
SEND 1553583323 INTRODUCE 36 10703
SEND 1553583323 INTRODUCE 36 9570
SEND 1553583323 INTRODUCE 36 10543
SEND 1553583323 INTRODUCE 36 11188
SEND 1553583323 INTRODUCE 36 21195
SEND 1553583323 INTRODUCE 36 15554
SEND 1553583323 JOIN 32 11680
RECIEVED 1553583323 INTRODUCE 37 60 0
RECIEVED 1553583323 INTRODUCE 36 60 0
SEND 1553583323 INTRODUCE 36 20812
SEND 1553583323 INTRODUCE 36 8902
SEND 1553583323 INTRODUCE 36 11235
SEND 1553583323 INTRODUCE 36 16324
SEND 1553583323 INTRODUCE 36 10534
SEND 1553583323 INTRODUCE 36 10839
SEND 1553583323 INTRODUCE 36 11688
SEND 1553583323 INTRODUCE 36 11276
SEND 1553583323 INTRODUCE 36 11282
SEND 1553583323 INTRODUCE 36 10938
SEND 1553583323 INTRODUCE 36 15467
SEND 1553583323 INTRODUCE 36 11008
SEND 1553583323 INTRODUCE 36 15516
SEND 1553583323 INTRODUCE 36 11454
SEND 1553583323 INTRODUCE 36 10811
SEND 1553583323 INTRODUCE 36 12931
SEND 1553583323 INTRODUCE 36 16342
SEND 1553583323 INTRODUCE 36 11124
SEND 1553583323 INTRODUCE 36 11655
SEND 1553583323 INTRODUCE 36 16935
SEND 1553583323 INTRODUCE 36 11286
SEND 1553583323 INTRODUCE 36 10579
SEND 1553583323 INTRODUCE 36 15055
SEND 1553583323 INTRODUCE 36 15424
SEND 1553583323 INTRODUCE 36 10206
SEND 1553583323 INTRODUCE 36 11275
SEND 1553583323 INTRODUCE 36 10695
SEND 1553583323 INTRODUCE 36 11120
SEND 1553583323 INTRODUCE 36 13782
SEND 1553583323 INTRODUCE 36 10620
SEND 1553583323 INTRODUCE 36 15141
SEND 1553583323 INTRODUCE 36 11230
SEND 1553583323 INTRODUCE 36 10528
SEND 1553583323 INTRODUCE 36 11075
SEND 1553583323 INTRODUCE 36 11326
SEND 1553583323 INTRODUCE 36 11047
SEND 1553583323 INTRODUCE 36 9953
SEND 1553583323 INTRODUCE 36 14263
SEND 1553583323 INTRODUCE 36 52511
SEND 1553583323 INTRODUCE 36 15697
SEND 1553583323 INTRODUCE 36 15724
SEND 1553583323 INTRODUCE 36 17177
SEND 1553583323 INTRODUCE 36 9868
SEND 1553583323 INTRODUCE 36 15400
SEND 1553583323 INTRODUCE 36 16510
SEND 1553583323 INTRODUCE 36 17256
SEND 1553583323 INTRODUCE 36 11739
SEND 1553583323 INTRODUCE 36 10980
SEND 1553583323 INTRODUCE 36 44642
SEND 1553583323 INTRODUCE 36 12040
SEND 1553583323 INTRODUCE 36 11799
SEND 1553583323 INTRODUCE 36 12376
SEND 1553583323 INTRODUCE 36 10938
SEND 1553583323 INTRODUCE 36 10974
SEND 1553583323 INTRODUCE 36 16410
SEND 1553583323 INTRODUCE 36 10982
SEND 1553583323 INTRODUCE 36 15236
SEND 1553583323 INTRODUCE 36 12348
SEND 1553583323 INTRODUCE 36 10616
SEND 1553583323 INTRODUCE 36 10960
SEND 1553583323 JOIN 32 11234
RECIEVED 1553583323 INTRODUCE 37 61 0
RECIEVED 1553583323 INTRODUCE 37 61 0
RECIEVED 1553583323 INTRODUCE 36 61 0
RECIEVED 1553583323 INTRODUCE 37 61 0
RECIEVED 1553583323 INTRODUCE 35 61 0
SEND 1553583323 INTRODUCE 35 9811
SEND 1553583323 INTRODUCE 35 38468
SEND 1553583323 INTRODUCE 35 11369
SEND 1553583323 INTRODUCE 35 10868
SEND 1553583323 INTRODUCE 35 19396
SEND 1553583323 INTRODUCE 35 15612
SEND 1553583323 INTRODUCE 35 14839
SEND 1553583323 INTRODUCE 35 10925
SEND 1553583323 INTRODUCE 35 11744
SEND 1553583323 INTRODUCE 35 16353
SEND 1553583323 INTRODUCE 35 16820
SEND 1553583323 INTRODUCE 35 11822
SEND 1553583323 INTRODUCE 35 12985
SEND 1553583323 INTRODUCE 35 12293
SEND 1553583323 INTRODUCE 35 16287
SEND 1553583323 INTRODUCE 35 11428
SEND 1553583323 INTRODUCE 35 10708
SEND 1553583323 INTRODUCE 35 11678
SEND 1553583323 INTRODUCE 35 10939
SEND 1553583323 INTRODUCE 35 11589
SEND 1553583323 INTRODUCE 35 11299
SEND 1553583323 INTRODUCE 35 10051
SEND 1553583323 INTRODUCE 35 10595
SEND 1553583323 INTRODUCE 35 10899
SEND 1553583323 INTRODUCE 35 11445
SEND 1553583323 INTRODUCE 35 10493
SEND 1553583323 INTRODUCE 35 11882
SEND 1553583323 INTRODUCE 35 15773
SEND 1553583323 INTRODUCE 35 40911
SEND 1553583323 INTRODUCE 35 10751
SEND 1553583323 INTRODUCE 35 11296
SEND 1553583323 INTRODUCE 35 10895
SEND 1553583323 INTRODUCE 35 10217
SEND 1553583323 INTRODUCE 35 11066
SEND 1553583323 INTRODUCE 35 15685
SEND 1553583323 INTRODUCE 35 11326
SEND 1553583323 INTRODUCE 35 11192
SEND 1553583323 INTRODUCE 35 10815
SEND 1553583323 INTRODUCE 35 10951
SEND 1553583323 INTRODUCE 35 12329
SEND 1553583323 INTRODUCE 35 10793
SEND 1553583323 INTRODUCE 35 12241
SEND 1553583323 INTRODUCE 35 12445
SEND 1553583323 INTRODUCE 35 12635
# recieved string JOIN node16 172.22.156.206 8016

SEND 1553583323 INTRODUCE 35 11900
SEND 1553583323 INTRODUCE 35 11427
SEND 1553583323 INTRODUCE 35 15908
SEND 1553583323 INTRODUCE 35 10738
SEND 1553583323 INTRODUCE 35 10978
SEND 1553583323 INTRODUCE 35 11071
SEND 1553583323 INTRODUCE 35 10570
SEND 1553583323 INTRODUCE 35 11444
SEND 1553583323 INTRODUCE 35 12824
SEND 1553583323 INTRODUCE 35 15656
SEND 1553583323 INTRODUCE 35 15668
SEND 1553583323 INTRODUCE 35 11734
SEND 1553583323 INTRODUCE 35 10803
SEND 1553583323 INTRODUCE 35 12129
SEND 1553583323 INTRODUCE 35 13650
SEND 1553583323 INTRODUCE 35 14699
SEND 1553583323 INTRODUCE 35 13960
SEND 1553583323 JOIN 32 11378
RECIEVED 1553583323 INTRODUCE 36 62 0
SEND 1553583323 INTRODUCE 36 10688
SEND 1553583323 INTRODUCE 36 21790
SEND 1553583323 INTRODUCE 36 10774
SEND 1553583323 INTRODUCE 36 15699
SEND 1553583323 INTRODUCE 36 11239
SEND 1553583323 INTRODUCE 36 36974
SEND 1553583323 INTRODUCE 36 19386
SEND 1553583323 INTRODUCE 36 19260
SEND 1553583323 INTRODUCE 36 15915
SEND 1553583323 INTRODUCE 36 10863
SEND 1553583323 INTRODUCE 36 16056
SEND 1553583323 INTRODUCE 36 10775
SEND 1553583323 INTRODUCE 36 10221
SEND 1553583323 INTRODUCE 36 11086
SEND 1553583323 INTRODUCE 36 10932
SEND 1553583323 INTRODUCE 36 11192
SEND 1553583323 INTRODUCE 36 11824
SEND 1553583323 INTRODUCE 36 11106
SEND 1553583323 INTRODUCE 36 11184
SEND 1553583323 INTRODUCE 36 11127
SEND 1553583323 INTRODUCE 36 11241
SEND 1553583323 INTRODUCE 36 11755
SEND 1553583323 INTRODUCE 36 15814
SEND 1553583323 INTRODUCE 36 16215
SEND 1553583323 INTRODUCE 36 30926
SEND 1553583323 INTRODUCE 36 19412
SEND 1553583323 INTRODUCE 36 11372
SEND 1553583323 INTRODUCE 36 11111
SEND 1553583323 INTRODUCE 36 10660
SEND 1553583323 INTRODUCE 36 10937
SEND 1553583323 INTRODUCE 36 14779
SEND 1553583323 INTRODUCE 36 10030
SEND 1553583324 INTRODUCE 36 19203
SEND 1553583324 INTRODUCE 36 18856
# Failed listening 
%!(EXTRA string=node4)# ERROR: read tcp 172.22.156.206:36354->172.22.156.206:8004: read: connection reset by peer
SEND 1553583324 INTRODUCE 36 12155
SEND 1553583324 INTRODUCE 36 22679
SEND 1553583324 INTRODUCE 36 43099
SEND 1553583324 INTRODUCE 36 16018
SEND 1553583324 INTRODUCE 36 12140
# Failed listening 
%!(EXTRA string=node6)# ERROR: read tcp 172.22.156.206:34328->172.22.156.206:8006: read: connection reset by peer
SEND 1553583324 INTRODUCE 36 16503
SEND 1553583324 INTRODUCE 36 31175
SEND 1553583324 INTRODUCE 36 10374
SEND 1553583324 INTRODUCE 36 11889
# Failed sending to node node4
# ERROR: write tcp 172.22.156.206:36354->172.22.156.206:8004: write: broken pipe
SEND 1553583324 INTRODUCE 36 13621
SEND 1553583324 INTRODUCE 36 10888
# Failed sending to node node6
# ERROR: write tcp 172.22.156.206:34328->172.22.156.206:8006: write: broken pipe
SEND 1553583324 INTRODUCE 36 10966
SEND 1553583324 INTRODUCE 36 11040
SEND 1553583324 INTRODUCE 36 11480
SEND 1553583324 INTRODUCE 36 16250
SEND 1553583324 INTRODUCE 36 12279
SEND 1553583324 INTRODUCE 36 11040
SEND 1553583324 INTRODUCE 36 15067
SEND 1553583324 INTRODUCE 36 10808
SEND 1553583324 INTRODUCE 36 10841
SEND 1553583324 INTRODUCE 36 40264
SEND 1553583324 INTRODUCE 36 10948
SEND 1553583324 INTRODUCE 36 11928
# recieved string JOIN node3 172.22.156.206 8003

SEND 1553583324 INTRODUCE 36 13448
SEND 1553583324 INTRODUCE 36 11403
SEND 1553583324 INTRODUCE 36 10970
SEND 1553583324 JOIN 32 17184
RECIEVED 1553583324 INTRODUCE 37 63 0
RECIEVED 1553583324 INTRODUCE 36 63 0
RECIEVED 1553583324 INTRODUCE 37 63 0
RECIEVED 1553583324 INTRODUCE 35 63 0
SEND 1553583324 INTRODUCE 35 11199
SEND 1553583324 INTRODUCE 35 11389
SEND 1553583324 INTRODUCE 35 17056
SEND 1553583324 INTRODUCE 35 15942
SEND 1553583324 INTRODUCE 35 14211
SEND 1553583324 INTRODUCE 35 12078
SEND 1553583324 INTRODUCE 35 10842
SEND 1553583324 INTRODUCE 35 16134
SEND 1553583324 INTRODUCE 35 10380
SEND 1553583324 INTRODUCE 35 15917
SEND 1553583324 INTRODUCE 35 16345
SEND 1553583324 INTRODUCE 35 17139
SEND 1553583324 INTRODUCE 35 18965
SEND 1553583324 INTRODUCE 35 30460
SEND 1553583324 INTRODUCE 35 21221
SEND 1553583324 INTRODUCE 35 16200
SEND 1553583324 INTRODUCE 35 16640
SEND 1553583324 INTRODUCE 35 10473
# Failed sending to node node4
# ERROR: write tcp 172.22.156.206:36354->172.22.156.206:8004: write: broken pipe
# Failed listening 
%!(EXTRA string=node1)# ERROR: read tcp 172.22.156.206:56530->172.22.94.216:8001: read: connection reset by peer
# recieved string JOIN node6 172.22.158.206 8006

# recieved string JOIN node5 172.22.94.216 8005

# recieved string JOIN node7 172.22.94.216 8007

# recieved string JOIN node17 172.22.94.216 8017

# recieved string JOIN node17 172.22.156.206 8017

# recieved string JOIN node2 172.22.158.206 8002

# recieved string JOIN node13 172.22.158.206 8013

# recieved string JOIN node2 172.22.156.206 8002

# recieved string JOIN node7 172.22.156.206 8007

# Failed listening 
%!(EXTRA string=node1)# ERROR: read tcp 172.22.156.206:35136->172.22.158.207:8001: read: connection reset by peer
# recieved string JOIN node15 172.22.158.206 8015

# recieved string JOIN node18 172.22.156.206 8018

# Failed listening 
%!(EXTRA string=node0)# ERROR: read tcp 172.22.156.206:46688->172.22.156.207:8000: read: connection reset by peer
# Failed listening 
%!(EXTRA string=node4)# ERROR: read tcp 172.22.156.206:42580->172.22.156.207:8004: read: connection reset by peer
# Failed listening 
%!(EXTRA string=node2)# ERROR: read tcp 172.22.156.206:42762->172.22.156.207:8002: read: connection reset by peer
# Failed listening 
%!(EXTRA string=node11)# ERROR: read tcp 172.22.156.206:55196->172.22.156.207:8011: read: connection reset by peer
# Failed listening 
%!(EXTRA string=node3)# ERROR: read tcp 172.22.156.206:50620->172.22.156.207:8003: read: connection reset by peer
# Failed listening 
%!(EXTRA string=node4)# ERROR: read tcp 172.22.156.206:37716->172.22.158.207:8004: read: connection reset by peer
# Failed listening 
%!(EXTRA string=node15)# ERROR: read tcp 172.22.156.206:57316->172.22.156.207:8015: read: connection reset by peer
# Failed listening 
%!(EXTRA string=node19)# ERROR: read tcp 172.22.156.206:43240->172.22.156.207:8019: read: connection reset by peer
# Failed listening 
%!(EXTRA string=node18)# ERROR: read tcp 172.22.156.206:60398->172.22.158.207:8018: read: connection reset by peer
# Failed listening 
%!(EXTRA string=node6)# ERROR: read tcp 172.22.156.206:51740->172.22.156.207:8006: read: connection reset by peer
# Failed listening 
%!(EXTRA string=node8)# ERROR: read tcp 172.22.156.206:50350->172.22.158.207:8008: read: connection reset by peer
# Failed listening 
%!(EXTRA string=node8)# ERROR: read tcp 172.22.156.206:50312->172.22.156.207:8008: read: connection reset by peer
# Failed listening 
%!(EXTRA string=node0)# ERROR: read tcp 172.22.156.206:57796->172.22.158.207:8000: read: connection reset by peer
# Failed listening 
%!(EXTRA string=node7)# ERROR: read tcp 172.22.156.206:49242->172.22.156.207:8007: read: connection reset by peer
# Failed listening 
%!(EXTRA string=node15)# ERROR: read tcp 172.22.156.206:37956->172.22.158.207:8015: read: connection reset by peer
# Failed listening 
%!(EXTRA string=node13)# ERROR: read tcp 172.22.156.206:49432->172.22.158.207:8013: read: connection reset by peer
# Failed listening 
%!(EXTRA string=node18)# ERROR: read tcp 172.22.156.206:34662->172.22.156.207:8018: read: connection reset by peer
# Failed listening 
%!(EXTRA string=node6)# ERROR: read tcp 172.22.156.206:47208->172.22.158.207:8006: read: connection reset by peer
# Failed listening 
%!(EXTRA string=node13)# ERROR: read tcp 172.22.156.206:39142->172.22.156.207:8013: read: connection reset by peer
# Failed listening 
%!(EXTRA string=node16)# ERROR: read tcp 172.22.156.206:54722->172.22.158.207:8016: read: connection reset by peer
# Failed listening 
%!(EXTRA string=node2)# ERROR: read tcp 172.22.156.206:58040->172.22.158.207:8002: read: connection reset by peer
# Failed listening 
%!(EXTRA string=node7)# ERROR: read tcp 172.22.156.206:58998->172.22.158.207:8007: read: connection reset by peer
# Failed listening 
%!(EXTRA string=node17)# ERROR: read tcp 172.22.156.206:56960->172.22.156.207:8017: read: connection reset by peer
# Failed listening 
%!(EXTRA string=node17)# ERROR: read tcp 172.22.156.206:47642->172.22.158.207:8017: read: connection reset by peer
# Failed listening 
%!(EXTRA string=node10)# ERROR: read tcp 172.22.156.206:44516->172.22.158.207:8010: read: connection reset by peer
# Failed listening 
%!(EXTRA string=node9)# ERROR: read tcp 172.22.156.206:46388->172.22.158.207:8009: read: connection reset by peer
# Failed listening 
%!(EXTRA string=node16)# ERROR: read tcp 172.22.156.206:39758->172.22.156.207:8016: read: connection reset by peer
# Failed listening 
%!(EXTRA string=node19)# ERROR: read tcp 172.22.156.206:46124->172.22.158.207:8019: read: connection reset by peer
# Failed listening 
%!(EXTRA string=node5)# ERROR: read tcp 172.22.156.206:58670->172.22.156.207:8005: read: connection reset by peer
# Failed listening 
%!(EXTRA string=node3)# ERROR: read tcp 172.22.156.206:60708->172.22.156.206:8003: read: connection reset by peer
# Failed listening 
%!(EXTRA string=node18)# ERROR: EOF
# Failed listening 
%!(EXTRA string=node3)# ERROR: read tcp 172.22.156.206:55262->172.22.94.216:8003: read: connection reset by peer
# Failed listening 
%!(EXTRA string=node8)# ERROR: read tcp 172.22.156.206:59588->172.22.94.216:8008: read: connection reset by peer
# Failed listening 
%!(EXTRA string=node13)# ERROR: EOF
# Failed listening 
%!(EXTRA string=node19)# ERROR: read tcp 172.22.156.206:38636->172.22.94.216:8019: read: connection reset by peer
# Failed listening 
%!(EXTRA string=node12)# ERROR: read tcp 172.22.156.206:45558->172.22.94.216:8012: read: connection reset by peer
# Failed listening 
%!(EXTRA string=node4)# ERROR: EOF
# Failed listening 
%!(EXTRA string=node2)# ERROR: EOF
# Failed listening 
%!(EXTRA string=node0)# ERROR: read tcp 172.22.156.206:60172->172.22.94.216:8000: read: connection reset by peer
# Failed listening 
%!(EXTRA string=node6)# ERROR: EOF
# Failed listening 
%!(EXTRA string=node15)# ERROR: read tcp 172.22.156.206:42214->172.22.94.216:8015: read: connection reset by peer
# Failed listening 
%!(EXTRA string=node14)# ERROR: EOF
# Failed listening 
%!(EXTRA string=node17)# ERROR: read tcp 172.22.156.206:41784->172.22.158.206:8017: read: connection reset by peer
# Failed listening 
%!(EXTRA string=node14)# ERROR: EOF
# Failed listening 
%!(EXTRA string=node12)# ERROR: EOF
# Failed listening 
%!(EXTRA string=node11)# ERROR: read tcp 172.22.156.206:37530->172.22.158.206:8011: read: connection reset by peer
# Failed listening 
%!(EXTRA string=node4)# ERROR: read tcp 172.22.156.206:38006->172.22.158.206:8004: read: connection reset by peer
# Failed listening 
%!(EXTRA string=node3)# ERROR: EOF
# Failed listening 
%!(EXTRA string=node1)# ERROR: EOF
# Failed listening 
%!(EXTRA string=node10)# ERROR: read tcp 172.22.156.206:46452->172.22.158.206:8010: read: connection reset by peer
# Failed listening 
%!(EXTRA string=node7)# ERROR: EOF
# Failed listening 
%!(EXTRA string=node8)# ERROR: read tcp 172.22.156.206:45304->172.22.158.206:8008: read: connection reset by peer
# Failed listening 
%!(EXTRA string=node16)# ERROR: read tcp 172.22.156.206:53030->172.22.158.206:8016: read: connection reset by peer
# Failed listening 
%!(EXTRA string=node0)# ERROR: EOF
# Failed listening 
%!(EXTRA string=node9)# ERROR: EOF
# Failed listening 
%!(EXTRA string=node5)# ERROR: read tcp 172.22.156.206:39430->172.22.158.206:8005: read: connection reset by peer
