RECIEVED 1553583316 INTRODUCE 37 0 0
SEND 1553583316 JOIN 31 57749
RECIEVED 1553583316 INTRODUCE 37 1 0
SEND 1553583316 INTRODUCE 37 14469
SEND 1553583316 JOIN 31 18009
RECIEVED 1553583316 INTRODUCE 36 2 0
SEND 1553583316 INTRODUCE 36 25025
SEND 1553583316 INTRODUCE 36 19469
SEND 1553583316 JOIN 31 17300
RECIEVED 1553583316 INTRODUCE 36 3 0
SEND 1553583316 INTRODUCE 36 21847
SEND 1553583316 INTRODUCE 36 15996
SEND 1553583316 INTRODUCE 36 14964
SEND 1553583316 JOIN 31 40861
RECIEVED 1553583316 INTRODUCE 36 4 0
SEND 1553583316 INTRODUCE 36 21959
SEND 1553583316 INTRODUCE 36 16781
SEND 1553583316 INTRODUCE 36 14605
SEND 1553583316 INTRODUCE 36 21116
SEND 1553583316 JOIN 31 20153
RECIEVED 1553583316 INTRODUCE 36 5 0
SEND 1553583316 INTRODUCE 36 20819
SEND 1553583316 INTRODUCE 36 17707
SEND 1553583316 INTRODUCE 36 12290
SEND 1553583316 INTRODUCE 36 23070
SEND 1553583316 INTRODUCE 36 15901
SEND 1553583316 JOIN 31 22712
RECIEVED 1553583316 INTRODUCE 37 6 0
SEND 1553583316 INTRODUCE 37 20763
SEND 1553583316 INTRODUCE 37 15544
SEND 1553583316 INTRODUCE 37 20535
SEND 1553583316 INTRODUCE 37 20401
SEND 1553583316 INTRODUCE 37 11117
SEND 1553583316 INTRODUCE 37 21276
SEND 1553583316 JOIN 31 24269
# recieved string JOIN node5 172.22.158.206 8005

RECIEVED 1553583318 JOIN 31 7 0
SEND 1553583318 INTRODUCE 36 26464
SEND 1553583318 INTRODUCE 36 22693
SEND 1553583318 INTRODUCE 36 21199
SEND 1553583318 INTRODUCE 37 19954
SEND 1553583318 INTRODUCE 37 27127
SEND 1553583318 INTRODUCE 37 19253
SEND 1553583318 INTRODUCE 36 15997
RECIEVED 1553583318 INTRODUCE 37 8 0
SEND 1553583318 INTRODUCE 37 21002
SEND 1553583318 INTRODUCE 37 20624
SEND 1553583318 INTRODUCE 37 17673
SEND 1553583318 INTRODUCE 37 15511
SEND 1553583318 INTRODUCE 37 12622
SEND 1553583318 INTRODUCE 37 15756
SEND 1553583318 INTRODUCE 37 14113
SEND 1553583318 INTRODUCE 37 14368
SEND 1553583318 JOIN 31 26010
RECIEVED 1553583318 INTRODUCE 35 9 0
SEND 1553583318 INTRODUCE 35 26632
SEND 1553583318 INTRODUCE 35 23948
SEND 1553583318 INTRODUCE 35 28046
SEND 1553583318 INTRODUCE 35 36320
SEND 1553583318 INTRODUCE 35 19827
SEND 1553583318 INTRODUCE 35 25889
SEND 1553583318 INTRODUCE 35 19081
# recieved string JOIN node16 172.22.94.216 8016

SEND 1553583318 INTRODUCE 35 41496
SEND 1553583318 INTRODUCE 35 14564
SEND 1553583318 JOIN 31 14071
RECIEVED 1553583318 INTRODUCE 37 10 0
SEND 1553583318 INTRODUCE 37 18677
SEND 1553583318 INTRODUCE 37 16727
SEND 1553583318 INTRODUCE 37 24160
SEND 1553583318 INTRODUCE 37 16119
SEND 1553583318 INTRODUCE 37 27439
SEND 1553583318 INTRODUCE 37 14714
SEND 1553583318 INTRODUCE 37 17020
# recieved string JOIN node3 172.22.94.216 8003

SEND 1553583318 INTRODUCE 37 12700
SEND 1553583318 INTRODUCE 37 22655
SEND 1553583318 INTRODUCE 37 18885
SEND 1553583318 JOIN 31 15745
RECIEVED 1553583318 INTRODUCE 36 11 0
RECIEVED 1553583318 INTRODUCE 37 11 0
RECIEVED 1553583318 INTRODUCE 36 11 0
SEND 1553583318 INTRODUCE 36 13642
SEND 1553583318 INTRODUCE 36 21737
# recieved string JOIN node10 172.22.94.216 8010

# recieved string JOIN node19 172.22.94.216 8019

SEND 1553583318 INTRODUCE 36 20959
SEND 1553583318 INTRODUCE 36 20485
SEND 1553583318 INTRODUCE 36 14852
SEND 1553583318 INTRODUCE 36 13600
SEND 1553583318 INTRODUCE 36 18451
SEND 1553583318 INTRODUCE 36 14960
# recieved string JOIN node0 172.22.94.216 8000

SEND 1553583318 INTRODUCE 36 25057
SEND 1553583318 INTRODUCE 36 20980
SEND 1553583318 INTRODUCE 36 19726
SEND 1553583318 JOIN 31 14598
RECIEVED 1553583318 JOIN 31 12 0
SEND 1553583318 INTRODUCE 37 14012
SEND 1553583318 INTRODUCE 37 11492
SEND 1553583318 INTRODUCE 36 14000
SEND 1553583318 INTRODUCE 37 18632
SEND 1553583318 INTRODUCE 35 12450
SEND 1553583318 INTRODUCE 37 20091
SEND 1553583318 INTRODUCE 36 12922
SEND 1553583318 INTRODUCE 36 12798
SEND 1553583318 INTRODUCE 36 13068
SEND 1553583318 INTRODUCE 36 18213
SEND 1553583318 INTRODUCE 37 18202
SEND 1553583318 INTRODUCE 36 12463
RECIEVED 1553583318 INTRODUCE 36 13 0
RECIEVED 1553583318 INTRODUCE 36 13 0
RECIEVED 1553583318 INTRODUCE 35 13 0
RECIEVED 1553583318 JOIN 30 13 0
SEND 1553583318 INTRODUCE 37 15067
SEND 1553583318 INTRODUCE 37 12404
SEND 1553583318 INTRODUCE 36 25331
SEND 1553583318 INTRODUCE 37 16224
SEND 1553583318 INTRODUCE 36 9927
SEND 1553583318 INTRODUCE 36 10658
SEND 1553583318 INTRODUCE 36 10563
SEND 1553583318 INTRODUCE 36 9225
SEND 1553583318 INTRODUCE 37 25462
SEND 1553583318 INTRODUCE 36 10659
SEND 1553583318 INTRODUCE 35 9968
SEND 1553583318 INTRODUCE 37 10002
SEND 1553583318 INTRODUCE 36 10564
RECIEVED 1553583318 INTRODUCE 37 14 0
RECIEVED 1553583318 INTRODUCE 37 14 0
RECIEVED 1553583318 JOIN 31 14 0
RECIEVED 1553583318 JOIN 31 14 0
SEND 1553583318 INTRODUCE 37 15516
SEND 1553583318 INTRODUCE 36 12697
SEND 1553583318 INTRODUCE 37 14119
SEND 1553583318 INTRODUCE 36 13650
SEND 1553583318 INTRODUCE 37 12773
SEND 1553583318 INTRODUCE 36 11964
SEND 1553583318 INTRODUCE 36 13250
SEND 1553583318 INTRODUCE 36 12930
SEND 1553583318 INTRODUCE 35 21478
SEND 1553583318 INTRODUCE 37 13095
SEND 1553583318 INTRODUCE 36 12852
SEND 1553583318 INTRODUCE 36 11040
SEND 1553583318 INTRODUCE 37 10764
SEND 1553583318 INTRODUCE 35 10135
RECIEVED 1553583318 JOIN 30 15 0
RECIEVED 1553583318 INTRODUCE 36 15 0
RECIEVED 1553583318 INTRODUCE 36 15 0
RECIEVED 1553583318 INTRODUCE 37 15 0
RECIEVED 1553583318 INTRODUCE 36 15 0
RECIEVED 1553583318 INTRODUCE 36 15 0
RECIEVED 1553583318 INTRODUCE 36 15 0
RECIEVED 1553583318 INTRODUCE 36 15 0
RECIEVED 1553583318 INTRODUCE 36 15 0
RECIEVED 1553583318 INTRODUCE 37 15 0
RECIEVED 1553583318 INTRODUCE 36 15 0
RECIEVED 1553583318 INTRODUCE 37 15 0
RECIEVED 1553583318 INTRODUCE 36 15 0
SEND 1553583318 INTRODUCE 36 13922
SEND 1553583318 INTRODUCE 36 15471
SEND 1553583318 INTRODUCE 36 22574
SEND 1553583318 INTRODUCE 36 13478
SEND 1553583318 INTRODUCE 36 31258
SEND 1553583318 INTRODUCE 36 13008
SEND 1553583318 INTRODUCE 36 12015
SEND 1553583318 INTRODUCE 36 11360
SEND 1553583318 INTRODUCE 36 11436
SEND 1553583318 INTRODUCE 36 19982
SEND 1553583318 INTRODUCE 36 33674
SEND 1553583318 INTRODUCE 36 19864
SEND 1553583318 INTRODUCE 36 11011
SEND 1553583318 INTRODUCE 36 15022
SEND 1553583318 INTRODUCE 36 14764
SEND 1553583318 JOIN 31 20092
RECIEVED 1553583318 INTRODUCE 36 16 0
RECIEVED 1553583318 INTRODUCE 37 16 0
RECIEVED 1553583318 INTRODUCE 37 16 0
SEND 1553583318 INTRODUCE 37 18245
SEND 1553583318 INTRODUCE 37 14021
SEND 1553583318 INTRODUCE 37 14626
SEND 1553583318 INTRODUCE 37 25468
SEND 1553583318 INTRODUCE 37 13374
SEND 1553583318 INTRODUCE 37 11451
SEND 1553583318 INTRODUCE 37 12476
SEND 1553583318 INTRODUCE 37 12100
SEND 1553583318 INTRODUCE 37 20287
SEND 1553583318 INTRODUCE 37 13351
SEND 1553583318 INTRODUCE 37 19692
SEND 1553583318 INTRODUCE 37 19435
SEND 1553583318 INTRODUCE 37 28900
SEND 1553583318 INTRODUCE 37 21972
SEND 1553583318 INTRODUCE 37 30830
SEND 1553583318 INTRODUCE 37 18243
SEND 1553583318 JOIN 31 15736
RECIEVED 1553583318 INTRODUCE 35 17 0
RECIEVED 1553583318 INTRODUCE 37 17 0
RECIEVED 1553583318 INTRODUCE 37 17 0
RECIEVED 1553583318 INTRODUCE 37 17 0
RECIEVED 1553583318 INTRODUCE 36 17 0
RECIEVED 1553583318 INTRODUCE 36 17 0
RECIEVED 1553583318 INTRODUCE 37 17 0
SEND 1553583318 INTRODUCE 37 15578
SEND 1553583318 INTRODUCE 37 15780
SEND 1553583318 INTRODUCE 37 33947
SEND 1553583318 INTRODUCE 37 15991
SEND 1553583318 INTRODUCE 37 12148
SEND 1553583318 INTRODUCE 37 12895
SEND 1553583318 INTRODUCE 37 13006
SEND 1553583318 INTRODUCE 37 19704
SEND 1553583318 INTRODUCE 37 27878
SEND 1553583318 INTRODUCE 37 13642
SEND 1553583318 INTRODUCE 37 14738
SEND 1553583318 INTRODUCE 37 26331
SEND 1553583318 INTRODUCE 37 50129
SEND 1553583318 INTRODUCE 37 10192
SEND 1553583318 INTRODUCE 37 21380
SEND 1553583318 INTRODUCE 37 14985
SEND 1553583318 INTRODUCE 37 21128
SEND 1553583318 JOIN 31 15864
RECIEVED 1553583318 INTRODUCE 36 18 0
RECIEVED 1553583318 INTRODUCE 36 18 0
RECIEVED 1553583318 INTRODUCE 36 18 0
RECIEVED 1553583318 INTRODUCE 37 18 0
RECIEVED 1553583318 INTRODUCE 36 18 0
SEND 1553583318 INTRODUCE 36 18699
SEND 1553583318 INTRODUCE 36 16004
SEND 1553583318 INTRODUCE 36 16475
SEND 1553583318 INTRODUCE 36 11318
SEND 1553583318 INTRODUCE 36 11930
SEND 1553583318 INTRODUCE 36 15128
SEND 1553583318 INTRODUCE 36 19551
SEND 1553583318 INTRODUCE 36 13804
SEND 1553583318 INTRODUCE 36 20892
SEND 1553583318 INTRODUCE 36 26975
SEND 1553583318 INTRODUCE 36 10790
SEND 1553583318 INTRODUCE 36 21139
SEND 1553583318 INTRODUCE 36 25155
SEND 1553583318 INTRODUCE 36 20007
SEND 1553583318 INTRODUCE 36 19565
SEND 1553583318 INTRODUCE 36 19793
SEND 1553583318 INTRODUCE 36 19853
SEND 1553583318 INTRODUCE 36 23396
SEND 1553583318 JOIN 31 19610
RECIEVED 1553583318 INTRODUCE 37 19 0
SEND 1553583318 INTRODUCE 37 42817
SEND 1553583318 INTRODUCE 37 13320
SEND 1553583318 INTRODUCE 37 28048
SEND 1553583318 INTRODUCE 37 13616
SEND 1553583318 INTRODUCE 37 11136
SEND 1553583318 INTRODUCE 37 23025
SEND 1553583318 INTRODUCE 37 11095
SEND 1553583318 INTRODUCE 37 14181
SEND 1553583318 INTRODUCE 37 27142
SEND 1553583318 INTRODUCE 37 14704
SEND 1553583318 INTRODUCE 37 19367
SEND 1553583318 INTRODUCE 37 20863
SEND 1553583318 INTRODUCE 37 21569
SEND 1553583318 INTRODUCE 37 19961
SEND 1553583318 INTRODUCE 37 22326
SEND 1553583318 INTRODUCE 37 16191
SEND 1553583318 INTRODUCE 37 14744
SEND 1553583318 INTRODUCE 37 17765
SEND 1553583318 INTRODUCE 37 28750
SEND 1553583318 JOIN 31 35421
RECIEVED 1553583318 INTRODUCE 36 20 0
RECIEVED 1553583318 INTRODUCE 36 20 0
SEND 1553583318 INTRODUCE 36 15328
SEND 1553583318 INTRODUCE 36 11097
SEND 1553583318 INTRODUCE 36 16038
SEND 1553583318 INTRODUCE 36 20137
SEND 1553583318 INTRODUCE 36 14842
SEND 1553583318 INTRODUCE 36 15608
SEND 1553583318 INTRODUCE 36 14218
SEND 1553583318 INTRODUCE 36 16584
SEND 1553583318 INTRODUCE 36 15200
SEND 1553583318 INTRODUCE 36 23811
SEND 1553583318 INTRODUCE 36 16472
SEND 1553583318 INTRODUCE 36 13367
SEND 1553583318 INTRODUCE 36 13418
SEND 1553583318 INTRODUCE 36 15564
SEND 1553583318 INTRODUCE 36 53996
SEND 1553583318 INTRODUCE 36 16868
SEND 1553583318 INTRODUCE 36 31472
SEND 1553583318 INTRODUCE 36 17733
SEND 1553583318 INTRODUCE 36 11028
SEND 1553583318 INTRODUCE 36 28624
SEND 1553583318 JOIN 31 15602
RECIEVED 1553583318 INTRODUCE 36 21 0
RECIEVED 1553583318 INTRODUCE 36 21 0
RECIEVED 1553583318 INTRODUCE 37 21 0
RECIEVED 1553583318 INTRODUCE 37 21 0
RECIEVED 1553583318 INTRODUCE 37 21 0
RECIEVED 1553583318 INTRODUCE 36 21 0
RECIEVED 1553583318 INTRODUCE 36 21 0
RECIEVED 1553583318 INTRODUCE 37 21 0
RECIEVED 1553583318 INTRODUCE 35 21 0
RECIEVED 1553583318 INTRODUCE 36 21 0
RECIEVED 1553583318 INTRODUCE 35 21 0
SEND 1553583318 INTRODUCE 35 23140
SEND 1553583318 INTRODUCE 35 24563
SEND 1553583318 INTRODUCE 35 15813
SEND 1553583318 INTRODUCE 35 15975
SEND 1553583318 INTRODUCE 35 15450
SEND 1553583318 INTRODUCE 35 26831
SEND 1553583318 INTRODUCE 35 15795
SEND 1553583318 INTRODUCE 35 12599
SEND 1553583318 INTRODUCE 35 16674
SEND 1553583318 INTRODUCE 35 13010
SEND 1553583318 INTRODUCE 35 21187
SEND 1553583318 INTRODUCE 35 14991
SEND 1553583318 INTRODUCE 35 13781
SEND 1553583318 INTRODUCE 35 19680
SEND 1553583318 INTRODUCE 35 15428
SEND 1553583318 INTRODUCE 35 21606
SEND 1553583318 INTRODUCE 35 27659
SEND 1553583318 INTRODUCE 35 21476
SEND 1553583318 INTRODUCE 35 15415
SEND 1553583318 INTRODUCE 35 14222
SEND 1553583318 INTRODUCE 35 14083
SEND 1553583318 JOIN 31 14937
RECIEVED 1553583318 INTRODUCE 36 22 0
SEND 1553583318 INTRODUCE 36 32214
SEND 1553583318 INTRODUCE 36 26431
SEND 1553583318 INTRODUCE 36 16835
SEND 1553583318 INTRODUCE 36 13743
SEND 1553583318 INTRODUCE 36 12821
SEND 1553583318 INTRODUCE 36 19643
SEND 1553583318 INTRODUCE 36 13785
SEND 1553583318 INTRODUCE 36 28043
SEND 1553583318 INTRODUCE 36 22008
SEND 1553583318 INTRODUCE 36 14644
SEND 1553583318 INTRODUCE 36 18852
SEND 1553583318 INTRODUCE 36 27854
SEND 1553583318 INTRODUCE 36 23918
SEND 1553583318 INTRODUCE 36 21095
SEND 1553583318 INTRODUCE 36 12539
SEND 1553583318 INTRODUCE 36 17852
SEND 1553583318 INTRODUCE 36 30969
SEND 1553583318 INTRODUCE 36 28278
SEND 1553583318 INTRODUCE 36 20112
SEND 1553583318 INTRODUCE 36 20592
SEND 1553583318 INTRODUCE 36 14460
SEND 1553583318 INTRODUCE 36 19027
SEND 1553583318 JOIN 31 19493
RECIEVED 1553583318 INTRODUCE 35 23 0
RECIEVED 1553583318 INTRODUCE 37 23 0
RECIEVED 1553583318 INTRODUCE 37 23 0
RECIEVED 1553583318 INTRODUCE 37 23 0
RECIEVED 1553583318 INTRODUCE 36 23 0
SEND 1553583318 INTRODUCE 36 14455
SEND 1553583318 INTRODUCE 36 15504
SEND 1553583318 INTRODUCE 36 20117
SEND 1553583318 INTRODUCE 36 16262
SEND 1553583318 INTRODUCE 36 15480
SEND 1553583318 INTRODUCE 36 15358
SEND 1553583318 INTRODUCE 36 17578
SEND 1553583318 INTRODUCE 36 15239
SEND 1553583318 INTRODUCE 36 11574
SEND 1553583318 INTRODUCE 36 13607
SEND 1553583318 INTRODUCE 36 13430
SEND 1553583318 INTRODUCE 36 19207
SEND 1553583318 INTRODUCE 36 23387
SEND 1553583318 INTRODUCE 36 21704
SEND 1553583318 INTRODUCE 36 21150
# recieved string JOIN node9 172.22.94.216 8009

SEND 1553583318 INTRODUCE 36 15060
SEND 1553583318 INTRODUCE 36 13968
SEND 1553583318 INTRODUCE 36 14796
SEND 1553583318 INTRODUCE 36 14390
SEND 1553583318 INTRODUCE 36 15158
SEND 1553583318 INTRODUCE 36 15071
SEND 1553583318 INTRODUCE 36 36273
SEND 1553583318 INTRODUCE 36 26351
SEND 1553583318 JOIN 31 14604
RECIEVED 1553583318 JOIN 30 24 0
RECIEVED 1553583318 INTRODUCE 36 24 0
RECIEVED 1553583318 INTRODUCE 36 24 0
RECIEVED 1553583318 INTRODUCE 36 24 0
RECIEVED 1553583318 INTRODUCE 36 24 0
# recieved string JOIN node4 172.22.158.206 8004

RECIEVED 1553583318 JOIN 31 24 0
SEND 1553583318 INTRODUCE 37 26156
SEND 1553583318 INTRODUCE 36 22086
SEND 1553583318 INTRODUCE 37 15182
SEND 1553583318 INTRODUCE 36 20396
SEND 1553583318 INTRODUCE 36 24023
SEND 1553583318 INTRODUCE 36 19665
SEND 1553583318 INTRODUCE 36 18714
SEND 1553583318 INTRODUCE 36 21026
SEND 1553583318 INTRODUCE 36 14239
SEND 1553583318 INTRODUCE 36 27955
SEND 1553583318 INTRODUCE 35 19640
SEND 1553583318 INTRODUCE 37 26333
SEND 1553583318 INTRODUCE 36 21494
SEND 1553583318 INTRODUCE 35 17490
SEND 1553583318 INTRODUCE 36 18763
SEND 1553583318 INTRODUCE 37 28378
SEND 1553583318 INTRODUCE 35 25595
SEND 1553583318 INTRODUCE 37 14188
SEND 1553583318 INTRODUCE 36 14888
SEND 1553583318 INTRODUCE 37 26191
SEND 1553583318 INTRODUCE 37 19877
SEND 1553583318 INTRODUCE 36 26053
SEND 1553583318 INTRODUCE 37 14560
SEND 1553583318 INTRODUCE 36 20203
RECIEVED 1553583318 INTRODUCE 37 25 0
SEND 1553583318 INTRODUCE 37 19761
SEND 1553583318 INTRODUCE 37 24528
SEND 1553583318 INTRODUCE 37 26305
SEND 1553583318 INTRODUCE 37 16016
# recieved string JOIN node3 172.22.158.206 8003

SEND 1553583318 INTRODUCE 37 21264
SEND 1553583318 INTRODUCE 37 20320
SEND 1553583318 INTRODUCE 37 21618
SEND 1553583319 INTRODUCE 37 20438
SEND 1553583319 INTRODUCE 37 14739
SEND 1553583319 INTRODUCE 37 12069
SEND 1553583319 INTRODUCE 37 19279
SEND 1553583319 INTRODUCE 37 20462
SEND 1553583319 INTRODUCE 37 13744
SEND 1553583319 INTRODUCE 37 24500
SEND 1553583319 INTRODUCE 37 18610
SEND 1553583319 INTRODUCE 37 12614
SEND 1553583319 INTRODUCE 37 10540
SEND 1553583319 INTRODUCE 37 27229
SEND 1553583319 INTRODUCE 37 19448
SEND 1553583319 INTRODUCE 37 13124
SEND 1553583319 INTRODUCE 37 15764
SEND 1553583319 INTRODUCE 37 21031
SEND 1553583319 INTRODUCE 37 21213
SEND 1553583319 INTRODUCE 37 14326
SEND 1553583319 INTRODUCE 37 15279
SEND 1553583319 JOIN 31 15483
RECIEVED 1553583319 INTRODUCE 37 26 0
RECIEVED 1553583319 INTRODUCE 37 26 0
SEND 1553583319 INTRODUCE 37 22865
SEND 1553583319 INTRODUCE 37 10938
SEND 1553583319 INTRODUCE 37 26269
SEND 1553583319 INTRODUCE 37 14687
SEND 1553583319 INTRODUCE 37 15483
SEND 1553583319 INTRODUCE 37 13754
SEND 1553583319 INTRODUCE 37 14723
SEND 1553583319 INTRODUCE 37 14753
SEND 1553583319 INTRODUCE 37 17645
SEND 1553583319 INTRODUCE 37 33758
SEND 1553583319 INTRODUCE 37 15699
SEND 1553583319 INTRODUCE 37 29797
SEND 1553583319 INTRODUCE 37 16239
SEND 1553583319 INTRODUCE 37 14912
SEND 1553583319 INTRODUCE 37 32699
SEND 1553583319 INTRODUCE 37 28152
SEND 1553583319 INTRODUCE 37 18512
SEND 1553583319 INTRODUCE 37 12782
SEND 1553583319 INTRODUCE 37 12712
SEND 1553583319 INTRODUCE 37 20005
SEND 1553583319 INTRODUCE 37 20853
SEND 1553583319 INTRODUCE 37 14269
SEND 1553583319 INTRODUCE 37 15586
SEND 1553583319 INTRODUCE 37 14776
SEND 1553583319 INTRODUCE 37 22058
SEND 1553583319 INTRODUCE 37 20350
SEND 1553583319 JOIN 31 15945
RECIEVED 1553583319 INTRODUCE 37 27 0
RECIEVED 1553583319 INTRODUCE 36 27 0
RECIEVED 1553583319 INTRODUCE 36 27 0
RECIEVED 1553583319 INTRODUCE 37 27 0
RECIEVED 1553583319 INTRODUCE 37 27 0
RECIEVED 1553583319 INTRODUCE 37 27 0
RECIEVED 1553583319 INTRODUCE 37 27 0
RECIEVED 1553583319 INTRODUCE 35 27 0
RECIEVED 1553583319 INTRODUCE 36 27 0
RECIEVED 1553583319 INTRODUCE 37 27 0
RECIEVED 1553583319 JOIN 31 27 0
SEND 1553583319 INTRODUCE 37 16786
SEND 1553583319 INTRODUCE 35 41794
SEND 1553583319 INTRODUCE 37 15373
SEND 1553583319 INTRODUCE 36 34195
SEND 1553583319 INTRODUCE 37 15083
SEND 1553583319 INTRODUCE 36 27808
SEND 1553583319 INTRODUCE 37 15621
SEND 1553583319 INTRODUCE 37 14077
SEND 1553583319 INTRODUCE 36 20019
SEND 1553583319 INTRODUCE 37 15931
SEND 1553583319 INTRODUCE 36 31900
SEND 1553583319 INTRODUCE 36 14774
SEND 1553583319 INTRODUCE 36 15275
SEND 1553583319 INTRODUCE 36 15697
SEND 1553583319 INTRODUCE 35 14954
SEND 1553583319 INTRODUCE 36 15302
SEND 1553583319 INTRODUCE 35 15262
SEND 1553583319 INTRODUCE 37 31921
SEND 1553583319 INTRODUCE 36 15088
SEND 1553583319 INTRODUCE 37 15686
SEND 1553583319 INTRODUCE 36 15197
SEND 1553583319 INTRODUCE 37 16500
SEND 1553583319 INTRODUCE 36 15401
SEND 1553583319 INTRODUCE 37 32886
SEND 1553583319 INTRODUCE 36 16237
SEND 1553583319 INTRODUCE 36 14959
SEND 1553583319 INTRODUCE 36 42079
RECIEVED 1553583319 INTRODUCE 36 28 0
RECIEVED 1553583319 INTRODUCE 36 28 0
RECIEVED 1553583319 INTRODUCE 36 28 0
RECIEVED 1553583319 INTRODUCE 36 28 0
SEND 1553583319 INTRODUCE 36 20772
SEND 1553583319 INTRODUCE 36 12516
SEND 1553583319 INTRODUCE 36 16393
SEND 1553583319 INTRODUCE 36 13724
SEND 1553583319 INTRODUCE 36 20013
SEND 1553583319 INTRODUCE 36 27461
SEND 1553583319 INTRODUCE 36 15203
SEND 1553583319 INTRODUCE 36 14506
SEND 1553583319 INTRODUCE 36 11932
SEND 1553583319 INTRODUCE 36 13339
SEND 1553583319 INTRODUCE 36 15625
SEND 1553583319 INTRODUCE 36 15105
SEND 1553583319 INTRODUCE 36 14176
SEND 1553583319 INTRODUCE 36 23164
SEND 1553583319 INTRODUCE 36 15949
SEND 1553583319 INTRODUCE 36 14870
SEND 1553583319 INTRODUCE 36 21066
SEND 1553583319 INTRODUCE 36 42549
SEND 1553583319 INTRODUCE 36 51869
SEND 1553583319 INTRODUCE 36 33645
SEND 1553583319 INTRODUCE 36 15389
SEND 1553583319 INTRODUCE 36 16970
SEND 1553583319 INTRODUCE 36 27041
SEND 1553583319 INTRODUCE 36 25867
SEND 1553583319 INTRODUCE 36 15878
SEND 1553583319 INTRODUCE 36 33726
SEND 1553583319 INTRODUCE 36 15674
# recieved string JOIN node12 172.22.158.206 8012

SEND 1553583319 INTRODUCE 36 16493
SEND 1553583319 JOIN 31 21354
RECIEVED 1553583319 INTRODUCE 36 29 0
RECIEVED 1553583319 INTRODUCE 37 29 0
SEND 1553583319 INTRODUCE 37 15508
SEND 1553583319 INTRODUCE 37 14545
SEND 1553583319 INTRODUCE 37 13544
SEND 1553583319 INTRODUCE 37 12113
SEND 1553583319 INTRODUCE 37 12344
SEND 1553583319 INTRODUCE 37 15173
SEND 1553583319 INTRODUCE 37 15941
SEND 1553583319 INTRODUCE 37 19123
SEND 1553583319 INTRODUCE 37 13985
SEND 1553583319 INTRODUCE 37 23651
SEND 1553583319 INTRODUCE 37 15453
SEND 1553583319 INTRODUCE 37 25401
SEND 1553583319 INTRODUCE 37 15752
SEND 1553583319 INTRODUCE 37 15606
SEND 1553583319 INTRODUCE 37 56422
SEND 1553583319 INTRODUCE 37 26513
SEND 1553583319 INTRODUCE 37 14901
SEND 1553583319 INTRODUCE 37 22588
SEND 1553583319 INTRODUCE 37 12385
SEND 1553583319 INTRODUCE 37 15688
SEND 1553583319 INTRODUCE 37 13459
SEND 1553583319 INTRODUCE 37 49838
SEND 1553583319 INTRODUCE 37 17280
SEND 1553583319 INTRODUCE 37 29101
SEND 1553583319 INTRODUCE 37 14214
SEND 1553583319 INTRODUCE 37 26094
SEND 1553583319 INTRODUCE 37 14860
SEND 1553583319 INTRODUCE 37 21840
SEND 1553583319 INTRODUCE 37 21939
SEND 1553583319 JOIN 31 21338
RECIEVED 1553583319 INTRODUCE 36 30 0
RECIEVED 1553583319 INTRODUCE 37 30 0
RECIEVED 1553583319 INTRODUCE 36 30 0
RECIEVED 1553583319 INTRODUCE 36 30 0
RECIEVED 1553583319 INTRODUCE 37 30 0
RECIEVED 1553583319 INTRODUCE 37 30 0
RECIEVED 1553583319 INTRODUCE 37 30 0
RECIEVED 1553583319 INTRODUCE 36 30 0
RECIEVED 1553583319 INTRODUCE 36 30 0
RECIEVED 1553583319 INTRODUCE 36 30 0
RECIEVED 1553583319 INTRODUCE 37 30 0
RECIEVED 1553583319 INTRODUCE 36 30 0
RECIEVED 1553583319 INTRODUCE 36 30 0
RECIEVED 1553583319 INTRODUCE 36 30 0
RECIEVED 1553583319 INTRODUCE 36 30 0
RECIEVED 1553583319 INTRODUCE 37 30 0
RECIEVED 1553583319 INTRODUCE 35 30 0
RECIEVED 1553583319 INTRODUCE 37 30 0
RECIEVED 1553583319 INTRODUCE 36 30 0
RECIEVED 1553583319 INTRODUCE 37 30 0
RECIEVED 1553583319 INTRODUCE 37 30 0
RECIEVED 1553583319 INTRODUCE 36 30 0
RECIEVED 1553583319 INTRODUCE 36 30 0
RECIEVED 1553583319 INTRODUCE 37 30 0
RECIEVED 1553583319 INTRODUCE 37 30 0
RECIEVED 1553583319 INTRODUCE 36 30 0
RECIEVED 1553583319 INTRODUCE 37 30 0
RECIEVED 1553583319 INTRODUCE 36 30 0
RECIEVED 1553583319 INTRODUCE 37 30 0
RECIEVED 1553583319 JOIN 32 30 0
SEND 1553583319 INTRODUCE 37 16515
SEND 1553583319 INTRODUCE 36 22105
SEND 1553583319 INTRODUCE 35 19295
SEND 1553583319 INTRODUCE 37 14340
SEND 1553583319 INTRODUCE 36 14909
SEND 1553583319 INTRODUCE 37 17320
SEND 1553583319 INTRODUCE 36 18798
SEND 1553583319 INTRODUCE 37 48715
SEND 1553583319 INTRODUCE 36 19847
SEND 1553583319 INTRODUCE 36 20120
SEND 1553583319 INTRODUCE 36 14677
SEND 1553583319 INTRODUCE 37 29411
SEND 1553583319 INTRODUCE 36 15026
SEND 1553583319 INTRODUCE 36 14594
SEND 1553583319 INTRODUCE 37 26887
SEND 1553583319 INTRODUCE 35 14484
SEND 1553583319 INTRODUCE 37 14286
SEND 1553583319 INTRODUCE 37 14435
SEND 1553583319 INTRODUCE 36 69953
SEND 1553583319 INTRODUCE 37 15940
SEND 1553583319 INTRODUCE 36 14823
SEND 1553583319 INTRODUCE 36 20543
SEND 1553583319 INTRODUCE 36 14096
SEND 1553583319 INTRODUCE 37 15856
SEND 1553583319 INTRODUCE 36 14912
SEND 1553583319 INTRODUCE 37 14777
SEND 1553583319 INTRODUCE 36 20085
SEND 1553583319 INTRODUCE 36 15925
SEND 1553583319 INTRODUCE 36 25427
SEND 1553583319 INTRODUCE 35 14967
RECIEVED 1553583319 INTRODUCE 36 31 0
RECIEVED 1553583319 INTRODUCE 36 31 0
RECIEVED 1553583319 INTRODUCE 37 31 0
RECIEVED 1553583319 INTRODUCE 36 31 0
RECIEVED 1553583319 INTRODUCE 36 31 0
RECIEVED 1553583319 INTRODUCE 36 31 0
RECIEVED 1553583319 INTRODUCE 37 31 0
RECIEVED 1553583319 INTRODUCE 35 31 0
RECIEVED 1553583319 INTRODUCE 36 31 0
RECIEVED 1553583319 INTRODUCE 36 31 0
RECIEVED 1553583319 INTRODUCE 37 31 0
RECIEVED 1553583319 INTRODUCE 36 31 0
RECIEVED 1553583319 INTRODUCE 36 31 0
SEND 1553583319 INTRODUCE 36 23200
SEND 1553583319 INTRODUCE 36 17388
SEND 1553583319 INTRODUCE 36 15798
SEND 1553583319 INTRODUCE 36 16273
SEND 1553583319 INTRODUCE 36 22732
SEND 1553583319 INTRODUCE 36 15988
SEND 1553583319 INTRODUCE 36 16427
SEND 1553583319 INTRODUCE 36 16861
SEND 1553583319 INTRODUCE 36 16201
SEND 1553583319 INTRODUCE 36 16280
SEND 1553583319 INTRODUCE 36 16693
SEND 1553583319 INTRODUCE 36 17044
SEND 1553583319 INTRODUCE 36 14570
SEND 1553583319 INTRODUCE 36 16073
SEND 1553583319 INTRODUCE 36 14955
SEND 1553583319 INTRODUCE 36 16011
SEND 1553583319 INTRODUCE 36 14310
SEND 1553583319 INTRODUCE 36 16818
SEND 1553583319 INTRODUCE 36 13749
SEND 1553583319 INTRODUCE 36 17060
SEND 1553583319 INTRODUCE 36 22116
SEND 1553583319 INTRODUCE 36 31393
SEND 1553583319 INTRODUCE 36 15931
SEND 1553583319 INTRODUCE 36 15828
SEND 1553583319 INTRODUCE 36 74051
SEND 1553583319 INTRODUCE 36 15731
SEND 1553583319 INTRODUCE 36 17243
SEND 1553583319 INTRODUCE 36 20368
SEND 1553583319 INTRODUCE 36 14460
SEND 1553583319 INTRODUCE 36 11596
SEND 1553583319 INTRODUCE 36 16027
SEND 1553583319 JOIN 31 44480
RECIEVED 1553583319 INTRODUCE 36 32 0
RECIEVED 1553583319 INTRODUCE 36 32 0
RECIEVED 1553583319 INTRODUCE 36 32 0
RECIEVED 1553583319 INTRODUCE 36 32 0
RECIEVED 1553583319 INTRODUCE 35 32 0
RECIEVED 1553583319 INTRODUCE 37 32 0
RECIEVED 1553583319 INTRODUCE 37 32 0
RECIEVED 1553583319 INTRODUCE 36 32 0
RECIEVED 1553583319 INTRODUCE 36 32 0
RECIEVED 1553583319 INTRODUCE 36 32 0
RECIEVED 1553583319 INTRODUCE 37 32 0
RECIEVED 1553583319 INTRODUCE 36 32 0
RECIEVED 1553583319 INTRODUCE 37 32 0
RECIEVED 1553583319 INTRODUCE 36 32 0
RECIEVED 1553583319 INTRODUCE 37 32 0
RECIEVED 1553583319 INTRODUCE 36 32 0
RECIEVED 1553583319 INTRODUCE 36 32 0
RECIEVED 1553583319 INTRODUCE 36 32 0
RECIEVED 1553583319 INTRODUCE 36 32 0
RECIEVED 1553583319 INTRODUCE 37 32 0
# recieved string JOIN node10 172.22.158.206 8010

RECIEVED 1553583319 JOIN 32 32 0
RECIEVED 1553583319 INTRODUCE 37 32 0
RECIEVED 1553583319 INTRODUCE 37 32 0
RECIEVED 1553583319 INTRODUCE 36 32 0
RECIEVED 1553583319 INTRODUCE 36 32 0
RECIEVED 1553583319 INTRODUCE 36 32 0
RECIEVED 1553583319 INTRODUCE 37 32 0
RECIEVED 1553583319 INTRODUCE 36 32 0
RECIEVED 1553583319 INTRODUCE 35 32 0
RECIEVED 1553583319 INTRODUCE 36 32 0
RECIEVED 1553583319 INTRODUCE 36 32 0
RECIEVED 1553583319 INTRODUCE 37 32 0
RECIEVED 1553583319 INTRODUCE 37 32 0
RECIEVED 1553583319 INTRODUCE 37 32 0
RECIEVED 1553583319 INTRODUCE 36 32 0
RECIEVED 1553583319 INTRODUCE 35 32 0
RECIEVED 1553583319 INTRODUCE 36 32 0
RECIEVED 1553583319 INTRODUCE 36 32 0
RECIEVED 1553583319 INTRODUCE 36 32 0
RECIEVED 1553583319 INTRODUCE 37 32 0
RECIEVED 1553583319 INTRODUCE 36 32 0
RECIEVED 1553583319 INTRODUCE 36 32 0
RECIEVED 1553583319 INTRODUCE 36 32 0
SEND 1553583319 INTRODUCE 36 12862
SEND 1553583319 INTRODUCE 36 16517
SEND 1553583319 INTRODUCE 36 13626
SEND 1553583319 INTRODUCE 36 15634
SEND 1553583319 INTRODUCE 36 15180
SEND 1553583319 INTRODUCE 36 12114
SEND 1553583319 INTRODUCE 36 20696
SEND 1553583319 INTRODUCE 36 42004
SEND 1553583319 INTRODUCE 36 14596
SEND 1553583319 INTRODUCE 36 16120
SEND 1553583319 INTRODUCE 36 15544
SEND 1553583319 INTRODUCE 36 18800
SEND 1553583319 INTRODUCE 36 25939
SEND 1553583319 INTRODUCE 36 15405
SEND 1553583319 INTRODUCE 36 15267
SEND 1553583319 INTRODUCE 36 14042
SEND 1553583319 INTRODUCE 36 11754
SEND 1553583319 INTRODUCE 36 12597
SEND 1553583319 INTRODUCE 36 15302
SEND 1553583319 INTRODUCE 36 41335
SEND 1553583319 INTRODUCE 36 21640
SEND 1553583319 INTRODUCE 36 14825
SEND 1553583319 INTRODUCE 36 14900
SEND 1553583319 INTRODUCE 36 21014
SEND 1553583319 INTRODUCE 36 16492
SEND 1553583319 INTRODUCE 36 16479
SEND 1553583319 INTRODUCE 36 26320
SEND 1553583319 INTRODUCE 36 14756
SEND 1553583319 INTRODUCE 36 21950
SEND 1553583319 INTRODUCE 36 26199
SEND 1553583319 INTRODUCE 36 15629
SEND 1553583319 INTRODUCE 36 14428
SEND 1553583319 JOIN 31 15482
RECIEVED 1553583319 INTRODUCE 36 33 0
RECIEVED 1553583319 INTRODUCE 36 33 0
RECIEVED 1553583319 INTRODUCE 36 33 0
SEND 1553583319 INTRODUCE 36 10388
SEND 1553583319 INTRODUCE 36 29507
SEND 1553583319 INTRODUCE 36 21049
SEND 1553583319 INTRODUCE 36 32228
SEND 1553583319 INTRODUCE 36 20212
SEND 1553583319 INTRODUCE 36 10945
SEND 1553583319 INTRODUCE 36 15088
SEND 1553583319 INTRODUCE 36 31138
SEND 1553583319 INTRODUCE 36 13915
SEND 1553583319 INTRODUCE 36 15169
SEND 1553583319 INTRODUCE 36 15298
SEND 1553583319 INTRODUCE 36 14950
SEND 1553583319 INTRODUCE 36 14957
SEND 1553583319 INTRODUCE 36 14146
SEND 1553583319 INTRODUCE 36 30027
SEND 1553583319 INTRODUCE 36 53455
SEND 1553583319 INTRODUCE 36 12542
SEND 1553583319 INTRODUCE 36 12600
SEND 1553583319 INTRODUCE 36 27173
SEND 1553583319 INTRODUCE 36 33403
SEND 1553583319 INTRODUCE 36 14782
SEND 1553583319 INTRODUCE 36 24363
SEND 1553583319 INTRODUCE 36 14427
SEND 1553583319 INTRODUCE 36 49659
SEND 1553583319 INTRODUCE 36 15052
SEND 1553583319 INTRODUCE 36 27259
SEND 1553583319 INTRODUCE 36 38456
SEND 1553583319 INTRODUCE 36 16057
SEND 1553583319 INTRODUCE 36 43498
SEND 1553583319 INTRODUCE 36 15726
SEND 1553583319 INTRODUCE 36 15028
SEND 1553583319 INTRODUCE 36 14460
SEND 1553583319 INTRODUCE 36 14497
SEND 1553583319 JOIN 31 29543
RECIEVED 1553583319 INTRODUCE 36 34 0
RECIEVED 1553583319 INTRODUCE 36 34 0
RECIEVED 1553583319 INTRODUCE 36 34 0
RECIEVED 1553583319 INTRODUCE 36 34 0
RECIEVED 1553583319 INTRODUCE 36 34 0
RECIEVED 1553583319 INTRODUCE 37 34 0
RECIEVED 1553583319 INTRODUCE 36 34 0
RECIEVED 1553583319 TRANSACTION 80 34 0
UPDATE 1553583319 TRANSACTION bb1a8a0087f7c2a957f5b71763bb6eaa
SEND 1553583319 TRANSACTION 80 23022 bb1a8a0087f7c2a957f5b71763bb6eaa
SEND 1553583319 TRANSACTION 80 29726 bb1a8a0087f7c2a957f5b71763bb6eaa
SEND 1553583319 TRANSACTION 80 14383 bb1a8a0087f7c2a957f5b71763bb6eaa
SEND 1553583319 TRANSACTION 80 15136 bb1a8a0087f7c2a957f5b71763bb6eaa
SEND 1553583319 TRANSACTION 80 16019 bb1a8a0087f7c2a957f5b71763bb6eaa
SEND 1553583319 TRANSACTION 80 27922 bb1a8a0087f7c2a957f5b71763bb6eaa
SEND 1553583319 TRANSACTION 80 15196 bb1a8a0087f7c2a957f5b71763bb6eaa
SEND 1553583319 TRANSACTION 80 36545 bb1a8a0087f7c2a957f5b71763bb6eaa
SEND 1553583319 TRANSACTION 80 15065 bb1a8a0087f7c2a957f5b71763bb6eaa
SEND 1553583319 TRANSACTION 80 15527 bb1a8a0087f7c2a957f5b71763bb6eaa
RECIEVED 1553583319 INTRODUCE 36 34 1
RECIEVED 1553583319 INTRODUCE 36 34 1
RECIEVED 1553583319 INTRODUCE 36 34 1
RECIEVED 1553583319 TRANSACTION 81 34 1
UPDATE 1553583319 TRANSACTION 00c1a07bb992f4d6f2e2a9f1b34ad2c0
SEND 1553583319 TRANSACTION 81 14208 00c1a07bb992f4d6f2e2a9f1b34ad2c0
SEND 1553583319 TRANSACTION 81 15083 00c1a07bb992f4d6f2e2a9f1b34ad2c0
SEND 1553583319 TRANSACTION 81 14955 00c1a07bb992f4d6f2e2a9f1b34ad2c0
SEND 1553583319 TRANSACTION 81 15884 00c1a07bb992f4d6f2e2a9f1b34ad2c0
SEND 1553583319 TRANSACTION 81 15407 00c1a07bb992f4d6f2e2a9f1b34ad2c0
SEND 1553583319 TRANSACTION 81 28724 00c1a07bb992f4d6f2e2a9f1b34ad2c0
SEND 1553583319 TRANSACTION 81 21329 00c1a07bb992f4d6f2e2a9f1b34ad2c0
SEND 1553583319 TRANSACTION 81 25526 00c1a07bb992f4d6f2e2a9f1b34ad2c0
SEND 1553583319 TRANSACTION 81 32908 00c1a07bb992f4d6f2e2a9f1b34ad2c0
SEND 1553583319 TRANSACTION 81 15424 00c1a07bb992f4d6f2e2a9f1b34ad2c0
SEND 1553583319 TRANSACTION 81 15140 00c1a07bb992f4d6f2e2a9f1b34ad2c0
SEND 1553583319 TRANSACTION 81 13264 00c1a07bb992f4d6f2e2a9f1b34ad2c0
SEND 1553583319 TRANSACTION 81 21563 00c1a07bb992f4d6f2e2a9f1b34ad2c0
RECIEVED 1553583319 INTRODUCE 36 34 2
RECIEVED 1553583319 INTRODUCE 36 34 2
RECIEVED 1553583319 INTRODUCE 35 34 2
RECIEVED 1553583319 INTRODUCE 36 34 2
RECIEVED 1553583319 INTRODUCE 36 34 2
RECIEVED 1553583319 INTRODUCE 36 34 2
RECIEVED 1553583319 TRANSACTION 80 34 2
UPDATE 1553583319 TRANSACTION 6f556a8d7c6e612c05f01e4e92a9a419
SEND 1553583319 TRANSACTION 80 15395 6f556a8d7c6e612c05f01e4e92a9a419
SEND 1553583319 TRANSACTION 80 15933 6f556a8d7c6e612c05f01e4e92a9a419
SEND 1553583319 TRANSACTION 80 28765 6f556a8d7c6e612c05f01e4e92a9a419
SEND 1553583319 TRANSACTION 80 19392 6f556a8d7c6e612c05f01e4e92a9a419
SEND 1553583319 TRANSACTION 80 13493 6f556a8d7c6e612c05f01e4e92a9a419
SEND 1553583319 TRANSACTION 80 29116 6f556a8d7c6e612c05f01e4e92a9a419
SEND 1553583319 TRANSACTION 80 16440 6f556a8d7c6e612c05f01e4e92a9a419
SEND 1553583319 TRANSACTION 80 29880 6f556a8d7c6e612c05f01e4e92a9a419
SEND 1553583319 TRANSACTION 80 15547 6f556a8d7c6e612c05f01e4e92a9a419
SEND 1553583319 TRANSACTION 80 15476 6f556a8d7c6e612c05f01e4e92a9a419
SEND 1553583319 TRANSACTION 80 13527 6f556a8d7c6e612c05f01e4e92a9a419
RECIEVED 1553583319 TRANSACTION 81 34 3
RECIEVED 1553583319 TRANSACTION 80 34 3
RECIEVED 1553583319 INTRODUCE 37 34 3
RECIEVED 1553583319 TRANSACTION 80 34 3
RECIEVED 1553583319 INTRODUCE 36 34 3
RECIEVED 1553583319 TRANSACTION 80 34 3
RECIEVED 1553583319 TRANSACTION 80 34 3
RECIEVED 1553583319 INTRODUCE 36 34 3
RECIEVED 1553583319 INTRODUCE 36 34 3
RECIEVED 1553583319 INTRODUCE 37 34 3
RECIEVED 1553583319 TRANSACTION 81 34 3
RECIEVED 1553583319 INTRODUCE 37 34 3
RECIEVED 1553583319 TRANSACTION 80 34 3
# recieved string JOIN node11 172.22.158.206 8011

RECIEVED 1553583319 JOIN 32 34 3
SEND 1553583319 INTRODUCE 36 12774
SEND 1553583319 INTRODUCE 37 14796
SEND 1553583319 INTRODUCE 36 14927
SEND 1553583319 INTRODUCE 37 35523
SEND 1553583319 INTRODUCE 37 20915
SEND 1553583319 INTRODUCE 36 20199
SEND 1553583319 INTRODUCE 36 13748
SEND 1553583319 INTRODUCE 37 16296
SEND 1553583319 INTRODUCE 36 36074
SEND 1553583319 INTRODUCE 35 21455
SEND 1553583319 INTRODUCE 36 22133
SEND 1553583319 INTRODUCE 36 15840
SEND 1553583319 INTRODUCE 36 4646
SEND 1553583319 INTRODUCE 36 20247
SEND 1553583319 INTRODUCE 37 20941
SEND 1553583319 INTRODUCE 36 21716
SEND 1553583319 INTRODUCE 36 51429
SEND 1553583319 INTRODUCE 35 16883
SEND 1553583319 INTRODUCE 37 25097
SEND 1553583319 INTRODUCE 36 26240
SEND 1553583319 INTRODUCE 37 15279
SEND 1553583319 INTRODUCE 36 4897
SEND 1553583319 INTRODUCE 37 15578
SEND 1553583319 INTRODUCE 36 14864
SEND 1553583319 INTRODUCE 36 15753
SEND 1553583319 INTRODUCE 36 19754
SEND 1553583319 INTRODUCE 36 16291
SEND 1553583319 INTRODUCE 36 30060
SEND 1553583319 INTRODUCE 37 15223
SEND 1553583319 INTRODUCE 37 15490
SEND 1553583319 INTRODUCE 36 15505
SEND 1553583319 INTRODUCE 37 14295
SEND 1553583319 INTRODUCE 37 33185
SEND 1553583319 INTRODUCE 35 25362
RECIEVED 1553583319 TRANSACTION 80 35 3
RECIEVED 1553583319 INTRODUCE 37 35 3
RECIEVED 1553583319 INTRODUCE 36 35 3
RECIEVED 1553583319 INTRODUCE 37 35 3
RECIEVED 1553583319 INTRODUCE 36 35 3
RECIEVED 1553583319 INTRODUCE 36 35 3
RECIEVED 1553583319 INTRODUCE 36 35 3
RECIEVED 1553583319 INTRODUCE 36 35 3
RECIEVED 1553583319 INTRODUCE 37 35 3
RECIEVED 1553583319 INTRODUCE 37 35 3
RECIEVED 1553583319 INTRODUCE 35 35 3
RECIEVED 1553583319 INTRODUCE 37 35 3
RECIEVED 1553583319 INTRODUCE 37 35 3
RECIEVED 1553583319 INTRODUCE 36 35 3
RECIEVED 1553583319 INTRODUCE 36 35 3
RECIEVED 1553583319 INTRODUCE 37 35 3
RECIEVED 1553583319 INTRODUCE 37 35 3
RECIEVED 1553583319 INTRODUCE 37 35 3
RECIEVED 1553583319 INTRODUCE 37 35 3
RECIEVED 1553583319 INTRODUCE 36 35 3
RECIEVED 1553583319 INTRODUCE 36 35 3
RECIEVED 1553583319 INTRODUCE 37 35 3
RECIEVED 1553583320 INTRODUCE 36 35 3
RECIEVED 1553583320 INTRODUCE 35 35 3
RECIEVED 1553583320 INTRODUCE 37 35 3
RECIEVED 1553583320 INTRODUCE 36 35 3
# recieved string JOIN node6 172.22.158.206 8006

RECIEVED 1553583320 JOIN 31 35 3
SEND 1553583320 INTRODUCE 36 16300
SEND 1553583320 INTRODUCE 37 20923
SEND 1553583320 INTRODUCE 36 20265
SEND 1553583320 INTRODUCE 36 18902
SEND 1553583320 INTRODUCE 35 21739
SEND 1553583320 INTRODUCE 37 14586
SEND 1553583320 INTRODUCE 36 15442
SEND 1553583320 INTRODUCE 37 15385
SEND 1553583320 INTRODUCE 36 21282
SEND 1553583320 INTRODUCE 37 15251
SEND 1553583320 INTRODUCE 36 26804
SEND 1553583320 INTRODUCE 36 15903
SEND 1553583320 INTRODUCE 36 28406
SEND 1553583320 INTRODUCE 36 33279
SEND 1553583320 INTRODUCE 36 15415
SEND 1553583320 INTRODUCE 37 15067
SEND 1553583320 INTRODUCE 37 26794
SEND 1553583320 INTRODUCE 36 26604
SEND 1553583320 INTRODUCE 37 15139
SEND 1553583320 INTRODUCE 37 14703
SEND 1553583320 INTRODUCE 35 20322
SEND 1553583320 INTRODUCE 36 14216
SEND 1553583320 INTRODUCE 37 14660
SEND 1553583320 INTRODUCE 37 14437
SEND 1553583320 INTRODUCE 36 14337
SEND 1553583320 INTRODUCE 37 27853
SEND 1553583320 INTRODUCE 37 24852
SEND 1553583320 INTRODUCE 36 19404
SEND 1553583320 INTRODUCE 36 13754
SEND 1553583320 INTRODUCE 37 57928
SEND 1553583320 INTRODUCE 36 13395
SEND 1553583320 INTRODUCE 35 15721
SEND 1553583320 INTRODUCE 36 13869
SEND 1553583320 INTRODUCE 36 19017
SEND 1553583320 INTRODUCE 36 41687
RECIEVED 1553583320 INTRODUCE 37 36 3
SEND 1553583320 INTRODUCE 37 14677
SEND 1553583320 INTRODUCE 37 16173
SEND 1553583320 INTRODUCE 37 16560
SEND 1553583320 INTRODUCE 37 15392
SEND 1553583320 INTRODUCE 37 17008
SEND 1553583320 INTRODUCE 37 13886
SEND 1553583320 INTRODUCE 37 14770
SEND 1553583320 INTRODUCE 37 15323
SEND 1553583320 INTRODUCE 37 29909
SEND 1553583320 INTRODUCE 37 14673
SEND 1553583320 INTRODUCE 37 20966
SEND 1553583320 INTRODUCE 37 15413
SEND 1553583320 INTRODUCE 37 20181
SEND 1553583320 INTRODUCE 37 26818
SEND 1553583320 INTRODUCE 37 15031
SEND 1553583320 INTRODUCE 37 11841
SEND 1553583320 INTRODUCE 37 13724
SEND 1553583320 INTRODUCE 37 15157
SEND 1553583320 INTRODUCE 37 29300
SEND 1553583320 INTRODUCE 37 27457
SEND 1553583320 INTRODUCE 37 14456
SEND 1553583320 INTRODUCE 37 23315
SEND 1553583320 INTRODUCE 37 20988
SEND 1553583320 INTRODUCE 37 15200
SEND 1553583320 INTRODUCE 37 16278
SEND 1553583320 INTRODUCE 37 16067
SEND 1553583320 INTRODUCE 37 14451
SEND 1553583320 INTRODUCE 37 13988
SEND 1553583320 INTRODUCE 37 15026
SEND 1553583320 INTRODUCE 37 31749
SEND 1553583320 INTRODUCE 37 15416
SEND 1553583320 INTRODUCE 37 31607
SEND 1553583320 INTRODUCE 37 19804
SEND 1553583320 INTRODUCE 37 25322
SEND 1553583320 INTRODUCE 37 15162
SEND 1553583320 INTRODUCE 37 19033
SEND 1553583320 JOIN 31 15749
RECIEVED 1553583320 INTRODUCE 37 37 3
RECIEVED 1553583320 INTRODUCE 36 37 3
RECIEVED 1553583320 INTRODUCE 36 37 3
RECIEVED 1553583320 INTRODUCE 37 37 3
RECIEVED 1553583320 INTRODUCE 36 37 3
RECIEVED 1553583320 INTRODUCE 37 37 3
RECIEVED 1553583320 INTRODUCE 37 37 3
RECIEVED 1553583320 INTRODUCE 37 37 3
RECIEVED 1553583320 INTRODUCE 36 37 3
RECIEVED 1553583320 INTRODUCE 36 37 3
RECIEVED 1553583320 INTRODUCE 37 37 3
RECIEVED 1553583320 INTRODUCE 37 37 3
RECIEVED 1553583320 INTRODUCE 37 37 3
RECIEVED 1553583320 INTRODUCE 37 37 3
RECIEVED 1553583320 INTRODUCE 37 37 3
RECIEVED 1553583320 INTRODUCE 36 37 3
RECIEVED 1553583320 INTRODUCE 37 37 3
RECIEVED 1553583320 INTRODUCE 36 37 3
RECIEVED 1553583320 INTRODUCE 36 37 3
RECIEVED 1553583320 INTRODUCE 37 37 3
# recieved string JOIN node4 172.22.94.216 8004

RECIEVED 1553583320 JOIN 30 37 3
SEND 1553583320 INTRODUCE 36 13818
SEND 1553583320 INTRODUCE 37 10893
SEND 1553583320 INTRODUCE 37 17214
SEND 1553583320 INTRODUCE 36 16740
SEND 1553583320 INTRODUCE 36 16621
SEND 1553583320 INTRODUCE 36 13397
SEND 1553583320 INTRODUCE 36 12726
SEND 1553583320 INTRODUCE 36 11341
SEND 1553583320 INTRODUCE 37 13086
SEND 1553583320 INTRODUCE 37 14246
SEND 1553583320 INTRODUCE 36 13326
SEND 1553583320 INTRODUCE 37 13046
SEND 1553583320 INTRODUCE 37 12755
SEND 1553583320 INTRODUCE 35 11645
SEND 1553583320 INTRODUCE 36 17061
SEND 1553583320 INTRODUCE 37 14078
SEND 1553583320 INTRODUCE 37 10588
SEND 1553583320 INTRODUCE 36 10085
SEND 1553583320 INTRODUCE 37 9929
SEND 1553583320 INTRODUCE 37 10815
SEND 1553583320 INTRODUCE 36 10872
SEND 1553583320 INTRODUCE 36 13332
SEND 1553583320 INTRODUCE 37 13111
SEND 1553583320 INTRODUCE 36 11147
SEND 1553583320 INTRODUCE 35 10287
SEND 1553583320 INTRODUCE 36 13747
SEND 1553583320 INTRODUCE 36 10195
# recieved string JOIN node14 172.22.158.206 8014

SEND 1553583320 INTRODUCE 36 11306
SEND 1553583320 INTRODUCE 36 11827
SEND 1553583320 INTRODUCE 37 11000
SEND 1553583320 INTRODUCE 36 10037
SEND 1553583320 INTRODUCE 36 10326
SEND 1553583320 INTRODUCE 35 13913
SEND 1553583320 INTRODUCE 37 9353
SEND 1553583320 INTRODUCE 36 10770
SEND 1553583320 INTRODUCE 37 9962
SEND 1553583320 INTRODUCE 36 17513
RECIEVED 1553583320 INTRODUCE 37 38 3
RECIEVED 1553583320 INTRODUCE 36 38 3
RECIEVED 1553583320 INTRODUCE 36 38 3
RECIEVED 1553583320 JOIN 32 38 3
SEND 1553583320 INTRODUCE 35 16134
SEND 1553583320 INTRODUCE 37 15867
SEND 1553583320 INTRODUCE 36 14645
SEND 1553583320 INTRODUCE 37 16747
SEND 1553583320 INTRODUCE 37 15626
SEND 1553583320 INTRODUCE 37 14638
SEND 1553583320 INTRODUCE 36 32557
SEND 1553583320 INTRODUCE 37 14714
SEND 1553583320 INTRODUCE 37 15112
SEND 1553583320 INTRODUCE 36 15633
SEND 1553583320 INTRODUCE 36 48163
SEND 1553583320 INTRODUCE 37 21862
SEND 1553583320 INTRODUCE 36 15661
SEND 1553583320 INTRODUCE 36 14768
SEND 1553583320 INTRODUCE 37 15304
SEND 1553583320 INTRODUCE 36 47623
SEND 1553583320 INTRODUCE 35 15418
SEND 1553583320 INTRODUCE 36 16678
SEND 1553583320 INTRODUCE 36 26290
SEND 1553583320 INTRODUCE 37 15445
SEND 1553583320 INTRODUCE 36 15731
SEND 1553583320 INTRODUCE 37 5185
SEND 1553583320 INTRODUCE 36 33055
SEND 1553583320 INTRODUCE 36 21073
SEND 1553583320 INTRODUCE 35 15918
SEND 1553583320 INTRODUCE 35 15428
SEND 1553583320 INTRODUCE 36 16021
SEND 1553583320 INTRODUCE 36 15503
SEND 1553583320 INTRODUCE 37 16477
SEND 1553583320 INTRODUCE 36 20008
SEND 1553583320 INTRODUCE 36 14641
SEND 1553583320 INTRODUCE 37 18854
SEND 1553583320 INTRODUCE 37 16293
SEND 1553583320 INTRODUCE 37 16765
SEND 1553583320 INTRODUCE 36 39287
SEND 1553583320 INTRODUCE 36 15672
SEND 1553583320 INTRODUCE 36 16473
SEND 1553583320 INTRODUCE 36 14238
RECIEVED 1553583320 TRANSACTION 81 39 3
UPDATE 1553583320 TRANSACTION 8a15cc1ad7376a25a5860875c62d343a
SEND 1553583320 TRANSACTION 81 25182 8a15cc1ad7376a25a5860875c62d343a
SEND 1553583320 TRANSACTION 81 15632 8a15cc1ad7376a25a5860875c62d343a
SEND 1553583320 TRANSACTION 81 27591 8a15cc1ad7376a25a5860875c62d343a
SEND 1553583320 TRANSACTION 81 16797 8a15cc1ad7376a25a5860875c62d343a
SEND 1553583320 TRANSACTION 81 16360 8a15cc1ad7376a25a5860875c62d343a
SEND 1553583320 TRANSACTION 81 17255 8a15cc1ad7376a25a5860875c62d343a
SEND 1553583320 TRANSACTION 81 19700 8a15cc1ad7376a25a5860875c62d343a
SEND 1553583320 TRANSACTION 81 17572 8a15cc1ad7376a25a5860875c62d343a
SEND 1553583320 TRANSACTION 81 16747 8a15cc1ad7376a25a5860875c62d343a
SEND 1553583320 TRANSACTION 81 16021 8a15cc1ad7376a25a5860875c62d343a
SEND 1553583320 TRANSACTION 81 17414 8a15cc1ad7376a25a5860875c62d343a
SEND 1553583320 TRANSACTION 81 37828 8a15cc1ad7376a25a5860875c62d343a
SEND 1553583320 TRANSACTION 81 15672 8a15cc1ad7376a25a5860875c62d343a
SEND 1553583320 TRANSACTION 81 19147 8a15cc1ad7376a25a5860875c62d343a
SEND 1553583320 TRANSACTION 81 16366 8a15cc1ad7376a25a5860875c62d343a
RECIEVED 1553583320 TRANSACTION 81 39 4
RECIEVED 1553583320 TRANSACTION 81 39 4
RECIEVED 1553583320 INTRODUCE 36 39 4
RECIEVED 1553583320 INTRODUCE 36 39 4
RECIEVED 1553583320 INTRODUCE 36 39 4
RECIEVED 1553583320 INTRODUCE 37 39 4
RECIEVED 1553583320 INTRODUCE 35 39 4
RECIEVED 1553583320 INTRODUCE 36 39 4
RECIEVED 1553583320 INTRODUCE 37 39 4
RECIEVED 1553583320 INTRODUCE 36 39 4
RECIEVED 1553583320 INTRODUCE 36 39 4
RECIEVED 1553583320 INTRODUCE 37 39 4
RECIEVED 1553583320 INTRODUCE 36 39 4
RECIEVED 1553583320 INTRODUCE 36 39 4
RECIEVED 1553583320 INTRODUCE 36 39 4
RECIEVED 1553583320 INTRODUCE 37 39 4
RECIEVED 1553583320 INTRODUCE 36 39 4
RECIEVED 1553583320 INTRODUCE 37 39 4
RECIEVED 1553583320 INTRODUCE 36 39 4
RECIEVED 1553583320 INTRODUCE 36 39 4
RECIEVED 1553583320 INTRODUCE 36 39 4
RECIEVED 1553583320 INTRODUCE 37 39 4
RECIEVED 1553583320 INTRODUCE 37 39 4
RECIEVED 1553583320 INTRODUCE 37 39 4
SEND 1553583320 INTRODUCE 37 16056
SEND 1553583320 INTRODUCE 37 13014
SEND 1553583320 INTRODUCE 37 15060
SEND 1553583320 INTRODUCE 37 15604
SEND 1553583320 INTRODUCE 37 20339
SEND 1553583320 INTRODUCE 37 15732
SEND 1553583320 INTRODUCE 37 13943
SEND 1553583320 INTRODUCE 37 14261
SEND 1553583320 INTRODUCE 37 16485
SEND 1553583320 INTRODUCE 37 15086
SEND 1553583320 INTRODUCE 37 14386
SEND 1553583320 INTRODUCE 37 13857
SEND 1553583320 INTRODUCE 37 38767
SEND 1553583320 INTRODUCE 37 14380
SEND 1553583320 INTRODUCE 37 45137
SEND 1553583320 INTRODUCE 37 15341
SEND 1553583320 INTRODUCE 37 19363
SEND 1553583320 INTRODUCE 37 19364
SEND 1553583320 INTRODUCE 37 14506
SEND 1553583320 INTRODUCE 37 15219
SEND 1553583320 INTRODUCE 37 14967
SEND 1553583320 INTRODUCE 37 14848
SEND 1553583320 INTRODUCE 37 16391
SEND 1553583320 INTRODUCE 37 19227
SEND 1553583320 INTRODUCE 37 25955
SEND 1553583320 INTRODUCE 37 12871
SEND 1553583320 INTRODUCE 37 21250
SEND 1553583320 INTRODUCE 37 10420
SEND 1553583320 INTRODUCE 37 12658
SEND 1553583320 INTRODUCE 37 14542
SEND 1553583320 INTRODUCE 37 22738
SEND 1553583320 INTRODUCE 37 19814
SEND 1553583320 INTRODUCE 37 30408
SEND 1553583320 INTRODUCE 37 44262
SEND 1553583320 INTRODUCE 37 19345
SEND 1553583320 INTRODUCE 37 27277
SEND 1553583320 INTRODUCE 37 19816
SEND 1553583320 INTRODUCE 37 42481
SEND 1553583320 INTRODUCE 37 24714
SEND 1553583320 JOIN 31 14420
RECIEVED 1553583320 INTRODUCE 37 40 4
RECIEVED 1553583320 INTRODUCE 36 40 4
RECIEVED 1553583320 INTRODUCE 37 40 4
RECIEVED 1553583320 INTRODUCE 36 40 4
SEND 1553583320 INTRODUCE 36 19998
SEND 1553583320 INTRODUCE 36 33819
SEND 1553583320 INTRODUCE 36 16107
SEND 1553583320 INTRODUCE 36 15378
SEND 1553583320 INTRODUCE 36 21105
SEND 1553583320 INTRODUCE 36 16168
SEND 1553583320 INTRODUCE 36 28153
SEND 1553583320 INTRODUCE 36 26433
SEND 1553583320 INTRODUCE 36 26579
SEND 1553583320 INTRODUCE 36 19624
SEND 1553583320 INTRODUCE 36 22943
SEND 1553583320 INTRODUCE 36 19751
SEND 1553583320 INTRODUCE 36 13929
SEND 1553583320 INTRODUCE 36 20346
SEND 1553583320 INTRODUCE 36 15146
SEND 1553583320 INTRODUCE 36 25443
SEND 1553583320 INTRODUCE 36 22554
SEND 1553583320 INTRODUCE 36 15580
SEND 1553583320 INTRODUCE 36 16804
SEND 1553583320 INTRODUCE 36 35219
SEND 1553583320 INTRODUCE 36 14846
SEND 1553583320 INTRODUCE 36 14824
SEND 1553583320 INTRODUCE 36 14733
SEND 1553583320 INTRODUCE 36 21244
SEND 1553583320 INTRODUCE 36 18308
SEND 1553583320 INTRODUCE 36 11362
SEND 1553583320 INTRODUCE 36 15417
SEND 1553583320 INTRODUCE 36 17558
SEND 1553583320 INTRODUCE 36 21080
SEND 1553583320 INTRODUCE 36 19677
SEND 1553583320 INTRODUCE 36 41295
SEND 1553583320 INTRODUCE 36 34023
SEND 1553583320 INTRODUCE 36 37756
SEND 1553583320 INTRODUCE 36 15523
SEND 1553583320 INTRODUCE 36 669358
SEND 1553583320 INTRODUCE 36 22701
SEND 1553583320 INTRODUCE 36 11990
SEND 1553583320 INTRODUCE 36 14485
SEND 1553583320 INTRODUCE 36 14642
SEND 1553583320 INTRODUCE 36 19082
SEND 1553583320 JOIN 31 14783
RECIEVED 1553583320 INTRODUCE 37 41 4
RECIEVED 1553583320 INTRODUCE 37 41 4
RECIEVED 1553583320 INTRODUCE 37 41 4
RECIEVED 1553583320 INTRODUCE 36 41 4
RECIEVED 1553583320 INTRODUCE 36 41 4
RECIEVED 1553583320 INTRODUCE 37 41 4
RECIEVED 1553583320 INTRODUCE 37 41 4
RECIEVED 1553583320 INTRODUCE 37 41 4
RECIEVED 1553583320 INTRODUCE 37 41 4
RECIEVED 1553583320 INTRODUCE 36 41 4
RECIEVED 1553583320 INTRODUCE 37 41 4
RECIEVED 1553583320 INTRODUCE 36 41 4
RECIEVED 1553583320 INTRODUCE 35 41 4
RECIEVED 1553583320 INTRODUCE 36 41 4
RECIEVED 1553583320 INTRODUCE 36 41 4
RECIEVED 1553583320 INTRODUCE 36 41 4
RECIEVED 1553583320 INTRODUCE 36 41 4
RECIEVED 1553583320 INTRODUCE 36 41 4
RECIEVED 1553583320 INTRODUCE 37 41 4
RECIEVED 1553583320 INTRODUCE 36 41 4
RECIEVED 1553583320 INTRODUCE 35 41 4
RECIEVED 1553583320 INTRODUCE 36 41 4
RECIEVED 1553583320 INTRODUCE 36 41 4
RECIEVED 1553583320 TRANSACTION 81 41 4
UPDATE 1553583320 TRANSACTION 012740f7807862441451fb63671e5fe2
SEND 1553583320 TRANSACTION 81 15582 012740f7807862441451fb63671e5fe2
SEND 1553583320 TRANSACTION 81 14304 012740f7807862441451fb63671e5fe2
SEND 1553583320 TRANSACTION 81 41056 012740f7807862441451fb63671e5fe2
SEND 1553583320 TRANSACTION 81 28199 012740f7807862441451fb63671e5fe2
SEND 1553583320 TRANSACTION 81 20382 012740f7807862441451fb63671e5fe2
SEND 1553583320 TRANSACTION 81 26641 012740f7807862441451fb63671e5fe2
SEND 1553583320 TRANSACTION 81 25194 012740f7807862441451fb63671e5fe2
SEND 1553583320 TRANSACTION 81 39895 012740f7807862441451fb63671e5fe2
SEND 1553583320 TRANSACTION 81 19319 012740f7807862441451fb63671e5fe2
SEND 1553583320 TRANSACTION 81 15099 012740f7807862441451fb63671e5fe2
SEND 1553583320 TRANSACTION 81 19449 012740f7807862441451fb63671e5fe2
SEND 1553583320 TRANSACTION 81 27904 012740f7807862441451fb63671e5fe2
SEND 1553583320 TRANSACTION 81 14639 012740f7807862441451fb63671e5fe2
SEND 1553583320 TRANSACTION 81 13998 012740f7807862441451fb63671e5fe2
SEND 1553583320 TRANSACTION 81 14472 012740f7807862441451fb63671e5fe2
SEND 1553583320 TRANSACTION 81 44324 012740f7807862441451fb63671e5fe2
RECIEVED 1553583320 TRANSACTION 81 41 5
RECIEVED 1553583320 TRANSACTION 81 41 5
RECIEVED 1553583320 INTRODUCE 36 41 5
RECIEVED 1553583320 INTRODUCE 37 41 5
RECIEVED 1553583320 INTRODUCE 35 41 5
RECIEVED 1553583320 INTRODUCE 36 41 5
RECIEVED 1553583320 INTRODUCE 36 41 5
RECIEVED 1553583321 INTRODUCE 37 41 5
RECIEVED 1553583321 INTRODUCE 37 41 5
RECIEVED 1553583321 INTRODUCE 36 41 5
RECIEVED 1553583321 INTRODUCE 36 41 5
RECIEVED 1553583321 INTRODUCE 37 41 5
RECIEVED 1553583321 TRANSACTION 81 41 5
UPDATE 1553583321 TRANSACTION ad46035f8f9f206fac5468d2f9e545d4
SEND 1553583321 TRANSACTION 81 14702 ad46035f8f9f206fac5468d2f9e545d4
SEND 1553583321 TRANSACTION 81 15975 ad46035f8f9f206fac5468d2f9e545d4
SEND 1553583321 TRANSACTION 81 46011 ad46035f8f9f206fac5468d2f9e545d4
SEND 1553583321 TRANSACTION 81 14336 ad46035f8f9f206fac5468d2f9e545d4
SEND 1553583321 TRANSACTION 81 19621 ad46035f8f9f206fac5468d2f9e545d4
SEND 1553583321 TRANSACTION 81 28093 ad46035f8f9f206fac5468d2f9e545d4
SEND 1553583321 TRANSACTION 81 15214 ad46035f8f9f206fac5468d2f9e545d4
SEND 1553583321 TRANSACTION 81 15294 ad46035f8f9f206fac5468d2f9e545d4
SEND 1553583321 TRANSACTION 81 15760 ad46035f8f9f206fac5468d2f9e545d4
SEND 1553583321 TRANSACTION 81 23705 ad46035f8f9f206fac5468d2f9e545d4
SEND 1553583321 TRANSACTION 81 14459 ad46035f8f9f206fac5468d2f9e545d4
SEND 1553583321 TRANSACTION 81 15018 ad46035f8f9f206fac5468d2f9e545d4
SEND 1553583321 TRANSACTION 81 30631 ad46035f8f9f206fac5468d2f9e545d4
SEND 1553583321 TRANSACTION 81 16538 ad46035f8f9f206fac5468d2f9e545d4
SEND 1553583321 TRANSACTION 81 31675 ad46035f8f9f206fac5468d2f9e545d4
RECIEVED 1553583321 TRANSACTION 81 41 6
RECIEVED 1553583321 TRANSACTION 81 41 6
RECIEVED 1553583321 INTRODUCE 36 41 6
RECIEVED 1553583321 TRANSACTION 81 41 6
RECIEVED 1553583321 TRANSACTION 81 41 6
UPDATE 1553583321 TRANSACTION fb1f0bdcdbcfaec631205eba44cc59dd
SEND 1553583321 TRANSACTION 81 15488 fb1f0bdcdbcfaec631205eba44cc59dd
SEND 1553583321 TRANSACTION 81 41970 fb1f0bdcdbcfaec631205eba44cc59dd
SEND 1553583321 TRANSACTION 81 21027 fb1f0bdcdbcfaec631205eba44cc59dd
SEND 1553583321 TRANSACTION 81 14615 fb1f0bdcdbcfaec631205eba44cc59dd
SEND 1553583321 TRANSACTION 81 15860 fb1f0bdcdbcfaec631205eba44cc59dd
SEND 1553583321 TRANSACTION 81 22639 fb1f0bdcdbcfaec631205eba44cc59dd
SEND 1553583321 TRANSACTION 81 15661 fb1f0bdcdbcfaec631205eba44cc59dd
SEND 1553583321 TRANSACTION 81 37676 fb1f0bdcdbcfaec631205eba44cc59dd
SEND 1553583321 TRANSACTION 81 15214 fb1f0bdcdbcfaec631205eba44cc59dd
SEND 1553583321 TRANSACTION 81 24567 fb1f0bdcdbcfaec631205eba44cc59dd
SEND 1553583321 TRANSACTION 81 21012 fb1f0bdcdbcfaec631205eba44cc59dd
# recieved string JOIN node17 172.22.158.206 8017

SEND 1553583321 TRANSACTION 81 20156 fb1f0bdcdbcfaec631205eba44cc59dd
SEND 1553583321 TRANSACTION 81 17334 fb1f0bdcdbcfaec631205eba44cc59dd
RECIEVED 1553583321 INTRODUCE 36 41 7
RECIEVED 1553583321 TRANSACTION 81 41 7
RECIEVED 1553583321 JOIN 32 41 7
SEND 1553583321 INTRODUCE 36 22210
SEND 1553583321 INTRODUCE 37 15640
SEND 1553583321 INTRODUCE 36 14957
SEND 1553583321 INTRODUCE 37 14566
SEND 1553583321 INTRODUCE 37 15002
SEND 1553583321 INTRODUCE 37 15895
SEND 1553583321 INTRODUCE 37 14671
SEND 1553583321 INTRODUCE 36 15476
SEND 1553583321 INTRODUCE 37 33948
SEND 1553583321 INTRODUCE 36 15424
SEND 1553583321 INTRODUCE 36 20234
SEND 1553583321 INTRODUCE 36 15743
SEND 1553583321 INTRODUCE 36 15695
SEND 1553583321 INTRODUCE 35 16043
SEND 1553583321 INTRODUCE 36 31253
SEND 1553583321 INTRODUCE 35 16265
SEND 1553583321 INTRODUCE 37 38344
SEND 1553583321 INTRODUCE 36 14989
SEND 1553583321 INTRODUCE 37 19731
SEND 1553583321 INTRODUCE 36 38577
SEND 1553583321 INTRODUCE 36 14754
SEND 1553583321 INTRODUCE 35 15842
SEND 1553583321 INTRODUCE 37 20445
SEND 1553583321 INTRODUCE 36 26953
SEND 1553583321 INTRODUCE 36 30055
SEND 1553583321 INTRODUCE 37 15301
SEND 1553583321 INTRODUCE 36 14121
SEND 1553583321 INTRODUCE 36 19242
SEND 1553583321 INTRODUCE 37 17912
SEND 1553583321 INTRODUCE 37 71482
SEND 1553583321 INTRODUCE 36 19336
SEND 1553583321 INTRODUCE 37 16834
SEND 1553583321 INTRODUCE 36 37616
SEND 1553583321 INTRODUCE 36 32569
SEND 1553583321 INTRODUCE 36 15271
SEND 1553583321 INTRODUCE 36 17877
SEND 1553583321 INTRODUCE 37 33749
SEND 1553583321 INTRODUCE 35 20605
SEND 1553583321 INTRODUCE 37 25320
SEND 1553583321 INTRODUCE 36 16559
SEND 1553583321 INTRODUCE 37 15672
RECIEVED 1553583321 INTRODUCE 36 42 7
RECIEVED 1553583321 INTRODUCE 37 42 7
RECIEVED 1553583321 INTRODUCE 36 42 7
RECIEVED 1553583321 INTRODUCE 37 42 7
RECIEVED 1553583321 INTRODUCE 36 42 7
RECIEVED 1553583321 INTRODUCE 36 42 7
SEND 1553583321 INTRODUCE 36 20780
SEND 1553583321 INTRODUCE 36 31382
SEND 1553583321 INTRODUCE 36 15427
SEND 1553583321 INTRODUCE 36 25851
SEND 1553583321 INTRODUCE 36 25193
SEND 1553583321 INTRODUCE 36 15340
SEND 1553583321 INTRODUCE 36 11895
SEND 1553583321 INTRODUCE 36 19956
SEND 1553583321 INTRODUCE 36 15780
SEND 1553583321 INTRODUCE 36 15325
SEND 1553583321 INTRODUCE 36 34176
SEND 1553583321 INTRODUCE 36 14256
SEND 1553583321 INTRODUCE 36 11597
SEND 1553583321 INTRODUCE 36 12016
SEND 1553583321 INTRODUCE 36 13304
SEND 1553583321 INTRODUCE 36 14142
SEND 1553583321 INTRODUCE 36 14409
SEND 1553583321 INTRODUCE 36 14484
SEND 1553583321 INTRODUCE 36 40629
SEND 1553583321 INTRODUCE 36 37870
SEND 1553583321 INTRODUCE 36 32333
SEND 1553583321 INTRODUCE 36 23630
SEND 1553583321 INTRODUCE 36 15040
SEND 1553583321 INTRODUCE 36 15405
SEND 1553583321 INTRODUCE 36 13780
SEND 1553583321 INTRODUCE 36 13736
SEND 1553583321 INTRODUCE 36 28090
SEND 1553583321 INTRODUCE 36 32545
SEND 1553583321 INTRODUCE 36 21271
SEND 1553583321 INTRODUCE 36 15335
SEND 1553583321 INTRODUCE 36 26292
SEND 1553583321 INTRODUCE 36 19931
SEND 1553583321 INTRODUCE 36 29952
SEND 1553583321 INTRODUCE 36 39472
SEND 1553583321 INTRODUCE 36 13340
SEND 1553583321 INTRODUCE 36 14757
SEND 1553583321 INTRODUCE 36 15604
SEND 1553583321 INTRODUCE 36 15865
SEND 1553583321 INTRODUCE 36 16392
SEND 1553583321 INTRODUCE 36 38577
SEND 1553583321 INTRODUCE 36 13915
SEND 1553583321 INTRODUCE 36 19635
SEND 1553583321 JOIN 31 16021
RECIEVED 1553583321 INTRODUCE 37 43 7
RECIEVED 1553583321 INTRODUCE 36 43 7
RECIEVED 1553583321 INTRODUCE 37 43 7
RECIEVED 1553583321 INTRODUCE 36 43 7
RECIEVED 1553583321 INTRODUCE 36 43 7
RECIEVED 1553583321 INTRODUCE 36 43 7
RECIEVED 1553583321 INTRODUCE 36 43 7
RECIEVED 1553583321 TRANSACTION 82 43 7
UPDATE 1553583321 TRANSACTION 08ee4d93eed1a03bcf92431a5f778be8
SEND 1553583321 TRANSACTION 82 15575 08ee4d93eed1a03bcf92431a5f778be8
SEND 1553583321 TRANSACTION 82 15651 08ee4d93eed1a03bcf92431a5f778be8
SEND 1553583321 TRANSACTION 82 15140 08ee4d93eed1a03bcf92431a5f778be8
SEND 1553583321 TRANSACTION 82 17856 08ee4d93eed1a03bcf92431a5f778be8
SEND 1553583321 TRANSACTION 82 34237 08ee4d93eed1a03bcf92431a5f778be8
# recieved string JOIN node16 172.22.158.206 8016

SEND 1553583321 TRANSACTION 82 33517 08ee4d93eed1a03bcf92431a5f778be8
SEND 1553583321 TRANSACTION 82 14484 08ee4d93eed1a03bcf92431a5f778be8
SEND 1553583321 TRANSACTION 82 20573 08ee4d93eed1a03bcf92431a5f778be8
SEND 1553583321 TRANSACTION 82 29668 08ee4d93eed1a03bcf92431a5f778be8
SEND 1553583321 TRANSACTION 82 25828 08ee4d93eed1a03bcf92431a5f778be8
SEND 1553583321 TRANSACTION 82 16683 08ee4d93eed1a03bcf92431a5f778be8
SEND 1553583321 TRANSACTION 82 20946 08ee4d93eed1a03bcf92431a5f778be8
SEND 1553583321 TRANSACTION 82 20281 08ee4d93eed1a03bcf92431a5f778be8
SEND 1553583321 TRANSACTION 82 11750 08ee4d93eed1a03bcf92431a5f778be8
RECIEVED 1553583321 INTRODUCE 36 43 8
RECIEVED 1553583321 INTRODUCE 36 43 8
RECIEVED 1553583321 TRANSACTION 81 43 8
UPDATE 1553583321 TRANSACTION 21f6d25be47b08a1480e98f4953652a0
SEND 1553583321 TRANSACTION 81 15511 21f6d25be47b08a1480e98f4953652a0
SEND 1553583321 TRANSACTION 81 16041 21f6d25be47b08a1480e98f4953652a0
SEND 1553583321 TRANSACTION 81 14465 21f6d25be47b08a1480e98f4953652a0
SEND 1553583321 TRANSACTION 81 11904 21f6d25be47b08a1480e98f4953652a0
SEND 1553583321 TRANSACTION 81 15773 21f6d25be47b08a1480e98f4953652a0
SEND 1553583321 TRANSACTION 81 31259 21f6d25be47b08a1480e98f4953652a0
SEND 1553583321 TRANSACTION 81 15350 21f6d25be47b08a1480e98f4953652a0
SEND 1553583321 TRANSACTION 81 14744 21f6d25be47b08a1480e98f4953652a0
SEND 1553583321 TRANSACTION 81 15902 21f6d25be47b08a1480e98f4953652a0
SEND 1553583321 TRANSACTION 81 14837 21f6d25be47b08a1480e98f4953652a0
SEND 1553583321 TRANSACTION 81 15412 21f6d25be47b08a1480e98f4953652a0
SEND 1553583321 TRANSACTION 81 30814 21f6d25be47b08a1480e98f4953652a0
SEND 1553583321 TRANSACTION 81 29816 21f6d25be47b08a1480e98f4953652a0
SEND 1553583321 TRANSACTION 81 11820 21f6d25be47b08a1480e98f4953652a0
SEND 1553583321 TRANSACTION 81 14020 21f6d25be47b08a1480e98f4953652a0
SEND 1553583321 TRANSACTION 81 36048 21f6d25be47b08a1480e98f4953652a0
SEND 1553583321 TRANSACTION 81 20793 21f6d25be47b08a1480e98f4953652a0
SEND 1553583321 TRANSACTION 81 14954 21f6d25be47b08a1480e98f4953652a0
SEND 1553583321 TRANSACTION 81 15645 21f6d25be47b08a1480e98f4953652a0
RECIEVED 1553583321 INTRODUCE 36 43 9
RECIEVED 1553583321 INTRODUCE 36 43 9
RECIEVED 1553583321 INTRODUCE 36 43 9
RECIEVED 1553583321 INTRODUCE 36 43 9
RECIEVED 1553583321 INTRODUCE 37 43 9
RECIEVED 1553583321 TRANSACTION 81 43 9
RECIEVED 1553583321 INTRODUCE 36 43 9
RECIEVED 1553583321 JOIN 32 43 9
SEND 1553583321 INTRODUCE 37 26385
SEND 1553583321 INTRODUCE 36 13466
SEND 1553583321 INTRODUCE 36 24172
SEND 1553583321 INTRODUCE 36 24740
SEND 1553583321 INTRODUCE 37 19693
SEND 1553583321 INTRODUCE 36 14751
SEND 1553583321 INTRODUCE 36 15171
SEND 1553583321 INTRODUCE 37 20024
SEND 1553583321 INTRODUCE 37 14993
SEND 1553583321 INTRODUCE 36 28713
SEND 1553583321 INTRODUCE 37 27485
SEND 1553583321 INTRODUCE 36 24907
SEND 1553583321 INTRODUCE 36 14362
SEND 1553583321 INTRODUCE 36 26564
SEND 1553583321 INTRODUCE 36 37422
SEND 1553583321 INTRODUCE 37 13848
SEND 1553583321 INTRODUCE 35 15009
SEND 1553583321 INTRODUCE 37 14059
SEND 1553583321 INTRODUCE 36 14515
SEND 1553583321 INTRODUCE 37 23256
SEND 1553583321 INTRODUCE 37 15394
SEND 1553583321 INTRODUCE 36 28108
SEND 1553583321 INTRODUCE 37 14921
SEND 1553583321 INTRODUCE 36 20016
SEND 1553583321 INTRODUCE 37 28696
SEND 1553583321 INTRODUCE 37 14127
SEND 1553583321 INTRODUCE 37 32624
SEND 1553583321 INTRODUCE 37 26330
SEND 1553583321 INTRODUCE 36 14567
SEND 1553583321 INTRODUCE 37 15301
SEND 1553583321 INTRODUCE 36 14499
SEND 1553583321 INTRODUCE 36 14682
SEND 1553583321 INTRODUCE 36 29051
SEND 1553583321 INTRODUCE 36 13939
SEND 1553583321 INTRODUCE 35 19780
SEND 1553583321 INTRODUCE 36 12998
SEND 1553583321 INTRODUCE 35 18934
SEND 1553583321 INTRODUCE 37 26709
SEND 1553583321 INTRODUCE 36 20727
SEND 1553583321 INTRODUCE 37 46651
SEND 1553583321 INTRODUCE 36 14951
SEND 1553583321 INTRODUCE 36 16147
SEND 1553583321 INTRODUCE 35 16381
RECIEVED 1553583321 INTRODUCE 36 44 9
RECIEVED 1553583321 TRANSACTION 82 44 9
RECIEVED 1553583321 TRANSACTION 81 44 9
RECIEVED 1553583321 INTRODUCE 36 44 9
RECIEVED 1553583321 TRANSACTION 82 44 9
RECIEVED 1553583321 TRANSACTION 82 44 9
RECIEVED 1553583321 INTRODUCE 37 44 9
RECIEVED 1553583321 INTRODUCE 35 44 9
RECIEVED 1553583321 TRANSACTION 82 44 9
RECIEVED 1553583321 INTRODUCE 36 44 9
RECIEVED 1553583321 INTRODUCE 37 44 9
RECIEVED 1553583321 INTRODUCE 35 44 9
RECIEVED 1553583321 TRANSACTION 82 44 9
RECIEVED 1553583321 INTRODUCE 36 44 9
RECIEVED 1553583321 INTRODUCE 37 44 9
RECIEVED 1553583321 INTRODUCE 36 44 9
RECIEVED 1553583321 INTRODUCE 37 44 9
RECIEVED 1553583321 INTRODUCE 35 44 9
RECIEVED 1553583321 INTRODUCE 37 44 9
RECIEVED 1553583321 INTRODUCE 36 44 9
RECIEVED 1553583321 INTRODUCE 37 44 9
# recieved string JOIN node0 172.22.156.206 8000

RECIEVED 1553583321 JOIN 31 44 9
SEND 1553583321 INTRODUCE 37 14744
SEND 1553583321 INTRODUCE 36 14831
SEND 1553583321 INTRODUCE 37 16066
SEND 1553583321 INTRODUCE 36 15540
SEND 1553583321 INTRODUCE 36 32751
SEND 1553583321 INTRODUCE 35 40696
SEND 1553583321 INTRODUCE 35 15307
SEND 1553583321 INTRODUCE 36 14379
SEND 1553583321 INTRODUCE 36 41189
SEND 1553583321 INTRODUCE 36 13582
SEND 1553583321 INTRODUCE 37 15000
SEND 1553583321 INTRODUCE 36 28018
SEND 1553583321 INTRODUCE 36 15638
SEND 1553583321 INTRODUCE 37 20976
SEND 1553583321 INTRODUCE 37 19839
SEND 1553583321 INTRODUCE 37 13573
SEND 1553583321 INTRODUCE 37 19588
SEND 1553583321 INTRODUCE 36 20647
SEND 1553583321 INTRODUCE 36 18709
SEND 1553583321 INTRODUCE 36 26846
SEND 1553583321 INTRODUCE 36 14471
SEND 1553583321 INTRODUCE 36 14115
SEND 1553583321 INTRODUCE 35 14076
# recieved string JOIN node7 172.22.156.206 8007

SEND 1553583321 INTRODUCE 37 14893
SEND 1553583321 INTRODUCE 36 23259
SEND 1553583321 INTRODUCE 37 14443
SEND 1553583321 INTRODUCE 37 15339
SEND 1553583321 INTRODUCE 37 15706
SEND 1553583321 INTRODUCE 37 34004
SEND 1553583321 INTRODUCE 36 17482
SEND 1553583321 INTRODUCE 37 19876
SEND 1553583321 INTRODUCE 37 16019
SEND 1553583321 INTRODUCE 37 22498
SEND 1553583321 INTRODUCE 36 14335
SEND 1553583321 INTRODUCE 36 18306
SEND 1553583321 INTRODUCE 37 25949
SEND 1553583321 INTRODUCE 36 19189
SEND 1553583321 INTRODUCE 36 36570
SEND 1553583321 INTRODUCE 37 26998
SEND 1553583321 INTRODUCE 36 15021
SEND 1553583321 INTRODUCE 35 23653
SEND 1553583321 INTRODUCE 36 35061
SEND 1553583321 INTRODUCE 37 26653
SEND 1553583321 INTRODUCE 36 18508
RECIEVED 1553583321 INTRODUCE 36 45 9
RECIEVED 1553583321 INTRODUCE 36 45 9
# recieved string JOIN node2 172.22.156.206 8002

SEND 1553583321 INTRODUCE 36 21933
SEND 1553583321 INTRODUCE 36 14750
SEND 1553583321 INTRODUCE 36 40789
SEND 1553583321 INTRODUCE 36 25764
SEND 1553583321 INTRODUCE 36 14224
SEND 1553583321 INTRODUCE 36 35142
SEND 1553583321 INTRODUCE 36 15610
SEND 1553583321 INTRODUCE 36 23333
SEND 1553583321 INTRODUCE 36 13039
SEND 1553583321 INTRODUCE 36 12104
SEND 1553583321 INTRODUCE 36 14785
SEND 1553583321 INTRODUCE 36 15347
SEND 1553583321 INTRODUCE 36 13861
SEND 1553583321 INTRODUCE 36 20776
SEND 1553583321 INTRODUCE 36 21373
SEND 1553583321 INTRODUCE 36 15817
SEND 1553583321 INTRODUCE 36 14524
SEND 1553583321 INTRODUCE 36 37313
SEND 1553583321 INTRODUCE 36 30494
SEND 1553583321 INTRODUCE 36 19645
SEND 1553583321 INTRODUCE 36 28680
SEND 1553583321 INTRODUCE 36 35048
SEND 1553583321 INTRODUCE 36 14435
SEND 1553583321 INTRODUCE 36 28114
SEND 1553583321 INTRODUCE 36 47550
SEND 1553583321 INTRODUCE 36 16166
SEND 1553583321 INTRODUCE 36 32423
SEND 1553583321 INTRODUCE 36 14917
SEND 1553583321 INTRODUCE 36 15639
SEND 1553583321 INTRODUCE 36 15046
SEND 1553583321 INTRODUCE 36 14229
SEND 1553583321 INTRODUCE 36 31792
SEND 1553583321 INTRODUCE 36 15096
SEND 1553583321 INTRODUCE 36 17525
SEND 1553583321 INTRODUCE 36 20011
SEND 1553583321 INTRODUCE 36 29052
SEND 1553583321 INTRODUCE 36 32914
SEND 1553583321 INTRODUCE 36 35942
SEND 1553583321 INTRODUCE 36 44909
SEND 1553583321 INTRODUCE 36 19899
SEND 1553583321 INTRODUCE 36 15224
SEND 1553583321 INTRODUCE 36 14656
SEND 1553583321 INTRODUCE 36 16502
SEND 1553583321 INTRODUCE 36 15276
SEND 1553583321 INTRODUCE 36 28373
SEND 1553583321 JOIN 31 15540
RECIEVED 1553583321 INTRODUCE 36 46 9
RECIEVED 1553583321 INTRODUCE 37 46 9
RECIEVED 1553583321 JOIN 31 46 9
SEND 1553583321 INTRODUCE 35 29297
SEND 1553583321 INTRODUCE 37 34708
SEND 1553583321 INTRODUCE 36 26372
SEND 1553583321 INTRODUCE 37 34168
SEND 1553583321 INTRODUCE 37 14877
SEND 1553583321 INTRODUCE 37 33104
SEND 1553583321 INTRODUCE 37 26880
SEND 1553583321 INTRODUCE 36 25583
SEND 1553583321 INTRODUCE 37 14401
SEND 1553583321 INTRODUCE 37 14226
SEND 1553583321 INTRODUCE 37 21405
SEND 1553583321 INTRODUCE 36 15140
SEND 1553583321 INTRODUCE 36 18260
SEND 1553583321 INTRODUCE 36 14027
SEND 1553583321 INTRODUCE 37 42790
SEND 1553583321 INTRODUCE 36 15446
SEND 1553583321 INTRODUCE 36 27691
SEND 1553583321 INTRODUCE 37 32569
SEND 1553583321 INTRODUCE 36 13040
SEND 1553583321 INTRODUCE 35 14330
SEND 1553583321 INTRODUCE 36 20023
SEND 1553583321 INTRODUCE 37 19023
# recieved string JOIN node12 172.22.156.206 8012

SEND 1553583321 INTRODUCE 36 27837
SEND 1553583321 INTRODUCE 37 14450
SEND 1553583321 INTRODUCE 36 13674
SEND 1553583321 INTRODUCE 37 23906
SEND 1553583321 INTRODUCE 36 36115
SEND 1553583321 INTRODUCE 36 15291
SEND 1553583321 INTRODUCE 35 27766
SEND 1553583321 INTRODUCE 35 33296
SEND 1553583321 INTRODUCE 36 19424
SEND 1553583321 INTRODUCE 36 44066
SEND 1553583321 INTRODUCE 36 15316
SEND 1553583321 INTRODUCE 37 26320
SEND 1553583321 INTRODUCE 36 26112
SEND 1553583321 INTRODUCE 36 17528
SEND 1553583321 INTRODUCE 37 36875
SEND 1553583321 INTRODUCE 37 15508
SEND 1553583321 INTRODUCE 36 14376
SEND 1553583321 INTRODUCE 37 14634
SEND 1553583321 INTRODUCE 37 15024
SEND 1553583321 INTRODUCE 36 18120
SEND 1553583321 INTRODUCE 36 14445
SEND 1553583321 INTRODUCE 36 14498
SEND 1553583321 INTRODUCE 36 20380
SEND 1553583321 INTRODUCE 36 16009
RECIEVED 1553583321 INTRODUCE 36 47 9
RECIEVED 1553583321 TRANSACTION 82 47 9
RECIEVED 1553583321 INTRODUCE 36 47 9
RECIEVED 1553583321 INTRODUCE 37 47 9
RECIEVED 1553583321 INTRODUCE 36 47 9
RECIEVED 1553583321 INTRODUCE 37 47 9
RECIEVED 1553583321 JOIN 31 47 9
SEND 1553583321 INTRODUCE 36 18447
SEND 1553583321 INTRODUCE 35 57196
SEND 1553583321 INTRODUCE 37 22844
SEND 1553583321 INTRODUCE 36 18546
# recieved string JOIN node10 172.22.156.206 8010

SEND 1553583321 INTRODUCE 37 26990
SEND 1553583321 INTRODUCE 36 16340
SEND 1553583321 INTRODUCE 36 33238
SEND 1553583321 INTRODUCE 35 35645
SEND 1553583321 INTRODUCE 37 13969
SEND 1553583321 INTRODUCE 36 14886
SEND 1553583321 INTRODUCE 36 13879
SEND 1553583321 INTRODUCE 36 35027
# recieved string JOIN node8 172.22.94.216 8008

SEND 1553583321 INTRODUCE 37 20129
SEND 1553583321 INTRODUCE 36 14662
SEND 1553583321 INTRODUCE 36 20675
SEND 1553583321 INTRODUCE 37 14801
SEND 1553583321 INTRODUCE 37 18573
SEND 1553583321 INTRODUCE 36 31012
SEND 1553583321 INTRODUCE 36 14456
SEND 1553583321 INTRODUCE 37 31943
SEND 1553583321 INTRODUCE 36 19035
SEND 1553583321 INTRODUCE 36 33323
SEND 1553583321 INTRODUCE 36 35495
SEND 1553583321 INTRODUCE 36 42629
SEND 1553583321 INTRODUCE 37 13373
SEND 1553583321 INTRODUCE 35 13015
SEND 1553583321 INTRODUCE 37 20459
SEND 1553583321 INTRODUCE 36 18576
SEND 1553583321 INTRODUCE 37 19253
SEND 1553583321 INTRODUCE 37 20066
SEND 1553583321 INTRODUCE 36 21582
SEND 1553583321 INTRODUCE 37 17629
SEND 1553583321 INTRODUCE 36 38689
SEND 1553583321 INTRODUCE 37 19163
SEND 1553583321 INTRODUCE 37 35168
SEND 1553583321 INTRODUCE 37 15675
SEND 1553583321 INTRODUCE 36 19769
SEND 1553583321 INTRODUCE 37 20853
SEND 1553583321 INTRODUCE 36 34250
SEND 1553583321 INTRODUCE 37 15355
SEND 1553583321 INTRODUCE 36 14508
SEND 1553583321 INTRODUCE 36 14482
SEND 1553583321 INTRODUCE 36 15237
SEND 1553583321 INTRODUCE 36 27752
SEND 1553583321 INTRODUCE 35 53604
SEND 1553583321 INTRODUCE 36 13953
SEND 1553583321 INTRODUCE 37 18628
RECIEVED 1553583321 INTRODUCE 36 48 9
RECIEVED 1553583321 INTRODUCE 37 48 9
RECIEVED 1553583321 INTRODUCE 37 48 9
RECIEVED 1553583321 INTRODUCE 37 48 9
RECIEVED 1553583321 INTRODUCE 36 48 9
RECIEVED 1553583321 INTRODUCE 36 48 9
RECIEVED 1553583321 INTRODUCE 37 48 9
RECIEVED 1553583321 INTRODUCE 36 48 9
RECIEVED 1553583321 INTRODUCE 36 48 9
RECIEVED 1553583321 INTRODUCE 36 48 9
RECIEVED 1553583321 INTRODUCE 36 48 9
RECIEVED 1553583321 INTRODUCE 36 48 9
RECIEVED 1553583321 INTRODUCE 36 48 9
RECIEVED 1553583321 INTRODUCE 36 48 9
RECIEVED 1553583321 INTRODUCE 36 48 9
RECIEVED 1553583321 INTRODUCE 37 48 9
RECIEVED 1553583321 INTRODUCE 36 48 9
RECIEVED 1553583321 INTRODUCE 36 48 9
RECIEVED 1553583321 INTRODUCE 36 48 9
RECIEVED 1553583321 INTRODUCE 36 48 9
RECIEVED 1553583321 INTRODUCE 36 48 9
RECIEVED 1553583321 INTRODUCE 37 48 9
RECIEVED 1553583321 INTRODUCE 37 48 9
RECIEVED 1553583321 INTRODUCE 37 48 9
RECIEVED 1553583321 JOIN 32 48 9
SEND 1553583321 INTRODUCE 35 20223
SEND 1553583321 INTRODUCE 37 20253
SEND 1553583321 INTRODUCE 36 43241
SEND 1553583321 INTRODUCE 37 14298
SEND 1553583321 INTRODUCE 37 25396
SEND 1553583321 INTRODUCE 37 27205
SEND 1553583321 INTRODUCE 37 25815
SEND 1553583321 INTRODUCE 36 25162
SEND 1553583321 INTRODUCE 37 13840
SEND 1553583321 INTRODUCE 37 14349
SEND 1553583321 INTRODUCE 37 14523
SEND 1553583321 INTRODUCE 36 25053
SEND 1553583321 INTRODUCE 36 20491
SEND 1553583321 INTRODUCE 36 14370
SEND 1553583321 INTRODUCE 36 31259
SEND 1553583321 INTRODUCE 37 25953
SEND 1553583321 INTRODUCE 36 18693
SEND 1553583321 INTRODUCE 36 20759
SEND 1553583321 INTRODUCE 37 23974
SEND 1553583321 INTRODUCE 36 15719
SEND 1553583321 INTRODUCE 35 15078
SEND 1553583321 INTRODUCE 36 41947
SEND 1553583321 INTRODUCE 37 15082
SEND 1553583321 INTRODUCE 36 29754
SEND 1553583321 INTRODUCE 37 13765
SEND 1553583321 INTRODUCE 36 34880
SEND 1553583321 INTRODUCE 37 39364
SEND 1553583321 INTRODUCE 36 34983
SEND 1553583321 INTRODUCE 36 27412
SEND 1553583321 INTRODUCE 35 25671
SEND 1553583321 INTRODUCE 36 14364
SEND 1553583321 INTRODUCE 35 27523
SEND 1553583321 INTRODUCE 36 25292
SEND 1553583321 INTRODUCE 36 24654
SEND 1553583321 INTRODUCE 36 21281
SEND 1553583321 INTRODUCE 37 13095
SEND 1553583321 INTRODUCE 36 14269
SEND 1553583321 INTRODUCE 36 20235
SEND 1553583321 INTRODUCE 37 23389
SEND 1553583321 INTRODUCE 37 34729
SEND 1553583321 INTRODUCE 36 19997
SEND 1553583321 INTRODUCE 37 14772
SEND 1553583321 INTRODUCE 37 34866
SEND 1553583321 INTRODUCE 36 19104
SEND 1553583321 INTRODUCE 36 34782
SEND 1553583321 INTRODUCE 36 14967
SEND 1553583321 INTRODUCE 36 15032
SEND 1553583321 INTRODUCE 36 26561
RECIEVED 1553583321 INTRODUCE 36 49 9
RECIEVED 1553583321 INTRODUCE 37 49 9
RECIEVED 1553583321 INTRODUCE 37 49 9
SEND 1553583321 INTRODUCE 37 22061
# recieved string JOIN node13 172.22.156.206 8013

SEND 1553583321 INTRODUCE 37 19664
SEND 1553583321 INTRODUCE 37 14953
SEND 1553583321 INTRODUCE 37 26426
SEND 1553583321 INTRODUCE 37 14870
SEND 1553583321 INTRODUCE 37 33601
SEND 1553583321 INTRODUCE 37 26980
SEND 1553583321 INTRODUCE 37 13966
SEND 1553583321 INTRODUCE 37 45816
SEND 1553583321 INTRODUCE 37 29911
SEND 1553583321 INTRODUCE 37 14407
SEND 1553583321 INTRODUCE 37 18919
SEND 1553583321 INTRODUCE 37 17942
SEND 1553583321 INTRODUCE 37 20904
SEND 1553583321 INTRODUCE 37 16018
# recieved string JOIN node18 172.22.158.206 8018

SEND 1553583321 INTRODUCE 37 32401
SEND 1553583321 INTRODUCE 37 32952
SEND 1553583321 INTRODUCE 37 13880
SEND 1553583321 INTRODUCE 37 15593
SEND 1553583321 INTRODUCE 37 15612
SEND 1553583321 INTRODUCE 37 29046
SEND 1553583321 INTRODUCE 37 52448
SEND 1553583321 INTRODUCE 37 25080
SEND 1553583321 INTRODUCE 37 20164
SEND 1553583321 INTRODUCE 37 30748
SEND 1553583321 INTRODUCE 37 20266
SEND 1553583321 INTRODUCE 37 14979
SEND 1553583321 INTRODUCE 37 15240
SEND 1553583321 INTRODUCE 37 14532
SEND 1553583321 INTRODUCE 37 20621
SEND 1553583321 INTRODUCE 37 23970
SEND 1553583321 INTRODUCE 37 15253
SEND 1553583321 INTRODUCE 37 28886
SEND 1553583321 INTRODUCE 37 14569
SEND 1553583321 INTRODUCE 37 20744
SEND 1553583321 INTRODUCE 37 20549
SEND 1553583321 INTRODUCE 37 14090
SEND 1553583321 INTRODUCE 37 28457
SEND 1553583321 INTRODUCE 37 21240
SEND 1553583321 INTRODUCE 37 18017
SEND 1553583321 INTRODUCE 37 17214
SEND 1553583321 INTRODUCE 37 20565
SEND 1553583321 INTRODUCE 37 24934
SEND 1553583321 INTRODUCE 37 18999
SEND 1553583321 INTRODUCE 37 34765
SEND 1553583321 INTRODUCE 37 17469
SEND 1553583321 INTRODUCE 37 38242
SEND 1553583321 INTRODUCE 37 12969
SEND 1553583321 INTRODUCE 37 28632
SEND 1553583321 JOIN 31 28010
RECIEVED 1553583321 INTRODUCE 37 50 9
RECIEVED 1553583321 INTRODUCE 37 50 9
RECIEVED 1553583321 INTRODUCE 36 50 9
RECIEVED 1553583321 INTRODUCE 36 50 9
RECIEVED 1553583321 INTRODUCE 37 50 9
RECIEVED 1553583321 INTRODUCE 36 50 9
RECIEVED 1553583321 INTRODUCE 36 50 9
RECIEVED 1553583321 INTRODUCE 37 50 9
RECIEVED 1553583321 JOIN 32 50 9
SEND 1553583321 INTRODUCE 36 41608
SEND 1553583321 INTRODUCE 37 24069
SEND 1553583321 INTRODUCE 36 25922
SEND 1553583321 INTRODUCE 36 19654
SEND 1553583321 INTRODUCE 37 41179
SEND 1553583321 INTRODUCE 36 30965
SEND 1553583321 INTRODUCE 35 15620
SEND 1553583321 INTRODUCE 36 28404
SEND 1553583321 INTRODUCE 37 15111
SEND 1553583321 INTRODUCE 36 21062
SEND 1553583321 INTRODUCE 37 19744
SEND 1553583321 INTRODUCE 36 17920
SEND 1553583321 INTRODUCE 37 45816
SEND 1553583322 INTRODUCE 36 36039
SEND 1553583322 INTRODUCE 36 22152
SEND 1553583322 INTRODUCE 35 15115
SEND 1553583322 INTRODUCE 36 22336
SEND 1553583322 INTRODUCE 35 24584
SEND 1553583322 INTRODUCE 36 18336
SEND 1553583322 INTRODUCE 36 19891
SEND 1553583322 INTRODUCE 36 40524
SEND 1553583322 INTRODUCE 37 21077
SEND 1553583322 INTRODUCE 36 15382
SEND 1553583322 INTRODUCE 36 15651
SEND 1553583322 INTRODUCE 37 15599
SEND 1553583322 INTRODUCE 37 14206
SEND 1553583322 INTRODUCE 36 21025
SEND 1553583322 INTRODUCE 37 13628
SEND 1553583322 INTRODUCE 37 13656
SEND 1553583322 INTRODUCE 37 11001
SEND 1553583322 INTRODUCE 36 14480
SEND 1553583322 INTRODUCE 36 15637
SEND 1553583322 INTRODUCE 36 40536
SEND 1553583322 INTRODUCE 36 8484
SEND 1553583322 INTRODUCE 37 14692
SEND 1553583322 INTRODUCE 36 33085
SEND 1553583322 INTRODUCE 35 31291
SEND 1553583322 INTRODUCE 37 16124
SEND 1553583322 INTRODUCE 36 13560
SEND 1553583322 INTRODUCE 37 13542
SEND 1553583322 INTRODUCE 37 11331
SEND 1553583322 INTRODUCE 37 16043
SEND 1553583322 INTRODUCE 37 9616
SEND 1553583322 INTRODUCE 36 9552
SEND 1553583322 INTRODUCE 37 9819
SEND 1553583322 INTRODUCE 37 10605
SEND 1553583322 INTRODUCE 37 9437
SEND 1553583322 INTRODUCE 36 10701
SEND 1553583322 INTRODUCE 36 10722
SEND 1553583322 INTRODUCE 36 9088
RECIEVED 1553583322 INTRODUCE 36 51 9
RECIEVED 1553583322 INTRODUCE 36 51 9
RECIEVED 1553583322 INTRODUCE 37 51 9
RECIEVED 1553583322 JOIN 30 51 9
SEND 1553583322 INTRODUCE 36 31047
SEND 1553583322 INTRODUCE 37 17449
SEND 1553583322 INTRODUCE 36 12995
SEND 1553583322 INTRODUCE 36 11012
SEND 1553583322 INTRODUCE 35 17404
SEND 1553583322 INTRODUCE 37 11985
SEND 1553583322 INTRODUCE 36 12007
SEND 1553583322 INTRODUCE 36 18677
SEND 1553583322 INTRODUCE 35 13868
SEND 1553583322 INTRODUCE 36 13196
SEND 1553583322 INTRODUCE 35 12253
SEND 1553583322 INTRODUCE 37 19939
SEND 1553583322 INTRODUCE 36 12261
SEND 1553583322 INTRODUCE 37 12934
SEND 1553583322 INTRODUCE 36 32598
SEND 1553583322 INTRODUCE 37 16473
SEND 1553583322 INTRODUCE 36 10846
SEND 1553583322 INTRODUCE 36 15491
SEND 1553583322 INTRODUCE 37 10987
SEND 1553583322 INTRODUCE 37 14089
SEND 1553583322 INTRODUCE 36 10003
SEND 1553583322 INTRODUCE 37 10007
SEND 1553583322 INTRODUCE 37 11189
SEND 1553583322 INTRODUCE 36 16826
SEND 1553583322 INTRODUCE 36 11080
SEND 1553583322 INTRODUCE 36 9750
SEND 1553583322 INTRODUCE 36 9294
SEND 1553583322 INTRODUCE 36 9529
SEND 1553583322 INTRODUCE 37 16792
SEND 1553583322 INTRODUCE 36 10036
SEND 1553583322 INTRODUCE 37 9613
SEND 1553583322 INTRODUCE 36 11182
SEND 1553583322 INTRODUCE 36 15660
SEND 1553583322 INTRODUCE 37 9695
SEND 1553583322 INTRODUCE 37 16416
SEND 1553583322 INTRODUCE 37 9924
SEND 1553583322 INTRODUCE 35 10616
SEND 1553583322 INTRODUCE 37 11179
SEND 1553583322 INTRODUCE 37 10394
SEND 1553583322 INTRODUCE 37 12098
SEND 1553583322 INTRODUCE 37 10532
SEND 1553583322 INTRODUCE 36 10109
SEND 1553583322 INTRODUCE 36 10589
SEND 1553583322 INTRODUCE 36 10271
SEND 1553583322 INTRODUCE 37 11015
SEND 1553583322 INTRODUCE 36 13532
SEND 1553583322 INTRODUCE 36 62194
SEND 1553583322 INTRODUCE 36 10353
SEND 1553583322 INTRODUCE 37 10267
SEND 1553583322 INTRODUCE 36 10095
SEND 1553583322 INTRODUCE 37 9681
RECIEVED 1553583322 INTRODUCE 37 52 9
RECIEVED 1553583322 INTRODUCE 36 52 9
RECIEVED 1553583322 INTRODUCE 36 52 9
RECIEVED 1553583322 INTRODUCE 37 52 9
RECIEVED 1553583322 INTRODUCE 36 52 9
RECIEVED 1553583322 INTRODUCE 37 52 9
RECIEVED 1553583322 INTRODUCE 37 52 9
RECIEVED 1553583322 INTRODUCE 36 52 9
RECIEVED 1553583322 INTRODUCE 36 52 9
RECIEVED 1553583322 INTRODUCE 36 52 9
RECIEVED 1553583322 INTRODUCE 37 52 9
RECIEVED 1553583322 INTRODUCE 37 52 9
RECIEVED 1553583322 INTRODUCE 35 52 9
RECIEVED 1553583322 INTRODUCE 35 52 9
RECIEVED 1553583322 INTRODUCE 36 52 9
RECIEVED 1553583322 INTRODUCE 37 52 9
RECIEVED 1553583322 INTRODUCE 37 52 9
RECIEVED 1553583322 INTRODUCE 35 52 9
RECIEVED 1553583322 INTRODUCE 36 52 9
SEND 1553583322 INTRODUCE 36 15244
SEND 1553583322 INTRODUCE 36 16361
SEND 1553583322 INTRODUCE 36 29960
SEND 1553583322 INTRODUCE 36 11089
SEND 1553583322 INTRODUCE 36 28954
SEND 1553583322 INTRODUCE 36 11543
SEND 1553583322 INTRODUCE 36 15947
SEND 1553583322 INTRODUCE 36 15355
SEND 1553583322 INTRODUCE 36 10546
SEND 1553583322 INTRODUCE 36 11424
SEND 1553583322 INTRODUCE 36 11729
SEND 1553583322 INTRODUCE 36 34403
SEND 1553583322 INTRODUCE 36 11036
SEND 1553583322 INTRODUCE 36 38670
SEND 1553583322 INTRODUCE 36 39434
SEND 1553583322 INTRODUCE 36 15190
SEND 1553583322 INTRODUCE 36 10250
SEND 1553583322 INTRODUCE 36 32689
SEND 1553583322 INTRODUCE 36 20401
SEND 1553583322 INTRODUCE 36 10636
SEND 1553583322 INTRODUCE 36 13640
SEND 1553583322 INTRODUCE 36 19907
SEND 1553583322 INTRODUCE 36 9844
# recieved string JOIN node1 172.22.156.206 8001

SEND 1553583322 INTRODUCE 36 11045
SEND 1553583322 INTRODUCE 36 13455
SEND 1553583322 INTRODUCE 36 10942
SEND 1553583322 INTRODUCE 36 9994
SEND 1553583322 INTRODUCE 36 9838
SEND 1553583322 INTRODUCE 36 37345
SEND 1553583322 INTRODUCE 36 16910
SEND 1553583322 INTRODUCE 36 13652
SEND 1553583322 INTRODUCE 36 10835
SEND 1553583322 INTRODUCE 36 11553
SEND 1553583322 INTRODUCE 36 11709
SEND 1553583322 INTRODUCE 36 36192
SEND 1553583322 INTRODUCE 36 10266
SEND 1553583322 INTRODUCE 36 16864
SEND 1553583322 INTRODUCE 36 9556
SEND 1553583322 INTRODUCE 36 10115
SEND 1553583322 INTRODUCE 36 12285
SEND 1553583322 INTRODUCE 36 9895
SEND 1553583322 INTRODUCE 36 10659
SEND 1553583322 INTRODUCE 36 30567
SEND 1553583322 INTRODUCE 36 39011
SEND 1553583322 INTRODUCE 36 10820
SEND 1553583322 INTRODUCE 36 15351
SEND 1553583322 INTRODUCE 36 10973
SEND 1553583322 INTRODUCE 36 14720
SEND 1553583322 INTRODUCE 36 20925
SEND 1553583322 INTRODUCE 36 35723
SEND 1553583322 INTRODUCE 36 11292
SEND 1553583322 INTRODUCE 36 10665
SEND 1553583322 JOIN 31 10933
RECIEVED 1553583322 INTRODUCE 37 53 9
RECIEVED 1553583322 INTRODUCE 37 53 9
RECIEVED 1553583322 INTRODUCE 37 53 9
RECIEVED 1553583322 INTRODUCE 36 53 9
RECIEVED 1553583322 JOIN 32 53 9
SEND 1553583322 INTRODUCE 37 10961
# recieved string JOIN node3 172.22.156.206 8003

SEND 1553583322 INTRODUCE 36 15329
# Failed listening 
%!(EXTRA string=node10)# ERROR: read tcp 172.22.94.216:48636->172.22.94.216:8010: read: connection reset by peer
SEND 1553583322 INTRODUCE 36 11004
SEND 1553583322 INTRODUCE 37 11610
SEND 1553583322 INTRODUCE 35 13456
SEND 1553583322 INTRODUCE 36 10129
SEND 1553583322 INTRODUCE 36 9870
SEND 1553583322 INTRODUCE 36 10264
SEND 1553583322 INTRODUCE 36 10439
SEND 1553583322 INTRODUCE 37 10052
SEND 1553583322 INTRODUCE 36 35586
SEND 1553583322 INTRODUCE 35 15868
SEND 1553583322 INTRODUCE 36 8654
SEND 1553583322 INTRODUCE 37 10813
SEND 1553583322 INTRODUCE 37 9528
SEND 1553583322 INTRODUCE 36 13970
SEND 1553583322 INTRODUCE 37 11944
SEND 1553583322 INTRODUCE 37 10240
SEND 1553583322 INTRODUCE 37 26470
SEND 1553583322 INTRODUCE 37 47339
SEND 1553583322 INTRODUCE 36 10685
SEND 1553583322 INTRODUCE 37 10291
SEND 1553583322 INTRODUCE 36 21334
SEND 1553583322 INTRODUCE 36 14692
SEND 1553583322 INTRODUCE 35 13463
SEND 1553583322 INTRODUCE 37 33531
SEND 1553583322 INTRODUCE 36 14349
SEND 1553583322 INTRODUCE 35 10878
SEND 1553583322 INTRODUCE 36 20590
SEND 1553583322 INTRODUCE 36 15253
SEND 1553583322 INTRODUCE 37 14459
SEND 1553583322 INTRODUCE 37 9956
SEND 1553583322 INTRODUCE 37 18460
SEND 1553583322 INTRODUCE 36 9712
SEND 1553583322 INTRODUCE 37 9923
SEND 1553583322 INTRODUCE 37 35293
SEND 1553583322 INTRODUCE 36 16144
# recieved string JOIN node7 172.22.158.206 8007

SEND 1553583322 INTRODUCE 37 14026
SEND 1553583322 INTRODUCE 36 13982
SEND 1553583322 INTRODUCE 36 9935
SEND 1553583322 INTRODUCE 36 47153
SEND 1553583322 INTRODUCE 36 10839
SEND 1553583322 INTRODUCE 37 34574
SEND 1553583322 INTRODUCE 37 13473
SEND 1553583322 INTRODUCE 36 9948
SEND 1553583322 INTRODUCE 36 43812
SEND 1553583322 INTRODUCE 36 9967
SEND 1553583322 INTRODUCE 37 32079
SEND 1553583322 INTRODUCE 36 14537
SEND 1553583322 INTRODUCE 36 10168
SEND 1553583322 INTRODUCE 35 10221
SEND 1553583322 INTRODUCE 36 14184
SEND 1553583322 INTRODUCE 37 30149
RECIEVED 1553583322 INTRODUCE 36 54 9
RECIEVED 1553583322 INTRODUCE 36 54 9
RECIEVED 1553583322 INTRODUCE 36 54 9
RECIEVED 1553583322 INTRODUCE 35 54 9
RECIEVED 1553583322 INTRODUCE 36 54 9
RECIEVED 1553583322 INTRODUCE 37 54 9
RECIEVED 1553583322 INTRODUCE 37 54 9
RECIEVED 1553583322 INTRODUCE 36 54 9
RECIEVED 1553583322 INTRODUCE 36 54 9
RECIEVED 1553583322 INTRODUCE 36 54 9
RECIEVED 1553583322 INTRODUCE 37 54 9
RECIEVED 1553583322 INTRODUCE 35 54 9
RECIEVED 1553583322 INTRODUCE 37 54 9
RECIEVED 1553583322 INTRODUCE 36 54 9
RECIEVED 1553583322 JOIN 32 54 9
RECIEVED 1553583322 INTRODUCE 37 54 9
RECIEVED 1553583322 INTRODUCE 36 54 9
RECIEVED 1553583322 INTRODUCE 36 54 9
RECIEVED 1553583322 INTRODUCE 37 54 9
RECIEVED 1553583322 INTRODUCE 36 54 9
RECIEVED 1553583322 INTRODUCE 36 54 9
RECIEVED 1553583322 INTRODUCE 35 54 9
RECIEVED 1553583322 INTRODUCE 37 54 9
RECIEVED 1553583322 INTRODUCE 37 54 9
RECIEVED 1553583322 INTRODUCE 37 54 9
RECIEVED 1553583322 INTRODUCE 36 54 9
RECIEVED 1553583322 INTRODUCE 37 54 9
RECIEVED 1553583322 INTRODUCE 36 54 9
RECIEVED 1553583322 INTRODUCE 36 54 9
RECIEVED 1553583322 INTRODUCE 35 54 9
RECIEVED 1553583322 INTRODUCE 36 54 9
RECIEVED 1553583322 INTRODUCE 36 54 9
RECIEVED 1553583322 INTRODUCE 36 54 9
RECIEVED 1553583322 INTRODUCE 36 54 9
RECIEVED 1553583322 INTRODUCE 36 54 9
RECIEVED 1553583322 INTRODUCE 35 54 9
SEND 1553583322 INTRODUCE 35 12662
SEND 1553583322 INTRODUCE 35 40245
SEND 1553583322 INTRODUCE 35 14160
SEND 1553583322 INTRODUCE 35 10764
# recieved string JOIN node1 172.22.158.206 8001

SEND 1553583322 INTRODUCE 35 10971
SEND 1553583322 INTRODUCE 35 14280
SEND 1553583322 INTRODUCE 35 13457
SEND 1553583322 INTRODUCE 35 35900
# recieved string JOIN node2 172.22.94.216 8002

SEND 1553583322 INTRODUCE 35 11167
SEND 1553583322 INTRODUCE 35 26774
SEND 1553583322 INTRODUCE 35 14803
SEND 1553583322 INTRODUCE 35 10741
SEND 1553583322 INTRODUCE 35 13518
SEND 1553583322 INTRODUCE 35 41587
SEND 1553583322 INTRODUCE 35 11495
SEND 1553583322 INTRODUCE 35 11139
SEND 1553583322 INTRODUCE 35 27166
SEND 1553583322 INTRODUCE 35 21607
SEND 1553583322 INTRODUCE 35 16139
SEND 1553583322 INTRODUCE 35 11174
# recieved string JOIN node18 172.22.94.216 8018

SEND 1553583322 INTRODUCE 35 14009
SEND 1553583322 INTRODUCE 35 17179
SEND 1553583322 INTRODUCE 35 32035
SEND 1553583322 INTRODUCE 35 10748
# recieved string JOIN node0 172.22.158.206 8000

SEND 1553583322 INTRODUCE 35 43913
SEND 1553583322 INTRODUCE 35 11115
SEND 1553583322 INTRODUCE 35 10418
SEND 1553583322 INTRODUCE 35 10924
SEND 1553583322 INTRODUCE 35 10425
SEND 1553583322 INTRODUCE 35 11292
SEND 1553583322 INTRODUCE 35 14152
SEND 1553583322 INTRODUCE 35 10763
SEND 1553583322 INTRODUCE 35 10991
SEND 1553583322 INTRODUCE 35 15402
SEND 1553583322 INTRODUCE 35 16128
SEND 1553583322 INTRODUCE 35 17062
SEND 1553583322 INTRODUCE 35 9981
SEND 1553583322 INTRODUCE 35 15574
SEND 1553583322 INTRODUCE 35 14000
SEND 1553583322 INTRODUCE 35 10121
SEND 1553583322 INTRODUCE 35 10428
SEND 1553583322 INTRODUCE 35 16767
SEND 1553583322 INTRODUCE 35 32974
SEND 1553583322 INTRODUCE 35 10250
SEND 1553583322 INTRODUCE 35 11084
SEND 1553583322 INTRODUCE 35 10369
SEND 1553583322 INTRODUCE 35 10369
SEND 1553583322 INTRODUCE 35 15847
SEND 1553583322 INTRODUCE 35 37041
SEND 1553583322 INTRODUCE 35 11188
# Failed sending to node node10
# ERROR: write tcp 172.22.94.216:48636->172.22.94.216:8010: write: broken pipe
SEND 1553583322 INTRODUCE 35 14061
SEND 1553583322 INTRODUCE 35 14202
SEND 1553583322 INTRODUCE 35 15483
SEND 1553583322 JOIN 31 14453
RECIEVED 1553583322 INTRODUCE 37 55 9
RECIEVED 1553583322 INTRODUCE 36 55 9
RECIEVED 1553583322 INTRODUCE 36 55 9
SEND 1553583322 INTRODUCE 36 22439
SEND 1553583322 INTRODUCE 36 11197
SEND 1553583322 INTRODUCE 36 10319
SEND 1553583322 INTRODUCE 36 9799
SEND 1553583322 INTRODUCE 36 14712
SEND 1553583322 INTRODUCE 36 14713
SEND 1553583322 INTRODUCE 36 12558
SEND 1553583322 INTRODUCE 36 18000
SEND 1553583322 INTRODUCE 36 16145
SEND 1553583322 INTRODUCE 36 10446
SEND 1553583322 INTRODUCE 36 9567
SEND 1553583322 INTRODUCE 36 10582
SEND 1553583322 INTRODUCE 36 15513
SEND 1553583322 INTRODUCE 36 14754
SEND 1553583322 INTRODUCE 36 15363
SEND 1553583322 INTRODUCE 36 11630
SEND 1553583322 INTRODUCE 36 16635
SEND 1553583322 INTRODUCE 36 10642
SEND 1553583322 INTRODUCE 36 16886
SEND 1553583322 INTRODUCE 36 15795
SEND 1553583322 INTRODUCE 36 11320
SEND 1553583322 INTRODUCE 36 11242
SEND 1553583322 INTRODUCE 36 12056
SEND 1553583322 INTRODUCE 36 9901
SEND 1553583322 INTRODUCE 36 10828
SEND 1553583322 INTRODUCE 36 10925
SEND 1553583322 INTRODUCE 36 15312
SEND 1553583322 INTRODUCE 36 10711
SEND 1553583322 INTRODUCE 36 9998
SEND 1553583322 INTRODUCE 36 9815
SEND 1553583322 INTRODUCE 36 16740
SEND 1553583322 INTRODUCE 36 12277
SEND 1553583322 INTRODUCE 36 14416
# Failed sending to node node10
# ERROR: write tcp 172.22.94.216:48636->172.22.94.216:8010: write: broken pipe
# Failed listening 
%!(EXTRA string=node0)# ERROR: read tcp 172.22.94.216:47538->172.22.94.216:8000: read: connection reset by peer
# Failed listening 
%!(EXTRA string=node9)# ERROR: read tcp 172.22.94.216:34794->172.22.94.216:8009: read: connection reset by peer
# Failed listening 
%!(EXTRA string=node10)# ERROR: read tcp 172.22.94.216:59148->172.22.158.206:8010: read: connection reset by peer
# recieved string JOIN node16 172.22.156.206 8016

# recieved string JOIN node8 172.22.156.206 8008

# recieved string JOIN node1 172.22.94.216 8001

# recieved string JOIN node6 172.22.156.206 8006

# recieved string JOIN node9 172.22.156.206 8009

# recieved string JOIN node4 172.22.156.206 8004

# recieved string JOIN node11 172.22.156.206 8011

# recieved string JOIN node9 172.22.158.206 8009

# recieved string JOIN node13 172.22.94.216 8013

# recieved string JOIN node14 172.22.156.206 8014

# recieved string JOIN node14 172.22.94.216 8014

# recieved string JOIN node18 172.22.156.206 8018

# recieved string JOIN node15 172.22.156.206 8015

# recieved string JOIN node17 172.22.156.206 8017

# recieved string JOIN node15 172.22.158.206 8015

# Failed listening 
%!(EXTRA string=node0)# ERROR: read tcp 172.22.94.216:53712->172.22.156.207:8000: read: connection reset by peer
# Failed listening 
%!(EXTRA string=node4)# ERROR: read tcp 172.22.94.216:53230->172.22.156.207:8004: read: connection reset by peer
# Failed listening 
%!(EXTRA string=node12)# ERROR: read tcp 172.22.94.216:52556->172.22.156.207:8012: read: connection reset by peer
# Failed listening 
%!(EXTRA string=node2)# ERROR: read tcp 172.22.94.216:52314->172.22.156.207:8002: read: connection reset by peer
# Failed listening 
%!(EXTRA string=node11)# ERROR: read tcp 172.22.94.216:56552->172.22.156.207:8011: read: connection reset by peer
# Failed listening 
%!(EXTRA string=node4)# ERROR: read tcp 172.22.94.216:44574->172.22.158.207:8004: read: connection reset by peer
# Failed listening 
%!(EXTRA string=node15)# ERROR: read tcp 172.22.94.216:34504->172.22.156.207:8015: read: connection reset by peer
# Failed listening 
%!(EXTRA string=node18)# ERROR: read tcp 172.22.94.216:49918->172.22.158.207:8018: read: connection reset by peer
# Failed listening 
%!(EXTRA string=node1)# ERROR: read tcp 172.22.94.216:57012->172.22.156.207:8001: read: connection reset by peer
# Failed listening 
%!(EXTRA string=node6)# ERROR: read tcp 172.22.94.216:47084->172.22.156.207:8006: read: connection reset by peer
# Failed listening 
%!(EXTRA string=node8)# ERROR: read tcp 172.22.94.216:35608->172.22.158.207:8008: read: connection reset by peer
# Failed listening 
%!(EXTRA string=node8)# ERROR: read tcp 172.22.94.216:35324->172.22.156.207:8008: read: connection reset by peer
# Failed listening 
%!(EXTRA string=node0)# ERROR: read tcp 172.22.94.216:45696->172.22.158.207:8000: read: connection reset by peer
# Failed listening 
%!(EXTRA string=node5)# ERROR: read tcp 172.22.94.216:57146->172.22.158.207:8005: read: connection reset by peer
# Failed listening 
%!(EXTRA string=node7)# ERROR: read tcp 172.22.94.216:33128->172.22.156.207:8007: read: connection reset by peer
# Failed listening 
%!(EXTRA string=node13)# ERROR: read tcp 172.22.94.216:57060->172.22.156.207:8013: read: connection reset by peer
# Failed listening 
%!(EXTRA string=node16)# ERROR: read tcp 172.22.94.216:39192->172.22.158.207:8016: read: connection reset by peer
# Failed listening 
%!(EXTRA string=node12)# ERROR: read tcp 172.22.94.216:48424->172.22.158.207:8012: read: connection reset by peer
# Failed listening 
%!(EXTRA string=node2)# ERROR: read tcp 172.22.94.216:44390->172.22.158.207:8002: read: connection reset by peer
# Failed listening 
%!(EXTRA string=node7)# ERROR: read tcp 172.22.94.216:37082->172.22.158.207:8007: read: connection reset by peer
# Failed listening 
%!(EXTRA string=node17)# ERROR: read tcp 172.22.94.216:56232->172.22.156.207:8017: read: connection reset by peer
# Failed listening 
%!(EXTRA string=node17)# ERROR: read tcp 172.22.94.216:37978->172.22.158.207:8017: read: connection reset by peer
# Failed listening 
%!(EXTRA string=node10)# ERROR: read tcp 172.22.94.216:53222->172.22.158.207:8010: read: connection reset by peer
# Failed listening 
%!(EXTRA string=node9)# ERROR: read tcp 172.22.94.216:37548->172.22.158.207:8009: read: connection reset by peer
# Failed listening 
%!(EXTRA string=node16)# ERROR: read tcp 172.22.94.216:46552->172.22.156.207:8016: read: connection reset by peer
# Failed listening 
%!(EXTRA string=node19)# ERROR: read tcp 172.22.94.216:40606->172.22.158.207:8019: read: connection reset by peer
# Failed listening 
%!(EXTRA string=node5)# ERROR: read tcp 172.22.94.216:54414->172.22.156.207:8005: read: connection reset by peer
