RECIEVED 1553583312 INTRODUCE 168 0 0
SEND 1553583312 JOIN 164 25966
RECIEVED 1553583312 TRANSACTION 209 1 0
UPDATE 1553583312 TRANSACTION 4e7238b17fada3ccd561b1855dcef192
SEND 1553583312 TRANSACTION 209 27403
RECIEVED 1553583312 TRANSACTION 209 1 1
RECIEVED 1553583312 TRANSACTION 209 1 1
UPDATE 1553583312 TRANSACTION 788b1c98df10c7ebfc54d5ecfa3194f3
SEND 1553583312 TRANSACTION 209 13150
RECIEVED 1553583312 TRANSACTION 208 1 2
UPDATE 1553583312 TRANSACTION dff355233cf6244819f40699da29d3c3
SEND 1553583312 TRANSACTION 208 32047
RECIEVED 1553583312 TRANSACTION 208 1 3
RECIEVED 1553583312 TRANSACTION 208 1 3
UPDATE 1553583312 TRANSACTION b8c3df7165c46d6440d355959964df17
SEND 1553583312 TRANSACTION 208 14426
RECIEVED 1553583312 TRANSACTION 210 1 4
UPDATE 1553583312 TRANSACTION 20a37e47d987d555df45f10ce86bc193
SEND 1553583312 TRANSACTION 210 17223
# Listen attempt 1.
# json: cannot unmarshal object into Go struct field Node.Sock of type net.Conn
RECIEVED 1553583312 TRANSACTION 208 1 5
UPDATE 1553583312 TRANSACTION be5d05edaf9411ecd7715d49f5c338ad
SEND 1553583312 TRANSACTION 208 20859
RECIEVED 1553583312 HB 139 1 6
SEND 1553583312 PING 261 44071
RECIEVED 1553583312 TRANSACTION 209 1 6
UPDATE 1553583312 TRANSACTION babf17e7226cd7b2f0f71155eaff5bcf
SEND 1553583312 TRANSACTION 209 17000
RECIEVED 1553583312 TRANSACTION 208 1 7
UPDATE 1553583312 TRANSACTION 8828fd55fb0d35fbcf3b35edd26b7a40
SEND 1553583312 TRANSACTION 208 24798
RECIEVED 1553583312 TRANSACTION 209 1 8
UPDATE 1553583312 TRANSACTION a688194f6f79d69b77c4b74f6adb710c
SEND 1553583312 TRANSACTION 209 15461
RECIEVED 1553583312 TRANSACTION 208 1 9
UPDATE 1553583312 TRANSACTION 36c57a8e8c304824444a54d7e7a9c84b
SEND 1553583312 TRANSACTION 208 14532
RECIEVED 1553583312 TRANSACTION 209 1 10
UPDATE 1553583312 TRANSACTION 85bcf92b1e253bd0e0164390e3dcf0ec
SEND 1553583312 TRANSACTION 209 17142
RECIEVED 1553583313 TRANSACTION 209 1 11
UPDATE 1553583313 TRANSACTION 3f2ba43eb674665cc6e6706c55adbf86
SEND 1553583313 TRANSACTION 209 18604
RECIEVED 1553583313 TRANSACTION 209 1 12
UPDATE 1553583313 TRANSACTION 70a493057370cf6f00ed647d0d58a375
SEND 1553583313 TRANSACTION 209 28864
RECIEVED 1553583313 TRANSACTION 207 1 13
UPDATE 1553583313 TRANSACTION 7a601dccd58cc93ec6f26d008bc7f87b
SEND 1553583313 TRANSACTION 207 22183
RECIEVED 1553583313 TRANSACTION 209 1 14
UPDATE 1553583313 TRANSACTION b559f130f3c543c7299dc6536fa7fdef
SEND 1553583313 TRANSACTION 209 23209
RECIEVED 1553583313 TRANSACTION 209 1 15
UPDATE 1553583313 TRANSACTION 5a9bb9a68f16e9dc82df82ee8d26ab7b
SEND 1553583313 TRANSACTION 209 17819
RECIEVED 1553583313 TRANSACTION 208 1 16
UPDATE 1553583313 TRANSACTION 53a0498903f101d4a5775f3cf025a178
SEND 1553583313 TRANSACTION 208 14580
RECIEVED 1553583313 TRANSACTION 209 1 17
UPDATE 1553583313 TRANSACTION d8afddff3b78237694f5cd14a852d7e4
SEND 1553583313 TRANSACTION 209 21100
RECIEVED 1553583313 TRANSACTION 208 1 18
UPDATE 1553583313 TRANSACTION b191f2688293dff6d50639dbacee22d2
SEND 1553583313 TRANSACTION 208 21767
RECIEVED 1553583313 TRANSACTION 210 1 19
UPDATE 1553583313 TRANSACTION 6285bb13967111077b9b022075cd5ef3
SEND 1553583313 TRANSACTION 210 16224
# Listen attempt 1.
# json: cannot unmarshal object into Go struct field Node.Sock of type net.Conn
RECIEVED 1553583313 TRANSACTION 208 1 20
UPDATE 1553583313 TRANSACTION 0a17495491dd35fa99cf03131e7ea4b3
SEND 1553583313 TRANSACTION 208 17016
RECIEVED 1553583313 HB 139 1 21
SEND 1553583313 PING 261 30323
RECIEVED 1553583313 TRANSACTION 209 1 21
UPDATE 1553583313 TRANSACTION 87f6ee7d83b4c7dce988ec9bf4b4dd06
SEND 1553583313 TRANSACTION 209 18047
RECIEVED 1553583313 TRANSACTION 209 1 22
UPDATE 1553583313 TRANSACTION 0f4bc8966878e1093a700f311d03edfd
SEND 1553583313 TRANSACTION 209 16069
RECIEVED 1553583313 TRANSACTION 209 1 23
UPDATE 1553583313 TRANSACTION 8bf8c47a8ece79316404e043d4904f38
SEND 1553583313 TRANSACTION 209 17020
RECIEVED 1553583313 TRANSACTION 208 1 24
UPDATE 1553583313 TRANSACTION 034ced17f254b735dd50924fa83a0fed
SEND 1553583313 TRANSACTION 208 15275
RECIEVED 1553583313 TRANSACTION 209 1 25
UPDATE 1553583313 TRANSACTION 50468551410fe4968088b71b285b20d5
SEND 1553583313 TRANSACTION 209 16607
RECIEVED 1553583314 TRANSACTION 209 1 26
UPDATE 1553583314 TRANSACTION 037a8648d015eedc1c4a1e7259ebeef0
SEND 1553583314 TRANSACTION 209 17637
RECIEVED 1553583314 TRANSACTION 208 1 27
UPDATE 1553583314 TRANSACTION a0d7da3c4b3de954d1e1bf23853df348
SEND 1553583314 TRANSACTION 208 16899
RECIEVED 1553583314 TRANSACTION 210 1 28
UPDATE 1553583314 TRANSACTION 566861e259a56cb41fd0075d53cfc51f
SEND 1553583314 TRANSACTION 210 29174
RECIEVED 1553583314 TRANSACTION 208 1 29
UPDATE 1553583314 TRANSACTION 0017d9e0da50b202f99d768c959bac29
SEND 1553583314 TRANSACTION 208 14885
RECIEVED 1553583314 TRANSACTION 209 1 30
UPDATE 1553583314 TRANSACTION e55538d179e67dfdaef16b78ec315648
SEND 1553583314 TRANSACTION 209 15925
RECIEVED 1553583314 TRANSACTION 208 1 31
UPDATE 1553583314 TRANSACTION 1568ffefb3370d3f662309b8f0c95388
SEND 1553583314 TRANSACTION 208 17808
RECIEVED 1553583314 TRANSACTION 207 1 32
UPDATE 1553583314 TRANSACTION 098ee5438701358370420386557a0c6f
SEND 1553583314 TRANSACTION 207 15721
RECIEVED 1553583314 TRANSACTION 210 1 33
UPDATE 1553583314 TRANSACTION 6a78269045a57f0a34da47f062219a18
SEND 1553583314 TRANSACTION 210 21075
RECIEVED 1553583314 TRANSACTION 210 1 34
UPDATE 1553583314 TRANSACTION 29a5259b3397f23a76c1dce386473444
SEND 1553583314 TRANSACTION 210 21651
RECIEVED 1553583314 TRANSACTION 209 1 35
UPDATE 1553583314 TRANSACTION edc90834b45c60b253d4f2c98ebd0a4b
SEND 1553583314 TRANSACTION 209 22066
RECIEVED 1553583314 TRANSACTION 209 1 36
UPDATE 1553583314 TRANSACTION 687c798314ac06bc4436d6f5417fb3d1
SEND 1553583314 TRANSACTION 209 18749
RECIEVED 1553583314 TRANSACTION 209 1 37
UPDATE 1553583314 TRANSACTION c6603150202169c8dbb0b5793e7fe7dc
SEND 1553583314 TRANSACTION 209 16048
RECIEVED 1553583314 TRANSACTION 210 1 38
UPDATE 1553583314 TRANSACTION ad6e607b79e0c964a873900ef8a436cb
SEND 1553583314 TRANSACTION 210 17824
RECIEVED 1553583314 TRANSACTION 210 1 39
UPDATE 1553583314 TRANSACTION f17120aced4a199447fb69c94a2beb5e
SEND 1553583314 TRANSACTION 210 15297
RECIEVED 1553583314 TRANSACTION 209 1 40
UPDATE 1553583314 TRANSACTION fd263153e2702b89ffb3711afe5f3341
SEND 1553583314 TRANSACTION 209 23073
RECIEVED 1553583314 TRANSACTION 209 1 41
UPDATE 1553583314 TRANSACTION cf8b5218c57fe4641c732d20b098b9b3
SEND 1553583314 TRANSACTION 209 15271
# Listen attempt 1.
# json: cannot unmarshal object into Go struct field Node.Sock of type net.Conn
RECIEVED 1553583314 HB 139 1 42
SEND 1553583314 PING 261 46372
RECIEVED 1553583314 TRANSACTION 207 1 42
UPDATE 1553583314 TRANSACTION faa9ce28c0fcf28405fe6e59057b01cc
SEND 1553583314 TRANSACTION 207 23443
RECIEVED 1553583314 TRANSACTION 209 1 43
UPDATE 1553583314 TRANSACTION 4c8fa2c137584082e0ed40ad86ca1bd7
SEND 1553583314 TRANSACTION 209 15762
RECIEVED 1553583315 TRANSACTION 209 1 44
UPDATE 1553583315 TRANSACTION f528e42cf78ffc50f95a23c805e19597
SEND 1553583315 TRANSACTION 209 18384
RECIEVED 1553583315 TRANSACTION 208 1 45
UPDATE 1553583315 TRANSACTION ae4a1702367d3643f8d248f4816d5c59
SEND 1553583315 TRANSACTION 208 15931
RECIEVED 1553583315 TRANSACTION 209 1 46
UPDATE 1553583315 TRANSACTION f74d8066a52414f7c6135f9befb50960
SEND 1553583315 TRANSACTION 209 18264
RECIEVED 1553583315 TRANSACTION 209 1 47
UPDATE 1553583315 TRANSACTION 5ee046b6985774dce3a693d4293bf1ec
SEND 1553583315 TRANSACTION 209 15847
RECIEVED 1553583315 TRANSACTION 209 1 48
UPDATE 1553583315 TRANSACTION 0853d2fcac915396e770052c2e4899aa
SEND 1553583315 TRANSACTION 209 17592
RECIEVED 1553583315 TRANSACTION 209 1 49
UPDATE 1553583315 TRANSACTION b29f90e23cebba1c9a58eaa4ae7ea792
SEND 1553583315 TRANSACTION 209 16940
# Listen attempt 1.
# json: cannot unmarshal object into Go struct field Node.Sock of type net.Conn
RECIEVED 1553583315 HB 139 1 50
SEND 1553583315 PING 261 38111
RECIEVED 1553583315 TRANSACTION 209 1 50
UPDATE 1553583315 TRANSACTION 655e2cfbc0e3f2f2193884cdc8ec818f
SEND 1553583315 TRANSACTION 209 16471
RECIEVED 1553583315 TRANSACTION 208 1 51
UPDATE 1553583315 TRANSACTION 47ac6d954e0d8ed43edf39de6bd98228
SEND 1553583315 TRANSACTION 208 26481
RECIEVED 1553583315 TRANSACTION 209 1 52
UPDATE 1553583315 TRANSACTION 0cd92791aadd2e8ea63a791ab0c70fe8
SEND 1553583315 TRANSACTION 209 29543
RECIEVED 1553583315 TRANSACTION 210 1 53
UPDATE 1553583315 TRANSACTION 71da92da850cf8b69f7b50f5091783af
SEND 1553583315 TRANSACTION 210 15079
RECIEVED 1553583315 TRANSACTION 209 1 54
UPDATE 1553583315 TRANSACTION 72e68c8ce44cca8c707543aa3dd86cac
SEND 1553583315 TRANSACTION 209 16372
RECIEVED 1553583316 TRANSACTION 210 1 55
UPDATE 1553583316 TRANSACTION 581c970f0da64ccb8c12ecf80c84ede3
SEND 1553583316 TRANSACTION 210 18367
# Listen attempt 1.
# json: cannot unmarshal object into Go struct field Node.Sock of type net.Conn
RECIEVED 1553583316 HB 139 1 56
SEND 1553583316 PING 261 23054
RECIEVED 1553583316 TRANSACTION 209 1 56
UPDATE 1553583316 TRANSACTION c9a43aaf25fc9dc892828913d3e6ec8f
SEND 1553583316 TRANSACTION 209 18493
RECIEVED 1553583316 TRANSACTION 209 1 57
UPDATE 1553583316 TRANSACTION a9698219d21252ee4ae6d0eca9b83fda
SEND 1553583316 TRANSACTION 209 17885
RECIEVED 1553583317 TRANSACTION 209 1 58
UPDATE 1553583317 TRANSACTION 3fa66fcb6ff692bab190cd8981fb2dba
SEND 1553583317 TRANSACTION 209 17760
RECIEVED 1553583317 TRANSACTION 207 1 59
UPDATE 1553583317 TRANSACTION 7e0b74fbf5553e8876e2d079d1a3d37a
SEND 1553583317 TRANSACTION 207 16039
RECIEVED 1553583317 TRANSACTION 210 1 60
UPDATE 1553583317 TRANSACTION 312e75b96e11e23342277318a9e22c17
SEND 1553583317 TRANSACTION 210 20404
RECIEVED 1553583317 TRANSACTION 209 1 61
UPDATE 1553583317 TRANSACTION 0658420af5b975bbaff0d7cc79a3047b
SEND 1553583317 TRANSACTION 209 19109
RECIEVED 1553583317 TRANSACTION 209 1 62
UPDATE 1553583317 TRANSACTION 5b5738362550b263f09ac8e43a48c628
SEND 1553583317 TRANSACTION 209 17538
RECIEVED 1553583317 TRANSACTION 208 1 63
UPDATE 1553583317 TRANSACTION 2e1d7033000f1c359a34477dfeac2b79
SEND 1553583317 TRANSACTION 208 16410
RECIEVED 1553583317 TRANSACTION 209 1 64
UPDATE 1553583317 TRANSACTION 18090d22e8ce706df87a1cf9cc9d0a70
SEND 1553583317 TRANSACTION 209 16301
RECIEVED 1553583317 TRANSACTION 209 1 65
UPDATE 1553583317 TRANSACTION bc88720518beb4fa93892e9596f1656d
SEND 1553583317 TRANSACTION 209 21718
RECIEVED 1553583317 TRANSACTION 208 1 66
UPDATE 1553583317 TRANSACTION 4438e26bc7ee1be9685f5b83ac2500be
SEND 1553583317 TRANSACTION 208 20296
RECIEVED 1553583317 TRANSACTION 208 1 67
UPDATE 1553583317 TRANSACTION 00a4545ba45c309580c3263f0da22c2a
SEND 1553583317 TRANSACTION 208 13813
RECIEVED 1553583317 TRANSACTION 209 1 68
UPDATE 1553583317 TRANSACTION b0bc6d1b85923cf9ddd30268fe36e496
SEND 1553583317 TRANSACTION 209 28353
RECIEVED 1553583317 TRANSACTION 209 1 69
UPDATE 1553583317 TRANSACTION a6c8af2f1c22cd2a610ca4e59b1119fa
SEND 1553583317 TRANSACTION 209 14655
# Listen attempt 1.
# json: cannot unmarshal object into Go struct field Node.Sock of type net.Conn
RECIEVED 1553583317 HB 139 1 70
SEND 1553583317 PING 261 29364
RECIEVED 1553583317 TRANSACTION 210 1 70
UPDATE 1553583317 TRANSACTION 5ae70c40f15d1cb0c60503fb6afa15d2
SEND 1553583317 TRANSACTION 210 17814
RECIEVED 1553583317 TRANSACTION 209 1 71
UPDATE 1553583317 TRANSACTION 6369f4b3201ae58c7d37f2bdf101fa25
SEND 1553583317 TRANSACTION 209 15629
RECIEVED 1553583317 TRANSACTION 208 1 72
UPDATE 1553583317 TRANSACTION 7669574b1bddb4966bcee99240a91493
SEND 1553583317 TRANSACTION 208 18358
RECIEVED 1553583317 TRANSACTION 209 1 73
UPDATE 1553583317 TRANSACTION 640a5f642bb2b71380916ec377a068df
SEND 1553583317 TRANSACTION 209 24160
RECIEVED 1553583317 TRANSACTION 209 1 74
RECIEVED 1553583318 TRANSACTION 208 1 74
UPDATE 1553583318 TRANSACTION c15172d1eed36ec11626a8452f173465
SEND 1553583318 TRANSACTION 208 15447
RECIEVED 1553583318 TRANSACTION 209 1 75
UPDATE 1553583318 TRANSACTION b865830b173b653333c1c5cece987c45
SEND 1553583318 TRANSACTION 209 14174
RECIEVED 1553583318 TRANSACTION 209 1 76
UPDATE 1553583318 TRANSACTION 17e6d24f0a6884090d3089d1c0e80fa3
SEND 1553583318 TRANSACTION 209 29394
# Listen attempt 1.
# json: cannot unmarshal object into Go struct field Node.Sock of type net.Conn
RECIEVED 1553583318 HB 139 1 77
SEND 1553583318 PING 261 29453
RECIEVED 1553583318 TRANSACTION 209 1 77
UPDATE 1553583318 TRANSACTION 3e6c67a53e4863821d0c570f5273a81a
SEND 1553583318 TRANSACTION 209 18024
RECIEVED 1553583318 TRANSACTION 210 1 78
UPDATE 1553583318 TRANSACTION a639f2c77dca601f552d38b2b8dd9cc7
SEND 1553583318 TRANSACTION 210 29149
RECIEVED 1553583319 TRANSACTION 210 1 79
UPDATE 1553583319 TRANSACTION 8eb5c9190e2992c73008a997c8257a9b
SEND 1553583319 TRANSACTION 210 18052
RECIEVED 1553583319 TRANSACTION 209 1 80
UPDATE 1553583319 TRANSACTION eda907c9522c14bc545b04707964265f
SEND 1553583319 TRANSACTION 209 17840
RECIEVED 1553583319 TRANSACTION 209 1 81
UPDATE 1553583319 TRANSACTION 5553527e95c862613cd68aa38e91645c
SEND 1553583319 TRANSACTION 209 17723
# Listen attempt 1.
# json: cannot unmarshal object into Go struct field Node.Sock of type net.Conn
RECIEVED 1553583319 HB 139 1 82
SEND 1553583319 PING 261 22307
RECIEVED 1553583319 TRANSACTION 209 1 82
UPDATE 1553583319 TRANSACTION 1b5a42fab4f90d5f679f2a004589cad3
SEND 1553583319 TRANSACTION 209 18124
RECIEVED 1553583320 TRANSACTION 209 1 83
UPDATE 1553583320 TRANSACTION ea2e0eb554c7fa8577afac34a9a29603
SEND 1553583320 TRANSACTION 209 26652
RECIEVED 1553583320 TRANSACTION 208 1 84
UPDATE 1553583320 TRANSACTION 082e470d2c5fbd93d934c3a30e657765
SEND 1553583320 TRANSACTION 208 17914
# Listen attempt 1.
# json: cannot unmarshal object into Go struct field Node.Sock of type net.Conn
RECIEVED 1553583320 HB 139 1 85
SEND 1553583320 PING 261 22504
RECIEVED 1553583320 TRANSACTION 209 1 85
UPDATE 1553583320 TRANSACTION fba0189f0a941001b23aed524c0aaf5a
SEND 1553583320 TRANSACTION 209 19863
RECIEVED 1553583321 TRANSACTION 209 1 86
UPDATE 1553583321 TRANSACTION 07b307f0a07d66ca24fea650d42bf51e
SEND 1553583321 TRANSACTION 209 24717
RECIEVED 1553583321 TRANSACTION 209 1 87
UPDATE 1553583321 TRANSACTION 9414279352ef856c19e54cdaff35a3f9
SEND 1553583321 TRANSACTION 209 17101
RECIEVED 1553583321 TRANSACTION 209 1 88
UPDATE 1553583321 TRANSACTION cc9dd7a1b11d1a6cc883f708c4132a71
SEND 1553583321 TRANSACTION 209 25748
RECIEVED 1553583321 TRANSACTION 209 1 89
UPDATE 1553583321 TRANSACTION 6739ea99782efeed4fe55e23e79ce922
SEND 1553583321 TRANSACTION 209 27756
# Listen attempt 1.
# json: cannot unmarshal object into Go struct field Node.Sock of type net.Conn
RECIEVED 1553583321 HB 139 1 90
SEND 1553583321 PING 261 20900
RECIEVED 1553583322 TRANSACTION 208 1 90
UPDATE 1553583322 TRANSACTION 55216f3c8dc74923d72cf812fd42e534
SEND 1553583322 TRANSACTION 208 26928
RECIEVED 1553583322 TRANSACTION 208 1 91
UPDATE 1553583322 TRANSACTION 489c702637fe419c9be441bc4739ba71
SEND 1553583322 TRANSACTION 208 17397
# Listen attempt 1.
# json: cannot unmarshal object into Go struct field Node.Sock of type net.Conn
RECIEVED 1553583322 HB 139 1 92
SEND 1553583322 PING 261 23216
RECIEVED 1553583323 TRANSACTION 209 1 92
UPDATE 1553583323 TRANSACTION 85ad3d3c22caa1f182c1dc6dc13d9039
SEND 1553583323 TRANSACTION 209 24262
RECIEVED 1553583323 TRANSACTION 208 1 93
UPDATE 1553583323 TRANSACTION a5d6e5d9e97862de823483be693d59dd
SEND 1553583323 TRANSACTION 208 21791
RECIEVED 1553583323 TRANSACTION 208 1 94
UPDATE 1553583323 TRANSACTION 354671a875b966e6aa2ff2763907052e
SEND 1553583323 TRANSACTION 208 17947
RECIEVED 1553583323 TRANSACTION 208 1 95
UPDATE 1553583323 TRANSACTION f6c01e5319aea4b5c8a1e4c90885e3e1
SEND 1553583323 TRANSACTION 208 23494
RECIEVED 1553583323 TRANSACTION 208 1 96
RECIEVED 1553583323 TRANSACTION 209 1 96
UPDATE 1553583323 TRANSACTION 14014ca9a3195dea510503bea04b4506
SEND 1553583323 TRANSACTION 209 14202
RECIEVED 1553583323 TRANSACTION 208 1 97
UPDATE 1553583323 TRANSACTION 34e256f109afa561225419eb529e72a8
SEND 1553583323 TRANSACTION 208 17861
RECIEVED 1553583323 TRANSACTION 209 1 98
UPDATE 1553583323 TRANSACTION 56ebb33d369e6d5574d8e4b5445d75bc
SEND 1553583323 TRANSACTION 209 11695
RECIEVED 1553583323 TRANSACTION 209 1 99
UPDATE 1553583323 TRANSACTION bc5cbbca6ab8fe98d9d9420a81803050
SEND 1553583323 TRANSACTION 209 15713
# Listen attempt 1.
# json: cannot unmarshal object into Go struct field Node.Sock of type net.Conn
RECIEVED 1553583323 HB 139 1 100
SEND 1553583323 PING 261 20490
RECIEVED 1553583324 TRANSACTION 206 1 100
UPDATE 1553583324 TRANSACTION e0eb81a693e3ded4435d3d15725e2464
SEND 1553583324 TRANSACTION 206 17033
RECIEVED 1553583324 TRANSACTION 207 1 101
UPDATE 1553583324 TRANSACTION bf9715dbba92b40bb3bbcfdb33c008c4
SEND 1553583324 TRANSACTION 207 23530
RECIEVED 1553583324 TRANSACTION 209 1 102
UPDATE 1553583324 TRANSACTION 37f813a5cbc2af848842f328269630e0
SEND 1553583324 TRANSACTION 209 14848
RECIEVED 1553583324 TRANSACTION 208 1 103
UPDATE 1553583324 TRANSACTION 72ddd333721a4ea1a806b7d23f9ef40c
SEND 1553583324 TRANSACTION 208 15101
RECIEVED 1553583324 TRANSACTION 209 1 104
UPDATE 1553583324 TRANSACTION c8d8ed0f5f267af44bf7b2c97a9c7c6a
SEND 1553583324 TRANSACTION 209 15453
RECIEVED 1553583324 TRANSACTION 209 1 105
UPDATE 1553583324 TRANSACTION a06e71c9d7c2c454fa9c7052820eff4b
SEND 1553583324 TRANSACTION 209 29112
RECIEVED 1553583324 TRANSACTION 209 1 106
UPDATE 1553583324 TRANSACTION 3b03d534ee4d7c6393e10cbd7b4b1a50
SEND 1553583324 TRANSACTION 209 12982
RECIEVED 1553583324 TRANSACTION 210 1 107
UPDATE 1553583324 TRANSACTION 86991f063dae89c26c2323730dc50e05
SEND 1553583324 TRANSACTION 210 9275
RECIEVED 1553583324 TRANSACTION 207 1 108
UPDATE 1553583324 TRANSACTION 4831fc09652a16732d865e04d49db97c
SEND 1553583324 TRANSACTION 207 15075
RECIEVED 1553583324 TRANSACTION 209 1 109
UPDATE 1553583324 TRANSACTION 5cebe967b0fd18fd72861c3cc880f9c9
SEND 1553583324 TRANSACTION 209 20658
RECIEVED 1553583324 TRANSACTION 209 1 110
UPDATE 1553583324 TRANSACTION 309ff12921da965e1604dea26543320d
SEND 1553583324 TRANSACTION 209 34800
RECIEVED 1553583324 TRANSACTION 209 1 111
UPDATE 1553583324 TRANSACTION f5644cb3f74bfced3bcfb181a65139aa
SEND 1553583324 TRANSACTION 209 19917
# Listen attempt 1.
# json: cannot unmarshal object into Go struct field Node.Sock of type net.Conn
RECIEVED 1553583324 HB 139 1 112
SEND 1553583324 PING 261 22458
RECIEVED 1553583325 TRANSACTION 209 1 112
UPDATE 1553583325 TRANSACTION a7f343bffac1b786af0ee420734f3f49
SEND 1553583325 TRANSACTION 209 18122
RECIEVED 1553583325 TRANSACTION 209 1 113
UPDATE 1553583325 TRANSACTION 2b71ec69d81758e444fd72814c74eec5
SEND 1553583325 TRANSACTION 209 17628
# Listen attempt 1.
# json: cannot unmarshal object into Go struct field Node.Sock of type net.Conn
RECIEVED 1553583325 HB 139 1 114
SEND 1553583325 PING 261 23946
RECIEVED 1553583325 TRANSACTION 208 1 114
UPDATE 1553583325 TRANSACTION ee28008c45645d59d417a6bbb8bf2bca
SEND 1553583325 TRANSACTION 208 17999
RECIEVED 1553583325 TRANSACTION 209 1 115
UPDATE 1553583325 TRANSACTION 667c59cb0b5294542802fc8e5c433a76
SEND 1553583325 TRANSACTION 209 17682
RECIEVED 1553583325 TRANSACTION 209 1 116
UPDATE 1553583325 TRANSACTION 53438ce8eed05b0bda57721b297dde88
SEND 1553583325 TRANSACTION 209 17076
RECIEVED 1553583326 TRANSACTION 209 1 117
UPDATE 1553583326 TRANSACTION 8d71077771a21ac0156f14aa39bf5404
SEND 1553583326 TRANSACTION 209 15775
RECIEVED 1553583326 TRANSACTION 209 1 118
UPDATE 1553583326 TRANSACTION 66ee62ac5f57248a0a7717b4638ca3fe
SEND 1553583326 TRANSACTION 209 15438
RECIEVED 1553583326 TRANSACTION 209 1 119
UPDATE 1553583326 TRANSACTION 15d240755b5c6670c442280b07d77bb7
SEND 1553583326 TRANSACTION 209 25058
RECIEVED 1553583326 TRANSACTION 208 1 120
UPDATE 1553583326 TRANSACTION c3ea461849ca4a7c95d67c73e3b6f591
SEND 1553583326 TRANSACTION 208 16288
# Listen attempt 1.
# json: cannot unmarshal object into Go struct field Node.Sock of type net.Conn
RECIEVED 1553583326 HB 139 1 121
SEND 1553583326 PING 261 28535
RECIEVED 1553583327 TRANSACTION 209 1 121
UPDATE 1553583327 TRANSACTION 1ad11f4b85b15627d66e3fbe5df5b26d
SEND 1553583327 TRANSACTION 209 17533
RECIEVED 1553583327 TRANSACTION 209 1 122
UPDATE 1553583327 TRANSACTION f1d95f43178e3bbb20cc90dc5f25c26f
SEND 1553583327 TRANSACTION 209 22616
RECIEVED 1553583327 TRANSACTION 208 1 123
UPDATE 1553583327 TRANSACTION fe6281d1f1abd304b358da11ea87795c
SEND 1553583327 TRANSACTION 208 17834
RECIEVED 1553583327 TRANSACTION 208 1 124
UPDATE 1553583327 TRANSACTION e0cc1ab46e265c0d9e2aeff0c71e3f04
SEND 1553583327 TRANSACTION 208 16978
# Listen attempt 1.
# json: cannot unmarshal object into Go struct field Node.Sock of type net.Conn
RECIEVED 1553583327 HB 139 1 125
SEND 1553583327 PING 261 22679
RECIEVED 1553583328 TRANSACTION 209 1 125
UPDATE 1553583328 TRANSACTION f57e9d502dc1a409324205d283201a15
SEND 1553583328 TRANSACTION 209 18534
RECIEVED 1553583328 TRANSACTION 209 1 126
UPDATE 1553583328 TRANSACTION f512456fba19be336711488f702f6738
SEND 1553583328 TRANSACTION 209 25145
# Listen attempt 1.
# json: cannot unmarshal object into Go struct field Node.Sock of type net.Conn
RECIEVED 1553583328 HB 139 1 127
SEND 1553583328 PING 261 28380
RECIEVED 1553583329 TRANSACTION 208 1 127
UPDATE 1553583329 TRANSACTION 30d4f17231c1499325d4b82d5f3bd380
SEND 1553583329 TRANSACTION 208 17795
# Listen attempt 1.
# json: cannot unmarshal object into Go struct field Node.Sock of type net.Conn
RECIEVED 1553583329 HB 139 1 128
SEND 1553583329 PING 261 33012
RECIEVED 1553583330 TRANSACTION 209 1 128
UPDATE 1553583330 TRANSACTION 1a03557e2d1c6f8c30c64607780ddf99
SEND 1553583330 TRANSACTION 209 24688
RECIEVED 1553583330 TRANSACTION 209 1 129
UPDATE 1553583330 TRANSACTION 26cf306146a500fd79a127fbb6e17efc
SEND 1553583330 TRANSACTION 209 15766
RECIEVED 1553583330 TRANSACTION 209 1 130
UPDATE 1553583330 TRANSACTION 2672c26bf3316f620e05a1a8045da890
SEND 1553583330 TRANSACTION 209 14821
RECIEVED 1553583330 TRANSACTION 209 1 131
UPDATE 1553583330 TRANSACTION 50d94e39b7c836b9d3478a7e188697b4
SEND 1553583330 TRANSACTION 209 8684
RECIEVED 1553583330 TRANSACTION 211 1 132
UPDATE 1553583330 TRANSACTION 44c7fdc39358271300bdbbe6851cbc86
SEND 1553583330 TRANSACTION 211 16714
# Listen attempt 1.
# json: cannot unmarshal object into Go struct field Node.Sock of type net.Conn
RECIEVED 1553583330 HB 139 1 133
SEND 1553583330 PING 261 28978
RECIEVED 1553583330 TRANSACTION 208 1 133
UPDATE 1553583330 TRANSACTION a56790cac6baee6e6b9e5ae5c6dcbae8
SEND 1553583330 TRANSACTION 208 16895
RECIEVED 1553583330 TRANSACTION 209 1 134
UPDATE 1553583330 TRANSACTION 22de244bd42811f83546b47460e27cc7
SEND 1553583330 TRANSACTION 209 55309
RECIEVED 1553583330 TRANSACTION 209 1 135
UPDATE 1553583330 TRANSACTION e673d42062592282a89f4aa9927dd8cc
SEND 1553583330 TRANSACTION 209 15885
RECIEVED 1553583331 TRANSACTION 209 1 136
UPDATE 1553583331 TRANSACTION d8815e98910acc55e73980facaad2083
SEND 1553583331 TRANSACTION 209 17640
# Listen attempt 1.
# json: cannot unmarshal object into Go struct field Node.Sock of type net.Conn
RECIEVED 1553583331 HB 139 1 137
SEND 1553583331 PING 261 22360
RECIEVED 1553583331 TRANSACTION 209 1 137
UPDATE 1553583331 TRANSACTION e1ae042b5df9f74d082024697d7e1cf8
SEND 1553583331 TRANSACTION 209 17270
RECIEVED 1553583332 TRANSACTION 209 1 138
UPDATE 1553583332 TRANSACTION 3a6691b9e6a243403d3e7f8d6dc30e3a
SEND 1553583332 TRANSACTION 209 15851
RECIEVED 1553583332 TRANSACTION 209 1 139
UPDATE 1553583332 TRANSACTION 532405e628e44c7f902cd2c088989e14
SEND 1553583332 TRANSACTION 209 18034
RECIEVED 1553583332 TRANSACTION 209 1 140
UPDATE 1553583332 TRANSACTION 08c403244b80981c33a9520d77864231
SEND 1553583332 TRANSACTION 209 23712
# Listen attempt 1.
# json: cannot unmarshal object into Go struct field Node.Sock of type net.Conn
RECIEVED 1553583332 HB 139 1 141
SEND 1553583332 PING 261 34014
RECIEVED 1553583332 TRANSACTION 209 1 141
UPDATE 1553583332 TRANSACTION d59e4eabcda5aba56f389b772e36389b
SEND 1553583332 TRANSACTION 209 19341
# Listen attempt 1.
# json: cannot unmarshal object into Go struct field Node.Sock of type net.Conn
RECIEVED 1553583333 HB 139 1 142
SEND 1553583333 PING 261 23217
RECIEVED 1553583334 TRANSACTION 209 1 142
UPDATE 1553583334 TRANSACTION fa55d359b823aa05289544fbdd898f62
SEND 1553583334 TRANSACTION 209 17964
RECIEVED 1553583334 TRANSACTION 209 1 143
UPDATE 1553583334 TRANSACTION 06f390dbff6fa44f4f9a8b5e6c7ff3d1
SEND 1553583334 TRANSACTION 209 18063
RECIEVED 1553583334 TRANSACTION 205 1 144
UPDATE 1553583334 TRANSACTION f213b1ce543af94c112868bbe8a9cebf
SEND 1553583334 TRANSACTION 205 17586
# Listen attempt 1.
# json: cannot unmarshal object into Go struct field Node.Sock of type net.Conn
RECIEVED 1553583334 HB 139 1 145
SEND 1553583334 PING 261 28901
RECIEVED 1553583335 TRANSACTION 210 1 145
UPDATE 1553583335 TRANSACTION 8c99acf6e0338bf0f862c0395c69d5d4
SEND 1553583335 TRANSACTION 210 19325
RECIEVED 1553583335 TRANSACTION 209 1 146
UPDATE 1553583335 TRANSACTION ed88a0d21e2c848274c52f18587ac0f9
SEND 1553583335 TRANSACTION 209 34808
RECIEVED 1553583335 TRANSACTION 209 1 147
UPDATE 1553583335 TRANSACTION 0c8bce54a17ce95c5f746b71be318c56
SEND 1553583335 TRANSACTION 209 16529
# Listen attempt 1.
# json: cannot unmarshal object into Go struct field Node.Sock of type net.Conn
RECIEVED 1553583335 HB 139 1 148
SEND 1553583335 PING 261 29516
RECIEVED 1553583336 TRANSACTION 208 1 148
UPDATE 1553583336 TRANSACTION 9ce45d086d5be67bbf813772faae9ef8
SEND 1553583336 TRANSACTION 208 24478
RECIEVED 1553583336 TRANSACTION 209 1 149
UPDATE 1553583336 TRANSACTION 37f12312ffdaab06d57707e690462345
SEND 1553583336 TRANSACTION 209 17988
RECIEVED 1553583336 TRANSACTION 209 1 150
UPDATE 1553583336 TRANSACTION 1935f164b5621d105ed0c35d0ba51623
SEND 1553583336 TRANSACTION 209 27911
RECIEVED 1553583336 TRANSACTION 208 1 151
UPDATE 1553583336 TRANSACTION 2e9286f381dd8f2fbbbc31b013f40f4a
SEND 1553583336 TRANSACTION 208 17867
RECIEVED 1553583336 TRANSACTION 209 1 152
UPDATE 1553583336 TRANSACTION af6d0696bf533fa201221d3e9e29e0ff
SEND 1553583336 TRANSACTION 209 17814
# Listen attempt 1.
# json: cannot unmarshal object into Go struct field Node.Sock of type net.Conn
RECIEVED 1553583336 HB 139 1 153
SEND 1553583336 PING 261 25165
RECIEVED 1553583336 TRANSACTION 209 1 153
UPDATE 1553583336 TRANSACTION 039278aba26e0a3e797918b97b2af155
SEND 1553583336 TRANSACTION 209 17412
RECIEVED 1553583337 TRANSACTION 209 1 154
UPDATE 1553583337 TRANSACTION 98a71ea7749d29f9061848d58c32024f
SEND 1553583337 TRANSACTION 209 24609
# Listen attempt 1.
# json: cannot unmarshal object into Go struct field Node.Sock of type net.Conn
RECIEVED 1553583337 HB 139 1 155
SEND 1553583337 PING 261 21512
RECIEVED 1553583338 TRANSACTION 209 1 155
UPDATE 1553583338 TRANSACTION 12961507ab04969158365ef1033d91bd
SEND 1553583338 TRANSACTION 209 25193
RECIEVED 1553583338 TRANSACTION 209 1 156
UPDATE 1553583338 TRANSACTION 8d62e6ef8d0a59389596f65ce93e4f22
SEND 1553583338 TRANSACTION 209 16390
RECIEVED 1553583338 TRANSACTION 209 1 157
UPDATE 1553583338 TRANSACTION c96678aca209ec21a45230a25766671f
SEND 1553583338 TRANSACTION 209 19048
RECIEVED 1553583338 TRANSACTION 209 1 158
UPDATE 1553583338 TRANSACTION 0eab7ddd7a4224f88974f88cd497f84f
SEND 1553583338 TRANSACTION 209 18323
# Listen attempt 1.
# json: cannot unmarshal object into Go struct field Node.Sock of type net.Conn
RECIEVED 1553583338 HB 139 1 159
SEND 1553583338 PING 261 26696
RECIEVED 1553583339 TRANSACTION 208 1 159
UPDATE 1553583339 TRANSACTION b9da64890d34a3caf3cc0dc38f856d4e
SEND 1553583339 TRANSACTION 208 30821
RECIEVED 1553583339 TRANSACTION 209 1 160
UPDATE 1553583339 TRANSACTION c3f1477fe49025dcfdf9a870aa35518e
SEND 1553583339 TRANSACTION 209 17719
RECIEVED 1553583339 TRANSACTION 209 1 161
UPDATE 1553583339 TRANSACTION 6dad47567c4db7a4d513beff434b1c30
SEND 1553583339 TRANSACTION 209 16703
# Listen attempt 1.
# json: cannot unmarshal object into Go struct field Node.Sock of type net.Conn
RECIEVED 1553583339 HB 139 1 162
SEND 1553583339 PING 261 26142
RECIEVED 1553583339 TRANSACTION 210 1 162
UPDATE 1553583339 TRANSACTION e1eb4648247bcde411daf6dc11ec04a5
SEND 1553583339 TRANSACTION 210 17269
RECIEVED 1553583339 TRANSACTION 209 1 163
UPDATE 1553583339 TRANSACTION d0e4bb2396b19834af2471ce835bd48d
SEND 1553583339 TRANSACTION 209 26220
RECIEVED 1553583340 TRANSACTION 209 1 164
UPDATE 1553583340 TRANSACTION 2f0353dffec67f817b8746963c985585
SEND 1553583340 TRANSACTION 209 19155
RECIEVED 1553583340 TRANSACTION 209 1 165
UPDATE 1553583340 TRANSACTION 4941e48de02cc61b2803070f53eabcb4
SEND 1553583340 TRANSACTION 209 29235
# Listen attempt 1.
# json: cannot unmarshal object into Go struct field Node.Sock of type net.Conn
RECIEVED 1553583340 HB 139 1 166
SEND 1553583340 PING 261 22381
RECIEVED 1553583341 TRANSACTION 209 1 166
UPDATE 1553583341 TRANSACTION 1fb20d7351021f31ea364a30c7ae6b87
SEND 1553583341 TRANSACTION 209 18863
RECIEVED 1553583341 TRANSACTION 208 1 167
UPDATE 1553583341 TRANSACTION d2e772c4a40592cbe9a26cfd9c84bd00
SEND 1553583341 TRANSACTION 208 17513
RECIEVED 1553583341 TRANSACTION 209 1 168
UPDATE 1553583341 TRANSACTION fee8ebd4ba482687444e7106df36a8bf
SEND 1553583341 TRANSACTION 209 23586
RECIEVED 1553583341 TRANSACTION 209 1 169
UPDATE 1553583341 TRANSACTION c2b18537a943b0b3df48feb1ae998dc6
SEND 1553583341 TRANSACTION 209 16898
# Listen attempt 1.
# json: cannot unmarshal object into Go struct field Node.Sock of type net.Conn
RECIEVED 1553583341 HB 139 1 170
SEND 1553583341 PING 261 28631
RECIEVED 1553583341 TRANSACTION 209 1 170
UPDATE 1553583341 TRANSACTION 3bb0fa3ce25b7f3a984910114d45e6a2
SEND 1553583341 TRANSACTION 209 18177
RECIEVED 1553583342 TRANSACTION 209 1 171
UPDATE 1553583342 TRANSACTION f44403ad77501e2d5ffc15f8dc6db908
SEND 1553583342 TRANSACTION 209 21604
# Listen attempt 1.
# json: cannot unmarshal object into Go struct field Node.Sock of type net.Conn
RECIEVED 1553583342 HB 139 1 172
SEND 1553583342 PING 261 28690
RECIEVED 1553583342 TRANSACTION 209 1 172
UPDATE 1553583342 TRANSACTION c2a5b51550837ad8ac0ca075e096a5ee
SEND 1553583342 TRANSACTION 209 15195
RECIEVED 1553583342 TRANSACTION 209 1 173
UPDATE 1553583342 TRANSACTION 81d09486fe5bc59edd1272429ae1ac39
SEND 1553583342 TRANSACTION 209 17481
RECIEVED 1553583343 TRANSACTION 209 1 174
UPDATE 1553583343 TRANSACTION 45c7c2d428f17832ce215a620513927b
SEND 1553583343 TRANSACTION 209 17639
RECIEVED 1553583343 TRANSACTION 208 1 175
UPDATE 1553583343 TRANSACTION 522e150086953779d4789a584dd3450c
SEND 1553583343 TRANSACTION 208 23846
RECIEVED 1553583343 TRANSACTION 208 1 176
UPDATE 1553583343 TRANSACTION 0cdeea2f22582de1708ce2031d3fc80c
SEND 1553583343 TRANSACTION 208 17904
# Listen attempt 1.
# json: cannot unmarshal object into Go struct field Node.Sock of type net.Conn
RECIEVED 1553583343 HB 139 1 177
SEND 1553583343 PING 261 22554
RECIEVED 1553583343 TRANSACTION 209 1 177
UPDATE 1553583343 TRANSACTION a093a75bec5bb28a59be59cc14f8cdfb
SEND 1553583343 TRANSACTION 209 26644
RECIEVED 1553583343 TRANSACTION 210 1 178
UPDATE 1553583343 TRANSACTION c5898f02acf9a0c8da619389a181cc8f
SEND 1553583343 TRANSACTION 210 14888
RECIEVED 1553583344 TRANSACTION 209 1 179
UPDATE 1553583344 TRANSACTION f8832bb71dc66865f8b11173eef44a04
SEND 1553583344 TRANSACTION 209 17492
RECIEVED 1553583344 TRANSACTION 209 1 180
UPDATE 1553583344 TRANSACTION 72e5c1164b37582455c2b2970e168588
SEND 1553583344 TRANSACTION 209 14010
RECIEVED 1553583344 TRANSACTION 209 1 181
UPDATE 1553583344 TRANSACTION 00954fce293e56f4fb8089b0c05f63d1
SEND 1553583344 TRANSACTION 209 17338
RECIEVED 1553583344 TRANSACTION 209 1 182
UPDATE 1553583344 TRANSACTION ad9fb7832e6cb7aef7ea32b3693e4ca3
SEND 1553583344 TRANSACTION 209 18706
RECIEVED 1553583344 TRANSACTION 209 1 183
UPDATE 1553583344 TRANSACTION 5436ddb8d901bf788529d3286fa02bcc
SEND 1553583344 TRANSACTION 209 17974
# Listen attempt 1.
# json: cannot unmarshal object into Go struct field Node.Sock of type net.Conn
RECIEVED 1553583344 HB 139 1 184
SEND 1553583344 PING 261 36883
RECIEVED 1553583344 TRANSACTION 209 1 184
UPDATE 1553583344 TRANSACTION d04e424e2f5ba2124558348e2fd15e84
SEND 1553583344 TRANSACTION 209 15346
RECIEVED 1553583344 TRANSACTION 209 1 185
UPDATE 1553583344 TRANSACTION 18e7d990d616d2a0b984348f90fc3428
SEND 1553583344 TRANSACTION 209 17615
RECIEVED 1553583345 TRANSACTION 209 1 186
UPDATE 1553583345 TRANSACTION 2da2076cc6055173f7c0bfd78a26deae
SEND 1553583345 TRANSACTION 209 23027
RECIEVED 1553583345 TRANSACTION 209 1 187
UPDATE 1553583345 TRANSACTION 689fb4bb9f9f750ab4bd310170504eb6
SEND 1553583345 TRANSACTION 209 18326
RECIEVED 1553583345 TRANSACTION 209 1 188
UPDATE 1553583345 TRANSACTION de30297c7a61b6343fe61a3cdb7c73b9
SEND 1553583345 TRANSACTION 209 17338
# Listen attempt 1.
# json: cannot unmarshal object into Go struct field Node.Sock of type net.Conn
RECIEVED 1553583345 HB 139 1 189
SEND 1553583345 PING 261 29110
RECIEVED 1553583345 TRANSACTION 209 1 189
UPDATE 1553583345 TRANSACTION 5da4cea75672fb7d3d4788cc330c3f63
SEND 1553583345 TRANSACTION 209 28909
RECIEVED 1553583345 TRANSACTION 209 1 190
RECIEVED 1553583346 TRANSACTION 210 1 190
UPDATE 1553583346 TRANSACTION 36d2f14374132c0d8c4861086421cf58
SEND 1553583346 TRANSACTION 210 14583
RECIEVED 1553583346 TRANSACTION 209 1 191
UPDATE 1553583346 TRANSACTION 557df20d2f179bbdd4296ecda972c4db
SEND 1553583346 TRANSACTION 209 17554
RECIEVED 1553583346 TRANSACTION 208 1 192
UPDATE 1553583346 TRANSACTION 46536ecf18c85244650c332f73e950d4
SEND 1553583346 TRANSACTION 208 17004
RECIEVED 1553583346 TRANSACTION 208 1 193
UPDATE 1553583346 TRANSACTION 29ca043be5fda438ec822ef840a00ba2
SEND 1553583346 TRANSACTION 208 23552
RECIEVED 1553583346 TRANSACTION 209 1 194
UPDATE 1553583346 TRANSACTION 50000294eabff244dd5f2de74fa1ed1f
SEND 1553583346 TRANSACTION 209 19643
RECIEVED 1553583346 HB 139 1 195
SEND 1553583346 PING 261 37969
# Listen attempt 1.
# json: cannot unmarshal object into Go struct field Node.Sock of type net.Conn
RECIEVED 1553583347 TRANSACTION 209 1 195
UPDATE 1553583347 TRANSACTION 45101ffbfe03130d95d9a1da5e5641ff
SEND 1553583347 TRANSACTION 209 16593
RECIEVED 1553583347 TRANSACTION 209 1 196
UPDATE 1553583347 TRANSACTION 8a4a6db368bb622ddd506df18b866389
SEND 1553583347 TRANSACTION 209 11440
RECIEVED 1553583347 TRANSACTION 209 1 197
UPDATE 1553583347 TRANSACTION a27b604354f2781608e280a7b655be22
SEND 1553583347 TRANSACTION 209 23531
RECIEVED 1553583347 HB 139 1 198
SEND 1553583347 PING 261 23008
RECIEVED 1553583347 TRANSACTION 209 1 198
UPDATE 1553583347 TRANSACTION 79db396adbcd286c83de01505734e4d8
SEND 1553583347 TRANSACTION 209 25057
RECIEVED 1553583348 TRANSACTION 209 1 199
UPDATE 1553583348 TRANSACTION fd11592029802e9ed3b22c1e285a3567
SEND 1553583348 TRANSACTION 209 24415
RECIEVED 1553583348 TRANSACTION 209 1 200
UPDATE 1553583348 TRANSACTION 7f86977230afb63bb7a8073823064253
SEND 1553583348 TRANSACTION 209 15817
# Listen attempt 1.
# json: cannot unmarshal object into Go struct field Node.Sock of type net.Conn
RECIEVED 1553583348 HB 139 1 201
SEND 1553583348 PING 261 29440
RECIEVED 1553583348 TRANSACTION 209 1 201
UPDATE 1553583348 TRANSACTION 716d9e981729002c8522056837c7a4bf
SEND 1553583348 TRANSACTION 209 18059
RECIEVED 1553583349 TRANSACTION 209 1 202
UPDATE 1553583349 TRANSACTION ba79c4ee619bdb81c0193f4d6133b85c
SEND 1553583349 TRANSACTION 209 18227
RECIEVED 1553583349 TRANSACTION 209 1 203
UPDATE 1553583349 TRANSACTION 6fd58d827998e81db59e1c6b0914f2b3
SEND 1553583349 TRANSACTION 209 22616
# Listen attempt 1.
# json: cannot unmarshal object into Go struct field Node.Sock of type net.Conn
RECIEVED 1553583349 HB 139 1 204
SEND 1553583349 PING 261 29788
RECIEVED 1553583350 TRANSACTION 209 1 204
UPDATE 1553583350 TRANSACTION 006b24b1eb3781ba6c068badca713c7b
SEND 1553583350 TRANSACTION 209 17033
RECIEVED 1553583350 TRANSACTION 209 1 205
UPDATE 1553583350 TRANSACTION d0b3273acca2402b4e61669febf9a6f8
SEND 1553583350 TRANSACTION 209 17355
RECIEVED 1553583350 TRANSACTION 209 1 206
UPDATE 1553583350 TRANSACTION 428dcad1cd2dcdb3ec4d2346fa04ebe2
SEND 1553583350 TRANSACTION 209 24044
RECIEVED 1553583350 TRANSACTION 209 1 207
UPDATE 1553583350 TRANSACTION 0407f0c01897b28fc1a5e670451f5436
SEND 1553583350 TRANSACTION 209 20455
# Listen attempt 1.
# json: cannot unmarshal object into Go struct field Node.Sock of type net.Conn
RECIEVED 1553583350 TRANSACTION 209 1 208
UPDATE 1553583350 TRANSACTION 49fa20de4a67ad8578008ca9bd8a0552
SEND 1553583350 TRANSACTION 209 19404
RECIEVED 1553583350 TRANSACTION 210 1 209
UPDATE 1553583350 TRANSACTION 3945bdb856ffd6428413b39d181f643c
SEND 1553583350 TRANSACTION 210 21559
RECIEVED 1553583350 HB 139 1 210
SEND 1553583350 PING 261 31514
RECIEVED 1553583350 TRANSACTION 209 1 210
UPDATE 1553583350 TRANSACTION 1f6ea63ba922bbd5ce72651e13c3982a
SEND 1553583350 TRANSACTION 209 42767
RECIEVED 1553583351 TRANSACTION 209 1 211
UPDATE 1553583351 TRANSACTION 09407b0853e9dc76d1aa44c7e4ecd3c2
SEND 1553583351 TRANSACTION 209 23303
# Listen attempt 1.
# json: cannot unmarshal object into Go struct field Node.Sock of type net.Conn
RECIEVED 1553583351 HB 139 1 212
SEND 1553583351 PING 261 32966
RECIEVED 1553583352 TRANSACTION 209 1 212
UPDATE 1553583352 TRANSACTION cfe2023dbe92dea3803a357d2385eac9
SEND 1553583352 TRANSACTION 209 17142
# Listen attempt 1.
# json: cannot unmarshal object into Go struct field Node.Sock of type net.Conn
RECIEVED 1553583353 HB 139 1 213
SEND 1553583353 PING 261 38202
RECIEVED 1553583353 TRANSACTION 209 1 213
UPDATE 1553583353 TRANSACTION 47a5d403a162808869fb4096163ec75b
SEND 1553583353 TRANSACTION 209 13608
# Listen attempt 1.
# json: cannot unmarshal object into Go struct field Node.Sock of type net.Conn
RECIEVED 1553583353 TRANSACTION 209 1 214
UPDATE 1553583353 TRANSACTION cb8fdcffd9d4ee20e1d6adbfa4b29a41
SEND 1553583353 TRANSACTION 209 19037
RECIEVED 1553583354 HB 139 1 215
SEND 1553583354 PING 261 43531
RECIEVED 1553583354 TRANSACTION 209 1 215
UPDATE 1553583354 TRANSACTION b5c3846297450e693b0cd7f4f7639cee
SEND 1553583354 TRANSACTION 209 18435
RECIEVED 1553583354 TRANSACTION 209 1 216
UPDATE 1553583354 TRANSACTION a85bde523ae5f7998937664137323dfb
SEND 1553583354 TRANSACTION 209 16993
# Listen attempt 1.
# json: cannot unmarshal object into Go struct field Node.Sock of type net.Conn
RECIEVED 1553583354 TRANSACTION 209 1 217
UPDATE 1553583354 TRANSACTION 0f543f2ed8482bbf6e51edb34aa7d6a7
SEND 1553583354 TRANSACTION 209 14556
RECIEVED 1553583354 TRANSACTION 209 1 218
UPDATE 1553583354 TRANSACTION b49c9cb4f735e700e9dcf2d69b70bb7d
SEND 1553583354 TRANSACTION 209 17662
RECIEVED 1553583355 HB 139 1 219
SEND 1553583355 PING 261 47299
# Listen attempt 1.
# json: cannot unmarshal object into Go struct field Node.Sock of type net.Conn
RECIEVED 1553583356 HB 139 1 219
SEND 1553583356 PING 261 38503
# Listen attempt 1.
# json: cannot unmarshal object into Go struct field Node.Sock of type net.Conn
RECIEVED 1553583356 TRANSACTION 209 1 219
UPDATE 1553583356 TRANSACTION 19d7260faa9732ce92c6867743e4cde8
SEND 1553583356 TRANSACTION 209 16340
RECIEVED 1553583357 HB 139 1 220
SEND 1553583357 PING 261 50079
RECIEVED 1553583357 TRANSACTION 210 1 220
UPDATE 1553583357 TRANSACTION 04b1d1d70b31ee7d2d9915c47cd4d362
SEND 1553583357 TRANSACTION 210 30721
RECIEVED 1553583357 TRANSACTION 206 1 221
UPDATE 1553583357 TRANSACTION f54e5d14f31d801712060446039997b2
SEND 1553583357 TRANSACTION 206 16272
# Listen attempt 1.
# json: cannot unmarshal object into Go struct field Node.Sock of type net.Conn
RECIEVED 1553583357 TRANSACTION 208 1 222
UPDATE 1553583357 TRANSACTION 9a9d72f47c3398317337bf20c7ef1918
SEND 1553583357 TRANSACTION 208 23081
RECIEVED 1553583358 TRANSACTION 208 1 223
UPDATE 1553583358 TRANSACTION 369a99a820516a99728fa3934d279851
SEND 1553583358 TRANSACTION 208 40239
RECIEVED 1553583358 HB 139 1 224
SEND 1553583358 PING 261 24780
RECIEVED 1553583358 TRANSACTION 209 1 224
UPDATE 1553583358 TRANSACTION e35e61fb500894377964b7c73875091f
SEND 1553583358 TRANSACTION 209 25230
# Listen attempt 1.
# json: cannot unmarshal object into Go struct field Node.Sock of type net.Conn
RECIEVED 1553583358 TRANSACTION 209 1 225
UPDATE 1553583358 TRANSACTION 5eb27431bdf92d8252d0e989a5f5765e
SEND 1553583358 TRANSACTION 209 17851
RECIEVED 1553583358 TRANSACTION 209 1 226
UPDATE 1553583358 TRANSACTION 297dfe46150f849b74cf58a7fabb944e
SEND 1553583358 TRANSACTION 209 18340
RECIEVED 1553583359 HB 139 1 227
SEND 1553583359 PING 261 46307
RECIEVED 1553583359 TRANSACTION 210 1 227
UPDATE 1553583359 TRANSACTION f63ae04036155c00fd0d195355d1c362
SEND 1553583359 TRANSACTION 210 17955
RECIEVED 1553583359 TRANSACTION 209 1 228
UPDATE 1553583359 TRANSACTION 5f91f6a8d616a4cbfe0e69d43131a9ab
SEND 1553583359 TRANSACTION 209 17184
# Listen attempt 1.
# json: cannot unmarshal object into Go struct field Node.Sock of type net.Conn
RECIEVED 1553583359 TRANSACTION 209 1 229
UPDATE 1553583359 TRANSACTION 906a50512ba135923d4e75125f855496
SEND 1553583359 TRANSACTION 209 18067
RECIEVED 1553583360 HB 139 1 230
SEND 1553583360 PING 261 45909
RECIEVED 1553583360 TRANSACTION 211 1 230
UPDATE 1553583360 TRANSACTION b191a50a418971501bd0f72d8f670768
SEND 1553583360 TRANSACTION 211 39861
# Listen attempt 1.
# json: cannot unmarshal object into Go struct field Node.Sock of type net.Conn
RECIEVED 1553583361 TRANSACTION 209 1 231
UPDATE 1553583361 TRANSACTION 84222a168992adfb8d7ed5e08603f7c4
SEND 1553583361 TRANSACTION 209 34204
RECIEVED 1553583361 HB 139 1 232
SEND 1553583361 PING 261 17597
RECIEVED 1553583361 TRANSACTION 209 1 232
UPDATE 1553583361 TRANSACTION 2e9565b7eddfa210ec0765561b3422ff
SEND 1553583361 TRANSACTION 209 26770
RECIEVED 1553583361 TRANSACTION 209 1 233
UPDATE 1553583361 TRANSACTION c9d09964b295ee54e404c58c00faec85
SEND 1553583361 TRANSACTION 209 18508
RECIEVED 1553583361 TRANSACTION 209 1 234
UPDATE 1553583361 TRANSACTION a3265d9494f36b1cdfdfe46f3f774f88
SEND 1553583361 TRANSACTION 209 17395
# Listen attempt 1.
# json: cannot unmarshal object into Go struct field Node.Sock of type net.Conn
RECIEVED 1553583362 TRANSACTION 209 1 235
UPDATE 1553583362 TRANSACTION 48e1ec0b5990c41acad387d0045cbea3
SEND 1553583362 TRANSACTION 209 17455
RECIEVED 1553583362 TRANSACTION 209 1 236
UPDATE 1553583362 TRANSACTION fc7d68d23489bf1dbb3d20ba66bbc0a7
SEND 1553583362 TRANSACTION 209 47354
RECIEVED 1553583362 TRANSACTION 209 1 237
UPDATE 1553583362 TRANSACTION 8df75b5d69fd98ffc51de04e6a05e433
SEND 1553583362 TRANSACTION 209 23793
RECIEVED 1553583362 HB 139 1 238
SEND 1553583362 PING 261 27423
RECIEVED 1553583362 TRANSACTION 209 1 238
UPDATE 1553583362 TRANSACTION 73846f440e0d3aab980c5584b4244aee
SEND 1553583362 TRANSACTION 209 17661
RECIEVED 1553583362 TRANSACTION 209 1 239
UPDATE 1553583362 TRANSACTION dc7f1075f2e353d13f657be495875fda
SEND 1553583362 TRANSACTION 209 25247
RECIEVED 1553583362 TRANSACTION 209 1 240
UPDATE 1553583362 TRANSACTION b870aa9cd007e925f6e6f76ea90af5c7
SEND 1553583362 TRANSACTION 209 23823
# Listen attempt 1.
# json: cannot unmarshal object into Go struct field Node.Sock of type net.Conn
RECIEVED 1553583363 TRANSACTION 209 1 241
UPDATE 1553583363 TRANSACTION e2184b0603a920259dda1e692f47b558
SEND 1553583363 TRANSACTION 209 23284
RECIEVED 1553583363 HB 139 1 242
SEND 1553583363 PING 261 46302
RECIEVED 1553583363 TRANSACTION 209 1 242
UPDATE 1553583363 TRANSACTION 1050cdc6fb83f75b9380784f6365fa05
SEND 1553583363 TRANSACTION 209 46343
RECIEVED 1553583363 TRANSACTION 208 1 243
UPDATE 1553583363 TRANSACTION 2f492f89784a0543aa2b26fed9f0af5b
SEND 1553583363 TRANSACTION 208 24991
# Listen attempt 1.
# json: cannot unmarshal object into Go struct field Node.Sock of type net.Conn
RECIEVED 1553583364 TRANSACTION 209 1 244
UPDATE 1553583364 TRANSACTION abcb42d1b82e3a6e94e318db3962e2f3
SEND 1553583364 TRANSACTION 209 17093
RECIEVED 1553583364 HB 139 1 245
SEND 1553583364 PING 261 39677
RECIEVED 1553583364 TRANSACTION 207 1 245
UPDATE 1553583364 TRANSACTION 12b78f08385e943433fb347c6e8397ce
SEND 1553583364 TRANSACTION 207 17185
RECIEVED 1553583364 TRANSACTION 209 1 246
UPDATE 1553583364 TRANSACTION e4c9f579ca5ad70c70f8b04134e46425
SEND 1553583364 TRANSACTION 209 16766
RECIEVED 1553583364 TRANSACTION 209 1 247
UPDATE 1553583364 TRANSACTION c54f4d73162bef6f50e0dd222fd344f9
SEND 1553583364 TRANSACTION 209 18282
# Listen attempt 1.
# json: cannot unmarshal object into Go struct field Node.Sock of type net.Conn
RECIEVED 1553583365 TRANSACTION 209 1 248
UPDATE 1553583365 TRANSACTION f76be917f3b8a67c3dec717a813cea7c
SEND 1553583365 TRANSACTION 209 23890
RECIEVED 1553583365 TRANSACTION 208 1 249
UPDATE 1553583365 TRANSACTION 0eb62d3b5bedc0e50ba167ccbdf3597b
SEND 1553583365 TRANSACTION 208 18190
RECIEVED 1553583365 HB 139 1 250
SEND 1553583365 PING 261 125872
RECIEVED 1553583365 TRANSACTION 209 1 250
UPDATE 1553583365 TRANSACTION 303cbe15dfac70d061522533fa6ee6c7
SEND 1553583365 TRANSACTION 209 46927
RECIEVED 1553583365 TRANSACTION 210 1 251
UPDATE 1553583365 TRANSACTION 7969d8502612976181a4105f7ce29b55
SEND 1553583365 TRANSACTION 210 21680
RECIEVED 1553583365 TRANSACTION 208 1 252
UPDATE 1553583365 TRANSACTION 5c00e2f09d236a34d30a029d2d89be6f
SEND 1553583365 TRANSACTION 208 17757
RECIEVED 1553583365 TRANSACTION 210 1 253
UPDATE 1553583365 TRANSACTION 2e157c85f5b02a63dd9d456923f27047
SEND 1553583365 TRANSACTION 210 18639
# Listen attempt 1.
# json: cannot unmarshal object into Go struct field Node.Sock of type net.Conn
RECIEVED 1553583366 HB 139 1 254
SEND 1553583366 PING 261 43103
RECIEVED 1553583366 TRANSACTION 209 1 254
UPDATE 1553583366 TRANSACTION 8b073ea36681ce01fca496287634e4b1
SEND 1553583366 TRANSACTION 209 17002
# Listen attempt 1.
# json: cannot unmarshal object into Go struct field Node.Sock of type net.Conn
RECIEVED 1553583367 HB 139 1 255
SEND 1553583367 PING 261 48444
RECIEVED 1553583367 TRANSACTION 209 1 255
UPDATE 1553583367 TRANSACTION 4fd2d9bff733203056f7103baf0132dc
SEND 1553583367 TRANSACTION 209 17152
RECIEVED 1553583367 TRANSACTION 208 1 256
UPDATE 1553583367 TRANSACTION 740cc921210fc41b4ad7647468189e44
SEND 1553583367 TRANSACTION 208 18198
RECIEVED 1553583367 TRANSACTION 209 1 257
UPDATE 1553583367 TRANSACTION 11c83c7938123142096e8ae3a63517a6
SEND 1553583367 TRANSACTION 209 23710
# Listen attempt 1.
# json: cannot unmarshal object into Go struct field Node.Sock of type net.Conn
RECIEVED 1553583368 HB 139 1 258
SEND 1553583368 PING 261 38927
RECIEVED 1553583368 TRANSACTION 209 1 258
UPDATE 1553583368 TRANSACTION a79e8d613a67e5c11797886f7d0bd73a
SEND 1553583368 TRANSACTION 209 17583
RECIEVED 1553583368 TRANSACTION 209 1 259
UPDATE 1553583368 TRANSACTION 2492ac870a5bdde6ae4e6b54bfd0faa3
SEND 1553583368 TRANSACTION 209 17986
# Listen attempt 1.
# json: cannot unmarshal object into Go struct field Node.Sock of type net.Conn
RECIEVED 1553583370 HB 139 1 260
SEND 1553583370 PING 261 26841
RECIEVED 1553583370 TRANSACTION 209 1 260
UPDATE 1553583370 TRANSACTION 190aba0f494e84052c7a1ba43a7d0069
SEND 1553583370 TRANSACTION 209 13023
RECIEVED 1553583370 TRANSACTION 209 1 261
UPDATE 1553583370 TRANSACTION 6477f5edbc9c4e79848f0261fabc7d50
SEND 1553583370 TRANSACTION 209 19673
RECIEVED 1553583370 TRANSACTION 209 1 262
UPDATE 1553583370 TRANSACTION 1a2e77610ee84729f3c8c0888d7cf9f4
SEND 1553583370 TRANSACTION 209 11377
# Listen attempt 1.
# json: cannot unmarshal object into Go struct field Node.Sock of type net.Conn
RECIEVED 1553583370 TRANSACTION 209 1 263
UPDATE 1553583370 TRANSACTION 91bc1142cfee2978712473145942a87a
SEND 1553583370 TRANSACTION 209 21949
RECIEVED 1553583370 TRANSACTION 209 1 264
UPDATE 1553583370 TRANSACTION b2a3e063452d8932382df358649470b7
SEND 1553583370 TRANSACTION 209 11551
RECIEVED 1553583370 TRANSACTION 209 1 265
UPDATE 1553583370 TRANSACTION 055f450f8e11fe8fcee648cb1f56bb62
SEND 1553583370 TRANSACTION 209 22446
RECIEVED 1553583370 TRANSACTION 210 1 266
UPDATE 1553583370 TRANSACTION b18fec96382b8fd44e1e3da8e3c3f21f
SEND 1553583370 TRANSACTION 210 22835
# Listen attempt 1.
# json: cannot unmarshal object into Go struct field Node.Sock of type net.Conn
RECIEVED 1553583371 TRANSACTION 209 1 267
UPDATE 1553583371 TRANSACTION 2f7f9d9cc17d8da8245f1a2205a43f19
SEND 1553583371 TRANSACTION 209 22939
RECIEVED 1553583371 TRANSACTION 210 1 268
UPDATE 1553583371 TRANSACTION 970232e26c54bd0303eeee6d3621f3ff
SEND 1553583371 TRANSACTION 210 17846
RECIEVED 1553583371 HB 139 1 269
SEND 1553583371 PING 261 44847
# Listen attempt 1.
# json: cannot unmarshal object into Go struct field Node.Sock of type net.Conn
RECIEVED 1553583372 TRANSACTION 209 1 269
UPDATE 1553583372 TRANSACTION b4c6ded397726dcf1e02ea56a97c2157
SEND 1553583372 TRANSACTION 209 17346
RECIEVED 1553583372 TRANSACTION 208 1 270
UPDATE 1553583372 TRANSACTION 27aaca7b04d6c5fbc9b13ed6a61f144f
SEND 1553583372 TRANSACTION 208 17074
RECIEVED 1553583372 HB 139 1 271
SEND 1553583372 PING 261 61755
RECIEVED 1553583372 TRANSACTION 209 1 271
UPDATE 1553583372 TRANSACTION 5857d07d0b9bb69a16f2b99e3f9a1903
SEND 1553583372 TRANSACTION 209 15610
RECIEVED 1553583372 TRANSACTION 209 1 272
UPDATE 1553583372 TRANSACTION c7628b029edc8ee83ec186c30e2979a6
SEND 1553583372 TRANSACTION 209 24185
RECIEVED 1553583372 TRANSACTION 207 1 273
UPDATE 1553583372 TRANSACTION 3cdd19185be4efb26fb9d007b43e37bd
SEND 1553583372 TRANSACTION 207 15243
# Listen attempt 1.
# json: cannot unmarshal object into Go struct field Node.Sock of type net.Conn
RECIEVED 1553583373 TRANSACTION 208 1 274
UPDATE 1553583373 TRANSACTION 9e15ac12c377702e0e41b8235534a388
SEND 1553583373 TRANSACTION 208 16790
RECIEVED 1553583373 TRANSACTION 209 1 275
UPDATE 1553583373 TRANSACTION 025f4cd399e3ffb3b8d39051f21429d2
SEND 1553583373 TRANSACTION 209 17553
RECIEVED 1553583373 HB 139 1 276
SEND 1553583373 PING 261 25399
RECIEVED 1553583373 TRANSACTION 208 1 276
UPDATE 1553583373 TRANSACTION aa9d1482bd1fc38c7a8b5af0a60e5dc6
SEND 1553583373 TRANSACTION 208 18444
# Listen attempt 1.
# json: cannot unmarshal object into Go struct field Node.Sock of type net.Conn
RECIEVED 1553583374 TRANSACTION 208 1 277
UPDATE 1553583374 TRANSACTION 70735f135f68386cd1a066ff1df38e35
SEND 1553583374 TRANSACTION 208 17010
RECIEVED 1553583374 TRANSACTION 209 1 278
UPDATE 1553583374 TRANSACTION 74ea5b3b25e62d7bbe7e7da5388bb8c3
SEND 1553583374 TRANSACTION 209 18651
RECIEVED 1553583374 HB 139 1 279
SEND 1553583374 PING 261 26653
RECIEVED 1553583374 TRANSACTION 209 1 279
UPDATE 1553583374 TRANSACTION 32ad02fdc72aea2e869ee01c48cc5c22
SEND 1553583374 TRANSACTION 209 18119
RECIEVED 1553583374 TRANSACTION 209 1 280
UPDATE 1553583374 TRANSACTION 4d32393505e49963c4419ad5e304d820
SEND 1553583374 TRANSACTION 209 16251
# Listen attempt 1.
# json: cannot unmarshal object into Go struct field Node.Sock of type net.Conn
RECIEVED 1553583375 TRANSACTION 209 1 281
UPDATE 1553583375 TRANSACTION bbf89e1cd2bacb1c5e740b85b2fa5b7b
SEND 1553583375 TRANSACTION 209 24327
RECIEVED 1553583375 TRANSACTION 209 1 282
UPDATE 1553583375 TRANSACTION 661825de0792990af392af1bafb4c5e5
SEND 1553583375 TRANSACTION 209 16762
RECIEVED 1553583375 HB 139 1 283
SEND 1553583375 PING 261 41912
# Listen attempt 1.
# json: cannot unmarshal object into Go struct field Node.Sock of type net.Conn
RECIEVED 1553583376 TRANSACTION 209 1 283
UPDATE 1553583376 TRANSACTION 48af7d6da775baf257e35e57af1e94b2
SEND 1553583376 TRANSACTION 209 17458
RECIEVED 1553583376 TRANSACTION 210 1 284
UPDATE 1553583376 TRANSACTION c80c9a975d13b34db6d5d24a22d8eed3
SEND 1553583376 TRANSACTION 210 18611
RECIEVED 1553583376 HB 139 1 285
SEND 1553583376 PING 261 31930
RECIEVED 1553583376 TRANSACTION 209 1 285
UPDATE 1553583376 TRANSACTION 188d3598e4e5af32f5a453dc6f4150a3
SEND 1553583376 TRANSACTION 209 24090
# Listen attempt 1.
# json: cannot unmarshal object into Go struct field Node.Sock of type net.Conn
RECIEVED 1553583377 TRANSACTION 209 1 286
UPDATE 1553583377 TRANSACTION 7a3d9f5e759d236dc3c9b9b07fb457c1
SEND 1553583377 TRANSACTION 209 15855
RECIEVED 1553583377 HB 139 1 287
SEND 1553583377 PING 261 26200
# Listen attempt 1.
# json: cannot unmarshal object into Go struct field Node.Sock of type net.Conn
RECIEVED 1553583378 TRANSACTION 209 1 287
UPDATE 1553583378 TRANSACTION 7b614188711007934d69755276a7dce4
SEND 1553583378 TRANSACTION 209 17501
RECIEVED 1553583378 TRANSACTION 209 1 288
UPDATE 1553583378 TRANSACTION 8514e97a38f9344e9093036d85769b4b
SEND 1553583378 TRANSACTION 209 16443
RECIEVED 1553583378 TRANSACTION 209 1 289
UPDATE 1553583378 TRANSACTION 9f7270fa23f241f540df1c25a05c7c86
SEND 1553583378 TRANSACTION 209 18061
RECIEVED 1553583378 TRANSACTION 209 1 290
UPDATE 1553583378 TRANSACTION 2ad47cb2c1eac81ddcdf2a1ca0ec17f7
SEND 1553583378 TRANSACTION 209 25048
RECIEVED 1553583378 HB 139 1 291
SEND 1553583378 PING 261 31117
# Listen attempt 1.
# json: cannot unmarshal object into Go struct field Node.Sock of type net.Conn
RECIEVED 1553583379 TRANSACTION 209 1 291
UPDATE 1553583379 TRANSACTION 203bbe6a71502589ab98308f9620c739
SEND 1553583379 TRANSACTION 209 17080
RECIEVED 1553583379 TRANSACTION 209 1 292
UPDATE 1553583379 TRANSACTION 95a681d110d4ee635cf4b6c40624c336
SEND 1553583379 TRANSACTION 209 25619
RECIEVED 1553583379 TRANSACTION 209 1 293
RECIEVED 1553583379 TRANSACTION 210 1 293
UPDATE 1553583379 TRANSACTION c46810a72249d48551b95e90fbd8d51d
SEND 1553583379 TRANSACTION 210 22099
RECIEVED 1553583379 HB 139 1 294
SEND 1553583379 PING 261 39195
# Listen attempt 1.
# json: cannot unmarshal object into Go struct field Node.Sock of type net.Conn
RECIEVED 1553583380 TRANSACTION 209 1 294
UPDATE 1553583380 TRANSACTION 37a9feb4a1ac31b8c3408a03b8491ad1
SEND 1553583380 TRANSACTION 209 37081
RECIEVED 1553583380 TRANSACTION 208 1 295
UPDATE 1553583380 TRANSACTION f6510ff9d980b823f57a824da5c1f56e
SEND 1553583380 TRANSACTION 208 17370
RECIEVED 1553583380 TRANSACTION 208 1 296
UPDATE 1553583380 TRANSACTION 551af874c4459db0d891d25a3c08cb11
SEND 1553583380 TRANSACTION 208 47644
RECIEVED 1553583380 TRANSACTION 210 1 297
UPDATE 1553583380 TRANSACTION 217897a8919f5d13e0beacaadd51ab20
SEND 1553583380 TRANSACTION 210 16684
RECIEVED 1553583380 TRANSACTION 209 1 298
UPDATE 1553583380 TRANSACTION 68d734e8440ef13e6b7a96784ffe2216
SEND 1553583380 TRANSACTION 209 15968
RECIEVED 1553583380 HB 139 1 299
SEND 1553583380 PING 261 37226
# Listen attempt 1.
# json: cannot unmarshal object into Go struct field Node.Sock of type net.Conn
RECIEVED 1553583381 TRANSACTION 208 1 299
UPDATE 1553583381 TRANSACTION 56daf786ecd0465fe5cd27c5f88832e8
SEND 1553583381 TRANSACTION 208 16723
RECIEVED 1553583381 TRANSACTION 209 1 300
UPDATE 1553583381 TRANSACTION 0f3e933087a620edd7f03ea4b38e16d1
SEND 1553583381 TRANSACTION 209 53866
RECIEVED 1553583381 HB 139 1 301
SEND 1553583381 PING 261 26815
RECIEVED 1553583381 TRANSACTION 209 1 301
UPDATE 1553583381 TRANSACTION a324ffa52b6e987adc7a5f8610ff88d5
SEND 1553583381 TRANSACTION 209 17918
# Listen attempt 1.
# json: cannot unmarshal object into Go struct field Node.Sock of type net.Conn
RECIEVED 1553583382 TRANSACTION 209 1 302
UPDATE 1553583382 TRANSACTION c56342ecf72b90fc3dea0788ad4a6c92
SEND 1553583382 TRANSACTION 209 29225
RECIEVED 1553583382 TRANSACTION 209 1 303
RECIEVED 1553583382 HB 139 1 303
SEND 1553583382 PING 261 22498
# Listen attempt 1.
# json: cannot unmarshal object into Go struct field Node.Sock of type net.Conn
RECIEVED 1553583383 TRANSACTION 209 1 303
UPDATE 1553583383 TRANSACTION 20868b8929a2bcbb93a413f60b129cff
SEND 1553583383 TRANSACTION 209 17480
RECIEVED 1553583383 TRANSACTION 209 1 304
UPDATE 1553583383 TRANSACTION 7486e3df6013c4a792a4a416793204e1
SEND 1553583383 TRANSACTION 209 24387
RECIEVED 1553583383 TRANSACTION 209 1 305
UPDATE 1553583383 TRANSACTION 8d977e5bf99d91e00f7a5850a0d32905
SEND 1553583383 TRANSACTION 209 17419
RECIEVED 1553583383 HB 139 1 306
SEND 1553583383 PING 261 33283
# Listen attempt 1.
# json: cannot unmarshal object into Go struct field Node.Sock of type net.Conn
RECIEVED 1553583384 TRANSACTION 208 1 306
UPDATE 1553583384 TRANSACTION 65a64509289b914b30cb4b79afd3273d
SEND 1553583384 TRANSACTION 208 16581
RECIEVED 1553583384 TRANSACTION 209 1 307
UPDATE 1553583384 TRANSACTION 7a763ef9f5832d0e4578ae21f76ee22e
SEND 1553583384 TRANSACTION 209 19345
RECIEVED 1553583384 HB 139 1 308
SEND 1553583384 PING 261 27025
# Listen attempt 1.
# json: cannot unmarshal object into Go struct field Node.Sock of type net.Conn
RECIEVED 1553583385 TRANSACTION 206 1 308
UPDATE 1553583385 TRANSACTION d398575d9da7bb485b38c90dc5398925
SEND 1553583385 TRANSACTION 206 23096
RECIEVED 1553583385 TRANSACTION 208 1 309
UPDATE 1553583385 TRANSACTION 25e369ad97bf5c6c63476e4bb5200a60
SEND 1553583385 TRANSACTION 208 22899
RECIEVED 1553583385 TRANSACTION 209 1 310
UPDATE 1553583385 TRANSACTION 2f8289d1631aaaf33012fc9bac926607
SEND 1553583385 TRANSACTION 209 19499
RECIEVED 1553583385 TRANSACTION 209 1 311
UPDATE 1553583385 TRANSACTION f4ea4a14bbcd1b69f3d874cc936bba51
SEND 1553583385 TRANSACTION 209 18751
RECIEVED 1553583385 HB 139 1 312
SEND 1553583385 PING 261 22119
# Listen attempt 1.
# json: cannot unmarshal object into Go struct field Node.Sock of type net.Conn
RECIEVED 1553583386 TRANSACTION 209 1 312
UPDATE 1553583386 TRANSACTION e805e42508c8287b90a64c5fcd9bec10
SEND 1553583386 TRANSACTION 209 17696
RECIEVED 1553583386 TRANSACTION 209 1 313
UPDATE 1553583386 TRANSACTION 53464d0a3dbe4c343df11dc5025fc999
SEND 1553583386 TRANSACTION 209 18285
RECIEVED 1553583386 TRANSACTION 208 1 314
UPDATE 1553583386 TRANSACTION 4285e887a12feb44ceed9269fd53a6de
SEND 1553583386 TRANSACTION 208 17564
RECIEVED 1553583386 HB 139 1 315
SEND 1553583386 PING 261 24092
# Listen attempt 1.
# json: cannot unmarshal object into Go struct field Node.Sock of type net.Conn
RECIEVED 1553583387 TRANSACTION 209 1 315
UPDATE 1553583387 TRANSACTION 0d4ca0142d2ce7fd1d9791843accdbc7
SEND 1553583387 TRANSACTION 209 17541
RECIEVED 1553583387 TRANSACTION 209 1 316
UPDATE 1553583387 TRANSACTION 66ea50a5b56f84b3552d059fcdfb6c74
SEND 1553583387 TRANSACTION 209 16343
RECIEVED 1553583387 HB 139 1 317
SEND 1553583387 PING 261 26387
# Listen attempt 1.
# json: cannot unmarshal object into Go struct field Node.Sock of type net.Conn
RECIEVED 1553583388 TRANSACTION 209 1 317
UPDATE 1553583388 TRANSACTION 7052994c0c1a28c99b3d6dbcd0073512
SEND 1553583388 TRANSACTION 209 18385
RECIEVED 1553583388 TRANSACTION 209 1 318
UPDATE 1553583388 TRANSACTION 47f1420efa9957f2c73db9b0b9af6301
SEND 1553583388 TRANSACTION 209 16326
RECIEVED 1553583388 TRANSACTION 209 1 319
UPDATE 1553583388 TRANSACTION 49da73ce00eb172bbdd72b5946eb112d
SEND 1553583388 TRANSACTION 209 26295
RECIEVED 1553583388 TRANSACTION 209 1 320
UPDATE 1553583388 TRANSACTION d51fbd0caa54be50bfd747947f0afe07
SEND 1553583388 TRANSACTION 209 19208
RECIEVED 1553583388 HB 139 1 321
SEND 1553583388 PING 261 27096
# Listen attempt 1.
# json: cannot unmarshal object into Go struct field Node.Sock of type net.Conn
RECIEVED 1553583389 TRANSACTION 209 1 321
UPDATE 1553583389 TRANSACTION 627f0601a766e6a34663cc1aa13371fd
SEND 1553583389 TRANSACTION 209 25892
RECIEVED 1553583389 TRANSACTION 209 1 322
UPDATE 1553583389 TRANSACTION 5e210f6da969713899832e50cf56ec99
SEND 1553583389 TRANSACTION 209 18624
RECIEVED 1553583389 TRANSACTION 209 1 323
UPDATE 1553583389 TRANSACTION 68b0123241f2ab81658aa3587b715d48
SEND 1553583389 TRANSACTION 209 21896
RECIEVED 1553583389 TRANSACTION 209 1 324
UPDATE 1553583389 TRANSACTION f9ec3da0a48bd7e1a9f519bfe08dc0da
SEND 1553583389 TRANSACTION 209 19610
RECIEVED 1553583389 HB 139 1 325
SEND 1553583389 PING 261 26084
RECIEVED 1553583389 TRANSACTION 209 1 325
UPDATE 1553583389 TRANSACTION f24712568adad438ba8791c90e8bf0d5
SEND 1553583389 TRANSACTION 209 15960
# Listen attempt 1.
# json: cannot unmarshal object into Go struct field Node.Sock of type net.Conn
RECIEVED 1553583390 TRANSACTION 210 1 326
UPDATE 1553583390 TRANSACTION 179d6d5f2b2c83c300c7fd07580ae672
SEND 1553583390 TRANSACTION 210 33013
RECIEVED 1553583390 TRANSACTION 210 1 327
RECIEVED 1553583390 HB 139 1 327
SEND 1553583390 PING 261 37550
RECIEVED 1553583391 HB 139 1 327
SEND 1553583391 PING 261 23948
# Listen attempt 1.
# json: cannot unmarshal object into Go struct field Node.Sock of type net.Conn
RECIEVED 1553583391 TRANSACTION 209 1 327
UPDATE 1553583391 TRANSACTION 7130c5b50e748848dea84e43f8369418
SEND 1553583391 TRANSACTION 209 15763
RECIEVED 1553583391 TRANSACTION 208 1 328
UPDATE 1553583391 TRANSACTION 74c88a99063335f7ca56350d7cc44c5e
SEND 1553583391 TRANSACTION 208 15830
RECIEVED 1553583391 TRANSACTION 208 1 329
UPDATE 1553583391 TRANSACTION ca4417aa6475aad27e8326a52a2e1125
SEND 1553583391 TRANSACTION 208 16660
RECIEVED 1553583392 TRANSACTION 208 1 330
UPDATE 1553583392 TRANSACTION e664a1b58b49801aae6c6ae23d0bd710
SEND 1553583392 TRANSACTION 208 33599
RECIEVED 1553583392 TRANSACTION 208 1 331
UPDATE 1553583392 TRANSACTION 40b34c0cfb06a9cd9609f1104c163400
SEND 1553583392 TRANSACTION 208 18588
RECIEVED 1553583392 TRANSACTION 209 1 332
UPDATE 1553583392 TRANSACTION faf5627f7996069befee503085b3116e
SEND 1553583392 TRANSACTION 209 23157
RECIEVED 1553583392 TRANSACTION 209 1 333
UPDATE 1553583392 TRANSACTION e799a149796d37fae392d4a23702730b
SEND 1553583392 TRANSACTION 209 24447
RECIEVED 1553583392 HB 139 1 334
SEND 1553583392 PING 261 27571
RECIEVED 1553583392 TRANSACTION 209 1 334
UPDATE 1553583392 TRANSACTION 4611912d4846443e3f2dee795d992153
SEND 1553583392 TRANSACTION 209 18954
RECIEVED 1553583393 HB 139 1 335
SEND 1553583393 PING 261 24280
# Listen attempt 1.
# json: cannot unmarshal object into Go struct field Node.Sock of type net.Conn
RECIEVED 1553583394 TRANSACTION 209 1 335
UPDATE 1553583394 TRANSACTION a3d7dc843d64460b528a7aab3f4ec980
SEND 1553583394 TRANSACTION 209 19907
RECIEVED 1553583394 TRANSACTION 207 1 336
UPDATE 1553583394 TRANSACTION cbafb2725a0873c30eefde72a1bdc57f
SEND 1553583394 TRANSACTION 207 17698
RECIEVED 1553583394 TRANSACTION 209 1 337
UPDATE 1553583394 TRANSACTION 3ac03e9f736d8e4663507a8fb62cbc1e
SEND 1553583394 TRANSACTION 209 12375
RECIEVED 1553583394 TRANSACTION 209 1 338
UPDATE 1553583394 TRANSACTION 85a6f9a4ad2e1c1de4655e8d2e38754f
SEND 1553583394 TRANSACTION 209 9882
RECIEVED 1553583394 TRANSACTION 209 1 339
UPDATE 1553583394 TRANSACTION 317b37423221029c38eee26ab7b2fe68
SEND 1553583394 TRANSACTION 209 30978
RECIEVED 1553583394 TRANSACTION 210 1 340
UPDATE 1553583394 TRANSACTION 1162a45e93e7384e42d24179e16c9df0
SEND 1553583394 TRANSACTION 210 10002
RECIEVED 1553583394 TRANSACTION 209 1 341
UPDATE 1553583394 TRANSACTION 7b67dabbc226d828d7d57f33af472638
SEND 1553583394 TRANSACTION 209 19064
RECIEVED 1553583394 TRANSACTION 207 1 342
UPDATE 1553583394 TRANSACTION 8a93d70832d65105789f51d0796de6b3
SEND 1553583394 TRANSACTION 207 18779
RECIEVED 1553583394 TRANSACTION 209 1 343
UPDATE 1553583394 TRANSACTION 23dbfc7856555db8accd78c4a3cc086e
SEND 1553583394 TRANSACTION 209 25610
RECIEVED 1553583394 HB 139 1 344
SEND 1553583394 PING 261 29942
RECIEVED 1553583395 TRANSACTION 210 1 344
UPDATE 1553583395 TRANSACTION fdc2751918bcc5c312aa5a49ebee153f
SEND 1553583395 TRANSACTION 210 16653
# Listen attempt 1.
# json: cannot unmarshal object into Go struct field Node.Sock of type net.Conn
RECIEVED 1553583395 TRANSACTION 209 1 345
UPDATE 1553583395 TRANSACTION 7273de8bceb6a5f0ef871ca644d2cc49
SEND 1553583395 TRANSACTION 209 36385
RECIEVED 1553583395 TRANSACTION 209 1 346
UPDATE 1553583395 TRANSACTION d731a6c5ac7b22e7e58969873bc1ae74
SEND 1553583395 TRANSACTION 209 18141
RECIEVED 1553583395 TRANSACTION 209 1 347
UPDATE 1553583395 TRANSACTION 53a4ef3c2458dceae3ac85dee424ad22
SEND 1553583395 TRANSACTION 209 23993
RECIEVED 1553583395 HB 139 1 348
SEND 1553583395 PING 261 31171
# Listen attempt 1.
# json: cannot unmarshal object into Go struct field Node.Sock of type net.Conn
RECIEVED 1553583396 HB 139 1 348
SEND 1553583396 PING 261 25028
# Listen attempt 1.
# json: cannot unmarshal object into Go struct field Node.Sock of type net.Conn
RECIEVED 1553583397 HB 139 1 348
SEND 1553583397 PING 261 25375
RECIEVED 1553583397 TRANSACTION 210 1 348
UPDATE 1553583397 TRANSACTION dc6b8562b0f072e0cdb25fdeffc0d0a5
SEND 1553583397 TRANSACTION 210 16275
RECIEVED 1553583398 TRANSACTION 208 1 349
UPDATE 1553583398 TRANSACTION f43633b8374948f0568f5a8bb2e5a527
SEND 1553583398 TRANSACTION 208 17241
RECIEVED 1553583398 TRANSACTION 208 1 350
UPDATE 1553583398 TRANSACTION b9d4f8ab7ba0393afef14410767c4371
SEND 1553583398 TRANSACTION 208 18917
# Listen attempt 1.
# json: cannot unmarshal object into Go struct field Node.Sock of type net.Conn
RECIEVED 1553583398 TRANSACTION 209 1 351
UPDATE 1553583398 TRANSACTION 446e700c045ef66596acacc219b93a96
SEND 1553583398 TRANSACTION 209 12522
RECIEVED 1553583398 HB 139 1 352
SEND 1553583398 PING 261 31395
RECIEVED 1553583399 TRANSACTION 210 1 352
UPDATE 1553583399 TRANSACTION fa3491fb040a47d49b90979c6cdbdece
SEND 1553583399 TRANSACTION 210 17666
# Listen attempt 1.
# json: cannot unmarshal object into Go struct field Node.Sock of type net.Conn
RECIEVED 1553583399 TRANSACTION 209 1 353
UPDATE 1553583399 TRANSACTION 2d33d97bfcb1844ededdfed9445c67a2
SEND 1553583399 TRANSACTION 209 17706
RECIEVED 1553583399 HB 139 1 354
SEND 1553583399 PING 261 32384
# Listen attempt 1.
# json: cannot unmarshal object into Go struct field Node.Sock of type net.Conn
RECIEVED 1553583400 HB 139 1 354
SEND 1553583400 PING 261 30775
# Listen attempt 1.
# json: cannot unmarshal object into Go struct field Node.Sock of type net.Conn
RECIEVED 1553583401 HB 139 1 354
SEND 1553583401 PING 261 30485
# Listen attempt 1.
# json: cannot unmarshal object into Go struct field Node.Sock of type net.Conn
RECIEVED 1553583402 HB 139 1 354
SEND 1553583402 PING 261 32201
RECIEVED 1553583403 TRANSACTION 209 1 354
UPDATE 1553583403 TRANSACTION 7589b7442623a84efe2d5610ea6ad981
SEND 1553583403 TRANSACTION 209 16949
# Listen attempt 1.
# json: cannot unmarshal object into Go struct field Node.Sock of type net.Conn
RECIEVED 1553583403 HB 139 1 355
SEND 1553583403 PING 261 27604
RECIEVED 1553583403 TRANSACTION 209 1 355
UPDATE 1553583403 TRANSACTION c566e437d1ebe5484cad68a10d071abf
SEND 1553583403 TRANSACTION 209 20930
# Listen attempt 1.
# json: cannot unmarshal object into Go struct field Node.Sock of type net.Conn
RECIEVED 1553583404 HB 139 1 356
SEND 1553583404 PING 261 25265
RECIEVED 1553583404 TRANSACTION 210 1 356
UPDATE 1553583404 TRANSACTION 4800ec16020b74345f96156b9842d187
SEND 1553583404 TRANSACTION 210 16419
# Listen attempt 1.
# json: cannot unmarshal object into Go struct field Node.Sock of type net.Conn
RECIEVED 1553583405 HB 139 1 357
SEND 1553583405 PING 261 34781
RECIEVED 1553583405 TRANSACTION 209 1 357
UPDATE 1553583405 TRANSACTION 4843dd4eb8274b6efafef6ed5ce4912d
SEND 1553583405 TRANSACTION 209 18458
# Listen attempt 1.
# json: cannot unmarshal object into Go struct field Node.Sock of type net.Conn
RECIEVED 1553583406 HB 139 1 358
SEND 1553583406 PING 261 32021
# Listen attempt 1.
# json: cannot unmarshal object into Go struct field Node.Sock of type net.Conn
RECIEVED 1553583407 HB 139 1 358
SEND 1553583407 PING 261 25074
RECIEVED 1553583408 TRANSACTION 208 1 358
UPDATE 1553583408 TRANSACTION 6340925353f3dafd4667b02f1ab9b162
SEND 1553583408 TRANSACTION 208 22739
# Listen attempt 1.
# json: cannot unmarshal object into Go struct field Node.Sock of type net.Conn
RECIEVED 1553583408 HB 139 1 359
SEND 1553583408 PING 261 30271
RECIEVED 1553583409 TRANSACTION 209 1 359
UPDATE 1553583409 TRANSACTION 479edfab4acb4c6c2f1bb8d5d717aa2d
SEND 1553583409 TRANSACTION 209 22286
# Listen attempt 1.
# json: cannot unmarshal object into Go struct field Node.Sock of type net.Conn
RECIEVED 1553583409 HB 139 1 360
SEND 1553583409 PING 261 26086
RECIEVED 1553583410 TRANSACTION 210 1 360
UPDATE 1553583410 TRANSACTION 6bdc0874e70ac12532c8800d2e537e05
SEND 1553583410 TRANSACTION 210 16997
# Listen attempt 1.
# json: cannot unmarshal object into Go struct field Node.Sock of type net.Conn
RECIEVED 1553583410 HB 139 1 361
SEND 1553583410 PING 261 24596
# Listen attempt 1.
# json: cannot unmarshal object into Go struct field Node.Sock of type net.Conn
RECIEVED 1553583411 HB 139 1 361
SEND 1553583411 PING 261 32488
# Listen attempt 1.
# json: cannot unmarshal object into Go struct field Node.Sock of type net.Conn
RECIEVED 1553583412 HB 139 1 361
SEND 1553583412 PING 261 24408
RECIEVED 1553583412 TRANSACTION 209 1 361
UPDATE 1553583412 TRANSACTION 92dc2f3842fe04c1d045bd09ba0847f8
SEND 1553583412 TRANSACTION 209 27516
RECIEVED 1553583412 TRANSACTION 209 1 362
# Listen attempt 1.
# json: cannot unmarshal object into Go struct field Node.Sock of type net.Conn
RECIEVED 1553583413 TRANSACTION 209 1 362
UPDATE 1553583413 TRANSACTION 657b8cbf8d5f07975b8310cb4748d751
SEND 1553583413 TRANSACTION 209 13938
RECIEVED 1553583413 TRANSACTION 209 1 363
UPDATE 1553583413 TRANSACTION 09eb39bf325dae9d2a76fd1e992259c9
SEND 1553583413 TRANSACTION 209 17678
RECIEVED 1553583413 TRANSACTION 209 1 364
UPDATE 1553583413 TRANSACTION e3826825526200a7c2f63694a18ba1c8
SEND 1553583413 TRANSACTION 209 23007
RECIEVED 1553583413 HB 139 1 365
SEND 1553583413 PING 261 30718
# Listen attempt 1.
# json: cannot unmarshal object into Go struct field Node.Sock of type net.Conn
RECIEVED 1553583414 TRANSACTION 209 1 365
UPDATE 1553583414 TRANSACTION 428d89036890edd5032041d5de5dd0ec
SEND 1553583414 TRANSACTION 209 17003
RECIEVED 1553583414 HB 139 1 366
SEND 1553583414 PING 261 32002
RECIEVED 1553583415 TRANSACTION 209 1 366
UPDATE 1553583415 TRANSACTION 1581e4565553f592142b3251b1877fad
SEND 1553583415 TRANSACTION 209 18902
# Listen attempt 1.
# json: cannot unmarshal object into Go struct field Node.Sock of type net.Conn
RECIEVED 1553583415 HB 139 1 367
SEND 1553583415 PING 261 23977
# Listen attempt 1.
# json: cannot unmarshal object into Go struct field Node.Sock of type net.Conn
RECIEVED 1553583416 TRANSACTION 208 1 367
UPDATE 1553583416 TRANSACTION 983ee492a2f41fe5f8113fa597a60579
SEND 1553583416 TRANSACTION 208 15839
RECIEVED 1553583416 HB 139 1 368
SEND 1553583416 PING 261 31617
RECIEVED 1553583416 TRANSACTION 209 1 368
UPDATE 1553583416 TRANSACTION 5f1584e8b560103ca6b534506070b6c9
SEND 1553583416 TRANSACTION 209 21300
RECIEVED 1553583416 TRANSACTION 209 1 369
# Listen attempt 1.
# json: cannot unmarshal object into Go struct field Node.Sock of type net.Conn
RECIEVED 1553583417 HB 139 1 369
SEND 1553583417 PING 261 21031
RECIEVED 1553583417 TRANSACTION 209 1 369
UPDATE 1553583417 TRANSACTION c4ae33d16651727fadfe7cddb938a5a2
SEND 1553583417 TRANSACTION 209 16938
# Listen attempt 1.
# json: cannot unmarshal object into Go struct field Node.Sock of type net.Conn
RECIEVED 1553583418 HB 139 1 370
SEND 1553583418 PING 261 26572
# Listen attempt 1.
# json: cannot unmarshal object into Go struct field Node.Sock of type net.Conn
RECIEVED 1553583419 TRANSACTION 208 1 370
UPDATE 1553583419 TRANSACTION 37eeb202d20cbfb30e772de7192014de
SEND 1553583419 TRANSACTION 208 22363
RECIEVED 1553583419 HB 139 1 371
SEND 1553583419 PING 261 27680
RECIEVED 1553583419 TRANSACTION 209 1 371
UPDATE 1553583419 TRANSACTION 1a26100c49edcd9f1c1b15a51f585e3e
SEND 1553583419 TRANSACTION 209 15825
RECIEVED 1553583420 TRANSACTION 209 1 372
UPDATE 1553583420 TRANSACTION 35b59a7c478956b1ae490cc584e66fb0
SEND 1553583420 TRANSACTION 209 23610
# Listen attempt 1.
# json: cannot unmarshal object into Go struct field Node.Sock of type net.Conn
RECIEVED 1553583420 TRANSACTION 208 1 373
UPDATE 1553583420 TRANSACTION d01a51d9928fc21667738cb6b1b59d36
SEND 1553583420 TRANSACTION 208 16177
RECIEVED 1553583420 HB 139 1 374
SEND 1553583420 PING 261 24489
# Listen attempt 1.
# json: cannot unmarshal object into Go struct field Node.Sock of type net.Conn
RECIEVED 1553583421 TRANSACTION 209 1 374
UPDATE 1553583421 TRANSACTION 877ab70a7d96a6bb2c17d31376ac2130
SEND 1553583421 TRANSACTION 209 16576
RECIEVED 1553583421 HB 139 1 375
SEND 1553583421 PING 261 31602
# Listen attempt 1.
# json: cannot unmarshal object into Go struct field Node.Sock of type net.Conn
RECIEVED 1553583422 HB 139 1 375
SEND 1553583422 PING 261 36362
RECIEVED 1553583422 TRANSACTION 209 1 375
UPDATE 1553583422 TRANSACTION a39fafef0c0e7c51f6b19118c2863791
SEND 1553583422 TRANSACTION 209 17665
RECIEVED 1553583422 TRANSACTION 210 1 376
UPDATE 1553583422 TRANSACTION 2cf268eb3c8831eca484aa69896e4130
SEND 1553583422 TRANSACTION 210 23183
RECIEVED 1553583423 TRANSACTION 209 1 377
UPDATE 1553583423 TRANSACTION a0340beb104322fdabfa3c2241bdc034
SEND 1553583423 TRANSACTION 209 18322
RECIEVED 1553583423 TRANSACTION 209 1 378
UPDATE 1553583423 TRANSACTION 6fb969ffaf87e391a63f15e2dceaf9b3
SEND 1553583423 TRANSACTION 209 21488
# Listen attempt 1.
# json: cannot unmarshal object into Go struct field Node.Sock of type net.Conn
RECIEVED 1553583423 TRANSACTION 208 1 379
UPDATE 1553583423 TRANSACTION 3a9b05a17c2a6f4ceff4bde2d8d9e15a
SEND 1553583423 TRANSACTION 208 26666
RECIEVED 1553583423 TRANSACTION 208 1 380
RECIEVED 1553583423 HB 139 1 380
SEND 1553583423 PING 261 32994
RECIEVED 1553583423 TRANSACTION 209 1 380
UPDATE 1553583423 TRANSACTION 6134b696e9e64a7fb19a7eefda3e022d
SEND 1553583423 TRANSACTION 209 14413
# Listen attempt 1.
# json: cannot unmarshal object into Go struct field Node.Sock of type net.Conn
RECIEVED 1553583424 HB 139 1 381
SEND 1553583424 PING 261 30325
RECIEVED 1553583424 TRANSACTION 209 1 381
UPDATE 1553583424 TRANSACTION 07a1b2f87ad052b9b116436904d243cd
SEND 1553583424 TRANSACTION 209 16777
# Listen attempt 1.
# json: cannot unmarshal object into Go struct field Node.Sock of type net.Conn
RECIEVED 1553583425 HB 139 1 382
SEND 1553583425 PING 261 24920
# Listen attempt 1.
# json: cannot unmarshal object into Go struct field Node.Sock of type net.Conn
RECIEVED 1553583426 TRANSACTION 210 1 382
UPDATE 1553583426 TRANSACTION df5cfc1030298a9671f6afd79cec3eaa
SEND 1553583426 TRANSACTION 210 16558
RECIEVED 1553583426 TRANSACTION 209 1 383
UPDATE 1553583426 TRANSACTION 27c051f3367cdfb52e4d7d65e01e7d19
SEND 1553583426 TRANSACTION 209 16871
RECIEVED 1553583426 HB 139 1 384
SEND 1553583426 PING 261 24332
RECIEVED 1553583426 TRANSACTION 209 1 384
UPDATE 1553583426 TRANSACTION dbc35c489341e4e57dff5586b1b67fed
SEND 1553583426 TRANSACTION 209 16070
RECIEVED 1553583427 TRANSACTION 208 1 385
UPDATE 1553583427 TRANSACTION 4a5397a842935c5f3496f4438cbb5ed0
SEND 1553583427 TRANSACTION 208 17781
RECIEVED 1553583427 HB 139 1 386
SEND 1553583427 PING 261 23612
# Listen attempt 1.
# json: cannot unmarshal object into Go struct field Node.Sock of type net.Conn
RECIEVED 1553583428 TRANSACTION 208 1 386
UPDATE 1553583428 TRANSACTION 9518b5f8c76d427150f163d7ae9c170f
SEND 1553583428 TRANSACTION 208 19053
RECIEVED 1553583428 HB 139 1 387
SEND 1553583428 PING 261 25902
# Listen attempt 1.
# json: cannot unmarshal object into Go struct field Node.Sock of type net.Conn
RECIEVED 1553583429 TRANSACTION 208 1 387
UPDATE 1553583429 TRANSACTION 7e75580094574c181c0fe03c49256849
SEND 1553583429 TRANSACTION 208 15680
RECIEVED 1553583429 TRANSACTION 208 1 388
UPDATE 1553583429 TRANSACTION 44618b7ac99aca5ccdde73a932742dca
SEND 1553583429 TRANSACTION 208 54305
RECIEVED 1553583429 HB 139 1 389
SEND 1553583429 PING 261 24631
# Listen attempt 1.
# json: cannot unmarshal object into Go struct field Node.Sock of type net.Conn
RECIEVED 1553583430 TRANSACTION 209 1 389
UPDATE 1553583430 TRANSACTION 4741b7f447213412454a37b1009e9a70
SEND 1553583430 TRANSACTION 209 17620
RECIEVED 1553583430 HB 139 1 390
SEND 1553583430 PING 261 30687
# Listen attempt 1.
# json: cannot unmarshal object into Go struct field Node.Sock of type net.Conn
RECIEVED 1553583431 TRANSACTION 209 1 390
UPDATE 1553583431 TRANSACTION 62586f633302e51356792bada37d006a
SEND 1553583431 TRANSACTION 209 22136
RECIEVED 1553583431 TRANSACTION 210 1 391
UPDATE 1553583431 TRANSACTION 56fb3aa9d2cba3b87989a5fabd1dd94d
SEND 1553583431 TRANSACTION 210 17415
RECIEVED 1553583431 HB 139 1 392
SEND 1553583431 PING 261 24353
# Listen attempt 1.
# json: cannot unmarshal object into Go struct field Node.Sock of type net.Conn
RECIEVED 1553583432 HB 139 1 392
SEND 1553583432 PING 261 25028
RECIEVED 1553583432 TRANSACTION 210 1 392
UPDATE 1553583432 TRANSACTION 1e7bce06661590a542cbb419bd97444b
SEND 1553583432 TRANSACTION 210 16543
# Listen attempt 1.
# json: cannot unmarshal object into Go struct field Node.Sock of type net.Conn
RECIEVED 1553583433 HB 139 1 393
SEND 1553583433 PING 261 33809
RECIEVED 1553583433 TRANSACTION 208 1 393
UPDATE 1553583433 TRANSACTION abe7a1a61107745dbddedaa665a5fca3
SEND 1553583433 TRANSACTION 208 21188
# Listen attempt 1.
# json: cannot unmarshal object into Go struct field Node.Sock of type net.Conn
RECIEVED 1553583434 TRANSACTION 209 1 394
UPDATE 1553583434 TRANSACTION 1949020178fd6a34e9b40b1033627753
SEND 1553583434 TRANSACTION 209 16430
RECIEVED 1553583434 TRANSACTION 208 1 395
UPDATE 1553583434 TRANSACTION f639de90c505d876c4c8c6c344bcd485
SEND 1553583434 TRANSACTION 208 17189
RECIEVED 1553583434 HB 139 1 396
SEND 1553583434 PING 261 24123
# Listen attempt 1.
# json: cannot unmarshal object into Go struct field Node.Sock of type net.Conn
RECIEVED 1553583435 HB 139 1 396
SEND 1553583435 PING 261 25280
# Listen attempt 1.
# json: cannot unmarshal object into Go struct field Node.Sock of type net.Conn
RECIEVED 1553583436 TRANSACTION 209 1 396
UPDATE 1553583436 TRANSACTION 09fc040de22beaf6062a53b2e3ce8964
SEND 1553583436 TRANSACTION 209 45627
RECIEVED 1553583436 TRANSACTION 209 1 397
UPDATE 1553583436 TRANSACTION cc148c686a7bc02040d72279efe2bede
SEND 1553583436 TRANSACTION 209 15502
RECIEVED 1553583436 TRANSACTION 209 1 398
UPDATE 1553583436 TRANSACTION 2dee9a9a3c38acf062ba72c02828cad1
SEND 1553583436 TRANSACTION 209 18922
RECIEVED 1553583436 HB 139 1 399
SEND 1553583436 PING 261 29767
# Listen attempt 1.
# json: cannot unmarshal object into Go struct field Node.Sock of type net.Conn
RECIEVED 1553583437 TRANSACTION 209 1 399
UPDATE 1553583437 TRANSACTION f49d098ef5e0999d8bb01e9b00309390
SEND 1553583437 TRANSACTION 209 34478
RECIEVED 1553583437 TRANSACTION 209 1 400
RECIEVED 1553583437 TRANSACTION 209 1 400
UPDATE 1553583437 TRANSACTION 7ebeda60367419022826f02197a793ca
SEND 1553583437 TRANSACTION 209 23156
RECIEVED 1553583437 HB 139 1 401
SEND 1553583437 PING 261 27048
# Listen attempt 1.
# json: cannot unmarshal object into Go struct field Node.Sock of type net.Conn
RECIEVED 1553583438 TRANSACTION 211 1 401
UPDATE 1553583438 TRANSACTION 4f355358fc56e7f4dc24eafaaaa4053a
SEND 1553583438 TRANSACTION 211 15404
RECIEVED 1553583438 HB 139 1 402
SEND 1553583438 PING 261 24917
RECIEVED 1553583438 TRANSACTION 209 1 402
UPDATE 1553583438 TRANSACTION ef06f7b6566ceb4ec70057978a1b4a42
SEND 1553583438 TRANSACTION 209 18034
# Listen attempt 1.
# json: cannot unmarshal object into Go struct field Node.Sock of type net.Conn
RECIEVED 1553583439 TRANSACTION 209 1 403
UPDATE 1553583439 TRANSACTION e06c0ed637d53fa66fbeed32f621f36d
SEND 1553583439 TRANSACTION 209 26682
RECIEVED 1553583439 HB 139 1 404
SEND 1553583439 PING 261 24371
RECIEVED 1553583439 TRANSACTION 208 1 404
UPDATE 1553583439 TRANSACTION 22ca1efbac824cafa1cffb2bc976a0b6
SEND 1553583439 TRANSACTION 208 17747
# Listen attempt 1.
# json: cannot unmarshal object into Go struct field Node.Sock of type net.Conn
RECIEVED 1553583440 TRANSACTION 209 1 405
UPDATE 1553583440 TRANSACTION fe49900611beac02dc3c153ff5caae20
SEND 1553583440 TRANSACTION 209 16293
RECIEVED 1553583440 HB 139 1 406
SEND 1553583440 PING 261 31526
# Listen attempt 1.
# json: cannot unmarshal object into Go struct field Node.Sock of type net.Conn
RECIEVED 1553583441 TRANSACTION 207 1 406
UPDATE 1553583441 TRANSACTION 6ef869074e89b55feb58333211c7f915
SEND 1553583441 TRANSACTION 207 23418
RECIEVED 1553583441 TRANSACTION 209 1 407
UPDATE 1553583441 TRANSACTION 59c08d04a6a8369258c978222b6031f5
SEND 1553583441 TRANSACTION 209 19444
RECIEVED 1553583441 HB 139 1 408
SEND 1553583441 PING 261 24613
RECIEVED 1553583441 TRANSACTION 210 1 408
UPDATE 1553583441 TRANSACTION 3e88d604e627c309cfbc51fe4f28673e
SEND 1553583441 TRANSACTION 210 25794
RECIEVED 1553583441 TRANSACTION 208 1 409
UPDATE 1553583441 TRANSACTION bb59a165c26623f10f7c0cbaa1bfba97
SEND 1553583441 TRANSACTION 208 24058
RECIEVED 1553583441 TRANSACTION 209 1 410
UPDATE 1553583441 TRANSACTION 31586faeb38c2bd70626334a385f1c77
SEND 1553583441 TRANSACTION 209 42184
# Listen attempt 1.
# json: cannot unmarshal object into Go struct field Node.Sock of type net.Conn
RECIEVED 1553583442 TRANSACTION 208 1 411
UPDATE 1553583442 TRANSACTION b477f82275612d6d1b7574e59750f9e6
SEND 1553583442 TRANSACTION 208 20828
RECIEVED 1553583442 TRANSACTION 209 1 412
UPDATE 1553583442 TRANSACTION 183e19aa71e2450f67fc6e699066d248
SEND 1553583442 TRANSACTION 209 20066
RECIEVED 1553583442 HB 139 1 413
SEND 1553583442 PING 261 24835
# Listen attempt 1.
# json: cannot unmarshal object into Go struct field Node.Sock of type net.Conn
RECIEVED 1553583443 HB 139 1 413
SEND 1553583443 PING 261 33003
# Listen attempt 1.
# json: cannot unmarshal object into Go struct field Node.Sock of type net.Conn
RECIEVED 1553583444 TRANSACTION 209 1 413
UPDATE 1553583444 TRANSACTION 6c59b13bcc0b2ed0f3684cc215efc1d6
SEND 1553583444 TRANSACTION 209 33556
RECIEVED 1553583444 TRANSACTION 209 1 414
RECIEVED 1553583444 TRANSACTION 209 1 414
UPDATE 1553583444 TRANSACTION 022b2108e2d069811a65ac611793e315
SEND 1553583444 TRANSACTION 209 21527
RECIEVED 1553583444 TRANSACTION 209 1 415
UPDATE 1553583444 TRANSACTION e2dfe93b273421e0dc3dd7d8f0f80afd
SEND 1553583444 TRANSACTION 209 18450
RECIEVED 1553583445 HB 139 1 416
SEND 1553583445 PING 261 54767
RECIEVED 1553583445 TRANSACTION 209 1 416
UPDATE 1553583445 TRANSACTION 5a93d43e89ca226c1bb808038c3e788a
SEND 1553583445 TRANSACTION 209 16992
RECIEVED 1553583445 TRANSACTION 209 1 417
UPDATE 1553583445 TRANSACTION b09aa29b09e4a00cdf26dc749283e5f0
SEND 1553583445 TRANSACTION 209 11495
# Listen attempt 1.
# json: cannot unmarshal object into Go struct field Node.Sock of type net.Conn
RECIEVED 1553583445 TRANSACTION 209 1 418
UPDATE 1553583445 TRANSACTION a36a4a76e53207a9fe84ffe1dd0a5037
SEND 1553583445 TRANSACTION 209 14731
RECIEVED 1553583445 TRANSACTION 209 1 419
RECIEVED 1553583445 TRANSACTION 210 1 419
UPDATE 1553583445 TRANSACTION 2539d492857beea15a3e70f1d8f436a5
SEND 1553583445 TRANSACTION 210 23419
# Listen attempt 1.
# json: cannot unmarshal object into Go struct field Node.Sock of type net.Conn
RECIEVED 1553583446 HB 139 1 420
SEND 1553583446 PING 261 54503
RECIEVED 1553583446 TRANSACTION 209 1 420
UPDATE 1553583446 TRANSACTION 4b06cac2bccf77fb4d77bf8a8686703e
SEND 1553583446 TRANSACTION 209 15895
# Listen attempt 1.
# json: cannot unmarshal object into Go struct field Node.Sock of type net.Conn
RECIEVED 1553583447 HB 139 1 421
SEND 1553583447 PING 261 47342
RECIEVED 1553583447 TRANSACTION 208 1 421
UPDATE 1553583447 TRANSACTION 03a9a7029097f969d8fd5b872be6822a
SEND 1553583447 TRANSACTION 208 22755
# Listen attempt 1.
# json: cannot unmarshal object into Go struct field Node.Sock of type net.Conn
RECIEVED 1553583448 HB 139 1 422
SEND 1553583448 PING 261 48513
RECIEVED 1553583448 TRANSACTION 209 1 422
UPDATE 1553583448 TRANSACTION 35635d0928075934e5756f437ccc765b
SEND 1553583448 TRANSACTION 209 28184
RECIEVED 1553583448 TRANSACTION 209 1 423
RECIEVED 1553583448 TRANSACTION 209 1 423
UPDATE 1553583448 TRANSACTION 67fb3acfca8f05af2f10480223a4fcdd
SEND 1553583448 TRANSACTION 209 15083
# Listen attempt 1.
# json: cannot unmarshal object into Go struct field Node.Sock of type net.Conn
RECIEVED 1553583449 TRANSACTION 210 1 424
UPDATE 1553583449 TRANSACTION 6e4221b266b90185d19fbe2b2d1e355c
SEND 1553583449 TRANSACTION 210 23906
RECIEVED 1553583449 TRANSACTION 209 1 425
UPDATE 1553583449 TRANSACTION ffaff5dfc088d0d7c657b9db9c62ccf3
SEND 1553583449 TRANSACTION 209 18482
RECIEVED 1553583449 HB 139 1 426
SEND 1553583449 PING 261 48337
# Listen attempt 1.
# json: cannot unmarshal object into Go struct field Node.Sock of type net.Conn
# Listen attempt 2.
# json: cannot unmarshal object into Go struct field Node.Sock of type net.Conn
RECIEVED 1553583451 HB 139 1 426
SEND 1553583451 PING 261 49003
RECIEVED 1553583451 TRANSACTION 209 1 426
UPDATE 1553583451 TRANSACTION f83ae5f8256ef6ed79ee1bbaec1d1692
SEND 1553583451 TRANSACTION 209 21126
RECIEVED 1553583451 TRANSACTION 208 1 427
UPDATE 1553583451 TRANSACTION dc78d95c078833a268c8f16476487937
SEND 1553583451 TRANSACTION 208 17316
# Listen attempt 1.
# json: cannot unmarshal object into Go struct field Node.Sock of type net.Conn
RECIEVED 1553583452 HB 139 1 428
SEND 1553583452 PING 261 51830
RECIEVED 1553583452 TRANSACTION 208 1 428
UPDATE 1553583452 TRANSACTION 5df87ef6bab7251b3cc0eebdc1a567b7
SEND 1553583452 TRANSACTION 208 15382
RECIEVED 1553583452 TRANSACTION 208 1 429
UPDATE 1553583452 TRANSACTION e7ff45267a963387a8b5dd149f78550e
SEND 1553583452 TRANSACTION 208 18708
RECIEVED 1553583452 TRANSACTION 209 1 430
UPDATE 1553583452 TRANSACTION 7a1ecf84da363c17205ef58fe12ccfc6
SEND 1553583452 TRANSACTION 209 17810
RECIEVED 1553583452 TRANSACTION 209 1 431
UPDATE 1553583452 TRANSACTION 1adbd07e5b678be046f18415d625adbb
SEND 1553583452 TRANSACTION 209 17434
RECIEVED 1553583452 TRANSACTION 208 1 432
UPDATE 1553583452 TRANSACTION a88b1b293a588548acbab39053a6d070
SEND 1553583452 TRANSACTION 208 17960
# Listen attempt 1.
# json: cannot unmarshal object into Go struct field Node.Sock of type net.Conn
RECIEVED 1553583453 HB 139 1 433
SEND 1553583453 PING 261 51443
RECIEVED 1553583453 TRANSACTION 209 1 433
UPDATE 1553583453 TRANSACTION bdbf5e1776fa6ac8bac01513cf802e53
SEND 1553583453 TRANSACTION 209 16797
# Listen attempt 1.
# json: cannot unmarshal object into Go struct field Node.Sock of type net.Conn
RECIEVED 1553583454 HB 139 1 434
SEND 1553583454 PING 261 44536
# Listen attempt 1.
# json: cannot unmarshal object into Go struct field Node.Sock of type net.Conn
RECIEVED 1553583455 HB 139 1 434
SEND 1553583455 PING 261 45802
RECIEVED 1553583456 TRANSACTION 209 1 434
UPDATE 1553583456 TRANSACTION 564e7a4656172b5ba71b9818f150b54d
SEND 1553583456 TRANSACTION 209 15094
# Listen attempt 1.
# json: cannot unmarshal object into Go struct field Node.Sock of type net.Conn
RECIEVED 1553583457 HB 139 1 435
SEND 1553583457 PING 261 40575
RECIEVED 1553583457 TRANSACTION 209 1 435
UPDATE 1553583457 TRANSACTION f5626d5a0d917d7eb03d03b22360ed0a
SEND 1553583457 TRANSACTION 209 11630
RECIEVED 1553583457 TRANSACTION 209 1 436
UPDATE 1553583457 TRANSACTION 3fb930718861853970512921f7fada3c
SEND 1553583457 TRANSACTION 209 15881
RECIEVED 1553583457 TRANSACTION 209 1 437
UPDATE 1553583457 TRANSACTION cb18c2617c9a472633e96cf6aa8a92a1
SEND 1553583457 TRANSACTION 209 10608
# Listen attempt 1.
# json: cannot unmarshal object into Go struct field Node.Sock of type net.Conn
# Listen attempt 2.
# json: cannot unmarshal object into Go struct field Node.Sock of type net.Conn
RECIEVED 1553583458 TRANSACTION 209 1 438
UPDATE 1553583458 TRANSACTION 28d5ba3f31ef0a5df9bc72f6d21b5bbf
SEND 1553583458 TRANSACTION 209 14239
RECIEVED 1553583458 TRANSACTION 207 1 439
UPDATE 1553583458 TRANSACTION af39004feecb5ba2f8ab2f4cf5306f91
SEND 1553583458 TRANSACTION 207 17516
RECIEVED 1553583458 TRANSACTION 209 1 440
UPDATE 1553583458 TRANSACTION 9d562fc391b7073d5e946ff49187060f
SEND 1553583458 TRANSACTION 209 17426
RECIEVED 1553583459 HB 139 1 441
SEND 1553583459 PING 261 42645
# Listen attempt 1.
# json: cannot unmarshal object into Go struct field Node.Sock of type net.Conn
RECIEVED 1553583459 TRANSACTION 209 1 441
UPDATE 1553583459 TRANSACTION f2dc8a024be7f41c1dd96a111c21c4d8
SEND 1553583459 TRANSACTION 209 34405
RECIEVED 1553583459 TRANSACTION 209 1 442
UPDATE 1553583459 TRANSACTION 78feb180e7a961bb5d6b971bcaac8345
SEND 1553583459 TRANSACTION 209 14336
RECIEVED 1553583460 TRANSACTION 209 1 443
UPDATE 1553583460 TRANSACTION a0c6b8b96dd07eb29b196b38a691bbe4
SEND 1553583460 TRANSACTION 209 18255
# Listen attempt 1.
# json: cannot unmarshal object into Go struct field Node.Sock of type net.Conn
RECIEVED 1553583460 HB 139 1 444
SEND 1553583460 PING 261 37922
RECIEVED 1553583460 TRANSACTION 209 1 444
UPDATE 1553583460 TRANSACTION 0c6630a1094afb90ad5c4101ba6cfe96
SEND 1553583460 TRANSACTION 209 17028
# Listen attempt 1.
# json: cannot unmarshal object into Go struct field Node.Sock of type net.Conn
RECIEVED 1553583461 HB 139 1 445
SEND 1553583461 PING 261 43959
RECIEVED 1553583461 TRANSACTION 210 1 445
UPDATE 1553583461 TRANSACTION f0354390a543ef1735da0fdccff08dc9
SEND 1553583461 TRANSACTION 210 16210
RECIEVED 1553583461 TRANSACTION 209 1 446
UPDATE 1553583461 TRANSACTION 75961fce4e5d29df038ec17dbc5a7156
SEND 1553583461 TRANSACTION 209 24705
RECIEVED 1553583461 TRANSACTION 209 1 447
UPDATE 1553583461 TRANSACTION 717859cccece5096df037775eee1c908
SEND 1553583461 TRANSACTION 209 21167
RECIEVED 1553583461 TRANSACTION 209 1 448
RECIEVED 1553583461 TRANSACTION 209 1 448
UPDATE 1553583461 TRANSACTION 520dd93ae5a51adf0740d020827481c0
SEND 1553583461 TRANSACTION 209 21044
RECIEVED 1553583462 HB 139 1 449
SEND 1553583462 PING 261 50103
RECIEVED 1553583463 HB 139 1 449
SEND 1553583463 PING 261 43366
# Listen attempt 1.
# json: cannot unmarshal object into Go struct field Node.Sock of type net.Conn
RECIEVED 1553583464 TRANSACTION 209 1 449
UPDATE 1553583464 TRANSACTION 38e03605b09fe3f60b0a5a2c7bd31f69
SEND 1553583464 TRANSACTION 209 27318
RECIEVED 1553583464 TRANSACTION 209 1 450
UPDATE 1553583464 TRANSACTION 7a154c466b0487990026c8fb04aeb398
SEND 1553583464 TRANSACTION 209 12717
RECIEVED 1553583464 HB 139 1 451
SEND 1553583464 PING 261 31860
# Listen attempt 1.
# json: cannot unmarshal object into Go struct field Node.Sock of type net.Conn
RECIEVED 1553583464 TRANSACTION 209 1 451
UPDATE 1553583464 TRANSACTION edcc931b74b88154ab9efada46e7f4ec
SEND 1553583464 TRANSACTION 209 16140
RECIEVED 1553583465 HB 139 1 452
SEND 1553583465 PING 261 44139
RECIEVED 1553583465 TRANSACTION 208 1 452
UPDATE 1553583465 TRANSACTION e0228b3d5cdba64ea28427e34750e98d
SEND 1553583465 TRANSACTION 208 18347
RECIEVED 1553583465 TRANSACTION 209 1 453
UPDATE 1553583465 TRANSACTION bb0dc2938432238d80d87f6eaca5d638
SEND 1553583465 TRANSACTION 209 23815
# Listen attempt 1.
# json: cannot unmarshal object into Go struct field Node.Sock of type net.Conn
RECIEVED 1553583466 HB 139 1 454
SEND 1553583466 PING 261 52658
RECIEVED 1553583466 TRANSACTION 208 1 454
UPDATE 1553583466 TRANSACTION f170a4f55ed83af3d088fed39ccc484a
SEND 1553583466 TRANSACTION 208 15871
RECIEVED 1553583466 TRANSACTION 209 1 455
UPDATE 1553583466 TRANSACTION c47e8bd4b514ed9256f0bf79e191e6a7
SEND 1553583466 TRANSACTION 209 17527
# Listen attempt 1.
# json: cannot unmarshal object into Go struct field Node.Sock of type net.Conn
