# recieved string JOIN node13 172.22.156.206 8013

RECIEVED 1553583321 INTRODUCE 36 0 0
SEND 1553583321 JOIN 32 14971
RECIEVED 1553583321 JOIN 32 1 0
SEND 1553583321 INTRODUCE 36 10239
RECIEVED 1553583321 INTRODUCE 36 2 0
SEND 1553583321 INTRODUCE 36 15283
SEND 1553583321 INTRODUCE 36 21846
SEND 1553583321 JOIN 32 13766
RECIEVED 1553583321 INTRODUCE 35 3 0
SEND 1553583321 INTRODUCE 35 39318
SEND 1553583321 INTRODUCE 35 14203
SEND 1553583321 INTRODUCE 35 19438
SEND 1553583321 JOIN 32 12233
RECIEVED 1553583321 INTRODUCE 36 4 0
SEND 1553583321 INTRODUCE 36 13705
# recieved string JOIN node19 172.22.94.216 8019

SEND 1553583321 INTRODUCE 36 12273
SEND 1553583321 INTRODUCE 36 10289
SEND 1553583321 INTRODUCE 36 10860
SEND 1553583321 JOIN 32 13386
RECIEVED 1553583321 INTRODUCE 37 5 0
SEND 1553583321 INTRODUCE 37 14254
# recieved string JOIN node11 172.22.158.206 8011

SEND 1553583321 INTRODUCE 37 17329
SEND 1553583321 INTRODUCE 37 27865
SEND 1553583321 INTRODUCE 37 14677
SEND 1553583321 INTRODUCE 37 9388
SEND 1553583321 JOIN 32 13575
RECIEVED 1553583321 JOIN 31 6 0
RECIEVED 1553583321 INTRODUCE 37 6 0
SEND 1553583321 INTRODUCE 37 33460
SEND 1553583321 INTRODUCE 37 12470
# recieved string JOIN node3 172.22.158.206 8003

SEND 1553583321 INTRODUCE 37 24257
SEND 1553583321 INTRODUCE 37 18080
SEND 1553583321 INTRODUCE 37 25173
SEND 1553583321 INTRODUCE 37 10076
# recieved string JOIN node3 172.22.94.216 8003

# recieved string JOIN node4 172.22.94.216 8004

SEND 1553583321 JOIN 32 13885
RECIEVED 1553583321 JOIN 32 7 0
SEND 1553583321 INTRODUCE 36 14833
SEND 1553583321 INTRODUCE 37 12739
SEND 1553583321 INTRODUCE 36 13376
SEND 1553583321 INTRODUCE 35 15664
SEND 1553583321 INTRODUCE 36 12375
SEND 1553583321 INTRODUCE 37 17465
SEND 1553583321 INTRODUCE 37 15994
RECIEVED 1553583321 INTRODUCE 35 8 0
SEND 1553583321 INTRODUCE 35 12432
SEND 1553583321 INTRODUCE 35 12448
SEND 1553583321 INTRODUCE 35 9829
SEND 1553583321 INTRODUCE 35 10299
SEND 1553583321 INTRODUCE 35 28435
SEND 1553583321 INTRODUCE 35 14232
SEND 1553583321 INTRODUCE 35 33893
SEND 1553583321 INTRODUCE 35 16869
SEND 1553583321 JOIN 32 10296
# recieved string JOIN node4 172.22.158.206 8004

RECIEVED 1553583321 JOIN 31 9 0
SEND 1553583321 INTRODUCE 37 14388
# recieved string JOIN node12 172.22.158.206 8012

SEND 1553583321 INTRODUCE 37 20371
SEND 1553583321 INTRODUCE 35 19080
SEND 1553583321 INTRODUCE 36 13498
SEND 1553583321 INTRODUCE 37 12607
SEND 1553583321 INTRODUCE 36 12871
SEND 1553583321 INTRODUCE 35 13549
SEND 1553583321 INTRODUCE 36 12311
SEND 1553583321 INTRODUCE 37 12313
# recieved string JOIN node10 172.22.158.206 8010

RECIEVED 1553583321 JOIN 30 10 0
RECIEVED 1553583321 JOIN 30 10 0
SEND 1553583321 INTRODUCE 36 16405
SEND 1553583321 INTRODUCE 37 9676
SEND 1553583321 INTRODUCE 35 9711
SEND 1553583321 INTRODUCE 36 25026
SEND 1553583321 INTRODUCE 36 10120
SEND 1553583321 INTRODUCE 37 9100
SEND 1553583321 INTRODUCE 36 9368
SEND 1553583321 INTRODUCE 35 24701
SEND 1553583321 INTRODUCE 37 12764
SEND 1553583321 INTRODUCE 37 9282
RECIEVED 1553583321 INTRODUCE 36 11 0
SEND 1553583321 INTRODUCE 36 10600
SEND 1553583321 INTRODUCE 36 11859
SEND 1553583321 INTRODUCE 36 20048
SEND 1553583321 INTRODUCE 36 12887
SEND 1553583321 INTRODUCE 36 14879
SEND 1553583321 INTRODUCE 36 14887
SEND 1553583321 INTRODUCE 36 10620
SEND 1553583321 INTRODUCE 36 14230
SEND 1553583321 INTRODUCE 36 10478
SEND 1553583321 INTRODUCE 36 34094
SEND 1553583321 INTRODUCE 36 16115
SEND 1553583321 JOIN 32 10949
RECIEVED 1553583321 INTRODUCE 35 12 0
SEND 1553583321 INTRODUCE 35 15060
# recieved string JOIN node8 172.22.158.206 8008

# recieved string JOIN node16 172.22.94.216 8016

SEND 1553583321 INTRODUCE 35 27485
SEND 1553583321 INTRODUCE 35 15129
SEND 1553583321 INTRODUCE 35 10837
SEND 1553583321 INTRODUCE 35 11088
SEND 1553583321 INTRODUCE 35 10708
SEND 1553583321 INTRODUCE 35 11760
SEND 1553583321 INTRODUCE 35 10364
SEND 1553583321 INTRODUCE 35 11245
SEND 1553583321 INTRODUCE 35 14091
SEND 1553583321 INTRODUCE 35 10872
# recieved string JOIN node0 172.22.94.216 8000

SEND 1553583321 INTRODUCE 35 19744
SEND 1553583321 JOIN 32 10177
RECIEVED 1553583321 JOIN 31 13 0
RECIEVED 1553583321 JOIN 32 13 0
SEND 1553583321 INTRODUCE 35 21702
SEND 1553583321 INTRODUCE 36 17800
SEND 1553583321 INTRODUCE 36 12942
SEND 1553583321 INTRODUCE 37 37991
SEND 1553583321 INTRODUCE 36 20010
SEND 1553583321 INTRODUCE 35 12513
SEND 1553583321 INTRODUCE 37 14275
SEND 1553583321 INTRODUCE 37 13041
SEND 1553583321 INTRODUCE 35 13242
SEND 1553583321 INTRODUCE 36 12695
SEND 1553583321 INTRODUCE 37 13699
SEND 1553583321 INTRODUCE 36 39425
SEND 1553583321 INTRODUCE 35 14212
RECIEVED 1553583321 INTRODUCE 37 14 0
SEND 1553583321 INTRODUCE 37 22202
# recieved string JOIN node5 172.22.158.206 8005

SEND 1553583321 INTRODUCE 37 13296
SEND 1553583321 INTRODUCE 37 14521
SEND 1553583321 INTRODUCE 37 10147
SEND 1553583321 INTRODUCE 37 9734
SEND 1553583321 INTRODUCE 37 10855
SEND 1553583321 INTRODUCE 37 15115
SEND 1553583321 INTRODUCE 37 23538
SEND 1553583321 INTRODUCE 37 10885
SEND 1553583321 INTRODUCE 37 33324
SEND 1553583321 INTRODUCE 37 11393
SEND 1553583321 INTRODUCE 37 10150
SEND 1553583321 INTRODUCE 37 32808
SEND 1553583321 INTRODUCE 37 10843
SEND 1553583321 JOIN 32 11047
RECIEVED 1553583321 JOIN 32 15 0
SEND 1553583321 INTRODUCE 36 15829
SEND 1553583321 INTRODUCE 36 18368
SEND 1553583321 INTRODUCE 37 20664
SEND 1553583321 INTRODUCE 37 14023
SEND 1553583321 INTRODUCE 36 12598
SEND 1553583321 INTRODUCE 35 17386
SEND 1553583321 INTRODUCE 37 18396
SEND 1553583321 INTRODUCE 36 11648
SEND 1553583321 INTRODUCE 36 12930
SEND 1553583321 INTRODUCE 37 12669
SEND 1553583321 INTRODUCE 37 13155
SEND 1553583321 INTRODUCE 35 12030
SEND 1553583321 INTRODUCE 35 12441
SEND 1553583321 INTRODUCE 37 18496
SEND 1553583321 INTRODUCE 35 30282
RECIEVED 1553583321 INTRODUCE 35 16 0
RECIEVED 1553583321 JOIN 31 16 0
SEND 1553583321 INTRODUCE 36 14927
SEND 1553583321 INTRODUCE 36 12799
SEND 1553583321 INTRODUCE 37 12595
SEND 1553583321 INTRODUCE 37 12302
SEND 1553583321 INTRODUCE 35 12421
SEND 1553583321 INTRODUCE 35 14683
SEND 1553583321 INTRODUCE 37 17403
SEND 1553583321 INTRODUCE 35 11422
SEND 1553583321 INTRODUCE 36 12863
# recieved string JOIN node9 172.22.94.216 8009

SEND 1553583321 INTRODUCE 36 17688
SEND 1553583321 INTRODUCE 37 13412
SEND 1553583321 INTRODUCE 37 17698
SEND 1553583321 INTRODUCE 36 18296
SEND 1553583321 INTRODUCE 35 16352
SEND 1553583321 INTRODUCE 37 12142
SEND 1553583321 INTRODUCE 37 16476
RECIEVED 1553583321 JOIN 31 17 0
SEND 1553583321 INTRODUCE 37 15180
SEND 1553583321 INTRODUCE 35 8968
SEND 1553583321 INTRODUCE 35 10127
SEND 1553583321 INTRODUCE 37 33697
SEND 1553583321 INTRODUCE 35 12709
# recieved string JOIN node10 172.22.94.216 8010

SEND 1553583321 INTRODUCE 36 52187
SEND 1553583321 INTRODUCE 37 16091
SEND 1553583321 INTRODUCE 37 8990
SEND 1553583321 INTRODUCE 36 9785
SEND 1553583321 INTRODUCE 36 9923
SEND 1553583321 INTRODUCE 37 13393
SEND 1553583321 INTRODUCE 37 31345
SEND 1553583321 INTRODUCE 36 9850
SEND 1553583321 INTRODUCE 35 9820
SEND 1553583321 INTRODUCE 36 13196
SEND 1553583321 INTRODUCE 36 9165
SEND 1553583321 INTRODUCE 37 8900
RECIEVED 1553583321 INTRODUCE 36 18 0
SEND 1553583321 INTRODUCE 36 15107
SEND 1553583321 INTRODUCE 36 14984
SEND 1553583321 INTRODUCE 36 10507
SEND 1553583321 INTRODUCE 36 14318
SEND 1553583321 INTRODUCE 36 14896
SEND 1553583321 INTRODUCE 36 12490
SEND 1553583321 INTRODUCE 36 11759
SEND 1553583321 INTRODUCE 36 12662
SEND 1553583321 INTRODUCE 36 9844
SEND 1553583321 INTRODUCE 36 11164
SEND 1553583321 INTRODUCE 36 11957
SEND 1553583321 INTRODUCE 36 22790
SEND 1553583321 INTRODUCE 36 10741
SEND 1553583321 INTRODUCE 36 10206
SEND 1553583321 INTRODUCE 36 26229
SEND 1553583321 INTRODUCE 36 14520
SEND 1553583321 INTRODUCE 36 10061
SEND 1553583321 INTRODUCE 36 13067
SEND 1553583321 JOIN 32 10860
RECIEVED 1553583321 JOIN 30 19 0
SEND 1553583321 INTRODUCE 37 17848
SEND 1553583321 INTRODUCE 35 14277
SEND 1553583321 INTRODUCE 35 9656
SEND 1553583321 INTRODUCE 37 46125
SEND 1553583321 INTRODUCE 35 14584
SEND 1553583321 INTRODUCE 36 10771
SEND 1553583321 INTRODUCE 36 9936
SEND 1553583321 INTRODUCE 37 9795
SEND 1553583321 INTRODUCE 36 20860
SEND 1553583321 INTRODUCE 36 10494
SEND 1553583321 INTRODUCE 37 10153
SEND 1553583321 INTRODUCE 37 31255
SEND 1553583321 INTRODUCE 36 13494
SEND 1553583321 INTRODUCE 35 20171
SEND 1553583321 INTRODUCE 37 10239
SEND 1553583321 INTRODUCE 36 41348
SEND 1553583321 INTRODUCE 36 25214
SEND 1553583321 INTRODUCE 36 12445
SEND 1553583321 INTRODUCE 37 11991
RECIEVED 1553583321 INTRODUCE 35 20 0
RECIEVED 1553583321 INTRODUCE 37 20 0
RECIEVED 1553583321 INTRODUCE 37 20 0
SEND 1553583321 INTRODUCE 37 15034
SEND 1553583321 INTRODUCE 37 10715
SEND 1553583321 INTRODUCE 37 11391
SEND 1553583321 INTRODUCE 37 13676
SEND 1553583321 INTRODUCE 37 10302
SEND 1553583321 INTRODUCE 37 37995
SEND 1553583321 INTRODUCE 37 14547
SEND 1553583321 INTRODUCE 37 12635
SEND 1553583321 INTRODUCE 37 12124
SEND 1553583321 INTRODUCE 37 10295
SEND 1553583321 INTRODUCE 37 10452
SEND 1553583321 INTRODUCE 37 26731
SEND 1553583321 INTRODUCE 37 13202
SEND 1553583321 INTRODUCE 37 10993
SEND 1553583321 INTRODUCE 37 10416
SEND 1553583321 INTRODUCE 37 11851
SEND 1553583321 INTRODUCE 37 37511
SEND 1553583321 INTRODUCE 37 14613
SEND 1553583321 INTRODUCE 37 10609
SEND 1553583321 INTRODUCE 37 9862
SEND 1553583321 JOIN 32 14747
RECIEVED 1553583321 JOIN 31 21 0
SEND 1553583321 INTRODUCE 37 20030
SEND 1553583321 INTRODUCE 35 14478
# recieved string JOIN node15 172.22.94.216 8015

SEND 1553583321 INTRODUCE 36 11416
SEND 1553583321 INTRODUCE 36 11128
SEND 1553583321 INTRODUCE 35 10744
SEND 1553583321 INTRODUCE 36 16557
SEND 1553583321 INTRODUCE 36 11486
SEND 1553583321 INTRODUCE 37 20581
SEND 1553583321 INTRODUCE 37 11115
SEND 1553583321 INTRODUCE 36 11015
SEND 1553583321 INTRODUCE 35 12628
SEND 1553583321 INTRODUCE 37 12264
SEND 1553583321 INTRODUCE 37 11024
SEND 1553583321 INTRODUCE 36 13460
SEND 1553583321 INTRODUCE 37 11942
SEND 1553583321 INTRODUCE 36 12458
SEND 1553583321 INTRODUCE 36 10415
SEND 1553583321 INTRODUCE 37 22107
SEND 1553583321 INTRODUCE 37 10370
SEND 1553583321 INTRODUCE 35 9000
SEND 1553583321 INTRODUCE 35 11884
RECIEVED 1553583321 INTRODUCE 35 22 0
RECIEVED 1553583321 INTRODUCE 37 22 0
RECIEVED 1553583321 INTRODUCE 36 22 0
SEND 1553583321 INTRODUCE 36 14842
SEND 1553583321 INTRODUCE 36 12927
SEND 1553583321 INTRODUCE 36 12453
SEND 1553583321 INTRODUCE 36 14932
SEND 1553583321 INTRODUCE 36 10121
SEND 1553583321 INTRODUCE 36 26240
SEND 1553583322 INTRODUCE 36 13316
SEND 1553583322 INTRODUCE 36 11082
SEND 1553583322 INTRODUCE 36 15375
SEND 1553583322 INTRODUCE 36 20606
SEND 1553583322 INTRODUCE 36 16662
SEND 1553583322 INTRODUCE 36 28419
SEND 1553583322 INTRODUCE 36 11563
SEND 1553583322 INTRODUCE 36 14087
SEND 1553583322 INTRODUCE 36 29975
SEND 1553583322 INTRODUCE 36 14524
SEND 1553583322 INTRODUCE 36 13799
SEND 1553583322 INTRODUCE 36 9687
SEND 1553583322 INTRODUCE 36 19997
SEND 1553583322 INTRODUCE 36 41679
SEND 1553583322 INTRODUCE 36 13212
SEND 1553583322 INTRODUCE 36 11099
SEND 1553583322 JOIN 32 12000
RECIEVED 1553583322 INTRODUCE 36 23 0
RECIEVED 1553583322 INTRODUCE 37 23 0
RECIEVED 1553583322 JOIN 30 23 0
RECIEVED 1553583322 INTRODUCE 36 23 0
SEND 1553583322 INTRODUCE 36 13742
SEND 1553583322 INTRODUCE 36 29379
SEND 1553583322 INTRODUCE 36 14724
SEND 1553583322 INTRODUCE 36 38566
SEND 1553583322 INTRODUCE 36 10295
SEND 1553583322 INTRODUCE 36 9861
SEND 1553583322 INTRODUCE 36 18438
SEND 1553583322 INTRODUCE 36 14348
SEND 1553583322 INTRODUCE 36 33687
SEND 1553583322 INTRODUCE 36 15460
SEND 1553583322 INTRODUCE 36 20029
# recieved string JOIN node12 172.22.94.216 8012

SEND 1553583322 INTRODUCE 36 13367
SEND 1553583322 INTRODUCE 36 23366
SEND 1553583322 INTRODUCE 36 15058
SEND 1553583322 INTRODUCE 36 14558
SEND 1553583322 INTRODUCE 36 10286
SEND 1553583322 INTRODUCE 36 12241
SEND 1553583322 INTRODUCE 36 17011
SEND 1553583322 INTRODUCE 36 10323
SEND 1553583322 INTRODUCE 36 10741
SEND 1553583322 INTRODUCE 36 19389
SEND 1553583322 INTRODUCE 36 10246
SEND 1553583322 INTRODUCE 36 9757
SEND 1553583322 JOIN 32 11837
RECIEVED 1553583322 INTRODUCE 36 24 0
RECIEVED 1553583322 JOIN 31 24 0
SEND 1553583322 INTRODUCE 37 16072
SEND 1553583322 INTRODUCE 36 13939
SEND 1553583322 INTRODUCE 36 10221
SEND 1553583322 INTRODUCE 37 41511
SEND 1553583322 INTRODUCE 37 9879
SEND 1553583322 INTRODUCE 36 20962
SEND 1553583322 INTRODUCE 35 8676
SEND 1553583322 INTRODUCE 37 12389
SEND 1553583322 INTRODUCE 36 26923
SEND 1553583322 INTRODUCE 37 10052
SEND 1553583322 INTRODUCE 36 9914
SEND 1553583322 INTRODUCE 36 19853
SEND 1553583322 INTRODUCE 37 35284
SEND 1553583322 INTRODUCE 36 12867
SEND 1553583322 INTRODUCE 37 13774
SEND 1553583322 INTRODUCE 35 10172
SEND 1553583322 INTRODUCE 35 17666
SEND 1553583322 INTRODUCE 36 9666
SEND 1553583322 INTRODUCE 36 9975
SEND 1553583322 INTRODUCE 37 13937
SEND 1553583322 INTRODUCE 35 9115
SEND 1553583322 INTRODUCE 36 13688
SEND 1553583322 INTRODUCE 36 14615
SEND 1553583322 INTRODUCE 35 10993
RECIEVED 1553583322 INTRODUCE 37 25 0
RECIEVED 1553583322 INTRODUCE 37 25 0
RECIEVED 1553583322 INTRODUCE 36 25 0
SEND 1553583322 INTRODUCE 36 14627
SEND 1553583322 INTRODUCE 36 17788
SEND 1553583322 INTRODUCE 36 17857
SEND 1553583322 INTRODUCE 36 21969
SEND 1553583322 INTRODUCE 36 12635
SEND 1553583322 INTRODUCE 36 10870
SEND 1553583322 INTRODUCE 36 9806
SEND 1553583322 INTRODUCE 36 15521
SEND 1553583322 INTRODUCE 36 13260
SEND 1553583322 INTRODUCE 36 13447
SEND 1553583322 INTRODUCE 36 9633
SEND 1553583322 INTRODUCE 36 13767
SEND 1553583322 INTRODUCE 36 16440
SEND 1553583322 INTRODUCE 36 16373
SEND 1553583322 INTRODUCE 36 13061
SEND 1553583322 INTRODUCE 36 12535
SEND 1553583322 INTRODUCE 36 12276
SEND 1553583322 INTRODUCE 36 14127
SEND 1553583322 INTRODUCE 36 13107
SEND 1553583322 INTRODUCE 36 51422
SEND 1553583322 INTRODUCE 36 37595
SEND 1553583322 INTRODUCE 36 10495
SEND 1553583322 INTRODUCE 36 11321
SEND 1553583322 INTRODUCE 36 48830
SEND 1553583322 INTRODUCE 36 10725
SEND 1553583322 JOIN 32 30871
RECIEVED 1553583322 INTRODUCE 35 26 0
RECIEVED 1553583322 INTRODUCE 36 26 0
RECIEVED 1553583322 INTRODUCE 35 26 0
RECIEVED 1553583322 INTRODUCE 35 26 0
RECIEVED 1553583322 INTRODUCE 37 26 0
SEND 1553583322 INTRODUCE 37 13624
SEND 1553583322 INTRODUCE 37 9896
SEND 1553583322 INTRODUCE 37 10530
SEND 1553583322 INTRODUCE 37 10181
SEND 1553583322 INTRODUCE 37 14501
SEND 1553583322 INTRODUCE 37 11916
SEND 1553583322 INTRODUCE 37 9213
SEND 1553583322 INTRODUCE 37 10083
SEND 1553583322 INTRODUCE 37 20395
SEND 1553583322 INTRODUCE 37 10875
SEND 1553583322 INTRODUCE 37 20351
SEND 1553583322 INTRODUCE 37 17435
SEND 1553583322 INTRODUCE 37 11078
SEND 1553583322 INTRODUCE 37 22251
SEND 1553583322 INTRODUCE 37 11271
SEND 1553583322 INTRODUCE 37 15521
SEND 1553583322 INTRODUCE 37 14601
SEND 1553583322 INTRODUCE 37 10507
SEND 1553583322 INTRODUCE 37 15599
SEND 1553583322 INTRODUCE 37 10590
SEND 1553583322 INTRODUCE 37 9447
SEND 1553583322 INTRODUCE 37 9679
SEND 1553583322 INTRODUCE 37 9279
SEND 1553583322 INTRODUCE 37 12510
SEND 1553583322 INTRODUCE 37 10700
SEND 1553583322 INTRODUCE 37 9857
SEND 1553583322 JOIN 32 15180
RECIEVED 1553583322 INTRODUCE 37 27 0
SEND 1553583322 INTRODUCE 37 14964
SEND 1553583322 INTRODUCE 37 9295
SEND 1553583322 INTRODUCE 37 26700
SEND 1553583322 INTRODUCE 37 13885
SEND 1553583322 INTRODUCE 37 9883
SEND 1553583322 INTRODUCE 37 12425
SEND 1553583322 INTRODUCE 37 11052
SEND 1553583322 INTRODUCE 37 14506
SEND 1553583322 INTRODUCE 37 9516
SEND 1553583322 INTRODUCE 37 18221
SEND 1553583322 INTRODUCE 37 10378
SEND 1553583322 INTRODUCE 37 13180
SEND 1553583322 INTRODUCE 37 9672
SEND 1553583322 INTRODUCE 37 13400
SEND 1553583322 INTRODUCE 37 15526
SEND 1553583322 INTRODUCE 37 10414
SEND 1553583322 INTRODUCE 37 10362
SEND 1553583322 INTRODUCE 37 16682
SEND 1553583322 INTRODUCE 37 20869
SEND 1553583322 INTRODUCE 37 11474
SEND 1553583322 INTRODUCE 37 14442
SEND 1553583322 INTRODUCE 37 10037
SEND 1553583322 INTRODUCE 37 39449
SEND 1553583322 INTRODUCE 37 14198
SEND 1553583322 INTRODUCE 37 10774
SEND 1553583322 INTRODUCE 37 15115
SEND 1553583322 INTRODUCE 37 11297
SEND 1553583322 JOIN 32 10804
RECIEVED 1553583322 INTRODUCE 36 28 0
RECIEVED 1553583322 INTRODUCE 35 28 0
RECIEVED 1553583322 INTRODUCE 36 28 0
RECIEVED 1553583322 INTRODUCE 36 28 0
SEND 1553583322 INTRODUCE 36 14701
SEND 1553583322 INTRODUCE 36 31431
SEND 1553583322 INTRODUCE 36 13967
SEND 1553583322 INTRODUCE 36 20226
SEND 1553583322 INTRODUCE 36 21305
SEND 1553583322 INTRODUCE 36 15581
SEND 1553583322 INTRODUCE 36 14645
SEND 1553583322 INTRODUCE 36 21771
# recieved string JOIN node14 172.22.158.206 8014

SEND 1553583322 INTRODUCE 36 10595
SEND 1553583322 INTRODUCE 36 33662
SEND 1553583322 INTRODUCE 36 13663
SEND 1553583322 INTRODUCE 36 10043
SEND 1553583322 INTRODUCE 36 10332
SEND 1553583322 INTRODUCE 36 13685
SEND 1553583322 INTRODUCE 36 22269
SEND 1553583322 INTRODUCE 36 9800
SEND 1553583322 INTRODUCE 36 12708
SEND 1553583322 INTRODUCE 36 14809
SEND 1553583322 INTRODUCE 36 10081
SEND 1553583322 INTRODUCE 36 10753
SEND 1553583322 INTRODUCE 36 9861
SEND 1553583322 INTRODUCE 36 22322
SEND 1553583322 INTRODUCE 36 13881
SEND 1553583322 INTRODUCE 36 11731
SEND 1553583322 INTRODUCE 36 10078
SEND 1553583322 INTRODUCE 36 13223
SEND 1553583322 INTRODUCE 36 11520
SEND 1553583322 INTRODUCE 36 15320
SEND 1553583322 JOIN 32 13624
RECIEVED 1553583322 INTRODUCE 37 29 0
SEND 1553583322 INTRODUCE 37 17565
SEND 1553583322 INTRODUCE 37 10363
SEND 1553583322 INTRODUCE 37 9971
SEND 1553583322 INTRODUCE 37 10300
SEND 1553583322 INTRODUCE 37 14472
SEND 1553583322 INTRODUCE 37 10349
SEND 1553583322 INTRODUCE 37 33040
SEND 1553583322 INTRODUCE 37 30046
SEND 1553583322 INTRODUCE 37 12318
SEND 1553583322 INTRODUCE 37 15060
SEND 1553583322 INTRODUCE 37 10681
SEND 1553583322 INTRODUCE 37 9968
SEND 1553583322 INTRODUCE 37 14460
SEND 1553583322 INTRODUCE 37 24423
SEND 1553583322 INTRODUCE 37 10047
SEND 1553583322 INTRODUCE 37 14940
SEND 1553583322 INTRODUCE 37 19505
SEND 1553583322 INTRODUCE 37 9929
SEND 1553583322 INTRODUCE 37 9609
SEND 1553583322 INTRODUCE 37 13255
SEND 1553583322 INTRODUCE 37 11948
SEND 1553583322 INTRODUCE 37 11087
SEND 1553583322 INTRODUCE 37 9975
SEND 1553583322 INTRODUCE 37 11816
SEND 1553583322 INTRODUCE 37 10304
SEND 1553583322 INTRODUCE 37 14027
SEND 1553583322 INTRODUCE 37 11008
SEND 1553583322 INTRODUCE 37 13483
SEND 1553583322 INTRODUCE 37 10924
SEND 1553583322 JOIN 32 10952
RECIEVED 1553583322 INTRODUCE 35 30 0
RECIEVED 1553583322 INTRODUCE 36 30 0
RECIEVED 1553583322 JOIN 31 30 0
RECIEVED 1553583322 INTRODUCE 36 30 0
SEND 1553583322 INTRODUCE 36 13915
SEND 1553583322 INTRODUCE 36 10156
SEND 1553583322 INTRODUCE 36 10104
SEND 1553583322 INTRODUCE 36 9327
SEND 1553583322 INTRODUCE 36 9356
SEND 1553583322 INTRODUCE 36 40612
SEND 1553583322 INTRODUCE 36 10909
SEND 1553583322 INTRODUCE 36 9202
SEND 1553583322 INTRODUCE 36 10719
SEND 1553583322 INTRODUCE 36 14798
SEND 1553583322 INTRODUCE 36 33438
SEND 1553583322 INTRODUCE 36 9523
SEND 1553583322 INTRODUCE 36 9900
SEND 1553583322 INTRODUCE 36 10119
SEND 1553583322 INTRODUCE 36 10689
SEND 1553583322 INTRODUCE 36 9659
SEND 1553583322 INTRODUCE 36 10435
SEND 1553583322 INTRODUCE 36 12460
SEND 1553583322 INTRODUCE 36 10236
SEND 1553583322 INTRODUCE 36 10442
SEND 1553583322 INTRODUCE 36 13884
SEND 1553583322 INTRODUCE 36 9430
SEND 1553583322 INTRODUCE 36 38145
SEND 1553583322 INTRODUCE 36 29016
SEND 1553583322 INTRODUCE 36 14577
SEND 1553583322 INTRODUCE 36 10806
SEND 1553583322 INTRODUCE 36 9560
SEND 1553583322 INTRODUCE 36 10952
SEND 1553583322 INTRODUCE 36 10048
SEND 1553583322 INTRODUCE 36 12880
SEND 1553583322 JOIN 32 22103
RECIEVED 1553583322 INTRODUCE 37 31 0
SEND 1553583322 INTRODUCE 37 16481
SEND 1553583322 INTRODUCE 37 12971
SEND 1553583322 INTRODUCE 37 10436
SEND 1553583322 INTRODUCE 37 14277
SEND 1553583322 INTRODUCE 37 31072
SEND 1553583322 INTRODUCE 37 13844
SEND 1553583322 INTRODUCE 37 19797
SEND 1553583322 INTRODUCE 37 14585
SEND 1553583322 INTRODUCE 37 13129
SEND 1553583322 INTRODUCE 37 11151
SEND 1553583322 INTRODUCE 37 10484
SEND 1553583322 INTRODUCE 37 9786
SEND 1553583322 INTRODUCE 37 14357
SEND 1553583322 INTRODUCE 37 16763
# recieved string JOIN node6 172.22.158.206 8006

SEND 1553583322 INTRODUCE 37 9961
SEND 1553583322 INTRODUCE 37 15220
SEND 1553583322 INTRODUCE 37 10874
SEND 1553583322 INTRODUCE 37 20335
SEND 1553583322 INTRODUCE 37 10349
SEND 1553583322 INTRODUCE 37 10200
SEND 1553583322 INTRODUCE 37 13994
SEND 1553583322 INTRODUCE 37 10352
SEND 1553583322 INTRODUCE 37 13541
SEND 1553583322 INTRODUCE 37 11718
SEND 1553583322 INTRODUCE 37 13194
SEND 1553583322 INTRODUCE 37 10790
SEND 1553583322 INTRODUCE 37 24779
SEND 1553583322 INTRODUCE 37 10288
SEND 1553583322 INTRODUCE 37 10719
SEND 1553583322 INTRODUCE 37 9245
SEND 1553583322 INTRODUCE 37 10466
SEND 1553583322 JOIN 32 14254
RECIEVED 1553583322 INTRODUCE 37 32 0
SEND 1553583322 INTRODUCE 37 12165
SEND 1553583322 INTRODUCE 37 39915
SEND 1553583322 INTRODUCE 37 15300
SEND 1553583322 INTRODUCE 37 10328
SEND 1553583322 INTRODUCE 37 9269
SEND 1553583322 INTRODUCE 37 9841
SEND 1553583322 INTRODUCE 37 9949
SEND 1553583322 INTRODUCE 37 10190
SEND 1553583322 INTRODUCE 37 11060
SEND 1553583322 INTRODUCE 37 17652
SEND 1553583322 INTRODUCE 37 11389
SEND 1553583322 INTRODUCE 37 10769
SEND 1553583322 INTRODUCE 37 10040
SEND 1553583322 INTRODUCE 37 14764
SEND 1553583322 INTRODUCE 37 12205
SEND 1553583322 INTRODUCE 37 21793
SEND 1553583322 INTRODUCE 37 34448
SEND 1553583322 INTRODUCE 37 17654
SEND 1553583322 INTRODUCE 37 9743
SEND 1553583322 INTRODUCE 37 13307
SEND 1553583322 INTRODUCE 37 11960
SEND 1553583322 INTRODUCE 37 21000
SEND 1553583322 INTRODUCE 37 9740
SEND 1553583322 INTRODUCE 37 10789
SEND 1553583322 INTRODUCE 37 13449
SEND 1553583322 INTRODUCE 37 15592
SEND 1553583322 INTRODUCE 37 16328
SEND 1553583322 INTRODUCE 37 13965
SEND 1553583322 INTRODUCE 37 10488
SEND 1553583322 INTRODUCE 37 11837
SEND 1553583322 INTRODUCE 37 10573
SEND 1553583322 INTRODUCE 37 10007
SEND 1553583322 JOIN 32 9478
RECIEVED 1553583322 INTRODUCE 36 33 0
RECIEVED 1553583322 INTRODUCE 37 33 0
RECIEVED 1553583322 INTRODUCE 37 33 0
SEND 1553583322 INTRODUCE 37 15222
SEND 1553583322 INTRODUCE 37 9126
SEND 1553583322 INTRODUCE 37 12990
SEND 1553583322 INTRODUCE 37 20772
SEND 1553583322 INTRODUCE 37 11413
SEND 1553583322 INTRODUCE 37 10168
SEND 1553583322 INTRODUCE 37 10164
SEND 1553583322 INTRODUCE 37 14593
SEND 1553583322 INTRODUCE 37 33833
SEND 1553583322 INTRODUCE 37 11021
SEND 1553583322 INTRODUCE 37 15068
SEND 1553583322 INTRODUCE 37 10256
SEND 1553583322 INTRODUCE 37 14669
SEND 1553583322 INTRODUCE 37 12569
SEND 1553583322 INTRODUCE 37 14935
SEND 1553583322 INTRODUCE 37 10880
SEND 1553583322 INTRODUCE 37 16097
SEND 1553583322 INTRODUCE 37 21108
SEND 1553583322 INTRODUCE 37 9844
SEND 1553583322 INTRODUCE 37 9658
SEND 1553583322 INTRODUCE 37 10964
SEND 1553583322 INTRODUCE 37 12047
SEND 1553583322 INTRODUCE 37 9640
SEND 1553583322 INTRODUCE 37 11467
SEND 1553583322 INTRODUCE 37 16249
SEND 1553583322 INTRODUCE 37 13640
SEND 1553583322 INTRODUCE 37 19126
SEND 1553583322 INTRODUCE 37 18791
SEND 1553583322 INTRODUCE 37 9502
SEND 1553583322 INTRODUCE 37 13440
SEND 1553583322 INTRODUCE 37 28563
SEND 1553583322 INTRODUCE 37 10031
SEND 1553583322 INTRODUCE 37 11254
SEND 1553583322 JOIN 32 10561
RECIEVED 1553583322 INTRODUCE 37 34 0
RECIEVED 1553583322 INTRODUCE 37 34 0
RECIEVED 1553583322 INTRODUCE 36 34 0
RECIEVED 1553583322 INTRODUCE 36 34 0
RECIEVED 1553583322 INTRODUCE 36 34 0
SEND 1553583322 INTRODUCE 36 12754
SEND 1553583322 INTRODUCE 36 11105
SEND 1553583322 INTRODUCE 36 9671
SEND 1553583322 INTRODUCE 36 15499
SEND 1553583322 INTRODUCE 36 15857
SEND 1553583322 INTRODUCE 36 45673
SEND 1553583322 INTRODUCE 36 9900
SEND 1553583322 INTRODUCE 36 9471
SEND 1553583322 INTRODUCE 36 9479
SEND 1553583322 INTRODUCE 36 13039
SEND 1553583322 INTRODUCE 36 9826
SEND 1553583322 INTRODUCE 36 29459
SEND 1553583322 INTRODUCE 36 16150
SEND 1553583322 INTRODUCE 36 9284
SEND 1553583322 INTRODUCE 36 9264
SEND 1553583322 INTRODUCE 36 10212
SEND 1553583322 INTRODUCE 36 11402
SEND 1553583322 INTRODUCE 36 16285
SEND 1553583322 INTRODUCE 36 32553
SEND 1553583322 INTRODUCE 36 16120
SEND 1553583322 INTRODUCE 36 10175
SEND 1553583322 INTRODUCE 36 14034
SEND 1553583322 INTRODUCE 36 14549
SEND 1553583322 INTRODUCE 36 12307
SEND 1553583322 INTRODUCE 36 13628
SEND 1553583322 INTRODUCE 36 17198
SEND 1553583322 INTRODUCE 36 11632
SEND 1553583322 INTRODUCE 36 10619
SEND 1553583322 INTRODUCE 36 10112
SEND 1553583322 INTRODUCE 36 10795
SEND 1553583322 INTRODUCE 36 9600
SEND 1553583322 INTRODUCE 36 10256
SEND 1553583322 INTRODUCE 36 14098
SEND 1553583322 INTRODUCE 36 13108
SEND 1553583322 JOIN 32 11226
RECIEVED 1553583322 INTRODUCE 36 35 0
RECIEVED 1553583322 INTRODUCE 37 35 0
RECIEVED 1553583322 INTRODUCE 37 35 0
RECIEVED 1553583322 INTRODUCE 36 35 0
SEND 1553583322 INTRODUCE 36 12257
SEND 1553583322 INTRODUCE 36 10067
SEND 1553583322 INTRODUCE 36 9938
SEND 1553583322 INTRODUCE 36 10804
SEND 1553583322 INTRODUCE 36 15170
SEND 1553583322 INTRODUCE 36 18772
SEND 1553583322 INTRODUCE 36 10176
SEND 1553583322 INTRODUCE 36 14999
SEND 1553583322 INTRODUCE 36 15149
SEND 1553583322 INTRODUCE 36 10530
SEND 1553583322 INTRODUCE 36 11545
SEND 1553583322 INTRODUCE 36 27443
SEND 1553583322 INTRODUCE 36 10083
SEND 1553583322 INTRODUCE 36 15724
SEND 1553583322 INTRODUCE 36 46491
SEND 1553583322 INTRODUCE 36 10438
SEND 1553583322 INTRODUCE 36 9820
SEND 1553583322 INTRODUCE 36 15854
SEND 1553583322 INTRODUCE 36 13494
SEND 1553583322 INTRODUCE 36 12034
SEND 1553583322 INTRODUCE 36 17945
SEND 1553583322 INTRODUCE 36 16419
SEND 1553583322 INTRODUCE 36 11098
SEND 1553583322 INTRODUCE 36 10396
SEND 1553583322 INTRODUCE 36 10983
SEND 1553583322 INTRODUCE 36 15431
SEND 1553583322 INTRODUCE 36 14942
SEND 1553583322 INTRODUCE 36 55140
SEND 1553583322 INTRODUCE 36 12571
SEND 1553583322 INTRODUCE 36 20551
SEND 1553583322 INTRODUCE 36 11424
SEND 1553583322 INTRODUCE 36 11239
SEND 1553583322 INTRODUCE 36 9935
SEND 1553583322 INTRODUCE 36 10103
SEND 1553583322 INTRODUCE 36 10997
SEND 1553583322 JOIN 32 33390
RECIEVED 1553583322 INTRODUCE 36 36 0
SEND 1553583322 INTRODUCE 36 11834
SEND 1553583322 INTRODUCE 36 54983
SEND 1553583322 INTRODUCE 36 10378
SEND 1553583322 INTRODUCE 36 15695
SEND 1553583322 INTRODUCE 36 17634
SEND 1553583322 INTRODUCE 36 9333
SEND 1553583322 INTRODUCE 36 12015
SEND 1553583322 INTRODUCE 36 14837
SEND 1553583322 INTRODUCE 36 32976
SEND 1553583322 INTRODUCE 36 12654
SEND 1553583322 INTRODUCE 36 33717
SEND 1553583322 INTRODUCE 36 9636
SEND 1553583322 INTRODUCE 36 12823
SEND 1553583322 INTRODUCE 36 11370
SEND 1553583322 INTRODUCE 36 10528
SEND 1553583322 INTRODUCE 36 10239
SEND 1553583322 INTRODUCE 36 10735
SEND 1553583322 INTRODUCE 36 8465
SEND 1553583322 INTRODUCE 36 9651
SEND 1553583322 INTRODUCE 36 13588
SEND 1553583322 INTRODUCE 36 40469
SEND 1553583322 INTRODUCE 36 11549
SEND 1553583322 INTRODUCE 36 10278
SEND 1553583322 INTRODUCE 36 9405
SEND 1553583322 INTRODUCE 36 10342
SEND 1553583322 INTRODUCE 36 10447
SEND 1553583322 INTRODUCE 36 9983
SEND 1553583322 INTRODUCE 36 14351
SEND 1553583322 INTRODUCE 36 9553
SEND 1553583322 INTRODUCE 36 10372
SEND 1553583322 INTRODUCE 36 14454
SEND 1553583322 INTRODUCE 36 15128
SEND 1553583322 INTRODUCE 36 14681
SEND 1553583322 INTRODUCE 36 15268
SEND 1553583322 INTRODUCE 36 9639
SEND 1553583322 INTRODUCE 36 10348
SEND 1553583322 JOIN 32 14205
RECIEVED 1553583322 JOIN 31 37 0
RECIEVED 1553583322 INTRODUCE 37 37 0
RECIEVED 1553583322 INTRODUCE 36 37 0
RECIEVED 1553583322 INTRODUCE 36 37 0
RECIEVED 1553583322 INTRODUCE 37 37 0
SEND 1553583322 INTRODUCE 37 23119
SEND 1553583322 INTRODUCE 37 10483
SEND 1553583322 INTRODUCE 37 9551
SEND 1553583322 INTRODUCE 37 9213
SEND 1553583322 INTRODUCE 37 10272
SEND 1553583322 INTRODUCE 37 10887
SEND 1553583322 INTRODUCE 37 13480
SEND 1553583322 INTRODUCE 37 15099
SEND 1553583322 INTRODUCE 37 13385
SEND 1553583322 INTRODUCE 37 9333
# recieved string JOIN node1 172.22.156.206 8001

SEND 1553583322 INTRODUCE 37 9846
SEND 1553583322 INTRODUCE 37 9979
SEND 1553583322 INTRODUCE 37 10335
SEND 1553583322 INTRODUCE 37 10276
SEND 1553583322 INTRODUCE 37 9840
SEND 1553583322 INTRODUCE 37 11286
SEND 1553583322 INTRODUCE 37 9871
SEND 1553583322 INTRODUCE 37 9327
SEND 1553583322 INTRODUCE 37 29307
SEND 1553583322 INTRODUCE 37 13535
SEND 1553583322 INTRODUCE 37 9342
SEND 1553583322 INTRODUCE 37 10045
SEND 1553583322 INTRODUCE 37 10689
SEND 1553583322 INTRODUCE 37 28763
SEND 1553583322 INTRODUCE 37 9749
SEND 1553583322 INTRODUCE 37 14570
SEND 1553583322 INTRODUCE 37 15169
SEND 1553583322 INTRODUCE 37 14346
SEND 1553583322 INTRODUCE 37 12308
SEND 1553583322 INTRODUCE 37 10518
SEND 1553583322 INTRODUCE 37 10203
SEND 1553583322 INTRODUCE 37 14280
SEND 1553583322 INTRODUCE 37 13916
SEND 1553583322 INTRODUCE 37 12471
SEND 1553583322 INTRODUCE 37 12537
SEND 1553583322 INTRODUCE 37 21067
SEND 1553583322 INTRODUCE 37 14142
SEND 1553583322 JOIN 32 10405
RECIEVED 1553583322 INTRODUCE 36 38 0
RECIEVED 1553583322 INTRODUCE 37 38 0
RECIEVED 1553583322 INTRODUCE 36 38 0
RECIEVED 1553583322 INTRODUCE 37 38 0
RECIEVED 1553583322 INTRODUCE 36 38 0
RECIEVED 1553583322 INTRODUCE 36 38 0
SEND 1553583322 INTRODUCE 36 13095
SEND 1553583322 INTRODUCE 36 10842
SEND 1553583322 INTRODUCE 36 13112
SEND 1553583322 INTRODUCE 36 12200
SEND 1553583322 INTRODUCE 36 32106
# recieved string JOIN node17 172.22.158.206 8017

SEND 1553583322 INTRODUCE 36 9474
SEND 1553583322 INTRODUCE 36 12355
SEND 1553583322 INTRODUCE 36 9994
SEND 1553583322 INTRODUCE 36 9800
SEND 1553583322 INTRODUCE 36 10378
SEND 1553583322 INTRODUCE 36 16299
SEND 1553583322 INTRODUCE 36 9705
SEND 1553583322 INTRODUCE 36 12976
SEND 1553583322 INTRODUCE 36 13708
SEND 1553583322 INTRODUCE 36 11025
SEND 1553583322 INTRODUCE 36 10132
SEND 1553583322 INTRODUCE 36 16657
SEND 1553583322 INTRODUCE 36 10995
SEND 1553583322 INTRODUCE 36 10208
SEND 1553583322 INTRODUCE 36 19981
SEND 1553583322 INTRODUCE 36 10263
SEND 1553583322 INTRODUCE 36 20119
SEND 1553583322 INTRODUCE 36 13551
SEND 1553583322 INTRODUCE 36 10862
SEND 1553583322 INTRODUCE 36 20299
SEND 1553583322 INTRODUCE 36 10915
SEND 1553583322 INTRODUCE 36 10701
SEND 1553583322 INTRODUCE 36 16035
SEND 1553583322 INTRODUCE 36 9653
SEND 1553583322 INTRODUCE 36 17389
SEND 1553583322 INTRODUCE 36 10154
SEND 1553583322 INTRODUCE 36 9632
SEND 1553583322 INTRODUCE 36 10432
SEND 1553583322 INTRODUCE 36 19098
SEND 1553583322 INTRODUCE 36 16051
SEND 1553583322 INTRODUCE 36 19778
SEND 1553583322 INTRODUCE 36 10864
SEND 1553583322 INTRODUCE 36 20206
SEND 1553583322 JOIN 32 40242
RECIEVED 1553583322 INTRODUCE 37 39 0
RECIEVED 1553583322 INTRODUCE 36 39 0
RECIEVED 1553583322 INTRODUCE 36 39 0
RECIEVED 1553583322 INTRODUCE 36 39 0
SEND 1553583322 INTRODUCE 36 11856
SEND 1553583322 INTRODUCE 36 16717
SEND 1553583322 INTRODUCE 36 12976
SEND 1553583322 INTRODUCE 36 10517
SEND 1553583322 INTRODUCE 36 20232
SEND 1553583322 INTRODUCE 36 13613
SEND 1553583322 INTRODUCE 36 19470
SEND 1553583322 INTRODUCE 36 10187
SEND 1553583322 INTRODUCE 36 10214
SEND 1553583322 INTRODUCE 36 22391
SEND 1553583322 INTRODUCE 36 10297
SEND 1553583322 INTRODUCE 36 10556
SEND 1553583322 INTRODUCE 36 10700
SEND 1553583322 INTRODUCE 36 9945
SEND 1553583322 INTRODUCE 36 14316
SEND 1553583322 INTRODUCE 36 10638
SEND 1553583322 INTRODUCE 36 19683
SEND 1553583322 INTRODUCE 36 13092
SEND 1553583322 INTRODUCE 36 10461
SEND 1553583322 INTRODUCE 36 13759
SEND 1553583322 INTRODUCE 36 10376
SEND 1553583322 INTRODUCE 36 26883
SEND 1553583322 INTRODUCE 36 14832
SEND 1553583322 INTRODUCE 36 9510
SEND 1553583322 INTRODUCE 36 15023
SEND 1553583322 INTRODUCE 36 13825
SEND 1553583322 INTRODUCE 36 10604
SEND 1553583322 INTRODUCE 36 10408
SEND 1553583322 INTRODUCE 36 10686
SEND 1553583322 INTRODUCE 36 13708
SEND 1553583322 INTRODUCE 36 16547
SEND 1553583322 INTRODUCE 36 10657
SEND 1553583322 INTRODUCE 36 9063
SEND 1553583322 INTRODUCE 36 10719
SEND 1553583322 INTRODUCE 36 13059
SEND 1553583322 INTRODUCE 36 14777
SEND 1553583322 INTRODUCE 36 10363
SEND 1553583322 INTRODUCE 36 13932
SEND 1553583322 INTRODUCE 36 11661
SEND 1553583322 JOIN 32 14301
RECIEVED 1553583322 INTRODUCE 37 40 0
SEND 1553583322 INTRODUCE 37 12932
SEND 1553583322 INTRODUCE 37 14288
SEND 1553583322 INTRODUCE 37 10939
SEND 1553583322 INTRODUCE 37 21629
SEND 1553583322 INTRODUCE 37 11250
SEND 1553583322 INTRODUCE 37 11406
SEND 1553583322 INTRODUCE 37 10452
SEND 1553583322 INTRODUCE 37 17080
SEND 1553583322 INTRODUCE 37 17083
SEND 1553583322 INTRODUCE 37 11337
SEND 1553583322 INTRODUCE 37 11122
SEND 1553583322 INTRODUCE 37 12069
SEND 1553583322 INTRODUCE 37 9867
SEND 1553583322 INTRODUCE 37 19207
SEND 1553583322 INTRODUCE 37 11015
SEND 1553583322 INTRODUCE 37 13368
SEND 1553583322 INTRODUCE 37 15153
SEND 1553583322 INTRODUCE 37 9800
SEND 1553583322 INTRODUCE 37 10367
SEND 1553583322 INTRODUCE 37 14873
SEND 1553583322 INTRODUCE 37 18188
SEND 1553583322 INTRODUCE 37 14788
SEND 1553583322 INTRODUCE 37 39226
SEND 1553583322 INTRODUCE 37 14348
SEND 1553583322 INTRODUCE 37 9010
SEND 1553583322 INTRODUCE 37 13403
SEND 1553583322 INTRODUCE 37 20308
SEND 1553583322 INTRODUCE 37 30721
SEND 1553583322 INTRODUCE 37 10180
SEND 1553583322 INTRODUCE 37 37687
SEND 1553583322 INTRODUCE 37 11104
SEND 1553583322 INTRODUCE 37 10156
SEND 1553583322 INTRODUCE 37 12231
SEND 1553583322 INTRODUCE 37 19336
SEND 1553583322 INTRODUCE 37 20509
SEND 1553583322 INTRODUCE 37 10468
SEND 1553583322 INTRODUCE 37 10673
SEND 1553583322 INTRODUCE 37 10191
SEND 1553583322 INTRODUCE 37 9888
SEND 1553583322 INTRODUCE 37 16146
SEND 1553583322 JOIN 32 18296
RECIEVED 1553583322 INTRODUCE 35 41 0
RECIEVED 1553583322 INTRODUCE 37 41 0
RECIEVED 1553583322 JOIN 32 41 0
RECIEVED 1553583322 INTRODUCE 36 41 0
RECIEVED 1553583322 INTRODUCE 37 41 0
RECIEVED 1553583322 INTRODUCE 37 41 0
RECIEVED 1553583322 INTRODUCE 36 41 0
RECIEVED 1553583322 INTRODUCE 35 41 0
SEND 1553583322 INTRODUCE 35 20790
SEND 1553583322 INTRODUCE 35 10087
SEND 1553583322 INTRODUCE 35 14426
SEND 1553583322 INTRODUCE 35 20744
SEND 1553583322 INTRODUCE 35 9441
SEND 1553583322 INTRODUCE 35 9691
SEND 1553583322 INTRODUCE 35 10676
SEND 1553583322 INTRODUCE 35 17755
SEND 1553583322 INTRODUCE 35 15240
SEND 1553583322 INTRODUCE 35 11367
SEND 1553583322 INTRODUCE 35 9339
SEND 1553583322 INTRODUCE 35 10551
SEND 1553583322 INTRODUCE 35 9848
SEND 1553583322 INTRODUCE 35 9776
SEND 1553583322 INTRODUCE 35 13938
SEND 1553583322 INTRODUCE 35 14691
SEND 1553583322 INTRODUCE 35 10047
SEND 1553583322 INTRODUCE 35 10145
SEND 1553583322 INTRODUCE 35 10351
SEND 1553583322 INTRODUCE 35 15290
SEND 1553583322 INTRODUCE 35 11134
SEND 1553583322 INTRODUCE 35 21364
SEND 1553583322 INTRODUCE 35 10339
SEND 1553583322 INTRODUCE 35 9525
SEND 1553583322 INTRODUCE 35 10167
SEND 1553583322 INTRODUCE 35 9928
SEND 1553583322 INTRODUCE 35 13773
SEND 1553583322 INTRODUCE 35 12639
SEND 1553583322 INTRODUCE 35 10660
SEND 1553583322 INTRODUCE 35 15019
SEND 1553583322 INTRODUCE 35 9434
SEND 1553583322 INTRODUCE 35 20463
# Failed listening 
%!(EXTRA string=node9)# ERROR: read tcp 172.22.158.206:59254->172.22.94.216:8009: read: connection reset by peer
SEND 1553583322 INTRODUCE 35 9422
SEND 1553583322 INTRODUCE 35 10953
SEND 1553583322 INTRODUCE 35 11013
SEND 1553583322 INTRODUCE 35 10757
SEND 1553583322 INTRODUCE 35 10419
SEND 1553583322 INTRODUCE 35 10323
SEND 1553583322 INTRODUCE 35 11638
SEND 1553583322 INTRODUCE 35 8651
SEND 1553583322 INTRODUCE 35 8807
SEND 1553583322 JOIN 32 13691
RECIEVED 1553583322 INTRODUCE 35 42 0
RECIEVED 1553583322 INTRODUCE 36 42 0
SEND 1553583322 INTRODUCE 36 17581
SEND 1553583322 INTRODUCE 36 9917
SEND 1553583322 INTRODUCE 36 15550
SEND 1553583322 INTRODUCE 36 12593
SEND 1553583322 INTRODUCE 36 10657
SEND 1553583322 INTRODUCE 36 10089
SEND 1553583322 INTRODUCE 36 9383
SEND 1553583322 INTRODUCE 36 10281
SEND 1553583322 INTRODUCE 36 11051
SEND 1553583322 INTRODUCE 36 10711
SEND 1553583322 INTRODUCE 36 9824
SEND 1553583322 INTRODUCE 36 13901
# Failed sending to node node9
# ERROR: write tcp 172.22.158.206:59254->172.22.94.216:8009: write: broken pipe
SEND 1553583322 INTRODUCE 36 9629
SEND 1553583322 INTRODUCE 36 15659
SEND 1553583322 INTRODUCE 36 14379
SEND 1553583322 INTRODUCE 36 12243
SEND 1553583322 INTRODUCE 36 16129
SEND 1553583322 INTRODUCE 36 11199
SEND 1553583322 INTRODUCE 36 16337
SEND 1553583322 INTRODUCE 36 9653
SEND 1553583322 INTRODUCE 36 13825
SEND 1553583322 INTRODUCE 36 11737
SEND 1553583322 INTRODUCE 36 20073
SEND 1553583322 INTRODUCE 36 11753
SEND 1553583322 INTRODUCE 36 9462
SEND 1553583322 INTRODUCE 36 13587
SEND 1553583322 INTRODUCE 36 10252
# Failed listening 
%!(EXTRA string=node3)# ERROR: read tcp 172.22.158.206:41412->172.22.94.216:8003: read: connection reset by peer
SEND 1553583322 INTRODUCE 36 13156
SEND 1553583322 INTRODUCE 36 29867
SEND 1553583322 INTRODUCE 36 10584
SEND 1553583322 INTRODUCE 36 11580
SEND 1553583322 INTRODUCE 36 10016
SEND 1553583322 INTRODUCE 36 9803
# Failed sending to node node3
# ERROR: write tcp 172.22.158.206:41412->172.22.94.216:8003: write: broken pipe
SEND 1553583322 INTRODUCE 36 13555
SEND 1553583322 INTRODUCE 36 15113
SEND 1553583322 INTRODUCE 36 19754
SEND 1553583322 INTRODUCE 36 17021
SEND 1553583322 INTRODUCE 36 10533
SEND 1553583322 INTRODUCE 36 10609
SEND 1553583322 INTRODUCE 36 10781
SEND 1553583322 JOIN 32 9819
RECIEVED 1553583322 INTRODUCE 37 43 0
RECIEVED 1553583322 INTRODUCE 36 43 0
SEND 1553583322 INTRODUCE 36 10817
# Failed sending to node node3
# ERROR: write tcp 172.22.158.206:41412->172.22.94.216:8003: write: broken pipe
# Failed listening 
%!(EXTRA string=node4)# ERROR: read tcp 172.22.158.206:37528->172.22.158.206:8004: read: connection reset by peer
# recieved string JOIN node0 172.22.156.206 8000

# recieved string JOIN node2 172.22.156.206 8002

# recieved string JOIN node12 172.22.156.206 8012

# recieved string JOIN node13 172.22.94.216 8013

# recieved string JOIN node14 172.22.94.216 8014

# recieved string JOIN node7 172.22.156.206 8007

# recieved string JOIN node1 172.22.158.206 8001

# recieved string JOIN node3 172.22.156.206 8003

# Failed listening 
%!(EXTRA string=node17)# ERROR: read tcp 172.22.158.206:33388->172.22.158.206:8017: read: connection reset by peer
# recieved string JOIN node2 172.22.94.216 8002

# recieved string JOIN node18 172.22.156.206 8018

# recieved string JOIN node7 172.22.158.206 8007

# recieved string JOIN node9 172.22.158.206 8009

# recieved string JOIN node8 172.22.156.206 8008

# recieved string JOIN node9 172.22.156.206 8009

# recieved string JOIN node15 172.22.158.206 8015

# Failed listening 
%!(EXTRA string=node14)# ERROR: read tcp 172.22.158.206:52998->172.22.158.206:8014: read: connection reset by peer
# Failed listening 
%!(EXTRA string=node2)# ERROR: read tcp 172.22.158.206:33670->172.22.156.207:8002: read: connection reset by peer
# Failed listening 
%!(EXTRA string=node11)# ERROR: read tcp 172.22.158.206:37792->172.22.156.207:8011: read: connection reset by peer
# Failed listening 
%!(EXTRA string=node3)# ERROR: read tcp 172.22.158.206:35982->172.22.156.207:8003: read: connection reset by peer
# Failed listening 
%!(EXTRA string=node4)# ERROR: EOF
# Failed listening 
%!(EXTRA string=node15)# ERROR: read tcp 172.22.158.206:41856->172.22.156.207:8015: read: connection reset by peer
# Failed listening 
%!(EXTRA string=node19)# ERROR: read tcp 172.22.158.206:42652->172.22.156.207:8019: read: connection reset by peer
# Failed listening 
%!(EXTRA string=node6)# ERROR: read tcp 172.22.158.206:40318->172.22.156.207:8006: read: connection reset by peer
# Failed listening 
%!(EXTRA string=node8)# ERROR: read tcp 172.22.158.206:35434->172.22.158.207:8008: read: connection reset by peer
# Failed listening 
%!(EXTRA string=node8)# ERROR: read tcp 172.22.158.206:40218->172.22.156.207:8008: read: connection reset by peer
# Failed listening 
%!(EXTRA string=node16)# ERROR: read tcp 172.22.158.206:39652->172.22.158.207:8016: read: connection reset by peer
# Failed listening 
%!(EXTRA string=node12)# ERROR: read tcp 172.22.158.206:45850->172.22.158.207:8012: read: connection reset by peer
# Failed listening 
%!(EXTRA string=node2)# ERROR: read tcp 172.22.158.206:57344->172.22.158.207:8002: read: connection reset by peer
# Failed listening 
%!(EXTRA string=node10)# ERROR: read tcp 172.22.158.206:51162->172.22.158.207:8010: read: connection reset by peer
# Failed listening 
%!(EXTRA string=node9)# ERROR: read tcp 172.22.158.206:59234->172.22.158.207:8009: read: connection reset by peer
# Failed listening 
%!(EXTRA string=node16)# ERROR: read tcp 172.22.158.206:47556->172.22.156.207:8016: read: connection reset by peer
# Failed listening 
%!(EXTRA string=node19)# ERROR: read tcp 172.22.158.206:56144->172.22.158.207:8019: read: connection reset by peer
# Failed listening 
%!(EXTRA string=node15)# ERROR: read tcp 172.22.158.206:38176->172.22.94.216:8015: read: connection reset by peer
# Failed listening 
%!(EXTRA string=node19)# ERROR: read tcp 172.22.158.206:39734->172.22.94.216:8019: read: connection reset by peer
# Failed listening 
%!(EXTRA string=node9)# ERROR: read tcp 172.22.158.206:33060->172.22.158.206:8009: read: connection reset by peer
# Failed listening 
%!(EXTRA string=node14)# ERROR: read tcp 172.22.158.206:60708->172.22.94.216:8014: read: connection reset by peer
# Failed listening 
%!(EXTRA string=node0)# ERROR: EOF
# Failed listening 
%!(EXTRA string=node10)# ERROR: EOF
# Failed listening 
%!(EXTRA string=node8)# ERROR: EOF
# Failed listening 
%!(EXTRA string=node16)# ERROR: EOF
# Failed listening 
%!(EXTRA string=node4)# ERROR: EOF
# Failed listening 
%!(EXTRA string=node12)# ERROR: read tcp 172.22.158.206:39400->172.22.94.216:8012: read: connection reset by peer
# Failed listening 
%!(EXTRA string=node6)# ERROR: read tcp 172.22.158.206:39810->172.22.94.216:8006: read: connection reset by peer
# Failed listening 
%!(EXTRA string=node12)# ERROR: EOF
# Failed listening 
%!(EXTRA string=node3)# ERROR: EOF
# Failed listening 
%!(EXTRA string=node11)# ERROR: EOF
# Failed listening 
%!(EXTRA string=node10)# ERROR: EOF
# Failed listening 
%!(EXTRA string=node8)# ERROR: EOF
# Failed listening 
%!(EXTRA string=node7)# ERROR: read tcp 172.22.158.206:43002->172.22.158.206:8007: read: connection reset by peer
# Failed listening 
%!(EXTRA string=node0)# ERROR: EOF
# Failed listening 
%!(EXTRA string=node16)# ERROR: read tcp 172.22.158.206:49568->172.22.158.206:8016: read: connection reset by peer
