RECIEVED 1553583324 INTRODUCE 37 0 0
SEND 1553583324 JOIN 31 15994
RECIEVED 1553583324 INTRODUCE 36 1 0
SEND 1553583324 INTRODUCE 36 33274
SEND 1553583324 JOIN 31 10947
RECIEVED 1553583324 INTRODUCE 36 2 0
SEND 1553583324 INTRODUCE 36 10006
SEND 1553583324 INTRODUCE 36 10698
SEND 1553583324 JOIN 31 10568
RECIEVED 1553583325 TRANSACTION 80 3 0
UPDATE 1553583325 TRANSACTION 1b5f7f1f74f1f920022e27dbd1f1b662
RECIEVED 1553583333 TRANSACTION 81 3 1
UPDATE 1553583333 TRANSACTION 073447f052bf440529a17c37e1f212d9
SEND 1553583333 TRANSACTION 81 33935 073447f052bf440529a17c37e1f212d9
RECIEVED 1553583334 HB 3 3 2
SEND 1553583334 INTRODUCE 37 51740
SEND 1553583334 INTRODUCE 36 24963
SEND 1553583334 INTRODUCE 36 20999
# Failed listening 
%!(EXTRA string=node14)# ERROR: read tcp 172.22.156.206:49064->172.22.158.207:8014: read: connection reset by peer
RECIEVED 1553583344 HB 3 3 2
RECIEVED 1553583355 HB 3 3 2
RECIEVED 1553583359 TRANSACTION 81 3 2
UPDATE 1553583359 TRANSACTION 5aa3036e02341de1ae5f117f01fc3ea4
RECIEVED 1553583365 HB 3 3 3
RECIEVED 1553583365 TRANSACTION 81 3 3
UPDATE 1553583365 TRANSACTION 4f6acb635abd0aeac599ab2d6ed73e60
SEND 1553583365 TRANSACTION 81 23680 4f6acb635abd0aeac599ab2d6ed73e60
RECIEVED 1553583365 TRANSACTION 82 3 4
UPDATE 1553583365 TRANSACTION bc839f5c3d489e2c2e88bd804e665b7d
SEND 1553583365 TRANSACTION 82 27673 bc839f5c3d489e2c2e88bd804e665b7d
RECIEVED 1553583366 TRANSACTION 81 3 5
UPDATE 1553583366 TRANSACTION 1de33fa20b71ec1c7472be064bb36e9d
# Failed sending to node node14
# ERROR: write tcp 172.22.156.206:49064->172.22.158.207:8014: write: broken pipe
# Could not send message to node14
SEND 1553583366 TRANSACTION 81 26175 1de33fa20b71ec1c7472be064bb36e9d
RECIEVED 1553583369 TRANSACTION 82 2 6
UPDATE 1553583369 TRANSACTION 1b225cd495ce341149da3b13fa394258
RECIEVED 1553583371 TRANSACTION 82 2 7
UPDATE 1553583371 TRANSACTION ed0ad9c4d0f8d0f2d96b7f86ee942a32
SEND 1553583371 TRANSACTION 82 26001 ed0ad9c4d0f8d0f2d96b7f86ee942a32
RECIEVED 1553583375 HB 3 2 8
RECIEVED 1553583382 TRANSACTION 81 2 8
UPDATE 1553583382 TRANSACTION 0d6e249364d79df622dfee259cf6a433
SEND 1553583382 TRANSACTION 81 37241 0d6e249364d79df622dfee259cf6a433
SEND 1553583382 TRANSACTION 81 17894 0d6e249364d79df622dfee259cf6a433
RECIEVED 1553583385 HB 3 2 9
SEND 1553583385 INTRODUCE 36 51701
SEND 1553583385 INTRODUCE 36 16463
RECIEVED 1553583394 TRANSACTION 82 2 9
UPDATE 1553583394 TRANSACTION 76938d48caa88dc6f8a0ede423159a12
SEND 1553583394 TRANSACTION 82 25384 76938d48caa88dc6f8a0ede423159a12
RECIEVED 1553583394 TRANSACTION 81 2 10
UPDATE 1553583394 TRANSACTION 03e157681a35ebc4af42bc7030dafa5e
SEND 1553583394 TRANSACTION 81 48334 03e157681a35ebc4af42bc7030dafa5e
RECIEVED 1553583395 HB 3 2 11
RECIEVED 1553583396 TRANSACTION 81 2 11
UPDATE 1553583396 TRANSACTION 92a4c7631abf7c4941f1da4b0ff3fd47
SEND 1553583396 TRANSACTION 81 30404 92a4c7631abf7c4941f1da4b0ff3fd47
RECIEVED 1553583401 TRANSACTION 83 2 12
UPDATE 1553583401 TRANSACTION e45665b5d5f0fe88a7b1997fbd40438e
SEND 1553583401 TRANSACTION 83 32425 e45665b5d5f0fe88a7b1997fbd40438e
RECIEVED 1553583405 HB 3 2 13
RECIEVED 1553583405 TRANSACTION 81 2 13
UPDATE 1553583405 TRANSACTION dbe354cab7db3f1966796fdd4808ffb4
RECIEVED 1553583407 TRANSACTION 80 2 14
UPDATE 1553583407 TRANSACTION 3de25498e70f39f323cbc98edd40c9dd
SEND 1553583407 TRANSACTION 80 35405 3de25498e70f39f323cbc98edd40c9dd
RECIEVED 1553583409 TRANSACTION 81 2 15
UPDATE 1553583409 TRANSACTION 13a597008769f3990866a48b25611e75
RECIEVED 1553583410 TRANSACTION 81 2 16
UPDATE 1553583410 TRANSACTION 5675aedec242670a225e9375da6d7bdc
SEND 1553583410 TRANSACTION 81 39239 5675aedec242670a225e9375da6d7bdc
RECIEVED 1553583412 TRANSACTION 79 2 17
UPDATE 1553583412 TRANSACTION 6ea3d72f7ed1ffc6ebb29480652dcdc2
SEND 1553583412 TRANSACTION 79 35845 6ea3d72f7ed1ffc6ebb29480652dcdc2
SEND 1553583412 TRANSACTION 79 34441 6ea3d72f7ed1ffc6ebb29480652dcdc2
RECIEVED 1553583415 HB 3 2 18
RECIEVED 1553583416 TRANSACTION 81 2 18
UPDATE 1553583416 TRANSACTION 3982906a29cb43ddd6fbc60994d626d2
RECIEVED 1553583423 TRANSACTION 81 2 19
UPDATE 1553583423 TRANSACTION b52c2c0687a2f777e715bf3cf9e40b3d
RECIEVED 1553583425 HB 3 2 20
RECIEVED 1553583435 HB 3 2 20
RECIEVED 1553583437 TRANSACTION 81 2 20
UPDATE 1553583437 TRANSACTION df2cb4277da4fb043433fea0e1d17e4c
SEND 1553583437 TRANSACTION 81 41000 df2cb4277da4fb043433fea0e1d17e4c
SEND 1553583437 TRANSACTION 81 22415 df2cb4277da4fb043433fea0e1d17e4c
RECIEVED 1553583445 TRANSACTION 79 2 21
UPDATE 1553583445 TRANSACTION 31a8a3bfb52b9868a28502989f435802
RECIEVED 1553583445 HB 3 2 22
SEND 1553583445 INTRODUCE 36 44990
SEND 1553583445 INTRODUCE 36 23486
RECIEVED 1553583446 TRANSACTION 81 2 22
UPDATE 1553583446 TRANSACTION 24f8bcf56b5dc52519758c2b865313f3
SEND 1553583446 TRANSACTION 81 39041 24f8bcf56b5dc52519758c2b865313f3
SEND 1553583446 TRANSACTION 81 20867 24f8bcf56b5dc52519758c2b865313f3
RECIEVED 1553583455 HB 3 2 23
RECIEVED 1553583456 TRANSACTION 81 2 23
UPDATE 1553583456 TRANSACTION 0216b6cab14c7bc460e999fe769348a9
RECIEVED 1553583465 HB 3 2 24
# Failed listening 
%!(EXTRA string=node16)# ERROR: read tcp 172.22.156.206:56400->172.22.94.216:8016: read: connection reset by peer
RECIEVED 1553583468 TRANSACTION 81 2 24
UPDATE 1553583468 TRANSACTION 8f06439f5cb2a75e72a782a834b123f6
# Failed listening 
%!(EXTRA string=node2)# ERROR: read tcp 172.22.156.206:41802->172.22.158.206:8002: read: connection reset by peer
