RECIEVED 1553583311 INTRODUCE 169 0 0
SEND 1553583311 JOIN 164 31303
RECIEVED 1553583311 TRANSACTION 209 1 0
UPDATE 1553583311 TRANSACTION 707b13e4ad17310f82010ad85d9a83cb
SEND 1553583311 TRANSACTION 209 17092
RECIEVED 1553583311 TRANSACTION 208 1 1
UPDATE 1553583311 TRANSACTION c308a14c2a7030b155373fcb3d4001cd
SEND 1553583311 TRANSACTION 208 15452
RECIEVED 1553583311 TRANSACTION 209 1 2
UPDATE 1553583311 TRANSACTION e405dfb8663d7e7eadbfbdc8524d9420
SEND 1553583311 TRANSACTION 209 22407
RECIEVED 1553583311 TRANSACTION 209 1 3
UPDATE 1553583311 TRANSACTION 89311a0e8740e00545378f2a9b7126dc
SEND 1553583311 TRANSACTION 209 24691
# Listen attempt 1.
# json: cannot unmarshal object into Go struct field Node.Sock of type net.Conn
RECIEVED 1553583311 TRANSACTION 210 1 4
UPDATE 1553583311 TRANSACTION 9e1d8dd9b43e13adf26a1b8c0dfd7cb3
SEND 1553583311 TRANSACTION 210 16183
RECIEVED 1553583311 TRANSACTION 209 1 5
UPDATE 1553583311 TRANSACTION dd7492bc7e54b5d606e5592c3f60c2d5
SEND 1553583311 TRANSACTION 209 15952
RECIEVED 1553583311 TRANSACTION 209 1 6
UPDATE 1553583311 TRANSACTION cab2dff44cc49fd7b517f16bfa8d32a6
SEND 1553583311 TRANSACTION 209 17752
RECIEVED 1553583311 TRANSACTION 208 1 7
UPDATE 1553583311 TRANSACTION 6b7c0a8a1084c853857d0c94fb026e42
SEND 1553583311 TRANSACTION 208 18053
RECIEVED 1553583312 TRANSACTION 209 1 8
UPDATE 1553583312 TRANSACTION 4e7238b17fada3ccd561b1855dcef192
SEND 1553583312 TRANSACTION 209 17261
RECIEVED 1553583312 TRANSACTION 209 1 9
UPDATE 1553583312 TRANSACTION 788b1c98df10c7ebfc54d5ecfa3194f3
SEND 1553583312 TRANSACTION 209 17084
RECIEVED 1553583312 TRANSACTION 209 1 10
RECIEVED 1553583312 HB 139 1 10
SEND 1553583312 PING 262 69380
RECIEVED 1553583312 TRANSACTION 208 1 10
UPDATE 1553583312 TRANSACTION dff355233cf6244819f40699da29d3c3
SEND 1553583312 TRANSACTION 208 16231
RECIEVED 1553583312 TRANSACTION 208 1 11
UPDATE 1553583312 TRANSACTION b8c3df7165c46d6440d355959964df17
SEND 1553583312 TRANSACTION 208 17324
RECIEVED 1553583312 TRANSACTION 210 1 12
UPDATE 1553583312 TRANSACTION 20a37e47d987d555df45f10ce86bc193
SEND 1553583312 TRANSACTION 210 16925
# Listen attempt 1.
# json: cannot unmarshal object into Go struct field Node.Sock of type net.Conn
RECIEVED 1553583312 TRANSACTION 208 1 13
UPDATE 1553583312 TRANSACTION be5d05edaf9411ecd7715d49f5c338ad
SEND 1553583312 TRANSACTION 208 15991
RECIEVED 1553583312 TRANSACTION 209 1 14
UPDATE 1553583312 TRANSACTION babf17e7226cd7b2f0f71155eaff5bcf
SEND 1553583312 TRANSACTION 209 16625
RECIEVED 1553583312 TRANSACTION 208 1 15
UPDATE 1553583312 TRANSACTION 8828fd55fb0d35fbcf3b35edd26b7a40
SEND 1553583312 TRANSACTION 208 22775
RECIEVED 1553583312 TRANSACTION 208 1 16
UPDATE 1553583312 TRANSACTION 36c57a8e8c304824444a54d7e7a9c84b
SEND 1553583312 TRANSACTION 208 15363
RECIEVED 1553583312 TRANSACTION 209 1 17
UPDATE 1553583312 TRANSACTION a688194f6f79d69b77c4b74f6adb710c
SEND 1553583312 TRANSACTION 209 21308
RECIEVED 1553583312 TRANSACTION 209 1 18
UPDATE 1553583312 TRANSACTION 85bcf92b1e253bd0e0164390e3dcf0ec
SEND 1553583312 TRANSACTION 209 17058
RECIEVED 1553583313 TRANSACTION 209 1 19
UPDATE 1553583313 TRANSACTION 70a493057370cf6f00ed647d0d58a375
SEND 1553583313 TRANSACTION 209 25959
RECIEVED 1553583313 TRANSACTION 209 1 20
RECIEVED 1553583313 TRANSACTION 209 1 20
UPDATE 1553583313 TRANSACTION 3f2ba43eb674665cc6e6706c55adbf86
SEND 1553583313 TRANSACTION 209 17521
RECIEVED 1553583313 TRANSACTION 207 1 21
UPDATE 1553583313 TRANSACTION 7a601dccd58cc93ec6f26d008bc7f87b
SEND 1553583313 TRANSACTION 207 14710
RECIEVED 1553583313 TRANSACTION 209 1 22
UPDATE 1553583313 TRANSACTION b559f130f3c543c7299dc6536fa7fdef
SEND 1553583313 TRANSACTION 209 17211
RECIEVED 1553583313 HB 139 1 23
SEND 1553583313 PING 262 55160
RECIEVED 1553583313 TRANSACTION 208 1 23
UPDATE 1553583313 TRANSACTION 53a0498903f101d4a5775f3cf025a178
SEND 1553583313 TRANSACTION 208 18081
RECIEVED 1553583313 TRANSACTION 209 1 24
UPDATE 1553583313 TRANSACTION d8afddff3b78237694f5cd14a852d7e4
SEND 1553583313 TRANSACTION 209 14124
RECIEVED 1553583313 TRANSACTION 209 1 25
UPDATE 1553583313 TRANSACTION 5a9bb9a68f16e9dc82df82ee8d26ab7b
SEND 1553583313 TRANSACTION 209 10514
RECIEVED 1553583313 TRANSACTION 208 1 26
UPDATE 1553583313 TRANSACTION b191f2688293dff6d50639dbacee22d2
SEND 1553583313 TRANSACTION 208 16015
RECIEVED 1553583313 TRANSACTION 210 1 27
UPDATE 1553583313 TRANSACTION 6285bb13967111077b9b022075cd5ef3
SEND 1553583313 TRANSACTION 210 23879
# Listen attempt 1.
# json: cannot unmarshal object into Go struct field Node.Sock of type net.Conn
RECIEVED 1553583313 TRANSACTION 208 1 28
UPDATE 1553583313 TRANSACTION 0a17495491dd35fa99cf03131e7ea4b3
SEND 1553583313 TRANSACTION 208 30992
RECIEVED 1553583313 TRANSACTION 209 1 29
UPDATE 1553583313 TRANSACTION 87f6ee7d83b4c7dce988ec9bf4b4dd06
SEND 1553583313 TRANSACTION 209 16794
RECIEVED 1553583313 TRANSACTION 209 1 30
UPDATE 1553583313 TRANSACTION 0f4bc8966878e1093a700f311d03edfd
SEND 1553583313 TRANSACTION 209 24779
RECIEVED 1553583313 TRANSACTION 209 1 31
UPDATE 1553583313 TRANSACTION 8bf8c47a8ece79316404e043d4904f38
SEND 1553583313 TRANSACTION 209 23157
RECIEVED 1553583313 TRANSACTION 208 1 32
UPDATE 1553583313 TRANSACTION 034ced17f254b735dd50924fa83a0fed
SEND 1553583313 TRANSACTION 208 15003
RECIEVED 1553583313 TRANSACTION 209 1 33
UPDATE 1553583313 TRANSACTION 50468551410fe4968088b71b285b20d5
SEND 1553583313 TRANSACTION 209 15679
RECIEVED 1553583313 TRANSACTION 208 1 34
UPDATE 1553583313 TRANSACTION 6a2472f7179d0c97761c54253a9f21c2
SEND 1553583313 TRANSACTION 208 17570
RECIEVED 1553583314 TRANSACTION 209 1 35
UPDATE 1553583314 TRANSACTION 037a8648d015eedc1c4a1e7259ebeef0
SEND 1553583314 TRANSACTION 209 24005
RECIEVED 1553583314 TRANSACTION 210 1 36
UPDATE 1553583314 TRANSACTION 566861e259a56cb41fd0075d53cfc51f
SEND 1553583314 TRANSACTION 210 25334
RECIEVED 1553583314 TRANSACTION 208 1 37
UPDATE 1553583314 TRANSACTION 0017d9e0da50b202f99d768c959bac29
SEND 1553583314 TRANSACTION 208 17416
RECIEVED 1553583314 TRANSACTION 208 1 38
RECIEVED 1553583314 TRANSACTION 209 1 38
UPDATE 1553583314 TRANSACTION e55538d179e67dfdaef16b78ec315648
SEND 1553583314 TRANSACTION 209 14592
RECIEVED 1553583314 HB 139 1 39
SEND 1553583314 PING 262 47123
RECIEVED 1553583314 TRANSACTION 208 1 39
UPDATE 1553583314 TRANSACTION 1568ffefb3370d3f662309b8f0c95388
SEND 1553583314 TRANSACTION 208 16190
RECIEVED 1553583314 TRANSACTION 207 1 40
UPDATE 1553583314 TRANSACTION 098ee5438701358370420386557a0c6f
SEND 1553583314 TRANSACTION 207 16238
RECIEVED 1553583314 TRANSACTION 210 1 41
UPDATE 1553583314 TRANSACTION 6a78269045a57f0a34da47f062219a18
SEND 1553583314 TRANSACTION 210 19382
RECIEVED 1553583314 TRANSACTION 210 1 42
UPDATE 1553583314 TRANSACTION 29a5259b3397f23a76c1dce386473444
SEND 1553583314 TRANSACTION 210 15908
RECIEVED 1553583314 TRANSACTION 209 1 43
UPDATE 1553583314 TRANSACTION edc90834b45c60b253d4f2c98ebd0a4b
SEND 1553583314 TRANSACTION 209 17788
RECIEVED 1553583314 TRANSACTION 209 1 44
UPDATE 1553583314 TRANSACTION 687c798314ac06bc4436d6f5417fb3d1
SEND 1553583314 TRANSACTION 209 17616
RECIEVED 1553583314 TRANSACTION 209 1 45
UPDATE 1553583314 TRANSACTION c6603150202169c8dbb0b5793e7fe7dc
SEND 1553583314 TRANSACTION 209 15304
RECIEVED 1553583314 TRANSACTION 210 1 46
UPDATE 1553583314 TRANSACTION f17120aced4a199447fb69c94a2beb5e
SEND 1553583314 TRANSACTION 210 16387
RECIEVED 1553583314 TRANSACTION 209 1 47
UPDATE 1553583314 TRANSACTION fd263153e2702b89ffb3711afe5f3341
SEND 1553583314 TRANSACTION 209 17718
RECIEVED 1553583314 TRANSACTION 209 1 48
UPDATE 1553583314 TRANSACTION cf8b5218c57fe4641c732d20b098b9b3
SEND 1553583314 TRANSACTION 209 15809
# Listen attempt 1.
# json: cannot unmarshal object into Go struct field Node.Sock of type net.Conn
# Listen attempt 2.
# json: cannot unmarshal object into Go struct field Node.Sock of type net.Conn
RECIEVED 1553583316 HB 139 1 49
SEND 1553583316 PING 262 28767
# Listen attempt 1.
# json: cannot unmarshal object into Go struct field Node.Sock of type net.Conn
RECIEVED 1553583316 HB 139 1 49
SEND 1553583316 PING 262 51091
# Listen attempt 1.
# json: cannot unmarshal object into Go struct field Node.Sock of type net.Conn
RECIEVED 1553583317 HB 139 1 49
SEND 1553583317 PING 262 50183
# Listen attempt 1.
# json: cannot unmarshal object into Go struct field Node.Sock of type net.Conn
RECIEVED 1553583318 HB 139 1 49
SEND 1553583318 PING 262 39932
RECIEVED 1553583319 TRANSACTION 209 1 49
UPDATE 1553583319 TRANSACTION fc8a5377e25ed7961d24349615be6280
SEND 1553583319 TRANSACTION 209 27343
# Listen attempt 1.
# json: cannot unmarshal object into Go struct field Node.Sock of type net.Conn
RECIEVED 1553583319 HB 139 1 50
SEND 1553583319 PING 262 52367
# Listen attempt 1.
# json: cannot unmarshal object into Go struct field Node.Sock of type net.Conn
RECIEVED 1553583320 HB 139 1 50
SEND 1553583320 PING 262 67734
# Listen attempt 1.
# json: cannot unmarshal object into Go struct field Node.Sock of type net.Conn
RECIEVED 1553583321 HB 139 1 50
SEND 1553583321 PING 262 33092
# Listen attempt 1.
# json: cannot unmarshal object into Go struct field Node.Sock of type net.Conn
RECIEVED 1553583322 HB 139 1 50
SEND 1553583322 PING 262 34118
RECIEVED 1553583323 TRANSACTION 209 1 50
UPDATE 1553583323 TRANSACTION 9e693914c4588e6846adfc4cedfffe68
SEND 1553583323 TRANSACTION 209 27066
# Listen attempt 1.
# json: cannot unmarshal object into Go struct field Node.Sock of type net.Conn
RECIEVED 1553583323 HB 139 1 51
SEND 1553583323 PING 262 37683
# Listen attempt 1.
# json: cannot unmarshal object into Go struct field Node.Sock of type net.Conn
RECIEVED 1553583324 HB 139 1 51
SEND 1553583324 PING 262 32524
RECIEVED 1553583325 TRANSACTION 209 1 51
UPDATE 1553583325 TRANSACTION b5810038e25376376e97a6445429f90b
SEND 1553583325 TRANSACTION 209 26163
RECIEVED 1553583325 TRANSACTION 209 1 52
# Listen attempt 1.
# json: cannot unmarshal object into Go struct field Node.Sock of type net.Conn
RECIEVED 1553583325 HB 139 1 52
SEND 1553583325 PING 262 32622
# Listen attempt 1.
# json: cannot unmarshal object into Go struct field Node.Sock of type net.Conn
RECIEVED 1553583326 HB 139 1 52
SEND 1553583326 PING 262 33256
# Listen attempt 1.
# json: cannot unmarshal object into Go struct field Node.Sock of type net.Conn
RECIEVED 1553583327 HB 139 1 52
SEND 1553583327 PING 262 36003
# Listen attempt 1.
# json: cannot unmarshal object into Go struct field Node.Sock of type net.Conn
RECIEVED 1553583328 HB 139 1 52
SEND 1553583328 PING 262 36675
# Listen attempt 1.
# json: cannot unmarshal object into Go struct field Node.Sock of type net.Conn
RECIEVED 1553583329 HB 139 1 52
SEND 1553583329 PING 262 38632
RECIEVED 1553583330 TRANSACTION 209 1 52
UPDATE 1553583330 TRANSACTION 5ca22146b7e7749f43a3cfc691c09cfb
SEND 1553583330 TRANSACTION 209 20699
# Listen attempt 1.
# json: cannot unmarshal object into Go struct field Node.Sock of type net.Conn
RECIEVED 1553583330 HB 139 1 53
SEND 1553583330 PING 262 43899
# Listen attempt 1.
# json: cannot unmarshal object into Go struct field Node.Sock of type net.Conn
RECIEVED 1553583331 HB 139 1 53
SEND 1553583331 PING 262 48800
# Listen attempt 1.
# json: cannot unmarshal object into Go struct field Node.Sock of type net.Conn
RECIEVED 1553583332 HB 139 1 53
SEND 1553583332 PING 262 48477
# Listen attempt 1.
# json: cannot unmarshal object into Go struct field Node.Sock of type net.Conn
RECIEVED 1553583333 HB 139 1 53
SEND 1553583333 PING 262 51664
# Listen attempt 1.
# json: cannot unmarshal object into Go struct field Node.Sock of type net.Conn
RECIEVED 1553583334 HB 139 1 53
SEND 1553583334 PING 262 47613
RECIEVED 1553583335 TRANSACTION 207 1 53
UPDATE 1553583335 TRANSACTION 3d30bb187c9aa87d600ea0066d8deea6
SEND 1553583335 TRANSACTION 207 29285
RECIEVED 1553583335 TRANSACTION 207 1 54
# Listen attempt 1.
# json: cannot unmarshal object into Go struct field Node.Sock of type net.Conn
RECIEVED 1553583335 HB 139 1 54
SEND 1553583335 PING 262 27953
# Listen attempt 1.
# json: cannot unmarshal object into Go struct field Node.Sock of type net.Conn
RECIEVED 1553583336 HB 139 1 54
SEND 1553583336 PING 262 39640
# Listen attempt 1.
# json: cannot unmarshal object into Go struct field Node.Sock of type net.Conn
RECIEVED 1553583337 HB 139 1 54
SEND 1553583337 PING 262 38446
# Listen attempt 1.
# json: cannot unmarshal object into Go struct field Node.Sock of type net.Conn
RECIEVED 1553583338 TRANSACTION 209 1 54
UPDATE 1553583338 TRANSACTION ae5ac5135a600b9af39bfddf197771ec
SEND 1553583338 TRANSACTION 209 24865
RECIEVED 1553583338 TRANSACTION 209 1 55
RECIEVED 1553583338 HB 139 1 55
SEND 1553583338 PING 262 38921
# Listen attempt 1.
# json: cannot unmarshal object into Go struct field Node.Sock of type net.Conn
RECIEVED 1553583339 HB 139 1 55
SEND 1553583339 PING 262 39204
# Listen attempt 1.
# json: cannot unmarshal object into Go struct field Node.Sock of type net.Conn
RECIEVED 1553583340 HB 139 1 55
SEND 1553583340 PING 262 35647
# Listen attempt 1.
# json: cannot unmarshal object into Go struct field Node.Sock of type net.Conn
RECIEVED 1553583341 HB 139 1 55
SEND 1553583341 PING 262 39115
RECIEVED 1553583342 TRANSACTION 209 1 55
UPDATE 1553583342 TRANSACTION 2db92c6549569ea1877591a22b57823a
SEND 1553583342 TRANSACTION 209 26806
# Listen attempt 1.
# json: cannot unmarshal object into Go struct field Node.Sock of type net.Conn
RECIEVED 1553583342 HB 139 1 56
SEND 1553583342 PING 262 31536
# Listen attempt 1.
# json: cannot unmarshal object into Go struct field Node.Sock of type net.Conn
RECIEVED 1553583343 HB 139 1 56
SEND 1553583343 PING 262 37505
# Listen attempt 1.
# json: cannot unmarshal object into Go struct field Node.Sock of type net.Conn
RECIEVED 1553583344 HB 139 1 56
SEND 1553583344 PING 262 34592
# Listen attempt 1.
# json: cannot unmarshal object into Go struct field Node.Sock of type net.Conn
RECIEVED 1553583345 HB 139 1 56
SEND 1553583345 PING 262 39093
# Listen attempt 1.
# json: cannot unmarshal object into Go struct field Node.Sock of type net.Conn
RECIEVED 1553583346 HB 139 1 56
SEND 1553583346 PING 262 34241
# Listen attempt 1.
# json: cannot unmarshal object into Go struct field Node.Sock of type net.Conn
RECIEVED 1553583347 HB 139 1 56
SEND 1553583347 PING 262 42532
# Listen attempt 1.
# json: cannot unmarshal object into Go struct field Node.Sock of type net.Conn
RECIEVED 1553583348 HB 139 1 56
SEND 1553583348 PING 262 31801
# Listen attempt 1.
# json: cannot unmarshal object into Go struct field Node.Sock of type net.Conn
RECIEVED 1553583349 HB 139 1 56
SEND 1553583349 PING 262 26011
# Listen attempt 1.
# json: cannot unmarshal object into Go struct field Node.Sock of type net.Conn
RECIEVED 1553583350 HB 139 1 56
SEND 1553583350 PING 262 41945
# Listen attempt 1.
# json: cannot unmarshal object into Go struct field Node.Sock of type net.Conn
RECIEVED 1553583351 HB 139 1 56
SEND 1553583351 PING 262 36040
# Listen attempt 1.
# json: cannot unmarshal object into Go struct field Node.Sock of type net.Conn
RECIEVED 1553583352 HB 139 1 56
SEND 1553583352 PING 262 38677
# Listen attempt 1.
# json: cannot unmarshal object into Go struct field Node.Sock of type net.Conn
RECIEVED 1553583353 HB 139 1 56
SEND 1553583353 PING 262 42311
RECIEVED 1553583354 TRANSACTION 208 1 56
UPDATE 1553583354 TRANSACTION 45cb5ebe844e6c16fe36749ad99dd94e
SEND 1553583354 TRANSACTION 208 23039
# Listen attempt 1.
# json: cannot unmarshal object into Go struct field Node.Sock of type net.Conn
RECIEVED 1553583354 HB 139 1 57
SEND 1553583354 PING 262 40217
# Listen attempt 1.
# json: cannot unmarshal object into Go struct field Node.Sock of type net.Conn
RECIEVED 1553583355 HB 139 1 57
SEND 1553583355 PING 262 50973
RECIEVED 1553583355 TRANSACTION 209 1 57
UPDATE 1553583355 TRANSACTION 32f87a392fa7c10f1868bfe6fa069b5d
SEND 1553583355 TRANSACTION 209 17722
# Listen attempt 1.
# json: cannot unmarshal object into Go struct field Node.Sock of type net.Conn
RECIEVED 1553583357 HB 139 1 58
SEND 1553583357 PING 262 47984
# Listen attempt 1.
# json: cannot unmarshal object into Go struct field Node.Sock of type net.Conn
RECIEVED 1553583358 TRANSACTION 209 1 58
UPDATE 1553583358 TRANSACTION 81fa35d2ae5af1778c264f506b132d6f
SEND 1553583358 TRANSACTION 209 25253
RECIEVED 1553583358 HB 139 1 59
SEND 1553583358 PING 262 46455
# Listen attempt 1.
# json: cannot unmarshal object into Go struct field Node.Sock of type net.Conn
RECIEVED 1553583359 HB 139 1 59
SEND 1553583359 PING 262 48271
# Listen attempt 1.
# json: cannot unmarshal object into Go struct field Node.Sock of type net.Conn
RECIEVED 1553583360 HB 139 1 59
SEND 1553583360 PING 262 52175
# Listen attempt 1.
# json: cannot unmarshal object into Go struct field Node.Sock of type net.Conn
RECIEVED 1553583361 TRANSACTION 209 1 59
UPDATE 1553583361 TRANSACTION 0e8b2fc03366b9251e9e2205075cba6a
SEND 1553583361 TRANSACTION 209 18207
RECIEVED 1553583361 HB 139 1 60
SEND 1553583361 PING 262 51482
# Listen attempt 1.
# json: cannot unmarshal object into Go struct field Node.Sock of type net.Conn
RECIEVED 1553583362 TRANSACTION 209 1 60
UPDATE 1553583362 TRANSACTION 41f8975ae80f301954853af91e68279d
SEND 1553583362 TRANSACTION 209 23886
RECIEVED 1553583362 HB 139 1 61
SEND 1553583362 PING 262 49378
# Listen attempt 1.
# json: cannot unmarshal object into Go struct field Node.Sock of type net.Conn
RECIEVED 1553583363 HB 139 1 61
SEND 1553583363 PING 262 32273
# Listen attempt 1.
# json: cannot unmarshal object into Go struct field Node.Sock of type net.Conn
RECIEVED 1553583364 HB 139 1 61
SEND 1553583364 PING 262 47180
# Listen attempt 1.
# json: cannot unmarshal object into Go struct field Node.Sock of type net.Conn
RECIEVED 1553583365 HB 139 1 61
SEND 1553583365 PING 262 40749
# Listen attempt 1.
# json: cannot unmarshal object into Go struct field Node.Sock of type net.Conn
RECIEVED 1553583366 HB 139 1 61
SEND 1553583366 PING 262 48173
# Listen attempt 1.
# json: cannot unmarshal object into Go struct field Node.Sock of type net.Conn
RECIEVED 1553583367 HB 139 1 61
SEND 1553583367 PING 262 52656
# Listen attempt 1.
# json: cannot unmarshal object into Go struct field Node.Sock of type net.Conn
RECIEVED 1553583368 HB 139 1 61
SEND 1553583368 PING 262 32183
# Listen attempt 1.
# json: cannot unmarshal object into Go struct field Node.Sock of type net.Conn
RECIEVED 1553583369 HB 139 1 61
SEND 1553583369 PING 262 37489
# Listen attempt 1.
# json: cannot unmarshal object into Go struct field Node.Sock of type net.Conn
RECIEVED 1553583370 HB 139 1 61
SEND 1553583370 PING 262 40772
# Listen attempt 1.
# json: cannot unmarshal object into Go struct field Node.Sock of type net.Conn
RECIEVED 1553583370 TRANSACTION 207 1 61
UPDATE 1553583370 TRANSACTION ca1ffa9acc13f4ced1ab3780d567879d
SEND 1553583370 TRANSACTION 207 22775
RECIEVED 1553583370 TRANSACTION 207 1 62
RECIEVED 1553583371 HB 139 1 62
SEND 1553583371 PING 262 43246
# Listen attempt 1.
# json: cannot unmarshal object into Go struct field Node.Sock of type net.Conn
RECIEVED 1553583372 HB 139 1 62
SEND 1553583372 PING 262 38535
# Listen attempt 1.
# json: cannot unmarshal object into Go struct field Node.Sock of type net.Conn
RECIEVED 1553583373 HB 139 1 62
SEND 1553583373 PING 262 43393
# Listen attempt 1.
# json: cannot unmarshal object into Go struct field Node.Sock of type net.Conn
RECIEVED 1553583374 HB 139 1 62
SEND 1553583374 PING 262 53863
RECIEVED 1553583374 TRANSACTION 209 1 62
UPDATE 1553583374 TRANSACTION 4d91d24d1e38b31f7d46a34ca90704f0
SEND 1553583374 TRANSACTION 209 25941
RECIEVED 1553583374 TRANSACTION 209 1 63
# Listen attempt 1.
# json: cannot unmarshal object into Go struct field Node.Sock of type net.Conn
RECIEVED 1553583375 TRANSACTION 207 1 63
UPDATE 1553583375 TRANSACTION 317e33cf6a4b095795486197dd48ed36
SEND 1553583375 TRANSACTION 207 25727
RECIEVED 1553583375 TRANSACTION 207 1 64
RECIEVED 1553583375 HB 139 1 64
SEND 1553583375 PING 262 40911
# Listen attempt 1.
# json: cannot unmarshal object into Go struct field Node.Sock of type net.Conn
RECIEVED 1553583376 HB 139 1 64
SEND 1553583376 PING 262 50115
# Listen attempt 1.
# json: cannot unmarshal object into Go struct field Node.Sock of type net.Conn
RECIEVED 1553583377 TRANSACTION 209 1 64
UPDATE 1553583377 TRANSACTION 61058995a3651d6b2d50ae3b1b802a0d
SEND 1553583377 TRANSACTION 209 30008
RECIEVED 1553583377 TRANSACTION 209 1 65
RECIEVED 1553583377 HB 139 1 65
SEND 1553583377 PING 262 45173
# Listen attempt 1.
# json: cannot unmarshal object into Go struct field Node.Sock of type net.Conn
RECIEVED 1553583378 HB 139 1 65
SEND 1553583378 PING 262 49529
# Listen attempt 1.
# json: cannot unmarshal object into Go struct field Node.Sock of type net.Conn
RECIEVED 1553583379 HB 139 1 65
SEND 1553583379 PING 262 42878
# Listen attempt 1.
# json: cannot unmarshal object into Go struct field Node.Sock of type net.Conn
RECIEVED 1553583380 HB 139 1 65
SEND 1553583380 PING 262 40240
# Listen attempt 1.
# json: cannot unmarshal object into Go struct field Node.Sock of type net.Conn
RECIEVED 1553583381 HB 139 1 65
SEND 1553583381 PING 262 46870
# Listen attempt 1.
# json: cannot unmarshal object into Go struct field Node.Sock of type net.Conn
RECIEVED 1553583382 HB 139 1 65
SEND 1553583382 PING 262 50390
# Listen attempt 1.
# json: cannot unmarshal object into Go struct field Node.Sock of type net.Conn
RECIEVED 1553583383 HB 139 1 65
SEND 1553583383 PING 262 45775
# Listen attempt 1.
# json: cannot unmarshal object into Go struct field Node.Sock of type net.Conn
RECIEVED 1553583384 HB 139 1 65
SEND 1553583384 PING 262 53454
# Listen attempt 1.
# json: cannot unmarshal object into Go struct field Node.Sock of type net.Conn
RECIEVED 1553583385 HB 139 1 65
SEND 1553583385 PING 262 50303
# Listen attempt 1.
# json: cannot unmarshal object into Go struct field Node.Sock of type net.Conn
RECIEVED 1553583386 HB 139 1 65
SEND 1553583386 PING 262 49353
RECIEVED 1553583386 TRANSACTION 209 1 65
UPDATE 1553583386 TRANSACTION c5c6971a34d7ad2902f06ef9d5c9ec81
SEND 1553583386 TRANSACTION 209 19783
# Listen attempt 1.
# json: cannot unmarshal object into Go struct field Node.Sock of type net.Conn
RECIEVED 1553583387 HB 139 1 66
SEND 1553583387 PING 262 51705
# Listen attempt 1.
# json: cannot unmarshal object into Go struct field Node.Sock of type net.Conn
RECIEVED 1553583388 HB 139 1 66
SEND 1553583388 PING 262 53011
# Listen attempt 1.
# json: cannot unmarshal object into Go struct field Node.Sock of type net.Conn
RECIEVED 1553583389 HB 139 1 66
SEND 1553583389 PING 262 48087
# Listen attempt 1.
# json: cannot unmarshal object into Go struct field Node.Sock of type net.Conn
RECIEVED 1553583390 HB 139 1 66
SEND 1553583390 PING 262 48401
# Listen attempt 1.
# json: cannot unmarshal object into Go struct field Node.Sock of type net.Conn
RECIEVED 1553583391 HB 139 1 66
SEND 1553583391 PING 262 47344
# Listen attempt 1.
# json: cannot unmarshal object into Go struct field Node.Sock of type net.Conn
RECIEVED 1553583392 HB 139 1 66
SEND 1553583392 PING 262 47994
# Listen attempt 1.
# json: cannot unmarshal object into Go struct field Node.Sock of type net.Conn
RECIEVED 1553583393 HB 139 1 66
SEND 1553583393 PING 262 48169
# Listen attempt 1.
# json: cannot unmarshal object into Go struct field Node.Sock of type net.Conn
RECIEVED 1553583394 HB 139 1 66
SEND 1553583394 PING 262 52677
# Listen attempt 1.
# json: cannot unmarshal object into Go struct field Node.Sock of type net.Conn
RECIEVED 1553583395 HB 139 1 66
SEND 1553583395 PING 262 53217
# Listen attempt 1.
# json: cannot unmarshal object into Go struct field Node.Sock of type net.Conn
RECIEVED 1553583396 TRANSACTION 209 1 66
UPDATE 1553583396 TRANSACTION f296257dd390396ef5b333dcd94bdcfd
SEND 1553583396 TRANSACTION 209 17052
RECIEVED 1553583396 HB 139 1 67
SEND 1553583396 PING 262 47001
# Listen attempt 1.
# json: cannot unmarshal object into Go struct field Node.Sock of type net.Conn
RECIEVED 1553583397 HB 139 1 67
SEND 1553583397 PING 262 48565
# Listen attempt 1.
# json: cannot unmarshal object into Go struct field Node.Sock of type net.Conn
RECIEVED 1553583398 HB 139 1 67
SEND 1553583398 PING 262 56034
RECIEVED 1553583399 TRANSACTION 208 1 67
UPDATE 1553583399 TRANSACTION 4c49e2155efc99d525e4457785113542
SEND 1553583399 TRANSACTION 208 18620
# Listen attempt 1.
# json: cannot unmarshal object into Go struct field Node.Sock of type net.Conn
RECIEVED 1553583399 HB 139 1 68
SEND 1553583399 PING 262 46586
RECIEVED 1553583399 TRANSACTION 209 1 68
UPDATE 1553583399 TRANSACTION 2849a9d61ad2a2adbb9ec60a2898b6fd
SEND 1553583399 TRANSACTION 209 24472
RECIEVED 1553583399 TRANSACTION 208 1 69
UPDATE 1553583399 TRANSACTION 42ff673bd1f4103f49ea1ae1d2af56d0
SEND 1553583399 TRANSACTION 208 19645
# Listen attempt 1.
# json: cannot unmarshal object into Go struct field Node.Sock of type net.Conn
RECIEVED 1553583400 HB 139 1 70
SEND 1553583400 PING 262 47770
# Listen attempt 1.
# json: cannot unmarshal object into Go struct field Node.Sock of type net.Conn
RECIEVED 1553583401 HB 139 1 70
SEND 1553583401 PING 262 53001
# Listen attempt 1.
# json: cannot unmarshal object into Go struct field Node.Sock of type net.Conn
RECIEVED 1553583402 HB 139 1 70
SEND 1553583402 PING 262 47995
# Listen attempt 1.
# json: cannot unmarshal object into Go struct field Node.Sock of type net.Conn
RECIEVED 1553583403 HB 139 1 70
SEND 1553583403 PING 262 181539
# Listen attempt 1.
# json: cannot unmarshal object into Go struct field Node.Sock of type net.Conn
RECIEVED 1553583404 HB 139 1 70
SEND 1553583404 PING 262 47402
# Listen attempt 1.
# json: cannot unmarshal object into Go struct field Node.Sock of type net.Conn
RECIEVED 1553583405 HB 139 1 70
SEND 1553583405 PING 262 56709
# Listen attempt 1.
# json: cannot unmarshal object into Go struct field Node.Sock of type net.Conn
RECIEVED 1553583406 HB 139 1 70
SEND 1553583406 PING 262 56747
# Listen attempt 1.
# json: cannot unmarshal object into Go struct field Node.Sock of type net.Conn
RECIEVED 1553583407 TRANSACTION 209 1 70
UPDATE 1553583407 TRANSACTION 9a8bdc14600f26750a7f67815787fe1e
SEND 1553583407 TRANSACTION 209 17287
RECIEVED 1553583407 HB 139 1 71
SEND 1553583407 PING 262 53962
# Listen attempt 1.
# json: cannot unmarshal object into Go struct field Node.Sock of type net.Conn
RECIEVED 1553583408 TRANSACTION 209 1 71
UPDATE 1553583408 TRANSACTION f3a9e3192d546dab2393d472690faa91
SEND 1553583408 TRANSACTION 209 25638
RECIEVED 1553583408 HB 139 1 72
SEND 1553583408 PING 262 46361
# Listen attempt 1.
# json: cannot unmarshal object into Go struct field Node.Sock of type net.Conn
RECIEVED 1553583409 HB 139 1 72
SEND 1553583409 PING 262 54383
RECIEVED 1553583409 TRANSACTION 209 1 72
UPDATE 1553583409 TRANSACTION e9316f416023c7021a2642a2e4d43913
SEND 1553583409 TRANSACTION 209 31008
RECIEVED 1553583409 TRANSACTION 209 1 73
# Listen attempt 1.
# json: cannot unmarshal object into Go struct field Node.Sock of type net.Conn
RECIEVED 1553583410 TRANSACTION 210 1 73
UPDATE 1553583410 TRANSACTION f63071d9aab6ca6bd0081217a8d75020
SEND 1553583410 TRANSACTION 210 25953
RECIEVED 1553583410 TRANSACTION 210 1 74
RECIEVED 1553583410 HB 139 1 74
SEND 1553583410 PING 262 43683
RECIEVED 1553583411 TRANSACTION 209 1 74
UPDATE 1553583411 TRANSACTION b551d378fe2f14fc55ca07610704b865
SEND 1553583411 TRANSACTION 209 24359
# Listen attempt 1.
# json: cannot unmarshal object into Go struct field Node.Sock of type net.Conn
RECIEVED 1553583411 TRANSACTION 208 1 75
UPDATE 1553583411 TRANSACTION badd7e0b7ad03e2aa65981ac90f16b78
SEND 1553583411 TRANSACTION 208 15079
RECIEVED 1553583411 HB 139 1 76
SEND 1553583411 PING 262 45335
# Listen attempt 1.
# json: cannot unmarshal object into Go struct field Node.Sock of type net.Conn
RECIEVED 1553583412 HB 139 1 76
SEND 1553583412 PING 262 51291
# Listen attempt 1.
# json: cannot unmarshal object into Go struct field Node.Sock of type net.Conn
RECIEVED 1553583413 TRANSACTION 209 1 76
UPDATE 1553583413 TRANSACTION 2fec5c0f537dab4bedd2fc654508e71e
SEND 1553583413 TRANSACTION 209 26671
RECIEVED 1553583413 TRANSACTION 209 1 77
RECIEVED 1553583413 HB 139 1 77
SEND 1553583413 PING 262 37090
# Listen attempt 1.
# json: cannot unmarshal object into Go struct field Node.Sock of type net.Conn
RECIEVED 1553583414 TRANSACTION 209 1 77
UPDATE 1553583414 TRANSACTION b4d3e83bced01805ffef6d8b2a75d72a
SEND 1553583414 TRANSACTION 209 16352
RECIEVED 1553583414 HB 139 1 78
SEND 1553583414 PING 262 47052
# Listen attempt 1.
# json: cannot unmarshal object into Go struct field Node.Sock of type net.Conn
RECIEVED 1553583415 TRANSACTION 208 1 78
UPDATE 1553583415 TRANSACTION 60aa5a2017ef9ce6983c031d288671f1
SEND 1553583415 TRANSACTION 208 37884
RECIEVED 1553583415 TRANSACTION 208 1 79
RECIEVED 1553583415 HB 139 1 79
SEND 1553583415 PING 262 40746
RECIEVED 1553583415 TRANSACTION 208 1 79
UPDATE 1553583415 TRANSACTION 1cc410f8389750a40341f5006b0c73d9
SEND 1553583415 TRANSACTION 208 18158
# Listen attempt 1.
# json: cannot unmarshal object into Go struct field Node.Sock of type net.Conn
RECIEVED 1553583416 HB 139 1 80
SEND 1553583416 PING 262 52575
# Listen attempt 1.
# json: cannot unmarshal object into Go struct field Node.Sock of type net.Conn
RECIEVED 1553583417 HB 139 1 80
SEND 1553583417 PING 262 48628
# Listen attempt 1.
# json: cannot unmarshal object into Go struct field Node.Sock of type net.Conn
RECIEVED 1553583418 HB 139 1 80
SEND 1553583418 PING 262 53590
# Listen attempt 1.
# json: cannot unmarshal object into Go struct field Node.Sock of type net.Conn
RECIEVED 1553583419 HB 139 1 80
SEND 1553583419 PING 262 51857
# Listen attempt 1.
# json: cannot unmarshal object into Go struct field Node.Sock of type net.Conn
RECIEVED 1553583420 TRANSACTION 209 1 80
UPDATE 1553583420 TRANSACTION 321521d73aed3bd8f718fd13f8a77c6a
SEND 1553583420 TRANSACTION 209 22408
RECIEVED 1553583420 HB 139 1 81
SEND 1553583420 PING 262 44692
# Listen attempt 1.
# json: cannot unmarshal object into Go struct field Node.Sock of type net.Conn
RECIEVED 1553583421 HB 139 1 81
SEND 1553583421 PING 262 51138
# Listen attempt 1.
# json: cannot unmarshal object into Go struct field Node.Sock of type net.Conn
RECIEVED 1553583422 HB 139 1 81
SEND 1553583422 PING 262 48085
# Listen attempt 1.
# json: cannot unmarshal object into Go struct field Node.Sock of type net.Conn
RECIEVED 1553583423 TRANSACTION 210 1 81
UPDATE 1553583423 TRANSACTION 06ffcac20737e29df475083634f32321
SEND 1553583423 TRANSACTION 210 21182
RECIEVED 1553583423 TRANSACTION 210 1 82
RECIEVED 1553583423 HB 139 1 82
SEND 1553583423 PING 262 43074
# Listen attempt 1.
# json: cannot unmarshal object into Go struct field Node.Sock of type net.Conn
RECIEVED 1553583424 HB 139 1 82
SEND 1553583424 PING 262 48044
# Listen attempt 1.
# json: cannot unmarshal object into Go struct field Node.Sock of type net.Conn
RECIEVED 1553583425 HB 139 1 82
SEND 1553583425 PING 262 49973
# Listen attempt 1.
# json: cannot unmarshal object into Go struct field Node.Sock of type net.Conn
RECIEVED 1553583426 HB 139 1 82
SEND 1553583426 PING 262 48146
# Listen attempt 1.
# json: cannot unmarshal object into Go struct field Node.Sock of type net.Conn
RECIEVED 1553583427 TRANSACTION 209 1 82
UPDATE 1553583427 TRANSACTION b1525c03ab34e90035115aa29fd4e3a8
SEND 1553583427 TRANSACTION 209 28686
RECIEVED 1553583427 TRANSACTION 209 1 83
RECIEVED 1553583427 HB 139 1 83
SEND 1553583427 PING 262 43568
# Listen attempt 1.
# json: cannot unmarshal object into Go struct field Node.Sock of type net.Conn
RECIEVED 1553583428 HB 139 1 83
SEND 1553583428 PING 262 37455
RECIEVED 1553583428 TRANSACTION 209 1 83
UPDATE 1553583428 TRANSACTION 5e8763a17409a76eea5cdacede8ef2cf
SEND 1553583428 TRANSACTION 209 19099
RECIEVED 1553583428 TRANSACTION 209 1 84
RECIEVED 1553583428 TRANSACTION 208 1 84
UPDATE 1553583428 TRANSACTION 8bf3423e3b498337b2391b3aff7276a2
SEND 1553583428 TRANSACTION 208 15059
# Listen attempt 1.
# json: cannot unmarshal object into Go struct field Node.Sock of type net.Conn
RECIEVED 1553583429 TRANSACTION 209 1 85
UPDATE 1553583429 TRANSACTION 556753c57316ffcf732915e91c4485fa
SEND 1553583429 TRANSACTION 209 24487
RECIEVED 1553583429 HB 139 1 86
SEND 1553583429 PING 262 55360
# Listen attempt 1.
# json: cannot unmarshal object into Go struct field Node.Sock of type net.Conn
RECIEVED 1553583430 HB 139 1 86
SEND 1553583430 PING 262 53715
# Listen attempt 1.
# json: cannot unmarshal object into Go struct field Node.Sock of type net.Conn
RECIEVED 1553583431 HB 139 1 86
SEND 1553583431 PING 262 51211
# Listen attempt 1.
# json: cannot unmarshal object into Go struct field Node.Sock of type net.Conn
RECIEVED 1553583432 HB 139 1 86
SEND 1553583432 PING 262 46894
# Listen attempt 1.
# json: cannot unmarshal object into Go struct field Node.Sock of type net.Conn
RECIEVED 1553583433 HB 139 1 86
SEND 1553583433 PING 262 53364
# Listen attempt 1.
# json: cannot unmarshal object into Go struct field Node.Sock of type net.Conn
RECIEVED 1553583434 HB 139 1 86
SEND 1553583434 PING 262 41703
# Listen attempt 1.
# json: cannot unmarshal object into Go struct field Node.Sock of type net.Conn
RECIEVED 1553583435 HB 139 1 86
SEND 1553583435 PING 262 46206
# Listen attempt 1.
# json: cannot unmarshal object into Go struct field Node.Sock of type net.Conn
RECIEVED 1553583436 HB 139 1 86
SEND 1553583436 PING 262 50957
# Listen attempt 1.
# json: cannot unmarshal object into Go struct field Node.Sock of type net.Conn
RECIEVED 1553583437 HB 139 1 86
SEND 1553583437 PING 262 41546
# Listen attempt 1.
# json: cannot unmarshal object into Go struct field Node.Sock of type net.Conn
RECIEVED 1553583438 HB 139 1 86
SEND 1553583438 PING 262 51618
# Listen attempt 1.
# json: cannot unmarshal object into Go struct field Node.Sock of type net.Conn
RECIEVED 1553583439 HB 139 1 86
SEND 1553583439 PING 262 52647
# Listen attempt 1.
# json: cannot unmarshal object into Go struct field Node.Sock of type net.Conn
RECIEVED 1553583440 TRANSACTION 209 1 86
UPDATE 1553583440 TRANSACTION a9dff6e94c85d8af3816bc35fc04c93b
SEND 1553583440 TRANSACTION 209 24785
RECIEVED 1553583440 TRANSACTION 209 1 87
RECIEVED 1553583440 HB 139 1 87
SEND 1553583440 PING 262 41926
RECIEVED 1553583441 TRANSACTION 208 1 87
UPDATE 1553583441 TRANSACTION c6c6039427eef09e59380a96396b4326
SEND 1553583441 TRANSACTION 208 29183
# Listen attempt 1.
# json: cannot unmarshal object into Go struct field Node.Sock of type net.Conn
RECIEVED 1553583441 HB 139 1 88
SEND 1553583441 PING 262 43218
# Listen attempt 1.
# json: cannot unmarshal object into Go struct field Node.Sock of type net.Conn
RECIEVED 1553583442 HB 139 1 88
SEND 1553583442 PING 262 47090
# Listen attempt 1.
# json: cannot unmarshal object into Go struct field Node.Sock of type net.Conn
RECIEVED 1553583443 HB 139 1 88
SEND 1553583443 PING 262 53671
# Listen attempt 1.
# json: cannot unmarshal object into Go struct field Node.Sock of type net.Conn
RECIEVED 1553583444 TRANSACTION 209 1 88
UPDATE 1553583444 TRANSACTION c8f65faec27551521441ea051e3cc79b
SEND 1553583444 TRANSACTION 209 16997
RECIEVED 1553583444 TRANSACTION 208 1 89
UPDATE 1553583444 TRANSACTION ad1d520f25798bb26640119aedd33447
SEND 1553583444 TRANSACTION 208 21206
RECIEVED 1553583444 TRANSACTION 207 1 90
UPDATE 1553583444 TRANSACTION 7552832aa37c27434c9b74106367ebb9
SEND 1553583444 TRANSACTION 207 32489
RECIEVED 1553583444 TRANSACTION 207 1 91
RECIEVED 1553583444 HB 139 1 91
SEND 1553583444 PING 262 31299
# Listen attempt 1.
# json: cannot unmarshal object into Go struct field Node.Sock of type net.Conn
RECIEVED 1553583445 HB 139 1 91
SEND 1553583445 PING 262 51822
# Listen attempt 1.
# json: cannot unmarshal object into Go struct field Node.Sock of type net.Conn
RECIEVED 1553583446 HB 139 1 91
SEND 1553583446 PING 262 45990
RECIEVED 1553583446 TRANSACTION 209 1 91
UPDATE 1553583446 TRANSACTION dc71a53b8121b1615e53405c95666914
SEND 1553583446 TRANSACTION 209 21969
RECIEVED 1553583446 TRANSACTION 209 1 92
RECIEVED 1553583446 TRANSACTION 209 1 92
UPDATE 1553583446 TRANSACTION 69de902bc43d7e29c2c581f126860f94
SEND 1553583446 TRANSACTION 209 15037
# Listen attempt 1.
# json: cannot unmarshal object into Go struct field Node.Sock of type net.Conn
RECIEVED 1553583447 HB 139 1 93
SEND 1553583447 PING 262 47351
RECIEVED 1553583447 TRANSACTION 209 1 93
UPDATE 1553583447 TRANSACTION fdbc6e4097d3b7d96ac12956cd7f1215
SEND 1553583447 TRANSACTION 209 25079
# Listen attempt 1.
# json: cannot unmarshal object into Go struct field Node.Sock of type net.Conn
RECIEVED 1553583448 TRANSACTION 209 1 94
UPDATE 1553583448 TRANSACTION 542a2b2891dc0936b2b662497147e990
SEND 1553583448 TRANSACTION 209 25875
RECIEVED 1553583448 HB 139 1 95
SEND 1553583448 PING 262 53373
# Listen attempt 1.
# json: cannot unmarshal object into Go struct field Node.Sock of type net.Conn
RECIEVED 1553583449 TRANSACTION 210 1 95
UPDATE 1553583449 TRANSACTION 3ac840c7a2914c9a6c216053621b9821
SEND 1553583449 TRANSACTION 210 17648
RECIEVED 1553583449 HB 139 1 96
SEND 1553583449 PING 262 56046
# Listen attempt 1.
# json: cannot unmarshal object into Go struct field Node.Sock of type net.Conn
RECIEVED 1553583450 HB 139 1 96
SEND 1553583450 PING 262 46968
RECIEVED 1553583450 TRANSACTION 209 1 96
UPDATE 1553583450 TRANSACTION db3a3bba56b4a40ca885f7e71bfb74d1
SEND 1553583450 TRANSACTION 209 14766
# Listen attempt 1.
# json: cannot unmarshal object into Go struct field Node.Sock of type net.Conn
RECIEVED 1553583451 HB 139 1 97
SEND 1553583451 PING 262 53328
# Listen attempt 1.
# json: cannot unmarshal object into Go struct field Node.Sock of type net.Conn
RECIEVED 1553583452 HB 139 1 97
SEND 1553583452 PING 262 51086
# Listen attempt 1.
# json: cannot unmarshal object into Go struct field Node.Sock of type net.Conn
RECIEVED 1553583453 HB 139 1 97
SEND 1553583453 PING 262 45277
# Listen attempt 1.
# json: cannot unmarshal object into Go struct field Node.Sock of type net.Conn
RECIEVED 1553583454 HB 139 1 97
SEND 1553583454 PING 262 46119
# Listen attempt 1.
# json: cannot unmarshal object into Go struct field Node.Sock of type net.Conn
RECIEVED 1553583455 TRANSACTION 209 1 97
UPDATE 1553583455 TRANSACTION 5cfa51f35291f652fb387d46c22feac8
SEND 1553583455 TRANSACTION 209 24798
RECIEVED 1553583455 HB 139 1 98
SEND 1553583455 PING 262 47584
# Listen attempt 1.
# json: cannot unmarshal object into Go struct field Node.Sock of type net.Conn
RECIEVED 1553583456 TRANSACTION 211 1 98
UPDATE 1553583456 TRANSACTION 35a1c3e99277fa5bd959324b95ce1f35
SEND 1553583456 TRANSACTION 211 31514
RECIEVED 1553583456 TRANSACTION 211 1 99
RECIEVED 1553583456 HB 139 1 99
SEND 1553583456 PING 262 31003
# Listen attempt 1.
# json: cannot unmarshal object into Go struct field Node.Sock of type net.Conn
RECIEVED 1553583457 TRANSACTION 209 1 99
UPDATE 1553583457 TRANSACTION 4e15608633401a6e5c66af41e7aac22b
SEND 1553583457 TRANSACTION 209 24184
RECIEVED 1553583457 TRANSACTION 209 1 100
RECIEVED 1553583457 HB 139 1 100
SEND 1553583457 PING 262 49806
RECIEVED 1553583457 TRANSACTION 209 1 100
UPDATE 1553583457 TRANSACTION 7746eb3e1be756e19212aa0ff3f363ea
SEND 1553583457 TRANSACTION 209 29047
RECIEVED 1553583457 TRANSACTION 209 1 101
RECIEVED 1553583458 HB 139 1 101
SEND 1553583458 PING 262 43845
# Listen attempt 1.
# json: cannot unmarshal object into Go struct field Node.Sock of type net.Conn
RECIEVED 1553583459 HB 139 1 101
SEND 1553583459 PING 262 49476
# Listen attempt 1.
# json: cannot unmarshal object into Go struct field Node.Sock of type net.Conn
RECIEVED 1553583460 HB 139 1 101
SEND 1553583460 PING 262 48489
# Listen attempt 1.
# json: cannot unmarshal object into Go struct field Node.Sock of type net.Conn
RECIEVED 1553583461 HB 139 1 101
SEND 1553583461 PING 262 41923
RECIEVED 1553583461 TRANSACTION 210 1 101
UPDATE 1553583461 TRANSACTION 1add97ad9fd51d2092d27a23033b93e4
SEND 1553583461 TRANSACTION 210 28007
RECIEVED 1553583461 TRANSACTION 208 1 102
UPDATE 1553583461 TRANSACTION 4db77f9c8354d33729fb032ef7266e68
SEND 1553583461 TRANSACTION 208 20713
RECIEVED 1553583461 TRANSACTION 208 1 103
# Listen attempt 1.
# json: cannot unmarshal object into Go struct field Node.Sock of type net.Conn
RECIEVED 1553583462 HB 139 1 103
SEND 1553583462 PING 262 30786
# Listen attempt 1.
# json: cannot unmarshal object into Go struct field Node.Sock of type net.Conn
RECIEVED 1553583463 HB 139 1 103
SEND 1553583463 PING 262 48036
# Listen attempt 1.
# json: cannot unmarshal object into Go struct field Node.Sock of type net.Conn
RECIEVED 1553583464 TRANSACTION 209 1 103
UPDATE 1553583464 TRANSACTION f80b03e17b9fbb7a1a9d29d98956e83e
SEND 1553583464 TRANSACTION 209 23430
RECIEVED 1553583464 HB 139 1 104
SEND 1553583464 PING 262 42079
# Listen attempt 1.
# json: cannot unmarshal object into Go struct field Node.Sock of type net.Conn
RECIEVED 1553583465 HB 139 1 104
SEND 1553583465 PING 262 56715
# Listen attempt 1.
# json: cannot unmarshal object into Go struct field Node.Sock of type net.Conn
RECIEVED 1553583466 HB 139 1 104
SEND 1553583466 PING 262 47370
