RECIEVED 1554057512 INTRODUCE 36 0 0
SEND 1554057512 JOIN 32 36439
RECIEVED 1554057512 INTRODUCE 37 1 0
SEND 1554057512 INTRODUCE 37 15782
SEND 1554057512 JOIN 32 18288
RECIEVED 1554057512 INTRODUCE 37 2 0
SEND 1554057512 INTRODUCE 37 15825
SEND 1554057512 INTRODUCE 37 25947
SEND 1554057512 JOIN 32 11027
RECIEVED 1554057512 INTRODUCE 36 3 0
SEND 1554057512 INTRODUCE 36 9706
SEND 1554057512 INTRODUCE 36 11340
SEND 1554057512 INTRODUCE 36 14672
SEND 1554057512 JOIN 32 16092
RECIEVED 1554057512 INTRODUCE 35 4 0
RECIEVED 1554057512 INTRODUCE 36 5 0
RECIEVED 1554057512 INTRODUCE 35 6 0
RECIEVED 1554057512 INTRODUCE 37 7 0
RECIEVED 1554057512 INTRODUCE 36 8 0
RECIEVED 1554057512 INTRODUCE 37 9 0
RECIEVED 1554057512 INTRODUCE 37 10 0
RECIEVED 1554057512 INTRODUCE 36 11 0
RECIEVED 1554057512 INTRODUCE 36 12 0
RECIEVED 1554057512 INTRODUCE 35 13 0
RECIEVED 1554057512 INTRODUCE 36 14 0
RECIEVED 1554057512 INTRODUCE 35 15 0
RECIEVED 1554057512 INTRODUCE 37 16 0
RECIEVED 1554057512 INTRODUCE 36 16 0
RECIEVED 1554057512 INTRODUCE 36 17 0
RECIEVED 1554057512 INTRODUCE 37 17 0
RECIEVED 1554057512 INTRODUCE 36 18 0
RECIEVED 1554057512 INTRODUCE 37 19 0
RECIEVED 1554057512 INTRODUCE 37 20 0
RECIEVED 1554057512 INTRODUCE 36 21 0
RECIEVED 1554057512 INTRODUCE 36 22 0
RECIEVED 1554057512 INTRODUCE 36 23 0
RECIEVED 1554057512 INTRODUCE 36 24 0
RECIEVED 1554057512 INTRODUCE 36 25 0
RECIEVED 1554057512 INTRODUCE 37 26 0
RECIEVED 1554057512 INTRODUCE 36 27 0
RECIEVED 1554057512 INTRODUCE 35 28 0
RECIEVED 1554057512 INTRODUCE 37 29 0
RECIEVED 1554057512 INTRODUCE 36 30 0
RECIEVED 1554057512 INTRODUCE 36 31 0
RECIEVED 1554057512 INTRODUCE 37 31 0
RECIEVED 1554057512 INTRODUCE 36 32 0
RECIEVED 1554057512 INTRODUCE 36 33 0
RECIEVED 1554057512 INTRODUCE 36 33 0
RECIEVED 1554057512 INTRODUCE 36 34 0
RECIEVED 1554057512 INTRODUCE 36 35 0
RECIEVED 1554057512 INTRODUCE 36 36 0
RECIEVED 1554057512 INTRODUCE 37 37 0
RECIEVED 1554057512 INTRODUCE 36 38 0
RECIEVED 1554057512 INTRODUCE 35 39 0
RECIEVED 1554057512 INTRODUCE 37 40 0
RECIEVED 1554057512 INTRODUCE 35 41 0
RECIEVED 1554057512 INTRODUCE 36 42 0
RECIEVED 1554057512 INTRODUCE 35 43 0
RECIEVED 1554057512 INTRODUCE 37 44 0
RECIEVED 1554057512 INTRODUCE 35 45 0
RECIEVED 1554057512 INTRODUCE 36 46 0
RECIEVED 1554057512 INTRODUCE 36 46 0
RECIEVED 1554057512 INTRODUCE 35 47 0
RECIEVED 1554057512 INTRODUCE 36 47 0
RECIEVED 1554057512 INTRODUCE 37 48 0
RECIEVED 1554057512 INTRODUCE 37 49 0
RECIEVED 1554057512 INTRODUCE 36 50 0
RECIEVED 1554057512 INTRODUCE 37 51 0
RECIEVED 1554057512 INTRODUCE 36 52 0
RECIEVED 1554057512 TRANSACTION 81 52 0
UPDATE 1554057512 TRANSACTION 8f30360fb960fa5f809cea9dfbfaa123
SEND 1554057512 TRANSACTION 81 10664 8f30360fb960fa5f809cea9dfbfaa123
RECIEVED 1554057512 TRANSACTION 81 52 1
UPDATE 1554057512 TRANSACTION ebe2d7a64e741a82b86a3ca62e226149
RECIEVED 1554057512 INTRODUCE 37 52 2
RECIEVED 1554057512 INTRODUCE 36 53 2
RECIEVED 1554057512 TRANSACTION 81 54 2
UPDATE 1554057512 TRANSACTION a106bee7c85a30d7dbfedea3c7735aba
SEND 1554057512 TRANSACTION 81 9807 a106bee7c85a30d7dbfedea3c7735aba
RECIEVED 1554057512 TRANSACTION 80 54 3
UPDATE 1554057512 TRANSACTION 7f7748e91ad91f42d270d2a87aa1d50c
SEND 1554057512 TRANSACTION 80 9761 7f7748e91ad91f42d270d2a87aa1d50c
SEND 1554057512 TRANSACTION 80 13773 7f7748e91ad91f42d270d2a87aa1d50c
RECIEVED 1554057512 INTRODUCE 36 54 4
RECIEVED 1554057512 INTRODUCE 35 55 4
RECIEVED 1554057512 INTRODUCE 36 55 4
RECIEVED 1554057512 INTRODUCE 35 55 4
RECIEVED 1554057512 TRANSACTION 81 56 4
UPDATE 1554057512 TRANSACTION 329d2d2e48ba678952fa9d88e5ed138a
SEND 1554057512 TRANSACTION 81 12472 329d2d2e48ba678952fa9d88e5ed138a
RECIEVED 1554057512 INTRODUCE 36 56 5
RECIEVED 1554057512 INTRODUCE 35 57 5
RECIEVED 1554057512 INTRODUCE 35 57 5
RECIEVED 1554057512 INTRODUCE 36 57 5
RECIEVED 1554057512 TRANSACTION 79 58 5
UPDATE 1554057512 TRANSACTION ae034e2ec5372ed27fd16cb996e2ae55
SEND 1554057512 TRANSACTION 79 10099 ae034e2ec5372ed27fd16cb996e2ae55
RECIEVED 1554057512 INTRODUCE 36 58 6
RECIEVED 1554057512 TRANSACTION 81 59 6
RECIEVED 1554057512 INTRODUCE 35 59 6
RECIEVED 1554057512 INTRODUCE 36 59 6
RECIEVED 1554057512 INTRODUCE 37 60 6
RECIEVED 1554057512 INTRODUCE 35 61 6
RECIEVED 1554057512 INTRODUCE 35 61 6
RECIEVED 1554057512 INTRODUCE 36 61 6
RECIEVED 1554057512 INTRODUCE 36 61 6
RECIEVED 1554057512 INTRODUCE 36 61 6
RECIEVED 1554057512 INTRODUCE 37 61 6
RECIEVED 1554057512 INTRODUCE 36 62 6
RECIEVED 1554057512 INTRODUCE 36 63 6
RECIEVED 1554057512 INTRODUCE 37 64 6
RECIEVED 1554057512 INTRODUCE 36 64 6
RECIEVED 1554057512 INTRODUCE 36 64 6
RECIEVED 1554057512 INTRODUCE 36 64 6
RECIEVED 1554057512 INTRODUCE 36 65 6
RECIEVED 1554057512 INTRODUCE 36 66 6
RECIEVED 1554057512 INTRODUCE 36 66 6
RECIEVED 1554057512 INTRODUCE 35 66 6
RECIEVED 1554057512 INTRODUCE 35 67 6
RECIEVED 1554057512 INTRODUCE 37 68 6
RECIEVED 1554057512 TRANSACTION 80 69 6
UPDATE 1554057512 TRANSACTION 4cb54d7cb4df9973b07b74dcce232efa
RECIEVED 1554057512 INTRODUCE 35 69 7
RECIEVED 1554057512 INTRODUCE 36 70 7
RECIEVED 1554057512 INTRODUCE 36 70 7
RECIEVED 1554057512 INTRODUCE 37 71 7
RECIEVED 1554057512 INTRODUCE 36 72 7
RECIEVED 1554057512 INTRODUCE 36 73 7
RECIEVED 1554057512 INTRODUCE 36 74 7
RECIEVED 1554057512 INTRODUCE 36 74 7
RECIEVED 1554057512 INTRODUCE 35 74 7
RECIEVED 1554057512 INTRODUCE 36 75 7
RECIEVED 1554057512 INTRODUCE 35 76 7
RECIEVED 1554057512 INTRODUCE 37 77 7
RECIEVED 1554057512 INTRODUCE 36 78 7
RECIEVED 1554057512 INTRODUCE 36 78 7
RECIEVED 1554057512 INTRODUCE 35 78 7
RECIEVED 1554057512 INTRODUCE 36 78 7
RECIEVED 1554057512 INTRODUCE 36 79 7
RECIEVED 1554057512 TRANSACTION 81 80 7
UPDATE 1554057512 TRANSACTION f9d40aaf063eaaa3849283aa9b018845
SEND 1554057512 TRANSACTION 81 13972 f9d40aaf063eaaa3849283aa9b018845
SEND 1554057512 TRANSACTION 81 14055 f9d40aaf063eaaa3849283aa9b018845
RECIEVED 1554057512 TRANSACTION 81 80 8
RECIEVED 1554057512 INTRODUCE 37 80 8
RECIEVED 1554057512 TRANSACTION 81 80 8
RECIEVED 1554057512 TRANSACTION 81 80 8
UPDATE 1554057512 TRANSACTION 032feddffd67c737ad7304922cbe9bb2
RECIEVED 1554057512 INTRODUCE 36 80 9
RECIEVED 1554057512 TRANSACTION 81 80 9
UPDATE 1554057512 TRANSACTION dcae9b0cbf39173fd6ecd598f28eea59
SEND 1554057512 TRANSACTION 81 9101 dcae9b0cbf39173fd6ecd598f28eea59
SEND 1554057512 TRANSACTION 81 15474 dcae9b0cbf39173fd6ecd598f28eea59
RECIEVED 1554057512 TRANSACTION 81 80 10
RECIEVED 1554057512 TRANSACTION 81 80 10
UPDATE 1554057512 TRANSACTION d96529a4ed31a094fdeaf233b88b77dc
SEND 1554057512 TRANSACTION 81 35881 d96529a4ed31a094fdeaf233b88b77dc
SEND 1554057512 TRANSACTION 81 18323 d96529a4ed31a094fdeaf233b88b77dc
RECIEVED 1554057512 TRANSACTION 81 80 11
UPDATE 1554057512 TRANSACTION 198d9dc103c926114431731f99cf6d80
SEND 1554057512 TRANSACTION 81 13467 198d9dc103c926114431731f99cf6d80
SEND 1554057512 TRANSACTION 81 21690 198d9dc103c926114431731f99cf6d80
SEND 1554057512 TRANSACTION 81 15937 198d9dc103c926114431731f99cf6d80
RECIEVED 1554057513 TRANSACTION 81 80 12
UPDATE 1554057513 TRANSACTION 1abcf5d6e0a92f54d1c1cd7fdd2db231
SEND 1554057513 TRANSACTION 81 15444 1abcf5d6e0a92f54d1c1cd7fdd2db231
RECIEVED 1554057513 TRANSACTION 81 80 13
UPDATE 1554057513 TRANSACTION 7b8f2409393311c4d6502877b171ee14
RECIEVED 1554057513 TRANSACTION 79 80 14
UPDATE 1554057513 TRANSACTION eabd77fca2b32f0863fd41f8e96a4547
SEND 1554057513 TRANSACTION 79 14106 eabd77fca2b32f0863fd41f8e96a4547
RECIEVED 1554057513 TRANSACTION 81 80 15
UPDATE 1554057513 TRANSACTION dc493f311bab37683277e4cfdd3cb05c
RECIEVED 1554057513 TRANSACTION 81 80 16
RECIEVED 1554057513 TRANSACTION 81 80 16
UPDATE 1554057513 TRANSACTION 5d4680c5ff114f58bd92561708db0bcb
SEND 1554057513 TRANSACTION 81 9168 5d4680c5ff114f58bd92561708db0bcb
SEND 1554057513 TRANSACTION 81 13680 5d4680c5ff114f58bd92561708db0bcb
RECIEVED 1554057513 TRANSACTION 79 80 17
RECIEVED 1554057513 TRANSACTION 81 80 17
UPDATE 1554057513 TRANSACTION 5146fc558679949fa9cb9673b79d8a39
SEND 1554057513 TRANSACTION 81 15887 5146fc558679949fa9cb9673b79d8a39
SEND 1554057513 TRANSACTION 81 11541 5146fc558679949fa9cb9673b79d8a39
SEND 1554057513 TRANSACTION 81 14334 5146fc558679949fa9cb9673b79d8a39
RECIEVED 1554057513 TRANSACTION 81 80 18
UPDATE 1554057513 TRANSACTION 2598ddb26cd7eb0167bdef2b9ca71b25
RECIEVED 1554057513 TRANSACTION 81 80 19
RECIEVED 1554057513 TRANSACTION 81 80 19
RECIEVED 1554057513 TRANSACTION 82 80 19
UPDATE 1554057513 TRANSACTION 8989eaa193bcb3811956cfbfd813babf
SEND 1554057513 TRANSACTION 82 9378 8989eaa193bcb3811956cfbfd813babf
RECIEVED 1554057513 TRANSACTION 81 80 20
UPDATE 1554057513 TRANSACTION 5a29713357cf268959cf8e959cbe0ade
SEND 1554057513 TRANSACTION 81 11780 5a29713357cf268959cf8e959cbe0ade
RECIEVED 1554057513 TRANSACTION 81 80 21
RECIEVED 1554057513 TRANSACTION 81 80 21
UPDATE 1554057513 TRANSACTION d7618babe791b92ed48c99a8e9bcba4f
SEND 1554057513 TRANSACTION 81 9987 d7618babe791b92ed48c99a8e9bcba4f
SEND 1554057513 TRANSACTION 81 12140 d7618babe791b92ed48c99a8e9bcba4f
RECIEVED 1554057513 TRANSACTION 79 80 22
UPDATE 1554057513 TRANSACTION fdda0d352143e2e53b18bdf63db1f3ec
SEND 1554057513 TRANSACTION 79 14060 fdda0d352143e2e53b18bdf63db1f3ec
RECIEVED 1554057513 TRANSACTION 80 80 23
RECIEVED 1554057513 TRANSACTION 79 80 23
UPDATE 1554057513 TRANSACTION bb29a53fc1755a71d995a84d4c358558
SEND 1554057513 TRANSACTION 79 16127 bb29a53fc1755a71d995a84d4c358558
RECIEVED 1554057513 TRANSACTION 81 80 24
UPDATE 1554057513 TRANSACTION c60fe1fcbda254c0947334ef1f9feebf
SEND 1554057513 TRANSACTION 81 9311 c60fe1fcbda254c0947334ef1f9feebf
SEND 1554057513 TRANSACTION 81 9440 c60fe1fcbda254c0947334ef1f9feebf
SEND 1554057513 TRANSACTION 81 13826 c60fe1fcbda254c0947334ef1f9feebf
RECIEVED 1554057513 TRANSACTION 81 80 25
UPDATE 1554057513 TRANSACTION a56cb97df7d17eedfc8e1c5a51086a2f
RECIEVED 1554057513 TRANSACTION 79 80 26
UPDATE 1554057513 TRANSACTION 7ce8d649bdc53fe77b9074ce1b5bfc87
SEND 1554057513 TRANSACTION 79 10048 7ce8d649bdc53fe77b9074ce1b5bfc87
SEND 1554057513 TRANSACTION 79 10050 7ce8d649bdc53fe77b9074ce1b5bfc87
RECIEVED 1554057513 TRANSACTION 79 80 27
RECIEVED 1554057513 TRANSACTION 81 80 27
UPDATE 1554057513 TRANSACTION 566707adc6602bed9e2e79c90f0b9d68
SEND 1554057513 TRANSACTION 81 9044 566707adc6602bed9e2e79c90f0b9d68
RECIEVED 1554057513 TRANSACTION 81 80 28
RECIEVED 1554057513 TRANSACTION 81 80 28
RECIEVED 1554057513 TRANSACTION 79 80 28
UPDATE 1554057513 TRANSACTION f3c9432e9c8d5268c5fa4d6e1d342c97
RECIEVED 1554057513 TRANSACTION 79 80 29
RECIEVED 1554057513 TRANSACTION 81 80 29
UPDATE 1554057513 TRANSACTION c849a5cb255887ddd2e6f06d5ae0584d
SEND 1554057513 TRANSACTION 81 9205 c849a5cb255887ddd2e6f06d5ae0584d
# Failed listening 
%!(EXTRA string=node1)# ERROR: EOF
RECIEVED 1554057514 DIE 4 80 30
