RECIEVED 1554057494 INTRODUCE 37 0 0
SEND 1554057494 JOIN 32 11311
RECIEVED 1554057494 INTRODUCE 37 1 0
SEND 1554057494 INTRODUCE 37 11256
SEND 1554057494 JOIN 32 17232
RECIEVED 1554057494 INTRODUCE 36 2 0
SEND 1554057494 INTRODUCE 36 10480
SEND 1554057494 INTRODUCE 36 35396
SEND 1554057494 JOIN 32 22552
RECIEVED 1554057494 INTRODUCE 36 3 0
SEND 1554057494 INTRODUCE 36 14745
SEND 1554057494 INTRODUCE 36 13342
SEND 1554057494 INTRODUCE 36 11505
SEND 1554057494 JOIN 32 9718
RECIEVED 1554057494 INTRODUCE 37 4 0
RECIEVED 1554057494 INTRODUCE 36 5 0
RECIEVED 1554057494 INTRODUCE 35 6 0
RECIEVED 1554057494 INTRODUCE 36 7 0
RECIEVED 1554057494 INTRODUCE 36 8 0
RECIEVED 1554057494 INTRODUCE 37 9 0
RECIEVED 1554057494 INTRODUCE 36 10 0
RECIEVED 1554057494 INTRODUCE 37 10 0
RECIEVED 1554057494 INTRODUCE 36 11 0
RECIEVED 1554057494 INTRODUCE 36 12 0
RECIEVED 1554057494 INTRODUCE 36 13 0
RECIEVED 1554057494 INTRODUCE 36 13 0
RECIEVED 1554057494 INTRODUCE 35 13 0
RECIEVED 1554057494 INTRODUCE 36 14 0
RECIEVED 1554057494 INTRODUCE 36 15 0
RECIEVED 1554057494 INTRODUCE 36 16 0
RECIEVED 1554057494 INTRODUCE 36 17 0
RECIEVED 1554057494 INTRODUCE 37 18 0
RECIEVED 1554057494 INTRODUCE 37 19 0
RECIEVED 1554057494 INTRODUCE 36 20 0
RECIEVED 1554057494 INTRODUCE 37 21 0
RECIEVED 1554057494 INTRODUCE 36 22 0
RECIEVED 1554057494 INTRODUCE 36 23 0
RECIEVED 1554057494 INTRODUCE 37 24 0
RECIEVED 1554057494 INTRODUCE 36 25 0
RECIEVED 1554057494 INTRODUCE 35 26 0
RECIEVED 1554057494 INTRODUCE 36 27 0
RECIEVED 1554057494 INTRODUCE 37 28 0
RECIEVED 1554057494 INTRODUCE 36 29 0
RECIEVED 1554057494 INTRODUCE 35 29 0
RECIEVED 1554057494 INTRODUCE 37 30 0
RECIEVED 1554057494 INTRODUCE 36 31 0
RECIEVED 1554057494 INTRODUCE 37 32 0
RECIEVED 1554057494 INTRODUCE 35 32 0
RECIEVED 1554057494 INTRODUCE 36 33 0
RECIEVED 1554057494 INTRODUCE 37 33 0
RECIEVED 1554057494 INTRODUCE 36 34 0
RECIEVED 1554057494 INTRODUCE 37 34 0
RECIEVED 1554057494 INTRODUCE 36 34 0
RECIEVED 1554057494 INTRODUCE 37 35 0
RECIEVED 1554057494 INTRODUCE 36 36 0
RECIEVED 1554057494 INTRODUCE 35 37 0
RECIEVED 1554057494 INTRODUCE 37 38 0
RECIEVED 1554057494 INTRODUCE 36 39 0
RECIEVED 1554057494 INTRODUCE 36 40 0
RECIEVED 1554057494 INTRODUCE 36 41 0
RECIEVED 1554057494 INTRODUCE 36 42 0
RECIEVED 1554057494 INTRODUCE 36 43 0
RECIEVED 1554057494 INTRODUCE 36 44 0
RECIEVED 1554057494 INTRODUCE 37 45 0
RECIEVED 1554057494 INTRODUCE 36 46 0
RECIEVED 1554057494 INTRODUCE 36 47 0
RECIEVED 1554057494 INTRODUCE 36 48 0
RECIEVED 1554057494 INTRODUCE 35 49 0
RECIEVED 1554057494 INTRODUCE 36 50 0
RECIEVED 1554057494 INTRODUCE 35 51 0
RECIEVED 1554057494 INTRODUCE 36 51 0
RECIEVED 1554057494 INTRODUCE 36 52 0
RECIEVED 1554057494 INTRODUCE 35 53 0
RECIEVED 1554057494 INTRODUCE 36 54 0
RECIEVED 1554057494 INTRODUCE 35 54 0
RECIEVED 1554057494 INTRODUCE 36 54 0
RECIEVED 1554057494 INTRODUCE 37 55 0
RECIEVED 1554057494 INTRODUCE 36 56 0
RECIEVED 1554057494 INTRODUCE 37 57 0
RECIEVED 1554057494 INTRODUCE 36 58 0
RECIEVED 1554057494 INTRODUCE 37 58 0
RECIEVED 1554057494 INTRODUCE 35 59 0
RECIEVED 1554057494 INTRODUCE 36 60 0
RECIEVED 1554057494 INTRODUCE 37 60 0
RECIEVED 1554057494 INTRODUCE 35 61 0
RECIEVED 1554057494 INTRODUCE 36 61 0
RECIEVED 1554057494 INTRODUCE 36 61 0
RECIEVED 1554057494 INTRODUCE 37 62 0
RECIEVED 1554057494 INTRODUCE 36 63 0
RECIEVED 1554057494 INTRODUCE 37 64 0
RECIEVED 1554057494 INTRODUCE 36 65 0
RECIEVED 1554057494 INTRODUCE 36 65 0
RECIEVED 1554057494 INTRODUCE 36 66 0
RECIEVED 1554057494 INTRODUCE 36 67 0
RECIEVED 1554057494 INTRODUCE 37 67 0
RECIEVED 1554057494 INTRODUCE 36 68 0
RECIEVED 1554057494 INTRODUCE 36 68 0
RECIEVED 1554057494 INTRODUCE 36 68 0
RECIEVED 1554057494 INTRODUCE 36 68 0
RECIEVED 1554057494 INTRODUCE 36 68 0
RECIEVED 1554057494 INTRODUCE 36 69 0
RECIEVED 1554057494 INTRODUCE 36 69 0
RECIEVED 1554057494 INTRODUCE 36 70 0
RECIEVED 1554057494 INTRODUCE 35 70 0
RECIEVED 1554057494 INTRODUCE 36 70 0
RECIEVED 1554057494 INTRODUCE 37 71 0
RECIEVED 1554057494 INTRODUCE 35 72 0
RECIEVED 1554057494 INTRODUCE 35 72 0
RECIEVED 1554057494 INTRODUCE 36 73 0
RECIEVED 1554057494 INTRODUCE 36 73 0
RECIEVED 1554057494 INTRODUCE 36 73 0
RECIEVED 1554057494 INTRODUCE 36 73 0
RECIEVED 1554057494 INTRODUCE 36 74 0
RECIEVED 1554057494 TRANSACTION 80 75 0
UPDATE 1554057494 TRANSACTION fd6fe7c701b69c324dec718002434088
RECIEVED 1554057494 INTRODUCE 36 75 1
RECIEVED 1554057494 TRANSACTION 80 75 1
UPDATE 1554057494 TRANSACTION 714ab66207c27c05fb6bbc59b20fbaf3
SEND 1554057494 TRANSACTION 80 9816 714ab66207c27c05fb6bbc59b20fbaf3
SEND 1554057494 TRANSACTION 80 18653 714ab66207c27c05fb6bbc59b20fbaf3
RECIEVED 1554057494 INTRODUCE 36 75 2
RECIEVED 1554057494 INTRODUCE 35 76 2
RECIEVED 1554057494 INTRODUCE 35 76 2
RECIEVED 1554057494 INTRODUCE 36 76 2
RECIEVED 1554057494 TRANSACTION 80 76 2
UPDATE 1554057494 TRANSACTION f449da30c529a5ddde34fd26538c85ee
RECIEVED 1554057494 INTRODUCE 35 76 3
RECIEVED 1554057494 INTRODUCE 36 77 3
RECIEVED 1554057494 TRANSACTION 80 78 3
RECIEVED 1554057494 TRANSACTION 80 78 3
UPDATE 1554057494 TRANSACTION c4f9257bf00311e7c45e6a9a749f821a
SEND 1554057494 TRANSACTION 80 15690 c4f9257bf00311e7c45e6a9a749f821a
RECIEVED 1554057494 INTRODUCE 37 78 4
RECIEVED 1554057494 INTRODUCE 36 79 4
RECIEVED 1554057494 INTRODUCE 36 80 4
RECIEVED 1554057494 INTRODUCE 35 80 4
RECIEVED 1554057494 TRANSACTION 81 80 4
UPDATE 1554057494 TRANSACTION ab4475bb25cba1c4f9026ccf6c545624
SEND 1554057494 TRANSACTION 81 14985 ab4475bb25cba1c4f9026ccf6c545624
RECIEVED 1554057494 INTRODUCE 36 80 5
RECIEVED 1554057494 INTRODUCE 36 80 5
RECIEVED 1554057494 INTRODUCE 36 80 5
RECIEVED 1554057494 INTRODUCE 37 80 5
RECIEVED 1554057494 INTRODUCE 37 81 5
RECIEVED 1554057494 INTRODUCE 37 82 5
RECIEVED 1554057494 INTRODUCE 36 83 5
RECIEVED 1554057494 INTRODUCE 36 84 5
RECIEVED 1554057494 TRANSACTION 80 84 5
UPDATE 1554057494 TRANSACTION ae38544f40cdd7c1d9877f7988b8ce2f
SEND 1554057494 TRANSACTION 80 20773 ae38544f40cdd7c1d9877f7988b8ce2f
SEND 1554057494 TRANSACTION 80 21118 ae38544f40cdd7c1d9877f7988b8ce2f
RECIEVED 1554057494 INTRODUCE 35 84 6
RECIEVED 1554057494 TRANSACTION 80 85 6
RECIEVED 1554057494 TRANSACTION 80 85 6
RECIEVED 1554057494 TRANSACTION 82 85 6
UPDATE 1554057494 TRANSACTION 746c0e41ff1d757263004698832e8e8d
RECIEVED 1554057494 TRANSACTION 81 85 7
UPDATE 1554057494 TRANSACTION efaf812a94d8d37080ff4f6065d3ef7e
SEND 1554057494 TRANSACTION 81 10078 efaf812a94d8d37080ff4f6065d3ef7e
SEND 1554057494 TRANSACTION 81 22309 efaf812a94d8d37080ff4f6065d3ef7e
RECIEVED 1554057494 INTRODUCE 36 85 8
RECIEVED 1554057494 INTRODUCE 36 85 8
RECIEVED 1554057494 INTRODUCE 37 85 8
RECIEVED 1554057494 INTRODUCE 37 85 8
RECIEVED 1554057494 TRANSACTION 81 85 8
UPDATE 1554057494 TRANSACTION 44879c01aa6beeafdf3b21a3a728ac60
RECIEVED 1554057494 TRANSACTION 81 85 9
UPDATE 1554057494 TRANSACTION 07185e4aa363f42e743cc3a1d60e15d6
SEND 1554057494 TRANSACTION 81 9170 07185e4aa363f42e743cc3a1d60e15d6
RECIEVED 1554057494 TRANSACTION 81 85 10
UPDATE 1554057494 TRANSACTION 0c318c148b5340d07b648df2fcb25fc6
SEND 1554057494 TRANSACTION 81 19062 0c318c148b5340d07b648df2fcb25fc6
SEND 1554057494 TRANSACTION 81 16717 0c318c148b5340d07b648df2fcb25fc6
RECIEVED 1554057495 TRANSACTION 79 85 11
UPDATE 1554057495 TRANSACTION 50d5854c801090dff21716e79c443999
SEND 1554057495 TRANSACTION 79 21436 50d5854c801090dff21716e79c443999
SEND 1554057495 TRANSACTION 79 12827 50d5854c801090dff21716e79c443999
RECIEVED 1554057495 TRANSACTION 81 85 12
UPDATE 1554057495 TRANSACTION a6d1b4fef7838ed4133490c191eeef13
SEND 1554057495 TRANSACTION 81 18919 a6d1b4fef7838ed4133490c191eeef13
RECIEVED 1554057495 TRANSACTION 81 85 13
UPDATE 1554057495 TRANSACTION aa71ecb24db3f870abc0ff31a5b2c48d
SEND 1554057495 TRANSACTION 81 13997 aa71ecb24db3f870abc0ff31a5b2c48d
RECIEVED 1554057495 TRANSACTION 80 85 14
UPDATE 1554057495 TRANSACTION 9c17db9e56d89907c554613be7a124e6
SEND 1554057495 TRANSACTION 80 15690 9c17db9e56d89907c554613be7a124e6
SEND 1554057495 TRANSACTION 80 15696 9c17db9e56d89907c554613be7a124e6
RECIEVED 1554057495 TRANSACTION 81 85 15
UPDATE 1554057495 TRANSACTION d92c3aeed4cc1a102e2b664920343a64
SEND 1554057495 TRANSACTION 81 11145 d92c3aeed4cc1a102e2b664920343a64
RECIEVED 1554057495 TRANSACTION 81 85 16
RECIEVED 1554057495 TRANSACTION 81 85 16
UPDATE 1554057495 TRANSACTION 49e9181e5ab0af708b62b8f28b7d61b4
SEND 1554057495 TRANSACTION 81 38990 49e9181e5ab0af708b62b8f28b7d61b4
RECIEVED 1554057495 TRANSACTION 81 85 17
RECIEVED 1554057495 TRANSACTION 80 85 17
UPDATE 1554057495 TRANSACTION f052a91c14b72c69433fd71dd4f01880
SEND 1554057495 TRANSACTION 80 13914 f052a91c14b72c69433fd71dd4f01880
SEND 1554057495 TRANSACTION 80 15730 f052a91c14b72c69433fd71dd4f01880
RECIEVED 1554057495 TRANSACTION 81 85 18
UPDATE 1554057495 TRANSACTION 25b155793303c7f275d0b48d733afd4e
RECIEVED 1554057495 TRANSACTION 81 85 19
RECIEVED 1554057495 TRANSACTION 81 85 19
RECIEVED 1554057495 TRANSACTION 81 85 19
UPDATE 1554057495 TRANSACTION 1b1d0fcd9664f6e0f561f59c77d24178
SEND 1554057495 TRANSACTION 81 20459 1b1d0fcd9664f6e0f561f59c77d24178
SEND 1554057495 TRANSACTION 81 14969 1b1d0fcd9664f6e0f561f59c77d24178
SEND 1554057495 TRANSACTION 81 14184 1b1d0fcd9664f6e0f561f59c77d24178
RECIEVED 1554057495 TRANSACTION 81 85 20
UPDATE 1554057495 TRANSACTION ae5b73d6a1fd0f13344f9137f6f4ab94
SEND 1554057495 TRANSACTION 81 12692 ae5b73d6a1fd0f13344f9137f6f4ab94
RECIEVED 1554057495 TRANSACTION 81 85 21
RECIEVED 1554057495 TRANSACTION 81 85 21
RECIEVED 1554057495 TRANSACTION 81 85 21
UPDATE 1554057495 TRANSACTION 351e51abbacb897978dc8c9230ee12fe
SEND 1554057495 TRANSACTION 81 19761 351e51abbacb897978dc8c9230ee12fe
RECIEVED 1554057495 TRANSACTION 82 85 22
UPDATE 1554057495 TRANSACTION e079925381c08eb21045951c59ce0fab
RECIEVED 1554057495 TRANSACTION 82 85 23
RECIEVED 1554057495 TRANSACTION 81 85 23
UPDATE 1554057495 TRANSACTION 411323fb64d047b3849e9161b22e70bd
SEND 1554057495 TRANSACTION 81 30168 411323fb64d047b3849e9161b22e70bd
SEND 1554057495 TRANSACTION 81 14530 411323fb64d047b3849e9161b22e70bd
RECIEVED 1554057495 TRANSACTION 81 85 24
RECIEVED 1554057495 TRANSACTION 82 85 24
UPDATE 1554057495 TRANSACTION e9254667abea277754abd8bfafa5d4f8
RECIEVED 1554057495 TRANSACTION 81 85 25
UPDATE 1554057495 TRANSACTION a241a0830eb331360743f14d6759e493
RECIEVED 1554057495 TRANSACTION 81 85 26
UPDATE 1554057495 TRANSACTION dc255d0e23bd8d1942409bf27335ad61
SEND 1554057495 TRANSACTION 81 16416 dc255d0e23bd8d1942409bf27335ad61
RECIEVED 1554057495 TRANSACTION 81 85 27
RECIEVED 1554057495 TRANSACTION 82 85 27
RECIEVED 1554057495 TRANSACTION 81 85 27
UPDATE 1554057495 TRANSACTION a92ceb06b2f564c5fd968b760e32cc3c
SEND 1554057495 TRANSACTION 81 19055 a92ceb06b2f564c5fd968b760e32cc3c
SEND 1554057495 TRANSACTION 81 19132 a92ceb06b2f564c5fd968b760e32cc3c
RECIEVED 1554057495 TRANSACTION 82 85 28
RECIEVED 1554057495 TRANSACTION 81 85 28
UPDATE 1554057495 TRANSACTION 4eec59897b33b6edb84103fd9239ed10
SEND 1554057495 TRANSACTION 81 12646 4eec59897b33b6edb84103fd9239ed10
RECIEVED 1554057496 TRANSACTION 81 85 29
UPDATE 1554057496 TRANSACTION 8f6215eb3500c0a9228b4fe87f4c6fdd
RECIEVED 1554057496 TRANSACTION 80 85 30
UPDATE 1554057496 TRANSACTION 9a57b7e2a7f6edee4a9659c9e99abddd
SEND 1554057496 TRANSACTION 80 26513 9a57b7e2a7f6edee4a9659c9e99abddd
SEND 1554057496 TRANSACTION 80 27956 9a57b7e2a7f6edee4a9659c9e99abddd
RECIEVED 1554057496 TRANSACTION 80 85 31
RECIEVED 1554057496 TRANSACTION 81 85 31
UPDATE 1554057496 TRANSACTION 209527ed9e7e7667eeb292418d2d4d54
SEND 1554057496 TRANSACTION 81 25604 209527ed9e7e7667eeb292418d2d4d54
SEND 1554057496 TRANSACTION 81 14162 209527ed9e7e7667eeb292418d2d4d54
RECIEVED 1554057496 TRANSACTION 81 85 32
UPDATE 1554057496 TRANSACTION 165ef125e9c4364e34c175ce9c99d553
SEND 1554057496 TRANSACTION 81 14397 165ef125e9c4364e34c175ce9c99d553
SEND 1554057496 TRANSACTION 81 14428 165ef125e9c4364e34c175ce9c99d553
SEND 1554057496 TRANSACTION 81 20421 165ef125e9c4364e34c175ce9c99d553
RECIEVED 1554057496 TRANSACTION 81 85 33
RECIEVED 1554057496 TRANSACTION 80 85 33
UPDATE 1554057496 TRANSACTION af7baac2774805ecc58c4b4d08266666
SEND 1554057496 TRANSACTION 80 18558 af7baac2774805ecc58c4b4d08266666
SEND 1554057496 TRANSACTION 80 10629 af7baac2774805ecc58c4b4d08266666
SEND 1554057496 TRANSACTION 80 13800 af7baac2774805ecc58c4b4d08266666
RECIEVED 1554057496 TRANSACTION 80 85 34
UPDATE 1554057496 TRANSACTION a2fa01ec826023be5dc81b8dccfb8128
RECIEVED 1554057496 TRANSACTION 80 85 35
RECIEVED 1554057496 TRANSACTION 81 85 35
UPDATE 1554057496 TRANSACTION 58508ea18478fe55a9ecfaf4126203c3
SEND 1554057496 TRANSACTION 81 17023 58508ea18478fe55a9ecfaf4126203c3
RECIEVED 1554057496 TRANSACTION 81 85 36
RECIEVED 1554057496 TRANSACTION 81 85 36
UPDATE 1554057496 TRANSACTION 12d0b03b05dba721a242f86d402a7341
SEND 1554057496 TRANSACTION 81 13255 12d0b03b05dba721a242f86d402a7341
RECIEVED 1554057496 TRANSACTION 81 85 37
RECIEVED 1554057496 TRANSACTION 81 85 37
UPDATE 1554057496 TRANSACTION 13537be4cd818661043fcb3ba7f5848f
SEND 1554057496 TRANSACTION 81 11257 13537be4cd818661043fcb3ba7f5848f
SEND 1554057496 TRANSACTION 81 17069 13537be4cd818661043fcb3ba7f5848f
RECIEVED 1554057496 TRANSACTION 81 85 38
RECIEVED 1554057497 TRANSACTION 81 85 38
UPDATE 1554057497 TRANSACTION b96891c96ad6cc6db8dafb8ab8ae5a4e
SEND 1554057497 TRANSACTION 81 10063 b96891c96ad6cc6db8dafb8ab8ae5a4e
RECIEVED 1554057497 TRANSACTION 81 85 39
UPDATE 1554057497 TRANSACTION 73ace3f8bc40df6159b7648e8accf8be
SEND 1554057497 TRANSACTION 81 14642 73ace3f8bc40df6159b7648e8accf8be
SEND 1554057497 TRANSACTION 81 14903 73ace3f8bc40df6159b7648e8accf8be
RECIEVED 1554057497 TRANSACTION 81 85 40
UPDATE 1554057497 TRANSACTION 80f4a99f2b1b6a2cbae82f29a97956cc
SEND 1554057497 TRANSACTION 81 9048 80f4a99f2b1b6a2cbae82f29a97956cc
RECIEVED 1554057497 TRANSACTION 81 85 41
RECIEVED 1554057497 TRANSACTION 81 85 41
UPDATE 1554057497 TRANSACTION f9e3b499113c7321230aec5fd6ee30d3
RECIEVED 1554057497 TRANSACTION 81 85 42
RECIEVED 1554057497 TRANSACTION 81 85 42
UPDATE 1554057497 TRANSACTION 41bf10c349ce0b36e1eefe7615860149
SEND 1554057497 TRANSACTION 81 14546 41bf10c349ce0b36e1eefe7615860149
RECIEVED 1554057497 TRANSACTION 81 85 43
RECIEVED 1554057497 TRANSACTION 79 85 43
UPDATE 1554057497 TRANSACTION 89a4468641a7f98d0876766b348387d0
SEND 1554057497 TRANSACTION 79 14981 89a4468641a7f98d0876766b348387d0
SEND 1554057497 TRANSACTION 79 19867 89a4468641a7f98d0876766b348387d0
RECIEVED 1554057497 TRANSACTION 79 85 44
RECIEVED 1554057497 TRANSACTION 81 85 44
UPDATE 1554057497 TRANSACTION 10f592cf0ea80712c6e7788ce65c4b87
SEND 1554057497 TRANSACTION 81 13150 10f592cf0ea80712c6e7788ce65c4b87
SEND 1554057497 TRANSACTION 81 25013 10f592cf0ea80712c6e7788ce65c4b87
RECIEVED 1554057497 TRANSACTION 81 85 45
UPDATE 1554057497 TRANSACTION 170c43963deb5517f027310618a739d5
SEND 1554057497 TRANSACTION 81 13376 170c43963deb5517f027310618a739d5
RECIEVED 1554057497 TRANSACTION 81 85 46
RECIEVED 1554057497 TRANSACTION 81 85 46
RECIEVED 1554057497 TRANSACTION 80 85 46
UPDATE 1554057497 TRANSACTION 28f26f0a9ff70b7c42e11df91049a0c6
RECIEVED 1554057498 TRANSACTION 81 85 47
UPDATE 1554057498 TRANSACTION 2a51d4ab6063f28d580859580aca2666
SEND 1554057498 TRANSACTION 81 14492 2a51d4ab6063f28d580859580aca2666
SEND 1554057498 TRANSACTION 81 15380 2a51d4ab6063f28d580859580aca2666
RECIEVED 1554057498 TRANSACTION 79 85 48
UPDATE 1554057498 TRANSACTION 370e2569be1675b0b8e0ceb6f2b41c41
RECIEVED 1554057498 TRANSACTION 79 85 49
RECIEVED 1554057498 TRANSACTION 81 85 49
UPDATE 1554057498 TRANSACTION dc4c89eaebb5a736e739c011d27d1583
SEND 1554057498 TRANSACTION 81 17279 dc4c89eaebb5a736e739c011d27d1583
RECIEVED 1554057498 INTRODUCE 36 85 50
RECIEVED 1554057498 INTRODUCE 36 85 50
RECIEVED 1554057498 INTRODUCE 36 85 50
RECIEVED 1554057498 INTRODUCE 36 85 50
RECIEVED 1554057498 TRANSACTION 80 85 50
UPDATE 1554057498 TRANSACTION 43323225e099f5431643e247a49159e2
RECIEVED 1554057498 TRANSACTION 80 85 51
UPDATE 1554057498 TRANSACTION 96ece026beab2412d079947d75dafdbe
SEND 1554057498 TRANSACTION 80 28174 96ece026beab2412d079947d75dafdbe
RECIEVED 1554057498 TRANSACTION 80 85 52
RECIEVED 1554057498 TRANSACTION 80 85 52
RECIEVED 1554057498 TRANSACTION 82 85 52
UPDATE 1554057498 TRANSACTION 03fc134dff3884a985b7ae6096ba59ac
SEND 1554057498 TRANSACTION 82 14306 03fc134dff3884a985b7ae6096ba59ac
SEND 1554057498 TRANSACTION 82 14029 03fc134dff3884a985b7ae6096ba59ac
SEND 1554057498 TRANSACTION 82 19773 03fc134dff3884a985b7ae6096ba59ac
RECIEVED 1554057498 TRANSACTION 82 85 53
RECIEVED 1554057498 TRANSACTION 81 85 53
UPDATE 1554057498 TRANSACTION 4453ba3cac20e62d01c4ce6d81935516
SEND 1554057498 TRANSACTION 81 13093 4453ba3cac20e62d01c4ce6d81935516
RECIEVED 1554057498 TRANSACTION 81 85 54
UPDATE 1554057498 TRANSACTION 0b6d0bc889bf1b926c9bca6c1b4867cb
SEND 1554057498 TRANSACTION 81 13553 0b6d0bc889bf1b926c9bca6c1b4867cb
SEND 1554057498 TRANSACTION 81 19153 0b6d0bc889bf1b926c9bca6c1b4867cb
RECIEVED 1554057498 TRANSACTION 81 85 55
UPDATE 1554057498 TRANSACTION cb75982ee93688b812d4028c91d8005e
SEND 1554057498 TRANSACTION 81 21680 cb75982ee93688b812d4028c91d8005e
SEND 1554057498 TRANSACTION 81 19981 cb75982ee93688b812d4028c91d8005e
RECIEVED 1554057498 TRANSACTION 81 85 56
RECIEVED 1554057498 TRANSACTION 81 85 56
UPDATE 1554057498 TRANSACTION 1f643b861569e909da1f0fcb73cd5614
RECIEVED 1554057498 TRANSACTION 82 85 57
UPDATE 1554057498 TRANSACTION 31ce1a2d5b01c3c8e3bedbb70246224a
SEND 1554057498 TRANSACTION 82 14952 31ce1a2d5b01c3c8e3bedbb70246224a
SEND 1554057498 TRANSACTION 82 21506 31ce1a2d5b01c3c8e3bedbb70246224a
RECIEVED 1554057498 TRANSACTION 80 85 58
UPDATE 1554057498 TRANSACTION 8c1ae8c53929b0b0867fdbc57c08ebfe
SEND 1554057498 TRANSACTION 80 18590 8c1ae8c53929b0b0867fdbc57c08ebfe
SEND 1554057498 TRANSACTION 80 11421 8c1ae8c53929b0b0867fdbc57c08ebfe
RECIEVED 1554057498 TRANSACTION 81 85 59
UPDATE 1554057498 TRANSACTION b5dd40744b4ec86dcf62aa10dc66a1f9
SEND 1554057498 TRANSACTION 81 13979 b5dd40744b4ec86dcf62aa10dc66a1f9
SEND 1554057498 TRANSACTION 81 26543 b5dd40744b4ec86dcf62aa10dc66a1f9
SEND 1554057498 TRANSACTION 81 13564 b5dd40744b4ec86dcf62aa10dc66a1f9
RECIEVED 1554057499 TRANSACTION 81 85 60
UPDATE 1554057499 TRANSACTION 57b21b2574c355a17d4bf34174364754
RECIEVED 1554057499 TRANSACTION 81 85 61
UPDATE 1554057499 TRANSACTION d30b89a1c99d2aabfe513f9f6feee1b5
SEND 1554057499 TRANSACTION 81 14025 d30b89a1c99d2aabfe513f9f6feee1b5
RECIEVED 1554057499 TRANSACTION 81 85 62
UPDATE 1554057499 TRANSACTION 61598d2e5aeb31439685b17eb7ba12ac
SEND 1554057499 TRANSACTION 81 44640 61598d2e5aeb31439685b17eb7ba12ac
SEND 1554057499 TRANSACTION 81 26389 61598d2e5aeb31439685b17eb7ba12ac
RECIEVED 1554057499 TRANSACTION 81 85 63
UPDATE 1554057499 TRANSACTION 8ed40c93092a85752c1002ecde037eae
RECIEVED 1554057499 TRANSACTION 81 85 64
UPDATE 1554057499 TRANSACTION 957e6e8cd04549f0bad18bbb3ab438fe
SEND 1554057499 TRANSACTION 81 29196 957e6e8cd04549f0bad18bbb3ab438fe
RECIEVED 1554057499 TRANSACTION 81 85 65
UPDATE 1554057499 TRANSACTION f0b0e33d938f35982f4fac1d32fd1716
SEND 1554057499 TRANSACTION 81 8348 f0b0e33d938f35982f4fac1d32fd1716
SEND 1554057499 TRANSACTION 81 19343 f0b0e33d938f35982f4fac1d32fd1716
RECIEVED 1554057499 TRANSACTION 81 85 66
RECIEVED 1554057499 TRANSACTION 82 85 66
UPDATE 1554057499 TRANSACTION c8d58f4c1355462ebc324388791221cf
SEND 1554057499 TRANSACTION 82 14399 c8d58f4c1355462ebc324388791221cf
SEND 1554057499 TRANSACTION 82 13824 c8d58f4c1355462ebc324388791221cf
SEND 1554057499 TRANSACTION 82 15268 c8d58f4c1355462ebc324388791221cf
RECIEVED 1554057499 TRANSACTION 81 85 67
UPDATE 1554057499 TRANSACTION 4537fcc9bb3726d91ebebece856ec59e
SEND 1554057499 TRANSACTION 81 26601 4537fcc9bb3726d91ebebece856ec59e
SEND 1554057499 TRANSACTION 81 15494 4537fcc9bb3726d91ebebece856ec59e
SEND 1554057499 TRANSACTION 81 16289 4537fcc9bb3726d91ebebece856ec59e
RECIEVED 1554057499 TRANSACTION 81 85 68
RECIEVED 1554057499 TRANSACTION 79 85 68
UPDATE 1554057499 TRANSACTION aca576b695c01f955a044f3441f450cb
RECIEVED 1554057499 TRANSACTION 81 85 69
UPDATE 1554057499 TRANSACTION 2e794a759c92f09c41736f4d13bd27f7
SEND 1554057499 TRANSACTION 81 10059 2e794a759c92f09c41736f4d13bd27f7
SEND 1554057499 TRANSACTION 81 15624 2e794a759c92f09c41736f4d13bd27f7
SEND 1554057499 TRANSACTION 81 10233 2e794a759c92f09c41736f4d13bd27f7
RECIEVED 1554057499 TRANSACTION 81 85 70
UPDATE 1554057499 TRANSACTION 1298c88fb09e8e24d3f6dbacbb282220
SEND 1554057499 TRANSACTION 81 16105 1298c88fb09e8e24d3f6dbacbb282220
RECIEVED 1554057499 TRANSACTION 79 85 71
UPDATE 1554057499 TRANSACTION 1c3508a8f645cf374be5a94cf5679454
SEND 1554057499 TRANSACTION 79 14846 1c3508a8f645cf374be5a94cf5679454
SEND 1554057499 TRANSACTION 79 50434 1c3508a8f645cf374be5a94cf5679454
RECIEVED 1554057499 TRANSACTION 79 85 72
RECIEVED 1554057499 TRANSACTION 81 85 72
UPDATE 1554057499 TRANSACTION ad321a6fdea897c7affbfeb739293664
RECIEVED 1554057499 TRANSACTION 81 85 73
UPDATE 1554057499 TRANSACTION b57a1990978bd6ae91f4bdfb469fc6f1
SEND 1554057499 TRANSACTION 81 14226 b57a1990978bd6ae91f4bdfb469fc6f1
RECIEVED 1554057500 TRANSACTION 82 85 74
UPDATE 1554057500 TRANSACTION f4297b9bbe8081f47813dfeaecb4563b
SEND 1554057500 TRANSACTION 82 10409 f4297b9bbe8081f47813dfeaecb4563b
SEND 1554057500 TRANSACTION 82 14840 f4297b9bbe8081f47813dfeaecb4563b
SEND 1554057500 TRANSACTION 82 14775 f4297b9bbe8081f47813dfeaecb4563b
RECIEVED 1554057500 TRANSACTION 81 85 75
UPDATE 1554057500 TRANSACTION 00a56badccf25bca015305d6abb19cd7
SEND 1554057500 TRANSACTION 81 13780 00a56badccf25bca015305d6abb19cd7
SEND 1554057500 TRANSACTION 81 15720 00a56badccf25bca015305d6abb19cd7
RECIEVED 1554057500 TRANSACTION 81 85 76
UPDATE 1554057500 TRANSACTION d4fa3586aa4fa67cfd9c874aca71add4
SEND 1554057500 TRANSACTION 81 14264 d4fa3586aa4fa67cfd9c874aca71add4
SEND 1554057500 TRANSACTION 81 13608 d4fa3586aa4fa67cfd9c874aca71add4
SEND 1554057500 TRANSACTION 81 21349 d4fa3586aa4fa67cfd9c874aca71add4
SEND 1554057500 TRANSACTION 81 13567 d4fa3586aa4fa67cfd9c874aca71add4
RECIEVED 1554057500 TRANSACTION 81 85 77
RECIEVED 1554057500 TRANSACTION 82 85 77
UPDATE 1554057500 TRANSACTION 79ab11c6ea2ca023560c643d9a1f594a
SEND 1554057500 TRANSACTION 82 10022 79ab11c6ea2ca023560c643d9a1f594a
SEND 1554057500 TRANSACTION 82 11858 79ab11c6ea2ca023560c643d9a1f594a
SEND 1554057500 TRANSACTION 82 16436 79ab11c6ea2ca023560c643d9a1f594a
RECIEVED 1554057500 TRANSACTION 81 85 78
UPDATE 1554057500 TRANSACTION a2a06eddbe1a52e3e05ecc130f8c25fb
RECIEVED 1554057500 TRANSACTION 81 85 79
UPDATE 1554057500 TRANSACTION 1d3c12a40f33b3dae0a82941aad69ff8
SEND 1554057500 TRANSACTION 81 8327 1d3c12a40f33b3dae0a82941aad69ff8
SEND 1554057500 TRANSACTION 81 14423 1d3c12a40f33b3dae0a82941aad69ff8
RECIEVED 1554057500 TRANSACTION 81 85 80
RECIEVED 1554057500 TRANSACTION 81 85 80
UPDATE 1554057500 TRANSACTION 2fb5fa6e638585855c27909b4c9e78ca
SEND 1554057500 TRANSACTION 81 22339 2fb5fa6e638585855c27909b4c9e78ca
SEND 1554057500 TRANSACTION 81 16120 2fb5fa6e638585855c27909b4c9e78ca
RECIEVED 1554057500 TRANSACTION 81 85 81
UPDATE 1554057500 TRANSACTION f6712dd40c3bab30b0188f2157e97ae1
SEND 1554057500 TRANSACTION 81 11982 f6712dd40c3bab30b0188f2157e97ae1
RECIEVED 1554057500 TRANSACTION 81 85 82
UPDATE 1554057500 TRANSACTION 30ffa0bc656344291a525af1a088db02
SEND 1554057500 TRANSACTION 81 9826 30ffa0bc656344291a525af1a088db02
SEND 1554057500 TRANSACTION 81 54546 30ffa0bc656344291a525af1a088db02
SEND 1554057500 TRANSACTION 81 13857 30ffa0bc656344291a525af1a088db02
RECIEVED 1554057500 TRANSACTION 81 85 83
RECIEVED 1554057500 TRANSACTION 79 85 83
UPDATE 1554057500 TRANSACTION c965ab711a9e580c4d5ed927c6b4d643
SEND 1554057500 TRANSACTION 79 9128 c965ab711a9e580c4d5ed927c6b4d643
SEND 1554057500 TRANSACTION 79 14105 c965ab711a9e580c4d5ed927c6b4d643
RECIEVED 1554057500 TRANSACTION 80 85 84
UPDATE 1554057500 TRANSACTION f0ce6697ab561aa0b5b1be009f556afb
SEND 1554057500 TRANSACTION 80 12555 f0ce6697ab561aa0b5b1be009f556afb
SEND 1554057500 TRANSACTION 80 10535 f0ce6697ab561aa0b5b1be009f556afb
RECIEVED 1554057500 TRANSACTION 80 85 85
RECIEVED 1554057500 TRANSACTION 81 85 85
RECIEVED 1554057500 TRANSACTION 81 85 85
UPDATE 1554057500 TRANSACTION a0170dc9c26e20075b0c4042b59bdbf6
SEND 1554057500 TRANSACTION 81 13618 a0170dc9c26e20075b0c4042b59bdbf6
RECIEVED 1554057501 TRANSACTION 81 85 86
UPDATE 1554057501 TRANSACTION ddb6f222dd33d69ad8cdde9bacc4c8f7
RECIEVED 1554057501 TRANSACTION 80 85 87
UPDATE 1554057501 TRANSACTION 0ea73a4e331016a3253ffb956453596b
SEND 1554057501 TRANSACTION 80 10635 0ea73a4e331016a3253ffb956453596b
RECIEVED 1554057501 TRANSACTION 80 85 88
UPDATE 1554057501 TRANSACTION 5a44ae9bcb9d09043697f7b524196b84
SEND 1554057501 TRANSACTION 80 15407 5a44ae9bcb9d09043697f7b524196b84
RECIEVED 1554057501 TRANSACTION 80 85 89
RECIEVED 1554057501 TRANSACTION 81 85 89
UPDATE 1554057501 TRANSACTION 6bace1a3c7eae87ca2cc94fcb48a6d22
SEND 1554057501 TRANSACTION 81 15439 6bace1a3c7eae87ca2cc94fcb48a6d22
SEND 1554057501 TRANSACTION 81 13094 6bace1a3c7eae87ca2cc94fcb48a6d22
SEND 1554057501 TRANSACTION 81 15450 6bace1a3c7eae87ca2cc94fcb48a6d22
RECIEVED 1554057501 TRANSACTION 80 85 90
UPDATE 1554057501 TRANSACTION d643e6b02867bdf3e1d294c54173557d
SEND 1554057501 TRANSACTION 80 13236 d643e6b02867bdf3e1d294c54173557d
SEND 1554057501 TRANSACTION 80 27339 d643e6b02867bdf3e1d294c54173557d
RECIEVED 1554057501 TRANSACTION 80 85 91
RECIEVED 1554057501 TRANSACTION 81 85 91
UPDATE 1554057501 TRANSACTION 4aa59f7cf51f46e70134b9df3082e86c
SEND 1554057501 TRANSACTION 81 24716 4aa59f7cf51f46e70134b9df3082e86c
RECIEVED 1554057501 TRANSACTION 81 85 92
UPDATE 1554057501 TRANSACTION e1568f8e7b208a88f35bc4e8211ee1d8
SEND 1554057501 TRANSACTION 81 10514 e1568f8e7b208a88f35bc4e8211ee1d8
SEND 1554057501 TRANSACTION 81 14945 e1568f8e7b208a88f35bc4e8211ee1d8
RECIEVED 1554057501 TRANSACTION 81 85 93
UPDATE 1554057501 TRANSACTION 457c2a14f730824710cd83d2e3724266
SEND 1554057501 TRANSACTION 81 13885 457c2a14f730824710cd83d2e3724266
RECIEVED 1554057501 TRANSACTION 81 85 94
UPDATE 1554057501 TRANSACTION 67abc7772cee4f3ad63afddf7c5234e0
SEND 1554057501 TRANSACTION 81 32464 67abc7772cee4f3ad63afddf7c5234e0
RECIEVED 1554057501 TRANSACTION 81 85 95
RECIEVED 1554057501 TRANSACTION 81 85 95
UPDATE 1554057501 TRANSACTION 6644be5b9ead8b36604e7103e630bc07
SEND 1554057501 TRANSACTION 81 14355 6644be5b9ead8b36604e7103e630bc07
RECIEVED 1554057501 TRANSACTION 81 85 96
UPDATE 1554057501 TRANSACTION 2dbf47f5ec749ae259708e81a816989a
SEND 1554057501 TRANSACTION 81 13800 2dbf47f5ec749ae259708e81a816989a
SEND 1554057501 TRANSACTION 81 16879 2dbf47f5ec749ae259708e81a816989a
RECIEVED 1554057501 TRANSACTION 81 85 97
RECIEVED 1554057501 TRANSACTION 81 85 97
UPDATE 1554057501 TRANSACTION 3415c2bd3e9adb2110a79d2e6961ee3e
SEND 1554057501 TRANSACTION 81 37818 3415c2bd3e9adb2110a79d2e6961ee3e
RECIEVED 1554057502 TRANSACTION 80 85 98
UPDATE 1554057502 TRANSACTION 6c389317a033501e91e25c9f879574df
SEND 1554057502 TRANSACTION 80 13896 6c389317a033501e91e25c9f879574df
SEND 1554057502 TRANSACTION 80 14666 6c389317a033501e91e25c9f879574df
RECIEVED 1554057502 TRANSACTION 80 85 99
RECIEVED 1554057502 TRANSACTION 80 85 99
UPDATE 1554057502 TRANSACTION 1399d5547e397d75ae60679f5de1e895
SEND 1554057502 TRANSACTION 80 20221 1399d5547e397d75ae60679f5de1e895
RECIEVED 1554057502 TRANSACTION 80 85 100
RECIEVED 1554057502 TRANSACTION 81 85 100
UPDATE 1554057502 TRANSACTION 2b1da95b089fab5ac14843546f3c4ef5
SEND 1554057502 TRANSACTION 81 21642 2b1da95b089fab5ac14843546f3c4ef5
RECIEVED 1554057502 TRANSACTION 80 85 101
RECIEVED 1554057502 TRANSACTION 80 85 101
RECIEVED 1554057502 TRANSACTION 81 85 101
UPDATE 1554057502 TRANSACTION 82b0f37d361462bd999ec53b4d4c9f5a
SEND 1554057502 TRANSACTION 81 33108 82b0f37d361462bd999ec53b4d4c9f5a
RECIEVED 1554057502 TRANSACTION 81 85 102
RECIEVED 1554057502 TRANSACTION 81 85 102
UPDATE 1554057502 TRANSACTION 63610c184f4caf9b3ddeee3c4ac4c9bc
SEND 1554057502 TRANSACTION 81 26465 63610c184f4caf9b3ddeee3c4ac4c9bc
SEND 1554057502 TRANSACTION 81 27027 63610c184f4caf9b3ddeee3c4ac4c9bc
RECIEVED 1554057502 HB 3 85 103
SEND 1554057502 INTRODUCE 35 16552
SEND 1554057502 INTRODUCE 37 33374
SEND 1554057502 INTRODUCE 36 37289
SEND 1554057502 INTRODUCE 36 21919
RECIEVED 1554057502 TRANSACTION 81 85 103
UPDATE 1554057502 TRANSACTION 687b3f7286fd8596ee6414789c2dca4a
SEND 1554057502 TRANSACTION 81 11458 687b3f7286fd8596ee6414789c2dca4a
SEND 1554057502 TRANSACTION 81 16918 687b3f7286fd8596ee6414789c2dca4a
RECIEVED 1554057502 TRANSACTION 81 85 104
RECIEVED 1554057502 TRANSACTION 81 85 104
RECIEVED 1554057502 TRANSACTION 81 85 104
UPDATE 1554057502 TRANSACTION dfa122090aca92a4cd6ea15147ad80e2
SEND 1554057502 TRANSACTION 81 12054 dfa122090aca92a4cd6ea15147ad80e2
SEND 1554057502 TRANSACTION 81 31519 dfa122090aca92a4cd6ea15147ad80e2
RECIEVED 1554057502 TRANSACTION 81 85 105
RECIEVED 1554057502 TRANSACTION 80 85 105
RECIEVED 1554057502 TRANSACTION 82 85 105
UPDATE 1554057502 TRANSACTION 51d682103020d9f8013b773a7c89198a
SEND 1554057502 TRANSACTION 82 11661 51d682103020d9f8013b773a7c89198a
RECIEVED 1554057502 TRANSACTION 80 85 106
UPDATE 1554057502 TRANSACTION ab6302571b359f8737d34a090a7d98b6
RECIEVED 1554057502 TRANSACTION 81 85 107
UPDATE 1554057502 TRANSACTION 59eab804ce530a77aaaa66c1d3a2f65d
SEND 1554057502 TRANSACTION 81 16159 59eab804ce530a77aaaa66c1d3a2f65d
SEND 1554057502 TRANSACTION 81 16137 59eab804ce530a77aaaa66c1d3a2f65d
RECIEVED 1554057502 TRANSACTION 81 85 108
RECIEVED 1554057502 TRANSACTION 81 85 108
UPDATE 1554057502 TRANSACTION cebc5225bded12b7c7ea99182cc1b63f
SEND 1554057502 TRANSACTION 81 13920 cebc5225bded12b7c7ea99182cc1b63f
SEND 1554057502 TRANSACTION 81 11356 cebc5225bded12b7c7ea99182cc1b63f
RECIEVED 1554057502 TRANSACTION 81 85 109
RECIEVED 1554057502 TRANSACTION 80 85 109
UPDATE 1554057502 TRANSACTION b3c9d0d8814b1959fde35a705c7f6b96
SEND 1554057502 TRANSACTION 80 11775 b3c9d0d8814b1959fde35a705c7f6b96
SEND 1554057502 TRANSACTION 80 9964 b3c9d0d8814b1959fde35a705c7f6b96
SEND 1554057502 TRANSACTION 80 10060 b3c9d0d8814b1959fde35a705c7f6b96
RECIEVED 1554057502 TRANSACTION 80 85 110
RECIEVED 1554057502 TRANSACTION 81 85 110
UPDATE 1554057502 TRANSACTION 17e7b0d8c89f09d1348ecc734eb84f98
RECIEVED 1554057502 TRANSACTION 80 85 111
RECIEVED 1554057502 TRANSACTION 80 85 111
UPDATE 1554057502 TRANSACTION f2704e20b7bdcfe6d4b1c60a5d9faf9d
SEND 1554057502 TRANSACTION 80 9941 f2704e20b7bdcfe6d4b1c60a5d9faf9d
SEND 1554057502 TRANSACTION 80 14516 f2704e20b7bdcfe6d4b1c60a5d9faf9d
RECIEVED 1554057502 TRANSACTION 81 85 112
RECIEVED 1554057502 TRANSACTION 81 85 112
UPDATE 1554057502 TRANSACTION d471132e4f4a09994bce286e5297d851
RECIEVED 1554057502 TRANSACTION 81 85 113
RECIEVED 1554057502 TRANSACTION 80 85 113
UPDATE 1554057502 TRANSACTION ab15eaf891a7e26fe136524274033b36
RECIEVED 1554057502 TRANSACTION 81 85 114
UPDATE 1554057502 TRANSACTION 1038344442a69fcad7a03d4334e83aa7
SEND 1554057502 TRANSACTION 81 15679 1038344442a69fcad7a03d4334e83aa7
SEND 1554057502 TRANSACTION 81 10438 1038344442a69fcad7a03d4334e83aa7
RECIEVED 1554057502 TRANSACTION 81 85 115
UPDATE 1554057502 TRANSACTION 6dd682572d085e3defd2ff299fb9b1a0
RECIEVED 1554057503 TRANSACTION 81 85 116
UPDATE 1554057503 TRANSACTION 4e7c272e92b58297b02ef0cb6e179cde
SEND 1554057503 TRANSACTION 81 13462 4e7c272e92b58297b02ef0cb6e179cde
RECIEVED 1554057503 TRANSACTION 81 85 117
UPDATE 1554057503 TRANSACTION 8f259208f250104103d84adebe066109
RECIEVED 1554057503 TRANSACTION 81 85 118
RECIEVED 1554057503 TRANSACTION 81 85 118
UPDATE 1554057503 TRANSACTION ec8db1bd85b9049f81ef4c024b89d04b
SEND 1554057503 TRANSACTION 81 10079 ec8db1bd85b9049f81ef4c024b89d04b
RECIEVED 1554057503 TRANSACTION 80 85 119
UPDATE 1554057503 TRANSACTION fb98c2411a0aaf83904e68dfe7920814
RECIEVED 1554057503 TRANSACTION 81 85 120
UPDATE 1554057503 TRANSACTION 97dd15516e0dd45d22b14a8734bf2cd6
SEND 1554057503 TRANSACTION 81 12007 97dd15516e0dd45d22b14a8734bf2cd6
RECIEVED 1554057503 TRANSACTION 80 85 121
UPDATE 1554057503 TRANSACTION e61317a5b3252ca206d2d44aed26ef9f
SEND 1554057503 TRANSACTION 80 10626 e61317a5b3252ca206d2d44aed26ef9f
SEND 1554057503 TRANSACTION 80 14541 e61317a5b3252ca206d2d44aed26ef9f
RECIEVED 1554057503 TRANSACTION 81 85 122
UPDATE 1554057503 TRANSACTION c6ae26521dc77fa728c7cd98334ebe06
SEND 1554057503 TRANSACTION 81 12232 c6ae26521dc77fa728c7cd98334ebe06
SEND 1554057503 TRANSACTION 81 11199 c6ae26521dc77fa728c7cd98334ebe06
RECIEVED 1554057503 TRANSACTION 81 85 123
RECIEVED 1554057503 TRANSACTION 80 85 123
UPDATE 1554057503 TRANSACTION 0480eaa916a21097b65c340ac5868520
RECIEVED 1554057503 TRANSACTION 80 85 124
RECIEVED 1554057503 TRANSACTION 81 85 124
UPDATE 1554057503 TRANSACTION 6057f4b503a8dfe3e33855b19f1996a2
SEND 1554057503 TRANSACTION 81 13622 6057f4b503a8dfe3e33855b19f1996a2
RECIEVED 1554057503 TRANSACTION 81 85 125
UPDATE 1554057503 TRANSACTION a96301d0223a6618b70ce48df8f7fb36
RECIEVED 1554057503 TRANSACTION 81 85 126
RECIEVED 1554057503 TRANSACTION 81 85 126
RECIEVED 1554057503 TRANSACTION 81 85 126
RECIEVED 1554057503 TRANSACTION 81 85 126
UPDATE 1554057503 TRANSACTION 7c3c4aef266784a8af190d36921d3e4f
SEND 1554057503 TRANSACTION 81 20543 7c3c4aef266784a8af190d36921d3e4f
RECIEVED 1554057503 TRANSACTION 81 85 127
RECIEVED 1554057503 TRANSACTION 80 85 127
UPDATE 1554057503 TRANSACTION 80700776c597fc9aa44a0f4f92515e1a
SEND 1554057503 TRANSACTION 80 14098 80700776c597fc9aa44a0f4f92515e1a
RECIEVED 1554057503 TRANSACTION 81 85 128
UPDATE 1554057503 TRANSACTION 1a850a7cf02a070983d0689f16f828f2
SEND 1554057503 TRANSACTION 81 20334 1a850a7cf02a070983d0689f16f828f2
SEND 1554057503 TRANSACTION 81 14314 1a850a7cf02a070983d0689f16f828f2
RECIEVED 1554057503 TRANSACTION 81 85 129
UPDATE 1554057503 TRANSACTION 95cb92db2e6feba236ea70c8036f1bb2
SEND 1554057503 TRANSACTION 81 9932 95cb92db2e6feba236ea70c8036f1bb2
RECIEVED 1554057503 TRANSACTION 81 85 130
RECIEVED 1554057503 TRANSACTION 81 85 130
UPDATE 1554057503 TRANSACTION e2fcd08b8dcf07922919ec0217553de8
RECIEVED 1554057503 TRANSACTION 81 85 131
UPDATE 1554057503 TRANSACTION 4b19268e5f2b793299fa2907bd4d4962
SEND 1554057503 TRANSACTION 81 46230 4b19268e5f2b793299fa2907bd4d4962
RECIEVED 1554057503 TRANSACTION 81 85 132
UPDATE 1554057503 TRANSACTION 4adaf35eeffc6d5f463731a61385df3f
SEND 1554057503 TRANSACTION 81 13723 4adaf35eeffc6d5f463731a61385df3f
SEND 1554057503 TRANSACTION 81 12015 4adaf35eeffc6d5f463731a61385df3f
RECIEVED 1554057503 TRANSACTION 81 85 133
RECIEVED 1554057503 TRANSACTION 80 85 133
UPDATE 1554057503 TRANSACTION 17d088c00c4502ca09ddf0d52864fcb7
SEND 1554057503 TRANSACTION 80 11156 17d088c00c4502ca09ddf0d52864fcb7
RECIEVED 1554057503 TRANSACTION 80 85 134
RECIEVED 1554057504 TRANSACTION 81 85 134
UPDATE 1554057504 TRANSACTION 51f6dc4a097ece18518209bb803161a4
SEND 1554057504 TRANSACTION 81 9593 51f6dc4a097ece18518209bb803161a4
SEND 1554057504 TRANSACTION 81 36316 51f6dc4a097ece18518209bb803161a4
RECIEVED 1554057504 TRANSACTION 81 85 135
RECIEVED 1554057504 TRANSACTION 81 85 135
UPDATE 1554057504 TRANSACTION 646719786e364fab04719c84441d0520
RECIEVED 1554057504 TRANSACTION 81 85 136
UPDATE 1554057504 TRANSACTION 05dbdfdcde49c1aeafa9b109603b905e
SEND 1554057504 TRANSACTION 81 10067 05dbdfdcde49c1aeafa9b109603b905e
SEND 1554057504 TRANSACTION 81 9740 05dbdfdcde49c1aeafa9b109603b905e
SEND 1554057504 TRANSACTION 81 20619 05dbdfdcde49c1aeafa9b109603b905e
RECIEVED 1554057504 TRANSACTION 81 85 137
RECIEVED 1554057504 TRANSACTION 82 85 137
UPDATE 1554057504 TRANSACTION 4ace7c6d8352994f480a0f09877eb24a
SEND 1554057504 TRANSACTION 82 17679 4ace7c6d8352994f480a0f09877eb24a
SEND 1554057504 TRANSACTION 82 12872 4ace7c6d8352994f480a0f09877eb24a
RECIEVED 1554057504 TRANSACTION 82 85 138
RECIEVED 1554057504 TRANSACTION 81 85 138
UPDATE 1554057504 TRANSACTION 41adbaa5cd3fa5ea599eab8b2f8cfe39
RECIEVED 1554057504 TRANSACTION 80 85 139
RECIEVED 1554057504 TRANSACTION 81 85 139
UPDATE 1554057504 TRANSACTION 56b0c4490bc2f735f9fed04d91e19a32
RECIEVED 1554057504 TRANSACTION 81 85 140
RECIEVED 1554057504 TRANSACTION 81 85 140
RECIEVED 1554057504 TRANSACTION 81 85 140
UPDATE 1554057504 TRANSACTION 17909ed222a961a787424816409bffe5
SEND 1554057504 TRANSACTION 81 9259 17909ed222a961a787424816409bffe5
RECIEVED 1554057504 TRANSACTION 81 85 141
UPDATE 1554057504 TRANSACTION 1ed93edd7b9d316e7ab2d0088c832a84
SEND 1554057504 TRANSACTION 81 16375 1ed93edd7b9d316e7ab2d0088c832a84
SEND 1554057504 TRANSACTION 81 13749 1ed93edd7b9d316e7ab2d0088c832a84
RECIEVED 1554057504 TRANSACTION 81 85 142
RECIEVED 1554057504 TRANSACTION 81 85 142
UPDATE 1554057504 TRANSACTION 90694e05926fba2b47cb90bdadd9b58a
SEND 1554057504 TRANSACTION 81 8562 90694e05926fba2b47cb90bdadd9b58a
RECIEVED 1554057504 TRANSACTION 81 85 143
RECIEVED 1554057504 TRANSACTION 81 85 143
UPDATE 1554057504 TRANSACTION 972153fcd48efcc31b44394810407ef8
SEND 1554057504 TRANSACTION 81 15602 972153fcd48efcc31b44394810407ef8
SEND 1554057504 TRANSACTION 81 20182 972153fcd48efcc31b44394810407ef8
RECIEVED 1554057504 TRANSACTION 81 85 144
UPDATE 1554057504 TRANSACTION f4bfbcb1704d3f3e7b3aa8f614357f1f
SEND 1554057504 TRANSACTION 81 16212 f4bfbcb1704d3f3e7b3aa8f614357f1f
RECIEVED 1554057504 TRANSACTION 81 85 145
RECIEVED 1554057504 TRANSACTION 80 85 145
UPDATE 1554057504 TRANSACTION 913c624be22e3d8f0b782eac0ee7d7c6
SEND 1554057504 TRANSACTION 80 10058 913c624be22e3d8f0b782eac0ee7d7c6
SEND 1554057504 TRANSACTION 80 14418 913c624be22e3d8f0b782eac0ee7d7c6
RECIEVED 1554057504 TRANSACTION 81 85 146
UPDATE 1554057504 TRANSACTION 2265bd9de3f49d6c4f8f8437ee5655a3
SEND 1554057504 TRANSACTION 81 9797 2265bd9de3f49d6c4f8f8437ee5655a3
SEND 1554057504 TRANSACTION 81 14257 2265bd9de3f49d6c4f8f8437ee5655a3
RECIEVED 1554057504 TRANSACTION 80 85 147
UPDATE 1554057504 TRANSACTION e4fb0ee8f635e297a5ee63345d21e61b
RECIEVED 1554057504 TRANSACTION 81 85 148
RECIEVED 1554057504 TRANSACTION 80 85 148
UPDATE 1554057504 TRANSACTION 881a2acc50ab5df512756505c6a5aa45
SEND 1554057504 TRANSACTION 80 9986 881a2acc50ab5df512756505c6a5aa45
SEND 1554057504 TRANSACTION 80 15736 881a2acc50ab5df512756505c6a5aa45
RECIEVED 1554057504 TRANSACTION 80 85 149
UPDATE 1554057504 TRANSACTION 391ca84f885cb59ff5facddac52de350
SEND 1554057504 TRANSACTION 80 8983 391ca84f885cb59ff5facddac52de350
RECIEVED 1554057505 TRANSACTION 80 85 150
RECIEVED 1554057505 TRANSACTION 81 85 150
UPDATE 1554057505 TRANSACTION 1a21284a37aa4414a3b8f19e5fe2560b
SEND 1554057505 TRANSACTION 81 9692 1a21284a37aa4414a3b8f19e5fe2560b
SEND 1554057505 TRANSACTION 81 14019 1a21284a37aa4414a3b8f19e5fe2560b
SEND 1554057505 TRANSACTION 81 13375 1a21284a37aa4414a3b8f19e5fe2560b
RECIEVED 1554057505 TRANSACTION 81 85 151
UPDATE 1554057505 TRANSACTION 95883ad8549e707f53d4f475d59ae545
SEND 1554057505 TRANSACTION 81 14114 95883ad8549e707f53d4f475d59ae545
RECIEVED 1554057505 TRANSACTION 81 85 152
UPDATE 1554057505 TRANSACTION 69edfe5bae7ca3afc8c731d6785e8ecc
RECIEVED 1554057505 TRANSACTION 81 85 153
UPDATE 1554057505 TRANSACTION 412310049f4fceeb509adbc18a672b11
RECIEVED 1554057505 TRANSACTION 80 85 154
UPDATE 1554057505 TRANSACTION dbb2f4ee60cced1466a57a13e847ebb1
SEND 1554057505 TRANSACTION 80 14377 dbb2f4ee60cced1466a57a13e847ebb1
RECIEVED 1554057505 TRANSACTION 80 85 155
RECIEVED 1554057505 TRANSACTION 81 85 155
UPDATE 1554057505 TRANSACTION f320fb1df28a9bee259f10a64af64c22
SEND 1554057505 TRANSACTION 81 15512 f320fb1df28a9bee259f10a64af64c22
SEND 1554057505 TRANSACTION 81 13527 f320fb1df28a9bee259f10a64af64c22
RECIEVED 1554057505 TRANSACTION 80 85 156
RECIEVED 1554057505 TRANSACTION 81 85 156
UPDATE 1554057505 TRANSACTION e93e974fe6a8aaf1777e3ed83dcb7486
SEND 1554057505 TRANSACTION 81 15323 e93e974fe6a8aaf1777e3ed83dcb7486
RECIEVED 1554057505 TRANSACTION 81 85 157
UPDATE 1554057505 TRANSACTION 996b7a5a51b929bc11bb70777fb1e66b
SEND 1554057505 TRANSACTION 81 24188 996b7a5a51b929bc11bb70777fb1e66b
RECIEVED 1554057505 TRANSACTION 80 85 158
UPDATE 1554057505 TRANSACTION 3088341ec1cc278b2e79b4cbff49fcd8
RECIEVED 1554057505 TRANSACTION 81 85 159
UPDATE 1554057505 TRANSACTION 40d43bde64db2947812a8dcb62880352
SEND 1554057505 TRANSACTION 81 10187 40d43bde64db2947812a8dcb62880352
RECIEVED 1554057505 TRANSACTION 82 85 160
UPDATE 1554057505 TRANSACTION 4c0285a241acfb076d57b0bb1e2b6f68
SEND 1554057505 TRANSACTION 82 10971 4c0285a241acfb076d57b0bb1e2b6f68
SEND 1554057505 TRANSACTION 82 13655 4c0285a241acfb076d57b0bb1e2b6f68
RECIEVED 1554057505 TRANSACTION 81 85 161
UPDATE 1554057505 TRANSACTION 5de342f5ae9364709f6b5ef06976100f
SEND 1554057505 TRANSACTION 81 9948 5de342f5ae9364709f6b5ef06976100f
RECIEVED 1554057505 TRANSACTION 81 85 162
RECIEVED 1554057505 TRANSACTION 80 85 162
UPDATE 1554057505 TRANSACTION 88b49bfa98c15749ca395df6089b8f9c
SEND 1554057505 TRANSACTION 80 17503 88b49bfa98c15749ca395df6089b8f9c
RECIEVED 1554057505 TRANSACTION 81 85 163
UPDATE 1554057505 TRANSACTION ff12bc75dfe9df0f3777e60fb61c45e3
RECIEVED 1554057505 TRANSACTION 81 85 164
UPDATE 1554057505 TRANSACTION fa461b914d3f58baf860a4a2e9cce5d0
SEND 1554057505 TRANSACTION 81 14581 fa461b914d3f58baf860a4a2e9cce5d0
SEND 1554057505 TRANSACTION 81 13532 fa461b914d3f58baf860a4a2e9cce5d0
RECIEVED 1554057505 TRANSACTION 81 85 165
UPDATE 1554057505 TRANSACTION f67f061a705762af21436610c4454142
SEND 1554057505 TRANSACTION 81 16259 f67f061a705762af21436610c4454142
SEND 1554057505 TRANSACTION 81 14032 f67f061a705762af21436610c4454142
SEND 1554057505 TRANSACTION 81 20054 f67f061a705762af21436610c4454142
SEND 1554057505 TRANSACTION 81 15132 f67f061a705762af21436610c4454142
RECIEVED 1554057505 TRANSACTION 82 85 166
UPDATE 1554057505 TRANSACTION f2a4bb4fe0ace0a04197649102b56d5e
SEND 1554057505 TRANSACTION 82 9908 f2a4bb4fe0ace0a04197649102b56d5e
RECIEVED 1554057506 TRANSACTION 82 85 167
UPDATE 1554057506 TRANSACTION ae625a6e5d992e51978e68eac6099bed
SEND 1554057506 TRANSACTION 82 25419 ae625a6e5d992e51978e68eac6099bed
SEND 1554057506 TRANSACTION 82 10178 ae625a6e5d992e51978e68eac6099bed
RECIEVED 1554057506 TRANSACTION 81 85 168
UPDATE 1554057506 TRANSACTION 40930570110ef3166fc20a5553261b5b
SEND 1554057506 TRANSACTION 81 9438 40930570110ef3166fc20a5553261b5b
RECIEVED 1554057506 TRANSACTION 81 85 169
UPDATE 1554057506 TRANSACTION c6554314f120025f06b695329fdbcb6c
SEND 1554057506 TRANSACTION 81 20609 c6554314f120025f06b695329fdbcb6c
SEND 1554057506 TRANSACTION 81 14547 c6554314f120025f06b695329fdbcb6c
RECIEVED 1554057506 TRANSACTION 81 85 170
UPDATE 1554057506 TRANSACTION 7c90e02c485e04280ee936c0c5293582
SEND 1554057506 TRANSACTION 81 18966 7c90e02c485e04280ee936c0c5293582
RECIEVED 1554057506 TRANSACTION 82 85 171
UPDATE 1554057506 TRANSACTION a85298b2c1b2d30802375c19f9ccfc8f
SEND 1554057506 TRANSACTION 82 19408 a85298b2c1b2d30802375c19f9ccfc8f
RECIEVED 1554057506 TRANSACTION 81 85 172
UPDATE 1554057506 TRANSACTION 613be97b88c653fe2dc7426da8f45d48
SEND 1554057506 TRANSACTION 81 14103 613be97b88c653fe2dc7426da8f45d48
SEND 1554057506 TRANSACTION 81 11036 613be97b88c653fe2dc7426da8f45d48
SEND 1554057506 TRANSACTION 81 16266 613be97b88c653fe2dc7426da8f45d48
SEND 1554057506 TRANSACTION 81 14544 613be97b88c653fe2dc7426da8f45d48
RECIEVED 1554057506 TRANSACTION 81 85 173
UPDATE 1554057506 TRANSACTION 68be9c6c6f4232b0c08d57e1002a5253
SEND 1554057506 TRANSACTION 81 8788 68be9c6c6f4232b0c08d57e1002a5253
SEND 1554057506 TRANSACTION 81 16691 68be9c6c6f4232b0c08d57e1002a5253
RECIEVED 1554057506 TRANSACTION 81 85 174
RECIEVED 1554057506 TRANSACTION 81 85 174
RECIEVED 1554057506 TRANSACTION 81 85 174
UPDATE 1554057506 TRANSACTION bfc9e57592399980c7d3520c451a4512
SEND 1554057506 TRANSACTION 81 14959 bfc9e57592399980c7d3520c451a4512
SEND 1554057506 TRANSACTION 81 14213 bfc9e57592399980c7d3520c451a4512
SEND 1554057506 TRANSACTION 81 10500 bfc9e57592399980c7d3520c451a4512
RECIEVED 1554057506 TRANSACTION 81 85 175
UPDATE 1554057506 TRANSACTION 2fd4e41a163edd667f7ff16be11a0f24
SEND 1554057506 TRANSACTION 81 10669 2fd4e41a163edd667f7ff16be11a0f24
RECIEVED 1554057506 TRANSACTION 81 85 176
UPDATE 1554057506 TRANSACTION 587545ac866958a344131a93c31a6a72
SEND 1554057506 TRANSACTION 81 15375 587545ac866958a344131a93c31a6a72
RECIEVED 1554057506 TRANSACTION 80 85 177
UPDATE 1554057506 TRANSACTION 28c2f6580b4c810308dfbc3f69bf7158
RECIEVED 1554057506 TRANSACTION 80 85 178
RECIEVED 1554057506 TRANSACTION 81 85 178
UPDATE 1554057506 TRANSACTION 9bcd950f2564df94992c637267198e16
SEND 1554057506 TRANSACTION 81 13675 9bcd950f2564df94992c637267198e16
RECIEVED 1554057506 TRANSACTION 81 85 179
RECIEVED 1554057506 TRANSACTION 81 85 179
UPDATE 1554057506 TRANSACTION 37f5c534c0a385883cd91086848c409d
SEND 1554057506 TRANSACTION 81 8398 37f5c534c0a385883cd91086848c409d
RECIEVED 1554057506 TRANSACTION 81 85 180
RECIEVED 1554057506 TRANSACTION 81 85 180
UPDATE 1554057506 TRANSACTION 116b887d84dd69c17cd96f36b35019cc
RECIEVED 1554057507 TRANSACTION 81 85 181
UPDATE 1554057507 TRANSACTION 7413f626943386d8b85f679bfd44865a
RECIEVED 1554057507 TRANSACTION 81 85 182
UPDATE 1554057507 TRANSACTION 816fc2a5fadedba30934b22ed89376cd
SEND 1554057507 TRANSACTION 81 15491 816fc2a5fadedba30934b22ed89376cd
RECIEVED 1554057507 TRANSACTION 81 85 183
UPDATE 1554057507 TRANSACTION 07973320c97a476a22f3a0e5511c8b67
SEND 1554057507 TRANSACTION 81 10147 07973320c97a476a22f3a0e5511c8b67
SEND 1554057507 TRANSACTION 81 13336 07973320c97a476a22f3a0e5511c8b67
RECIEVED 1554057507 TRANSACTION 81 85 184
UPDATE 1554057507 TRANSACTION 7e4d5fc0e4dc533e928652a1beb0cf17
SEND 1554057507 TRANSACTION 81 13532 7e4d5fc0e4dc533e928652a1beb0cf17
SEND 1554057507 TRANSACTION 81 10165 7e4d5fc0e4dc533e928652a1beb0cf17
RECIEVED 1554057507 TRANSACTION 81 85 185
UPDATE 1554057507 TRANSACTION 86426b4dacf109a61e0f96ff9de41bff
SEND 1554057507 TRANSACTION 81 9776 86426b4dacf109a61e0f96ff9de41bff
RECIEVED 1554057507 TRANSACTION 80 85 186
UPDATE 1554057507 TRANSACTION 9c6d9aadc92471a855cbc253da8a81ed
SEND 1554057507 TRANSACTION 80 31366 9c6d9aadc92471a855cbc253da8a81ed
SEND 1554057507 TRANSACTION 80 11191 9c6d9aadc92471a855cbc253da8a81ed
RECIEVED 1554057507 TRANSACTION 80 85 187
RECIEVED 1554057507 TRANSACTION 80 85 187
RECIEVED 1554057507 TRANSACTION 80 85 187
UPDATE 1554057507 TRANSACTION 11ce92763257a74377a3decc9226f0b7
SEND 1554057507 TRANSACTION 80 18242 11ce92763257a74377a3decc9226f0b7
SEND 1554057507 TRANSACTION 80 14990 11ce92763257a74377a3decc9226f0b7
RECIEVED 1554057507 TRANSACTION 80 85 188
UPDATE 1554057507 TRANSACTION c2550b2cdf09288630ebfa77c8ac0972
RECIEVED 1554057507 TRANSACTION 81 85 189
UPDATE 1554057507 TRANSACTION aca68786c312f5184e54a4f8c221a944
SEND 1554057507 TRANSACTION 81 14252 aca68786c312f5184e54a4f8c221a944
RECIEVED 1554057507 TRANSACTION 80 85 190
RECIEVED 1554057507 TRANSACTION 80 85 190
UPDATE 1554057507 TRANSACTION 2546ec618e0de3b1f7c269c13a1f65fd
SEND 1554057507 TRANSACTION 80 14424 2546ec618e0de3b1f7c269c13a1f65fd
RECIEVED 1554057507 TRANSACTION 80 85 191
RECIEVED 1554057507 TRANSACTION 81 85 191
UPDATE 1554057507 TRANSACTION e0c685b72bacf8e65b4a9640abbdd161
SEND 1554057507 TRANSACTION 81 16521 e0c685b72bacf8e65b4a9640abbdd161
SEND 1554057507 TRANSACTION 81 20556 e0c685b72bacf8e65b4a9640abbdd161
RECIEVED 1554057507 TRANSACTION 81 85 192
RECIEVED 1554057507 TRANSACTION 81 85 192
UPDATE 1554057507 TRANSACTION a12921c8dea6aaac720a42e0f56e452d
SEND 1554057507 TRANSACTION 81 28053 a12921c8dea6aaac720a42e0f56e452d
SEND 1554057507 TRANSACTION 81 21037 a12921c8dea6aaac720a42e0f56e452d
RECIEVED 1554057507 TRANSACTION 81 85 193
UPDATE 1554057507 TRANSACTION 44f2656f2ed6d9438ee55eddd7c1e665
SEND 1554057507 TRANSACTION 81 10322 44f2656f2ed6d9438ee55eddd7c1e665
RECIEVED 1554057507 TRANSACTION 81 85 194
UPDATE 1554057507 TRANSACTION d608f81f89bbbfc6bd49b2334addfc1c
SEND 1554057507 TRANSACTION 81 14323 d608f81f89bbbfc6bd49b2334addfc1c
RECIEVED 1554057508 TRANSACTION 81 85 195
UPDATE 1554057508 TRANSACTION 106b948ff25238c9d763ba2ea7f529e9
SEND 1554057508 TRANSACTION 81 14395 106b948ff25238c9d763ba2ea7f529e9
SEND 1554057508 TRANSACTION 81 14770 106b948ff25238c9d763ba2ea7f529e9
RECIEVED 1554057508 TRANSACTION 80 85 196
UPDATE 1554057508 TRANSACTION 43b8b39b3027f56f17e92fe343d9746a
SEND 1554057508 TRANSACTION 80 13073 43b8b39b3027f56f17e92fe343d9746a
SEND 1554057508 TRANSACTION 80 15751 43b8b39b3027f56f17e92fe343d9746a
RECIEVED 1554057508 TRANSACTION 80 85 197
RECIEVED 1554057508 TRANSACTION 80 85 197
UPDATE 1554057508 TRANSACTION 3bf707668a0c7d9a8383b7d4457e92b3
SEND 1554057508 TRANSACTION 80 11993 3bf707668a0c7d9a8383b7d4457e92b3
RECIEVED 1554057508 TRANSACTION 80 85 198
RECIEVED 1554057508 TRANSACTION 80 85 198
RECIEVED 1554057508 TRANSACTION 80 85 198
UPDATE 1554057508 TRANSACTION 796eebcf7dd5767eefa9978ded2addbc
RECIEVED 1554057508 TRANSACTION 81 85 199
UPDATE 1554057508 TRANSACTION 3fc66ad6fec153b2d4a8e68015d73997
SEND 1554057508 TRANSACTION 81 13939 3fc66ad6fec153b2d4a8e68015d73997
SEND 1554057508 TRANSACTION 81 19608 3fc66ad6fec153b2d4a8e68015d73997
SEND 1554057508 TRANSACTION 81 14337 3fc66ad6fec153b2d4a8e68015d73997
RECIEVED 1554057508 TRANSACTION 81 85 200
UPDATE 1554057508 TRANSACTION 5301898091cf48f1f214c9b55c6c3ae7
SEND 1554057508 TRANSACTION 81 9362 5301898091cf48f1f214c9b55c6c3ae7
RECIEVED 1554057508 TRANSACTION 81 85 201
UPDATE 1554057508 TRANSACTION 6ed77468847db9917035d4a143779bf8
SEND 1554057508 TRANSACTION 81 9966 6ed77468847db9917035d4a143779bf8
SEND 1554057508 TRANSACTION 81 23585 6ed77468847db9917035d4a143779bf8
RECIEVED 1554057508 TRANSACTION 81 85 202
RECIEVED 1554057508 TRANSACTION 80 85 202
UPDATE 1554057508 TRANSACTION 40c1ff39b63b519cb8dbf2d516fc0487
SEND 1554057508 TRANSACTION 80 14926 40c1ff39b63b519cb8dbf2d516fc0487
SEND 1554057508 TRANSACTION 80 13108 40c1ff39b63b519cb8dbf2d516fc0487
RECIEVED 1554057508 TRANSACTION 80 85 203
RECIEVED 1554057508 TRANSACTION 81 85 203
UPDATE 1554057508 TRANSACTION acb3ae5d88246c42c232fbebc4c4afaa
RECIEVED 1554057508 TRANSACTION 79 85 204
UPDATE 1554057508 TRANSACTION 28074a14b8dee088c37108012c16f453
SEND 1554057508 TRANSACTION 79 14297 28074a14b8dee088c37108012c16f453
SEND 1554057508 TRANSACTION 79 14408 28074a14b8dee088c37108012c16f453
RECIEVED 1554057508 TRANSACTION 79 85 205
RECIEVED 1554057509 TRANSACTION 81 85 205
UPDATE 1554057509 TRANSACTION 444c7ea62b6b8c65fbfb81dd429d412e
SEND 1554057509 TRANSACTION 81 13105 444c7ea62b6b8c65fbfb81dd429d412e
RECIEVED 1554057509 TRANSACTION 81 85 206
RECIEVED 1554057509 TRANSACTION 81 85 206
UPDATE 1554057509 TRANSACTION 33191499971f3315926757c6b5acce3e
SEND 1554057509 TRANSACTION 81 8503 33191499971f3315926757c6b5acce3e
SEND 1554057509 TRANSACTION 81 20038 33191499971f3315926757c6b5acce3e
RECIEVED 1554057509 TRANSACTION 82 85 207
UPDATE 1554057509 TRANSACTION 2f894f2d1ce86f43826eed2945576f82
SEND 1554057509 TRANSACTION 82 9595 2f894f2d1ce86f43826eed2945576f82
SEND 1554057509 TRANSACTION 82 14540 2f894f2d1ce86f43826eed2945576f82
RECIEVED 1554057509 TRANSACTION 82 85 208
RECIEVED 1554057509 TRANSACTION 81 85 208
UPDATE 1554057509 TRANSACTION b353ca956789d846633fc1d8fb7166d4
SEND 1554057509 TRANSACTION 81 14805 b353ca956789d846633fc1d8fb7166d4
SEND 1554057509 TRANSACTION 81 19823 b353ca956789d846633fc1d8fb7166d4
RECIEVED 1554057509 TRANSACTION 81 85 209
UPDATE 1554057509 TRANSACTION b344dc36cdfec908cc735072a4ba0bd3
RECIEVED 1554057509 TRANSACTION 79 85 210
UPDATE 1554057509 TRANSACTION 6f49dc59f801b8f0930f7b3cccdf4524
RECIEVED 1554057509 TRANSACTION 81 85 211
UPDATE 1554057509 TRANSACTION ef789a2be17214ce0e57c5c24e23937a
SEND 1554057509 TRANSACTION 81 22169 ef789a2be17214ce0e57c5c24e23937a
RECIEVED 1554057509 TRANSACTION 81 85 212
RECIEVED 1554057509 TRANSACTION 81 85 212
UPDATE 1554057509 TRANSACTION cf7aabecebae35c35bda76556d3f5362
SEND 1554057509 TRANSACTION 81 9840 cf7aabecebae35c35bda76556d3f5362
SEND 1554057509 TRANSACTION 81 20626 cf7aabecebae35c35bda76556d3f5362
RECIEVED 1554057509 TRANSACTION 81 85 213
RECIEVED 1554057509 TRANSACTION 81 85 213
RECIEVED 1554057509 TRANSACTION 81 85 213
UPDATE 1554057509 TRANSACTION 5457bfc550af06ec8416097a0c312b06
SEND 1554057509 TRANSACTION 81 12001 5457bfc550af06ec8416097a0c312b06
SEND 1554057509 TRANSACTION 81 35580 5457bfc550af06ec8416097a0c312b06
RECIEVED 1554057509 TRANSACTION 80 85 214
UPDATE 1554057509 TRANSACTION 06f2255ea0a40aa9dbadfe5f82915344
SEND 1554057509 TRANSACTION 80 13419 06f2255ea0a40aa9dbadfe5f82915344
SEND 1554057509 TRANSACTION 80 14002 06f2255ea0a40aa9dbadfe5f82915344
RECIEVED 1554057509 TRANSACTION 80 85 215
RECIEVED 1554057509 TRANSACTION 81 85 215
UPDATE 1554057509 TRANSACTION 6e852646f6b0742ecfaa2f537e1ea252
RECIEVED 1554057509 TRANSACTION 81 85 216
UPDATE 1554057509 TRANSACTION 6a51e640237be002fb33988d6c4f4b42
SEND 1554057509 TRANSACTION 81 31374 6a51e640237be002fb33988d6c4f4b42
RECIEVED 1554057510 TRANSACTION 81 85 217
UPDATE 1554057510 TRANSACTION 70b60534c0897b45eb85279b0cee4903
SEND 1554057510 TRANSACTION 81 19742 70b60534c0897b45eb85279b0cee4903
RECIEVED 1554057510 TRANSACTION 80 85 218
UPDATE 1554057510 TRANSACTION 6e15fb13d8509f2804443ee501504d48
RECIEVED 1554057510 TRANSACTION 79 85 219
UPDATE 1554057510 TRANSACTION e0d28b431475624d085b50b94554cd09
SEND 1554057510 TRANSACTION 79 21830 e0d28b431475624d085b50b94554cd09
SEND 1554057510 TRANSACTION 79 19249 e0d28b431475624d085b50b94554cd09
RECIEVED 1554057510 TRANSACTION 81 85 220
UPDATE 1554057510 TRANSACTION 186fffe29b52462f2bbf0ba81b32991f
RECIEVED 1554057510 TRANSACTION 81 85 221
UPDATE 1554057510 TRANSACTION c9b469ae0ee937c4365d5ce227cbcb94
SEND 1554057510 TRANSACTION 81 14958 c9b469ae0ee937c4365d5ce227cbcb94
RECIEVED 1554057510 TRANSACTION 80 85 222
UPDATE 1554057510 TRANSACTION e2f0daff769ce0ac34e00d8708b87299
SEND 1554057510 TRANSACTION 80 16389 e2f0daff769ce0ac34e00d8708b87299
RECIEVED 1554057510 TRANSACTION 81 85 223
RECIEVED 1554057510 TRANSACTION 80 85 223
UPDATE 1554057510 TRANSACTION 82e87cf722238bc5b86bba49c9f586e1
SEND 1554057510 TRANSACTION 80 14340 82e87cf722238bc5b86bba49c9f586e1
SEND 1554057510 TRANSACTION 80 13557 82e87cf722238bc5b86bba49c9f586e1
SEND 1554057510 TRANSACTION 80 13818 82e87cf722238bc5b86bba49c9f586e1
RECIEVED 1554057510 TRANSACTION 81 85 224
UPDATE 1554057510 TRANSACTION bcd530629ec713f58ee299759822027f
RECIEVED 1554057510 TRANSACTION 81 85 225
UPDATE 1554057510 TRANSACTION e0eafca57f22e26304153c8e7fdd431a
SEND 1554057510 TRANSACTION 81 14985 e0eafca57f22e26304153c8e7fdd431a
RECIEVED 1554057510 TRANSACTION 80 85 226
RECIEVED 1554057510 TRANSACTION 80 85 226
UPDATE 1554057510 TRANSACTION baac9bcd6f2a503d9748e71984b276c3
SEND 1554057510 TRANSACTION 80 17770 baac9bcd6f2a503d9748e71984b276c3
SEND 1554057510 TRANSACTION 80 11003 baac9bcd6f2a503d9748e71984b276c3
SEND 1554057510 TRANSACTION 80 15448 baac9bcd6f2a503d9748e71984b276c3
RECIEVED 1554057510 TRANSACTION 80 85 227
RECIEVED 1554057510 TRANSACTION 81 85 227
UPDATE 1554057510 TRANSACTION c3a54fac00409c7efc4a7f3d97b32f64
SEND 1554057510 TRANSACTION 81 16093 c3a54fac00409c7efc4a7f3d97b32f64
SEND 1554057510 TRANSACTION 81 18749 c3a54fac00409c7efc4a7f3d97b32f64
RECIEVED 1554057510 TRANSACTION 81 85 228
UPDATE 1554057510 TRANSACTION c93fa1f4d43501e22e26d987723008e7
SEND 1554057510 TRANSACTION 81 10675 c93fa1f4d43501e22e26d987723008e7
RECIEVED 1554057510 TRANSACTION 81 85 229
RECIEVED 1554057510 TRANSACTION 81 85 229
UPDATE 1554057510 TRANSACTION 082bb1f7e448f19505bcf817c7951e9a
SEND 1554057510 TRANSACTION 81 9811 082bb1f7e448f19505bcf817c7951e9a
SEND 1554057510 TRANSACTION 81 10120 082bb1f7e448f19505bcf817c7951e9a
RECIEVED 1554057510 TRANSACTION 81 85 230
RECIEVED 1554057511 TRANSACTION 81 85 230
UPDATE 1554057511 TRANSACTION a2571f850d17c3d9eea812905ea869c6
SEND 1554057511 TRANSACTION 81 25415 a2571f850d17c3d9eea812905ea869c6
RECIEVED 1554057511 TRANSACTION 82 85 231
UPDATE 1554057511 TRANSACTION cfdcb2b9c6e557aca07bb0a623e74740
SEND 1554057511 TRANSACTION 82 9992 cfdcb2b9c6e557aca07bb0a623e74740
RECIEVED 1554057511 TRANSACTION 82 85 232
UPDATE 1554057511 TRANSACTION 854e8d7be0a46fa3e73d46f37951b8fd
RECIEVED 1554057511 TRANSACTION 82 85 233
RECIEVED 1554057511 TRANSACTION 81 85 233
UPDATE 1554057511 TRANSACTION 18577ff9932621328012fa198f980933
SEND 1554057511 TRANSACTION 81 19528 18577ff9932621328012fa198f980933
RECIEVED 1554057511 TRANSACTION 81 85 234
RECIEVED 1554057511 TRANSACTION 81 85 234
UPDATE 1554057511 TRANSACTION 495aff65e78f6c69ade53b2fd59c9aee
SEND 1554057511 TRANSACTION 81 9128 495aff65e78f6c69ade53b2fd59c9aee
SEND 1554057511 TRANSACTION 81 16679 495aff65e78f6c69ade53b2fd59c9aee
SEND 1554057511 TRANSACTION 81 15436 495aff65e78f6c69ade53b2fd59c9aee
RECIEVED 1554057511 TRANSACTION 81 85 235
RECIEVED 1554057511 TRANSACTION 81 85 235
UPDATE 1554057511 TRANSACTION 1a1c41141930d3debb94f10042130a1a
SEND 1554057511 TRANSACTION 81 19900 1a1c41141930d3debb94f10042130a1a
RECIEVED 1554057511 TRANSACTION 81 85 236
UPDATE 1554057511 TRANSACTION b8d336ca645c461a13b6cda5d0ec18c7
SEND 1554057511 TRANSACTION 81 15995 b8d336ca645c461a13b6cda5d0ec18c7
SEND 1554057511 TRANSACTION 81 9495 b8d336ca645c461a13b6cda5d0ec18c7
RECIEVED 1554057511 TRANSACTION 81 85 237
UPDATE 1554057511 TRANSACTION 5e420dbd3144aab78185eba8eb4d6832
RECIEVED 1554057511 TRANSACTION 81 85 238
UPDATE 1554057511 TRANSACTION 23a1553be98a86ac947ba85945316b6a
SEND 1554057511 TRANSACTION 81 10892 23a1553be98a86ac947ba85945316b6a
SEND 1554057511 TRANSACTION 81 14252 23a1553be98a86ac947ba85945316b6a
SEND 1554057511 TRANSACTION 81 12799 23a1553be98a86ac947ba85945316b6a
RECIEVED 1554057511 TRANSACTION 81 85 239
RECIEVED 1554057511 TRANSACTION 78 85 239
UPDATE 1554057511 TRANSACTION 9562e145e521b8741c377c63e58e4525
SEND 1554057511 TRANSACTION 78 13615 9562e145e521b8741c377c63e58e4525
SEND 1554057511 TRANSACTION 78 15170 9562e145e521b8741c377c63e58e4525
RECIEVED 1554057511 TRANSACTION 80 85 240
UPDATE 1554057511 TRANSACTION 982af8234d5aab5159495191b91ab2f2
RECIEVED 1554057511 TRANSACTION 80 85 241
RECIEVED 1554057511 TRANSACTION 81 85 241
UPDATE 1554057511 TRANSACTION c7b220ae3c3de63537d0963991438a03
RECIEVED 1554057511 TRANSACTION 80 85 242
RECIEVED 1554057511 TRANSACTION 81 85 242
RECIEVED 1554057511 TRANSACTION 80 85 242
UPDATE 1554057511 TRANSACTION dbc15bbff4ec7f02016a5ef19cfef948
SEND 1554057511 TRANSACTION 80 13799 dbc15bbff4ec7f02016a5ef19cfef948
RECIEVED 1554057512 TRANSACTION 80 85 243
UPDATE 1554057512 TRANSACTION 29f7330b5bb75d59837e90628d461445
SEND 1554057512 TRANSACTION 80 9812 29f7330b5bb75d59837e90628d461445
SEND 1554057512 TRANSACTION 80 14452 29f7330b5bb75d59837e90628d461445
RECIEVED 1554057512 TRANSACTION 81 85 244
UPDATE 1554057512 TRANSACTION d786b1035b78ba1182ba169de3398ff1
SEND 1554057512 TRANSACTION 81 20548 d786b1035b78ba1182ba169de3398ff1
SEND 1554057512 TRANSACTION 81 10047 d786b1035b78ba1182ba169de3398ff1
SEND 1554057512 TRANSACTION 81 19288 d786b1035b78ba1182ba169de3398ff1
RECIEVED 1554057512 TRANSACTION 81 85 245
RECIEVED 1554057512 TRANSACTION 80 85 245
RECIEVED 1554057512 TRANSACTION 81 85 245
UPDATE 1554057512 TRANSACTION 7310390b7891d6ed88d7dd3d4d1e799b
SEND 1554057512 TRANSACTION 81 11431 7310390b7891d6ed88d7dd3d4d1e799b
RECIEVED 1554057512 TRANSACTION 81 85 246
UPDATE 1554057512 TRANSACTION e18423d9ef91e96e0a4cb47f1b9452d1
SEND 1554057512 TRANSACTION 81 159262 e18423d9ef91e96e0a4cb47f1b9452d1
RECIEVED 1554057512 HB 3 85 247
SEND 1554057512 INTRODUCE 37 14154
SEND 1554057512 INTRODUCE 36 9202
SEND 1554057512 INTRODUCE 36 36328
SEND 1554057512 INTRODUCE 36 33888
RECIEVED 1554057512 TRANSACTION 81 85 247
UPDATE 1554057512 TRANSACTION 8f30360fb960fa5f809cea9dfbfaa123
RECIEVED 1554057512 TRANSACTION 81 85 248
RECIEVED 1554057512 TRANSACTION 81 85 248
RECIEVED 1554057512 TRANSACTION 81 85 248
UPDATE 1554057512 TRANSACTION 1abcf5d6e0a92f54d1c1cd7fdd2db231
SEND 1554057512 TRANSACTION 81 14432 1abcf5d6e0a92f54d1c1cd7fdd2db231
RECIEVED 1554057512 TRANSACTION 79 85 249
UPDATE 1554057512 TRANSACTION ae034e2ec5372ed27fd16cb996e2ae55
RECIEVED 1554057512 TRANSACTION 79 85 250
RECIEVED 1554057512 TRANSACTION 81 85 250
RECIEVED 1554057512 TRANSACTION 81 85 250
UPDATE 1554057512 TRANSACTION 032feddffd67c737ad7304922cbe9bb2
SEND 1554057512 TRANSACTION 81 14360 032feddffd67c737ad7304922cbe9bb2
SEND 1554057512 TRANSACTION 81 12208 032feddffd67c737ad7304922cbe9bb2
RECIEVED 1554057512 TRANSACTION 80 85 251
UPDATE 1554057512 TRANSACTION 4cb54d7cb4df9973b07b74dcce232efa
RECIEVED 1554057512 TRANSACTION 81 85 252
UPDATE 1554057512 TRANSACTION d96529a4ed31a094fdeaf233b88b77dc
SEND 1554057512 TRANSACTION 81 12468 d96529a4ed31a094fdeaf233b88b77dc
RECIEVED 1554057512 TRANSACTION 82 85 253
UPDATE 1554057512 TRANSACTION 8989eaa193bcb3811956cfbfd813babf
SEND 1554057512 TRANSACTION 82 14790 8989eaa193bcb3811956cfbfd813babf
RECIEVED 1554057512 TRANSACTION 80 85 254
RECIEVED 1554057512 TRANSACTION 80 85 254
UPDATE 1554057512 TRANSACTION 38a5fbc06b83181df3dbd6de0615d5f5
SEND 1554057512 TRANSACTION 80 9407 38a5fbc06b83181df3dbd6de0615d5f5
SEND 1554057512 TRANSACTION 80 11589 38a5fbc06b83181df3dbd6de0615d5f5
RECIEVED 1554057512 TRANSACTION 80 85 255
RECIEVED 1554057512 TRANSACTION 81 85 255
UPDATE 1554057512 TRANSACTION dcae9b0cbf39173fd6ecd598f28eea59
SEND 1554057512 TRANSACTION 81 12891 dcae9b0cbf39173fd6ecd598f28eea59
RECIEVED 1554057512 TRANSACTION 81 85 256
UPDATE 1554057512 TRANSACTION 198d9dc103c926114431731f99cf6d80
SEND 1554057512 TRANSACTION 81 11248 198d9dc103c926114431731f99cf6d80
SEND 1554057512 TRANSACTION 81 10520 198d9dc103c926114431731f99cf6d80
RECIEVED 1554057512 TRANSACTION 81 85 257
RECIEVED 1554057512 TRANSACTION 81 85 257
RECIEVED 1554057513 TRANSACTION 82 85 257
RECIEVED 1554057513 TRANSACTION 81 85 257
UPDATE 1554057513 TRANSACTION 5d4680c5ff114f58bd92561708db0bcb
RECIEVED 1554057513 TRANSACTION 81 85 258
RECIEVED 1554057513 TRANSACTION 81 85 258
RECIEVED 1554057513 TRANSACTION 81 85 258
UPDATE 1554057513 TRANSACTION 5146fc558679949fa9cb9673b79d8a39
SEND 1554057513 TRANSACTION 81 9999 5146fc558679949fa9cb9673b79d8a39
SEND 1554057513 TRANSACTION 81 10166 5146fc558679949fa9cb9673b79d8a39
RECIEVED 1554057513 TRANSACTION 81 85 259
UPDATE 1554057513 TRANSACTION 5a29713357cf268959cf8e959cbe0ade
SEND 1554057513 TRANSACTION 81 40311 5a29713357cf268959cf8e959cbe0ade
RECIEVED 1554057513 TRANSACTION 81 85 260
RECIEVED 1554057513 TRANSACTION 81 85 260
UPDATE 1554057513 TRANSACTION 2598ddb26cd7eb0167bdef2b9ca71b25
SEND 1554057513 TRANSACTION 81 10188 2598ddb26cd7eb0167bdef2b9ca71b25
RECIEVED 1554057513 TRANSACTION 81 85 261
RECIEVED 1554057513 TRANSACTION 79 85 261
UPDATE 1554057513 TRANSACTION fdda0d352143e2e53b18bdf63db1f3ec
SEND 1554057513 TRANSACTION 79 15862 fdda0d352143e2e53b18bdf63db1f3ec
SEND 1554057513 TRANSACTION 79 21167 fdda0d352143e2e53b18bdf63db1f3ec
RECIEVED 1554057513 TRANSACTION 79 85 262
RECIEVED 1554057513 TRANSACTION 79 85 262
RECIEVED 1554057513 TRANSACTION 81 85 262
UPDATE 1554057513 TRANSACTION 5cac780e91dfb6138133b44fec285a0d
SEND 1554057513 TRANSACTION 81 8909 5cac780e91dfb6138133b44fec285a0d
SEND 1554057513 TRANSACTION 81 10977 5cac780e91dfb6138133b44fec285a0d
SEND 1554057513 TRANSACTION 81 11764 5cac780e91dfb6138133b44fec285a0d
RECIEVED 1554057513 TRANSACTION 81 85 263
UPDATE 1554057513 TRANSACTION c849a5cb255887ddd2e6f06d5ae0584d
RECIEVED 1554057513 TRANSACTION 79 85 264
UPDATE 1554057513 TRANSACTION bb29a53fc1755a71d995a84d4c358558
SEND 1554057513 TRANSACTION 79 9226 bb29a53fc1755a71d995a84d4c358558
RECIEVED 1554057513 TRANSACTION 81 85 265
RECIEVED 1554057513 TRANSACTION 79 85 265
UPDATE 1554057513 TRANSACTION a734b5ea157314d1cb6109cb05d97796
SEND 1554057513 TRANSACTION 79 8924 a734b5ea157314d1cb6109cb05d97796
SEND 1554057513 TRANSACTION 79 10731 a734b5ea157314d1cb6109cb05d97796
RECIEVED 1554057513 TRANSACTION 79 85 266
RECIEVED 1554057513 TRANSACTION 81 85 266
UPDATE 1554057513 TRANSACTION c60fe1fcbda254c0947334ef1f9feebf
RECIEVED 1554057513 TRANSACTION 81 85 267
UPDATE 1554057513 TRANSACTION 266a461095495ddbd9b798a43817ec10
SEND 1554057513 TRANSACTION 81 11558 266a461095495ddbd9b798a43817ec10
RECIEVED 1554057513 TRANSACTION 79 85 268
UPDATE 1554057513 TRANSACTION 7ce8d649bdc53fe77b9074ce1b5bfc87
SEND 1554057513 TRANSACTION 79 19064 7ce8d649bdc53fe77b9074ce1b5bfc87
SEND 1554057513 TRANSACTION 79 14650 7ce8d649bdc53fe77b9074ce1b5bfc87
SEND 1554057513 TRANSACTION 79 14760 7ce8d649bdc53fe77b9074ce1b5bfc87
RECIEVED 1554057513 TRANSACTION 79 85 269
RECIEVED 1554057513 TRANSACTION 80 85 269
UPDATE 1554057513 TRANSACTION e497047ce4357948cbb763312831d0c7
RECIEVED 1554057513 TRANSACTION 81 85 270
UPDATE 1554057513 TRANSACTION 566707adc6602bed9e2e79c90f0b9d68
SEND 1554057513 TRANSACTION 81 13560 566707adc6602bed9e2e79c90f0b9d68
SEND 1554057513 TRANSACTION 81 9934 566707adc6602bed9e2e79c90f0b9d68
RECIEVED 1554057513 TRANSACTION 81 85 271
UPDATE 1554057513 TRANSACTION 4078c9fefc7aee0113e09f684f16c997
SEND 1554057513 TRANSACTION 81 21888 4078c9fefc7aee0113e09f684f16c997
SEND 1554057513 TRANSACTION 81 16106 4078c9fefc7aee0113e09f684f16c997
SEND 1554057513 TRANSACTION 81 19587 4078c9fefc7aee0113e09f684f16c997
RECIEVED 1554057513 TRANSACTION 81 85 272
RECIEVED 1554057513 TRANSACTION 81 85 272
UPDATE 1554057513 TRANSACTION a56cb97df7d17eedfc8e1c5a51086a2f
SEND 1554057513 TRANSACTION 81 9487 a56cb97df7d17eedfc8e1c5a51086a2f
RECIEVED 1554057513 TRANSACTION 79 85 273
UPDATE 1554057513 TRANSACTION f3c9432e9c8d5268c5fa4d6e1d342c97
SEND 1554057513 TRANSACTION 79 20097 f3c9432e9c8d5268c5fa4d6e1d342c97
RECIEVED 1554057513 TRANSACTION 81 85 274
RECIEVED 1554057514 TRANSACTION 81 85 274
UPDATE 1554057514 TRANSACTION 3c9d6cbb58725d44c39ee27ec796d575
RECIEVED 1554057514 TRANSACTION 81 85 275
# Failed listening 
%!(EXTRA string=node7)# ERROR: EOF
RECIEVED 1554057514 DIE 4 85 275
