RECIEVED 1553584996 INTRODUCE 37 0 0
SEND 1553584996 JOIN 32 11545
RECIEVED 1553584996 INTRODUCE 36 1 0
SEND 1553584996 INTRODUCE 36 11433
SEND 1553584996 JOIN 32 23177
RECIEVED 1553584996 INTRODUCE 37 2 0
SEND 1553584996 INTRODUCE 37 13110
SEND 1553584996 INTRODUCE 37 20928
SEND 1553584996 JOIN 32 15188
RECIEVED 1553584996 INTRODUCE 36 3 0
SEND 1553584996 INTRODUCE 36 10547
SEND 1553584996 INTRODUCE 36 21123
SEND 1553584996 INTRODUCE 36 21423
SEND 1553584996 JOIN 32 16154
RECIEVED 1553584996 INTRODUCE 35 4 0
SEND 1553584996 INTRODUCE 35 13829
SEND 1553584996 INTRODUCE 35 9860
SEND 1553584996 INTRODUCE 35 12890
SEND 1553584996 INTRODUCE 35 22091
SEND 1553584996 JOIN 32 15249
RECIEVED 1553584996 INTRODUCE 37 5 0
SEND 1553584996 INTRODUCE 37 11869
SEND 1553584996 INTRODUCE 37 13728
SEND 1553584996 INTRODUCE 37 13250
SEND 1553584996 INTRODUCE 37 21506
SEND 1553584996 INTRODUCE 37 10501
SEND 1553584996 JOIN 32 16400
RECIEVED 1553584996 INTRODUCE 36 6 0
SEND 1553584996 INTRODUCE 36 22290
SEND 1553584996 INTRODUCE 36 14404
SEND 1553584996 INTRODUCE 36 8747
SEND 1553584996 INTRODUCE 36 13779
SEND 1553584996 INTRODUCE 36 9307
SEND 1553584996 INTRODUCE 36 18411
SEND 1553584996 JOIN 32 16764
RECIEVED 1553584996 INTRODUCE 36 7 0
SEND 1553584996 INTRODUCE 36 11378
SEND 1553584996 INTRODUCE 36 7835
SEND 1553584996 INTRODUCE 36 14979
SEND 1553584996 INTRODUCE 36 11675
SEND 1553584996 INTRODUCE 36 11132
SEND 1553584996 INTRODUCE 36 12459
SEND 1553584996 INTRODUCE 36 11953
SEND 1553584996 JOIN 32 10192
RECIEVED 1553584996 INTRODUCE 37 8 0
SEND 1553584996 INTRODUCE 37 11966
SEND 1553584996 INTRODUCE 37 12218
SEND 1553584996 INTRODUCE 37 10904
SEND 1553584996 INTRODUCE 37 11537
SEND 1553584996 INTRODUCE 37 17402
SEND 1553584996 INTRODUCE 37 15547
SEND 1553584996 INTRODUCE 37 15102
SEND 1553584996 INTRODUCE 37 18949
SEND 1553584996 JOIN 32 16628
RECIEVED 1553584996 INTRODUCE 36 9 0
SEND 1553584996 INTRODUCE 36 13083
SEND 1553584996 INTRODUCE 36 12877
SEND 1553584996 INTRODUCE 36 27301
SEND 1553584996 INTRODUCE 36 15195
SEND 1553584996 INTRODUCE 36 15824
SEND 1553584996 INTRODUCE 36 41858
SEND 1553584996 INTRODUCE 36 9845
SEND 1553584996 INTRODUCE 36 10950
SEND 1553584996 INTRODUCE 36 13614
SEND 1553584996 JOIN 32 19696
RECIEVED 1553584996 INTRODUCE 35 10 0
SEND 1553584996 INTRODUCE 35 10819
SEND 1553584996 INTRODUCE 35 11623
SEND 1553584996 INTRODUCE 35 19527
SEND 1553584996 INTRODUCE 35 12087
SEND 1553584996 INTRODUCE 35 29938
SEND 1553584996 INTRODUCE 35 16373
SEND 1553584996 INTRODUCE 35 16050
SEND 1553584996 INTRODUCE 35 11015
SEND 1553584996 INTRODUCE 35 17039
SEND 1553584996 INTRODUCE 35 15110
SEND 1553584996 JOIN 32 12000
RECIEVED 1553584996 INTRODUCE 36 11 0
SEND 1553584996 INTRODUCE 36 11662
SEND 1553584996 INTRODUCE 36 56785
SEND 1553584996 INTRODUCE 36 16463
SEND 1553584996 INTRODUCE 36 18372
SEND 1553584996 INTRODUCE 36 17804
SEND 1553584996 INTRODUCE 36 12837
SEND 1553584996 INTRODUCE 36 15619
SEND 1553584996 INTRODUCE 36 22082
SEND 1553584996 INTRODUCE 36 52037
SEND 1553584996 INTRODUCE 36 22116
SEND 1553584996 INTRODUCE 36 18963
SEND 1553584996 JOIN 32 12118
RECIEVED 1553584996 INTRODUCE 36 12 0
SEND 1553584996 INTRODUCE 36 14130
SEND 1553584996 INTRODUCE 36 21932
SEND 1553584996 INTRODUCE 36 16500
SEND 1553584996 INTRODUCE 36 11136
SEND 1553584996 INTRODUCE 36 12607
SEND 1553584996 INTRODUCE 36 12600
SEND 1553584996 INTRODUCE 36 12437
SEND 1553584996 INTRODUCE 36 15765
SEND 1553584996 INTRODUCE 36 15608
SEND 1553584996 INTRODUCE 36 10786
SEND 1553584996 INTRODUCE 36 9858
SEND 1553584996 INTRODUCE 36 15450
SEND 1553584996 JOIN 32 16667
RECIEVED 1553584996 INTRODUCE 35 13 0
SEND 1553584996 INTRODUCE 35 11328
SEND 1553584996 INTRODUCE 35 12585
SEND 1553584996 INTRODUCE 35 14149
SEND 1553584996 INTRODUCE 35 21639
SEND 1553584996 INTRODUCE 35 11322
SEND 1553584996 INTRODUCE 35 12242
SEND 1553584996 INTRODUCE 35 16575
SEND 1553584996 INTRODUCE 35 11127
SEND 1553584996 INTRODUCE 35 11812
SEND 1553584996 INTRODUCE 35 13776
SEND 1553584996 INTRODUCE 35 12727
SEND 1553584996 INTRODUCE 35 11851
SEND 1553584996 INTRODUCE 35 20213
SEND 1553584996 JOIN 32 11769
RECIEVED 1553584996 INTRODUCE 35 14 0
SEND 1553584996 INTRODUCE 35 11653
SEND 1553584996 INTRODUCE 35 16719
SEND 1553584996 INTRODUCE 35 22375
SEND 1553584996 INTRODUCE 35 15533
SEND 1553584996 INTRODUCE 35 9865
SEND 1553584996 INTRODUCE 35 12010
SEND 1553584996 INTRODUCE 35 19002
SEND 1553584996 INTRODUCE 35 11320
SEND 1553584996 INTRODUCE 35 16213
SEND 1553584996 INTRODUCE 35 16672
SEND 1553584996 INTRODUCE 35 47276
SEND 1553584996 INTRODUCE 35 46588
SEND 1553584996 INTRODUCE 35 15998
SEND 1553584996 INTRODUCE 35 19059
SEND 1553584996 JOIN 32 11267
RECIEVED 1553584996 INTRODUCE 36 15 0
SEND 1553584996 INTRODUCE 36 14812
SEND 1553584996 INTRODUCE 36 11010
SEND 1553584996 INTRODUCE 36 21983
SEND 1553584996 INTRODUCE 36 15082
SEND 1553584996 INTRODUCE 36 22374
SEND 1553584996 INTRODUCE 36 15829
SEND 1553584996 INTRODUCE 36 11976
SEND 1553584996 INTRODUCE 36 15560
SEND 1553584996 INTRODUCE 36 12673
SEND 1553584996 INTRODUCE 36 20818
SEND 1553584996 INTRODUCE 36 17167
SEND 1553584996 INTRODUCE 36 9362
SEND 1553584996 INTRODUCE 36 25069
SEND 1553584996 INTRODUCE 36 12374
SEND 1553584996 INTRODUCE 36 11344
SEND 1553584996 JOIN 32 10028
RECIEVED 1553584996 INTRODUCE 37 16 0
SEND 1553584996 INTRODUCE 37 20390
SEND 1553584996 INTRODUCE 37 12542
SEND 1553584996 INTRODUCE 37 14953
SEND 1553584996 INTRODUCE 37 9118
SEND 1553584996 INTRODUCE 37 11712
SEND 1553584996 INTRODUCE 37 9479
SEND 1553584996 INTRODUCE 37 48215
SEND 1553584996 INTRODUCE 37 17608
SEND 1553584996 INTRODUCE 37 16836
SEND 1553584996 INTRODUCE 37 17240
SEND 1553584996 INTRODUCE 37 11534
SEND 1553584996 INTRODUCE 37 50536
SEND 1553584996 INTRODUCE 37 17672
SEND 1553584996 INTRODUCE 37 11968
SEND 1553584996 INTRODUCE 37 11575
SEND 1553584996 INTRODUCE 37 18438
SEND 1553584996 JOIN 32 41830
RECIEVED 1553584996 INTRODUCE 37 17 0
SEND 1553584996 INTRODUCE 37 14686
SEND 1553584996 INTRODUCE 37 10110
SEND 1553584996 INTRODUCE 37 9821
SEND 1553584996 INTRODUCE 37 21149
SEND 1553584996 INTRODUCE 37 45777
SEND 1553584996 INTRODUCE 37 14066
SEND 1553584996 INTRODUCE 37 11693
SEND 1553584996 INTRODUCE 37 10532
SEND 1553584996 INTRODUCE 37 15959
SEND 1553584996 INTRODUCE 37 10984
SEND 1553584996 INTRODUCE 37 20843
SEND 1553584996 INTRODUCE 37 15400
SEND 1553584996 INTRODUCE 37 10572
SEND 1553584996 INTRODUCE 37 14727
SEND 1553584996 INTRODUCE 37 10096
SEND 1553584996 INTRODUCE 37 8960
SEND 1553584996 INTRODUCE 37 16015
SEND 1553584996 JOIN 32 12967
RECIEVED 1553584996 INTRODUCE 36 18 0
SEND 1553584996 INTRODUCE 36 11039
SEND 1553584996 INTRODUCE 36 16840
SEND 1553584996 INTRODUCE 36 12775
SEND 1553584996 INTRODUCE 36 8519
SEND 1553584996 INTRODUCE 36 17226
SEND 1553584996 INTRODUCE 36 20448
SEND 1553584996 INTRODUCE 36 15720
SEND 1553584996 INTRODUCE 36 19848
SEND 1553584996 INTRODUCE 36 21296
SEND 1553584996 INTRODUCE 36 15352
SEND 1553584996 INTRODUCE 36 17131
SEND 1553584996 INTRODUCE 36 11627
SEND 1553584996 INTRODUCE 36 13370
SEND 1553584996 INTRODUCE 36 22052
SEND 1553584996 INTRODUCE 36 15927
SEND 1553584996 INTRODUCE 36 16782
SEND 1553584996 INTRODUCE 36 42108
SEND 1553584996 INTRODUCE 36 12499
SEND 1553584996 JOIN 32 22653
RECIEVED 1553584996 INTRODUCE 36 19 0
SEND 1553584996 INTRODUCE 36 18002
SEND 1553584996 INTRODUCE 36 11856
SEND 1553584996 INTRODUCE 36 13215
SEND 1553584996 INTRODUCE 36 11677
SEND 1553584996 INTRODUCE 36 21042
SEND 1553584996 INTRODUCE 36 17317
SEND 1553584996 INTRODUCE 36 15974
SEND 1553584996 INTRODUCE 36 13012
SEND 1553584996 INTRODUCE 36 17823
SEND 1553584996 INTRODUCE 36 15718
SEND 1553584996 INTRODUCE 36 22035
SEND 1553584996 INTRODUCE 36 20455
SEND 1553584996 INTRODUCE 36 15862
SEND 1553584996 INTRODUCE 36 17384
SEND 1553584996 INTRODUCE 36 16863
SEND 1553584996 INTRODUCE 36 13179
SEND 1553584996 INTRODUCE 36 20367
SEND 1553584996 INTRODUCE 36 12625
SEND 1553584996 INTRODUCE 36 16070
SEND 1553584996 JOIN 32 12769
RECIEVED 1553584996 INTRODUCE 37 20 0
SEND 1553584996 INTRODUCE 37 23327
SEND 1553584996 INTRODUCE 37 17183
SEND 1553584996 INTRODUCE 37 11379
SEND 1553584996 INTRODUCE 37 44599
SEND 1553584996 INTRODUCE 37 33435
SEND 1553584996 INTRODUCE 37 11880
SEND 1553584996 INTRODUCE 37 15727
SEND 1553584996 INTRODUCE 37 15782
SEND 1553584996 INTRODUCE 37 11706
SEND 1553584996 INTRODUCE 37 12251
SEND 1553584996 INTRODUCE 37 15978
SEND 1553584996 INTRODUCE 37 16640
SEND 1553584996 INTRODUCE 37 14074
SEND 1553584996 INTRODUCE 37 14393
SEND 1553584996 INTRODUCE 37 12071
SEND 1553584996 INTRODUCE 37 10877
SEND 1553584996 INTRODUCE 37 11668
SEND 1553584996 INTRODUCE 37 10856
SEND 1553584996 INTRODUCE 37 15572
SEND 1553584996 INTRODUCE 37 12905
SEND 1553584996 JOIN 32 11932
RECIEVED 1553584996 INTRODUCE 37 21 0
SEND 1553584996 INTRODUCE 37 11634
SEND 1553584996 INTRODUCE 37 11181
SEND 1553584996 INTRODUCE 37 13251
SEND 1553584996 INTRODUCE 37 12155
SEND 1553584996 INTRODUCE 37 30563
SEND 1553584996 INTRODUCE 37 16842
SEND 1553584996 INTRODUCE 37 12815
SEND 1553584996 INTRODUCE 37 11539
SEND 1553584996 INTRODUCE 37 13060
SEND 1553584996 INTRODUCE 37 11155
SEND 1553584996 INTRODUCE 37 15735
SEND 1553584996 INTRODUCE 37 18090
SEND 1553584996 INTRODUCE 37 11108
SEND 1553584996 INTRODUCE 37 12221
SEND 1553584996 INTRODUCE 37 15588
SEND 1553584996 INTRODUCE 37 20733
SEND 1553584996 INTRODUCE 37 34327
SEND 1553584996 INTRODUCE 37 13176
SEND 1553584996 INTRODUCE 37 16623
SEND 1553584996 INTRODUCE 37 14906
SEND 1553584996 INTRODUCE 37 16250
SEND 1553584996 JOIN 32 11745
RECIEVED 1553584996 INTRODUCE 36 22 0
SEND 1553584996 INTRODUCE 36 10714
SEND 1553584996 INTRODUCE 36 11822
SEND 1553584996 INTRODUCE 36 12558
SEND 1553584996 INTRODUCE 36 15527
SEND 1553584996 INTRODUCE 36 10691
SEND 1553584996 INTRODUCE 36 16747
SEND 1553584996 INTRODUCE 36 37186
SEND 1553584996 INTRODUCE 36 17547
SEND 1553584996 INTRODUCE 36 14983
SEND 1553584996 INTRODUCE 36 45361
# recieved string JOIN node19 172.22.156.206 8019

SEND 1553584996 INTRODUCE 36 50855
SEND 1553584996 INTRODUCE 36 13456
SEND 1553584996 INTRODUCE 36 19539
SEND 1553584996 INTRODUCE 36 39708
SEND 1553584996 INTRODUCE 36 17752
SEND 1553584996 INTRODUCE 36 12019
SEND 1553584996 INTRODUCE 36 50938
SEND 1553584996 INTRODUCE 36 12771
SEND 1553584996 INTRODUCE 36 10519
SEND 1553584996 INTRODUCE 36 54978
SEND 1553584996 INTRODUCE 36 10851
SEND 1553584996 INTRODUCE 36 10537
SEND 1553584996 JOIN 32 11752
RECIEVED 1553584996 INTRODUCE 36 23 0
SEND 1553584996 INTRODUCE 36 15481
SEND 1553584996 INTRODUCE 36 43937
SEND 1553584996 INTRODUCE 36 10800
SEND 1553584996 INTRODUCE 36 12052
SEND 1553584996 INTRODUCE 36 11270
SEND 1553584996 INTRODUCE 36 20939
SEND 1553584996 INTRODUCE 36 39895
SEND 1553584996 INTRODUCE 36 13845
SEND 1553584996 INTRODUCE 36 52363
SEND 1553584996 INTRODUCE 36 16449
SEND 1553584996 INTRODUCE 36 10440
SEND 1553584996 INTRODUCE 36 10580
SEND 1553584996 INTRODUCE 36 57076
SEND 1553584996 INTRODUCE 36 16247
SEND 1553584996 INTRODUCE 36 12028
SEND 1553584996 INTRODUCE 36 16520
SEND 1553584996 INTRODUCE 36 15177
SEND 1553584996 INTRODUCE 36 10519
SEND 1553584996 INTRODUCE 36 16516
SEND 1553584996 INTRODUCE 36 16263
SEND 1553584996 INTRODUCE 36 45382
SEND 1553584996 INTRODUCE 36 17789
SEND 1553584996 INTRODUCE 36 12169
SEND 1553584996 JOIN 32 11128
RECIEVED 1553584996 INTRODUCE 36 24 0
SEND 1553584996 INTRODUCE 36 16252
SEND 1553584996 INTRODUCE 36 13844
SEND 1553584996 INTRODUCE 36 19563
SEND 1553584996 INTRODUCE 36 54814
SEND 1553584996 INTRODUCE 36 15405
SEND 1553584996 INTRODUCE 36 11674
SEND 1553584996 INTRODUCE 36 17110
SEND 1553584996 INTRODUCE 36 13762
SEND 1553584996 INTRODUCE 36 11749
SEND 1553584996 INTRODUCE 36 17790
SEND 1553584996 INTRODUCE 36 11569
SEND 1553584996 INTRODUCE 36 12859
SEND 1553584996 INTRODUCE 36 16769
SEND 1553584996 INTRODUCE 36 13844
SEND 1553584996 INTRODUCE 36 12080
SEND 1553584996 INTRODUCE 36 13507
SEND 1553584996 INTRODUCE 36 15213
SEND 1553584996 INTRODUCE 36 11267
SEND 1553584996 INTRODUCE 36 16518
SEND 1553584996 INTRODUCE 36 42089
SEND 1553584996 INTRODUCE 36 10795
SEND 1553584996 INTRODUCE 36 10352
SEND 1553584996 INTRODUCE 36 12467
SEND 1553584996 INTRODUCE 36 17070
SEND 1553584996 JOIN 32 67580
RECIEVED 1553584996 INTRODUCE 37 25 0
SEND 1553584996 INTRODUCE 37 15363
SEND 1553584996 INTRODUCE 37 16360
SEND 1553584996 INTRODUCE 37 43903
SEND 1553584996 INTRODUCE 37 15548
SEND 1553584996 INTRODUCE 37 16327
SEND 1553584996 INTRODUCE 37 17407
SEND 1553584996 INTRODUCE 37 17689
SEND 1553584996 INTRODUCE 37 13094
SEND 1553584996 INTRODUCE 37 12269
SEND 1553584996 INTRODUCE 37 15664
SEND 1553584996 INTRODUCE 37 14254
SEND 1553584996 INTRODUCE 37 11163
SEND 1553584996 INTRODUCE 37 15902
SEND 1553584996 INTRODUCE 37 11535
SEND 1553584996 INTRODUCE 37 17804
SEND 1553584996 INTRODUCE 37 12312
SEND 1553584996 INTRODUCE 37 11202
SEND 1553584996 INTRODUCE 37 12354
SEND 1553584996 INTRODUCE 37 11654
SEND 1553584996 INTRODUCE 37 17055
SEND 1553584996 INTRODUCE 37 24945
SEND 1553584996 INTRODUCE 37 52161
SEND 1553584996 INTRODUCE 37 12287
SEND 1553584996 INTRODUCE 37 12661
SEND 1553584996 INTRODUCE 37 12239
SEND 1553584996 JOIN 32 11721
RECIEVED 1553584996 INTRODUCE 37 26 0
SEND 1553584996 INTRODUCE 37 11733
SEND 1553584996 INTRODUCE 37 13638
SEND 1553584996 INTRODUCE 37 12960
SEND 1553584996 INTRODUCE 37 18681
SEND 1553584996 INTRODUCE 37 17591
SEND 1553584996 INTRODUCE 37 12373
SEND 1553584996 INTRODUCE 37 11836
SEND 1553584996 INTRODUCE 37 11758
SEND 1553584996 INTRODUCE 37 13540
SEND 1553584996 INTRODUCE 37 12492
SEND 1553584996 INTRODUCE 37 13673
SEND 1553584996 INTRODUCE 37 16151
SEND 1553584996 INTRODUCE 37 57936
SEND 1553584996 INTRODUCE 37 15367
SEND 1553584996 INTRODUCE 37 29035
SEND 1553584996 INTRODUCE 37 12176
SEND 1553584996 INTRODUCE 37 11939
SEND 1553584996 INTRODUCE 37 11944
SEND 1553584996 INTRODUCE 37 15772
SEND 1553584996 INTRODUCE 37 12087
SEND 1553584996 INTRODUCE 37 15724
SEND 1553584996 INTRODUCE 37 12393
SEND 1553584996 INTRODUCE 37 22521
SEND 1553584996 INTRODUCE 37 11341
SEND 1553584996 INTRODUCE 37 11863
SEND 1553584996 INTRODUCE 37 16639
# recieved string JOIN node2 172.22.156.208 8002

SEND 1553584996 JOIN 32 46351
# recieved string JOIN node9 172.22.156.208 8009

RECIEVED 1553584996 INTRODUCE 36 27 0
SEND 1553584996 INTRODUCE 36 44588
# recieved string JOIN node18 172.22.156.206 8018

SEND 1553584996 INTRODUCE 36 16948
SEND 1553584996 INTRODUCE 36 17268
SEND 1553584996 INTRODUCE 36 12402
# recieved string JOIN node19 172.22.94.217 8019

SEND 1553584996 INTRODUCE 36 12265
SEND 1553584996 INTRODUCE 36 13460
# recieved string JOIN node5 172.22.156.208 8005

SEND 1553584996 INTRODUCE 36 11364
SEND 1553584996 INTRODUCE 36 19178
SEND 1553584996 INTRODUCE 36 9518
SEND 1553584997 INTRODUCE 36 15263
SEND 1553584997 INTRODUCE 36 16383
SEND 1553584997 INTRODUCE 36 11867
SEND 1553584997 INTRODUCE 36 11643
SEND 1553584997 INTRODUCE 36 10207
SEND 1553584997 INTRODUCE 36 36478
SEND 1553584997 INTRODUCE 36 16212
SEND 1553584997 INTRODUCE 36 11354
SEND 1553584997 INTRODUCE 36 15336
SEND 1553584997 INTRODUCE 36 15411
SEND 1553584997 INTRODUCE 36 10436
SEND 1553584997 INTRODUCE 36 13701
SEND 1553584997 INTRODUCE 36 11818
SEND 1553584997 INTRODUCE 36 21525
SEND 1553584997 INTRODUCE 36 11019
SEND 1553584997 INTRODUCE 36 10656
SEND 1553584997 INTRODUCE 36 11125
SEND 1553584997 INTRODUCE 36 17811
SEND 1553584997 JOIN 32 16207
RECIEVED 1553584997 INTRODUCE 36 28 0
SEND 1553584997 INTRODUCE 36 15358
SEND 1553584997 INTRODUCE 36 14242
SEND 1553584997 INTRODUCE 36 19685
SEND 1553584997 INTRODUCE 36 13258
SEND 1553584997 INTRODUCE 36 13001
SEND 1553584997 INTRODUCE 36 45003
SEND 1553584997 INTRODUCE 36 12783
SEND 1553584997 INTRODUCE 36 11323
SEND 1553584997 INTRODUCE 36 14909
SEND 1553584997 INTRODUCE 36 16610
SEND 1553584997 INTRODUCE 36 11538
SEND 1553584997 INTRODUCE 36 16027
SEND 1553584997 INTRODUCE 36 12240
SEND 1553584997 INTRODUCE 36 15479
SEND 1553584997 INTRODUCE 36 15731
# recieved string JOIN node7 172.22.94.217 8007

SEND 1553584997 INTRODUCE 36 15520
SEND 1553584997 INTRODUCE 36 14600
SEND 1553584997 INTRODUCE 36 32580
SEND 1553584997 INTRODUCE 36 17562
SEND 1553584997 INTRODUCE 36 16849
SEND 1553584997 INTRODUCE 36 13794
SEND 1553584997 INTRODUCE 36 11482
SEND 1553584997 INTRODUCE 36 13997
SEND 1553584997 INTRODUCE 36 13408
# recieved string JOIN node2 172.22.94.217 8002

SEND 1553584997 INTRODUCE 36 12127
SEND 1553584997 INTRODUCE 36 11950
SEND 1553584997 INTRODUCE 36 11980
SEND 1553584997 INTRODUCE 36 16010
SEND 1553584997 JOIN 32 18572
RECIEVED 1553584997 INTRODUCE 35 29 0
SEND 1553584997 INTRODUCE 35 11789
SEND 1553584997 INTRODUCE 35 11832
SEND 1553584997 INTRODUCE 35 16268
SEND 1553584997 INTRODUCE 35 14959
SEND 1553584997 INTRODUCE 35 13079
SEND 1553584997 INTRODUCE 35 10668
SEND 1553584997 INTRODUCE 35 13053
SEND 1553584997 INTRODUCE 35 12807
SEND 1553584997 INTRODUCE 35 17342
SEND 1553584997 INTRODUCE 35 18241
SEND 1553584997 INTRODUCE 35 20088
SEND 1553584997 INTRODUCE 35 17462
SEND 1553584997 INTRODUCE 35 11898
SEND 1553584997 INTRODUCE 35 17764
SEND 1553584997 INTRODUCE 35 15766
SEND 1553584997 INTRODUCE 35 11789
SEND 1553584997 INTRODUCE 35 17244
SEND 1553584997 INTRODUCE 35 11616
SEND 1553584997 INTRODUCE 35 30045
SEND 1553584997 INTRODUCE 35 15602
SEND 1553584997 INTRODUCE 35 9878
SEND 1553584997 INTRODUCE 35 16673
SEND 1553584997 INTRODUCE 35 14788
SEND 1553584997 INTRODUCE 35 12865
SEND 1553584997 INTRODUCE 35 27054
SEND 1553584997 INTRODUCE 35 14569
SEND 1553584997 INTRODUCE 35 19225
SEND 1553584997 INTRODUCE 35 11119
SEND 1553584997 INTRODUCE 35 15448
SEND 1553584997 JOIN 32 10537
RECIEVED 1553584997 INTRODUCE 35 30 0
SEND 1553584997 INTRODUCE 35 12296
SEND 1553584997 INTRODUCE 35 14804
SEND 1553584997 INTRODUCE 35 19558
SEND 1553584997 INTRODUCE 35 12348
SEND 1553584997 INTRODUCE 35 16375
SEND 1553584997 INTRODUCE 35 11957
SEND 1553584997 INTRODUCE 35 15315
SEND 1553584997 INTRODUCE 35 11757
SEND 1553584997 INTRODUCE 35 16165
SEND 1553584997 INTRODUCE 35 19325
SEND 1553584997 INTRODUCE 35 12749
SEND 1553584997 INTRODUCE 35 18809
SEND 1553584997 INTRODUCE 35 12521
SEND 1553584997 INTRODUCE 35 12636
SEND 1553584997 INTRODUCE 35 12563
SEND 1553584997 INTRODUCE 35 14246
SEND 1553584997 INTRODUCE 35 13158
SEND 1553584997 INTRODUCE 35 19368
SEND 1553584997 INTRODUCE 35 14374
SEND 1553584997 INTRODUCE 35 12274
SEND 1553584997 INTRODUCE 35 11065
SEND 1553584997 INTRODUCE 35 11597
SEND 1553584997 INTRODUCE 35 16139
SEND 1553584997 INTRODUCE 35 12549
SEND 1553584997 INTRODUCE 35 12221
SEND 1553584997 INTRODUCE 35 12225
SEND 1553584997 INTRODUCE 35 12043
SEND 1553584997 INTRODUCE 35 12808
SEND 1553584997 INTRODUCE 35 12085
SEND 1553584997 INTRODUCE 35 16440
SEND 1553584997 JOIN 32 12355
RECIEVED 1553584997 INTRODUCE 36 31 0
SEND 1553584997 INTRODUCE 36 18626
SEND 1553584997 INTRODUCE 36 12248
SEND 1553584997 INTRODUCE 36 11894
SEND 1553584997 INTRODUCE 36 10852
SEND 1553584997 INTRODUCE 36 16721
SEND 1553584997 INTRODUCE 36 30851
SEND 1553584997 INTRODUCE 36 16281
SEND 1553584997 INTRODUCE 36 11362
SEND 1553584997 INTRODUCE 36 12214
SEND 1553584997 INTRODUCE 36 11013
SEND 1553584997 INTRODUCE 36 16459
SEND 1553584997 INTRODUCE 36 10947
SEND 1553584997 INTRODUCE 36 13332
SEND 1553584997 INTRODUCE 36 13602
SEND 1553584997 INTRODUCE 36 15209
SEND 1553584997 INTRODUCE 36 15829
SEND 1553584997 INTRODUCE 36 10853
SEND 1553584997 INTRODUCE 36 11917
SEND 1553584997 INTRODUCE 36 15276
SEND 1553584997 INTRODUCE 36 24985
SEND 1553584997 INTRODUCE 36 13400
SEND 1553584997 INTRODUCE 36 13636
SEND 1553584997 INTRODUCE 36 14780
SEND 1553584997 INTRODUCE 36 11801
SEND 1553584997 INTRODUCE 36 16963
SEND 1553584997 INTRODUCE 36 11432
SEND 1553584997 INTRODUCE 36 18403
SEND 1553584997 INTRODUCE 36 17479
SEND 1553584997 INTRODUCE 36 17019
SEND 1553584997 INTRODUCE 36 16481
SEND 1553584997 INTRODUCE 36 16530
SEND 1553584997 JOIN 32 17173
RECIEVED 1553584997 INTRODUCE 37 32 0
RECIEVED 1553584997 INTRODUCE 37 32 0
SEND 1553584997 INTRODUCE 37 12404
SEND 1553584997 INTRODUCE 37 12943
SEND 1553584997 INTRODUCE 37 12367
SEND 1553584997 INTRODUCE 37 12451
SEND 1553584997 INTRODUCE 37 16065
SEND 1553584997 INTRODUCE 37 26518
SEND 1553584997 INTRODUCE 37 15252
SEND 1553584997 INTRODUCE 37 29893
SEND 1553584997 INTRODUCE 37 14875
SEND 1553584997 INTRODUCE 37 15697
SEND 1553584997 INTRODUCE 37 10517
SEND 1553584997 INTRODUCE 37 17421
SEND 1553584997 INTRODUCE 37 11433
SEND 1553584997 INTRODUCE 37 10996
SEND 1553584997 INTRODUCE 37 42528
SEND 1553584997 INTRODUCE 37 12315
SEND 1553584997 INTRODUCE 37 17972
SEND 1553584997 INTRODUCE 37 45145
SEND 1553584997 INTRODUCE 37 21755
SEND 1553584997 INTRODUCE 37 16864
SEND 1553584997 INTRODUCE 37 12084
SEND 1553584997 INTRODUCE 37 12278
SEND 1553584997 INTRODUCE 37 12814
SEND 1553584997 INTRODUCE 37 16395
SEND 1553584997 INTRODUCE 37 14388
SEND 1553584997 INTRODUCE 37 15620
SEND 1553584997 INTRODUCE 37 12274
SEND 1553584997 INTRODUCE 37 25195
SEND 1553584997 INTRODUCE 37 12547
SEND 1553584997 INTRODUCE 37 16808
SEND 1553584997 INTRODUCE 37 15060
SEND 1553584997 INTRODUCE 37 18366
SEND 1553584997 JOIN 32 12605
RECIEVED 1553584997 INTRODUCE 35 33 0
SEND 1553584997 INTRODUCE 35 16138
SEND 1553584997 INTRODUCE 35 16474
SEND 1553584997 INTRODUCE 35 16879
SEND 1553584997 INTRODUCE 35 17569
SEND 1553584997 INTRODUCE 35 20392
SEND 1553584997 INTRODUCE 35 12002
SEND 1553584997 INTRODUCE 35 12157
SEND 1553584997 INTRODUCE 35 11592
SEND 1553584997 INTRODUCE 35 11353
SEND 1553584997 INTRODUCE 35 13415
SEND 1553584997 INTRODUCE 35 11037
SEND 1553584997 INTRODUCE 35 12378
SEND 1553584997 INTRODUCE 35 12586
SEND 1553584997 INTRODUCE 35 11650
SEND 1553584997 INTRODUCE 35 12447
SEND 1553584997 INTRODUCE 35 11308
SEND 1553584997 INTRODUCE 35 16464
SEND 1553584997 INTRODUCE 35 15281
SEND 1553584997 INTRODUCE 35 16576
SEND 1553584997 INTRODUCE 35 16756
SEND 1553584997 INTRODUCE 35 11909
SEND 1553584997 INTRODUCE 35 15028
SEND 1553584997 INTRODUCE 35 11380
SEND 1553584997 INTRODUCE 35 10971
SEND 1553584997 INTRODUCE 35 13374
SEND 1553584997 INTRODUCE 35 10947
SEND 1553584997 INTRODUCE 35 12896
SEND 1553584997 INTRODUCE 35 12838
SEND 1553584997 INTRODUCE 35 12148
SEND 1553584997 INTRODUCE 35 13075
SEND 1553584997 INTRODUCE 35 11122
SEND 1553584997 INTRODUCE 35 11751
SEND 1553584997 INTRODUCE 35 14301
SEND 1553584997 JOIN 32 10973
RECIEVED 1553584997 INTRODUCE 35 34 0
SEND 1553584997 INTRODUCE 35 15635
SEND 1553584997 INTRODUCE 35 12389
SEND 1553584997 INTRODUCE 35 43039
SEND 1553584997 INTRODUCE 35 16636
SEND 1553584997 INTRODUCE 35 15136
SEND 1553584997 INTRODUCE 35 18529
SEND 1553584997 INTRODUCE 35 15006
SEND 1553584997 INTRODUCE 35 13307
SEND 1553584997 INTRODUCE 35 13945
SEND 1553584997 INTRODUCE 35 13930
SEND 1553584997 INTRODUCE 35 13406
SEND 1553584997 INTRODUCE 35 16847
SEND 1553584997 INTRODUCE 35 12472
SEND 1553584997 INTRODUCE 35 17256
SEND 1553584997 INTRODUCE 35 17020
SEND 1553584997 INTRODUCE 35 16161
SEND 1553584997 INTRODUCE 35 17222
SEND 1553584997 INTRODUCE 35 13437
SEND 1553584997 INTRODUCE 35 14381
SEND 1553584997 INTRODUCE 35 18039
SEND 1553584997 INTRODUCE 35 35309
SEND 1553584997 INTRODUCE 35 12343
SEND 1553584997 INTRODUCE 35 12788
SEND 1553584997 INTRODUCE 35 12471
SEND 1553584997 INTRODUCE 35 12249
SEND 1553584997 INTRODUCE 35 14539
SEND 1553584997 INTRODUCE 35 16324
SEND 1553584997 INTRODUCE 35 12479
SEND 1553584997 INTRODUCE 35 11837
SEND 1553584997 INTRODUCE 35 20586
SEND 1553584997 INTRODUCE 35 73761
SEND 1553584997 INTRODUCE 35 24735
SEND 1553584997 INTRODUCE 35 21672
SEND 1553584997 INTRODUCE 35 12437
SEND 1553584997 JOIN 32 18142
RECIEVED 1553584997 INTRODUCE 36 35 0
SEND 1553584997 INTRODUCE 36 13117
SEND 1553584997 INTRODUCE 36 13600
SEND 1553584997 INTRODUCE 36 11427
SEND 1553584997 INTRODUCE 36 17215
SEND 1553584997 INTRODUCE 36 11158
SEND 1553584997 INTRODUCE 36 15903
SEND 1553584997 INTRODUCE 36 16620
SEND 1553584997 INTRODUCE 36 10269
SEND 1553584997 INTRODUCE 36 10726
SEND 1553584997 INTRODUCE 36 11750
SEND 1553584997 INTRODUCE 36 11750
SEND 1553584997 INTRODUCE 36 11971
SEND 1553584997 INTRODUCE 36 13732
SEND 1553584997 INTRODUCE 36 11061
SEND 1553584997 INTRODUCE 36 10013
SEND 1553584997 INTRODUCE 36 17444
SEND 1553584997 INTRODUCE 36 12790
SEND 1553584997 INTRODUCE 36 13637
SEND 1553584997 INTRODUCE 36 11431
# recieved string JOIN node7 172.22.156.208 8007

SEND 1553584997 INTRODUCE 36 13787
SEND 1553584997 INTRODUCE 36 12360
SEND 1553584997 INTRODUCE 36 14441
SEND 1553584997 INTRODUCE 36 17881
SEND 1553584997 INTRODUCE 36 11933
SEND 1553584997 INTRODUCE 36 16736
SEND 1553584997 INTRODUCE 36 15151
SEND 1553584997 INTRODUCE 36 20453
SEND 1553584997 INTRODUCE 36 12340
SEND 1553584997 INTRODUCE 36 16538
SEND 1553584997 INTRODUCE 36 15483
SEND 1553584997 INTRODUCE 36 12335
SEND 1553584997 INTRODUCE 36 11920
SEND 1553584997 INTRODUCE 36 13740
# recieved string JOIN node9 172.22.156.206 8009

SEND 1553584997 INTRODUCE 36 12607
SEND 1553584997 INTRODUCE 36 12046
SEND 1553584997 JOIN 32 12292
RECIEVED 1553584997 INTRODUCE 36 36 0
SEND 1553584997 INTRODUCE 36 11333
SEND 1553584997 INTRODUCE 36 12806
SEND 1553584997 INTRODUCE 36 15063
SEND 1553584997 INTRODUCE 36 12449
SEND 1553584997 INTRODUCE 36 19550
SEND 1553584997 INTRODUCE 36 11869
SEND 1553584997 INTRODUCE 36 16801
SEND 1553584997 INTRODUCE 36 10956
SEND 1553584997 INTRODUCE 36 16256
SEND 1553584997 INTRODUCE 36 16371
SEND 1553584997 INTRODUCE 36 11001
SEND 1553584997 INTRODUCE 36 11229
SEND 1553584997 INTRODUCE 36 12824
SEND 1553584997 INTRODUCE 36 11699
SEND 1553584997 INTRODUCE 36 12971
SEND 1553584997 INTRODUCE 36 11330
SEND 1553584997 INTRODUCE 36 13041
SEND 1553584997 INTRODUCE 36 10746
SEND 1553584997 INTRODUCE 36 16678
SEND 1553584997 INTRODUCE 36 14766
SEND 1553584997 INTRODUCE 36 16927
SEND 1553584997 INTRODUCE 36 10821
SEND 1553584997 INTRODUCE 36 14516
SEND 1553584997 INTRODUCE 36 15612
SEND 1553584997 INTRODUCE 36 10260
SEND 1553584997 INTRODUCE 36 17446
SEND 1553584997 INTRODUCE 36 11721
SEND 1553584997 INTRODUCE 36 18333
SEND 1553584997 INTRODUCE 36 16283
SEND 1553584997 INTRODUCE 36 11625
SEND 1553584997 INTRODUCE 36 15320
SEND 1553584997 INTRODUCE 36 11351
SEND 1553584997 INTRODUCE 36 12624
SEND 1553584997 INTRODUCE 36 11687
SEND 1553584997 INTRODUCE 36 75535
SEND 1553584997 INTRODUCE 36 15113
SEND 1553584997 JOIN 32 15248
RECIEVED 1553584997 INTRODUCE 36 37 0
SEND 1553584997 INTRODUCE 36 15298
SEND 1553584997 INTRODUCE 36 21335
SEND 1553584997 INTRODUCE 36 11850
SEND 1553584997 INTRODUCE 36 10176
SEND 1553584997 INTRODUCE 36 38262
SEND 1553584997 INTRODUCE 36 17202
SEND 1553584997 INTRODUCE 36 14696
SEND 1553584997 INTRODUCE 36 12502
SEND 1553584997 INTRODUCE 36 18272
SEND 1553584997 INTRODUCE 36 11904
SEND 1553584997 INTRODUCE 36 17045
SEND 1553584997 INTRODUCE 36 18340
SEND 1553584997 INTRODUCE 36 11064
SEND 1553584997 INTRODUCE 36 15557
SEND 1553584997 INTRODUCE 36 16024
SEND 1553584997 INTRODUCE 36 11972
SEND 1553584997 INTRODUCE 36 11346
SEND 1553584997 INTRODUCE 36 31244
SEND 1553584997 INTRODUCE 36 17306
SEND 1553584997 INTRODUCE 36 11405
SEND 1553584997 INTRODUCE 36 19472
SEND 1553584997 INTRODUCE 36 13139
SEND 1553584997 INTRODUCE 36 17005
SEND 1553584997 INTRODUCE 36 17288
SEND 1553584997 INTRODUCE 36 16485
SEND 1553584997 INTRODUCE 36 10917
SEND 1553584997 INTRODUCE 36 14569
SEND 1553584997 INTRODUCE 36 13797
SEND 1553584997 INTRODUCE 36 12039
SEND 1553584997 INTRODUCE 36 17309
SEND 1553584997 INTRODUCE 36 11689
SEND 1553584997 INTRODUCE 36 12443
SEND 1553584997 INTRODUCE 36 12381
SEND 1553584997 INTRODUCE 36 12698
SEND 1553584997 INTRODUCE 36 20049
SEND 1553584997 INTRODUCE 36 19649
SEND 1553584997 INTRODUCE 36 16747
SEND 1553584997 JOIN 32 17574
RECIEVED 1553584997 INTRODUCE 36 38 0
SEND 1553584997 INTRODUCE 36 14106
SEND 1553584997 INTRODUCE 36 30243
SEND 1553584997 INTRODUCE 36 40274
SEND 1553584997 INTRODUCE 36 12247
SEND 1553584997 INTRODUCE 36 13695
SEND 1553584997 INTRODUCE 36 15938
SEND 1553584997 INTRODUCE 36 12093
SEND 1553584997 INTRODUCE 36 14724
SEND 1553584997 INTRODUCE 36 11007
SEND 1553584997 INTRODUCE 36 23024
SEND 1553584997 INTRODUCE 36 15855
SEND 1553584997 INTRODUCE 36 20017
SEND 1553584997 INTRODUCE 36 15320
SEND 1553584997 INTRODUCE 36 16061
SEND 1553584997 INTRODUCE 36 12514
SEND 1553584997 INTRODUCE 36 11211
SEND 1553584997 INTRODUCE 36 11496
SEND 1553584997 INTRODUCE 36 13967
SEND 1553584997 INTRODUCE 36 17558
SEND 1553584997 INTRODUCE 36 17299
SEND 1553584997 INTRODUCE 36 11482
SEND 1553584997 INTRODUCE 36 37171
SEND 1553584997 INTRODUCE 36 16967
SEND 1553584997 INTRODUCE 36 16618
SEND 1553584997 INTRODUCE 36 15994
SEND 1553584997 INTRODUCE 36 15971
SEND 1553584997 INTRODUCE 36 11303
SEND 1553584997 INTRODUCE 36 15224
SEND 1553584997 INTRODUCE 36 16709
SEND 1553584997 INTRODUCE 36 13459
SEND 1553584997 INTRODUCE 36 9941
SEND 1553584997 INTRODUCE 36 12305
SEND 1553584997 INTRODUCE 36 12223
SEND 1553584997 INTRODUCE 36 12082
SEND 1553584997 INTRODUCE 36 13942
SEND 1553584997 INTRODUCE 36 11612
SEND 1553584997 INTRODUCE 36 16806
SEND 1553584997 INTRODUCE 36 16951
SEND 1553584997 JOIN 32 17074
RECIEVED 1553584997 INTRODUCE 36 39 0
SEND 1553584997 INTRODUCE 36 17707
SEND 1553584997 INTRODUCE 36 11361
SEND 1553584997 INTRODUCE 36 17212
SEND 1553584997 INTRODUCE 36 16135
SEND 1553584997 INTRODUCE 36 16020
SEND 1553584997 INTRODUCE 36 16268
SEND 1553584997 INTRODUCE 36 14739
SEND 1553584997 INTRODUCE 36 19328
SEND 1553584997 INTRODUCE 36 18125
SEND 1553584997 INTRODUCE 36 10234
SEND 1553584997 INTRODUCE 36 14524
SEND 1553584997 INTRODUCE 36 14164
SEND 1553584997 INTRODUCE 36 12740
SEND 1553584997 INTRODUCE 36 12709
SEND 1553584997 INTRODUCE 36 16829
SEND 1553584997 INTRODUCE 36 16411
SEND 1553584997 INTRODUCE 36 10965
SEND 1553584997 INTRODUCE 36 14784
SEND 1553584997 INTRODUCE 36 12791
SEND 1553584997 INTRODUCE 36 12763
SEND 1553584997 INTRODUCE 36 17744
SEND 1553584997 INTRODUCE 36 16902
SEND 1553584997 INTRODUCE 36 18169
SEND 1553584997 INTRODUCE 36 14982
SEND 1553584997 INTRODUCE 36 11895
SEND 1553584997 INTRODUCE 36 16657
SEND 1553584997 INTRODUCE 36 11743
SEND 1553584997 INTRODUCE 36 12202
SEND 1553584997 INTRODUCE 36 30143
SEND 1553584997 INTRODUCE 36 11915
SEND 1553584997 INTRODUCE 36 14247
SEND 1553584997 INTRODUCE 36 14010
SEND 1553584997 INTRODUCE 36 13602
SEND 1553584997 INTRODUCE 36 14728
SEND 1553584997 INTRODUCE 36 13154
SEND 1553584997 INTRODUCE 36 13183
SEND 1553584997 INTRODUCE 36 13921
SEND 1553584997 INTRODUCE 36 12523
SEND 1553584997 INTRODUCE 36 12000
SEND 1553584997 JOIN 32 12458
RECIEVED 1553584997 INTRODUCE 36 40 0
RECIEVED 1553584997 INTRODUCE 36 40 0
RECIEVED 1553584997 INTRODUCE 37 40 0
RECIEVED 1553584997 INTRODUCE 36 40 0
RECIEVED 1553584997 INTRODUCE 36 40 0
RECIEVED 1553584997 INTRODUCE 36 40 0
RECIEVED 1553584997 INTRODUCE 36 40 0
RECIEVED 1553584997 INTRODUCE 35 40 0
RECIEVED 1553584997 INTRODUCE 37 40 0
SEND 1553584997 INTRODUCE 37 14502
SEND 1553584997 INTRODUCE 37 15022
SEND 1553584997 INTRODUCE 37 15338
SEND 1553584997 INTRODUCE 37 15686
SEND 1553584997 INTRODUCE 37 15538
SEND 1553584997 INTRODUCE 37 12285
SEND 1553584997 INTRODUCE 37 12802
SEND 1553584997 INTRODUCE 37 19154
SEND 1553584997 INTRODUCE 37 14899
SEND 1553584997 INTRODUCE 37 16330
SEND 1553584997 INTRODUCE 37 16814
SEND 1553584997 INTRODUCE 37 18047
SEND 1553584997 INTRODUCE 37 16260
SEND 1553584997 INTRODUCE 37 12474
SEND 1553584997 INTRODUCE 37 16553
SEND 1553584997 INTRODUCE 37 13388
SEND 1553584997 INTRODUCE 37 11283
SEND 1553584997 INTRODUCE 37 13020
SEND 1553584997 INTRODUCE 37 13830
SEND 1553584997 INTRODUCE 37 20770
SEND 1553584997 INTRODUCE 37 17002
SEND 1553584997 INTRODUCE 37 12213
SEND 1553584997 INTRODUCE 37 14195
SEND 1553584997 INTRODUCE 37 58449
SEND 1553584997 INTRODUCE 37 12570
SEND 1553584997 INTRODUCE 37 17247
SEND 1553584997 INTRODUCE 37 12282
SEND 1553584997 INTRODUCE 37 15520
SEND 1553584997 INTRODUCE 37 16807
SEND 1553584997 INTRODUCE 37 16535
SEND 1553584997 INTRODUCE 37 13120
SEND 1553584997 INTRODUCE 37 13215
SEND 1553584997 INTRODUCE 37 11983
SEND 1553584997 INTRODUCE 37 12387
SEND 1553584997 INTRODUCE 37 15579
SEND 1553584997 INTRODUCE 37 16502
SEND 1553584997 INTRODUCE 37 14243
SEND 1553584997 INTRODUCE 37 16720
SEND 1553584997 INTRODUCE 37 12397
SEND 1553584997 INTRODUCE 37 12069
SEND 1553584997 JOIN 32 19199
RECIEVED 1553584997 INTRODUCE 37 41 0
RECIEVED 1553584997 INTRODUCE 36 41 0
RECIEVED 1553584997 INTRODUCE 36 41 0
RECIEVED 1553584997 INTRODUCE 36 41 0
RECIEVED 1553584997 INTRODUCE 35 41 0
RECIEVED 1553584997 INTRODUCE 37 41 0
SEND 1553584997 INTRODUCE 37 14092
SEND 1553584997 INTRODUCE 37 13617
SEND 1553584997 INTRODUCE 37 14422
SEND 1553584997 INTRODUCE 37 14835
SEND 1553584997 INTRODUCE 37 16337
SEND 1553584997 INTRODUCE 37 12022
SEND 1553584997 INTRODUCE 37 12723
SEND 1553584997 INTRODUCE 37 16560
SEND 1553584997 INTRODUCE 37 11792
SEND 1553584997 INTRODUCE 37 16175
SEND 1553584997 INTRODUCE 37 15504
SEND 1553584997 INTRODUCE 37 20810
SEND 1553584997 INTRODUCE 37 16244
SEND 1553584997 INTRODUCE 37 14339
SEND 1553584997 INTRODUCE 37 16416
SEND 1553584997 INTRODUCE 37 16640
SEND 1553584997 INTRODUCE 37 16947
SEND 1553584997 INTRODUCE 37 11419
SEND 1553584997 INTRODUCE 37 34929
SEND 1553584997 INTRODUCE 37 15364
SEND 1553584997 INTRODUCE 37 14120
SEND 1553584997 INTRODUCE 37 13264
SEND 1553584997 INTRODUCE 37 11944
SEND 1553584997 INTRODUCE 37 15196
SEND 1553584997 INTRODUCE 37 17663
SEND 1553584997 INTRODUCE 37 18845
SEND 1553584997 INTRODUCE 37 17293
SEND 1553584997 INTRODUCE 37 19284
SEND 1553584997 INTRODUCE 37 14765
SEND 1553584997 INTRODUCE 37 12075
SEND 1553584997 INTRODUCE 37 16743
SEND 1553584997 INTRODUCE 37 11914
SEND 1553584997 INTRODUCE 37 12175
SEND 1553584997 INTRODUCE 37 12102
SEND 1553584997 INTRODUCE 37 14265
SEND 1553584997 INTRODUCE 37 11716
SEND 1553584997 INTRODUCE 37 11655
SEND 1553584997 INTRODUCE 37 12351
SEND 1553584997 INTRODUCE 37 12145
SEND 1553584997 INTRODUCE 37 16559
SEND 1553584997 INTRODUCE 37 17110
SEND 1553584997 JOIN 32 29555
RECIEVED 1553584997 INTRODUCE 36 42 0
RECIEVED 1553584997 INTRODUCE 36 42 0
RECIEVED 1553584997 INTRODUCE 35 42 0
RECIEVED 1553584997 INTRODUCE 35 42 0
SEND 1553584997 INTRODUCE 35 13756
SEND 1553584997 INTRODUCE 35 11267
SEND 1553584997 INTRODUCE 35 11507
SEND 1553584997 INTRODUCE 35 11238
SEND 1553584997 INTRODUCE 35 19562
SEND 1553584997 INTRODUCE 35 13212
SEND 1553584997 INTRODUCE 35 12717
SEND 1553584997 INTRODUCE 35 17766
SEND 1553584997 INTRODUCE 35 16189
SEND 1553584997 INTRODUCE 35 16680
SEND 1553584997 INTRODUCE 35 16480
SEND 1553584997 INTRODUCE 35 16342
SEND 1553584997 INTRODUCE 35 11232
SEND 1553584997 INTRODUCE 35 11003
SEND 1553584997 INTRODUCE 35 15049
SEND 1553584997 INTRODUCE 35 16584
SEND 1553584997 INTRODUCE 35 11468
SEND 1553584997 INTRODUCE 35 12161
SEND 1553584997 INTRODUCE 35 15370
SEND 1553584997 INTRODUCE 35 12717
SEND 1553584997 INTRODUCE 35 10950
SEND 1553584997 INTRODUCE 35 11863
SEND 1553584997 INTRODUCE 35 12424
SEND 1553584997 INTRODUCE 35 12935
SEND 1553584997 INTRODUCE 35 14499
SEND 1553584997 INTRODUCE 35 14759
SEND 1553584997 INTRODUCE 35 12271
SEND 1553584997 INTRODUCE 35 12207
SEND 1553584997 INTRODUCE 35 16671
SEND 1553584997 INTRODUCE 35 11271
SEND 1553584997 INTRODUCE 35 17018
SEND 1553584997 INTRODUCE 35 11338
SEND 1553584997 INTRODUCE 35 14444
SEND 1553584997 INTRODUCE 35 16396
SEND 1553584997 INTRODUCE 35 9772
SEND 1553584997 INTRODUCE 35 15257
SEND 1553584997 INTRODUCE 35 16870
SEND 1553584997 INTRODUCE 35 16719
SEND 1553584997 INTRODUCE 35 22563
# recieved string JOIN node13 172.22.156.206 8013

SEND 1553584997 INTRODUCE 35 12479
SEND 1553584997 INTRODUCE 35 18341
SEND 1553584997 INTRODUCE 35 11728
SEND 1553584997 JOIN 32 12540
RECIEVED 1553584997 INTRODUCE 35 43 0
RECIEVED 1553584997 INTRODUCE 35 43 0
RECIEVED 1553584997 INTRODUCE 37 43 0
RECIEVED 1553584997 INTRODUCE 37 43 0
SEND 1553584997 INTRODUCE 37 16112
SEND 1553584997 INTRODUCE 37 15255
SEND 1553584997 INTRODUCE 37 11204
SEND 1553584997 INTRODUCE 37 35956
SEND 1553584997 INTRODUCE 37 11336
SEND 1553584997 INTRODUCE 37 13686
SEND 1553584997 INTRODUCE 37 14288
SEND 1553584997 INTRODUCE 37 11207
SEND 1553584997 INTRODUCE 37 20374
SEND 1553584997 INTRODUCE 37 11413
SEND 1553584997 INTRODUCE 37 22457
SEND 1553584997 INTRODUCE 37 10894
SEND 1553584997 INTRODUCE 37 12164
SEND 1553584997 INTRODUCE 37 18095
SEND 1553584997 INTRODUCE 37 12264
SEND 1553584997 INTRODUCE 37 11766
SEND 1553584997 INTRODUCE 37 17717
SEND 1553584997 INTRODUCE 37 63741
SEND 1553584997 INTRODUCE 37 48501
SEND 1553584997 INTRODUCE 37 18537
SEND 1553584997 INTRODUCE 37 13884
SEND 1553584997 INTRODUCE 37 13202
SEND 1553584997 INTRODUCE 37 18676
SEND 1553584997 INTRODUCE 37 17491
SEND 1553584997 INTRODUCE 37 14986
SEND 1553584997 INTRODUCE 37 16054
SEND 1553584997 INTRODUCE 37 14394
SEND 1553584997 INTRODUCE 37 16710
SEND 1553584997 INTRODUCE 37 16876
SEND 1553584997 INTRODUCE 37 14077
SEND 1553584997 INTRODUCE 37 17782
SEND 1553584997 INTRODUCE 37 13530
SEND 1553584997 INTRODUCE 37 13161
SEND 1553584997 INTRODUCE 37 12240
SEND 1553584997 INTRODUCE 37 19223
SEND 1553584997 INTRODUCE 37 14251
SEND 1553584997 INTRODUCE 37 13677
SEND 1553584997 INTRODUCE 37 13647
SEND 1553584997 INTRODUCE 37 12373
SEND 1553584997 INTRODUCE 37 10212
SEND 1553584997 INTRODUCE 37 13718
SEND 1553584997 INTRODUCE 37 13672
SEND 1553584997 INTRODUCE 37 16982
SEND 1553584997 JOIN 32 11655
RECIEVED 1553584997 INTRODUCE 36 44 0
RECIEVED 1553584997 INTRODUCE 37 44 0
RECIEVED 1553584997 INTRODUCE 36 44 0
RECIEVED 1553584997 INTRODUCE 37 44 0
RECIEVED 1553584997 INTRODUCE 36 44 0
SEND 1553584997 INTRODUCE 36 17132
SEND 1553584997 INTRODUCE 36 11495
SEND 1553584997 INTRODUCE 36 17380
SEND 1553584997 INTRODUCE 36 14025
SEND 1553584997 INTRODUCE 36 15493
SEND 1553584997 INTRODUCE 36 16216
SEND 1553584997 INTRODUCE 36 11130
SEND 1553584997 INTRODUCE 36 11672
SEND 1553584997 INTRODUCE 36 15320
SEND 1553584997 INTRODUCE 36 11993
SEND 1553584997 INTRODUCE 36 10144
SEND 1553584997 INTRODUCE 36 15632
SEND 1553584997 INTRODUCE 36 10565
SEND 1553584997 INTRODUCE 36 12586
SEND 1553584997 INTRODUCE 36 11138
SEND 1553584997 INTRODUCE 36 15728
SEND 1553584997 INTRODUCE 36 14910
SEND 1553584997 INTRODUCE 36 10903
SEND 1553584997 INTRODUCE 36 10608
SEND 1553584997 INTRODUCE 36 15635
SEND 1553584997 INTRODUCE 36 9813
SEND 1553584997 INTRODUCE 36 14016
SEND 1553584997 INTRODUCE 36 10416
SEND 1553584997 INTRODUCE 36 15095
SEND 1553584997 INTRODUCE 36 15064
SEND 1553584997 INTRODUCE 36 15664
SEND 1553584997 INTRODUCE 36 12173
SEND 1553584997 INTRODUCE 36 12494
SEND 1553584997 INTRODUCE 36 34465
SEND 1553584997 INTRODUCE 36 12260
SEND 1553584997 INTRODUCE 36 12595
SEND 1553584997 INTRODUCE 36 11156
SEND 1553584997 INTRODUCE 36 20159
SEND 1553584997 INTRODUCE 36 13497
SEND 1553584997 INTRODUCE 36 12135
SEND 1553584997 INTRODUCE 36 11226
SEND 1553584997 INTRODUCE 36 23020
SEND 1553584997 INTRODUCE 36 12356
SEND 1553584997 INTRODUCE 36 17789
SEND 1553584997 INTRODUCE 36 15345
SEND 1553584997 INTRODUCE 36 11606
SEND 1553584997 INTRODUCE 36 16160
SEND 1553584997 INTRODUCE 36 9503
SEND 1553584997 INTRODUCE 36 14624
SEND 1553584997 JOIN 32 15020
RECIEVED 1553584997 INTRODUCE 36 45 0
SEND 1553584997 INTRODUCE 36 13813
SEND 1553584997 INTRODUCE 36 14381
SEND 1553584997 INTRODUCE 36 11801
SEND 1553584997 INTRODUCE 36 12080
SEND 1553584997 INTRODUCE 36 12671
SEND 1553584997 INTRODUCE 36 12317
SEND 1553584997 INTRODUCE 36 24365
SEND 1553584997 INTRODUCE 36 12869
SEND 1553584997 INTRODUCE 36 17660
SEND 1553584997 INTRODUCE 36 15743
SEND 1553584997 INTRODUCE 36 47204
SEND 1553584997 INTRODUCE 36 17011
SEND 1553584997 INTRODUCE 36 12581
SEND 1553584997 INTRODUCE 36 18427
SEND 1553584997 INTRODUCE 36 17382
SEND 1553584997 INTRODUCE 36 215337
SEND 1553584997 INTRODUCE 36 12200
SEND 1553584997 INTRODUCE 36 16823
SEND 1553584997 INTRODUCE 36 11616
SEND 1553584997 INTRODUCE 36 12714
SEND 1553584997 INTRODUCE 36 11742
SEND 1553584997 INTRODUCE 36 11991
SEND 1553584997 INTRODUCE 36 11986
SEND 1553584997 INTRODUCE 36 10907
SEND 1553584997 INTRODUCE 36 11575
SEND 1553584997 INTRODUCE 36 11194
SEND 1553584997 INTRODUCE 36 15191
SEND 1553584997 INTRODUCE 36 11300
SEND 1553584997 INTRODUCE 36 15840
SEND 1553584997 INTRODUCE 36 16218
SEND 1553584997 INTRODUCE 36 15828
SEND 1553584997 INTRODUCE 36 11385
SEND 1553584997 INTRODUCE 36 13300
SEND 1553584997 INTRODUCE 36 12014
SEND 1553584997 INTRODUCE 36 22454
SEND 1553584997 INTRODUCE 36 20346
SEND 1553584997 INTRODUCE 36 12476
SEND 1553584997 INTRODUCE 36 10400
SEND 1553584997 INTRODUCE 36 11312
SEND 1553584997 INTRODUCE 36 17204
SEND 1553584997 INTRODUCE 36 14476
SEND 1553584997 INTRODUCE 36 26722
SEND 1553584997 INTRODUCE 36 11763
SEND 1553584997 INTRODUCE 36 11575
SEND 1553584997 INTRODUCE 36 13245
SEND 1553584997 JOIN 32 11909
RECIEVED 1553584997 INTRODUCE 37 46 0
RECIEVED 1553584997 INTRODUCE 36 46 0
RECIEVED 1553584997 INTRODUCE 36 46 0
RECIEVED 1553584997 INTRODUCE 36 46 0
RECIEVED 1553584997 INTRODUCE 37 46 0
RECIEVED 1553584997 INTRODUCE 36 46 0
RECIEVED 1553584997 INTRODUCE 36 46 0
SEND 1553584997 INTRODUCE 36 19038
SEND 1553584997 INTRODUCE 36 12785
SEND 1553584997 INTRODUCE 36 19240
SEND 1553584997 INTRODUCE 36 12716
SEND 1553584997 INTRODUCE 36 16104
SEND 1553584997 INTRODUCE 36 11576
SEND 1553584997 INTRODUCE 36 13032
SEND 1553584997 INTRODUCE 36 15634
SEND 1553584997 INTRODUCE 36 59888
SEND 1553584997 INTRODUCE 36 12399
SEND 1553584997 INTRODUCE 36 18536
SEND 1553584997 INTRODUCE 36 10497
SEND 1553584997 INTRODUCE 36 16056
SEND 1553584997 INTRODUCE 36 16085
SEND 1553584997 INTRODUCE 36 16920
SEND 1553584997 INTRODUCE 36 11589
SEND 1553584997 INTRODUCE 36 11856
SEND 1553584997 INTRODUCE 36 48819
SEND 1553584997 INTRODUCE 36 40299
SEND 1553584997 INTRODUCE 36 17198
SEND 1553584997 INTRODUCE 36 12188
SEND 1553584997 INTRODUCE 36 17282
SEND 1553584997 INTRODUCE 36 16283
SEND 1553584997 INTRODUCE 36 16837
SEND 1553584997 INTRODUCE 36 16815
SEND 1553584997 INTRODUCE 36 11529
SEND 1553584997 INTRODUCE 36 11307
SEND 1553584997 INTRODUCE 36 9429
SEND 1553584997 INTRODUCE 36 14519
SEND 1553584997 INTRODUCE 36 16898
SEND 1553584997 INTRODUCE 36 13091
SEND 1553584997 INTRODUCE 36 15955
SEND 1553584997 INTRODUCE 36 12266
SEND 1553584997 INTRODUCE 36 13256
SEND 1553584997 INTRODUCE 36 19048
SEND 1553584997 INTRODUCE 36 15449
SEND 1553584997 INTRODUCE 36 40887
SEND 1553584997 INTRODUCE 36 13551
SEND 1553584997 INTRODUCE 36 12675
SEND 1553584997 INTRODUCE 36 12585
SEND 1553584997 INTRODUCE 36 20187
SEND 1553584997 INTRODUCE 36 18198
SEND 1553584997 INTRODUCE 36 17262
SEND 1553584997 INTRODUCE 36 15795
SEND 1553584997 INTRODUCE 36 17328
SEND 1553584997 INTRODUCE 36 15214
SEND 1553584997 JOIN 32 17711
RECIEVED 1553584997 INTRODUCE 35 47 0
RECIEVED 1553584997 INTRODUCE 35 47 0
SEND 1553584997 INTRODUCE 35 13585
SEND 1553584997 INTRODUCE 35 12170
SEND 1553584997 INTRODUCE 35 12400
SEND 1553584997 INTRODUCE 35 12161
SEND 1553584997 INTRODUCE 35 12714
SEND 1553584997 INTRODUCE 35 13972
SEND 1553584997 INTRODUCE 35 13199
SEND 1553584997 INTRODUCE 35 16268
SEND 1553584997 INTRODUCE 35 16276
SEND 1553584997 INTRODUCE 35 196487
SEND 1553584997 INTRODUCE 35 12408
SEND 1553584997 INTRODUCE 35 20391
SEND 1553584997 INTRODUCE 35 14917
SEND 1553584997 INTRODUCE 35 18698
SEND 1553584997 INTRODUCE 35 11811
SEND 1553584997 INTRODUCE 35 16276
SEND 1553584997 INTRODUCE 35 13294
# recieved string JOIN node17 172.22.156.206 8017

SEND 1553584997 INTRODUCE 35 13345
SEND 1553584997 INTRODUCE 35 17098
SEND 1553584997 INTRODUCE 35 10550
SEND 1553584997 INTRODUCE 35 15785
SEND 1553584997 INTRODUCE 35 12388
SEND 1553584997 INTRODUCE 35 12204
SEND 1553584997 INTRODUCE 35 17621
SEND 1553584997 INTRODUCE 35 12053
SEND 1553584997 INTRODUCE 35 13851
SEND 1553584997 INTRODUCE 35 33667
SEND 1553584997 INTRODUCE 35 12474
SEND 1553584997 INTRODUCE 35 12261
SEND 1553584997 INTRODUCE 35 13720
SEND 1553584997 INTRODUCE 35 13644
SEND 1553584997 INTRODUCE 35 11035
SEND 1553584997 INTRODUCE 35 42585
SEND 1553584997 INTRODUCE 35 15528
SEND 1553584997 INTRODUCE 35 12373
SEND 1553584997 INTRODUCE 35 14529
SEND 1553584997 INTRODUCE 35 11459
SEND 1553584997 INTRODUCE 35 16792
SEND 1553584997 INTRODUCE 35 12986
SEND 1553584997 INTRODUCE 35 16298
SEND 1553584997 INTRODUCE 35 16034
SEND 1553584997 INTRODUCE 35 35056
SEND 1553584997 INTRODUCE 35 17164
SEND 1553584997 INTRODUCE 35 15460
SEND 1553584997 INTRODUCE 35 12434
SEND 1553584997 INTRODUCE 35 11217
SEND 1553584997 INTRODUCE 35 12339
SEND 1553584997 JOIN 32 11517
RECIEVED 1553584997 INTRODUCE 36 48 0
SEND 1553584997 INTRODUCE 36 15574
SEND 1553584997 INTRODUCE 36 13335
SEND 1553584997 INTRODUCE 36 13209
SEND 1553584997 INTRODUCE 36 12238
SEND 1553584997 INTRODUCE 36 11969
SEND 1553584997 INTRODUCE 36 14211
SEND 1553584997 INTRODUCE 36 14926
SEND 1553584997 INTRODUCE 36 12149
SEND 1553584997 INTRODUCE 36 15251
SEND 1553584997 INTRODUCE 36 12277
SEND 1553584997 INTRODUCE 36 12363
SEND 1553584997 INTRODUCE 36 16830
SEND 1553584997 INTRODUCE 36 15429
SEND 1553584997 INTRODUCE 36 12922
SEND 1553584997 INTRODUCE 36 17362
SEND 1553584997 INTRODUCE 36 16617
SEND 1553584997 INTRODUCE 36 12696
SEND 1553584997 INTRODUCE 36 17258
SEND 1553584997 INTRODUCE 36 12510
SEND 1553584997 INTRODUCE 36 13074
SEND 1553584997 INTRODUCE 36 40619
SEND 1553584997 INTRODUCE 36 13249
SEND 1553584997 INTRODUCE 36 12905
SEND 1553584997 INTRODUCE 36 17275
SEND 1553584997 INTRODUCE 36 12975
SEND 1553584997 INTRODUCE 36 12078
SEND 1553584997 INTRODUCE 36 18953
SEND 1553584997 INTRODUCE 36 13242
SEND 1553584997 INTRODUCE 36 42834
SEND 1553584997 INTRODUCE 36 15144
SEND 1553584997 INTRODUCE 36 14138
SEND 1553584997 INTRODUCE 36 24147
SEND 1553584997 INTRODUCE 36 12013
SEND 1553584997 INTRODUCE 36 16859
SEND 1553584997 INTRODUCE 36 12691
SEND 1553584997 INTRODUCE 36 19019
SEND 1553584997 INTRODUCE 36 11946
SEND 1553584997 INTRODUCE 36 11852
SEND 1553584997 INTRODUCE 36 16696
SEND 1553584997 INTRODUCE 36 28861
SEND 1553584997 INTRODUCE 36 46083
SEND 1553584997 INTRODUCE 36 14132
SEND 1553584997 INTRODUCE 36 34663
SEND 1553584997 INTRODUCE 36 12005
SEND 1553584997 INTRODUCE 36 22207
SEND 1553584997 INTRODUCE 36 12475
SEND 1553584997 INTRODUCE 36 15646
SEND 1553584997 INTRODUCE 36 17036
SEND 1553584997 JOIN 32 18433
RECIEVED 1553584997 INTRODUCE 36 49 0
RECIEVED 1553584997 INTRODUCE 36 49 0
RECIEVED 1553584997 INTRODUCE 35 49 0
RECIEVED 1553584997 INTRODUCE 37 49 0
RECIEVED 1553584997 INTRODUCE 36 49 0
SEND 1553584997 INTRODUCE 36 20997
SEND 1553584997 INTRODUCE 36 13709
SEND 1553584997 INTRODUCE 36 15020
SEND 1553584997 INTRODUCE 36 11656
SEND 1553584997 INTRODUCE 36 43039
SEND 1553584997 INTRODUCE 36 15982
SEND 1553584997 INTRODUCE 36 16413
SEND 1553584997 INTRODUCE 36 16720
SEND 1553584997 INTRODUCE 36 17193
SEND 1553584997 INTRODUCE 36 20416
SEND 1553584997 INTRODUCE 36 11525
SEND 1553584997 INTRODUCE 36 11834
SEND 1553584997 INTRODUCE 36 15559
# recieved string JOIN node17 172.22.156.208 8017

SEND 1553584997 INTRODUCE 36 19297
SEND 1553584997 INTRODUCE 36 12922
SEND 1553584997 INTRODUCE 36 12758
SEND 1553584997 INTRODUCE 36 15920
SEND 1553584997 INTRODUCE 36 44507
# recieved string JOIN node14 172.22.156.206 8014

SEND 1553584997 INTRODUCE 36 20218
SEND 1553584997 INTRODUCE 36 15275
SEND 1553584997 INTRODUCE 36 12782
SEND 1553584997 INTRODUCE 36 15123
SEND 1553584997 INTRODUCE 36 11575
SEND 1553584997 INTRODUCE 36 12487
SEND 1553584997 INTRODUCE 36 13897
SEND 1553584997 INTRODUCE 36 16684
SEND 1553584997 INTRODUCE 36 28927
SEND 1553584997 INTRODUCE 36 12237
SEND 1553584997 INTRODUCE 36 16250
SEND 1553584997 INTRODUCE 36 13845
SEND 1553584997 INTRODUCE 36 16420
SEND 1553584997 INTRODUCE 36 13107
SEND 1553584997 INTRODUCE 36 37527
SEND 1553584997 INTRODUCE 36 12205
SEND 1553584997 INTRODUCE 36 11553
SEND 1553584997 INTRODUCE 36 23114
SEND 1553584997 INTRODUCE 36 12740
SEND 1553584997 INTRODUCE 36 16074
SEND 1553584997 INTRODUCE 36 12763
SEND 1553584997 INTRODUCE 36 16388
SEND 1553584998 INTRODUCE 36 12888
SEND 1553584998 INTRODUCE 36 38372
SEND 1553584998 INTRODUCE 36 15821
SEND 1553584998 INTRODUCE 36 16704
SEND 1553584998 INTRODUCE 36 11675
SEND 1553584998 INTRODUCE 36 15806
SEND 1553584998 INTRODUCE 36 19101
SEND 1553584998 INTRODUCE 36 14122
SEND 1553584998 INTRODUCE 36 13413
SEND 1553584998 JOIN 32 14885
RECIEVED 1553584998 INTRODUCE 36 50 0
RECIEVED 1553584998 INTRODUCE 37 50 0
RECIEVED 1553584998 INTRODUCE 36 50 0
RECIEVED 1553584998 INTRODUCE 37 50 0
RECIEVED 1553584998 INTRODUCE 36 50 0
RECIEVED 1553584998 INTRODUCE 36 50 0
RECIEVED 1553584998 INTRODUCE 36 50 0
RECIEVED 1553584998 INTRODUCE 37 50 0
RECIEVED 1553584998 INTRODUCE 36 50 0
RECIEVED 1553584998 INTRODUCE 35 50 0
RECIEVED 1553584998 INTRODUCE 37 50 0
RECIEVED 1553584998 INTRODUCE 36 50 0
RECIEVED 1553584998 INTRODUCE 36 50 0
RECIEVED 1553584998 INTRODUCE 36 50 0
RECIEVED 1553584998 INTRODUCE 35 50 0
RECIEVED 1553584998 INTRODUCE 36 50 0
RECIEVED 1553584998 INTRODUCE 35 50 0
RECIEVED 1553584998 INTRODUCE 37 50 0
RECIEVED 1553584998 INTRODUCE 36 50 0
RECIEVED 1553584998 INTRODUCE 36 50 0
RECIEVED 1553584998 INTRODUCE 37 50 0
RECIEVED 1553584998 INTRODUCE 37 50 0
RECIEVED 1553584998 INTRODUCE 35 50 0
RECIEVED 1553584998 INTRODUCE 36 50 0
RECIEVED 1553584998 INTRODUCE 37 50 0
RECIEVED 1553584998 INTRODUCE 36 50 0
RECIEVED 1553584998 INTRODUCE 36 50 0
RECIEVED 1553584998 INTRODUCE 36 50 0
RECIEVED 1553584998 INTRODUCE 36 50 0
RECIEVED 1553584998 INTRODUCE 35 50 0
RECIEVED 1553584998 INTRODUCE 36 50 0
RECIEVED 1553584998 INTRODUCE 35 50 0
RECIEVED 1553584998 INTRODUCE 37 50 0
SEND 1553584998 INTRODUCE 37 14670
SEND 1553584998 INTRODUCE 37 12810
SEND 1553584998 INTRODUCE 37 17756
SEND 1553584998 INTRODUCE 37 30497
SEND 1553584998 INTRODUCE 37 51920
SEND 1553584998 INTRODUCE 37 11755
SEND 1553584998 INTRODUCE 37 16220
SEND 1553584998 INTRODUCE 37 41531
SEND 1553584998 INTRODUCE 37 11315
SEND 1553584998 INTRODUCE 37 16452
SEND 1553584998 INTRODUCE 37 12637
SEND 1553584998 INTRODUCE 37 17438
SEND 1553584998 INTRODUCE 37 16020
SEND 1553584998 INTRODUCE 37 12615
SEND 1553584998 INTRODUCE 37 16827
SEND 1553584998 INTRODUCE 37 17188
SEND 1553584998 INTRODUCE 37 17879
SEND 1553584998 INTRODUCE 37 14800
SEND 1553584998 INTRODUCE 37 16615
SEND 1553584998 INTRODUCE 37 16958
SEND 1553584998 INTRODUCE 37 16513
SEND 1553584998 INTRODUCE 37 26799
SEND 1553584998 INTRODUCE 37 11533
SEND 1553584998 INTRODUCE 37 16359
SEND 1553584998 INTRODUCE 37 18135
SEND 1553584998 INTRODUCE 37 11381
SEND 1553584998 INTRODUCE 37 12203
SEND 1553584998 INTRODUCE 37 15441
SEND 1553584998 INTRODUCE 37 16855
SEND 1553584998 INTRODUCE 37 17634
SEND 1553584998 INTRODUCE 37 11677
SEND 1553584998 INTRODUCE 37 14504
SEND 1553584998 INTRODUCE 37 14291
SEND 1553584998 INTRODUCE 37 12019
SEND 1553584998 INTRODUCE 37 11316
SEND 1553584998 INTRODUCE 37 16798
SEND 1553584998 INTRODUCE 37 11922
SEND 1553584998 INTRODUCE 37 15238
SEND 1553584998 INTRODUCE 37 11447
SEND 1553584998 INTRODUCE 37 17162
SEND 1553584998 INTRODUCE 37 15634
SEND 1553584998 INTRODUCE 37 18244
SEND 1553584998 INTRODUCE 37 17550
SEND 1553584998 INTRODUCE 37 17401
SEND 1553584998 INTRODUCE 37 48700
SEND 1553584998 INTRODUCE 37 13789
SEND 1553584998 INTRODUCE 37 47768
SEND 1553584998 INTRODUCE 37 12253
SEND 1553584998 INTRODUCE 37 12623
SEND 1553584998 INTRODUCE 37 12300
SEND 1553584998 JOIN 32 13300
RECIEVED 1553584998 INTRODUCE 36 51 0
RECIEVED 1553584998 INTRODUCE 35 51 0
RECIEVED 1553584998 INTRODUCE 36 51 0
RECIEVED 1553584998 INTRODUCE 36 51 0
RECIEVED 1553584998 INTRODUCE 36 51 0
RECIEVED 1553584998 JOIN 32 51 0
SEND 1553584998 INTRODUCE 35 13782
SEND 1553584998 INTRODUCE 37 12334
SEND 1553584998 INTRODUCE 36 13420
SEND 1553584998 INTRODUCE 36 11896
SEND 1553584998 INTRODUCE 37 11583
SEND 1553584998 INTRODUCE 35 11498
SEND 1553584998 INTRODUCE 37 11290
SEND 1553584998 INTRODUCE 36 11787
SEND 1553584998 INTRODUCE 37 17158
SEND 1553584998 INTRODUCE 36 12279
SEND 1553584998 INTRODUCE 35 12372
SEND 1553584998 INTRODUCE 36 11722
SEND 1553584998 INTRODUCE 36 12861
SEND 1553584998 INTRODUCE 35 15390
# Failed listening 
%!(EXTRA string=node9)# ERROR: read tcp 172.22.156.208:38734->172.22.156.206:8009: read: connection reset by peer
SEND 1553584998 INTRODUCE 35 16528
SEND 1553584998 INTRODUCE 37 12251
SEND 1553584998 INTRODUCE 36 11326
SEND 1553584998 INTRODUCE 36 10967
SEND 1553584998 INTRODUCE 35 11163
SEND 1553584998 INTRODUCE 36 15733
SEND 1553584998 INTRODUCE 35 16348
SEND 1553584998 INTRODUCE 36 12031
SEND 1553584998 INTRODUCE 36 21000
SEND 1553584998 INTRODUCE 37 30763
SEND 1553584998 INTRODUCE 36 11270
SEND 1553584998 INTRODUCE 36 11206
SEND 1553584998 INTRODUCE 35 10978
SEND 1553584998 INTRODUCE 36 10040
SEND 1553584998 INTRODUCE 35 11949
SEND 1553584998 INTRODUCE 36 15654
SEND 1553584998 INTRODUCE 36 11843
SEND 1553584998 INTRODUCE 36 20384
SEND 1553584998 INTRODUCE 36 11850
SEND 1553584998 INTRODUCE 36 15721
SEND 1553584998 INTRODUCE 36 17853
SEND 1553584998 INTRODUCE 36 11314
SEND 1553584998 INTRODUCE 37 11898
SEND 1553584998 INTRODUCE 37 12267
SEND 1553584998 INTRODUCE 37 16358
SEND 1553584998 INTRODUCE 37 14995
SEND 1553584998 INTRODUCE 37 15806
SEND 1553584998 INTRODUCE 37 10805
SEND 1553584998 INTRODUCE 36 16481
SEND 1553584998 INTRODUCE 36 11858
SEND 1553584998 INTRODUCE 37 15569
SEND 1553584998 INTRODUCE 37 16191
SEND 1553584998 INTRODUCE 36 15372
SEND 1553584998 INTRODUCE 37 14884
SEND 1553584998 INTRODUCE 36 11855
SEND 1553584998 INTRODUCE 35 11193
SEND 1553584998 INTRODUCE 36 11385
RECIEVED 1553584998 INTRODUCE 37 52 0
RECIEVED 1553584998 JOIN 31 52 0
RECIEVED 1553584998 JOIN 31 52 0
RECIEVED 1553584998 JOIN 32 52 0
SEND 1553584998 INTRODUCE 37 13432
SEND 1553584998 INTRODUCE 36 11088
SEND 1553584998 INTRODUCE 37 19534
SEND 1553584998 INTRODUCE 36 16358
SEND 1553584998 INTRODUCE 35 53350
SEND 1553584998 INTRODUCE 36 12101
SEND 1553584998 INTRODUCE 37 15646
SEND 1553584998 INTRODUCE 35 11489
SEND 1553584998 INTRODUCE 37 22957
SEND 1553584998 INTRODUCE 36 11186
SEND 1553584998 INTRODUCE 36 23493
SEND 1553584998 INTRODUCE 37 11532
SEND 1553584998 INTRODUCE 35 11102
SEND 1553584998 INTRODUCE 37 15364
SEND 1553584998 INTRODUCE 36 21010
SEND 1553584998 INTRODUCE 37 15752
SEND 1553584998 INTRODUCE 36 21099
SEND 1553584998 INTRODUCE 36 17148
SEND 1553584998 INTRODUCE 36 17020
SEND 1553584998 INTRODUCE 35 15418
SEND 1553584998 INTRODUCE 35 15328
SEND 1553584998 INTRODUCE 37 15000
SEND 1553584998 INTRODUCE 36 11218
SEND 1553584998 INTRODUCE 36 34615
SEND 1553584998 INTRODUCE 35 16655
SEND 1553584998 INTRODUCE 35 12550
SEND 1553584998 INTRODUCE 36 16735
SEND 1553584998 INTRODUCE 35 15562
SEND 1553584998 INTRODUCE 36 48616
SEND 1553584998 INTRODUCE 36 17797
SEND 1553584998 INTRODUCE 36 40106
SEND 1553584998 INTRODUCE 36 11608
SEND 1553584998 INTRODUCE 35 14575
SEND 1553584998 INTRODUCE 36 16644
SEND 1553584998 INTRODUCE 35 29523
SEND 1553584998 INTRODUCE 36 68319
SEND 1553584998 INTRODUCE 37 11754
SEND 1553584998 INTRODUCE 36 12015
SEND 1553584998 INTRODUCE 36 11103
SEND 1553584998 INTRODUCE 36 10023
SEND 1553584998 INTRODUCE 36 44179
SEND 1553584998 INTRODUCE 36 15548
SEND 1553584998 INTRODUCE 37 16060
SEND 1553584998 INTRODUCE 36 11694
SEND 1553584998 INTRODUCE 37 21345
SEND 1553584998 INTRODUCE 37 12775
SEND 1553584998 INTRODUCE 37 11836
SEND 1553584998 INTRODUCE 37 11932
SEND 1553584998 INTRODUCE 37 20538
SEND 1553584998 INTRODUCE 37 11973
SEND 1553584998 INTRODUCE 36 39460
SEND 1553584998 INTRODUCE 36 11639
# recieved string JOIN node15 172.22.156.206 8015

RECIEVED 1553584998 JOIN 31 53 0
SEND 1553584998 INTRODUCE 36 17742
SEND 1553584998 INTRODUCE 35 14138
SEND 1553584998 INTRODUCE 36 15320
SEND 1553584998 INTRODUCE 36 16627
SEND 1553584998 INTRODUCE 37 12424
SEND 1553584998 INTRODUCE 37 12184
SEND 1553584998 INTRODUCE 37 16337
SEND 1553584998 INTRODUCE 37 11658
SEND 1553584998 INTRODUCE 36 17015
SEND 1553584998 INTRODUCE 37 11458
SEND 1553584998 INTRODUCE 35 12034
SEND 1553584998 INTRODUCE 36 11501
SEND 1553584998 INTRODUCE 35 38341
SEND 1553584998 INTRODUCE 37 12064
SEND 1553584998 INTRODUCE 36 48403
SEND 1553584998 INTRODUCE 36 15664
SEND 1553584998 INTRODUCE 36 11763
SEND 1553584998 INTRODUCE 35 15593
SEND 1553584998 INTRODUCE 36 13299
SEND 1553584998 INTRODUCE 37 11844
SEND 1553584998 INTRODUCE 35 16121
SEND 1553584998 INTRODUCE 36 16202
SEND 1553584998 INTRODUCE 35 16003
SEND 1553584998 INTRODUCE 36 11367
SEND 1553584998 INTRODUCE 37 16642
SEND 1553584998 INTRODUCE 36 16257
SEND 1553584998 INTRODUCE 36 17049
SEND 1553584998 INTRODUCE 36 10852
SEND 1553584998 INTRODUCE 36 14940
SEND 1553584998 INTRODUCE 36 15734
SEND 1553584998 INTRODUCE 36 11401
SEND 1553584998 INTRODUCE 37 11361
SEND 1553584998 INTRODUCE 36 17030
SEND 1553584998 INTRODUCE 37 11382
SEND 1553584998 INTRODUCE 37 13922
SEND 1553584998 INTRODUCE 36 12751
SEND 1553584998 INTRODUCE 36 18049
SEND 1553584998 INTRODUCE 37 14719
SEND 1553584998 INTRODUCE 37 12891
SEND 1553584998 INTRODUCE 36 15824
SEND 1553584998 INTRODUCE 36 12588
SEND 1553584998 INTRODUCE 37 45126
SEND 1553584998 INTRODUCE 35 15760
SEND 1553584998 INTRODUCE 37 11645
SEND 1553584998 INTRODUCE 36 12379
SEND 1553584998 INTRODUCE 37 11466
SEND 1553584998 INTRODUCE 36 16419
SEND 1553584998 INTRODUCE 37 18817
SEND 1553584998 INTRODUCE 35 16778
SEND 1553584998 INTRODUCE 35 12182
SEND 1553584998 INTRODUCE 36 12530
SEND 1553584998 INTRODUCE 36 12255
SEND 1553584998 INTRODUCE 35 11442
RECIEVED 1553584998 JOIN 31 54 0
RECIEVED 1553584998 JOIN 30 54 0
RECIEVED 1553584998 JOIN 30 54 0
RECIEVED 1553584998 JOIN 31 54 0
RECIEVED 1553584998 JOIN 31 54 0
RECIEVED 1553584998 JOIN 32 54 0
RECIEVED 1553584998 INTRODUCE 37 54 0
RECIEVED 1553584998 INTRODUCE 36 54 0
RECIEVED 1553584998 INTRODUCE 35 54 0
RECIEVED 1553584998 INTRODUCE 37 54 0
RECIEVED 1553584998 INTRODUCE 35 54 0
RECIEVED 1553584998 INTRODUCE 36 54 0
RECIEVED 1553584998 INTRODUCE 36 54 0
RECIEVED 1553584998 INTRODUCE 36 54 0
RECIEVED 1553584998 INTRODUCE 37 54 0
RECIEVED 1553584998 INTRODUCE 36 54 0
RECIEVED 1553584998 INTRODUCE 36 54 0
RECIEVED 1553584998 INTRODUCE 36 54 0
RECIEVED 1553584998 INTRODUCE 36 54 0
RECIEVED 1553584998 INTRODUCE 36 54 0
RECIEVED 1553584998 INTRODUCE 36 54 0
RECIEVED 1553584998 INTRODUCE 37 54 0
RECIEVED 1553584998 INTRODUCE 35 54 0
RECIEVED 1553584998 INTRODUCE 36 54 0
RECIEVED 1553584998 INTRODUCE 37 54 0
RECIEVED 1553584998 INTRODUCE 36 54 0
RECIEVED 1553584998 INTRODUCE 37 54 0
RECIEVED 1553584998 INTRODUCE 37 54 0
RECIEVED 1553584998 INTRODUCE 35 54 0
RECIEVED 1553584998 INTRODUCE 35 54 0
RECIEVED 1553584998 INTRODUCE 36 54 0
RECIEVED 1553584998 INTRODUCE 36 54 0
RECIEVED 1553584998 INTRODUCE 35 54 0
RECIEVED 1553584998 INTRODUCE 36 54 0
RECIEVED 1553584998 INTRODUCE 37 54 0
RECIEVED 1553584998 INTRODUCE 36 54 0
RECIEVED 1553584998 INTRODUCE 36 54 0
RECIEVED 1553584998 INTRODUCE 35 54 0
RECIEVED 1553584998 INTRODUCE 36 54 0
RECIEVED 1553584998 INTRODUCE 36 54 0
RECIEVED 1553584998 INTRODUCE 36 54 0
RECIEVED 1553584998 INTRODUCE 37 54 0
RECIEVED 1553584998 INTRODUCE 36 54 0
RECIEVED 1553584998 INTRODUCE 35 54 0
RECIEVED 1553584998 INTRODUCE 35 54 0
RECIEVED 1553584998 INTRODUCE 35 54 0
RECIEVED 1553584998 INTRODUCE 37 54 0
RECIEVED 1553584998 INTRODUCE 37 54 0
RECIEVED 1553584998 INTRODUCE 36 54 0
RECIEVED 1553584998 INTRODUCE 35 54 0
RECIEVED 1553584998 INTRODUCE 36 54 0
RECIEVED 1553584998 INTRODUCE 36 54 0
RECIEVED 1553584998 INTRODUCE 36 54 0
RECIEVED 1553584998 INTRODUCE 37 54 0
RECIEVED 1553584998 INTRODUCE 36 54 0
RECIEVED 1553584998 INTRODUCE 36 54 0
RECIEVED 1553584998 INTRODUCE 37 54 0
RECIEVED 1553584998 INTRODUCE 36 54 0
RECIEVED 1553584998 INTRODUCE 37 54 0
RECIEVED 1553584998 INTRODUCE 37 54 0
RECIEVED 1553584998 INTRODUCE 36 54 0
RECIEVED 1553584998 INTRODUCE 35 54 0
RECIEVED 1553584998 INTRODUCE 37 54 0
RECIEVED 1553584998 INTRODUCE 36 54 0
RECIEVED 1553584998 INTRODUCE 35 54 0
RECIEVED 1553584998 INTRODUCE 36 54 0
RECIEVED 1553584998 INTRODUCE 36 54 0
RECIEVED 1553584998 INTRODUCE 37 54 0
RECIEVED 1553584998 INTRODUCE 35 54 0
RECIEVED 1553584998 INTRODUCE 35 54 0
RECIEVED 1553584998 INTRODUCE 37 54 0
RECIEVED 1553584998 INTRODUCE 36 54 0
RECIEVED 1553584998 INTRODUCE 37 54 0
RECIEVED 1553584998 INTRODUCE 36 54 0
RECIEVED 1553584998 INTRODUCE 37 54 0
RECIEVED 1553584998 INTRODUCE 35 54 0
RECIEVED 1553584998 INTRODUCE 36 54 0
RECIEVED 1553584998 INTRODUCE 36 54 0
RECIEVED 1553584998 INTRODUCE 37 54 0
RECIEVED 1553584998 INTRODUCE 35 54 0
RECIEVED 1553584998 INTRODUCE 36 54 0
RECIEVED 1553584998 INTRODUCE 36 54 0
# Failed sending to node node9
# ERROR: write tcp 172.22.156.208:38734->172.22.156.206:8009: write: broken pipe
SEND 1553584998 INTRODUCE 36 16615
SEND 1553584998 INTRODUCE 36 19224
SEND 1553584998 INTRODUCE 36 13643
SEND 1553584998 INTRODUCE 36 16696
SEND 1553584998 INTRODUCE 36 17035
SEND 1553584998 INTRODUCE 36 17235
SEND 1553584998 INTRODUCE 36 30442
SEND 1553584998 INTRODUCE 36 17633
SEND 1553584998 INTRODUCE 36 64812
SEND 1553584998 INTRODUCE 36 15461
SEND 1553584998 INTRODUCE 36 16196
SEND 1553584998 INTRODUCE 36 19779
SEND 1553584998 INTRODUCE 36 12821
SEND 1553584998 INTRODUCE 36 14075
SEND 1553584998 INTRODUCE 36 13459
SEND 1553584998 INTRODUCE 36 17316
SEND 1553584998 INTRODUCE 36 11787
SEND 1553584998 INTRODUCE 36 19959
SEND 1553584998 INTRODUCE 36 11604
SEND 1553584998 INTRODUCE 36 25479
SEND 1553584998 INTRODUCE 36 13257
SEND 1553584998 INTRODUCE 36 17385
SEND 1553584998 INTRODUCE 36 16076
SEND 1553584998 INTRODUCE 36 18360
SEND 1553584998 INTRODUCE 36 13227
SEND 1553584998 INTRODUCE 36 15483
SEND 1553584998 INTRODUCE 36 13945
SEND 1553584998 INTRODUCE 36 15194
SEND 1553584998 INTRODUCE 36 18058
SEND 1553584998 INTRODUCE 36 12969
SEND 1553584998 INTRODUCE 36 17892
SEND 1553584998 INTRODUCE 36 17491
SEND 1553584998 INTRODUCE 36 17564
SEND 1553584998 INTRODUCE 36 18562
SEND 1553584998 INTRODUCE 36 14355
SEND 1553584998 INTRODUCE 36 18191
SEND 1553584998 INTRODUCE 36 22021
SEND 1553584998 INTRODUCE 36 14299
SEND 1553584998 INTRODUCE 36 13576
SEND 1553584998 INTRODUCE 36 18571
SEND 1553584998 INTRODUCE 36 11891
SEND 1553584998 INTRODUCE 36 12438
SEND 1553584998 INTRODUCE 36 16802
SEND 1553584998 INTRODUCE 36 17054
SEND 1553584998 INTRODUCE 36 17296
SEND 1553584998 INTRODUCE 36 18229
SEND 1553584998 INTRODUCE 36 15799
SEND 1553584998 INTRODUCE 36 18750
SEND 1553584998 INTRODUCE 36 17025
SEND 1553584998 INTRODUCE 36 17905
# recieved string JOIN node18 172.22.94.217 8018

SEND 1553584998 INTRODUCE 36 12817
SEND 1553584998 INTRODUCE 36 12180
SEND 1553584998 INTRODUCE 36 17764
SEND 1553584998 JOIN 32 13145
RECIEVED 1553584998 INTRODUCE 36 55 0
RECIEVED 1553584998 INTRODUCE 36 55 0
RECIEVED 1553584998 INTRODUCE 37 55 0
RECIEVED 1553584998 INTRODUCE 37 55 0
RECIEVED 1553584998 INTRODUCE 36 55 0
RECIEVED 1553584998 INTRODUCE 36 55 0
RECIEVED 1553584998 INTRODUCE 37 55 0
RECIEVED 1553584998 INTRODUCE 37 55 0
RECIEVED 1553584998 INTRODUCE 37 55 0
RECIEVED 1553584998 INTRODUCE 36 55 0
RECIEVED 1553584998 INTRODUCE 36 55 0
RECIEVED 1553584998 INTRODUCE 35 55 0
RECIEVED 1553584998 INTRODUCE 36 55 0
RECIEVED 1553584998 INTRODUCE 36 55 0
RECIEVED 1553584998 INTRODUCE 35 55 0
RECIEVED 1553584998 INTRODUCE 35 55 0
RECIEVED 1553584998 INTRODUCE 36 55 0
RECIEVED 1553584998 INTRODUCE 35 55 0
RECIEVED 1553584998 INTRODUCE 36 55 0
RECIEVED 1553584998 INTRODUCE 35 55 0
RECIEVED 1553584998 INTRODUCE 36 55 0
RECIEVED 1553584998 INTRODUCE 37 55 0
RECIEVED 1553584998 INTRODUCE 36 55 0
RECIEVED 1553584998 INTRODUCE 36 55 0
RECIEVED 1553584998 INTRODUCE 36 55 0
RECIEVED 1553584998 INTRODUCE 37 55 0
RECIEVED 1553584998 INTRODUCE 36 55 0
RECIEVED 1553584998 INTRODUCE 37 55 0
RECIEVED 1553584998 INTRODUCE 36 55 0
RECIEVED 1553584998 INTRODUCE 35 55 0
RECIEVED 1553584998 INTRODUCE 36 55 0
RECIEVED 1553584998 INTRODUCE 35 55 0
RECIEVED 1553584998 INTRODUCE 36 55 0
RECIEVED 1553584998 INTRODUCE 36 55 0
RECIEVED 1553584998 INTRODUCE 36 55 0
RECIEVED 1553584998 INTRODUCE 36 55 0
RECIEVED 1553584998 INTRODUCE 36 55 0
RECIEVED 1553584998 INTRODUCE 36 55 0
RECIEVED 1553584998 INTRODUCE 37 55 0
RECIEVED 1553584998 INTRODUCE 36 55 0
RECIEVED 1553584998 INTRODUCE 36 55 0
RECIEVED 1553584998 INTRODUCE 37 55 0
RECIEVED 1553584998 INTRODUCE 36 55 0
RECIEVED 1553584998 INTRODUCE 36 55 0
RECIEVED 1553584998 INTRODUCE 37 55 0
RECIEVED 1553584998 INTRODUCE 37 55 0
RECIEVED 1553584998 INTRODUCE 36 55 0
RECIEVED 1553584998 INTRODUCE 37 55 0
RECIEVED 1553584998 INTRODUCE 37 55 0
SEND 1553584998 INTRODUCE 37 15458
SEND 1553584998 INTRODUCE 37 17438
SEND 1553584998 INTRODUCE 37 17067
SEND 1553584998 INTRODUCE 37 18591
SEND 1553584998 INTRODUCE 37 16224
SEND 1553584998 INTRODUCE 37 17562
SEND 1553584998 INTRODUCE 37 22731
SEND 1553584998 INTRODUCE 37 18377
SEND 1553584998 INTRODUCE 37 62435
SEND 1553584998 INTRODUCE 37 13511
SEND 1553584998 INTRODUCE 37 17957
SEND 1553584998 INTRODUCE 37 15241
SEND 1553584998 INTRODUCE 37 17872
SEND 1553584998 INTRODUCE 37 17254
SEND 1553584998 INTRODUCE 37 12578
SEND 1553584998 INTRODUCE 37 16764
SEND 1553584998 INTRODUCE 37 18435
SEND 1553584998 INTRODUCE 37 17832
SEND 1553584998 INTRODUCE 37 17369
SEND 1553584998 INTRODUCE 37 17560
SEND 1553584998 INTRODUCE 37 16487
SEND 1553584998 INTRODUCE 37 17587
SEND 1553584998 INTRODUCE 37 12156
SEND 1553584998 INTRODUCE 37 17221
SEND 1553584998 INTRODUCE 37 23164
SEND 1553584998 INTRODUCE 37 20385
SEND 1553584998 INTRODUCE 37 38602
SEND 1553584998 INTRODUCE 37 18525
SEND 1553584998 INTRODUCE 37 12813
SEND 1553584998 INTRODUCE 37 13219
SEND 1553584998 INTRODUCE 37 12864
SEND 1553584998 INTRODUCE 37 12752
SEND 1553584998 INTRODUCE 37 12383
SEND 1553584998 INTRODUCE 37 16328
SEND 1553584998 INTRODUCE 37 15493
SEND 1553584998 INTRODUCE 37 11368
# Failed sending to node node9
# ERROR: write tcp 172.22.156.208:38734->172.22.156.206:8009: write: broken pipe
# recieved string JOIN node17 172.22.94.217 8017

# recieved string JOIN node16 172.22.94.217 8016

# Failed listening 
%!(EXTRA string=node14)# ERROR: read tcp 172.22.156.208:42772->172.22.156.206:8014: read: connection reset by peer
# Failed listening 
%!(EXTRA string=node13)# ERROR: read tcp 172.22.156.208:40676->172.22.156.206:8013: read: connection reset by peer
# Failed listening 
%!(EXTRA string=node7)# ERROR: read tcp 172.22.156.208:56504->172.22.156.208:8007: read: connection reset by peer
# Failed listening 
%!(EXTRA string=node7)# ERROR: read tcp 172.22.156.208:58054->172.22.94.217:8007: read: connection reset by peer
# recieved string 
#Error in listening
# EOF# Failed listening 
%!(EXTRA string=node6)# ERROR: read tcp 172.22.156.208:44402->172.22.156.206:8006: read: connection reset by peer
# Failed listening 
%!(EXTRA string=node1)# ERROR: read tcp 172.22.156.208:55708->172.22.156.206:8001: read: connection reset by peer
# Failed listening 
%!(EXTRA string=node4)# ERROR: read tcp 172.22.156.208:47110->172.22.156.206:8004: read: connection reset by peer
# Failed listening 
%!(EXTRA string=node5)# ERROR: read tcp 172.22.156.208:51388->172.22.156.206:8005: read: connection reset by peer
# Failed listening 
%!(EXTRA string=node7)# ERROR: read tcp 172.22.156.208:42396->172.22.156.206:8007: read: connection reset by peer
# Failed listening 
%!(EXTRA string=node8)# ERROR: read tcp 172.22.156.208:35768->172.22.156.206:8008: read: connection reset by peer
# Failed listening 
%!(EXTRA string=node11)# ERROR: read tcp 172.22.156.208:38436->172.22.156.206:8011: read: connection reset by peer
# Failed listening 
%!(EXTRA string=node12)# ERROR: EOF
# Failed listening 
%!(EXTRA string=node17)# ERROR: read tcp 172.22.156.208:47130->172.22.156.206:8017: read: connection reset by peer
# Failed listening 
%!(EXTRA string=node18)# ERROR: EOF
# Failed listening 
%!(EXTRA string=node16)# ERROR: EOF
# Failed listening 
%!(EXTRA string=node19)# ERROR: EOF
# Failed listening 
%!(EXTRA string=node3)# ERROR: read tcp 172.22.156.208:60088->172.22.156.206:8003: read: connection reset by peer
# Failed listening 
%!(EXTRA string=node2)# ERROR: read tcp 172.22.156.208:35898->172.22.156.206:8002: read: connection reset by peer
# Failed listening 
%!(EXTRA string=node10)# ERROR: read tcp 172.22.156.208:35180->172.22.156.206:8010: read: connection reset by peer
# Failed listening 
%!(EXTRA string=node0)# ERROR: read tcp 172.22.156.208:47230->172.22.156.206:8000: read: connection reset by peer
# Failed listening 
%!(EXTRA string=node17)# ERROR: read tcp 172.22.156.208:55974->172.22.94.217:8017: read: connection reset by peer
# Failed listening 
%!(EXTRA string=node9)# ERROR: read tcp 172.22.156.208:48248->172.22.94.217:8009: read: connection reset by peer
# Failed listening 
%!(EXTRA string=node12)# ERROR: read tcp 172.22.156.208:39060->172.22.94.217:8012: read: connection reset by peer
# Failed listening 
%!(EXTRA string=node2)# ERROR: read tcp 172.22.156.208:58828->172.22.94.217:8002: read: connection reset by peer
# Failed listening 
%!(EXTRA string=node3)# ERROR: read tcp 172.22.156.208:60154->172.22.94.217:8003: read: connection reset by peer
# Failed listening 
%!(EXTRA string=node4)# ERROR: read tcp 172.22.156.208:50196->172.22.94.217:8004: read: connection reset by peer
# Failed listening 
%!(EXTRA string=node5)# ERROR: read tcp 172.22.156.208:35826->172.22.94.217:8005: read: connection reset by peer
# Failed listening 
%!(EXTRA string=node6)# ERROR: read tcp 172.22.156.208:56412->172.22.94.217:8006: read: connection reset by peer
# Failed listening 
%!(EXTRA string=node10)# ERROR: read tcp 172.22.156.208:43986->172.22.94.217:8010: read: connection reset by peer
# Failed listening 
%!(EXTRA string=node0)# ERROR: read tcp 172.22.156.208:38534->172.22.94.217:8000: read: connection reset by peer
# Failed listening 
%!(EXTRA string=node8)# ERROR: read tcp 172.22.156.208:54944->172.22.94.217:8008: read: connection reset by peer
# Failed listening 
%!(EXTRA string=node11)# ERROR: read tcp 172.22.156.208:50194->172.22.94.217:8011: read: connection reset by peer
# Failed listening 
%!(EXTRA string=node14)# ERROR: read tcp 172.22.156.208:39462->172.22.94.217:8014: read: connection reset by peer
# Failed listening 
%!(EXTRA string=node15)# ERROR: EOF
# Failed listening 
%!(EXTRA string=node19)# ERROR: EOF
# Failed listening 
%!(EXTRA string=node1)# ERROR: read tcp 172.22.156.208:59910->172.22.94.217:8001: read: connection reset by peer
# Failed listening 
%!(EXTRA string=node13)# ERROR: read tcp 172.22.156.208:48168->172.22.94.217:8013: read: connection reset by peer
