RECIEVED 1553584996 INTRODUCE 37 0 0
SEND 1553584996 JOIN 32 17084
RECIEVED 1553584996 INTRODUCE 36 1 0
SEND 1553584996 INTRODUCE 36 14690
SEND 1553584996 JOIN 32 24105
RECIEVED 1553584996 INTRODUCE 36 2 0
SEND 1553584996 INTRODUCE 36 16695
SEND 1553584996 INTRODUCE 36 11933
SEND 1553584996 JOIN 32 12588
RECIEVED 1553585006 HB 3 3 0
RECIEVED 1553585016 HB 3 3 0
SEND 1553585016 INTRODUCE 37 49330
SEND 1553585016 INTRODUCE 36 16241
SEND 1553585016 INTRODUCE 36 27991
RECIEVED 1553585026 HB 3 3 0
SEND 1553585026 INTRODUCE 37 40405
SEND 1553585026 INTRODUCE 36 15591
SEND 1553585026 INTRODUCE 36 14138
RECIEVED 1553585036 HB 3 3 0
RECIEVED 1553585046 HB 3 3 0
RECIEVED 1553585056 HB 3 3 0
RECIEVED 1553585062 DIE 4 3 0
