RECIEVED 1553576598 INTRODUCE 36 0 0
SEND 1553576598 JOIN 31 16443
RECIEVED 1553576598 INTRODUCE 36 1 0
SEND 1553576598 INTRODUCE 36 19271
SEND 1553576598 JOIN 31 51570
RECIEVED 1553576598 INTRODUCE 36 2 0
SEND 1553576598 INTRODUCE 36 15750
SEND 1553576598 INTRODUCE 36 18316
SEND 1553576598 JOIN 31 14108
RECIEVED 1553576598 INTRODUCE 36 3 0
SEND 1553576598 INTRODUCE 36 12200
SEND 1553576598 INTRODUCE 36 581301
SEND 1553576598 INTRODUCE 36 14720
SEND 1553576598 JOIN 31 17805
RECIEVED 1553576598 INTRODUCE 36 4 0
RECIEVED 1553576598 INTRODUCE 36 4 0
RECIEVED 1553576598 INTRODUCE 36 4 0
SEND 1553576598 INTRODUCE 36 14776
SEND 1553576598 INTRODUCE 36 14720
SEND 1553576598 INTRODUCE 36 15072
SEND 1553576598 INTRODUCE 36 12740
SEND 1553576598 JOIN 31 14216
RECIEVED 1553576598 INTRODUCE 36 5 0
SEND 1553576598 INTRODUCE 36 11179
SEND 1553576598 INTRODUCE 36 11573
SEND 1553576598 INTRODUCE 36 14353
SEND 1553576598 INTRODUCE 36 15894
SEND 1553576598 INTRODUCE 36 11972
SEND 1553576598 JOIN 31 13499
RECIEVED 1553576598 INTRODUCE 36 6 0
SEND 1553576598 INTRODUCE 36 14719
SEND 1553576598 INTRODUCE 36 14739
SEND 1553576598 INTRODUCE 36 21438
SEND 1553576598 INTRODUCE 36 13865
SEND 1553576598 INTRODUCE 36 13611
SEND 1553576598 INTRODUCE 36 18889
SEND 1553576598 JOIN 31 22089
RECIEVED 1553576598 INTRODUCE 36 7 0
RECIEVED 1553576598 INTRODUCE 36 7 0
RECIEVED 1553576598 INTRODUCE 36 7 0
RECIEVED 1553576598 INTRODUCE 36 7 0
RECIEVED 1553576598 INTRODUCE 36 7 0
RECIEVED 1553576598 INTRODUCE 36 7 0
RECIEVED 1553576599 INTRODUCE 36 7 0
SEND 1553576599 INTRODUCE 36 16400
SEND 1553576599 INTRODUCE 36 18403
SEND 1553576599 INTRODUCE 36 15602
SEND 1553576599 INTRODUCE 36 13003
SEND 1553576599 INTRODUCE 36 15723
SEND 1553576599 INTRODUCE 36 18330
SEND 1553576599 INTRODUCE 36 14899
SEND 1553576599 JOIN 31 17319
RECIEVED 1553576599 INTRODUCE 36 8 0
RECIEVED 1553576599 INTRODUCE 36 8 0
SEND 1553576599 INTRODUCE 36 13303
SEND 1553576599 INTRODUCE 36 18619
SEND 1553576599 INTRODUCE 36 15285
SEND 1553576599 INTRODUCE 36 15774
SEND 1553576599 INTRODUCE 36 15968
SEND 1553576599 INTRODUCE 36 20755
SEND 1553576599 INTRODUCE 36 15048
SEND 1553576599 INTRODUCE 36 13700
SEND 1553576599 JOIN 31 20255
RECIEVED 1553576599 INTRODUCE 36 9 0
RECIEVED 1553576599 INTRODUCE 36 9 0
# recieved string JOIN node10 172.22.158.205 8010

RECIEVED 1553576599 JOIN 32 9 0
SEND 1553576599 INTRODUCE 36 22539
SEND 1553576599 INTRODUCE 36 14011
RECIEVED 1553576599 INTRODUCE 36 10 0
RECIEVED 1553576599 INTRODUCE 36 10 0
RECIEVED 1553576599 INTRODUCE 36 10 0
RECIEVED 1553576599 INTRODUCE 36 10 0
RECIEVED 1553576599 TRANSACTION 81 10 0
UPDATE 1553576599 TRANSACTION f1f915fc06c4f1644587ea9e5f05f111
SEND 1553576599 TRANSACTION 81 15172 f1f915fc06c4f1644587ea9e5f05f111
SEND 1553576599 TRANSACTION 81 22129 f1f915fc06c4f1644587ea9e5f05f111
SEND 1553576599 TRANSACTION 81 13821 f1f915fc06c4f1644587ea9e5f05f111
SEND 1553576599 TRANSACTION 81 11574 f1f915fc06c4f1644587ea9e5f05f111
SEND 1553576599 TRANSACTION 81 15228 f1f915fc06c4f1644587ea9e5f05f111
SEND 1553576599 TRANSACTION 81 16203 f1f915fc06c4f1644587ea9e5f05f111
SEND 1553576599 TRANSACTION 81 24839 f1f915fc06c4f1644587ea9e5f05f111
SEND 1553576599 TRANSACTION 81 14151 f1f915fc06c4f1644587ea9e5f05f111
RECIEVED 1553576599 TRANSACTION 81 10 1
RECIEVED 1553576599 TRANSACTION 81 10 1
RECIEVED 1553576599 TRANSACTION 81 10 1
RECIEVED 1553576599 TRANSACTION 81 10 1
RECIEVED 1553576599 TRANSACTION 81 10 1
RECIEVED 1553576599 TRANSACTION 81 10 1
RECIEVED 1553576599 TRANSACTION 81 10 1
RECIEVED 1553576599 TRANSACTION 81 10 1
# recieved string JOIN node13 172.22.158.205 8013

RECIEVED 1553576599 JOIN 32 10 1
SEND 1553576599 INTRODUCE 36 14696
SEND 1553576599 INTRODUCE 36 12693
SEND 1553576599 INTRODUCE 37 11651
RECIEVED 1553576599 INTRODUCE 37 11 1
RECIEVED 1553576599 INTRODUCE 36 11 1
RECIEVED 1553576599 INTRODUCE 36 11 1
RECIEVED 1553576599 INTRODUCE 37 11 1
SEND 1553576599 INTRODUCE 37 14977
SEND 1553576599 INTRODUCE 37 15758
SEND 1553576599 INTRODUCE 37 14605
SEND 1553576599 INTRODUCE 37 16164
SEND 1553576599 INTRODUCE 37 13366
SEND 1553576599 INTRODUCE 37 13932
SEND 1553576599 INTRODUCE 37 13942
SEND 1553576599 INTRODUCE 37 11037
SEND 1553576599 INTRODUCE 37 10506
SEND 1553576599 INTRODUCE 37 10759
SEND 1553576599 INTRODUCE 37 17767
SEND 1553576599 JOIN 31 21412
RECIEVED 1553576599 INTRODUCE 37 12 1
RECIEVED 1553576599 INTRODUCE 37 12 1
RECIEVED 1553576599 INTRODUCE 37 12 1
RECIEVED 1553576599 INTRODUCE 37 12 1
RECIEVED 1553576599 INTRODUCE 37 12 1
RECIEVED 1553576599 INTRODUCE 36 12 1
RECIEVED 1553576599 INTRODUCE 37 12 1
# recieved string JOIN node11 172.22.158.205 8011

RECIEVED 1553576599 JOIN 32 12 1
RECIEVED 1553576599 INTRODUCE 37 12 1
RECIEVED 1553576599 INTRODUCE 37 12 1
RECIEVED 1553576599 INTRODUCE 37 12 1
RECIEVED 1553576599 INTRODUCE 36 12 1
RECIEVED 1553576600 TRANSACTION 79 12 1
UPDATE 1553576600 TRANSACTION 274bf1ebc6e8a80a21613df716419e7a
SEND 1553576600 TRANSACTION 79 24514 274bf1ebc6e8a80a21613df716419e7a
SEND 1553576600 TRANSACTION 79 16335 274bf1ebc6e8a80a21613df716419e7a
SEND 1553576600 TRANSACTION 79 11078 274bf1ebc6e8a80a21613df716419e7a
SEND 1553576600 TRANSACTION 79 17135 274bf1ebc6e8a80a21613df716419e7a
SEND 1553576600 TRANSACTION 79 25554 274bf1ebc6e8a80a21613df716419e7a
SEND 1553576600 TRANSACTION 79 18846 274bf1ebc6e8a80a21613df716419e7a
SEND 1553576600 TRANSACTION 79 11228 274bf1ebc6e8a80a21613df716419e7a
SEND 1553576600 TRANSACTION 79 11629 274bf1ebc6e8a80a21613df716419e7a
SEND 1553576600 TRANSACTION 79 14544 274bf1ebc6e8a80a21613df716419e7a
SEND 1553576600 TRANSACTION 79 11662 274bf1ebc6e8a80a21613df716419e7a
RECIEVED 1553576600 TRANSACTION 79 12 2
RECIEVED 1553576600 TRANSACTION 79 12 2
RECIEVED 1553576600 TRANSACTION 79 12 2
RECIEVED 1553576600 TRANSACTION 79 12 2
RECIEVED 1553576600 TRANSACTION 79 12 2
RECIEVED 1553576600 TRANSACTION 79 12 2
RECIEVED 1553576600 TRANSACTION 79 12 2
RECIEVED 1553576600 TRANSACTION 79 12 2
# recieved string JOIN node12 172.22.158.205 8012

RECIEVED 1553576600 JOIN 32 12 2
SEND 1553576600 INTRODUCE 36 14477
SEND 1553576600 INTRODUCE 36 13597
SEND 1553576600 INTRODUCE 36 11476
SEND 1553576600 INTRODUCE 36 11721
SEND 1553576600 INTRODUCE 36 13150
RECIEVED 1553576600 INTRODUCE 37 13 2
RECIEVED 1553576600 INTRODUCE 36 13 2
RECIEVED 1553576600 INTRODUCE 36 13 2
# recieved string JOIN node15 172.22.158.205 8015

RECIEVED 1553576600 JOIN 32 13 2
SEND 1553576600 INTRODUCE 36 15219
SEND 1553576600 INTRODUCE 37 14927
SEND 1553576600 INTRODUCE 36 13963
SEND 1553576600 INTRODUCE 36 14311
SEND 1553576600 INTRODUCE 36 18772
RECIEVED 1553576600 INTRODUCE 36 14 2
RECIEVED 1553576600 INTRODUCE 37 14 2
RECIEVED 1553576600 INTRODUCE 36 14 2
RECIEVED 1553576600 INTRODUCE 36 14 2
RECIEVED 1553576600 TRANSACTION 81 14 2
UPDATE 1553576600 TRANSACTION e90953603e2d8922e7abafbe787fa29e
SEND 1553576600 TRANSACTION 81 29674 e90953603e2d8922e7abafbe787fa29e
SEND 1553576600 TRANSACTION 81 14245 e90953603e2d8922e7abafbe787fa29e
SEND 1553576600 TRANSACTION 81 13856 e90953603e2d8922e7abafbe787fa29e
SEND 1553576600 TRANSACTION 81 18974 e90953603e2d8922e7abafbe787fa29e
SEND 1553576600 TRANSACTION 81 10120 e90953603e2d8922e7abafbe787fa29e
SEND 1553576600 TRANSACTION 81 14596 e90953603e2d8922e7abafbe787fa29e
SEND 1553576600 TRANSACTION 81 21700 e90953603e2d8922e7abafbe787fa29e
SEND 1553576600 TRANSACTION 81 15006 e90953603e2d8922e7abafbe787fa29e
SEND 1553576600 TRANSACTION 81 16274 e90953603e2d8922e7abafbe787fa29e
SEND 1553576600 TRANSACTION 81 12920 e90953603e2d8922e7abafbe787fa29e
SEND 1553576600 TRANSACTION 81 14982 e90953603e2d8922e7abafbe787fa29e
RECIEVED 1553576600 TRANSACTION 81 14 3
RECIEVED 1553576600 TRANSACTION 81 14 3
RECIEVED 1553576600 TRANSACTION 81 14 3
RECIEVED 1553576600 TRANSACTION 81 14 3
RECIEVED 1553576600 TRANSACTION 81 14 3
RECIEVED 1553576600 TRANSACTION 81 14 3
RECIEVED 1553576600 TRANSACTION 81 14 3
RECIEVED 1553576600 TRANSACTION 81 14 3
RECIEVED 1553576600 TRANSACTION 81 14 3
RECIEVED 1553576600 TRANSACTION 81 14 3
# recieved string JOIN node16 172.22.158.205 8016

RECIEVED 1553576600 JOIN 32 14 3
SEND 1553576600 INTRODUCE 36 14977
SEND 1553576600 INTRODUCE 36 18775
RECIEVED 1553576600 INTRODUCE 37 15 3
RECIEVED 1553576600 INTRODUCE 37 15 3
RECIEVED 1553576600 INTRODUCE 36 15 3
RECIEVED 1553576600 INTRODUCE 37 15 3
RECIEVED 1553576601 INTRODUCE 36 15 3
RECIEVED 1553576601 INTRODUCE 36 15 3
RECIEVED 1553576601 INTRODUCE 36 15 3
RECIEVED 1553576601 INTRODUCE 36 15 3
RECIEVED 1553576601 INTRODUCE 36 15 3
RECIEVED 1553576601 INTRODUCE 36 15 3
RECIEVED 1553576601 INTRODUCE 36 15 3
RECIEVED 1553576601 INTRODUCE 36 15 3
RECIEVED 1553576601 INTRODUCE 36 15 3
# recieved string JOIN node17 172.22.158.205 8017

RECIEVED 1553576601 JOIN 32 15 3
SEND 1553576601 INTRODUCE 36 14278
SEND 1553576601 INTRODUCE 37 13394
SEND 1553576601 INTRODUCE 36 13060
SEND 1553576601 INTRODUCE 36 12947
SEND 1553576601 INTRODUCE 37 13096
SEND 1553576601 INTRODUCE 36 11758
RECIEVED 1553576601 INTRODUCE 37 16 3
RECIEVED 1553576601 INTRODUCE 37 16 3
RECIEVED 1553576601 INTRODUCE 36 16 3
RECIEVED 1553576601 INTRODUCE 36 16 3
RECIEVED 1553576601 INTRODUCE 36 16 3
RECIEVED 1553576601 INTRODUCE 37 16 3
RECIEVED 1553576601 INTRODUCE 36 16 3
RECIEVED 1553576601 TRANSACTION 80 16 3
UPDATE 1553576601 TRANSACTION a6ddb6c5c4795f3a98525a1b6b5a050a
SEND 1553576601 TRANSACTION 80 12039 a6ddb6c5c4795f3a98525a1b6b5a050a
SEND 1553576601 TRANSACTION 80 11241 a6ddb6c5c4795f3a98525a1b6b5a050a
SEND 1553576601 TRANSACTION 80 13790 a6ddb6c5c4795f3a98525a1b6b5a050a
SEND 1553576601 TRANSACTION 80 14244 a6ddb6c5c4795f3a98525a1b6b5a050a
SEND 1553576601 TRANSACTION 80 15227 a6ddb6c5c4795f3a98525a1b6b5a050a
SEND 1553576601 TRANSACTION 80 10505 a6ddb6c5c4795f3a98525a1b6b5a050a
SEND 1553576601 TRANSACTION 80 15239 a6ddb6c5c4795f3a98525a1b6b5a050a
SEND 1553576601 TRANSACTION 80 12023 a6ddb6c5c4795f3a98525a1b6b5a050a
SEND 1553576601 TRANSACTION 80 15310 a6ddb6c5c4795f3a98525a1b6b5a050a
SEND 1553576601 TRANSACTION 80 14563 a6ddb6c5c4795f3a98525a1b6b5a050a
SEND 1553576601 TRANSACTION 80 16554 a6ddb6c5c4795f3a98525a1b6b5a050a
RECIEVED 1553576601 TRANSACTION 80 16 4
RECIEVED 1553576601 TRANSACTION 80 16 4
RECIEVED 1553576601 TRANSACTION 80 16 4
RECIEVED 1553576601 TRANSACTION 80 16 4
RECIEVED 1553576601 TRANSACTION 80 16 4
RECIEVED 1553576601 TRANSACTION 80 16 4
RECIEVED 1553576601 TRANSACTION 80 16 4
RECIEVED 1553576601 TRANSACTION 80 16 4
RECIEVED 1553576601 INTRODUCE 36 16 4
# recieved string JOIN node14 172.22.158.205 8014

RECIEVED 1553576601 JOIN 32 16 4
SEND 1553576601 INTRODUCE 37 16361
SEND 1553576601 INTRODUCE 37 20973
SEND 1553576601 INTRODUCE 37 14244
SEND 1553576601 INTRODUCE 36 12302
SEND 1553576601 INTRODUCE 37 12559
SEND 1553576601 INTRODUCE 36 11337
SEND 1553576601 INTRODUCE 36 35472
RECIEVED 1553576601 INTRODUCE 37 17 4
RECIEVED 1553576601 TRANSACTION 81 17 4
UPDATE 1553576601 TRANSACTION 0aa04d2708648d1966e0ebf962af5df1
SEND 1553576601 TRANSACTION 81 14477 0aa04d2708648d1966e0ebf962af5df1
SEND 1553576601 TRANSACTION 81 11424 0aa04d2708648d1966e0ebf962af5df1
SEND 1553576601 TRANSACTION 81 14220 0aa04d2708648d1966e0ebf962af5df1
SEND 1553576601 TRANSACTION 81 17372 0aa04d2708648d1966e0ebf962af5df1
SEND 1553576601 TRANSACTION 81 19770 0aa04d2708648d1966e0ebf962af5df1
SEND 1553576601 TRANSACTION 81 14114 0aa04d2708648d1966e0ebf962af5df1
SEND 1553576601 TRANSACTION 81 16830 0aa04d2708648d1966e0ebf962af5df1
RECIEVED 1553576601 TRANSACTION 81 17 5
RECIEVED 1553576601 TRANSACTION 81 17 5
RECIEVED 1553576601 TRANSACTION 81 17 5
RECIEVED 1553576601 TRANSACTION 81 17 5
RECIEVED 1553576601 TRANSACTION 81 17 5
RECIEVED 1553576601 TRANSACTION 81 17 5
RECIEVED 1553576601 TRANSACTION 81 17 5
RECIEVED 1553576601 TRANSACTION 81 17 5
RECIEVED 1553576601 INTRODUCE 36 17 5
RECIEVED 1553576601 TRANSACTION 81 17 5
RECIEVED 1553576601 TRANSACTION 81 17 5
RECIEVED 1553576601 TRANSACTION 81 17 5
RECIEVED 1553576601 INTRODUCE 36 17 5
RECIEVED 1553576601 INTRODUCE 37 17 5
RECIEVED 1553576601 INTRODUCE 36 17 5
RECIEVED 1553576601 TRANSACTION 80 17 5
RECIEVED 1553576601 INTRODUCE 37 17 5
RECIEVED 1553576601 INTRODUCE 36 17 5
RECIEVED 1553576601 INTRODUCE 37 17 5
RECIEVED 1553576601 INTRODUCE 36 17 5
RECIEVED 1553576601 INTRODUCE 37 17 5
RECIEVED 1553576601 INTRODUCE 37 17 5
RECIEVED 1553576601 TRANSACTION 80 17 5
RECIEVED 1553576601 INTRODUCE 36 17 5
RECIEVED 1553576601 INTRODUCE 37 17 5
RECIEVED 1553576601 TRANSACTION 81 17 5
# recieved string JOIN node18 172.22.158.205 8018

RECIEVED 1553576601 JOIN 32 17 5
SEND 1553576601 INTRODUCE 36 15560
SEND 1553576601 INTRODUCE 37 14073
SEND 1553576601 INTRODUCE 37 17588
SEND 1553576601 INTRODUCE 36 16907
SEND 1553576601 INTRODUCE 36 13947
SEND 1553576601 INTRODUCE 36 14105
SEND 1553576601 INTRODUCE 37 14503
SEND 1553576601 INTRODUCE 36 14355
SEND 1553576601 INTRODUCE 36 14572
RECIEVED 1553576601 INTRODUCE 37 18 5
RECIEVED 1553576601 INTRODUCE 36 18 5
RECIEVED 1553576602 INTRODUCE 37 18 5
RECIEVED 1553576602 INTRODUCE 36 18 5
RECIEVED 1553576602 INTRODUCE 37 18 5
# recieved string JOIN node19 172.22.158.205 8019

RECIEVED 1553576602 JOIN 32 18 5
SEND 1553576602 INTRODUCE 37 16051
SEND 1553576602 INTRODUCE 36 13701
SEND 1553576602 INTRODUCE 37 21135
SEND 1553576602 INTRODUCE 37 17078
SEND 1553576602 INTRODUCE 36 16870
SEND 1553576602 INTRODUCE 37 13826
SEND 1553576602 INTRODUCE 36 14100
SEND 1553576602 INTRODUCE 36 16676
SEND 1553576602 INTRODUCE 36 15944
SEND 1553576602 INTRODUCE 36 15343
RECIEVED 1553576602 INTRODUCE 36 19 5
RECIEVED 1553576602 INTRODUCE 37 19 5
RECIEVED 1553576602 INTRODUCE 36 19 5
RECIEVED 1553576602 INTRODUCE 37 19 5
RECIEVED 1553576602 INTRODUCE 37 19 5
RECIEVED 1553576602 INTRODUCE 37 19 5
RECIEVED 1553576602 INTRODUCE 37 19 5
RECIEVED 1553576603 TRANSACTION 81 19 5
UPDATE 1553576603 TRANSACTION fe95b3a7d123b2bc8a4a6a6057301d54
SEND 1553576603 TRANSACTION 81 12793 fe95b3a7d123b2bc8a4a6a6057301d54
SEND 1553576603 TRANSACTION 81 14016 fe95b3a7d123b2bc8a4a6a6057301d54
SEND 1553576603 TRANSACTION 81 12581 fe95b3a7d123b2bc8a4a6a6057301d54
SEND 1553576603 TRANSACTION 81 11812 fe95b3a7d123b2bc8a4a6a6057301d54
SEND 1553576603 TRANSACTION 81 12336 fe95b3a7d123b2bc8a4a6a6057301d54
SEND 1553576603 TRANSACTION 81 14889 fe95b3a7d123b2bc8a4a6a6057301d54
SEND 1553576603 TRANSACTION 81 16199 fe95b3a7d123b2bc8a4a6a6057301d54
SEND 1553576603 TRANSACTION 81 11423 fe95b3a7d123b2bc8a4a6a6057301d54
SEND 1553576603 TRANSACTION 81 12019 fe95b3a7d123b2bc8a4a6a6057301d54
SEND 1553576603 TRANSACTION 81 13696 fe95b3a7d123b2bc8a4a6a6057301d54
SEND 1553576603 TRANSACTION 81 10821 fe95b3a7d123b2bc8a4a6a6057301d54
RECIEVED 1553576603 TRANSACTION 81 19 6
RECIEVED 1553576603 TRANSACTION 81 19 6
RECIEVED 1553576603 TRANSACTION 81 19 6
RECIEVED 1553576603 TRANSACTION 81 19 6
RECIEVED 1553576603 TRANSACTION 81 19 6
RECIEVED 1553576603 TRANSACTION 81 19 6
RECIEVED 1553576603 TRANSACTION 81 19 6
RECIEVED 1553576603 TRANSACTION 81 19 6
RECIEVED 1553576603 TRANSACTION 81 19 6
RECIEVED 1553576603 TRANSACTION 81 19 6
RECIEVED 1553576603 TRANSACTION 81 19 6
RECIEVED 1553576603 TRANSACTION 81 19 6
RECIEVED 1553576603 TRANSACTION 81 19 6
RECIEVED 1553576603 TRANSACTION 81 19 6
UPDATE 1553576603 TRANSACTION 560ee3e9177e34a2ddc5def919f850d3
SEND 1553576603 TRANSACTION 81 11569 560ee3e9177e34a2ddc5def919f850d3
SEND 1553576603 TRANSACTION 81 12071 560ee3e9177e34a2ddc5def919f850d3
SEND 1553576603 TRANSACTION 81 12380 560ee3e9177e34a2ddc5def919f850d3
SEND 1553576603 TRANSACTION 81 13705 560ee3e9177e34a2ddc5def919f850d3
SEND 1553576603 TRANSACTION 81 15080 560ee3e9177e34a2ddc5def919f850d3
SEND 1553576603 TRANSACTION 81 15219 560ee3e9177e34a2ddc5def919f850d3
SEND 1553576603 TRANSACTION 81 21089 560ee3e9177e34a2ddc5def919f850d3
SEND 1553576603 TRANSACTION 81 20552 560ee3e9177e34a2ddc5def919f850d3
SEND 1553576603 TRANSACTION 81 12774 560ee3e9177e34a2ddc5def919f850d3
SEND 1553576603 TRANSACTION 81 11551 560ee3e9177e34a2ddc5def919f850d3
SEND 1553576603 TRANSACTION 81 15400 560ee3e9177e34a2ddc5def919f850d3
RECIEVED 1553576603 TRANSACTION 81 19 7
RECIEVED 1553576603 TRANSACTION 81 19 7
RECIEVED 1553576603 TRANSACTION 81 19 7
RECIEVED 1553576603 TRANSACTION 81 19 7
RECIEVED 1553576603 TRANSACTION 81 19 7
RECIEVED 1553576603 TRANSACTION 81 19 7
RECIEVED 1553576603 TRANSACTION 81 19 7
RECIEVED 1553576603 TRANSACTION 81 19 7
RECIEVED 1553576603 TRANSACTION 81 19 7
RECIEVED 1553576603 TRANSACTION 81 19 7
RECIEVED 1553576604 TRANSACTION 81 19 7
UPDATE 1553576604 TRANSACTION 4690417a2701a396bac4c1b735a7b769
SEND 1553576604 TRANSACTION 81 14593 4690417a2701a396bac4c1b735a7b769
SEND 1553576604 TRANSACTION 81 11691 4690417a2701a396bac4c1b735a7b769
SEND 1553576604 TRANSACTION 81 15794 4690417a2701a396bac4c1b735a7b769
SEND 1553576604 TRANSACTION 81 15141 4690417a2701a396bac4c1b735a7b769
SEND 1553576604 TRANSACTION 81 18520 4690417a2701a396bac4c1b735a7b769
SEND 1553576604 TRANSACTION 81 14430 4690417a2701a396bac4c1b735a7b769
SEND 1553576604 TRANSACTION 81 12520 4690417a2701a396bac4c1b735a7b769
SEND 1553576604 TRANSACTION 81 18338 4690417a2701a396bac4c1b735a7b769
SEND 1553576604 TRANSACTION 81 16070 4690417a2701a396bac4c1b735a7b769
SEND 1553576604 TRANSACTION 81 16772 4690417a2701a396bac4c1b735a7b769
SEND 1553576604 TRANSACTION 81 11104 4690417a2701a396bac4c1b735a7b769
RECIEVED 1553576604 TRANSACTION 81 19 8
RECIEVED 1553576604 TRANSACTION 81 19 8
RECIEVED 1553576604 TRANSACTION 81 19 8
RECIEVED 1553576604 TRANSACTION 81 19 8
RECIEVED 1553576604 TRANSACTION 81 19 8
RECIEVED 1553576604 TRANSACTION 81 19 8
RECIEVED 1553576604 TRANSACTION 81 19 8
RECIEVED 1553576604 TRANSACTION 81 19 8
RECIEVED 1553576604 TRANSACTION 81 19 8
UPDATE 1553576604 TRANSACTION 38b94631f8241ce345e6a9305defd132
SEND 1553576604 TRANSACTION 81 13072 38b94631f8241ce345e6a9305defd132
SEND 1553576604 TRANSACTION 81 13538 38b94631f8241ce345e6a9305defd132
SEND 1553576604 TRANSACTION 81 15674 38b94631f8241ce345e6a9305defd132
SEND 1553576604 TRANSACTION 81 14576 38b94631f8241ce345e6a9305defd132
SEND 1553576604 TRANSACTION 81 13601 38b94631f8241ce345e6a9305defd132
SEND 1553576604 TRANSACTION 81 15284 38b94631f8241ce345e6a9305defd132
SEND 1553576604 TRANSACTION 81 15517 38b94631f8241ce345e6a9305defd132
SEND 1553576604 TRANSACTION 81 14680 38b94631f8241ce345e6a9305defd132
SEND 1553576604 TRANSACTION 81 16953 38b94631f8241ce345e6a9305defd132
SEND 1553576604 TRANSACTION 81 21567 38b94631f8241ce345e6a9305defd132
SEND 1553576604 TRANSACTION 81 23412 38b94631f8241ce345e6a9305defd132
RECIEVED 1553576604 TRANSACTION 81 19 9
RECIEVED 1553576604 TRANSACTION 81 19 9
RECIEVED 1553576604 TRANSACTION 81 19 9
RECIEVED 1553576604 TRANSACTION 81 19 9
RECIEVED 1553576604 TRANSACTION 81 19 9
RECIEVED 1553576604 TRANSACTION 81 19 9
RECIEVED 1553576604 TRANSACTION 81 19 9
RECIEVED 1553576604 TRANSACTION 81 19 9
RECIEVED 1553576604 TRANSACTION 81 19 9
RECIEVED 1553576604 TRANSACTION 81 19 9
RECIEVED 1553576604 TRANSACTION 81 19 9
RECIEVED 1553576605 TRANSACTION 81 19 9
UPDATE 1553576605 TRANSACTION 21dc003cf25800905774dccb49bf0878
SEND 1553576605 TRANSACTION 81 16402 21dc003cf25800905774dccb49bf0878
SEND 1553576605 TRANSACTION 81 12696 21dc003cf25800905774dccb49bf0878
SEND 1553576605 TRANSACTION 81 14493 21dc003cf25800905774dccb49bf0878
SEND 1553576605 TRANSACTION 81 11680 21dc003cf25800905774dccb49bf0878
SEND 1553576605 TRANSACTION 81 15159 21dc003cf25800905774dccb49bf0878
SEND 1553576605 TRANSACTION 81 15507 21dc003cf25800905774dccb49bf0878
SEND 1553576605 TRANSACTION 81 14692 21dc003cf25800905774dccb49bf0878
SEND 1553576605 TRANSACTION 81 19204 21dc003cf25800905774dccb49bf0878
SEND 1553576605 TRANSACTION 81 12945 21dc003cf25800905774dccb49bf0878
SEND 1553576605 TRANSACTION 81 13495 21dc003cf25800905774dccb49bf0878
SEND 1553576605 TRANSACTION 81 16075 21dc003cf25800905774dccb49bf0878
RECIEVED 1553576605 TRANSACTION 81 19 10
RECIEVED 1553576605 TRANSACTION 81 19 10
RECIEVED 1553576605 TRANSACTION 81 19 10
RECIEVED 1553576605 TRANSACTION 81 19 10
RECIEVED 1553576605 TRANSACTION 81 19 10
RECIEVED 1553576605 TRANSACTION 81 19 10
RECIEVED 1553576605 TRANSACTION 81 19 10
RECIEVED 1553576605 TRANSACTION 81 19 10
RECIEVED 1553576605 TRANSACTION 81 19 10
RECIEVED 1553576605 TRANSACTION 81 19 10
RECIEVED 1553576605 TRANSACTION 81 19 10
RECIEVED 1553576605 TRANSACTION 81 19 10
RECIEVED 1553576605 TRANSACTION 80 19 10
UPDATE 1553576605 TRANSACTION 18ac8d43b6c78e4314a88758e879093f
SEND 1553576605 TRANSACTION 80 13731 18ac8d43b6c78e4314a88758e879093f
SEND 1553576605 TRANSACTION 80 22782 18ac8d43b6c78e4314a88758e879093f
SEND 1553576605 TRANSACTION 80 15194 18ac8d43b6c78e4314a88758e879093f
SEND 1553576605 TRANSACTION 80 15249 18ac8d43b6c78e4314a88758e879093f
SEND 1553576605 TRANSACTION 80 16782 18ac8d43b6c78e4314a88758e879093f
SEND 1553576605 TRANSACTION 80 23154 18ac8d43b6c78e4314a88758e879093f
SEND 1553576605 TRANSACTION 80 15471 18ac8d43b6c78e4314a88758e879093f
SEND 1553576605 TRANSACTION 80 15565 18ac8d43b6c78e4314a88758e879093f
SEND 1553576605 TRANSACTION 80 14110 18ac8d43b6c78e4314a88758e879093f
SEND 1553576605 TRANSACTION 80 14788 18ac8d43b6c78e4314a88758e879093f
SEND 1553576605 TRANSACTION 80 13317 18ac8d43b6c78e4314a88758e879093f
RECIEVED 1553576605 TRANSACTION 80 19 11
RECIEVED 1553576605 TRANSACTION 80 19 11
RECIEVED 1553576605 TRANSACTION 80 19 11
RECIEVED 1553576605 TRANSACTION 80 19 11
RECIEVED 1553576605 TRANSACTION 80 19 11
RECIEVED 1553576605 TRANSACTION 80 19 11
RECIEVED 1553576605 TRANSACTION 80 19 11
RECIEVED 1553576605 TRANSACTION 80 19 11
RECIEVED 1553576605 TRANSACTION 80 19 11
RECIEVED 1553576605 TRANSACTION 80 19 11
RECIEVED 1553576605 TRANSACTION 80 19 11
RECIEVED 1553576605 TRANSACTION 80 19 11
RECIEVED 1553576605 TRANSACTION 80 19 11
RECIEVED 1553576605 TRANSACTION 81 19 11
UPDATE 1553576605 TRANSACTION 5bdc61ab154499fccbd129be738e5751
SEND 1553576605 TRANSACTION 81 15064 5bdc61ab154499fccbd129be738e5751
SEND 1553576605 TRANSACTION 81 14589 5bdc61ab154499fccbd129be738e5751
SEND 1553576605 TRANSACTION 81 17947 5bdc61ab154499fccbd129be738e5751
SEND 1553576605 TRANSACTION 81 13914 5bdc61ab154499fccbd129be738e5751
SEND 1553576605 TRANSACTION 81 13406 5bdc61ab154499fccbd129be738e5751
SEND 1553576605 TRANSACTION 81 17082 5bdc61ab154499fccbd129be738e5751
SEND 1553576605 TRANSACTION 81 16015 5bdc61ab154499fccbd129be738e5751
SEND 1553576605 TRANSACTION 81 16735 5bdc61ab154499fccbd129be738e5751
SEND 1553576605 TRANSACTION 81 21407 5bdc61ab154499fccbd129be738e5751
SEND 1553576605 TRANSACTION 81 20325 5bdc61ab154499fccbd129be738e5751
SEND 1553576605 TRANSACTION 81 14451 5bdc61ab154499fccbd129be738e5751
RECIEVED 1553576605 TRANSACTION 81 19 12
RECIEVED 1553576605 TRANSACTION 81 19 12
RECIEVED 1553576605 TRANSACTION 81 19 12
RECIEVED 1553576605 TRANSACTION 81 19 12
RECIEVED 1553576605 TRANSACTION 81 19 12
RECIEVED 1553576605 TRANSACTION 81 19 12
RECIEVED 1553576605 TRANSACTION 81 19 12
RECIEVED 1553576605 TRANSACTION 81 19 12
RECIEVED 1553576605 TRANSACTION 81 19 12
RECIEVED 1553576605 TRANSACTION 81 19 12
RECIEVED 1553576606 TRANSACTION 79 19 12
UPDATE 1553576606 TRANSACTION 0faeaacaa66ed5f10b1b6d41fbff6911
SEND 1553576606 TRANSACTION 79 14255 0faeaacaa66ed5f10b1b6d41fbff6911
SEND 1553576606 TRANSACTION 79 12604 0faeaacaa66ed5f10b1b6d41fbff6911
SEND 1553576606 TRANSACTION 79 19400 0faeaacaa66ed5f10b1b6d41fbff6911
SEND 1553576606 TRANSACTION 79 15280 0faeaacaa66ed5f10b1b6d41fbff6911
SEND 1553576606 TRANSACTION 79 15156 0faeaacaa66ed5f10b1b6d41fbff6911
SEND 1553576606 TRANSACTION 79 13106 0faeaacaa66ed5f10b1b6d41fbff6911
SEND 1553576606 TRANSACTION 79 14905 0faeaacaa66ed5f10b1b6d41fbff6911
SEND 1553576606 TRANSACTION 79 20794 0faeaacaa66ed5f10b1b6d41fbff6911
SEND 1553576606 TRANSACTION 79 15180 0faeaacaa66ed5f10b1b6d41fbff6911
SEND 1553576606 TRANSACTION 79 16210 0faeaacaa66ed5f10b1b6d41fbff6911
SEND 1553576606 TRANSACTION 79 21304 0faeaacaa66ed5f10b1b6d41fbff6911
RECIEVED 1553576606 TRANSACTION 79 19 13
RECIEVED 1553576606 TRANSACTION 79 19 13
RECIEVED 1553576606 TRANSACTION 79 19 13
RECIEVED 1553576606 TRANSACTION 79 19 13
RECIEVED 1553576606 TRANSACTION 79 19 13
RECIEVED 1553576606 TRANSACTION 79 19 13
RECIEVED 1553576606 TRANSACTION 79 19 13
RECIEVED 1553576606 TRANSACTION 79 19 13
RECIEVED 1553576606 TRANSACTION 79 19 13
RECIEVED 1553576607 TRANSACTION 81 19 13
UPDATE 1553576607 TRANSACTION 10430a7a7e7bed490b3cdcac6bf1024d
SEND 1553576607 TRANSACTION 81 26279 10430a7a7e7bed490b3cdcac6bf1024d
SEND 1553576607 TRANSACTION 81 15353 10430a7a7e7bed490b3cdcac6bf1024d
SEND 1553576607 TRANSACTION 81 13976 10430a7a7e7bed490b3cdcac6bf1024d
SEND 1553576607 TRANSACTION 81 12722 10430a7a7e7bed490b3cdcac6bf1024d
SEND 1553576607 TRANSACTION 81 20925 10430a7a7e7bed490b3cdcac6bf1024d
SEND 1553576607 TRANSACTION 81 15137 10430a7a7e7bed490b3cdcac6bf1024d
SEND 1553576607 TRANSACTION 81 11380 10430a7a7e7bed490b3cdcac6bf1024d
SEND 1553576607 TRANSACTION 81 13602 10430a7a7e7bed490b3cdcac6bf1024d
SEND 1553576607 TRANSACTION 81 21329 10430a7a7e7bed490b3cdcac6bf1024d
SEND 1553576607 TRANSACTION 81 12537 10430a7a7e7bed490b3cdcac6bf1024d
SEND 1553576607 TRANSACTION 81 13453 10430a7a7e7bed490b3cdcac6bf1024d
RECIEVED 1553576607 TRANSACTION 81 19 14
RECIEVED 1553576607 TRANSACTION 81 19 14
RECIEVED 1553576607 TRANSACTION 81 19 14
RECIEVED 1553576607 TRANSACTION 81 19 14
RECIEVED 1553576607 TRANSACTION 81 19 14
RECIEVED 1553576607 TRANSACTION 81 19 14
RECIEVED 1553576607 TRANSACTION 81 19 14
RECIEVED 1553576607 TRANSACTION 81 19 14
RECIEVED 1553576607 TRANSACTION 81 19 14
RECIEVED 1553576607 TRANSACTION 81 19 14
RECIEVED 1553576607 TRANSACTION 81 19 14
RECIEVED 1553576607 TRANSACTION 81 19 14
UPDATE 1553576607 TRANSACTION 6934cb87ad9f579385296e0efa746a23
SEND 1553576607 TRANSACTION 81 13275 6934cb87ad9f579385296e0efa746a23
SEND 1553576607 TRANSACTION 81 15947 6934cb87ad9f579385296e0efa746a23
SEND 1553576607 TRANSACTION 81 17142 6934cb87ad9f579385296e0efa746a23
SEND 1553576607 TRANSACTION 81 15239 6934cb87ad9f579385296e0efa746a23
SEND 1553576607 TRANSACTION 81 14680 6934cb87ad9f579385296e0efa746a23
SEND 1553576607 TRANSACTION 81 15058 6934cb87ad9f579385296e0efa746a23
SEND 1553576607 TRANSACTION 81 11279 6934cb87ad9f579385296e0efa746a23
SEND 1553576607 TRANSACTION 81 13153 6934cb87ad9f579385296e0efa746a23
SEND 1553576607 TRANSACTION 81 11768 6934cb87ad9f579385296e0efa746a23
SEND 1553576607 TRANSACTION 81 15181 6934cb87ad9f579385296e0efa746a23
SEND 1553576607 TRANSACTION 81 22465 6934cb87ad9f579385296e0efa746a23
RECIEVED 1553576607 TRANSACTION 81 19 15
RECIEVED 1553576607 TRANSACTION 81 19 15
RECIEVED 1553576607 TRANSACTION 81 19 15
RECIEVED 1553576607 TRANSACTION 81 19 15
RECIEVED 1553576607 TRANSACTION 81 19 15
RECIEVED 1553576607 TRANSACTION 81 19 15
RECIEVED 1553576607 TRANSACTION 81 19 15
RECIEVED 1553576607 TRANSACTION 81 19 15
RECIEVED 1553576607 TRANSACTION 81 19 15
RECIEVED 1553576607 TRANSACTION 81 19 15
RECIEVED 1553576607 TRANSACTION 79 19 15
UPDATE 1553576607 TRANSACTION 31dc68728f8bd14e885f38fad91d3946
SEND 1553576607 TRANSACTION 79 23353 31dc68728f8bd14e885f38fad91d3946
SEND 1553576607 TRANSACTION 79 11541 31dc68728f8bd14e885f38fad91d3946
SEND 1553576607 TRANSACTION 79 14092 31dc68728f8bd14e885f38fad91d3946
SEND 1553576607 TRANSACTION 79 16460 31dc68728f8bd14e885f38fad91d3946
SEND 1553576607 TRANSACTION 79 14876 31dc68728f8bd14e885f38fad91d3946
SEND 1553576607 TRANSACTION 79 12756 31dc68728f8bd14e885f38fad91d3946
SEND 1553576607 TRANSACTION 79 11618 31dc68728f8bd14e885f38fad91d3946
SEND 1553576607 TRANSACTION 79 14124 31dc68728f8bd14e885f38fad91d3946
SEND 1553576607 TRANSACTION 79 15005 31dc68728f8bd14e885f38fad91d3946
SEND 1553576607 TRANSACTION 79 14911 31dc68728f8bd14e885f38fad91d3946
SEND 1553576607 TRANSACTION 79 13503 31dc68728f8bd14e885f38fad91d3946
RECIEVED 1553576607 TRANSACTION 79 19 16
RECIEVED 1553576607 TRANSACTION 79 19 16
RECIEVED 1553576607 TRANSACTION 79 19 16
RECIEVED 1553576607 TRANSACTION 79 19 16
RECIEVED 1553576607 TRANSACTION 79 19 16
RECIEVED 1553576607 TRANSACTION 79 19 16
RECIEVED 1553576607 TRANSACTION 79 19 16
RECIEVED 1553576607 TRANSACTION 81 19 16
UPDATE 1553576607 TRANSACTION 5101eb0e3771daadb6583f5007c5adcf
SEND 1553576607 TRANSACTION 81 16000 5101eb0e3771daadb6583f5007c5adcf
SEND 1553576607 TRANSACTION 81 15909 5101eb0e3771daadb6583f5007c5adcf
SEND 1553576607 TRANSACTION 81 15530 5101eb0e3771daadb6583f5007c5adcf
SEND 1553576607 TRANSACTION 81 14888 5101eb0e3771daadb6583f5007c5adcf
SEND 1553576607 TRANSACTION 81 15054 5101eb0e3771daadb6583f5007c5adcf
SEND 1553576607 TRANSACTION 81 13064 5101eb0e3771daadb6583f5007c5adcf
SEND 1553576607 TRANSACTION 81 14857 5101eb0e3771daadb6583f5007c5adcf
SEND 1553576607 TRANSACTION 81 15492 5101eb0e3771daadb6583f5007c5adcf
SEND 1553576607 TRANSACTION 81 15340 5101eb0e3771daadb6583f5007c5adcf
SEND 1553576607 TRANSACTION 81 15547 5101eb0e3771daadb6583f5007c5adcf
SEND 1553576607 TRANSACTION 81 15657 5101eb0e3771daadb6583f5007c5adcf
RECIEVED 1553576607 TRANSACTION 81 19 17
RECIEVED 1553576607 TRANSACTION 81 19 17
RECIEVED 1553576607 TRANSACTION 81 19 17
RECIEVED 1553576607 TRANSACTION 81 19 17
RECIEVED 1553576607 TRANSACTION 81 19 17
RECIEVED 1553576607 TRANSACTION 81 19 17
RECIEVED 1553576607 TRANSACTION 81 19 17
RECIEVED 1553576607 TRANSACTION 81 19 17
RECIEVED 1553576608 TRANSACTION 81 19 17
UPDATE 1553576608 TRANSACTION d8b96a359925e5aeb5655e3245c32d2e
SEND 1553576608 TRANSACTION 81 18012 d8b96a359925e5aeb5655e3245c32d2e
SEND 1553576608 TRANSACTION 81 16090 d8b96a359925e5aeb5655e3245c32d2e
SEND 1553576608 TRANSACTION 81 15246 d8b96a359925e5aeb5655e3245c32d2e
SEND 1553576608 TRANSACTION 81 15790 d8b96a359925e5aeb5655e3245c32d2e
SEND 1553576608 TRANSACTION 81 22702 d8b96a359925e5aeb5655e3245c32d2e
SEND 1553576608 TRANSACTION 81 14571 d8b96a359925e5aeb5655e3245c32d2e
SEND 1553576608 TRANSACTION 81 16748 d8b96a359925e5aeb5655e3245c32d2e
SEND 1553576608 TRANSACTION 81 12753 d8b96a359925e5aeb5655e3245c32d2e
SEND 1553576608 TRANSACTION 81 12819 d8b96a359925e5aeb5655e3245c32d2e
SEND 1553576608 TRANSACTION 81 13979 d8b96a359925e5aeb5655e3245c32d2e
SEND 1553576608 TRANSACTION 81 20332 d8b96a359925e5aeb5655e3245c32d2e
RECIEVED 1553576608 TRANSACTION 81 19 18
RECIEVED 1553576608 TRANSACTION 81 19 18
RECIEVED 1553576608 TRANSACTION 81 19 18
RECIEVED 1553576608 TRANSACTION 81 19 18
RECIEVED 1553576608 TRANSACTION 81 19 18
RECIEVED 1553576608 TRANSACTION 81 19 18
RECIEVED 1553576608 TRANSACTION 81 19 18
RECIEVED 1553576608 TRANSACTION 81 19 18
RECIEVED 1553576608 TRANSACTION 81 19 18
RECIEVED 1553576608 TRANSACTION 81 19 18
RECIEVED 1553576608 HB 3 19 18
SEND 1553576608 INTRODUCE 36 54866
SEND 1553576608 INTRODUCE 36 15002
SEND 1553576608 INTRODUCE 36 13924
SEND 1553576608 INTRODUCE 36 13618
SEND 1553576608 INTRODUCE 37 19755
SEND 1553576608 INTRODUCE 37 22970
SEND 1553576608 INTRODUCE 37 12342
SEND 1553576608 INTRODUCE 36 18018
SEND 1553576608 INTRODUCE 37 28030
SEND 1553576608 INTRODUCE 37 14246
SEND 1553576608 INTRODUCE 36 13915
SEND 1553576608 INTRODUCE 37 13881
SEND 1553576608 INTRODUCE 36 18706
RECIEVED 1553576609 TRANSACTION 81 19 18
UPDATE 1553576609 TRANSACTION 20daf47b483cbf77ce33df027a0abba4
SEND 1553576609 TRANSACTION 81 15357 20daf47b483cbf77ce33df027a0abba4
SEND 1553576609 TRANSACTION 81 14424 20daf47b483cbf77ce33df027a0abba4
SEND 1553576609 TRANSACTION 81 14092 20daf47b483cbf77ce33df027a0abba4
SEND 1553576609 TRANSACTION 81 16459 20daf47b483cbf77ce33df027a0abba4
SEND 1553576609 TRANSACTION 81 16480 20daf47b483cbf77ce33df027a0abba4
SEND 1553576609 TRANSACTION 81 14391 20daf47b483cbf77ce33df027a0abba4
SEND 1553576609 TRANSACTION 81 17144 20daf47b483cbf77ce33df027a0abba4
SEND 1553576609 TRANSACTION 81 13325 20daf47b483cbf77ce33df027a0abba4
SEND 1553576609 TRANSACTION 81 12732 20daf47b483cbf77ce33df027a0abba4
SEND 1553576609 TRANSACTION 81 13732 20daf47b483cbf77ce33df027a0abba4
SEND 1553576609 TRANSACTION 81 21365 20daf47b483cbf77ce33df027a0abba4
RECIEVED 1553576609 TRANSACTION 81 19 19
RECIEVED 1553576609 TRANSACTION 81 19 19
RECIEVED 1553576609 TRANSACTION 81 19 19
RECIEVED 1553576609 TRANSACTION 81 19 19
RECIEVED 1553576609 TRANSACTION 81 19 19
RECIEVED 1553576609 TRANSACTION 81 19 19
RECIEVED 1553576609 TRANSACTION 81 19 19
RECIEVED 1553576609 TRANSACTION 81 19 19
RECIEVED 1553576609 INTRODUCE 36 19 19
RECIEVED 1553576609 INTRODUCE 37 19 19
RECIEVED 1553576609 INTRODUCE 37 19 19
RECIEVED 1553576609 TRANSACTION 81 19 19
UPDATE 1553576609 TRANSACTION 2b806d60d709defb3b505077ac163040
SEND 1553576609 TRANSACTION 81 13360 2b806d60d709defb3b505077ac163040
SEND 1553576609 TRANSACTION 81 13353 2b806d60d709defb3b505077ac163040
SEND 1553576609 TRANSACTION 81 14784 2b806d60d709defb3b505077ac163040
SEND 1553576609 TRANSACTION 81 11841 2b806d60d709defb3b505077ac163040
SEND 1553576609 TRANSACTION 81 10848 2b806d60d709defb3b505077ac163040
SEND 1553576609 TRANSACTION 81 15094 2b806d60d709defb3b505077ac163040
SEND 1553576609 TRANSACTION 81 21044 2b806d60d709defb3b505077ac163040
SEND 1553576609 TRANSACTION 81 14985 2b806d60d709defb3b505077ac163040
SEND 1553576609 TRANSACTION 81 22220 2b806d60d709defb3b505077ac163040
SEND 1553576609 TRANSACTION 81 15760 2b806d60d709defb3b505077ac163040
SEND 1553576609 TRANSACTION 81 13221 2b806d60d709defb3b505077ac163040
RECIEVED 1553576609 TRANSACTION 81 19 20
RECIEVED 1553576609 TRANSACTION 81 19 20
RECIEVED 1553576609 TRANSACTION 81 19 20
RECIEVED 1553576609 TRANSACTION 81 19 20
RECIEVED 1553576609 TRANSACTION 81 19 20
RECIEVED 1553576609 TRANSACTION 81 19 20
RECIEVED 1553576609 TRANSACTION 81 19 20
RECIEVED 1553576609 TRANSACTION 81 19 20
RECIEVED 1553576609 TRANSACTION 81 19 20
RECIEVED 1553576609 TRANSACTION 81 19 20
RECIEVED 1553576609 TRANSACTION 81 19 20
RECIEVED 1553576611 TRANSACTION 81 19 20
UPDATE 1553576611 TRANSACTION 8425d8e3b4183aeb41ac99da12e75a63
SEND 1553576611 TRANSACTION 81 13097 8425d8e3b4183aeb41ac99da12e75a63
SEND 1553576611 TRANSACTION 81 15970 8425d8e3b4183aeb41ac99da12e75a63
SEND 1553576611 TRANSACTION 81 16945 8425d8e3b4183aeb41ac99da12e75a63
SEND 1553576611 TRANSACTION 81 18364 8425d8e3b4183aeb41ac99da12e75a63
SEND 1553576611 TRANSACTION 81 15220 8425d8e3b4183aeb41ac99da12e75a63
SEND 1553576611 TRANSACTION 81 16502 8425d8e3b4183aeb41ac99da12e75a63
SEND 1553576611 TRANSACTION 81 13281 8425d8e3b4183aeb41ac99da12e75a63
SEND 1553576611 TRANSACTION 81 20254 8425d8e3b4183aeb41ac99da12e75a63
SEND 1553576611 TRANSACTION 81 15143 8425d8e3b4183aeb41ac99da12e75a63
SEND 1553576611 TRANSACTION 81 16130 8425d8e3b4183aeb41ac99da12e75a63
SEND 1553576611 TRANSACTION 81 15906 8425d8e3b4183aeb41ac99da12e75a63
RECIEVED 1553576611 TRANSACTION 81 19 21
RECIEVED 1553576611 TRANSACTION 81 19 21
RECIEVED 1553576611 TRANSACTION 81 19 21
RECIEVED 1553576611 TRANSACTION 81 19 21
RECIEVED 1553576611 TRANSACTION 81 19 21
RECIEVED 1553576611 TRANSACTION 81 19 21
RECIEVED 1553576611 TRANSACTION 81 19 21
RECIEVED 1553576611 TRANSACTION 81 19 21
RECIEVED 1553576611 TRANSACTION 81 19 21
RECIEVED 1553576611 TRANSACTION 81 19 21
UPDATE 1553576611 TRANSACTION 4da25f9f099d5d7bcfc8bf435f332f97
SEND 1553576611 TRANSACTION 81 18969 4da25f9f099d5d7bcfc8bf435f332f97
SEND 1553576611 TRANSACTION 81 15657 4da25f9f099d5d7bcfc8bf435f332f97
SEND 1553576611 TRANSACTION 81 29938 4da25f9f099d5d7bcfc8bf435f332f97
SEND 1553576611 TRANSACTION 81 15527 4da25f9f099d5d7bcfc8bf435f332f97
SEND 1553576611 TRANSACTION 81 13011 4da25f9f099d5d7bcfc8bf435f332f97
SEND 1553576611 TRANSACTION 81 12563 4da25f9f099d5d7bcfc8bf435f332f97
SEND 1553576611 TRANSACTION 81 15132 4da25f9f099d5d7bcfc8bf435f332f97
SEND 1553576611 TRANSACTION 81 15818 4da25f9f099d5d7bcfc8bf435f332f97
SEND 1553576611 TRANSACTION 81 15774 4da25f9f099d5d7bcfc8bf435f332f97
SEND 1553576611 TRANSACTION 81 15922 4da25f9f099d5d7bcfc8bf435f332f97
SEND 1553576611 TRANSACTION 81 14839 4da25f9f099d5d7bcfc8bf435f332f97
RECIEVED 1553576611 TRANSACTION 81 19 22
RECIEVED 1553576611 TRANSACTION 81 19 22
RECIEVED 1553576611 TRANSACTION 81 19 22
RECIEVED 1553576611 TRANSACTION 81 19 22
RECIEVED 1553576611 TRANSACTION 81 19 22
RECIEVED 1553576611 TRANSACTION 81 19 22
RECIEVED 1553576611 TRANSACTION 81 19 22
RECIEVED 1553576612 TRANSACTION 81 19 22
UPDATE 1553576612 TRANSACTION 09e73c7f80e65a76659833a2d0604c3b
SEND 1553576612 TRANSACTION 81 15004 09e73c7f80e65a76659833a2d0604c3b
SEND 1553576612 TRANSACTION 81 10460 09e73c7f80e65a76659833a2d0604c3b
SEND 1553576612 TRANSACTION 81 12264 09e73c7f80e65a76659833a2d0604c3b
SEND 1553576612 TRANSACTION 81 28420 09e73c7f80e65a76659833a2d0604c3b
SEND 1553576612 TRANSACTION 81 15057 09e73c7f80e65a76659833a2d0604c3b
SEND 1553576612 TRANSACTION 81 14317 09e73c7f80e65a76659833a2d0604c3b
SEND 1553576612 TRANSACTION 81 15331 09e73c7f80e65a76659833a2d0604c3b
SEND 1553576612 TRANSACTION 81 13509 09e73c7f80e65a76659833a2d0604c3b
SEND 1553576612 TRANSACTION 81 15692 09e73c7f80e65a76659833a2d0604c3b
SEND 1553576612 TRANSACTION 81 15640 09e73c7f80e65a76659833a2d0604c3b
SEND 1553576612 TRANSACTION 81 14912 09e73c7f80e65a76659833a2d0604c3b
RECIEVED 1553576612 TRANSACTION 81 19 23
RECIEVED 1553576612 TRANSACTION 81 19 23
RECIEVED 1553576612 TRANSACTION 81 19 23
RECIEVED 1553576612 TRANSACTION 81 19 23
RECIEVED 1553576612 TRANSACTION 81 19 23
RECIEVED 1553576612 TRANSACTION 81 19 23
RECIEVED 1553576612 TRANSACTION 81 19 23
RECIEVED 1553576612 TRANSACTION 81 19 23
RECIEVED 1553576612 TRANSACTION 81 19 23
RECIEVED 1553576613 TRANSACTION 79 19 23
UPDATE 1553576613 TRANSACTION 8975d90e993022d960f4b2b6bbbd90eb
SEND 1553576613 TRANSACTION 79 15498 8975d90e993022d960f4b2b6bbbd90eb
SEND 1553576613 TRANSACTION 79 11357 8975d90e993022d960f4b2b6bbbd90eb
SEND 1553576613 TRANSACTION 79 20382 8975d90e993022d960f4b2b6bbbd90eb
SEND 1553576613 TRANSACTION 79 13424 8975d90e993022d960f4b2b6bbbd90eb
SEND 1553576613 TRANSACTION 79 15276 8975d90e993022d960f4b2b6bbbd90eb
SEND 1553576613 TRANSACTION 79 11825 8975d90e993022d960f4b2b6bbbd90eb
SEND 1553576613 TRANSACTION 79 14272 8975d90e993022d960f4b2b6bbbd90eb
SEND 1553576613 TRANSACTION 79 15175 8975d90e993022d960f4b2b6bbbd90eb
SEND 1553576613 TRANSACTION 79 14980 8975d90e993022d960f4b2b6bbbd90eb
SEND 1553576613 TRANSACTION 79 15249 8975d90e993022d960f4b2b6bbbd90eb
SEND 1553576613 TRANSACTION 79 13953 8975d90e993022d960f4b2b6bbbd90eb
RECIEVED 1553576613 TRANSACTION 79 19 24
RECIEVED 1553576613 TRANSACTION 79 19 24
RECIEVED 1553576613 TRANSACTION 79 19 24
RECIEVED 1553576613 TRANSACTION 79 19 24
RECIEVED 1553576613 TRANSACTION 79 19 24
RECIEVED 1553576613 TRANSACTION 79 19 24
RECIEVED 1553576613 TRANSACTION 79 19 24
RECIEVED 1553576613 TRANSACTION 79 19 24
RECIEVED 1553576613 TRANSACTION 80 19 24
UPDATE 1553576613 TRANSACTION 8cb75307e96efb61ff8d9cdf0529a865
SEND 1553576613 TRANSACTION 80 14491 8cb75307e96efb61ff8d9cdf0529a865
SEND 1553576613 TRANSACTION 80 17729 8cb75307e96efb61ff8d9cdf0529a865
SEND 1553576613 TRANSACTION 80 16045 8cb75307e96efb61ff8d9cdf0529a865
SEND 1553576613 TRANSACTION 80 14395 8cb75307e96efb61ff8d9cdf0529a865
SEND 1553576613 TRANSACTION 80 12886 8cb75307e96efb61ff8d9cdf0529a865
SEND 1553576613 TRANSACTION 80 17037 8cb75307e96efb61ff8d9cdf0529a865
SEND 1553576613 TRANSACTION 80 14640 8cb75307e96efb61ff8d9cdf0529a865
SEND 1553576613 TRANSACTION 80 14128 8cb75307e96efb61ff8d9cdf0529a865
SEND 1553576613 TRANSACTION 80 12392 8cb75307e96efb61ff8d9cdf0529a865
SEND 1553576613 TRANSACTION 80 13035 8cb75307e96efb61ff8d9cdf0529a865
SEND 1553576613 TRANSACTION 80 14740 8cb75307e96efb61ff8d9cdf0529a865
RECIEVED 1553576613 TRANSACTION 80 19 25
RECIEVED 1553576613 TRANSACTION 80 19 25
RECIEVED 1553576613 TRANSACTION 80 19 25
RECIEVED 1553576613 TRANSACTION 80 19 25
RECIEVED 1553576613 TRANSACTION 80 19 25
RECIEVED 1553576613 TRANSACTION 80 19 25
RECIEVED 1553576613 TRANSACTION 80 19 25
RECIEVED 1553576613 TRANSACTION 80 19 25
RECIEVED 1553576613 TRANSACTION 80 19 25
RECIEVED 1553576613 TRANSACTION 80 19 25
RECIEVED 1553576613 TRANSACTION 80 19 25
RECIEVED 1553576613 TRANSACTION 80 19 25
RECIEVED 1553576613 TRANSACTION 80 19 25
RECIEVED 1553576613 TRANSACTION 81 19 25
UPDATE 1553576613 TRANSACTION 6d643b88916d38b5f9ba5bb978d142cf
SEND 1553576613 TRANSACTION 81 23874 6d643b88916d38b5f9ba5bb978d142cf
SEND 1553576613 TRANSACTION 81 12748 6d643b88916d38b5f9ba5bb978d142cf
SEND 1553576613 TRANSACTION 81 14123 6d643b88916d38b5f9ba5bb978d142cf
SEND 1553576613 TRANSACTION 81 14294 6d643b88916d38b5f9ba5bb978d142cf
SEND 1553576613 TRANSACTION 81 24845 6d643b88916d38b5f9ba5bb978d142cf
SEND 1553576613 TRANSACTION 81 13434 6d643b88916d38b5f9ba5bb978d142cf
SEND 1553576613 TRANSACTION 81 11690 6d643b88916d38b5f9ba5bb978d142cf
SEND 1553576613 TRANSACTION 81 16427 6d643b88916d38b5f9ba5bb978d142cf
SEND 1553576613 TRANSACTION 81 15173 6d643b88916d38b5f9ba5bb978d142cf
SEND 1553576613 TRANSACTION 81 15860 6d643b88916d38b5f9ba5bb978d142cf
SEND 1553576613 TRANSACTION 81 21976 6d643b88916d38b5f9ba5bb978d142cf
RECIEVED 1553576613 TRANSACTION 81 19 26
RECIEVED 1553576613 TRANSACTION 81 19 26
RECIEVED 1553576613 TRANSACTION 81 19 26
RECIEVED 1553576613 TRANSACTION 81 19 26
RECIEVED 1553576613 TRANSACTION 81 19 26
RECIEVED 1553576613 TRANSACTION 81 19 26
RECIEVED 1553576613 TRANSACTION 81 19 26
RECIEVED 1553576613 TRANSACTION 81 19 26
RECIEVED 1553576613 TRANSACTION 81 19 26
RECIEVED 1553576613 TRANSACTION 81 19 26
RECIEVED 1553576613 TRANSACTION 81 19 26
RECIEVED 1553576613 TRANSACTION 81 19 26
RECIEVED 1553576614 TRANSACTION 81 19 26
UPDATE 1553576614 TRANSACTION 1a58669ec9ab6814764e63364f27785e
SEND 1553576614 TRANSACTION 81 22927 1a58669ec9ab6814764e63364f27785e
SEND 1553576614 TRANSACTION 81 15878 1a58669ec9ab6814764e63364f27785e
SEND 1553576614 TRANSACTION 81 16575 1a58669ec9ab6814764e63364f27785e
SEND 1553576614 TRANSACTION 81 16253 1a58669ec9ab6814764e63364f27785e
SEND 1553576614 TRANSACTION 81 13614 1a58669ec9ab6814764e63364f27785e
SEND 1553576614 TRANSACTION 81 13502 1a58669ec9ab6814764e63364f27785e
SEND 1553576614 TRANSACTION 81 19438 1a58669ec9ab6814764e63364f27785e
SEND 1553576614 TRANSACTION 81 12134 1a58669ec9ab6814764e63364f27785e
SEND 1553576614 TRANSACTION 81 16001 1a58669ec9ab6814764e63364f27785e
SEND 1553576614 TRANSACTION 81 10765 1a58669ec9ab6814764e63364f27785e
SEND 1553576614 TRANSACTION 81 14388 1a58669ec9ab6814764e63364f27785e
RECIEVED 1553576614 TRANSACTION 81 19 27
RECIEVED 1553576614 TRANSACTION 81 19 27
RECIEVED 1553576614 TRANSACTION 81 19 27
RECIEVED 1553576614 TRANSACTION 81 19 27
RECIEVED 1553576614 TRANSACTION 81 19 27
RECIEVED 1553576614 TRANSACTION 81 19 27
RECIEVED 1553576614 TRANSACTION 81 19 27
RECIEVED 1553576614 TRANSACTION 81 19 27
RECIEVED 1553576616 TRANSACTION 80 19 27
UPDATE 1553576616 TRANSACTION 98418cf5712dc120f897e729fbd53ef7
SEND 1553576616 TRANSACTION 80 17015 98418cf5712dc120f897e729fbd53ef7
SEND 1553576616 TRANSACTION 80 24924 98418cf5712dc120f897e729fbd53ef7
SEND 1553576616 TRANSACTION 80 28938 98418cf5712dc120f897e729fbd53ef7
SEND 1553576616 TRANSACTION 80 15447 98418cf5712dc120f897e729fbd53ef7
SEND 1553576616 TRANSACTION 80 13541 98418cf5712dc120f897e729fbd53ef7
SEND 1553576616 TRANSACTION 80 16187 98418cf5712dc120f897e729fbd53ef7
SEND 1553576616 TRANSACTION 80 12552 98418cf5712dc120f897e729fbd53ef7
SEND 1553576616 TRANSACTION 80 15877 98418cf5712dc120f897e729fbd53ef7
SEND 1553576616 TRANSACTION 80 15544 98418cf5712dc120f897e729fbd53ef7
SEND 1553576616 TRANSACTION 80 16592 98418cf5712dc120f897e729fbd53ef7
SEND 1553576616 TRANSACTION 80 15499 98418cf5712dc120f897e729fbd53ef7
RECIEVED 1553576616 TRANSACTION 80 19 28
RECIEVED 1553576616 TRANSACTION 80 19 28
RECIEVED 1553576616 TRANSACTION 80 19 28
RECIEVED 1553576616 TRANSACTION 80 19 28
RECIEVED 1553576616 TRANSACTION 80 19 28
RECIEVED 1553576616 TRANSACTION 80 19 28
RECIEVED 1553576616 TRANSACTION 80 19 28
RECIEVED 1553576616 TRANSACTION 80 19 28
RECIEVED 1553576616 TRANSACTION 80 19 28
RECIEVED 1553576616 TRANSACTION 81 19 28
UPDATE 1553576616 TRANSACTION 00c0353fa13d90bf35d5107173b10912
SEND 1553576616 TRANSACTION 81 16480 00c0353fa13d90bf35d5107173b10912
SEND 1553576616 TRANSACTION 81 22458 00c0353fa13d90bf35d5107173b10912
SEND 1553576616 TRANSACTION 81 16687 00c0353fa13d90bf35d5107173b10912
SEND 1553576616 TRANSACTION 81 21703 00c0353fa13d90bf35d5107173b10912
SEND 1553576616 TRANSACTION 81 15473 00c0353fa13d90bf35d5107173b10912
SEND 1553576616 TRANSACTION 81 15287 00c0353fa13d90bf35d5107173b10912
SEND 1553576616 TRANSACTION 81 23543 00c0353fa13d90bf35d5107173b10912
SEND 1553576616 TRANSACTION 81 12831 00c0353fa13d90bf35d5107173b10912
SEND 1553576616 TRANSACTION 81 13347 00c0353fa13d90bf35d5107173b10912
SEND 1553576616 TRANSACTION 81 14658 00c0353fa13d90bf35d5107173b10912
SEND 1553576616 TRANSACTION 81 15079 00c0353fa13d90bf35d5107173b10912
RECIEVED 1553576616 TRANSACTION 81 19 29
RECIEVED 1553576616 TRANSACTION 81 19 29
RECIEVED 1553576616 TRANSACTION 81 19 29
RECIEVED 1553576616 TRANSACTION 81 19 29
RECIEVED 1553576616 TRANSACTION 81 19 29
RECIEVED 1553576616 TRANSACTION 81 19 29
RECIEVED 1553576617 TRANSACTION 81 19 29
UPDATE 1553576617 TRANSACTION bfa55658804a711a54f55709ac5cb010
SEND 1553576617 TRANSACTION 81 23769 bfa55658804a711a54f55709ac5cb010
SEND 1553576617 TRANSACTION 81 15955 bfa55658804a711a54f55709ac5cb010
SEND 1553576617 TRANSACTION 81 16100 bfa55658804a711a54f55709ac5cb010
SEND 1553576617 TRANSACTION 81 15169 bfa55658804a711a54f55709ac5cb010
SEND 1553576617 TRANSACTION 81 12324 bfa55658804a711a54f55709ac5cb010
SEND 1553576617 TRANSACTION 81 15415 bfa55658804a711a54f55709ac5cb010
SEND 1553576617 TRANSACTION 81 17392 bfa55658804a711a54f55709ac5cb010
SEND 1553576617 TRANSACTION 81 22229 bfa55658804a711a54f55709ac5cb010
SEND 1553576617 TRANSACTION 81 15546 bfa55658804a711a54f55709ac5cb010
SEND 1553576617 TRANSACTION 81 20210 bfa55658804a711a54f55709ac5cb010
SEND 1553576617 TRANSACTION 81 14067 bfa55658804a711a54f55709ac5cb010
RECIEVED 1553576617 TRANSACTION 81 19 30
RECIEVED 1553576617 TRANSACTION 81 19 30
RECIEVED 1553576617 TRANSACTION 81 19 30
RECIEVED 1553576617 TRANSACTION 81 19 30
RECIEVED 1553576617 TRANSACTION 81 19 30
RECIEVED 1553576617 TRANSACTION 81 19 30
RECIEVED 1553576617 TRANSACTION 81 19 30
RECIEVED 1553576617 TRANSACTION 81 19 30
RECIEVED 1553576617 TRANSACTION 81 19 30
RECIEVED 1553576617 TRANSACTION 81 19 30
RECIEVED 1553576618 HB 3 19 30
SEND 1553576618 INTRODUCE 37 50061
SEND 1553576618 INTRODUCE 37 14287
SEND 1553576618 INTRODUCE 36 12798
SEND 1553576618 INTRODUCE 36 16170
SEND 1553576618 INTRODUCE 37 13394
SEND 1553576618 INTRODUCE 37 11862
SEND 1553576618 INTRODUCE 36 13789
SEND 1553576618 INTRODUCE 37 12162
SEND 1553576618 INTRODUCE 37 12121
RECIEVED 1553576620 TRANSACTION 80 19 30
UPDATE 1553576620 TRANSACTION 595a414b1839d5887bbb7a762b9e053a
SEND 1553576620 TRANSACTION 80 17864 595a414b1839d5887bbb7a762b9e053a
SEND 1553576620 TRANSACTION 80 15549 595a414b1839d5887bbb7a762b9e053a
SEND 1553576620 TRANSACTION 80 23579 595a414b1839d5887bbb7a762b9e053a
SEND 1553576620 TRANSACTION 80 15759 595a414b1839d5887bbb7a762b9e053a
SEND 1553576620 TRANSACTION 80 14768 595a414b1839d5887bbb7a762b9e053a
SEND 1553576620 TRANSACTION 80 15847 595a414b1839d5887bbb7a762b9e053a
SEND 1553576620 TRANSACTION 80 12320 595a414b1839d5887bbb7a762b9e053a
SEND 1553576620 TRANSACTION 80 16020 595a414b1839d5887bbb7a762b9e053a
SEND 1553576620 TRANSACTION 80 15762 595a414b1839d5887bbb7a762b9e053a
SEND 1553576620 TRANSACTION 80 17293 595a414b1839d5887bbb7a762b9e053a
SEND 1553576620 TRANSACTION 80 14895 595a414b1839d5887bbb7a762b9e053a
RECIEVED 1553576620 TRANSACTION 80 19 31
RECIEVED 1553576620 TRANSACTION 80 19 31
RECIEVED 1553576620 TRANSACTION 80 19 31
RECIEVED 1553576620 TRANSACTION 80 19 31
RECIEVED 1553576620 TRANSACTION 80 19 31
RECIEVED 1553576620 TRANSACTION 80 19 31
RECIEVED 1553576620 TRANSACTION 80 19 31
RECIEVED 1553576620 TRANSACTION 80 19 31
RECIEVED 1553576620 TRANSACTION 80 19 31
RECIEVED 1553576620 TRANSACTION 80 19 31
RECIEVED 1553576620 TRANSACTION 80 19 31
RECIEVED 1553576623 TRANSACTION 81 19 31
UPDATE 1553576623 TRANSACTION 86663770bbc8e6cb3565039e8c995391
SEND 1553576623 TRANSACTION 81 14985 86663770bbc8e6cb3565039e8c995391
SEND 1553576623 TRANSACTION 81 10715 86663770bbc8e6cb3565039e8c995391
SEND 1553576623 TRANSACTION 81 15044 86663770bbc8e6cb3565039e8c995391
SEND 1553576623 TRANSACTION 81 14777 86663770bbc8e6cb3565039e8c995391
SEND 1553576623 TRANSACTION 81 18011 86663770bbc8e6cb3565039e8c995391
SEND 1553576623 TRANSACTION 81 12279 86663770bbc8e6cb3565039e8c995391
SEND 1553576623 TRANSACTION 81 13407 86663770bbc8e6cb3565039e8c995391
SEND 1553576623 TRANSACTION 81 17185 86663770bbc8e6cb3565039e8c995391
SEND 1553576623 TRANSACTION 81 15724 86663770bbc8e6cb3565039e8c995391
SEND 1553576623 TRANSACTION 81 13528 86663770bbc8e6cb3565039e8c995391
RECIEVED 1553576623 TRANSACTION 81 19 32
RECIEVED 1553576623 TRANSACTION 81 19 32
RECIEVED 1553576623 TRANSACTION 81 19 32
RECIEVED 1553576623 TRANSACTION 81 19 32
RECIEVED 1553576623 TRANSACTION 81 19 32
RECIEVED 1553576623 TRANSACTION 81 19 32
RECIEVED 1553576623 TRANSACTION 81 19 32
RECIEVED 1553576623 TRANSACTION 81 19 32
RECIEVED 1553576623 TRANSACTION 81 19 32
RECIEVED 1553576623 TRANSACTION 81 19 32
RECIEVED 1553576623 TRANSACTION 81 19 32
RECIEVED 1553576623 TRANSACTION 81 19 32
# Failed listening 
%!(EXTRA string=node11)# ERROR: read tcp 172.22.158.205:46924->172.22.158.205:8011: read: connection reset by peer
RECIEVED 1553576628 HB 3 19 32
SEND 1553576628 INTRODUCE 37 51900
SEND 1553576628 INTRODUCE 36 14194
SEND 1553576628 INTRODUCE 36 13302
SEND 1553576628 INTRODUCE 37 13856
RECIEVED 1553576628 TRANSACTION 80 19 32
UPDATE 1553576628 TRANSACTION 53a96fa288c24861730abdeefa15a417
SEND 1553576628 TRANSACTION 80 15776 53a96fa288c24861730abdeefa15a417
# Failed sending to node node11
# ERROR: write tcp 172.22.158.205:46924->172.22.158.205:8011: write: broken pipe
# Could not send message to node11
SEND 1553576628 TRANSACTION 80 14856 53a96fa288c24861730abdeefa15a417
SEND 1553576629 TRANSACTION 80 12666 53a96fa288c24861730abdeefa15a417
SEND 1553576629 TRANSACTION 80 15885 53a96fa288c24861730abdeefa15a417
SEND 1553576629 TRANSACTION 80 11715 53a96fa288c24861730abdeefa15a417
SEND 1553576629 TRANSACTION 80 12791 53a96fa288c24861730abdeefa15a417
SEND 1553576629 TRANSACTION 80 11802 53a96fa288c24861730abdeefa15a417
SEND 1553576629 TRANSACTION 80 25797 53a96fa288c24861730abdeefa15a417
SEND 1553576629 TRANSACTION 80 15537 53a96fa288c24861730abdeefa15a417
SEND 1553576629 TRANSACTION 80 16409 53a96fa288c24861730abdeefa15a417
SEND 1553576629 TRANSACTION 80 13540 53a96fa288c24861730abdeefa15a417
RECIEVED 1553576629 TRANSACTION 80 18 33
RECIEVED 1553576629 TRANSACTION 80 18 33
RECIEVED 1553576629 TRANSACTION 80 18 33
RECIEVED 1553576629 TRANSACTION 80 18 33
RECIEVED 1553576629 TRANSACTION 80 18 33
RECIEVED 1553576629 TRANSACTION 80 18 33
RECIEVED 1553576629 TRANSACTION 80 18 33
RECIEVED 1553576629 TRANSACTION 80 18 33
RECIEVED 1553576629 TRANSACTION 80 18 33
RECIEVED 1553576629 TRANSACTION 80 18 33
RECIEVED 1553576629 TRANSACTION 80 18 33
RECIEVED 1553576629 INTRODUCE 36 18 33
RECIEVED 1553576629 INTRODUCE 36 18 33
RECIEVED 1553576629 INTRODUCE 36 18 33
RECIEVED 1553576629 INTRODUCE 37 18 33
RECIEVED 1553576629 INTRODUCE 37 18 33
RECIEVED 1553576629 INTRODUCE 36 18 33
RECIEVED 1553576629 INTRODUCE 36 18 33
RECIEVED 1553576629 INTRODUCE 37 18 33
RECIEVED 1553576629 TRANSACTION 80 18 33
RECIEVED 1553576630 INTRODUCE 36 18 33
RECIEVED 1553576630 INTRODUCE 37 18 33
SEND 1553576630 INTRODUCE 37 20819
SEND 1553576630 INTRODUCE 37 19967
SEND 1553576630 INTRODUCE 37 14982
SEND 1553576630 INTRODUCE 37 15638
SEND 1553576630 INTRODUCE 37 15585
SEND 1553576630 INTRODUCE 37 18786
SEND 1553576630 INTRODUCE 37 17098
SEND 1553576630 INTRODUCE 37 17426
SEND 1553576630 INTRODUCE 37 16992
SEND 1553576630 INTRODUCE 37 17607
SEND 1553576630 INTRODUCE 37 17243
SEND 1553576630 INTRODUCE 37 17321
SEND 1553576630 INTRODUCE 37 24123
SEND 1553576630 INTRODUCE 37 17806
SEND 1553576630 INTRODUCE 37 17555
SEND 1553576630 INTRODUCE 37 17590
SEND 1553576630 INTRODUCE 37 24218
SEND 1553576630 INTRODUCE 37 17089
SEND 1553576630 JOIN 31 18858
RECIEVED 1553576630 INTRODUCE 36 19 33
RECIEVED 1553576630 INTRODUCE 36 19 33
RECIEVED 1553576630 INTRODUCE 37 19 33
RECIEVED 1553576630 INTRODUCE 36 19 33
RECIEVED 1553576630 INTRODUCE 36 19 33
RECIEVED 1553576630 INTRODUCE 36 19 33
RECIEVED 1553576630 INTRODUCE 36 19 33
RECIEVED 1553576630 INTRODUCE 37 19 33
RECIEVED 1553576630 INTRODUCE 37 19 33
RECIEVED 1553576633 TRANSACTION 79 19 33
UPDATE 1553576633 TRANSACTION 94527e1beb87627aa1f121875981b232
SEND 1553576633 TRANSACTION 79 22845 94527e1beb87627aa1f121875981b232
SEND 1553576633 TRANSACTION 79 22964 94527e1beb87627aa1f121875981b232
SEND 1553576633 TRANSACTION 79 16463 94527e1beb87627aa1f121875981b232
SEND 1553576633 TRANSACTION 79 15810 94527e1beb87627aa1f121875981b232
SEND 1553576633 TRANSACTION 79 16358 94527e1beb87627aa1f121875981b232
SEND 1553576633 TRANSACTION 79 14175 94527e1beb87627aa1f121875981b232
SEND 1553576633 TRANSACTION 79 20736 94527e1beb87627aa1f121875981b232
SEND 1553576633 TRANSACTION 79 15294 94527e1beb87627aa1f121875981b232
SEND 1553576633 TRANSACTION 79 14592 94527e1beb87627aa1f121875981b232
SEND 1553576633 TRANSACTION 79 14770 94527e1beb87627aa1f121875981b232
RECIEVED 1553576633 TRANSACTION 79 19 34
RECIEVED 1553576633 TRANSACTION 79 19 34
RECIEVED 1553576633 TRANSACTION 79 19 34
RECIEVED 1553576633 TRANSACTION 79 19 34
RECIEVED 1553576633 TRANSACTION 79 19 34
RECIEVED 1553576633 TRANSACTION 79 19 34
RECIEVED 1553576633 TRANSACTION 79 19 34
RECIEVED 1553576633 TRANSACTION 79 19 34
RECIEVED 1553576633 TRANSACTION 79 19 34
RECIEVED 1553576633 TRANSACTION 79 19 34
RECIEVED 1553576633 TRANSACTION 79 19 34
RECIEVED 1553576633 TRANSACTION 79 19 34
RECIEVED 1553576633 TRANSACTION 81 19 34
UPDATE 1553576633 TRANSACTION 943eb9f19fb197f2013c864899689b3b
SEND 1553576633 TRANSACTION 81 14216 943eb9f19fb197f2013c864899689b3b
SEND 1553576633 TRANSACTION 81 16142 943eb9f19fb197f2013c864899689b3b
SEND 1553576633 TRANSACTION 81 14879 943eb9f19fb197f2013c864899689b3b
SEND 1553576633 TRANSACTION 81 12309 943eb9f19fb197f2013c864899689b3b
SEND 1553576633 TRANSACTION 81 11721 943eb9f19fb197f2013c864899689b3b
SEND 1553576633 TRANSACTION 81 21717 943eb9f19fb197f2013c864899689b3b
SEND 1553576633 TRANSACTION 81 20576 943eb9f19fb197f2013c864899689b3b
SEND 1553576633 TRANSACTION 81 11916 943eb9f19fb197f2013c864899689b3b
SEND 1553576633 TRANSACTION 81 14279 943eb9f19fb197f2013c864899689b3b
SEND 1553576633 TRANSACTION 81 16005 943eb9f19fb197f2013c864899689b3b
SEND 1553576633 TRANSACTION 81 13008 943eb9f19fb197f2013c864899689b3b
RECIEVED 1553576633 TRANSACTION 81 19 35
RECIEVED 1553576633 TRANSACTION 81 19 35
RECIEVED 1553576633 TRANSACTION 81 19 35
RECIEVED 1553576633 TRANSACTION 81 19 35
RECIEVED 1553576633 TRANSACTION 81 19 35
RECIEVED 1553576633 TRANSACTION 81 19 35
RECIEVED 1553576633 TRANSACTION 81 19 35
RECIEVED 1553576633 TRANSACTION 81 19 35
RECIEVED 1553576633 TRANSACTION 81 19 35
RECIEVED 1553576633 TRANSACTION 81 19 35
RECIEVED 1553576633 TRANSACTION 81 19 35
RECIEVED 1553576633 TRANSACTION 81 19 35
UPDATE 1553576633 TRANSACTION 2bc3ccc0c995f78ab01430376afac670
SEND 1553576633 TRANSACTION 81 16074 2bc3ccc0c995f78ab01430376afac670
SEND 1553576633 TRANSACTION 81 14656 2bc3ccc0c995f78ab01430376afac670
SEND 1553576633 TRANSACTION 81 14855 2bc3ccc0c995f78ab01430376afac670
SEND 1553576633 TRANSACTION 81 15169 2bc3ccc0c995f78ab01430376afac670
SEND 1553576633 TRANSACTION 81 15691 2bc3ccc0c995f78ab01430376afac670
SEND 1553576633 TRANSACTION 81 14770 2bc3ccc0c995f78ab01430376afac670
SEND 1553576633 TRANSACTION 81 12474 2bc3ccc0c995f78ab01430376afac670
SEND 1553576633 TRANSACTION 81 12429 2bc3ccc0c995f78ab01430376afac670
SEND 1553576633 TRANSACTION 81 13480 2bc3ccc0c995f78ab01430376afac670
SEND 1553576633 TRANSACTION 81 15798 2bc3ccc0c995f78ab01430376afac670
SEND 1553576633 TRANSACTION 81 15983 2bc3ccc0c995f78ab01430376afac670
RECIEVED 1553576633 TRANSACTION 81 19 36
RECIEVED 1553576633 TRANSACTION 81 19 36
RECIEVED 1553576633 TRANSACTION 81 19 36
RECIEVED 1553576633 TRANSACTION 81 19 36
RECIEVED 1553576633 TRANSACTION 81 19 36
RECIEVED 1553576633 TRANSACTION 81 19 36
RECIEVED 1553576633 TRANSACTION 81 19 36
RECIEVED 1553576633 TRANSACTION 81 19 36
RECIEVED 1553576634 TRANSACTION 81 19 36
RECIEVED 1553576634 TRANSACTION 81 19 36
UPDATE 1553576634 TRANSACTION 20c5d5fca75f2c3cfdd9704cb6fd641c
SEND 1553576634 TRANSACTION 81 22760 20c5d5fca75f2c3cfdd9704cb6fd641c
SEND 1553576634 TRANSACTION 81 15147 20c5d5fca75f2c3cfdd9704cb6fd641c
SEND 1553576634 TRANSACTION 81 11356 20c5d5fca75f2c3cfdd9704cb6fd641c
SEND 1553576634 TRANSACTION 81 13874 20c5d5fca75f2c3cfdd9704cb6fd641c
SEND 1553576634 TRANSACTION 81 14802 20c5d5fca75f2c3cfdd9704cb6fd641c
SEND 1553576634 TRANSACTION 81 14307 20c5d5fca75f2c3cfdd9704cb6fd641c
SEND 1553576634 TRANSACTION 81 10984 20c5d5fca75f2c3cfdd9704cb6fd641c
SEND 1553576634 TRANSACTION 81 13734 20c5d5fca75f2c3cfdd9704cb6fd641c
SEND 1553576634 TRANSACTION 81 12391 20c5d5fca75f2c3cfdd9704cb6fd641c
SEND 1553576634 TRANSACTION 81 13435 20c5d5fca75f2c3cfdd9704cb6fd641c
SEND 1553576634 TRANSACTION 81 13578 20c5d5fca75f2c3cfdd9704cb6fd641c
RECIEVED 1553576634 TRANSACTION 81 19 37
RECIEVED 1553576634 TRANSACTION 81 19 37
RECIEVED 1553576634 TRANSACTION 81 19 37
RECIEVED 1553576634 TRANSACTION 81 19 37
RECIEVED 1553576634 TRANSACTION 81 19 37
RECIEVED 1553576634 TRANSACTION 81 19 37
RECIEVED 1553576634 TRANSACTION 81 19 37
RECIEVED 1553576634 TRANSACTION 81 19 37
RECIEVED 1553576634 TRANSACTION 81 19 37
RECIEVED 1553576634 TRANSACTION 81 19 37
RECIEVED 1553576634 TRANSACTION 81 19 37
RECIEVED 1553576634 TRANSACTION 81 19 37
RECIEVED 1553576634 TRANSACTION 81 19 37
UPDATE 1553576634 TRANSACTION aeadb07a0d57d937db208c74b7d03676
SEND 1553576634 TRANSACTION 81 12593 aeadb07a0d57d937db208c74b7d03676
SEND 1553576634 TRANSACTION 81 14012 aeadb07a0d57d937db208c74b7d03676
SEND 1553576634 TRANSACTION 81 14352 aeadb07a0d57d937db208c74b7d03676
SEND 1553576634 TRANSACTION 81 19809 aeadb07a0d57d937db208c74b7d03676
SEND 1553576634 TRANSACTION 81 20195 aeadb07a0d57d937db208c74b7d03676
SEND 1553576634 TRANSACTION 81 20633 aeadb07a0d57d937db208c74b7d03676
SEND 1553576634 TRANSACTION 81 11355 aeadb07a0d57d937db208c74b7d03676
SEND 1553576634 TRANSACTION 81 11480 aeadb07a0d57d937db208c74b7d03676
SEND 1553576634 TRANSACTION 81 12535 aeadb07a0d57d937db208c74b7d03676
SEND 1553576634 TRANSACTION 81 13827 aeadb07a0d57d937db208c74b7d03676
SEND 1553576634 TRANSACTION 81 18818 aeadb07a0d57d937db208c74b7d03676
RECIEVED 1553576634 TRANSACTION 81 19 38
RECIEVED 1553576634 TRANSACTION 81 19 38
RECIEVED 1553576634 TRANSACTION 81 19 38
RECIEVED 1553576634 TRANSACTION 81 19 38
RECIEVED 1553576634 TRANSACTION 81 19 38
RECIEVED 1553576634 TRANSACTION 81 19 38
RECIEVED 1553576634 TRANSACTION 81 19 38
RECIEVED 1553576634 TRANSACTION 81 19 38
RECIEVED 1553576634 TRANSACTION 81 19 38
RECIEVED 1553576634 TRANSACTION 81 19 38
RECIEVED 1553576637 TRANSACTION 82 19 38
UPDATE 1553576637 TRANSACTION 9ce538f0f5b6b55817f367d0540555f1
SEND 1553576637 TRANSACTION 82 13992 9ce538f0f5b6b55817f367d0540555f1
SEND 1553576637 TRANSACTION 82 21866 9ce538f0f5b6b55817f367d0540555f1
SEND 1553576637 TRANSACTION 82 14526 9ce538f0f5b6b55817f367d0540555f1
SEND 1553576637 TRANSACTION 82 12262 9ce538f0f5b6b55817f367d0540555f1
SEND 1553576637 TRANSACTION 82 11680 9ce538f0f5b6b55817f367d0540555f1
SEND 1553576637 TRANSACTION 82 12973 9ce538f0f5b6b55817f367d0540555f1
SEND 1553576637 TRANSACTION 82 12688 9ce538f0f5b6b55817f367d0540555f1
SEND 1553576637 TRANSACTION 82 14123 9ce538f0f5b6b55817f367d0540555f1
SEND 1553576637 TRANSACTION 82 12477 9ce538f0f5b6b55817f367d0540555f1
SEND 1553576637 TRANSACTION 82 15105 9ce538f0f5b6b55817f367d0540555f1
SEND 1553576637 TRANSACTION 82 14611 9ce538f0f5b6b55817f367d0540555f1
RECIEVED 1553576637 TRANSACTION 82 19 39
RECIEVED 1553576637 TRANSACTION 82 19 39
RECIEVED 1553576637 TRANSACTION 82 19 39
RECIEVED 1553576637 TRANSACTION 82 19 39
RECIEVED 1553576637 TRANSACTION 82 19 39
RECIEVED 1553576637 TRANSACTION 82 19 39
RECIEVED 1553576637 TRANSACTION 82 19 39
RECIEVED 1553576637 TRANSACTION 82 19 39
RECIEVED 1553576637 TRANSACTION 82 19 39
RECIEVED 1553576637 TRANSACTION 82 19 39
RECIEVED 1553576638 HB 3 19 39
SEND 1553576638 INTRODUCE 36 51079
SEND 1553576638 INTRODUCE 36 19336
SEND 1553576638 INTRODUCE 37 14138
SEND 1553576638 INTRODUCE 36 15954
SEND 1553576638 INTRODUCE 36 14657
RECIEVED 1553576638 INTRODUCE 36 19 39
RECIEVED 1553576638 INTRODUCE 36 19 39
RECIEVED 1553576638 INTRODUCE 36 19 39
RECIEVED 1553576638 INTRODUCE 37 19 39
RECIEVED 1553576638 INTRODUCE 37 19 39
RECIEVED 1553576638 INTRODUCE 36 19 39
RECIEVED 1553576639 TRANSACTION 81 19 39
UPDATE 1553576639 TRANSACTION 8e97d05beec04388b56dde0661507f18
SEND 1553576639 TRANSACTION 81 19355 8e97d05beec04388b56dde0661507f18
SEND 1553576639 TRANSACTION 81 12879 8e97d05beec04388b56dde0661507f18
SEND 1553576639 TRANSACTION 81 11642 8e97d05beec04388b56dde0661507f18
SEND 1553576639 TRANSACTION 81 15090 8e97d05beec04388b56dde0661507f18
SEND 1553576639 TRANSACTION 81 15000 8e97d05beec04388b56dde0661507f18
SEND 1553576639 TRANSACTION 81 12668 8e97d05beec04388b56dde0661507f18
SEND 1553576639 TRANSACTION 81 11869 8e97d05beec04388b56dde0661507f18
SEND 1553576639 TRANSACTION 81 11525 8e97d05beec04388b56dde0661507f18
SEND 1553576639 TRANSACTION 81 12406 8e97d05beec04388b56dde0661507f18
SEND 1553576639 TRANSACTION 81 12269 8e97d05beec04388b56dde0661507f18
SEND 1553576639 TRANSACTION 81 20236 8e97d05beec04388b56dde0661507f18
RECIEVED 1553576639 TRANSACTION 81 19 40
RECIEVED 1553576639 TRANSACTION 81 19 40
RECIEVED 1553576639 TRANSACTION 81 19 40
RECIEVED 1553576639 TRANSACTION 81 19 40
RECIEVED 1553576639 INTRODUCE 36 19 40
RECIEVED 1553576639 INTRODUCE 36 19 40
RECIEVED 1553576639 INTRODUCE 36 19 40
RECIEVED 1553576639 TRANSACTION 79 19 40
UPDATE 1553576639 TRANSACTION d69cd3dde6da75d2e2ab94d0128a1287
SEND 1553576639 TRANSACTION 79 16700 d69cd3dde6da75d2e2ab94d0128a1287
SEND 1553576639 TRANSACTION 79 15308 d69cd3dde6da75d2e2ab94d0128a1287
SEND 1553576639 TRANSACTION 79 13858 d69cd3dde6da75d2e2ab94d0128a1287
SEND 1553576639 TRANSACTION 79 34631 d69cd3dde6da75d2e2ab94d0128a1287
SEND 1553576639 TRANSACTION 79 17010 d69cd3dde6da75d2e2ab94d0128a1287
SEND 1553576639 TRANSACTION 79 13756 d69cd3dde6da75d2e2ab94d0128a1287
SEND 1553576639 TRANSACTION 79 15367 d69cd3dde6da75d2e2ab94d0128a1287
SEND 1553576639 TRANSACTION 79 13980 d69cd3dde6da75d2e2ab94d0128a1287
SEND 1553576639 TRANSACTION 79 19223 d69cd3dde6da75d2e2ab94d0128a1287
SEND 1553576639 TRANSACTION 79 14904 d69cd3dde6da75d2e2ab94d0128a1287
SEND 1553576639 TRANSACTION 79 20570 d69cd3dde6da75d2e2ab94d0128a1287
RECIEVED 1553576639 TRANSACTION 79 19 41
RECIEVED 1553576639 TRANSACTION 79 19 41
RECIEVED 1553576639 TRANSACTION 79 19 41
RECIEVED 1553576639 TRANSACTION 79 19 41
RECIEVED 1553576639 TRANSACTION 79 19 41
RECIEVED 1553576639 TRANSACTION 79 19 41
RECIEVED 1553576639 TRANSACTION 79 19 41
RECIEVED 1553576639 TRANSACTION 79 19 41
RECIEVED 1553576640 TRANSACTION 80 19 41
UPDATE 1553576640 TRANSACTION abc3881bc6b9f514f8f05f45ba0d7089
SEND 1553576640 TRANSACTION 80 15988 abc3881bc6b9f514f8f05f45ba0d7089
SEND 1553576640 TRANSACTION 80 13529 abc3881bc6b9f514f8f05f45ba0d7089
SEND 1553576640 TRANSACTION 80 12353 abc3881bc6b9f514f8f05f45ba0d7089
SEND 1553576640 TRANSACTION 80 21323 abc3881bc6b9f514f8f05f45ba0d7089
SEND 1553576640 TRANSACTION 80 15378 abc3881bc6b9f514f8f05f45ba0d7089
SEND 1553576640 TRANSACTION 80 21011 abc3881bc6b9f514f8f05f45ba0d7089
SEND 1553576640 TRANSACTION 80 19988 abc3881bc6b9f514f8f05f45ba0d7089
SEND 1553576640 TRANSACTION 80 14662 abc3881bc6b9f514f8f05f45ba0d7089
SEND 1553576640 TRANSACTION 80 14352 abc3881bc6b9f514f8f05f45ba0d7089
SEND 1553576640 TRANSACTION 80 15152 abc3881bc6b9f514f8f05f45ba0d7089
SEND 1553576640 TRANSACTION 80 10647 abc3881bc6b9f514f8f05f45ba0d7089
RECIEVED 1553576640 TRANSACTION 80 19 42
RECIEVED 1553576640 TRANSACTION 80 19 42
RECIEVED 1553576640 TRANSACTION 80 19 42
RECIEVED 1553576640 TRANSACTION 80 19 42
RECIEVED 1553576640 TRANSACTION 80 19 42
RECIEVED 1553576640 TRANSACTION 80 19 42
RECIEVED 1553576640 TRANSACTION 80 19 42
RECIEVED 1553576640 TRANSACTION 80 19 42
RECIEVED 1553576640 TRANSACTION 80 19 42
RECIEVED 1553576640 TRANSACTION 81 19 42
UPDATE 1553576640 TRANSACTION e3c87d7206e0615cc26cdb83d0804575
SEND 1553576640 TRANSACTION 81 15321 e3c87d7206e0615cc26cdb83d0804575
SEND 1553576640 TRANSACTION 81 10884 e3c87d7206e0615cc26cdb83d0804575
SEND 1553576640 TRANSACTION 81 16045 e3c87d7206e0615cc26cdb83d0804575
SEND 1553576640 TRANSACTION 81 19648 e3c87d7206e0615cc26cdb83d0804575
SEND 1553576640 TRANSACTION 81 10908 e3c87d7206e0615cc26cdb83d0804575
SEND 1553576640 TRANSACTION 81 13704 e3c87d7206e0615cc26cdb83d0804575
SEND 1553576640 TRANSACTION 81 14134 e3c87d7206e0615cc26cdb83d0804575
SEND 1553576640 TRANSACTION 81 20585 e3c87d7206e0615cc26cdb83d0804575
SEND 1553576640 TRANSACTION 81 20062 e3c87d7206e0615cc26cdb83d0804575
SEND 1553576640 TRANSACTION 81 15520 e3c87d7206e0615cc26cdb83d0804575
SEND 1553576640 TRANSACTION 81 21269 e3c87d7206e0615cc26cdb83d0804575
RECIEVED 1553576640 TRANSACTION 81 19 43
RECIEVED 1553576640 TRANSACTION 81 19 43
RECIEVED 1553576640 TRANSACTION 81 19 43
RECIEVED 1553576640 TRANSACTION 81 19 43
RECIEVED 1553576640 TRANSACTION 81 19 43
RECIEVED 1553576640 TRANSACTION 81 19 43
RECIEVED 1553576640 TRANSACTION 81 19 43
RECIEVED 1553576640 TRANSACTION 81 19 43
RECIEVED 1553576640 TRANSACTION 81 19 43
RECIEVED 1553576640 TRANSACTION 81 19 43
RECIEVED 1553576640 TRANSACTION 81 19 43
UPDATE 1553576640 TRANSACTION 17b316c12c817f2274c71aec29bdc84b
SEND 1553576640 TRANSACTION 81 13994 17b316c12c817f2274c71aec29bdc84b
SEND 1553576640 TRANSACTION 81 11815 17b316c12c817f2274c71aec29bdc84b
SEND 1553576640 TRANSACTION 81 22319 17b316c12c817f2274c71aec29bdc84b
SEND 1553576640 TRANSACTION 81 11787 17b316c12c817f2274c71aec29bdc84b
SEND 1553576640 TRANSACTION 81 11976 17b316c12c817f2274c71aec29bdc84b
SEND 1553576640 TRANSACTION 81 13620 17b316c12c817f2274c71aec29bdc84b
SEND 1553576640 TRANSACTION 81 13403 17b316c12c817f2274c71aec29bdc84b
SEND 1553576640 TRANSACTION 81 11672 17b316c12c817f2274c71aec29bdc84b
SEND 1553576640 TRANSACTION 81 20837 17b316c12c817f2274c71aec29bdc84b
SEND 1553576640 TRANSACTION 81 13784 17b316c12c817f2274c71aec29bdc84b
SEND 1553576640 TRANSACTION 81 15247 17b316c12c817f2274c71aec29bdc84b
RECIEVED 1553576640 TRANSACTION 81 19 44
RECIEVED 1553576640 TRANSACTION 81 19 44
RECIEVED 1553576640 TRANSACTION 81 19 44
RECIEVED 1553576640 TRANSACTION 81 19 44
RECIEVED 1553576640 TRANSACTION 81 19 44
RECIEVED 1553576640 TRANSACTION 81 19 44
RECIEVED 1553576640 TRANSACTION 81 19 44
RECIEVED 1553576640 TRANSACTION 81 19 44
RECIEVED 1553576640 TRANSACTION 81 19 44
RECIEVED 1553576640 TRANSACTION 81 19 44
RECIEVED 1553576640 TRANSACTION 81 19 44
RECIEVED 1553576641 TRANSACTION 80 19 44
UPDATE 1553576641 TRANSACTION 2c05aaf1e095e934ad3984cf0a0ddc9e
SEND 1553576641 TRANSACTION 80 14862 2c05aaf1e095e934ad3984cf0a0ddc9e
SEND 1553576641 TRANSACTION 80 13757 2c05aaf1e095e934ad3984cf0a0ddc9e
SEND 1553576641 TRANSACTION 80 14179 2c05aaf1e095e934ad3984cf0a0ddc9e
SEND 1553576641 TRANSACTION 80 17544 2c05aaf1e095e934ad3984cf0a0ddc9e
SEND 1553576641 TRANSACTION 80 14757 2c05aaf1e095e934ad3984cf0a0ddc9e
SEND 1553576641 TRANSACTION 80 20386 2c05aaf1e095e934ad3984cf0a0ddc9e
SEND 1553576641 TRANSACTION 80 14069 2c05aaf1e095e934ad3984cf0a0ddc9e
SEND 1553576641 TRANSACTION 80 15393 2c05aaf1e095e934ad3984cf0a0ddc9e
SEND 1553576641 TRANSACTION 80 17760 2c05aaf1e095e934ad3984cf0a0ddc9e
SEND 1553576641 TRANSACTION 80 12419 2c05aaf1e095e934ad3984cf0a0ddc9e
SEND 1553576641 TRANSACTION 80 14596 2c05aaf1e095e934ad3984cf0a0ddc9e
RECIEVED 1553576641 TRANSACTION 80 19 45
RECIEVED 1553576641 TRANSACTION 80 19 45
RECIEVED 1553576641 TRANSACTION 80 19 45
RECIEVED 1553576641 TRANSACTION 80 19 45
RECIEVED 1553576641 TRANSACTION 80 19 45
RECIEVED 1553576641 TRANSACTION 80 19 45
RECIEVED 1553576641 TRANSACTION 80 19 45
RECIEVED 1553576641 TRANSACTION 80 19 45
RECIEVED 1553576641 TRANSACTION 80 19 45
RECIEVED 1553576641 TRANSACTION 80 19 45
UPDATE 1553576641 TRANSACTION 095a4b799eaf2079dc6ec85e93229fde
SEND 1553576641 TRANSACTION 80 21802 095a4b799eaf2079dc6ec85e93229fde
SEND 1553576641 TRANSACTION 80 14592 095a4b799eaf2079dc6ec85e93229fde
SEND 1553576641 TRANSACTION 80 10404 095a4b799eaf2079dc6ec85e93229fde
SEND 1553576641 TRANSACTION 80 14492 095a4b799eaf2079dc6ec85e93229fde
SEND 1553576641 TRANSACTION 80 11874 095a4b799eaf2079dc6ec85e93229fde
SEND 1553576641 TRANSACTION 80 11433 095a4b799eaf2079dc6ec85e93229fde
SEND 1553576641 TRANSACTION 80 15145 095a4b799eaf2079dc6ec85e93229fde
SEND 1553576641 TRANSACTION 80 14748 095a4b799eaf2079dc6ec85e93229fde
SEND 1553576641 TRANSACTION 80 15680 095a4b799eaf2079dc6ec85e93229fde
SEND 1553576641 TRANSACTION 80 13887 095a4b799eaf2079dc6ec85e93229fde
SEND 1553576641 TRANSACTION 80 15551 095a4b799eaf2079dc6ec85e93229fde
RECIEVED 1553576641 TRANSACTION 80 19 46
RECIEVED 1553576641 TRANSACTION 80 19 46
RECIEVED 1553576641 TRANSACTION 80 19 46
RECIEVED 1553576641 TRANSACTION 80 19 46
RECIEVED 1553576641 TRANSACTION 80 19 46
RECIEVED 1553576641 TRANSACTION 80 19 46
RECIEVED 1553576641 TRANSACTION 80 19 46
RECIEVED 1553576641 TRANSACTION 80 19 46
RECIEVED 1553576643 TRANSACTION 81 19 46
UPDATE 1553576643 TRANSACTION 3fc7b89dd9cb178933679ca7906ac984
SEND 1553576643 TRANSACTION 81 15715 3fc7b89dd9cb178933679ca7906ac984
SEND 1553576643 TRANSACTION 81 14721 3fc7b89dd9cb178933679ca7906ac984
SEND 1553576643 TRANSACTION 81 15513 3fc7b89dd9cb178933679ca7906ac984
SEND 1553576643 TRANSACTION 81 22573 3fc7b89dd9cb178933679ca7906ac984
SEND 1553576643 TRANSACTION 81 15336 3fc7b89dd9cb178933679ca7906ac984
SEND 1553576643 TRANSACTION 81 13355 3fc7b89dd9cb178933679ca7906ac984
SEND 1553576643 TRANSACTION 81 13335 3fc7b89dd9cb178933679ca7906ac984
SEND 1553576643 TRANSACTION 81 13050 3fc7b89dd9cb178933679ca7906ac984
SEND 1553576643 TRANSACTION 81 14704 3fc7b89dd9cb178933679ca7906ac984
SEND 1553576643 TRANSACTION 81 14634 3fc7b89dd9cb178933679ca7906ac984
SEND 1553576643 TRANSACTION 81 16485 3fc7b89dd9cb178933679ca7906ac984
RECIEVED 1553576643 TRANSACTION 81 19 47
RECIEVED 1553576643 TRANSACTION 81 19 47
RECIEVED 1553576643 TRANSACTION 81 19 47
RECIEVED 1553576643 TRANSACTION 81 19 47
RECIEVED 1553576643 TRANSACTION 81 19 47
RECIEVED 1553576643 TRANSACTION 81 19 47
RECIEVED 1553576643 TRANSACTION 81 19 47
RECIEVED 1553576643 TRANSACTION 81 19 47
RECIEVED 1553576643 TRANSACTION 81 19 47
RECIEVED 1553576643 TRANSACTION 81 19 47
RECIEVED 1553576644 TRANSACTION 82 19 47
UPDATE 1553576644 TRANSACTION ed5f0abb6f3870e9d5bf9ff3b05874f4
SEND 1553576644 TRANSACTION 82 21780 ed5f0abb6f3870e9d5bf9ff3b05874f4
SEND 1553576644 TRANSACTION 82 20019 ed5f0abb6f3870e9d5bf9ff3b05874f4
SEND 1553576644 TRANSACTION 82 16320 ed5f0abb6f3870e9d5bf9ff3b05874f4
SEND 1553576644 TRANSACTION 82 16253 ed5f0abb6f3870e9d5bf9ff3b05874f4
SEND 1553576644 TRANSACTION 82 14108 ed5f0abb6f3870e9d5bf9ff3b05874f4
SEND 1553576644 TRANSACTION 82 14493 ed5f0abb6f3870e9d5bf9ff3b05874f4
SEND 1553576644 TRANSACTION 82 15261 ed5f0abb6f3870e9d5bf9ff3b05874f4
SEND 1553576644 TRANSACTION 82 17749 ed5f0abb6f3870e9d5bf9ff3b05874f4
SEND 1553576644 TRANSACTION 82 13921 ed5f0abb6f3870e9d5bf9ff3b05874f4
SEND 1553576644 TRANSACTION 82 12400 ed5f0abb6f3870e9d5bf9ff3b05874f4
SEND 1553576644 TRANSACTION 82 14521 ed5f0abb6f3870e9d5bf9ff3b05874f4
RECIEVED 1553576644 TRANSACTION 82 19 48
RECIEVED 1553576644 TRANSACTION 82 19 48
RECIEVED 1553576644 TRANSACTION 82 19 48
RECIEVED 1553576644 TRANSACTION 82 19 48
RECIEVED 1553576644 TRANSACTION 82 19 48
RECIEVED 1553576644 TRANSACTION 82 19 48
RECIEVED 1553576644 TRANSACTION 82 19 48
RECIEVED 1553576644 TRANSACTION 82 19 48
RECIEVED 1553576644 TRANSACTION 82 19 48
RECIEVED 1553576644 TRANSACTION 81 19 48
UPDATE 1553576644 TRANSACTION 08b3b978e1492f3c2394ac50bfb5b451
SEND 1553576644 TRANSACTION 81 25276 08b3b978e1492f3c2394ac50bfb5b451
SEND 1553576644 TRANSACTION 81 14779 08b3b978e1492f3c2394ac50bfb5b451
SEND 1553576644 TRANSACTION 81 16476 08b3b978e1492f3c2394ac50bfb5b451
SEND 1553576644 TRANSACTION 81 14647 08b3b978e1492f3c2394ac50bfb5b451
SEND 1553576644 TRANSACTION 81 13312 08b3b978e1492f3c2394ac50bfb5b451
SEND 1553576644 TRANSACTION 81 14639 08b3b978e1492f3c2394ac50bfb5b451
SEND 1553576644 TRANSACTION 81 18171 08b3b978e1492f3c2394ac50bfb5b451
SEND 1553576644 TRANSACTION 81 14875 08b3b978e1492f3c2394ac50bfb5b451
SEND 1553576644 TRANSACTION 81 10953 08b3b978e1492f3c2394ac50bfb5b451
SEND 1553576644 TRANSACTION 81 15516 08b3b978e1492f3c2394ac50bfb5b451
SEND 1553576644 TRANSACTION 81 12498 08b3b978e1492f3c2394ac50bfb5b451
RECIEVED 1553576644 TRANSACTION 81 19 49
RECIEVED 1553576644 TRANSACTION 81 19 49
RECIEVED 1553576644 TRANSACTION 81 19 49
RECIEVED 1553576644 TRANSACTION 81 19 49
RECIEVED 1553576644 TRANSACTION 81 19 49
RECIEVED 1553576644 TRANSACTION 81 19 49
RECIEVED 1553576644 TRANSACTION 81 19 49
RECIEVED 1553576644 TRANSACTION 81 19 49
RECIEVED 1553576645 TRANSACTION 81 19 49
UPDATE 1553576645 TRANSACTION 038943a57faf2d7ad012c8a7778aa6bb
SEND 1553576645 TRANSACTION 81 14584 038943a57faf2d7ad012c8a7778aa6bb
SEND 1553576645 TRANSACTION 81 21184 038943a57faf2d7ad012c8a7778aa6bb
SEND 1553576645 TRANSACTION 81 14931 038943a57faf2d7ad012c8a7778aa6bb
SEND 1553576645 TRANSACTION 81 15101 038943a57faf2d7ad012c8a7778aa6bb
SEND 1553576645 TRANSACTION 81 11952 038943a57faf2d7ad012c8a7778aa6bb
SEND 1553576645 TRANSACTION 81 15560 038943a57faf2d7ad012c8a7778aa6bb
SEND 1553576645 TRANSACTION 81 16487 038943a57faf2d7ad012c8a7778aa6bb
SEND 1553576645 TRANSACTION 81 23054 038943a57faf2d7ad012c8a7778aa6bb
SEND 1553576645 TRANSACTION 81 12877 038943a57faf2d7ad012c8a7778aa6bb
SEND 1553576645 TRANSACTION 81 20894 038943a57faf2d7ad012c8a7778aa6bb
SEND 1553576645 TRANSACTION 81 20006 038943a57faf2d7ad012c8a7778aa6bb
RECIEVED 1553576645 TRANSACTION 81 19 50
RECIEVED 1553576645 TRANSACTION 81 19 50
RECIEVED 1553576645 TRANSACTION 81 19 50
RECIEVED 1553576645 TRANSACTION 81 19 50
RECIEVED 1553576645 TRANSACTION 81 19 50
RECIEVED 1553576645 TRANSACTION 81 19 50
RECIEVED 1553576645 TRANSACTION 81 19 50
RECIEVED 1553576645 TRANSACTION 81 19 50
RECIEVED 1553576645 TRANSACTION 81 19 50
RECIEVED 1553576645 TRANSACTION 81 19 50
RECIEVED 1553576645 TRANSACTION 81 19 50
RECIEVED 1553576647 TRANSACTION 82 19 50
UPDATE 1553576647 TRANSACTION 1d4dbfd4ad19cdfab61ab1ad77762d41
SEND 1553576647 TRANSACTION 82 18122 1d4dbfd4ad19cdfab61ab1ad77762d41
SEND 1553576647 TRANSACTION 82 16996 1d4dbfd4ad19cdfab61ab1ad77762d41
SEND 1553576647 TRANSACTION 82 12332 1d4dbfd4ad19cdfab61ab1ad77762d41
SEND 1553576647 TRANSACTION 82 13961 1d4dbfd4ad19cdfab61ab1ad77762d41
SEND 1553576647 TRANSACTION 82 14174 1d4dbfd4ad19cdfab61ab1ad77762d41
SEND 1553576647 TRANSACTION 82 14560 1d4dbfd4ad19cdfab61ab1ad77762d41
SEND 1553576647 TRANSACTION 82 14981 1d4dbfd4ad19cdfab61ab1ad77762d41
SEND 1553576647 TRANSACTION 82 12897 1d4dbfd4ad19cdfab61ab1ad77762d41
SEND 1553576647 TRANSACTION 82 18915 1d4dbfd4ad19cdfab61ab1ad77762d41
SEND 1553576647 TRANSACTION 82 19855 1d4dbfd4ad19cdfab61ab1ad77762d41
SEND 1553576647 TRANSACTION 82 11369 1d4dbfd4ad19cdfab61ab1ad77762d41
RECIEVED 1553576647 TRANSACTION 82 19 51
RECIEVED 1553576647 TRANSACTION 82 19 51
RECIEVED 1553576647 TRANSACTION 82 19 51
RECIEVED 1553576647 TRANSACTION 82 19 51
RECIEVED 1553576647 TRANSACTION 82 19 51
RECIEVED 1553576647 TRANSACTION 82 19 51
RECIEVED 1553576647 TRANSACTION 82 19 51
RECIEVED 1553576647 TRANSACTION 82 19 51
RECIEVED 1553576647 TRANSACTION 82 19 51
RECIEVED 1553576647 TRANSACTION 82 19 51
RECIEVED 1553576647 TRANSACTION 81 19 51
UPDATE 1553576647 TRANSACTION 44a23325b4abf57518df9af928136e0f
SEND 1553576647 TRANSACTION 81 11762 44a23325b4abf57518df9af928136e0f
SEND 1553576647 TRANSACTION 81 11667 44a23325b4abf57518df9af928136e0f
SEND 1553576647 TRANSACTION 81 10520 44a23325b4abf57518df9af928136e0f
SEND 1553576647 TRANSACTION 81 14774 44a23325b4abf57518df9af928136e0f
SEND 1553576647 TRANSACTION 81 12738 44a23325b4abf57518df9af928136e0f
SEND 1553576647 TRANSACTION 81 14299 44a23325b4abf57518df9af928136e0f
SEND 1553576647 TRANSACTION 81 13520 44a23325b4abf57518df9af928136e0f
SEND 1553576647 TRANSACTION 81 20194 44a23325b4abf57518df9af928136e0f
SEND 1553576647 TRANSACTION 81 14583 44a23325b4abf57518df9af928136e0f
SEND 1553576647 TRANSACTION 81 17084 44a23325b4abf57518df9af928136e0f
SEND 1553576647 TRANSACTION 81 13352 44a23325b4abf57518df9af928136e0f
RECIEVED 1553576647 TRANSACTION 81 19 52
RECIEVED 1553576647 TRANSACTION 81 19 52
RECIEVED 1553576647 TRANSACTION 81 19 52
RECIEVED 1553576647 TRANSACTION 81 19 52
RECIEVED 1553576647 TRANSACTION 81 19 52
RECIEVED 1553576647 TRANSACTION 81 19 52
RECIEVED 1553576647 TRANSACTION 81 19 52
RECIEVED 1553576647 TRANSACTION 81 19 52
RECIEVED 1553576647 TRANSACTION 81 19 52
RECIEVED 1553576647 TRANSACTION 81 19 52
RECIEVED 1553576647 TRANSACTION 81 19 52
RECIEVED 1553576647 TRANSACTION 81 19 52
RECIEVED 1553576647 TRANSACTION 81 19 52
UPDATE 1553576647 TRANSACTION d03c67b468da1f9dcd073c8948da00a6
SEND 1553576647 TRANSACTION 81 13479 d03c67b468da1f9dcd073c8948da00a6
SEND 1553576647 TRANSACTION 81 11421 d03c67b468da1f9dcd073c8948da00a6
SEND 1553576647 TRANSACTION 81 16709 d03c67b468da1f9dcd073c8948da00a6
SEND 1553576647 TRANSACTION 81 14101 d03c67b468da1f9dcd073c8948da00a6
SEND 1553576647 TRANSACTION 81 20185 d03c67b468da1f9dcd073c8948da00a6
SEND 1553576647 TRANSACTION 81 15086 d03c67b468da1f9dcd073c8948da00a6
SEND 1553576647 TRANSACTION 81 14473 d03c67b468da1f9dcd073c8948da00a6
SEND 1553576647 TRANSACTION 81 11609 d03c67b468da1f9dcd073c8948da00a6
SEND 1553576647 TRANSACTION 81 15180 d03c67b468da1f9dcd073c8948da00a6
SEND 1553576647 TRANSACTION 81 21676 d03c67b468da1f9dcd073c8948da00a6
SEND 1553576647 TRANSACTION 81 12727 d03c67b468da1f9dcd073c8948da00a6
RECIEVED 1553576647 TRANSACTION 81 19 53
RECIEVED 1553576647 TRANSACTION 81 19 53
RECIEVED 1553576647 TRANSACTION 81 19 53
RECIEVED 1553576647 TRANSACTION 81 19 53
RECIEVED 1553576647 TRANSACTION 81 19 53
RECIEVED 1553576647 TRANSACTION 81 19 53
RECIEVED 1553576647 TRANSACTION 81 19 53
RECIEVED 1553576647 TRANSACTION 81 19 53
RECIEVED 1553576647 TRANSACTION 81 19 53
RECIEVED 1553576648 TRANSACTION 81 19 53
UPDATE 1553576648 TRANSACTION 99f2831d54087cd4ecf5595c909f46fb
SEND 1553576648 TRANSACTION 81 12753 99f2831d54087cd4ecf5595c909f46fb
SEND 1553576648 TRANSACTION 81 12032 99f2831d54087cd4ecf5595c909f46fb
SEND 1553576648 TRANSACTION 81 13934 99f2831d54087cd4ecf5595c909f46fb
SEND 1553576648 TRANSACTION 81 14351 99f2831d54087cd4ecf5595c909f46fb
SEND 1553576648 TRANSACTION 81 14431 99f2831d54087cd4ecf5595c909f46fb
SEND 1553576648 TRANSACTION 81 18199 99f2831d54087cd4ecf5595c909f46fb
SEND 1553576648 TRANSACTION 81 13020 99f2831d54087cd4ecf5595c909f46fb
SEND 1553576648 TRANSACTION 81 159174 99f2831d54087cd4ecf5595c909f46fb
SEND 1553576648 TRANSACTION 81 19300 99f2831d54087cd4ecf5595c909f46fb
SEND 1553576648 TRANSACTION 81 19997 99f2831d54087cd4ecf5595c909f46fb
SEND 1553576648 TRANSACTION 81 13883 99f2831d54087cd4ecf5595c909f46fb
RECIEVED 1553576648 TRANSACTION 81 19 54
RECIEVED 1553576648 TRANSACTION 81 19 54
RECIEVED 1553576648 TRANSACTION 81 19 54
RECIEVED 1553576648 TRANSACTION 81 19 54
RECIEVED 1553576648 TRANSACTION 81 19 54
RECIEVED 1553576648 TRANSACTION 81 19 54
RECIEVED 1553576648 TRANSACTION 81 19 54
RECIEVED 1553576648 TRANSACTION 81 19 54
RECIEVED 1553576648 HB 3 19 54
SEND 1553576648 INTRODUCE 36 49989
SEND 1553576648 INTRODUCE 37 13885
SEND 1553576648 INTRODUCE 37 15898
SEND 1553576648 INTRODUCE 37 13352
SEND 1553576648 INTRODUCE 37 13203
SEND 1553576648 INTRODUCE 36 12912
SEND 1553576648 INTRODUCE 36 12621
SEND 1553576648 INTRODUCE 37 13596
SEND 1553576648 INTRODUCE 37 12854
SEND 1553576648 INTRODUCE 37 15307
SEND 1553576648 INTRODUCE 36 13779
SEND 1553576648 INTRODUCE 36 13944
SEND 1553576648 INTRODUCE 37 22098
SEND 1553576648 INTRODUCE 36 19856
SEND 1553576648 INTRODUCE 37 18236
SEND 1553576648 INTRODUCE 36 15967
RECIEVED 1553576648 INTRODUCE 36 19 54
RECIEVED 1553576648 INTRODUCE 36 19 54
RECIEVED 1553576648 INTRODUCE 36 19 54
RECIEVED 1553576649 INTRODUCE 37 19 54
RECIEVED 1553576649 TRANSACTION 81 19 54
UPDATE 1553576649 TRANSACTION 0cebcdd8ce356f3064cdfab39e17242c
SEND 1553576649 TRANSACTION 81 19303 0cebcdd8ce356f3064cdfab39e17242c
SEND 1553576649 TRANSACTION 81 13589 0cebcdd8ce356f3064cdfab39e17242c
SEND 1553576649 TRANSACTION 81 16200 0cebcdd8ce356f3064cdfab39e17242c
SEND 1553576649 TRANSACTION 81 23230 0cebcdd8ce356f3064cdfab39e17242c
SEND 1553576649 TRANSACTION 81 14432 0cebcdd8ce356f3064cdfab39e17242c
SEND 1553576649 TRANSACTION 81 13308 0cebcdd8ce356f3064cdfab39e17242c
SEND 1553576649 TRANSACTION 81 14121 0cebcdd8ce356f3064cdfab39e17242c
SEND 1553576649 TRANSACTION 81 14335 0cebcdd8ce356f3064cdfab39e17242c
SEND 1553576649 TRANSACTION 81 18408 0cebcdd8ce356f3064cdfab39e17242c
SEND 1553576649 TRANSACTION 81 14703 0cebcdd8ce356f3064cdfab39e17242c
SEND 1553576649 TRANSACTION 81 15307 0cebcdd8ce356f3064cdfab39e17242c
RECIEVED 1553576649 TRANSACTION 81 19 55
RECIEVED 1553576649 TRANSACTION 81 19 55
RECIEVED 1553576649 TRANSACTION 81 19 55
RECIEVED 1553576649 TRANSACTION 81 19 55
RECIEVED 1553576649 TRANSACTION 81 19 55
RECIEVED 1553576649 TRANSACTION 81 19 55
RECIEVED 1553576649 TRANSACTION 81 19 55
RECIEVED 1553576649 TRANSACTION 81 19 55
RECIEVED 1553576649 TRANSACTION 81 19 55
RECIEVED 1553576649 TRANSACTION 81 19 55
RECIEVED 1553576650 INTRODUCE 36 19 55
RECIEVED 1553576650 TRANSACTION 80 19 55
UPDATE 1553576650 TRANSACTION 2522dda2ffdb859690a69dc7105e39f3
SEND 1553576650 TRANSACTION 80 13411 2522dda2ffdb859690a69dc7105e39f3
SEND 1553576650 TRANSACTION 80 14330 2522dda2ffdb859690a69dc7105e39f3
SEND 1553576650 TRANSACTION 80 12790 2522dda2ffdb859690a69dc7105e39f3
SEND 1553576650 TRANSACTION 80 13501 2522dda2ffdb859690a69dc7105e39f3
SEND 1553576650 TRANSACTION 80 13727 2522dda2ffdb859690a69dc7105e39f3
SEND 1553576650 TRANSACTION 80 13591 2522dda2ffdb859690a69dc7105e39f3
SEND 1553576650 TRANSACTION 80 15087 2522dda2ffdb859690a69dc7105e39f3
SEND 1553576650 TRANSACTION 80 14760 2522dda2ffdb859690a69dc7105e39f3
SEND 1553576650 TRANSACTION 80 12326 2522dda2ffdb859690a69dc7105e39f3
SEND 1553576650 TRANSACTION 80 20518 2522dda2ffdb859690a69dc7105e39f3
SEND 1553576650 TRANSACTION 80 13252 2522dda2ffdb859690a69dc7105e39f3
RECIEVED 1553576650 TRANSACTION 80 19 56
RECIEVED 1553576650 TRANSACTION 80 19 56
RECIEVED 1553576650 TRANSACTION 80 19 56
RECIEVED 1553576650 TRANSACTION 80 19 56
RECIEVED 1553576650 TRANSACTION 80 19 56
RECIEVED 1553576650 TRANSACTION 80 19 56
RECIEVED 1553576650 TRANSACTION 81 19 56
UPDATE 1553576650 TRANSACTION 0947257b1774e2fd21708e8e3c2a7514
SEND 1553576650 TRANSACTION 81 14523 0947257b1774e2fd21708e8e3c2a7514
SEND 1553576650 TRANSACTION 81 13639 0947257b1774e2fd21708e8e3c2a7514
SEND 1553576650 TRANSACTION 81 16500 0947257b1774e2fd21708e8e3c2a7514
SEND 1553576650 TRANSACTION 81 13711 0947257b1774e2fd21708e8e3c2a7514
SEND 1553576650 TRANSACTION 81 15099 0947257b1774e2fd21708e8e3c2a7514
SEND 1553576650 TRANSACTION 81 20787 0947257b1774e2fd21708e8e3c2a7514
SEND 1553576650 TRANSACTION 81 14539 0947257b1774e2fd21708e8e3c2a7514
SEND 1553576650 TRANSACTION 81 13514 0947257b1774e2fd21708e8e3c2a7514
SEND 1553576650 TRANSACTION 81 13153 0947257b1774e2fd21708e8e3c2a7514
SEND 1553576650 TRANSACTION 81 13610 0947257b1774e2fd21708e8e3c2a7514
SEND 1553576650 TRANSACTION 81 13559 0947257b1774e2fd21708e8e3c2a7514
RECIEVED 1553576650 TRANSACTION 81 19 57
RECIEVED 1553576650 TRANSACTION 81 19 57
RECIEVED 1553576650 TRANSACTION 81 19 57
RECIEVED 1553576650 TRANSACTION 81 19 57
RECIEVED 1553576650 TRANSACTION 81 19 57
RECIEVED 1553576650 TRANSACTION 81 19 57
RECIEVED 1553576650 TRANSACTION 81 19 57
RECIEVED 1553576650 TRANSACTION 81 19 57
RECIEVED 1553576650 TRANSACTION 81 19 57
RECIEVED 1553576650 TRANSACTION 81 19 57
RECIEVED 1553576651 TRANSACTION 81 19 57
UPDATE 1553576651 TRANSACTION 342a5fb63c9fb08b7b36ab2276c2ed08
SEND 1553576651 TRANSACTION 81 21072 342a5fb63c9fb08b7b36ab2276c2ed08
SEND 1553576651 TRANSACTION 81 13786 342a5fb63c9fb08b7b36ab2276c2ed08
SEND 1553576651 TRANSACTION 81 20480 342a5fb63c9fb08b7b36ab2276c2ed08
SEND 1553576651 TRANSACTION 81 13171 342a5fb63c9fb08b7b36ab2276c2ed08
SEND 1553576651 TRANSACTION 81 18704 342a5fb63c9fb08b7b36ab2276c2ed08
SEND 1553576651 TRANSACTION 81 14534 342a5fb63c9fb08b7b36ab2276c2ed08
SEND 1553576651 TRANSACTION 81 11592 342a5fb63c9fb08b7b36ab2276c2ed08
SEND 1553576651 TRANSACTION 81 15178 342a5fb63c9fb08b7b36ab2276c2ed08
SEND 1553576651 TRANSACTION 81 19688 342a5fb63c9fb08b7b36ab2276c2ed08
SEND 1553576651 TRANSACTION 81 11924 342a5fb63c9fb08b7b36ab2276c2ed08
SEND 1553576651 TRANSACTION 81 16016 342a5fb63c9fb08b7b36ab2276c2ed08
RECIEVED 1553576651 TRANSACTION 81 19 58
RECIEVED 1553576651 TRANSACTION 81 19 58
RECIEVED 1553576651 TRANSACTION 81 19 58
RECIEVED 1553576651 TRANSACTION 81 19 58
RECIEVED 1553576651 TRANSACTION 81 19 58
RECIEVED 1553576651 TRANSACTION 81 19 58
RECIEVED 1553576651 TRANSACTION 81 19 58
RECIEVED 1553576651 TRANSACTION 81 19 58
RECIEVED 1553576652 TRANSACTION 81 19 58
UPDATE 1553576652 TRANSACTION fbe9d32c2fb56f8b6805bc3424fffa3f
SEND 1553576652 TRANSACTION 81 14210 fbe9d32c2fb56f8b6805bc3424fffa3f
SEND 1553576652 TRANSACTION 81 14408 fbe9d32c2fb56f8b6805bc3424fffa3f
SEND 1553576652 TRANSACTION 81 11756 fbe9d32c2fb56f8b6805bc3424fffa3f
SEND 1553576652 TRANSACTION 81 19102 fbe9d32c2fb56f8b6805bc3424fffa3f
SEND 1553576652 TRANSACTION 81 14329 fbe9d32c2fb56f8b6805bc3424fffa3f
SEND 1553576652 TRANSACTION 81 17868 fbe9d32c2fb56f8b6805bc3424fffa3f
SEND 1553576652 TRANSACTION 81 11770 fbe9d32c2fb56f8b6805bc3424fffa3f
SEND 1553576652 TRANSACTION 81 19767 fbe9d32c2fb56f8b6805bc3424fffa3f
SEND 1553576652 TRANSACTION 81 230971 fbe9d32c2fb56f8b6805bc3424fffa3f
SEND 1553576652 TRANSACTION 81 13809 fbe9d32c2fb56f8b6805bc3424fffa3f
SEND 1553576652 TRANSACTION 81 20144 fbe9d32c2fb56f8b6805bc3424fffa3f
RECIEVED 1553576652 TRANSACTION 81 19 59
RECIEVED 1553576652 TRANSACTION 81 19 59
RECIEVED 1553576652 TRANSACTION 81 19 59
RECIEVED 1553576652 TRANSACTION 81 19 59
RECIEVED 1553576652 TRANSACTION 81 19 59
RECIEVED 1553576655 TRANSACTION 80 19 59
UPDATE 1553576655 TRANSACTION b97861edeadd9039e0c7285b6680e76d
SEND 1553576655 TRANSACTION 80 15137 b97861edeadd9039e0c7285b6680e76d
SEND 1553576655 TRANSACTION 80 14335 b97861edeadd9039e0c7285b6680e76d
SEND 1553576655 TRANSACTION 80 12691 b97861edeadd9039e0c7285b6680e76d
SEND 1553576655 TRANSACTION 80 11854 b97861edeadd9039e0c7285b6680e76d
SEND 1553576655 TRANSACTION 80 11693 b97861edeadd9039e0c7285b6680e76d
SEND 1553576655 TRANSACTION 80 14313 b97861edeadd9039e0c7285b6680e76d
SEND 1553576655 TRANSACTION 80 18493 b97861edeadd9039e0c7285b6680e76d
SEND 1553576655 TRANSACTION 80 11600 b97861edeadd9039e0c7285b6680e76d
SEND 1553576655 TRANSACTION 80 13639 b97861edeadd9039e0c7285b6680e76d
SEND 1553576655 TRANSACTION 80 21139 b97861edeadd9039e0c7285b6680e76d
SEND 1553576655 TRANSACTION 80 15010 b97861edeadd9039e0c7285b6680e76d
RECIEVED 1553576655 TRANSACTION 80 19 60
RECIEVED 1553576655 TRANSACTION 80 19 60
RECIEVED 1553576655 TRANSACTION 80 19 60
RECIEVED 1553576655 TRANSACTION 80 19 60
RECIEVED 1553576655 TRANSACTION 80 19 60
RECIEVED 1553576655 TRANSACTION 80 19 60
RECIEVED 1553576655 TRANSACTION 80 19 60
RECIEVED 1553576656 TRANSACTION 81 19 60
UPDATE 1553576656 TRANSACTION df6e367847321bfd03a947ecbb20dffd
SEND 1553576656 TRANSACTION 81 15201 df6e367847321bfd03a947ecbb20dffd
SEND 1553576656 TRANSACTION 81 13960 df6e367847321bfd03a947ecbb20dffd
SEND 1553576656 TRANSACTION 81 14813 df6e367847321bfd03a947ecbb20dffd
SEND 1553576656 TRANSACTION 81 14541 df6e367847321bfd03a947ecbb20dffd
SEND 1553576656 TRANSACTION 81 10464 df6e367847321bfd03a947ecbb20dffd
SEND 1553576656 TRANSACTION 81 11959 df6e367847321bfd03a947ecbb20dffd
SEND 1553576656 TRANSACTION 81 19767 df6e367847321bfd03a947ecbb20dffd
SEND 1553576656 TRANSACTION 81 15022 df6e367847321bfd03a947ecbb20dffd
SEND 1553576656 TRANSACTION 81 21456 df6e367847321bfd03a947ecbb20dffd
SEND 1553576656 TRANSACTION 81 12914 df6e367847321bfd03a947ecbb20dffd
SEND 1553576656 TRANSACTION 81 19692 df6e367847321bfd03a947ecbb20dffd
RECIEVED 1553576656 TRANSACTION 81 19 61
RECIEVED 1553576656 TRANSACTION 81 19 61
RECIEVED 1553576656 TRANSACTION 81 19 61
RECIEVED 1553576656 TRANSACTION 81 19 61
UPDATE 1553576656 TRANSACTION 6c27a0b12d274467fb0e388cb834eafc
SEND 1553576656 TRANSACTION 81 20134 6c27a0b12d274467fb0e388cb834eafc
SEND 1553576656 TRANSACTION 81 11185 6c27a0b12d274467fb0e388cb834eafc
SEND 1553576656 TRANSACTION 81 13927 6c27a0b12d274467fb0e388cb834eafc
SEND 1553576656 TRANSACTION 81 11388 6c27a0b12d274467fb0e388cb834eafc
SEND 1553576656 TRANSACTION 81 13280 6c27a0b12d274467fb0e388cb834eafc
SEND 1553576656 TRANSACTION 81 13085 6c27a0b12d274467fb0e388cb834eafc
SEND 1553576656 TRANSACTION 81 13100 6c27a0b12d274467fb0e388cb834eafc
SEND 1553576656 TRANSACTION 81 20636 6c27a0b12d274467fb0e388cb834eafc
SEND 1553576656 TRANSACTION 81 13328 6c27a0b12d274467fb0e388cb834eafc
SEND 1553576656 TRANSACTION 81 14606 6c27a0b12d274467fb0e388cb834eafc
SEND 1553576656 TRANSACTION 81 13220 6c27a0b12d274467fb0e388cb834eafc
RECIEVED 1553576656 TRANSACTION 81 19 62
RECIEVED 1553576656 TRANSACTION 81 19 62
RECIEVED 1553576656 TRANSACTION 81 19 62
RECIEVED 1553576656 TRANSACTION 81 19 62
RECIEVED 1553576656 TRANSACTION 81 19 62
RECIEVED 1553576656 TRANSACTION 81 19 62
RECIEVED 1553576656 TRANSACTION 81 19 62
RECIEVED 1553576656 TRANSACTION 81 19 62
RECIEVED 1553576656 TRANSACTION 81 19 62
RECIEVED 1553576656 TRANSACTION 81 19 62
RECIEVED 1553576656 TRANSACTION 81 19 62
RECIEVED 1553576656 TRANSACTION 81 19 62
RECIEVED 1553576656 TRANSACTION 81 19 62
RECIEVED 1553576656 TRANSACTION 81 19 62
RECIEVED 1553576658 TRANSACTION 81 19 62
UPDATE 1553576658 TRANSACTION bf80e05da7a895679aecfe302cd5b8c7
SEND 1553576658 TRANSACTION 81 14041 bf80e05da7a895679aecfe302cd5b8c7
SEND 1553576658 TRANSACTION 81 14983 bf80e05da7a895679aecfe302cd5b8c7
SEND 1553576658 TRANSACTION 81 11015 bf80e05da7a895679aecfe302cd5b8c7
SEND 1553576658 TRANSACTION 81 18820 bf80e05da7a895679aecfe302cd5b8c7
SEND 1553576658 TRANSACTION 81 12052 bf80e05da7a895679aecfe302cd5b8c7
SEND 1553576658 TRANSACTION 81 10215 bf80e05da7a895679aecfe302cd5b8c7
SEND 1553576658 TRANSACTION 81 21267 bf80e05da7a895679aecfe302cd5b8c7
SEND 1553576658 TRANSACTION 81 13969 bf80e05da7a895679aecfe302cd5b8c7
SEND 1553576658 TRANSACTION 81 18128 bf80e05da7a895679aecfe302cd5b8c7
SEND 1553576658 TRANSACTION 81 14509 bf80e05da7a895679aecfe302cd5b8c7
SEND 1553576658 TRANSACTION 81 14792 bf80e05da7a895679aecfe302cd5b8c7
RECIEVED 1553576658 TRANSACTION 81 19 63
RECIEVED 1553576658 TRANSACTION 81 19 63
RECIEVED 1553576658 TRANSACTION 81 19 63
RECIEVED 1553576658 TRANSACTION 81 19 63
RECIEVED 1553576658 TRANSACTION 81 19 63
RECIEVED 1553576658 TRANSACTION 81 19 63
RECIEVED 1553576658 TRANSACTION 81 19 63
RECIEVED 1553576658 TRANSACTION 81 19 63
RECIEVED 1553576658 HB 3 19 63
SEND 1553576658 INTRODUCE 37 29574
SEND 1553576658 INTRODUCE 36 13490
SEND 1553576658 INTRODUCE 36 20844
SEND 1553576658 INTRODUCE 36 13220
RECIEVED 1553576658 TRANSACTION 81 19 63
UPDATE 1553576658 TRANSACTION bbfc0d9ed61a860a16e107ab64733da2
SEND 1553576658 TRANSACTION 81 11945 bbfc0d9ed61a860a16e107ab64733da2
SEND 1553576658 TRANSACTION 81 16193 bbfc0d9ed61a860a16e107ab64733da2
SEND 1553576658 TRANSACTION 81 13305 bbfc0d9ed61a860a16e107ab64733da2
SEND 1553576658 TRANSACTION 81 19992 bbfc0d9ed61a860a16e107ab64733da2
SEND 1553576658 TRANSACTION 81 21384 bbfc0d9ed61a860a16e107ab64733da2
SEND 1553576658 TRANSACTION 81 18563 bbfc0d9ed61a860a16e107ab64733da2
SEND 1553576658 TRANSACTION 81 19776 bbfc0d9ed61a860a16e107ab64733da2
SEND 1553576658 TRANSACTION 81 19279 bbfc0d9ed61a860a16e107ab64733da2
SEND 1553576658 TRANSACTION 81 15656 bbfc0d9ed61a860a16e107ab64733da2
SEND 1553576658 TRANSACTION 81 12129 bbfc0d9ed61a860a16e107ab64733da2
SEND 1553576658 TRANSACTION 81 19242 bbfc0d9ed61a860a16e107ab64733da2
RECIEVED 1553576658 TRANSACTION 81 19 64
RECIEVED 1553576658 TRANSACTION 81 19 64
RECIEVED 1553576658 TRANSACTION 81 19 64
RECIEVED 1553576658 TRANSACTION 81 19 64
RECIEVED 1553576658 TRANSACTION 81 19 64
RECIEVED 1553576658 TRANSACTION 81 19 64
RECIEVED 1553576658 TRANSACTION 81 19 64
RECIEVED 1553576658 TRANSACTION 81 19 64
RECIEVED 1553576658 TRANSACTION 81 19 64
RECIEVED 1553576658 TRANSACTION 81 19 64
RECIEVED 1553576659 INTRODUCE 37 19 64
RECIEVED 1553576659 INTRODUCE 36 19 64
RECIEVED 1553576659 INTRODUCE 36 19 64
RECIEVED 1553576659 INTRODUCE 37 19 64
RECIEVED 1553576659 INTRODUCE 37 19 64
RECIEVED 1553576661 INTRODUCE 37 19 64
RECIEVED 1553576661 INTRODUCE 36 19 64
RECIEVED 1553576661 INTRODUCE 36 19 64
RECIEVED 1553576661 INTRODUCE 36 19 64
RECIEVED 1553576661 INTRODUCE 37 19 64
RECIEVED 1553576662 TRANSACTION 80 19 64
UPDATE 1553576662 TRANSACTION 69494c74e7cf618e12596eac5e7ffb79
SEND 1553576662 TRANSACTION 80 13081 69494c74e7cf618e12596eac5e7ffb79
SEND 1553576662 TRANSACTION 80 13976 69494c74e7cf618e12596eac5e7ffb79
SEND 1553576662 TRANSACTION 80 11274 69494c74e7cf618e12596eac5e7ffb79
SEND 1553576662 TRANSACTION 80 14401 69494c74e7cf618e12596eac5e7ffb79
SEND 1553576662 TRANSACTION 80 13660 69494c74e7cf618e12596eac5e7ffb79
SEND 1553576662 TRANSACTION 80 17481 69494c74e7cf618e12596eac5e7ffb79
SEND 1553576662 TRANSACTION 80 14318 69494c74e7cf618e12596eac5e7ffb79
SEND 1553576662 TRANSACTION 80 17938 69494c74e7cf618e12596eac5e7ffb79
SEND 1553576662 TRANSACTION 80 13001 69494c74e7cf618e12596eac5e7ffb79
SEND 1553576662 TRANSACTION 80 13277 69494c74e7cf618e12596eac5e7ffb79
SEND 1553576662 TRANSACTION 80 16459 69494c74e7cf618e12596eac5e7ffb79
RECIEVED 1553576662 TRANSACTION 80 19 65
RECIEVED 1553576662 TRANSACTION 80 19 65
RECIEVED 1553576662 TRANSACTION 80 19 65
RECIEVED 1553576662 TRANSACTION 80 19 65
RECIEVED 1553576662 TRANSACTION 80 19 65
RECIEVED 1553576662 TRANSACTION 80 19 65
RECIEVED 1553576662 TRANSACTION 80 19 65
RECIEVED 1553576662 TRANSACTION 80 19 65
RECIEVED 1553576662 TRANSACTION 80 19 65
RECIEVED 1553576662 TRANSACTION 80 19 65
RECIEVED 1553576662 TRANSACTION 80 19 65
RECIEVED 1553576662 TRANSACTION 80 19 65
UPDATE 1553576662 TRANSACTION e2cd68191344ef1f117a38815dbdda24
SEND 1553576662 TRANSACTION 80 21294 e2cd68191344ef1f117a38815dbdda24
SEND 1553576662 TRANSACTION 80 15182 e2cd68191344ef1f117a38815dbdda24
SEND 1553576662 TRANSACTION 80 12435 e2cd68191344ef1f117a38815dbdda24
SEND 1553576662 TRANSACTION 80 11912 e2cd68191344ef1f117a38815dbdda24
SEND 1553576662 TRANSACTION 80 22191 e2cd68191344ef1f117a38815dbdda24
SEND 1553576662 TRANSACTION 80 15633 e2cd68191344ef1f117a38815dbdda24
SEND 1553576662 TRANSACTION 80 21053 e2cd68191344ef1f117a38815dbdda24
SEND 1553576662 TRANSACTION 80 13931 e2cd68191344ef1f117a38815dbdda24
SEND 1553576662 TRANSACTION 80 21500 e2cd68191344ef1f117a38815dbdda24
SEND 1553576662 TRANSACTION 80 23284 e2cd68191344ef1f117a38815dbdda24
SEND 1553576662 TRANSACTION 80 19617 e2cd68191344ef1f117a38815dbdda24
RECIEVED 1553576662 TRANSACTION 80 19 66
RECIEVED 1553576662 TRANSACTION 80 19 66
RECIEVED 1553576662 TRANSACTION 80 19 66
RECIEVED 1553576662 TRANSACTION 80 19 66
RECIEVED 1553576662 TRANSACTION 80 19 66
RECIEVED 1553576662 TRANSACTION 80 19 66
RECIEVED 1553576662 TRANSACTION 80 19 66
RECIEVED 1553576662 TRANSACTION 80 19 66
RECIEVED 1553576662 TRANSACTION 80 19 66
RECIEVED 1553576662 TRANSACTION 80 19 66
RECIEVED 1553576662 TRANSACTION 80 19 66
RECIEVED 1553576663 TRANSACTION 81 19 66
UPDATE 1553576663 TRANSACTION e6562216bbe916e3850d3cd19ad7dd88
SEND 1553576663 TRANSACTION 81 17161 e6562216bbe916e3850d3cd19ad7dd88
SEND 1553576663 TRANSACTION 81 21917 e6562216bbe916e3850d3cd19ad7dd88
SEND 1553576663 TRANSACTION 81 20507 e6562216bbe916e3850d3cd19ad7dd88
SEND 1553576663 TRANSACTION 81 13189 e6562216bbe916e3850d3cd19ad7dd88
SEND 1553576663 TRANSACTION 81 12093 e6562216bbe916e3850d3cd19ad7dd88
SEND 1553576663 TRANSACTION 81 20908 e6562216bbe916e3850d3cd19ad7dd88
SEND 1553576663 TRANSACTION 81 19620 e6562216bbe916e3850d3cd19ad7dd88
SEND 1553576663 TRANSACTION 81 12498 e6562216bbe916e3850d3cd19ad7dd88
SEND 1553576663 TRANSACTION 81 14699 e6562216bbe916e3850d3cd19ad7dd88
SEND 1553576663 TRANSACTION 81 15162 e6562216bbe916e3850d3cd19ad7dd88
SEND 1553576663 TRANSACTION 81 14700 e6562216bbe916e3850d3cd19ad7dd88
RECIEVED 1553576663 TRANSACTION 81 19 67
RECIEVED 1553576663 TRANSACTION 81 19 67
RECIEVED 1553576663 TRANSACTION 81 19 67
RECIEVED 1553576663 TRANSACTION 81 19 67
RECIEVED 1553576663 TRANSACTION 81 19 67
RECIEVED 1553576663 TRANSACTION 81 19 67
RECIEVED 1553576663 TRANSACTION 81 19 67
RECIEVED 1553576663 TRANSACTION 81 19 67
RECIEVED 1553576663 TRANSACTION 81 19 67
RECIEVED 1553576664 TRANSACTION 80 19 67
UPDATE 1553576664 TRANSACTION c229d1f0529ed9cffc52ef6f339aa5a2
SEND 1553576664 TRANSACTION 80 15604 c229d1f0529ed9cffc52ef6f339aa5a2
SEND 1553576664 TRANSACTION 80 16228 c229d1f0529ed9cffc52ef6f339aa5a2
SEND 1553576664 TRANSACTION 80 13555 c229d1f0529ed9cffc52ef6f339aa5a2
SEND 1553576664 TRANSACTION 80 14552 c229d1f0529ed9cffc52ef6f339aa5a2
SEND 1553576664 TRANSACTION 80 21939 c229d1f0529ed9cffc52ef6f339aa5a2
SEND 1553576664 TRANSACTION 80 14349 c229d1f0529ed9cffc52ef6f339aa5a2
SEND 1553576664 TRANSACTION 80 11560 c229d1f0529ed9cffc52ef6f339aa5a2
SEND 1553576664 TRANSACTION 80 13199 c229d1f0529ed9cffc52ef6f339aa5a2
SEND 1553576664 TRANSACTION 80 12094 c229d1f0529ed9cffc52ef6f339aa5a2
SEND 1553576664 TRANSACTION 80 14114 c229d1f0529ed9cffc52ef6f339aa5a2
SEND 1553576664 TRANSACTION 80 51852 c229d1f0529ed9cffc52ef6f339aa5a2
RECIEVED 1553576664 TRANSACTION 80 19 68
RECIEVED 1553576664 TRANSACTION 80 19 68
RECIEVED 1553576664 TRANSACTION 80 19 68
RECIEVED 1553576664 TRANSACTION 80 19 68
RECIEVED 1553576664 TRANSACTION 80 19 68
RECIEVED 1553576664 TRANSACTION 80 19 68
RECIEVED 1553576664 TRANSACTION 80 19 68
RECIEVED 1553576664 TRANSACTION 80 19 68
RECIEVED 1553576664 TRANSACTION 80 19 68
RECIEVED 1553576664 TRANSACTION 80 19 68
RECIEVED 1553576664 TRANSACTION 80 19 68
RECIEVED 1553576665 DIE 4 19 68
