RECIEVED 1553576600 INTRODUCE 37 0 0
SEND 1553576600 JOIN 32 40078
RECIEVED 1553576600 INTRODUCE 36 1 0
SEND 1553576600 INTRODUCE 36 17159
SEND 1553576600 JOIN 32 15068
RECIEVED 1553576600 INTRODUCE 36 2 0
SEND 1553576600 INTRODUCE 36 13149
SEND 1553576600 INTRODUCE 36 20037
SEND 1553576600 JOIN 32 14081
RECIEVED 1553576600 INTRODUCE 37 3 0
SEND 1553576600 INTRODUCE 37 12371
SEND 1553576600 INTRODUCE 37 15071
SEND 1553576600 INTRODUCE 37 19585
SEND 1553576600 JOIN 32 23506
RECIEVED 1553576600 INTRODUCE 36 4 0
SEND 1553576600 INTRODUCE 36 22723
SEND 1553576600 INTRODUCE 36 13757
SEND 1553576600 INTRODUCE 36 13291
SEND 1553576600 INTRODUCE 36 10514
SEND 1553576600 JOIN 32 15832
RECIEVED 1553576600 INTRODUCE 37 5 0
SEND 1553576600 INTRODUCE 37 12546
SEND 1553576600 INTRODUCE 37 13114
SEND 1553576600 INTRODUCE 37 13509
SEND 1553576600 INTRODUCE 37 13741
SEND 1553576600 INTRODUCE 37 12573
SEND 1553576600 JOIN 32 15778
RECIEVED 1553576600 INTRODUCE 37 6 0
SEND 1553576600 INTRODUCE 37 19287
SEND 1553576600 INTRODUCE 37 13392
SEND 1553576600 INTRODUCE 37 13617
SEND 1553576600 INTRODUCE 37 20016
SEND 1553576600 INTRODUCE 37 14927
SEND 1553576600 INTRODUCE 37 14500
SEND 1553576600 JOIN 32 18229
RECIEVED 1553576600 INTRODUCE 36 7 0
SEND 1553576600 INTRODUCE 36 12259
SEND 1553576600 INTRODUCE 36 12021
SEND 1553576600 INTRODUCE 36 19418
SEND 1553576600 INTRODUCE 36 13896
SEND 1553576600 INTRODUCE 36 12457
SEND 1553576600 INTRODUCE 36 13099
SEND 1553576600 INTRODUCE 36 11886
SEND 1553576600 JOIN 32 21819
RECIEVED 1553576600 INTRODUCE 37 8 0
SEND 1553576600 INTRODUCE 37 12988
SEND 1553576600 INTRODUCE 37 11927
SEND 1553576600 INTRODUCE 37 14127
SEND 1553576600 INTRODUCE 37 13613
SEND 1553576600 INTRODUCE 37 11857
SEND 1553576600 INTRODUCE 37 17662
SEND 1553576600 INTRODUCE 37 18672
SEND 1553576600 INTRODUCE 37 12592
SEND 1553576600 JOIN 32 18782
RECIEVED 1553576601 INTRODUCE 36 9 0
SEND 1553576601 INTRODUCE 36 12273
SEND 1553576601 INTRODUCE 36 13106
SEND 1553576601 INTRODUCE 36 14948
SEND 1553576601 INTRODUCE 36 12725
SEND 1553576601 INTRODUCE 36 11037
SEND 1553576601 INTRODUCE 36 14295
SEND 1553576601 INTRODUCE 36 14744
SEND 1553576601 INTRODUCE 36 15659
SEND 1553576601 INTRODUCE 36 13398
SEND 1553576601 JOIN 32 16263
RECIEVED 1553576601 INTRODUCE 36 10 0
RECIEVED 1553576601 INTRODUCE 36 10 0
SEND 1553576601 INTRODUCE 36 12554
SEND 1553576601 INTRODUCE 36 12163
SEND 1553576601 INTRODUCE 36 21101
SEND 1553576601 INTRODUCE 36 12642
SEND 1553576601 INTRODUCE 36 12150
SEND 1553576601 INTRODUCE 36 14658
SEND 1553576601 INTRODUCE 36 13020
SEND 1553576601 INTRODUCE 36 13628
SEND 1553576601 INTRODUCE 36 13675
SEND 1553576601 INTRODUCE 36 16462
SEND 1553576601 JOIN 32 18564
RECIEVED 1553576601 INTRODUCE 37 11 0
RECIEVED 1553576601 INTRODUCE 37 11 0
RECIEVED 1553576601 INTRODUCE 37 11 0
RECIEVED 1553576601 INTRODUCE 36 11 0
RECIEVED 1553576601 INTRODUCE 36 11 0
RECIEVED 1553576601 INTRODUCE 36 11 0
SEND 1553576601 INTRODUCE 36 13180
SEND 1553576601 INTRODUCE 36 13365
SEND 1553576601 INTRODUCE 36 13957
SEND 1553576601 INTRODUCE 36 13176
SEND 1553576601 INTRODUCE 36 11941
SEND 1553576601 INTRODUCE 36 12450
SEND 1553576601 INTRODUCE 36 14169
SEND 1553576601 INTRODUCE 36 14249
SEND 1553576601 INTRODUCE 36 19810
SEND 1553576601 INTRODUCE 36 14035
SEND 1553576601 INTRODUCE 36 14114
SEND 1553576601 JOIN 32 17374
RECIEVED 1553576601 INTRODUCE 36 12 0
RECIEVED 1553576601 INTRODUCE 36 12 0
RECIEVED 1553576601 INTRODUCE 36 12 0
RECIEVED 1553576601 INTRODUCE 37 12 0
RECIEVED 1553576601 INTRODUCE 36 12 0
SEND 1553576601 INTRODUCE 36 13809
SEND 1553576601 INTRODUCE 36 18682
SEND 1553576601 INTRODUCE 36 18571
SEND 1553576601 INTRODUCE 36 15840
SEND 1553576601 INTRODUCE 36 15353
SEND 1553576601 INTRODUCE 36 16059
SEND 1553576601 INTRODUCE 36 15607
SEND 1553576601 INTRODUCE 36 13324
SEND 1553576601 INTRODUCE 36 14793
SEND 1553576601 INTRODUCE 36 13634
SEND 1553576601 INTRODUCE 36 18761
SEND 1553576601 INTRODUCE 36 13663
SEND 1553576601 JOIN 32 26310
RECIEVED 1553576601 INTRODUCE 36 13 0
RECIEVED 1553576601 INTRODUCE 36 13 0
RECIEVED 1553576601 INTRODUCE 36 13 0
RECIEVED 1553576601 INTRODUCE 37 13 0
RECIEVED 1553576601 INTRODUCE 36 13 0
RECIEVED 1553576601 INTRODUCE 37 13 0
RECIEVED 1553576601 INTRODUCE 36 13 0
RECIEVED 1553576601 INTRODUCE 36 13 0
RECIEVED 1553576601 INTRODUCE 36 13 0
RECIEVED 1553576601 INTRODUCE 36 13 0
RECIEVED 1553576601 INTRODUCE 37 13 0
RECIEVED 1553576601 INTRODUCE 37 13 0
RECIEVED 1553576601 INTRODUCE 37 13 0
RECIEVED 1553576601 INTRODUCE 36 13 0
RECIEVED 1553576601 INTRODUCE 37 13 0
RECIEVED 1553576601 INTRODUCE 36 13 0
RECIEVED 1553576601 INTRODUCE 37 13 0
RECIEVED 1553576601 INTRODUCE 36 13 0
RECIEVED 1553576601 INTRODUCE 36 13 0
RECIEVED 1553576601 INTRODUCE 36 13 0
RECIEVED 1553576601 INTRODUCE 36 13 0
RECIEVED 1553576601 INTRODUCE 36 13 0
RECIEVED 1553576601 INTRODUCE 36 13 0
RECIEVED 1553576601 INTRODUCE 37 13 0
RECIEVED 1553576601 INTRODUCE 36 13 0
SEND 1553576601 INTRODUCE 36 13342
SEND 1553576601 INTRODUCE 36 12267
SEND 1553576601 INTRODUCE 36 13930
SEND 1553576601 INTRODUCE 36 13894
SEND 1553576601 INTRODUCE 36 13502
SEND 1553576601 INTRODUCE 36 15110
SEND 1553576601 INTRODUCE 36 25114
SEND 1553576601 INTRODUCE 36 16843
SEND 1553576601 INTRODUCE 36 16171
SEND 1553576601 INTRODUCE 36 13325
SEND 1553576601 INTRODUCE 36 13371
SEND 1553576601 INTRODUCE 36 14713
SEND 1553576601 INTRODUCE 36 13349
SEND 1553576601 JOIN 32 23146
RECIEVED 1553576601 INTRODUCE 36 14 0
RECIEVED 1553576601 INTRODUCE 36 14 0
RECIEVED 1553576601 INTRODUCE 36 14 0
SEND 1553576601 INTRODUCE 36 13308
SEND 1553576601 INTRODUCE 36 14439
SEND 1553576601 INTRODUCE 36 14861
SEND 1553576601 INTRODUCE 36 12147
SEND 1553576601 INTRODUCE 36 11101
SEND 1553576601 INTRODUCE 36 12542
SEND 1553576601 INTRODUCE 36 13401
SEND 1553576601 INTRODUCE 36 17630
SEND 1553576601 INTRODUCE 36 12697
SEND 1553576601 INTRODUCE 36 12715
SEND 1553576601 INTRODUCE 36 12444
SEND 1553576601 INTRODUCE 36 11871
SEND 1553576601 INTRODUCE 36 20001
SEND 1553576601 INTRODUCE 36 13788
SEND 1553576601 JOIN 32 22495
RECIEVED 1553576601 INTRODUCE 37 15 0
RECIEVED 1553576601 INTRODUCE 37 15 0
RECIEVED 1553576601 INTRODUCE 36 15 0
RECIEVED 1553576601 INTRODUCE 36 15 0
RECIEVED 1553576601 INTRODUCE 36 15 0
RECIEVED 1553576601 INTRODUCE 37 15 0
RECIEVED 1553576601 INTRODUCE 36 15 0
RECIEVED 1553576601 INTRODUCE 36 15 0
RECIEVED 1553576601 INTRODUCE 36 15 0
RECIEVED 1553576601 INTRODUCE 36 15 0
RECIEVED 1553576601 INTRODUCE 36 15 0
RECIEVED 1553576601 INTRODUCE 37 15 0
RECIEVED 1553576601 INTRODUCE 36 15 0
RECIEVED 1553576601 INTRODUCE 36 15 0
RECIEVED 1553576601 INTRODUCE 36 15 0
RECIEVED 1553576601 INTRODUCE 36 15 0
RECIEVED 1553576601 INTRODUCE 36 15 0
RECIEVED 1553576601 INTRODUCE 36 15 0
RECIEVED 1553576601 INTRODUCE 36 15 0
RECIEVED 1553576601 INTRODUCE 37 15 0
RECIEVED 1553576601 INTRODUCE 36 15 0
# recieved string JOIN node17 172.22.158.205 8017

RECIEVED 1553576601 JOIN 32 15 0
SEND 1553576601 INTRODUCE 37 22691
SEND 1553576601 INTRODUCE 37 14241
SEND 1553576601 INTRODUCE 36 13562
SEND 1553576601 INTRODUCE 36 13059
RECIEVED 1553576601 INTRODUCE 36 16 0
RECIEVED 1553576601 TRANSACTION 80 16 0
UPDATE 1553576601 TRANSACTION a6ddb6c5c4795f3a98525a1b6b5a050a
SEND 1553576601 TRANSACTION 80 18470 a6ddb6c5c4795f3a98525a1b6b5a050a
SEND 1553576601 TRANSACTION 80 21604 a6ddb6c5c4795f3a98525a1b6b5a050a
SEND 1553576601 TRANSACTION 80 15154 a6ddb6c5c4795f3a98525a1b6b5a050a
SEND 1553576601 TRANSACTION 80 14272 a6ddb6c5c4795f3a98525a1b6b5a050a
SEND 1553576601 TRANSACTION 80 14904 a6ddb6c5c4795f3a98525a1b6b5a050a
SEND 1553576601 TRANSACTION 80 13462 a6ddb6c5c4795f3a98525a1b6b5a050a
SEND 1553576601 TRANSACTION 80 11647 a6ddb6c5c4795f3a98525a1b6b5a050a
SEND 1553576601 TRANSACTION 80 15483 a6ddb6c5c4795f3a98525a1b6b5a050a
SEND 1553576601 TRANSACTION 80 12093 a6ddb6c5c4795f3a98525a1b6b5a050a
SEND 1553576601 TRANSACTION 80 19544 a6ddb6c5c4795f3a98525a1b6b5a050a
SEND 1553576601 TRANSACTION 80 12721 a6ddb6c5c4795f3a98525a1b6b5a050a
RECIEVED 1553576601 TRANSACTION 80 16 1
RECIEVED 1553576601 TRANSACTION 80 16 1
RECIEVED 1553576601 TRANSACTION 80 16 1
RECIEVED 1553576601 TRANSACTION 80 16 1
RECIEVED 1553576601 TRANSACTION 80 16 1
RECIEVED 1553576601 TRANSACTION 80 16 1
RECIEVED 1553576601 TRANSACTION 80 16 1
RECIEVED 1553576601 TRANSACTION 80 16 1
RECIEVED 1553576601 INTRODUCE 36 16 1
RECIEVED 1553576601 TRANSACTION 81 16 1
UPDATE 1553576601 TRANSACTION 0aa04d2708648d1966e0ebf962af5df1
SEND 1553576601 TRANSACTION 81 13427 0aa04d2708648d1966e0ebf962af5df1
SEND 1553576601 TRANSACTION 81 14038 0aa04d2708648d1966e0ebf962af5df1
# recieved string JOIN node14 172.22.158.205 8014

SEND 1553576601 TRANSACTION 81 11691 0aa04d2708648d1966e0ebf962af5df1
SEND 1553576601 TRANSACTION 81 13260 0aa04d2708648d1966e0ebf962af5df1
SEND 1553576601 TRANSACTION 81 11215 0aa04d2708648d1966e0ebf962af5df1
SEND 1553576601 TRANSACTION 81 20689 0aa04d2708648d1966e0ebf962af5df1
SEND 1553576601 TRANSACTION 81 10694 0aa04d2708648d1966e0ebf962af5df1
SEND 1553576601 TRANSACTION 81 14772 0aa04d2708648d1966e0ebf962af5df1
SEND 1553576601 TRANSACTION 81 13092 0aa04d2708648d1966e0ebf962af5df1
SEND 1553576601 TRANSACTION 81 12365 0aa04d2708648d1966e0ebf962af5df1
SEND 1553576601 TRANSACTION 81 12129 0aa04d2708648d1966e0ebf962af5df1
RECIEVED 1553576601 JOIN 32 16 2
SEND 1553576601 INTRODUCE 36 22713
SEND 1553576601 INTRODUCE 37 15188
SEND 1553576601 INTRODUCE 37 14840
SEND 1553576601 INTRODUCE 36 14092
SEND 1553576601 INTRODUCE 37 18268
SEND 1553576601 INTRODUCE 37 18586
RECIEVED 1553576601 TRANSACTION 81 17 2
RECIEVED 1553576601 TRANSACTION 81 17 2
RECIEVED 1553576601 TRANSACTION 81 17 2
RECIEVED 1553576601 INTRODUCE 37 17 2
RECIEVED 1553576601 TRANSACTION 81 17 2
RECIEVED 1553576601 TRANSACTION 81 17 2
RECIEVED 1553576601 INTRODUCE 36 17 2
RECIEVED 1553576601 INTRODUCE 36 17 2
RECIEVED 1553576601 INTRODUCE 36 17 2
RECIEVED 1553576601 INTRODUCE 37 17 2
RECIEVED 1553576601 TRANSACTION 81 17 2
RECIEVED 1553576601 INTRODUCE 36 17 2
RECIEVED 1553576601 INTRODUCE 36 17 2
RECIEVED 1553576601 INTRODUCE 37 17 2
RECIEVED 1553576601 INTRODUCE 37 17 2
RECIEVED 1553576601 INTRODUCE 37 17 2
RECIEVED 1553576601 TRANSACTION 80 17 2
RECIEVED 1553576601 INTRODUCE 36 17 2
RECIEVED 1553576601 INTRODUCE 37 17 2
RECIEVED 1553576601 TRANSACTION 81 17 2
# recieved string JOIN node18 172.22.158.205 8018

RECIEVED 1553576601 JOIN 32 17 2
SEND 1553576601 INTRODUCE 37 20511
SEND 1553576601 INTRODUCE 36 13143
SEND 1553576601 INTRODUCE 37 18707
SEND 1553576601 INTRODUCE 37 17040
SEND 1553576601 INTRODUCE 36 16814
RECIEVED 1553576601 INTRODUCE 36 18 2
RECIEVED 1553576602 INTRODUCE 37 18 2
RECIEVED 1553576602 INTRODUCE 36 18 2
RECIEVED 1553576602 INTRODUCE 37 18 2
# recieved string JOIN node19 172.22.158.205 8019

RECIEVED 1553576602 JOIN 32 18 2
SEND 1553576602 INTRODUCE 36 14539
SEND 1553576602 INTRODUCE 37 20940
SEND 1553576602 INTRODUCE 36 13998
SEND 1553576602 INTRODUCE 37 14232
RECIEVED 1553576602 INTRODUCE 37 19 2
RECIEVED 1553576602 INTRODUCE 37 19 2
RECIEVED 1553576602 INTRODUCE 36 19 2
RECIEVED 1553576602 INTRODUCE 37 19 2
RECIEVED 1553576602 INTRODUCE 36 19 2
RECIEVED 1553576602 INTRODUCE 36 19 2
RECIEVED 1553576602 INTRODUCE 36 19 2
RECIEVED 1553576602 INTRODUCE 36 19 2
RECIEVED 1553576602 INTRODUCE 37 19 2
RECIEVED 1553576602 INTRODUCE 36 19 2
RECIEVED 1553576602 INTRODUCE 37 19 2
RECIEVED 1553576602 INTRODUCE 37 19 2
RECIEVED 1553576602 INTRODUCE 37 19 2
RECIEVED 1553576602 INTRODUCE 37 19 2
RECIEVED 1553576603 TRANSACTION 81 19 2
UPDATE 1553576603 TRANSACTION fe95b3a7d123b2bc8a4a6a6057301d54
SEND 1553576603 TRANSACTION 81 25833 fe95b3a7d123b2bc8a4a6a6057301d54
SEND 1553576603 TRANSACTION 81 12223 fe95b3a7d123b2bc8a4a6a6057301d54
SEND 1553576603 TRANSACTION 81 12667 fe95b3a7d123b2bc8a4a6a6057301d54
SEND 1553576603 TRANSACTION 81 12808 fe95b3a7d123b2bc8a4a6a6057301d54
SEND 1553576603 TRANSACTION 81 13993 fe95b3a7d123b2bc8a4a6a6057301d54
SEND 1553576603 TRANSACTION 81 12140 fe95b3a7d123b2bc8a4a6a6057301d54
SEND 1553576603 TRANSACTION 81 15848 fe95b3a7d123b2bc8a4a6a6057301d54
SEND 1553576603 TRANSACTION 81 18964 fe95b3a7d123b2bc8a4a6a6057301d54
SEND 1553576603 TRANSACTION 81 14949 fe95b3a7d123b2bc8a4a6a6057301d54
SEND 1553576603 TRANSACTION 81 12127 fe95b3a7d123b2bc8a4a6a6057301d54
SEND 1553576603 TRANSACTION 81 12458 fe95b3a7d123b2bc8a4a6a6057301d54
RECIEVED 1553576603 TRANSACTION 81 19 3
RECIEVED 1553576603 TRANSACTION 81 19 3
RECIEVED 1553576603 TRANSACTION 81 19 3
RECIEVED 1553576603 TRANSACTION 81 19 3
RECIEVED 1553576603 TRANSACTION 81 19 3
RECIEVED 1553576603 TRANSACTION 81 19 3
RECIEVED 1553576603 TRANSACTION 81 19 3
RECIEVED 1553576603 TRANSACTION 81 19 3
RECIEVED 1553576603 TRANSACTION 81 19 3
RECIEVED 1553576603 TRANSACTION 81 19 3
RECIEVED 1553576603 TRANSACTION 81 19 3
UPDATE 1553576603 TRANSACTION 560ee3e9177e34a2ddc5def919f850d3
SEND 1553576603 TRANSACTION 81 21375 560ee3e9177e34a2ddc5def919f850d3
SEND 1553576603 TRANSACTION 81 13932 560ee3e9177e34a2ddc5def919f850d3
SEND 1553576603 TRANSACTION 81 15226 560ee3e9177e34a2ddc5def919f850d3
SEND 1553576603 TRANSACTION 81 14872 560ee3e9177e34a2ddc5def919f850d3
SEND 1553576603 TRANSACTION 81 13586 560ee3e9177e34a2ddc5def919f850d3
SEND 1553576603 TRANSACTION 81 12103 560ee3e9177e34a2ddc5def919f850d3
SEND 1553576603 TRANSACTION 81 11905 560ee3e9177e34a2ddc5def919f850d3
SEND 1553576603 TRANSACTION 81 13795 560ee3e9177e34a2ddc5def919f850d3
SEND 1553576603 TRANSACTION 81 14669 560ee3e9177e34a2ddc5def919f850d3
SEND 1553576603 TRANSACTION 81 22819 560ee3e9177e34a2ddc5def919f850d3
SEND 1553576603 TRANSACTION 81 14241 560ee3e9177e34a2ddc5def919f850d3
RECIEVED 1553576603 TRANSACTION 81 19 4
RECIEVED 1553576603 TRANSACTION 81 19 4
RECIEVED 1553576603 TRANSACTION 81 19 4
RECIEVED 1553576603 TRANSACTION 81 19 4
RECIEVED 1553576603 TRANSACTION 81 19 4
RECIEVED 1553576603 TRANSACTION 81 19 4
RECIEVED 1553576603 TRANSACTION 81 19 4
RECIEVED 1553576603 TRANSACTION 81 19 4
RECIEVED 1553576603 TRANSACTION 81 19 4
RECIEVED 1553576603 TRANSACTION 81 19 4
RECIEVED 1553576604 TRANSACTION 81 19 4
UPDATE 1553576604 TRANSACTION 4690417a2701a396bac4c1b735a7b769
SEND 1553576604 TRANSACTION 81 19086 4690417a2701a396bac4c1b735a7b769
SEND 1553576604 TRANSACTION 81 22159 4690417a2701a396bac4c1b735a7b769
SEND 1553576604 TRANSACTION 81 13562 4690417a2701a396bac4c1b735a7b769
SEND 1553576604 TRANSACTION 81 16736 4690417a2701a396bac4c1b735a7b769
SEND 1553576604 TRANSACTION 81 14811 4690417a2701a396bac4c1b735a7b769
SEND 1553576604 TRANSACTION 81 15148 4690417a2701a396bac4c1b735a7b769
SEND 1553576604 TRANSACTION 81 13175 4690417a2701a396bac4c1b735a7b769
SEND 1553576604 TRANSACTION 81 23401 4690417a2701a396bac4c1b735a7b769
SEND 1553576604 TRANSACTION 81 16279 4690417a2701a396bac4c1b735a7b769
SEND 1553576604 TRANSACTION 81 19751 4690417a2701a396bac4c1b735a7b769
SEND 1553576604 TRANSACTION 81 20604 4690417a2701a396bac4c1b735a7b769
RECIEVED 1553576604 TRANSACTION 81 19 5
RECIEVED 1553576604 TRANSACTION 81 19 5
RECIEVED 1553576604 TRANSACTION 81 19 5
RECIEVED 1553576604 TRANSACTION 81 19 5
RECIEVED 1553576604 TRANSACTION 81 19 5
RECIEVED 1553576604 TRANSACTION 81 19 5
RECIEVED 1553576604 TRANSACTION 81 19 5
RECIEVED 1553576604 TRANSACTION 81 19 5
RECIEVED 1553576604 TRANSACTION 81 19 5
RECIEVED 1553576604 TRANSACTION 81 19 5
RECIEVED 1553576604 TRANSACTION 81 19 5
RECIEVED 1553576604 TRANSACTION 81 19 5
RECIEVED 1553576604 TRANSACTION 81 19 5
RECIEVED 1553576604 TRANSACTION 81 19 5
UPDATE 1553576604 TRANSACTION 38b94631f8241ce345e6a9305defd132
SEND 1553576604 TRANSACTION 81 20083 38b94631f8241ce345e6a9305defd132
SEND 1553576604 TRANSACTION 81 14143 38b94631f8241ce345e6a9305defd132
SEND 1553576604 TRANSACTION 81 13645 38b94631f8241ce345e6a9305defd132
SEND 1553576604 TRANSACTION 81 15232 38b94631f8241ce345e6a9305defd132
SEND 1553576604 TRANSACTION 81 15683 38b94631f8241ce345e6a9305defd132
SEND 1553576604 TRANSACTION 81 13952 38b94631f8241ce345e6a9305defd132
SEND 1553576604 TRANSACTION 81 15931 38b94631f8241ce345e6a9305defd132
SEND 1553576604 TRANSACTION 81 15617 38b94631f8241ce345e6a9305defd132
SEND 1553576604 TRANSACTION 81 13519 38b94631f8241ce345e6a9305defd132
SEND 1553576604 TRANSACTION 81 14426 38b94631f8241ce345e6a9305defd132
SEND 1553576604 TRANSACTION 81 15177 38b94631f8241ce345e6a9305defd132
RECIEVED 1553576604 TRANSACTION 81 19 6
RECIEVED 1553576604 TRANSACTION 81 19 6
RECIEVED 1553576604 TRANSACTION 81 19 6
RECIEVED 1553576604 TRANSACTION 81 19 6
RECIEVED 1553576604 TRANSACTION 81 19 6
RECIEVED 1553576604 TRANSACTION 81 19 6
RECIEVED 1553576604 TRANSACTION 81 19 6
RECIEVED 1553576604 TRANSACTION 81 19 6
RECIEVED 1553576604 TRANSACTION 81 19 6
RECIEVED 1553576604 TRANSACTION 81 19 6
RECIEVED 1553576604 TRANSACTION 81 19 6
RECIEVED 1553576604 TRANSACTION 81 19 6
RECIEVED 1553576605 TRANSACTION 81 19 6
UPDATE 1553576605 TRANSACTION 21dc003cf25800905774dccb49bf0878
SEND 1553576605 TRANSACTION 81 13102 21dc003cf25800905774dccb49bf0878
SEND 1553576605 TRANSACTION 81 15635 21dc003cf25800905774dccb49bf0878
SEND 1553576605 TRANSACTION 81 12186 21dc003cf25800905774dccb49bf0878
SEND 1553576605 TRANSACTION 81 13662 21dc003cf25800905774dccb49bf0878
SEND 1553576605 TRANSACTION 81 13631 21dc003cf25800905774dccb49bf0878
SEND 1553576605 TRANSACTION 81 21821 21dc003cf25800905774dccb49bf0878
SEND 1553576605 TRANSACTION 81 12700 21dc003cf25800905774dccb49bf0878
SEND 1553576605 TRANSACTION 81 21892 21dc003cf25800905774dccb49bf0878
SEND 1553576605 TRANSACTION 81 12978 21dc003cf25800905774dccb49bf0878
SEND 1553576605 TRANSACTION 81 13313 21dc003cf25800905774dccb49bf0878
SEND 1553576605 TRANSACTION 81 19411 21dc003cf25800905774dccb49bf0878
RECIEVED 1553576605 TRANSACTION 81 19 7
RECIEVED 1553576605 TRANSACTION 81 19 7
RECIEVED 1553576605 TRANSACTION 81 19 7
RECIEVED 1553576605 TRANSACTION 81 19 7
RECIEVED 1553576605 TRANSACTION 81 19 7
RECIEVED 1553576605 TRANSACTION 81 19 7
RECIEVED 1553576605 TRANSACTION 81 19 7
RECIEVED 1553576605 TRANSACTION 81 19 7
RECIEVED 1553576605 TRANSACTION 81 19 7
RECIEVED 1553576605 TRANSACTION 80 19 7
UPDATE 1553576605 TRANSACTION 18ac8d43b6c78e4314a88758e879093f
SEND 1553576605 TRANSACTION 80 15581 18ac8d43b6c78e4314a88758e879093f
SEND 1553576605 TRANSACTION 80 14100 18ac8d43b6c78e4314a88758e879093f
SEND 1553576605 TRANSACTION 80 16440 18ac8d43b6c78e4314a88758e879093f
SEND 1553576605 TRANSACTION 80 14342 18ac8d43b6c78e4314a88758e879093f
SEND 1553576605 TRANSACTION 80 14739 18ac8d43b6c78e4314a88758e879093f
SEND 1553576605 TRANSACTION 80 15147 18ac8d43b6c78e4314a88758e879093f
SEND 1553576605 TRANSACTION 80 13223 18ac8d43b6c78e4314a88758e879093f
SEND 1553576605 TRANSACTION 80 14640 18ac8d43b6c78e4314a88758e879093f
SEND 1553576605 TRANSACTION 80 16635 18ac8d43b6c78e4314a88758e879093f
SEND 1553576605 TRANSACTION 80 12167 18ac8d43b6c78e4314a88758e879093f
SEND 1553576605 TRANSACTION 80 15186 18ac8d43b6c78e4314a88758e879093f
RECIEVED 1553576605 TRANSACTION 80 19 8
RECIEVED 1553576605 TRANSACTION 80 19 8
RECIEVED 1553576605 TRANSACTION 80 19 8
RECIEVED 1553576605 TRANSACTION 80 19 8
RECIEVED 1553576605 TRANSACTION 80 19 8
RECIEVED 1553576605 TRANSACTION 80 19 8
RECIEVED 1553576605 TRANSACTION 80 19 8
RECIEVED 1553576605 TRANSACTION 81 19 8
UPDATE 1553576605 TRANSACTION 5bdc61ab154499fccbd129be738e5751
SEND 1553576605 TRANSACTION 81 18864 5bdc61ab154499fccbd129be738e5751
SEND 1553576605 TRANSACTION 81 14297 5bdc61ab154499fccbd129be738e5751
SEND 1553576605 TRANSACTION 81 15186 5bdc61ab154499fccbd129be738e5751
SEND 1553576605 TRANSACTION 81 16227 5bdc61ab154499fccbd129be738e5751
SEND 1553576605 TRANSACTION 81 11889 5bdc61ab154499fccbd129be738e5751
SEND 1553576605 TRANSACTION 81 13202 5bdc61ab154499fccbd129be738e5751
SEND 1553576605 TRANSACTION 81 13318 5bdc61ab154499fccbd129be738e5751
SEND 1553576605 TRANSACTION 81 15662 5bdc61ab154499fccbd129be738e5751
SEND 1553576605 TRANSACTION 81 15140 5bdc61ab154499fccbd129be738e5751
SEND 1553576605 TRANSACTION 81 15831 5bdc61ab154499fccbd129be738e5751
SEND 1553576605 TRANSACTION 81 13090 5bdc61ab154499fccbd129be738e5751
RECIEVED 1553576605 TRANSACTION 81 19 9
RECIEVED 1553576605 TRANSACTION 81 19 9
RECIEVED 1553576605 TRANSACTION 81 19 9
RECIEVED 1553576605 TRANSACTION 81 19 9
RECIEVED 1553576605 TRANSACTION 81 19 9
RECIEVED 1553576605 TRANSACTION 81 19 9
RECIEVED 1553576606 TRANSACTION 79 19 9
UPDATE 1553576606 TRANSACTION 0faeaacaa66ed5f10b1b6d41fbff6911
SEND 1553576606 TRANSACTION 79 15466 0faeaacaa66ed5f10b1b6d41fbff6911
SEND 1553576606 TRANSACTION 79 15649 0faeaacaa66ed5f10b1b6d41fbff6911
SEND 1553576606 TRANSACTION 79 16160 0faeaacaa66ed5f10b1b6d41fbff6911
SEND 1553576606 TRANSACTION 79 21446 0faeaacaa66ed5f10b1b6d41fbff6911
SEND 1553576606 TRANSACTION 79 12700 0faeaacaa66ed5f10b1b6d41fbff6911
SEND 1553576606 TRANSACTION 79 15060 0faeaacaa66ed5f10b1b6d41fbff6911
SEND 1553576606 TRANSACTION 79 20854 0faeaacaa66ed5f10b1b6d41fbff6911
SEND 1553576606 TRANSACTION 79 15708 0faeaacaa66ed5f10b1b6d41fbff6911
SEND 1553576606 TRANSACTION 79 21293 0faeaacaa66ed5f10b1b6d41fbff6911
SEND 1553576606 TRANSACTION 79 15266 0faeaacaa66ed5f10b1b6d41fbff6911
RECIEVED 1553576606 TRANSACTION 79 19 10
RECIEVED 1553576606 TRANSACTION 79 19 10
RECIEVED 1553576606 TRANSACTION 79 19 10
RECIEVED 1553576606 TRANSACTION 79 19 10
RECIEVED 1553576606 TRANSACTION 79 19 10
RECIEVED 1553576606 TRANSACTION 79 19 10
RECIEVED 1553576606 TRANSACTION 79 19 10
RECIEVED 1553576607 TRANSACTION 81 19 10
UPDATE 1553576607 TRANSACTION 10430a7a7e7bed490b3cdcac6bf1024d
SEND 1553576607 TRANSACTION 81 23130 10430a7a7e7bed490b3cdcac6bf1024d
SEND 1553576607 TRANSACTION 81 22087 10430a7a7e7bed490b3cdcac6bf1024d
SEND 1553576607 TRANSACTION 81 14899 10430a7a7e7bed490b3cdcac6bf1024d
SEND 1553576607 TRANSACTION 81 14881 10430a7a7e7bed490b3cdcac6bf1024d
SEND 1553576607 TRANSACTION 81 23102 10430a7a7e7bed490b3cdcac6bf1024d
SEND 1553576607 TRANSACTION 81 16918 10430a7a7e7bed490b3cdcac6bf1024d
SEND 1553576607 TRANSACTION 81 17235 10430a7a7e7bed490b3cdcac6bf1024d
SEND 1553576607 TRANSACTION 81 15968 10430a7a7e7bed490b3cdcac6bf1024d
SEND 1553576607 TRANSACTION 81 15417 10430a7a7e7bed490b3cdcac6bf1024d
SEND 1553576607 TRANSACTION 81 15961 10430a7a7e7bed490b3cdcac6bf1024d
SEND 1553576607 TRANSACTION 81 12902 10430a7a7e7bed490b3cdcac6bf1024d
RECIEVED 1553576607 TRANSACTION 81 19 11
RECIEVED 1553576607 TRANSACTION 81 19 11
RECIEVED 1553576607 TRANSACTION 81 19 11
RECIEVED 1553576607 TRANSACTION 81 19 11
RECIEVED 1553576607 TRANSACTION 81 19 11
RECIEVED 1553576607 TRANSACTION 81 19 11
RECIEVED 1553576607 TRANSACTION 81 19 11
UPDATE 1553576607 TRANSACTION 6934cb87ad9f579385296e0efa746a23
SEND 1553576607 TRANSACTION 81 16260 6934cb87ad9f579385296e0efa746a23
SEND 1553576607 TRANSACTION 81 14823 6934cb87ad9f579385296e0efa746a23
SEND 1553576607 TRANSACTION 81 15883 6934cb87ad9f579385296e0efa746a23
SEND 1553576607 TRANSACTION 81 14732 6934cb87ad9f579385296e0efa746a23
SEND 1553576607 TRANSACTION 81 15544 6934cb87ad9f579385296e0efa746a23
SEND 1553576607 TRANSACTION 81 14021 6934cb87ad9f579385296e0efa746a23
SEND 1553576607 TRANSACTION 81 15122 6934cb87ad9f579385296e0efa746a23
SEND 1553576607 TRANSACTION 81 15432 6934cb87ad9f579385296e0efa746a23
SEND 1553576607 TRANSACTION 81 10763 6934cb87ad9f579385296e0efa746a23
SEND 1553576607 TRANSACTION 81 12035 6934cb87ad9f579385296e0efa746a23
SEND 1553576607 TRANSACTION 81 22334 6934cb87ad9f579385296e0efa746a23
RECIEVED 1553576607 TRANSACTION 81 19 12
RECIEVED 1553576607 TRANSACTION 81 19 12
RECIEVED 1553576607 TRANSACTION 81 19 12
RECIEVED 1553576607 TRANSACTION 81 19 12
RECIEVED 1553576607 TRANSACTION 81 19 12
RECIEVED 1553576607 TRANSACTION 81 19 12
RECIEVED 1553576607 TRANSACTION 81 19 12
RECIEVED 1553576607 TRANSACTION 81 19 12
RECIEVED 1553576607 TRANSACTION 81 19 12
RECIEVED 1553576607 TRANSACTION 79 19 12
UPDATE 1553576607 TRANSACTION 31dc68728f8bd14e885f38fad91d3946
SEND 1553576607 TRANSACTION 79 24443 31dc68728f8bd14e885f38fad91d3946
SEND 1553576607 TRANSACTION 79 20199 31dc68728f8bd14e885f38fad91d3946
SEND 1553576607 TRANSACTION 79 23476 31dc68728f8bd14e885f38fad91d3946
SEND 1553576607 TRANSACTION 79 17446 31dc68728f8bd14e885f38fad91d3946
SEND 1553576607 TRANSACTION 79 17219 31dc68728f8bd14e885f38fad91d3946
SEND 1553576607 TRANSACTION 79 12969 31dc68728f8bd14e885f38fad91d3946
SEND 1553576607 TRANSACTION 79 12796 31dc68728f8bd14e885f38fad91d3946
SEND 1553576607 TRANSACTION 79 15975 31dc68728f8bd14e885f38fad91d3946
SEND 1553576607 TRANSACTION 79 13732 31dc68728f8bd14e885f38fad91d3946
SEND 1553576607 TRANSACTION 79 14655 31dc68728f8bd14e885f38fad91d3946
SEND 1553576607 TRANSACTION 79 15924 31dc68728f8bd14e885f38fad91d3946
RECIEVED 1553576607 TRANSACTION 79 19 13
RECIEVED 1553576607 TRANSACTION 79 19 13
RECIEVED 1553576607 TRANSACTION 79 19 13
RECIEVED 1553576607 TRANSACTION 79 19 13
RECIEVED 1553576607 TRANSACTION 79 19 13
RECIEVED 1553576607 TRANSACTION 79 19 13
RECIEVED 1553576607 TRANSACTION 79 19 13
RECIEVED 1553576607 TRANSACTION 79 19 13
RECIEVED 1553576607 TRANSACTION 79 19 13
RECIEVED 1553576607 TRANSACTION 79 19 13
RECIEVED 1553576607 TRANSACTION 79 19 13
RECIEVED 1553576607 TRANSACTION 79 19 13
RECIEVED 1553576607 TRANSACTION 79 19 13
RECIEVED 1553576607 TRANSACTION 81 19 13
UPDATE 1553576607 TRANSACTION 5101eb0e3771daadb6583f5007c5adcf
SEND 1553576607 TRANSACTION 81 20381 5101eb0e3771daadb6583f5007c5adcf
SEND 1553576607 TRANSACTION 81 14301 5101eb0e3771daadb6583f5007c5adcf
SEND 1553576607 TRANSACTION 81 13397 5101eb0e3771daadb6583f5007c5adcf
SEND 1553576607 TRANSACTION 81 13651 5101eb0e3771daadb6583f5007c5adcf
SEND 1553576607 TRANSACTION 81 13916 5101eb0e3771daadb6583f5007c5adcf
SEND 1553576607 TRANSACTION 81 14689 5101eb0e3771daadb6583f5007c5adcf
SEND 1553576607 TRANSACTION 81 21768 5101eb0e3771daadb6583f5007c5adcf
SEND 1553576607 TRANSACTION 81 14990 5101eb0e3771daadb6583f5007c5adcf
SEND 1553576607 TRANSACTION 81 14549 5101eb0e3771daadb6583f5007c5adcf
SEND 1553576607 TRANSACTION 81 12064 5101eb0e3771daadb6583f5007c5adcf
SEND 1553576607 TRANSACTION 81 22448 5101eb0e3771daadb6583f5007c5adcf
RECIEVED 1553576607 TRANSACTION 81 19 14
RECIEVED 1553576607 TRANSACTION 81 19 14
RECIEVED 1553576607 TRANSACTION 81 19 14
RECIEVED 1553576607 TRANSACTION 81 19 14
RECIEVED 1553576607 TRANSACTION 81 19 14
RECIEVED 1553576607 TRANSACTION 81 19 14
RECIEVED 1553576607 TRANSACTION 81 19 14
RECIEVED 1553576607 TRANSACTION 81 19 14
RECIEVED 1553576607 TRANSACTION 81 19 14
RECIEVED 1553576607 TRANSACTION 81 19 14
RECIEVED 1553576608 TRANSACTION 81 19 14
UPDATE 1553576608 TRANSACTION d8b96a359925e5aeb5655e3245c32d2e
SEND 1553576608 TRANSACTION 81 15426 d8b96a359925e5aeb5655e3245c32d2e
SEND 1553576608 TRANSACTION 81 13289 d8b96a359925e5aeb5655e3245c32d2e
SEND 1553576608 TRANSACTION 81 15000 d8b96a359925e5aeb5655e3245c32d2e
SEND 1553576608 TRANSACTION 81 14281 d8b96a359925e5aeb5655e3245c32d2e
SEND 1553576608 TRANSACTION 81 13993 d8b96a359925e5aeb5655e3245c32d2e
SEND 1553576608 TRANSACTION 81 14827 d8b96a359925e5aeb5655e3245c32d2e
SEND 1553576608 TRANSACTION 81 20667 d8b96a359925e5aeb5655e3245c32d2e
SEND 1553576608 TRANSACTION 81 13050 d8b96a359925e5aeb5655e3245c32d2e
SEND 1553576608 TRANSACTION 81 12836 d8b96a359925e5aeb5655e3245c32d2e
SEND 1553576608 TRANSACTION 81 12611 d8b96a359925e5aeb5655e3245c32d2e
SEND 1553576608 TRANSACTION 81 21570 d8b96a359925e5aeb5655e3245c32d2e
RECIEVED 1553576608 TRANSACTION 81 19 15
RECIEVED 1553576608 TRANSACTION 81 19 15
RECIEVED 1553576608 TRANSACTION 81 19 15
RECIEVED 1553576608 TRANSACTION 81 19 15
RECIEVED 1553576608 TRANSACTION 81 19 15
RECIEVED 1553576608 TRANSACTION 81 19 15
RECIEVED 1553576608 TRANSACTION 81 19 15
RECIEVED 1553576608 TRANSACTION 81 19 15
RECIEVED 1553576608 TRANSACTION 81 19 15
RECIEVED 1553576608 INTRODUCE 36 19 15
RECIEVED 1553576608 INTRODUCE 36 19 15
RECIEVED 1553576608 INTRODUCE 37 19 15
RECIEVED 1553576609 TRANSACTION 81 19 15
UPDATE 1553576609 TRANSACTION 20daf47b483cbf77ce33df027a0abba4
SEND 1553576609 TRANSACTION 81 15521 20daf47b483cbf77ce33df027a0abba4
SEND 1553576609 TRANSACTION 81 22240 20daf47b483cbf77ce33df027a0abba4
SEND 1553576609 TRANSACTION 81 15093 20daf47b483cbf77ce33df027a0abba4
SEND 1553576609 TRANSACTION 81 15344 20daf47b483cbf77ce33df027a0abba4
SEND 1553576609 TRANSACTION 81 13362 20daf47b483cbf77ce33df027a0abba4
SEND 1553576609 TRANSACTION 81 126463 20daf47b483cbf77ce33df027a0abba4
SEND 1553576609 TRANSACTION 81 15404 20daf47b483cbf77ce33df027a0abba4
SEND 1553576609 TRANSACTION 81 15305 20daf47b483cbf77ce33df027a0abba4
SEND 1553576609 TRANSACTION 81 14884 20daf47b483cbf77ce33df027a0abba4
SEND 1553576609 TRANSACTION 81 18787 20daf47b483cbf77ce33df027a0abba4
SEND 1553576609 TRANSACTION 81 16024 20daf47b483cbf77ce33df027a0abba4
RECIEVED 1553576609 TRANSACTION 81 19 16
RECIEVED 1553576609 TRANSACTION 81 19 16
RECIEVED 1553576609 TRANSACTION 81 19 16
RECIEVED 1553576609 TRANSACTION 81 19 16
RECIEVED 1553576609 TRANSACTION 81 19 16
RECIEVED 1553576609 TRANSACTION 81 19 16
RECIEVED 1553576609 TRANSACTION 81 19 16
RECIEVED 1553576609 TRANSACTION 81 19 16
RECIEVED 1553576609 TRANSACTION 81 19 16
RECIEVED 1553576609 INTRODUCE 36 19 16
RECIEVED 1553576609 INTRODUCE 37 19 16
RECIEVED 1553576609 INTRODUCE 37 19 16
RECIEVED 1553576609 INTRODUCE 37 19 16
RECIEVED 1553576609 TRANSACTION 81 19 16
UPDATE 1553576609 TRANSACTION 2b806d60d709defb3b505077ac163040
SEND 1553576609 TRANSACTION 81 22148 2b806d60d709defb3b505077ac163040
SEND 1553576609 TRANSACTION 81 12396 2b806d60d709defb3b505077ac163040
SEND 1553576609 TRANSACTION 81 15539 2b806d60d709defb3b505077ac163040
SEND 1553576609 TRANSACTION 81 15261 2b806d60d709defb3b505077ac163040
SEND 1553576609 TRANSACTION 81 15068 2b806d60d709defb3b505077ac163040
SEND 1553576609 TRANSACTION 81 11952 2b806d60d709defb3b505077ac163040
SEND 1553576609 TRANSACTION 81 12505 2b806d60d709defb3b505077ac163040
SEND 1553576609 TRANSACTION 81 14246 2b806d60d709defb3b505077ac163040
SEND 1553576609 TRANSACTION 81 15789 2b806d60d709defb3b505077ac163040
SEND 1553576609 TRANSACTION 81 14879 2b806d60d709defb3b505077ac163040
SEND 1553576609 TRANSACTION 81 14826 2b806d60d709defb3b505077ac163040
RECIEVED 1553576609 TRANSACTION 81 19 17
RECIEVED 1553576609 TRANSACTION 81 19 17
RECIEVED 1553576609 TRANSACTION 81 19 17
RECIEVED 1553576609 TRANSACTION 81 19 17
RECIEVED 1553576609 TRANSACTION 81 19 17
RECIEVED 1553576609 TRANSACTION 81 19 17
RECIEVED 1553576609 TRANSACTION 81 19 17
RECIEVED 1553576610 HB 3 19 17
SEND 1553576610 INTRODUCE 36 57701
SEND 1553576610 INTRODUCE 37 31179
SEND 1553576610 INTRODUCE 36 15761
SEND 1553576610 INTRODUCE 36 14172
SEND 1553576610 INTRODUCE 36 19895
SEND 1553576610 INTRODUCE 37 14300
RECIEVED 1553576611 TRANSACTION 81 19 17
UPDATE 1553576611 TRANSACTION 8425d8e3b4183aeb41ac99da12e75a63
SEND 1553576611 TRANSACTION 81 13351 8425d8e3b4183aeb41ac99da12e75a63
SEND 1553576611 TRANSACTION 81 14680 8425d8e3b4183aeb41ac99da12e75a63
SEND 1553576611 TRANSACTION 81 13690 8425d8e3b4183aeb41ac99da12e75a63
SEND 1553576611 TRANSACTION 81 21111 8425d8e3b4183aeb41ac99da12e75a63
SEND 1553576611 TRANSACTION 81 12887 8425d8e3b4183aeb41ac99da12e75a63
SEND 1553576611 TRANSACTION 81 14613 8425d8e3b4183aeb41ac99da12e75a63
SEND 1553576611 TRANSACTION 81 14524 8425d8e3b4183aeb41ac99da12e75a63
SEND 1553576611 TRANSACTION 81 20825 8425d8e3b4183aeb41ac99da12e75a63
SEND 1553576611 TRANSACTION 81 15939 8425d8e3b4183aeb41ac99da12e75a63
SEND 1553576611 TRANSACTION 81 15386 8425d8e3b4183aeb41ac99da12e75a63
SEND 1553576611 TRANSACTION 81 11380 8425d8e3b4183aeb41ac99da12e75a63
RECIEVED 1553576611 TRANSACTION 81 19 18
RECIEVED 1553576611 TRANSACTION 81 19 18
RECIEVED 1553576611 TRANSACTION 81 19 18
RECIEVED 1553576611 TRANSACTION 81 19 18
RECIEVED 1553576611 TRANSACTION 81 19 18
RECIEVED 1553576611 TRANSACTION 81 19 18
RECIEVED 1553576611 TRANSACTION 81 19 18
RECIEVED 1553576611 TRANSACTION 81 19 18
RECIEVED 1553576611 TRANSACTION 81 19 18
UPDATE 1553576611 TRANSACTION 4da25f9f099d5d7bcfc8bf435f332f97
SEND 1553576611 TRANSACTION 81 36984 4da25f9f099d5d7bcfc8bf435f332f97
SEND 1553576611 TRANSACTION 81 11046 4da25f9f099d5d7bcfc8bf435f332f97
SEND 1553576611 TRANSACTION 81 19000 4da25f9f099d5d7bcfc8bf435f332f97
SEND 1553576611 TRANSACTION 81 12724 4da25f9f099d5d7bcfc8bf435f332f97
SEND 1553576611 TRANSACTION 81 14996 4da25f9f099d5d7bcfc8bf435f332f97
SEND 1553576611 TRANSACTION 81 12984 4da25f9f099d5d7bcfc8bf435f332f97
SEND 1553576611 TRANSACTION 81 15215 4da25f9f099d5d7bcfc8bf435f332f97
SEND 1553576611 TRANSACTION 81 14483 4da25f9f099d5d7bcfc8bf435f332f97
SEND 1553576611 TRANSACTION 81 15587 4da25f9f099d5d7bcfc8bf435f332f97
SEND 1553576611 TRANSACTION 81 13650 4da25f9f099d5d7bcfc8bf435f332f97
SEND 1553576611 TRANSACTION 81 20680 4da25f9f099d5d7bcfc8bf435f332f97
RECIEVED 1553576611 TRANSACTION 81 19 19
RECIEVED 1553576611 TRANSACTION 81 19 19
RECIEVED 1553576611 TRANSACTION 81 19 19
RECIEVED 1553576611 TRANSACTION 81 19 19
RECIEVED 1553576611 TRANSACTION 81 19 19
RECIEVED 1553576611 TRANSACTION 81 19 19
RECIEVED 1553576611 TRANSACTION 81 19 19
RECIEVED 1553576612 TRANSACTION 81 19 19
UPDATE 1553576612 TRANSACTION 09e73c7f80e65a76659833a2d0604c3b
SEND 1553576612 TRANSACTION 81 16462 09e73c7f80e65a76659833a2d0604c3b
SEND 1553576612 TRANSACTION 81 12518 09e73c7f80e65a76659833a2d0604c3b
SEND 1553576612 TRANSACTION 81 16767 09e73c7f80e65a76659833a2d0604c3b
SEND 1553576612 TRANSACTION 81 14333 09e73c7f80e65a76659833a2d0604c3b
SEND 1553576612 TRANSACTION 81 14605 09e73c7f80e65a76659833a2d0604c3b
SEND 1553576612 TRANSACTION 81 14039 09e73c7f80e65a76659833a2d0604c3b
SEND 1553576612 TRANSACTION 81 15482 09e73c7f80e65a76659833a2d0604c3b
SEND 1553576612 TRANSACTION 81 14183 09e73c7f80e65a76659833a2d0604c3b
SEND 1553576612 TRANSACTION 81 15756 09e73c7f80e65a76659833a2d0604c3b
SEND 1553576612 TRANSACTION 81 21184 09e73c7f80e65a76659833a2d0604c3b
SEND 1553576612 TRANSACTION 81 21648 09e73c7f80e65a76659833a2d0604c3b
RECIEVED 1553576612 TRANSACTION 81 19 20
RECIEVED 1553576612 TRANSACTION 81 19 20
RECIEVED 1553576612 TRANSACTION 81 19 20
RECIEVED 1553576612 TRANSACTION 81 19 20
RECIEVED 1553576612 TRANSACTION 81 19 20
RECIEVED 1553576612 TRANSACTION 81 19 20
RECIEVED 1553576612 TRANSACTION 81 19 20
RECIEVED 1553576612 TRANSACTION 81 19 20
RECIEVED 1553576612 TRANSACTION 81 19 20
RECIEVED 1553576612 TRANSACTION 81 19 20
RECIEVED 1553576612 TRANSACTION 81 19 20
RECIEVED 1553576613 TRANSACTION 79 19 20
UPDATE 1553576613 TRANSACTION 8975d90e993022d960f4b2b6bbbd90eb
SEND 1553576613 TRANSACTION 79 23871 8975d90e993022d960f4b2b6bbbd90eb
SEND 1553576613 TRANSACTION 79 14695 8975d90e993022d960f4b2b6bbbd90eb
SEND 1553576613 TRANSACTION 79 14576 8975d90e993022d960f4b2b6bbbd90eb
SEND 1553576613 TRANSACTION 79 14782 8975d90e993022d960f4b2b6bbbd90eb
SEND 1553576613 TRANSACTION 79 15412 8975d90e993022d960f4b2b6bbbd90eb
SEND 1553576613 TRANSACTION 79 15395 8975d90e993022d960f4b2b6bbbd90eb
SEND 1553576613 TRANSACTION 79 16130 8975d90e993022d960f4b2b6bbbd90eb
SEND 1553576613 TRANSACTION 79 16082 8975d90e993022d960f4b2b6bbbd90eb
SEND 1553576613 TRANSACTION 79 20257 8975d90e993022d960f4b2b6bbbd90eb
SEND 1553576613 TRANSACTION 79 12541 8975d90e993022d960f4b2b6bbbd90eb
SEND 1553576613 TRANSACTION 79 12052 8975d90e993022d960f4b2b6bbbd90eb
RECIEVED 1553576613 TRANSACTION 79 19 21
RECIEVED 1553576613 TRANSACTION 79 19 21
RECIEVED 1553576613 TRANSACTION 79 19 21
RECIEVED 1553576613 TRANSACTION 79 19 21
RECIEVED 1553576613 TRANSACTION 79 19 21
RECIEVED 1553576613 TRANSACTION 79 19 21
RECIEVED 1553576613 TRANSACTION 79 19 21
RECIEVED 1553576613 TRANSACTION 79 19 21
RECIEVED 1553576613 TRANSACTION 80 19 21
UPDATE 1553576613 TRANSACTION 8cb75307e96efb61ff8d9cdf0529a865
SEND 1553576613 TRANSACTION 80 15628 8cb75307e96efb61ff8d9cdf0529a865
SEND 1553576613 TRANSACTION 80 20755 8cb75307e96efb61ff8d9cdf0529a865
SEND 1553576613 TRANSACTION 80 14332 8cb75307e96efb61ff8d9cdf0529a865
SEND 1553576613 TRANSACTION 80 15740 8cb75307e96efb61ff8d9cdf0529a865
SEND 1553576613 TRANSACTION 80 15042 8cb75307e96efb61ff8d9cdf0529a865
SEND 1553576613 TRANSACTION 80 13885 8cb75307e96efb61ff8d9cdf0529a865
SEND 1553576613 TRANSACTION 80 28007 8cb75307e96efb61ff8d9cdf0529a865
SEND 1553576613 TRANSACTION 80 10540 8cb75307e96efb61ff8d9cdf0529a865
SEND 1553576613 TRANSACTION 80 15466 8cb75307e96efb61ff8d9cdf0529a865
SEND 1553576613 TRANSACTION 80 16460 8cb75307e96efb61ff8d9cdf0529a865
SEND 1553576613 TRANSACTION 80 19986 8cb75307e96efb61ff8d9cdf0529a865
RECIEVED 1553576613 TRANSACTION 80 19 22
RECIEVED 1553576613 TRANSACTION 80 19 22
RECIEVED 1553576613 TRANSACTION 80 19 22
RECIEVED 1553576613 TRANSACTION 80 19 22
RECIEVED 1553576613 TRANSACTION 80 19 22
RECIEVED 1553576613 TRANSACTION 80 19 22
RECIEVED 1553576613 TRANSACTION 80 19 22
RECIEVED 1553576613 TRANSACTION 80 19 22
RECIEVED 1553576613 TRANSACTION 80 19 22
RECIEVED 1553576613 TRANSACTION 80 19 22
RECIEVED 1553576613 TRANSACTION 80 19 22
RECIEVED 1553576613 TRANSACTION 80 19 22
RECIEVED 1553576613 TRANSACTION 80 19 22
RECIEVED 1553576613 TRANSACTION 80 19 22
RECIEVED 1553576613 TRANSACTION 81 19 22
UPDATE 1553576613 TRANSACTION 6d643b88916d38b5f9ba5bb978d142cf
SEND 1553576613 TRANSACTION 81 12970 6d643b88916d38b5f9ba5bb978d142cf
SEND 1553576613 TRANSACTION 81 13990 6d643b88916d38b5f9ba5bb978d142cf
SEND 1553576613 TRANSACTION 81 12160 6d643b88916d38b5f9ba5bb978d142cf
SEND 1553576613 TRANSACTION 81 20386 6d643b88916d38b5f9ba5bb978d142cf
SEND 1553576613 TRANSACTION 81 14857 6d643b88916d38b5f9ba5bb978d142cf
SEND 1553576613 TRANSACTION 81 12929 6d643b88916d38b5f9ba5bb978d142cf
SEND 1553576613 TRANSACTION 81 15020 6d643b88916d38b5f9ba5bb978d142cf
SEND 1553576613 TRANSACTION 81 12097 6d643b88916d38b5f9ba5bb978d142cf
SEND 1553576613 TRANSACTION 81 15815 6d643b88916d38b5f9ba5bb978d142cf
SEND 1553576613 TRANSACTION 81 23120 6d643b88916d38b5f9ba5bb978d142cf
SEND 1553576613 TRANSACTION 81 13511 6d643b88916d38b5f9ba5bb978d142cf
RECIEVED 1553576613 TRANSACTION 81 19 23
RECIEVED 1553576613 TRANSACTION 81 19 23
RECIEVED 1553576613 TRANSACTION 81 19 23
RECIEVED 1553576613 TRANSACTION 81 19 23
RECIEVED 1553576613 TRANSACTION 81 19 23
RECIEVED 1553576613 TRANSACTION 81 19 23
RECIEVED 1553576613 TRANSACTION 81 19 23
RECIEVED 1553576613 TRANSACTION 81 19 23
RECIEVED 1553576613 TRANSACTION 81 19 23
RECIEVED 1553576613 TRANSACTION 81 19 23
RECIEVED 1553576614 TRANSACTION 81 19 23
UPDATE 1553576614 TRANSACTION 1a58669ec9ab6814764e63364f27785e
SEND 1553576614 TRANSACTION 81 14927 1a58669ec9ab6814764e63364f27785e
SEND 1553576614 TRANSACTION 81 14687 1a58669ec9ab6814764e63364f27785e
SEND 1553576614 TRANSACTION 81 14626 1a58669ec9ab6814764e63364f27785e
SEND 1553576614 TRANSACTION 81 14582 1a58669ec9ab6814764e63364f27785e
SEND 1553576614 TRANSACTION 81 15811 1a58669ec9ab6814764e63364f27785e
SEND 1553576614 TRANSACTION 81 17417 1a58669ec9ab6814764e63364f27785e
SEND 1553576614 TRANSACTION 81 15785 1a58669ec9ab6814764e63364f27785e
SEND 1553576614 TRANSACTION 81 15722 1a58669ec9ab6814764e63364f27785e
SEND 1553576614 TRANSACTION 81 13837 1a58669ec9ab6814764e63364f27785e
SEND 1553576614 TRANSACTION 81 14582 1a58669ec9ab6814764e63364f27785e
SEND 1553576614 TRANSACTION 81 2117239 1a58669ec9ab6814764e63364f27785e
RECIEVED 1553576614 TRANSACTION 81 19 24
RECIEVED 1553576614 TRANSACTION 81 19 24
RECIEVED 1553576614 TRANSACTION 81 19 24
RECIEVED 1553576614 TRANSACTION 81 19 24
RECIEVED 1553576614 TRANSACTION 81 19 24
RECIEVED 1553576614 TRANSACTION 81 19 24
RECIEVED 1553576614 TRANSACTION 81 19 24
RECIEVED 1553576614 TRANSACTION 81 19 24
RECIEVED 1553576614 TRANSACTION 81 19 24
RECIEVED 1553576614 TRANSACTION 81 19 24
RECIEVED 1553576616 TRANSACTION 80 19 24
UPDATE 1553576616 TRANSACTION 98418cf5712dc120f897e729fbd53ef7
SEND 1553576616 TRANSACTION 80 17043 98418cf5712dc120f897e729fbd53ef7
SEND 1553576616 TRANSACTION 80 19267 98418cf5712dc120f897e729fbd53ef7
SEND 1553576616 TRANSACTION 80 16723 98418cf5712dc120f897e729fbd53ef7
SEND 1553576616 TRANSACTION 80 16307 98418cf5712dc120f897e729fbd53ef7
SEND 1553576616 TRANSACTION 80 18239 98418cf5712dc120f897e729fbd53ef7
SEND 1553576616 TRANSACTION 80 16789 98418cf5712dc120f897e729fbd53ef7
SEND 1553576616 TRANSACTION 80 14772 98418cf5712dc120f897e729fbd53ef7
SEND 1553576616 TRANSACTION 80 15477 98418cf5712dc120f897e729fbd53ef7
SEND 1553576616 TRANSACTION 80 21468 98418cf5712dc120f897e729fbd53ef7
SEND 1553576616 TRANSACTION 80 16037 98418cf5712dc120f897e729fbd53ef7
SEND 1553576616 TRANSACTION 80 14175 98418cf5712dc120f897e729fbd53ef7
RECIEVED 1553576616 TRANSACTION 80 19 25
RECIEVED 1553576616 TRANSACTION 80 19 25
RECIEVED 1553576616 TRANSACTION 80 19 25
RECIEVED 1553576616 TRANSACTION 80 19 25
RECIEVED 1553576616 TRANSACTION 80 19 25
RECIEVED 1553576616 TRANSACTION 80 19 25
RECIEVED 1553576616 TRANSACTION 80 19 25
RECIEVED 1553576616 TRANSACTION 80 19 25
RECIEVED 1553576616 TRANSACTION 80 19 25
RECIEVED 1553576616 TRANSACTION 81 19 25
UPDATE 1553576616 TRANSACTION 00c0353fa13d90bf35d5107173b10912
SEND 1553576616 TRANSACTION 81 16570 00c0353fa13d90bf35d5107173b10912
SEND 1553576616 TRANSACTION 81 23400 00c0353fa13d90bf35d5107173b10912
SEND 1553576616 TRANSACTION 81 16091 00c0353fa13d90bf35d5107173b10912
SEND 1553576616 TRANSACTION 81 16470 00c0353fa13d90bf35d5107173b10912
SEND 1553576616 TRANSACTION 81 13496 00c0353fa13d90bf35d5107173b10912
SEND 1553576616 TRANSACTION 81 15230 00c0353fa13d90bf35d5107173b10912
SEND 1553576616 TRANSACTION 81 14837 00c0353fa13d90bf35d5107173b10912
SEND 1553576616 TRANSACTION 81 12313 00c0353fa13d90bf35d5107173b10912
SEND 1553576616 TRANSACTION 81 14061 00c0353fa13d90bf35d5107173b10912
SEND 1553576616 TRANSACTION 81 16857 00c0353fa13d90bf35d5107173b10912
SEND 1553576616 TRANSACTION 81 15536 00c0353fa13d90bf35d5107173b10912
RECIEVED 1553576616 TRANSACTION 81 19 26
RECIEVED 1553576616 TRANSACTION 81 19 26
RECIEVED 1553576616 TRANSACTION 81 19 26
RECIEVED 1553576616 TRANSACTION 81 19 26
RECIEVED 1553576616 TRANSACTION 81 19 26
RECIEVED 1553576616 TRANSACTION 81 19 26
RECIEVED 1553576616 TRANSACTION 81 19 26
RECIEVED 1553576616 TRANSACTION 81 19 26
RECIEVED 1553576616 TRANSACTION 81 19 26
RECIEVED 1553576616 TRANSACTION 81 19 26
RECIEVED 1553576616 TRANSACTION 81 19 26
RECIEVED 1553576616 TRANSACTION 81 19 26
RECIEVED 1553576616 TRANSACTION 81 19 26
RECIEVED 1553576616 TRANSACTION 81 19 26
RECIEVED 1553576616 TRANSACTION 81 19 26
RECIEVED 1553576617 TRANSACTION 81 19 26
UPDATE 1553576617 TRANSACTION bfa55658804a711a54f55709ac5cb010
SEND 1553576617 TRANSACTION 81 16726 bfa55658804a711a54f55709ac5cb010
SEND 1553576617 TRANSACTION 81 16816 bfa55658804a711a54f55709ac5cb010
SEND 1553576617 TRANSACTION 81 12959 bfa55658804a711a54f55709ac5cb010
SEND 1553576617 TRANSACTION 81 12771 bfa55658804a711a54f55709ac5cb010
SEND 1553576617 TRANSACTION 81 12660 bfa55658804a711a54f55709ac5cb010
SEND 1553576617 TRANSACTION 81 14966 bfa55658804a711a54f55709ac5cb010
SEND 1553576617 TRANSACTION 81 16331 bfa55658804a711a54f55709ac5cb010
SEND 1553576617 TRANSACTION 81 17737 bfa55658804a711a54f55709ac5cb010
SEND 1553576617 TRANSACTION 81 12830 bfa55658804a711a54f55709ac5cb010
SEND 1553576617 TRANSACTION 81 14944 bfa55658804a711a54f55709ac5cb010
SEND 1553576617 TRANSACTION 81 14475 bfa55658804a711a54f55709ac5cb010
RECIEVED 1553576617 TRANSACTION 81 19 27
RECIEVED 1553576617 TRANSACTION 81 19 27
RECIEVED 1553576617 TRANSACTION 81 19 27
RECIEVED 1553576617 TRANSACTION 81 19 27
RECIEVED 1553576617 TRANSACTION 81 19 27
RECIEVED 1553576617 TRANSACTION 81 19 27
RECIEVED 1553576617 TRANSACTION 81 19 27
RECIEVED 1553576617 TRANSACTION 81 19 27
RECIEVED 1553576617 TRANSACTION 81 19 27
RECIEVED 1553576617 TRANSACTION 81 19 27
RECIEVED 1553576618 INTRODUCE 36 19 27
RECIEVED 1553576618 INTRODUCE 36 19 27
RECIEVED 1553576618 INTRODUCE 37 19 27
RECIEVED 1553576618 INTRODUCE 36 19 27
RECIEVED 1553576618 INTRODUCE 37 19 27
RECIEVED 1553576618 INTRODUCE 37 19 27
RECIEVED 1553576618 INTRODUCE 36 19 27
RECIEVED 1553576618 INTRODUCE 37 19 27
RECIEVED 1553576618 INTRODUCE 37 19 27
RECIEVED 1553576618 INTRODUCE 36 19 27
RECIEVED 1553576618 INTRODUCE 37 19 27
RECIEVED 1553576618 INTRODUCE 37 19 27
RECIEVED 1553576619 INTRODUCE 36 19 27
RECIEVED 1553576619 INTRODUCE 37 19 27
RECIEVED 1553576619 INTRODUCE 37 19 27
RECIEVED 1553576619 INTRODUCE 36 19 27
RECIEVED 1553576619 INTRODUCE 36 19 27
RECIEVED 1553576619 INTRODUCE 36 19 27
RECIEVED 1553576619 INTRODUCE 37 19 27
RECIEVED 1553576619 INTRODUCE 36 19 27
RECIEVED 1553576619 INTRODUCE 37 19 27
RECIEVED 1553576620 TRANSACTION 80 19 27
UPDATE 1553576620 TRANSACTION 595a414b1839d5887bbb7a762b9e053a
SEND 1553576620 TRANSACTION 80 15762 595a414b1839d5887bbb7a762b9e053a
SEND 1553576620 TRANSACTION 80 15337 595a414b1839d5887bbb7a762b9e053a
SEND 1553576620 TRANSACTION 80 12877 595a414b1839d5887bbb7a762b9e053a
SEND 1553576620 TRANSACTION 80 13830 595a414b1839d5887bbb7a762b9e053a
SEND 1553576620 TRANSACTION 80 13736 595a414b1839d5887bbb7a762b9e053a
SEND 1553576620 TRANSACTION 80 20316 595a414b1839d5887bbb7a762b9e053a
SEND 1553576620 TRANSACTION 80 15012 595a414b1839d5887bbb7a762b9e053a
SEND 1553576620 TRANSACTION 80 15148 595a414b1839d5887bbb7a762b9e053a
SEND 1553576620 TRANSACTION 80 16040 595a414b1839d5887bbb7a762b9e053a
SEND 1553576620 TRANSACTION 80 15661 595a414b1839d5887bbb7a762b9e053a
SEND 1553576620 TRANSACTION 80 12010 595a414b1839d5887bbb7a762b9e053a
RECIEVED 1553576620 TRANSACTION 80 19 28
RECIEVED 1553576620 TRANSACTION 80 19 28
RECIEVED 1553576620 TRANSACTION 80 19 28
RECIEVED 1553576620 TRANSACTION 80 19 28
RECIEVED 1553576620 TRANSACTION 80 19 28
RECIEVED 1553576620 TRANSACTION 80 19 28
RECIEVED 1553576620 TRANSACTION 80 19 28
RECIEVED 1553576620 TRANSACTION 80 19 28
RECIEVED 1553576620 TRANSACTION 80 19 28
RECIEVED 1553576620 HB 3 19 28
SEND 1553576620 INTRODUCE 37 58142
SEND 1553576620 INTRODUCE 37 20432
SEND 1553576620 INTRODUCE 37 42248
SEND 1553576620 INTRODUCE 36 18288
SEND 1553576620 INTRODUCE 36 14858
SEND 1553576620 INTRODUCE 36 14204
SEND 1553576620 INTRODUCE 37 14500
SEND 1553576620 INTRODUCE 37 25437
SEND 1553576620 INTRODUCE 37 15544
SEND 1553576620 INTRODUCE 36 21525
SEND 1553576620 INTRODUCE 37 14539
SEND 1553576620 INTRODUCE 36 14155
SEND 1553576620 INTRODUCE 37 14421
SEND 1553576620 INTRODUCE 36 18136
SEND 1553576620 INTRODUCE 36 14086
SEND 1553576620 INTRODUCE 37 11944
SEND 1553576620 INTRODUCE 36 11972
RECIEVED 1553576620 INTRODUCE 37 19 28
RECIEVED 1553576620 INTRODUCE 37 19 28
RECIEVED 1553576620 INTRODUCE 37 19 28
RECIEVED 1553576620 INTRODUCE 37 19 28
RECIEVED 1553576620 INTRODUCE 36 19 28
RECIEVED 1553576621 INTRODUCE 36 19 28
RECIEVED 1553576621 INTRODUCE 36 19 28
RECIEVED 1553576621 INTRODUCE 37 19 28
RECIEVED 1553576621 INTRODUCE 37 19 28
RECIEVED 1553576621 INTRODUCE 36 19 28
RECIEVED 1553576623 TRANSACTION 81 19 28
UPDATE 1553576623 TRANSACTION 86663770bbc8e6cb3565039e8c995391
SEND 1553576623 TRANSACTION 81 15035 86663770bbc8e6cb3565039e8c995391
SEND 1553576623 TRANSACTION 81 15003 86663770bbc8e6cb3565039e8c995391
SEND 1553576623 TRANSACTION 81 15450 86663770bbc8e6cb3565039e8c995391
SEND 1553576623 TRANSACTION 81 14145 86663770bbc8e6cb3565039e8c995391
SEND 1553576623 TRANSACTION 81 16994 86663770bbc8e6cb3565039e8c995391
SEND 1553576623 TRANSACTION 81 15331 86663770bbc8e6cb3565039e8c995391
SEND 1553576623 TRANSACTION 81 15250 86663770bbc8e6cb3565039e8c995391
SEND 1553576623 TRANSACTION 81 14429 86663770bbc8e6cb3565039e8c995391
SEND 1553576623 TRANSACTION 81 22967 86663770bbc8e6cb3565039e8c995391
SEND 1553576623 TRANSACTION 81 16223 86663770bbc8e6cb3565039e8c995391
SEND 1553576623 TRANSACTION 81 13593 86663770bbc8e6cb3565039e8c995391
RECIEVED 1553576623 TRANSACTION 81 19 29
RECIEVED 1553576623 TRANSACTION 81 19 29
RECIEVED 1553576623 TRANSACTION 81 19 29
RECIEVED 1553576623 TRANSACTION 81 19 29
RECIEVED 1553576623 TRANSACTION 81 19 29
RECIEVED 1553576623 TRANSACTION 81 19 29
RECIEVED 1553576623 TRANSACTION 81 19 29
RECIEVED 1553576623 TRANSACTION 81 19 29
RECIEVED 1553576629 TRANSACTION 80 19 29
UPDATE 1553576629 TRANSACTION 53a96fa288c24861730abdeefa15a417
SEND 1553576629 TRANSACTION 80 18050 53a96fa288c24861730abdeefa15a417
SEND 1553576629 TRANSACTION 80 19192 53a96fa288c24861730abdeefa15a417
SEND 1553576629 TRANSACTION 80 24876 53a96fa288c24861730abdeefa15a417
SEND 1553576629 TRANSACTION 80 11849 53a96fa288c24861730abdeefa15a417
SEND 1553576629 TRANSACTION 80 15611 53a96fa288c24861730abdeefa15a417
SEND 1553576629 TRANSACTION 80 15122 53a96fa288c24861730abdeefa15a417
SEND 1553576629 TRANSACTION 80 12729 53a96fa288c24861730abdeefa15a417
SEND 1553576629 TRANSACTION 80 15028 53a96fa288c24861730abdeefa15a417
SEND 1553576629 TRANSACTION 80 55296 53a96fa288c24861730abdeefa15a417
SEND 1553576629 TRANSACTION 80 30645 53a96fa288c24861730abdeefa15a417
SEND 1553576629 TRANSACTION 80 33765 53a96fa288c24861730abdeefa15a417
RECIEVED 1553576629 TRANSACTION 80 19 30
RECIEVED 1553576629 TRANSACTION 80 19 30
RECIEVED 1553576629 TRANSACTION 80 19 30
RECIEVED 1553576629 TRANSACTION 80 19 30
RECIEVED 1553576629 TRANSACTION 80 19 30
RECIEVED 1553576629 TRANSACTION 80 19 30
RECIEVED 1553576629 TRANSACTION 80 19 30
RECIEVED 1553576629 TRANSACTION 80 19 30
RECIEVED 1553576630 HB 3 19 30
SEND 1553576630 INTRODUCE 36 53997
SEND 1553576630 INTRODUCE 37 15267
SEND 1553576630 INTRODUCE 37 14136
SEND 1553576630 INTRODUCE 37 13731
SEND 1553576630 INTRODUCE 37 13454
SEND 1553576630 INTRODUCE 37 14331
RECIEVED 1553576630 INTRODUCE 37 19 30
RECIEVED 1553576630 INTRODUCE 37 19 30
RECIEVED 1553576630 INTRODUCE 36 19 30
RECIEVED 1553576630 INTRODUCE 37 19 30
RECIEVED 1553576630 INTRODUCE 37 19 30
RECIEVED 1553576630 INTRODUCE 37 19 30
RECIEVED 1553576633 TRANSACTION 79 19 30
UPDATE 1553576633 TRANSACTION 94527e1beb87627aa1f121875981b232
SEND 1553576633 TRANSACTION 79 16638 94527e1beb87627aa1f121875981b232
SEND 1553576633 TRANSACTION 79 20651 94527e1beb87627aa1f121875981b232
SEND 1553576633 TRANSACTION 79 15431 94527e1beb87627aa1f121875981b232
SEND 1553576633 TRANSACTION 79 14330 94527e1beb87627aa1f121875981b232
SEND 1553576633 TRANSACTION 79 14203 94527e1beb87627aa1f121875981b232
SEND 1553576633 TRANSACTION 79 12593 94527e1beb87627aa1f121875981b232
SEND 1553576633 TRANSACTION 79 13784 94527e1beb87627aa1f121875981b232
SEND 1553576633 TRANSACTION 79 15932 94527e1beb87627aa1f121875981b232
SEND 1553576633 TRANSACTION 79 14455 94527e1beb87627aa1f121875981b232
SEND 1553576633 TRANSACTION 79 15420 94527e1beb87627aa1f121875981b232
SEND 1553576633 TRANSACTION 79 14274 94527e1beb87627aa1f121875981b232
RECIEVED 1553576633 TRANSACTION 79 19 31
RECIEVED 1553576633 TRANSACTION 79 19 31
RECIEVED 1553576633 TRANSACTION 79 19 31
RECIEVED 1553576633 TRANSACTION 79 19 31
RECIEVED 1553576633 TRANSACTION 79 19 31
RECIEVED 1553576633 TRANSACTION 79 19 31
RECIEVED 1553576633 TRANSACTION 79 19 31
RECIEVED 1553576633 TRANSACTION 79 19 31
RECIEVED 1553576633 TRANSACTION 81 19 31
UPDATE 1553576633 TRANSACTION 943eb9f19fb197f2013c864899689b3b
SEND 1553576633 TRANSACTION 81 15643 943eb9f19fb197f2013c864899689b3b
SEND 1553576633 TRANSACTION 81 18216 943eb9f19fb197f2013c864899689b3b
SEND 1553576633 TRANSACTION 81 14523 943eb9f19fb197f2013c864899689b3b
SEND 1553576633 TRANSACTION 81 14236 943eb9f19fb197f2013c864899689b3b
SEND 1553576633 TRANSACTION 81 14263 943eb9f19fb197f2013c864899689b3b
SEND 1553576633 TRANSACTION 81 12229 943eb9f19fb197f2013c864899689b3b
SEND 1553576633 TRANSACTION 81 19500 943eb9f19fb197f2013c864899689b3b
SEND 1553576633 TRANSACTION 81 19700 943eb9f19fb197f2013c864899689b3b
SEND 1553576633 TRANSACTION 81 11311 943eb9f19fb197f2013c864899689b3b
SEND 1553576633 TRANSACTION 81 14271 943eb9f19fb197f2013c864899689b3b
SEND 1553576633 TRANSACTION 81 14076 943eb9f19fb197f2013c864899689b3b
RECIEVED 1553576633 TRANSACTION 81 19 32
RECIEVED 1553576633 TRANSACTION 81 19 32
RECIEVED 1553576633 TRANSACTION 81 19 32
RECIEVED 1553576633 TRANSACTION 81 19 32
RECIEVED 1553576633 TRANSACTION 81 19 32
RECIEVED 1553576633 TRANSACTION 81 19 32
RECIEVED 1553576633 TRANSACTION 81 19 32
UPDATE 1553576633 TRANSACTION 2bc3ccc0c995f78ab01430376afac670
SEND 1553576633 TRANSACTION 81 15017 2bc3ccc0c995f78ab01430376afac670
SEND 1553576633 TRANSACTION 81 24936 2bc3ccc0c995f78ab01430376afac670
SEND 1553576633 TRANSACTION 81 17557 2bc3ccc0c995f78ab01430376afac670
SEND 1553576633 TRANSACTION 81 11904 2bc3ccc0c995f78ab01430376afac670
SEND 1553576633 TRANSACTION 81 14364 2bc3ccc0c995f78ab01430376afac670
SEND 1553576633 TRANSACTION 81 23247 2bc3ccc0c995f78ab01430376afac670
SEND 1553576633 TRANSACTION 81 22993 2bc3ccc0c995f78ab01430376afac670
SEND 1553576633 TRANSACTION 81 21939 2bc3ccc0c995f78ab01430376afac670
SEND 1553576633 TRANSACTION 81 14490 2bc3ccc0c995f78ab01430376afac670
SEND 1553576633 TRANSACTION 81 19468 2bc3ccc0c995f78ab01430376afac670
SEND 1553576633 TRANSACTION 81 10932 2bc3ccc0c995f78ab01430376afac670
RECIEVED 1553576633 TRANSACTION 81 19 33
RECIEVED 1553576633 TRANSACTION 81 19 33
RECIEVED 1553576633 TRANSACTION 81 19 33
RECIEVED 1553576633 TRANSACTION 81 19 33
RECIEVED 1553576633 TRANSACTION 81 19 33
RECIEVED 1553576633 TRANSACTION 81 19 33
RECIEVED 1553576633 TRANSACTION 81 19 33
RECIEVED 1553576633 TRANSACTION 81 19 33
RECIEVED 1553576633 TRANSACTION 81 19 33
RECIEVED 1553576633 TRANSACTION 81 19 33
RECIEVED 1553576633 TRANSACTION 81 19 33
RECIEVED 1553576634 TRANSACTION 81 19 33
RECIEVED 1553576634 TRANSACTION 81 19 33
RECIEVED 1553576634 TRANSACTION 81 19 33
UPDATE 1553576634 TRANSACTION 20c5d5fca75f2c3cfdd9704cb6fd641c
SEND 1553576634 TRANSACTION 81 13048 20c5d5fca75f2c3cfdd9704cb6fd641c
SEND 1553576634 TRANSACTION 81 20789 20c5d5fca75f2c3cfdd9704cb6fd641c
SEND 1553576634 TRANSACTION 81 9818 20c5d5fca75f2c3cfdd9704cb6fd641c
SEND 1553576634 TRANSACTION 81 12436 20c5d5fca75f2c3cfdd9704cb6fd641c
SEND 1553576634 TRANSACTION 81 19440 20c5d5fca75f2c3cfdd9704cb6fd641c
SEND 1553576634 TRANSACTION 81 14354 20c5d5fca75f2c3cfdd9704cb6fd641c
SEND 1553576634 TRANSACTION 81 12855 20c5d5fca75f2c3cfdd9704cb6fd641c
SEND 1553576634 TRANSACTION 81 13844 20c5d5fca75f2c3cfdd9704cb6fd641c
SEND 1553576634 TRANSACTION 81 12180 20c5d5fca75f2c3cfdd9704cb6fd641c
SEND 1553576634 TRANSACTION 81 13845 20c5d5fca75f2c3cfdd9704cb6fd641c
SEND 1553576634 TRANSACTION 81 15327 20c5d5fca75f2c3cfdd9704cb6fd641c
RECIEVED 1553576634 TRANSACTION 81 19 34
RECIEVED 1553576634 TRANSACTION 81 19 34
RECIEVED 1553576634 TRANSACTION 81 19 34
RECIEVED 1553576634 TRANSACTION 81 19 34
RECIEVED 1553576634 TRANSACTION 81 19 34
RECIEVED 1553576634 TRANSACTION 81 19 34
RECIEVED 1553576634 TRANSACTION 81 19 34
RECIEVED 1553576634 TRANSACTION 81 19 34
RECIEVED 1553576634 TRANSACTION 81 19 34
RECIEVED 1553576634 TRANSACTION 81 19 34
RECIEVED 1553576634 TRANSACTION 81 19 34
UPDATE 1553576634 TRANSACTION aeadb07a0d57d937db208c74b7d03676
SEND 1553576634 TRANSACTION 81 14791 aeadb07a0d57d937db208c74b7d03676
SEND 1553576634 TRANSACTION 81 13657 aeadb07a0d57d937db208c74b7d03676
SEND 1553576634 TRANSACTION 81 14601 aeadb07a0d57d937db208c74b7d03676
SEND 1553576634 TRANSACTION 81 14996 aeadb07a0d57d937db208c74b7d03676
SEND 1553576634 TRANSACTION 81 12950 aeadb07a0d57d937db208c74b7d03676
SEND 1553576634 TRANSACTION 81 13175 aeadb07a0d57d937db208c74b7d03676
SEND 1553576634 TRANSACTION 81 13350 aeadb07a0d57d937db208c74b7d03676
SEND 1553576634 TRANSACTION 81 13363 aeadb07a0d57d937db208c74b7d03676
SEND 1553576634 TRANSACTION 81 12620 aeadb07a0d57d937db208c74b7d03676
SEND 1553576634 TRANSACTION 81 11587 aeadb07a0d57d937db208c74b7d03676
SEND 1553576634 TRANSACTION 81 14435 aeadb07a0d57d937db208c74b7d03676
RECIEVED 1553576634 TRANSACTION 81 19 35
RECIEVED 1553576634 TRANSACTION 81 19 35
RECIEVED 1553576634 TRANSACTION 81 19 35
RECIEVED 1553576634 TRANSACTION 81 19 35
RECIEVED 1553576634 TRANSACTION 81 19 35
RECIEVED 1553576634 TRANSACTION 81 19 35
RECIEVED 1553576634 TRANSACTION 81 19 35
RECIEVED 1553576634 TRANSACTION 81 19 35
RECIEVED 1553576634 TRANSACTION 81 19 35
RECIEVED 1553576634 TRANSACTION 81 19 35
RECIEVED 1553576634 TRANSACTION 81 19 35
RECIEVED 1553576634 TRANSACTION 81 19 35
RECIEVED 1553576637 TRANSACTION 82 19 35
UPDATE 1553576637 TRANSACTION 9ce538f0f5b6b55817f367d0540555f1
SEND 1553576637 TRANSACTION 82 15537 9ce538f0f5b6b55817f367d0540555f1
SEND 1553576637 TRANSACTION 82 14659 9ce538f0f5b6b55817f367d0540555f1
SEND 1553576637 TRANSACTION 82 14611 9ce538f0f5b6b55817f367d0540555f1
SEND 1553576637 TRANSACTION 82 12842 9ce538f0f5b6b55817f367d0540555f1
SEND 1553576637 TRANSACTION 82 15386 9ce538f0f5b6b55817f367d0540555f1
SEND 1553576637 TRANSACTION 82 12900 9ce538f0f5b6b55817f367d0540555f1
SEND 1553576637 TRANSACTION 82 13512 9ce538f0f5b6b55817f367d0540555f1
SEND 1553576637 TRANSACTION 82 13775 9ce538f0f5b6b55817f367d0540555f1
SEND 1553576637 TRANSACTION 82 20136 9ce538f0f5b6b55817f367d0540555f1
SEND 1553576637 TRANSACTION 82 14381 9ce538f0f5b6b55817f367d0540555f1
SEND 1553576637 TRANSACTION 82 13693 9ce538f0f5b6b55817f367d0540555f1
RECIEVED 1553576637 TRANSACTION 82 19 36
RECIEVED 1553576637 TRANSACTION 82 19 36
RECIEVED 1553576637 TRANSACTION 82 19 36
RECIEVED 1553576637 TRANSACTION 82 19 36
RECIEVED 1553576637 TRANSACTION 82 19 36
RECIEVED 1553576637 TRANSACTION 82 19 36
RECIEVED 1553576637 TRANSACTION 82 19 36
RECIEVED 1553576637 TRANSACTION 82 19 36
RECIEVED 1553576637 TRANSACTION 82 19 36
RECIEVED 1553576637 TRANSACTION 82 19 36
RECIEVED 1553576637 TRANSACTION 82 19 36
RECIEVED 1553576638 INTRODUCE 37 19 36
RECIEVED 1553576638 INTRODUCE 36 19 36
RECIEVED 1553576638 INTRODUCE 37 19 36
RECIEVED 1553576638 INTRODUCE 37 19 36
RECIEVED 1553576638 INTRODUCE 37 19 36
RECIEVED 1553576638 INTRODUCE 36 19 36
RECIEVED 1553576638 INTRODUCE 36 19 36
RECIEVED 1553576638 INTRODUCE 36 19 36
RECIEVED 1553576639 TRANSACTION 81 19 36
UPDATE 1553576639 TRANSACTION 8e97d05beec04388b56dde0661507f18
SEND 1553576639 TRANSACTION 81 14853 8e97d05beec04388b56dde0661507f18
SEND 1553576639 TRANSACTION 81 22530 8e97d05beec04388b56dde0661507f18
SEND 1553576639 TRANSACTION 81 14366 8e97d05beec04388b56dde0661507f18
SEND 1553576639 TRANSACTION 81 13757 8e97d05beec04388b56dde0661507f18
SEND 1553576639 TRANSACTION 81 13480 8e97d05beec04388b56dde0661507f18
SEND 1553576639 TRANSACTION 81 10689 8e97d05beec04388b56dde0661507f18
SEND 1553576639 TRANSACTION 81 14308 8e97d05beec04388b56dde0661507f18
SEND 1553576639 TRANSACTION 81 14675 8e97d05beec04388b56dde0661507f18
SEND 1553576639 TRANSACTION 81 11868 8e97d05beec04388b56dde0661507f18
SEND 1553576639 TRANSACTION 81 13280 8e97d05beec04388b56dde0661507f18
RECIEVED 1553576639 TRANSACTION 81 19 37
RECIEVED 1553576639 TRANSACTION 81 19 37
RECIEVED 1553576639 TRANSACTION 81 19 37
RECIEVED 1553576639 TRANSACTION 81 19 37
RECIEVED 1553576639 TRANSACTION 81 19 37
RECIEVED 1553576639 TRANSACTION 81 19 37
RECIEVED 1553576639 TRANSACTION 81 19 37
RECIEVED 1553576639 INTRODUCE 36 19 37
RECIEVED 1553576639 INTRODUCE 36 19 37
RECIEVED 1553576639 INTRODUCE 36 19 37
RECIEVED 1553576639 TRANSACTION 79 19 37
UPDATE 1553576639 TRANSACTION d69cd3dde6da75d2e2ab94d0128a1287
SEND 1553576639 TRANSACTION 79 22026 d69cd3dde6da75d2e2ab94d0128a1287
SEND 1553576639 TRANSACTION 79 22720 d69cd3dde6da75d2e2ab94d0128a1287
SEND 1553576639 TRANSACTION 79 15441 d69cd3dde6da75d2e2ab94d0128a1287
SEND 1553576639 TRANSACTION 79 14504 d69cd3dde6da75d2e2ab94d0128a1287
SEND 1553576639 TRANSACTION 79 14376 d69cd3dde6da75d2e2ab94d0128a1287
SEND 1553576639 TRANSACTION 79 14204 d69cd3dde6da75d2e2ab94d0128a1287
SEND 1553576639 TRANSACTION 79 14159 d69cd3dde6da75d2e2ab94d0128a1287
SEND 1553576639 TRANSACTION 79 14152 d69cd3dde6da75d2e2ab94d0128a1287
SEND 1553576639 TRANSACTION 79 23609 d69cd3dde6da75d2e2ab94d0128a1287
SEND 1553576639 TRANSACTION 79 15329 d69cd3dde6da75d2e2ab94d0128a1287
SEND 1553576639 TRANSACTION 79 13717 d69cd3dde6da75d2e2ab94d0128a1287
RECIEVED 1553576639 TRANSACTION 79 19 38
RECIEVED 1553576639 TRANSACTION 79 19 38
RECIEVED 1553576639 TRANSACTION 79 19 38
RECIEVED 1553576639 TRANSACTION 79 19 38
RECIEVED 1553576639 TRANSACTION 79 19 38
RECIEVED 1553576640 TRANSACTION 80 19 38
UPDATE 1553576640 TRANSACTION abc3881bc6b9f514f8f05f45ba0d7089
SEND 1553576640 TRANSACTION 80 12018 abc3881bc6b9f514f8f05f45ba0d7089
SEND 1553576640 TRANSACTION 80 15130 abc3881bc6b9f514f8f05f45ba0d7089
SEND 1553576640 TRANSACTION 80 14874 abc3881bc6b9f514f8f05f45ba0d7089
SEND 1553576640 TRANSACTION 80 11272 abc3881bc6b9f514f8f05f45ba0d7089
SEND 1553576640 TRANSACTION 80 10455 abc3881bc6b9f514f8f05f45ba0d7089
SEND 1553576640 TRANSACTION 80 14540 abc3881bc6b9f514f8f05f45ba0d7089
SEND 1553576640 TRANSACTION 80 13953 abc3881bc6b9f514f8f05f45ba0d7089
SEND 1553576640 TRANSACTION 80 19301 abc3881bc6b9f514f8f05f45ba0d7089
SEND 1553576640 TRANSACTION 80 13901 abc3881bc6b9f514f8f05f45ba0d7089
SEND 1553576640 TRANSACTION 80 14498 abc3881bc6b9f514f8f05f45ba0d7089
SEND 1553576640 TRANSACTION 80 12365 abc3881bc6b9f514f8f05f45ba0d7089
RECIEVED 1553576640 TRANSACTION 80 19 39
RECIEVED 1553576640 TRANSACTION 80 19 39
RECIEVED 1553576640 TRANSACTION 80 19 39
RECIEVED 1553576640 TRANSACTION 80 19 39
RECIEVED 1553576640 TRANSACTION 80 19 39
RECIEVED 1553576640 TRANSACTION 80 19 39
RECIEVED 1553576640 TRANSACTION 80 19 39
RECIEVED 1553576640 TRANSACTION 81 19 39
UPDATE 1553576640 TRANSACTION e3c87d7206e0615cc26cdb83d0804575
SEND 1553576640 TRANSACTION 81 17164 e3c87d7206e0615cc26cdb83d0804575
SEND 1553576640 TRANSACTION 81 14496 e3c87d7206e0615cc26cdb83d0804575
SEND 1553576640 TRANSACTION 81 13090 e3c87d7206e0615cc26cdb83d0804575
SEND 1553576640 TRANSACTION 81 14598 e3c87d7206e0615cc26cdb83d0804575
SEND 1553576640 TRANSACTION 81 15013 e3c87d7206e0615cc26cdb83d0804575
SEND 1553576640 TRANSACTION 81 15767 e3c87d7206e0615cc26cdb83d0804575
SEND 1553576640 TRANSACTION 81 14680 e3c87d7206e0615cc26cdb83d0804575
SEND 1553576640 TRANSACTION 81 12571 e3c87d7206e0615cc26cdb83d0804575
SEND 1553576640 TRANSACTION 81 17196 e3c87d7206e0615cc26cdb83d0804575
SEND 1553576640 TRANSACTION 81 14061 e3c87d7206e0615cc26cdb83d0804575
SEND 1553576640 TRANSACTION 81 14801 e3c87d7206e0615cc26cdb83d0804575
RECIEVED 1553576640 TRANSACTION 81 19 40
RECIEVED 1553576640 TRANSACTION 81 19 40
RECIEVED 1553576640 TRANSACTION 81 19 40
RECIEVED 1553576640 TRANSACTION 81 19 40
RECIEVED 1553576640 HB 3 19 40
SEND 1553576640 INTRODUCE 37 39529
SEND 1553576640 INTRODUCE 37 15788
SEND 1553576640 INTRODUCE 36 14600
SEND 1553576640 INTRODUCE 36 19905
SEND 1553576640 INTRODUCE 36 15231
SEND 1553576640 INTRODUCE 37 14085
SEND 1553576640 INTRODUCE 36 13914
SEND 1553576640 INTRODUCE 36 14218
SEND 1553576640 INTRODUCE 37 14048
SEND 1553576640 INTRODUCE 37 16389
SEND 1553576640 INTRODUCE 36 13648
SEND 1553576640 INTRODUCE 36 11347
SEND 1553576640 INTRODUCE 37 11781
SEND 1553576640 INTRODUCE 36 11593
SEND 1553576640 INTRODUCE 37 11302
RECIEVED 1553576640 TRANSACTION 81 19 40
UPDATE 1553576640 TRANSACTION 17b316c12c817f2274c71aec29bdc84b
SEND 1553576640 TRANSACTION 81 14344 17b316c12c817f2274c71aec29bdc84b
SEND 1553576640 TRANSACTION 81 11992 17b316c12c817f2274c71aec29bdc84b
SEND 1553576640 TRANSACTION 81 12178 17b316c12c817f2274c71aec29bdc84b
SEND 1553576640 TRANSACTION 81 14693 17b316c12c817f2274c71aec29bdc84b
SEND 1553576640 TRANSACTION 81 20764 17b316c12c817f2274c71aec29bdc84b
SEND 1553576640 TRANSACTION 81 11551 17b316c12c817f2274c71aec29bdc84b
SEND 1553576640 TRANSACTION 81 14425 17b316c12c817f2274c71aec29bdc84b
SEND 1553576640 TRANSACTION 81 13560 17b316c12c817f2274c71aec29bdc84b
SEND 1553576640 TRANSACTION 81 14735 17b316c12c817f2274c71aec29bdc84b
SEND 1553576640 TRANSACTION 81 14868 17b316c12c817f2274c71aec29bdc84b
SEND 1553576640 TRANSACTION 81 13773 17b316c12c817f2274c71aec29bdc84b
RECIEVED 1553576640 TRANSACTION 81 19 41
RECIEVED 1553576640 TRANSACTION 81 19 41
RECIEVED 1553576640 TRANSACTION 81 19 41
RECIEVED 1553576640 TRANSACTION 81 19 41
RECIEVED 1553576640 TRANSACTION 81 19 41
RECIEVED 1553576640 TRANSACTION 81 19 41
RECIEVED 1553576641 TRANSACTION 80 19 41
UPDATE 1553576641 TRANSACTION 2c05aaf1e095e934ad3984cf0a0ddc9e
SEND 1553576641 TRANSACTION 80 20480 2c05aaf1e095e934ad3984cf0a0ddc9e
SEND 1553576641 TRANSACTION 80 17070 2c05aaf1e095e934ad3984cf0a0ddc9e
SEND 1553576641 TRANSACTION 80 16630 2c05aaf1e095e934ad3984cf0a0ddc9e
SEND 1553576641 TRANSACTION 80 23775 2c05aaf1e095e934ad3984cf0a0ddc9e
SEND 1553576641 TRANSACTION 80 17925 2c05aaf1e095e934ad3984cf0a0ddc9e
SEND 1553576641 TRANSACTION 80 12967 2c05aaf1e095e934ad3984cf0a0ddc9e
SEND 1553576641 TRANSACTION 80 19040 2c05aaf1e095e934ad3984cf0a0ddc9e
SEND 1553576641 TRANSACTION 80 12198 2c05aaf1e095e934ad3984cf0a0ddc9e
SEND 1553576641 TRANSACTION 80 15523 2c05aaf1e095e934ad3984cf0a0ddc9e
SEND 1553576641 TRANSACTION 80 12866 2c05aaf1e095e934ad3984cf0a0ddc9e
SEND 1553576641 TRANSACTION 80 14921 2c05aaf1e095e934ad3984cf0a0ddc9e
RECIEVED 1553576641 TRANSACTION 80 19 42
RECIEVED 1553576641 TRANSACTION 80 19 42
RECIEVED 1553576641 TRANSACTION 80 19 42
RECIEVED 1553576641 TRANSACTION 80 19 42
RECIEVED 1553576641 TRANSACTION 80 19 42
RECIEVED 1553576641 TRANSACTION 80 19 42
RECIEVED 1553576641 TRANSACTION 80 19 42
UPDATE 1553576641 TRANSACTION 095a4b799eaf2079dc6ec85e93229fde
SEND 1553576641 TRANSACTION 80 22691 095a4b799eaf2079dc6ec85e93229fde
SEND 1553576641 TRANSACTION 80 15647 095a4b799eaf2079dc6ec85e93229fde
SEND 1553576641 TRANSACTION 80 20022 095a4b799eaf2079dc6ec85e93229fde
SEND 1553576641 TRANSACTION 80 15487 095a4b799eaf2079dc6ec85e93229fde
SEND 1553576641 TRANSACTION 80 15074 095a4b799eaf2079dc6ec85e93229fde
SEND 1553576641 TRANSACTION 80 14303 095a4b799eaf2079dc6ec85e93229fde
SEND 1553576641 TRANSACTION 80 13949 095a4b799eaf2079dc6ec85e93229fde
SEND 1553576641 TRANSACTION 80 14376 095a4b799eaf2079dc6ec85e93229fde
SEND 1553576641 TRANSACTION 80 12044 095a4b799eaf2079dc6ec85e93229fde
SEND 1553576641 TRANSACTION 80 13664 095a4b799eaf2079dc6ec85e93229fde
SEND 1553576641 TRANSACTION 80 14483 095a4b799eaf2079dc6ec85e93229fde
RECIEVED 1553576641 TRANSACTION 80 19 43
RECIEVED 1553576641 TRANSACTION 80 19 43
RECIEVED 1553576641 TRANSACTION 80 19 43
RECIEVED 1553576641 TRANSACTION 80 19 43
RECIEVED 1553576641 TRANSACTION 80 19 43
RECIEVED 1553576641 TRANSACTION 80 19 43
RECIEVED 1553576641 TRANSACTION 80 19 43
RECIEVED 1553576641 TRANSACTION 80 19 43
RECIEVED 1553576643 TRANSACTION 81 19 43
UPDATE 1553576643 TRANSACTION 3fc7b89dd9cb178933679ca7906ac984
SEND 1553576643 TRANSACTION 81 25920 3fc7b89dd9cb178933679ca7906ac984
SEND 1553576643 TRANSACTION 81 13437 3fc7b89dd9cb178933679ca7906ac984
SEND 1553576643 TRANSACTION 81 14476 3fc7b89dd9cb178933679ca7906ac984
SEND 1553576643 TRANSACTION 81 13965 3fc7b89dd9cb178933679ca7906ac984
SEND 1553576643 TRANSACTION 81 15563 3fc7b89dd9cb178933679ca7906ac984
SEND 1553576643 TRANSACTION 81 15523 3fc7b89dd9cb178933679ca7906ac984
SEND 1553576643 TRANSACTION 81 20757 3fc7b89dd9cb178933679ca7906ac984
SEND 1553576643 TRANSACTION 81 14552 3fc7b89dd9cb178933679ca7906ac984
SEND 1553576643 TRANSACTION 81 14879 3fc7b89dd9cb178933679ca7906ac984
SEND 1553576643 TRANSACTION 81 14650 3fc7b89dd9cb178933679ca7906ac984
SEND 1553576643 TRANSACTION 81 12513 3fc7b89dd9cb178933679ca7906ac984
RECIEVED 1553576643 TRANSACTION 81 19 44
RECIEVED 1553576643 TRANSACTION 81 19 44
RECIEVED 1553576643 TRANSACTION 81 19 44
RECIEVED 1553576643 TRANSACTION 81 19 44
RECIEVED 1553576643 TRANSACTION 81 19 44
RECIEVED 1553576643 TRANSACTION 81 19 44
RECIEVED 1553576643 TRANSACTION 81 19 44
RECIEVED 1553576643 TRANSACTION 81 19 44
RECIEVED 1553576643 TRANSACTION 81 19 44
RECIEVED 1553576644 TRANSACTION 82 19 44
UPDATE 1553576644 TRANSACTION ed5f0abb6f3870e9d5bf9ff3b05874f4
SEND 1553576644 TRANSACTION 82 12669 ed5f0abb6f3870e9d5bf9ff3b05874f4
SEND 1553576644 TRANSACTION 82 15182 ed5f0abb6f3870e9d5bf9ff3b05874f4
SEND 1553576644 TRANSACTION 82 12284 ed5f0abb6f3870e9d5bf9ff3b05874f4
SEND 1553576644 TRANSACTION 82 14440 ed5f0abb6f3870e9d5bf9ff3b05874f4
SEND 1553576644 TRANSACTION 82 14764 ed5f0abb6f3870e9d5bf9ff3b05874f4
SEND 1553576644 TRANSACTION 82 14467 ed5f0abb6f3870e9d5bf9ff3b05874f4
SEND 1553576644 TRANSACTION 82 20571 ed5f0abb6f3870e9d5bf9ff3b05874f4
SEND 1553576644 TRANSACTION 82 15757 ed5f0abb6f3870e9d5bf9ff3b05874f4
SEND 1553576644 TRANSACTION 82 14766 ed5f0abb6f3870e9d5bf9ff3b05874f4
SEND 1553576644 TRANSACTION 82 17154 ed5f0abb6f3870e9d5bf9ff3b05874f4
SEND 1553576644 TRANSACTION 82 15533 ed5f0abb6f3870e9d5bf9ff3b05874f4
RECIEVED 1553576644 TRANSACTION 82 19 45
RECIEVED 1553576644 TRANSACTION 82 19 45
RECIEVED 1553576644 TRANSACTION 82 19 45
RECIEVED 1553576644 TRANSACTION 82 19 45
RECIEVED 1553576644 TRANSACTION 82 19 45
RECIEVED 1553576644 TRANSACTION 82 19 45
RECIEVED 1553576644 TRANSACTION 82 19 45
RECIEVED 1553576644 TRANSACTION 81 19 45
UPDATE 1553576644 TRANSACTION 08b3b978e1492f3c2394ac50bfb5b451
SEND 1553576644 TRANSACTION 81 20403 08b3b978e1492f3c2394ac50bfb5b451
SEND 1553576644 TRANSACTION 81 16540 08b3b978e1492f3c2394ac50bfb5b451
SEND 1553576644 TRANSACTION 81 14033 08b3b978e1492f3c2394ac50bfb5b451
SEND 1553576644 TRANSACTION 81 14405 08b3b978e1492f3c2394ac50bfb5b451
SEND 1553576644 TRANSACTION 81 16442 08b3b978e1492f3c2394ac50bfb5b451
SEND 1553576644 TRANSACTION 81 14816 08b3b978e1492f3c2394ac50bfb5b451
SEND 1553576644 TRANSACTION 81 21754 08b3b978e1492f3c2394ac50bfb5b451
SEND 1553576644 TRANSACTION 81 12516 08b3b978e1492f3c2394ac50bfb5b451
SEND 1553576644 TRANSACTION 81 21945 08b3b978e1492f3c2394ac50bfb5b451
SEND 1553576644 TRANSACTION 81 15038 08b3b978e1492f3c2394ac50bfb5b451
SEND 1553576644 TRANSACTION 81 20760 08b3b978e1492f3c2394ac50bfb5b451
RECIEVED 1553576644 TRANSACTION 81 19 46
RECIEVED 1553576644 TRANSACTION 81 19 46
RECIEVED 1553576644 TRANSACTION 81 19 46
RECIEVED 1553576644 TRANSACTION 81 19 46
RECIEVED 1553576644 TRANSACTION 81 19 46
RECIEVED 1553576644 TRANSACTION 81 19 46
RECIEVED 1553576644 TRANSACTION 81 19 46
RECIEVED 1553576644 TRANSACTION 81 19 46
RECIEVED 1553576645 TRANSACTION 81 19 46
UPDATE 1553576645 TRANSACTION 038943a57faf2d7ad012c8a7778aa6bb
SEND 1553576645 TRANSACTION 81 16448 038943a57faf2d7ad012c8a7778aa6bb
SEND 1553576645 TRANSACTION 81 12912 038943a57faf2d7ad012c8a7778aa6bb
SEND 1553576645 TRANSACTION 81 18720 038943a57faf2d7ad012c8a7778aa6bb
SEND 1553576645 TRANSACTION 81 10421 038943a57faf2d7ad012c8a7778aa6bb
SEND 1553576645 TRANSACTION 81 16309 038943a57faf2d7ad012c8a7778aa6bb
SEND 1553576645 TRANSACTION 81 12298 038943a57faf2d7ad012c8a7778aa6bb
SEND 1553576645 TRANSACTION 81 13358 038943a57faf2d7ad012c8a7778aa6bb
SEND 1553576645 TRANSACTION 81 14701 038943a57faf2d7ad012c8a7778aa6bb
SEND 1553576645 TRANSACTION 81 14448 038943a57faf2d7ad012c8a7778aa6bb
SEND 1553576645 TRANSACTION 81 13650 038943a57faf2d7ad012c8a7778aa6bb
SEND 1553576645 TRANSACTION 81 17529 038943a57faf2d7ad012c8a7778aa6bb
RECIEVED 1553576645 TRANSACTION 81 19 47
RECIEVED 1553576645 TRANSACTION 81 19 47
RECIEVED 1553576645 TRANSACTION 81 19 47
RECIEVED 1553576645 TRANSACTION 81 19 47
RECIEVED 1553576645 TRANSACTION 81 19 47
RECIEVED 1553576647 TRANSACTION 82 19 47
UPDATE 1553576647 TRANSACTION 1d4dbfd4ad19cdfab61ab1ad77762d41
SEND 1553576647 TRANSACTION 82 15821 1d4dbfd4ad19cdfab61ab1ad77762d41
SEND 1553576647 TRANSACTION 82 22558 1d4dbfd4ad19cdfab61ab1ad77762d41
SEND 1553576647 TRANSACTION 82 19470 1d4dbfd4ad19cdfab61ab1ad77762d41
SEND 1553576647 TRANSACTION 82 15101 1d4dbfd4ad19cdfab61ab1ad77762d41
SEND 1553576647 TRANSACTION 82 12368 1d4dbfd4ad19cdfab61ab1ad77762d41
SEND 1553576647 TRANSACTION 82 12680 1d4dbfd4ad19cdfab61ab1ad77762d41
SEND 1553576647 TRANSACTION 82 13794 1d4dbfd4ad19cdfab61ab1ad77762d41
SEND 1553576647 TRANSACTION 82 12408 1d4dbfd4ad19cdfab61ab1ad77762d41
SEND 1553576647 TRANSACTION 82 15046 1d4dbfd4ad19cdfab61ab1ad77762d41
SEND 1553576647 TRANSACTION 82 13697 1d4dbfd4ad19cdfab61ab1ad77762d41
SEND 1553576647 TRANSACTION 82 13473 1d4dbfd4ad19cdfab61ab1ad77762d41
RECIEVED 1553576647 TRANSACTION 82 19 48
RECIEVED 1553576647 TRANSACTION 82 19 48
RECIEVED 1553576647 TRANSACTION 82 19 48
RECIEVED 1553576647 TRANSACTION 82 19 48
RECIEVED 1553576647 TRANSACTION 82 19 48
RECIEVED 1553576647 TRANSACTION 82 19 48
RECIEVED 1553576647 TRANSACTION 82 19 48
RECIEVED 1553576647 TRANSACTION 82 19 48
RECIEVED 1553576647 TRANSACTION 82 19 48
RECIEVED 1553576647 TRANSACTION 81 19 48
UPDATE 1553576647 TRANSACTION 44a23325b4abf57518df9af928136e0f
SEND 1553576647 TRANSACTION 81 20891 44a23325b4abf57518df9af928136e0f
SEND 1553576647 TRANSACTION 81 13704 44a23325b4abf57518df9af928136e0f
SEND 1553576647 TRANSACTION 81 17973 44a23325b4abf57518df9af928136e0f
SEND 1553576647 TRANSACTION 81 20428 44a23325b4abf57518df9af928136e0f
SEND 1553576647 TRANSACTION 81 14732 44a23325b4abf57518df9af928136e0f
SEND 1553576647 TRANSACTION 81 21124 44a23325b4abf57518df9af928136e0f
SEND 1553576647 TRANSACTION 81 15283 44a23325b4abf57518df9af928136e0f
SEND 1553576647 TRANSACTION 81 20827 44a23325b4abf57518df9af928136e0f
SEND 1553576647 TRANSACTION 81 13627 44a23325b4abf57518df9af928136e0f
SEND 1553576647 TRANSACTION 81 10984 44a23325b4abf57518df9af928136e0f
SEND 1553576647 TRANSACTION 81 14115 44a23325b4abf57518df9af928136e0f
RECIEVED 1553576647 TRANSACTION 81 19 49
RECIEVED 1553576647 TRANSACTION 81 19 49
RECIEVED 1553576647 TRANSACTION 81 19 49
RECIEVED 1553576647 TRANSACTION 81 19 49
RECIEVED 1553576647 TRANSACTION 81 19 49
RECIEVED 1553576647 TRANSACTION 81 19 49
RECIEVED 1553576647 TRANSACTION 81 19 49
RECIEVED 1553576647 TRANSACTION 81 19 49
RECIEVED 1553576647 TRANSACTION 81 19 49
UPDATE 1553576647 TRANSACTION d03c67b468da1f9dcd073c8948da00a6
SEND 1553576647 TRANSACTION 81 15778 d03c67b468da1f9dcd073c8948da00a6
SEND 1553576647 TRANSACTION 81 12032 d03c67b468da1f9dcd073c8948da00a6
SEND 1553576647 TRANSACTION 81 13036 d03c67b468da1f9dcd073c8948da00a6
SEND 1553576647 TRANSACTION 81 13731 d03c67b468da1f9dcd073c8948da00a6
SEND 1553576647 TRANSACTION 81 20094 d03c67b468da1f9dcd073c8948da00a6
SEND 1553576647 TRANSACTION 81 14081 d03c67b468da1f9dcd073c8948da00a6
SEND 1553576647 TRANSACTION 81 16933 d03c67b468da1f9dcd073c8948da00a6
SEND 1553576647 TRANSACTION 81 21046 d03c67b468da1f9dcd073c8948da00a6
SEND 1553576647 TRANSACTION 81 13585 d03c67b468da1f9dcd073c8948da00a6
SEND 1553576647 TRANSACTION 81 12261 d03c67b468da1f9dcd073c8948da00a6
SEND 1553576647 TRANSACTION 81 13716 d03c67b468da1f9dcd073c8948da00a6
RECIEVED 1553576647 TRANSACTION 81 19 50
RECIEVED 1553576647 TRANSACTION 81 19 50
RECIEVED 1553576647 TRANSACTION 81 19 50
RECIEVED 1553576647 TRANSACTION 81 19 50
RECIEVED 1553576647 TRANSACTION 81 19 50
RECIEVED 1553576647 TRANSACTION 81 19 50
RECIEVED 1553576647 TRANSACTION 81 19 50
RECIEVED 1553576647 TRANSACTION 81 19 50
RECIEVED 1553576647 TRANSACTION 81 19 50
RECIEVED 1553576648 TRANSACTION 81 19 50
UPDATE 1553576648 TRANSACTION 99f2831d54087cd4ecf5595c909f46fb
SEND 1553576648 TRANSACTION 81 15060 99f2831d54087cd4ecf5595c909f46fb
SEND 1553576648 TRANSACTION 81 14122 99f2831d54087cd4ecf5595c909f46fb
SEND 1553576648 TRANSACTION 81 11960 99f2831d54087cd4ecf5595c909f46fb
SEND 1553576648 TRANSACTION 81 20748 99f2831d54087cd4ecf5595c909f46fb
SEND 1553576648 TRANSACTION 81 21060 99f2831d54087cd4ecf5595c909f46fb
SEND 1553576648 TRANSACTION 81 14190 99f2831d54087cd4ecf5595c909f46fb
SEND 1553576648 TRANSACTION 81 14048 99f2831d54087cd4ecf5595c909f46fb
SEND 1553576648 TRANSACTION 81 15768 99f2831d54087cd4ecf5595c909f46fb
SEND 1553576648 TRANSACTION 81 16005 99f2831d54087cd4ecf5595c909f46fb
SEND 1553576648 TRANSACTION 81 14979 99f2831d54087cd4ecf5595c909f46fb
SEND 1553576648 TRANSACTION 81 11882 99f2831d54087cd4ecf5595c909f46fb
RECIEVED 1553576648 TRANSACTION 81 19 51
RECIEVED 1553576648 TRANSACTION 81 19 51
RECIEVED 1553576648 TRANSACTION 81 19 51
RECIEVED 1553576648 TRANSACTION 81 19 51
RECIEVED 1553576648 TRANSACTION 81 19 51
RECIEVED 1553576648 TRANSACTION 81 19 51
RECIEVED 1553576648 TRANSACTION 81 19 51
RECIEVED 1553576648 INTRODUCE 37 19 51
RECIEVED 1553576648 INTRODUCE 36 19 51
RECIEVED 1553576648 INTRODUCE 37 19 51
RECIEVED 1553576648 INTRODUCE 36 19 51
RECIEVED 1553576648 INTRODUCE 36 19 51
RECIEVED 1553576648 INTRODUCE 36 19 51
RECIEVED 1553576648 INTRODUCE 36 19 51
RECIEVED 1553576649 INTRODUCE 37 19 51
RECIEVED 1553576649 INTRODUCE 37 19 51
RECIEVED 1553576649 INTRODUCE 36 19 51
RECIEVED 1553576649 INTRODUCE 36 19 51
RECIEVED 1553576649 INTRODUCE 37 19 51
RECIEVED 1553576649 TRANSACTION 81 19 51
UPDATE 1553576649 TRANSACTION 0cebcdd8ce356f3064cdfab39e17242c
SEND 1553576649 TRANSACTION 81 13231 0cebcdd8ce356f3064cdfab39e17242c
SEND 1553576649 TRANSACTION 81 11008 0cebcdd8ce356f3064cdfab39e17242c
SEND 1553576649 TRANSACTION 81 20468 0cebcdd8ce356f3064cdfab39e17242c
SEND 1553576649 TRANSACTION 81 12673 0cebcdd8ce356f3064cdfab39e17242c
SEND 1553576649 TRANSACTION 81 13749 0cebcdd8ce356f3064cdfab39e17242c
SEND 1553576649 TRANSACTION 81 13610 0cebcdd8ce356f3064cdfab39e17242c
SEND 1553576649 TRANSACTION 81 13938 0cebcdd8ce356f3064cdfab39e17242c
SEND 1553576649 TRANSACTION 81 14507 0cebcdd8ce356f3064cdfab39e17242c
SEND 1553576649 TRANSACTION 81 13937 0cebcdd8ce356f3064cdfab39e17242c
SEND 1553576649 TRANSACTION 81 14763 0cebcdd8ce356f3064cdfab39e17242c
SEND 1553576649 TRANSACTION 81 11942 0cebcdd8ce356f3064cdfab39e17242c
RECIEVED 1553576649 TRANSACTION 81 19 52
RECIEVED 1553576649 TRANSACTION 81 19 52
RECIEVED 1553576649 TRANSACTION 81 19 52
RECIEVED 1553576649 TRANSACTION 81 19 52
RECIEVED 1553576649 TRANSACTION 81 19 52
RECIEVED 1553576649 TRANSACTION 81 19 52
RECIEVED 1553576649 TRANSACTION 81 19 52
RECIEVED 1553576649 TRANSACTION 81 19 52
RECIEVED 1553576650 INTRODUCE 37 19 52
RECIEVED 1553576650 INTRODUCE 36 19 52
RECIEVED 1553576650 INTRODUCE 36 19 52
RECIEVED 1553576650 INTRODUCE 37 19 52
RECIEVED 1553576650 INTRODUCE 36 19 52
RECIEVED 1553576650 TRANSACTION 80 19 52
UPDATE 1553576650 TRANSACTION 2522dda2ffdb859690a69dc7105e39f3
SEND 1553576650 TRANSACTION 80 14217 2522dda2ffdb859690a69dc7105e39f3
SEND 1553576650 TRANSACTION 80 14564 2522dda2ffdb859690a69dc7105e39f3
SEND 1553576650 TRANSACTION 80 15011 2522dda2ffdb859690a69dc7105e39f3
SEND 1553576650 TRANSACTION 80 17036 2522dda2ffdb859690a69dc7105e39f3
SEND 1553576650 TRANSACTION 80 13120 2522dda2ffdb859690a69dc7105e39f3
SEND 1553576650 TRANSACTION 80 14116 2522dda2ffdb859690a69dc7105e39f3
SEND 1553576650 TRANSACTION 80 14313 2522dda2ffdb859690a69dc7105e39f3
SEND 1553576650 TRANSACTION 80 15000 2522dda2ffdb859690a69dc7105e39f3
SEND 1553576650 TRANSACTION 80 21592 2522dda2ffdb859690a69dc7105e39f3
SEND 1553576650 TRANSACTION 80 21235 2522dda2ffdb859690a69dc7105e39f3
SEND 1553576650 TRANSACTION 80 13451 2522dda2ffdb859690a69dc7105e39f3
RECIEVED 1553576650 TRANSACTION 80 19 53
RECIEVED 1553576650 TRANSACTION 80 19 53
RECIEVED 1553576650 TRANSACTION 80 19 53
RECIEVED 1553576650 TRANSACTION 80 19 53
RECIEVED 1553576650 TRANSACTION 80 19 53
RECIEVED 1553576650 TRANSACTION 80 19 53
RECIEVED 1553576650 TRANSACTION 80 19 53
RECIEVED 1553576650 HB 3 19 53
SEND 1553576650 INTRODUCE 36 54259
SEND 1553576650 INTRODUCE 36 18013
SEND 1553576650 INTRODUCE 37 14987
SEND 1553576650 INTRODUCE 36 14203
SEND 1553576650 INTRODUCE 36 13537
RECIEVED 1553576650 TRANSACTION 81 19 53
UPDATE 1553576650 TRANSACTION 0947257b1774e2fd21708e8e3c2a7514
SEND 1553576650 TRANSACTION 81 14971 0947257b1774e2fd21708e8e3c2a7514
SEND 1553576650 TRANSACTION 81 17195 0947257b1774e2fd21708e8e3c2a7514
SEND 1553576650 TRANSACTION 81 14673 0947257b1774e2fd21708e8e3c2a7514
SEND 1553576650 TRANSACTION 81 14218 0947257b1774e2fd21708e8e3c2a7514
SEND 1553576650 TRANSACTION 81 14560 0947257b1774e2fd21708e8e3c2a7514
SEND 1553576650 TRANSACTION 81 15404 0947257b1774e2fd21708e8e3c2a7514
SEND 1553576650 TRANSACTION 81 14771 0947257b1774e2fd21708e8e3c2a7514
SEND 1553576650 TRANSACTION 81 14378 0947257b1774e2fd21708e8e3c2a7514
SEND 1553576650 TRANSACTION 81 19629 0947257b1774e2fd21708e8e3c2a7514
SEND 1553576650 TRANSACTION 81 17885 0947257b1774e2fd21708e8e3c2a7514
SEND 1553576650 TRANSACTION 81 19606 0947257b1774e2fd21708e8e3c2a7514
RECIEVED 1553576650 TRANSACTION 81 19 54
RECIEVED 1553576650 TRANSACTION 81 19 54
RECIEVED 1553576650 TRANSACTION 81 19 54
RECIEVED 1553576650 TRANSACTION 81 19 54
RECIEVED 1553576650 TRANSACTION 81 19 54
RECIEVED 1553576650 TRANSACTION 81 19 54
RECIEVED 1553576650 TRANSACTION 81 19 54
RECIEVED 1553576650 TRANSACTION 81 19 54
RECIEVED 1553576650 TRANSACTION 81 19 54
RECIEVED 1553576651 TRANSACTION 81 19 54
UPDATE 1553576651 TRANSACTION 342a5fb63c9fb08b7b36ab2276c2ed08
SEND 1553576651 TRANSACTION 81 14790 342a5fb63c9fb08b7b36ab2276c2ed08
SEND 1553576651 TRANSACTION 81 16147 342a5fb63c9fb08b7b36ab2276c2ed08
SEND 1553576651 TRANSACTION 81 14850 342a5fb63c9fb08b7b36ab2276c2ed08
SEND 1553576651 TRANSACTION 81 24407 342a5fb63c9fb08b7b36ab2276c2ed08
SEND 1553576651 TRANSACTION 81 13805 342a5fb63c9fb08b7b36ab2276c2ed08
SEND 1553576651 TRANSACTION 81 10851 342a5fb63c9fb08b7b36ab2276c2ed08
SEND 1553576651 TRANSACTION 81 19569 342a5fb63c9fb08b7b36ab2276c2ed08
SEND 1553576651 TRANSACTION 81 10452 342a5fb63c9fb08b7b36ab2276c2ed08
SEND 1553576651 TRANSACTION 81 13673 342a5fb63c9fb08b7b36ab2276c2ed08
SEND 1553576651 TRANSACTION 81 13997 342a5fb63c9fb08b7b36ab2276c2ed08
SEND 1553576651 TRANSACTION 81 13733 342a5fb63c9fb08b7b36ab2276c2ed08
RECIEVED 1553576651 TRANSACTION 81 19 55
RECIEVED 1553576651 TRANSACTION 81 19 55
RECIEVED 1553576651 TRANSACTION 81 19 55
RECIEVED 1553576651 TRANSACTION 81 19 55
RECIEVED 1553576651 TRANSACTION 81 19 55
RECIEVED 1553576651 TRANSACTION 81 19 55
RECIEVED 1553576651 TRANSACTION 81 19 55
RECIEVED 1553576652 TRANSACTION 81 19 55
UPDATE 1553576652 TRANSACTION fbe9d32c2fb56f8b6805bc3424fffa3f
SEND 1553576652 TRANSACTION 81 13828 fbe9d32c2fb56f8b6805bc3424fffa3f
SEND 1553576652 TRANSACTION 81 12410 fbe9d32c2fb56f8b6805bc3424fffa3f
SEND 1553576652 TRANSACTION 81 11972 fbe9d32c2fb56f8b6805bc3424fffa3f
SEND 1553576652 TRANSACTION 81 14044 fbe9d32c2fb56f8b6805bc3424fffa3f
SEND 1553576652 TRANSACTION 81 13875 fbe9d32c2fb56f8b6805bc3424fffa3f
SEND 1553576652 TRANSACTION 81 12099 fbe9d32c2fb56f8b6805bc3424fffa3f
SEND 1553576652 TRANSACTION 81 13708 fbe9d32c2fb56f8b6805bc3424fffa3f
SEND 1553576652 TRANSACTION 81 12730 fbe9d32c2fb56f8b6805bc3424fffa3f
SEND 1553576652 TRANSACTION 81 12147 fbe9d32c2fb56f8b6805bc3424fffa3f
SEND 1553576652 TRANSACTION 81 126229 fbe9d32c2fb56f8b6805bc3424fffa3f
SEND 1553576652 TRANSACTION 81 20189 fbe9d32c2fb56f8b6805bc3424fffa3f
RECIEVED 1553576652 TRANSACTION 81 19 56
RECIEVED 1553576652 TRANSACTION 81 19 56
RECIEVED 1553576652 TRANSACTION 81 19 56
RECIEVED 1553576652 TRANSACTION 81 19 56
RECIEVED 1553576655 TRANSACTION 80 19 56
UPDATE 1553576655 TRANSACTION b97861edeadd9039e0c7285b6680e76d
SEND 1553576655 TRANSACTION 80 15417 b97861edeadd9039e0c7285b6680e76d
SEND 1553576655 TRANSACTION 80 14584 b97861edeadd9039e0c7285b6680e76d
SEND 1553576655 TRANSACTION 80 14278 b97861edeadd9039e0c7285b6680e76d
SEND 1553576655 TRANSACTION 80 14493 b97861edeadd9039e0c7285b6680e76d
SEND 1553576655 TRANSACTION 80 18850 b97861edeadd9039e0c7285b6680e76d
SEND 1553576655 TRANSACTION 80 13467 b97861edeadd9039e0c7285b6680e76d
SEND 1553576655 TRANSACTION 80 15428 b97861edeadd9039e0c7285b6680e76d
SEND 1553576655 TRANSACTION 80 14253 b97861edeadd9039e0c7285b6680e76d
SEND 1553576655 TRANSACTION 80 14530 b97861edeadd9039e0c7285b6680e76d
SEND 1553576655 TRANSACTION 80 15101 b97861edeadd9039e0c7285b6680e76d
SEND 1553576655 TRANSACTION 80 13760 b97861edeadd9039e0c7285b6680e76d
RECIEVED 1553576655 TRANSACTION 80 19 57
RECIEVED 1553576655 TRANSACTION 80 19 57
RECIEVED 1553576655 TRANSACTION 80 19 57
RECIEVED 1553576655 TRANSACTION 80 19 57
RECIEVED 1553576655 TRANSACTION 80 19 57
RECIEVED 1553576655 TRANSACTION 80 19 57
RECIEVED 1553576655 TRANSACTION 80 19 57
RECIEVED 1553576655 TRANSACTION 80 19 57
RECIEVED 1553576655 TRANSACTION 80 19 57
RECIEVED 1553576655 TRANSACTION 80 19 57
RECIEVED 1553576655 TRANSACTION 80 19 57
RECIEVED 1553576656 TRANSACTION 81 19 57
UPDATE 1553576656 TRANSACTION df6e367847321bfd03a947ecbb20dffd
SEND 1553576656 TRANSACTION 81 22766 df6e367847321bfd03a947ecbb20dffd
SEND 1553576656 TRANSACTION 81 16077 df6e367847321bfd03a947ecbb20dffd
SEND 1553576656 TRANSACTION 81 16452 df6e367847321bfd03a947ecbb20dffd
SEND 1553576656 TRANSACTION 81 15315 df6e367847321bfd03a947ecbb20dffd
SEND 1553576656 TRANSACTION 81 13600 df6e367847321bfd03a947ecbb20dffd
SEND 1553576656 TRANSACTION 81 19503 df6e367847321bfd03a947ecbb20dffd
SEND 1553576656 TRANSACTION 81 20832 df6e367847321bfd03a947ecbb20dffd
SEND 1553576656 TRANSACTION 81 13866 df6e367847321bfd03a947ecbb20dffd
SEND 1553576656 TRANSACTION 81 14866 df6e367847321bfd03a947ecbb20dffd
SEND 1553576656 TRANSACTION 81 14086 df6e367847321bfd03a947ecbb20dffd
SEND 1553576656 TRANSACTION 81 14758 df6e367847321bfd03a947ecbb20dffd
RECIEVED 1553576656 TRANSACTION 81 19 58
RECIEVED 1553576656 TRANSACTION 81 19 58
RECIEVED 1553576656 TRANSACTION 81 19 58
RECIEVED 1553576656 TRANSACTION 81 19 58
RECIEVED 1553576656 TRANSACTION 81 19 58
RECIEVED 1553576656 TRANSACTION 81 19 58
RECIEVED 1553576656 TRANSACTION 81 19 58
UPDATE 1553576656 TRANSACTION 6c27a0b12d274467fb0e388cb834eafc
SEND 1553576656 TRANSACTION 81 20666 6c27a0b12d274467fb0e388cb834eafc
SEND 1553576656 TRANSACTION 81 14363 6c27a0b12d274467fb0e388cb834eafc
SEND 1553576656 TRANSACTION 81 11619 6c27a0b12d274467fb0e388cb834eafc
SEND 1553576656 TRANSACTION 81 14147 6c27a0b12d274467fb0e388cb834eafc
SEND 1553576656 TRANSACTION 81 12921 6c27a0b12d274467fb0e388cb834eafc
SEND 1553576656 TRANSACTION 81 11204 6c27a0b12d274467fb0e388cb834eafc
SEND 1553576656 TRANSACTION 81 20592 6c27a0b12d274467fb0e388cb834eafc
SEND 1553576656 TRANSACTION 81 12318 6c27a0b12d274467fb0e388cb834eafc
SEND 1553576656 TRANSACTION 81 13966 6c27a0b12d274467fb0e388cb834eafc
SEND 1553576656 TRANSACTION 81 13304 6c27a0b12d274467fb0e388cb834eafc
SEND 1553576656 TRANSACTION 81 12995 6c27a0b12d274467fb0e388cb834eafc
RECIEVED 1553576656 TRANSACTION 81 19 59
RECIEVED 1553576656 TRANSACTION 81 19 59
RECIEVED 1553576656 TRANSACTION 81 19 59
RECIEVED 1553576656 TRANSACTION 81 19 59
RECIEVED 1553576656 TRANSACTION 81 19 59
RECIEVED 1553576656 TRANSACTION 81 19 59
RECIEVED 1553576656 TRANSACTION 81 19 59
RECIEVED 1553576656 TRANSACTION 81 19 59
RECIEVED 1553576656 TRANSACTION 81 19 59
RECIEVED 1553576656 TRANSACTION 81 19 59
RECIEVED 1553576656 TRANSACTION 81 19 59
RECIEVED 1553576656 TRANSACTION 81 19 59
RECIEVED 1553576656 TRANSACTION 81 19 59
RECIEVED 1553576656 TRANSACTION 81 19 59
RECIEVED 1553576658 TRANSACTION 81 19 59
UPDATE 1553576658 TRANSACTION bf80e05da7a895679aecfe302cd5b8c7
SEND 1553576658 TRANSACTION 81 14179 bf80e05da7a895679aecfe302cd5b8c7
SEND 1553576658 TRANSACTION 81 20961 bf80e05da7a895679aecfe302cd5b8c7
SEND 1553576658 TRANSACTION 81 14050 bf80e05da7a895679aecfe302cd5b8c7
SEND 1553576658 TRANSACTION 81 19152 bf80e05da7a895679aecfe302cd5b8c7
SEND 1553576658 TRANSACTION 81 10740 bf80e05da7a895679aecfe302cd5b8c7
SEND 1553576658 TRANSACTION 81 13815 bf80e05da7a895679aecfe302cd5b8c7
SEND 1553576658 TRANSACTION 81 12681 bf80e05da7a895679aecfe302cd5b8c7
SEND 1553576658 TRANSACTION 81 12728 bf80e05da7a895679aecfe302cd5b8c7
SEND 1553576658 TRANSACTION 81 13895 bf80e05da7a895679aecfe302cd5b8c7
SEND 1553576658 TRANSACTION 81 13943 bf80e05da7a895679aecfe302cd5b8c7
RECIEVED 1553576658 TRANSACTION 81 19 60
RECIEVED 1553576658 TRANSACTION 81 19 60
RECIEVED 1553576658 TRANSACTION 81 19 60
RECIEVED 1553576658 TRANSACTION 81 19 60
RECIEVED 1553576658 TRANSACTION 81 19 60
RECIEVED 1553576658 TRANSACTION 81 19 60
RECIEVED 1553576658 TRANSACTION 81 19 60
RECIEVED 1553576658 TRANSACTION 81 19 60
RECIEVED 1553576658 TRANSACTION 81 19 60
RECIEVED 1553576658 TRANSACTION 81 19 60
RECIEVED 1553576658 TRANSACTION 81 19 60
RECIEVED 1553576658 TRANSACTION 81 19 60
UPDATE 1553576658 TRANSACTION bbfc0d9ed61a860a16e107ab64733da2
SEND 1553576658 TRANSACTION 81 17122 bbfc0d9ed61a860a16e107ab64733da2
SEND 1553576658 TRANSACTION 81 19536 bbfc0d9ed61a860a16e107ab64733da2
SEND 1553576658 TRANSACTION 81 14154 bbfc0d9ed61a860a16e107ab64733da2
SEND 1553576658 TRANSACTION 81 12004 bbfc0d9ed61a860a16e107ab64733da2
SEND 1553576658 TRANSACTION 81 14511 bbfc0d9ed61a860a16e107ab64733da2
SEND 1553576658 TRANSACTION 81 13984 bbfc0d9ed61a860a16e107ab64733da2
SEND 1553576658 TRANSACTION 81 17525 bbfc0d9ed61a860a16e107ab64733da2
SEND 1553576658 TRANSACTION 81 14492 bbfc0d9ed61a860a16e107ab64733da2
SEND 1553576658 TRANSACTION 81 13418 bbfc0d9ed61a860a16e107ab64733da2
SEND 1553576658 TRANSACTION 81 12092 bbfc0d9ed61a860a16e107ab64733da2
SEND 1553576658 TRANSACTION 81 14502 bbfc0d9ed61a860a16e107ab64733da2
RECIEVED 1553576658 TRANSACTION 81 19 61
RECIEVED 1553576658 TRANSACTION 81 19 61
RECIEVED 1553576658 TRANSACTION 81 19 61
RECIEVED 1553576658 TRANSACTION 81 19 61
RECIEVED 1553576660 HB 3 19 61
SEND 1553576660 INTRODUCE 36 54792
SEND 1553576660 INTRODUCE 36 15810
SEND 1553576660 INTRODUCE 36 14509
SEND 1553576660 INTRODUCE 36 13859
RECIEVED 1553576661 INTRODUCE 36 19 61
RECIEVED 1553576661 INTRODUCE 37 19 61
RECIEVED 1553576661 INTRODUCE 36 19 61
RECIEVED 1553576661 INTRODUCE 36 19 61
RECIEVED 1553576661 INTRODUCE 36 19 61
RECIEVED 1553576662 TRANSACTION 80 19 61
UPDATE 1553576662 TRANSACTION 69494c74e7cf618e12596eac5e7ffb79
SEND 1553576662 TRANSACTION 80 14687 69494c74e7cf618e12596eac5e7ffb79
SEND 1553576662 TRANSACTION 80 15229 69494c74e7cf618e12596eac5e7ffb79
SEND 1553576662 TRANSACTION 80 12291 69494c74e7cf618e12596eac5e7ffb79
SEND 1553576662 TRANSACTION 80 11693 69494c74e7cf618e12596eac5e7ffb79
SEND 1553576662 TRANSACTION 80 14929 69494c74e7cf618e12596eac5e7ffb79
SEND 1553576662 TRANSACTION 80 13452 69494c74e7cf618e12596eac5e7ffb79
SEND 1553576662 TRANSACTION 80 14456 69494c74e7cf618e12596eac5e7ffb79
SEND 1553576662 TRANSACTION 80 14145 69494c74e7cf618e12596eac5e7ffb79
SEND 1553576662 TRANSACTION 80 15513 69494c74e7cf618e12596eac5e7ffb79
SEND 1553576662 TRANSACTION 80 14507 69494c74e7cf618e12596eac5e7ffb79
SEND 1553576662 TRANSACTION 80 19429 69494c74e7cf618e12596eac5e7ffb79
RECIEVED 1553576662 TRANSACTION 80 19 62
RECIEVED 1553576662 TRANSACTION 80 19 62
RECIEVED 1553576662 TRANSACTION 80 19 62
RECIEVED 1553576662 TRANSACTION 80 19 62
RECIEVED 1553576662 TRANSACTION 80 19 62
RECIEVED 1553576662 TRANSACTION 80 19 62
RECIEVED 1553576662 TRANSACTION 80 19 62
RECIEVED 1553576662 TRANSACTION 80 19 62
RECIEVED 1553576662 TRANSACTION 80 19 62
RECIEVED 1553576662 TRANSACTION 80 19 62
RECIEVED 1553576662 TRANSACTION 80 19 62
UPDATE 1553576662 TRANSACTION e2cd68191344ef1f117a38815dbdda24
SEND 1553576662 TRANSACTION 80 15033 e2cd68191344ef1f117a38815dbdda24
SEND 1553576662 TRANSACTION 80 14997 e2cd68191344ef1f117a38815dbdda24
SEND 1553576662 TRANSACTION 80 14304 e2cd68191344ef1f117a38815dbdda24
SEND 1553576662 TRANSACTION 80 15194 e2cd68191344ef1f117a38815dbdda24
SEND 1553576662 TRANSACTION 80 25740 e2cd68191344ef1f117a38815dbdda24
SEND 1553576662 TRANSACTION 80 14174 e2cd68191344ef1f117a38815dbdda24
SEND 1553576662 TRANSACTION 80 19146 e2cd68191344ef1f117a38815dbdda24
SEND 1553576662 TRANSACTION 80 15068 e2cd68191344ef1f117a38815dbdda24
SEND 1553576662 TRANSACTION 80 14319 e2cd68191344ef1f117a38815dbdda24
SEND 1553576662 TRANSACTION 80 11560 e2cd68191344ef1f117a38815dbdda24
SEND 1553576662 TRANSACTION 80 16607 e2cd68191344ef1f117a38815dbdda24
RECIEVED 1553576662 TRANSACTION 80 19 63
RECIEVED 1553576662 TRANSACTION 80 19 63
RECIEVED 1553576662 TRANSACTION 80 19 63
RECIEVED 1553576662 TRANSACTION 80 19 63
RECIEVED 1553576662 TRANSACTION 80 19 63
RECIEVED 1553576662 TRANSACTION 80 19 63
RECIEVED 1553576662 TRANSACTION 80 19 63
RECIEVED 1553576662 TRANSACTION 80 19 63
RECIEVED 1553576663 TRANSACTION 81 19 63
UPDATE 1553576663 TRANSACTION e6562216bbe916e3850d3cd19ad7dd88
SEND 1553576663 TRANSACTION 81 14875 e6562216bbe916e3850d3cd19ad7dd88
SEND 1553576663 TRANSACTION 81 14848 e6562216bbe916e3850d3cd19ad7dd88
SEND 1553576663 TRANSACTION 81 21459 e6562216bbe916e3850d3cd19ad7dd88
SEND 1553576663 TRANSACTION 81 14881 e6562216bbe916e3850d3cd19ad7dd88
SEND 1553576663 TRANSACTION 81 12915 e6562216bbe916e3850d3cd19ad7dd88
SEND 1553576663 TRANSACTION 81 14230 e6562216bbe916e3850d3cd19ad7dd88
SEND 1553576663 TRANSACTION 81 14660 e6562216bbe916e3850d3cd19ad7dd88
SEND 1553576663 TRANSACTION 81 13903 e6562216bbe916e3850d3cd19ad7dd88
SEND 1553576663 TRANSACTION 81 11728 e6562216bbe916e3850d3cd19ad7dd88
SEND 1553576663 TRANSACTION 81 14211 e6562216bbe916e3850d3cd19ad7dd88
SEND 1553576663 TRANSACTION 81 12469 e6562216bbe916e3850d3cd19ad7dd88
RECIEVED 1553576663 TRANSACTION 81 19 64
RECIEVED 1553576663 TRANSACTION 81 19 64
RECIEVED 1553576663 TRANSACTION 81 19 64
RECIEVED 1553576663 TRANSACTION 81 19 64
RECIEVED 1553576663 TRANSACTION 81 19 64
RECIEVED 1553576663 TRANSACTION 81 19 64
RECIEVED 1553576664 TRANSACTION 80 19 64
UPDATE 1553576664 TRANSACTION c229d1f0529ed9cffc52ef6f339aa5a2
SEND 1553576664 TRANSACTION 80 12535 c229d1f0529ed9cffc52ef6f339aa5a2
SEND 1553576664 TRANSACTION 80 13818 c229d1f0529ed9cffc52ef6f339aa5a2
SEND 1553576664 TRANSACTION 80 14169 c229d1f0529ed9cffc52ef6f339aa5a2
SEND 1553576664 TRANSACTION 80 20751 c229d1f0529ed9cffc52ef6f339aa5a2
SEND 1553576664 TRANSACTION 80 13501 c229d1f0529ed9cffc52ef6f339aa5a2
SEND 1553576664 TRANSACTION 80 14229 c229d1f0529ed9cffc52ef6f339aa5a2
SEND 1553576664 TRANSACTION 80 18672 c229d1f0529ed9cffc52ef6f339aa5a2
SEND 1553576664 TRANSACTION 80 13800 c229d1f0529ed9cffc52ef6f339aa5a2
SEND 1553576664 TRANSACTION 80 10689 c229d1f0529ed9cffc52ef6f339aa5a2
SEND 1553576664 TRANSACTION 80 14799 c229d1f0529ed9cffc52ef6f339aa5a2
SEND 1553576664 TRANSACTION 80 15164 c229d1f0529ed9cffc52ef6f339aa5a2
RECIEVED 1553576664 TRANSACTION 80 19 65
RECIEVED 1553576664 TRANSACTION 80 19 65
RECIEVED 1553576664 TRANSACTION 80 19 65
RECIEVED 1553576664 TRANSACTION 80 19 65
RECIEVED 1553576664 TRANSACTION 80 19 65
RECIEVED 1553576664 TRANSACTION 80 19 65
RECIEVED 1553576664 TRANSACTION 80 19 65
RECIEVED 1553576664 TRANSACTION 80 19 65
RECIEVED 1553576664 TRANSACTION 80 19 65
RECIEVED 1553576664 TRANSACTION 80 19 65
RECIEVED 1553576664 TRANSACTION 80 19 65
RECIEVED 1553576664 TRANSACTION 80 19 65
RECIEVED 1553576664 TRANSACTION 80 19 65
RECIEVED 1553576665 TRANSACTION 81 19 65
UPDATE 1553576665 TRANSACTION 656d777660268e507f78c9d3bb79073c
SEND 1553576665 TRANSACTION 81 22900 656d777660268e507f78c9d3bb79073c
SEND 1553576665 TRANSACTION 81 22819 656d777660268e507f78c9d3bb79073c
SEND 1553576665 TRANSACTION 81 15750 656d777660268e507f78c9d3bb79073c
SEND 1553576665 TRANSACTION 81 13268 656d777660268e507f78c9d3bb79073c
# Failed listening 
%!(EXTRA string=node9)# ERROR: EOF
SEND 1553576665 TRANSACTION 81 11320 656d777660268e507f78c9d3bb79073c
SEND 1553576665 TRANSACTION 81 18638 656d777660268e507f78c9d3bb79073c
SEND 1553576665 TRANSACTION 81 14219 656d777660268e507f78c9d3bb79073c
SEND 1553576665 TRANSACTION 81 13703 656d777660268e507f78c9d3bb79073c
# Failed listening 
%!(EXTRA string=node2)# ERROR: read tcp 172.22.158.205:55608->172.22.158.205:8002: read: connection reset by peer
SEND 1553576665 TRANSACTION 81 22170 656d777660268e507f78c9d3bb79073c
SEND 1553576665 TRANSACTION 81 12395 656d777660268e507f78c9d3bb79073c
SEND 1553576665 TRANSACTION 81 24376 656d777660268e507f78c9d3bb79073c
RECIEVED 1553576665 DIE 4 19 66
