RECIEVED 1553576598 INTRODUCE 36 0 0
SEND 1553576598 JOIN 31 18001
RECIEVED 1553576598 INTRODUCE 36 1 0
SEND 1553576598 INTRODUCE 36 16996
SEND 1553576598 JOIN 31 14199
# recieved string JOIN node4 172.22.158.205 8004

RECIEVED 1553576598 INTRODUCE 36 2 0
SEND 1553576598 INTRODUCE 36 16158
SEND 1553576598 INTRODUCE 36 15061
SEND 1553576598 JOIN 31 21935
# recieved string JOIN node2 172.22.158.205 8002

RECIEVED 1553576598 JOIN 31 3 0
SEND 1553576598 INTRODUCE 36 16601
RECIEVED 1553576598 JOIN 31 4 0
RECIEVED 1553576598 INTRODUCE 36 4 0
# recieved string JOIN node6 172.22.158.205 8006

RECIEVED 1553576598 JOIN 31 4 0
SEND 1553576598 INTRODUCE 36 33157
RECIEVED 1553576598 INTRODUCE 36 5 0
RECIEVED 1553576598 TRANSACTION 81 5 0
UPDATE 1553576598 TRANSACTION 599183c3680eacaa85e183b43f01bafc
SEND 1553576598 TRANSACTION 81 37354 599183c3680eacaa85e183b43f01bafc
SEND 1553576598 TRANSACTION 81 18110 599183c3680eacaa85e183b43f01bafc
RECIEVED 1553576598 TRANSACTION 81 5 1
# recieved string JOIN node9 172.22.158.205 8009

RECIEVED 1553576598 JOIN 31 5 1
SEND 1553576598 INTRODUCE 36 16228
SEND 1553576598 INTRODUCE 36 20550
# recieved string JOIN node8 172.22.158.205 8008

RECIEVED 1553576598 JOIN 31 6 1
SEND 1553576598 INTRODUCE 36 13840
RECIEVED 1553576598 INTRODUCE 36 7 1
SEND 1553576598 INTRODUCE 36 15769
SEND 1553576598 INTRODUCE 36 14019
SEND 1553576598 INTRODUCE 36 16046
SEND 1553576598 INTRODUCE 36 17288
SEND 1553576598 INTRODUCE 36 18047
SEND 1553576598 INTRODUCE 36 17278
SEND 1553576598 INTRODUCE 36 16782
SEND 1553576598 JOIN 31 16271
RECIEVED 1553576598 INTRODUCE 36 8 1
RECIEVED 1553576598 INTRODUCE 36 8 1
RECIEVED 1553576598 INTRODUCE 36 8 1
RECIEVED 1553576598 INTRODUCE 36 8 1
RECIEVED 1553576598 INTRODUCE 36 8 1
RECIEVED 1553576598 INTRODUCE 36 8 1
RECIEVED 1553576598 INTRODUCE 36 8 1
RECIEVED 1553576598 INTRODUCE 36 8 1
RECIEVED 1553576598 INTRODUCE 36 8 1
RECIEVED 1553576598 INTRODUCE 36 8 1
RECIEVED 1553576598 INTRODUCE 36 8 1
RECIEVED 1553576598 INTRODUCE 36 8 1
SEND 1553576598 INTRODUCE 36 15919
SEND 1553576598 INTRODUCE 36 17008
SEND 1553576598 INTRODUCE 36 98531
SEND 1553576598 INTRODUCE 36 14719
SEND 1553576598 INTRODUCE 36 16143
SEND 1553576598 INTRODUCE 36 18176
SEND 1553576598 INTRODUCE 36 19883
SEND 1553576598 INTRODUCE 36 22311
SEND 1553576598 JOIN 31 14360
RECIEVED 1553576598 INTRODUCE 36 9 1
RECIEVED 1553576598 INTRODUCE 36 9 1
RECIEVED 1553576598 INTRODUCE 36 9 1
RECIEVED 1553576598 INTRODUCE 36 9 1
RECIEVED 1553576598 INTRODUCE 36 9 1
RECIEVED 1553576598 INTRODUCE 36 9 1
RECIEVED 1553576598 INTRODUCE 36 9 1
RECIEVED 1553576598 INTRODUCE 36 9 1
RECIEVED 1553576598 INTRODUCE 36 9 1
RECIEVED 1553576598 INTRODUCE 36 9 1
# recieved string JOIN node5 172.22.158.205 8005

RECIEVED 1553576599 JOIN 31 9 1
RECIEVED 1553576599 INTRODUCE 36 9 1
RECIEVED 1553576599 INTRODUCE 36 9 1
# recieved string JOIN node10 172.22.158.205 8010

RECIEVED 1553576599 JOIN 32 9 1
SEND 1553576599 INTRODUCE 36 14868
SEND 1553576599 INTRODUCE 36 15655
SEND 1553576599 INTRODUCE 36 19205
SEND 1553576599 INTRODUCE 36 14217
RECIEVED 1553576599 TRANSACTION 81 10 1
UPDATE 1553576599 TRANSACTION f1f915fc06c4f1644587ea9e5f05f111
SEND 1553576599 TRANSACTION 81 13820 f1f915fc06c4f1644587ea9e5f05f111
SEND 1553576599 TRANSACTION 81 14036 f1f915fc06c4f1644587ea9e5f05f111
SEND 1553576599 TRANSACTION 81 14922 f1f915fc06c4f1644587ea9e5f05f111
SEND 1553576599 TRANSACTION 81 11823 f1f915fc06c4f1644587ea9e5f05f111
SEND 1553576599 TRANSACTION 81 16831 f1f915fc06c4f1644587ea9e5f05f111
SEND 1553576599 TRANSACTION 81 23649 f1f915fc06c4f1644587ea9e5f05f111
SEND 1553576599 TRANSACTION 81 33571 f1f915fc06c4f1644587ea9e5f05f111
SEND 1553576599 TRANSACTION 81 13490 f1f915fc06c4f1644587ea9e5f05f111
SEND 1553576599 TRANSACTION 81 12940 f1f915fc06c4f1644587ea9e5f05f111
RECIEVED 1553576599 TRANSACTION 81 10 2
RECIEVED 1553576599 TRANSACTION 81 10 2
RECIEVED 1553576599 TRANSACTION 81 10 2
RECIEVED 1553576599 TRANSACTION 81 10 2
RECIEVED 1553576599 TRANSACTION 81 10 2
# recieved string JOIN node13 172.22.158.205 8013

RECIEVED 1553576599 JOIN 32 10 2
SEND 1553576599 INTRODUCE 37 13923
SEND 1553576599 INTRODUCE 36 17025
SEND 1553576599 INTRODUCE 36 12558
SEND 1553576599 INTRODUCE 36 12105
RECIEVED 1553576599 INTRODUCE 36 11 2
RECIEVED 1553576599 INTRODUCE 36 11 2
RECIEVED 1553576599 INTRODUCE 36 11 2
RECIEVED 1553576599 INTRODUCE 37 11 2
RECIEVED 1553576599 INTRODUCE 36 11 2
RECIEVED 1553576599 INTRODUCE 36 11 2
RECIEVED 1553576599 INTRODUCE 37 11 2
SEND 1553576599 INTRODUCE 37 13266
SEND 1553576599 INTRODUCE 37 11352
SEND 1553576599 INTRODUCE 37 15030
SEND 1553576599 INTRODUCE 37 14680
SEND 1553576599 INTRODUCE 37 17064
SEND 1553576599 INTRODUCE 37 14485
SEND 1553576599 INTRODUCE 37 13761
SEND 1553576599 INTRODUCE 37 11699
SEND 1553576599 INTRODUCE 37 12104
SEND 1553576599 INTRODUCE 37 16713
SEND 1553576599 INTRODUCE 37 15360
SEND 1553576599 JOIN 31 13972
RECIEVED 1553576599 INTRODUCE 37 12 2
RECIEVED 1553576599 INTRODUCE 37 12 2
RECIEVED 1553576599 INTRODUCE 37 12 2
RECIEVED 1553576599 INTRODUCE 37 12 2
RECIEVED 1553576599 INTRODUCE 37 12 2
RECIEVED 1553576599 INTRODUCE 37 12 2
RECIEVED 1553576599 INTRODUCE 37 12 2
RECIEVED 1553576599 INTRODUCE 36 12 2
RECIEVED 1553576599 INTRODUCE 36 12 2
RECIEVED 1553576599 INTRODUCE 36 12 2
RECIEVED 1553576600 TRANSACTION 79 12 2
UPDATE 1553576600 TRANSACTION 274bf1ebc6e8a80a21613df716419e7a
SEND 1553576600 TRANSACTION 79 21047 274bf1ebc6e8a80a21613df716419e7a
SEND 1553576600 TRANSACTION 79 37111 274bf1ebc6e8a80a21613df716419e7a
SEND 1553576600 TRANSACTION 79 26161 274bf1ebc6e8a80a21613df716419e7a
SEND 1553576600 TRANSACTION 79 26110 274bf1ebc6e8a80a21613df716419e7a
SEND 1553576600 TRANSACTION 79 20965 274bf1ebc6e8a80a21613df716419e7a
SEND 1553576600 TRANSACTION 79 13976 274bf1ebc6e8a80a21613df716419e7a
SEND 1553576600 TRANSACTION 79 10210 274bf1ebc6e8a80a21613df716419e7a
SEND 1553576600 TRANSACTION 79 21179 274bf1ebc6e8a80a21613df716419e7a
SEND 1553576600 TRANSACTION 79 20927 274bf1ebc6e8a80a21613df716419e7a
RECIEVED 1553576600 TRANSACTION 79 12 3
RECIEVED 1553576600 TRANSACTION 79 12 3
RECIEVED 1553576600 TRANSACTION 79 12 3
RECIEVED 1553576600 TRANSACTION 79 12 3
RECIEVED 1553576600 TRANSACTION 79 12 3
RECIEVED 1553576600 TRANSACTION 79 12 3
RECIEVED 1553576600 TRANSACTION 79 12 3
# recieved string JOIN node12 172.22.158.205 8012

RECIEVED 1553576600 JOIN 32 12 3
SEND 1553576600 INTRODUCE 36 14546
SEND 1553576600 INTRODUCE 37 14108
SEND 1553576600 INTRODUCE 37 16948
RECIEVED 1553576600 INTRODUCE 36 13 3
RECIEVED 1553576600 INTRODUCE 36 13 3
RECIEVED 1553576600 INTRODUCE 36 13 3
RECIEVED 1553576600 INTRODUCE 37 13 3
RECIEVED 1553576600 INTRODUCE 36 13 3
RECIEVED 1553576600 INTRODUCE 36 13 3
# recieved string JOIN node15 172.22.158.205 8015

RECIEVED 1553576600 JOIN 32 13 3
SEND 1553576600 INTRODUCE 36 14916
SEND 1553576600 INTRODUCE 36 15425
RECIEVED 1553576600 INTRODUCE 37 14 3
RECIEVED 1553576600 INTRODUCE 36 14 3
RECIEVED 1553576600 INTRODUCE 36 14 3
RECIEVED 1553576600 INTRODUCE 37 14 3
RECIEVED 1553576600 INTRODUCE 36 14 3
RECIEVED 1553576600 INTRODUCE 36 14 3
RECIEVED 1553576600 INTRODUCE 37 14 3
RECIEVED 1553576600 INTRODUCE 36 14 3
RECIEVED 1553576600 INTRODUCE 36 14 3
RECIEVED 1553576600 TRANSACTION 81 14 3
UPDATE 1553576600 TRANSACTION e90953603e2d8922e7abafbe787fa29e
SEND 1553576600 TRANSACTION 81 20975 e90953603e2d8922e7abafbe787fa29e
SEND 1553576600 TRANSACTION 81 11114 e90953603e2d8922e7abafbe787fa29e
SEND 1553576600 TRANSACTION 81 14297 e90953603e2d8922e7abafbe787fa29e
SEND 1553576600 TRANSACTION 81 12089 e90953603e2d8922e7abafbe787fa29e
SEND 1553576600 TRANSACTION 81 11184 e90953603e2d8922e7abafbe787fa29e
SEND 1553576600 TRANSACTION 81 12535 e90953603e2d8922e7abafbe787fa29e
SEND 1553576600 TRANSACTION 81 10610 e90953603e2d8922e7abafbe787fa29e
SEND 1553576600 TRANSACTION 81 20573 e90953603e2d8922e7abafbe787fa29e
SEND 1553576600 TRANSACTION 81 14607 e90953603e2d8922e7abafbe787fa29e
SEND 1553576600 TRANSACTION 81 14442 e90953603e2d8922e7abafbe787fa29e
SEND 1553576600 TRANSACTION 81 10709 e90953603e2d8922e7abafbe787fa29e
RECIEVED 1553576600 TRANSACTION 81 14 4
RECIEVED 1553576600 TRANSACTION 81 14 4
RECIEVED 1553576600 TRANSACTION 81 14 4
RECIEVED 1553576600 TRANSACTION 81 14 4
RECIEVED 1553576600 TRANSACTION 81 14 4
RECIEVED 1553576600 TRANSACTION 81 14 4
RECIEVED 1553576600 TRANSACTION 81 14 4
RECIEVED 1553576600 TRANSACTION 81 14 4
RECIEVED 1553576600 TRANSACTION 81 14 4
RECIEVED 1553576600 TRANSACTION 81 14 4
# recieved string JOIN node16 172.22.158.205 8016

RECIEVED 1553576600 JOIN 32 14 4
SEND 1553576600 INTRODUCE 37 15188
SEND 1553576600 INTRODUCE 37 20300
SEND 1553576600 INTRODUCE 36 12031
RECIEVED 1553576600 INTRODUCE 37 15 4
RECIEVED 1553576601 INTRODUCE 36 15 4
RECIEVED 1553576601 INTRODUCE 36 15 4
RECIEVED 1553576601 INTRODUCE 36 15 4
RECIEVED 1553576601 INTRODUCE 36 15 4
RECIEVED 1553576601 INTRODUCE 36 15 4
RECIEVED 1553576601 INTRODUCE 36 15 4
RECIEVED 1553576601 INTRODUCE 36 15 4
RECIEVED 1553576601 INTRODUCE 36 15 4
RECIEVED 1553576601 INTRODUCE 36 15 4
RECIEVED 1553576601 TRANSACTION 80 15 4
UPDATE 1553576601 TRANSACTION a6ddb6c5c4795f3a98525a1b6b5a050a
SEND 1553576601 TRANSACTION 80 22909 a6ddb6c5c4795f3a98525a1b6b5a050a
SEND 1553576601 TRANSACTION 80 10644 a6ddb6c5c4795f3a98525a1b6b5a050a
SEND 1553576601 TRANSACTION 80 12882 a6ddb6c5c4795f3a98525a1b6b5a050a
SEND 1553576601 TRANSACTION 80 14414 a6ddb6c5c4795f3a98525a1b6b5a050a
SEND 1553576601 TRANSACTION 80 12120 a6ddb6c5c4795f3a98525a1b6b5a050a
SEND 1553576601 TRANSACTION 80 12667 a6ddb6c5c4795f3a98525a1b6b5a050a
SEND 1553576601 TRANSACTION 80 14845 a6ddb6c5c4795f3a98525a1b6b5a050a
SEND 1553576601 TRANSACTION 80 20824 a6ddb6c5c4795f3a98525a1b6b5a050a
SEND 1553576601 TRANSACTION 80 14096 a6ddb6c5c4795f3a98525a1b6b5a050a
SEND 1553576601 TRANSACTION 80 14603 a6ddb6c5c4795f3a98525a1b6b5a050a
SEND 1553576601 TRANSACTION 80 13484 a6ddb6c5c4795f3a98525a1b6b5a050a
RECIEVED 1553576601 TRANSACTION 80 15 5
RECIEVED 1553576601 TRANSACTION 80 15 5
RECIEVED 1553576601 TRANSACTION 80 15 5
RECIEVED 1553576601 TRANSACTION 80 15 5
RECIEVED 1553576601 TRANSACTION 80 15 5
RECIEVED 1553576601 TRANSACTION 80 15 5
RECIEVED 1553576601 TRANSACTION 80 15 5
RECIEVED 1553576601 TRANSACTION 80 15 5
RECIEVED 1553576601 TRANSACTION 81 15 5
UPDATE 1553576601 TRANSACTION 0aa04d2708648d1966e0ebf962af5df1
SEND 1553576601 TRANSACTION 81 30332 0aa04d2708648d1966e0ebf962af5df1
SEND 1553576601 TRANSACTION 81 12620 0aa04d2708648d1966e0ebf962af5df1
SEND 1553576601 TRANSACTION 81 20830 0aa04d2708648d1966e0ebf962af5df1
SEND 1553576601 TRANSACTION 81 15339 0aa04d2708648d1966e0ebf962af5df1
SEND 1553576601 TRANSACTION 81 13332 0aa04d2708648d1966e0ebf962af5df1
SEND 1553576601 TRANSACTION 81 12532 0aa04d2708648d1966e0ebf962af5df1
SEND 1553576601 TRANSACTION 81 16536 0aa04d2708648d1966e0ebf962af5df1
# recieved string JOIN node17 172.22.158.205 8017

SEND 1553576601 TRANSACTION 81 15027 0aa04d2708648d1966e0ebf962af5df1
SEND 1553576601 TRANSACTION 81 11918 0aa04d2708648d1966e0ebf962af5df1
SEND 1553576601 TRANSACTION 81 14859 0aa04d2708648d1966e0ebf962af5df1
RECIEVED 1553576601 JOIN 32 15 6
SEND 1553576601 INTRODUCE 36 20819
SEND 1553576601 INTRODUCE 37 13743
RECIEVED 1553576601 TRANSACTION 81 16 6
RECIEVED 1553576601 TRANSACTION 81 16 6
RECIEVED 1553576601 TRANSACTION 81 16 6
RECIEVED 1553576601 TRANSACTION 81 16 6
RECIEVED 1553576601 TRANSACTION 81 16 6
RECIEVED 1553576601 TRANSACTION 81 16 6
RECIEVED 1553576601 TRANSACTION 81 16 6
RECIEVED 1553576601 TRANSACTION 81 16 6
RECIEVED 1553576601 INTRODUCE 37 16 6
RECIEVED 1553576601 TRANSACTION 80 16 6
RECIEVED 1553576601 INTRODUCE 37 16 6
SEND 1553576601 INTRODUCE 37 24570
SEND 1553576601 INTRODUCE 37 17752
SEND 1553576601 INTRODUCE 37 21658
SEND 1553576601 INTRODUCE 37 20745
SEND 1553576601 INTRODUCE 37 13338
# recieved string JOIN node14 172.22.158.205 8014

SEND 1553576601 INTRODUCE 37 23040
SEND 1553576601 INTRODUCE 37 13585
SEND 1553576601 INTRODUCE 37 13100
SEND 1553576601 INTRODUCE 37 13231
SEND 1553576601 INTRODUCE 37 17002
SEND 1553576601 INTRODUCE 37 12848
SEND 1553576601 INTRODUCE 37 18892
SEND 1553576601 INTRODUCE 37 13006
SEND 1553576601 INTRODUCE 37 17850
SEND 1553576601 INTRODUCE 37 14727
SEND 1553576601 INTRODUCE 37 12933
SEND 1553576601 JOIN 31 15523
RECIEVED 1553576601 JOIN 32 17 6
RECIEVED 1553576601 INTRODUCE 37 17 6
# recieved string JOIN node19 172.22.158.205 8019

RECIEVED 1553576601 JOIN 32 17 6
SEND 1553576601 INTRODUCE 36 20267
SEND 1553576601 INTRODUCE 37 17866
SEND 1553576601 INTRODUCE 37 17096
SEND 1553576601 INTRODUCE 37 13804
SEND 1553576601 INTRODUCE 37 15346
SEND 1553576601 INTRODUCE 37 19770
SEND 1553576601 INTRODUCE 36 13437
SEND 1553576601 INTRODUCE 36 13616
SEND 1553576601 INTRODUCE 36 16730
SEND 1553576601 INTRODUCE 36 13917
# recieved string JOIN node18 172.22.158.205 8018

RECIEVED 1553576601 JOIN 32 18 6
SEND 1553576601 INTRODUCE 37 16575
SEND 1553576601 INTRODUCE 37 15066
SEND 1553576601 INTRODUCE 37 19040
SEND 1553576601 INTRODUCE 36 17051
SEND 1553576601 INTRODUCE 36 19458
SEND 1553576601 INTRODUCE 36 13307
SEND 1553576601 INTRODUCE 36 13266
RECIEVED 1553576602 INTRODUCE 37 19 6
RECIEVED 1553576602 INTRODUCE 36 19 6
RECIEVED 1553576602 INTRODUCE 37 19 6
RECIEVED 1553576602 INTRODUCE 36 19 6
RECIEVED 1553576602 INTRODUCE 36 19 6
RECIEVED 1553576602 INTRODUCE 36 19 6
RECIEVED 1553576602 INTRODUCE 37 19 6
RECIEVED 1553576602 INTRODUCE 37 19 6
RECIEVED 1553576602 INTRODUCE 37 19 6
RECIEVED 1553576602 INTRODUCE 36 19 6
RECIEVED 1553576602 INTRODUCE 37 19 6
RECIEVED 1553576602 INTRODUCE 36 19 6
RECIEVED 1553576602 INTRODUCE 36 19 6
RECIEVED 1553576602 INTRODUCE 36 19 6
RECIEVED 1553576602 INTRODUCE 36 19 6
RECIEVED 1553576602 INTRODUCE 37 19 6
RECIEVED 1553576602 INTRODUCE 36 19 6
RECIEVED 1553576602 INTRODUCE 37 19 6
RECIEVED 1553576602 INTRODUCE 37 19 6
RECIEVED 1553576602 INTRODUCE 37 19 6
RECIEVED 1553576602 INTRODUCE 37 19 6
RECIEVED 1553576603 TRANSACTION 81 19 6
UPDATE 1553576603 TRANSACTION fe95b3a7d123b2bc8a4a6a6057301d54
SEND 1553576603 TRANSACTION 81 21524 fe95b3a7d123b2bc8a4a6a6057301d54
SEND 1553576603 TRANSACTION 81 20210 fe95b3a7d123b2bc8a4a6a6057301d54
SEND 1553576603 TRANSACTION 81 14680 fe95b3a7d123b2bc8a4a6a6057301d54
SEND 1553576603 TRANSACTION 81 14719 fe95b3a7d123b2bc8a4a6a6057301d54
SEND 1553576603 TRANSACTION 81 13949 fe95b3a7d123b2bc8a4a6a6057301d54
SEND 1553576603 TRANSACTION 81 15228 fe95b3a7d123b2bc8a4a6a6057301d54
SEND 1553576603 TRANSACTION 81 13688 fe95b3a7d123b2bc8a4a6a6057301d54
SEND 1553576603 TRANSACTION 81 21410 fe95b3a7d123b2bc8a4a6a6057301d54
SEND 1553576603 TRANSACTION 81 14957 fe95b3a7d123b2bc8a4a6a6057301d54
SEND 1553576603 TRANSACTION 81 13739 fe95b3a7d123b2bc8a4a6a6057301d54
RECIEVED 1553576603 TRANSACTION 81 19 7
RECIEVED 1553576603 TRANSACTION 81 19 7
RECIEVED 1553576603 TRANSACTION 81 19 7
RECIEVED 1553576603 TRANSACTION 81 19 7
RECIEVED 1553576603 TRANSACTION 81 19 7
RECIEVED 1553576603 TRANSACTION 81 19 7
RECIEVED 1553576603 TRANSACTION 81 19 7
RECIEVED 1553576603 TRANSACTION 81 19 7
RECIEVED 1553576603 TRANSACTION 81 19 7
RECIEVED 1553576603 TRANSACTION 81 19 7
RECIEVED 1553576603 TRANSACTION 81 19 7
RECIEVED 1553576603 TRANSACTION 81 19 7
RECIEVED 1553576603 TRANSACTION 81 19 7
RECIEVED 1553576603 TRANSACTION 81 19 7
UPDATE 1553576603 TRANSACTION 560ee3e9177e34a2ddc5def919f850d3
SEND 1553576603 TRANSACTION 81 11728 560ee3e9177e34a2ddc5def919f850d3
SEND 1553576603 TRANSACTION 81 14924 560ee3e9177e34a2ddc5def919f850d3
SEND 1553576603 TRANSACTION 81 11560 560ee3e9177e34a2ddc5def919f850d3
SEND 1553576603 TRANSACTION 81 14876 560ee3e9177e34a2ddc5def919f850d3
SEND 1553576603 TRANSACTION 81 13584 560ee3e9177e34a2ddc5def919f850d3
SEND 1553576603 TRANSACTION 81 11360 560ee3e9177e34a2ddc5def919f850d3
SEND 1553576603 TRANSACTION 81 12444 560ee3e9177e34a2ddc5def919f850d3
SEND 1553576603 TRANSACTION 81 11836 560ee3e9177e34a2ddc5def919f850d3
SEND 1553576603 TRANSACTION 81 11418 560ee3e9177e34a2ddc5def919f850d3
SEND 1553576603 TRANSACTION 81 19816 560ee3e9177e34a2ddc5def919f850d3
SEND 1553576603 TRANSACTION 81 22196 560ee3e9177e34a2ddc5def919f850d3
RECIEVED 1553576603 TRANSACTION 81 19 8
RECIEVED 1553576603 TRANSACTION 81 19 8
RECIEVED 1553576603 TRANSACTION 81 19 8
RECIEVED 1553576603 TRANSACTION 81 19 8
RECIEVED 1553576603 TRANSACTION 81 19 8
RECIEVED 1553576603 TRANSACTION 81 19 8
RECIEVED 1553576603 TRANSACTION 81 19 8
RECIEVED 1553576603 TRANSACTION 81 19 8
RECIEVED 1553576604 TRANSACTION 81 19 8
UPDATE 1553576604 TRANSACTION 4690417a2701a396bac4c1b735a7b769
SEND 1553576604 TRANSACTION 81 27293 4690417a2701a396bac4c1b735a7b769
SEND 1553576604 TRANSACTION 81 14826 4690417a2701a396bac4c1b735a7b769
SEND 1553576604 TRANSACTION 81 16419 4690417a2701a396bac4c1b735a7b769
SEND 1553576604 TRANSACTION 81 11515 4690417a2701a396bac4c1b735a7b769
SEND 1553576604 TRANSACTION 81 15504 4690417a2701a396bac4c1b735a7b769
SEND 1553576604 TRANSACTION 81 16073 4690417a2701a396bac4c1b735a7b769
SEND 1553576604 TRANSACTION 81 14504 4690417a2701a396bac4c1b735a7b769
SEND 1553576604 TRANSACTION 81 14360 4690417a2701a396bac4c1b735a7b769
SEND 1553576604 TRANSACTION 81 23152 4690417a2701a396bac4c1b735a7b769
SEND 1553576604 TRANSACTION 81 15430 4690417a2701a396bac4c1b735a7b769
RECIEVED 1553576604 TRANSACTION 81 19 9
RECIEVED 1553576604 TRANSACTION 81 19 9
RECIEVED 1553576604 TRANSACTION 81 19 9
RECIEVED 1553576604 TRANSACTION 81 19 9
RECIEVED 1553576604 TRANSACTION 81 19 9
RECIEVED 1553576604 TRANSACTION 81 19 9
RECIEVED 1553576604 TRANSACTION 81 19 9
RECIEVED 1553576604 TRANSACTION 81 19 9
RECIEVED 1553576604 TRANSACTION 81 19 9
UPDATE 1553576604 TRANSACTION 38b94631f8241ce345e6a9305defd132
SEND 1553576604 TRANSACTION 81 19088 38b94631f8241ce345e6a9305defd132
SEND 1553576604 TRANSACTION 81 24907 38b94631f8241ce345e6a9305defd132
SEND 1553576604 TRANSACTION 81 23581 38b94631f8241ce345e6a9305defd132
SEND 1553576604 TRANSACTION 81 15556 38b94631f8241ce345e6a9305defd132
SEND 1553576604 TRANSACTION 81 15126 38b94631f8241ce345e6a9305defd132
SEND 1553576604 TRANSACTION 81 15602 38b94631f8241ce345e6a9305defd132
SEND 1553576604 TRANSACTION 81 12897 38b94631f8241ce345e6a9305defd132
SEND 1553576604 TRANSACTION 81 15617 38b94631f8241ce345e6a9305defd132
SEND 1553576604 TRANSACTION 81 13618 38b94631f8241ce345e6a9305defd132
SEND 1553576604 TRANSACTION 81 15265 38b94631f8241ce345e6a9305defd132
SEND 1553576604 TRANSACTION 81 24294 38b94631f8241ce345e6a9305defd132
RECIEVED 1553576604 TRANSACTION 81 19 10
RECIEVED 1553576604 TRANSACTION 81 19 10
RECIEVED 1553576604 TRANSACTION 81 19 10
RECIEVED 1553576604 TRANSACTION 81 19 10
RECIEVED 1553576604 TRANSACTION 81 19 10
RECIEVED 1553576604 TRANSACTION 81 19 10
RECIEVED 1553576604 TRANSACTION 81 19 10
RECIEVED 1553576605 TRANSACTION 81 19 10
UPDATE 1553576605 TRANSACTION 21dc003cf25800905774dccb49bf0878
SEND 1553576605 TRANSACTION 81 19632 21dc003cf25800905774dccb49bf0878
SEND 1553576605 TRANSACTION 81 16459 21dc003cf25800905774dccb49bf0878
SEND 1553576605 TRANSACTION 81 14649 21dc003cf25800905774dccb49bf0878
SEND 1553576605 TRANSACTION 81 21290 21dc003cf25800905774dccb49bf0878
SEND 1553576605 TRANSACTION 81 14922 21dc003cf25800905774dccb49bf0878
SEND 1553576605 TRANSACTION 81 11875 21dc003cf25800905774dccb49bf0878
SEND 1553576605 TRANSACTION 81 14424 21dc003cf25800905774dccb49bf0878
SEND 1553576605 TRANSACTION 81 15549 21dc003cf25800905774dccb49bf0878
SEND 1553576605 TRANSACTION 81 16453 21dc003cf25800905774dccb49bf0878
SEND 1553576605 TRANSACTION 81 20616 21dc003cf25800905774dccb49bf0878
SEND 1553576605 TRANSACTION 81 16005 21dc003cf25800905774dccb49bf0878
RECIEVED 1553576605 TRANSACTION 81 19 11
RECIEVED 1553576605 TRANSACTION 81 19 11
RECIEVED 1553576605 TRANSACTION 81 19 11
RECIEVED 1553576605 TRANSACTION 81 19 11
RECIEVED 1553576605 TRANSACTION 81 19 11
RECIEVED 1553576605 TRANSACTION 81 19 11
RECIEVED 1553576605 TRANSACTION 81 19 11
RECIEVED 1553576605 TRANSACTION 81 19 11
RECIEVED 1553576605 TRANSACTION 81 19 11
RECIEVED 1553576605 TRANSACTION 81 19 11
RECIEVED 1553576605 TRANSACTION 81 19 11
RECIEVED 1553576605 TRANSACTION 80 19 11
UPDATE 1553576605 TRANSACTION 18ac8d43b6c78e4314a88758e879093f
SEND 1553576605 TRANSACTION 80 15609 18ac8d43b6c78e4314a88758e879093f
SEND 1553576605 TRANSACTION 80 19953 18ac8d43b6c78e4314a88758e879093f
SEND 1553576605 TRANSACTION 80 15013 18ac8d43b6c78e4314a88758e879093f
SEND 1553576605 TRANSACTION 80 12006 18ac8d43b6c78e4314a88758e879093f
SEND 1553576605 TRANSACTION 80 16008 18ac8d43b6c78e4314a88758e879093f
SEND 1553576605 TRANSACTION 80 14089 18ac8d43b6c78e4314a88758e879093f
SEND 1553576605 TRANSACTION 80 15732 18ac8d43b6c78e4314a88758e879093f
SEND 1553576605 TRANSACTION 80 14188 18ac8d43b6c78e4314a88758e879093f
SEND 1553576605 TRANSACTION 80 15337 18ac8d43b6c78e4314a88758e879093f
SEND 1553576605 TRANSACTION 80 15439 18ac8d43b6c78e4314a88758e879093f
SEND 1553576605 TRANSACTION 80 16140 18ac8d43b6c78e4314a88758e879093f
RECIEVED 1553576605 TRANSACTION 80 19 12
RECIEVED 1553576605 TRANSACTION 80 19 12
RECIEVED 1553576605 TRANSACTION 80 19 12
RECIEVED 1553576605 TRANSACTION 80 19 12
RECIEVED 1553576605 TRANSACTION 80 19 12
RECIEVED 1553576605 TRANSACTION 80 19 12
RECIEVED 1553576605 TRANSACTION 80 19 12
RECIEVED 1553576605 TRANSACTION 80 19 12
RECIEVED 1553576605 TRANSACTION 80 19 12
RECIEVED 1553576605 TRANSACTION 80 19 12
RECIEVED 1553576605 TRANSACTION 80 19 12
RECIEVED 1553576605 TRANSACTION 81 19 12
UPDATE 1553576605 TRANSACTION 5bdc61ab154499fccbd129be738e5751
SEND 1553576605 TRANSACTION 81 22704 5bdc61ab154499fccbd129be738e5751
SEND 1553576605 TRANSACTION 81 12433 5bdc61ab154499fccbd129be738e5751
SEND 1553576605 TRANSACTION 81 17016 5bdc61ab154499fccbd129be738e5751
SEND 1553576605 TRANSACTION 81 17983 5bdc61ab154499fccbd129be738e5751
SEND 1553576605 TRANSACTION 81 13973 5bdc61ab154499fccbd129be738e5751
SEND 1553576605 TRANSACTION 81 15060 5bdc61ab154499fccbd129be738e5751
SEND 1553576605 TRANSACTION 81 15249 5bdc61ab154499fccbd129be738e5751
SEND 1553576605 TRANSACTION 81 13939 5bdc61ab154499fccbd129be738e5751
SEND 1553576605 TRANSACTION 81 16197 5bdc61ab154499fccbd129be738e5751
SEND 1553576605 TRANSACTION 81 15700 5bdc61ab154499fccbd129be738e5751
SEND 1553576605 TRANSACTION 81 20802 5bdc61ab154499fccbd129be738e5751
RECIEVED 1553576605 TRANSACTION 81 19 13
RECIEVED 1553576605 TRANSACTION 81 19 13
RECIEVED 1553576605 TRANSACTION 81 19 13
RECIEVED 1553576605 TRANSACTION 81 19 13
RECIEVED 1553576605 TRANSACTION 81 19 13
RECIEVED 1553576605 TRANSACTION 81 19 13
RECIEVED 1553576605 TRANSACTION 81 19 13
RECIEVED 1553576605 TRANSACTION 81 19 13
RECIEVED 1553576606 TRANSACTION 79 19 13
UPDATE 1553576606 TRANSACTION 0faeaacaa66ed5f10b1b6d41fbff6911
SEND 1553576606 TRANSACTION 79 15676 0faeaacaa66ed5f10b1b6d41fbff6911
SEND 1553576606 TRANSACTION 79 12065 0faeaacaa66ed5f10b1b6d41fbff6911
SEND 1553576606 TRANSACTION 79 14689 0faeaacaa66ed5f10b1b6d41fbff6911
SEND 1553576606 TRANSACTION 79 14647 0faeaacaa66ed5f10b1b6d41fbff6911
SEND 1553576606 TRANSACTION 79 16325 0faeaacaa66ed5f10b1b6d41fbff6911
SEND 1553576606 TRANSACTION 79 15437 0faeaacaa66ed5f10b1b6d41fbff6911
SEND 1553576606 TRANSACTION 79 13572 0faeaacaa66ed5f10b1b6d41fbff6911
SEND 1553576606 TRANSACTION 79 10857 0faeaacaa66ed5f10b1b6d41fbff6911
SEND 1553576606 TRANSACTION 79 14223 0faeaacaa66ed5f10b1b6d41fbff6911
SEND 1553576606 TRANSACTION 79 14845 0faeaacaa66ed5f10b1b6d41fbff6911
SEND 1553576606 TRANSACTION 79 15911 0faeaacaa66ed5f10b1b6d41fbff6911
RECIEVED 1553576606 TRANSACTION 79 19 14
RECIEVED 1553576606 TRANSACTION 79 19 14
RECIEVED 1553576606 TRANSACTION 79 19 14
RECIEVED 1553576606 TRANSACTION 79 19 14
RECIEVED 1553576606 TRANSACTION 79 19 14
RECIEVED 1553576606 TRANSACTION 79 19 14
RECIEVED 1553576606 TRANSACTION 79 19 14
RECIEVED 1553576606 TRANSACTION 79 19 14
RECIEVED 1553576606 TRANSACTION 79 19 14
RECIEVED 1553576607 TRANSACTION 81 19 14
UPDATE 1553576607 TRANSACTION 10430a7a7e7bed490b3cdcac6bf1024d
SEND 1553576607 TRANSACTION 81 21379 10430a7a7e7bed490b3cdcac6bf1024d
SEND 1553576607 TRANSACTION 81 16923 10430a7a7e7bed490b3cdcac6bf1024d
SEND 1553576607 TRANSACTION 81 15387 10430a7a7e7bed490b3cdcac6bf1024d
SEND 1553576607 TRANSACTION 81 16146 10430a7a7e7bed490b3cdcac6bf1024d
SEND 1553576607 TRANSACTION 81 18401 10430a7a7e7bed490b3cdcac6bf1024d
SEND 1553576607 TRANSACTION 81 20228 10430a7a7e7bed490b3cdcac6bf1024d
SEND 1553576607 TRANSACTION 81 22233 10430a7a7e7bed490b3cdcac6bf1024d
SEND 1553576607 TRANSACTION 81 14820 10430a7a7e7bed490b3cdcac6bf1024d
SEND 1553576607 TRANSACTION 81 20976 10430a7a7e7bed490b3cdcac6bf1024d
SEND 1553576607 TRANSACTION 81 18238 10430a7a7e7bed490b3cdcac6bf1024d
SEND 1553576607 TRANSACTION 81 18253 10430a7a7e7bed490b3cdcac6bf1024d
RECIEVED 1553576607 TRANSACTION 81 19 15
RECIEVED 1553576607 TRANSACTION 81 19 15
RECIEVED 1553576607 TRANSACTION 81 19 15
RECIEVED 1553576607 TRANSACTION 81 19 15
RECIEVED 1553576607 TRANSACTION 81 19 15
RECIEVED 1553576607 TRANSACTION 81 19 15
RECIEVED 1553576607 TRANSACTION 81 19 15
UPDATE 1553576607 TRANSACTION 6934cb87ad9f579385296e0efa746a23
SEND 1553576607 TRANSACTION 81 22368 6934cb87ad9f579385296e0efa746a23
SEND 1553576607 TRANSACTION 81 15341 6934cb87ad9f579385296e0efa746a23
SEND 1553576607 TRANSACTION 81 14886 6934cb87ad9f579385296e0efa746a23
SEND 1553576607 TRANSACTION 81 14498 6934cb87ad9f579385296e0efa746a23
SEND 1553576607 TRANSACTION 81 15710 6934cb87ad9f579385296e0efa746a23
SEND 1553576607 TRANSACTION 81 15606 6934cb87ad9f579385296e0efa746a23
SEND 1553576607 TRANSACTION 81 12638 6934cb87ad9f579385296e0efa746a23
SEND 1553576607 TRANSACTION 81 14270 6934cb87ad9f579385296e0efa746a23
SEND 1553576607 TRANSACTION 81 15416 6934cb87ad9f579385296e0efa746a23
SEND 1553576607 TRANSACTION 81 17283 6934cb87ad9f579385296e0efa746a23
SEND 1553576607 TRANSACTION 81 16275 6934cb87ad9f579385296e0efa746a23
RECIEVED 1553576607 TRANSACTION 81 19 16
RECIEVED 1553576607 TRANSACTION 81 19 16
RECIEVED 1553576607 TRANSACTION 81 19 16
RECIEVED 1553576607 TRANSACTION 81 19 16
RECIEVED 1553576607 TRANSACTION 81 19 16
RECIEVED 1553576607 TRANSACTION 81 19 16
RECIEVED 1553576607 TRANSACTION 81 19 16
RECIEVED 1553576607 TRANSACTION 81 19 16
RECIEVED 1553576607 TRANSACTION 79 19 16
UPDATE 1553576607 TRANSACTION 31dc68728f8bd14e885f38fad91d3946
SEND 1553576607 TRANSACTION 79 15855 31dc68728f8bd14e885f38fad91d3946
SEND 1553576607 TRANSACTION 79 12540 31dc68728f8bd14e885f38fad91d3946
SEND 1553576607 TRANSACTION 79 13856 31dc68728f8bd14e885f38fad91d3946
SEND 1553576607 TRANSACTION 79 12733 31dc68728f8bd14e885f38fad91d3946
SEND 1553576607 TRANSACTION 79 15774 31dc68728f8bd14e885f38fad91d3946
SEND 1553576607 TRANSACTION 79 12761 31dc68728f8bd14e885f38fad91d3946
SEND 1553576607 TRANSACTION 79 19645 31dc68728f8bd14e885f38fad91d3946
SEND 1553576607 TRANSACTION 79 17936 31dc68728f8bd14e885f38fad91d3946
SEND 1553576607 TRANSACTION 79 17345 31dc68728f8bd14e885f38fad91d3946
SEND 1553576607 TRANSACTION 79 17616 31dc68728f8bd14e885f38fad91d3946
SEND 1553576607 TRANSACTION 79 17027 31dc68728f8bd14e885f38fad91d3946
RECIEVED 1553576607 TRANSACTION 79 19 17
RECIEVED 1553576607 TRANSACTION 79 19 17
RECIEVED 1553576607 TRANSACTION 79 19 17
RECIEVED 1553576607 TRANSACTION 79 19 17
RECIEVED 1553576607 TRANSACTION 79 19 17
RECIEVED 1553576607 TRANSACTION 79 19 17
RECIEVED 1553576607 TRANSACTION 79 19 17
RECIEVED 1553576607 TRANSACTION 79 19 17
RECIEVED 1553576607 TRANSACTION 79 19 17
RECIEVED 1553576607 TRANSACTION 81 19 17
UPDATE 1553576607 TRANSACTION 5101eb0e3771daadb6583f5007c5adcf
SEND 1553576607 TRANSACTION 81 17021 5101eb0e3771daadb6583f5007c5adcf
SEND 1553576607 TRANSACTION 81 15562 5101eb0e3771daadb6583f5007c5adcf
SEND 1553576607 TRANSACTION 81 17147 5101eb0e3771daadb6583f5007c5adcf
SEND 1553576607 TRANSACTION 81 13000 5101eb0e3771daadb6583f5007c5adcf
SEND 1553576607 TRANSACTION 81 15673 5101eb0e3771daadb6583f5007c5adcf
SEND 1553576607 TRANSACTION 81 14654 5101eb0e3771daadb6583f5007c5adcf
SEND 1553576607 TRANSACTION 81 14044 5101eb0e3771daadb6583f5007c5adcf
SEND 1553576607 TRANSACTION 81 14118 5101eb0e3771daadb6583f5007c5adcf
SEND 1553576607 TRANSACTION 81 16370 5101eb0e3771daadb6583f5007c5adcf
SEND 1553576607 TRANSACTION 81 20771 5101eb0e3771daadb6583f5007c5adcf
SEND 1553576607 TRANSACTION 81 17033 5101eb0e3771daadb6583f5007c5adcf
RECIEVED 1553576607 TRANSACTION 81 19 18
RECIEVED 1553576607 TRANSACTION 81 19 18
RECIEVED 1553576607 TRANSACTION 81 19 18
RECIEVED 1553576607 TRANSACTION 81 19 18
RECIEVED 1553576607 TRANSACTION 81 19 18
RECIEVED 1553576607 TRANSACTION 81 19 18
RECIEVED 1553576607 TRANSACTION 81 19 18
RECIEVED 1553576607 TRANSACTION 81 19 18
RECIEVED 1553576607 TRANSACTION 81 19 18
RECIEVED 1553576607 TRANSACTION 81 19 18
RECIEVED 1553576607 TRANSACTION 81 19 18
RECIEVED 1553576608 TRANSACTION 81 19 18
UPDATE 1553576608 TRANSACTION d8b96a359925e5aeb5655e3245c32d2e
SEND 1553576608 TRANSACTION 81 23756 d8b96a359925e5aeb5655e3245c32d2e
SEND 1553576608 TRANSACTION 81 21506 d8b96a359925e5aeb5655e3245c32d2e
SEND 1553576608 TRANSACTION 81 20589 d8b96a359925e5aeb5655e3245c32d2e
SEND 1553576608 TRANSACTION 81 41287 d8b96a359925e5aeb5655e3245c32d2e
SEND 1553576608 TRANSACTION 81 25093 d8b96a359925e5aeb5655e3245c32d2e
SEND 1553576608 TRANSACTION 81 21083 d8b96a359925e5aeb5655e3245c32d2e
SEND 1553576608 TRANSACTION 81 14662 d8b96a359925e5aeb5655e3245c32d2e
SEND 1553576608 TRANSACTION 81 15304 d8b96a359925e5aeb5655e3245c32d2e
SEND 1553576608 TRANSACTION 81 15431 d8b96a359925e5aeb5655e3245c32d2e
SEND 1553576608 TRANSACTION 81 15948 d8b96a359925e5aeb5655e3245c32d2e
SEND 1553576608 TRANSACTION 81 14339 d8b96a359925e5aeb5655e3245c32d2e
RECIEVED 1553576608 TRANSACTION 81 19 19
RECIEVED 1553576608 TRANSACTION 81 19 19
RECIEVED 1553576608 TRANSACTION 81 19 19
RECIEVED 1553576608 TRANSACTION 81 19 19
RECIEVED 1553576608 TRANSACTION 81 19 19
RECIEVED 1553576608 TRANSACTION 81 19 19
RECIEVED 1553576608 TRANSACTION 81 19 19
RECIEVED 1553576608 TRANSACTION 81 19 19
RECIEVED 1553576608 HB 3 19 19
SEND 1553576608 INTRODUCE 37 51656
SEND 1553576608 INTRODUCE 36 16965
SEND 1553576608 INTRODUCE 37 14386
RECIEVED 1553576608 INTRODUCE 37 19 19
RECIEVED 1553576608 INTRODUCE 37 19 19
RECIEVED 1553576609 TRANSACTION 81 19 19
UPDATE 1553576609 TRANSACTION 20daf47b483cbf77ce33df027a0abba4
SEND 1553576609 TRANSACTION 81 16558 20daf47b483cbf77ce33df027a0abba4
SEND 1553576609 TRANSACTION 81 13205 20daf47b483cbf77ce33df027a0abba4
SEND 1553576609 TRANSACTION 81 12655 20daf47b483cbf77ce33df027a0abba4
SEND 1553576609 TRANSACTION 81 15943 20daf47b483cbf77ce33df027a0abba4
SEND 1553576609 TRANSACTION 81 18869 20daf47b483cbf77ce33df027a0abba4
SEND 1553576609 TRANSACTION 81 22530 20daf47b483cbf77ce33df027a0abba4
SEND 1553576609 TRANSACTION 81 18499 20daf47b483cbf77ce33df027a0abba4
SEND 1553576609 TRANSACTION 81 15005 20daf47b483cbf77ce33df027a0abba4
SEND 1553576609 TRANSACTION 81 17687 20daf47b483cbf77ce33df027a0abba4
SEND 1553576609 TRANSACTION 81 18242 20daf47b483cbf77ce33df027a0abba4
SEND 1553576609 TRANSACTION 81 14874 20daf47b483cbf77ce33df027a0abba4
RECIEVED 1553576609 TRANSACTION 81 19 20
RECIEVED 1553576609 TRANSACTION 81 19 20
RECIEVED 1553576609 TRANSACTION 81 19 20
RECIEVED 1553576609 TRANSACTION 81 19 20
RECIEVED 1553576609 TRANSACTION 81 19 20
RECIEVED 1553576609 TRANSACTION 81 19 20
RECIEVED 1553576609 TRANSACTION 81 19 20
RECIEVED 1553576609 TRANSACTION 81 19 20
RECIEVED 1553576609 TRANSACTION 81 19 20
RECIEVED 1553576609 TRANSACTION 81 19 20
RECIEVED 1553576609 TRANSACTION 81 19 20
UPDATE 1553576609 TRANSACTION 2b806d60d709defb3b505077ac163040
SEND 1553576609 TRANSACTION 81 17707 2b806d60d709defb3b505077ac163040
SEND 1553576609 TRANSACTION 81 18118 2b806d60d709defb3b505077ac163040
SEND 1553576609 TRANSACTION 81 13890 2b806d60d709defb3b505077ac163040
SEND 1553576609 TRANSACTION 81 13783 2b806d60d709defb3b505077ac163040
SEND 1553576609 TRANSACTION 81 13258 2b806d60d709defb3b505077ac163040
SEND 1553576609 TRANSACTION 81 15415 2b806d60d709defb3b505077ac163040
SEND 1553576609 TRANSACTION 81 11621 2b806d60d709defb3b505077ac163040
SEND 1553576609 TRANSACTION 81 14346 2b806d60d709defb3b505077ac163040
SEND 1553576609 TRANSACTION 81 22667 2b806d60d709defb3b505077ac163040
SEND 1553576609 TRANSACTION 81 15764 2b806d60d709defb3b505077ac163040
SEND 1553576609 TRANSACTION 81 14823 2b806d60d709defb3b505077ac163040
RECIEVED 1553576609 TRANSACTION 81 19 21
RECIEVED 1553576609 TRANSACTION 81 19 21
RECIEVED 1553576609 TRANSACTION 81 19 21
RECIEVED 1553576609 TRANSACTION 81 19 21
RECIEVED 1553576609 TRANSACTION 81 19 21
RECIEVED 1553576609 TRANSACTION 81 19 21
RECIEVED 1553576609 TRANSACTION 81 19 21
RECIEVED 1553576609 TRANSACTION 81 19 21
RECIEVED 1553576609 TRANSACTION 81 19 21
RECIEVED 1553576609 TRANSACTION 81 19 21
RECIEVED 1553576611 TRANSACTION 81 19 21
UPDATE 1553576611 TRANSACTION 8425d8e3b4183aeb41ac99da12e75a63
SEND 1553576611 TRANSACTION 81 13571 8425d8e3b4183aeb41ac99da12e75a63
SEND 1553576611 TRANSACTION 81 18346 8425d8e3b4183aeb41ac99da12e75a63
SEND 1553576611 TRANSACTION 81 14344 8425d8e3b4183aeb41ac99da12e75a63
SEND 1553576611 TRANSACTION 81 12352 8425d8e3b4183aeb41ac99da12e75a63
SEND 1553576611 TRANSACTION 81 15009 8425d8e3b4183aeb41ac99da12e75a63
SEND 1553576611 TRANSACTION 81 15733 8425d8e3b4183aeb41ac99da12e75a63
SEND 1553576611 TRANSACTION 81 13579 8425d8e3b4183aeb41ac99da12e75a63
SEND 1553576611 TRANSACTION 81 13388 8425d8e3b4183aeb41ac99da12e75a63
SEND 1553576611 TRANSACTION 81 22447 8425d8e3b4183aeb41ac99da12e75a63
SEND 1553576611 TRANSACTION 81 13113 8425d8e3b4183aeb41ac99da12e75a63
SEND 1553576611 TRANSACTION 81 20638 8425d8e3b4183aeb41ac99da12e75a63
RECIEVED 1553576611 TRANSACTION 81 19 22
RECIEVED 1553576611 TRANSACTION 81 19 22
RECIEVED 1553576611 TRANSACTION 81 19 22
RECIEVED 1553576611 TRANSACTION 81 19 22
RECIEVED 1553576611 TRANSACTION 81 19 22
RECIEVED 1553576611 TRANSACTION 81 19 22
RECIEVED 1553576611 TRANSACTION 81 19 22
RECIEVED 1553576611 TRANSACTION 81 19 22
RECIEVED 1553576611 TRANSACTION 81 19 22
RECIEVED 1553576611 TRANSACTION 81 19 22
RECIEVED 1553576611 TRANSACTION 81 19 22
UPDATE 1553576611 TRANSACTION 4da25f9f099d5d7bcfc8bf435f332f97
SEND 1553576611 TRANSACTION 81 15992 4da25f9f099d5d7bcfc8bf435f332f97
SEND 1553576611 TRANSACTION 81 16765 4da25f9f099d5d7bcfc8bf435f332f97
SEND 1553576611 TRANSACTION 81 14449 4da25f9f099d5d7bcfc8bf435f332f97
SEND 1553576611 TRANSACTION 81 17276 4da25f9f099d5d7bcfc8bf435f332f97
SEND 1553576611 TRANSACTION 81 14667 4da25f9f099d5d7bcfc8bf435f332f97
SEND 1553576611 TRANSACTION 81 15276 4da25f9f099d5d7bcfc8bf435f332f97
SEND 1553576611 TRANSACTION 81 25792 4da25f9f099d5d7bcfc8bf435f332f97
SEND 1553576611 TRANSACTION 81 15682 4da25f9f099d5d7bcfc8bf435f332f97
SEND 1553576611 TRANSACTION 81 16462 4da25f9f099d5d7bcfc8bf435f332f97
SEND 1553576611 TRANSACTION 81 13538 4da25f9f099d5d7bcfc8bf435f332f97
SEND 1553576611 TRANSACTION 81 23530 4da25f9f099d5d7bcfc8bf435f332f97
RECIEVED 1553576611 TRANSACTION 81 19 23
RECIEVED 1553576611 TRANSACTION 81 19 23
RECIEVED 1553576611 TRANSACTION 81 19 23
RECIEVED 1553576611 TRANSACTION 81 19 23
RECIEVED 1553576611 TRANSACTION 81 19 23
RECIEVED 1553576611 TRANSACTION 81 19 23
RECIEVED 1553576611 TRANSACTION 81 19 23
RECIEVED 1553576611 TRANSACTION 81 19 23
RECIEVED 1553576611 TRANSACTION 81 19 23
RECIEVED 1553576612 TRANSACTION 81 19 23
UPDATE 1553576612 TRANSACTION 09e73c7f80e65a76659833a2d0604c3b
SEND 1553576612 TRANSACTION 81 23875 09e73c7f80e65a76659833a2d0604c3b
SEND 1553576612 TRANSACTION 81 16093 09e73c7f80e65a76659833a2d0604c3b
SEND 1553576612 TRANSACTION 81 14063 09e73c7f80e65a76659833a2d0604c3b
SEND 1553576612 TRANSACTION 81 15392 09e73c7f80e65a76659833a2d0604c3b
SEND 1553576612 TRANSACTION 81 15111 09e73c7f80e65a76659833a2d0604c3b
SEND 1553576612 TRANSACTION 81 15099 09e73c7f80e65a76659833a2d0604c3b
SEND 1553576612 TRANSACTION 81 16522 09e73c7f80e65a76659833a2d0604c3b
SEND 1553576612 TRANSACTION 81 16759 09e73c7f80e65a76659833a2d0604c3b
SEND 1553576612 TRANSACTION 81 15288 09e73c7f80e65a76659833a2d0604c3b
SEND 1553576612 TRANSACTION 81 21748 09e73c7f80e65a76659833a2d0604c3b
SEND 1553576612 TRANSACTION 81 18431 09e73c7f80e65a76659833a2d0604c3b
RECIEVED 1553576612 TRANSACTION 81 19 24
RECIEVED 1553576612 TRANSACTION 81 19 24
RECIEVED 1553576612 TRANSACTION 81 19 24
RECIEVED 1553576612 TRANSACTION 81 19 24
RECIEVED 1553576612 TRANSACTION 81 19 24
RECIEVED 1553576612 TRANSACTION 81 19 24
RECIEVED 1553576612 TRANSACTION 81 19 24
RECIEVED 1553576612 TRANSACTION 81 19 24
RECIEVED 1553576613 TRANSACTION 79 19 24
UPDATE 1553576613 TRANSACTION 8975d90e993022d960f4b2b6bbbd90eb
SEND 1553576613 TRANSACTION 79 15618 8975d90e993022d960f4b2b6bbbd90eb
SEND 1553576613 TRANSACTION 79 13551 8975d90e993022d960f4b2b6bbbd90eb
SEND 1553576613 TRANSACTION 79 15652 8975d90e993022d960f4b2b6bbbd90eb
SEND 1553576613 TRANSACTION 79 19395 8975d90e993022d960f4b2b6bbbd90eb
SEND 1553576613 TRANSACTION 79 13280 8975d90e993022d960f4b2b6bbbd90eb
SEND 1553576613 TRANSACTION 79 12773 8975d90e993022d960f4b2b6bbbd90eb
SEND 1553576613 TRANSACTION 79 13682 8975d90e993022d960f4b2b6bbbd90eb
SEND 1553576613 TRANSACTION 79 16020 8975d90e993022d960f4b2b6bbbd90eb
SEND 1553576613 TRANSACTION 79 16177 8975d90e993022d960f4b2b6bbbd90eb
SEND 1553576613 TRANSACTION 79 13512 8975d90e993022d960f4b2b6bbbd90eb
SEND 1553576613 TRANSACTION 79 12080 8975d90e993022d960f4b2b6bbbd90eb
RECIEVED 1553576613 TRANSACTION 79 19 25
RECIEVED 1553576613 TRANSACTION 79 19 25
RECIEVED 1553576613 TRANSACTION 79 19 25
RECIEVED 1553576613 TRANSACTION 79 19 25
RECIEVED 1553576613 TRANSACTION 79 19 25
RECIEVED 1553576613 TRANSACTION 79 19 25
RECIEVED 1553576613 TRANSACTION 79 19 25
RECIEVED 1553576613 TRANSACTION 79 19 25
RECIEVED 1553576613 TRANSACTION 79 19 25
RECIEVED 1553576613 TRANSACTION 80 19 25
UPDATE 1553576613 TRANSACTION 8cb75307e96efb61ff8d9cdf0529a865
SEND 1553576613 TRANSACTION 80 17542 8cb75307e96efb61ff8d9cdf0529a865
SEND 1553576613 TRANSACTION 80 21294 8cb75307e96efb61ff8d9cdf0529a865
SEND 1553576613 TRANSACTION 80 16552 8cb75307e96efb61ff8d9cdf0529a865
SEND 1553576613 TRANSACTION 80 15215 8cb75307e96efb61ff8d9cdf0529a865
SEND 1553576613 TRANSACTION 80 15184 8cb75307e96efb61ff8d9cdf0529a865
SEND 1553576613 TRANSACTION 80 12133 8cb75307e96efb61ff8d9cdf0529a865
SEND 1553576613 TRANSACTION 80 16169 8cb75307e96efb61ff8d9cdf0529a865
SEND 1553576613 TRANSACTION 80 20250 8cb75307e96efb61ff8d9cdf0529a865
SEND 1553576613 TRANSACTION 80 13875 8cb75307e96efb61ff8d9cdf0529a865
SEND 1553576613 TRANSACTION 80 11945 8cb75307e96efb61ff8d9cdf0529a865
SEND 1553576613 TRANSACTION 80 13185 8cb75307e96efb61ff8d9cdf0529a865
RECIEVED 1553576613 TRANSACTION 80 19 26
RECIEVED 1553576613 TRANSACTION 80 19 26
RECIEVED 1553576613 TRANSACTION 80 19 26
RECIEVED 1553576613 TRANSACTION 80 19 26
RECIEVED 1553576613 TRANSACTION 80 19 26
RECIEVED 1553576613 TRANSACTION 80 19 26
RECIEVED 1553576613 TRANSACTION 80 19 26
RECIEVED 1553576613 TRANSACTION 80 19 26
RECIEVED 1553576613 TRANSACTION 80 19 26
RECIEVED 1553576613 TRANSACTION 80 19 26
RECIEVED 1553576613 TRANSACTION 81 19 26
UPDATE 1553576613 TRANSACTION 6d643b88916d38b5f9ba5bb978d142cf
SEND 1553576613 TRANSACTION 81 16096 6d643b88916d38b5f9ba5bb978d142cf
SEND 1553576613 TRANSACTION 81 16837 6d643b88916d38b5f9ba5bb978d142cf
SEND 1553576613 TRANSACTION 81 16924 6d643b88916d38b5f9ba5bb978d142cf
SEND 1553576613 TRANSACTION 81 12699 6d643b88916d38b5f9ba5bb978d142cf
SEND 1553576613 TRANSACTION 81 16990 6d643b88916d38b5f9ba5bb978d142cf
SEND 1553576613 TRANSACTION 81 15080 6d643b88916d38b5f9ba5bb978d142cf
SEND 1553576613 TRANSACTION 81 22993 6d643b88916d38b5f9ba5bb978d142cf
SEND 1553576613 TRANSACTION 81 15162 6d643b88916d38b5f9ba5bb978d142cf
SEND 1553576613 TRANSACTION 81 14026 6d643b88916d38b5f9ba5bb978d142cf
SEND 1553576613 TRANSACTION 81 14568 6d643b88916d38b5f9ba5bb978d142cf
SEND 1553576613 TRANSACTION 81 21158 6d643b88916d38b5f9ba5bb978d142cf
RECIEVED 1553576613 TRANSACTION 81 19 27
RECIEVED 1553576613 TRANSACTION 81 19 27
RECIEVED 1553576613 TRANSACTION 81 19 27
RECIEVED 1553576613 TRANSACTION 81 19 27
RECIEVED 1553576613 TRANSACTION 81 19 27
RECIEVED 1553576613 TRANSACTION 81 19 27
RECIEVED 1553576613 TRANSACTION 81 19 27
RECIEVED 1553576613 TRANSACTION 81 19 27
RECIEVED 1553576614 TRANSACTION 81 19 27
UPDATE 1553576614 TRANSACTION 1a58669ec9ab6814764e63364f27785e
SEND 1553576614 TRANSACTION 81 19239 1a58669ec9ab6814764e63364f27785e
SEND 1553576614 TRANSACTION 81 23735 1a58669ec9ab6814764e63364f27785e
SEND 1553576614 TRANSACTION 81 14315 1a58669ec9ab6814764e63364f27785e
SEND 1553576614 TRANSACTION 81 17274 1a58669ec9ab6814764e63364f27785e
SEND 1553576614 TRANSACTION 81 21200 1a58669ec9ab6814764e63364f27785e
SEND 1553576614 TRANSACTION 81 18344 1a58669ec9ab6814764e63364f27785e
SEND 1553576614 TRANSACTION 81 13664 1a58669ec9ab6814764e63364f27785e
SEND 1553576614 TRANSACTION 81 14368 1a58669ec9ab6814764e63364f27785e
SEND 1553576614 TRANSACTION 81 14607 1a58669ec9ab6814764e63364f27785e
SEND 1553576614 TRANSACTION 81 13780 1a58669ec9ab6814764e63364f27785e
SEND 1553576614 TRANSACTION 81 16648 1a58669ec9ab6814764e63364f27785e
RECIEVED 1553576614 TRANSACTION 81 19 28
RECIEVED 1553576614 TRANSACTION 81 19 28
RECIEVED 1553576614 TRANSACTION 81 19 28
RECIEVED 1553576614 TRANSACTION 81 19 28
RECIEVED 1553576614 TRANSACTION 81 19 28
RECIEVED 1553576614 TRANSACTION 81 19 28
RECIEVED 1553576614 TRANSACTION 81 19 28
RECIEVED 1553576614 TRANSACTION 81 19 28
RECIEVED 1553576616 TRANSACTION 80 19 28
UPDATE 1553576616 TRANSACTION 98418cf5712dc120f897e729fbd53ef7
SEND 1553576616 TRANSACTION 80 17111 98418cf5712dc120f897e729fbd53ef7
SEND 1553576616 TRANSACTION 80 17502 98418cf5712dc120f897e729fbd53ef7
SEND 1553576616 TRANSACTION 80 16916 98418cf5712dc120f897e729fbd53ef7
SEND 1553576616 TRANSACTION 80 15441 98418cf5712dc120f897e729fbd53ef7
SEND 1553576616 TRANSACTION 80 16218 98418cf5712dc120f897e729fbd53ef7
SEND 1553576616 TRANSACTION 80 13755 98418cf5712dc120f897e729fbd53ef7
SEND 1553576616 TRANSACTION 80 13544 98418cf5712dc120f897e729fbd53ef7
SEND 1553576616 TRANSACTION 80 12990 98418cf5712dc120f897e729fbd53ef7
SEND 1553576616 TRANSACTION 80 18365 98418cf5712dc120f897e729fbd53ef7
SEND 1553576616 TRANSACTION 80 13325 98418cf5712dc120f897e729fbd53ef7
SEND 1553576616 TRANSACTION 80 14046 98418cf5712dc120f897e729fbd53ef7
RECIEVED 1553576616 TRANSACTION 80 19 29
RECIEVED 1553576616 TRANSACTION 80 19 29
RECIEVED 1553576616 TRANSACTION 80 19 29
RECIEVED 1553576616 TRANSACTION 80 19 29
RECIEVED 1553576616 TRANSACTION 80 19 29
RECIEVED 1553576616 TRANSACTION 80 19 29
RECIEVED 1553576616 TRANSACTION 80 19 29
RECIEVED 1553576616 TRANSACTION 81 19 29
UPDATE 1553576616 TRANSACTION 00c0353fa13d90bf35d5107173b10912
SEND 1553576616 TRANSACTION 81 11720 00c0353fa13d90bf35d5107173b10912
SEND 1553576616 TRANSACTION 81 21124 00c0353fa13d90bf35d5107173b10912
SEND 1553576616 TRANSACTION 81 15889 00c0353fa13d90bf35d5107173b10912
SEND 1553576616 TRANSACTION 81 16690 00c0353fa13d90bf35d5107173b10912
SEND 1553576616 TRANSACTION 81 22148 00c0353fa13d90bf35d5107173b10912
SEND 1553576616 TRANSACTION 81 12172 00c0353fa13d90bf35d5107173b10912
SEND 1553576616 TRANSACTION 81 17119 00c0353fa13d90bf35d5107173b10912
SEND 1553576616 TRANSACTION 81 13141 00c0353fa13d90bf35d5107173b10912
SEND 1553576616 TRANSACTION 81 14587 00c0353fa13d90bf35d5107173b10912
SEND 1553576616 TRANSACTION 81 20191 00c0353fa13d90bf35d5107173b10912
SEND 1553576616 TRANSACTION 81 15211 00c0353fa13d90bf35d5107173b10912
RECIEVED 1553576616 TRANSACTION 81 19 30
RECIEVED 1553576616 TRANSACTION 81 19 30
RECIEVED 1553576616 TRANSACTION 81 19 30
RECIEVED 1553576616 TRANSACTION 81 19 30
RECIEVED 1553576616 TRANSACTION 81 19 30
RECIEVED 1553576616 TRANSACTION 81 19 30
RECIEVED 1553576617 TRANSACTION 81 19 30
UPDATE 1553576617 TRANSACTION bfa55658804a711a54f55709ac5cb010
SEND 1553576617 TRANSACTION 81 17742 bfa55658804a711a54f55709ac5cb010
SEND 1553576617 TRANSACTION 81 20384 bfa55658804a711a54f55709ac5cb010
SEND 1553576617 TRANSACTION 81 23662 bfa55658804a711a54f55709ac5cb010
SEND 1553576617 TRANSACTION 81 17028 bfa55658804a711a54f55709ac5cb010
SEND 1553576617 TRANSACTION 81 24319 bfa55658804a711a54f55709ac5cb010
SEND 1553576617 TRANSACTION 81 14445 bfa55658804a711a54f55709ac5cb010
SEND 1553576617 TRANSACTION 81 16945 bfa55658804a711a54f55709ac5cb010
SEND 1553576617 TRANSACTION 81 16959 bfa55658804a711a54f55709ac5cb010
SEND 1553576617 TRANSACTION 81 14736 bfa55658804a711a54f55709ac5cb010
SEND 1553576617 TRANSACTION 81 14001 bfa55658804a711a54f55709ac5cb010
SEND 1553576617 TRANSACTION 81 15712 bfa55658804a711a54f55709ac5cb010
RECIEVED 1553576617 TRANSACTION 81 19 31
RECIEVED 1553576617 TRANSACTION 81 19 31
RECIEVED 1553576617 TRANSACTION 81 19 31
RECIEVED 1553576617 TRANSACTION 81 19 31
RECIEVED 1553576617 TRANSACTION 81 19 31
RECIEVED 1553576617 TRANSACTION 81 19 31
RECIEVED 1553576617 TRANSACTION 81 19 31
RECIEVED 1553576618 HB 3 19 31
SEND 1553576618 INTRODUCE 36 26905
SEND 1553576618 INTRODUCE 37 23593
SEND 1553576618 INTRODUCE 37 14632
SEND 1553576618 INTRODUCE 37 19176
SEND 1553576618 INTRODUCE 37 14106
SEND 1553576618 INTRODUCE 36 14296
SEND 1553576618 INTRODUCE 36 14652
SEND 1553576618 INTRODUCE 36 16184
SEND 1553576618 INTRODUCE 37 16002
SEND 1553576618 INTRODUCE 36 19397
SEND 1553576618 INTRODUCE 37 14801
SEND 1553576618 INTRODUCE 37 14989
SEND 1553576618 INTRODUCE 37 19131
SEND 1553576618 INTRODUCE 37 14062
SEND 1553576618 INTRODUCE 37 17462
SEND 1553576618 INTRODUCE 37 13765
SEND 1553576618 INTRODUCE 36 12547
SEND 1553576618 INTRODUCE 36 12316
SEND 1553576618 INTRODUCE 37 11628
SEND 1553576618 INTRODUCE 36 12030
RECIEVED 1553576620 TRANSACTION 80 19 31
UPDATE 1553576620 TRANSACTION 595a414b1839d5887bbb7a762b9e053a
SEND 1553576620 TRANSACTION 80 21770 595a414b1839d5887bbb7a762b9e053a
SEND 1553576620 TRANSACTION 80 15892 595a414b1839d5887bbb7a762b9e053a
SEND 1553576620 TRANSACTION 80 14861 595a414b1839d5887bbb7a762b9e053a
SEND 1553576620 TRANSACTION 80 21997 595a414b1839d5887bbb7a762b9e053a
SEND 1553576620 TRANSACTION 80 23147 595a414b1839d5887bbb7a762b9e053a
SEND 1553576620 TRANSACTION 80 12867 595a414b1839d5887bbb7a762b9e053a
SEND 1553576620 TRANSACTION 80 23533 595a414b1839d5887bbb7a762b9e053a
SEND 1553576620 TRANSACTION 80 15789 595a414b1839d5887bbb7a762b9e053a
SEND 1553576620 TRANSACTION 80 19100 595a414b1839d5887bbb7a762b9e053a
SEND 1553576620 TRANSACTION 80 14279 595a414b1839d5887bbb7a762b9e053a
SEND 1553576620 TRANSACTION 80 17546 595a414b1839d5887bbb7a762b9e053a
RECIEVED 1553576620 TRANSACTION 80 19 32
RECIEVED 1553576620 TRANSACTION 80 19 32
RECIEVED 1553576620 TRANSACTION 80 19 32
RECIEVED 1553576620 TRANSACTION 80 19 32
RECIEVED 1553576620 TRANSACTION 80 19 32
RECIEVED 1553576620 TRANSACTION 80 19 32
RECIEVED 1553576620 INTRODUCE 36 19 32
RECIEVED 1553576620 INTRODUCE 36 19 32
RECIEVED 1553576620 INTRODUCE 37 19 32
RECIEVED 1553576620 INTRODUCE 36 19 32
RECIEVED 1553576620 INTRODUCE 36 19 32
RECIEVED 1553576620 INTRODUCE 37 19 32
RECIEVED 1553576620 INTRODUCE 37 19 32
RECIEVED 1553576620 INTRODUCE 36 19 32
RECIEVED 1553576620 INTRODUCE 37 19 32
RECIEVED 1553576623 TRANSACTION 81 19 32
UPDATE 1553576623 TRANSACTION 86663770bbc8e6cb3565039e8c995391
SEND 1553576623 TRANSACTION 81 50348 86663770bbc8e6cb3565039e8c995391
SEND 1553576623 TRANSACTION 81 31141 86663770bbc8e6cb3565039e8c995391
SEND 1553576623 TRANSACTION 81 18105 86663770bbc8e6cb3565039e8c995391
SEND 1553576623 TRANSACTION 81 31426 86663770bbc8e6cb3565039e8c995391
SEND 1553576623 TRANSACTION 81 18280 86663770bbc8e6cb3565039e8c995391
SEND 1553576623 TRANSACTION 81 24512 86663770bbc8e6cb3565039e8c995391
SEND 1553576623 TRANSACTION 81 24932 86663770bbc8e6cb3565039e8c995391
SEND 1553576623 TRANSACTION 81 18193 86663770bbc8e6cb3565039e8c995391
SEND 1553576623 TRANSACTION 81 17003 86663770bbc8e6cb3565039e8c995391
SEND 1553576623 TRANSACTION 81 17945 86663770bbc8e6cb3565039e8c995391
SEND 1553576623 TRANSACTION 81 14592 86663770bbc8e6cb3565039e8c995391
RECIEVED 1553576623 TRANSACTION 81 19 33
RECIEVED 1553576623 TRANSACTION 81 19 33
RECIEVED 1553576623 TRANSACTION 81 19 33
RECIEVED 1553576623 TRANSACTION 81 19 33
RECIEVED 1553576623 TRANSACTION 81 19 33
# Failed listening 
%!(EXTRA string=node5)# ERROR: read tcp 172.22.158.205:42156->172.22.158.205:8005: read: connection reset by peer
# Failed listening 
%!(EXTRA string=node2)# ERROR: read tcp 172.22.158.205:55348->172.22.158.205:8002: read: connection reset by peer
RECIEVED 1553576628 HB 3 19 33
SEND 1553576628 INTRODUCE 37 54975
SEND 1553576628 INTRODUCE 37 18053
SEND 1553576628 INTRODUCE 37 15201
SEND 1553576628 INTRODUCE 37 14639
RECIEVED 1553576628 TRANSACTION 80 19 33
UPDATE 1553576628 TRANSACTION 53a96fa288c24861730abdeefa15a417
SEND 1553576628 TRANSACTION 80 17621 53a96fa288c24861730abdeefa15a417
SEND 1553576628 TRANSACTION 80 16344 53a96fa288c24861730abdeefa15a417
SEND 1553576628 TRANSACTION 80 14156 53a96fa288c24861730abdeefa15a417
SEND 1553576629 TRANSACTION 80 14470 53a96fa288c24861730abdeefa15a417
SEND 1553576629 TRANSACTION 80 15768 53a96fa288c24861730abdeefa15a417
SEND 1553576629 TRANSACTION 80 11808 53a96fa288c24861730abdeefa15a417
# Failed sending to node node5
# ERROR: write tcp 172.22.158.205:42156->172.22.158.205:8005: write: broken pipe
# Could not send message to node5
SEND 1553576629 TRANSACTION 80 18721 53a96fa288c24861730abdeefa15a417
SEND 1553576629 TRANSACTION 80 15350 53a96fa288c24861730abdeefa15a417
SEND 1553576629 TRANSACTION 80 13793 53a96fa288c24861730abdeefa15a417
SEND 1553576629 TRANSACTION 80 14738 53a96fa288c24861730abdeefa15a417
# Failed sending to node node2
# ERROR: write tcp 172.22.158.205:55348->172.22.158.205:8002: write: broken pipe
# Could not send message to node2
RECIEVED 1553576629 TRANSACTION 80 17 34
RECIEVED 1553576629 TRANSACTION 80 17 34
RECIEVED 1553576629 TRANSACTION 80 17 34
RECIEVED 1553576629 TRANSACTION 80 17 34
RECIEVED 1553576629 TRANSACTION 80 17 34
RECIEVED 1553576629 TRANSACTION 80 17 34
RECIEVED 1553576629 TRANSACTION 80 17 34
RECIEVED 1553576629 TRANSACTION 80 17 34
RECIEVED 1553576630 INTRODUCE 37 17 34
RECIEVED 1553576630 INTRODUCE 37 17 34
RECIEVED 1553576633 TRANSACTION 79 17 34
UPDATE 1553576633 TRANSACTION 94527e1beb87627aa1f121875981b232
SEND 1553576633 TRANSACTION 79 12780 94527e1beb87627aa1f121875981b232
SEND 1553576633 TRANSACTION 79 15252 94527e1beb87627aa1f121875981b232
SEND 1553576633 TRANSACTION 79 15062 94527e1beb87627aa1f121875981b232
SEND 1553576633 TRANSACTION 79 16875 94527e1beb87627aa1f121875981b232
SEND 1553576633 TRANSACTION 79 13209 94527e1beb87627aa1f121875981b232
SEND 1553576633 TRANSACTION 79 14620 94527e1beb87627aa1f121875981b232
SEND 1553576633 TRANSACTION 79 24063 94527e1beb87627aa1f121875981b232
SEND 1553576633 TRANSACTION 79 13338 94527e1beb87627aa1f121875981b232
SEND 1553576633 TRANSACTION 79 13294 94527e1beb87627aa1f121875981b232
RECIEVED 1553576633 TRANSACTION 79 17 35
RECIEVED 1553576633 TRANSACTION 79 17 35
RECIEVED 1553576633 TRANSACTION 79 17 35
RECIEVED 1553576633 TRANSACTION 79 17 35
RECIEVED 1553576633 TRANSACTION 79 17 35
RECIEVED 1553576633 TRANSACTION 79 17 35
RECIEVED 1553576633 TRANSACTION 79 17 35
RECIEVED 1553576633 TRANSACTION 81 17 35
UPDATE 1553576633 TRANSACTION 943eb9f19fb197f2013c864899689b3b
SEND 1553576633 TRANSACTION 81 12076 943eb9f19fb197f2013c864899689b3b
SEND 1553576633 TRANSACTION 81 14640 943eb9f19fb197f2013c864899689b3b
SEND 1553576633 TRANSACTION 81 13102 943eb9f19fb197f2013c864899689b3b
SEND 1553576633 TRANSACTION 81 14790 943eb9f19fb197f2013c864899689b3b
SEND 1553576633 TRANSACTION 81 14415 943eb9f19fb197f2013c864899689b3b
SEND 1553576633 TRANSACTION 81 13348 943eb9f19fb197f2013c864899689b3b
SEND 1553576633 TRANSACTION 81 18999 943eb9f19fb197f2013c864899689b3b
SEND 1553576633 TRANSACTION 81 14791 943eb9f19fb197f2013c864899689b3b
SEND 1553576633 TRANSACTION 81 14252 943eb9f19fb197f2013c864899689b3b
SEND 1553576633 TRANSACTION 81 13685 943eb9f19fb197f2013c864899689b3b
RECIEVED 1553576633 TRANSACTION 81 17 36
RECIEVED 1553576633 TRANSACTION 81 17 36
RECIEVED 1553576633 TRANSACTION 81 17 36
RECIEVED 1553576633 TRANSACTION 81 17 36
RECIEVED 1553576633 TRANSACTION 81 17 36
RECIEVED 1553576633 TRANSACTION 81 17 36
UPDATE 1553576633 TRANSACTION 2bc3ccc0c995f78ab01430376afac670
SEND 1553576633 TRANSACTION 81 15092 2bc3ccc0c995f78ab01430376afac670
SEND 1553576633 TRANSACTION 81 21673 2bc3ccc0c995f78ab01430376afac670
SEND 1553576633 TRANSACTION 81 14802 2bc3ccc0c995f78ab01430376afac670
SEND 1553576633 TRANSACTION 81 12553 2bc3ccc0c995f78ab01430376afac670
SEND 1553576633 TRANSACTION 81 14633 2bc3ccc0c995f78ab01430376afac670
SEND 1553576633 TRANSACTION 81 16858 2bc3ccc0c995f78ab01430376afac670
SEND 1553576633 TRANSACTION 81 14899 2bc3ccc0c995f78ab01430376afac670
SEND 1553576633 TRANSACTION 81 15791 2bc3ccc0c995f78ab01430376afac670
SEND 1553576633 TRANSACTION 81 15976 2bc3ccc0c995f78ab01430376afac670
SEND 1553576633 TRANSACTION 81 14877 2bc3ccc0c995f78ab01430376afac670
SEND 1553576633 TRANSACTION 81 21572 2bc3ccc0c995f78ab01430376afac670
RECIEVED 1553576633 TRANSACTION 81 17 37
RECIEVED 1553576633 TRANSACTION 81 17 37
RECIEVED 1553576633 TRANSACTION 81 17 37
RECIEVED 1553576633 TRANSACTION 81 17 37
RECIEVED 1553576633 TRANSACTION 81 17 37
RECIEVED 1553576633 TRANSACTION 81 17 37
RECIEVED 1553576634 TRANSACTION 79 17 37
RECIEVED 1553576634 TRANSACTION 81 17 37
RECIEVED 1553576634 TRANSACTION 81 17 37
UPDATE 1553576634 TRANSACTION 20c5d5fca75f2c3cfdd9704cb6fd641c
SEND 1553576634 TRANSACTION 81 16556 20c5d5fca75f2c3cfdd9704cb6fd641c
SEND 1553576634 TRANSACTION 81 16506 20c5d5fca75f2c3cfdd9704cb6fd641c
SEND 1553576634 TRANSACTION 81 17615 20c5d5fca75f2c3cfdd9704cb6fd641c
SEND 1553576634 TRANSACTION 81 11748 20c5d5fca75f2c3cfdd9704cb6fd641c
SEND 1553576634 TRANSACTION 81 14692 20c5d5fca75f2c3cfdd9704cb6fd641c
SEND 1553576634 TRANSACTION 81 14216 20c5d5fca75f2c3cfdd9704cb6fd641c
SEND 1553576634 TRANSACTION 81 9819 20c5d5fca75f2c3cfdd9704cb6fd641c
SEND 1553576634 TRANSACTION 81 15215 20c5d5fca75f2c3cfdd9704cb6fd641c
SEND 1553576634 TRANSACTION 81 12763 20c5d5fca75f2c3cfdd9704cb6fd641c
SEND 1553576634 TRANSACTION 81 20177 20c5d5fca75f2c3cfdd9704cb6fd641c
SEND 1553576634 TRANSACTION 81 14768 20c5d5fca75f2c3cfdd9704cb6fd641c
RECIEVED 1553576634 TRANSACTION 81 17 38
RECIEVED 1553576634 TRANSACTION 81 17 38
RECIEVED 1553576634 TRANSACTION 81 17 38
RECIEVED 1553576634 TRANSACTION 81 17 38
RECIEVED 1553576634 TRANSACTION 81 17 38
RECIEVED 1553576634 TRANSACTION 81 17 38
RECIEVED 1553576634 TRANSACTION 81 17 38
RECIEVED 1553576634 TRANSACTION 81 17 38
RECIEVED 1553576634 TRANSACTION 81 17 38
UPDATE 1553576634 TRANSACTION aeadb07a0d57d937db208c74b7d03676
SEND 1553576634 TRANSACTION 81 17452 aeadb07a0d57d937db208c74b7d03676
SEND 1553576634 TRANSACTION 81 17901 aeadb07a0d57d937db208c74b7d03676
SEND 1553576634 TRANSACTION 81 15558 aeadb07a0d57d937db208c74b7d03676
SEND 1553576634 TRANSACTION 81 18891 aeadb07a0d57d937db208c74b7d03676
SEND 1553576634 TRANSACTION 81 11699 aeadb07a0d57d937db208c74b7d03676
SEND 1553576634 TRANSACTION 81 15698 aeadb07a0d57d937db208c74b7d03676
SEND 1553576634 TRANSACTION 81 20038 aeadb07a0d57d937db208c74b7d03676
SEND 1553576634 TRANSACTION 81 14157 aeadb07a0d57d937db208c74b7d03676
SEND 1553576634 TRANSACTION 81 14008 aeadb07a0d57d937db208c74b7d03676
SEND 1553576634 TRANSACTION 81 14713 aeadb07a0d57d937db208c74b7d03676
SEND 1553576634 TRANSACTION 81 10945 aeadb07a0d57d937db208c74b7d03676
RECIEVED 1553576634 TRANSACTION 81 17 39
RECIEVED 1553576634 TRANSACTION 81 17 39
RECIEVED 1553576634 TRANSACTION 81 17 39
RECIEVED 1553576634 TRANSACTION 81 17 39
RECIEVED 1553576634 TRANSACTION 81 17 39
RECIEVED 1553576634 TRANSACTION 81 17 39
RECIEVED 1553576637 TRANSACTION 82 17 39
UPDATE 1553576637 TRANSACTION 9ce538f0f5b6b55817f367d0540555f1
SEND 1553576637 TRANSACTION 82 14367 9ce538f0f5b6b55817f367d0540555f1
SEND 1553576637 TRANSACTION 82 11468 9ce538f0f5b6b55817f367d0540555f1
SEND 1553576637 TRANSACTION 82 12291 9ce538f0f5b6b55817f367d0540555f1
SEND 1553576637 TRANSACTION 82 12809 9ce538f0f5b6b55817f367d0540555f1
SEND 1553576637 TRANSACTION 82 19228 9ce538f0f5b6b55817f367d0540555f1
SEND 1553576637 TRANSACTION 82 15537 9ce538f0f5b6b55817f367d0540555f1
SEND 1553576637 TRANSACTION 82 13263 9ce538f0f5b6b55817f367d0540555f1
SEND 1553576637 TRANSACTION 82 13881 9ce538f0f5b6b55817f367d0540555f1
SEND 1553576637 TRANSACTION 82 16308 9ce538f0f5b6b55817f367d0540555f1
SEND 1553576637 TRANSACTION 82 12692 9ce538f0f5b6b55817f367d0540555f1
SEND 1553576637 TRANSACTION 82 16519 9ce538f0f5b6b55817f367d0540555f1
RECIEVED 1553576637 TRANSACTION 82 17 40
RECIEVED 1553576637 TRANSACTION 82 17 40
RECIEVED 1553576637 TRANSACTION 82 17 40
RECIEVED 1553576637 TRANSACTION 82 17 40
RECIEVED 1553576637 TRANSACTION 82 17 40
RECIEVED 1553576637 TRANSACTION 82 17 40
RECIEVED 1553576637 TRANSACTION 82 17 40
RECIEVED 1553576638 HB 3 17 40
SEND 1553576638 INTRODUCE 37 53343
SEND 1553576638 INTRODUCE 37 15999
SEND 1553576638 INTRODUCE 36 14896
SEND 1553576638 INTRODUCE 36 22070
SEND 1553576638 INTRODUCE 37 19009
SEND 1553576638 INTRODUCE 36 16091
SEND 1553576638 INTRODUCE 36 12598
SEND 1553576638 INTRODUCE 36 11320
SEND 1553576638 INTRODUCE 37 11201
SEND 1553576638 INTRODUCE 36 11314
SEND 1553576638 INTRODUCE 37 17126
SEND 1553576638 INTRODUCE 37 12161
# recieved string JOIN node2 172.22.158.205 8002

RECIEVED 1553576638 JOIN 31 17 40
SEND 1553576638 INTRODUCE 36 18358
SEND 1553576638 INTRODUCE 37 15020
SEND 1553576638 INTRODUCE 36 18382
SEND 1553576638 INTRODUCE 36 13241
SEND 1553576638 INTRODUCE 37 13241
# recieved string JOIN node14 172.22.158.205 8014

RECIEVED 1553576638 JOIN 32 18 40
RECIEVED 1553576638 INTRODUCE 36 18 40
RECIEVED 1553576639 TRANSACTION 81 18 40
UPDATE 1553576639 TRANSACTION 8e97d05beec04388b56dde0661507f18
SEND 1553576639 TRANSACTION 81 19412 8e97d05beec04388b56dde0661507f18
SEND 1553576639 TRANSACTION 81 16312 8e97d05beec04388b56dde0661507f18
SEND 1553576639 TRANSACTION 81 13887 8e97d05beec04388b56dde0661507f18
SEND 1553576639 TRANSACTION 81 20481 8e97d05beec04388b56dde0661507f18
SEND 1553576639 TRANSACTION 81 13591 8e97d05beec04388b56dde0661507f18
SEND 1553576639 TRANSACTION 81 15002 8e97d05beec04388b56dde0661507f18
SEND 1553576639 TRANSACTION 81 16028 8e97d05beec04388b56dde0661507f18
SEND 1553576639 TRANSACTION 81 20200 8e97d05beec04388b56dde0661507f18
SEND 1553576639 TRANSACTION 81 23293 8e97d05beec04388b56dde0661507f18
SEND 1553576639 TRANSACTION 81 14883 8e97d05beec04388b56dde0661507f18
SEND 1553576639 TRANSACTION 81 20479 8e97d05beec04388b56dde0661507f18
RECIEVED 1553576639 TRANSACTION 81 18 41
RECIEVED 1553576639 TRANSACTION 81 18 41
RECIEVED 1553576639 TRANSACTION 81 18 41
RECIEVED 1553576639 TRANSACTION 81 18 41
RECIEVED 1553576639 TRANSACTION 81 18 41
RECIEVED 1553576639 TRANSACTION 81 18 41
RECIEVED 1553576639 TRANSACTION 81 18 41
RECIEVED 1553576639 TRANSACTION 81 18 41
RECIEVED 1553576639 INTRODUCE 37 18 41
RECIEVED 1553576639 INTRODUCE 36 18 41
RECIEVED 1553576639 INTRODUCE 36 18 41
RECIEVED 1553576639 INTRODUCE 36 18 41
RECIEVED 1553576639 INTRODUCE 37 18 41
RECIEVED 1553576639 INTRODUCE 36 18 41
RECIEVED 1553576639 INTRODUCE 36 18 41
RECIEVED 1553576639 INTRODUCE 36 18 41
RECIEVED 1553576639 TRANSACTION 79 18 41
UPDATE 1553576639 TRANSACTION d69cd3dde6da75d2e2ab94d0128a1287
SEND 1553576639 TRANSACTION 79 22077 d69cd3dde6da75d2e2ab94d0128a1287
SEND 1553576639 TRANSACTION 79 19496 d69cd3dde6da75d2e2ab94d0128a1287
SEND 1553576639 TRANSACTION 79 13057 d69cd3dde6da75d2e2ab94d0128a1287
SEND 1553576639 TRANSACTION 79 11661 d69cd3dde6da75d2e2ab94d0128a1287
SEND 1553576639 TRANSACTION 79 15089 d69cd3dde6da75d2e2ab94d0128a1287
SEND 1553576639 TRANSACTION 79 13791 d69cd3dde6da75d2e2ab94d0128a1287
SEND 1553576639 TRANSACTION 79 14740 d69cd3dde6da75d2e2ab94d0128a1287
SEND 1553576639 TRANSACTION 79 11507 d69cd3dde6da75d2e2ab94d0128a1287
SEND 1553576639 TRANSACTION 79 15839 d69cd3dde6da75d2e2ab94d0128a1287
SEND 1553576639 TRANSACTION 79 13468 d69cd3dde6da75d2e2ab94d0128a1287
SEND 1553576639 TRANSACTION 79 20657 d69cd3dde6da75d2e2ab94d0128a1287
RECIEVED 1553576639 TRANSACTION 79 18 42
RECIEVED 1553576639 TRANSACTION 79 18 42
RECIEVED 1553576639 TRANSACTION 79 18 42
RECIEVED 1553576639 TRANSACTION 79 18 42
RECIEVED 1553576639 TRANSACTION 79 18 42
RECIEVED 1553576639 TRANSACTION 79 18 42
RECIEVED 1553576639 TRANSACTION 79 18 42
RECIEVED 1553576640 TRANSACTION 80 18 42
UPDATE 1553576640 TRANSACTION abc3881bc6b9f514f8f05f45ba0d7089
SEND 1553576640 TRANSACTION 80 20924 abc3881bc6b9f514f8f05f45ba0d7089
SEND 1553576640 TRANSACTION 80 14069 abc3881bc6b9f514f8f05f45ba0d7089
SEND 1553576640 TRANSACTION 80 14910 abc3881bc6b9f514f8f05f45ba0d7089
SEND 1553576640 TRANSACTION 80 15318 abc3881bc6b9f514f8f05f45ba0d7089
SEND 1553576640 TRANSACTION 80 20193 abc3881bc6b9f514f8f05f45ba0d7089
SEND 1553576640 TRANSACTION 80 14871 abc3881bc6b9f514f8f05f45ba0d7089
SEND 1553576640 TRANSACTION 80 13977 abc3881bc6b9f514f8f05f45ba0d7089
SEND 1553576640 TRANSACTION 80 14383 abc3881bc6b9f514f8f05f45ba0d7089
SEND 1553576640 TRANSACTION 80 14179 abc3881bc6b9f514f8f05f45ba0d7089
SEND 1553576640 TRANSACTION 80 18920 abc3881bc6b9f514f8f05f45ba0d7089
SEND 1553576640 TRANSACTION 80 16605 abc3881bc6b9f514f8f05f45ba0d7089
RECIEVED 1553576640 TRANSACTION 80 18 43
RECIEVED 1553576640 TRANSACTION 80 18 43
RECIEVED 1553576640 TRANSACTION 80 18 43
RECIEVED 1553576640 TRANSACTION 80 18 43
RECIEVED 1553576640 TRANSACTION 80 18 43
RECIEVED 1553576640 TRANSACTION 80 18 43
RECIEVED 1553576640 TRANSACTION 81 18 43
UPDATE 1553576640 TRANSACTION e3c87d7206e0615cc26cdb83d0804575
SEND 1553576640 TRANSACTION 81 15903 e3c87d7206e0615cc26cdb83d0804575
SEND 1553576640 TRANSACTION 81 15822 e3c87d7206e0615cc26cdb83d0804575
SEND 1553576640 TRANSACTION 81 12301 e3c87d7206e0615cc26cdb83d0804575
SEND 1553576640 TRANSACTION 81 11091 e3c87d7206e0615cc26cdb83d0804575
SEND 1553576640 TRANSACTION 81 14090 e3c87d7206e0615cc26cdb83d0804575
SEND 1553576640 TRANSACTION 81 14163 e3c87d7206e0615cc26cdb83d0804575
SEND 1553576640 TRANSACTION 81 19556 e3c87d7206e0615cc26cdb83d0804575
SEND 1553576640 TRANSACTION 81 15026 e3c87d7206e0615cc26cdb83d0804575
SEND 1553576640 TRANSACTION 81 27884 e3c87d7206e0615cc26cdb83d0804575
SEND 1553576640 TRANSACTION 81 15092 e3c87d7206e0615cc26cdb83d0804575
SEND 1553576640 TRANSACTION 81 21384 e3c87d7206e0615cc26cdb83d0804575
RECIEVED 1553576640 TRANSACTION 81 18 44
RECIEVED 1553576640 TRANSACTION 81 18 44
RECIEVED 1553576640 TRANSACTION 81 18 44
RECIEVED 1553576640 TRANSACTION 81 18 44
RECIEVED 1553576640 TRANSACTION 81 18 44
RECIEVED 1553576640 TRANSACTION 81 18 44
RECIEVED 1553576640 TRANSACTION 81 18 44
UPDATE 1553576640 TRANSACTION 17b316c12c817f2274c71aec29bdc84b
SEND 1553576640 TRANSACTION 81 16099 17b316c12c817f2274c71aec29bdc84b
SEND 1553576640 TRANSACTION 81 14821 17b316c12c817f2274c71aec29bdc84b
SEND 1553576640 TRANSACTION 81 14819 17b316c12c817f2274c71aec29bdc84b
SEND 1553576640 TRANSACTION 81 14484 17b316c12c817f2274c71aec29bdc84b
SEND 1553576640 TRANSACTION 81 14824 17b316c12c817f2274c71aec29bdc84b
SEND 1553576640 TRANSACTION 81 15376 17b316c12c817f2274c71aec29bdc84b
SEND 1553576640 TRANSACTION 81 14600 17b316c12c817f2274c71aec29bdc84b
SEND 1553576640 TRANSACTION 81 14165 17b316c12c817f2274c71aec29bdc84b
SEND 1553576640 TRANSACTION 81 12276 17b316c12c817f2274c71aec29bdc84b
SEND 1553576640 TRANSACTION 81 16079 17b316c12c817f2274c71aec29bdc84b
SEND 1553576640 TRANSACTION 81 14992 17b316c12c817f2274c71aec29bdc84b
RECIEVED 1553576640 TRANSACTION 81 18 45
RECIEVED 1553576640 TRANSACTION 81 18 45
RECIEVED 1553576640 TRANSACTION 81 18 45
RECIEVED 1553576640 TRANSACTION 81 18 45
RECIEVED 1553576640 TRANSACTION 81 18 45
RECIEVED 1553576641 TRANSACTION 80 18 45
UPDATE 1553576641 TRANSACTION 2c05aaf1e095e934ad3984cf0a0ddc9e
SEND 1553576641 TRANSACTION 80 21589 2c05aaf1e095e934ad3984cf0a0ddc9e
SEND 1553576641 TRANSACTION 80 16023 2c05aaf1e095e934ad3984cf0a0ddc9e
SEND 1553576641 TRANSACTION 80 14981 2c05aaf1e095e934ad3984cf0a0ddc9e
SEND 1553576641 TRANSACTION 80 17193 2c05aaf1e095e934ad3984cf0a0ddc9e
SEND 1553576641 TRANSACTION 80 20811 2c05aaf1e095e934ad3984cf0a0ddc9e
SEND 1553576641 TRANSACTION 80 16587 2c05aaf1e095e934ad3984cf0a0ddc9e
SEND 1553576641 TRANSACTION 80 16514 2c05aaf1e095e934ad3984cf0a0ddc9e
SEND 1553576641 TRANSACTION 80 15164 2c05aaf1e095e934ad3984cf0a0ddc9e
SEND 1553576641 TRANSACTION 80 15342 2c05aaf1e095e934ad3984cf0a0ddc9e
SEND 1553576641 TRANSACTION 80 15206 2c05aaf1e095e934ad3984cf0a0ddc9e
SEND 1553576641 TRANSACTION 80 14805 2c05aaf1e095e934ad3984cf0a0ddc9e
RECIEVED 1553576641 TRANSACTION 80 18 46
RECIEVED 1553576641 TRANSACTION 80 18 46
RECIEVED 1553576641 TRANSACTION 80 18 46
RECIEVED 1553576641 TRANSACTION 80 18 46
RECIEVED 1553576641 TRANSACTION 80 18 46
RECIEVED 1553576641 TRANSACTION 80 18 46
UPDATE 1553576641 TRANSACTION 095a4b799eaf2079dc6ec85e93229fde
SEND 1553576641 TRANSACTION 80 23911 095a4b799eaf2079dc6ec85e93229fde
SEND 1553576641 TRANSACTION 80 19766 095a4b799eaf2079dc6ec85e93229fde
SEND 1553576641 TRANSACTION 80 17109 095a4b799eaf2079dc6ec85e93229fde
SEND 1553576641 TRANSACTION 80 18531 095a4b799eaf2079dc6ec85e93229fde
SEND 1553576641 TRANSACTION 80 35828 095a4b799eaf2079dc6ec85e93229fde
SEND 1553576641 TRANSACTION 80 15462 095a4b799eaf2079dc6ec85e93229fde
SEND 1553576641 TRANSACTION 80 14297 095a4b799eaf2079dc6ec85e93229fde
SEND 1553576641 TRANSACTION 80 14465 095a4b799eaf2079dc6ec85e93229fde
SEND 1553576641 TRANSACTION 80 15390 095a4b799eaf2079dc6ec85e93229fde
SEND 1553576641 TRANSACTION 80 15921 095a4b799eaf2079dc6ec85e93229fde
SEND 1553576641 TRANSACTION 80 26060 095a4b799eaf2079dc6ec85e93229fde
RECIEVED 1553576641 TRANSACTION 80 18 47
RECIEVED 1553576641 TRANSACTION 80 18 47
RECIEVED 1553576641 TRANSACTION 80 18 47
RECIEVED 1553576641 TRANSACTION 80 18 47
RECIEVED 1553576641 TRANSACTION 80 18 47
RECIEVED 1553576641 TRANSACTION 80 18 47
RECIEVED 1553576641 TRANSACTION 80 18 47
RECIEVED 1553576641 TRANSACTION 80 18 47
RECIEVED 1553576643 TRANSACTION 81 18 47
UPDATE 1553576643 TRANSACTION 3fc7b89dd9cb178933679ca7906ac984
SEND 1553576643 TRANSACTION 81 13501 3fc7b89dd9cb178933679ca7906ac984
SEND 1553576643 TRANSACTION 81 12694 3fc7b89dd9cb178933679ca7906ac984
SEND 1553576643 TRANSACTION 81 22309 3fc7b89dd9cb178933679ca7906ac984
SEND 1553576643 TRANSACTION 81 15053 3fc7b89dd9cb178933679ca7906ac984
SEND 1553576643 TRANSACTION 81 14373 3fc7b89dd9cb178933679ca7906ac984
SEND 1553576643 TRANSACTION 81 15413 3fc7b89dd9cb178933679ca7906ac984
SEND 1553576643 TRANSACTION 81 15496 3fc7b89dd9cb178933679ca7906ac984
SEND 1553576643 TRANSACTION 81 19568 3fc7b89dd9cb178933679ca7906ac984
SEND 1553576643 TRANSACTION 81 11459 3fc7b89dd9cb178933679ca7906ac984
SEND 1553576643 TRANSACTION 81 15158 3fc7b89dd9cb178933679ca7906ac984
SEND 1553576643 TRANSACTION 81 15806 3fc7b89dd9cb178933679ca7906ac984
RECIEVED 1553576643 TRANSACTION 81 18 48
RECIEVED 1553576643 TRANSACTION 81 18 48
RECIEVED 1553576643 TRANSACTION 81 18 48
RECIEVED 1553576643 TRANSACTION 81 18 48
RECIEVED 1553576643 TRANSACTION 81 18 48
RECIEVED 1553576643 TRANSACTION 81 18 48
RECIEVED 1553576643 TRANSACTION 81 18 48
RECIEVED 1553576643 TRANSACTION 81 18 48
RECIEVED 1553576644 TRANSACTION 82 18 48
UPDATE 1553576644 TRANSACTION ed5f0abb6f3870e9d5bf9ff3b05874f4
SEND 1553576644 TRANSACTION 82 14501 ed5f0abb6f3870e9d5bf9ff3b05874f4
SEND 1553576644 TRANSACTION 82 12986 ed5f0abb6f3870e9d5bf9ff3b05874f4
SEND 1553576644 TRANSACTION 82 18781 ed5f0abb6f3870e9d5bf9ff3b05874f4
SEND 1553576644 TRANSACTION 82 20875 ed5f0abb6f3870e9d5bf9ff3b05874f4
SEND 1553576644 TRANSACTION 82 13600 ed5f0abb6f3870e9d5bf9ff3b05874f4
SEND 1553576644 TRANSACTION 82 13542 ed5f0abb6f3870e9d5bf9ff3b05874f4
SEND 1553576644 TRANSACTION 82 14594 ed5f0abb6f3870e9d5bf9ff3b05874f4
SEND 1553576644 TRANSACTION 82 20725 ed5f0abb6f3870e9d5bf9ff3b05874f4
SEND 1553576644 TRANSACTION 82 16184 ed5f0abb6f3870e9d5bf9ff3b05874f4
SEND 1553576644 TRANSACTION 82 15942 ed5f0abb6f3870e9d5bf9ff3b05874f4
SEND 1553576644 TRANSACTION 82 12071 ed5f0abb6f3870e9d5bf9ff3b05874f4
RECIEVED 1553576644 TRANSACTION 82 18 49
RECIEVED 1553576644 TRANSACTION 82 18 49
RECIEVED 1553576644 TRANSACTION 82 18 49
RECIEVED 1553576644 TRANSACTION 82 18 49
RECIEVED 1553576644 TRANSACTION 82 18 49
RECIEVED 1553576644 TRANSACTION 82 18 49
RECIEVED 1553576644 TRANSACTION 82 18 49
RECIEVED 1553576644 TRANSACTION 82 18 49
RECIEVED 1553576644 TRANSACTION 82 18 49
RECIEVED 1553576644 TRANSACTION 81 18 49
UPDATE 1553576644 TRANSACTION 08b3b978e1492f3c2394ac50bfb5b451
SEND 1553576644 TRANSACTION 81 15007 08b3b978e1492f3c2394ac50bfb5b451
SEND 1553576644 TRANSACTION 81 15325 08b3b978e1492f3c2394ac50bfb5b451
SEND 1553576644 TRANSACTION 81 14940 08b3b978e1492f3c2394ac50bfb5b451
SEND 1553576644 TRANSACTION 81 14563 08b3b978e1492f3c2394ac50bfb5b451
SEND 1553576644 TRANSACTION 81 12349 08b3b978e1492f3c2394ac50bfb5b451
SEND 1553576644 TRANSACTION 81 20960 08b3b978e1492f3c2394ac50bfb5b451
SEND 1553576644 TRANSACTION 81 13604 08b3b978e1492f3c2394ac50bfb5b451
SEND 1553576644 TRANSACTION 81 13638 08b3b978e1492f3c2394ac50bfb5b451
SEND 1553576644 TRANSACTION 81 21236 08b3b978e1492f3c2394ac50bfb5b451
SEND 1553576644 TRANSACTION 81 18401 08b3b978e1492f3c2394ac50bfb5b451
SEND 1553576644 TRANSACTION 81 22063 08b3b978e1492f3c2394ac50bfb5b451
RECIEVED 1553576644 TRANSACTION 81 18 50
RECIEVED 1553576644 TRANSACTION 81 18 50
RECIEVED 1553576644 TRANSACTION 81 18 50
RECIEVED 1553576644 TRANSACTION 81 18 50
RECIEVED 1553576644 TRANSACTION 81 18 50
RECIEVED 1553576644 TRANSACTION 81 18 50
RECIEVED 1553576644 TRANSACTION 81 18 50
RECIEVED 1553576645 TRANSACTION 81 18 50
UPDATE 1553576645 TRANSACTION 038943a57faf2d7ad012c8a7778aa6bb
SEND 1553576645 TRANSACTION 81 14028 038943a57faf2d7ad012c8a7778aa6bb
SEND 1553576645 TRANSACTION 81 15296 038943a57faf2d7ad012c8a7778aa6bb
SEND 1553576645 TRANSACTION 81 13873 038943a57faf2d7ad012c8a7778aa6bb
SEND 1553576645 TRANSACTION 81 15719 038943a57faf2d7ad012c8a7778aa6bb
SEND 1553576645 TRANSACTION 81 11616 038943a57faf2d7ad012c8a7778aa6bb
SEND 1553576645 TRANSACTION 81 14772 038943a57faf2d7ad012c8a7778aa6bb
SEND 1553576645 TRANSACTION 81 12226 038943a57faf2d7ad012c8a7778aa6bb
SEND 1553576645 TRANSACTION 81 17941 038943a57faf2d7ad012c8a7778aa6bb
SEND 1553576645 TRANSACTION 81 22731 038943a57faf2d7ad012c8a7778aa6bb
SEND 1553576645 TRANSACTION 81 33160 038943a57faf2d7ad012c8a7778aa6bb
SEND 1553576645 TRANSACTION 81 15975 038943a57faf2d7ad012c8a7778aa6bb
RECIEVED 1553576645 TRANSACTION 81 18 51
RECIEVED 1553576645 TRANSACTION 81 18 51
RECIEVED 1553576645 TRANSACTION 81 18 51
RECIEVED 1553576645 TRANSACTION 81 18 51
RECIEVED 1553576645 TRANSACTION 81 18 51
RECIEVED 1553576645 TRANSACTION 81 18 51
RECIEVED 1553576647 TRANSACTION 82 18 51
UPDATE 1553576647 TRANSACTION 1d4dbfd4ad19cdfab61ab1ad77762d41
SEND 1553576647 TRANSACTION 82 15959 1d4dbfd4ad19cdfab61ab1ad77762d41
SEND 1553576647 TRANSACTION 82 16068 1d4dbfd4ad19cdfab61ab1ad77762d41
SEND 1553576647 TRANSACTION 82 15456 1d4dbfd4ad19cdfab61ab1ad77762d41
SEND 1553576647 TRANSACTION 82 11614 1d4dbfd4ad19cdfab61ab1ad77762d41
SEND 1553576647 TRANSACTION 82 20414 1d4dbfd4ad19cdfab61ab1ad77762d41
SEND 1553576647 TRANSACTION 82 16745 1d4dbfd4ad19cdfab61ab1ad77762d41
SEND 1553576647 TRANSACTION 82 12614 1d4dbfd4ad19cdfab61ab1ad77762d41
SEND 1553576647 TRANSACTION 82 11007 1d4dbfd4ad19cdfab61ab1ad77762d41
SEND 1553576647 TRANSACTION 82 19145 1d4dbfd4ad19cdfab61ab1ad77762d41
SEND 1553576647 TRANSACTION 82 14757 1d4dbfd4ad19cdfab61ab1ad77762d41
SEND 1553576647 TRANSACTION 82 19173 1d4dbfd4ad19cdfab61ab1ad77762d41
RECIEVED 1553576647 TRANSACTION 82 18 52
RECIEVED 1553576647 TRANSACTION 82 18 52
RECIEVED 1553576647 TRANSACTION 82 18 52
RECIEVED 1553576647 TRANSACTION 82 18 52
RECIEVED 1553576647 TRANSACTION 82 18 52
RECIEVED 1553576647 TRANSACTION 82 18 52
RECIEVED 1553576647 TRANSACTION 82 18 52
RECIEVED 1553576647 TRANSACTION 82 18 52
RECIEVED 1553576647 TRANSACTION 82 18 52
RECIEVED 1553576647 TRANSACTION 81 18 52
UPDATE 1553576647 TRANSACTION 44a23325b4abf57518df9af928136e0f
SEND 1553576647 TRANSACTION 81 11545 44a23325b4abf57518df9af928136e0f
SEND 1553576647 TRANSACTION 81 17576 44a23325b4abf57518df9af928136e0f
SEND 1553576647 TRANSACTION 81 14298 44a23325b4abf57518df9af928136e0f
SEND 1553576647 TRANSACTION 81 18467 44a23325b4abf57518df9af928136e0f
SEND 1553576647 TRANSACTION 81 15003 44a23325b4abf57518df9af928136e0f
SEND 1553576647 TRANSACTION 81 14796 44a23325b4abf57518df9af928136e0f
SEND 1553576647 TRANSACTION 81 14536 44a23325b4abf57518df9af928136e0f
SEND 1553576647 TRANSACTION 81 20420 44a23325b4abf57518df9af928136e0f
SEND 1553576647 TRANSACTION 81 14775 44a23325b4abf57518df9af928136e0f
SEND 1553576647 TRANSACTION 81 14629 44a23325b4abf57518df9af928136e0f
RECIEVED 1553576647 TRANSACTION 81 18 53
RECIEVED 1553576647 TRANSACTION 81 18 53
RECIEVED 1553576647 TRANSACTION 81 18 53
RECIEVED 1553576647 TRANSACTION 81 18 53
RECIEVED 1553576647 TRANSACTION 81 18 53
RECIEVED 1553576647 TRANSACTION 81 18 53
RECIEVED 1553576647 TRANSACTION 81 18 53
UPDATE 1553576647 TRANSACTION d03c67b468da1f9dcd073c8948da00a6
SEND 1553576647 TRANSACTION 81 14313 d03c67b468da1f9dcd073c8948da00a6
SEND 1553576647 TRANSACTION 81 10184 d03c67b468da1f9dcd073c8948da00a6
SEND 1553576647 TRANSACTION 81 14098 d03c67b468da1f9dcd073c8948da00a6
SEND 1553576647 TRANSACTION 81 19695 d03c67b468da1f9dcd073c8948da00a6
SEND 1553576647 TRANSACTION 81 14189 d03c67b468da1f9dcd073c8948da00a6
SEND 1553576647 TRANSACTION 81 10868 d03c67b468da1f9dcd073c8948da00a6
SEND 1553576647 TRANSACTION 81 14304 d03c67b468da1f9dcd073c8948da00a6
SEND 1553576647 TRANSACTION 81 13797 d03c67b468da1f9dcd073c8948da00a6
SEND 1553576647 TRANSACTION 81 14091 d03c67b468da1f9dcd073c8948da00a6
SEND 1553576647 TRANSACTION 81 20465 d03c67b468da1f9dcd073c8948da00a6
SEND 1553576647 TRANSACTION 81 12951 d03c67b468da1f9dcd073c8948da00a6
RECIEVED 1553576647 TRANSACTION 81 18 54
RECIEVED 1553576647 TRANSACTION 81 18 54
RECIEVED 1553576647 TRANSACTION 81 18 54
RECIEVED 1553576647 TRANSACTION 81 18 54
RECIEVED 1553576647 TRANSACTION 81 18 54
RECIEVED 1553576647 TRANSACTION 81 18 54
RECIEVED 1553576647 TRANSACTION 81 18 54
RECIEVED 1553576647 TRANSACTION 81 18 54
RECIEVED 1553576648 TRANSACTION 81 18 54
UPDATE 1553576648 TRANSACTION 99f2831d54087cd4ecf5595c909f46fb
SEND 1553576648 TRANSACTION 81 15341 99f2831d54087cd4ecf5595c909f46fb
SEND 1553576648 TRANSACTION 81 12605 99f2831d54087cd4ecf5595c909f46fb
SEND 1553576648 TRANSACTION 81 17984 99f2831d54087cd4ecf5595c909f46fb
SEND 1553576648 TRANSACTION 81 21980 99f2831d54087cd4ecf5595c909f46fb
SEND 1553576648 TRANSACTION 81 12480 99f2831d54087cd4ecf5595c909f46fb
SEND 1553576648 TRANSACTION 81 15123 99f2831d54087cd4ecf5595c909f46fb
SEND 1553576648 TRANSACTION 81 12987 99f2831d54087cd4ecf5595c909f46fb
SEND 1553576648 TRANSACTION 81 20904 99f2831d54087cd4ecf5595c909f46fb
SEND 1553576648 TRANSACTION 81 16081 99f2831d54087cd4ecf5595c909f46fb
SEND 1553576648 TRANSACTION 81 15580 99f2831d54087cd4ecf5595c909f46fb
SEND 1553576648 TRANSACTION 81 19432 99f2831d54087cd4ecf5595c909f46fb
RECIEVED 1553576648 TRANSACTION 81 18 55
RECIEVED 1553576648 TRANSACTION 81 18 55
RECIEVED 1553576648 TRANSACTION 81 18 55
RECIEVED 1553576648 HB 3 18 55
SEND 1553576648 INTRODUCE 37 113304
SEND 1553576648 INTRODUCE 36 16028
SEND 1553576648 INTRODUCE 37 16020
SEND 1553576648 INTRODUCE 36 19923
RECIEVED 1553576648 TRANSACTION 81 18 55
RECIEVED 1553576648 TRANSACTION 81 18 55
RECIEVED 1553576648 TRANSACTION 81 18 55
RECIEVED 1553576648 TRANSACTION 81 18 55
RECIEVED 1553576648 INTRODUCE 36 18 55
SEND 1553576648 INTRODUCE 36 17957
SEND 1553576648 INTRODUCE 36 15591
SEND 1553576648 INTRODUCE 36 16967
SEND 1553576648 INTRODUCE 36 25074
SEND 1553576648 INTRODUCE 36 13891
SEND 1553576648 INTRODUCE 36 15498
SEND 1553576648 INTRODUCE 36 15760
SEND 1553576648 INTRODUCE 36 16177
SEND 1553576648 INTRODUCE 36 15788
SEND 1553576648 INTRODUCE 36 15486
SEND 1553576648 INTRODUCE 36 15745
SEND 1553576648 INTRODUCE 36 20514
SEND 1553576648 INTRODUCE 36 21147
SEND 1553576648 INTRODUCE 36 22085
SEND 1553576648 INTRODUCE 36 16350
SEND 1553576648 INTRODUCE 36 22755
SEND 1553576648 INTRODUCE 36 14534
SEND 1553576648 INTRODUCE 36 21322
SEND 1553576648 JOIN 31 22550
RECIEVED 1553576648 INTRODUCE 36 19 55
RECIEVED 1553576649 TRANSACTION 81 19 55
UPDATE 1553576649 TRANSACTION 0cebcdd8ce356f3064cdfab39e17242c
SEND 1553576649 TRANSACTION 81 15985 0cebcdd8ce356f3064cdfab39e17242c
SEND 1553576649 TRANSACTION 81 14737 0cebcdd8ce356f3064cdfab39e17242c
SEND 1553576649 TRANSACTION 81 15935 0cebcdd8ce356f3064cdfab39e17242c
SEND 1553576649 TRANSACTION 81 21059 0cebcdd8ce356f3064cdfab39e17242c
SEND 1553576649 TRANSACTION 81 15322 0cebcdd8ce356f3064cdfab39e17242c
SEND 1553576649 TRANSACTION 81 14644 0cebcdd8ce356f3064cdfab39e17242c
SEND 1553576649 TRANSACTION 81 18594 0cebcdd8ce356f3064cdfab39e17242c
SEND 1553576649 TRANSACTION 81 13601 0cebcdd8ce356f3064cdfab39e17242c
SEND 1553576649 TRANSACTION 81 13586 0cebcdd8ce356f3064cdfab39e17242c
SEND 1553576649 TRANSACTION 81 14990 0cebcdd8ce356f3064cdfab39e17242c
SEND 1553576649 TRANSACTION 81 14145 0cebcdd8ce356f3064cdfab39e17242c
RECIEVED 1553576649 TRANSACTION 81 19 56
RECIEVED 1553576649 TRANSACTION 81 19 56
RECIEVED 1553576649 TRANSACTION 81 19 56
RECIEVED 1553576649 TRANSACTION 81 19 56
RECIEVED 1553576649 TRANSACTION 81 19 56
RECIEVED 1553576649 TRANSACTION 81 19 56
RECIEVED 1553576649 TRANSACTION 81 19 56
RECIEVED 1553576649 TRANSACTION 81 19 56
RECIEVED 1553576649 TRANSACTION 81 19 56
RECIEVED 1553576650 INTRODUCE 36 19 56
RECIEVED 1553576650 TRANSACTION 80 19 56
UPDATE 1553576650 TRANSACTION 2522dda2ffdb859690a69dc7105e39f3
SEND 1553576650 TRANSACTION 80 14642 2522dda2ffdb859690a69dc7105e39f3
SEND 1553576650 TRANSACTION 80 13602 2522dda2ffdb859690a69dc7105e39f3
SEND 1553576650 TRANSACTION 80 10218 2522dda2ffdb859690a69dc7105e39f3
SEND 1553576650 TRANSACTION 80 15004 2522dda2ffdb859690a69dc7105e39f3
SEND 1553576650 TRANSACTION 80 15135 2522dda2ffdb859690a69dc7105e39f3
SEND 1553576650 TRANSACTION 80 20762 2522dda2ffdb859690a69dc7105e39f3
SEND 1553576650 TRANSACTION 80 11683 2522dda2ffdb859690a69dc7105e39f3
SEND 1553576650 TRANSACTION 80 15029 2522dda2ffdb859690a69dc7105e39f3
SEND 1553576650 TRANSACTION 80 21477 2522dda2ffdb859690a69dc7105e39f3
SEND 1553576650 TRANSACTION 80 19581 2522dda2ffdb859690a69dc7105e39f3
SEND 1553576650 TRANSACTION 80 15004 2522dda2ffdb859690a69dc7105e39f3
RECIEVED 1553576650 TRANSACTION 80 19 57
RECIEVED 1553576650 TRANSACTION 80 19 57
RECIEVED 1553576650 TRANSACTION 80 19 57
RECIEVED 1553576650 TRANSACTION 80 19 57
RECIEVED 1553576650 TRANSACTION 80 19 57
RECIEVED 1553576650 TRANSACTION 80 19 57
RECIEVED 1553576650 TRANSACTION 80 19 57
RECIEVED 1553576650 TRANSACTION 80 19 57
RECIEVED 1553576650 TRANSACTION 81 19 57
UPDATE 1553576650 TRANSACTION 0947257b1774e2fd21708e8e3c2a7514
SEND 1553576650 TRANSACTION 81 16384 0947257b1774e2fd21708e8e3c2a7514
SEND 1553576650 TRANSACTION 81 13716 0947257b1774e2fd21708e8e3c2a7514
SEND 1553576650 TRANSACTION 81 14308 0947257b1774e2fd21708e8e3c2a7514
SEND 1553576650 TRANSACTION 81 15293 0947257b1774e2fd21708e8e3c2a7514
SEND 1553576650 TRANSACTION 81 14605 0947257b1774e2fd21708e8e3c2a7514
SEND 1553576650 TRANSACTION 81 14220 0947257b1774e2fd21708e8e3c2a7514
SEND 1553576650 TRANSACTION 81 15598 0947257b1774e2fd21708e8e3c2a7514
SEND 1553576650 TRANSACTION 81 14062 0947257b1774e2fd21708e8e3c2a7514
SEND 1553576650 TRANSACTION 81 14055 0947257b1774e2fd21708e8e3c2a7514
SEND 1553576650 TRANSACTION 81 13698 0947257b1774e2fd21708e8e3c2a7514
SEND 1553576650 TRANSACTION 81 13581 0947257b1774e2fd21708e8e3c2a7514
RECIEVED 1553576650 TRANSACTION 81 19 58
RECIEVED 1553576650 TRANSACTION 81 19 58
RECIEVED 1553576650 TRANSACTION 81 19 58
RECIEVED 1553576650 TRANSACTION 81 19 58
RECIEVED 1553576650 TRANSACTION 81 19 58
RECIEVED 1553576650 TRANSACTION 81 19 58
RECIEVED 1553576650 TRANSACTION 81 19 58
RECIEVED 1553576650 TRANSACTION 81 19 58
RECIEVED 1553576651 TRANSACTION 81 19 58
UPDATE 1553576651 TRANSACTION 342a5fb63c9fb08b7b36ab2276c2ed08
SEND 1553576651 TRANSACTION 81 16436 342a5fb63c9fb08b7b36ab2276c2ed08
SEND 1553576651 TRANSACTION 81 16314 342a5fb63c9fb08b7b36ab2276c2ed08
SEND 1553576651 TRANSACTION 81 14136 342a5fb63c9fb08b7b36ab2276c2ed08
SEND 1553576651 TRANSACTION 81 15478 342a5fb63c9fb08b7b36ab2276c2ed08
SEND 1553576651 TRANSACTION 81 13686 342a5fb63c9fb08b7b36ab2276c2ed08
SEND 1553576651 TRANSACTION 81 19061 342a5fb63c9fb08b7b36ab2276c2ed08
SEND 1553576651 TRANSACTION 81 13696 342a5fb63c9fb08b7b36ab2276c2ed08
SEND 1553576651 TRANSACTION 81 15489 342a5fb63c9fb08b7b36ab2276c2ed08
SEND 1553576651 TRANSACTION 81 10991 342a5fb63c9fb08b7b36ab2276c2ed08
SEND 1553576651 TRANSACTION 81 11525 342a5fb63c9fb08b7b36ab2276c2ed08
SEND 1553576651 TRANSACTION 81 12189 342a5fb63c9fb08b7b36ab2276c2ed08
RECIEVED 1553576651 TRANSACTION 81 19 59
RECIEVED 1553576651 TRANSACTION 81 19 59
RECIEVED 1553576651 TRANSACTION 81 19 59
RECIEVED 1553576651 TRANSACTION 81 19 59
RECIEVED 1553576651 TRANSACTION 81 19 59
RECIEVED 1553576651 TRANSACTION 81 19 59
RECIEVED 1553576652 TRANSACTION 81 19 59
UPDATE 1553576652 TRANSACTION fbe9d32c2fb56f8b6805bc3424fffa3f
SEND 1553576652 TRANSACTION 81 21291 fbe9d32c2fb56f8b6805bc3424fffa3f
SEND 1553576652 TRANSACTION 81 42382 fbe9d32c2fb56f8b6805bc3424fffa3f
SEND 1553576652 TRANSACTION 81 14167 fbe9d32c2fb56f8b6805bc3424fffa3f
SEND 1553576652 TRANSACTION 81 15923 fbe9d32c2fb56f8b6805bc3424fffa3f
SEND 1553576652 TRANSACTION 81 14036 fbe9d32c2fb56f8b6805bc3424fffa3f
SEND 1553576652 TRANSACTION 81 20598 fbe9d32c2fb56f8b6805bc3424fffa3f
SEND 1553576652 TRANSACTION 81 12488 fbe9d32c2fb56f8b6805bc3424fffa3f
SEND 1553576652 TRANSACTION 81 14107 fbe9d32c2fb56f8b6805bc3424fffa3f
SEND 1553576652 TRANSACTION 81 14897 fbe9d32c2fb56f8b6805bc3424fffa3f
SEND 1553576652 TRANSACTION 81 19011 fbe9d32c2fb56f8b6805bc3424fffa3f
SEND 1553576652 TRANSACTION 81 13180 fbe9d32c2fb56f8b6805bc3424fffa3f
RECIEVED 1553576652 TRANSACTION 81 19 60
RECIEVED 1553576652 TRANSACTION 81 19 60
RECIEVED 1553576652 TRANSACTION 81 19 60
RECIEVED 1553576652 TRANSACTION 81 19 60
RECIEVED 1553576652 TRANSACTION 81 19 60
RECIEVED 1553576652 TRANSACTION 81 19 60
RECIEVED 1553576652 TRANSACTION 81 19 60
RECIEVED 1553576652 TRANSACTION 81 19 60
RECIEVED 1553576655 TRANSACTION 80 19 60
UPDATE 1553576655 TRANSACTION b97861edeadd9039e0c7285b6680e76d
SEND 1553576655 TRANSACTION 80 19419 b97861edeadd9039e0c7285b6680e76d
SEND 1553576655 TRANSACTION 80 15896 b97861edeadd9039e0c7285b6680e76d
SEND 1553576655 TRANSACTION 80 22665 b97861edeadd9039e0c7285b6680e76d
SEND 1553576655 TRANSACTION 80 20355 b97861edeadd9039e0c7285b6680e76d
SEND 1553576655 TRANSACTION 80 20637 b97861edeadd9039e0c7285b6680e76d
SEND 1553576655 TRANSACTION 80 18715 b97861edeadd9039e0c7285b6680e76d
SEND 1553576655 TRANSACTION 80 11514 b97861edeadd9039e0c7285b6680e76d
SEND 1553576655 TRANSACTION 80 13355 b97861edeadd9039e0c7285b6680e76d
SEND 1553576655 TRANSACTION 80 18471 b97861edeadd9039e0c7285b6680e76d
SEND 1553576655 TRANSACTION 80 14429 b97861edeadd9039e0c7285b6680e76d
SEND 1553576655 TRANSACTION 80 19941 b97861edeadd9039e0c7285b6680e76d
RECIEVED 1553576655 TRANSACTION 80 19 61
RECIEVED 1553576655 TRANSACTION 80 19 61
RECIEVED 1553576655 TRANSACTION 80 19 61
RECIEVED 1553576655 TRANSACTION 80 19 61
RECIEVED 1553576655 TRANSACTION 80 19 61
RECIEVED 1553576656 TRANSACTION 81 19 61
UPDATE 1553576656 TRANSACTION df6e367847321bfd03a947ecbb20dffd
SEND 1553576656 TRANSACTION 81 14124 df6e367847321bfd03a947ecbb20dffd
SEND 1553576656 TRANSACTION 81 9422 df6e367847321bfd03a947ecbb20dffd
SEND 1553576656 TRANSACTION 81 13769 df6e367847321bfd03a947ecbb20dffd
SEND 1553576656 TRANSACTION 81 13877 df6e367847321bfd03a947ecbb20dffd
SEND 1553576656 TRANSACTION 81 10497 df6e367847321bfd03a947ecbb20dffd
SEND 1553576656 TRANSACTION 81 19080 df6e367847321bfd03a947ecbb20dffd
SEND 1553576656 TRANSACTION 81 14753 df6e367847321bfd03a947ecbb20dffd
SEND 1553576656 TRANSACTION 81 12579 df6e367847321bfd03a947ecbb20dffd
SEND 1553576656 TRANSACTION 81 13952 df6e367847321bfd03a947ecbb20dffd
SEND 1553576656 TRANSACTION 81 13766 df6e367847321bfd03a947ecbb20dffd
SEND 1553576656 TRANSACTION 81 12757 df6e367847321bfd03a947ecbb20dffd
RECIEVED 1553576656 TRANSACTION 81 19 62
RECIEVED 1553576656 TRANSACTION 81 19 62
RECIEVED 1553576656 TRANSACTION 81 19 62
UPDATE 1553576656 TRANSACTION 6c27a0b12d274467fb0e388cb834eafc
SEND 1553576656 TRANSACTION 81 13137 6c27a0b12d274467fb0e388cb834eafc
SEND 1553576656 TRANSACTION 81 13037 6c27a0b12d274467fb0e388cb834eafc
SEND 1553576656 TRANSACTION 81 11417 6c27a0b12d274467fb0e388cb834eafc
SEND 1553576656 TRANSACTION 81 20647 6c27a0b12d274467fb0e388cb834eafc
SEND 1553576656 TRANSACTION 81 15242 6c27a0b12d274467fb0e388cb834eafc
SEND 1553576656 TRANSACTION 81 13071 6c27a0b12d274467fb0e388cb834eafc
SEND 1553576656 TRANSACTION 81 16671 6c27a0b12d274467fb0e388cb834eafc
SEND 1553576656 TRANSACTION 81 11865 6c27a0b12d274467fb0e388cb834eafc
SEND 1553576656 TRANSACTION 81 13681 6c27a0b12d274467fb0e388cb834eafc
SEND 1553576656 TRANSACTION 81 16249 6c27a0b12d274467fb0e388cb834eafc
SEND 1553576656 TRANSACTION 81 19711 6c27a0b12d274467fb0e388cb834eafc
RECIEVED 1553576656 TRANSACTION 81 19 63
RECIEVED 1553576656 TRANSACTION 81 19 63
RECIEVED 1553576656 TRANSACTION 81 19 63
RECIEVED 1553576656 TRANSACTION 81 19 63
RECIEVED 1553576656 TRANSACTION 81 19 63
RECIEVED 1553576656 TRANSACTION 81 19 63
RECIEVED 1553576656 TRANSACTION 81 19 63
RECIEVED 1553576656 TRANSACTION 81 19 63
RECIEVED 1553576656 TRANSACTION 81 19 63
RECIEVED 1553576656 TRANSACTION 81 19 63
RECIEVED 1553576656 TRANSACTION 81 19 63
RECIEVED 1553576656 TRANSACTION 81 19 63
RECIEVED 1553576658 HB 3 19 63
RECIEVED 1553576658 TRANSACTION 81 19 63
UPDATE 1553576658 TRANSACTION bf80e05da7a895679aecfe302cd5b8c7
SEND 1553576658 TRANSACTION 81 12787 bf80e05da7a895679aecfe302cd5b8c7
SEND 1553576658 TRANSACTION 81 14555 bf80e05da7a895679aecfe302cd5b8c7
SEND 1553576658 TRANSACTION 81 15096 bf80e05da7a895679aecfe302cd5b8c7
SEND 1553576658 TRANSACTION 81 15287 bf80e05da7a895679aecfe302cd5b8c7
SEND 1553576658 TRANSACTION 81 21885 bf80e05da7a895679aecfe302cd5b8c7
SEND 1553576658 TRANSACTION 81 15919 bf80e05da7a895679aecfe302cd5b8c7
SEND 1553576658 TRANSACTION 81 22121 bf80e05da7a895679aecfe302cd5b8c7
SEND 1553576658 TRANSACTION 81 19425 bf80e05da7a895679aecfe302cd5b8c7
SEND 1553576658 TRANSACTION 81 13234 bf80e05da7a895679aecfe302cd5b8c7
SEND 1553576658 TRANSACTION 81 14304 bf80e05da7a895679aecfe302cd5b8c7
SEND 1553576658 TRANSACTION 81 18839 bf80e05da7a895679aecfe302cd5b8c7
RECIEVED 1553576658 TRANSACTION 81 19 64
RECIEVED 1553576658 TRANSACTION 81 19 64
RECIEVED 1553576658 TRANSACTION 81 19 64
RECIEVED 1553576658 TRANSACTION 81 19 64
RECIEVED 1553576658 TRANSACTION 81 19 64
RECIEVED 1553576658 TRANSACTION 81 19 64
RECIEVED 1553576658 TRANSACTION 81 19 64
UPDATE 1553576658 TRANSACTION bbfc0d9ed61a860a16e107ab64733da2
SEND 1553576658 TRANSACTION 81 14533 bbfc0d9ed61a860a16e107ab64733da2
SEND 1553576658 TRANSACTION 81 19249 bbfc0d9ed61a860a16e107ab64733da2
SEND 1553576658 TRANSACTION 81 14744 bbfc0d9ed61a860a16e107ab64733da2
SEND 1553576658 TRANSACTION 81 15048 bbfc0d9ed61a860a16e107ab64733da2
SEND 1553576658 TRANSACTION 81 14779 bbfc0d9ed61a860a16e107ab64733da2
SEND 1553576658 TRANSACTION 81 20288 bbfc0d9ed61a860a16e107ab64733da2
SEND 1553576658 TRANSACTION 81 13902 bbfc0d9ed61a860a16e107ab64733da2
SEND 1553576658 TRANSACTION 81 13496 bbfc0d9ed61a860a16e107ab64733da2
SEND 1553576658 TRANSACTION 81 14763 bbfc0d9ed61a860a16e107ab64733da2
SEND 1553576658 TRANSACTION 81 10664 bbfc0d9ed61a860a16e107ab64733da2
SEND 1553576658 TRANSACTION 81 14715 bbfc0d9ed61a860a16e107ab64733da2
RECIEVED 1553576658 TRANSACTION 81 19 65
RECIEVED 1553576658 TRANSACTION 81 19 65
RECIEVED 1553576658 TRANSACTION 81 19 65
RECIEVED 1553576658 TRANSACTION 81 19 65
RECIEVED 1553576658 TRANSACTION 81 19 65
RECIEVED 1553576658 TRANSACTION 81 19 65
RECIEVED 1553576658 TRANSACTION 81 19 65
RECIEVED 1553576658 TRANSACTION 81 19 65
RECIEVED 1553576659 INTRODUCE 37 19 65
RECIEVED 1553576659 INTRODUCE 36 19 65
RECIEVED 1553576659 INTRODUCE 36 19 65
RECIEVED 1553576659 INTRODUCE 37 19 65
RECIEVED 1553576662 TRANSACTION 80 19 65
UPDATE 1553576662 TRANSACTION 69494c74e7cf618e12596eac5e7ffb79
SEND 1553576662 TRANSACTION 80 16604 69494c74e7cf618e12596eac5e7ffb79
SEND 1553576662 TRANSACTION 80 21430 69494c74e7cf618e12596eac5e7ffb79
SEND 1553576662 TRANSACTION 80 14651 69494c74e7cf618e12596eac5e7ffb79
SEND 1553576662 TRANSACTION 80 15176 69494c74e7cf618e12596eac5e7ffb79
SEND 1553576662 TRANSACTION 80 14444 69494c74e7cf618e12596eac5e7ffb79
SEND 1553576662 TRANSACTION 80 16297 69494c74e7cf618e12596eac5e7ffb79
SEND 1553576662 TRANSACTION 80 21014 69494c74e7cf618e12596eac5e7ffb79
SEND 1553576662 TRANSACTION 80 20290 69494c74e7cf618e12596eac5e7ffb79
SEND 1553576662 TRANSACTION 80 21346 69494c74e7cf618e12596eac5e7ffb79
SEND 1553576662 TRANSACTION 80 14152 69494c74e7cf618e12596eac5e7ffb79
SEND 1553576662 TRANSACTION 80 14892 69494c74e7cf618e12596eac5e7ffb79
RECIEVED 1553576662 TRANSACTION 80 19 66
RECIEVED 1553576662 TRANSACTION 80 19 66
RECIEVED 1553576662 TRANSACTION 80 19 66
RECIEVED 1553576662 TRANSACTION 80 19 66
RECIEVED 1553576662 TRANSACTION 80 19 66
RECIEVED 1553576662 TRANSACTION 80 19 66
RECIEVED 1553576662 TRANSACTION 80 19 66
RECIEVED 1553576662 TRANSACTION 80 19 66
UPDATE 1553576662 TRANSACTION e2cd68191344ef1f117a38815dbdda24
SEND 1553576662 TRANSACTION 80 21783 e2cd68191344ef1f117a38815dbdda24
SEND 1553576662 TRANSACTION 80 14555 e2cd68191344ef1f117a38815dbdda24
SEND 1553576662 TRANSACTION 80 19106 e2cd68191344ef1f117a38815dbdda24
SEND 1553576662 TRANSACTION 80 11669 e2cd68191344ef1f117a38815dbdda24
SEND 1553576662 TRANSACTION 80 17115 e2cd68191344ef1f117a38815dbdda24
SEND 1553576662 TRANSACTION 80 19154 e2cd68191344ef1f117a38815dbdda24
SEND 1553576662 TRANSACTION 80 14677 e2cd68191344ef1f117a38815dbdda24
SEND 1553576662 TRANSACTION 80 20820 e2cd68191344ef1f117a38815dbdda24
SEND 1553576662 TRANSACTION 80 20051 e2cd68191344ef1f117a38815dbdda24
SEND 1553576662 TRANSACTION 80 16959 e2cd68191344ef1f117a38815dbdda24
SEND 1553576662 TRANSACTION 80 13092 e2cd68191344ef1f117a38815dbdda24
RECIEVED 1553576662 TRANSACTION 80 19 67
RECIEVED 1553576662 TRANSACTION 80 19 67
RECIEVED 1553576662 TRANSACTION 80 19 67
RECIEVED 1553576662 TRANSACTION 80 19 67
RECIEVED 1553576662 TRANSACTION 80 19 67
RECIEVED 1553576662 TRANSACTION 80 19 67
RECIEVED 1553576662 TRANSACTION 80 19 67
RECIEVED 1553576662 TRANSACTION 80 19 67
RECIEVED 1553576662 TRANSACTION 80 19 67
RECIEVED 1553576663 TRANSACTION 81 19 67
UPDATE 1553576663 TRANSACTION e6562216bbe916e3850d3cd19ad7dd88
SEND 1553576663 TRANSACTION 81 16318 e6562216bbe916e3850d3cd19ad7dd88
SEND 1553576663 TRANSACTION 81 13546 e6562216bbe916e3850d3cd19ad7dd88
SEND 1553576663 TRANSACTION 81 12050 e6562216bbe916e3850d3cd19ad7dd88
SEND 1553576663 TRANSACTION 81 22537 e6562216bbe916e3850d3cd19ad7dd88
SEND 1553576663 TRANSACTION 81 14359 e6562216bbe916e3850d3cd19ad7dd88
SEND 1553576663 TRANSACTION 81 15896 e6562216bbe916e3850d3cd19ad7dd88
SEND 1553576663 TRANSACTION 81 11743 e6562216bbe916e3850d3cd19ad7dd88
SEND 1553576663 TRANSACTION 81 14000 e6562216bbe916e3850d3cd19ad7dd88
SEND 1553576663 TRANSACTION 81 23659 e6562216bbe916e3850d3cd19ad7dd88
SEND 1553576663 TRANSACTION 81 14118 e6562216bbe916e3850d3cd19ad7dd88
SEND 1553576663 TRANSACTION 81 21767 e6562216bbe916e3850d3cd19ad7dd88
RECIEVED 1553576663 TRANSACTION 81 19 68
RECIEVED 1553576663 TRANSACTION 81 19 68
RECIEVED 1553576663 TRANSACTION 81 19 68
RECIEVED 1553576664 TRANSACTION 80 19 68
UPDATE 1553576664 TRANSACTION c229d1f0529ed9cffc52ef6f339aa5a2
SEND 1553576664 TRANSACTION 80 21939 c229d1f0529ed9cffc52ef6f339aa5a2
SEND 1553576664 TRANSACTION 80 15441 c229d1f0529ed9cffc52ef6f339aa5a2
SEND 1553576664 TRANSACTION 80 11987 c229d1f0529ed9cffc52ef6f339aa5a2
SEND 1553576664 TRANSACTION 80 11453 c229d1f0529ed9cffc52ef6f339aa5a2
SEND 1553576664 TRANSACTION 80 11311 c229d1f0529ed9cffc52ef6f339aa5a2
SEND 1553576664 TRANSACTION 80 15703 c229d1f0529ed9cffc52ef6f339aa5a2
SEND 1553576664 TRANSACTION 80 14758 c229d1f0529ed9cffc52ef6f339aa5a2
SEND 1553576664 TRANSACTION 80 14431 c229d1f0529ed9cffc52ef6f339aa5a2
SEND 1553576664 TRANSACTION 80 22248 c229d1f0529ed9cffc52ef6f339aa5a2
SEND 1553576664 TRANSACTION 80 24705 c229d1f0529ed9cffc52ef6f339aa5a2
SEND 1553576664 TRANSACTION 80 17116 c229d1f0529ed9cffc52ef6f339aa5a2
RECIEVED 1553576664 TRANSACTION 80 19 69
RECIEVED 1553576664 TRANSACTION 80 19 69
RECIEVED 1553576664 TRANSACTION 80 19 69
RECIEVED 1553576664 TRANSACTION 80 19 69
RECIEVED 1553576664 TRANSACTION 80 19 69
RECIEVED 1553576664 TRANSACTION 80 19 69
RECIEVED 1553576664 TRANSACTION 80 19 69
RECIEVED 1553576664 TRANSACTION 80 19 69
RECIEVED 1553576665 TRANSACTION 81 19 69
UPDATE 1553576665 TRANSACTION 656d777660268e507f78c9d3bb79073c
SEND 1553576665 TRANSACTION 81 22098 656d777660268e507f78c9d3bb79073c
SEND 1553576665 TRANSACTION 81 20259 656d777660268e507f78c9d3bb79073c
SEND 1553576665 TRANSACTION 81 15207 656d777660268e507f78c9d3bb79073c
SEND 1553576665 TRANSACTION 81 14305 656d777660268e507f78c9d3bb79073c
SEND 1553576665 TRANSACTION 81 14948 656d777660268e507f78c9d3bb79073c
SEND 1553576665 TRANSACTION 81 15523 656d777660268e507f78c9d3bb79073c
SEND 1553576665 TRANSACTION 81 27708 656d777660268e507f78c9d3bb79073c
SEND 1553576665 TRANSACTION 81 21108 656d777660268e507f78c9d3bb79073c
# Failed listening 
%!(EXTRA string=node9)# ERROR: EOF
SEND 1553576665 TRANSACTION 81 16743 656d777660268e507f78c9d3bb79073c
SEND 1553576665 TRANSACTION 81 20912 656d777660268e507f78c9d3bb79073c
SEND 1553576665 TRANSACTION 81 26900 656d777660268e507f78c9d3bb79073c
# Failed listening 
%!(EXTRA string=node2)# ERROR: EOF
RECIEVED 1553576665 TRANSACTION 81 19 70
RECIEVED 1553576665 TRANSACTION 81 19 70
RECIEVED 1553576665 TRANSACTION 81 19 70
RECIEVED 1553576665 TRANSACTION 81 19 70
# Failed listening 
%!(EXTRA string=node8)# ERROR: EOF
# Failed listening 
%!(EXTRA string=node17)# ERROR: EOF
# Failed listening 
%!(EXTRA string=node16)# ERROR: EOF
# Failed listening 
%!(EXTRA string=node13)# ERROR: EOF
# Failed listening 
%!(EXTRA string=node4)# ERROR: EOF
# Failed listening 
%!(EXTRA string=node10)# ERROR: EOF
RECIEVED 1553576666 TRANSACTION 81 19 70
UPDATE 1553576666 TRANSACTION 8401b49862397ee6b89a0f721aa5073b
SEND 1553576666 TRANSACTION 81 49067 8401b49862397ee6b89a0f721aa5073b
SEND 1553576666 TRANSACTION 81 29596 8401b49862397ee6b89a0f721aa5073b
SEND 1553576666 TRANSACTION 81 29021 8401b49862397ee6b89a0f721aa5073b
SEND 1553576666 TRANSACTION 81 22754 8401b49862397ee6b89a0f721aa5073b
SEND 1553576666 TRANSACTION 81 18031 8401b49862397ee6b89a0f721aa5073b
SEND 1553576666 TRANSACTION 81 17699 8401b49862397ee6b89a0f721aa5073b
# Failed sending to node node9
# ERROR: write tcp 172.22.158.205:8003->172.22.158.205:46004: write: broken pipe
# Could not send message to node9
SEND 1553576666 TRANSACTION 81 27593 8401b49862397ee6b89a0f721aa5073b
SEND 1553576666 TRANSACTION 81 21887 8401b49862397ee6b89a0f721aa5073b
SEND 1553576666 TRANSACTION 81 18178 8401b49862397ee6b89a0f721aa5073b
SEND 1553576666 TRANSACTION 81 19594 8401b49862397ee6b89a0f721aa5073b
SEND 1553576666 TRANSACTION 81 18447 8401b49862397ee6b89a0f721aa5073b
RECIEVED 1553576666 TRANSACTION 81 18 71
RECIEVED 1553576666 TRANSACTION 81 18 71
RECIEVED 1553576666 TRANSACTION 81 18 71
RECIEVED 1553576666 TRANSACTION 80 18 71
UPDATE 1553576666 TRANSACTION 0cc0de13cc9b298368b13bd4def7ac72
SEND 1553576666 TRANSACTION 80 15708 0cc0de13cc9b298368b13bd4def7ac72
# Failed sending to node node8
# ERROR: write tcp 172.22.158.205:8003->172.22.158.205:46014: write: broken pipe
# Could not send message to node8
SEND 1553576666 TRANSACTION 80 22195 0cc0de13cc9b298368b13bd4def7ac72
SEND 1553576666 TRANSACTION 80 15520 0cc0de13cc9b298368b13bd4def7ac72
SEND 1553576666 TRANSACTION 80 14370 0cc0de13cc9b298368b13bd4def7ac72
SEND 1553576666 TRANSACTION 80 14391 0cc0de13cc9b298368b13bd4def7ac72
SEND 1553576666 TRANSACTION 80 14868 0cc0de13cc9b298368b13bd4def7ac72
SEND 1553576666 TRANSACTION 80 21215 0cc0de13cc9b298368b13bd4def7ac72
SEND 1553576666 TRANSACTION 80 15418 0cc0de13cc9b298368b13bd4def7ac72
SEND 1553576666 TRANSACTION 80 12208 0cc0de13cc9b298368b13bd4def7ac72
# Failed sending to node node16
# ERROR: write tcp 172.22.158.205:8003->172.22.158.205:46230: write: broken pipe
# Could not send message to node16
# Failed sending to node node17
# ERROR: write tcp 172.22.158.205:8003->172.22.158.205:46294: write: broken pipe
# Could not send message to node17
SEND 1553576666 TRANSACTION 80 14293 0cc0de13cc9b298368b13bd4def7ac72
SEND 1553576666 TRANSACTION 80 14610 0cc0de13cc9b298368b13bd4def7ac72
RECIEVED 1553576666 TRANSACTION 80 15 72
RECIEVED 1553576666 TRANSACTION 80 15 72
RECIEVED 1553576666 TRANSACTION 80 15 72
RECIEVED 1553576666 TRANSACTION 80 15 72
RECIEVED 1553576666 TRANSACTION 80 15 72
RECIEVED 1553576666 TRANSACTION 80 15 72
RECIEVED 1553576667 TRANSACTION 80 15 72
UPDATE 1553576667 TRANSACTION b145946829f031fdf4849900e06fe51c
SEND 1553576667 TRANSACTION 80 28941 b145946829f031fdf4849900e06fe51c
SEND 1553576667 TRANSACTION 80 15322 b145946829f031fdf4849900e06fe51c
SEND 1553576667 TRANSACTION 80 15933 b145946829f031fdf4849900e06fe51c
SEND 1553576667 TRANSACTION 80 15298 b145946829f031fdf4849900e06fe51c
SEND 1553576667 TRANSACTION 80 14939 b145946829f031fdf4849900e06fe51c
SEND 1553576667 TRANSACTION 80 18032 b145946829f031fdf4849900e06fe51c
SEND 1553576667 TRANSACTION 80 13312 b145946829f031fdf4849900e06fe51c
SEND 1553576667 TRANSACTION 80 35124 b145946829f031fdf4849900e06fe51c
SEND 1553576667 TRANSACTION 80 16590 b145946829f031fdf4849900e06fe51c
SEND 1553576667 TRANSACTION 80 20142 b145946829f031fdf4849900e06fe51c
# Failed sending to node node10
# ERROR: write tcp 172.22.158.205:8003->172.22.158.205:46108: write: broken pipe
# Could not send message to node10
SEND 1553576667 TRANSACTION 80 13631 b145946829f031fdf4849900e06fe51c
RECIEVED 1553576667 TRANSACTION 80 14 73
RECIEVED 1553576667 TRANSACTION 80 14 73
RECIEVED 1553576667 TRANSACTION 80 14 73
RECIEVED 1553576668 HB 3 14 73
# Failed sending to node node2
# ERROR: write tcp 172.22.158.205:8003->172.22.158.205:46436: write: broken pipe
# Failed sending to node node2
# ERROR: write tcp 172.22.158.205:8003->172.22.158.205:46436: write: broken pipe
# recieved string JOIN node14 172.22.158.205 8014

