RECIEVED 1553545177 INTRODUCE 167 0 0
SEND 1553545177 JOIN 163 32795
RECIEVED 1553545177 TRANSACTION 209 1 0
UPDATE 1553545177 TRANSACTION dc3a38b30596c15e5201f5c4c9a507b2
SEND 1553545177 TRANSACTION 209 36642
RECIEVED 1553545177 TRANSACTION 209 1 1
UPDATE 1553545177 TRANSACTION 276bc42532a915135721f95e7f59fb2f
SEND 1553545177 TRANSACTION 209 21068
# Listen attempt 1.
# json: cannot unmarshal object into Go struct field Node.Sock of type net.Conn
RECIEVED 1553545178 TRANSACTION 209 1 2
UPDATE 1553545178 TRANSACTION aa80ee579b0c4cc1bf7f6ab106efc51a
SEND 1553545178 TRANSACTION 209 42360
RECIEVED 1553545178 TRANSACTION 209 1 3
UPDATE 1553545178 TRANSACTION f1855ae0cb0a51bf7fa36c21e8d333aa
SEND 1553545178 TRANSACTION 209 23222
RECIEVED 1553545178 TRANSACTION 208 1 4
UPDATE 1553545178 TRANSACTION 0ecadeb8e8d25a40f5c320a5380f714e
SEND 1553545178 TRANSACTION 208 26935
RECIEVED 1553545178 TRANSACTION 209 1 5
UPDATE 1553545178 TRANSACTION ead0c1b5e6cc8e7e70cff94c567f8f5c
SEND 1553545178 TRANSACTION 209 24271
RECIEVED 1553545178 TRANSACTION 210 1 6
UPDATE 1553545178 TRANSACTION 29139ad94b664f01c477a950476d74e5
SEND 1553545178 TRANSACTION 210 19753
RECIEVED 1553545178 TRANSACTION 209 1 7
UPDATE 1553545178 TRANSACTION bc997b4fb99c587058f1025ac7c48626
SEND 1553545178 TRANSACTION 209 73474
RECIEVED 1553545178 TRANSACTION 208 1 8
UPDATE 1553545178 TRANSACTION 007cfa5ed0c88397417d6a842235cfad
SEND 1553545178 TRANSACTION 208 29691
RECIEVED 1553545178 TRANSACTION 209 1 9
UPDATE 1553545178 TRANSACTION 5509269934206b25503c4c0ca4ce947e
SEND 1553545178 TRANSACTION 209 24015
RECIEVED 1553545178 HB 139 1 10
SEND 1553545178 PING 259 111314
RECIEVED 1553545178 TRANSACTION 209 1 10
UPDATE 1553545178 TRANSACTION c3986ee974e352b41ca41fe20649288c
SEND 1553545178 TRANSACTION 209 30682
# Listen attempt 1.
# json: cannot unmarshal object into Go struct field Node.Sock of type net.Conn
RECIEVED 1553545179 TRANSACTION 208 1 11
UPDATE 1553545179 TRANSACTION c161b6968d9f7116e6c05ee564968143
SEND 1553545179 TRANSACTION 208 26853
RECIEVED 1553545179 TRANSACTION 209 1 12
UPDATE 1553545179 TRANSACTION 8a16e0032bd57938df86b0a117892e1d
SEND 1553545179 TRANSACTION 209 19294
RECIEVED 1553545179 TRANSACTION 209 1 13
UPDATE 1553545179 TRANSACTION 04503f5583bf4b710815c1550a2ee900
SEND 1553545179 TRANSACTION 209 25334
RECIEVED 1553545179 TRANSACTION 208 1 14
UPDATE 1553545179 TRANSACTION 65ba1cddf5ed7eab1b7588b44c4e85f4
SEND 1553545179 TRANSACTION 208 20442
RECIEVED 1553545179 TRANSACTION 209 1 15
UPDATE 1553545179 TRANSACTION 1bd083cddb75c6f448943710a91cf33a
SEND 1553545179 TRANSACTION 209 14419
RECIEVED 1553545179 TRANSACTION 209 1 16
UPDATE 1553545179 TRANSACTION 66d6375dd8ee835984f9e0b6f8386324
SEND 1553545179 TRANSACTION 209 22401
RECIEVED 1553545179 TRANSACTION 209 1 17
UPDATE 1553545179 TRANSACTION ab1ddc04371af38ec4bd90762a9269a2
SEND 1553545179 TRANSACTION 209 18341
RECIEVED 1553545179 TRANSACTION 208 1 18
UPDATE 1553545179 TRANSACTION 2b52068153291b66afdccd744794e646
SEND 1553545179 TRANSACTION 208 24283
RECIEVED 1553545179 TRANSACTION 209 1 19
UPDATE 1553545179 TRANSACTION 1497b30597504e411f93a6d59df70c06
SEND 1553545179 TRANSACTION 209 34475
RECIEVED 1553545179 TRANSACTION 209 1 20
UPDATE 1553545179 TRANSACTION b9226c4490005fd5464d00c2b00facff
SEND 1553545179 TRANSACTION 209 23148
RECIEVED 1553545179 TRANSACTION 207 1 21
UPDATE 1553545179 TRANSACTION 27380da38c404e572b329d7aa30e9f4e
SEND 1553545179 TRANSACTION 207 33459
RECIEVED 1553545179 TRANSACTION 209 1 22
UPDATE 1553545179 TRANSACTION 83586ed460bb1eb3165c631bd0df6fec
SEND 1553545179 TRANSACTION 209 19053
RECIEVED 1553545179 TRANSACTION 209 1 23
UPDATE 1553545179 TRANSACTION de0f85abed2e87a8f3839bf692a2e312
SEND 1553545179 TRANSACTION 209 26034
RECIEVED 1553545179 HB 139 1 24
SEND 1553545179 PING 259 41235
RECIEVED 1553545179 TRANSACTION 209 1 24
UPDATE 1553545179 TRANSACTION 1583ac9d665b78888d880462fc1aea87
SEND 1553545179 TRANSACTION 209 34334
RECIEVED 1553545179 TRANSACTION 209 1 25
UPDATE 1553545179 TRANSACTION d16d1d3f1f9878fd98571343fa453a25
SEND 1553545179 TRANSACTION 209 32385
RECIEVED 1553545180 TRANSACTION 209 1 26
UPDATE 1553545180 TRANSACTION b7f6afa900a7497c574ce73110b1ec3d
SEND 1553545180 TRANSACTION 209 25662
RECIEVED 1553545180 TRANSACTION 209 1 27
UPDATE 1553545180 TRANSACTION 0f3338d57593c7c44743b40b315a1962
SEND 1553545180 TRANSACTION 209 53691
# Listen attempt 1.
# json: cannot unmarshal object into Go struct field Node.Sock of type net.Conn
RECIEVED 1553545180 TRANSACTION 210 1 28
UPDATE 1553545180 TRANSACTION 9abb7d44d3222399f215904a0dc32f43
SEND 1553545180 TRANSACTION 210 42335
RECIEVED 1553545180 TRANSACTION 209 1 29
UPDATE 1553545180 TRANSACTION 662ff76787712552819f1020893eef45
SEND 1553545180 TRANSACTION 209 33087
RECIEVED 1553545180 TRANSACTION 209 1 30
UPDATE 1553545180 TRANSACTION 54f730aac66fc15e283391130a48a0de
SEND 1553545180 TRANSACTION 209 35404
RECIEVED 1553545180 TRANSACTION 209 1 31
UPDATE 1553545180 TRANSACTION fd53c5f08507ca4cc120d9e92ffb747d
SEND 1553545180 TRANSACTION 209 42896
RECIEVED 1553545180 HB 139 1 32
SEND 1553545180 PING 259 47234
RECIEVED 1553545181 TRANSACTION 207 1 32
UPDATE 1553545181 TRANSACTION 74b5529600508060e1d9b2bb9b8c9171
SEND 1553545181 TRANSACTION 207 33416
RECIEVED 1553545181 TRANSACTION 209 1 33
UPDATE 1553545181 TRANSACTION bd67a0ba08a6260122f5386bea26bbd4
SEND 1553545181 TRANSACTION 209 25195
# Listen attempt 1.
# json: cannot unmarshal object into Go struct field Node.Sock of type net.Conn
RECIEVED 1553545181 TRANSACTION 208 1 34
UPDATE 1553545181 TRANSACTION 791200087b46ba060bf867c2b8229263
SEND 1553545181 TRANSACTION 208 25718
RECIEVED 1553545181 TRANSACTION 209 1 35
UPDATE 1553545181 TRANSACTION f14713a547a690a04f334d32fc74cef4
SEND 1553545181 TRANSACTION 209 32697
RECIEVED 1553545181 TRANSACTION 210 1 36
UPDATE 1553545181 TRANSACTION 9382a08076121deddd20b03a00e84618
SEND 1553545181 TRANSACTION 210 26539
RECIEVED 1553545181 HB 139 1 37
SEND 1553545181 PING 259 37011
RECIEVED 1553545181 TRANSACTION 208 1 37
UPDATE 1553545181 TRANSACTION 8be1eeff2b6805732a490ad0fb8f49b4
SEND 1553545181 TRANSACTION 208 25811
RECIEVED 1553545182 TRANSACTION 209 1 38
UPDATE 1553545182 TRANSACTION 2e565b569747a5a3b342e6d36afba2ea
SEND 1553545182 TRANSACTION 209 35632
RECIEVED 1553545182 TRANSACTION 208 1 39
UPDATE 1553545182 TRANSACTION 6420cc5ef59ec63947071474d9a31c14
SEND 1553545182 TRANSACTION 208 20193
RECIEVED 1553545182 TRANSACTION 209 1 40
UPDATE 1553545182 TRANSACTION 9497dc2867801e4dff95d160db818435
SEND 1553545182 TRANSACTION 209 12850
RECIEVED 1553545182 TRANSACTION 209 1 41
UPDATE 1553545182 TRANSACTION 61c83c4304394dc9b5fd64db50eba31a
SEND 1553545182 TRANSACTION 209 20947
RECIEVED 1553545182 TRANSACTION 209 1 42
UPDATE 1553545182 TRANSACTION 47936132db94d8710c4b53e93f601a82
SEND 1553545182 TRANSACTION 209 35287
# Listen attempt 1.
# json: cannot unmarshal object into Go struct field Node.Sock of type net.Conn
RECIEVED 1553545182 TRANSACTION 208 1 43
UPDATE 1553545182 TRANSACTION 2ae883fd074db2513705c547f08e9526
SEND 1553545182 TRANSACTION 208 23859
RECIEVED 1553545182 TRANSACTION 209 1 44
UPDATE 1553545182 TRANSACTION 38146c109039395c99e18300bb5a9b45
SEND 1553545182 TRANSACTION 209 36992
RECIEVED 1553545182 HB 139 1 45
SEND 1553545182 PING 259 80186
RECIEVED 1553545182 TRANSACTION 209 1 45
UPDATE 1553545182 TRANSACTION a4b6a4e5e3fb315e186ae8b0a987a0a8
SEND 1553545182 TRANSACTION 209 49362
RECIEVED 1553545183 TRANSACTION 209 1 46
UPDATE 1553545183 TRANSACTION 045bc17a5ea1a8eea1b1bf6d8e012d23
SEND 1553545183 TRANSACTION 209 40988
# Listen attempt 1.
# json: cannot unmarshal object into Go struct field Node.Sock of type net.Conn
RECIEVED 1553545183 TRANSACTION 210 1 47
UPDATE 1553545183 TRANSACTION 8811990fd66b6c103db40d7cc46b78c2
SEND 1553545183 TRANSACTION 210 28331
RECIEVED 1553545183 HB 139 1 48
SEND 1553545183 PING 259 80912
# Listen attempt 1.
# json: cannot unmarshal object into Go struct field Node.Sock of type net.Conn
RECIEVED 1553545184 HB 139 1 48
SEND 1553545184 PING 259 110106
# Listen attempt 1.
# json: cannot unmarshal object into Go struct field Node.Sock of type net.Conn
RECIEVED 1553545185 TRANSACTION 209 1 48
UPDATE 1553545185 TRANSACTION 37216934615456793360631dfcd03fb5
SEND 1553545185 TRANSACTION 209 25492
RECIEVED 1553545185 HB 139 1 49
SEND 1553545185 PING 259 78060
# Listen attempt 1.
# json: cannot unmarshal object into Go struct field Node.Sock of type net.Conn
RECIEVED 1553545186 HB 139 1 49
SEND 1553545186 PING 259 78171
RECIEVED 1553545186 TRANSACTION 209 1 49
UPDATE 1553545186 TRANSACTION 7dc2038bc7106bbcb54a407e0a0421a4
SEND 1553545186 TRANSACTION 209 21689
# Listen attempt 1.
# json: cannot unmarshal object into Go struct field Node.Sock of type net.Conn
RECIEVED 1553545187 HB 139 1 50
SEND 1553545187 PING 259 78420
RECIEVED 1553545187 TRANSACTION 208 1 50
UPDATE 1553545187 TRANSACTION cfcf2644b911a48fdf213274d397820a
SEND 1553545187 TRANSACTION 208 19565
# Listen attempt 1.
# json: cannot unmarshal object into Go struct field Node.Sock of type net.Conn
RECIEVED 1553545188 HB 139 1 51
SEND 1553545188 PING 259 76622
RECIEVED 1553545188 TRANSACTION 208 1 51
UPDATE 1553545188 TRANSACTION ed6912fadcdcaf5c10dee1894e66cb33
SEND 1553545188 TRANSACTION 208 66273
# Listen attempt 1.
# json: cannot unmarshal object into Go struct field Node.Sock of type net.Conn
# Listen attempt 2.
# json: cannot unmarshal object into Go struct field Node.Sock of type net.Conn
# Listen attempt 3.
# json: cannot unmarshal object into Go struct field Node.Sock of type net.Conn
# Could not recieve message properly
RECIEVED 1553545192 HB 139 1 52
# Removing node5:172.22.94.216:8005 from members
RECIEVED 1553545193 HB 139 0 52
RECIEVED 1553545196 HB 139 0 52
RECIEVED 1553545198 HB 139 0 52
RECIEVED 1553545199 HB 139 0 52
RECIEVED 1553545200 HB 139 0 52
RECIEVED 1553545200 TRANSACTION 208 0 52
UPDATE 1553545200 TRANSACTION 9f8450f0294db5d934867a7f5d33c1e5
RECIEVED 1553545202 HB 139 0 53
RECIEVED 1553545208 HB 139 0 53
RECIEVED 1553545208 HB 139 0 53
RECIEVED 1553545209 HB 139 0 53
RECIEVED 1553545209 TRANSACTION 209 0 53
UPDATE 1553545209 TRANSACTION 72dd10b7b0cb2f9c3ce57929e5c39f07
RECIEVED 1553545211 HB 139 0 54
RECIEVED 1553545212 HB 139 0 54
RECIEVED 1553545213 TRANSACTION 208 0 54
UPDATE 1553545213 TRANSACTION 42839000400b240118e5981ac53a9f92
RECIEVED 1553545214 HB 139 0 55
RECIEVED 1553545215 HB 139 0 55
RECIEVED 1553545217 TRANSACTION 209 0 55
UPDATE 1553545217 TRANSACTION dc49de35768b31be7566cda18a2d3650
RECIEVED 1553545218 HB 139 0 56
RECIEVED 1553545219 HB 139 0 56
RECIEVED 1553545220 HB 139 0 56
RECIEVED 1553545224 HB 139 0 56
RECIEVED 1553545224 TRANSACTION 210 0 56
UPDATE 1553545224 TRANSACTION 2c76879a05a7adfbd322e787a82206fc
RECIEVED 1553545225 HB 139 0 57
RECIEVED 1553545226 HB 139 0 57
RECIEVED 1553545231 HB 139 0 57
RECIEVED 1553545232 HB 139 0 57
RECIEVED 1553545233 HB 139 0 57
RECIEVED 1553545234 HB 139 0 57
RECIEVED 1553545235 HB 139 0 57
RECIEVED 1553545240 HB 139 0 57
RECIEVED 1553545243 HB 139 0 57
RECIEVED 1553545245 HB 139 0 57
RECIEVED 1553545246 HB 139 0 57
RECIEVED 1553545247 HB 139 0 57
RECIEVED 1553545248 HB 139 0 57
RECIEVED 1553545253 TRANSACTION 209 0 57
UPDATE 1553545253 TRANSACTION cbab2a26fc85146c1cdf86becd139d46
RECIEVED 1553545254 HB 139 0 58
RECIEVED 1553545257 HB 139 0 58
RECIEVED 1553545258 HB 139 0 58
RECIEVED 1553545259 HB 139 0 58
RECIEVED 1553545260 TRANSACTION 209 0 58
UPDATE 1553545260 TRANSACTION 5b2306ef6812a493b89f78ae1fc81189
RECIEVED 1553545260 HB 139 0 59
RECIEVED 1553545261 HB 139 0 59
RECIEVED 1553545263 HB 139 0 59
RECIEVED 1553545267 TRANSACTION 208 0 59
UPDATE 1553545267 TRANSACTION 6ffa929bf2a8bdef276ab6d8038cf2cb
RECIEVED 1553545267 HB 139 0 60
RECIEVED 1553545268 HB 139 0 60
RECIEVED 1553545269 HB 139 0 60
RECIEVED 1553545270 HB 139 0 60
RECIEVED 1553545271 HB 139 0 60
RECIEVED 1553545272 HB 139 0 60
RECIEVED 1553545275 HB 139 0 60
RECIEVED 1553545276 HB 139 0 60
RECIEVED 1553545277 HB 139 0 60
RECIEVED 1553545279 HB 139 0 60
RECIEVED 1553545279 TRANSACTION 209 0 60
UPDATE 1553545279 TRANSACTION f960ce0debbb51fc294142d6213c8e20
RECIEVED 1553545280 HB 139 0 61
RECIEVED 1553545282 HB 139 0 61
RECIEVED 1553545284 HB 139 0 61
RECIEVED 1553545285 HB 139 0 61
RECIEVED 1553545286 HB 139 0 61
RECIEVED 1553545287 HB 139 0 61
RECIEVED 1553545289 HB 139 0 61
RECIEVED 1553545290 HB 139 0 61
RECIEVED 1553545291 HB 139 0 61
RECIEVED 1553545292 HB 139 0 61
RECIEVED 1553545293 HB 139 0 61
RECIEVED 1553545295 HB 139 0 61
RECIEVED 1553545300 HB 139 0 61
RECIEVED 1553545301 HB 139 0 61
RECIEVED 1553545302 HB 139 0 61
RECIEVED 1553545303 HB 139 0 61
RECIEVED 1553545304 HB 139 0 61
RECIEVED 1553545305 HB 139 0 61
RECIEVED 1553545306 HB 139 0 61
RECIEVED 1553545308 HB 139 0 61
RECIEVED 1553545309 HB 139 0 61
RECIEVED 1553545310 HB 139 0 61
RECIEVED 1553545311 HB 139 0 61
RECIEVED 1553545312 HB 139 0 61
RECIEVED 1553545313 HB 139 0 61
RECIEVED 1553545314 HB 139 0 61
RECIEVED 1553545318 TRANSACTION 209 0 61
UPDATE 1553545318 TRANSACTION 52c1affd9269332627aaac19a89c4e61
RECIEVED 1553545318 HB 139 0 62
RECIEVED 1553545319 HB 139 0 62
RECIEVED 1553545320 HB 139 0 62
RECIEVED 1553545321 HB 139 0 62
RECIEVED 1553545322 HB 139 0 62
RECIEVED 1553545324 HB 139 0 62
RECIEVED 1553545324 DIE 140 0 62
