RECIEVED 1553545177 INTRODUCE 168 0 0
SEND 1553545177 JOIN 163 35603
RECIEVED 1553545177 TRANSACTION 209 1 0
UPDATE 1553545177 TRANSACTION b005ee7e89820e46fdc706df672f6b93
SEND 1553545177 TRANSACTION 209 29493
RECIEVED 1553545177 TRANSACTION 209 1 1
UPDATE 1553545177 TRANSACTION f1855ae0cb0a51bf7fa36c21e8d333aa
SEND 1553545177 TRANSACTION 209 205692
RECIEVED 1553545178 TRANSACTION 209 1 2
UPDATE 1553545178 TRANSACTION ead0c1b5e6cc8e7e70cff94c567f8f5c
SEND 1553545178 TRANSACTION 209 31893
RECIEVED 1553545178 TRANSACTION 210 1 3
UPDATE 1553545178 TRANSACTION 29139ad94b664f01c477a950476d74e5
SEND 1553545178 TRANSACTION 210 29088
RECIEVED 1553545178 TRANSACTION 209 1 4
UPDATE 1553545178 TRANSACTION bc997b4fb99c587058f1025ac7c48626
SEND 1553545178 TRANSACTION 209 63538
RECIEVED 1553545178 TRANSACTION 208 1 5
UPDATE 1553545178 TRANSACTION 007cfa5ed0c88397417d6a842235cfad
SEND 1553545178 TRANSACTION 208 34419
# Listen attempt 1.
# json: cannot unmarshal object into Go struct field Node.Sock of type net.Conn
RECIEVED 1553545178 TRANSACTION 209 1 6
UPDATE 1553545178 TRANSACTION 5509269934206b25503c4c0ca4ce947e
SEND 1553545178 TRANSACTION 209 42402
RECIEVED 1553545178 TRANSACTION 209 1 7
UPDATE 1553545178 TRANSACTION b6d5578765c2cbad841bdd43a830c0fd
SEND 1553545178 TRANSACTION 209 26773
RECIEVED 1553545178 HB 139 1 8
SEND 1553545178 PING 260 95317
RECIEVED 1553545178 TRANSACTION 209 1 8
UPDATE 1553545178 TRANSACTION c3986ee974e352b41ca41fe20649288c
SEND 1553545178 TRANSACTION 209 36785
RECIEVED 1553545179 TRANSACTION 208 1 9
UPDATE 1553545179 TRANSACTION c161b6968d9f7116e6c05ee564968143
SEND 1553545179 TRANSACTION 208 34062
RECIEVED 1553545179 TRANSACTION 209 1 10
UPDATE 1553545179 TRANSACTION 8a16e0032bd57938df86b0a117892e1d
SEND 1553545179 TRANSACTION 209 21726
RECIEVED 1553545179 TRANSACTION 209 1 11
UPDATE 1553545179 TRANSACTION 04503f5583bf4b710815c1550a2ee900
SEND 1553545179 TRANSACTION 209 36876
RECIEVED 1553545179 TRANSACTION 208 1 12
UPDATE 1553545179 TRANSACTION 65ba1cddf5ed7eab1b7588b44c4e85f4
SEND 1553545179 TRANSACTION 208 23761
RECIEVED 1553545179 TRANSACTION 209 1 13
UPDATE 1553545179 TRANSACTION 66d6375dd8ee835984f9e0b6f8386324
SEND 1553545179 TRANSACTION 209 37561
RECIEVED 1553545179 TRANSACTION 209 1 14
UPDATE 1553545179 TRANSACTION 1bd083cddb75c6f448943710a91cf33a
SEND 1553545179 TRANSACTION 209 36559
RECIEVED 1553545179 TRANSACTION 207 1 15
UPDATE 1553545179 TRANSACTION eedf3845b792194a8624a58e3d56bdf7
SEND 1553545179 TRANSACTION 207 34581
RECIEVED 1553545179 TRANSACTION 207 1 16
UPDATE 1553545179 TRANSACTION e3a5bc7ef598991c288576c0c51ad47a
SEND 1553545179 TRANSACTION 207 29701
RECIEVED 1553545179 TRANSACTION 209 1 17
UPDATE 1553545179 TRANSACTION b9226c4490005fd5464d00c2b00facff
SEND 1553545179 TRANSACTION 209 30306
# Listen attempt 1.
# json: cannot unmarshal object into Go struct field Node.Sock of type net.Conn
RECIEVED 1553545179 TRANSACTION 207 1 18
UPDATE 1553545179 TRANSACTION 27380da38c404e572b329d7aa30e9f4e
SEND 1553545179 TRANSACTION 207 32148
RECIEVED 1553545179 TRANSACTION 209 1 19
UPDATE 1553545179 TRANSACTION 83586ed460bb1eb3165c631bd0df6fec
SEND 1553545179 TRANSACTION 209 44236
RECIEVED 1553545179 TRANSACTION 209 1 20
UPDATE 1553545179 TRANSACTION de0f85abed2e87a8f3839bf692a2e312
SEND 1553545179 TRANSACTION 209 31488
RECIEVED 1553545179 TRANSACTION 209 1 21
UPDATE 1553545179 TRANSACTION 939c5304541ce895dc573bcc388a682f
SEND 1553545179 TRANSACTION 209 22590
RECIEVED 1553545179 TRANSACTION 209 1 22
UPDATE 1553545179 TRANSACTION 1583ac9d665b78888d880462fc1aea87
SEND 1553545179 TRANSACTION 209 37563
RECIEVED 1553545180 HB 139 1 23
SEND 1553545180 PING 260 40496
RECIEVED 1553545180 TRANSACTION 209 1 23
UPDATE 1553545180 TRANSACTION d16d1d3f1f9878fd98571343fa453a25
SEND 1553545180 TRANSACTION 209 23113
RECIEVED 1553545180 TRANSACTION 209 1 24
UPDATE 1553545180 TRANSACTION 71a4449f0883b77f0811bcceccc8c11b
SEND 1553545180 TRANSACTION 209 34531
RECIEVED 1553545180 TRANSACTION 209 1 25
UPDATE 1553545180 TRANSACTION 0f3338d57593c7c44743b40b315a1962
SEND 1553545180 TRANSACTION 209 35927
RECIEVED 1553545180 TRANSACTION 208 1 26
UPDATE 1553545180 TRANSACTION 5f76ae0e5f185801144d6dc68ec63d5c
SEND 1553545180 TRANSACTION 208 34868
RECIEVED 1553545180 TRANSACTION 208 1 27
UPDATE 1553545180 TRANSACTION 61059b7808debd1a91be4abee0b9793c
SEND 1553545180 TRANSACTION 208 35096
RECIEVED 1553545180 TRANSACTION 210 1 28
UPDATE 1553545180 TRANSACTION c7a28892c1bd3abf6937c4786b60cf1f
SEND 1553545180 TRANSACTION 210 44419
RECIEVED 1553545180 TRANSACTION 209 1 29
UPDATE 1553545180 TRANSACTION 662ff76787712552819f1020893eef45
SEND 1553545180 TRANSACTION 209 32582
RECIEVED 1553545180 TRANSACTION 209 1 30
UPDATE 1553545180 TRANSACTION 05fb8b2f51317e229f7fe1a0e2c9b403
SEND 1553545180 TRANSACTION 209 36523
# Listen attempt 1.
# json: cannot unmarshal object into Go struct field Node.Sock of type net.Conn
RECIEVED 1553545180 TRANSACTION 209 1 31
UPDATE 1553545180 TRANSACTION 54f730aac66fc15e283391130a48a0de
SEND 1553545180 TRANSACTION 209 36256
RECIEVED 1553545180 TRANSACTION 209 1 32
UPDATE 1553545180 TRANSACTION fd53c5f08507ca4cc120d9e92ffb747d
SEND 1553545180 TRANSACTION 209 31292
RECIEVED 1553545180 TRANSACTION 209 1 33
UPDATE 1553545180 TRANSACTION 43f18b8963c5886889a30b9a0251c390
SEND 1553545180 TRANSACTION 209 139116
RECIEVED 1553545181 TRANSACTION 207 1 34
UPDATE 1553545181 TRANSACTION 74b5529600508060e1d9b2bb9b8c9171
SEND 1553545181 TRANSACTION 207 24615
RECIEVED 1553545181 HB 139 1 35
SEND 1553545181 PING 260 73261
RECIEVED 1553545181 TRANSACTION 209 1 35
UPDATE 1553545181 TRANSACTION bd67a0ba08a6260122f5386bea26bbd4
SEND 1553545181 TRANSACTION 209 21304
RECIEVED 1553545181 TRANSACTION 209 1 36
UPDATE 1553545181 TRANSACTION a3a4858e1c1d2c02dd24c8c2c4fe7334
SEND 1553545181 TRANSACTION 209 26592
RECIEVED 1553545181 TRANSACTION 209 1 37
UPDATE 1553545181 TRANSACTION f14713a547a690a04f334d32fc74cef4
SEND 1553545181 TRANSACTION 209 28661
# Listen attempt 1.
# json: cannot unmarshal object into Go struct field Node.Sock of type net.Conn
RECIEVED 1553545181 TRANSACTION 210 1 38
UPDATE 1553545181 TRANSACTION 9382a08076121deddd20b03a00e84618
SEND 1553545181 TRANSACTION 210 22404
RECIEVED 1553545181 TRANSACTION 208 1 39
UPDATE 1553545181 TRANSACTION 6420cc5ef59ec63947071474d9a31c14
SEND 1553545181 TRANSACTION 208 234388
RECIEVED 1553545181 TRANSACTION 208 1 40
UPDATE 1553545181 TRANSACTION fb8e53e83188ad3a213746648a55157d
SEND 1553545181 TRANSACTION 208 24011
RECIEVED 1553545182 TRANSACTION 209 1 41
UPDATE 1553545182 TRANSACTION 9497dc2867801e4dff95d160db818435
SEND 1553545182 TRANSACTION 209 39603
RECIEVED 1553545182 HB 139 1 42
SEND 1553545182 PING 260 43183
RECIEVED 1553545182 TRANSACTION 208 1 42
UPDATE 1553545182 TRANSACTION 8be1eeff2b6805732a490ad0fb8f49b4
SEND 1553545182 TRANSACTION 208 29639
RECIEVED 1553545182 TRANSACTION 209 1 43
UPDATE 1553545182 TRANSACTION 2e565b569747a5a3b342e6d36afba2ea
SEND 1553545182 TRANSACTION 209 37511
RECIEVED 1553545182 TRANSACTION 208 1 44
UPDATE 1553545182 TRANSACTION 2ae883fd074db2513705c547f08e9526
SEND 1553545182 TRANSACTION 208 34029
RECIEVED 1553545182 TRANSACTION 209 1 45
UPDATE 1553545182 TRANSACTION dd4683fcb4a42c90888ef2d40013f4c4
SEND 1553545182 TRANSACTION 209 36260
# Listen attempt 1.
# json: cannot unmarshal object into Go struct field Node.Sock of type net.Conn
RECIEVED 1553545182 TRANSACTION 210 1 46
UPDATE 1553545182 TRANSACTION da4c2cf808a35cfff0df8a6f332345d1
SEND 1553545182 TRANSACTION 210 35919
RECIEVED 1553545182 TRANSACTION 209 1 47
UPDATE 1553545182 TRANSACTION 357f603ceec2db8b7b1618862ad2f399
SEND 1553545182 TRANSACTION 209 27416
RECIEVED 1553545182 TRANSACTION 209 1 48
UPDATE 1553545182 TRANSACTION db188e0118adcd1c65c4df4539da18cf
SEND 1553545182 TRANSACTION 209 33702
RECIEVED 1553545182 TRANSACTION 209 1 49
UPDATE 1553545182 TRANSACTION 79366f5b1110b7adb469161235bf388d
SEND 1553545182 TRANSACTION 209 29787
RECIEVED 1553545182 TRANSACTION 209 1 50
UPDATE 1553545182 TRANSACTION bf3cb988a33e7e87b6d381ad84d7ccaf
SEND 1553545182 TRANSACTION 209 23128
RECIEVED 1553545183 HB 139 1 51
SEND 1553545183 PING 260 70949
RECIEVED 1553545183 TRANSACTION 209 1 51
UPDATE 1553545183 TRANSACTION ffcefe726756d1b2ec34914127a74616
SEND 1553545183 TRANSACTION 209 49478
RECIEVED 1553545183 TRANSACTION 209 1 52
UPDATE 1553545183 TRANSACTION 0b74cb51f630d7c6cda2ce4003505c53
SEND 1553545183 TRANSACTION 209 21184
RECIEVED 1553545183 TRANSACTION 208 1 53
UPDATE 1553545183 TRANSACTION 3d4e36aa61c7c9a3b1b4688213ca89fe
SEND 1553545183 TRANSACTION 208 26817
RECIEVED 1553545183 TRANSACTION 209 1 54
UPDATE 1553545183 TRANSACTION 5e2166278ad6eb13697fe062b74f6a1b
SEND 1553545183 TRANSACTION 209 28643
RECIEVED 1553545183 TRANSACTION 209 1 55
UPDATE 1553545183 TRANSACTION 00c9ca3294274b140b72481b2168c75d
SEND 1553545183 TRANSACTION 209 33817
RECIEVED 1553545183 TRANSACTION 209 1 56
UPDATE 1553545183 TRANSACTION e0133a59a14b992cfda2cd7c9aa648ca
SEND 1553545183 TRANSACTION 209 57317
# Listen attempt 1.
# json: cannot unmarshal object into Go struct field Node.Sock of type net.Conn
RECIEVED 1553545183 TRANSACTION 209 1 57
UPDATE 1553545183 TRANSACTION 7f12bcaa03820307c9feb9a4bb4981a6
SEND 1553545183 TRANSACTION 209 26964
RECIEVED 1553545183 TRANSACTION 209 1 58
UPDATE 1553545183 TRANSACTION f97eb054de8607ca0a9ceb3ad8dd4c60
SEND 1553545183 TRANSACTION 209 38234
RECIEVED 1553545183 TRANSACTION 207 1 59
UPDATE 1553545183 TRANSACTION 658e4e80369924cef1f9f4e1d55e8aa0
SEND 1553545183 TRANSACTION 207 33657
RECIEVED 1553545183 TRANSACTION 209 1 60
UPDATE 1553545183 TRANSACTION 251ddac5f86595333a38d6c2c2f080e4
SEND 1553545183 TRANSACTION 209 32757
RECIEVED 1553545184 HB 139 1 61
SEND 1553545184 PING 260 83351
RECIEVED 1553545184 TRANSACTION 207 1 61
UPDATE 1553545184 TRANSACTION 7c03de5eb1a436d1a32ae67e244bea72
SEND 1553545184 TRANSACTION 207 26912
RECIEVED 1553545184 TRANSACTION 209 1 62
UPDATE 1553545184 TRANSACTION 8b78b985475ec4b6a6a2fab51d942a8a
SEND 1553545184 TRANSACTION 209 27545
RECIEVED 1553545184 TRANSACTION 209 1 63
UPDATE 1553545184 TRANSACTION fb4efedebd0009147ed8fb01c8578910
SEND 1553545184 TRANSACTION 209 40289
RECIEVED 1553545184 TRANSACTION 209 1 64
UPDATE 1553545184 TRANSACTION 55b951fdcab6cc3b950b875519f4d47e
SEND 1553545184 TRANSACTION 209 34950
RECIEVED 1553545184 TRANSACTION 209 1 65
UPDATE 1553545184 TRANSACTION ad616752916e01f51fef952aad0d8800
SEND 1553545184 TRANSACTION 209 48277
RECIEVED 1553545184 TRANSACTION 208 1 66
UPDATE 1553545184 TRANSACTION 1cfce93ebfd8978edc1e211a551b3eab
SEND 1553545184 TRANSACTION 208 43493
RECIEVED 1553545184 TRANSACTION 208 1 67
UPDATE 1553545184 TRANSACTION 2017b525db7ba90c01ea3e89837b89ee
SEND 1553545184 TRANSACTION 208 47916
RECIEVED 1553545184 TRANSACTION 208 1 68
UPDATE 1553545184 TRANSACTION 4df120a11cfd0718a4c8b04befc6d05f
SEND 1553545184 TRANSACTION 208 31223
# Listen attempt 1.
# json: cannot unmarshal object into Go struct field Node.Sock of type net.Conn
RECIEVED 1553545184 TRANSACTION 208 1 69
UPDATE 1553545184 TRANSACTION 1c7d6f451ad6c9dafecd489cc895b03e
SEND 1553545184 TRANSACTION 208 34650
RECIEVED 1553545184 TRANSACTION 209 1 70
UPDATE 1553545184 TRANSACTION a4b6a4e5e3fb315e186ae8b0a987a0a8
SEND 1553545184 TRANSACTION 209 31546
RECIEVED 1553545184 TRANSACTION 209 1 71
UPDATE 1553545184 TRANSACTION 3870910cd2e8ffb3623aeaac9db316aa
SEND 1553545184 TRANSACTION 209 20044
RECIEVED 1553545184 TRANSACTION 209 1 72
UPDATE 1553545184 TRANSACTION 045bc17a5ea1a8eea1b1bf6d8e012d23
SEND 1553545184 TRANSACTION 209 34083
RECIEVED 1553545184 TRANSACTION 209 1 73
UPDATE 1553545184 TRANSACTION 69f06034d6b03a41a27c7a2fcb5154c8
SEND 1553545184 TRANSACTION 209 43774
RECIEVED 1553545184 TRANSACTION 209 1 74
UPDATE 1553545184 TRANSACTION 40fac106e7103532550b9181b6f66e94
SEND 1553545184 TRANSACTION 209 34863
RECIEVED 1553545184 TRANSACTION 210 1 75
UPDATE 1553545184 TRANSACTION fd36986289b8e49978d6357ef90d62de
SEND 1553545184 TRANSACTION 210 28455
RECIEVED 1553545184 TRANSACTION 209 1 76
UPDATE 1553545184 TRANSACTION 49935752cf118c0816383b9fd42efdfa
SEND 1553545184 TRANSACTION 209 53416
RECIEVED 1553545184 TRANSACTION 209 1 77
UPDATE 1553545184 TRANSACTION dc67c43cac5a3b93f8714a317d628b98
SEND 1553545184 TRANSACTION 209 27115
RECIEVED 1553545185 HB 139 1 78
SEND 1553545185 PING 260 76205
RECIEVED 1553545185 TRANSACTION 209 1 78
UPDATE 1553545185 TRANSACTION 52b00fd6b9e74d27b568b9c326902a46
SEND 1553545185 TRANSACTION 209 27619
# Listen attempt 1.
# json: cannot unmarshal object into Go struct field Node.Sock of type net.Conn
RECIEVED 1553545185 TRANSACTION 209 1 79
UPDATE 1553545185 TRANSACTION a68f152020d20721dd5aa848d1eb08be
SEND 1553545185 TRANSACTION 209 148554
RECIEVED 1553545185 TRANSACTION 209 1 80
UPDATE 1553545185 TRANSACTION 39b9c7f476502bd1f6db88a1b5f75234
SEND 1553545185 TRANSACTION 209 71857
RECIEVED 1553545185 TRANSACTION 209 1 81
UPDATE 1553545185 TRANSACTION 9164833152045f2681ff1f540d015dad
SEND 1553545185 TRANSACTION 209 18087
RECIEVED 1553545186 HB 139 1 82
SEND 1553545186 PING 260 82818
RECIEVED 1553545186 TRANSACTION 209 1 82
UPDATE 1553545186 TRANSACTION be3dce4497e8ac789d6482988c9391f8
SEND 1553545186 TRANSACTION 209 47198
RECIEVED 1553545186 TRANSACTION 209 1 83
UPDATE 1553545186 TRANSACTION e561ace0c40c48fbfd175588e9762392
SEND 1553545186 TRANSACTION 209 56579
RECIEVED 1553545186 TRANSACTION 208 1 84
UPDATE 1553545186 TRANSACTION 05c170b0c2dc46485374e3064103568a
SEND 1553545186 TRANSACTION 208 34032
RECIEVED 1553545186 TRANSACTION 209 1 85
UPDATE 1553545186 TRANSACTION 1891da92a9319f009d848c65a312f87b
SEND 1553545186 TRANSACTION 209 17101
RECIEVED 1553545186 TRANSACTION 209 1 86
UPDATE 1553545186 TRANSACTION 45e0d536e4858556a26f28ed89d66467
SEND 1553545186 TRANSACTION 209 20155
RECIEVED 1553545186 TRANSACTION 209 1 87
UPDATE 1553545186 TRANSACTION 6478c7b68dccd09d186fbe90d5638f83
SEND 1553545186 TRANSACTION 209 32910
# Listen attempt 1.
# json: cannot unmarshal object into Go struct field Node.Sock of type net.Conn
RECIEVED 1553545186 TRANSACTION 209 1 88
UPDATE 1553545186 TRANSACTION 61de95b42bd1b6b88098b52661bc5728
SEND 1553545186 TRANSACTION 209 26546
RECIEVED 1553545186 TRANSACTION 209 1 89
UPDATE 1553545186 TRANSACTION 502599ae9c058c5089e29d1a5e7373a0
SEND 1553545186 TRANSACTION 209 41272
RECIEVED 1553545186 TRANSACTION 209 1 90
UPDATE 1553545186 TRANSACTION 4b9e2bfb9ba907d4e2b9924dfda8a119
SEND 1553545186 TRANSACTION 209 50135
RECIEVED 1553545186 TRANSACTION 209 1 91
UPDATE 1553545186 TRANSACTION c85ec8034168cdbd9000f5acecf291ed
SEND 1553545186 TRANSACTION 209 42792
RECIEVED 1553545187 HB 139 1 92
SEND 1553545187 PING 260 77663
RECIEVED 1553545187 TRANSACTION 209 1 92
UPDATE 1553545187 TRANSACTION 37216934615456793360631dfcd03fb5
SEND 1553545187 TRANSACTION 209 22561
RECIEVED 1553545187 TRANSACTION 209 1 93
UPDATE 1553545187 TRANSACTION 35d8980aa3dcbac4b083d64d0e98953c
SEND 1553545187 TRANSACTION 209 30624
# Listen attempt 1.
# json: cannot unmarshal object into Go struct field Node.Sock of type net.Conn
RECIEVED 1553545187 TRANSACTION 209 1 94
UPDATE 1553545187 TRANSACTION dba59eca3725087d8f1e830036a8b834
SEND 1553545187 TRANSACTION 209 29218
RECIEVED 1553545187 TRANSACTION 209 1 95
UPDATE 1553545187 TRANSACTION 7eef017eb7be1ad6bc062c9549563618
SEND 1553545187 TRANSACTION 209 27899
RECIEVED 1553545187 TRANSACTION 208 1 96
UPDATE 1553545187 TRANSACTION dcf4fa46b1db4351767c2ee21ebb0b69
SEND 1553545187 TRANSACTION 208 32325
RECIEVED 1553545187 TRANSACTION 209 1 97
UPDATE 1553545187 TRANSACTION f0b1d34c197045ab8c9a3657ba9aa328
SEND 1553545187 TRANSACTION 209 23534
RECIEVED 1553545188 TRANSACTION 209 1 98
UPDATE 1553545188 TRANSACTION b3cda5b65534cf9b10a1c86a18a27970
SEND 1553545188 TRANSACTION 209 33657
RECIEVED 1553545188 TRANSACTION 208 1 99
UPDATE 1553545188 TRANSACTION 88550699926f0ed2fa189f302c933c1b
SEND 1553545188 TRANSACTION 208 29420
RECIEVED 1553545188 HB 139 1 100
SEND 1553545188 PING 260 51159
RECIEVED 1553545188 TRANSACTION 209 1 100
UPDATE 1553545188 TRANSACTION 6e1521a981934ccbb4d91eaf51f8edb6
SEND 1553545188 TRANSACTION 209 30711
RECIEVED 1553545188 TRANSACTION 210 1 101
UPDATE 1553545188 TRANSACTION cbee2e881643cada70ccaf160523c832
SEND 1553545188 TRANSACTION 210 26883
RECIEVED 1553545188 TRANSACTION 208 1 102
UPDATE 1553545188 TRANSACTION ff40933c0a2d58688f3eca66adea49c8
SEND 1553545188 TRANSACTION 208 30640
RECIEVED 1553545188 TRANSACTION 208 1 103
UPDATE 1553545188 TRANSACTION 7c1de879b4d02b8a6df847fb6b41fba3
SEND 1553545188 TRANSACTION 208 133436
# Listen attempt 1.
# json: cannot unmarshal object into Go struct field Node.Sock of type net.Conn
RECIEVED 1553545188 TRANSACTION 208 1 104
UPDATE 1553545188 TRANSACTION 9141d41b2c91f357ded26ba482ce96f0
SEND 1553545188 TRANSACTION 208 36646
RECIEVED 1553545188 TRANSACTION 208 1 105
UPDATE 1553545188 TRANSACTION 1e346b73f88e54eb98530835f28c40be
SEND 1553545188 TRANSACTION 208 37175
RECIEVED 1553545188 TRANSACTION 208 1 106
RECIEVED 1553545188 TRANSACTION 209 1 106
UPDATE 1553545188 TRANSACTION e2cdb5b758fcac4532ea483dcc15cf6a
SEND 1553545188 TRANSACTION 209 23064
RECIEVED 1553545188 TRANSACTION 210 1 107
UPDATE 1553545188 TRANSACTION 83145455d01d14c5e307dc2d30d497f5
SEND 1553545188 TRANSACTION 210 20727
RECIEVED 1553545189 HB 139 1 108
SEND 1553545189 PING 260 44004
# Listen attempt 1.
# json: cannot unmarshal object into Go struct field Node.Sock of type net.Conn
RECIEVED 1553545189 TRANSACTION 210 1 108
UPDATE 1553545189 TRANSACTION 17c3988f73239b6596aaadf06f46e642
SEND 1553545189 TRANSACTION 210 24692
RECIEVED 1553545189 TRANSACTION 209 1 109
UPDATE 1553545189 TRANSACTION eb65322ff2c5447b1467acb55e89ba80
SEND 1553545189 TRANSACTION 209 6698
RECIEVED 1553545189 TRANSACTION 209 1 110
UPDATE 1553545189 TRANSACTION c19bccfeeb5993bc51b923a9cac23590
SEND 1553545189 TRANSACTION 209 28843
RECIEVED 1553545189 TRANSACTION 209 1 111
UPDATE 1553545189 TRANSACTION 151426c360e76232f30f40fe16c2e0b3
SEND 1553545189 TRANSACTION 209 31895
RECIEVED 1553545189 TRANSACTION 209 1 112
UPDATE 1553545189 TRANSACTION 326bae5a5b028272ccad07d07dc8ebd1
SEND 1553545189 TRANSACTION 209 20800
RECIEVED 1553545190 TRANSACTION 209 1 113
UPDATE 1553545190 TRANSACTION b1e4233def99b9245015b4a9a3a34e6b
SEND 1553545190 TRANSACTION 209 32357
RECIEVED 1553545190 HB 139 1 114
SEND 1553545190 PING 260 75191
RECIEVED 1553545190 TRANSACTION 208 1 114
UPDATE 1553545190 TRANSACTION 6c62d1cce302afce97f000e97c2375c8
SEND 1553545190 TRANSACTION 208 17768
# Listen attempt 1.
# json: cannot unmarshal object into Go struct field Node.Sock of type net.Conn
RECIEVED 1553545191 HB 139 1 115
SEND 1553545191 PING 260 73491
RECIEVED 1553545191 TRANSACTION 208 1 115
UPDATE 1553545191 TRANSACTION 55d1e1bf20c9ded16ac0d89965f2796a
SEND 1553545191 TRANSACTION 208 26903
RECIEVED 1553545191 TRANSACTION 209 1 116
UPDATE 1553545191 TRANSACTION f896da97f9ad13cccca39fab12fdc6c9
SEND 1553545191 TRANSACTION 209 21086
RECIEVED 1553545191 TRANSACTION 208 1 117
UPDATE 1553545191 TRANSACTION ee9ddbc078d6d27637f928a5ce6b9b17
SEND 1553545191 TRANSACTION 208 26089
RECIEVED 1553545191 TRANSACTION 209 1 118
UPDATE 1553545191 TRANSACTION 5d17515339bf527ad00a7e8db192f507
SEND 1553545191 TRANSACTION 209 449960
# Listen attempt 1.
# json: cannot unmarshal object into Go struct field Node.Sock of type net.Conn
RECIEVED 1553545191 TRANSACTION 208 1 119
UPDATE 1553545191 TRANSACTION 6aa5b1d9525e2a8cd6d2ce0814efad1c
SEND 1553545191 TRANSACTION 208 27564
RECIEVED 1553545191 TRANSACTION 210 1 120
UPDATE 1553545191 TRANSACTION 5ee612132c8f06fadd2244cc75d0e365
SEND 1553545191 TRANSACTION 210 20594
RECIEVED 1553545191 TRANSACTION 209 1 121
UPDATE 1553545191 TRANSACTION 8d61924cb1fe29b19b2947f83f0b25d1
SEND 1553545191 TRANSACTION 209 65092
RECIEVED 1553545191 TRANSACTION 211 1 122
UPDATE 1553545191 TRANSACTION 11dd895d0ff4e7b92e417290dcc66156
SEND 1553545191 TRANSACTION 211 32964
RECIEVED 1553545191 TRANSACTION 209 1 123
UPDATE 1553545191 TRANSACTION c71f69f8490d5af930485074e229c971
SEND 1553545191 TRANSACTION 209 187698
RECIEVED 1553545191 TRANSACTION 209 1 124
UPDATE 1553545191 TRANSACTION 6c63479c23e4876ab6a71979baca7d0b
SEND 1553545191 TRANSACTION 209 23785
RECIEVED 1553545191 TRANSACTION 208 1 125
UPDATE 1553545191 TRANSACTION cdc27da20f701e96ba258457ebe6f47c
SEND 1553545191 TRANSACTION 208 27918
RECIEVED 1553545192 TRANSACTION 209 1 126
UPDATE 1553545192 TRANSACTION 112beb7a952b99d03ac4ee9b61d0a998
SEND 1553545192 TRANSACTION 209 52183
RECIEVED 1553545192 TRANSACTION 208 1 127
UPDATE 1553545192 TRANSACTION 0c065a6bf135bb66c8d1bb80e743a3ba
SEND 1553545192 TRANSACTION 208 28989
RECIEVED 1553545192 TRANSACTION 208 1 128
UPDATE 1553545192 TRANSACTION 3acc6f41564549bb4db0acd71af6d996
SEND 1553545192 TRANSACTION 208 29204
RECIEVED 1553545192 TRANSACTION 209 1 129
UPDATE 1553545192 TRANSACTION 07fddbe7deaa3a4598392d515507622e
SEND 1553545192 TRANSACTION 209 28761
RECIEVED 1553545192 TRANSACTION 209 1 130
UPDATE 1553545192 TRANSACTION f1d748d0596ec4e3ced5e05f29989b1c
SEND 1553545192 TRANSACTION 209 25661
# Listen attempt 1.
# json: cannot unmarshal object into Go struct field Node.Sock of type net.Conn
RECIEVED 1553545192 HB 139 1 131
SEND 1553545192 PING 260 57701
RECIEVED 1553545192 TRANSACTION 210 1 131
UPDATE 1553545192 TRANSACTION fe9ef311ec7edc188ef2011c223e43f9
SEND 1553545192 TRANSACTION 210 33691
RECIEVED 1553545193 TRANSACTION 209 1 132
UPDATE 1553545193 TRANSACTION 8104f83e85df9cba42316247017a871d
SEND 1553545193 TRANSACTION 209 34219
RECIEVED 1553545193 TRANSACTION 208 1 133
UPDATE 1553545193 TRANSACTION 877a998626c67010be10f8e35e47f0ed
SEND 1553545193 TRANSACTION 208 37786
RECIEVED 1553545193 TRANSACTION 208 1 134
UPDATE 1553545193 TRANSACTION 317c150a2115aaa9b9eb6c631d1f2df7
SEND 1553545193 TRANSACTION 208 32444
# Listen attempt 1.
# json: cannot unmarshal object into Go struct field Node.Sock of type net.Conn
RECIEVED 1553545193 TRANSACTION 210 1 135
UPDATE 1553545193 TRANSACTION a498b99c6ea403079bf435b7f60a0154
SEND 1553545193 TRANSACTION 210 33185
RECIEVED 1553545193 TRANSACTION 209 1 136
UPDATE 1553545193 TRANSACTION 946f1ab689ac0e9bfe4247c1b5b052c0
SEND 1553545193 TRANSACTION 209 19427
RECIEVED 1553545193 TRANSACTION 209 1 137
UPDATE 1553545193 TRANSACTION e082ebd697a4163d72eea81c34db9702
SEND 1553545193 TRANSACTION 209 28647
RECIEVED 1553545193 HB 139 1 138
SEND 1553545193 PING 260 79693
RECIEVED 1553545194 TRANSACTION 207 1 138
UPDATE 1553545194 TRANSACTION fbb81da47c6d40bec2753a3e99cc45d9
SEND 1553545194 TRANSACTION 207 55679
RECIEVED 1553545194 TRANSACTION 208 1 139
UPDATE 1553545194 TRANSACTION d14b4f0b235b1d0972187b9ee8057c80
SEND 1553545194 TRANSACTION 208 29302
RECIEVED 1553545194 TRANSACTION 208 1 140
UPDATE 1553545194 TRANSACTION d02355bd6da5dda46522f029f25618a8
SEND 1553545194 TRANSACTION 208 33117
RECIEVED 1553545194 TRANSACTION 208 1 141
UPDATE 1553545194 TRANSACTION ce5aa4baf5d5112b52736414d52ab1c5
SEND 1553545194 TRANSACTION 208 27031
RECIEVED 1553545194 TRANSACTION 210 1 142
UPDATE 1553545194 TRANSACTION c1b52f07ac385bfc7788ea85f77f49a7
SEND 1553545194 TRANSACTION 210 20553
RECIEVED 1553545194 TRANSACTION 207 1 143
UPDATE 1553545194 TRANSACTION 9176bb78ce757db8836b54fe55c3b54e
SEND 1553545194 TRANSACTION 207 35603
RECIEVED 1553545194 TRANSACTION 209 1 144
UPDATE 1553545194 TRANSACTION a6cc57eaf502831d3f87bb550b6ff06a
SEND 1553545194 TRANSACTION 209 28294
# Listen attempt 1.
# json: cannot unmarshal object into Go struct field Node.Sock of type net.Conn
RECIEVED 1553545194 HB 139 1 145
SEND 1553545194 PING 260 70042
RECIEVED 1553545194 TRANSACTION 208 1 145
UPDATE 1553545194 TRANSACTION d5519723d211e89df0c04a6b19c50d79
SEND 1553545194 TRANSACTION 208 35025
RECIEVED 1553545194 TRANSACTION 209 1 146
UPDATE 1553545194 TRANSACTION ef492eaa28097c1bf1d692374c26c29d
SEND 1553545194 TRANSACTION 209 38475
RECIEVED 1553545195 TRANSACTION 207 1 147
UPDATE 1553545195 TRANSACTION 885e75784efbefceac127839d361e887
SEND 1553545195 TRANSACTION 207 86488
RECIEVED 1553545196 TRANSACTION 208 1 148
UPDATE 1553545196 TRANSACTION 27acdc16e371a3f6618a51c76a360806
SEND 1553545196 TRANSACTION 208 60161
RECIEVED 1553545196 HB 139 1 149
SEND 1553545196 PING 260 30574
# Listen attempt 1.
# json: cannot unmarshal object into Go struct field Node.Sock of type net.Conn
RECIEVED 1553545196 TRANSACTION 207 1 149
UPDATE 1553545196 TRANSACTION 735eefd84dd61ecfd5aef4cc9edad73f
SEND 1553545196 TRANSACTION 207 30871
RECIEVED 1553545196 TRANSACTION 208 1 150
UPDATE 1553545196 TRANSACTION acdc00ca35bebde07f068938eadb58cc
SEND 1553545196 TRANSACTION 208 15756
RECIEVED 1553545196 TRANSACTION 209 1 151
UPDATE 1553545196 TRANSACTION 9095c5bbf4a32728676fe1008ecb1c03
SEND 1553545196 TRANSACTION 209 26924
RECIEVED 1553545196 TRANSACTION 209 1 152
UPDATE 1553545196 TRANSACTION 94cd8a12536c1dc5d5e505176d4b323c
SEND 1553545196 TRANSACTION 209 32686
RECIEVED 1553545196 TRANSACTION 209 1 153
UPDATE 1553545196 TRANSACTION 964f3adc5e575fece7150b082a2378cc
SEND 1553545196 TRANSACTION 209 32513
RECIEVED 1553545196 TRANSACTION 210 1 154
UPDATE 1553545196 TRANSACTION 302f55205190bb2cc95288a1b5fea55c
SEND 1553545196 TRANSACTION 210 22827
# Listen attempt 1.
# json: cannot unmarshal object into Go struct field Node.Sock of type net.Conn
RECIEVED 1553545198 TRANSACTION 209 1 155
UPDATE 1553545198 TRANSACTION 9f4d2d8cbe44cf59c2224353d9a51c58
SEND 1553545198 TRANSACTION 209 33614
RECIEVED 1553545198 TRANSACTION 209 1 156
UPDATE 1553545198 TRANSACTION a85d1188b5c8c815d4f2c412721d681d
SEND 1553545198 TRANSACTION 209 16609
RECIEVED 1553545198 HB 139 1 157
SEND 1553545198 PING 260 25157
RECIEVED 1553545198 TRANSACTION 209 1 157
UPDATE 1553545198 TRANSACTION 43e1c5baed84d5e02a88048b77f71b9b
SEND 1553545198 TRANSACTION 209 34238
RECIEVED 1553545198 TRANSACTION 209 1 158
UPDATE 1553545198 TRANSACTION ffccecab91783d3936d172d622516d92
SEND 1553545198 TRANSACTION 209 21630
RECIEVED 1553545198 TRANSACTION 209 1 159
UPDATE 1553545198 TRANSACTION b31cbce395c18a06aaf58448b5e539dc
SEND 1553545198 TRANSACTION 209 22480
RECIEVED 1553545198 TRANSACTION 209 1 160
UPDATE 1553545198 TRANSACTION 579d1976b184827b3fa0e0869d7962dd
SEND 1553545198 TRANSACTION 209 20614
RECIEVED 1553545198 TRANSACTION 209 1 161
UPDATE 1553545198 TRANSACTION 0f3684c07d8a8ebd56cb803c8a4b057f
SEND 1553545198 TRANSACTION 209 25658
RECIEVED 1553545198 TRANSACTION 209 1 162
UPDATE 1553545198 TRANSACTION 20c84415872de482ee03137774411e1b
SEND 1553545198 TRANSACTION 209 21057
RECIEVED 1553545198 TRANSACTION 210 1 163
UPDATE 1553545198 TRANSACTION 46a9531df56f36fb559b8f6fb2db5af4
SEND 1553545198 TRANSACTION 210 26380
RECIEVED 1553545198 TRANSACTION 208 1 164
UPDATE 1553545198 TRANSACTION c41d7a9f59f4708355774f1d59e4e19a
SEND 1553545198 TRANSACTION 208 19106
RECIEVED 1553545198 TRANSACTION 208 1 165
UPDATE 1553545198 TRANSACTION 2d99b2130f5b18294dd30ba886cda035
SEND 1553545198 TRANSACTION 208 33697
RECIEVED 1553545198 TRANSACTION 207 1 166
UPDATE 1553545198 TRANSACTION 3f22e8726828f1a192251d67fe59a719
SEND 1553545198 TRANSACTION 207 19777
RECIEVED 1553545198 TRANSACTION 208 1 167
UPDATE 1553545198 TRANSACTION 9d3ad25e11b7121c30e6602fd9e069aa
SEND 1553545198 TRANSACTION 208 26015
RECIEVED 1553545198 TRANSACTION 209 1 168
UPDATE 1553545198 TRANSACTION 66a2fd62b38ce7f9d1b5ca76af5dee25
SEND 1553545198 TRANSACTION 209 19609
RECIEVED 1553545198 TRANSACTION 209 1 169
# Listen attempt 1.
# json: cannot unmarshal object into Go struct field Node.Sock of type net.Conn
RECIEVED 1553545198 TRANSACTION 209 1 169
UPDATE 1553545198 TRANSACTION e9f424fa2f553beb34a31b55918ad1d2
SEND 1553545198 TRANSACTION 209 34794
RECIEVED 1553545199 TRANSACTION 209 1 170
UPDATE 1553545199 TRANSACTION 46c9a754f0544bc0b9c8b7d651d8762c
SEND 1553545199 TRANSACTION 209 34276
RECIEVED 1553545199 HB 139 1 171
SEND 1553545199 PING 260 28537
RECIEVED 1553545199 TRANSACTION 207 1 171
UPDATE 1553545199 TRANSACTION 5221003d7334e11a4a336287cc77b406
SEND 1553545199 TRANSACTION 207 25985
RECIEVED 1553545199 TRANSACTION 207 1 172
UPDATE 1553545199 TRANSACTION 8fe0a3bad1f0b79b0aa57522f46b77dd
SEND 1553545199 TRANSACTION 207 20299
RECIEVED 1553545199 TRANSACTION 210 1 173
UPDATE 1553545199 TRANSACTION 7435ed35a90ee246eae912792fd8a2a2
SEND 1553545199 TRANSACTION 210 33135
RECIEVED 1553545199 TRANSACTION 209 1 174
UPDATE 1553545199 TRANSACTION a57545576605b8b26d29dd0e195fe39c
SEND 1553545199 TRANSACTION 209 20113
# Listen attempt 1.
# json: cannot unmarshal object into Go struct field Node.Sock of type net.Conn
RECIEVED 1553545199 TRANSACTION 208 1 175
UPDATE 1553545199 TRANSACTION 5694692e83cc7f80eb2643bce3cfc539
SEND 1553545199 TRANSACTION 208 24876
RECIEVED 1553545199 TRANSACTION 209 1 176
UPDATE 1553545199 TRANSACTION 37a1064a67d72ca5b224dc15faac97f6
SEND 1553545199 TRANSACTION 209 18980
RECIEVED 1553545199 TRANSACTION 209 1 177
UPDATE 1553545199 TRANSACTION d50ff23c554c8ea86a4b46af0554ae00
SEND 1553545199 TRANSACTION 209 30803
RECIEVED 1553545199 TRANSACTION 209 1 178
UPDATE 1553545199 TRANSACTION 06dd8ff9e7c458c69aab062e329890f1
SEND 1553545199 TRANSACTION 209 23426
RECIEVED 1553545199 TRANSACTION 209 1 179
UPDATE 1553545199 TRANSACTION eaf1637ec4d54550b32cd4d6cf541a10
SEND 1553545199 TRANSACTION 209 24635
RECIEVED 1553545199 TRANSACTION 208 1 180
UPDATE 1553545199 TRANSACTION 2dbf9f2570c8f860755413f97d4ecc00
SEND 1553545199 TRANSACTION 208 19479
RECIEVED 1553545199 TRANSACTION 209 1 181
UPDATE 1553545199 TRANSACTION 9def068e1b3b8da692807319c1906095
SEND 1553545199 TRANSACTION 209 18679
RECIEVED 1553545199 TRANSACTION 209 1 182
UPDATE 1553545199 TRANSACTION 60bfb33d23ea72c0f4400dd936d5b3dc
SEND 1553545199 TRANSACTION 209 33039
RECIEVED 1553545199 TRANSACTION 210 1 183
UPDATE 1553545199 TRANSACTION 5a4e5fefd19bc53e61c8c828a1f28e9f
SEND 1553545199 TRANSACTION 210 35458
RECIEVED 1553545200 TRANSACTION 209 1 184
UPDATE 1553545200 TRANSACTION 58d2dbfbe5e414d9aee220e726eeb82e
SEND 1553545200 TRANSACTION 209 28600
# Listen attempt 1.
# json: cannot unmarshal object into Go struct field Node.Sock of type net.Conn
RECIEVED 1553545200 TRANSACTION 209 1 185
UPDATE 1553545200 TRANSACTION df52a57c64b32f198b24b408835a052a
SEND 1553545200 TRANSACTION 209 35516
RECIEVED 1553545200 TRANSACTION 209 1 186
UPDATE 1553545200 TRANSACTION 5db315a02e17a158d185d8940a166de6
SEND 1553545200 TRANSACTION 209 45836
RECIEVED 1553545200 TRANSACTION 208 1 187
UPDATE 1553545200 TRANSACTION 4e09ccc0202604b512703edeeb7edf64
SEND 1553545200 TRANSACTION 208 58105
RECIEVED 1553545200 TRANSACTION 209 1 188
UPDATE 1553545200 TRANSACTION 3eff2f50a0676be187c9664fec3fcd41
SEND 1553545200 TRANSACTION 209 33771
RECIEVED 1553545200 TRANSACTION 210 1 189
UPDATE 1553545200 TRANSACTION 09340cf48ba1f873c67a127108d6ba54
SEND 1553545200 TRANSACTION 210 21376
RECIEVED 1553545200 TRANSACTION 209 1 190
UPDATE 1553545200 TRANSACTION 9bdf56a461a45d169579539b04d52c23
SEND 1553545200 TRANSACTION 209 19129
RECIEVED 1553545200 HB 139 1 191
SEND 1553545200 PING 260 64820
RECIEVED 1553545200 TRANSACTION 210 1 191
UPDATE 1553545200 TRANSACTION 574d5bcb90702aafccbad9dd7bb2e85d
SEND 1553545200 TRANSACTION 210 35464
RECIEVED 1553545200 TRANSACTION 209 1 192
UPDATE 1553545200 TRANSACTION e8c8c80d193de404e8db6e91ac8fd6e7
SEND 1553545200 TRANSACTION 209 48552
RECIEVED 1553545200 TRANSACTION 209 1 193
UPDATE 1553545200 TRANSACTION d5b35730dcc9270339f8dc129bdc8bc2
SEND 1553545200 TRANSACTION 209 48173
RECIEVED 1553545200 TRANSACTION 209 1 194
RECIEVED 1553545200 TRANSACTION 209 1 194
UPDATE 1553545200 TRANSACTION 0d9a0149a3208df97420c78e20ba4eac
SEND 1553545200 TRANSACTION 209 952841
RECIEVED 1553545200 TRANSACTION 207 1 195
UPDATE 1553545200 TRANSACTION 9ca17b87492d7175a37e650526985ca6
SEND 1553545200 TRANSACTION 207 55058
# Listen attempt 1.
# json: cannot unmarshal object into Go struct field Node.Sock of type net.Conn
# Listen attempt 2.
# json: cannot unmarshal object into Go struct field Node.Sock of type net.Conn
RECIEVED 1553545202 HB 139 1 196
SEND 1553545202 PING 260 38618
# Listen attempt 1.
# json: cannot unmarshal object into Go struct field Node.Sock of type net.Conn
RECIEVED 1553545203 HB 139 1 196
SEND 1553545203 PING 260 61985
RECIEVED 1553545203 TRANSACTION 209 1 196
UPDATE 1553545203 TRANSACTION f5e3e988e387afea3e1f27860f9af698
SEND 1553545203 TRANSACTION 209 39244
RECIEVED 1553545203 TRANSACTION 209 1 197
# Listen attempt 1.
# json: cannot unmarshal object into Go struct field Node.Sock of type net.Conn
RECIEVED 1553545204 HB 139 1 197
SEND 1553545204 PING 260 81586
# Listen attempt 1.
# json: cannot unmarshal object into Go struct field Node.Sock of type net.Conn
RECIEVED 1553545205 HB 139 1 197
SEND 1553545205 PING 260 68004
RECIEVED 1553545205 TRANSACTION 208 1 197
UPDATE 1553545205 TRANSACTION 54e1e11fb0b02d7e1c8a6cc718547b09
SEND 1553545205 TRANSACTION 208 18927
# Listen attempt 1.
# json: cannot unmarshal object into Go struct field Node.Sock of type net.Conn
RECIEVED 1553545207 HB 139 1 198
SEND 1553545207 PING 260 79284
# Listen attempt 1.
# json: cannot unmarshal object into Go struct field Node.Sock of type net.Conn
# Listen attempt 2.
# json: cannot unmarshal object into Go struct field Node.Sock of type net.Conn
RECIEVED 1553545208 HB 139 1 198
SEND 1553545208 PING 260 45223
# Listen attempt 1.
# json: cannot unmarshal object into Go struct field Node.Sock of type net.Conn
RECIEVED 1553545209 TRANSACTION 209 1 198
UPDATE 1553545209 TRANSACTION ca6ff823cb056dc476dfd5d8763e79a9
SEND 1553545209 TRANSACTION 209 172530
RECIEVED 1553545209 TRANSACTION 209 1 199
RECIEVED 1553545209 HB 139 1 199
SEND 1553545209 PING 260 70175
# Listen attempt 1.
# json: cannot unmarshal object into Go struct field Node.Sock of type net.Conn
RECIEVED 1553545210 TRANSACTION 208 1 199
UPDATE 1553545210 TRANSACTION 69ab7e8ecd1d5bcec68631176da1a468
SEND 1553545210 TRANSACTION 208 27495
RECIEVED 1553545210 HB 139 1 200
SEND 1553545210 PING 260 66564
# Listen attempt 1.
# json: cannot unmarshal object into Go struct field Node.Sock of type net.Conn
RECIEVED 1553545211 HB 139 1 200
SEND 1553545211 PING 260 67164
# Listen attempt 1.
# json: cannot unmarshal object into Go struct field Node.Sock of type net.Conn
RECIEVED 1553545213 HB 139 1 200
SEND 1553545213 PING 260 66909
# Listen attempt 1.
# json: cannot unmarshal object into Go struct field Node.Sock of type net.Conn
RECIEVED 1553545214 HB 139 1 200
SEND 1553545214 PING 260 80753
# Listen attempt 1.
# json: cannot unmarshal object into Go struct field Node.Sock of type net.Conn
# Listen attempt 2.
# json: cannot unmarshal object into Go struct field Node.Sock of type net.Conn
# Listen attempt 3.
# json: cannot unmarshal object into Go struct field Node.Sock of type net.Conn
# Could not recieve message properly
RECIEVED 1553545218 HB 139 1 200
# Removing node9:172.22.156.208:8009 from members
RECIEVED 1553545219 HB 139 0 200
RECIEVED 1553545219 TRANSACTION 210 0 200
UPDATE 1553545219 TRANSACTION 50f0c59e5703bbb30226ac6b67d978b2
RECIEVED 1553545220 HB 139 0 201
RECIEVED 1553545222 HB 139 0 201
RECIEVED 1553545223 HB 139 0 201
RECIEVED 1553545224 HB 139 0 201
RECIEVED 1553545226 HB 139 0 201
RECIEVED 1553545227 HB 139 0 201
RECIEVED 1553545228 HB 139 0 201
RECIEVED 1553545229 HB 139 0 201
RECIEVED 1553545230 HB 139 0 201
RECIEVED 1553545232 HB 139 0 201
RECIEVED 1553545233 HB 139 0 201
RECIEVED 1553545234 HB 139 0 201
RECIEVED 1553545235 HB 139 0 201
RECIEVED 1553545237 HB 139 0 201
RECIEVED 1553545238 HB 139 0 201
RECIEVED 1553545239 HB 139 0 201
RECIEVED 1553545243 HB 139 0 201
RECIEVED 1553545247 HB 139 0 201
RECIEVED 1553545247 TRANSACTION 209 0 201
UPDATE 1553545247 TRANSACTION 7f564d02712df33c2fcd4a4ab80d5b48
RECIEVED 1553545248 HB 139 0 202
RECIEVED 1553545249 HB 139 0 202
RECIEVED 1553545252 HB 139 0 202
RECIEVED 1553545253 HB 139 0 202
RECIEVED 1553545256 HB 139 0 202
RECIEVED 1553545257 HB 139 0 202
RECIEVED 1553545258 HB 139 0 202
RECIEVED 1553545259 HB 139 0 202
RECIEVED 1553545260 HB 139 0 202
RECIEVED 1553545262 HB 139 0 202
RECIEVED 1553545263 HB 139 0 202
RECIEVED 1553545264 HB 139 0 202
RECIEVED 1553545265 HB 139 0 202
RECIEVED 1553545270 HB 139 0 202
RECIEVED 1553545270 TRANSACTION 208 0 202
UPDATE 1553545270 TRANSACTION 6ca80e8977981cc45eb8b150f641a826
RECIEVED 1553545271 HB 139 0 203
RECIEVED 1553545272 HB 139 0 203
RECIEVED 1553545273 HB 139 0 203
RECIEVED 1553545274 HB 139 0 203
RECIEVED 1553545275 TRANSACTION 209 0 203
UPDATE 1553545275 TRANSACTION 322e6af198a5fbce427a285519bffac3
RECIEVED 1553545275 HB 139 0 204
RECIEVED 1553545276 HB 139 0 204
RECIEVED 1553545277 HB 139 0 204
RECIEVED 1553545281 HB 139 0 204
RECIEVED 1553545282 HB 139 0 204
RECIEVED 1553545283 HB 139 0 204
RECIEVED 1553545284 HB 139 0 204
RECIEVED 1553545284 TRANSACTION 210 0 204
UPDATE 1553545284 TRANSACTION e97421cac3e3f72f8981c433119bb721
RECIEVED 1553545285 HB 139 0 205
RECIEVED 1553545286 HB 139 0 205
RECIEVED 1553545287 HB 139 0 205
RECIEVED 1553545290 HB 139 0 205
RECIEVED 1553545290 TRANSACTION 209 0 205
UPDATE 1553545290 TRANSACTION 4c9d507abd8d35b8da49574190c927e2
RECIEVED 1553545291 HB 139 0 206
RECIEVED 1553545292 HB 139 0 206
RECIEVED 1553545294 HB 139 0 206
RECIEVED 1553545295 HB 139 0 206
RECIEVED 1553545296 HB 139 0 206
RECIEVED 1553545297 HB 139 0 206
RECIEVED 1553545298 TRANSACTION 209 0 206
UPDATE 1553545298 TRANSACTION 0b550deada8c618d925da9fc16ec1cbb
RECIEVED 1553545298 HB 139 0 207
RECIEVED 1553545299 HB 139 0 207
RECIEVED 1553545301 HB 139 0 207
RECIEVED 1553545302 HB 139 0 207
RECIEVED 1553545303 HB 139 0 207
RECIEVED 1553545304 HB 139 0 207
RECIEVED 1553545305 HB 139 0 207
RECIEVED 1553545306 HB 139 0 207
RECIEVED 1553545307 HB 139 0 207
RECIEVED 1553545308 TRANSACTION 209 0 207
UPDATE 1553545308 TRANSACTION d5fdf5441cb7270e2c4b6b6e172d600c
RECIEVED 1553545308 HB 139 0 208
RECIEVED 1553545312 HB 139 0 208
RECIEVED 1553545312 HB 139 0 208
RECIEVED 1553545313 HB 139 0 208
RECIEVED 1553545314 HB 139 0 208
RECIEVED 1553545318 HB 139 0 208
RECIEVED 1553545318 HB 139 0 208
RECIEVED 1553545320 HB 139 0 208
RECIEVED 1553545324 TRANSACTION 209 0 208
UPDATE 1553545324 TRANSACTION 4326d9e28a26e8783c9e8648538710ba
RECIEVED 1553545324 HB 139 0 209
RECIEVED 1553545325 TRANSACTION 209 0 209
UPDATE 1553545325 TRANSACTION 7f40707ae2a5047b57541f21b1101308
RECIEVED 1553545325 HB 139 0 210
RECIEVED 1553545327 HB 139 0 210
RECIEVED 1553545329 HB 139 0 210
RECIEVED 1553545330 HB 139 0 210
RECIEVED 1553545331 HB 139 0 210
RECIEVED 1553545332 HB 139 0 210
RECIEVED 1553545333 HB 139 0 210
RECIEVED 1553545335 HB 139 0 210
RECIEVED 1553545336 HB 139 0 210
RECIEVED 1553545338 HB 139 0 210
RECIEVED 1553545339 HB 139 0 210
RECIEVED 1553545340 HB 139 0 210
RECIEVED 1553545341 HB 139 0 210
RECIEVED 1553545342 HB 139 0 210
RECIEVED 1553545346 HB 139 0 210
RECIEVED 1553545347 HB 139 0 210
RECIEVED 1553545348 HB 139 0 210
RECIEVED 1553545349 TRANSACTION 208 0 210
UPDATE 1553545349 TRANSACTION 34f303b8ff147bc3dd16bc02284b72e0
RECIEVED 1553545349 TRANSACTION 210 0 211
UPDATE 1553545349 TRANSACTION 5bf6cf1eae4096e996cd681d33ff4c1b
RECIEVED 1553545349 HB 139 0 212
RECIEVED 1553545350 HB 139 0 212
RECIEVED 1553545352 HB 139 0 212
RECIEVED 1553545354 HB 139 0 212
RECIEVED 1553545355 HB 139 0 212
RECIEVED 1553545356 HB 139 0 212
RECIEVED 1553545357 HB 139 0 212
RECIEVED 1553545358 HB 139 0 212
RECIEVED 1553545359 HB 139 0 212
RECIEVED 1553545359 TRANSACTION 210 0 212
UPDATE 1553545359 TRANSACTION d819076e8f1116552cd377b3d4380eb8
RECIEVED 1553545360 HB 139 0 213
RECIEVED 1553545361 HB 139 0 213
RECIEVED 1553545362 HB 139 0 213
RECIEVED 1553545365 HB 139 0 213
RECIEVED 1553545367 HB 139 0 213
RECIEVED 1553545368 HB 139 0 213
RECIEVED 1553545369 HB 139 0 213
RECIEVED 1553545370 HB 139 0 213
RECIEVED 1553545371 HB 139 0 213
RECIEVED 1553545373 HB 139 0 213
RECIEVED 1553545376 HB 139 0 213
RECIEVED 1553545376 TRANSACTION 209 0 213
UPDATE 1553545376 TRANSACTION 697d0233d8263b07cd7fbc712a5c2a08
RECIEVED 1553545376 TRANSACTION 209 0 214
UPDATE 1553545376 TRANSACTION cbf983763a1fcabf3ad6b3e17b7d2632
RECIEVED 1553545377 HB 139 0 215
RECIEVED 1553545378 HB 139 0 215
RECIEVED 1553545379 HB 139 0 215
RECIEVED 1553545381 TRANSACTION 209 0 215
UPDATE 1553545381 TRANSACTION 77f89106fd0faaf8edb04a00d2c98141
RECIEVED 1553545381 HB 139 0 216
RECIEVED 1553545384 TRANSACTION 209 0 216
UPDATE 1553545384 TRANSACTION 4cf0dbbf77865df32d4985f05e51621c
RECIEVED 1553545384 HB 139 0 217
RECIEVED 1553545385 HB 139 0 217
RECIEVED 1553545387 TRANSACTION 208 0 217
UPDATE 1553545387 TRANSACTION 1bd997b055c67b5549be834996280ca2
RECIEVED 1553545387 HB 139 0 218
RECIEVED 1553545389 HB 139 0 218
RECIEVED 1553545390 HB 139 0 218
RECIEVED 1553545392 HB 139 0 218
RECIEVED 1553545394 TRANSACTION 209 0 218
UPDATE 1553545394 TRANSACTION 81ff3a43e8ba3f61f1beac58696ae524
RECIEVED 1553545394 HB 139 0 219
RECIEVED 1553545395 HB 139 0 219
RECIEVED 1553545398 HB 139 0 219
RECIEVED 1553545398 TRANSACTION 209 0 219
UPDATE 1553545398 TRANSACTION 436278e31ab9b16d87ed730f43d0254a
RECIEVED 1553545399 HB 139 0 220
RECIEVED 1553545400 HB 139 0 220
RECIEVED 1553545401 HB 139 0 220
RECIEVED 1553545403 TRANSACTION 208 0 220
UPDATE 1553545403 TRANSACTION 75d38b8db7ecc3a0f3b1cddd96827de5
RECIEVED 1553545403 HB 139 0 221
RECIEVED 1553545404 HB 139 0 221
RECIEVED 1553545405 HB 139 0 221
RECIEVED 1553545406 HB 139 0 221
RECIEVED 1553545407 TRANSACTION 209 0 221
UPDATE 1553545407 TRANSACTION 1854999f81b10697f2b08cf1bb12bee0
RECIEVED 1553545407 HB 139 0 222
RECIEVED 1553545408 HB 139 0 222
RECIEVED 1553545409 HB 139 0 222
RECIEVED 1553545412 HB 139 0 222
RECIEVED 1553545413 HB 139 0 222
RECIEVED 1553545414 HB 139 0 222
RECIEVED 1553545415 HB 139 0 222
RECIEVED 1553545416 HB 139 0 222
RECIEVED 1553545418 HB 139 0 222
RECIEVED 1553545420 TRANSACTION 209 0 222
UPDATE 1553545420 TRANSACTION d63b93b473cb58798692af6a3ada006b
RECIEVED 1553545420 HB 139 0 223
RECIEVED 1553545422 HB 139 0 223
RECIEVED 1553545426 TRANSACTION 209 0 223
UPDATE 1553545426 TRANSACTION 42583960f09930caed9954507a65dd76
RECIEVED 1553545426 HB 139 0 224
RECIEVED 1553545427 HB 139 0 224
RECIEVED 1553545428 HB 139 0 224
RECIEVED 1553545429 HB 139 0 224
RECIEVED 1553545430 HB 139 0 224
RECIEVED 1553545432 HB 139 0 224
RECIEVED 1553545434 HB 139 0 224
RECIEVED 1553545435 HB 139 0 224
RECIEVED 1553545436 HB 139 0 224
RECIEVED 1553545437 HB 139 0 224
RECIEVED 1553545438 HB 139 0 224
RECIEVED 1553545439 HB 139 0 224
RECIEVED 1553545440 TRANSACTION 209 0 224
UPDATE 1553545440 TRANSACTION d95dcfa2265ed0cde4ebb3f884267243
RECIEVED 1553545440 HB 139 0 225
RECIEVED 1553545441 HB 139 0 225
RECIEVED 1553545442 HB 139 0 225
RECIEVED 1553545442 TRANSACTION 209 0 225
UPDATE 1553545442 TRANSACTION 4682561a90ad51553e76bfe109f73684
RECIEVED 1553545444 HB 139 0 226
RECIEVED 1553545447 HB 139 0 226
RECIEVED 1553545448 TRANSACTION 209 0 226
UPDATE 1553545448 TRANSACTION b61004e671289c14e1763a391883145d
RECIEVED 1553545448 HB 139 0 227
RECIEVED 1553545450 HB 139 0 227
RECIEVED 1553545451 HB 139 0 227
RECIEVED 1553545452 HB 139 0 227
RECIEVED 1553545454 HB 139 0 227
RECIEVED 1553545454 TRANSACTION 209 0 227
UPDATE 1553545454 TRANSACTION c79b797d0c658cbc8ee615b742ef11fe
RECIEVED 1553545455 HB 139 0 228
RECIEVED 1553545457 TRANSACTION 209 0 228
UPDATE 1553545457 TRANSACTION e46c6c7439f0d42bcb918f7119ca8306
RECIEVED 1553545457 HB 139 0 229
RECIEVED 1553545458 HB 139 0 229
RECIEVED 1553545462 TRANSACTION 209 0 229
UPDATE 1553545462 TRANSACTION bee3be4849b54cc044adef067d9d7b95
RECIEVED 1553545462 HB 139 0 230
RECIEVED 1553545463 HB 139 0 230
RECIEVED 1553545464 HB 139 0 230
RECIEVED 1553545465 HB 139 0 230
RECIEVED 1553545467 HB 139 0 230
RECIEVED 1553545467 TRANSACTION 208 0 230
UPDATE 1553545467 TRANSACTION 9804ea2db49253379889b728f158495c
RECIEVED 1553545468 HB 139 0 231
