RECIEVED 1553545181 INTRODUCE 167 0 0
SEND 1553545181 JOIN 163 39319
RECIEVED 1553545181 TRANSACTION 208 1 0
UPDATE 1553545181 TRANSACTION 791200087b46ba060bf867c2b8229263
SEND 1553545181 TRANSACTION 208 39592
RECIEVED 1553545181 TRANSACTION 206 1 1
UPDATE 1553545181 TRANSACTION a6ad58fa2af098aada3c389146e4ad74
SEND 1553545181 TRANSACTION 206 33718
RECIEVED 1553545181 TRANSACTION 209 1 2
UPDATE 1553545181 TRANSACTION f14713a547a690a04f334d32fc74cef4
SEND 1553545181 TRANSACTION 209 44884
RECIEVED 1553545181 TRANSACTION 210 1 3
UPDATE 1553545181 TRANSACTION 9382a08076121deddd20b03a00e84618
SEND 1553545181 TRANSACTION 210 33964
# Listen attempt 1.
# json: cannot unmarshal object into Go struct field Node.Sock of type net.Conn
RECIEVED 1553545182 HB 139 1 4
SEND 1553545182 PING 259 229704
RECIEVED 1553545182 TRANSACTION 208 1 4
UPDATE 1553545182 TRANSACTION 6420cc5ef59ec63947071474d9a31c14
SEND 1553545182 TRANSACTION 208 21327
RECIEVED 1553545182 TRANSACTION 208 1 5
UPDATE 1553545182 TRANSACTION 8be1eeff2b6805732a490ad0fb8f49b4
SEND 1553545182 TRANSACTION 208 15789
RECIEVED 1553545182 TRANSACTION 208 1 6
UPDATE 1553545182 TRANSACTION fb8e53e83188ad3a213746648a55157d
SEND 1553545182 TRANSACTION 208 31264
RECIEVED 1553545182 TRANSACTION 209 1 7
UPDATE 1553545182 TRANSACTION 2e565b569747a5a3b342e6d36afba2ea
SEND 1553545182 TRANSACTION 209 20313
RECIEVED 1553545182 TRANSACTION 209 1 8
UPDATE 1553545182 TRANSACTION 61c83c4304394dc9b5fd64db50eba31a
SEND 1553545182 TRANSACTION 209 27225
RECIEVED 1553545182 TRANSACTION 209 1 9
UPDATE 1553545182 TRANSACTION 8b934fbce5efed5692b71e28610d5c2e
SEND 1553545182 TRANSACTION 209 37168
RECIEVED 1553545182 TRANSACTION 209 1 10
UPDATE 1553545182 TRANSACTION 47936132db94d8710c4b53e93f601a82
SEND 1553545182 TRANSACTION 209 27467
RECIEVED 1553545182 TRANSACTION 208 1 11
UPDATE 1553545182 TRANSACTION 2ae883fd074db2513705c547f08e9526
SEND 1553545182 TRANSACTION 208 35844
RECIEVED 1553545182 TRANSACTION 209 1 12
UPDATE 1553545182 TRANSACTION dd4683fcb4a42c90888ef2d40013f4c4
SEND 1553545182 TRANSACTION 209 34021
RECIEVED 1553545182 TRANSACTION 210 1 13
UPDATE 1553545182 TRANSACTION da4c2cf808a35cfff0df8a6f332345d1
SEND 1553545182 TRANSACTION 210 45465
RECIEVED 1553545182 TRANSACTION 209 1 14
UPDATE 1553545182 TRANSACTION 357f603ceec2db8b7b1618862ad2f399
SEND 1553545182 TRANSACTION 209 32362
RECIEVED 1553545182 TRANSACTION 209 1 15
UPDATE 1553545182 TRANSACTION 35fb1d36de19f6de3602da5750e1b59f
SEND 1553545182 TRANSACTION 209 21576
# Listen attempt 1.
# json: cannot unmarshal object into Go struct field Node.Sock of type net.Conn
RECIEVED 1553545182 TRANSACTION 209 1 16
UPDATE 1553545182 TRANSACTION db188e0118adcd1c65c4df4539da18cf
SEND 1553545182 TRANSACTION 209 27136
RECIEVED 1553545182 TRANSACTION 209 1 17
UPDATE 1553545182 TRANSACTION 79366f5b1110b7adb469161235bf388d
SEND 1553545182 TRANSACTION 209 21681
RECIEVED 1553545182 TRANSACTION 209 1 18
UPDATE 1553545182 TRANSACTION bf3cb988a33e7e87b6d381ad84d7ccaf
SEND 1553545182 TRANSACTION 209 27572
RECIEVED 1553545183 TRANSACTION 209 1 19
UPDATE 1553545183 TRANSACTION ffcefe726756d1b2ec34914127a74616
SEND 1553545183 TRANSACTION 209 42533
RECIEVED 1553545183 TRANSACTION 209 1 20
UPDATE 1553545183 TRANSACTION 0b74cb51f630d7c6cda2ce4003505c53
SEND 1553545183 TRANSACTION 209 27495
RECIEVED 1553545183 HB 139 1 21
SEND 1553545183 PING 259 73462
RECIEVED 1553545183 TRANSACTION 208 1 21
UPDATE 1553545183 TRANSACTION 3d4e36aa61c7c9a3b1b4688213ca89fe
SEND 1553545183 TRANSACTION 208 30577
RECIEVED 1553545183 TRANSACTION 209 1 22
UPDATE 1553545183 TRANSACTION 5e2166278ad6eb13697fe062b74f6a1b
SEND 1553545183 TRANSACTION 209 16109
RECIEVED 1553545183 TRANSACTION 209 1 23
UPDATE 1553545183 TRANSACTION 00c9ca3294274b140b72481b2168c75d
SEND 1553545183 TRANSACTION 209 35050
RECIEVED 1553545183 TRANSACTION 209 1 24
UPDATE 1553545183 TRANSACTION e0133a59a14b992cfda2cd7c9aa648ca
SEND 1553545183 TRANSACTION 209 29748
RECIEVED 1553545183 TRANSACTION 207 1 25
UPDATE 1553545183 TRANSACTION 5d1020f7f7e4e1c0fe581da870d3a086
SEND 1553545183 TRANSACTION 207 20828
# Listen attempt 1.
# json: cannot unmarshal object into Go struct field Node.Sock of type net.Conn
RECIEVED 1553545183 TRANSACTION 209 1 26
UPDATE 1553545183 TRANSACTION 7f12bcaa03820307c9feb9a4bb4981a6
SEND 1553545183 TRANSACTION 209 24578
RECIEVED 1553545183 TRANSACTION 209 1 27
UPDATE 1553545183 TRANSACTION f97eb054de8607ca0a9ceb3ad8dd4c60
SEND 1553545183 TRANSACTION 209 33355
RECIEVED 1553545183 TRANSACTION 207 1 28
UPDATE 1553545183 TRANSACTION 658e4e80369924cef1f9f4e1d55e8aa0
SEND 1553545183 TRANSACTION 207 38143
RECIEVED 1553545184 TRANSACTION 207 1 29
UPDATE 1553545184 TRANSACTION 7c03de5eb1a436d1a32ae67e244bea72
SEND 1553545184 TRANSACTION 207 30495
RECIEVED 1553545184 TRANSACTION 209 1 30
UPDATE 1553545184 TRANSACTION fb4efedebd0009147ed8fb01c8578910
SEND 1553545184 TRANSACTION 209 22038
RECIEVED 1553545184 HB 139 1 31
SEND 1553545184 PING 259 49567
RECIEVED 1553545184 TRANSACTION 209 1 31
UPDATE 1553545184 TRANSACTION 55b951fdcab6cc3b950b875519f4d47e
SEND 1553545184 TRANSACTION 209 34749
RECIEVED 1553545184 TRANSACTION 208 1 32
UPDATE 1553545184 TRANSACTION 1cfce93ebfd8978edc1e211a551b3eab
SEND 1553545184 TRANSACTION 208 35646
RECIEVED 1553545184 TRANSACTION 208 1 33
UPDATE 1553545184 TRANSACTION 4df120a11cfd0718a4c8b04befc6d05f
SEND 1553545184 TRANSACTION 208 32411
RECIEVED 1553545184 TRANSACTION 209 1 34
UPDATE 1553545184 TRANSACTION 18d99401fd991851f880ac268a66e4c7
SEND 1553545184 TRANSACTION 209 30326
RECIEVED 1553545184 TRANSACTION 208 1 35
UPDATE 1553545184 TRANSACTION 1c7d6f451ad6c9dafecd489cc895b03e
SEND 1553545184 TRANSACTION 208 42104
# Listen attempt 1.
# json: cannot unmarshal object into Go struct field Node.Sock of type net.Conn
RECIEVED 1553545184 TRANSACTION 209 1 36
UPDATE 1553545184 TRANSACTION a4b6a4e5e3fb315e186ae8b0a987a0a8
SEND 1553545184 TRANSACTION 209 21885
RECIEVED 1553545184 TRANSACTION 209 1 37
UPDATE 1553545184 TRANSACTION 7ee02278f86cd5478fecbfc73b6b61c4
SEND 1553545184 TRANSACTION 209 15614
RECIEVED 1553545184 TRANSACTION 209 1 38
UPDATE 1553545184 TRANSACTION 3870910cd2e8ffb3623aeaac9db316aa
SEND 1553545184 TRANSACTION 209 34745
RECIEVED 1553545184 TRANSACTION 209 1 39
UPDATE 1553545184 TRANSACTION 045bc17a5ea1a8eea1b1bf6d8e012d23
SEND 1553545184 TRANSACTION 209 39828
RECIEVED 1553545184 TRANSACTION 209 1 40
UPDATE 1553545184 TRANSACTION 69f06034d6b03a41a27c7a2fcb5154c8
SEND 1553545184 TRANSACTION 209 21852
RECIEVED 1553545184 TRANSACTION 209 1 41
UPDATE 1553545184 TRANSACTION 40fac106e7103532550b9181b6f66e94
SEND 1553545184 TRANSACTION 209 31153
RECIEVED 1553545184 TRANSACTION 210 1 42
UPDATE 1553545184 TRANSACTION fd36986289b8e49978d6357ef90d62de
SEND 1553545184 TRANSACTION 210 26696
RECIEVED 1553545184 TRANSACTION 209 1 43
UPDATE 1553545184 TRANSACTION 49935752cf118c0816383b9fd42efdfa
SEND 1553545184 TRANSACTION 209 24311
RECIEVED 1553545184 TRANSACTION 209 1 44
UPDATE 1553545184 TRANSACTION dc67c43cac5a3b93f8714a317d628b98
SEND 1553545184 TRANSACTION 209 18840
RECIEVED 1553545185 HB 139 1 45
SEND 1553545185 PING 259 62792
RECIEVED 1553545185 TRANSACTION 209 1 45
UPDATE 1553545185 TRANSACTION bed1280ab8164c7bdfe054023b712c4b
SEND 1553545185 TRANSACTION 209 28913
RECIEVED 1553545185 TRANSACTION 209 1 46
UPDATE 1553545185 TRANSACTION 52b00fd6b9e74d27b568b9c326902a46
SEND 1553545185 TRANSACTION 209 50875
RECIEVED 1553545185 TRANSACTION 209 1 47
UPDATE 1553545185 TRANSACTION 39b9c7f476502bd1f6db88a1b5f75234
SEND 1553545185 TRANSACTION 209 89289
# Listen attempt 1.
# json: cannot unmarshal object into Go struct field Node.Sock of type net.Conn
RECIEVED 1553545185 TRANSACTION 209 1 48
UPDATE 1553545185 TRANSACTION 9164833152045f2681ff1f540d015dad
SEND 1553545185 TRANSACTION 209 29626
RECIEVED 1553545186 TRANSACTION 209 1 49
UPDATE 1553545186 TRANSACTION 3e10c78e48260609d098676469d8655a
SEND 1553545186 TRANSACTION 209 27946
RECIEVED 1553545186 TRANSACTION 209 1 50
UPDATE 1553545186 TRANSACTION adcfea58c7a5bec246ed446292e7789d
SEND 1553545186 TRANSACTION 209 49714
RECIEVED 1553545186 HB 139 1 51
SEND 1553545186 PING 259 63035
# Listen attempt 1.
# json: cannot unmarshal object into Go struct field Node.Sock of type net.Conn
RECIEVED 1553545187 HB 139 1 51
SEND 1553545187 PING 259 62727
RECIEVED 1553545187 TRANSACTION 209 1 51
UPDATE 1553545187 TRANSACTION 7eef017eb7be1ad6bc062c9549563618
SEND 1553545187 TRANSACTION 209 53155
RECIEVED 1553545187 TRANSACTION 209 1 52
# Listen attempt 1.
# json: cannot unmarshal object into Go struct field Node.Sock of type net.Conn
RECIEVED 1553545187 TRANSACTION 211 1 52
UPDATE 1553545187 TRANSACTION 3da4f707ce426ec2282f5c3513c01701
SEND 1553545187 TRANSACTION 211 36299
RECIEVED 1553545187 TRANSACTION 209 1 53
UPDATE 1553545187 TRANSACTION e561ace0c40c48fbfd175588e9762392
SEND 1553545187 TRANSACTION 209 30418
RECIEVED 1553545187 TRANSACTION 210 1 54
UPDATE 1553545187 TRANSACTION ee1a2a77c2b1dfd0293a3dc2e98fda34
SEND 1553545187 TRANSACTION 210 31591
RECIEVED 1553545187 TRANSACTION 209 1 55
UPDATE 1553545187 TRANSACTION 1891da92a9319f009d848c65a312f87b
SEND 1553545187 TRANSACTION 209 21676
RECIEVED 1553545187 TRANSACTION 209 1 56
UPDATE 1553545187 TRANSACTION 45e0d536e4858556a26f28ed89d66467
SEND 1553545187 TRANSACTION 209 29648
RECIEVED 1553545187 TRANSACTION 209 1 57
UPDATE 1553545187 TRANSACTION 61de95b42bd1b6b88098b52661bc5728
SEND 1553545187 TRANSACTION 209 29940
RECIEVED 1553545187 TRANSACTION 209 1 58
UPDATE 1553545187 TRANSACTION 502599ae9c058c5089e29d1a5e7373a0
SEND 1553545187 TRANSACTION 209 23340
RECIEVED 1553545187 TRANSACTION 209 1 59
UPDATE 1553545187 TRANSACTION c85ec8034168cdbd9000f5acecf291ed
SEND 1553545187 TRANSACTION 209 28975
RECIEVED 1553545187 TRANSACTION 207 1 60
UPDATE 1553545187 TRANSACTION 7fef1df5d6adbc314251229c66103792
SEND 1553545187 TRANSACTION 207 34572
RECIEVED 1553545187 TRANSACTION 209 1 61
UPDATE 1553545187 TRANSACTION 37216934615456793360631dfcd03fb5
SEND 1553545187 TRANSACTION 209 53307
RECIEVED 1553545187 TRANSACTION 209 1 62
UPDATE 1553545187 TRANSACTION bbd59b343f82ded126e1e90fbed30892
SEND 1553545187 TRANSACTION 209 25374
RECIEVED 1553545187 TRANSACTION 207 1 63
UPDATE 1553545187 TRANSACTION ba10bb8b1ed6895f0b4bee3b26d9a9ad
SEND 1553545187 TRANSACTION 207 34448
RECIEVED 1553545187 TRANSACTION 209 1 64
UPDATE 1553545187 TRANSACTION dba59eca3725087d8f1e830036a8b834
SEND 1553545187 TRANSACTION 209 36320
RECIEVED 1553545187 TRANSACTION 208 1 65
UPDATE 1553545187 TRANSACTION a7b327a43228aa1b41046ae3e13c2299
SEND 1553545187 TRANSACTION 208 21713
RECIEVED 1553545188 TRANSACTION 208 1 66
UPDATE 1553545188 TRANSACTION dcf4fa46b1db4351767c2ee21ebb0b69
SEND 1553545188 TRANSACTION 208 24276
RECIEVED 1553545188 TRANSACTION 209 1 67
UPDATE 1553545188 TRANSACTION f0b1d34c197045ab8c9a3657ba9aa328
SEND 1553545188 TRANSACTION 209 24100
RECIEVED 1553545188 TRANSACTION 209 1 68
UPDATE 1553545188 TRANSACTION 618c0179933d03cff755b50cc8b116d4
SEND 1553545188 TRANSACTION 209 27226
RECIEVED 1553545188 TRANSACTION 209 1 69
UPDATE 1553545188 TRANSACTION b3cda5b65534cf9b10a1c86a18a27970
SEND 1553545188 TRANSACTION 209 23204
RECIEVED 1553545188 TRANSACTION 208 1 70
UPDATE 1553545188 TRANSACTION 88550699926f0ed2fa189f302c933c1b
SEND 1553545188 TRANSACTION 208 15333
RECIEVED 1553545188 TRANSACTION 210 1 71
UPDATE 1553545188 TRANSACTION cbee2e881643cada70ccaf160523c832
SEND 1553545188 TRANSACTION 210 35945
RECIEVED 1553545188 HB 139 1 72
SEND 1553545188 PING 259 41779
# Listen attempt 1.
# json: cannot unmarshal object into Go struct field Node.Sock of type net.Conn
RECIEVED 1553545189 HB 139 1 72
SEND 1553545189 PING 259 48816
# Listen attempt 1.
# json: cannot unmarshal object into Go struct field Node.Sock of type net.Conn
RECIEVED 1553545190 HB 139 1 72
SEND 1553545190 PING 259 57845
# Listen attempt 1.
# json: cannot unmarshal object into Go struct field Node.Sock of type net.Conn
RECIEVED 1553545191 HB 139 1 72
SEND 1553545191 PING 259 41908
# Listen attempt 1.
# json: cannot unmarshal object into Go struct field Node.Sock of type net.Conn
RECIEVED 1553545195 HB 139 1 72
SEND 1553545195 PING 259 71765
# Listen attempt 1.
# json: cannot unmarshal object into Go struct field Node.Sock of type net.Conn
# Listen attempt 2.
# json: cannot unmarshal object into Go struct field Node.Sock of type net.Conn
# Listen attempt 3.
# json: cannot unmarshal object into Go struct field Node.Sock of type net.Conn
# Could not recieve message properly
RECIEVED 1553545198 HB 139 1 72
# Removing node0:172.22.94.215:8000 from members
RECIEVED 1553545199 HB 139 0 72
RECIEVED 1553545200 HB 139 0 72
RECIEVED 1553545202 HB 139 0 72
RECIEVED 1553545203 HB 139 0 72
RECIEVED 1553545204 HB 139 0 72
RECIEVED 1553545205 TRANSACTION 209 0 72
UPDATE 1553545205 TRANSACTION bac7007903e73074b1b01d168849ccc8
RECIEVED 1553545207 HB 139 0 73
RECIEVED 1553545207 TRANSACTION 208 0 73
UPDATE 1553545207 TRANSACTION 167aba0603d44a7aeee7ba6dcae938d1
RECIEVED 1553545208 HB 139 0 74
RECIEVED 1553545211 HB 139 0 74
RECIEVED 1553545213 HB 139 0 74
RECIEVED 1553545214 HB 139 0 74
RECIEVED 1553545215 HB 139 0 74
RECIEVED 1553545216 HB 139 0 74
RECIEVED 1553545216 TRANSACTION 209 0 74
UPDATE 1553545216 TRANSACTION 7dc4de016ed1f38bf0752fe281fc2474
RECIEVED 1553545217 HB 139 0 75
RECIEVED 1553545221 HB 139 0 75
RECIEVED 1553545222 HB 139 0 75
RECIEVED 1553545223 HB 139 0 75
RECIEVED 1553545224 HB 139 0 75
RECIEVED 1553545225 HB 139 0 75
RECIEVED 1553545226 HB 139 0 75
RECIEVED 1553545227 HB 139 0 75
RECIEVED 1553545228 HB 139 0 75
RECIEVED 1553545230 HB 139 0 75
RECIEVED 1553545234 HB 139 0 75
RECIEVED 1553545235 HB 139 0 75
RECIEVED 1553545236 HB 139 0 75
RECIEVED 1553545237 HB 139 0 75
RECIEVED 1553545238 HB 139 0 75
RECIEVED 1553545239 HB 139 0 75
RECIEVED 1553545240 HB 139 0 75
RECIEVED 1553545241 HB 139 0 75
RECIEVED 1553545242 HB 139 0 75
RECIEVED 1553545243 HB 139 0 75
RECIEVED 1553545248 HB 139 0 75
RECIEVED 1553545250 HB 139 0 75
RECIEVED 1553545253 HB 139 0 75
RECIEVED 1553545254 TRANSACTION 209 0 75
UPDATE 1553545254 TRANSACTION 647d637eb6286569c27344e3b772a793
RECIEVED 1553545254 HB 139 0 76
RECIEVED 1553545258 HB 139 0 76
RECIEVED 1553545263 HB 139 0 76
RECIEVED 1553545264 HB 139 0 76
RECIEVED 1553545265 HB 139 0 76
RECIEVED 1553545266 HB 139 0 76
RECIEVED 1553545267 HB 139 0 76
RECIEVED 1553545272 HB 139 0 76
RECIEVED 1553545273 HB 139 0 76
RECIEVED 1553545274 HB 139 0 76
RECIEVED 1553545275 HB 139 0 76
RECIEVED 1553545276 HB 139 0 76
RECIEVED 1553545281 HB 139 0 76
RECIEVED 1553545283 HB 139 0 76
RECIEVED 1553545288 HB 139 0 76
RECIEVED 1553545289 HB 139 0 76
RECIEVED 1553545292 TRANSACTION 209 0 76
UPDATE 1553545292 TRANSACTION e47975624dd50036b6908ea84d3134e0
RECIEVED 1553545292 HB 139 0 77
RECIEVED 1553545293 HB 139 0 77
RECIEVED 1553545294 HB 139 0 77
RECIEVED 1553545295 HB 139 0 77
RECIEVED 1553545295 TRANSACTION 210 0 77
UPDATE 1553545295 TRANSACTION 022dfc25f3504186fe10d8a3a18fa078
RECIEVED 1553545296 HB 139 0 78
RECIEVED 1553545297 HB 139 0 78
RECIEVED 1553545298 HB 139 0 78
RECIEVED 1553545299 HB 139 0 78
RECIEVED 1553545300 HB 139 0 78
RECIEVED 1553545301 HB 139 0 78
RECIEVED 1553545302 HB 139 0 78
RECIEVED 1553545303 HB 139 0 78
RECIEVED 1553545304 HB 139 0 78
RECIEVED 1553545305 HB 139 0 78
RECIEVED 1553545309 HB 139 0 78
RECIEVED 1553545310 HB 139 0 78
RECIEVED 1553545312 HB 139 0 78
RECIEVED 1553545313 HB 139 0 78
RECIEVED 1553545314 HB 139 0 78
RECIEVED 1553545315 HB 139 0 78
RECIEVED 1553545316 HB 139 0 78
RECIEVED 1553545317 HB 139 0 78
RECIEVED 1553545318 HB 139 0 78
RECIEVED 1553545321 HB 139 0 78
RECIEVED 1553545322 TRANSACTION 209 0 78
UPDATE 1553545322 TRANSACTION 8c8fdbd8f7b7f34e524791e9aa5ee510
RECIEVED 1553545322 TRANSACTION 207 0 79
UPDATE 1553545322 TRANSACTION fb30fad1e6159dbfe4da61a0a39913de
RECIEVED 1553545323 HB 139 0 80
RECIEVED 1553545323 TRANSACTION 209 0 80
UPDATE 1553545323 TRANSACTION 1c9be551a248a86802922c18b4495eb1
RECIEVED 1553545324 HB 139 0 81
RECIEVED 1553545324 DIE 140 0 81
