RECIEVED 1553545179 INTRODUCE 167 0 0
SEND 1553545179 JOIN 163 33322
RECIEVED 1553545179 TRANSACTION 209 1 0
UPDATE 1553545179 TRANSACTION 04503f5583bf4b710815c1550a2ee900
SEND 1553545179 TRANSACTION 209 142230
RECIEVED 1553545179 TRANSACTION 208 1 1
UPDATE 1553545179 TRANSACTION 65ba1cddf5ed7eab1b7588b44c4e85f4
SEND 1553545179 TRANSACTION 208 30841
RECIEVED 1553545179 TRANSACTION 209 1 2
UPDATE 1553545179 TRANSACTION 66d6375dd8ee835984f9e0b6f8386324
SEND 1553545179 TRANSACTION 209 27873
RECIEVED 1553545179 TRANSACTION 209 1 3
UPDATE 1553545179 TRANSACTION 1bd083cddb75c6f448943710a91cf33a
SEND 1553545179 TRANSACTION 209 26255
RECIEVED 1553545179 TRANSACTION 207 1 4
UPDATE 1553545179 TRANSACTION eedf3845b792194a8624a58e3d56bdf7
SEND 1553545179 TRANSACTION 207 49993
RECIEVED 1553545179 TRANSACTION 209 1 5
UPDATE 1553545179 TRANSACTION b9226c4490005fd5464d00c2b00facff
SEND 1553545179 TRANSACTION 209 22039
RECIEVED 1553545179 TRANSACTION 207 1 6
UPDATE 1553545179 TRANSACTION 27380da38c404e572b329d7aa30e9f4e
SEND 1553545179 TRANSACTION 207 30456
RECIEVED 1553545179 TRANSACTION 209 1 7
UPDATE 1553545179 TRANSACTION 83586ed460bb1eb3165c631bd0df6fec
SEND 1553545179 TRANSACTION 209 20805
RECIEVED 1553545179 TRANSACTION 209 1 8
UPDATE 1553545179 TRANSACTION de0f85abed2e87a8f3839bf692a2e312
SEND 1553545179 TRANSACTION 209 1578118
RECIEVED 1553545179 TRANSACTION 209 1 9
UPDATE 1553545179 TRANSACTION 1583ac9d665b78888d880462fc1aea87
SEND 1553545179 TRANSACTION 209 33967
RECIEVED 1553545179 TRANSACTION 209 1 10
UPDATE 1553545179 TRANSACTION d16d1d3f1f9878fd98571343fa453a25
SEND 1553545179 TRANSACTION 209 46582
RECIEVED 1553545179 TRANSACTION 209 1 11
UPDATE 1553545179 TRANSACTION 71a4449f0883b77f0811bcceccc8c11b
SEND 1553545179 TRANSACTION 209 38853
RECIEVED 1553545180 TRANSACTION 209 1 12
UPDATE 1553545180 TRANSACTION 0f3338d57593c7c44743b40b315a1962
SEND 1553545180 TRANSACTION 209 49160
RECIEVED 1553545180 HB 139 1 13
SEND 1553545180 PING 259 192630
# Listen attempt 1.
# json: cannot unmarshal object into Go struct field Node.Sock of type net.Conn
RECIEVED 1553545180 TRANSACTION 209 1 13
UPDATE 1553545180 TRANSACTION b6c49dcc25e58488324ae0317dc267cd
SEND 1553545180 TRANSACTION 209 197752
RECIEVED 1553545180 TRANSACTION 208 1 14
UPDATE 1553545180 TRANSACTION 5f76ae0e5f185801144d6dc68ec63d5c
SEND 1553545180 TRANSACTION 208 33424
RECIEVED 1553545180 TRANSACTION 208 1 15
UPDATE 1553545180 TRANSACTION 61059b7808debd1a91be4abee0b9793c
SEND 1553545180 TRANSACTION 208 29894
RECIEVED 1553545180 TRANSACTION 210 1 16
UPDATE 1553545180 TRANSACTION c7a28892c1bd3abf6937c4786b60cf1f
SEND 1553545180 TRANSACTION 210 61822
RECIEVED 1553545180 TRANSACTION 209 1 17
UPDATE 1553545180 TRANSACTION 662ff76787712552819f1020893eef45
SEND 1553545180 TRANSACTION 209 55670
RECIEVED 1553545180 TRANSACTION 209 1 18
UPDATE 1553545180 TRANSACTION 05fb8b2f51317e229f7fe1a0e2c9b403
SEND 1553545180 TRANSACTION 209 56807
RECIEVED 1553545180 TRANSACTION 209 1 19
UPDATE 1553545180 TRANSACTION 54f730aac66fc15e283391130a48a0de
SEND 1553545180 TRANSACTION 209 107846
RECIEVED 1553545180 TRANSACTION 209 1 20
UPDATE 1553545180 TRANSACTION fd53c5f08507ca4cc120d9e92ffb747d
SEND 1553545180 TRANSACTION 209 27776
RECIEVED 1553545180 TRANSACTION 209 1 21
UPDATE 1553545180 TRANSACTION 43f18b8963c5886889a30b9a0251c390
SEND 1553545180 TRANSACTION 209 160620
RECIEVED 1553545181 TRANSACTION 207 1 22
UPDATE 1553545181 TRANSACTION 74b5529600508060e1d9b2bb9b8c9171
SEND 1553545181 TRANSACTION 207 28985
RECIEVED 1553545181 HB 139 1 23
SEND 1553545181 PING 259 89814
# Listen attempt 1.
# json: cannot unmarshal object into Go struct field Node.Sock of type net.Conn
RECIEVED 1553545181 TRANSACTION 209 1 23
UPDATE 1553545181 TRANSACTION bd67a0ba08a6260122f5386bea26bbd4
SEND 1553545181 TRANSACTION 209 35925
RECIEVED 1553545181 TRANSACTION 209 1 24
RECIEVED 1553545181 TRANSACTION 208 1 24
UPDATE 1553545181 TRANSACTION 791200087b46ba060bf867c2b8229263
SEND 1553545181 TRANSACTION 208 78444
RECIEVED 1553545181 TRANSACTION 209 1 25
UPDATE 1553545181 TRANSACTION f14713a547a690a04f334d32fc74cef4
SEND 1553545181 TRANSACTION 209 35812
RECIEVED 1553545181 TRANSACTION 208 1 26
UPDATE 1553545181 TRANSACTION 6420cc5ef59ec63947071474d9a31c14
SEND 1553545181 TRANSACTION 208 30363
RECIEVED 1553545181 TRANSACTION 208 1 27
UPDATE 1553545181 TRANSACTION fb8e53e83188ad3a213746648a55157d
SEND 1553545181 TRANSACTION 208 39770
RECIEVED 1553545182 TRANSACTION 209 1 28
UPDATE 1553545182 TRANSACTION 9497dc2867801e4dff95d160db818435
SEND 1553545182 TRANSACTION 209 77652
RECIEVED 1553545182 TRANSACTION 209 1 29
UPDATE 1553545182 TRANSACTION 61c83c4304394dc9b5fd64db50eba31a
SEND 1553545182 TRANSACTION 209 33878
RECIEVED 1553545182 HB 139 1 30
SEND 1553545182 PING 259 72012
# Listen attempt 1.
# json: cannot unmarshal object into Go struct field Node.Sock of type net.Conn
RECIEVED 1553545182 TRANSACTION 208 1 30
UPDATE 1553545182 TRANSACTION 8be1eeff2b6805732a490ad0fb8f49b4
SEND 1553545182 TRANSACTION 208 27478
RECIEVED 1553545182 TRANSACTION 209 1 31
UPDATE 1553545182 TRANSACTION 2e565b569747a5a3b342e6d36afba2ea
SEND 1553545182 TRANSACTION 209 26796
RECIEVED 1553545182 TRANSACTION 209 1 32
UPDATE 1553545182 TRANSACTION 47936132db94d8710c4b53e93f601a82
SEND 1553545182 TRANSACTION 209 29379
RECIEVED 1553545182 TRANSACTION 208 1 33
UPDATE 1553545182 TRANSACTION 2ae883fd074db2513705c547f08e9526
SEND 1553545182 TRANSACTION 208 30521
RECIEVED 1553545182 TRANSACTION 209 1 34
UPDATE 1553545182 TRANSACTION 38146c109039395c99e18300bb5a9b45
SEND 1553545182 TRANSACTION 209 23842
RECIEVED 1553545182 TRANSACTION 209 1 35
UPDATE 1553545182 TRANSACTION 14f08efcfee468f874c22bc2ada80423
SEND 1553545182 TRANSACTION 209 29662
RECIEVED 1553545182 TRANSACTION 209 1 36
UPDATE 1553545182 TRANSACTION dd4683fcb4a42c90888ef2d40013f4c4
SEND 1553545182 TRANSACTION 209 135304
RECIEVED 1553545182 TRANSACTION 210 1 37
UPDATE 1553545182 TRANSACTION da4c2cf808a35cfff0df8a6f332345d1
SEND 1553545182 TRANSACTION 210 37182
RECIEVED 1553545182 TRANSACTION 209 1 38
UPDATE 1553545182 TRANSACTION 35fb1d36de19f6de3602da5750e1b59f
SEND 1553545182 TRANSACTION 209 36194
RECIEVED 1553545182 TRANSACTION 209 1 39
UPDATE 1553545182 TRANSACTION 357f603ceec2db8b7b1618862ad2f399
SEND 1553545182 TRANSACTION 209 27518
RECIEVED 1553545182 TRANSACTION 209 1 40
UPDATE 1553545182 TRANSACTION db188e0118adcd1c65c4df4539da18cf
SEND 1553545182 TRANSACTION 209 28911
RECIEVED 1553545182 TRANSACTION 209 1 41
UPDATE 1553545182 TRANSACTION 79366f5b1110b7adb469161235bf388d
SEND 1553545182 TRANSACTION 209 27734
RECIEVED 1553545182 TRANSACTION 209 1 42
UPDATE 1553545182 TRANSACTION bf3cb988a33e7e87b6d381ad84d7ccaf
SEND 1553545182 TRANSACTION 209 43598
RECIEVED 1553545183 TRANSACTION 209 1 43
UPDATE 1553545183 TRANSACTION ffcefe726756d1b2ec34914127a74616
SEND 1553545183 TRANSACTION 209 41803
RECIEVED 1553545183 HB 139 1 44
SEND 1553545183 PING 259 61395
# Listen attempt 1.
# json: cannot unmarshal object into Go struct field Node.Sock of type net.Conn
RECIEVED 1553545183 TRANSACTION 209 1 44
UPDATE 1553545183 TRANSACTION 0b74cb51f630d7c6cda2ce4003505c53
SEND 1553545183 TRANSACTION 209 28045
RECIEVED 1553545183 TRANSACTION 208 1 45
UPDATE 1553545183 TRANSACTION 3d4e36aa61c7c9a3b1b4688213ca89fe
SEND 1553545183 TRANSACTION 208 27237
RECIEVED 1553545183 TRANSACTION 209 1 46
UPDATE 1553545183 TRANSACTION 5e2166278ad6eb13697fe062b74f6a1b
SEND 1553545183 TRANSACTION 209 33485
RECIEVED 1553545183 TRANSACTION 209 1 47
UPDATE 1553545183 TRANSACTION 00c9ca3294274b140b72481b2168c75d
SEND 1553545183 TRANSACTION 209 32068
RECIEVED 1553545183 TRANSACTION 209 1 48
UPDATE 1553545183 TRANSACTION e0133a59a14b992cfda2cd7c9aa648ca
SEND 1553545183 TRANSACTION 209 28016
RECIEVED 1553545183 TRANSACTION 207 1 49
UPDATE 1553545183 TRANSACTION 5d1020f7f7e4e1c0fe581da870d3a086
SEND 1553545183 TRANSACTION 207 27722
RECIEVED 1553545183 TRANSACTION 209 1 50
UPDATE 1553545183 TRANSACTION 7f12bcaa03820307c9feb9a4bb4981a6
SEND 1553545183 TRANSACTION 209 28695
RECIEVED 1553545183 TRANSACTION 209 1 51
UPDATE 1553545183 TRANSACTION f97eb054de8607ca0a9ceb3ad8dd4c60
SEND 1553545183 TRANSACTION 209 33673
RECIEVED 1553545183 TRANSACTION 207 1 52
UPDATE 1553545183 TRANSACTION 658e4e80369924cef1f9f4e1d55e8aa0
SEND 1553545183 TRANSACTION 207 23736
RECIEVED 1553545184 HB 139 1 53
SEND 1553545184 PING 259 47922
# Listen attempt 1.
# json: cannot unmarshal object into Go struct field Node.Sock of type net.Conn
RECIEVED 1553545184 TRANSACTION 207 1 53
UPDATE 1553545184 TRANSACTION 7c03de5eb1a436d1a32ae67e244bea72
SEND 1553545184 TRANSACTION 207 28535
RECIEVED 1553545184 TRANSACTION 209 1 54
UPDATE 1553545184 TRANSACTION 8b78b985475ec4b6a6a2fab51d942a8a
SEND 1553545184 TRANSACTION 209 30606
RECIEVED 1553545184 TRANSACTION 209 1 55
UPDATE 1553545184 TRANSACTION fb4efedebd0009147ed8fb01c8578910
SEND 1553545184 TRANSACTION 209 37936
RECIEVED 1553545184 TRANSACTION 209 1 56
UPDATE 1553545184 TRANSACTION 55b951fdcab6cc3b950b875519f4d47e
SEND 1553545184 TRANSACTION 209 37046
RECIEVED 1553545184 TRANSACTION 209 1 57
UPDATE 1553545184 TRANSACTION ad616752916e01f51fef952aad0d8800
SEND 1553545184 TRANSACTION 209 40192
RECIEVED 1553545184 TRANSACTION 208 1 58
UPDATE 1553545184 TRANSACTION 2017b525db7ba90c01ea3e89837b89ee
SEND 1553545184 TRANSACTION 208 29383
RECIEVED 1553545184 TRANSACTION 208 1 59
UPDATE 1553545184 TRANSACTION 4df120a11cfd0718a4c8b04befc6d05f
SEND 1553545184 TRANSACTION 208 28558
RECIEVED 1553545184 TRANSACTION 208 1 60
UPDATE 1553545184 TRANSACTION 1c7d6f451ad6c9dafecd489cc895b03e
SEND 1553545184 TRANSACTION 208 25872
RECIEVED 1553545184 TRANSACTION 209 1 61
UPDATE 1553545184 TRANSACTION 7ee02278f86cd5478fecbfc73b6b61c4
SEND 1553545184 TRANSACTION 209 24918
RECIEVED 1553545184 TRANSACTION 209 1 62
UPDATE 1553545184 TRANSACTION 3870910cd2e8ffb3623aeaac9db316aa
SEND 1553545184 TRANSACTION 209 20792
RECIEVED 1553545184 TRANSACTION 209 1 63
UPDATE 1553545184 TRANSACTION 69f06034d6b03a41a27c7a2fcb5154c8
SEND 1553545184 TRANSACTION 209 33683
RECIEVED 1553545184 TRANSACTION 209 1 64
UPDATE 1553545184 TRANSACTION 40fac106e7103532550b9181b6f66e94
SEND 1553545184 TRANSACTION 209 28741
RECIEVED 1553545184 TRANSACTION 210 1 65
UPDATE 1553545184 TRANSACTION fd36986289b8e49978d6357ef90d62de
SEND 1553545184 TRANSACTION 210 37563
RECIEVED 1553545184 TRANSACTION 209 1 66
UPDATE 1553545184 TRANSACTION 49935752cf118c0816383b9fd42efdfa
SEND 1553545184 TRANSACTION 209 26162
RECIEVED 1553545184 TRANSACTION 209 1 67
UPDATE 1553545184 TRANSACTION dc67c43cac5a3b93f8714a317d628b98
SEND 1553545184 TRANSACTION 209 21195
RECIEVED 1553545185 HB 139 1 68
SEND 1553545185 PING 259 53183
# Listen attempt 1.
# json: cannot unmarshal object into Go struct field Node.Sock of type net.Conn
RECIEVED 1553545185 TRANSACTION 209 1 68
UPDATE 1553545185 TRANSACTION bed1280ab8164c7bdfe054023b712c4b
SEND 1553545185 TRANSACTION 209 27954
RECIEVED 1553545185 TRANSACTION 209 1 69
UPDATE 1553545185 TRANSACTION a68f152020d20721dd5aa848d1eb08be
SEND 1553545185 TRANSACTION 209 27936
RECIEVED 1553545185 TRANSACTION 209 1 70
UPDATE 1553545185 TRANSACTION 39b9c7f476502bd1f6db88a1b5f75234
SEND 1553545185 TRANSACTION 209 42397
RECIEVED 1553545185 TRANSACTION 209 1 71
UPDATE 1553545185 TRANSACTION 9164833152045f2681ff1f540d015dad
SEND 1553545185 TRANSACTION 209 39089
RECIEVED 1553545186 HB 139 1 72
SEND 1553545186 PING 259 56579
RECIEVED 1553545186 TRANSACTION 209 1 72
UPDATE 1553545186 TRANSACTION 3e10c78e48260609d098676469d8655a
SEND 1553545186 TRANSACTION 209 28281
# Listen attempt 1.
# json: cannot unmarshal object into Go struct field Node.Sock of type net.Conn
RECIEVED 1553545186 TRANSACTION 211 1 73
UPDATE 1553545186 TRANSACTION 3da4f707ce426ec2282f5c3513c01701
SEND 1553545186 TRANSACTION 211 35858
RECIEVED 1553545186 TRANSACTION 209 1 74
UPDATE 1553545186 TRANSACTION e561ace0c40c48fbfd175588e9762392
SEND 1553545186 TRANSACTION 209 26758
RECIEVED 1553545186 TRANSACTION 208 1 75
UPDATE 1553545186 TRANSACTION 05c170b0c2dc46485374e3064103568a
SEND 1553545186 TRANSACTION 208 21563
RECIEVED 1553545186 TRANSACTION 209 1 76
UPDATE 1553545186 TRANSACTION 45e0d536e4858556a26f28ed89d66467
SEND 1553545186 TRANSACTION 209 22610
RECIEVED 1553545186 TRANSACTION 209 1 77
UPDATE 1553545186 TRANSACTION 6478c7b68dccd09d186fbe90d5638f83
SEND 1553545186 TRANSACTION 209 30922
RECIEVED 1553545186 TRANSACTION 209 1 78
UPDATE 1553545186 TRANSACTION 61de95b42bd1b6b88098b52661bc5728
SEND 1553545186 TRANSACTION 209 35734
RECIEVED 1553545186 TRANSACTION 209 1 79
UPDATE 1553545186 TRANSACTION 502599ae9c058c5089e29d1a5e7373a0
SEND 1553545186 TRANSACTION 209 35545
RECIEVED 1553545186 TRANSACTION 209 1 80
UPDATE 1553545186 TRANSACTION 4b9e2bfb9ba907d4e2b9924dfda8a119
SEND 1553545186 TRANSACTION 209 25121
RECIEVED 1553545186 TRANSACTION 209 1 81
UPDATE 1553545186 TRANSACTION c85ec8034168cdbd9000f5acecf291ed
SEND 1553545186 TRANSACTION 209 39407
RECIEVED 1553545186 TRANSACTION 207 1 82
UPDATE 1553545186 TRANSACTION 7fef1df5d6adbc314251229c66103792
SEND 1553545186 TRANSACTION 207 33191
RECIEVED 1553545187 HB 139 1 83
SEND 1553545187 PING 259 65277
# Listen attempt 1.
# json: cannot unmarshal object into Go struct field Node.Sock of type net.Conn
RECIEVED 1553545187 TRANSACTION 209 1 83
UPDATE 1553545187 TRANSACTION 37216934615456793360631dfcd03fb5
SEND 1553545187 TRANSACTION 209 35004
RECIEVED 1553545187 TRANSACTION 209 1 84
UPDATE 1553545187 TRANSACTION 35d8980aa3dcbac4b083d64d0e98953c
SEND 1553545187 TRANSACTION 209 30572
RECIEVED 1553545187 TRANSACTION 207 1 85
UPDATE 1553545187 TRANSACTION ba10bb8b1ed6895f0b4bee3b26d9a9ad
SEND 1553545187 TRANSACTION 207 23800
RECIEVED 1553545187 TRANSACTION 209 1 86
UPDATE 1553545187 TRANSACTION dba59eca3725087d8f1e830036a8b834
SEND 1553545187 TRANSACTION 209 47752
RECIEVED 1553545187 TRANSACTION 209 1 87
UPDATE 1553545187 TRANSACTION 7eef017eb7be1ad6bc062c9549563618
SEND 1553545187 TRANSACTION 209 29990
RECIEVED 1553545187 TRANSACTION 209 1 88
UPDATE 1553545187 TRANSACTION f0b1d34c197045ab8c9a3657ba9aa328
SEND 1553545187 TRANSACTION 209 27487
RECIEVED 1553545188 TRANSACTION 208 1 89
UPDATE 1553545188 TRANSACTION 88550699926f0ed2fa189f302c933c1b
SEND 1553545188 TRANSACTION 208 35447
RECIEVED 1553545188 TRANSACTION 208 1 90
RECIEVED 1553545188 TRANSACTION 209 1 90
UPDATE 1553545188 TRANSACTION b3cda5b65534cf9b10a1c86a18a27970
SEND 1553545188 TRANSACTION 209 35199
RECIEVED 1553545188 HB 139 1 91
SEND 1553545188 PING 259 54342
# Listen attempt 1.
# json: cannot unmarshal object into Go struct field Node.Sock of type net.Conn
RECIEVED 1553545188 TRANSACTION 209 1 91
UPDATE 1553545188 TRANSACTION 6e1521a981934ccbb4d91eaf51f8edb6
SEND 1553545188 TRANSACTION 209 28342
RECIEVED 1553545188 TRANSACTION 210 1 92
UPDATE 1553545188 TRANSACTION cbee2e881643cada70ccaf160523c832
SEND 1553545188 TRANSACTION 210 35127
RECIEVED 1553545188 TRANSACTION 208 1 93
UPDATE 1553545188 TRANSACTION ff40933c0a2d58688f3eca66adea49c8
SEND 1553545188 TRANSACTION 208 28447
RECIEVED 1553545188 TRANSACTION 208 1 94
UPDATE 1553545188 TRANSACTION 9141d41b2c91f357ded26ba482ce96f0
SEND 1553545188 TRANSACTION 208 41857
RECIEVED 1553545188 TRANSACTION 209 1 95
UPDATE 1553545188 TRANSACTION 06a223e9028d1cf38c43e9e547ee4fe4
SEND 1553545188 TRANSACTION 209 39586
RECIEVED 1553545188 TRANSACTION 208 1 96
UPDATE 1553545188 TRANSACTION 1e346b73f88e54eb98530835f28c40be
SEND 1553545188 TRANSACTION 208 35508
RECIEVED 1553545188 TRANSACTION 209 1 97
UPDATE 1553545188 TRANSACTION e2cdb5b758fcac4532ea483dcc15cf6a
SEND 1553545188 TRANSACTION 209 37341
RECIEVED 1553545188 TRANSACTION 210 1 98
UPDATE 1553545188 TRANSACTION 83145455d01d14c5e307dc2d30d497f5
SEND 1553545188 TRANSACTION 210 37915
RECIEVED 1553545189 HB 139 1 99
SEND 1553545189 PING 259 46891
# Listen attempt 1.
# json: cannot unmarshal object into Go struct field Node.Sock of type net.Conn
RECIEVED 1553545189 TRANSACTION 209 1 99
UPDATE 1553545189 TRANSACTION 2e6a49b0368004a51cf3cf5639ac650f
SEND 1553545189 TRANSACTION 209 33830
RECIEVED 1553545189 TRANSACTION 209 1 100
UPDATE 1553545189 TRANSACTION d13c22c6a08abc91824cab3584f6d55e
SEND 1553545189 TRANSACTION 209 33809
RECIEVED 1553545189 TRANSACTION 210 1 101
UPDATE 1553545189 TRANSACTION 17c3988f73239b6596aaadf06f46e642
SEND 1553545189 TRANSACTION 210 26852
RECIEVED 1553545189 TRANSACTION 209 1 102
UPDATE 1553545189 TRANSACTION eb65322ff2c5447b1467acb55e89ba80
SEND 1553545189 TRANSACTION 209 26926
RECIEVED 1553545189 TRANSACTION 209 1 103
UPDATE 1553545189 TRANSACTION c19bccfeeb5993bc51b923a9cac23590
SEND 1553545189 TRANSACTION 209 51027
RECIEVED 1553545189 TRANSACTION 209 1 104
UPDATE 1553545189 TRANSACTION 151426c360e76232f30f40fe16c2e0b3
SEND 1553545189 TRANSACTION 209 26861
RECIEVED 1553545189 TRANSACTION 209 1 105
UPDATE 1553545189 TRANSACTION 326bae5a5b028272ccad07d07dc8ebd1
SEND 1553545189 TRANSACTION 209 27480
RECIEVED 1553545190 TRANSACTION 209 1 106
UPDATE 1553545190 TRANSACTION b1e4233def99b9245015b4a9a3a34e6b
SEND 1553545190 TRANSACTION 209 51922
RECIEVED 1553545190 HB 139 1 107
SEND 1553545190 PING 259 49053
# Listen attempt 1.
# json: cannot unmarshal object into Go struct field Node.Sock of type net.Conn
RECIEVED 1553545190 TRANSACTION 208 1 107
UPDATE 1553545190 TRANSACTION 6c62d1cce302afce97f000e97c2375c8
SEND 1553545190 TRANSACTION 208 32567
RECIEVED 1553545190 TRANSACTION 208 1 108
UPDATE 1553545190 TRANSACTION 55d1e1bf20c9ded16ac0d89965f2796a
SEND 1553545190 TRANSACTION 208 28607
RECIEVED 1553545191 TRANSACTION 209 1 109
UPDATE 1553545191 TRANSACTION f896da97f9ad13cccca39fab12fdc6c9
SEND 1553545191 TRANSACTION 209 21692
RECIEVED 1553545191 HB 139 1 110
SEND 1553545191 PING 259 53487
# Listen attempt 1.
# json: cannot unmarshal object into Go struct field Node.Sock of type net.Conn
RECIEVED 1553545191 TRANSACTION 208 1 110
UPDATE 1553545191 TRANSACTION ee9ddbc078d6d27637f928a5ce6b9b17
SEND 1553545191 TRANSACTION 208 34816
RECIEVED 1553545191 TRANSACTION 209 1 111
UPDATE 1553545191 TRANSACTION aeb35fb3e585390bfc2891d05b5865bd
SEND 1553545191 TRANSACTION 209 38370
RECIEVED 1553545191 TRANSACTION 209 1 112
UPDATE 1553545191 TRANSACTION 5d17515339bf527ad00a7e8db192f507
SEND 1553545191 TRANSACTION 209 37686
RECIEVED 1553545191 TRANSACTION 208 1 113
UPDATE 1553545191 TRANSACTION 6aa5b1d9525e2a8cd6d2ce0814efad1c
SEND 1553545191 TRANSACTION 208 36014
RECIEVED 1553545191 TRANSACTION 210 1 114
UPDATE 1553545191 TRANSACTION 5ee612132c8f06fadd2244cc75d0e365
SEND 1553545191 TRANSACTION 210 30069
RECIEVED 1553545191 TRANSACTION 209 1 115
UPDATE 1553545191 TRANSACTION 8d61924cb1fe29b19b2947f83f0b25d1
SEND 1553545191 TRANSACTION 209 31808
RECIEVED 1553545191 TRANSACTION 211 1 116
UPDATE 1553545191 TRANSACTION 11dd895d0ff4e7b92e417290dcc66156
SEND 1553545191 TRANSACTION 211 42427
RECIEVED 1553545191 TRANSACTION 209 1 117
UPDATE 1553545191 TRANSACTION c71f69f8490d5af930485074e229c971
SEND 1553545191 TRANSACTION 209 26725
RECIEVED 1553545191 TRANSACTION 209 1 118
UPDATE 1553545191 TRANSACTION 6c63479c23e4876ab6a71979baca7d0b
SEND 1553545191 TRANSACTION 209 31682
RECIEVED 1553545191 TRANSACTION 208 1 119
UPDATE 1553545191 TRANSACTION cdc27da20f701e96ba258457ebe6f47c
SEND 1553545191 TRANSACTION 208 33955
RECIEVED 1553545192 TRANSACTION 209 1 120
UPDATE 1553545192 TRANSACTION 112beb7a952b99d03ac4ee9b61d0a998
SEND 1553545192 TRANSACTION 209 36359
RECIEVED 1553545192 TRANSACTION 208 1 121
UPDATE 1553545192 TRANSACTION 0c065a6bf135bb66c8d1bb80e743a3ba
SEND 1553545192 TRANSACTION 208 23498
RECIEVED 1553545192 TRANSACTION 209 1 122
UPDATE 1553545192 TRANSACTION 4ee6f6c9fd353ed741dba93cf7d26227
SEND 1553545192 TRANSACTION 209 22295
RECIEVED 1553545192 HB 139 1 123
SEND 1553545192 PING 259 36681
# Listen attempt 1.
# json: cannot unmarshal object into Go struct field Node.Sock of type net.Conn
RECIEVED 1553545192 TRANSACTION 209 1 123
UPDATE 1553545192 TRANSACTION 7feda72147841b5c07402c1064daec90
SEND 1553545192 TRANSACTION 209 35356
RECIEVED 1553545192 TRANSACTION 209 1 124
UPDATE 1553545192 TRANSACTION f1d748d0596ec4e3ced5e05f29989b1c
SEND 1553545192 TRANSACTION 209 35897
RECIEVED 1553545192 TRANSACTION 209 1 125
UPDATE 1553545192 TRANSACTION b1157da3d8f4236a3a0b2f0512584fce
SEND 1553545192 TRANSACTION 209 61311
RECIEVED 1553545192 TRANSACTION 208 1 126
UPDATE 1553545192 TRANSACTION ac53f145c9d0e17e4849b29a63c7dc4c
SEND 1553545192 TRANSACTION 208 27852
RECIEVED 1553545192 TRANSACTION 210 1 127
UPDATE 1553545192 TRANSACTION fe9ef311ec7edc188ef2011c223e43f9
SEND 1553545192 TRANSACTION 210 21491
RECIEVED 1553545193 TRANSACTION 209 1 128
UPDATE 1553545193 TRANSACTION 8104f83e85df9cba42316247017a871d
SEND 1553545193 TRANSACTION 209 31371
RECIEVED 1553545193 TRANSACTION 208 1 129
UPDATE 1553545193 TRANSACTION 43e900f056d293132e834eb30deaf8cf
SEND 1553545193 TRANSACTION 208 43414
RECIEVED 1553545193 HB 139 1 130
SEND 1553545193 PING 259 52964
# Listen attempt 1.
# json: cannot unmarshal object into Go struct field Node.Sock of type net.Conn
RECIEVED 1553545193 TRANSACTION 208 1 130
UPDATE 1553545193 TRANSACTION 877a998626c67010be10f8e35e47f0ed
SEND 1553545193 TRANSACTION 208 34546
RECIEVED 1553545193 TRANSACTION 208 1 131
UPDATE 1553545193 TRANSACTION 317c150a2115aaa9b9eb6c631d1f2df7
SEND 1553545193 TRANSACTION 208 34254
RECIEVED 1553545193 TRANSACTION 210 1 132
UPDATE 1553545193 TRANSACTION a498b99c6ea403079bf435b7f60a0154
SEND 1553545193 TRANSACTION 210 27160
RECIEVED 1553545193 TRANSACTION 209 1 133
UPDATE 1553545193 TRANSACTION 946f1ab689ac0e9bfe4247c1b5b052c0
SEND 1553545193 TRANSACTION 209 37354
RECIEVED 1553545193 TRANSACTION 209 1 134
UPDATE 1553545193 TRANSACTION e082ebd697a4163d72eea81c34db9702
SEND 1553545193 TRANSACTION 209 36596
RECIEVED 1553545193 TRANSACTION 209 1 135
UPDATE 1553545193 TRANSACTION 0a6c48d67a4dc09bc6f7c53458ce85c8
SEND 1553545193 TRANSACTION 209 29342
RECIEVED 1553545194 HB 139 1 136
SEND 1553545194 PING 259 42880
# Listen attempt 1.
# json: cannot unmarshal object into Go struct field Node.Sock of type net.Conn
RECIEVED 1553545194 TRANSACTION 208 1 136
UPDATE 1553545194 TRANSACTION d14b4f0b235b1d0972187b9ee8057c80
SEND 1553545194 TRANSACTION 208 33906
RECIEVED 1553545194 TRANSACTION 208 1 137
UPDATE 1553545194 TRANSACTION d02355bd6da5dda46522f029f25618a8
SEND 1553545194 TRANSACTION 208 22427
RECIEVED 1553545194 TRANSACTION 208 1 138
UPDATE 1553545194 TRANSACTION ce5aa4baf5d5112b52736414d52ab1c5
SEND 1553545194 TRANSACTION 208 34797
RECIEVED 1553545194 TRANSACTION 210 1 139
UPDATE 1553545194 TRANSACTION c1b52f07ac385bfc7788ea85f77f49a7
SEND 1553545194 TRANSACTION 210 23155
RECIEVED 1553545194 TRANSACTION 207 1 140
UPDATE 1553545194 TRANSACTION 9176bb78ce757db8836b54fe55c3b54e
SEND 1553545194 TRANSACTION 207 38007
RECIEVED 1553545194 TRANSACTION 209 1 141
UPDATE 1553545194 TRANSACTION a6cc57eaf502831d3f87bb550b6ff06a
SEND 1553545194 TRANSACTION 209 28050
RECIEVED 1553545194 TRANSACTION 208 1 142
UPDATE 1553545194 TRANSACTION d5519723d211e89df0c04a6b19c50d79
SEND 1553545194 TRANSACTION 208 80405
RECIEVED 1553545194 TRANSACTION 209 1 143
UPDATE 1553545194 TRANSACTION c49f0ba28d3bc720878846465d99fc93
SEND 1553545194 TRANSACTION 209 26930
RECIEVED 1553545194 TRANSACTION 209 1 144
UPDATE 1553545194 TRANSACTION ef492eaa28097c1bf1d692374c26c29d
SEND 1553545194 TRANSACTION 209 35674
RECIEVED 1553545195 TRANSACTION 207 1 145
UPDATE 1553545195 TRANSACTION 885e75784efbefceac127839d361e887
SEND 1553545195 TRANSACTION 207 37895
RECIEVED 1553545195 HB 139 1 146
SEND 1553545195 PING 259 52412
# Listen attempt 1.
# json: cannot unmarshal object into Go struct field Node.Sock of type net.Conn
RECIEVED 1553545195 TRANSACTION 207 1 146
UPDATE 1553545195 TRANSACTION 735eefd84dd61ecfd5aef4cc9edad73f
SEND 1553545195 TRANSACTION 207 28703
RECIEVED 1553545195 TRANSACTION 208 1 147
UPDATE 1553545195 TRANSACTION acdc00ca35bebde07f068938eadb58cc
SEND 1553545195 TRANSACTION 208 20889
RECIEVED 1553545195 TRANSACTION 209 1 148
UPDATE 1553545195 TRANSACTION 9095c5bbf4a32728676fe1008ecb1c03
SEND 1553545195 TRANSACTION 209 26626
RECIEVED 1553545195 TRANSACTION 209 1 149
UPDATE 1553545195 TRANSACTION 94cd8a12536c1dc5d5e505176d4b323c
SEND 1553545195 TRANSACTION 209 36060
RECIEVED 1553545196 TRANSACTION 209 1 150
UPDATE 1553545196 TRANSACTION 964f3adc5e575fece7150b082a2378cc
SEND 1553545196 TRANSACTION 209 31696
RECIEVED 1553545196 HB 139 1 151
SEND 1553545196 PING 259 42534
# Listen attempt 1.
# json: cannot unmarshal object into Go struct field Node.Sock of type net.Conn
RECIEVED 1553545196 TRANSACTION 210 1 151
UPDATE 1553545196 TRANSACTION 302f55205190bb2cc95288a1b5fea55c
SEND 1553545196 TRANSACTION 210 24189
RECIEVED 1553545196 TRANSACTION 209 1 152
UPDATE 1553545196 TRANSACTION 9f4d2d8cbe44cf59c2224353d9a51c58
SEND 1553545196 TRANSACTION 209 23027
RECIEVED 1553545196 TRANSACTION 209 1 153
UPDATE 1553545196 TRANSACTION 743732b02867fdd4f8340fd672669f76
SEND 1553545196 TRANSACTION 209 35946
RECIEVED 1553545196 TRANSACTION 209 1 154
UPDATE 1553545196 TRANSACTION ffccecab91783d3936d172d622516d92
SEND 1553545196 TRANSACTION 209 38903
RECIEVED 1553545196 TRANSACTION 210 1 155
UPDATE 1553545196 TRANSACTION 537df88b989ac9569bf36fa485d6b8c3
SEND 1553545196 TRANSACTION 210 36201
RECIEVED 1553545197 HB 139 1 156
SEND 1553545197 PING 259 43370
# Listen attempt 1.
# json: cannot unmarshal object into Go struct field Node.Sock of type net.Conn
RECIEVED 1553545197 TRANSACTION 209 1 156
UPDATE 1553545197 TRANSACTION 0f3684c07d8a8ebd56cb803c8a4b057f
SEND 1553545197 TRANSACTION 209 38906
RECIEVED 1553545197 TRANSACTION 209 1 157
UPDATE 1553545197 TRANSACTION 20c84415872de482ee03137774411e1b
SEND 1553545197 TRANSACTION 209 28741
RECIEVED 1553545197 TRANSACTION 210 1 158
UPDATE 1553545197 TRANSACTION 46a9531df56f36fb559b8f6fb2db5af4
SEND 1553545197 TRANSACTION 210 30138
RECIEVED 1553545197 TRANSACTION 208 1 159
UPDATE 1553545197 TRANSACTION c41d7a9f59f4708355774f1d59e4e19a
SEND 1553545197 TRANSACTION 208 20938
RECIEVED 1553545197 TRANSACTION 209 1 160
UPDATE 1553545197 TRANSACTION 0d397c9bb6439f750689ad2d34f32517
SEND 1553545197 TRANSACTION 209 45369
RECIEVED 1553545197 TRANSACTION 208 1 161
UPDATE 1553545197 TRANSACTION 2d99b2130f5b18294dd30ba886cda035
SEND 1553545197 TRANSACTION 208 25664
RECIEVED 1553545197 TRANSACTION 207 1 162
UPDATE 1553545197 TRANSACTION 3f22e8726828f1a192251d67fe59a719
SEND 1553545197 TRANSACTION 207 53081
RECIEVED 1553545197 TRANSACTION 208 1 163
UPDATE 1553545197 TRANSACTION 9d3ad25e11b7121c30e6602fd9e069aa
SEND 1553545197 TRANSACTION 208 28255
RECIEVED 1553545198 TRANSACTION 209 1 164
UPDATE 1553545198 TRANSACTION 66a2fd62b38ce7f9d1b5ca76af5dee25
SEND 1553545198 TRANSACTION 209 27457
RECIEVED 1553545198 TRANSACTION 209 1 165
UPDATE 1553545198 TRANSACTION a85d1188b5c8c815d4f2c412721d681d
SEND 1553545198 TRANSACTION 209 28085
RECIEVED 1553545198 HB 139 1 166
SEND 1553545198 PING 259 50435
# Listen attempt 1.
# json: cannot unmarshal object into Go struct field Node.Sock of type net.Conn
RECIEVED 1553545198 TRANSACTION 207 1 166
UPDATE 1553545198 TRANSACTION 5221003d7334e11a4a336287cc77b406
SEND 1553545198 TRANSACTION 207 34439
RECIEVED 1553545198 TRANSACTION 207 1 167
UPDATE 1553545198 TRANSACTION 8fe0a3bad1f0b79b0aa57522f46b77dd
SEND 1553545198 TRANSACTION 207 42936
RECIEVED 1553545198 TRANSACTION 210 1 168
UPDATE 1553545198 TRANSACTION 7435ed35a90ee246eae912792fd8a2a2
SEND 1553545198 TRANSACTION 210 35547
RECIEVED 1553545198 TRANSACTION 209 1 169
UPDATE 1553545198 TRANSACTION a57545576605b8b26d29dd0e195fe39c
SEND 1553545198 TRANSACTION 209 29223
RECIEVED 1553545199 TRANSACTION 208 1 170
UPDATE 1553545199 TRANSACTION 5694692e83cc7f80eb2643bce3cfc539
SEND 1553545199 TRANSACTION 208 35280
RECIEVED 1553545199 TRANSACTION 209 1 171
UPDATE 1553545199 TRANSACTION 74823e5d5d7e0dc900c575d4e2b439a1
SEND 1553545199 TRANSACTION 209 29123
RECIEVED 1553545199 HB 139 1 172
SEND 1553545199 PING 259 51065
# Listen attempt 1.
# json: cannot unmarshal object into Go struct field Node.Sock of type net.Conn
RECIEVED 1553545199 TRANSACTION 209 1 172
UPDATE 1553545199 TRANSACTION 37a1064a67d72ca5b224dc15faac97f6
SEND 1553545199 TRANSACTION 209 34557
RECIEVED 1553545199 TRANSACTION 209 1 173
UPDATE 1553545199 TRANSACTION 06dd8ff9e7c458c69aab062e329890f1
SEND 1553545199 TRANSACTION 209 34565
RECIEVED 1553545199 TRANSACTION 209 1 174
UPDATE 1553545199 TRANSACTION eaf1637ec4d54550b32cd4d6cf541a10
SEND 1553545199 TRANSACTION 209 34629
RECIEVED 1553545199 TRANSACTION 208 1 175
UPDATE 1553545199 TRANSACTION 2dbf9f2570c8f860755413f97d4ecc00
SEND 1553545199 TRANSACTION 208 28936
RECIEVED 1553545199 TRANSACTION 207 1 176
UPDATE 1553545199 TRANSACTION 4e9c4c3aec3c757724b61266ed0a4231
SEND 1553545199 TRANSACTION 207 30940
RECIEVED 1553545199 TRANSACTION 209 1 177
UPDATE 1553545199 TRANSACTION 9def068e1b3b8da692807319c1906095
SEND 1553545199 TRANSACTION 209 38661
RECIEVED 1553545199 TRANSACTION 209 1 178
UPDATE 1553545199 TRANSACTION 60bfb33d23ea72c0f4400dd936d5b3dc
SEND 1553545199 TRANSACTION 209 34252
RECIEVED 1553545199 TRANSACTION 210 1 179
UPDATE 1553545199 TRANSACTION 5a4e5fefd19bc53e61c8c828a1f28e9f
SEND 1553545199 TRANSACTION 210 38482
RECIEVED 1553545200 HB 139 1 180
SEND 1553545200 PING 259 54311
# Listen attempt 1.
# json: cannot unmarshal object into Go struct field Node.Sock of type net.Conn
RECIEVED 1553545200 TRANSACTION 209 1 180
UPDATE 1553545200 TRANSACTION 5db315a02e17a158d185d8940a166de6
SEND 1553545200 TRANSACTION 209 27672
RECIEVED 1553545200 TRANSACTION 208 1 181
UPDATE 1553545200 TRANSACTION 4e09ccc0202604b512703edeeb7edf64
SEND 1553545200 TRANSACTION 208 26023
RECIEVED 1553545200 TRANSACTION 209 1 182
UPDATE 1553545200 TRANSACTION 3eff2f50a0676be187c9664fec3fcd41
SEND 1553545200 TRANSACTION 209 36084
RECIEVED 1553545200 TRANSACTION 210 1 183
UPDATE 1553545200 TRANSACTION 09340cf48ba1f873c67a127108d6ba54
SEND 1553545200 TRANSACTION 210 35715
RECIEVED 1553545200 TRANSACTION 209 1 184
UPDATE 1553545200 TRANSACTION 9bdf56a461a45d169579539b04d52c23
SEND 1553545200 TRANSACTION 209 51099
RECIEVED 1553545200 TRANSACTION 210 1 185
UPDATE 1553545200 TRANSACTION 574d5bcb90702aafccbad9dd7bb2e85d
SEND 1553545200 TRANSACTION 210 27658
RECIEVED 1553545200 TRANSACTION 209 1 186
UPDATE 1553545200 TRANSACTION 0d9a0149a3208df97420c78e20ba4eac
SEND 1553545200 TRANSACTION 209 35521
RECIEVED 1553545200 TRANSACTION 209 1 187
UPDATE 1553545200 TRANSACTION d5b35730dcc9270339f8dc129bdc8bc2
SEND 1553545200 TRANSACTION 209 28336
RECIEVED 1553545200 TRANSACTION 207 1 188
UPDATE 1553545200 TRANSACTION 9ca17b87492d7175a37e650526985ca6
SEND 1553545200 TRANSACTION 207 36967
RECIEVED 1553545201 HB 139 1 189
SEND 1553545201 PING 259 70333
# Listen attempt 1.
# json: cannot unmarshal object into Go struct field Node.Sock of type net.Conn
RECIEVED 1553545202 HB 139 1 189
SEND 1553545202 PING 259 51536
# Listen attempt 1.
# json: cannot unmarshal object into Go struct field Node.Sock of type net.Conn
RECIEVED 1553545203 HB 139 1 189
SEND 1553545203 PING 259 69156
RECIEVED 1553545203 TRANSACTION 208 1 189
UPDATE 1553545203 TRANSACTION 3a2158a6bd8a00796f938924dae85436
SEND 1553545203 TRANSACTION 208 38264
# Listen attempt 1.
# json: cannot unmarshal object into Go struct field Node.Sock of type net.Conn
RECIEVED 1553545204 HB 139 1 190
SEND 1553545204 PING 259 48060
# Listen attempt 1.
# json: cannot unmarshal object into Go struct field Node.Sock of type net.Conn
RECIEVED 1553545205 HB 139 1 190
SEND 1553545205 PING 259 44254
# Listen attempt 1.
# json: cannot unmarshal object into Go struct field Node.Sock of type net.Conn
RECIEVED 1553545206 HB 139 1 190
SEND 1553545206 PING 259 57232
# Listen attempt 1.
# json: cannot unmarshal object into Go struct field Node.Sock of type net.Conn
RECIEVED 1553545207 HB 139 1 190
SEND 1553545207 PING 259 64939
# Listen attempt 1.
# json: cannot unmarshal object into Go struct field Node.Sock of type net.Conn
RECIEVED 1553545208 HB 139 1 190
SEND 1553545208 PING 259 46516
# Listen attempt 1.
# json: cannot unmarshal object into Go struct field Node.Sock of type net.Conn
RECIEVED 1553545209 HB 139 1 190
SEND 1553545209 PING 259 51616
RECIEVED 1553545209 TRANSACTION 209 1 190
UPDATE 1553545209 TRANSACTION 353232fb050e77a04d4e7808ac31c5b2
SEND 1553545209 TRANSACTION 209 35069
RECIEVED 1553545209 TRANSACTION 209 1 191
# Listen attempt 1.
# json: cannot unmarshal object into Go struct field Node.Sock of type net.Conn
RECIEVED 1553545210 HB 139 1 191
SEND 1553545210 PING 259 55042
# Listen attempt 1.
# json: cannot unmarshal object into Go struct field Node.Sock of type net.Conn
RECIEVED 1553545211 HB 139 1 191
SEND 1553545211 PING 259 59154
# Listen attempt 1.
# json: cannot unmarshal object into Go struct field Node.Sock of type net.Conn
RECIEVED 1553545212 HB 139 1 191
SEND 1553545212 PING 259 49020
# Listen attempt 1.
# json: cannot unmarshal object into Go struct field Node.Sock of type net.Conn
RECIEVED 1553545213 HB 139 1 191
SEND 1553545213 PING 259 65228
# Listen attempt 1.
# json: cannot unmarshal object into Go struct field Node.Sock of type net.Conn
RECIEVED 1553545214 HB 139 1 191
SEND 1553545214 PING 259 48769
# Listen attempt 1.
# json: cannot unmarshal object into Go struct field Node.Sock of type net.Conn
RECIEVED 1553545215 HB 139 1 191
SEND 1553545215 PING 259 49034
# Listen attempt 1.
# json: cannot unmarshal object into Go struct field Node.Sock of type net.Conn
RECIEVED 1553545215 TRANSACTION 209 1 191
UPDATE 1553545215 TRANSACTION 3f33f0c8d18582555cefd0386063957f
SEND 1553545215 TRANSACTION 209 36405
RECIEVED 1553545216 HB 139 1 192
SEND 1553545216 PING 259 59005
# Listen attempt 1.
# json: cannot unmarshal object into Go struct field Node.Sock of type net.Conn
RECIEVED 1553545217 HB 139 1 192
SEND 1553545217 PING 259 63254
# Listen attempt 1.
# json: cannot unmarshal object into Go struct field Node.Sock of type net.Conn
RECIEVED 1553545218 HB 139 1 192
SEND 1553545218 PING 259 59802
# Listen attempt 1.
# json: cannot unmarshal object into Go struct field Node.Sock of type net.Conn
RECIEVED 1553545219 HB 139 1 192
SEND 1553545219 PING 259 53513
# Listen attempt 1.
# json: cannot unmarshal object into Go struct field Node.Sock of type net.Conn
RECIEVED 1553545220 HB 139 1 192
SEND 1553545220 PING 259 62776
RECIEVED 1553545220 TRANSACTION 209 1 192
UPDATE 1553545220 TRANSACTION acfabdf83395d17b98ace766339a67a9
SEND 1553545220 TRANSACTION 209 37052
RECIEVED 1553545220 TRANSACTION 209 1 193
# Listen attempt 1.
# json: cannot unmarshal object into Go struct field Node.Sock of type net.Conn
RECIEVED 1553545221 HB 139 1 193
SEND 1553545221 PING 259 53132
# Listen attempt 1.
# json: cannot unmarshal object into Go struct field Node.Sock of type net.Conn
RECIEVED 1553545222 HB 139 1 193
SEND 1553545222 PING 259 68558
# Listen attempt 1.
# json: cannot unmarshal object into Go struct field Node.Sock of type net.Conn
RECIEVED 1553545223 HB 139 1 193
SEND 1553545223 PING 259 46512
# Listen attempt 1.
# json: cannot unmarshal object into Go struct field Node.Sock of type net.Conn
RECIEVED 1553545224 HB 139 1 193
SEND 1553545224 PING 259 42547
# Listen attempt 1.
# json: cannot unmarshal object into Go struct field Node.Sock of type net.Conn
RECIEVED 1553545225 HB 139 1 193
SEND 1553545225 PING 259 48342
# Listen attempt 1.
# json: cannot unmarshal object into Go struct field Node.Sock of type net.Conn
RECIEVED 1553545226 HB 139 1 193
SEND 1553545226 PING 259 65100
# Listen attempt 1.
# json: cannot unmarshal object into Go struct field Node.Sock of type net.Conn
RECIEVED 1553545227 HB 139 1 193
SEND 1553545227 PING 259 69940
RECIEVED 1553545227 TRANSACTION 209 1 193
UPDATE 1553545227 TRANSACTION 89f27c835e2fe0b696f060a652154af3
SEND 1553545227 TRANSACTION 209 29969
# Listen attempt 1.
# json: cannot unmarshal object into Go struct field Node.Sock of type net.Conn
RECIEVED 1553545228 HB 139 1 194
SEND 1553545228 PING 259 72272
# Listen attempt 1.
# json: cannot unmarshal object into Go struct field Node.Sock of type net.Conn
RECIEVED 1553545229 HB 139 1 194
SEND 1553545229 PING 259 68963
# Listen attempt 1.
# json: cannot unmarshal object into Go struct field Node.Sock of type net.Conn
RECIEVED 1553545230 HB 139 1 194
SEND 1553545230 PING 259 66307
# Listen attempt 1.
# json: cannot unmarshal object into Go struct field Node.Sock of type net.Conn
RECIEVED 1553545231 HB 139 1 194
SEND 1553545231 PING 259 63277
# Listen attempt 1.
# json: cannot unmarshal object into Go struct field Node.Sock of type net.Conn
RECIEVED 1553545232 HB 139 1 194
SEND 1553545232 PING 259 51164
# Listen attempt 1.
# json: cannot unmarshal object into Go struct field Node.Sock of type net.Conn
RECIEVED 1553545233 HB 139 1 194
SEND 1553545233 PING 259 64205
# Listen attempt 1.
# json: cannot unmarshal object into Go struct field Node.Sock of type net.Conn
RECIEVED 1553545234 HB 139 1 194
SEND 1553545234 PING 259 75021
RECIEVED 1553545234 TRANSACTION 209 1 194
UPDATE 1553545234 TRANSACTION 3a37438b275dfa83202f27290ac04cbc
SEND 1553545234 TRANSACTION 209 34324
# Listen attempt 1.
# json: cannot unmarshal object into Go struct field Node.Sock of type net.Conn
RECIEVED 1553545235 HB 139 1 195
SEND 1553545235 PING 259 70561
# Listen attempt 1.
# json: cannot unmarshal object into Go struct field Node.Sock of type net.Conn
RECIEVED 1553545236 HB 139 1 195
SEND 1553545236 PING 259 68875
# Listen attempt 1.
# json: cannot unmarshal object into Go struct field Node.Sock of type net.Conn
RECIEVED 1553545237 HB 139 1 195
SEND 1553545237 PING 259 71202
# Listen attempt 1.
# json: cannot unmarshal object into Go struct field Node.Sock of type net.Conn
RECIEVED 1553545238 HB 139 1 195
SEND 1553545238 PING 259 68503
# Listen attempt 1.
# json: cannot unmarshal object into Go struct field Node.Sock of type net.Conn
RECIEVED 1553545239 HB 139 1 195
SEND 1553545239 PING 259 71846
# Listen attempt 1.
# json: cannot unmarshal object into Go struct field Node.Sock of type net.Conn
RECIEVED 1553545240 HB 139 1 195
SEND 1553545240 PING 259 69531
# Listen attempt 1.
# json: cannot unmarshal object into Go struct field Node.Sock of type net.Conn
RECIEVED 1553545241 HB 139 1 195
SEND 1553545241 PING 259 73174
# Listen attempt 1.
# json: cannot unmarshal object into Go struct field Node.Sock of type net.Conn
# Listen attempt 2.
# json: cannot unmarshal object into Go struct field Node.Sock of type net.Conn
RECIEVED 1553545243 HB 139 1 195
SEND 1553545243 PING 259 61462
RECIEVED 1553545243 TRANSACTION 209 1 195
UPDATE 1553545243 TRANSACTION cb5f902d6e456064ddd3c722443e82ba
SEND 1553545243 TRANSACTION 209 31771
RECIEVED 1553545243 TRANSACTION 209 1 196
RECIEVED 1553545243 TRANSACTION 209 1 196
UPDATE 1553545243 TRANSACTION 5f1148476aeb1ec6fccf80dc723d626d
SEND 1553545243 TRANSACTION 209 35617
RECIEVED 1553545243 TRANSACTION 209 1 197
RECIEVED 1553545244 HB 139 1 197
SEND 1553545244 PING 259 63486
# Listen attempt 1.
# json: cannot unmarshal object into Go struct field Node.Sock of type net.Conn
RECIEVED 1553545245 HB 139 1 197
SEND 1553545245 PING 259 61009
# Listen attempt 1.
# json: cannot unmarshal object into Go struct field Node.Sock of type net.Conn
RECIEVED 1553545246 HB 139 1 197
SEND 1553545246 PING 259 74347
# Listen attempt 1.
# json: cannot unmarshal object into Go struct field Node.Sock of type net.Conn
RECIEVED 1553545247 HB 139 1 197
SEND 1553545247 PING 259 35958
# Listen attempt 1.
# json: cannot unmarshal object into Go struct field Node.Sock of type net.Conn
RECIEVED 1553545248 HB 139 1 197
SEND 1553545248 PING 259 68230
# Listen attempt 1.
# json: cannot unmarshal object into Go struct field Node.Sock of type net.Conn
RECIEVED 1553545249 HB 139 1 197
SEND 1553545249 PING 259 70162
# Listen attempt 1.
# json: cannot unmarshal object into Go struct field Node.Sock of type net.Conn
RECIEVED 1553545250 HB 139 1 197
SEND 1553545250 PING 259 75162
# Listen attempt 1.
# json: cannot unmarshal object into Go struct field Node.Sock of type net.Conn
RECIEVED 1553545250 TRANSACTION 210 1 197
UPDATE 1553545250 TRANSACTION f26a197118e87cbac956532d31920e45
SEND 1553545250 TRANSACTION 210 39638
RECIEVED 1553545251 HB 139 1 198
SEND 1553545251 PING 259 68839
# Listen attempt 1.
# json: cannot unmarshal object into Go struct field Node.Sock of type net.Conn
RECIEVED 1553545252 HB 139 1 198
SEND 1553545252 PING 259 67900
# Listen attempt 1.
# json: cannot unmarshal object into Go struct field Node.Sock of type net.Conn
RECIEVED 1553545253 HB 139 1 198
SEND 1553545253 PING 259 74849
# Listen attempt 1.
# json: cannot unmarshal object into Go struct field Node.Sock of type net.Conn
RECIEVED 1553545254 HB 139 1 198
SEND 1553545254 PING 259 58010
# Listen attempt 1.
# json: cannot unmarshal object into Go struct field Node.Sock of type net.Conn
RECIEVED 1553545255 HB 139 1 198
SEND 1553545255 PING 259 67831
# Listen attempt 1.
# json: cannot unmarshal object into Go struct field Node.Sock of type net.Conn
RECIEVED 1553545256 HB 139 1 198
SEND 1553545256 PING 259 53631
# Listen attempt 1.
# json: cannot unmarshal object into Go struct field Node.Sock of type net.Conn
RECIEVED 1553545256 TRANSACTION 208 1 198
UPDATE 1553545256 TRANSACTION c121abe99bb8fe9299ac66bc147c9b79
SEND 1553545256 TRANSACTION 208 34428
RECIEVED 1553545256 TRANSACTION 208 1 199
RECIEVED 1553545257 HB 139 1 199
SEND 1553545257 PING 259 37393
# Listen attempt 1.
# json: cannot unmarshal object into Go struct field Node.Sock of type net.Conn
RECIEVED 1553545258 HB 139 1 199
SEND 1553545258 PING 259 68693
# Listen attempt 1.
# json: cannot unmarshal object into Go struct field Node.Sock of type net.Conn
RECIEVED 1553545259 HB 139 1 199
SEND 1553545259 PING 259 68489
# Listen attempt 1.
# json: cannot unmarshal object into Go struct field Node.Sock of type net.Conn
RECIEVED 1553545260 HB 139 1 199
SEND 1553545260 PING 259 66142
# Listen attempt 1.
# json: cannot unmarshal object into Go struct field Node.Sock of type net.Conn
RECIEVED 1553545261 HB 139 1 199
SEND 1553545261 PING 259 71113
# Listen attempt 1.
# json: cannot unmarshal object into Go struct field Node.Sock of type net.Conn
RECIEVED 1553545262 HB 139 1 199
SEND 1553545262 PING 259 44314
# Listen attempt 1.
# json: cannot unmarshal object into Go struct field Node.Sock of type net.Conn
RECIEVED 1553545263 HB 139 1 199
SEND 1553545263 PING 259 67506
# Listen attempt 1.
# json: cannot unmarshal object into Go struct field Node.Sock of type net.Conn
RECIEVED 1553545264 HB 139 1 199
SEND 1553545264 PING 259 43406
# Listen attempt 1.
# json: cannot unmarshal object into Go struct field Node.Sock of type net.Conn
RECIEVED 1553545265 HB 139 1 199
SEND 1553545265 PING 259 68617
# Listen attempt 1.
# json: cannot unmarshal object into Go struct field Node.Sock of type net.Conn
RECIEVED 1553545266 HB 139 1 199
SEND 1553545266 PING 259 67077
# Listen attempt 1.
# json: cannot unmarshal object into Go struct field Node.Sock of type net.Conn
RECIEVED 1553545267 HB 139 1 199
SEND 1553545267 PING 259 77921
# Listen attempt 1.
# json: cannot unmarshal object into Go struct field Node.Sock of type net.Conn
RECIEVED 1553545268 HB 139 1 199
SEND 1553545268 PING 259 68844
# Listen attempt 1.
# json: cannot unmarshal object into Go struct field Node.Sock of type net.Conn
RECIEVED 1553545269 HB 139 1 199
SEND 1553545269 PING 259 72245
# Listen attempt 1.
# json: cannot unmarshal object into Go struct field Node.Sock of type net.Conn
RECIEVED 1553545270 HB 139 1 199
SEND 1553545270 PING 259 68512
# Listen attempt 1.
# json: cannot unmarshal object into Go struct field Node.Sock of type net.Conn
RECIEVED 1553545271 HB 139 1 199
SEND 1553545271 PING 259 75314
# Listen attempt 1.
# json: cannot unmarshal object into Go struct field Node.Sock of type net.Conn
RECIEVED 1553545272 HB 139 1 199
SEND 1553545272 PING 259 75367
# Listen attempt 1.
# json: cannot unmarshal object into Go struct field Node.Sock of type net.Conn
RECIEVED 1553545273 HB 139 1 199
SEND 1553545273 PING 259 36929
# Listen attempt 1.
# json: cannot unmarshal object into Go struct field Node.Sock of type net.Conn
RECIEVED 1553545274 HB 139 1 199
SEND 1553545274 PING 259 66510
# Listen attempt 1.
# json: cannot unmarshal object into Go struct field Node.Sock of type net.Conn
RECIEVED 1553545275 HB 139 1 199
SEND 1553545275 PING 259 62562
# Listen attempt 1.
# json: cannot unmarshal object into Go struct field Node.Sock of type net.Conn
RECIEVED 1553545276 HB 139 1 199
SEND 1553545276 PING 259 73582
# Listen attempt 1.
# json: cannot unmarshal object into Go struct field Node.Sock of type net.Conn
RECIEVED 1553545277 HB 139 1 199
SEND 1553545277 PING 259 66921
# Listen attempt 1.
# json: cannot unmarshal object into Go struct field Node.Sock of type net.Conn
RECIEVED 1553545278 HB 139 1 199
SEND 1553545278 PING 259 67997
# Listen attempt 1.
# json: cannot unmarshal object into Go struct field Node.Sock of type net.Conn
RECIEVED 1553545279 HB 139 1 199
SEND 1553545279 PING 259 70434
# Listen attempt 1.
# json: cannot unmarshal object into Go struct field Node.Sock of type net.Conn
RECIEVED 1553545280 HB 139 1 199
SEND 1553545280 PING 259 68547
# Listen attempt 1.
# json: cannot unmarshal object into Go struct field Node.Sock of type net.Conn
RECIEVED 1553545281 HB 139 1 199
SEND 1553545281 PING 259 68031
# Listen attempt 1.
# json: cannot unmarshal object into Go struct field Node.Sock of type net.Conn
RECIEVED 1553545282 HB 139 1 199
SEND 1553545282 PING 259 66402
# Listen attempt 1.
# json: cannot unmarshal object into Go struct field Node.Sock of type net.Conn
RECIEVED 1553545283 HB 139 1 199
SEND 1553545283 PING 259 63190
# Listen attempt 1.
# json: cannot unmarshal object into Go struct field Node.Sock of type net.Conn
RECIEVED 1553545284 HB 139 1 199
SEND 1553545284 PING 259 68457
# Listen attempt 1.
# json: cannot unmarshal object into Go struct field Node.Sock of type net.Conn
RECIEVED 1553545285 HB 139 1 199
SEND 1553545285 PING 259 64601
RECIEVED 1553545286 HB 139 1 199
SEND 1553545286 PING 259 81915
# Listen attempt 1.
# json: cannot unmarshal object into Go struct field Node.Sock of type net.Conn
RECIEVED 1553545286 TRANSACTION 209 1 199
UPDATE 1553545286 TRANSACTION be525623e8c94b523e6596c2f569761e
SEND 1553545286 TRANSACTION 209 52704
RECIEVED 1553545287 HB 139 1 200
SEND 1553545287 PING 259 78211
# Listen attempt 1.
# json: cannot unmarshal object into Go struct field Node.Sock of type net.Conn
RECIEVED 1553545288 HB 139 1 200
SEND 1553545288 PING 259 73211
# Listen attempt 1.
# json: cannot unmarshal object into Go struct field Node.Sock of type net.Conn
RECIEVED 1553545289 HB 139 1 200
SEND 1553545289 PING 259 66870
# Listen attempt 1.
# json: cannot unmarshal object into Go struct field Node.Sock of type net.Conn
RECIEVED 1553545289 TRANSACTION 209 1 200
UPDATE 1553545289 TRANSACTION 3093761296db4cc983b1d82510aec8b6
SEND 1553545289 TRANSACTION 209 34332
RECIEVED 1553545290 HB 139 1 201
SEND 1553545290 PING 259 61366
# Listen attempt 1.
# json: cannot unmarshal object into Go struct field Node.Sock of type net.Conn
RECIEVED 1553545291 HB 139 1 201
SEND 1553545291 PING 259 67125
# Listen attempt 1.
# json: cannot unmarshal object into Go struct field Node.Sock of type net.Conn
RECIEVED 1553545292 HB 139 1 201
SEND 1553545292 PING 259 66026
# Listen attempt 1.
# json: cannot unmarshal object into Go struct field Node.Sock of type net.Conn
RECIEVED 1553545292 TRANSACTION 209 1 201
UPDATE 1553545292 TRANSACTION 07c423188647bf81feb3c859e85e8f7f
SEND 1553545292 TRANSACTION 209 34896
RECIEVED 1553545293 HB 139 1 202
SEND 1553545293 PING 259 67849
# Listen attempt 1.
# json: cannot unmarshal object into Go struct field Node.Sock of type net.Conn
RECIEVED 1553545294 HB 139 1 202
SEND 1553545294 PING 259 65673
# Listen attempt 1.
# json: cannot unmarshal object into Go struct field Node.Sock of type net.Conn
RECIEVED 1553545295 HB 139 1 202
SEND 1553545295 PING 259 44242
# Listen attempt 1.
# json: cannot unmarshal object into Go struct field Node.Sock of type net.Conn
RECIEVED 1553545296 HB 139 1 202
SEND 1553545296 PING 259 84757
# Listen attempt 1.
# json: cannot unmarshal object into Go struct field Node.Sock of type net.Conn
RECIEVED 1553545297 HB 139 1 202
SEND 1553545297 PING 259 70199
# Listen attempt 1.
# json: cannot unmarshal object into Go struct field Node.Sock of type net.Conn
RECIEVED 1553545297 TRANSACTION 208 1 202
UPDATE 1553545297 TRANSACTION 63b1f08d4676023bc9dd3bbc95f977d9
SEND 1553545297 TRANSACTION 208 40211
RECIEVED 1553545297 TRANSACTION 208 1 203
RECIEVED 1553545298 HB 139 1 203
SEND 1553545298 PING 259 59832
# Listen attempt 1.
# json: cannot unmarshal object into Go struct field Node.Sock of type net.Conn
RECIEVED 1553545299 HB 139 1 203
SEND 1553545299 PING 259 73594
# Listen attempt 1.
# json: cannot unmarshal object into Go struct field Node.Sock of type net.Conn
RECIEVED 1553545300 HB 139 1 203
SEND 1553545300 PING 259 71741
# Listen attempt 1.
# json: cannot unmarshal object into Go struct field Node.Sock of type net.Conn
RECIEVED 1553545301 HB 139 1 203
SEND 1553545301 PING 259 64724
# Listen attempt 1.
# json: cannot unmarshal object into Go struct field Node.Sock of type net.Conn
RECIEVED 1553545302 HB 139 1 203
SEND 1553545302 PING 259 67741
# Listen attempt 1.
# json: cannot unmarshal object into Go struct field Node.Sock of type net.Conn
RECIEVED 1553545303 HB 139 1 203
SEND 1553545303 PING 259 85381
# Listen attempt 1.
# json: cannot unmarshal object into Go struct field Node.Sock of type net.Conn
RECIEVED 1553545304 HB 139 1 203
SEND 1553545304 PING 259 63459
# Listen attempt 1.
# json: cannot unmarshal object into Go struct field Node.Sock of type net.Conn
RECIEVED 1553545305 HB 139 1 203
SEND 1553545305 PING 259 66083
# Listen attempt 1.
# json: cannot unmarshal object into Go struct field Node.Sock of type net.Conn
RECIEVED 1553545306 HB 139 1 203
SEND 1553545306 PING 259 55039
# Listen attempt 1.
# json: cannot unmarshal object into Go struct field Node.Sock of type net.Conn
RECIEVED 1553545307 HB 139 1 203
SEND 1553545307 PING 259 54935
# Listen attempt 1.
# json: cannot unmarshal object into Go struct field Node.Sock of type net.Conn
RECIEVED 1553545308 HB 139 1 203
SEND 1553545308 PING 259 65321
# Listen attempt 1.
# json: cannot unmarshal object into Go struct field Node.Sock of type net.Conn
RECIEVED 1553545309 HB 139 1 203
SEND 1553545309 PING 259 65011
# Listen attempt 1.
# json: cannot unmarshal object into Go struct field Node.Sock of type net.Conn
RECIEVED 1553545310 HB 139 1 203
SEND 1553545310 PING 259 67430
# Listen attempt 1.
# json: cannot unmarshal object into Go struct field Node.Sock of type net.Conn
RECIEVED 1553545310 TRANSACTION 209 1 203
UPDATE 1553545310 TRANSACTION bd3929d4bca79ab3ea1b03a2cc643574
SEND 1553545310 TRANSACTION 209 37241
RECIEVED 1553545310 TRANSACTION 209 1 204
RECIEVED 1553545311 HB 139 1 204
SEND 1553545311 PING 259 74175
# Listen attempt 1.
# json: cannot unmarshal object into Go struct field Node.Sock of type net.Conn
RECIEVED 1553545312 HB 139 1 204
SEND 1553545312 PING 259 69640
# Listen attempt 1.
# json: cannot unmarshal object into Go struct field Node.Sock of type net.Conn
RECIEVED 1553545312 TRANSACTION 208 1 204
UPDATE 1553545312 TRANSACTION 46f7933ed58dcbd145ec34e7931716bc
SEND 1553545312 TRANSACTION 208 31480
RECIEVED 1553545312 TRANSACTION 208 1 205
RECIEVED 1553545313 HB 139 1 205
SEND 1553545313 PING 259 65967
# Listen attempt 1.
# json: cannot unmarshal object into Go struct field Node.Sock of type net.Conn
RECIEVED 1553545314 HB 139 1 205
SEND 1553545314 PING 259 90834
# Listen attempt 1.
# json: cannot unmarshal object into Go struct field Node.Sock of type net.Conn
RECIEVED 1553545315 HB 139 1 205
SEND 1553545315 PING 259 63636
# Listen attempt 1.
# json: cannot unmarshal object into Go struct field Node.Sock of type net.Conn
RECIEVED 1553545316 HB 139 1 205
SEND 1553545316 PING 259 69521
# Listen attempt 1.
# json: cannot unmarshal object into Go struct field Node.Sock of type net.Conn
RECIEVED 1553545317 HB 139 1 205
SEND 1553545317 PING 259 62565
RECIEVED 1553545317 TRANSACTION 209 1 205
UPDATE 1553545317 TRANSACTION 46d9d3cfc57f399698a6b09f1328ec52
SEND 1553545317 TRANSACTION 209 42939
RECIEVED 1553545317 TRANSACTION 209 1 206
# Listen attempt 1.
# json: cannot unmarshal object into Go struct field Node.Sock of type net.Conn
RECIEVED 1553545318 HB 139 1 206
SEND 1553545318 PING 259 72189
# Listen attempt 1.
# json: cannot unmarshal object into Go struct field Node.Sock of type net.Conn
RECIEVED 1553545319 HB 139 1 206
SEND 1553545319 PING 259 58448
# Listen attempt 1.
# json: cannot unmarshal object into Go struct field Node.Sock of type net.Conn
RECIEVED 1553545320 HB 139 1 206
SEND 1553545320 PING 259 73311
# Listen attempt 1.
# json: cannot unmarshal object into Go struct field Node.Sock of type net.Conn
RECIEVED 1553545321 HB 139 1 206
SEND 1553545321 PING 259 67009
# Listen attempt 1.
# json: cannot unmarshal object into Go struct field Node.Sock of type net.Conn
RECIEVED 1553545322 HB 139 1 206
SEND 1553545322 PING 259 64206
# Listen attempt 1.
# json: cannot unmarshal object into Go struct field Node.Sock of type net.Conn
RECIEVED 1553545323 HB 139 1 206
SEND 1553545323 PING 259 66629
# Listen attempt 1.
# json: cannot unmarshal object into Go struct field Node.Sock of type net.Conn
RECIEVED 1553545324 HB 139 1 206
SEND 1553545324 PING 259 78884
RECIEVED 1553545324 TRANSACTION 209 1 206
UPDATE 1553545324 TRANSACTION 31171c15a26c396dc55ab501bcb912f5
SEND 1553545324 TRANSACTION 209 57717
# Listen attempt 1.
# json: cannot unmarshal object into Go struct field Node.Sock of type net.Conn
RECIEVED 1553545325 HB 139 1 207
SEND 1553545325 PING 259 73596
# Listen attempt 1.
# json: cannot unmarshal object into Go struct field Node.Sock of type net.Conn
RECIEVED 1553545326 HB 139 1 207
SEND 1553545326 PING 259 75733
RECIEVED 1553545326 TRANSACTION 209 1 207
UPDATE 1553545326 TRANSACTION 08f4d72242f598b69d25600cbb01f3b4
SEND 1553545326 TRANSACTION 209 35021
# Listen attempt 1.
# json: cannot unmarshal object into Go struct field Node.Sock of type net.Conn
RECIEVED 1553545327 HB 139 1 208
SEND 1553545327 PING 259 71971
# Listen attempt 1.
# json: cannot unmarshal object into Go struct field Node.Sock of type net.Conn
RECIEVED 1553545328 HB 139 1 208
SEND 1553545328 PING 259 77644
# Listen attempt 1.
# json: cannot unmarshal object into Go struct field Node.Sock of type net.Conn
RECIEVED 1553545329 HB 139 1 208
SEND 1553545329 PING 259 70829
# Listen attempt 1.
# json: cannot unmarshal object into Go struct field Node.Sock of type net.Conn
RECIEVED 1553545330 HB 139 1 208
SEND 1553545330 PING 259 73747
RECIEVED 1553545330 TRANSACTION 209 1 208
UPDATE 1553545330 TRANSACTION 565616f5beb811a60d1ff0bea3904099
SEND 1553545330 TRANSACTION 209 36228
# Listen attempt 1.
# json: cannot unmarshal object into Go struct field Node.Sock of type net.Conn
RECIEVED 1553545330 TRANSACTION 209 1 209
UPDATE 1553545330 TRANSACTION 62251cab8703d647a87fb737e32b1486
SEND 1553545330 TRANSACTION 209 40292
RECIEVED 1553545331 HB 139 1 210
SEND 1553545331 PING 259 69662
# Listen attempt 1.
# json: cannot unmarshal object into Go struct field Node.Sock of type net.Conn
RECIEVED 1553545332 HB 139 1 210
SEND 1553545332 PING 259 72537
RECIEVED 1553545332 TRANSACTION 208 1 210
UPDATE 1553545332 TRANSACTION 489bbc8326c46aa1deb6201862838175
SEND 1553545332 TRANSACTION 208 34799
# Listen attempt 1.
# json: cannot unmarshal object into Go struct field Node.Sock of type net.Conn
RECIEVED 1553545333 HB 139 1 211
SEND 1553545333 PING 259 78056
RECIEVED 1553545333 TRANSACTION 209 1 211
UPDATE 1553545333 TRANSACTION 3a2b9c293589c8eea7c72ff626f7db69
SEND 1553545333 TRANSACTION 209 36287
RECIEVED 1553545333 TRANSACTION 209 1 212
# Listen attempt 1.
# json: cannot unmarshal object into Go struct field Node.Sock of type net.Conn
RECIEVED 1553545334 HB 139 1 212
SEND 1553545334 PING 259 78656
# Listen attempt 1.
# json: cannot unmarshal object into Go struct field Node.Sock of type net.Conn
RECIEVED 1553545335 HB 139 1 212
SEND 1553545335 PING 259 72174
# Listen attempt 1.
# json: cannot unmarshal object into Go struct field Node.Sock of type net.Conn
RECIEVED 1553545336 HB 139 1 212
SEND 1553545336 PING 259 79768
# Listen attempt 1.
# json: cannot unmarshal object into Go struct field Node.Sock of type net.Conn
RECIEVED 1553545337 HB 139 1 212
SEND 1553545337 PING 259 68854
RECIEVED 1553545337 TRANSACTION 209 1 212
UPDATE 1553545337 TRANSACTION 29a3e1e6a95d44087850ebcfc3fcbaf3
SEND 1553545337 TRANSACTION 209 59149
RECIEVED 1553545337 TRANSACTION 209 1 213
# Listen attempt 1.
# json: cannot unmarshal object into Go struct field Node.Sock of type net.Conn
RECIEVED 1553545338 HB 139 1 213
SEND 1553545338 PING 259 72436
RECIEVED 1553545338 TRANSACTION 208 1 213
UPDATE 1553545338 TRANSACTION e0a8c3bc71de9fb267e4fa5bf468f146
SEND 1553545338 TRANSACTION 208 36075
# Listen attempt 1.
# json: cannot unmarshal object into Go struct field Node.Sock of type net.Conn
RECIEVED 1553545338 TRANSACTION 208 1 214
RECIEVED 1553545339 HB 139 1 214
SEND 1553545339 PING 259 79162
# Listen attempt 1.
# json: cannot unmarshal object into Go struct field Node.Sock of type net.Conn
RECIEVED 1553545340 HB 139 1 214
SEND 1553545340 PING 259 73018
# Listen attempt 1.
# json: cannot unmarshal object into Go struct field Node.Sock of type net.Conn
RECIEVED 1553545341 HB 139 1 214
SEND 1553545341 PING 259 69005
# Listen attempt 1.
# json: cannot unmarshal object into Go struct field Node.Sock of type net.Conn
RECIEVED 1553545342 HB 139 1 214
SEND 1553545342 PING 259 75313
# Listen attempt 1.
# json: cannot unmarshal object into Go struct field Node.Sock of type net.Conn
RECIEVED 1553545343 HB 139 1 214
SEND 1553545343 PING 259 73638
# Listen attempt 1.
# json: cannot unmarshal object into Go struct field Node.Sock of type net.Conn
RECIEVED 1553545344 HB 139 1 214
SEND 1553545344 PING 259 68167
RECIEVED 1553545344 TRANSACTION 209 1 214
UPDATE 1553545344 TRANSACTION 61cddbda9e1116cb775c6f6b39bed914
SEND 1553545344 TRANSACTION 209 35611
# Listen attempt 1.
# json: cannot unmarshal object into Go struct field Node.Sock of type net.Conn
RECIEVED 1553545345 HB 139 1 215
SEND 1553545345 PING 259 60070
RECIEVED 1553545345 TRANSACTION 209 1 215
UPDATE 1553545345 TRANSACTION b0de04273dc7e08d4cf1befbcc4a23f5
SEND 1553545345 TRANSACTION 209 34330
RECIEVED 1553545345 TRANSACTION 209 1 216
# Listen attempt 1.
# json: cannot unmarshal object into Go struct field Node.Sock of type net.Conn
RECIEVED 1553545346 HB 139 1 216
SEND 1553545346 PING 259 72757
RECIEVED 1553545346 TRANSACTION 208 1 216
UPDATE 1553545346 TRANSACTION 1289a5d6d467bd93475f750f73784f9c
SEND 1553545346 TRANSACTION 208 1883786
# Listen attempt 1.
# json: cannot unmarshal object into Go struct field Node.Sock of type net.Conn
RECIEVED 1553545347 HB 139 1 217
SEND 1553545347 PING 259 83592
RECIEVED 1553545347 TRANSACTION 209 1 217
UPDATE 1553545347 TRANSACTION 55a1852dd206c697f9dbf5a7a2a3f960
SEND 1553545347 TRANSACTION 209 35810
RECIEVED 1553545348 HB 139 1 218
SEND 1553545348 PING 259 69462
# Listen attempt 1.
# json: cannot unmarshal object into Go struct field Node.Sock of type net.Conn
RECIEVED 1553545349 HB 139 1 218
SEND 1553545349 PING 259 78668
# Listen attempt 1.
# json: cannot unmarshal object into Go struct field Node.Sock of type net.Conn
RECIEVED 1553545350 HB 139 1 218
SEND 1553545350 PING 259 67579
# Listen attempt 1.
# json: cannot unmarshal object into Go struct field Node.Sock of type net.Conn
RECIEVED 1553545351 HB 139 1 218
SEND 1553545351 PING 259 52083
# Listen attempt 1.
# json: cannot unmarshal object into Go struct field Node.Sock of type net.Conn
# Listen attempt 2.
# json: cannot unmarshal object into Go struct field Node.Sock of type net.Conn
RECIEVED 1553545352 HB 139 1 218
SEND 1553545352 PING 259 79254
# Listen attempt 1.
# json: cannot unmarshal object into Go struct field Node.Sock of type net.Conn
RECIEVED 1553545353 HB 139 1 218
SEND 1553545353 PING 259 70066
# Listen attempt 1.
# json: cannot unmarshal object into Go struct field Node.Sock of type net.Conn
RECIEVED 1553545354 HB 139 1 218
SEND 1553545354 PING 259 67929
# Listen attempt 1.
# json: cannot unmarshal object into Go struct field Node.Sock of type net.Conn
RECIEVED 1553545355 TRANSACTION 209 1 218
UPDATE 1553545355 TRANSACTION 88e69ce153aca8731c1effec0d744653
SEND 1553545355 TRANSACTION 209 35218
RECIEVED 1553545355 HB 139 1 219
SEND 1553545355 PING 259 74989
RECIEVED 1553545356 TRANSACTION 208 1 219
UPDATE 1553545356 TRANSACTION 6ab56912608d910f92258a682f5b1028
SEND 1553545356 TRANSACTION 208 50579
# Listen attempt 1.
# json: cannot unmarshal object into Go struct field Node.Sock of type net.Conn
RECIEVED 1553545356 HB 139 1 220
SEND 1553545356 PING 259 75715
# Listen attempt 1.
# json: cannot unmarshal object into Go struct field Node.Sock of type net.Conn
RECIEVED 1553545357 HB 139 1 220
SEND 1553545357 PING 259 71584
# Listen attempt 1.
# json: cannot unmarshal object into Go struct field Node.Sock of type net.Conn
RECIEVED 1553545358 HB 139 1 220
SEND 1553545358 PING 259 58887
# Listen attempt 1.
# json: cannot unmarshal object into Go struct field Node.Sock of type net.Conn
RECIEVED 1553545359 HB 139 1 220
SEND 1553545359 PING 259 75921
# Listen attempt 1.
# json: cannot unmarshal object into Go struct field Node.Sock of type net.Conn
RECIEVED 1553545360 HB 139 1 220
SEND 1553545360 PING 259 69512
# Listen attempt 1.
# json: cannot unmarshal object into Go struct field Node.Sock of type net.Conn
RECIEVED 1553545361 HB 139 1 220
SEND 1553545361 PING 259 71014
# Listen attempt 1.
# json: cannot unmarshal object into Go struct field Node.Sock of type net.Conn
RECIEVED 1553545362 HB 139 1 220
SEND 1553545362 PING 259 69232
RECIEVED 1553545362 TRANSACTION 209 1 220
UPDATE 1553545362 TRANSACTION 4cdb19aedb5f916bd1f1059b0de9d8ba
SEND 1553545362 TRANSACTION 209 34596
# Listen attempt 1.
# json: cannot unmarshal object into Go struct field Node.Sock of type net.Conn
RECIEVED 1553545363 HB 139 1 221
SEND 1553545363 PING 259 77565
# Listen attempt 1.
# json: cannot unmarshal object into Go struct field Node.Sock of type net.Conn
RECIEVED 1553545364 HB 139 1 221
SEND 1553545364 PING 259 61024
# Listen attempt 1.
# json: cannot unmarshal object into Go struct field Node.Sock of type net.Conn
RECIEVED 1553545365 HB 139 1 221
SEND 1553545365 PING 259 71065
RECIEVED 1553545366 TRANSACTION 208 1 221
UPDATE 1553545366 TRANSACTION c3d4e707706d3635dad8bd6e7d150e8a
SEND 1553545366 TRANSACTION 208 35320
RECIEVED 1553545366 TRANSACTION 208 1 222
# Listen attempt 1.
# json: cannot unmarshal object into Go struct field Node.Sock of type net.Conn
RECIEVED 1553545366 HB 139 1 222
SEND 1553545366 PING 259 76272
# Listen attempt 1.
# json: cannot unmarshal object into Go struct field Node.Sock of type net.Conn
RECIEVED 1553545367 HB 139 1 222
SEND 1553545367 PING 259 71892
# Listen attempt 1.
# json: cannot unmarshal object into Go struct field Node.Sock of type net.Conn
RECIEVED 1553545368 HB 139 1 222
SEND 1553545368 PING 259 69774
RECIEVED 1553545369 TRANSACTION 208 1 222
UPDATE 1553545369 TRANSACTION e96d750916fba6733b8a44dd956dab5c
SEND 1553545369 TRANSACTION 208 27599
# Listen attempt 1.
# json: cannot unmarshal object into Go struct field Node.Sock of type net.Conn
RECIEVED 1553545369 HB 139 1 223
SEND 1553545369 PING 259 96749
RECIEVED 1553545370 TRANSACTION 209 1 223
UPDATE 1553545370 TRANSACTION 4557860a124569bc545c96c66abde9fc
SEND 1553545370 TRANSACTION 209 36418
RECIEVED 1553545370 TRANSACTION 209 1 224
# Listen attempt 1.
# json: cannot unmarshal object into Go struct field Node.Sock of type net.Conn
RECIEVED 1553545370 TRANSACTION 209 1 224
UPDATE 1553545370 TRANSACTION d8f883a83fddf1244a6fe1b924be7abc
SEND 1553545370 TRANSACTION 209 37850
RECIEVED 1553545370 TRANSACTION 209 1 225
RECIEVED 1553545370 HB 139 1 225
SEND 1553545370 PING 259 77431
# Listen attempt 1.
# json: cannot unmarshal object into Go struct field Node.Sock of type net.Conn
RECIEVED 1553545371 HB 139 1 225
SEND 1553545371 PING 259 72660
# Listen attempt 1.
# json: cannot unmarshal object into Go struct field Node.Sock of type net.Conn
RECIEVED 1553545372 TRANSACTION 210 1 225
UPDATE 1553545372 TRANSACTION 4f5f840606b5f5636b0a1216ff080308
SEND 1553545372 TRANSACTION 210 34669
RECIEVED 1553545372 HB 139 1 226
SEND 1553545372 PING 259 63589
# Listen attempt 1.
# json: cannot unmarshal object into Go struct field Node.Sock of type net.Conn
RECIEVED 1553545373 TRANSACTION 209 1 226
UPDATE 1553545373 TRANSACTION e4020e5090e67b1b1169d6edec113b63
SEND 1553545373 TRANSACTION 209 39026
RECIEVED 1553545373 HB 139 1 227
SEND 1553545373 PING 259 66861
# Listen attempt 1.
# json: cannot unmarshal object into Go struct field Node.Sock of type net.Conn
RECIEVED 1553545374 HB 139 1 227
SEND 1553545374 PING 259 68047
RECIEVED 1553545375 TRANSACTION 208 1 227
UPDATE 1553545375 TRANSACTION 2737488624e830b65ab38c1a39fc003d
SEND 1553545375 TRANSACTION 208 45563
RECIEVED 1553545375 TRANSACTION 208 1 228
# Listen attempt 1.
# json: cannot unmarshal object into Go struct field Node.Sock of type net.Conn
RECIEVED 1553545375 HB 139 1 228
SEND 1553545375 PING 259 76323
RECIEVED 1553545376 TRANSACTION 209 1 228
UPDATE 1553545376 TRANSACTION b0830921de660a86694170e9630414b4
SEND 1553545376 TRANSACTION 209 37515
RECIEVED 1553545376 TRANSACTION 209 1 229
# Listen attempt 1.
# json: cannot unmarshal object into Go struct field Node.Sock of type net.Conn
RECIEVED 1553545376 HB 139 1 229
SEND 1553545376 PING 259 74976
RECIEVED 1553545377 TRANSACTION 207 1 229
UPDATE 1553545377 TRANSACTION 3ef6abbc76038ddaa13e901531456ea8
SEND 1553545377 TRANSACTION 207 36285
# Listen attempt 1.
# json: cannot unmarshal object into Go struct field Node.Sock of type net.Conn
RECIEVED 1553545377 HB 139 1 230
SEND 1553545377 PING 259 57810
# Listen attempt 1.
# json: cannot unmarshal object into Go struct field Node.Sock of type net.Conn
RECIEVED 1553545378 HB 139 1 230
SEND 1553545378 PING 259 66374
# Listen attempt 1.
# json: cannot unmarshal object into Go struct field Node.Sock of type net.Conn
RECIEVED 1553545379 HB 139 1 230
SEND 1553545379 PING 259 161408
# Listen attempt 1.
# json: cannot unmarshal object into Go struct field Node.Sock of type net.Conn
RECIEVED 1553545380 TRANSACTION 209 1 230
UPDATE 1553545380 TRANSACTION 6ff4a0ac5a7160dfb679fa0ffe673a6f
SEND 1553545380 TRANSACTION 209 51280
RECIEVED 1553545380 TRANSACTION 209 1 231
RECIEVED 1553545380 HB 139 1 231
SEND 1553545380 PING 259 72140
RECIEVED 1553545381 TRANSACTION 208 1 231
UPDATE 1553545381 TRANSACTION 37f9c921293fcba75a1a42db6de003fd
SEND 1553545381 TRANSACTION 208 43513
RECIEVED 1553545381 TRANSACTION 208 1 232
# Listen attempt 1.
# json: cannot unmarshal object into Go struct field Node.Sock of type net.Conn
RECIEVED 1553545381 HB 139 1 232
SEND 1553545381 PING 259 72257
RECIEVED 1553545382 TRANSACTION 209 1 232
UPDATE 1553545382 TRANSACTION 61b0eb9b36cbfa2c909f5e3b0c711cdb
SEND 1553545382 TRANSACTION 209 34361
# Listen attempt 1.
# json: cannot unmarshal object into Go struct field Node.Sock of type net.Conn
RECIEVED 1553545383 HB 139 1 233
SEND 1553545383 PING 259 74050
# Listen attempt 1.
# json: cannot unmarshal object into Go struct field Node.Sock of type net.Conn
RECIEVED 1553545384 HB 139 1 233
SEND 1553545384 PING 259 97076
RECIEVED 1553545384 TRANSACTION 210 1 233
UPDATE 1553545384 TRANSACTION ec81b7c5d0b85c45598df1aff6f8ba4d
SEND 1553545384 TRANSACTION 210 37522
RECIEVED 1553545384 TRANSACTION 210 1 234
# Listen attempt 1.
# json: cannot unmarshal object into Go struct field Node.Sock of type net.Conn
RECIEVED 1553545385 HB 139 1 234
SEND 1553545385 PING 259 70085
# Listen attempt 1.
# json: cannot unmarshal object into Go struct field Node.Sock of type net.Conn
RECIEVED 1553545385 TRANSACTION 209 1 234
UPDATE 1553545385 TRANSACTION a39488417c9b136ea878d71a4bbfce90
SEND 1553545385 TRANSACTION 209 42391
RECIEVED 1553545385 TRANSACTION 209 1 235
RECIEVED 1553545386 HB 139 1 235
SEND 1553545386 PING 259 69621
RECIEVED 1553545386 TRANSACTION 209 1 235
UPDATE 1553545386 TRANSACTION 66386b92ac649fafe4fbbab63efdc8b7
SEND 1553545386 TRANSACTION 209 26404
# Listen attempt 1.
# json: cannot unmarshal object into Go struct field Node.Sock of type net.Conn
RECIEVED 1553545387 HB 139 1 236
SEND 1553545387 PING 259 70687
# Listen attempt 1.
# json: cannot unmarshal object into Go struct field Node.Sock of type net.Conn
RECIEVED 1553545388 HB 139 1 236
SEND 1553545388 PING 259 71546
RECIEVED 1553545388 TRANSACTION 209 1 236
UPDATE 1553545388 TRANSACTION a8bc175d1f5e2b9aaa13b368f8523220
SEND 1553545388 TRANSACTION 209 38210
# Listen attempt 1.
# json: cannot unmarshal object into Go struct field Node.Sock of type net.Conn
RECIEVED 1553545388 TRANSACTION 209 1 237
RECIEVED 1553545389 HB 139 1 237
SEND 1553545389 PING 259 69845
RECIEVED 1553545390 HB 139 1 237
SEND 1553545390 PING 259 71051
RECIEVED 1553545390 TRANSACTION 209 1 237
UPDATE 1553545390 TRANSACTION 8e8bb2b61337472a5b81f8637c0c9bea
SEND 1553545390 TRANSACTION 209 32610
RECIEVED 1553545390 TRANSACTION 209 1 238
UPDATE 1553545390 TRANSACTION 299ead1f515fe6aecba1727f32c181dd
SEND 1553545390 TRANSACTION 209 43386
RECIEVED 1553545391 TRANSACTION 209 1 239
RECIEVED 1553545391 HB 139 1 239
SEND 1553545391 PING 259 40481
RECIEVED 1553545391 TRANSACTION 209 1 239
# Listen attempt 1.
# json: cannot unmarshal object into Go struct field Node.Sock of type net.Conn
RECIEVED 1553545392 HB 139 1 239
SEND 1553545392 PING 259 71971
RECIEVED 1553545392 TRANSACTION 208 1 239
UPDATE 1553545392 TRANSACTION 3ad9b56a006121ab297938a45125067e
SEND 1553545392 TRANSACTION 208 34753
# Listen attempt 1.
# json: cannot unmarshal object into Go struct field Node.Sock of type net.Conn
RECIEVED 1553545393 HB 139 1 240
SEND 1553545393 PING 259 68769
# Listen attempt 1.
# json: cannot unmarshal object into Go struct field Node.Sock of type net.Conn
RECIEVED 1553545394 HB 139 1 240
SEND 1553545394 PING 259 68172
# Listen attempt 1.
# json: cannot unmarshal object into Go struct field Node.Sock of type net.Conn
RECIEVED 1553545394 TRANSACTION 209 1 240
UPDATE 1553545394 TRANSACTION 07ef17dd0549bf04632f85747d0eedd0
SEND 1553545394 TRANSACTION 209 51636
RECIEVED 1553545395 HB 139 1 241
SEND 1553545395 PING 259 71302
# Listen attempt 1.
# json: cannot unmarshal object into Go struct field Node.Sock of type net.Conn
RECIEVED 1553545396 HB 139 1 241
SEND 1553545396 PING 259 69584
# Listen attempt 1.
# json: cannot unmarshal object into Go struct field Node.Sock of type net.Conn
RECIEVED 1553545397 HB 139 1 241
SEND 1553545397 PING 259 77187
RECIEVED 1553545397 TRANSACTION 209 1 241
UPDATE 1553545397 TRANSACTION 0fd0201cd0dd663275d16f1a058fedc0
SEND 1553545397 TRANSACTION 209 31688
# Listen attempt 1.
# json: cannot unmarshal object into Go struct field Node.Sock of type net.Conn
RECIEVED 1553545398 HB 139 1 242
SEND 1553545398 PING 259 67805
# Listen attempt 1.
# json: cannot unmarshal object into Go struct field Node.Sock of type net.Conn
RECIEVED 1553545399 HB 139 1 242
SEND 1553545399 PING 259 71810
# Listen attempt 1.
# json: cannot unmarshal object into Go struct field Node.Sock of type net.Conn
RECIEVED 1553545400 HB 139 1 242
SEND 1553545400 PING 259 76148
RECIEVED 1553545400 TRANSACTION 210 1 242
UPDATE 1553545400 TRANSACTION 62c103a2655b8589f452b856170b3e8b
SEND 1553545400 TRANSACTION 210 36429
# Listen attempt 1.
# json: cannot unmarshal object into Go struct field Node.Sock of type net.Conn
RECIEVED 1553545401 HB 139 1 243
SEND 1553545401 PING 259 70449
# Listen attempt 1.
# json: cannot unmarshal object into Go struct field Node.Sock of type net.Conn
RECIEVED 1553545402 TRANSACTION 209 1 243
UPDATE 1553545402 TRANSACTION cf4c9fd0774e0a84657001929fa41687
SEND 1553545402 TRANSACTION 209 35322
RECIEVED 1553545402 TRANSACTION 209 1 244
RECIEVED 1553545402 HB 139 1 244
SEND 1553545402 PING 259 57311
# Listen attempt 1.
# json: cannot unmarshal object into Go struct field Node.Sock of type net.Conn
RECIEVED 1553545403 HB 139 1 244
SEND 1553545403 PING 259 71760
RECIEVED 1553545403 TRANSACTION 209 1 244
UPDATE 1553545403 TRANSACTION 15530c80793cd779588f6af22fa9a927
SEND 1553545403 TRANSACTION 209 40804
# Listen attempt 1.
# json: cannot unmarshal object into Go struct field Node.Sock of type net.Conn
RECIEVED 1553545404 HB 139 1 245
SEND 1553545404 PING 259 67750
# Listen attempt 1.
# json: cannot unmarshal object into Go struct field Node.Sock of type net.Conn
RECIEVED 1553545405 HB 139 1 245
SEND 1553545405 PING 259 73113
RECIEVED 1553545406 TRANSACTION 209 1 245
UPDATE 1553545406 TRANSACTION fb7619217cdaf4dbc7e6a98121c4f6de
SEND 1553545406 TRANSACTION 209 36673
RECIEVED 1553545406 HB 139 1 246
SEND 1553545406 PING 259 56739
RECIEVED 1553545406 TRANSACTION 209 1 246
# Listen attempt 1.
# json: cannot unmarshal object into Go struct field Node.Sock of type net.Conn
RECIEVED 1553545407 HB 139 1 246
SEND 1553545407 PING 259 76338
# Listen attempt 1.
# json: cannot unmarshal object into Go struct field Node.Sock of type net.Conn
RECIEVED 1553545408 HB 139 1 246
SEND 1553545408 PING 259 72499
RECIEVED 1553545408 TRANSACTION 208 1 246
UPDATE 1553545408 TRANSACTION 037f4fcbd16b4c47c5c160d66bd7a684
SEND 1553545408 TRANSACTION 208 35839
RECIEVED 1553545408 TRANSACTION 208 1 247
# Listen attempt 1.
# json: cannot unmarshal object into Go struct field Node.Sock of type net.Conn
RECIEVED 1553545409 HB 139 1 247
SEND 1553545409 PING 259 71690
RECIEVED 1553545409 TRANSACTION 208 1 247
UPDATE 1553545409 TRANSACTION d04f45a7308cbee13d0f57c11349646c
SEND 1553545409 TRANSACTION 208 36561
RECIEVED 1553545409 TRANSACTION 208 1 248
# Listen attempt 1.
# json: cannot unmarshal object into Go struct field Node.Sock of type net.Conn
RECIEVED 1553545410 HB 139 1 248
SEND 1553545410 PING 259 77970
# Listen attempt 1.
# json: cannot unmarshal object into Go struct field Node.Sock of type net.Conn
RECIEVED 1553545411 HB 139 1 248
SEND 1553545411 PING 259 61831
# Listen attempt 1.
# json: cannot unmarshal object into Go struct field Node.Sock of type net.Conn
RECIEVED 1553545412 HB 139 1 248
SEND 1553545412 PING 259 66292
# Listen attempt 1.
# json: cannot unmarshal object into Go struct field Node.Sock of type net.Conn
RECIEVED 1553545413 TRANSACTION 209 1 248
UPDATE 1553545413 TRANSACTION f1d512e10bfe43c9bf78f17fe15f6e8b
SEND 1553545413 TRANSACTION 209 35396
RECIEVED 1553545413 TRANSACTION 209 1 249
RECIEVED 1553545413 HB 139 1 249
SEND 1553545413 PING 259 49743
# Listen attempt 1.
# json: cannot unmarshal object into Go struct field Node.Sock of type net.Conn
RECIEVED 1553545414 HB 139 1 249
SEND 1553545414 PING 259 64653
# Listen attempt 1.
# json: cannot unmarshal object into Go struct field Node.Sock of type net.Conn
RECIEVED 1553545415 HB 139 1 249
SEND 1553545415 PING 259 66234
# Listen attempt 1.
# json: cannot unmarshal object into Go struct field Node.Sock of type net.Conn
RECIEVED 1553545416 TRANSACTION 208 1 249
UPDATE 1553545416 TRANSACTION 7252c7bebedc5d9a15609250b6ca7685
SEND 1553545416 TRANSACTION 208 35966
RECIEVED 1553545416 TRANSACTION 208 1 250
RECIEVED 1553545416 HB 139 1 250
SEND 1553545416 PING 259 66080
# Listen attempt 1.
# json: cannot unmarshal object into Go struct field Node.Sock of type net.Conn
RECIEVED 1553545417 HB 139 1 250
SEND 1553545417 PING 259 57588
# Listen attempt 1.
# json: cannot unmarshal object into Go struct field Node.Sock of type net.Conn
RECIEVED 1553545418 HB 139 1 250
SEND 1553545418 PING 259 64670
# Listen attempt 1.
# json: cannot unmarshal object into Go struct field Node.Sock of type net.Conn
RECIEVED 1553545419 HB 139 1 250
SEND 1553545419 PING 259 57572
RECIEVED 1553545420 TRANSACTION 209 1 250
UPDATE 1553545420 TRANSACTION bd653d96959ac030514fb7c0ee2952c9
SEND 1553545420 TRANSACTION 209 36567
RECIEVED 1553545420 TRANSACTION 209 1 251
RECIEVED 1553545420 HB 139 1 251
SEND 1553545420 PING 259 69532
RECIEVED 1553545421 TRANSACTION 209 1 251
UPDATE 1553545421 TRANSACTION 2ed9d5097199c4f9be5800e7a8cc8417
SEND 1553545421 TRANSACTION 209 37681
# Listen attempt 1.
# json: cannot unmarshal object into Go struct field Node.Sock of type net.Conn
RECIEVED 1553545421 TRANSACTION 209 1 252
RECIEVED 1553545421 HB 139 1 252
SEND 1553545421 PING 259 66992
RECIEVED 1553545422 TRANSACTION 209 1 252
UPDATE 1553545422 TRANSACTION 1347dff78b99b3c7d763d746cdfde510
SEND 1553545422 TRANSACTION 209 47909
# Listen attempt 1.
# json: cannot unmarshal object into Go struct field Node.Sock of type net.Conn
RECIEVED 1553545422 HB 139 1 253
SEND 1553545422 PING 259 71193
# Listen attempt 1.
# json: cannot unmarshal object into Go struct field Node.Sock of type net.Conn
RECIEVED 1553545423 TRANSACTION 208 1 253
UPDATE 1553545423 TRANSACTION 8aa6f86f6044b68c3e431efcb68b0782
SEND 1553545423 TRANSACTION 208 35299
RECIEVED 1553545423 TRANSACTION 208 1 254
RECIEVED 1553545423 HB 139 1 254
SEND 1553545423 PING 259 72428
RECIEVED 1553545424 TRANSACTION 209 1 254
UPDATE 1553545424 TRANSACTION 31d982dd584f621c1dda53733ef3195a
SEND 1553545424 TRANSACTION 209 36411
RECIEVED 1553545424 HB 139 1 255
SEND 1553545424 PING 259 74208
RECIEVED 1553545425 TRANSACTION 209 1 255
# Listen attempt 1.
# json: cannot unmarshal object into Go struct field Node.Sock of type net.Conn
RECIEVED 1553545425 HB 139 1 255
SEND 1553545425 PING 259 69669
# Listen attempt 1.
# json: cannot unmarshal object into Go struct field Node.Sock of type net.Conn
RECIEVED 1553545426 HB 139 1 255
SEND 1553545426 PING 259 71379
# Listen attempt 1.
# json: cannot unmarshal object into Go struct field Node.Sock of type net.Conn
RECIEVED 1553545427 HB 139 1 255
SEND 1553545427 PING 259 73343
RECIEVED 1553545428 TRANSACTION 208 1 255
UPDATE 1553545428 TRANSACTION 5ee1ff6459c2d24ebd81ce71eb1a225c
SEND 1553545428 TRANSACTION 208 34914
RECIEVED 1553545428 HB 139 1 256
SEND 1553545428 PING 259 66703
RECIEVED 1553545428 TRANSACTION 209 1 256
UPDATE 1553545428 TRANSACTION 8983bcbb4e911f4aea097e3dd69f1991
SEND 1553545428 TRANSACTION 209 35557
# Listen attempt 1.
# json: cannot unmarshal object into Go struct field Node.Sock of type net.Conn
RECIEVED 1553545428 TRANSACTION 209 1 257
RECIEVED 1553545429 HB 139 1 257
SEND 1553545429 PING 259 57460
# Listen attempt 1.
# json: cannot unmarshal object into Go struct field Node.Sock of type net.Conn
RECIEVED 1553545430 TRANSACTION 209 1 257
UPDATE 1553545430 TRANSACTION 5c9fe1a8f45978b5d85d722b84f77e26
SEND 1553545430 TRANSACTION 209 35266
RECIEVED 1553545430 TRANSACTION 209 1 258
RECIEVED 1553545430 HB 139 1 258
SEND 1553545430 PING 259 66677
# Listen attempt 1.
# json: cannot unmarshal object into Go struct field Node.Sock of type net.Conn
RECIEVED 1553545431 HB 139 1 258
SEND 1553545431 PING 259 66122
# Listen attempt 1.
# json: cannot unmarshal object into Go struct field Node.Sock of type net.Conn
RECIEVED 1553545432 TRANSACTION 209 1 258
UPDATE 1553545432 TRANSACTION 241c91c4ce885d5cea5bcd9535259b76
SEND 1553545432 TRANSACTION 209 35888
RECIEVED 1553545432 HB 139 1 259
SEND 1553545432 PING 259 70980
# Listen attempt 1.
# json: cannot unmarshal object into Go struct field Node.Sock of type net.Conn
RECIEVED 1553545433 TRANSACTION 209 1 259
UPDATE 1553545433 TRANSACTION a9def93bc1c04f7327294e0369a3aa74
SEND 1553545433 TRANSACTION 209 47820
RECIEVED 1553545433 HB 139 1 260
SEND 1553545433 PING 259 68711
RECIEVED 1553545434 HB 139 1 260
SEND 1553545434 PING 259 76319
# Listen attempt 1.
# json: cannot unmarshal object into Go struct field Node.Sock of type net.Conn
RECIEVED 1553545435 HB 139 1 260
SEND 1553545435 PING 259 79305
# Listen attempt 1.
# json: cannot unmarshal object into Go struct field Node.Sock of type net.Conn
RECIEVED 1553545436 TRANSACTION 209 1 260
UPDATE 1553545436 TRANSACTION 6af82a9e8e3b1ce4fb35e201753400ad
SEND 1553545436 TRANSACTION 209 36541
RECIEVED 1553545436 TRANSACTION 209 1 261
RECIEVED 1553545436 HB 139 1 261
SEND 1553545436 PING 259 78241
# Listen attempt 1.
# json: cannot unmarshal object into Go struct field Node.Sock of type net.Conn
RECIEVED 1553545437 TRANSACTION 209 1 261
UPDATE 1553545437 TRANSACTION e8b5298b77ca880df4104623fdb0a692
SEND 1553545437 TRANSACTION 209 37020
RECIEVED 1553545437 HB 139 1 262
SEND 1553545437 PING 259 72925
RECIEVED 1553545438 TRANSACTION 209 1 262
UPDATE 1553545438 TRANSACTION 1bcc644aef2a9adacbb4b30c98f364c3
SEND 1553545438 TRANSACTION 209 55168
RECIEVED 1553545439 HB 139 1 263
SEND 1553545439 PING 259 60573
# Listen attempt 1.
# json: cannot unmarshal object into Go struct field Node.Sock of type net.Conn
RECIEVED 1553545440 HB 139 1 263
SEND 1553545440 PING 259 67082
# Listen attempt 1.
# json: cannot unmarshal object into Go struct field Node.Sock of type net.Conn
RECIEVED 1553545441 HB 139 1 263
SEND 1553545441 PING 259 69242
# Listen attempt 1.
# json: cannot unmarshal object into Go struct field Node.Sock of type net.Conn
RECIEVED 1553545442 HB 139 1 263
SEND 1553545442 PING 259 106716
# Listen attempt 1.
# json: cannot unmarshal object into Go struct field Node.Sock of type net.Conn
RECIEVED 1553545443 HB 139 1 263
SEND 1553545443 PING 259 67023
# Listen attempt 1.
# json: cannot unmarshal object into Go struct field Node.Sock of type net.Conn
RECIEVED 1553545444 HB 139 1 263
SEND 1553545444 PING 259 68272
# Listen attempt 1.
# json: cannot unmarshal object into Go struct field Node.Sock of type net.Conn
RECIEVED 1553545445 HB 139 1 263
SEND 1553545445 PING 259 66092
# Listen attempt 1.
# json: cannot unmarshal object into Go struct field Node.Sock of type net.Conn
RECIEVED 1553545446 HB 139 1 263
SEND 1553545446 PING 259 84422
# Listen attempt 1.
# json: cannot unmarshal object into Go struct field Node.Sock of type net.Conn
RECIEVED 1553545447 HB 139 1 263
SEND 1553545447 PING 259 71481
# Listen attempt 1.
# json: cannot unmarshal object into Go struct field Node.Sock of type net.Conn
RECIEVED 1553545448 HB 139 1 263
SEND 1553545448 PING 259 71304
RECIEVED 1553545448 TRANSACTION 208 1 263
UPDATE 1553545448 TRANSACTION 28f4705bdd705008c3f46de6224966d9
SEND 1553545448 TRANSACTION 208 28920
# Listen attempt 1.
# json: cannot unmarshal object into Go struct field Node.Sock of type net.Conn
RECIEVED 1553545449 HB 139 1 264
SEND 1553545449 PING 259 69996
# Listen attempt 1.
# json: cannot unmarshal object into Go struct field Node.Sock of type net.Conn
RECIEVED 1553545450 HB 139 1 264
SEND 1553545450 PING 259 68001
RECIEVED 1553545451 HB 139 1 264
SEND 1553545451 PING 259 63273
# Listen attempt 1.
# json: cannot unmarshal object into Go struct field Node.Sock of type net.Conn
RECIEVED 1553545452 HB 139 1 264
SEND 1553545452 PING 259 68278
RECIEVED 1553545452 TRANSACTION 209 1 264
UPDATE 1553545452 TRANSACTION fd9a19b54b332f44715215a9de0c4a99
SEND 1553545452 TRANSACTION 209 28214
# Listen attempt 1.
# json: cannot unmarshal object into Go struct field Node.Sock of type net.Conn
RECIEVED 1553545453 HB 139 1 265
SEND 1553545453 PING 259 56771
RECIEVED 1553545453 TRANSACTION 209 1 265
UPDATE 1553545453 TRANSACTION 5462a5a192398ff94297aaf46404774d
SEND 1553545453 TRANSACTION 209 40484
RECIEVED 1553545453 TRANSACTION 209 1 266
# Listen attempt 1.
# json: cannot unmarshal object into Go struct field Node.Sock of type net.Conn
RECIEVED 1553545454 HB 139 1 266
SEND 1553545454 PING 259 72428
# Listen attempt 1.
# json: cannot unmarshal object into Go struct field Node.Sock of type net.Conn
RECIEVED 1553545455 HB 139 1 266
SEND 1553545455 PING 259 69842
# Listen attempt 1.
# json: cannot unmarshal object into Go struct field Node.Sock of type net.Conn
RECIEVED 1553545456 HB 139 1 266
SEND 1553545456 PING 259 85985
# Listen attempt 1.
# json: cannot unmarshal object into Go struct field Node.Sock of type net.Conn
RECIEVED 1553545457 HB 139 1 266
SEND 1553545457 PING 259 69005
# Listen attempt 1.
# json: cannot unmarshal object into Go struct field Node.Sock of type net.Conn
RECIEVED 1553545458 HB 139 1 266
SEND 1553545458 PING 259 74544
RECIEVED 1553545459 TRANSACTION 209 1 266
UPDATE 1553545459 TRANSACTION b676fbd82ea03b0c37d4cc58f4035f10
SEND 1553545459 TRANSACTION 209 30212
RECIEVED 1553545459 TRANSACTION 209 1 267
RECIEVED 1553545459 TRANSACTION 209 1 267
UPDATE 1553545459 TRANSACTION 336fdd8f2c0c14819904869ec8923462
SEND 1553545459 TRANSACTION 209 38518
RECIEVED 1553545459 TRANSACTION 209 1 268
# Listen attempt 1.
# json: cannot unmarshal object into Go struct field Node.Sock of type net.Conn
RECIEVED 1553545459 HB 139 1 268
SEND 1553545459 PING 259 61004
# Listen attempt 1.
# json: cannot unmarshal object into Go struct field Node.Sock of type net.Conn
RECIEVED 1553545460 HB 139 1 268
SEND 1553545460 PING 259 66733
# Listen attempt 1.
# json: cannot unmarshal object into Go struct field Node.Sock of type net.Conn
RECIEVED 1553545461 HB 139 1 268
SEND 1553545461 PING 259 66600
RECIEVED 1553545462 HB 139 1 268
SEND 1553545462 PING 259 68904
# Listen attempt 1.
# json: cannot unmarshal object into Go struct field Node.Sock of type net.Conn
RECIEVED 1553545463 HB 139 1 268
SEND 1553545463 PING 259 79276
RECIEVED 1553545463 TRANSACTION 209 1 268
UPDATE 1553545463 TRANSACTION 1b652cc887e934dee26cb2a3069904e8
SEND 1553545463 TRANSACTION 209 37379
RECIEVED 1553545463 TRANSACTION 209 1 269
RECIEVED 1553545463 TRANSACTION 210 1 269
UPDATE 1553545463 TRANSACTION a5f86454016a84836864f0b85e4e1e0e
SEND 1553545463 TRANSACTION 210 36699
# Listen attempt 1.
# json: cannot unmarshal object into Go struct field Node.Sock of type net.Conn
RECIEVED 1553545464 HB 139 1 270
SEND 1553545464 PING 259 80898
RECIEVED 1553545464 TRANSACTION 209 1 270
UPDATE 1553545464 TRANSACTION cf1bdb4b1d69ae3da5b68bb8fe74f249
SEND 1553545464 TRANSACTION 209 37755
RECIEVED 1553545465 TRANSACTION 209 1 271
# Listen attempt 1.
# json: cannot unmarshal object into Go struct field Node.Sock of type net.Conn
RECIEVED 1553545465 HB 139 1 271
SEND 1553545465 PING 259 93351
RECIEVED 1553545465 TRANSACTION 209 1 271
UPDATE 1553545465 TRANSACTION 694484d0223b458a2bd08ce15a83a722
SEND 1553545465 TRANSACTION 209 36964
RECIEVED 1553545466 TRANSACTION 209 1 272
# Listen attempt 1.
# json: cannot unmarshal object into Go struct field Node.Sock of type net.Conn
RECIEVED 1553545466 HB 139 1 272
SEND 1553545466 PING 259 67174
# Listen attempt 1.
# json: cannot unmarshal object into Go struct field Node.Sock of type net.Conn
RECIEVED 1553545467 HB 139 1 272
SEND 1553545467 PING 259 67701
# Listen attempt 1.
# EOF
# Listen attempt 2.
# EOF
# Listen attempt 3.
# EOF
# Could not recieve message properly
RECIEVED 1553545467 TRANSACTION 208 1 272
UPDATE 1553545467 TRANSACTION 963d293b7885a01fc5403105ea01cbaf
# Could not send message to node4
RECIEVED 1553545468 HB 139 0 273
RECIEVED 1553545469 TRANSACTION 209 0 273
UPDATE 1553545469 TRANSACTION 6cb16f9a6c9302076c73023a46d507a4
RECIEVED 1553545469 HB 139 0 274
RECIEVED 1553545469 TRANSACTION 209 0 274
UPDATE 1553545469 TRANSACTION d686f7bdaf4082c5f95e8edf8b5eee83
