RECIEVED 1553545178 INTRODUCE 168 0 0
SEND 1553545178 JOIN 163 40504
RECIEVED 1553545178 TRANSACTION 209 1 0
UPDATE 1553545178 TRANSACTION c3986ee974e352b41ca41fe20649288c
SEND 1553545178 TRANSACTION 209 35222
# Listen attempt 1.
# json: cannot unmarshal object into Go struct field Node.Sock of type net.Conn
RECIEVED 1553545179 TRANSACTION 208 1 1
UPDATE 1553545179 TRANSACTION c161b6968d9f7116e6c05ee564968143
SEND 1553545179 TRANSACTION 208 32936
RECIEVED 1553545179 TRANSACTION 209 1 2
UPDATE 1553545179 TRANSACTION 8a16e0032bd57938df86b0a117892e1d
SEND 1553545179 TRANSACTION 209 19649
RECIEVED 1553545179 TRANSACTION 209 1 3
UPDATE 1553545179 TRANSACTION 04503f5583bf4b710815c1550a2ee900
SEND 1553545179 TRANSACTION 209 32950
RECIEVED 1553545179 TRANSACTION 208 1 4
UPDATE 1553545179 TRANSACTION 65ba1cddf5ed7eab1b7588b44c4e85f4
SEND 1553545179 TRANSACTION 208 47012
RECIEVED 1553545179 TRANSACTION 209 1 5
UPDATE 1553545179 TRANSACTION 66d6375dd8ee835984f9e0b6f8386324
SEND 1553545179 TRANSACTION 209 32886
RECIEVED 1553545179 TRANSACTION 209 1 6
UPDATE 1553545179 TRANSACTION 1bd083cddb75c6f448943710a91cf33a
SEND 1553545179 TRANSACTION 209 26832
RECIEVED 1553545179 TRANSACTION 207 1 7
UPDATE 1553545179 TRANSACTION eedf3845b792194a8624a58e3d56bdf7
SEND 1553545179 TRANSACTION 207 49763
RECIEVED 1553545179 TRANSACTION 207 1 8
UPDATE 1553545179 TRANSACTION e3a5bc7ef598991c288576c0c51ad47a
SEND 1553545179 TRANSACTION 207 49996
RECIEVED 1553545179 HB 139 1 9
SEND 1553545179 PING 260 69428
RECIEVED 1553545179 TRANSACTION 209 1 9
UPDATE 1553545179 TRANSACTION 1497b30597504e411f93a6d59df70c06
SEND 1553545179 TRANSACTION 209 77556
RECIEVED 1553545179 TRANSACTION 209 1 10
UPDATE 1553545179 TRANSACTION 83586ed460bb1eb3165c631bd0df6fec
SEND 1553545179 TRANSACTION 209 32989
RECIEVED 1553545179 TRANSACTION 209 1 11
UPDATE 1553545179 TRANSACTION de0f85abed2e87a8f3839bf692a2e312
SEND 1553545179 TRANSACTION 209 19944
RECIEVED 1553545179 TRANSACTION 209 1 12
UPDATE 1553545179 TRANSACTION 1583ac9d665b78888d880462fc1aea87
SEND 1553545179 TRANSACTION 209 19704
RECIEVED 1553545179 TRANSACTION 209 1 13
UPDATE 1553545179 TRANSACTION 71a4449f0883b77f0811bcceccc8c11b
SEND 1553545179 TRANSACTION 209 26174
# Listen attempt 1.
# json: cannot unmarshal object into Go struct field Node.Sock of type net.Conn
RECIEVED 1553545180 TRANSACTION 209 1 14
UPDATE 1553545180 TRANSACTION 0f3338d57593c7c44743b40b315a1962
SEND 1553545180 TRANSACTION 209 30314
RECIEVED 1553545180 TRANSACTION 209 1 15
UPDATE 1553545180 TRANSACTION b6c49dcc25e58488324ae0317dc267cd
SEND 1553545180 TRANSACTION 209 32179
RECIEVED 1553545180 TRANSACTION 208 1 16
UPDATE 1553545180 TRANSACTION 5f76ae0e5f185801144d6dc68ec63d5c
SEND 1553545180 TRANSACTION 208 33461
RECIEVED 1553545181 HB 139 1 17
SEND 1553545181 PING 260 74091
RECIEVED 1553545181 TRANSACTION 208 1 17
UPDATE 1553545181 TRANSACTION 61059b7808debd1a91be4abee0b9793c
SEND 1553545181 TRANSACTION 208 29137
RECIEVED 1553545181 TRANSACTION 209 1 18
UPDATE 1553545181 TRANSACTION 05fb8b2f51317e229f7fe1a0e2c9b403
SEND 1553545181 TRANSACTION 209 53869
RECIEVED 1553545181 TRANSACTION 209 1 19
UPDATE 1553545181 TRANSACTION 54f730aac66fc15e283391130a48a0de
SEND 1553545181 TRANSACTION 209 18911
RECIEVED 1553545181 TRANSACTION 209 1 20
UPDATE 1553545181 TRANSACTION fd53c5f08507ca4cc120d9e92ffb747d
SEND 1553545181 TRANSACTION 209 21293
# Listen attempt 1.
# json: cannot unmarshal object into Go struct field Node.Sock of type net.Conn
RECIEVED 1553545181 TRANSACTION 209 1 21
UPDATE 1553545181 TRANSACTION 43f18b8963c5886889a30b9a0251c390
SEND 1553545181 TRANSACTION 209 26787
RECIEVED 1553545181 TRANSACTION 207 1 22
UPDATE 1553545181 TRANSACTION 74b5529600508060e1d9b2bb9b8c9171
SEND 1553545181 TRANSACTION 207 28537
RECIEVED 1553545181 TRANSACTION 209 1 23
UPDATE 1553545181 TRANSACTION bd67a0ba08a6260122f5386bea26bbd4
SEND 1553545181 TRANSACTION 209 19440
RECIEVED 1553545181 TRANSACTION 208 1 24
UPDATE 1553545181 TRANSACTION 6420cc5ef59ec63947071474d9a31c14
SEND 1553545181 TRANSACTION 208 277905
# Listen attempt 1.
# json: cannot unmarshal object into Go struct field Node.Sock of type net.Conn
RECIEVED 1553545182 TRANSACTION 209 1 25
UPDATE 1553545182 TRANSACTION 61c83c4304394dc9b5fd64db50eba31a
SEND 1553545182 TRANSACTION 209 41979
RECIEVED 1553545182 HB 139 1 26
SEND 1553545182 PING 260 71686
RECIEVED 1553545182 TRANSACTION 208 1 26
UPDATE 1553545182 TRANSACTION 8be1eeff2b6805732a490ad0fb8f49b4
SEND 1553545182 TRANSACTION 208 25489
RECIEVED 1553545182 TRANSACTION 209 1 27
UPDATE 1553545182 TRANSACTION 2e565b569747a5a3b342e6d36afba2ea
SEND 1553545182 TRANSACTION 209 37096
RECIEVED 1553545182 TRANSACTION 209 1 28
UPDATE 1553545182 TRANSACTION 47936132db94d8710c4b53e93f601a82
SEND 1553545182 TRANSACTION 209 32282
RECIEVED 1553545182 TRANSACTION 208 1 29
UPDATE 1553545182 TRANSACTION 2ae883fd074db2513705c547f08e9526
SEND 1553545182 TRANSACTION 208 83991
RECIEVED 1553545182 TRANSACTION 209 1 30
UPDATE 1553545182 TRANSACTION 38146c109039395c99e18300bb5a9b45
SEND 1553545182 TRANSACTION 209 89247
RECIEVED 1553545182 TRANSACTION 209 1 31
UPDATE 1553545182 TRANSACTION 14f08efcfee468f874c22bc2ada80423
SEND 1553545182 TRANSACTION 209 19879
RECIEVED 1553545182 TRANSACTION 209 1 32
UPDATE 1553545182 TRANSACTION 35fb1d36de19f6de3602da5750e1b59f
SEND 1553545182 TRANSACTION 209 30265
RECIEVED 1553545182 TRANSACTION 209 1 33
UPDATE 1553545182 TRANSACTION 357f603ceec2db8b7b1618862ad2f399
SEND 1553545182 TRANSACTION 209 23636
RECIEVED 1553545182 TRANSACTION 209 1 34
UPDATE 1553545182 TRANSACTION 79366f5b1110b7adb469161235bf388d
SEND 1553545182 TRANSACTION 209 30618
# Listen attempt 1.
# json: cannot unmarshal object into Go struct field Node.Sock of type net.Conn
RECIEVED 1553545182 TRANSACTION 209 1 35
UPDATE 1553545182 TRANSACTION bf3cb988a33e7e87b6d381ad84d7ccaf
SEND 1553545182 TRANSACTION 209 275395
RECIEVED 1553545183 TRANSACTION 209 1 36
UPDATE 1553545183 TRANSACTION ffcefe726756d1b2ec34914127a74616
SEND 1553545183 TRANSACTION 209 27087
RECIEVED 1553545183 TRANSACTION 209 1 37
UPDATE 1553545183 TRANSACTION 0b74cb51f630d7c6cda2ce4003505c53
SEND 1553545183 TRANSACTION 209 27312
RECIEVED 1553545183 HB 139 1 38
SEND 1553545183 PING 260 79965
RECIEVED 1553545183 TRANSACTION 208 1 38
UPDATE 1553545183 TRANSACTION 715036bd42f30aa3b2397f1cf8adb3ef
SEND 1553545183 TRANSACTION 208 34845
RECIEVED 1553545183 TRANSACTION 209 1 39
UPDATE 1553545183 TRANSACTION 521b094659fe133b5e10800ecdc9d31b
SEND 1553545183 TRANSACTION 209 24387
RECIEVED 1553545183 TRANSACTION 209 1 40
UPDATE 1553545183 TRANSACTION 5e2166278ad6eb13697fe062b74f6a1b
SEND 1553545183 TRANSACTION 209 26168
RECIEVED 1553545183 TRANSACTION 209 1 41
UPDATE 1553545183 TRANSACTION 00c9ca3294274b140b72481b2168c75d
SEND 1553545183 TRANSACTION 209 34602
RECIEVED 1553545183 TRANSACTION 207 1 42
UPDATE 1553545183 TRANSACTION 5d1020f7f7e4e1c0fe581da870d3a086
SEND 1553545183 TRANSACTION 207 16240
RECIEVED 1553545183 TRANSACTION 209 1 43
UPDATE 1553545183 TRANSACTION 7f12bcaa03820307c9feb9a4bb4981a6
SEND 1553545183 TRANSACTION 209 21609
RECIEVED 1553545183 TRANSACTION 209 1 44
UPDATE 1553545183 TRANSACTION f97eb054de8607ca0a9ceb3ad8dd4c60
SEND 1553545183 TRANSACTION 209 26625
RECIEVED 1553545183 TRANSACTION 207 1 45
UPDATE 1553545183 TRANSACTION 658e4e80369924cef1f9f4e1d55e8aa0
SEND 1553545183 TRANSACTION 207 22579
RECIEVED 1553545184 TRANSACTION 209 1 46
UPDATE 1553545184 TRANSACTION 251ddac5f86595333a38d6c2c2f080e4
SEND 1553545184 TRANSACTION 209 48625
RECIEVED 1553545184 HB 139 1 47
SEND 1553545184 PING 260 78738
# Listen attempt 1.
# json: cannot unmarshal object into Go struct field Node.Sock of type net.Conn
RECIEVED 1553545184 TRANSACTION 207 1 47
UPDATE 1553545184 TRANSACTION 7c03de5eb1a436d1a32ae67e244bea72
SEND 1553545184 TRANSACTION 207 38238
RECIEVED 1553545184 TRANSACTION 209 1 48
UPDATE 1553545184 TRANSACTION 8b78b985475ec4b6a6a2fab51d942a8a
SEND 1553545184 TRANSACTION 209 31961
RECIEVED 1553545184 TRANSACTION 209 1 49
UPDATE 1553545184 TRANSACTION 55b951fdcab6cc3b950b875519f4d47e
SEND 1553545184 TRANSACTION 209 27535
RECIEVED 1553545184 TRANSACTION 209 1 50
UPDATE 1553545184 TRANSACTION ad616752916e01f51fef952aad0d8800
SEND 1553545184 TRANSACTION 209 21900
RECIEVED 1553545184 TRANSACTION 208 1 51
UPDATE 1553545184 TRANSACTION 1cfce93ebfd8978edc1e211a551b3eab
SEND 1553545184 TRANSACTION 208 27573
RECIEVED 1553545184 TRANSACTION 208 1 52
UPDATE 1553545184 TRANSACTION 2017b525db7ba90c01ea3e89837b89ee
SEND 1553545184 TRANSACTION 208 32517
RECIEVED 1553545184 TRANSACTION 208 1 53
UPDATE 1553545184 TRANSACTION 4df120a11cfd0718a4c8b04befc6d05f
SEND 1553545184 TRANSACTION 208 20731
RECIEVED 1553545184 TRANSACTION 208 1 54
UPDATE 1553545184 TRANSACTION 1c7d6f451ad6c9dafecd489cc895b03e
SEND 1553545184 TRANSACTION 208 25420
RECIEVED 1553545185 HB 139 1 55
SEND 1553545185 PING 260 77336
RECIEVED 1553545185 TRANSACTION 209 1 55
UPDATE 1553545185 TRANSACTION 3870910cd2e8ffb3623aeaac9db316aa
SEND 1553545185 TRANSACTION 209 26699
RECIEVED 1553545185 TRANSACTION 209 1 56
UPDATE 1553545185 TRANSACTION 045bc17a5ea1a8eea1b1bf6d8e012d23
SEND 1553545185 TRANSACTION 209 37612
RECIEVED 1553545185 TRANSACTION 209 1 57
UPDATE 1553545185 TRANSACTION 69f06034d6b03a41a27c7a2fcb5154c8
SEND 1553545185 TRANSACTION 209 27348
RECIEVED 1553545185 TRANSACTION 210 1 58
UPDATE 1553545185 TRANSACTION fd36986289b8e49978d6357ef90d62de
SEND 1553545185 TRANSACTION 210 38302
RECIEVED 1553545185 TRANSACTION 209 1 59
UPDATE 1553545185 TRANSACTION 49935752cf118c0816383b9fd42efdfa
SEND 1553545185 TRANSACTION 209 27060
RECIEVED 1553545185 TRANSACTION 209 1 60
UPDATE 1553545185 TRANSACTION dc67c43cac5a3b93f8714a317d628b98
SEND 1553545185 TRANSACTION 209 26608
RECIEVED 1553545185 TRANSACTION 209 1 61
UPDATE 1553545185 TRANSACTION bed1280ab8164c7bdfe054023b712c4b
SEND 1553545185 TRANSACTION 209 35718
RECIEVED 1553545185 TRANSACTION 209 1 62
UPDATE 1553545185 TRANSACTION 52b00fd6b9e74d27b568b9c326902a46
SEND 1553545185 TRANSACTION 209 42927
RECIEVED 1553545185 TRANSACTION 209 1 63
UPDATE 1553545185 TRANSACTION 9164833152045f2681ff1f540d015dad
SEND 1553545185 TRANSACTION 209 31250
# Listen attempt 1.
# json: cannot unmarshal object into Go struct field Node.Sock of type net.Conn
RECIEVED 1553545186 TRANSACTION 209 1 64
UPDATE 1553545186 TRANSACTION 3e10c78e48260609d098676469d8655a
SEND 1553545186 TRANSACTION 209 32378
RECIEVED 1553545186 TRANSACTION 209 1 65
UPDATE 1553545186 TRANSACTION be3dce4497e8ac789d6482988c9391f8
SEND 1553545186 TRANSACTION 209 32954
RECIEVED 1553545186 HB 139 1 66
SEND 1553545186 PING 260 64263
RECIEVED 1553545186 TRANSACTION 211 1 66
UPDATE 1553545186 TRANSACTION 3da4f707ce426ec2282f5c3513c01701
SEND 1553545186 TRANSACTION 211 30823
RECIEVED 1553545186 TRANSACTION 210 1 67
UPDATE 1553545186 TRANSACTION ee1a2a77c2b1dfd0293a3dc2e98fda34
SEND 1553545186 TRANSACTION 210 24273
RECIEVED 1553545186 TRANSACTION 208 1 68
UPDATE 1553545186 TRANSACTION 05c170b0c2dc46485374e3064103568a
SEND 1553545186 TRANSACTION 208 27479
RECIEVED 1553545186 TRANSACTION 209 1 69
UPDATE 1553545186 TRANSACTION 1891da92a9319f009d848c65a312f87b
SEND 1553545186 TRANSACTION 209 29091
RECIEVED 1553545186 TRANSACTION 209 1 70
UPDATE 1553545186 TRANSACTION 45e0d536e4858556a26f28ed89d66467
SEND 1553545186 TRANSACTION 209 37553
RECIEVED 1553545186 TRANSACTION 209 1 71
UPDATE 1553545186 TRANSACTION 6478c7b68dccd09d186fbe90d5638f83
SEND 1553545186 TRANSACTION 209 28032
RECIEVED 1553545186 TRANSACTION 209 1 72
UPDATE 1553545186 TRANSACTION adcfea58c7a5bec246ed446292e7789d
SEND 1553545186 TRANSACTION 209 31072
RECIEVED 1553545186 TRANSACTION 209 1 73
UPDATE 1553545186 TRANSACTION c85ec8034168cdbd9000f5acecf291ed
SEND 1553545186 TRANSACTION 209 43768
RECIEVED 1553545186 TRANSACTION 209 1 74
UPDATE 1553545186 TRANSACTION 61de95b42bd1b6b88098b52661bc5728
SEND 1553545186 TRANSACTION 209 56313
RECIEVED 1553545186 TRANSACTION 209 1 75
UPDATE 1553545186 TRANSACTION 4b9e2bfb9ba907d4e2b9924dfda8a119
SEND 1553545186 TRANSACTION 209 24085
# Listen attempt 1.
# json: cannot unmarshal object into Go struct field Node.Sock of type net.Conn
RECIEVED 1553545186 TRANSACTION 207 1 76
UPDATE 1553545186 TRANSACTION 7fef1df5d6adbc314251229c66103792
SEND 1553545186 TRANSACTION 207 36451
RECIEVED 1553545187 HB 139 1 77
SEND 1553545187 PING 260 55948
RECIEVED 1553545187 TRANSACTION 209 1 77
UPDATE 1553545187 TRANSACTION 37216934615456793360631dfcd03fb5
SEND 1553545187 TRANSACTION 209 23334
RECIEVED 1553545187 TRANSACTION 208 1 78
UPDATE 1553545187 TRANSACTION 575262ec3c8ee21e5a2ef78252c4e794
SEND 1553545187 TRANSACTION 208 30804
RECIEVED 1553545187 TRANSACTION 209 1 79
UPDATE 1553545187 TRANSACTION 35d8980aa3dcbac4b083d64d0e98953c
SEND 1553545187 TRANSACTION 209 19144
RECIEVED 1553545187 TRANSACTION 207 1 80
UPDATE 1553545187 TRANSACTION ba10bb8b1ed6895f0b4bee3b26d9a9ad
SEND 1553545187 TRANSACTION 207 25917
RECIEVED 1553545187 TRANSACTION 209 1 81
UPDATE 1553545187 TRANSACTION dba59eca3725087d8f1e830036a8b834
SEND 1553545187 TRANSACTION 209 23572
RECIEVED 1553545187 TRANSACTION 209 1 82
UPDATE 1553545187 TRANSACTION 7eef017eb7be1ad6bc062c9549563618
SEND 1553545187 TRANSACTION 209 28489
RECIEVED 1553545187 TRANSACTION 208 1 83
UPDATE 1553545187 TRANSACTION dcf4fa46b1db4351767c2ee21ebb0b69
SEND 1553545187 TRANSACTION 208 26948
RECIEVED 1553545188 TRANSACTION 209 1 84
UPDATE 1553545188 TRANSACTION b3cda5b65534cf9b10a1c86a18a27970
SEND 1553545188 TRANSACTION 209 34368
RECIEVED 1553545188 TRANSACTION 208 1 85
UPDATE 1553545188 TRANSACTION 88550699926f0ed2fa189f302c933c1b
SEND 1553545188 TRANSACTION 208 34098
RECIEVED 1553545188 TRANSACTION 209 1 86
UPDATE 1553545188 TRANSACTION 6e1521a981934ccbb4d91eaf51f8edb6
SEND 1553545188 TRANSACTION 209 27828
RECIEVED 1553545188 HB 139 1 87
SEND 1553545188 PING 260 78372
RECIEVED 1553545188 TRANSACTION 210 1 87
UPDATE 1553545188 TRANSACTION 83145455d01d14c5e307dc2d30d497f5
SEND 1553545188 TRANSACTION 210 29307
# Listen attempt 1.
# json: cannot unmarshal object into Go struct field Node.Sock of type net.Conn
RECIEVED 1553545188 TRANSACTION 210 1 88
UPDATE 1553545188 TRANSACTION cbee2e881643cada70ccaf160523c832
SEND 1553545188 TRANSACTION 210 29940
RECIEVED 1553545188 TRANSACTION 208 1 89
UPDATE 1553545188 TRANSACTION ff40933c0a2d58688f3eca66adea49c8
SEND 1553545188 TRANSACTION 208 31367
RECIEVED 1553545188 TRANSACTION 208 1 90
UPDATE 1553545188 TRANSACTION 7c1de879b4d02b8a6df847fb6b41fba3
SEND 1553545188 TRANSACTION 208 40307
RECIEVED 1553545188 TRANSACTION 208 1 91
UPDATE 1553545188 TRANSACTION 9141d41b2c91f357ded26ba482ce96f0
SEND 1553545188 TRANSACTION 208 31852
RECIEVED 1553545188 TRANSACTION 210 1 92
RECIEVED 1553545188 TRANSACTION 209 1 92
UPDATE 1553545188 TRANSACTION 06a223e9028d1cf38c43e9e547ee4fe4
SEND 1553545188 TRANSACTION 209 19665
RECIEVED 1553545188 TRANSACTION 208 1 93
UPDATE 1553545188 TRANSACTION 1e346b73f88e54eb98530835f28c40be
SEND 1553545188 TRANSACTION 208 16859
RECIEVED 1553545188 TRANSACTION 209 1 94
UPDATE 1553545188 TRANSACTION e2cdb5b758fcac4532ea483dcc15cf6a
SEND 1553545188 TRANSACTION 209 24480
RECIEVED 1553545189 HB 139 1 95
SEND 1553545189 PING 260 71729
RECIEVED 1553545189 TRANSACTION 209 1 95
UPDATE 1553545189 TRANSACTION 2e6a49b0368004a51cf3cf5639ac650f
SEND 1553545189 TRANSACTION 209 33938
RECIEVED 1553545189 TRANSACTION 209 1 96
UPDATE 1553545189 TRANSACTION d13c22c6a08abc91824cab3584f6d55e
SEND 1553545189 TRANSACTION 209 31960
RECIEVED 1553545189 TRANSACTION 210 1 97
UPDATE 1553545189 TRANSACTION 17c3988f73239b6596aaadf06f46e642
SEND 1553545189 TRANSACTION 210 33154
RECIEVED 1553545189 TRANSACTION 209 1 98
UPDATE 1553545189 TRANSACTION eb65322ff2c5447b1467acb55e89ba80
SEND 1553545189 TRANSACTION 209 28479
RECIEVED 1553545189 TRANSACTION 209 1 99
UPDATE 1553545189 TRANSACTION c19bccfeeb5993bc51b923a9cac23590
SEND 1553545189 TRANSACTION 209 34871
RECIEVED 1553545189 TRANSACTION 209 1 100
UPDATE 1553545189 TRANSACTION 151426c360e76232f30f40fe16c2e0b3
SEND 1553545189 TRANSACTION 209 54024
RECIEVED 1553545189 TRANSACTION 209 1 101
UPDATE 1553545189 TRANSACTION e14bbbaaa144eef95eb596e644db984b
SEND 1553545189 TRANSACTION 209 20339
RECIEVED 1553545189 TRANSACTION 209 1 102
UPDATE 1553545189 TRANSACTION 326bae5a5b028272ccad07d07dc8ebd1
SEND 1553545189 TRANSACTION 209 35731
RECIEVED 1553545189 TRANSACTION 209 1 103
# Listen attempt 1.
# json: cannot unmarshal object into Go struct field Node.Sock of type net.Conn
# Listen attempt 2.
# json: cannot unmarshal object into Go struct field Node.Sock of type net.Conn
# Listen attempt 3.
# json: cannot unmarshal object into Go struct field Node.Sock of type net.Conn
# Could not recieve message properly
RECIEVED 1553545194 TRANSACTION 208 1 103
UPDATE 1553545194 TRANSACTION 6c62d1cce302afce97f000e97c2375c8
# Could not send message to node1
RECIEVED 1553545194 TRANSACTION 208 0 104
UPDATE 1553545194 TRANSACTION 3410c96d50c075359413062e3fbf0306
RECIEVED 1553545194 TRANSACTION 208 0 105
UPDATE 1553545194 TRANSACTION 55d1e1bf20c9ded16ac0d89965f2796a
RECIEVED 1553545194 TRANSACTION 208 0 106
UPDATE 1553545194 TRANSACTION a2b182cf65ecd032e055b2df942ab5cf
RECIEVED 1553545194 TRANSACTION 208 0 107
UPDATE 1553545194 TRANSACTION ee9ddbc078d6d27637f928a5ce6b9b17
RECIEVED 1553545194 TRANSACTION 209 0 108
UPDATE 1553545194 TRANSACTION aeb35fb3e585390bfc2891d05b5865bd
RECIEVED 1553545194 TRANSACTION 209 0 109
UPDATE 1553545194 TRANSACTION 5d17515339bf527ad00a7e8db192f507
RECIEVED 1553545194 TRANSACTION 208 0 110
UPDATE 1553545194 TRANSACTION 6aa5b1d9525e2a8cd6d2ce0814efad1c
RECIEVED 1553545194 TRANSACTION 211 0 111
UPDATE 1553545194 TRANSACTION 11dd895d0ff4e7b92e417290dcc66156
RECIEVED 1553545194 TRANSACTION 209 0 112
UPDATE 1553545194 TRANSACTION 8d61924cb1fe29b19b2947f83f0b25d1
RECIEVED 1553545194 TRANSACTION 209 0 113
UPDATE 1553545194 TRANSACTION 6172c6591fe204b57103320efb7f1248
RECIEVED 1553545194 TRANSACTION 208 0 114
UPDATE 1553545194 TRANSACTION 29b1e961e5d152aef29ec5083b1e7a6c
RECIEVED 1553545195 HB 139 0 115
RECIEVED 1553545195 TRANSACTION 208 0 115
UPDATE 1553545195 TRANSACTION 6a7accf5b00e69a8e51045712a30772d
RECIEVED 1553545196 HB 139 0 116
RECIEVED 1553545197 HB 139 0 116
RECIEVED 1553545198 HB 139 0 116
RECIEVED 1553545200 TRANSACTION 209 0 116
UPDATE 1553545200 TRANSACTION 025e213d744f0eb85f210a07388ef656
RECIEVED 1553545200 HB 139 0 117
RECIEVED 1553545202 HB 139 0 117
RECIEVED 1553545203 HB 139 0 117
RECIEVED 1553545204 HB 139 0 117
RECIEVED 1553545207 HB 139 0 117
RECIEVED 1553545208 HB 139 0 117
RECIEVED 1553545209 HB 139 0 117
RECIEVED 1553545210 TRANSACTION 208 0 117
UPDATE 1553545210 TRANSACTION 509274b376d4483e6d3e305014732778
RECIEVED 1553545211 HB 139 0 118
RECIEVED 1553545213 HB 139 0 118
RECIEVED 1553545214 HB 139 0 118
RECIEVED 1553545215 HB 139 0 118
RECIEVED 1553545216 HB 139 0 118
RECIEVED 1553545217 HB 139 0 118
RECIEVED 1553545218 HB 139 0 118
RECIEVED 1553545220 HB 139 0 118
RECIEVED 1553545222 HB 139 0 118
RECIEVED 1553545223 HB 139 0 118
RECIEVED 1553545227 HB 139 0 118
RECIEVED 1553545228 HB 139 0 118
RECIEVED 1553545229 HB 139 0 118
RECIEVED 1553545230 HB 139 0 118
RECIEVED 1553545231 HB 139 0 118
RECIEVED 1553545232 HB 139 0 118
RECIEVED 1553545233 TRANSACTION 209 0 118
UPDATE 1553545233 TRANSACTION ad3474b29cf92dd2b434845694efdbec
RECIEVED 1553545233 HB 139 0 119
RECIEVED 1553545234 HB 139 0 119
RECIEVED 1553545235 TRANSACTION 210 0 119
UPDATE 1553545235 TRANSACTION a8143c83c6995d66ae4a542ad3ae6d61
RECIEVED 1553545235 HB 139 0 120
RECIEVED 1553545236 HB 139 0 120
RECIEVED 1553545237 HB 139 0 120
RECIEVED 1553545238 TRANSACTION 208 0 120
UPDATE 1553545238 TRANSACTION b952d3cfeac2979b78e5e2be252bcf4e
RECIEVED 1553545238 HB 139 0 121
RECIEVED 1553545240 HB 139 0 121
RECIEVED 1553545242 TRANSACTION 207 0 121
UPDATE 1553545242 TRANSACTION 1d004393d1705e4317cb5ebd780a669f
RECIEVED 1553545242 HB 139 0 122
RECIEVED 1553545246 TRANSACTION 210 0 122
UPDATE 1553545246 TRANSACTION 273d478d92126b1ef03effe808e63d1e
RECIEVED 1553545246 HB 139 0 123
RECIEVED 1553545247 HB 139 0 123
RECIEVED 1553545248 HB 139 0 123
RECIEVED 1553545249 HB 139 0 123
RECIEVED 1553545250 HB 139 0 123
RECIEVED 1553545251 HB 139 0 123
RECIEVED 1553545256 TRANSACTION 209 0 123
UPDATE 1553545256 TRANSACTION 542d0f25803d6fd18f13a01aeb14bf8c
RECIEVED 1553545256 HB 139 0 124
RECIEVED 1553545257 HB 139 0 124
RECIEVED 1553545258 HB 139 0 124
RECIEVED 1553545259 HB 139 0 124
RECIEVED 1553545260 HB 139 0 124
RECIEVED 1553545260 TRANSACTION 209 0 124
UPDATE 1553545260 TRANSACTION 2d70316069db5fe085add6f7f9b950c7
RECIEVED 1553545263 HB 139 0 125
RECIEVED 1553545263 TRANSACTION 209 0 125
UPDATE 1553545263 TRANSACTION bd2b50a0909d564bd136fe7188188ba0
RECIEVED 1553545267 HB 139 0 126
RECIEVED 1553545267 HB 139 0 126
RECIEVED 1553545270 HB 139 0 126
RECIEVED 1553545273 HB 139 0 126
RECIEVED 1553545276 HB 139 0 126
RECIEVED 1553545279 TRANSACTION 208 0 126
UPDATE 1553545279 TRANSACTION 781a9d1f8c4a629c9cc4160d2f2b26fb
RECIEVED 1553545279 HB 139 0 127
RECIEVED 1553545280 HB 139 0 127
RECIEVED 1553545281 HB 139 0 127
RECIEVED 1553545281 TRANSACTION 209 0 127
UPDATE 1553545281 TRANSACTION ce298a1c2f1c03cf5b7c6f89a034dad2
RECIEVED 1553545282 HB 139 0 128
RECIEVED 1553545286 HB 139 0 128
RECIEVED 1553545287 HB 139 0 128
RECIEVED 1553545288 HB 139 0 128
RECIEVED 1553545289 HB 139 0 128
RECIEVED 1553545290 HB 139 0 128
RECIEVED 1553545291 TRANSACTION 209 0 128
UPDATE 1553545291 TRANSACTION bac8e5ca5ff1d54e2c8c13d73716ebec
RECIEVED 1553545291 HB 139 0 129
RECIEVED 1553545294 TRANSACTION 209 0 129
UPDATE 1553545294 TRANSACTION c19c2378ef836b78ad37a2aa547ae087
RECIEVED 1553545294 HB 139 0 130
RECIEVED 1553545295 HB 139 0 130
RECIEVED 1553545296 HB 139 0 130
RECIEVED 1553545297 HB 139 0 130
RECIEVED 1553545298 HB 139 0 130
RECIEVED 1553545299 HB 139 0 130
RECIEVED 1553545302 HB 139 0 130
RECIEVED 1553545302 TRANSACTION 209 0 130
UPDATE 1553545302 TRANSACTION 9999c80dee13ed16601090af0a3c4779
RECIEVED 1553545303 HB 139 0 131
RECIEVED 1553545304 HB 139 0 131
RECIEVED 1553545305 HB 139 0 131
RECIEVED 1553545306 HB 139 0 131
RECIEVED 1553545307 HB 139 0 131
RECIEVED 1553545310 HB 139 0 131
RECIEVED 1553545313 HB 139 0 131
RECIEVED 1553545313 TRANSACTION 209 0 131
UPDATE 1553545313 TRANSACTION 89952509eea6a10764e9ebd4054c3b79
RECIEVED 1553545314 HB 139 0 132
RECIEVED 1553545316 HB 139 0 132
RECIEVED 1553545317 HB 139 0 132
RECIEVED 1553545318 HB 139 0 132
RECIEVED 1553545319 HB 139 0 132
RECIEVED 1553545324 HB 139 0 132
RECIEVED 1553545326 HB 139 0 132
RECIEVED 1553545328 TRANSACTION 209 0 132
UPDATE 1553545328 TRANSACTION 7f880281b2ac8e5f14589279c5b4154a
RECIEVED 1553545328 HB 139 0 133
RECIEVED 1553545329 HB 139 0 133
RECIEVED 1553545330 HB 139 0 133
RECIEVED 1553545331 HB 139 0 133
RECIEVED 1553545332 HB 139 0 133
RECIEVED 1553545333 TRANSACTION 209 0 133
UPDATE 1553545333 TRANSACTION b2e1aadbbe0567694e7082c38a14f220
RECIEVED 1553545337 HB 139 0 134
RECIEVED 1553545337 TRANSACTION 209 0 134
UPDATE 1553545337 TRANSACTION 55034911c5c2392cb6aa8a77f2490fb4
RECIEVED 1553545339 TRANSACTION 209 0 135
UPDATE 1553545339 TRANSACTION 6e5cc1257993c17fe434aff34a913c2e
RECIEVED 1553545339 TRANSACTION 209 0 136
UPDATE 1553545339 TRANSACTION e7038d4b8f121f19cc7ac77c958605de
RECIEVED 1553545339 HB 139 0 137
RECIEVED 1553545340 HB 139 0 137
RECIEVED 1553545341 HB 139 0 137
RECIEVED 1553545341 TRANSACTION 210 0 137
UPDATE 1553545341 TRANSACTION ad37fd9eef42bff32fa29dae06dc1edd
RECIEVED 1553545345 HB 139 0 138
RECIEVED 1553545346 HB 139 0 138
RECIEVED 1553545348 HB 139 0 138
RECIEVED 1553545349 HB 139 0 138
RECIEVED 1553545351 HB 139 0 138
RECIEVED 1553545353 HB 139 0 138
RECIEVED 1553545354 HB 139 0 138
RECIEVED 1553545357 HB 139 0 138
RECIEVED 1553545359 HB 139 0 138
RECIEVED 1553545359 TRANSACTION 207 0 138
UPDATE 1553545359 TRANSACTION f04577620b6e9b9546dcc7f9b829f3df
RECIEVED 1553545361 HB 139 0 139
RECIEVED 1553545363 HB 139 0 139
RECIEVED 1553545364 HB 139 0 139
RECIEVED 1553545366 TRANSACTION 210 0 139
UPDATE 1553545366 TRANSACTION 0ec87a8a8a667f03cf6ec8859c5b1857
RECIEVED 1553545366 HB 139 0 140
RECIEVED 1553545367 HB 139 0 140
RECIEVED 1553545370 HB 139 0 140
RECIEVED 1553545373 TRANSACTION 209 0 140
UPDATE 1553545373 TRANSACTION 9e72483443c7886d7292d512338e1f97
RECIEVED 1553545373 HB 139 0 141
RECIEVED 1553545374 HB 139 0 141
RECIEVED 1553545376 HB 139 0 141
RECIEVED 1553545379 TRANSACTION 209 0 141
UPDATE 1553545379 TRANSACTION a7b75eebae6978def89f8b1c674e3e61
RECIEVED 1553545379 HB 139 0 142
RECIEVED 1553545380 HB 139 0 142
RECIEVED 1553545381 HB 139 0 142
RECIEVED 1553545382 HB 139 0 142
RECIEVED 1553545384 HB 139 0 142
RECIEVED 1553545385 HB 139 0 142
RECIEVED 1553545386 HB 139 0 142
RECIEVED 1553545390 HB 139 0 142
RECIEVED 1553545390 TRANSACTION 210 0 142
UPDATE 1553545390 TRANSACTION 3de76609c229de52752778a8f29f8b4c
RECIEVED 1553545393 HB 139 0 143
RECIEVED 1553545395 HB 139 0 143
RECIEVED 1553545396 TRANSACTION 208 0 143
UPDATE 1553545396 TRANSACTION 5399ce6d51c02e8d94776fb907a777ed
RECIEVED 1553545396 TRANSACTION 209 0 144
UPDATE 1553545396 TRANSACTION a297908876fbf0c84c6a20120e08b29a
RECIEVED 1553545396 TRANSACTION 208 0 145
UPDATE 1553545396 TRANSACTION 92a6e12f7284bf62ff6edfd1f1f02c41
RECIEVED 1553545396 HB 139 0 146
RECIEVED 1553545397 HB 139 0 146
RECIEVED 1553545398 HB 139 0 146
RECIEVED 1553545399 TRANSACTION 207 0 146
UPDATE 1553545399 TRANSACTION b368ec7801a8bdd4a1fa80bf392a3f7a
RECIEVED 1553545399 HB 139 0 147
RECIEVED 1553545399 TRANSACTION 209 0 147
UPDATE 1553545399 TRANSACTION 4fcee1b1415b7775558911c3e8faa49b
RECIEVED 1553545401 HB 139 0 148
RECIEVED 1553545404 HB 139 0 148
RECIEVED 1553545405 HB 139 0 148
RECIEVED 1553545407 HB 139 0 148
RECIEVED 1553545408 HB 139 0 148
RECIEVED 1553545409 HB 139 0 148
RECIEVED 1553545410 HB 139 0 148
RECIEVED 1553545411 HB 139 0 148
RECIEVED 1553545411 TRANSACTION 209 0 148
UPDATE 1553545411 TRANSACTION 16244144daef149b01e8ddfd86d34bdb
RECIEVED 1553545412 HB 139 0 149
RECIEVED 1553545416 HB 139 0 149
RECIEVED 1553545417 HB 139 0 149
RECIEVED 1553545418 HB 139 0 149
RECIEVED 1553545420 HB 139 0 149
RECIEVED 1553545421 HB 139 0 149
RECIEVED 1553545422 HB 139 0 149
RECIEVED 1553545423 HB 139 0 149
RECIEVED 1553545424 HB 139 0 149
RECIEVED 1553545425 TRANSACTION 209 0 149
UPDATE 1553545425 TRANSACTION 2b7013e05917e831f0bf89c416c78d71
RECIEVED 1553545425 HB 139 0 150
RECIEVED 1553545426 HB 139 0 150
RECIEVED 1553545426 TRANSACTION 208 0 150
UPDATE 1553545426 TRANSACTION eb5e2a840bd17acf0f52a60b9f85d178
RECIEVED 1553545427 HB 139 0 151
RECIEVED 1553545428 HB 139 0 151
RECIEVED 1553545431 HB 139 0 151
RECIEVED 1553545432 HB 139 0 151
RECIEVED 1553545435 TRANSACTION 210 0 151
UPDATE 1553545435 TRANSACTION da20cc2215b556f1e34f2bfe867e166d
RECIEVED 1553545435 HB 139 0 152
RECIEVED 1553545436 HB 139 0 152
RECIEVED 1553545437 HB 139 0 152
RECIEVED 1553545438 HB 139 0 152
RECIEVED 1553545440 HB 139 0 152
RECIEVED 1553545441 TRANSACTION 209 0 152
UPDATE 1553545441 TRANSACTION f0e0fcc2a2a08e030f2949c95eb0f1fd
RECIEVED 1553545443 HB 139 0 153
RECIEVED 1553545443 TRANSACTION 209 0 153
UPDATE 1553545443 TRANSACTION 384228c76e1f2ad29fcedd72b6b06003
RECIEVED 1553545445 HB 139 0 154
RECIEVED 1553545445 TRANSACTION 209 0 154
UPDATE 1553545445 TRANSACTION 3ffd21658274c232eaafea282426d999
RECIEVED 1553545446 HB 139 0 155
RECIEVED 1553545449 HB 139 0 155
RECIEVED 1553545449 TRANSACTION 209 0 155
UPDATE 1553545449 TRANSACTION 0ad74c2411cf1a1a5f5d9adb8e73deec
RECIEVED 1553545451 HB 139 0 156
RECIEVED 1553545453 HB 139 0 156
RECIEVED 1553545453 TRANSACTION 210 0 156
UPDATE 1553545453 TRANSACTION eacf209c7db70c4c22600f52a8336659
RECIEVED 1553545454 HB 139 0 157
RECIEVED 1553545455 HB 139 0 157
RECIEVED 1553545457 HB 139 0 157
RECIEVED 1553545457 TRANSACTION 209 0 157
UPDATE 1553545457 TRANSACTION ad94602702ace5f480a560cb3fd5c98d
RECIEVED 1553545458 HB 139 0 158
RECIEVED 1553545459 HB 139 0 158
RECIEVED 1553545460 HB 139 0 158
RECIEVED 1553545461 HB 139 0 158
RECIEVED 1553545462 HB 139 0 158
RECIEVED 1553545463 HB 139 0 158
RECIEVED 1553545464 TRANSACTION 209 0 158
UPDATE 1553545464 TRANSACTION 4402ea2f84813bb84bd11bb81cd47c95
RECIEVED 1553545464 TRANSACTION 209 0 159
UPDATE 1553545464 TRANSACTION 2c7702a35a9cc25cb98da6dfa7fb5f65
RECIEVED 1553545465 HB 139 0 160
RECIEVED 1553545466 HB 139 0 160
RECIEVED 1553545467 TRANSACTION 209 0 160
UPDATE 1553545467 TRANSACTION 2960a1d4b8384b7d03e97f7f725d9310
RECIEVED 1553545467 HB 139 0 161
RECIEVED 1553545468 HB 139 0 161
