RECIEVED 1553545180 INTRODUCE 168 0 0
SEND 1553545180 JOIN 162 43359
RECIEVED 1553545180 TRANSACTION 209 1 0
UPDATE 1553545180 TRANSACTION 54f730aac66fc15e283391130a48a0de
SEND 1553545180 TRANSACTION 209 26932
RECIEVED 1553545180 TRANSACTION 209 1 1
UPDATE 1553545180 TRANSACTION 43f18b8963c5886889a30b9a0251c390
SEND 1553545180 TRANSACTION 209 36680
RECIEVED 1553545181 TRANSACTION 207 1 2
UPDATE 1553545181 TRANSACTION 74b5529600508060e1d9b2bb9b8c9171
SEND 1553545181 TRANSACTION 207 29740
# Listen attempt 1.
# json: cannot unmarshal object into Go struct field Node.Sock of type net.Conn
RECIEVED 1553545181 TRANSACTION 209 1 3
UPDATE 1553545181 TRANSACTION bd67a0ba08a6260122f5386bea26bbd4
SEND 1553545181 TRANSACTION 209 14859
RECIEVED 1553545181 TRANSACTION 208 1 4
UPDATE 1553545181 TRANSACTION 791200087b46ba060bf867c2b8229263
SEND 1553545181 TRANSACTION 208 35063
RECIEVED 1553545181 TRANSACTION 206 1 5
UPDATE 1553545181 TRANSACTION a6ad58fa2af098aada3c389146e4ad74
SEND 1553545181 TRANSACTION 206 37620
RECIEVED 1553545181 HB 139 1 6
SEND 1553545181 PING 259 103377
RECIEVED 1553545181 TRANSACTION 209 1 6
UPDATE 1553545181 TRANSACTION f14713a547a690a04f334d32fc74cef4
SEND 1553545181 TRANSACTION 209 26809
RECIEVED 1553545181 TRANSACTION 210 1 7
UPDATE 1553545181 TRANSACTION 9382a08076121deddd20b03a00e84618
SEND 1553545181 TRANSACTION 210 34826
# Listen attempt 1.
# json: cannot unmarshal object into Go struct field Node.Sock of type net.Conn
RECIEVED 1553545182 TRANSACTION 208 1 8
UPDATE 1553545182 TRANSACTION 6420cc5ef59ec63947071474d9a31c14
SEND 1553545182 TRANSACTION 208 28258
RECIEVED 1553545182 TRANSACTION 208 1 9
UPDATE 1553545182 TRANSACTION 8be1eeff2b6805732a490ad0fb8f49b4
SEND 1553545182 TRANSACTION 208 21506
RECIEVED 1553545182 TRANSACTION 209 1 10
UPDATE 1553545182 TRANSACTION 2e565b569747a5a3b342e6d36afba2ea
SEND 1553545182 TRANSACTION 209 21573
RECIEVED 1553545182 TRANSACTION 209 1 11
UPDATE 1553545182 TRANSACTION 9497dc2867801e4dff95d160db818435
SEND 1553545182 TRANSACTION 209 28547
RECIEVED 1553545182 TRANSACTION 209 1 12
UPDATE 1553545182 TRANSACTION 61c83c4304394dc9b5fd64db50eba31a
SEND 1553545182 TRANSACTION 209 26701
RECIEVED 1553545182 TRANSACTION 209 1 13
UPDATE 1553545182 TRANSACTION 8b934fbce5efed5692b71e28610d5c2e
SEND 1553545182 TRANSACTION 209 31921
RECIEVED 1553545182 TRANSACTION 209 1 14
UPDATE 1553545182 TRANSACTION 47936132db94d8710c4b53e93f601a82
SEND 1553545182 TRANSACTION 209 42614
RECIEVED 1553545182 TRANSACTION 208 1 15
UPDATE 1553545182 TRANSACTION 2ae883fd074db2513705c547f08e9526
SEND 1553545182 TRANSACTION 208 39915
RECIEVED 1553545182 TRANSACTION 209 1 16
UPDATE 1553545182 TRANSACTION 38146c109039395c99e18300bb5a9b45
SEND 1553545182 TRANSACTION 209 29174
RECIEVED 1553545182 HB 139 1 17
SEND 1553545182 PING 259 38326
RECIEVED 1553545182 TRANSACTION 209 1 17
UPDATE 1553545182 TRANSACTION dd4683fcb4a42c90888ef2d40013f4c4
SEND 1553545182 TRANSACTION 209 36664
RECIEVED 1553545182 TRANSACTION 210 1 18
UPDATE 1553545182 TRANSACTION da4c2cf808a35cfff0df8a6f332345d1
SEND 1553545182 TRANSACTION 210 32265
RECIEVED 1553545182 TRANSACTION 209 1 19
UPDATE 1553545182 TRANSACTION 357f603ceec2db8b7b1618862ad2f399
SEND 1553545182 TRANSACTION 209 15177
RECIEVED 1553545182 TRANSACTION 209 1 20
UPDATE 1553545182 TRANSACTION 35fb1d36de19f6de3602da5750e1b59f
SEND 1553545182 TRANSACTION 209 55915
RECIEVED 1553545182 TRANSACTION 209 1 21
UPDATE 1553545182 TRANSACTION bf3cb988a33e7e87b6d381ad84d7ccaf
SEND 1553545182 TRANSACTION 209 37266
RECIEVED 1553545183 TRANSACTION 209 1 22
UPDATE 1553545183 TRANSACTION ffcefe726756d1b2ec34914127a74616
SEND 1553545183 TRANSACTION 209 25191
# Listen attempt 1.
# json: cannot unmarshal object into Go struct field Node.Sock of type net.Conn
RECIEVED 1553545183 TRANSACTION 209 1 23
UPDATE 1553545183 TRANSACTION 0b74cb51f630d7c6cda2ce4003505c53
SEND 1553545183 TRANSACTION 209 20848
RECIEVED 1553545183 HB 139 1 24
SEND 1553545183 PING 259 48335
RECIEVED 1553545184 TRANSACTION 210 1 24
UPDATE 1553545184 TRANSACTION fd36986289b8e49978d6357ef90d62de
SEND 1553545184 TRANSACTION 210 35843
RECIEVED 1553545184 HB 139 1 25
SEND 1553545184 PING 259 45632
RECIEVED 1553545184 TRANSACTION 208 1 25
UPDATE 1553545184 TRANSACTION 3d4e36aa61c7c9a3b1b4688213ca89fe
SEND 1553545184 TRANSACTION 208 28164
RECIEVED 1553545184 TRANSACTION 210 1 26
RECIEVED 1553545185 HB 139 1 26
SEND 1553545185 PING 259 63365
# Listen attempt 1.
# json: cannot unmarshal object into Go struct field Node.Sock of type net.Conn
RECIEVED 1553545185 TRANSACTION 209 1 26
UPDATE 1553545185 TRANSACTION 5e2166278ad6eb13697fe062b74f6a1b
SEND 1553545185 TRANSACTION 209 23961
RECIEVED 1553545185 TRANSACTION 209 1 27
UPDATE 1553545185 TRANSACTION 00c9ca3294274b140b72481b2168c75d
SEND 1553545185 TRANSACTION 209 28372
RECIEVED 1553545185 TRANSACTION 209 1 28
UPDATE 1553545185 TRANSACTION e0133a59a14b992cfda2cd7c9aa648ca
SEND 1553545185 TRANSACTION 209 20900
RECIEVED 1553545185 TRANSACTION 207 1 29
UPDATE 1553545185 TRANSACTION 5d1020f7f7e4e1c0fe581da870d3a086
SEND 1553545185 TRANSACTION 207 21209
RECIEVED 1553545185 TRANSACTION 209 1 30
UPDATE 1553545185 TRANSACTION 7f12bcaa03820307c9feb9a4bb4981a6
SEND 1553545185 TRANSACTION 209 42642
RECIEVED 1553545185 TRANSACTION 209 1 31
UPDATE 1553545185 TRANSACTION f97eb054de8607ca0a9ceb3ad8dd4c60
SEND 1553545185 TRANSACTION 209 50092
RECIEVED 1553545185 TRANSACTION 207 1 32
UPDATE 1553545185 TRANSACTION 7c03de5eb1a436d1a32ae67e244bea72
SEND 1553545185 TRANSACTION 207 30560
RECIEVED 1553545185 TRANSACTION 209 1 33
UPDATE 1553545185 TRANSACTION fb4efedebd0009147ed8fb01c8578910
SEND 1553545185 TRANSACTION 209 32930
RECIEVED 1553545185 TRANSACTION 209 1 34
UPDATE 1553545185 TRANSACTION 55b951fdcab6cc3b950b875519f4d47e
SEND 1553545185 TRANSACTION 209 17056
RECIEVED 1553545185 TRANSACTION 208 1 35
UPDATE 1553545185 TRANSACTION 1cfce93ebfd8978edc1e211a551b3eab
SEND 1553545185 TRANSACTION 208 34114
RECIEVED 1553545185 TRANSACTION 208 1 36
UPDATE 1553545185 TRANSACTION 4df120a11cfd0718a4c8b04befc6d05f
SEND 1553545185 TRANSACTION 208 39141
RECIEVED 1553545185 TRANSACTION 208 1 37
UPDATE 1553545185 TRANSACTION 2017b525db7ba90c01ea3e89837b89ee
SEND 1553545185 TRANSACTION 208 32839
RECIEVED 1553545185 TRANSACTION 209 1 38
UPDATE 1553545185 TRANSACTION 18d99401fd991851f880ac268a66e4c7
SEND 1553545185 TRANSACTION 209 20771
RECIEVED 1553545185 TRANSACTION 208 1 39
UPDATE 1553545185 TRANSACTION 1c7d6f451ad6c9dafecd489cc895b03e
SEND 1553545185 TRANSACTION 208 32877
RECIEVED 1553545185 TRANSACTION 209 1 40
UPDATE 1553545185 TRANSACTION a4b6a4e5e3fb315e186ae8b0a987a0a8
SEND 1553545185 TRANSACTION 209 25133
RECIEVED 1553545185 TRANSACTION 209 1 41
UPDATE 1553545185 TRANSACTION 3870910cd2e8ffb3623aeaac9db316aa
SEND 1553545185 TRANSACTION 209 28800
RECIEVED 1553545185 TRANSACTION 209 1 42
UPDATE 1553545185 TRANSACTION 045bc17a5ea1a8eea1b1bf6d8e012d23
SEND 1553545185 TRANSACTION 209 21071
RECIEVED 1553545185 TRANSACTION 209 1 43
UPDATE 1553545185 TRANSACTION 40fac106e7103532550b9181b6f66e94
SEND 1553545185 TRANSACTION 209 26618
RECIEVED 1553545185 TRANSACTION 209 1 44
UPDATE 1553545185 TRANSACTION dc67c43cac5a3b93f8714a317d628b98
SEND 1553545185 TRANSACTION 209 23064
RECIEVED 1553545185 TRANSACTION 210 1 45
UPDATE 1553545185 TRANSACTION e50c52d5a4eca7ead0eb8cca4b37538d
SEND 1553545185 TRANSACTION 210 20316
RECIEVED 1553545185 TRANSACTION 209 1 46
UPDATE 1553545185 TRANSACTION bed1280ab8164c7bdfe054023b712c4b
SEND 1553545185 TRANSACTION 209 26993
RECIEVED 1553545185 TRANSACTION 209 1 47
UPDATE 1553545185 TRANSACTION 52b00fd6b9e74d27b568b9c326902a46
SEND 1553545185 TRANSACTION 209 31880
RECIEVED 1553545185 TRANSACTION 209 1 48
UPDATE 1553545185 TRANSACTION a68f152020d20721dd5aa848d1eb08be
SEND 1553545185 TRANSACTION 209 41929
RECIEVED 1553545185 TRANSACTION 209 1 49
UPDATE 1553545185 TRANSACTION 9164833152045f2681ff1f540d015dad
SEND 1553545185 TRANSACTION 209 40766
RECIEVED 1553545186 TRANSACTION 209 1 50
UPDATE 1553545186 TRANSACTION e561ace0c40c48fbfd175588e9762392
SEND 1553545186 TRANSACTION 209 36911
RECIEVED 1553545186 TRANSACTION 210 1 51
UPDATE 1553545186 TRANSACTION ee1a2a77c2b1dfd0293a3dc2e98fda34
SEND 1553545186 TRANSACTION 210 27320
RECIEVED 1553545186 HB 139 1 52
SEND 1553545186 PING 259 44497
# Listen attempt 1.
# json: cannot unmarshal object into Go struct field Node.Sock of type net.Conn
RECIEVED 1553545186 TRANSACTION 209 1 52
UPDATE 1553545186 TRANSACTION 1891da92a9319f009d848c65a312f87b
SEND 1553545186 TRANSACTION 209 29299
RECIEVED 1553545186 TRANSACTION 209 1 53
UPDATE 1553545186 TRANSACTION 45e0d536e4858556a26f28ed89d66467
SEND 1553545186 TRANSACTION 209 33914
RECIEVED 1553545186 TRANSACTION 209 1 54
UPDATE 1553545186 TRANSACTION adcfea58c7a5bec246ed446292e7789d
SEND 1553545186 TRANSACTION 209 20893
RECIEVED 1553545186 TRANSACTION 209 1 55
UPDATE 1553545186 TRANSACTION 61de95b42bd1b6b88098b52661bc5728
SEND 1553545186 TRANSACTION 209 32739
RECIEVED 1553545186 TRANSACTION 209 1 56
UPDATE 1553545186 TRANSACTION c85ec8034168cdbd9000f5acecf291ed
SEND 1553545186 TRANSACTION 209 47120
RECIEVED 1553545187 TRANSACTION 207 1 57
UPDATE 1553545187 TRANSACTION 7fef1df5d6adbc314251229c66103792
SEND 1553545187 TRANSACTION 207 28967
RECIEVED 1553545187 TRANSACTION 209 1 58
UPDATE 1553545187 TRANSACTION bbd59b343f82ded126e1e90fbed30892
SEND 1553545187 TRANSACTION 209 56699
RECIEVED 1553545187 HB 139 1 59
SEND 1553545187 PING 259 62740
RECIEVED 1553545187 TRANSACTION 207 1 59
UPDATE 1553545187 TRANSACTION ba10bb8b1ed6895f0b4bee3b26d9a9ad
SEND 1553545187 TRANSACTION 207 34516
RECIEVED 1553545187 TRANSACTION 209 1 60
UPDATE 1553545187 TRANSACTION a772924853c144cd2bbac51e870ebf66
SEND 1553545187 TRANSACTION 209 16490
RECIEVED 1553545187 TRANSACTION 208 1 61
UPDATE 1553545187 TRANSACTION 0e13db20b002ebbc5e429c9790fe9bd1
SEND 1553545187 TRANSACTION 208 28659
# Listen attempt 1.
# json: cannot unmarshal object into Go struct field Node.Sock of type net.Conn
RECIEVED 1553545187 TRANSACTION 209 1 62
UPDATE 1553545187 TRANSACTION dba59eca3725087d8f1e830036a8b834
SEND 1553545187 TRANSACTION 209 37640
RECIEVED 1553545187 TRANSACTION 208 1 63
UPDATE 1553545187 TRANSACTION a7b327a43228aa1b41046ae3e13c2299
SEND 1553545187 TRANSACTION 208 16465
RECIEVED 1553545187 TRANSACTION 208 1 64
UPDATE 1553545187 TRANSACTION dcf4fa46b1db4351767c2ee21ebb0b69
SEND 1553545187 TRANSACTION 208 20878
RECIEVED 1553545187 TRANSACTION 209 1 65
UPDATE 1553545187 TRANSACTION f0b1d34c197045ab8c9a3657ba9aa328
SEND 1553545187 TRANSACTION 209 28803
RECIEVED 1553545187 TRANSACTION 209 1 66
UPDATE 1553545187 TRANSACTION 618c0179933d03cff755b50cc8b116d4
SEND 1553545187 TRANSACTION 209 29713
RECIEVED 1553545188 TRANSACTION 209 1 67
UPDATE 1553545188 TRANSACTION b3cda5b65534cf9b10a1c86a18a27970
SEND 1553545188 TRANSACTION 209 36119
RECIEVED 1553545188 TRANSACTION 208 1 68
UPDATE 1553545188 TRANSACTION 88550699926f0ed2fa189f302c933c1b
SEND 1553545188 TRANSACTION 208 20510
RECIEVED 1553545188 TRANSACTION 209 1 69
UPDATE 1553545188 TRANSACTION 6e1521a981934ccbb4d91eaf51f8edb6
SEND 1553545188 TRANSACTION 209 36176
RECIEVED 1553545188 TRANSACTION 210 1 70
UPDATE 1553545188 TRANSACTION cbee2e881643cada70ccaf160523c832
SEND 1553545188 TRANSACTION 210 25249
RECIEVED 1553545188 TRANSACTION 208 1 71
UPDATE 1553545188 TRANSACTION ff40933c0a2d58688f3eca66adea49c8
SEND 1553545188 TRANSACTION 208 29099
RECIEVED 1553545188 HB 139 1 72
SEND 1553545188 PING 259 56983
RECIEVED 1553545188 TRANSACTION 208 1 72
UPDATE 1553545188 TRANSACTION aa31682af64202289ac1f29fd0cd9425
SEND 1553545188 TRANSACTION 208 27937
# Listen attempt 1.
# json: cannot unmarshal object into Go struct field Node.Sock of type net.Conn
RECIEVED 1553545189 TRANSACTION 209 1 73
UPDATE 1553545189 TRANSACTION c19bccfeeb5993bc51b923a9cac23590
SEND 1553545189 TRANSACTION 209 36024
RECIEVED 1553545189 TRANSACTION 209 1 74
UPDATE 1553545189 TRANSACTION d13c22c6a08abc91824cab3584f6d55e
SEND 1553545189 TRANSACTION 209 23161
RECIEVED 1553545189 TRANSACTION 209 1 75
UPDATE 1553545189 TRANSACTION eb65322ff2c5447b1467acb55e89ba80
SEND 1553545189 TRANSACTION 209 33708
RECIEVED 1553545189 HB 139 1 76
SEND 1553545189 PING 259 72670
# Listen attempt 1.
# json: cannot unmarshal object into Go struct field Node.Sock of type net.Conn
RECIEVED 1553545189 TRANSACTION 209 1 76
UPDATE 1553545189 TRANSACTION 97aca0f98ae6262312ca82cac763e7d6
SEND 1553545189 TRANSACTION 209 30674
RECIEVED 1553545189 TRANSACTION 210 1 77
UPDATE 1553545189 TRANSACTION 17c3988f73239b6596aaadf06f46e642
SEND 1553545189 TRANSACTION 210 16294
RECIEVED 1553545189 TRANSACTION 208 1 78
UPDATE 1553545189 TRANSACTION 9141d41b2c91f357ded26ba482ce96f0
SEND 1553545189 TRANSACTION 208 26045
RECIEVED 1553545189 TRANSACTION 208 1 79
UPDATE 1553545189 TRANSACTION 1e346b73f88e54eb98530835f28c40be
SEND 1553545189 TRANSACTION 208 34084
RECIEVED 1553545189 TRANSACTION 209 1 80
UPDATE 1553545189 TRANSACTION e2cdb5b758fcac4532ea483dcc15cf6a
SEND 1553545189 TRANSACTION 209 28907
RECIEVED 1553545189 TRANSACTION 210 1 81
UPDATE 1553545189 TRANSACTION 83145455d01d14c5e307dc2d30d497f5
SEND 1553545189 TRANSACTION 210 20475
RECIEVED 1553545189 TRANSACTION 209 1 82
UPDATE 1553545189 TRANSACTION 2e6a49b0368004a51cf3cf5639ac650f
SEND 1553545189 TRANSACTION 209 39563
RECIEVED 1553545190 TRANSACTION 209 1 83
UPDATE 1553545190 TRANSACTION b1e4233def99b9245015b4a9a3a34e6b
SEND 1553545190 TRANSACTION 209 28730
RECIEVED 1553545190 TRANSACTION 208 1 84
UPDATE 1553545190 TRANSACTION 6c62d1cce302afce97f000e97c2375c8
SEND 1553545190 TRANSACTION 208 43572
RECIEVED 1553545190 HB 139 1 85
SEND 1553545190 PING 259 67835
# Listen attempt 1.
# json: cannot unmarshal object into Go struct field Node.Sock of type net.Conn
RECIEVED 1553545190 TRANSACTION 208 1 85
UPDATE 1553545190 TRANSACTION 55d1e1bf20c9ded16ac0d89965f2796a
SEND 1553545190 TRANSACTION 208 27683
RECIEVED 1553545191 TRANSACTION 209 1 86
UPDATE 1553545191 TRANSACTION 1d8ee7f24c411e3c8999469661d93003
SEND 1553545191 TRANSACTION 209 24722
RECIEVED 1553545191 TRANSACTION 209 1 87
UPDATE 1553545191 TRANSACTION f896da97f9ad13cccca39fab12fdc6c9
SEND 1553545191 TRANSACTION 209 19246
RECIEVED 1553545191 HB 139 1 88
SEND 1553545191 PING 259 67930
RECIEVED 1553545192 HB 139 1 88
SEND 1553545192 PING 259 55552
RECIEVED 1553545193 HB 139 1 88
SEND 1553545193 PING 259 67575
# Listen attempt 1.
# EOF
# Listen attempt 2.
# EOF
# Listen attempt 3.
# EOF
# Could not recieve message properly
RECIEVED 1553545195 HB 139 1 88
# Removing node7:172.22.158.206:8007 from members
RECIEVED 1553545196 HB 139 0 88
RECIEVED 1553545197 HB 139 0 88
RECIEVED 1553545197 TRANSACTION 209 0 88
UPDATE 1553545197 TRANSACTION bc2e9675ff9369c60c4a6f78187c7ff1
RECIEVED 1553545198 HB 139 0 89
RECIEVED 1553545199 HB 139 0 89
RECIEVED 1553545199 TRANSACTION 211 0 89
UPDATE 1553545199 TRANSACTION ecd57c87df531a2bf986844a3843e0b2
RECIEVED 1553545200 HB 139 0 90
RECIEVED 1553545201 HB 139 0 90
RECIEVED 1553545202 HB 139 0 90
RECIEVED 1553545202 TRANSACTION 209 0 90
UPDATE 1553545202 TRANSACTION 8e87f1d74686ee6c43a9747928c57077
RECIEVED 1553545203 HB 139 0 91
RECIEVED 1553545203 TRANSACTION 209 0 91
UPDATE 1553545203 TRANSACTION 7b2773fa8bedf384c91d4df5b5982465
RECIEVED 1553545204 HB 139 0 92
RECIEVED 1553545205 HB 139 0 92
RECIEVED 1553545206 HB 139 0 92
RECIEVED 1553545207 HB 139 0 92
RECIEVED 1553545208 HB 139 0 92
RECIEVED 1553545209 HB 139 0 92
RECIEVED 1553545210 HB 139 0 92
RECIEVED 1553545211 HB 139 0 92
RECIEVED 1553545212 HB 139 0 92
RECIEVED 1553545213 HB 139 0 92
RECIEVED 1553545214 HB 139 0 92
RECIEVED 1553545215 HB 139 0 92
RECIEVED 1553545216 HB 139 0 92
RECIEVED 1553545217 HB 139 0 92
RECIEVED 1553545218 HB 139 0 92
RECIEVED 1553545219 HB 139 0 92
RECIEVED 1553545220 HB 139 0 92
RECIEVED 1553545221 HB 139 0 92
RECIEVED 1553545222 HB 139 0 92
RECIEVED 1553545223 HB 139 0 92
RECIEVED 1553545225 HB 139 0 92
RECIEVED 1553545226 HB 139 0 92
RECIEVED 1553545227 HB 139 0 92
RECIEVED 1553545228 HB 139 0 92
RECIEVED 1553545229 HB 139 0 92
RECIEVED 1553545229 TRANSACTION 209 0 92
UPDATE 1553545229 TRANSACTION 647b6712603c8ace8a20435395b11148
RECIEVED 1553545230 HB 139 0 93
RECIEVED 1553545231 HB 139 0 93
RECIEVED 1553545232 HB 139 0 93
RECIEVED 1553545233 TRANSACTION 208 0 93
UPDATE 1553545233 TRANSACTION 97dbd9b6faba489985456510a171b4fe
RECIEVED 1553545233 HB 139 0 94
RECIEVED 1553545234 HB 139 0 94
RECIEVED 1553545235 HB 139 0 94
RECIEVED 1553545236 TRANSACTION 208 0 94
UPDATE 1553545236 TRANSACTION becf3ead40d5bff9392309ce6c6316e3
RECIEVED 1553545236 HB 139 0 95
RECIEVED 1553545237 HB 139 0 95
RECIEVED 1553545238 HB 139 0 95
RECIEVED 1553545239 HB 139 0 95
RECIEVED 1553545240 HB 139 0 95
RECIEVED 1553545241 HB 139 0 95
RECIEVED 1553545242 HB 139 0 95
RECIEVED 1553545243 HB 139 0 95
RECIEVED 1553545244 HB 139 0 95
RECIEVED 1553545245 HB 139 0 95
RECIEVED 1553545246 HB 139 0 95
RECIEVED 1553545247 HB 139 0 95
RECIEVED 1553545248 HB 139 0 95
RECIEVED 1553545249 HB 139 0 95
RECIEVED 1553545250 HB 139 0 95
RECIEVED 1553545251 HB 139 0 95
RECIEVED 1553545252 HB 139 0 95
RECIEVED 1553545253 HB 139 0 95
RECIEVED 1553545254 HB 139 0 95
RECIEVED 1553545255 HB 139 0 95
RECIEVED 1553545256 HB 139 0 95
RECIEVED 1553545257 HB 139 0 95
RECIEVED 1553545258 HB 139 0 95
RECIEVED 1553545259 HB 139 0 95
RECIEVED 1553545260 HB 139 0 95
RECIEVED 1553545261 TRANSACTION 210 0 95
UPDATE 1553545261 TRANSACTION dda76fc9597148cfb7360086627a649e
RECIEVED 1553545261 HB 139 0 96
RECIEVED 1553545262 HB 139 0 96
RECIEVED 1553545263 HB 139 0 96
RECIEVED 1553545264 HB 139 0 96
RECIEVED 1553545265 HB 139 0 96
RECIEVED 1553545266 TRANSACTION 209 0 96
UPDATE 1553545266 TRANSACTION 21276fe81ffbd588da201d47370fb373
RECIEVED 1553545266 HB 139 0 97
RECIEVED 1553545267 HB 139 0 97
RECIEVED 1553545268 HB 139 0 97
RECIEVED 1553545269 HB 139 0 97
RECIEVED 1553545269 TRANSACTION 209 0 97
UPDATE 1553545269 TRANSACTION aa201eac5d21d4a8225307c45c525d88
RECIEVED 1553545270 HB 139 0 98
RECIEVED 1553545271 HB 139 0 98
RECIEVED 1553545271 TRANSACTION 209 0 98
UPDATE 1553545271 TRANSACTION fbaea6e2b056da3c423ee695d9d2c3f1
RECIEVED 1553545272 HB 139 0 99
RECIEVED 1553545273 HB 139 0 99
RECIEVED 1553545274 HB 139 0 99
RECIEVED 1553545275 HB 139 0 99
RECIEVED 1553545276 HB 139 0 99
RECIEVED 1553545277 HB 139 0 99
RECIEVED 1553545278 HB 139 0 99
RECIEVED 1553545279 HB 139 0 99
RECIEVED 1553545280 HB 139 0 99
RECIEVED 1553545281 HB 139 0 99
RECIEVED 1553545282 HB 139 0 99
RECIEVED 1553545283 HB 139 0 99
RECIEVED 1553545284 HB 139 0 99
RECIEVED 1553545285 HB 139 0 99
RECIEVED 1553545286 HB 139 0 99
RECIEVED 1553545287 HB 139 0 99
RECIEVED 1553545288 HB 139 0 99
RECIEVED 1553545289 HB 139 0 99
RECIEVED 1553545290 HB 139 0 99
RECIEVED 1553545291 HB 139 0 99
RECIEVED 1553545292 HB 139 0 99
RECIEVED 1553545293 TRANSACTION 209 0 99
UPDATE 1553545293 TRANSACTION c425146f00fc7123ab3b134754b60768
RECIEVED 1553545293 HB 139 0 100
RECIEVED 1553545294 HB 139 0 100
RECIEVED 1553545295 HB 139 0 100
RECIEVED 1553545296 HB 139 0 100
RECIEVED 1553545297 HB 139 0 100
RECIEVED 1553545298 HB 139 0 100
RECIEVED 1553545299 HB 139 0 100
RECIEVED 1553545300 HB 139 0 100
RECIEVED 1553545301 HB 139 0 100
RECIEVED 1553545302 TRANSACTION 209 0 100
UPDATE 1553545302 TRANSACTION 96cca5e51de661cae3cf7def93c7e1e1
RECIEVED 1553545302 HB 139 0 101
RECIEVED 1553545303 HB 139 0 101
RECIEVED 1553545304 HB 139 0 101
RECIEVED 1553545305 HB 139 0 101
RECIEVED 1553545306 HB 139 0 101
RECIEVED 1553545307 HB 139 0 101
RECIEVED 1553545308 HB 139 0 101
RECIEVED 1553545309 HB 139 0 101
RECIEVED 1553545310 HB 139 0 101
RECIEVED 1553545311 TRANSACTION 207 0 101
UPDATE 1553545311 TRANSACTION 564ee98afb7f6c06fccce282cc43d73c
RECIEVED 1553545311 HB 139 0 102
RECIEVED 1553545312 HB 139 0 102
RECIEVED 1553545313 HB 139 0 102
RECIEVED 1553545314 HB 139 0 102
RECIEVED 1553545315 TRANSACTION 208 0 102
UPDATE 1553545315 TRANSACTION b64d26a9dfc0ef7813638111e6247b15
RECIEVED 1553545315 HB 139 0 103
RECIEVED 1553545316 HB 139 0 103
RECIEVED 1553545317 HB 139 0 103
RECIEVED 1553545318 HB 139 0 103
RECIEVED 1553545319 HB 139 0 103
RECIEVED 1553545321 HB 139 0 103
RECIEVED 1553545322 HB 139 0 103
RECIEVED 1553545323 HB 139 0 103
RECIEVED 1553545324 HB 139 0 103
RECIEVED 1553545325 HB 139 0 103
RECIEVED 1553545325 TRANSACTION 209 0 103
UPDATE 1553545325 TRANSACTION 6b0033d28aafb397c1b4371a43a967f8
RECIEVED 1553545326 HB 139 0 104
RECIEVED 1553545327 HB 139 0 104
RECIEVED 1553545328 TRANSACTION 209 0 104
UPDATE 1553545328 TRANSACTION 85935d38be76b584167bac76f052f5a5
RECIEVED 1553545328 HB 139 0 105
RECIEVED 1553545329 HB 139 0 105
RECIEVED 1553545330 HB 139 0 105
RECIEVED 1553545331 HB 139 0 105
RECIEVED 1553545332 HB 139 0 105
RECIEVED 1553545332 TRANSACTION 208 0 105
UPDATE 1553545332 TRANSACTION cfead9b4127e21d641bfa79132cb4803
RECIEVED 1553545333 HB 139 0 106
RECIEVED 1553545334 HB 139 0 106
RECIEVED 1553545335 HB 139 0 106
RECIEVED 1553545336 TRANSACTION 210 0 106
UPDATE 1553545336 TRANSACTION 231d13dee8b857d609433ad07151ec2c
RECIEVED 1553545336 HB 139 0 107
RECIEVED 1553545337 HB 139 0 107
RECIEVED 1553545338 HB 139 0 107
RECIEVED 1553545339 HB 139 0 107
RECIEVED 1553545340 TRANSACTION 208 0 107
UPDATE 1553545340 TRANSACTION 7e2d6a1e61d87830211f1563366c9ce8
RECIEVED 1553545340 HB 139 0 108
RECIEVED 1553545342 HB 139 0 108
RECIEVED 1553545343 HB 139 0 108
RECIEVED 1553545343 TRANSACTION 209 0 108
UPDATE 1553545343 TRANSACTION a7793a201677fc2fe625daebe98fe615
RECIEVED 1553545344 HB 139 0 109
RECIEVED 1553545345 HB 139 0 109
RECIEVED 1553545346 HB 139 0 109
RECIEVED 1553545347 HB 139 0 109
RECIEVED 1553545348 HB 139 0 109
RECIEVED 1553545350 HB 139 0 109
RECIEVED 1553545351 HB 139 0 109
RECIEVED 1553545352 TRANSACTION 207 0 109
UPDATE 1553545352 TRANSACTION 48d4ca78265549fc2fc1c01cdb0d9441
RECIEVED 1553545352 HB 139 0 110
RECIEVED 1553545353 HB 139 0 110
RECIEVED 1553545354 HB 139 0 110
RECIEVED 1553545355 HB 139 0 110
RECIEVED 1553545356 HB 139 0 110
RECIEVED 1553545357 HB 139 0 110
RECIEVED 1553545358 HB 139 0 110
RECIEVED 1553545359 HB 139 0 110
RECIEVED 1553545360 TRANSACTION 209 0 110
UPDATE 1553545360 TRANSACTION 41a29b48b6ffbe88a9b6ec903c7e4a05
RECIEVED 1553545360 HB 139 0 111
RECIEVED 1553545362 HB 139 0 111
RECIEVED 1553545363 HB 139 0 111
RECIEVED 1553545364 TRANSACTION 209 0 111
UPDATE 1553545364 TRANSACTION 7627fcbc3367f6bc378fab7d0eae9318
RECIEVED 1553545364 HB 139 0 112
RECIEVED 1553545365 HB 139 0 112
RECIEVED 1553545366 HB 139 0 112
RECIEVED 1553545367 HB 139 0 112
RECIEVED 1553545367 TRANSACTION 209 0 112
UPDATE 1553545367 TRANSACTION 80434eb93f0d35ab129d48c2dc46c5a0
RECIEVED 1553545368 HB 139 0 113
RECIEVED 1553545369 HB 139 0 113
RECIEVED 1553545370 HB 139 0 113
RECIEVED 1553545371 HB 139 0 113
RECIEVED 1553545372 HB 139 0 113
RECIEVED 1553545373 HB 139 0 113
RECIEVED 1553545374 HB 139 0 113
RECIEVED 1553545375 HB 139 0 113
RECIEVED 1553545376 HB 139 0 113
RECIEVED 1553545376 TRANSACTION 209 0 113
UPDATE 1553545376 TRANSACTION acafc93d080467f0b6989ec48fb6ea16
RECIEVED 1553545377 HB 139 0 114
RECIEVED 1553545378 HB 139 0 114
RECIEVED 1553545380 HB 139 0 114
RECIEVED 1553545381 TRANSACTION 209 0 114
UPDATE 1553545381 TRANSACTION 440949d5b7814c72171540e208d511be
RECIEVED 1553545381 HB 139 0 115
RECIEVED 1553545382 HB 139 0 115
RECIEVED 1553545383 HB 139 0 115
RECIEVED 1553545384 HB 139 0 115
RECIEVED 1553545385 HB 139 0 115
RECIEVED 1553545386 HB 139 0 115
RECIEVED 1553545387 HB 139 0 115
RECIEVED 1553545388 HB 139 0 115
RECIEVED 1553545389 HB 139 0 115
RECIEVED 1553545390 HB 139 0 115
RECIEVED 1553545392 HB 139 0 115
RECIEVED 1553545393 HB 139 0 115
RECIEVED 1553545394 HB 139 0 115
RECIEVED 1553545395 HB 139 0 115
RECIEVED 1553545396 HB 139 0 115
RECIEVED 1553545397 HB 139 0 115
RECIEVED 1553545398 HB 139 0 115
RECIEVED 1553545399 HB 139 0 115
RECIEVED 1553545400 HB 139 0 115
RECIEVED 1553545401 TRANSACTION 209 0 115
UPDATE 1553545401 TRANSACTION 668d7a9f479f7ffcc58d32c5954e42d7
RECIEVED 1553545401 HB 139 0 116
RECIEVED 1553545402 TRANSACTION 210 0 116
UPDATE 1553545402 TRANSACTION 21d5b4883bc4c658a3c8f0f29dabd54b
RECIEVED 1553545403 HB 139 0 117
RECIEVED 1553545404 TRANSACTION 208 0 117
UPDATE 1553545404 TRANSACTION 41dba96f43540373edfad7c5c4740851
RECIEVED 1553545404 HB 139 0 118
RECIEVED 1553545405 HB 139 0 118
RECIEVED 1553545405 TRANSACTION 209 0 118
UPDATE 1553545405 TRANSACTION f1a613597b97e88b05ad378487517298
RECIEVED 1553545406 HB 139 0 119
RECIEVED 1553545407 HB 139 0 119
RECIEVED 1553545408 TRANSACTION 209 0 119
UPDATE 1553545408 TRANSACTION a1e22d7be294ef6d844f73e99a3129be
RECIEVED 1553545408 HB 139 0 120
RECIEVED 1553545409 HB 139 0 120
RECIEVED 1553545410 HB 139 0 120
RECIEVED 1553545411 TRANSACTION 209 0 120
UPDATE 1553545411 TRANSACTION b5c18100ff1f0c21692a2a811f40ce61
RECIEVED 1553545412 HB 139 0 121
RECIEVED 1553545415 TRANSACTION 210 0 121
UPDATE 1553545415 TRANSACTION 2f6678019b257ed0ac8be7ced6fc5a93
RECIEVED 1553545415 HB 139 0 122
RECIEVED 1553545416 HB 139 0 122
RECIEVED 1553545417 HB 139 0 122
RECIEVED 1553545418 HB 139 0 122
RECIEVED 1553545419 HB 139 0 122
RECIEVED 1553545421 HB 139 0 122
RECIEVED 1553545422 HB 139 0 122
RECIEVED 1553545423 HB 139 0 122
RECIEVED 1553545424 HB 139 0 122
RECIEVED 1553545425 HB 139 0 122
RECIEVED 1553545426 HB 139 0 122
RECIEVED 1553545427 HB 139 0 122
RECIEVED 1553545428 HB 139 0 122
RECIEVED 1553545428 TRANSACTION 208 0 122
UPDATE 1553545428 TRANSACTION 8ec9c6322a3958ff83db7ef896751cc1
RECIEVED 1553545429 HB 139 0 123
RECIEVED 1553545430 HB 139 0 123
RECIEVED 1553545431 HB 139 0 123
RECIEVED 1553545432 HB 139 0 123
RECIEVED 1553545434 HB 139 0 123
RECIEVED 1553545435 HB 139 0 123
RECIEVED 1553545437 HB 139 0 123
RECIEVED 1553545438 HB 139 0 123
RECIEVED 1553545439 HB 139 0 123
RECIEVED 1553545439 TRANSACTION 209 0 123
UPDATE 1553545439 TRANSACTION 2f741c6d5e02bb32b0cfb51e5933a560
RECIEVED 1553545441 HB 139 0 124
RECIEVED 1553545441 TRANSACTION 208 0 124
UPDATE 1553545441 TRANSACTION f803e53e8e8d1b92c759099d41e24274
RECIEVED 1553545442 HB 139 0 125
RECIEVED 1553545443 HB 139 0 125
RECIEVED 1553545444 TRANSACTION 208 0 125
UPDATE 1553545444 TRANSACTION ae2d22444eac3dfe7fe9f99f4239f4af
RECIEVED 1553545444 HB 139 0 126
RECIEVED 1553545445 TRANSACTION 209 0 126
UPDATE 1553545445 TRANSACTION c1c7cde0a6269d22dd04b990e05dba7c
RECIEVED 1553545445 HB 139 0 127
RECIEVED 1553545447 HB 139 0 127
RECIEVED 1553545447 TRANSACTION 210 0 127
UPDATE 1553545447 TRANSACTION 223b9677884b48b1771afd9eb05f9cc5
RECIEVED 1553545448 HB 139 0 128
RECIEVED 1553545449 HB 139 0 128
RECIEVED 1553545449 TRANSACTION 209 0 128
UPDATE 1553545449 TRANSACTION f09258efcde254bed7a5a3445d6f8279
RECIEVED 1553545450 HB 139 0 129
RECIEVED 1553545451 HB 139 0 129
RECIEVED 1553545452 HB 139 0 129
RECIEVED 1553545452 TRANSACTION 209 0 129
UPDATE 1553545452 TRANSACTION 16eeb1075ddec579a17c2b91dcca72b5
RECIEVED 1553545453 HB 139 0 130
RECIEVED 1553545454 HB 139 0 130
RECIEVED 1553545455 HB 139 0 130
RECIEVED 1553545455 TRANSACTION 209 0 130
UPDATE 1553545455 TRANSACTION 3ce1573fb95c0aff128c0ffa112c424e
RECIEVED 1553545456 HB 139 0 131
RECIEVED 1553545457 HB 139 0 131
RECIEVED 1553545458 HB 139 0 131
RECIEVED 1553545459 TRANSACTION 209 0 131
UPDATE 1553545459 TRANSACTION 86384d6467ec7ce5f44f2cc874384009
RECIEVED 1553545459 HB 139 0 132
RECIEVED 1553545460 TRANSACTION 209 0 132
UPDATE 1553545460 TRANSACTION 352fea35e99e8afa03ad9fa3a1a47901
RECIEVED 1553545460 HB 139 0 133
RECIEVED 1553545461 HB 139 0 133
RECIEVED 1553545462 TRANSACTION 208 0 133
UPDATE 1553545462 TRANSACTION 8e8b6ef6a25ea12bde4c28be6d2cd450
RECIEVED 1553545462 HB 139 0 134
RECIEVED 1553545463 HB 139 0 134
RECIEVED 1553545464 HB 139 0 134
RECIEVED 1553545466 HB 139 0 134
RECIEVED 1553545467 HB 139 0 134
RECIEVED 1553545468 HB 139 0 134
RECIEVED 1553545469 HB 139 0 134
RECIEVED 1553545470 HB 139 0 134
