RECIEVED 1553545174 INTRODUCE 167 0 0
SEND 1553545174 JOIN 163 29321
RECIEVED 1553545174 TRANSACTION 209 1 0
UPDATE 1553545174 TRANSACTION 0d86af347f13c8bc23a1dff5c151c4a4
SEND 1553545174 TRANSACTION 209 28097
RECIEVED 1553545174 TRANSACTION 209 1 1
UPDATE 1553545174 TRANSACTION 66ae85b4611c706cba99cf85c929ddc1
SEND 1553545174 TRANSACTION 209 33394
RECIEVED 1553545174 TRANSACTION 209 1 2
UPDATE 1553545174 TRANSACTION 9b1de521d5a9b6100e3ea28eca13656b
SEND 1553545174 TRANSACTION 209 93424
RECIEVED 1553545174 TRANSACTION 209 1 3
UPDATE 1553545174 TRANSACTION e09ef9becf32bb8a4cd5975528c7551d
SEND 1553545174 TRANSACTION 209 38484
RECIEVED 1553545174 TRANSACTION 209 1 4
UPDATE 1553545174 TRANSACTION 56cdff41c7aa193e5568b794b8066dfa
SEND 1553545174 TRANSACTION 209 28691
RECIEVED 1553545174 TRANSACTION 209 1 5
UPDATE 1553545174 TRANSACTION 274017061891a0f2dbc903f61a738f40
SEND 1553545174 TRANSACTION 209 21178
RECIEVED 1553545174 TRANSACTION 209 1 6
UPDATE 1553545174 TRANSACTION 184abeeeb09041bbedcda60bae16a729
SEND 1553545174 TRANSACTION 209 40696
RECIEVED 1553545175 TRANSACTION 209 1 7
UPDATE 1553545175 TRANSACTION b5f1daa4f74567e5bdced4da657d1ad1
SEND 1553545175 TRANSACTION 209 27960
RECIEVED 1553545175 TRANSACTION 209 1 8
UPDATE 1553545175 TRANSACTION e03e179b496e6c204f9fe25c892b66d0
SEND 1553545175 TRANSACTION 209 26723
RECIEVED 1553545175 TRANSACTION 208 1 9
UPDATE 1553545175 TRANSACTION afb58099704a79637eefbe2b07b54a15
SEND 1553545175 TRANSACTION 208 34181
RECIEVED 1553545175 HB 139 1 10
SEND 1553545175 PING 259 952082
RECIEVED 1553545175 TRANSACTION 209 1 10
UPDATE 1553545175 TRANSACTION 5d27c1f84345dcf422d385bc37b4d78d
SEND 1553545175 TRANSACTION 209 36503
# Listen attempt 1.
# json: cannot unmarshal object into Go struct field Node.Sock of type net.Conn
RECIEVED 1553545175 TRANSACTION 209 1 11
UPDATE 1553545175 TRANSACTION 8a21d950133be1de61aa3c7460ad46b9
SEND 1553545175 TRANSACTION 209 32200
RECIEVED 1553545175 TRANSACTION 209 1 12
RECIEVED 1553545175 TRANSACTION 210 1 12
UPDATE 1553545175 TRANSACTION cc30be70916f554abab7c8c2de72a235
SEND 1553545175 TRANSACTION 210 21456
RECIEVED 1553545175 TRANSACTION 209 1 13
UPDATE 1553545175 TRANSACTION cb35dbba404443f5d0e638dfef086a41
SEND 1553545175 TRANSACTION 209 33587
RECIEVED 1553545175 TRANSACTION 209 1 14
UPDATE 1553545175 TRANSACTION 453a3978b545c3c31161ef54ab0ec2e1
SEND 1553545175 TRANSACTION 209 21221
RECIEVED 1553545175 TRANSACTION 209 1 15
UPDATE 1553545175 TRANSACTION c05a769298d038ddd6ca7b221d72a4b2
SEND 1553545175 TRANSACTION 209 33916
RECIEVED 1553545175 TRANSACTION 209 1 16
UPDATE 1553545175 TRANSACTION 4755de6f6d0445eb6ff747f10f045967
SEND 1553545175 TRANSACTION 209 29963
RECIEVED 1553545175 TRANSACTION 210 1 17
UPDATE 1553545175 TRANSACTION 1ab45e802217c5c27d24aa171747d0a3
SEND 1553545175 TRANSACTION 210 34232
RECIEVED 1553545176 TRANSACTION 209 1 18
UPDATE 1553545176 TRANSACTION cffeda3c4e2337643dc89bb8ef5c637c
SEND 1553545176 TRANSACTION 209 40615
RECIEVED 1553545176 HB 139 1 19
SEND 1553545176 PING 259 66925
RECIEVED 1553545176 TRANSACTION 209 1 19
UPDATE 1553545176 TRANSACTION 7605fdc9ec5a8e88ecad382e8bf9c090
SEND 1553545176 TRANSACTION 209 35127
# Listen attempt 1.
# json: cannot unmarshal object into Go struct field Node.Sock of type net.Conn
RECIEVED 1553545176 TRANSACTION 209 1 20
UPDATE 1553545176 TRANSACTION 5b4ad998e47e356d32001b297554b373
SEND 1553545176 TRANSACTION 209 31676
RECIEVED 1553545176 TRANSACTION 209 1 21
UPDATE 1553545176 TRANSACTION 3ad4ac5f512e5bc516a0d9e42ccd37c4
SEND 1553545176 TRANSACTION 209 27238
RECIEVED 1553545176 TRANSACTION 210 1 22
UPDATE 1553545176 TRANSACTION b9d25012d1690bf87f17f18dba9f1063
SEND 1553545176 TRANSACTION 210 33497
RECIEVED 1553545176 TRANSACTION 209 1 23
UPDATE 1553545176 TRANSACTION af0e881640f424b522f42cb2a4d35f17
SEND 1553545176 TRANSACTION 209 29277
RECIEVED 1553545176 TRANSACTION 210 1 24
UPDATE 1553545176 TRANSACTION a944815593598035e37722cc6aa1e528
SEND 1553545176 TRANSACTION 210 33043
RECIEVED 1553545176 TRANSACTION 208 1 25
UPDATE 1553545176 TRANSACTION 2ce1954ca2c6885316710b319ef38625
SEND 1553545176 TRANSACTION 208 32657
RECIEVED 1553545176 TRANSACTION 209 1 26
UPDATE 1553545176 TRANSACTION 0aff1ea6f0e4ee86b89d2f34399d3a20
SEND 1553545176 TRANSACTION 209 119541
RECIEVED 1553545177 TRANSACTION 208 1 27
UPDATE 1553545177 TRANSACTION 09ea2b52817456a4dca9634da1a26471
SEND 1553545177 TRANSACTION 208 28093
RECIEVED 1553545177 TRANSACTION 209 1 28
UPDATE 1553545177 TRANSACTION fc99ecc31b98273b531f93612637f251
SEND 1553545177 TRANSACTION 209 31613
RECIEVED 1553545177 TRANSACTION 209 1 29
UPDATE 1553545177 TRANSACTION ca93a6a792f12ea8e31be7cd60c9ec0d
SEND 1553545177 TRANSACTION 209 42868
RECIEVED 1553545177 HB 139 1 30
SEND 1553545177 PING 259 67962
RECIEVED 1553545177 TRANSACTION 210 1 30
UPDATE 1553545177 TRANSACTION ccc136f0640c4008d52137f72af3fffb
SEND 1553545177 TRANSACTION 210 56008
RECIEVED 1553545177 TRANSACTION 209 1 31
UPDATE 1553545177 TRANSACTION 093d02396a6be442e5508a9f88b619e8
SEND 1553545177 TRANSACTION 209 33739
RECIEVED 1553545177 TRANSACTION 209 1 32
UPDATE 1553545177 TRANSACTION 98ea9cdba93e8706160c1ead216f3c30
SEND 1553545177 TRANSACTION 209 26242
RECIEVED 1553545177 TRANSACTION 208 1 33
UPDATE 1553545177 TRANSACTION 59c05eef896f8fbac3ad894a20bf2dcc
SEND 1553545177 TRANSACTION 208 19932
RECIEVED 1553545177 TRANSACTION 209 1 34
UPDATE 1553545177 TRANSACTION 61dd5e9fd7fb1d006559186e0c13b290
SEND 1553545177 TRANSACTION 209 25201
# Listen attempt 1.
# json: cannot unmarshal object into Go struct field Node.Sock of type net.Conn
RECIEVED 1553545177 TRANSACTION 209 1 35
UPDATE 1553545177 TRANSACTION 7829ce8dbd43c1b918d5ac5f41c069bf
SEND 1553545177 TRANSACTION 209 28460
RECIEVED 1553545177 TRANSACTION 209 1 36
UPDATE 1553545177 TRANSACTION dab91ea0dbae15a8af3586a3fbe3fd14
SEND 1553545177 TRANSACTION 209 47653
RECIEVED 1553545177 TRANSACTION 209 1 37
UPDATE 1553545177 TRANSACTION dc3a38b30596c15e5201f5c4c9a507b2
SEND 1553545177 TRANSACTION 209 23215
RECIEVED 1553545177 TRANSACTION 209 1 38
UPDATE 1553545177 TRANSACTION 276bc42532a915135721f95e7f59fb2f
SEND 1553545177 TRANSACTION 209 14500
RECIEVED 1553545177 TRANSACTION 209 1 39
UPDATE 1553545177 TRANSACTION aa80ee579b0c4cc1bf7f6ab106efc51a
SEND 1553545177 TRANSACTION 209 37675
RECIEVED 1553545177 TRANSACTION 209 1 40
UPDATE 1553545177 TRANSACTION b005ee7e89820e46fdc706df672f6b93
SEND 1553545177 TRANSACTION 209 14829
RECIEVED 1553545177 TRANSACTION 209 1 41
UPDATE 1553545177 TRANSACTION f1855ae0cb0a51bf7fa36c21e8d333aa
SEND 1553545177 TRANSACTION 209 33588
RECIEVED 1553545177 TRANSACTION 208 1 42
UPDATE 1553545177 TRANSACTION 0ecadeb8e8d25a40f5c320a5380f714e
SEND 1553545177 TRANSACTION 208 22630
RECIEVED 1553545178 TRANSACTION 209 1 43
UPDATE 1553545178 TRANSACTION ead0c1b5e6cc8e7e70cff94c567f8f5c
SEND 1553545178 TRANSACTION 209 34700
RECIEVED 1553545178 HB 139 1 44
SEND 1553545178 PING 259 71695
RECIEVED 1553545178 TRANSACTION 210 1 44
UPDATE 1553545178 TRANSACTION 29139ad94b664f01c477a950476d74e5
SEND 1553545178 TRANSACTION 210 36108
RECIEVED 1553545178 TRANSACTION 209 1 45
UPDATE 1553545178 TRANSACTION bc997b4fb99c587058f1025ac7c48626
SEND 1553545178 TRANSACTION 209 32960
RECIEVED 1553545178 TRANSACTION 208 1 46
UPDATE 1553545178 TRANSACTION 007cfa5ed0c88397417d6a842235cfad
SEND 1553545178 TRANSACTION 208 27120
# Listen attempt 1.
# json: cannot unmarshal object into Go struct field Node.Sock of type net.Conn
RECIEVED 1553545178 TRANSACTION 209 1 47
UPDATE 1553545178 TRANSACTION 5509269934206b25503c4c0ca4ce947e
SEND 1553545178 TRANSACTION 209 28012
RECIEVED 1553545178 TRANSACTION 209 1 48
UPDATE 1553545178 TRANSACTION c3b9e2371642bed6747d5c1177ade47d
SEND 1553545178 TRANSACTION 209 38612
RECIEVED 1553545178 TRANSACTION 209 1 49
UPDATE 1553545178 TRANSACTION c3986ee974e352b41ca41fe20649288c
SEND 1553545178 TRANSACTION 209 27902
RECIEVED 1553545179 TRANSACTION 208 1 50
UPDATE 1553545179 TRANSACTION c161b6968d9f7116e6c05ee564968143
SEND 1553545179 TRANSACTION 208 27584
RECIEVED 1553545179 TRANSACTION 209 1 51
UPDATE 1553545179 TRANSACTION 8a16e0032bd57938df86b0a117892e1d
SEND 1553545179 TRANSACTION 209 31505
RECIEVED 1553545179 TRANSACTION 209 1 52
UPDATE 1553545179 TRANSACTION 04503f5583bf4b710815c1550a2ee900
SEND 1553545179 TRANSACTION 209 23218
RECIEVED 1553545179 TRANSACTION 208 1 53
UPDATE 1553545179 TRANSACTION 65ba1cddf5ed7eab1b7588b44c4e85f4
SEND 1553545179 TRANSACTION 208 23707
RECIEVED 1553545179 HB 139 1 54
SEND 1553545179 PING 259 59128
RECIEVED 1553545179 TRANSACTION 209 1 54
UPDATE 1553545179 TRANSACTION 66d6375dd8ee835984f9e0b6f8386324
SEND 1553545179 TRANSACTION 209 33157
RECIEVED 1553545179 TRANSACTION 209 1 55
UPDATE 1553545179 TRANSACTION 1bd083cddb75c6f448943710a91cf33a
SEND 1553545179 TRANSACTION 209 25211
RECIEVED 1553545179 TRANSACTION 207 1 56
UPDATE 1553545179 TRANSACTION eedf3845b792194a8624a58e3d56bdf7
SEND 1553545179 TRANSACTION 207 29026
RECIEVED 1553545179 TRANSACTION 209 1 57
UPDATE 1553545179 TRANSACTION 1497b30597504e411f93a6d59df70c06
SEND 1553545179 TRANSACTION 209 28549
# Listen attempt 1.
# json: cannot unmarshal object into Go struct field Node.Sock of type net.Conn
RECIEVED 1553545179 TRANSACTION 207 1 58
UPDATE 1553545179 TRANSACTION 27380da38c404e572b329d7aa30e9f4e
SEND 1553545179 TRANSACTION 207 44345
RECIEVED 1553545179 TRANSACTION 209 1 59
UPDATE 1553545179 TRANSACTION 83586ed460bb1eb3165c631bd0df6fec
SEND 1553545179 TRANSACTION 209 34078
RECIEVED 1553545179 JOIN 160 1 60
# Make node0 Join
# End node0 Join
RECIEVED 1553545179 TRANSACTION 209 2 60
UPDATE 1553545179 TRANSACTION de0f85abed2e87a8f3839bf692a2e312
SEND 1553545179 TRANSACTION 209 36962
SEND 1553545179 TRANSACTION 209 22297
RECIEVED 1553545179 TRANSACTION 209 2 61
RECIEVED 1553545179 TRANSACTION 209 2 61
UPDATE 1553545179 TRANSACTION 939c5304541ce895dc573bcc388a682f
SEND 1553545179 TRANSACTION 209 76374
SEND 1553545179 TRANSACTION 209 19491
RECIEVED 1553545179 TRANSACTION 209 2 62
RECIEVED 1553545179 TRANSACTION 209 2 62
UPDATE 1553545179 TRANSACTION 1583ac9d665b78888d880462fc1aea87
SEND 1553545179 TRANSACTION 209 33062
SEND 1553545179 TRANSACTION 209 21753
RECIEVED 1553545179 TRANSACTION 209 2 63
RECIEVED 1553545179 TRANSACTION 209 2 63
RECIEVED 1553545179 TRANSACTION 209 2 63
UPDATE 1553545179 TRANSACTION d16d1d3f1f9878fd98571343fa453a25
SEND 1553545179 TRANSACTION 209 21058
SEND 1553545179 TRANSACTION 209 21766
RECIEVED 1553545179 TRANSACTION 209 2 64
RECIEVED 1553545180 TRANSACTION 209 2 64
UPDATE 1553545180 TRANSACTION b6c49dcc25e58488324ae0317dc267cd
SEND 1553545180 TRANSACTION 209 34291
SEND 1553545180 TRANSACTION 209 21791
RECIEVED 1553545180 TRANSACTION 209 2 65
RECIEVED 1553545180 HB 139 2 65
SEND 1553545180 PING 358 80399
SEND 1553545180 PING 358 29551
RECIEVED 1553545180 TRANSACTION 208 2 65
UPDATE 1553545180 TRANSACTION 61059b7808debd1a91be4abee0b9793c
SEND 1553545180 TRANSACTION 208 35502
SEND 1553545180 TRANSACTION 208 33376
RECIEVED 1553545180 TRANSACTION 208 2 66
RECIEVED 1553545180 TRANSACTION 209 2 66
UPDATE 1553545180 TRANSACTION 662ff76787712552819f1020893eef45
SEND 1553545180 TRANSACTION 209 27045
SEND 1553545180 TRANSACTION 209 49471
RECIEVED 1553545180 TRANSACTION 209 2 67
# Listen attempt 1.
# json: cannot unmarshal object into Go struct field Node.Sock of type net.Conn
RECIEVED 1553545180 TRANSACTION 209 2 67
UPDATE 1553545180 TRANSACTION 54f730aac66fc15e283391130a48a0de
SEND 1553545180 TRANSACTION 209 27718
SEND 1553545180 TRANSACTION 209 24187
RECIEVED 1553545180 TRANSACTION 209 2 68
RECIEVED 1553545180 TRANSACTION 209 2 68
UPDATE 1553545180 TRANSACTION fd53c5f08507ca4cc120d9e92ffb747d
SEND 1553545180 TRANSACTION 209 34715
SEND 1553545180 TRANSACTION 209 21359
RECIEVED 1553545180 TRANSACTION 209 2 69
# Listen attempt 1.
# json: cannot unmarshal object into Go struct field Node.Sock of type net.Conn
RECIEVED 1553545180 TRANSACTION 209 2 69
UPDATE 1553545180 TRANSACTION 43f18b8963c5886889a30b9a0251c390
SEND 1553545180 TRANSACTION 209 25460
SEND 1553545180 TRANSACTION 209 29737
RECIEVED 1553545180 TRANSACTION 209 2 70
RECIEVED 1553545181 TRANSACTION 207 2 70
UPDATE 1553545181 TRANSACTION 74b5529600508060e1d9b2bb9b8c9171
SEND 1553545181 TRANSACTION 207 27514
SEND 1553545181 TRANSACTION 207 21362
RECIEVED 1553545181 TRANSACTION 207 2 71
RECIEVED 1553545181 TRANSACTION 208 2 71
UPDATE 1553545181 TRANSACTION 791200087b46ba060bf867c2b8229263
SEND 1553545181 TRANSACTION 208 30873
SEND 1553545181 TRANSACTION 208 34488
RECIEVED 1553545181 TRANSACTION 208 2 72
RECIEVED 1553545181 TRANSACTION 206 2 72
UPDATE 1553545181 TRANSACTION a6ad58fa2af098aada3c389146e4ad74
SEND 1553545181 TRANSACTION 206 28020
SEND 1553545181 TRANSACTION 206 21788
RECIEVED 1553545181 TRANSACTION 206 2 73
RECIEVED 1553545181 HB 139 2 73
SEND 1553545181 PING 358 43285
SEND 1553545181 PING 358 23849
RECIEVED 1553545181 TRANSACTION 209 2 73
UPDATE 1553545181 TRANSACTION f14713a547a690a04f334d32fc74cef4
SEND 1553545181 TRANSACTION 209 33308
SEND 1553545181 TRANSACTION 209 22877
RECIEVED 1553545181 TRANSACTION 209 2 74
# Listen attempt 1.
# json: cannot unmarshal object into Go struct field Node.Sock of type net.Conn
RECIEVED 1553545181 TRANSACTION 210 2 74
UPDATE 1553545181 TRANSACTION 9382a08076121deddd20b03a00e84618
SEND 1553545181 TRANSACTION 210 38531
SEND 1553545181 TRANSACTION 210 28404
RECIEVED 1553545181 TRANSACTION 210 2 75
# Listen attempt 1.
# json: cannot unmarshal object into Go struct field Node.Sock of type net.Conn
RECIEVED 1553545182 TRANSACTION 208 2 75
UPDATE 1553545182 TRANSACTION 6420cc5ef59ec63947071474d9a31c14
SEND 1553545182 TRANSACTION 208 26762
SEND 1553545182 TRANSACTION 208 16934
RECIEVED 1553545182 TRANSACTION 208 2 76
UPDATE 1553545182 TRANSACTION 8be1eeff2b6805732a490ad0fb8f49b4
SEND 1553545182 TRANSACTION 208 21922
SEND 1553545182 TRANSACTION 208 18640
RECIEVED 1553545182 TRANSACTION 208 2 77
RECIEVED 1553545182 TRANSACTION 208 2 77
RECIEVED 1553545182 TRANSACTION 208 2 77
UPDATE 1553545182 TRANSACTION fb8e53e83188ad3a213746648a55157d
SEND 1553545182 TRANSACTION 208 33596
SEND 1553545182 TRANSACTION 208 14892
RECIEVED 1553545182 TRANSACTION 209 2 78
UPDATE 1553545182 TRANSACTION 2e565b569747a5a3b342e6d36afba2ea
SEND 1553545182 TRANSACTION 209 15463
SEND 1553545182 TRANSACTION 209 14280
RECIEVED 1553545182 TRANSACTION 208 2 79
RECIEVED 1553545182 TRANSACTION 209 2 79
RECIEVED 1553545182 TRANSACTION 209 2 79
UPDATE 1553545182 TRANSACTION 61c83c4304394dc9b5fd64db50eba31a
SEND 1553545182 TRANSACTION 209 38147
SEND 1553545182 TRANSACTION 209 39304
RECIEVED 1553545182 TRANSACTION 209 2 80
RECIEVED 1553545182 TRANSACTION 209 2 80
UPDATE 1553545182 TRANSACTION 8b934fbce5efed5692b71e28610d5c2e
SEND 1553545182 TRANSACTION 209 34835
SEND 1553545182 TRANSACTION 209 20815
RECIEVED 1553545182 TRANSACTION 209 2 81
RECIEVED 1553545182 TRANSACTION 209 2 81
UPDATE 1553545182 TRANSACTION 47936132db94d8710c4b53e93f601a82
SEND 1553545182 TRANSACTION 209 25780
SEND 1553545182 TRANSACTION 209 22230
RECIEVED 1553545182 TRANSACTION 209 2 82
RECIEVED 1553545182 TRANSACTION 208 2 82
UPDATE 1553545182 TRANSACTION 2ae883fd074db2513705c547f08e9526
SEND 1553545182 TRANSACTION 208 60616
SEND 1553545182 TRANSACTION 208 20581
RECIEVED 1553545182 TRANSACTION 208 2 83
RECIEVED 1553545182 HB 139 2 83
SEND 1553545182 PING 358 48387
SEND 1553545182 PING 358 26981
RECIEVED 1553545182 TRANSACTION 209 2 83
UPDATE 1553545182 TRANSACTION dd4683fcb4a42c90888ef2d40013f4c4
SEND 1553545182 TRANSACTION 209 26741
SEND 1553545182 TRANSACTION 209 20068
RECIEVED 1553545182 TRANSACTION 209 2 84
# Listen attempt 1.
# json: cannot unmarshal object into Go struct field Node.Sock of type net.Conn
RECIEVED 1553545182 TRANSACTION 210 2 84
UPDATE 1553545182 TRANSACTION da4c2cf808a35cfff0df8a6f332345d1
SEND 1553545182 TRANSACTION 210 17950
SEND 1553545182 TRANSACTION 210 27365
RECIEVED 1553545182 TRANSACTION 210 2 85
RECIEVED 1553545182 TRANSACTION 209 2 85
UPDATE 1553545182 TRANSACTION 357f603ceec2db8b7b1618862ad2f399
SEND 1553545182 TRANSACTION 209 26359
SEND 1553545182 TRANSACTION 209 31614
RECIEVED 1553545182 TRANSACTION 209 2 86
UPDATE 1553545182 TRANSACTION 35fb1d36de19f6de3602da5750e1b59f
SEND 1553545182 TRANSACTION 209 36439
SEND 1553545182 TRANSACTION 209 26945
RECIEVED 1553545182 TRANSACTION 209 2 87
RECIEVED 1553545182 TRANSACTION 209 2 87
# Listen attempt 1.
# json: cannot unmarshal object into Go struct field Node.Sock of type net.Conn
RECIEVED 1553545182 TRANSACTION 209 2 87
UPDATE 1553545182 TRANSACTION db188e0118adcd1c65c4df4539da18cf
SEND 1553545182 TRANSACTION 209 30838
SEND 1553545182 TRANSACTION 209 34529
RECIEVED 1553545182 TRANSACTION 209 2 88
RECIEVED 1553545182 TRANSACTION 209 2 88
UPDATE 1553545182 TRANSACTION 79366f5b1110b7adb469161235bf388d
SEND 1553545182 TRANSACTION 209 49049
SEND 1553545182 TRANSACTION 209 20236
RECIEVED 1553545182 TRANSACTION 209 2 89
RECIEVED 1553545182 TRANSACTION 209 2 89
UPDATE 1553545182 TRANSACTION bf3cb988a33e7e87b6d381ad84d7ccaf
SEND 1553545182 TRANSACTION 209 18217
SEND 1553545182 TRANSACTION 209 30542
RECIEVED 1553545182 TRANSACTION 209 2 90
RECIEVED 1553545183 TRANSACTION 209 2 90
UPDATE 1553545183 TRANSACTION ffcefe726756d1b2ec34914127a74616
SEND 1553545183 TRANSACTION 209 34041
SEND 1553545183 TRANSACTION 209 21372
RECIEVED 1553545183 TRANSACTION 209 2 91
RECIEVED 1553545183 TRANSACTION 209 2 91
UPDATE 1553545183 TRANSACTION 0b74cb51f630d7c6cda2ce4003505c53
SEND 1553545183 TRANSACTION 209 24016
SEND 1553545183 TRANSACTION 209 42373
RECIEVED 1553545183 TRANSACTION 209 2 92
RECIEVED 1553545183 HB 139 2 92
SEND 1553545183 PING 358 66741
SEND 1553545183 PING 358 26647
RECIEVED 1553545183 TRANSACTION 208 2 92
UPDATE 1553545183 TRANSACTION 3d4e36aa61c7c9a3b1b4688213ca89fe
SEND 1553545183 TRANSACTION 208 31238
SEND 1553545183 TRANSACTION 208 27257
RECIEVED 1553545183 TRANSACTION 208 2 93
RECIEVED 1553545183 TRANSACTION 209 2 93
UPDATE 1553545183 TRANSACTION 5e2166278ad6eb13697fe062b74f6a1b
SEND 1553545183 TRANSACTION 209 40349
SEND 1553545183 TRANSACTION 209 19636
RECIEVED 1553545183 TRANSACTION 209 2 94
UPDATE 1553545183 TRANSACTION 00c9ca3294274b140b72481b2168c75d
SEND 1553545183 TRANSACTION 209 38887
SEND 1553545183 TRANSACTION 209 16621
RECIEVED 1553545183 TRANSACTION 209 2 95
RECIEVED 1553545183 TRANSACTION 209 2 95
UPDATE 1553545183 TRANSACTION e0133a59a14b992cfda2cd7c9aa648ca
SEND 1553545183 TRANSACTION 209 19735
SEND 1553545183 TRANSACTION 209 21853
RECIEVED 1553545183 TRANSACTION 209 2 96
RECIEVED 1553545183 TRANSACTION 209 2 96
# Listen attempt 1.
# json: cannot unmarshal object into Go struct field Node.Sock of type net.Conn
RECIEVED 1553545183 TRANSACTION 207 2 96
UPDATE 1553545183 TRANSACTION 5d1020f7f7e4e1c0fe581da870d3a086
SEND 1553545183 TRANSACTION 207 26954
SEND 1553545183 TRANSACTION 207 31242
RECIEVED 1553545183 TRANSACTION 207 2 97
# Listen attempt 1.
# json: cannot unmarshal object into Go struct field Node.Sock of type net.Conn
RECIEVED 1553545183 TRANSACTION 209 2 97
UPDATE 1553545183 TRANSACTION 7f12bcaa03820307c9feb9a4bb4981a6
SEND 1553545183 TRANSACTION 209 51708
SEND 1553545183 TRANSACTION 209 23649
RECIEVED 1553545183 TRANSACTION 209 2 98
RECIEVED 1553545183 TRANSACTION 209 2 98
UPDATE 1553545183 TRANSACTION f97eb054de8607ca0a9ceb3ad8dd4c60
SEND 1553545183 TRANSACTION 209 52759
SEND 1553545183 TRANSACTION 209 28120
RECIEVED 1553545183 TRANSACTION 209 2 99
RECIEVED 1553545183 TRANSACTION 207 2 99
UPDATE 1553545183 TRANSACTION 658e4e80369924cef1f9f4e1d55e8aa0
SEND 1553545183 TRANSACTION 207 34127
SEND 1553545183 TRANSACTION 207 21786
RECIEVED 1553545183 TRANSACTION 207 2 100
RECIEVED 1553545184 TRANSACTION 207 2 100
UPDATE 1553545184 TRANSACTION 7c03de5eb1a436d1a32ae67e244bea72
SEND 1553545184 TRANSACTION 207 20956
SEND 1553545184 TRANSACTION 207 23941
RECIEVED 1553545184 TRANSACTION 207 2 101
RECIEVED 1553545184 TRANSACTION 209 2 101
UPDATE 1553545184 TRANSACTION fb4efedebd0009147ed8fb01c8578910
SEND 1553545184 TRANSACTION 209 32819
SEND 1553545184 TRANSACTION 209 40794
RECIEVED 1553545184 TRANSACTION 209 2 102
RECIEVED 1553545184 HB 139 2 102
SEND 1553545184 PING 358 58441
SEND 1553545184 PING 358 27141
RECIEVED 1553545184 TRANSACTION 209 2 102
UPDATE 1553545184 TRANSACTION 55b951fdcab6cc3b950b875519f4d47e
SEND 1553545184 TRANSACTION 209 41176
SEND 1553545184 TRANSACTION 209 23038
RECIEVED 1553545184 TRANSACTION 209 2 103
RECIEVED 1553545184 TRANSACTION 209 2 103
RECIEVED 1553545184 TRANSACTION 208 2 103
UPDATE 1553545184 TRANSACTION 1cfce93ebfd8978edc1e211a551b3eab
SEND 1553545184 TRANSACTION 208 24595
SEND 1553545184 TRANSACTION 208 20631
RECIEVED 1553545184 TRANSACTION 208 2 104
RECIEVED 1553545184 TRANSACTION 208 2 104
UPDATE 1553545184 TRANSACTION 4df120a11cfd0718a4c8b04befc6d05f
SEND 1553545184 TRANSACTION 208 35971
SEND 1553545184 TRANSACTION 208 21316
RECIEVED 1553545184 TRANSACTION 208 2 105
# Listen attempt 1.
# json: cannot unmarshal object into Go struct field Node.Sock of type net.Conn
RECIEVED 1553545184 TRANSACTION 209 2 105
UPDATE 1553545184 TRANSACTION 18d99401fd991851f880ac268a66e4c7
SEND 1553545184 TRANSACTION 209 33994
SEND 1553545184 TRANSACTION 209 21665
RECIEVED 1553545184 TRANSACTION 209 2 106
RECIEVED 1553545184 TRANSACTION 208 2 106
UPDATE 1553545184 TRANSACTION 1c7d6f451ad6c9dafecd489cc895b03e
SEND 1553545184 TRANSACTION 208 40803
SEND 1553545184 TRANSACTION 208 37479
RECIEVED 1553545184 TRANSACTION 208 2 107
# Listen attempt 1.
# json: cannot unmarshal object into Go struct field Node.Sock of type net.Conn
RECIEVED 1553545184 TRANSACTION 209 2 107
UPDATE 1553545184 TRANSACTION a4b6a4e5e3fb315e186ae8b0a987a0a8
SEND 1553545184 TRANSACTION 209 27448
SEND 1553545184 TRANSACTION 209 19571
RECIEVED 1553545184 TRANSACTION 209 2 108
UPDATE 1553545184 TRANSACTION 7ee02278f86cd5478fecbfc73b6b61c4
SEND 1553545184 TRANSACTION 209 21938
SEND 1553545184 TRANSACTION 209 19445
RECIEVED 1553545184 TRANSACTION 209 2 109
RECIEVED 1553545184 TRANSACTION 209 2 109
RECIEVED 1553545184 TRANSACTION 209 2 109
UPDATE 1553545184 TRANSACTION 3870910cd2e8ffb3623aeaac9db316aa
SEND 1553545184 TRANSACTION 209 25434
SEND 1553545184 TRANSACTION 209 34689
RECIEVED 1553545184 TRANSACTION 209 2 110
RECIEVED 1553545184 TRANSACTION 209 2 110
UPDATE 1553545184 TRANSACTION 045bc17a5ea1a8eea1b1bf6d8e012d23
SEND 1553545184 TRANSACTION 209 35675
SEND 1553545184 TRANSACTION 209 21249
RECIEVED 1553545184 TRANSACTION 209 2 111
RECIEVED 1553545184 TRANSACTION 209 2 111
UPDATE 1553545184 TRANSACTION 69f06034d6b03a41a27c7a2fcb5154c8
SEND 1553545184 TRANSACTION 209 38200
SEND 1553545184 TRANSACTION 209 30492
RECIEVED 1553545184 TRANSACTION 209 2 112
RECIEVED 1553545184 TRANSACTION 209 2 112
UPDATE 1553545184 TRANSACTION 40fac106e7103532550b9181b6f66e94
SEND 1553545184 TRANSACTION 209 44720
SEND 1553545184 TRANSACTION 209 80016
RECIEVED 1553545184 TRANSACTION 209 2 113
RECIEVED 1553545184 TRANSACTION 210 2 113
UPDATE 1553545184 TRANSACTION fd36986289b8e49978d6357ef90d62de
SEND 1553545184 TRANSACTION 210 26346
SEND 1553545184 TRANSACTION 210 19751
RECIEVED 1553545184 TRANSACTION 210 2 114
RECIEVED 1553545184 TRANSACTION 209 2 114
UPDATE 1553545184 TRANSACTION 49935752cf118c0816383b9fd42efdfa
SEND 1553545184 TRANSACTION 209 24654
SEND 1553545184 TRANSACTION 209 21263
RECIEVED 1553545184 TRANSACTION 209 2 115
UPDATE 1553545184 TRANSACTION dc67c43cac5a3b93f8714a317d628b98
SEND 1553545184 TRANSACTION 209 19078
SEND 1553545184 TRANSACTION 209 20789
RECIEVED 1553545184 TRANSACTION 209 2 116
RECIEVED 1553545184 TRANSACTION 209 2 116
RECIEVED 1553545185 HB 139 2 116
SEND 1553545185 PING 358 58154
SEND 1553545185 PING 358 26679
RECIEVED 1553545185 TRANSACTION 209 2 116
UPDATE 1553545185 TRANSACTION bed1280ab8164c7bdfe054023b712c4b
SEND 1553545185 TRANSACTION 209 27981
SEND 1553545185 TRANSACTION 209 35468
RECIEVED 1553545185 TRANSACTION 209 2 117
RECIEVED 1553545185 TRANSACTION 209 2 117
UPDATE 1553545185 TRANSACTION 52b00fd6b9e74d27b568b9c326902a46
SEND 1553545185 TRANSACTION 209 38044
SEND 1553545185 TRANSACTION 209 33268
RECIEVED 1553545185 TRANSACTION 209 2 118
# Listen attempt 1.
# json: cannot unmarshal object into Go struct field Node.Sock of type net.Conn
RECIEVED 1553545185 TRANSACTION 209 2 118
UPDATE 1553545185 TRANSACTION 39b9c7f476502bd1f6db88a1b5f75234
SEND 1553545185 TRANSACTION 209 31891
SEND 1553545185 TRANSACTION 209 21235
RECIEVED 1553545185 TRANSACTION 209 2 119
# Listen attempt 1.
# json: cannot unmarshal object into Go struct field Node.Sock of type net.Conn
RECIEVED 1553545185 TRANSACTION 209 2 119
UPDATE 1553545185 TRANSACTION 9164833152045f2681ff1f540d015dad
SEND 1553545185 TRANSACTION 209 45739
SEND 1553545185 TRANSACTION 209 18129
RECIEVED 1553545185 TRANSACTION 209 2 120
RECIEVED 1553545186 TRANSACTION 209 2 120
UPDATE 1553545186 TRANSACTION 3e10c78e48260609d098676469d8655a
SEND 1553545186 TRANSACTION 209 24101
SEND 1553545186 TRANSACTION 209 20151
RECIEVED 1553545186 TRANSACTION 209 2 121
RECIEVED 1553545186 TRANSACTION 209 2 121
UPDATE 1553545186 TRANSACTION adcfea58c7a5bec246ed446292e7789d
SEND 1553545186 TRANSACTION 209 49734
SEND 1553545186 TRANSACTION 209 40327
RECIEVED 1553545186 TRANSACTION 209 2 122
RECIEVED 1553545186 HB 139 2 122
SEND 1553545186 PING 358 42569
SEND 1553545186 PING 358 22402
# Listen attempt 1.
# json: cannot unmarshal object into Go struct field Node.Sock of type net.Conn
# Listen attempt 1.
# json: cannot unmarshal object into Go struct field Node.Sock of type net.Conn
# Listen attempt 2.
# json: cannot unmarshal object into Go struct field Node.Sock of type net.Conn
RECIEVED 1553545187 HB 139 2 122
SEND 1553545187 PING 358 228257
SEND 1553545187 PING 358 31625
RECIEVED 1553545187 TRANSACTION 211 2 122
UPDATE 1553545187 TRANSACTION 3da4f707ce426ec2282f5c3513c01701
SEND 1553545187 TRANSACTION 211 24547
SEND 1553545187 TRANSACTION 211 20632
RECIEVED 1553545187 TRANSACTION 209 2 123
UPDATE 1553545187 TRANSACTION 7eef017eb7be1ad6bc062c9549563618
SEND 1553545187 TRANSACTION 209 29577
SEND 1553545187 TRANSACTION 209 19653
RECIEVED 1553545187 TRANSACTION 209 2 124
UPDATE 1553545187 TRANSACTION e561ace0c40c48fbfd175588e9762392
SEND 1553545187 TRANSACTION 209 36431
SEND 1553545187 TRANSACTION 209 23037
RECIEVED 1553545187 TRANSACTION 210 2 125
UPDATE 1553545187 TRANSACTION ee1a2a77c2b1dfd0293a3dc2e98fda34
SEND 1553545187 TRANSACTION 210 14532
SEND 1553545187 TRANSACTION 210 203436
RECIEVED 1553545187 TRANSACTION 211 2 126
RECIEVED 1553545187 TRANSACTION 209 2 126
UPDATE 1553545187 TRANSACTION 1891da92a9319f009d848c65a312f87b
SEND 1553545187 TRANSACTION 209 21116
SEND 1553545187 TRANSACTION 209 30236
RECIEVED 1553545187 TRANSACTION 209 2 127
UPDATE 1553545187 TRANSACTION 45e0d536e4858556a26f28ed89d66467
SEND 1553545187 TRANSACTION 209 26064
SEND 1553545187 TRANSACTION 209 26413
RECIEVED 1553545187 TRANSACTION 209 2 128
RECIEVED 1553545187 TRANSACTION 209 2 128
UPDATE 1553545187 TRANSACTION 61de95b42bd1b6b88098b52661bc5728
SEND 1553545187 TRANSACTION 209 33784
SEND 1553545187 TRANSACTION 209 19362
RECIEVED 1553545187 TRANSACTION 210 2 129
RECIEVED 1553545187 TRANSACTION 209 2 129
RECIEVED 1553545187 TRANSACTION 209 2 129
UPDATE 1553545187 TRANSACTION 502599ae9c058c5089e29d1a5e7373a0
SEND 1553545187 TRANSACTION 209 30825
SEND 1553545187 TRANSACTION 209 20387
RECIEVED 1553545187 TRANSACTION 209 2 130
UPDATE 1553545187 TRANSACTION c85ec8034168cdbd9000f5acecf291ed
SEND 1553545187 TRANSACTION 209 19445
SEND 1553545187 TRANSACTION 209 78806
RECIEVED 1553545187 TRANSACTION 207 2 131
UPDATE 1553545187 TRANSACTION 7fef1df5d6adbc314251229c66103792
SEND 1553545187 TRANSACTION 207 28239
SEND 1553545187 TRANSACTION 207 19817
RECIEVED 1553545187 TRANSACTION 209 2 132
RECIEVED 1553545187 TRANSACTION 209 2 132
UPDATE 1553545187 TRANSACTION 37216934615456793360631dfcd03fb5
SEND 1553545187 TRANSACTION 209 46308
SEND 1553545187 TRANSACTION 209 23817
RECIEVED 1553545187 TRANSACTION 209 2 133
UPDATE 1553545187 TRANSACTION bbd59b343f82ded126e1e90fbed30892
SEND 1553545187 TRANSACTION 209 21702
SEND 1553545187 TRANSACTION 209 18649
RECIEVED 1553545187 TRANSACTION 207 2 134
UPDATE 1553545187 TRANSACTION ba10bb8b1ed6895f0b4bee3b26d9a9ad
SEND 1553545187 TRANSACTION 207 25778
SEND 1553545187 TRANSACTION 207 28221
RECIEVED 1553545187 TRANSACTION 209 2 135
UPDATE 1553545187 TRANSACTION dba59eca3725087d8f1e830036a8b834
SEND 1553545187 TRANSACTION 209 26072
SEND 1553545187 TRANSACTION 209 14640
RECIEVED 1553545187 TRANSACTION 209 2 136
RECIEVED 1553545187 TRANSACTION 209 2 136
RECIEVED 1553545187 TRANSACTION 208 2 136
UPDATE 1553545187 TRANSACTION a7b327a43228aa1b41046ae3e13c2299
SEND 1553545187 TRANSACTION 208 20174
SEND 1553545187 TRANSACTION 208 22604
RECIEVED 1553545187 TRANSACTION 209 2 137
RECIEVED 1553545187 TRANSACTION 209 2 137
RECIEVED 1553545187 TRANSACTION 207 2 137
RECIEVED 1553545187 TRANSACTION 209 2 137
RECIEVED 1553545187 TRANSACTION 209 2 137
RECIEVED 1553545187 TRANSACTION 207 2 137
RECIEVED 1553545187 TRANSACTION 209 2 137
RECIEVED 1553545187 TRANSACTION 208 2 137
RECIEVED 1553545188 TRANSACTION 208 2 137
UPDATE 1553545188 TRANSACTION dcf4fa46b1db4351767c2ee21ebb0b69
SEND 1553545188 TRANSACTION 208 36471
SEND 1553545188 TRANSACTION 208 23831
RECIEVED 1553545188 TRANSACTION 209 2 138
UPDATE 1553545188 TRANSACTION f0b1d34c197045ab8c9a3657ba9aa328
SEND 1553545188 TRANSACTION 209 14726
SEND 1553545188 TRANSACTION 209 14985
RECIEVED 1553545188 TRANSACTION 209 2 139
UPDATE 1553545188 TRANSACTION 618c0179933d03cff755b50cc8b116d4
SEND 1553545188 TRANSACTION 209 28888
SEND 1553545188 TRANSACTION 209 31113
RECIEVED 1553545188 TRANSACTION 208 2 140
RECIEVED 1553545188 TRANSACTION 209 2 140
RECIEVED 1553545188 TRANSACTION 209 2 140
UPDATE 1553545188 TRANSACTION b3cda5b65534cf9b10a1c86a18a27970
SEND 1553545188 TRANSACTION 209 26849
SEND 1553545188 TRANSACTION 209 20568
RECIEVED 1553545188 TRANSACTION 208 2 141
UPDATE 1553545188 TRANSACTION 88550699926f0ed2fa189f302c933c1b
SEND 1553545188 TRANSACTION 208 22653
SEND 1553545188 TRANSACTION 208 18863
RECIEVED 1553545188 TRANSACTION 209 2 142
RECIEVED 1553545188 TRANSACTION 209 2 142
RECIEVED 1553545188 TRANSACTION 208 2 142
# Listen attempt 1.
# json: cannot unmarshal object into Go struct field Node.Sock of type net.Conn
RECIEVED 1553545188 TRANSACTION 210 2 142
UPDATE 1553545188 TRANSACTION cbee2e881643cada70ccaf160523c832
SEND 1553545188 TRANSACTION 210 26863
SEND 1553545188 TRANSACTION 210 25567
RECIEVED 1553545188 TRANSACTION 210 2 143
# Listen attempt 1.
# json: cannot unmarshal object into Go struct field Node.Sock of type net.Conn
# Listen attempt 2.
# json: cannot unmarshal object into Go struct field Node.Sock of type net.Conn
# Listen attempt 3.
# json: cannot unmarshal object into Go struct field Node.Sock of type net.Conn
# Could not recieve message properly
# Listen attempt 1.
# json: cannot unmarshal object into Go struct field Node.Sock of type net.Conn
# Listen attempt 2.
# json: cannot unmarshal object into Go struct field Node.Sock of type net.Conn
RECIEVED 1553545190 TRANSACTION 209 2 143
UPDATE 1553545190 TRANSACTION eb65322ff2c5447b1467acb55e89ba80
# Could not send message to node0
SEND 1553545190 TRANSACTION 209 44143
RECIEVED 1553545190 TRANSACTION 209 1 144
UPDATE 1553545190 TRANSACTION c19bccfeeb5993bc51b923a9cac23590
SEND 1553545190 TRANSACTION 209 25504
RECIEVED 1553545190 TRANSACTION 209 1 145
UPDATE 1553545190 TRANSACTION 151426c360e76232f30f40fe16c2e0b3
SEND 1553545190 TRANSACTION 209 27748
RECIEVED 1553545190 TRANSACTION 208 1 146
UPDATE 1553545190 TRANSACTION 7c1de879b4d02b8a6df847fb6b41fba3
SEND 1553545190 TRANSACTION 208 74734
RECIEVED 1553545190 TRANSACTION 209 1 147
UPDATE 1553545190 TRANSACTION 97aca0f98ae6262312ca82cac763e7d6
SEND 1553545190 TRANSACTION 209 26780
RECIEVED 1553545190 TRANSACTION 208 1 148
UPDATE 1553545190 TRANSACTION 9141d41b2c91f357ded26ba482ce96f0
SEND 1553545190 TRANSACTION 208 18634
RECIEVED 1553545190 TRANSACTION 209 1 149
UPDATE 1553545190 TRANSACTION 06a223e9028d1cf38c43e9e547ee4fe4
SEND 1553545190 TRANSACTION 209 1566501
RECIEVED 1553545190 TRANSACTION 209 1 150
UPDATE 1553545190 TRANSACTION e2cdb5b758fcac4532ea483dcc15cf6a
SEND 1553545190 TRANSACTION 209 30909
RECIEVED 1553545190 TRANSACTION 210 1 151
UPDATE 1553545190 TRANSACTION 83145455d01d14c5e307dc2d30d497f5
SEND 1553545190 TRANSACTION 210 20022
RECIEVED 1553545190 TRANSACTION 209 1 152
UPDATE 1553545190 TRANSACTION 2e6a49b0368004a51cf3cf5639ac650f
SEND 1553545190 TRANSACTION 209 18269
RECIEVED 1553545190 TRANSACTION 209 1 153
UPDATE 1553545190 TRANSACTION 326bae5a5b028272ccad07d07dc8ebd1
SEND 1553545190 TRANSACTION 209 17531
RECIEVED 1553545190 TRANSACTION 209 1 154
UPDATE 1553545190 TRANSACTION b1e4233def99b9245015b4a9a3a34e6b
SEND 1553545190 TRANSACTION 209 27141
RECIEVED 1553545191 HB 139 1 155
SEND 1553545191 PING 259 67350
RECIEVED 1553545191 TRANSACTION 208 1 155
UPDATE 1553545191 TRANSACTION 55d1e1bf20c9ded16ac0d89965f2796a
SEND 1553545191 TRANSACTION 208 24035
RECIEVED 1553545191 TRANSACTION 209 1 156
UPDATE 1553545191 TRANSACTION 1d8ee7f24c411e3c8999469661d93003
SEND 1553545191 TRANSACTION 209 19151
RECIEVED 1553545191 TRANSACTION 209 1 157
UPDATE 1553545191 TRANSACTION f896da97f9ad13cccca39fab12fdc6c9
SEND 1553545191 TRANSACTION 209 30896
RECIEVED 1553545191 TRANSACTION 208 1 158
UPDATE 1553545191 TRANSACTION ee9ddbc078d6d27637f928a5ce6b9b17
SEND 1553545191 TRANSACTION 208 21245
RECIEVED 1553545191 TRANSACTION 209 1 159
UPDATE 1553545191 TRANSACTION aeb35fb3e585390bfc2891d05b5865bd
SEND 1553545191 TRANSACTION 209 39551
# Listen attempt 1.
# json: cannot unmarshal object into Go struct field Node.Sock of type net.Conn
RECIEVED 1553545191 TRANSACTION 209 1 160
UPDATE 1553545191 TRANSACTION 5d17515339bf527ad00a7e8db192f507
SEND 1553545191 TRANSACTION 209 31729
RECIEVED 1553545191 TRANSACTION 208 1 161
UPDATE 1553545191 TRANSACTION 6aa5b1d9525e2a8cd6d2ce0814efad1c
SEND 1553545191 TRANSACTION 208 20729
RECIEVED 1553545191 TRANSACTION 210 1 162
UPDATE 1553545191 TRANSACTION 5ee612132c8f06fadd2244cc75d0e365
SEND 1553545191 TRANSACTION 210 36988
RECIEVED 1553545191 TRANSACTION 211 1 163
UPDATE 1553545191 TRANSACTION 11dd895d0ff4e7b92e417290dcc66156
SEND 1553545191 TRANSACTION 211 26736
RECIEVED 1553545191 TRANSACTION 209 1 164
UPDATE 1553545191 TRANSACTION 6c63479c23e4876ab6a71979baca7d0b
SEND 1553545191 TRANSACTION 209 27152
RECIEVED 1553545191 TRANSACTION 208 1 165
UPDATE 1553545191 TRANSACTION cdc27da20f701e96ba258457ebe6f47c
SEND 1553545191 TRANSACTION 208 33921
RECIEVED 1553545192 TRANSACTION 209 1 166
UPDATE 1553545192 TRANSACTION 112beb7a952b99d03ac4ee9b61d0a998
SEND 1553545192 TRANSACTION 209 28753
RECIEVED 1553545192 TRANSACTION 208 1 167
UPDATE 1553545192 TRANSACTION 0c065a6bf135bb66c8d1bb80e743a3ba
SEND 1553545192 TRANSACTION 208 40885
RECIEVED 1553545192 HB 139 1 168
SEND 1553545192 PING 259 57566
# Listen attempt 1.
# json: cannot unmarshal object into Go struct field Node.Sock of type net.Conn
RECIEVED 1553545192 TRANSACTION 208 1 168
UPDATE 1553545192 TRANSACTION 3acc6f41564549bb4db0acd71af6d996
SEND 1553545192 TRANSACTION 208 25495
RECIEVED 1553545192 TRANSACTION 209 1 169
UPDATE 1553545192 TRANSACTION 7feda72147841b5c07402c1064daec90
SEND 1553545192 TRANSACTION 209 28288
RECIEVED 1553545192 TRANSACTION 209 1 170
UPDATE 1553545192 TRANSACTION f1d748d0596ec4e3ced5e05f29989b1c
SEND 1553545192 TRANSACTION 209 20958
RECIEVED 1553545193 TRANSACTION 208 1 171
UPDATE 1553545193 TRANSACTION ac53f145c9d0e17e4849b29a63c7dc4c
SEND 1553545193 TRANSACTION 208 36982
RECIEVED 1553545193 TRANSACTION 210 1 172
UPDATE 1553545193 TRANSACTION fe9ef311ec7edc188ef2011c223e43f9
SEND 1553545193 TRANSACTION 210 25246
RECIEVED 1553545193 TRANSACTION 209 1 173
UPDATE 1553545193 TRANSACTION 8104f83e85df9cba42316247017a871d
SEND 1553545193 TRANSACTION 209 26964
RECIEVED 1553545193 TRANSACTION 208 1 174
UPDATE 1553545193 TRANSACTION 43e900f056d293132e834eb30deaf8cf
SEND 1553545193 TRANSACTION 208 25249
RECIEVED 1553545193 HB 139 1 175
SEND 1553545193 PING 259 63520
# Listen attempt 1.
# json: cannot unmarshal object into Go struct field Node.Sock of type net.Conn
RECIEVED 1553545193 TRANSACTION 208 1 175
UPDATE 1553545193 TRANSACTION 317c150a2115aaa9b9eb6c631d1f2df7
SEND 1553545193 TRANSACTION 208 33319
RECIEVED 1553545193 TRANSACTION 210 1 176
UPDATE 1553545193 TRANSACTION a498b99c6ea403079bf435b7f60a0154
SEND 1553545193 TRANSACTION 210 26126
RECIEVED 1553545193 TRANSACTION 209 1 177
UPDATE 1553545193 TRANSACTION 946f1ab689ac0e9bfe4247c1b5b052c0
SEND 1553545193 TRANSACTION 209 28165
RECIEVED 1553545193 TRANSACTION 209 1 178
UPDATE 1553545193 TRANSACTION e082ebd697a4163d72eea81c34db9702
SEND 1553545193 TRANSACTION 209 29261
RECIEVED 1553545193 TRANSACTION 209 1 179
UPDATE 1553545193 TRANSACTION 0a6c48d67a4dc09bc6f7c53458ce85c8
SEND 1553545193 TRANSACTION 209 37841
RECIEVED 1553545194 TRANSACTION 208 1 180
UPDATE 1553545194 TRANSACTION d14b4f0b235b1d0972187b9ee8057c80
SEND 1553545194 TRANSACTION 208 32007
RECIEVED 1553545194 HB 139 1 181
SEND 1553545194 PING 259 27931
RECIEVED 1553545194 TRANSACTION 210 1 181
UPDATE 1553545194 TRANSACTION c1b52f07ac385bfc7788ea85f77f49a7
SEND 1553545194 TRANSACTION 210 25391
RECIEVED 1553545194 TRANSACTION 207 1 182
UPDATE 1553545194 TRANSACTION 9176bb78ce757db8836b54fe55c3b54e
SEND 1553545194 TRANSACTION 207 18649
# Listen attempt 1.
# json: cannot unmarshal object into Go struct field Node.Sock of type net.Conn
RECIEVED 1553545194 TRANSACTION 209 1 183
UPDATE 1553545194 TRANSACTION a6cc57eaf502831d3f87bb550b6ff06a
SEND 1553545194 TRANSACTION 209 20106
RECIEVED 1553545195 TRANSACTION 208 1 184
UPDATE 1553545195 TRANSACTION d5519723d211e89df0c04a6b19c50d79
SEND 1553545195 TRANSACTION 208 32052
RECIEVED 1553545195 TRANSACTION 209 1 185
UPDATE 1553545195 TRANSACTION c49f0ba28d3bc720878846465d99fc93
SEND 1553545195 TRANSACTION 209 22129
RECIEVED 1553545195 TRANSACTION 209 1 186
UPDATE 1553545195 TRANSACTION ef492eaa28097c1bf1d692374c26c29d
SEND 1553545195 TRANSACTION 209 48308
RECIEVED 1553545195 TRANSACTION 207 1 187
UPDATE 1553545195 TRANSACTION 885e75784efbefceac127839d361e887
SEND 1553545195 TRANSACTION 207 19703
# Listen attempt 1.
# json: cannot unmarshal object into Go struct field Node.Sock of type net.Conn
# Listen attempt 2.
# json: cannot unmarshal object into Go struct field Node.Sock of type net.Conn
# Listen attempt 3.
# json: cannot unmarshal object into Go struct field Node.Sock of type net.Conn
# Could not recieve message properly
RECIEVED 1553545198 TRANSACTION 208 1 188
UPDATE 1553545198 TRANSACTION 27acdc16e371a3f6618a51c76a360806
# Could not send message to node9
RECIEVED 1553545198 TRANSACTION 209 0 189
UPDATE 1553545198 TRANSACTION 9095c5bbf4a32728676fe1008ecb1c03
RECIEVED 1553545198 TRANSACTION 208 0 190
UPDATE 1553545198 TRANSACTION acdc00ca35bebde07f068938eadb58cc
RECIEVED 1553545198 TRANSACTION 209 0 191
UPDATE 1553545198 TRANSACTION 94cd8a12536c1dc5d5e505176d4b323c
RECIEVED 1553545198 TRANSACTION 209 0 192
UPDATE 1553545198 TRANSACTION 964f3adc5e575fece7150b082a2378cc
RECIEVED 1553545198 TRANSACTION 210 0 193
UPDATE 1553545198 TRANSACTION 302f55205190bb2cc95288a1b5fea55c
RECIEVED 1553545198 TRANSACTION 209 0 194
UPDATE 1553545198 TRANSACTION 9f4d2d8cbe44cf59c2224353d9a51c58
RECIEVED 1553545198 TRANSACTION 209 0 195
UPDATE 1553545198 TRANSACTION 43e1c5baed84d5e02a88048b77f71b9b
RECIEVED 1553545198 TRANSACTION 209 0 196
UPDATE 1553545198 TRANSACTION 743732b02867fdd4f8340fd672669f76
RECIEVED 1553545198 TRANSACTION 209 0 197
UPDATE 1553545198 TRANSACTION ffccecab91783d3936d172d622516d92
RECIEVED 1553545198 TRANSACTION 210 0 198
UPDATE 1553545198 TRANSACTION 537df88b989ac9569bf36fa485d6b8c3
RECIEVED 1553545198 TRANSACTION 209 0 199
UPDATE 1553545198 TRANSACTION b31cbce395c18a06aaf58448b5e539dc
RECIEVED 1553545198 TRANSACTION 209 0 200
UPDATE 1553545198 TRANSACTION 579d1976b184827b3fa0e0869d7962dd
RECIEVED 1553545198 HB 139 0 201
RECIEVED 1553545199 HB 139 0 201
RECIEVED 1553545201 HB 139 0 201
RECIEVED 1553545202 HB 139 0 201
RECIEVED 1553545203 HB 139 0 201
RECIEVED 1553545203 TRANSACTION 209 0 201
UPDATE 1553545203 TRANSACTION f2974e068952bdec75277b0c25d09c48
RECIEVED 1553545204 HB 139 0 202
RECIEVED 1553545205 HB 139 0 202
RECIEVED 1553545208 HB 139 0 202
RECIEVED 1553545211 HB 139 0 202
RECIEVED 1553545212 HB 139 0 202
RECIEVED 1553545213 HB 139 0 202
RECIEVED 1553545214 HB 139 0 202
RECIEVED 1553545217 HB 139 0 202
RECIEVED 1553545218 HB 139 0 202
RECIEVED 1553545219 HB 139 0 202
RECIEVED 1553545219 TRANSACTION 208 0 202
UPDATE 1553545219 TRANSACTION af06e9dc2e42f287b4fdf82018253549
RECIEVED 1553545220 HB 139 0 203
RECIEVED 1553545222 HB 139 0 203
RECIEVED 1553545224 HB 139 0 203
RECIEVED 1553545225 HB 139 0 203
RECIEVED 1553545226 HB 139 0 203
RECIEVED 1553545226 TRANSACTION 209 0 203
UPDATE 1553545226 TRANSACTION 80a9a0ce157f32034d60caf4d5a9ff55
RECIEVED 1553545229 TRANSACTION 209 0 204
UPDATE 1553545229 TRANSACTION e91f363dc38848b7bb152b4b18e20ed9
RECIEVED 1553545230 HB 139 0 205
RECIEVED 1553545232 HB 139 0 205
RECIEVED 1553545233 HB 139 0 205
RECIEVED 1553545234 HB 139 0 205
RECIEVED 1553545236 HB 139 0 205
RECIEVED 1553545236 TRANSACTION 207 0 205
UPDATE 1553545236 TRANSACTION 24c5da719ffaa7d2a94f9d3b9f4ad8d7
RECIEVED 1553545236 HB 139 0 206
RECIEVED 1553545238 HB 139 0 206
RECIEVED 1553545240 HB 139 0 206
RECIEVED 1553545243 HB 139 0 206
RECIEVED 1553545247 HB 139 0 206
RECIEVED 1553545248 HB 139 0 206
RECIEVED 1553545249 HB 139 0 206
RECIEVED 1553545253 TRANSACTION 209 0 206
UPDATE 1553545253 TRANSACTION ec105319363ffeffb09a097ed91acaae
RECIEVED 1553545253 HB 139 0 207
RECIEVED 1553545254 HB 139 0 207
RECIEVED 1553545255 HB 139 0 207
RECIEVED 1553545256 HB 139 0 207
RECIEVED 1553545257 HB 139 0 207
RECIEVED 1553545260 HB 139 0 207
RECIEVED 1553545260 TRANSACTION 209 0 207
UPDATE 1553545260 TRANSACTION 5b073371117b7594ddbcb7c8a5d77a1c
RECIEVED 1553545261 HB 139 0 208
RECIEVED 1553545261 TRANSACTION 208 0 208
UPDATE 1553545261 TRANSACTION f12a6253b8e482d27e2ccb983a6bf90e
RECIEVED 1553545263 HB 139 0 209
RECIEVED 1553545265 HB 139 0 209
RECIEVED 1553545266 HB 139 0 209
RECIEVED 1553545267 TRANSACTION 209 0 209
UPDATE 1553545267 TRANSACTION 06a8dfc86ccd82befab90d52a955590d
RECIEVED 1553545267 HB 139 0 210
RECIEVED 1553545268 HB 139 0 210
RECIEVED 1553545269 HB 139 0 210
RECIEVED 1553545270 HB 139 0 210
RECIEVED 1553545273 HB 139 0 210
RECIEVED 1553545274 HB 139 0 210
RECIEVED 1553545275 HB 139 0 210
RECIEVED 1553545276 HB 139 0 210
RECIEVED 1553545277 HB 139 0 210
RECIEVED 1553545281 HB 139 0 210
RECIEVED 1553545281 TRANSACTION 209 0 210
UPDATE 1553545281 TRANSACTION 8198706607959368ffcfcbed704c4429
RECIEVED 1553545282 HB 139 0 211
RECIEVED 1553545283 HB 139 0 211
RECIEVED 1553545284 HB 139 0 211
RECIEVED 1553545285 HB 139 0 211
RECIEVED 1553545286 HB 139 0 211
RECIEVED 1553545287 HB 139 0 211
RECIEVED 1553545288 HB 139 0 211
RECIEVED 1553545292 HB 139 0 211
RECIEVED 1553545292 TRANSACTION 209 0 211
UPDATE 1553545292 TRANSACTION 9e60e484c810ab2c2c8f6fbbc471b286
RECIEVED 1553545294 HB 139 0 212
RECIEVED 1553545295 HB 139 0 212
RECIEVED 1553545298 HB 139 0 212
RECIEVED 1553545302 HB 139 0 212
RECIEVED 1553545302 TRANSACTION 209 0 212
UPDATE 1553545302 TRANSACTION 6f3c181185a0415de3e4a3d5cf1a12b1
RECIEVED 1553545303 HB 139 0 213
RECIEVED 1553545304 HB 139 0 213
RECIEVED 1553545304 TRANSACTION 209 0 213
UPDATE 1553545304 TRANSACTION 10912342b5c58fd14137d1f9e24ddfa2
RECIEVED 1553545305 HB 139 0 214
RECIEVED 1553545306 HB 139 0 214
RECIEVED 1553545306 TRANSACTION 209 0 214
UPDATE 1553545306 TRANSACTION a0d599f33e50384d0b1438feee5f32cc
RECIEVED 1553545307 HB 139 0 215
RECIEVED 1553545308 HB 139 0 215
RECIEVED 1553545311 HB 139 0 215
RECIEVED 1553545312 HB 139 0 215
RECIEVED 1553545313 HB 139 0 215
RECIEVED 1553545313 TRANSACTION 209 0 215
UPDATE 1553545313 TRANSACTION a7230c07fbfaf45b970a7e4dc0523427
RECIEVED 1553545314 HB 139 0 216
RECIEVED 1553545316 HB 139 0 216
RECIEVED 1553545317 HB 139 0 216
RECIEVED 1553545318 HB 139 0 216
RECIEVED 1553545319 HB 139 0 216
RECIEVED 1553545324 HB 139 0 216
RECIEVED 1553545324 DIE 140 0 216
