RECIEVED 1553545179 INTRODUCE 168 0 0
SEND 1553545179 JOIN 162 45639
RECIEVED 1553545179 TRANSACTION 209 1 0
UPDATE 1553545179 TRANSACTION de0f85abed2e87a8f3839bf692a2e312
SEND 1553545179 TRANSACTION 209 37645
RECIEVED 1553545179 TRANSACTION 209 1 1
UPDATE 1553545179 TRANSACTION 939c5304541ce895dc573bcc388a682f
SEND 1553545179 TRANSACTION 209 25793
RECIEVED 1553545179 TRANSACTION 209 1 2
UPDATE 1553545179 TRANSACTION 1583ac9d665b78888d880462fc1aea87
SEND 1553545179 TRANSACTION 209 29991
RECIEVED 1553545179 TRANSACTION 209 1 3
UPDATE 1553545179 TRANSACTION d16d1d3f1f9878fd98571343fa453a25
SEND 1553545179 TRANSACTION 209 46516
RECIEVED 1553545180 TRANSACTION 209 1 4
UPDATE 1553545180 TRANSACTION b6c49dcc25e58488324ae0317dc267cd
SEND 1553545180 TRANSACTION 209 172664
# Listen attempt 1.
# json: cannot unmarshal object into Go struct field Node.Sock of type net.Conn
RECIEVED 1553545180 TRANSACTION 208 1 5
UPDATE 1553545180 TRANSACTION 61059b7808debd1a91be4abee0b9793c
SEND 1553545180 TRANSACTION 208 34570
RECIEVED 1553545180 TRANSACTION 209 1 6
UPDATE 1553545180 TRANSACTION 662ff76787712552819f1020893eef45
SEND 1553545180 TRANSACTION 209 22174
RECIEVED 1553545180 TRANSACTION 209 1 7
UPDATE 1553545180 TRANSACTION 54f730aac66fc15e283391130a48a0de
SEND 1553545180 TRANSACTION 209 21664
RECIEVED 1553545180 TRANSACTION 209 1 8
UPDATE 1553545180 TRANSACTION fd53c5f08507ca4cc120d9e92ffb747d
SEND 1553545180 TRANSACTION 209 29226
RECIEVED 1553545180 HB 139 1 9
SEND 1553545180 PING 259 72122
RECIEVED 1553545180 TRANSACTION 209 1 9
UPDATE 1553545180 TRANSACTION 43f18b8963c5886889a30b9a0251c390
SEND 1553545180 TRANSACTION 209 22270
RECIEVED 1553545181 TRANSACTION 207 1 10
UPDATE 1553545181 TRANSACTION 74b5529600508060e1d9b2bb9b8c9171
SEND 1553545181 TRANSACTION 207 57896
RECIEVED 1553545181 JOIN 161 1 11
# Make node3 Join
# End node3 Join
RECIEVED 1553545181 TRANSACTION 208 2 11
UPDATE 1553545181 TRANSACTION 791200087b46ba060bf867c2b8229263
SEND 1553545181 TRANSACTION 208 21988
SEND 1553545181 TRANSACTION 208 22922
RECIEVED 1553545181 TRANSACTION 208 2 12
RECIEVED 1553545181 TRANSACTION 206 2 12
UPDATE 1553545181 TRANSACTION a6ad58fa2af098aada3c389146e4ad74
SEND 1553545181 TRANSACTION 206 28367
SEND 1553545181 TRANSACTION 206 22260
RECIEVED 1553545181 TRANSACTION 206 2 13
# Listen attempt 1.
# json: cannot unmarshal object into Go struct field Node.Sock of type net.Conn
RECIEVED 1553545181 TRANSACTION 209 2 13
UPDATE 1553545181 TRANSACTION f14713a547a690a04f334d32fc74cef4
SEND 1553545181 TRANSACTION 209 26327
SEND 1553545181 TRANSACTION 209 17433
RECIEVED 1553545181 TRANSACTION 209 2 14
RECIEVED 1553545181 TRANSACTION 210 2 14
UPDATE 1553545181 TRANSACTION 9382a08076121deddd20b03a00e84618
SEND 1553545181 TRANSACTION 210 29393
SEND 1553545181 TRANSACTION 210 22403
RECIEVED 1553545181 TRANSACTION 210 2 15
RECIEVED 1553545181 HB 139 2 15
SEND 1553545181 PING 359 75847
SEND 1553545181 PING 359 28610
# Listen attempt 1.
# json: cannot unmarshal object into Go struct field Node.Sock of type net.Conn
RECIEVED 1553545182 TRANSACTION 208 2 15
UPDATE 1553545182 TRANSACTION 6420cc5ef59ec63947071474d9a31c14
SEND 1553545182 TRANSACTION 208 29947
SEND 1553545182 TRANSACTION 208 22212
RECIEVED 1553545182 TRANSACTION 208 2 16
UPDATE 1553545182 TRANSACTION 8be1eeff2b6805732a490ad0fb8f49b4
SEND 1553545182 TRANSACTION 208 20756
SEND 1553545182 TRANSACTION 208 19196
RECIEVED 1553545182 TRANSACTION 208 2 17
UPDATE 1553545182 TRANSACTION fb8e53e83188ad3a213746648a55157d
SEND 1553545182 TRANSACTION 208 25847
SEND 1553545182 TRANSACTION 208 21408
RECIEVED 1553545182 TRANSACTION 209 2 18
UPDATE 1553545182 TRANSACTION 2e565b569747a5a3b342e6d36afba2ea
SEND 1553545182 TRANSACTION 209 15364
SEND 1553545182 TRANSACTION 209 19515
RECIEVED 1553545182 TRANSACTION 208 2 19
RECIEVED 1553545182 TRANSACTION 208 2 19
RECIEVED 1553545182 TRANSACTION 208 2 19
RECIEVED 1553545182 TRANSACTION 209 2 19
RECIEVED 1553545182 TRANSACTION 209 2 19
UPDATE 1553545182 TRANSACTION 61c83c4304394dc9b5fd64db50eba31a
SEND 1553545182 TRANSACTION 209 35857
SEND 1553545182 TRANSACTION 209 17158
RECIEVED 1553545182 TRANSACTION 209 2 20
RECIEVED 1553545182 TRANSACTION 209 2 20
UPDATE 1553545182 TRANSACTION 8b934fbce5efed5692b71e28610d5c2e
SEND 1553545182 TRANSACTION 209 31373
SEND 1553545182 TRANSACTION 209 30848
RECIEVED 1553545182 TRANSACTION 209 2 21
RECIEVED 1553545182 TRANSACTION 209 2 21
RECIEVED 1553545182 TRANSACTION 209 2 21
UPDATE 1553545182 TRANSACTION 47936132db94d8710c4b53e93f601a82
SEND 1553545182 TRANSACTION 209 28657
SEND 1553545182 TRANSACTION 209 17631
RECIEVED 1553545182 TRANSACTION 209 2 22
RECIEVED 1553545182 TRANSACTION 208 2 22
UPDATE 1553545182 TRANSACTION 2ae883fd074db2513705c547f08e9526
SEND 1553545182 TRANSACTION 208 34752
SEND 1553545182 TRANSACTION 208 23315
RECIEVED 1553545182 TRANSACTION 208 2 23
# Listen attempt 1.
# json: cannot unmarshal object into Go struct field Node.Sock of type net.Conn
RECIEVED 1553545182 TRANSACTION 209 2 23
UPDATE 1553545182 TRANSACTION dd4683fcb4a42c90888ef2d40013f4c4
SEND 1553545182 TRANSACTION 209 33135
SEND 1553545182 TRANSACTION 209 18187
RECIEVED 1553545182 TRANSACTION 209 2 24
RECIEVED 1553545182 TRANSACTION 210 2 24
UPDATE 1553545182 TRANSACTION da4c2cf808a35cfff0df8a6f332345d1
SEND 1553545182 TRANSACTION 210 34187
SEND 1553545182 TRANSACTION 210 24132
RECIEVED 1553545182 TRANSACTION 210 2 25
RECIEVED 1553545182 TRANSACTION 209 2 25
UPDATE 1553545182 TRANSACTION 357f603ceec2db8b7b1618862ad2f399
SEND 1553545182 TRANSACTION 209 20053
SEND 1553545182 TRANSACTION 209 22531
RECIEVED 1553545182 TRANSACTION 209 2 26
UPDATE 1553545182 TRANSACTION 35fb1d36de19f6de3602da5750e1b59f
SEND 1553545182 TRANSACTION 209 20977
SEND 1553545182 TRANSACTION 209 15797
RECIEVED 1553545182 TRANSACTION 209 2 27
RECIEVED 1553545182 TRANSACTION 209 2 27
RECIEVED 1553545182 HB 139 2 27
SEND 1553545182 PING 359 71988
SEND 1553545182 PING 359 28102
RECIEVED 1553545182 TRANSACTION 209 2 27
UPDATE 1553545182 TRANSACTION db188e0118adcd1c65c4df4539da18cf
SEND 1553545182 TRANSACTION 209 36145
SEND 1553545182 TRANSACTION 209 25630
RECIEVED 1553545182 TRANSACTION 209 2 28
RECIEVED 1553545182 TRANSACTION 209 2 28
UPDATE 1553545182 TRANSACTION 79366f5b1110b7adb469161235bf388d
SEND 1553545182 TRANSACTION 209 29371
SEND 1553545182 TRANSACTION 209 23653
RECIEVED 1553545182 TRANSACTION 209 2 29
RECIEVED 1553545182 TRANSACTION 209 2 29
UPDATE 1553545182 TRANSACTION bf3cb988a33e7e87b6d381ad84d7ccaf
SEND 1553545182 TRANSACTION 209 36570
SEND 1553545182 TRANSACTION 209 21552
RECIEVED 1553545182 TRANSACTION 209 2 30
RECIEVED 1553545183 TRANSACTION 209 2 30
UPDATE 1553545183 TRANSACTION ffcefe726756d1b2ec34914127a74616
SEND 1553545183 TRANSACTION 209 33565
SEND 1553545183 TRANSACTION 209 17883
RECIEVED 1553545183 TRANSACTION 209 2 31
RECIEVED 1553545183 TRANSACTION 209 2 31
UPDATE 1553545183 TRANSACTION 0b74cb51f630d7c6cda2ce4003505c53
SEND 1553545183 TRANSACTION 209 24968
SEND 1553545183 TRANSACTION 209 21103
RECIEVED 1553545183 TRANSACTION 209 2 32
# Listen attempt 1.
# json: cannot unmarshal object into Go struct field Node.Sock of type net.Conn
# Listen attempt 1.
# json: cannot unmarshal object into Go struct field Node.Sock of type net.Conn
RECIEVED 1553545183 TRANSACTION 208 2 32
UPDATE 1553545183 TRANSACTION 3d4e36aa61c7c9a3b1b4688213ca89fe
SEND 1553545183 TRANSACTION 208 40716
SEND 1553545183 TRANSACTION 208 18700
RECIEVED 1553545183 TRANSACTION 209 2 33
UPDATE 1553545183 TRANSACTION 5e2166278ad6eb13697fe062b74f6a1b
SEND 1553545183 TRANSACTION 209 33500
SEND 1553545183 TRANSACTION 209 21353
RECIEVED 1553545183 TRANSACTION 209 2 34
UPDATE 1553545183 TRANSACTION 00c9ca3294274b140b72481b2168c75d
SEND 1553545183 TRANSACTION 209 25581
SEND 1553545183 TRANSACTION 209 22786
RECIEVED 1553545183 TRANSACTION 209 2 35
UPDATE 1553545183 TRANSACTION e0133a59a14b992cfda2cd7c9aa648ca
SEND 1553545183 TRANSACTION 209 21108
SEND 1553545183 TRANSACTION 209 29449
RECIEVED 1553545183 TRANSACTION 208 2 36
RECIEVED 1553545183 TRANSACTION 209 2 36
RECIEVED 1553545183 TRANSACTION 209 2 36
RECIEVED 1553545183 TRANSACTION 209 2 36
RECIEVED 1553545183 TRANSACTION 207 2 36
UPDATE 1553545183 TRANSACTION 5d1020f7f7e4e1c0fe581da870d3a086
SEND 1553545183 TRANSACTION 207 22490
SEND 1553545183 TRANSACTION 207 25104
RECIEVED 1553545183 TRANSACTION 207 2 37
RECIEVED 1553545183 HB 139 2 37
SEND 1553545183 PING 359 44139
SEND 1553545183 PING 359 21117
RECIEVED 1553545183 TRANSACTION 209 2 37
UPDATE 1553545183 TRANSACTION 7f12bcaa03820307c9feb9a4bb4981a6
SEND 1553545183 TRANSACTION 209 34455
SEND 1553545183 TRANSACTION 209 22596
RECIEVED 1553545183 TRANSACTION 209 2 38
RECIEVED 1553545183 TRANSACTION 209 2 38
RECIEVED 1553545183 TRANSACTION 209 2 38
UPDATE 1553545183 TRANSACTION f97eb054de8607ca0a9ceb3ad8dd4c60
SEND 1553545183 TRANSACTION 209 21018
SEND 1553545183 TRANSACTION 209 23471
RECIEVED 1553545183 TRANSACTION 209 2 39
RECIEVED 1553545183 TRANSACTION 207 2 39
UPDATE 1553545183 TRANSACTION 658e4e80369924cef1f9f4e1d55e8aa0
SEND 1553545183 TRANSACTION 207 28091
SEND 1553545183 TRANSACTION 207 23277
RECIEVED 1553545183 TRANSACTION 207 2 40
RECIEVED 1553545184 TRANSACTION 207 2 40
UPDATE 1553545184 TRANSACTION 7c03de5eb1a436d1a32ae67e244bea72
SEND 1553545184 TRANSACTION 207 21816
SEND 1553545184 TRANSACTION 207 30666
RECIEVED 1553545184 TRANSACTION 207 2 41
RECIEVED 1553545184 TRANSACTION 209 2 41
UPDATE 1553545184 TRANSACTION fb4efedebd0009147ed8fb01c8578910
SEND 1553545184 TRANSACTION 209 29947
SEND 1553545184 TRANSACTION 209 22628
RECIEVED 1553545184 TRANSACTION 209 2 42
# Listen attempt 1.
# json: cannot unmarshal object into Go struct field Node.Sock of type net.Conn
# Listen attempt 1.
# json: cannot unmarshal object into Go struct field Node.Sock of type net.Conn
RECIEVED 1553545184 TRANSACTION 209 2 42
UPDATE 1553545184 TRANSACTION 55b951fdcab6cc3b950b875519f4d47e
SEND 1553545184 TRANSACTION 209 33757
SEND 1553545184 TRANSACTION 209 17932
RECIEVED 1553545184 TRANSACTION 209 2 43
RECIEVED 1553545184 TRANSACTION 208 2 43
UPDATE 1553545184 TRANSACTION 1cfce93ebfd8978edc1e211a551b3eab
SEND 1553545184 TRANSACTION 208 29234
SEND 1553545184 TRANSACTION 208 23493
RECIEVED 1553545184 TRANSACTION 208 2 44
RECIEVED 1553545184 TRANSACTION 208 2 44
UPDATE 1553545184 TRANSACTION 4df120a11cfd0718a4c8b04befc6d05f
SEND 1553545184 TRANSACTION 208 38435
SEND 1553545184 TRANSACTION 208 21419
RECIEVED 1553545184 TRANSACTION 208 2 45
RECIEVED 1553545184 TRANSACTION 208 2 45
RECIEVED 1553545184 TRANSACTION 209 2 45
UPDATE 1553545184 TRANSACTION 18d99401fd991851f880ac268a66e4c7
SEND 1553545184 TRANSACTION 209 29489
SEND 1553545184 TRANSACTION 209 21924
RECIEVED 1553545184 TRANSACTION 209 2 46
RECIEVED 1553545184 TRANSACTION 208 2 46
UPDATE 1553545184 TRANSACTION 1c7d6f451ad6c9dafecd489cc895b03e
SEND 1553545184 TRANSACTION 208 29307
SEND 1553545184 TRANSACTION 208 21424
RECIEVED 1553545184 TRANSACTION 208 2 47
RECIEVED 1553545184 HB 139 2 47
SEND 1553545184 PING 359 37844
SEND 1553545184 PING 359 24665
RECIEVED 1553545184 TRANSACTION 209 2 47
UPDATE 1553545184 TRANSACTION a4b6a4e5e3fb315e186ae8b0a987a0a8
SEND 1553545184 TRANSACTION 209 34169
SEND 1553545184 TRANSACTION 209 21772
RECIEVED 1553545184 TRANSACTION 209 2 48
UPDATE 1553545184 TRANSACTION 7ee02278f86cd5478fecbfc73b6b61c4
SEND 1553545184 TRANSACTION 209 21180
SEND 1553545184 TRANSACTION 209 20439
RECIEVED 1553545184 TRANSACTION 209 2 49
RECIEVED 1553545184 TRANSACTION 209 2 49
UPDATE 1553545184 TRANSACTION 3870910cd2e8ffb3623aeaac9db316aa
SEND 1553545184 TRANSACTION 209 20677
SEND 1553545184 TRANSACTION 209 33633
RECIEVED 1553545184 TRANSACTION 209 2 50
RECIEVED 1553545184 TRANSACTION 209 2 50
RECIEVED 1553545184 TRANSACTION 209 2 50
UPDATE 1553545184 TRANSACTION 045bc17a5ea1a8eea1b1bf6d8e012d23
SEND 1553545184 TRANSACTION 209 28295
SEND 1553545184 TRANSACTION 209 27701
RECIEVED 1553545184 TRANSACTION 209 2 51
RECIEVED 1553545184 TRANSACTION 209 2 51
UPDATE 1553545184 TRANSACTION 69f06034d6b03a41a27c7a2fcb5154c8
SEND 1553545184 TRANSACTION 209 29113
SEND 1553545184 TRANSACTION 209 21687
RECIEVED 1553545184 TRANSACTION 209 2 52
RECIEVED 1553545184 TRANSACTION 209 2 52
UPDATE 1553545184 TRANSACTION 40fac106e7103532550b9181b6f66e94
SEND 1553545184 TRANSACTION 209 24509
SEND 1553545184 TRANSACTION 209 22044
RECIEVED 1553545184 TRANSACTION 209 2 53
RECIEVED 1553545184 TRANSACTION 210 2 53
UPDATE 1553545184 TRANSACTION fd36986289b8e49978d6357ef90d62de
SEND 1553545184 TRANSACTION 210 28391
SEND 1553545184 TRANSACTION 210 21975
RECIEVED 1553545184 TRANSACTION 210 2 54
RECIEVED 1553545184 TRANSACTION 209 2 54
UPDATE 1553545184 TRANSACTION 49935752cf118c0816383b9fd42efdfa
SEND 1553545184 TRANSACTION 209 27323
SEND 1553545184 TRANSACTION 209 20469
RECIEVED 1553545184 TRANSACTION 209 2 55
UPDATE 1553545184 TRANSACTION dc67c43cac5a3b93f8714a317d628b98
SEND 1553545184 TRANSACTION 209 22973
SEND 1553545184 TRANSACTION 209 20309
RECIEVED 1553545184 TRANSACTION 209 2 56
RECIEVED 1553545184 TRANSACTION 209 2 56
# Listen attempt 1.
# json: cannot unmarshal object into Go struct field Node.Sock of type net.Conn
# Listen attempt 1.
# json: cannot unmarshal object into Go struct field Node.Sock of type net.Conn
RECIEVED 1553545185 TRANSACTION 209 2 56
UPDATE 1553545185 TRANSACTION bed1280ab8164c7bdfe054023b712c4b
SEND 1553545185 TRANSACTION 209 91931
SEND 1553545185 TRANSACTION 209 20865
RECIEVED 1553545185 TRANSACTION 209 2 57
RECIEVED 1553545185 TRANSACTION 209 2 57
UPDATE 1553545185 TRANSACTION 52b00fd6b9e74d27b568b9c326902a46
SEND 1553545185 TRANSACTION 209 31061
SEND 1553545185 TRANSACTION 209 38428
RECIEVED 1553545185 TRANSACTION 209 2 58
RECIEVED 1553545185 TRANSACTION 209 2 58
UPDATE 1553545185 TRANSACTION 39b9c7f476502bd1f6db88a1b5f75234
SEND 1553545185 TRANSACTION 209 22801
SEND 1553545185 TRANSACTION 209 21104
RECIEVED 1553545185 TRANSACTION 209 2 59
RECIEVED 1553545185 HB 139 2 59
SEND 1553545185 PING 359 66866
SEND 1553545185 PING 359 28451
RECIEVED 1553545185 TRANSACTION 209 2 59
UPDATE 1553545185 TRANSACTION 9164833152045f2681ff1f540d015dad
SEND 1553545185 TRANSACTION 209 27716
SEND 1553545185 TRANSACTION 209 17254
RECIEVED 1553545185 TRANSACTION 209 2 60
RECIEVED 1553545186 TRANSACTION 209 2 60
UPDATE 1553545186 TRANSACTION 3e10c78e48260609d098676469d8655a
SEND 1553545186 TRANSACTION 209 28647
SEND 1553545186 TRANSACTION 209 22520
RECIEVED 1553545186 TRANSACTION 209 2 61
RECIEVED 1553545186 TRANSACTION 209 2 61
UPDATE 1553545186 TRANSACTION adcfea58c7a5bec246ed446292e7789d
SEND 1553545186 TRANSACTION 209 48256
SEND 1553545186 TRANSACTION 209 13690
RECIEVED 1553545186 TRANSACTION 209 2 62
# Listen attempt 1.
# json: cannot unmarshal object into Go struct field Node.Sock of type net.Conn
# Listen attempt 1.
# json: cannot unmarshal object into Go struct field Node.Sock of type net.Conn
RECIEVED 1553545186 HB 139 2 62
SEND 1553545186 PING 359 75610
SEND 1553545186 PING 359 27799
# Listen attempt 1.
# json: cannot unmarshal object into Go struct field Node.Sock of type net.Conn
RECIEVED 1553545187 TRANSACTION 209 2 62
UPDATE 1553545187 TRANSACTION 7eef017eb7be1ad6bc062c9549563618
SEND 1553545187 TRANSACTION 209 37399
SEND 1553545187 TRANSACTION 209 21539
RECIEVED 1553545187 HB 139 2 63
SEND 1553545187 PING 359 48604
SEND 1553545187 PING 359 27185
# Listen attempt 1.
# json: cannot unmarshal object into Go struct field Node.Sock of type net.Conn
RECIEVED 1553545187 TRANSACTION 211 2 63
UPDATE 1553545187 TRANSACTION 3da4f707ce426ec2282f5c3513c01701
SEND 1553545187 TRANSACTION 211 25295
SEND 1553545187 TRANSACTION 211 27228
RECIEVED 1553545187 TRANSACTION 209 2 64
RECIEVED 1553545187 TRANSACTION 209 2 64
UPDATE 1553545187 TRANSACTION e561ace0c40c48fbfd175588e9762392
SEND 1553545187 TRANSACTION 209 30567
SEND 1553545187 TRANSACTION 209 26980
RECIEVED 1553545187 TRANSACTION 211 2 65
RECIEVED 1553545187 TRANSACTION 210 2 65
UPDATE 1553545187 TRANSACTION ee1a2a77c2b1dfd0293a3dc2e98fda34
SEND 1553545187 TRANSACTION 210 34126
SEND 1553545187 TRANSACTION 210 21359
RECIEVED 1553545187 TRANSACTION 209 2 66
UPDATE 1553545187 TRANSACTION 1891da92a9319f009d848c65a312f87b
SEND 1553545187 TRANSACTION 209 35837
SEND 1553545187 TRANSACTION 209 31913
RECIEVED 1553545187 TRANSACTION 209 2 67
RECIEVED 1553545187 TRANSACTION 210 2 67
RECIEVED 1553545187 TRANSACTION 209 2 67
UPDATE 1553545187 TRANSACTION 45e0d536e4858556a26f28ed89d66467
SEND 1553545187 TRANSACTION 209 26767
SEND 1553545187 TRANSACTION 209 20842
RECIEVED 1553545187 TRANSACTION 209 2 68
RECIEVED 1553545187 TRANSACTION 209 2 68
UPDATE 1553545187 TRANSACTION 61de95b42bd1b6b88098b52661bc5728
SEND 1553545187 TRANSACTION 209 24818
SEND 1553545187 TRANSACTION 209 29860
RECIEVED 1553545187 TRANSACTION 209 2 69
UPDATE 1553545187 TRANSACTION 502599ae9c058c5089e29d1a5e7373a0
SEND 1553545187 TRANSACTION 209 16157
SEND 1553545187 TRANSACTION 209 10625
RECIEVED 1553545187 TRANSACTION 209 2 70
RECIEVED 1553545187 TRANSACTION 209 2 70
UPDATE 1553545187 TRANSACTION c85ec8034168cdbd9000f5acecf291ed
SEND 1553545187 TRANSACTION 209 38203
SEND 1553545187 TRANSACTION 209 29582
RECIEVED 1553545187 TRANSACTION 209 2 71
RECIEVED 1553545187 TRANSACTION 209 2 71
RECIEVED 1553545187 TRANSACTION 207 2 71
UPDATE 1553545187 TRANSACTION 7fef1df5d6adbc314251229c66103792
SEND 1553545187 TRANSACTION 207 29781
SEND 1553545187 TRANSACTION 207 20631
RECIEVED 1553545187 TRANSACTION 209 2 72
RECIEVED 1553545187 TRANSACTION 209 2 72
UPDATE 1553545187 TRANSACTION 37216934615456793360631dfcd03fb5
SEND 1553545187 TRANSACTION 209 33650
SEND 1553545187 TRANSACTION 209 20583
RECIEVED 1553545187 TRANSACTION 209 2 73
UPDATE 1553545187 TRANSACTION bbd59b343f82ded126e1e90fbed30892
SEND 1553545187 TRANSACTION 209 19838
SEND 1553545187 TRANSACTION 209 19121
RECIEVED 1553545187 TRANSACTION 207 2 74
RECIEVED 1553545187 TRANSACTION 207 2 74
UPDATE 1553545187 TRANSACTION ba10bb8b1ed6895f0b4bee3b26d9a9ad
SEND 1553545187 TRANSACTION 207 27432
SEND 1553545187 TRANSACTION 207 19399
RECIEVED 1553545187 TRANSACTION 209 2 75
RECIEVED 1553545187 TRANSACTION 209 2 75
RECIEVED 1553545187 TRANSACTION 209 2 75
UPDATE 1553545187 TRANSACTION dba59eca3725087d8f1e830036a8b834
SEND 1553545187 TRANSACTION 209 21259
SEND 1553545187 TRANSACTION 209 23340
RECIEVED 1553545187 TRANSACTION 207 2 76
RECIEVED 1553545187 TRANSACTION 208 2 76
UPDATE 1553545187 TRANSACTION a7b327a43228aa1b41046ae3e13c2299
SEND 1553545187 TRANSACTION 208 32841
SEND 1553545187 TRANSACTION 208 16042
RECIEVED 1553545187 TRANSACTION 209 2 77
RECIEVED 1553545187 TRANSACTION 208 2 77
RECIEVED 1553545188 TRANSACTION 208 2 77
UPDATE 1553545188 TRANSACTION dcf4fa46b1db4351767c2ee21ebb0b69
SEND 1553545188 TRANSACTION 208 30336
SEND 1553545188 TRANSACTION 208 18370
RECIEVED 1553545188 TRANSACTION 209 2 78
UPDATE 1553545188 TRANSACTION f0b1d34c197045ab8c9a3657ba9aa328
SEND 1553545188 TRANSACTION 209 11276
SEND 1553545188 TRANSACTION 209 6175
RECIEVED 1553545188 TRANSACTION 209 2 79
UPDATE 1553545188 TRANSACTION 618c0179933d03cff755b50cc8b116d4
SEND 1553545188 TRANSACTION 209 34764
SEND 1553545188 TRANSACTION 209 31552
RECIEVED 1553545188 TRANSACTION 208 2 80
RECIEVED 1553545188 TRANSACTION 209 2 80
RECIEVED 1553545188 TRANSACTION 209 2 80
UPDATE 1553545188 TRANSACTION b3cda5b65534cf9b10a1c86a18a27970
SEND 1553545188 TRANSACTION 209 23376
SEND 1553545188 TRANSACTION 209 19105
RECIEVED 1553545188 TRANSACTION 208 2 81
UPDATE 1553545188 TRANSACTION 88550699926f0ed2fa189f302c933c1b
SEND 1553545188 TRANSACTION 208 29383
SEND 1553545188 TRANSACTION 208 11260
RECIEVED 1553545188 TRANSACTION 209 2 82
RECIEVED 1553545188 TRANSACTION 209 2 82
RECIEVED 1553545188 TRANSACTION 208 2 82
RECIEVED 1553545188 TRANSACTION 210 2 82
UPDATE 1553545188 TRANSACTION cbee2e881643cada70ccaf160523c832
SEND 1553545188 TRANSACTION 210 35532
SEND 1553545188 TRANSACTION 210 23023
RECIEVED 1553545188 TRANSACTION 210 2 83
# Listen attempt 1.
# json: cannot unmarshal object into Go struct field Node.Sock of type net.Conn
RECIEVED 1553545188 HB 139 2 83
SEND 1553545188 PING 359 73524
SEND 1553545188 PING 359 26813
# Listen attempt 1.
# json: cannot unmarshal object into Go struct field Node.Sock of type net.Conn
RECIEVED 1553545189 HB 139 2 83
SEND 1553545189 PING 359 73048
SEND 1553545189 PING 359 32652
# Listen attempt 1.
# json: cannot unmarshal object into Go struct field Node.Sock of type net.Conn
RECIEVED 1553545190 HB 139 2 83
SEND 1553545190 PING 359 78717
SEND 1553545190 PING 359 28715
# Listen attempt 1.
# EOF
# Listen attempt 2.
# EOF
# Listen attempt 3.
# EOF
# Could not recieve message properly
# Listen attempt 1.
# json: cannot unmarshal object into Go struct field Node.Sock of type net.Conn
RECIEVED 1553545191 HB 139 2 83
SEND 1553545191 PING 359 69235
# Removing node3:172.22.158.207:8003 from members
RECIEVED 1553545192 HB 139 1 83
SEND 1553545192 PING 259 71389
RECIEVED 1553545193 HB 139 1 83
SEND 1553545193 PING 259 68317
RECIEVED 1553545194 HB 139 1 83
SEND 1553545194 PING 259 67023
# Listen attempt 1.
# json: cannot unmarshal object into Go struct field Node.Sock of type net.Conn
# Listen attempt 2.
# EOF
# Listen attempt 3.
# EOF
# Could not recieve message properly
RECIEVED 1553545195 HB 139 1 83
# Removing node3:172.22.158.205:8003 from members
RECIEVED 1553545196 HB 139 0 83
RECIEVED 1553545197 HB 139 0 83
RECIEVED 1553545198 HB 139 0 83
RECIEVED 1553545199 HB 139 0 83
RECIEVED 1553545200 HB 139 0 83
RECIEVED 1553545202 HB 139 0 83
RECIEVED 1553545203 HB 139 0 83
RECIEVED 1553545204 HB 139 0 83
RECIEVED 1553545205 HB 139 0 83
RECIEVED 1553545206 HB 139 0 83
RECIEVED 1553545207 HB 139 0 83
RECIEVED 1553545209 HB 139 0 83
RECIEVED 1553545210 HB 139 0 83
RECIEVED 1553545211 HB 139 0 83
RECIEVED 1553545212 HB 139 0 83
RECIEVED 1553545213 HB 139 0 83
RECIEVED 1553545214 HB 139 0 83
RECIEVED 1553545215 HB 139 0 83
RECIEVED 1553545216 HB 139 0 83
RECIEVED 1553545217 HB 139 0 83
RECIEVED 1553545218 HB 139 0 83
RECIEVED 1553545219 HB 139 0 83
RECIEVED 1553545220 HB 139 0 83
RECIEVED 1553545221 HB 139 0 83
RECIEVED 1553545222 HB 139 0 83
RECIEVED 1553545223 HB 139 0 83
RECIEVED 1553545225 HB 139 0 83
RECIEVED 1553545226 HB 139 0 83
RECIEVED 1553545227 TRANSACTION 208 0 83
UPDATE 1553545227 TRANSACTION 31423bf821720e2cab766caad00753a6
RECIEVED 1553545227 HB 139 0 84
RECIEVED 1553545227 TRANSACTION 209 0 84
UPDATE 1553545227 TRANSACTION d8ba405e8daff5b6c354e294587ac268
RECIEVED 1553545228 HB 139 0 85
RECIEVED 1553545229 HB 139 0 85
RECIEVED 1553545230 HB 139 0 85
RECIEVED 1553545231 HB 139 0 85
RECIEVED 1553545232 HB 139 0 85
RECIEVED 1553545233 HB 139 0 85
RECIEVED 1553545234 HB 139 0 85
RECIEVED 1553545235 HB 139 0 85
RECIEVED 1553545236 HB 139 0 85
RECIEVED 1553545237 HB 139 0 85
RECIEVED 1553545238 HB 139 0 85
RECIEVED 1553545239 HB 139 0 85
RECIEVED 1553545240 HB 139 0 85
RECIEVED 1553545241 HB 139 0 85
RECIEVED 1553545242 HB 139 0 85
RECIEVED 1553545243 HB 139 0 85
RECIEVED 1553545244 HB 139 0 85
RECIEVED 1553545244 TRANSACTION 208 0 85
UPDATE 1553545244 TRANSACTION 6e976ce21625fa1e66d678de7fb407da
RECIEVED 1553545245 HB 139 0 86
RECIEVED 1553545246 HB 139 0 86
RECIEVED 1553545247 HB 139 0 86
RECIEVED 1553545249 HB 139 0 86
RECIEVED 1553545250 HB 139 0 86
RECIEVED 1553545250 TRANSACTION 208 0 86
UPDATE 1553545250 TRANSACTION 6fd3e609f64f88cbad9917d307f3e3e6
RECIEVED 1553545251 HB 139 0 87
RECIEVED 1553545252 HB 139 0 87
RECIEVED 1553545253 HB 139 0 87
RECIEVED 1553545254 HB 139 0 87
RECIEVED 1553545255 HB 139 0 87
RECIEVED 1553545256 HB 139 0 87
RECIEVED 1553545257 HB 139 0 87
RECIEVED 1553545258 HB 139 0 87
RECIEVED 1553545259 HB 139 0 87
RECIEVED 1553545260 HB 139 0 87
RECIEVED 1553545262 HB 139 0 87
RECIEVED 1553545263 HB 139 0 87
RECIEVED 1553545264 HB 139 0 87
RECIEVED 1553545265 HB 139 0 87
RECIEVED 1553545266 HB 139 0 87
RECIEVED 1553545267 HB 139 0 87
RECIEVED 1553545268 HB 139 0 87
RECIEVED 1553545269 HB 139 0 87
RECIEVED 1553545270 HB 139 0 87
RECIEVED 1553545271 HB 139 0 87
RECIEVED 1553545272 HB 139 0 87
RECIEVED 1553545273 HB 139 0 87
RECIEVED 1553545274 HB 139 0 87
RECIEVED 1553545275 HB 139 0 87
RECIEVED 1553545276 HB 139 0 87
RECIEVED 1553545277 HB 139 0 87
RECIEVED 1553545278 HB 139 0 87
RECIEVED 1553545279 HB 139 0 87
RECIEVED 1553545280 TRANSACTION 209 0 87
UPDATE 1553545280 TRANSACTION 0c090ed78b668aa90db997baf5114d70
RECIEVED 1553545280 HB 139 0 88
RECIEVED 1553545281 HB 139 0 88
RECIEVED 1553545282 HB 139 0 88
RECIEVED 1553545283 HB 139 0 88
RECIEVED 1553545284 HB 139 0 88
RECIEVED 1553545285 TRANSACTION 207 0 88
UPDATE 1553545285 TRANSACTION 454539bf98bc19f6e81f54d0aa5849b3
RECIEVED 1553545285 HB 139 0 89
RECIEVED 1553545286 HB 139 0 89
RECIEVED 1553545287 HB 139 0 89
RECIEVED 1553545288 TRANSACTION 210 0 89
UPDATE 1553545288 TRANSACTION 33179a4dac86796187610874e19dc293
RECIEVED 1553545288 HB 139 0 90
RECIEVED 1553545289 HB 139 0 90
RECIEVED 1553545290 TRANSACTION 209 0 90
UPDATE 1553545290 TRANSACTION c1df13074b7bd066ec2ae1bc850994e7
RECIEVED 1553545290 HB 139 0 91
RECIEVED 1553545291 HB 139 0 91
RECIEVED 1553545292 HB 139 0 91
RECIEVED 1553545293 HB 139 0 91
RECIEVED 1553545294 HB 139 0 91
RECIEVED 1553545295 HB 139 0 91
RECIEVED 1553545296 HB 139 0 91
RECIEVED 1553545297 HB 139 0 91
RECIEVED 1553545298 HB 139 0 91
RECIEVED 1553545299 HB 139 0 91
RECIEVED 1553545300 HB 139 0 91
RECIEVED 1553545301 HB 139 0 91
RECIEVED 1553545302 HB 139 0 91
RECIEVED 1553545303 HB 139 0 91
RECIEVED 1553545304 HB 139 0 91
RECIEVED 1553545305 HB 139 0 91
RECIEVED 1553545306 HB 139 0 91
RECIEVED 1553545307 HB 139 0 91
RECIEVED 1553545308 HB 139 0 91
RECIEVED 1553545310 HB 139 0 91
RECIEVED 1553545311 HB 139 0 91
RECIEVED 1553545311 TRANSACTION 209 0 91
UPDATE 1553545311 TRANSACTION 11c6ac7c4d5488d418ea4e15f239b958
RECIEVED 1553545312 HB 139 0 92
RECIEVED 1553545313 HB 139 0 92
RECIEVED 1553545314 HB 139 0 92
RECIEVED 1553545315 HB 139 0 92
RECIEVED 1553545316 HB 139 0 92
RECIEVED 1553545317 HB 139 0 92
RECIEVED 1553545318 HB 139 0 92
RECIEVED 1553545319 HB 139 0 92
RECIEVED 1553545320 HB 139 0 92
RECIEVED 1553545321 HB 139 0 92
RECIEVED 1553545322 HB 139 0 92
RECIEVED 1553545323 HB 139 0 92
RECIEVED 1553545324 HB 139 0 92
RECIEVED 1553545324 DIE 140 0 92
