RECIEVED 1553545175 INTRODUCE 168 0 0
SEND 1553545175 JOIN 163 38999
RECIEVED 1553545175 TRANSACTION 209 1 0
UPDATE 1553545175 TRANSACTION 4755de6f6d0445eb6ff747f10f045967
SEND 1553545175 TRANSACTION 209 20019
RECIEVED 1553545175 TRANSACTION 210 1 1
UPDATE 1553545175 TRANSACTION 1ab45e802217c5c27d24aa171747d0a3
SEND 1553545175 TRANSACTION 210 19504
RECIEVED 1553545176 TRANSACTION 209 1 2
UPDATE 1553545176 TRANSACTION cffeda3c4e2337643dc89bb8ef5c637c
SEND 1553545176 TRANSACTION 209 25138
# Listen attempt 1.
# json: cannot unmarshal object into Go struct field Node.Sock of type net.Conn
RECIEVED 1553545176 TRANSACTION 209 1 3
UPDATE 1553545176 TRANSACTION 7605fdc9ec5a8e88ecad382e8bf9c090
SEND 1553545176 TRANSACTION 209 23776
RECIEVED 1553545176 TRANSACTION 209 1 4
UPDATE 1553545176 TRANSACTION 5b4ad998e47e356d32001b297554b373
SEND 1553545176 TRANSACTION 209 17390
RECIEVED 1553545176 TRANSACTION 209 1 5
UPDATE 1553545176 TRANSACTION 3ad4ac5f512e5bc516a0d9e42ccd37c4
SEND 1553545176 TRANSACTION 209 16722
RECIEVED 1553545176 TRANSACTION 210 1 6
UPDATE 1553545176 TRANSACTION b9d25012d1690bf87f17f18dba9f1063
SEND 1553545176 TRANSACTION 210 27295
RECIEVED 1553545176 HB 139 1 7
SEND 1553545176 PING 260 51226
RECIEVED 1553545176 TRANSACTION 209 1 7
UPDATE 1553545176 TRANSACTION af0e881640f424b522f42cb2a4d35f17
SEND 1553545176 TRANSACTION 209 18515
RECIEVED 1553545176 JOIN 160 1 8
# Make node1 Join
# End node1 Join
RECIEVED 1553545176 TRANSACTION 210 2 8
UPDATE 1553545176 TRANSACTION a944815593598035e37722cc6aa1e528
SEND 1553545176 TRANSACTION 210 20440
SEND 1553545176 TRANSACTION 210 147892
RECIEVED 1553545176 TRANSACTION 210 2 9
RECIEVED 1553545176 TRANSACTION 208 2 9
UPDATE 1553545176 TRANSACTION 2ce1954ca2c6885316710b319ef38625
SEND 1553545176 TRANSACTION 208 18371
SEND 1553545176 TRANSACTION 208 25262
RECIEVED 1553545176 TRANSACTION 209 2 10
UPDATE 1553545176 TRANSACTION 0aff1ea6f0e4ee86b89d2f34399d3a20
SEND 1553545176 TRANSACTION 209 14031
SEND 1553545176 TRANSACTION 209 19891
RECIEVED 1553545176 TRANSACTION 208 2 11
RECIEVED 1553545176 TRANSACTION 209 2 11
# Listen attempt 1.
# json: cannot unmarshal object into Go struct field Node.Sock of type net.Conn
RECIEVED 1553545177 TRANSACTION 208 2 11
UPDATE 1553545177 TRANSACTION 09ea2b52817456a4dca9634da1a26471
SEND 1553545177 TRANSACTION 208 19325
SEND 1553545177 TRANSACTION 208 24479
RECIEVED 1553545177 TRANSACTION 209 2 12
UPDATE 1553545177 TRANSACTION fc99ecc31b98273b531f93612637f251
SEND 1553545177 TRANSACTION 209 32230
SEND 1553545177 TRANSACTION 209 14072
RECIEVED 1553545177 TRANSACTION 209 2 13
UPDATE 1553545177 TRANSACTION ca93a6a792f12ea8e31be7cd60c9ec0d
SEND 1553545177 TRANSACTION 209 20228
SEND 1553545177 TRANSACTION 209 23401
RECIEVED 1553545177 TRANSACTION 210 2 14
UPDATE 1553545177 TRANSACTION ccc136f0640c4008d52137f72af3fffb
SEND 1553545177 TRANSACTION 210 14940
SEND 1553545177 TRANSACTION 210 28618
RECIEVED 1553545177 TRANSACTION 209 2 15
UPDATE 1553545177 TRANSACTION 093d02396a6be442e5508a9f88b619e8
SEND 1553545177 TRANSACTION 209 13980
SEND 1553545177 TRANSACTION 209 22224
RECIEVED 1553545177 TRANSACTION 208 2 16
UPDATE 1553545177 TRANSACTION 59c05eef896f8fbac3ad894a20bf2dcc
SEND 1553545177 TRANSACTION 208 31617
SEND 1553545177 TRANSACTION 208 11388
RECIEVED 1553545177 TRANSACTION 208 2 17
RECIEVED 1553545177 TRANSACTION 209 2 17
RECIEVED 1553545177 TRANSACTION 209 2 17
RECIEVED 1553545177 TRANSACTION 210 2 17
RECIEVED 1553545177 TRANSACTION 209 2 17
RECIEVED 1553545177 TRANSACTION 208 2 17
RECIEVED 1553545177 TRANSACTION 209 2 17
UPDATE 1553545177 TRANSACTION 61dd5e9fd7fb1d006559186e0c13b290
SEND 1553545177 TRANSACTION 209 17801
SEND 1553545177 TRANSACTION 209 17295
RECIEVED 1553545177 TRANSACTION 209 2 18
RECIEVED 1553545177 TRANSACTION 209 2 18
UPDATE 1553545177 TRANSACTION 98ea9cdba93e8706160c1ead216f3c30
SEND 1553545177 TRANSACTION 209 16459
SEND 1553545177 TRANSACTION 209 33778
RECIEVED 1553545177 TRANSACTION 209 2 19
RECIEVED 1553545177 TRANSACTION 209 2 19
UPDATE 1553545177 TRANSACTION 7829ce8dbd43c1b918d5ac5f41c069bf
SEND 1553545177 TRANSACTION 209 30015
SEND 1553545177 TRANSACTION 209 31370
RECIEVED 1553545177 TRANSACTION 209 2 20
RECIEVED 1553545177 TRANSACTION 209 2 20
UPDATE 1553545177 TRANSACTION dab91ea0dbae15a8af3586a3fbe3fd14
SEND 1553545177 TRANSACTION 209 15123
SEND 1553545177 TRANSACTION 209 19306
RECIEVED 1553545177 TRANSACTION 208 2 21
UPDATE 1553545177 TRANSACTION 7f6b761dc1476cbc9bbcb046a3a88081
SEND 1553545177 TRANSACTION 208 15110
SEND 1553545177 TRANSACTION 208 18484
RECIEVED 1553545177 TRANSACTION 209 2 22
RECIEVED 1553545177 TRANSACTION 208 2 22
RECIEVED 1553545177 TRANSACTION 208 2 22
# Listen attempt 1.
# json: cannot unmarshal object into Go struct field Node.Sock of type net.Conn
RECIEVED 1553545177 TRANSACTION 209 2 22
UPDATE 1553545177 TRANSACTION b005ee7e89820e46fdc706df672f6b93
SEND 1553545177 TRANSACTION 209 19865
SEND 1553545177 TRANSACTION 209 13314
RECIEVED 1553545177 TRANSACTION 209 2 23
UPDATE 1553545177 TRANSACTION dc3a38b30596c15e5201f5c4c9a507b2
SEND 1553545177 TRANSACTION 209 9532
SEND 1553545177 TRANSACTION 209 14536
RECIEVED 1553545177 TRANSACTION 209 2 24
UPDATE 1553545177 TRANSACTION 276bc42532a915135721f95e7f59fb2f
SEND 1553545177 TRANSACTION 209 15930
SEND 1553545177 TRANSACTION 209 15616
RECIEVED 1553545178 HB 139 2 25
SEND 1553545178 PING 359 54888
SEND 1553545178 PING 359 37103
RECIEVED 1553545178 TRANSACTION 209 2 25
RECIEVED 1553545178 TRANSACTION 209 2 25
RECIEVED 1553545178 TRANSACTION 209 2 25
RECIEVED 1553545178 TRANSACTION 209 2 25
UPDATE 1553545178 TRANSACTION aa80ee579b0c4cc1bf7f6ab106efc51a
SEND 1553545178 TRANSACTION 209 23795
SEND 1553545178 TRANSACTION 209 19523
RECIEVED 1553545178 TRANSACTION 209 2 26
UPDATE 1553545178 TRANSACTION f1855ae0cb0a51bf7fa36c21e8d333aa
SEND 1553545178 TRANSACTION 209 31161
SEND 1553545178 TRANSACTION 209 24583
RECIEVED 1553545178 TRANSACTION 209 2 27
RECIEVED 1553545178 TRANSACTION 209 2 27
RECIEVED 1553545178 TRANSACTION 208 2 27
UPDATE 1553545178 TRANSACTION 0ecadeb8e8d25a40f5c320a5380f714e
SEND 1553545178 TRANSACTION 208 14924
SEND 1553545178 TRANSACTION 208 26044
RECIEVED 1553545178 TRANSACTION 209 2 28
UPDATE 1553545178 TRANSACTION ead0c1b5e6cc8e7e70cff94c567f8f5c
SEND 1553545178 TRANSACTION 209 23406
SEND 1553545178 TRANSACTION 209 29105
RECIEVED 1553545178 TRANSACTION 210 2 29
UPDATE 1553545178 TRANSACTION 29139ad94b664f01c477a950476d74e5
SEND 1553545178 TRANSACTION 210 10384
SEND 1553545178 TRANSACTION 210 19268
RECIEVED 1553545178 TRANSACTION 208 2 30
RECIEVED 1553545178 TRANSACTION 209 2 30
UPDATE 1553545178 TRANSACTION bc997b4fb99c587058f1025ac7c48626
SEND 1553545178 TRANSACTION 209 14806
SEND 1553545178 TRANSACTION 209 30655
# Listen attempt 1.
# json: cannot unmarshal object into Go struct field Node.Sock of type net.Conn
RECIEVED 1553545178 TRANSACTION 209 2 31
RECIEVED 1553545178 TRANSACTION 208 2 31
UPDATE 1553545178 TRANSACTION 007cfa5ed0c88397417d6a842235cfad
SEND 1553545178 TRANSACTION 208 23323
SEND 1553545178 TRANSACTION 208 19180
RECIEVED 1553545178 TRANSACTION 210 2 32
RECIEVED 1553545178 TRANSACTION 209 2 32
RECIEVED 1553545178 TRANSACTION 208 2 32
RECIEVED 1553545178 TRANSACTION 209 2 32
UPDATE 1553545178 TRANSACTION 5509269934206b25503c4c0ca4ce947e
SEND 1553545178 TRANSACTION 209 15478
SEND 1553545178 TRANSACTION 209 69501
RECIEVED 1553545178 TRANSACTION 209 2 33
# Listen attempt 1.
# json: cannot unmarshal object into Go struct field Node.Sock of type net.Conn
RECIEVED 1553545178 TRANSACTION 209 2 33
UPDATE 1553545178 TRANSACTION c3986ee974e352b41ca41fe20649288c
SEND 1553545178 TRANSACTION 209 37886
SEND 1553545178 TRANSACTION 209 23562
RECIEVED 1553545178 TRANSACTION 209 2 34
RECIEVED 1553545179 TRANSACTION 208 2 34
UPDATE 1553545179 TRANSACTION c161b6968d9f7116e6c05ee564968143
SEND 1553545179 TRANSACTION 208 36892
SEND 1553545179 TRANSACTION 208 43446
RECIEVED 1553545179 TRANSACTION 209 2 35
UPDATE 1553545179 TRANSACTION 8a16e0032bd57938df86b0a117892e1d
SEND 1553545179 TRANSACTION 209 16120
SEND 1553545179 TRANSACTION 209 21209
RECIEVED 1553545179 TRANSACTION 209 2 36
UPDATE 1553545179 TRANSACTION 04503f5583bf4b710815c1550a2ee900
SEND 1553545179 TRANSACTION 209 24710
SEND 1553545179 TRANSACTION 209 24422
RECIEVED 1553545179 TRANSACTION 208 2 37
RECIEVED 1553545179 TRANSACTION 209 2 37
RECIEVED 1553545179 TRANSACTION 208 2 37
UPDATE 1553545179 TRANSACTION 65ba1cddf5ed7eab1b7588b44c4e85f4
SEND 1553545179 TRANSACTION 208 20069
SEND 1553545179 TRANSACTION 208 24256
RECIEVED 1553545179 TRANSACTION 209 2 38
UPDATE 1553545179 TRANSACTION 1bd083cddb75c6f448943710a91cf33a
SEND 1553545179 TRANSACTION 209 12470
SEND 1553545179 TRANSACTION 209 19294
RECIEVED 1553545179 TRANSACTION 209 2 39
UPDATE 1553545179 TRANSACTION 66d6375dd8ee835984f9e0b6f8386324
SEND 1553545179 TRANSACTION 209 23283
SEND 1553545179 TRANSACTION 209 27404
RECIEVED 1553545179 TRANSACTION 209 2 40
RECIEVED 1553545179 TRANSACTION 208 2 40
# Listen attempt 1.
# json: cannot unmarshal object into Go struct field Node.Sock of type net.Conn
RECIEVED 1553545179 TRANSACTION 209 2 40
UPDATE 1553545179 TRANSACTION ab1ddc04371af38ec4bd90762a9269a2
SEND 1553545179 TRANSACTION 209 178623
SEND 1553545179 TRANSACTION 209 19697
RECIEVED 1553545179 TRANSACTION 209 2 41
RECIEVED 1553545179 TRANSACTION 209 2 41
RECIEVED 1553545179 TRANSACTION 209 2 41
RECIEVED 1553545179 TRANSACTION 208 2 41
UPDATE 1553545179 TRANSACTION 2b52068153291b66afdccd744794e646
SEND 1553545179 TRANSACTION 208 17641
SEND 1553545179 TRANSACTION 208 40090
RECIEVED 1553545179 TRANSACTION 208 2 42
RECIEVED 1553545179 HB 139 2 42
SEND 1553545179 PING 359 55101
SEND 1553545179 PING 359 45144
RECIEVED 1553545179 TRANSACTION 209 2 42
UPDATE 1553545179 TRANSACTION 1497b30597504e411f93a6d59df70c06
SEND 1553545179 TRANSACTION 209 17930
SEND 1553545179 TRANSACTION 209 29142
RECIEVED 1553545179 TRANSACTION 209 2 43
RECIEVED 1553545179 TRANSACTION 209 2 43
UPDATE 1553545179 TRANSACTION b9226c4490005fd5464d00c2b00facff
SEND 1553545179 TRANSACTION 209 25531
SEND 1553545179 TRANSACTION 209 25177
RECIEVED 1553545179 TRANSACTION 209 2 44
RECIEVED 1553545179 TRANSACTION 207 2 44
UPDATE 1553545179 TRANSACTION 27380da38c404e572b329d7aa30e9f4e
SEND 1553545179 TRANSACTION 207 26810
SEND 1553545179 TRANSACTION 207 35772
RECIEVED 1553545179 TRANSACTION 207 2 45
RECIEVED 1553545179 TRANSACTION 209 2 45
UPDATE 1553545179 TRANSACTION 83586ed460bb1eb3165c631bd0df6fec
SEND 1553545179 TRANSACTION 209 25344
SEND 1553545179 TRANSACTION 209 29615
RECIEVED 1553545179 TRANSACTION 209 2 46
# Listen attempt 1.
# json: cannot unmarshal object into Go struct field Node.Sock of type net.Conn
RECIEVED 1553545179 TRANSACTION 209 2 46
UPDATE 1553545179 TRANSACTION de0f85abed2e87a8f3839bf692a2e312
SEND 1553545179 TRANSACTION 209 34599
SEND 1553545179 TRANSACTION 209 23396
RECIEVED 1553545179 TRANSACTION 209 2 47
RECIEVED 1553545179 TRANSACTION 209 2 47
UPDATE 1553545179 TRANSACTION 1583ac9d665b78888d880462fc1aea87
SEND 1553545179 TRANSACTION 209 30524
SEND 1553545179 TRANSACTION 209 41107
RECIEVED 1553545179 TRANSACTION 209 2 48
RECIEVED 1553545179 TRANSACTION 209 2 48
UPDATE 1553545179 TRANSACTION d16d1d3f1f9878fd98571343fa453a25
SEND 1553545179 TRANSACTION 209 26803
SEND 1553545179 TRANSACTION 209 24080
RECIEVED 1553545179 TRANSACTION 209 2 49
RECIEVED 1553545180 TRANSACTION 209 2 49
UPDATE 1553545180 TRANSACTION b7f6afa900a7497c574ce73110b1ec3d
SEND 1553545180 TRANSACTION 209 37691
SEND 1553545180 TRANSACTION 209 26659
RECIEVED 1553545180 TRANSACTION 209 2 50
RECIEVED 1553545180 TRANSACTION 209 2 50
UPDATE 1553545180 TRANSACTION 0f3338d57593c7c44743b40b315a1962
SEND 1553545180 TRANSACTION 209 15749
SEND 1553545180 TRANSACTION 209 41182
RECIEVED 1553545180 TRANSACTION 209 2 51
RECIEVED 1553545180 TRANSACTION 210 2 51
UPDATE 1553545180 TRANSACTION 9abb7d44d3222399f215904a0dc32f43
SEND 1553545180 TRANSACTION 210 31930
SEND 1553545180 TRANSACTION 210 18449
RECIEVED 1553545180 TRANSACTION 210 2 52
# Listen attempt 1.
# json: cannot unmarshal object into Go struct field Node.Sock of type net.Conn
RECIEVED 1553545180 HB 139 2 52
SEND 1553545180 PING 359 518400
SEND 1553545180 PING 359 41703
RECIEVED 1553545180 TRANSACTION 209 2 52
UPDATE 1553545180 TRANSACTION 662ff76787712552819f1020893eef45
SEND 1553545180 TRANSACTION 209 23182
SEND 1553545180 TRANSACTION 209 21717
RECIEVED 1553545180 TRANSACTION 209 2 53
RECIEVED 1553545180 TRANSACTION 209 2 53
UPDATE 1553545180 TRANSACTION 54f730aac66fc15e283391130a48a0de
SEND 1553545180 TRANSACTION 209 17941
SEND 1553545180 TRANSACTION 209 28061
RECIEVED 1553545180 TRANSACTION 209 2 54
RECIEVED 1553545180 TRANSACTION 209 2 54
UPDATE 1553545180 TRANSACTION fd53c5f08507ca4cc120d9e92ffb747d
SEND 1553545180 TRANSACTION 209 17188
SEND 1553545180 TRANSACTION 209 25861
RECIEVED 1553545180 TRANSACTION 209 2 55
# Listen attempt 1.
# json: cannot unmarshal object into Go struct field Node.Sock of type net.Conn
RECIEVED 1553545181 TRANSACTION 207 2 55
UPDATE 1553545181 TRANSACTION 74b5529600508060e1d9b2bb9b8c9171
SEND 1553545181 TRANSACTION 207 30231
SEND 1553545181 TRANSACTION 207 24598
RECIEVED 1553545181 TRANSACTION 207 2 56
RECIEVED 1553545181 JOIN 161 2 56
# Make node0 Join
# End node0 Join
RECIEVED 1553545181 TRANSACTION 209 3 56
UPDATE 1553545181 TRANSACTION bd67a0ba08a6260122f5386bea26bbd4
SEND 1553545181 TRANSACTION 209 33593
SEND 1553545181 TRANSACTION 209 46536
SEND 1553545181 TRANSACTION 209 22946
RECIEVED 1553545181 TRANSACTION 209 3 57
RECIEVED 1553545181 TRANSACTION 209 3 57
RECIEVED 1553545181 TRANSACTION 208 3 57
UPDATE 1553545181 TRANSACTION 791200087b46ba060bf867c2b8229263
SEND 1553545181 TRANSACTION 208 27096
SEND 1553545181 TRANSACTION 208 19051
SEND 1553545181 TRANSACTION 208 17280
RECIEVED 1553545181 TRANSACTION 208 3 58
RECIEVED 1553545181 TRANSACTION 208 3 58
# Listen attempt 1.
# json: cannot unmarshal object into Go struct field Node.Sock of type net.Conn
RECIEVED 1553545181 TRANSACTION 209 3 58
UPDATE 1553545181 TRANSACTION f14713a547a690a04f334d32fc74cef4
SEND 1553545181 TRANSACTION 209 17760
SEND 1553545181 TRANSACTION 209 16311
SEND 1553545181 TRANSACTION 209 20962
RECIEVED 1553545181 TRANSACTION 209 3 59
RECIEVED 1553545181 TRANSACTION 209 3 59
RECIEVED 1553545181 HB 139 3 59
SEND 1553545181 PING 459 68620
SEND 1553545181 PING 459 54238
SEND 1553545181 PING 459 30707
RECIEVED 1553545181 TRANSACTION 210 3 59
UPDATE 1553545181 TRANSACTION 9382a08076121deddd20b03a00e84618
SEND 1553545181 TRANSACTION 210 33946
SEND 1553545181 TRANSACTION 210 22213
SEND 1553545181 TRANSACTION 210 17742
RECIEVED 1553545181 TRANSACTION 210 3 60
RECIEVED 1553545181 TRANSACTION 210 3 60
# Listen attempt 1.
# json: cannot unmarshal object into Go struct field Node.Sock of type net.Conn
RECIEVED 1553545181 TRANSACTION 208 3 60
UPDATE 1553545181 TRANSACTION 8be1eeff2b6805732a490ad0fb8f49b4
SEND 1553545181 TRANSACTION 208 33053
SEND 1553545181 TRANSACTION 208 17082
SEND 1553545181 TRANSACTION 208 18501
RECIEVED 1553545181 TRANSACTION 208 3 61
RECIEVED 1553545181 TRANSACTION 208 3 61
# Listen attempt 1.
# json: cannot unmarshal object into Go struct field Node.Sock of type net.Conn
RECIEVED 1553545182 TRANSACTION 209 3 61
UPDATE 1553545182 TRANSACTION 2e565b569747a5a3b342e6d36afba2ea
SEND 1553545182 TRANSACTION 209 58559
SEND 1553545182 TRANSACTION 209 23368
SEND 1553545182 TRANSACTION 209 15694
RECIEVED 1553545182 TRANSACTION 209 3 62
RECIEVED 1553545182 TRANSACTION 209 3 62
RECIEVED 1553545182 TRANSACTION 208 3 62
UPDATE 1553545182 TRANSACTION 6420cc5ef59ec63947071474d9a31c14
SEND 1553545182 TRANSACTION 208 24524
SEND 1553545182 TRANSACTION 208 25728
SEND 1553545182 TRANSACTION 208 21213
RECIEVED 1553545182 TRANSACTION 208 3 63
RECIEVED 1553545182 TRANSACTION 208 3 63
RECIEVED 1553545182 TRANSACTION 209 3 63
UPDATE 1553545182 TRANSACTION 9497dc2867801e4dff95d160db818435
SEND 1553545182 TRANSACTION 209 26008
SEND 1553545182 TRANSACTION 209 15101
SEND 1553545182 TRANSACTION 209 20660
RECIEVED 1553545182 TRANSACTION 209 3 64
RECIEVED 1553545182 TRANSACTION 209 3 64
RECIEVED 1553545182 TRANSACTION 209 3 64
UPDATE 1553545182 TRANSACTION 61c83c4304394dc9b5fd64db50eba31a
SEND 1553545182 TRANSACTION 209 15005
SEND 1553545182 TRANSACTION 209 31700
SEND 1553545182 TRANSACTION 209 22551
RECIEVED 1553545182 TRANSACTION 209 3 65
RECIEVED 1553545182 TRANSACTION 209 3 65
RECIEVED 1553545182 TRANSACTION 209 3 65
UPDATE 1553545182 TRANSACTION 47936132db94d8710c4b53e93f601a82
SEND 1553545182 TRANSACTION 209 20458
SEND 1553545182 TRANSACTION 209 23871
SEND 1553545182 TRANSACTION 209 26205
RECIEVED 1553545182 TRANSACTION 209 3 66
RECIEVED 1553545182 TRANSACTION 209 3 66
RECIEVED 1553545182 TRANSACTION 208 3 66
UPDATE 1553545182 TRANSACTION 2ae883fd074db2513705c547f08e9526
SEND 1553545182 TRANSACTION 208 24095
SEND 1553545182 TRANSACTION 208 25255
SEND 1553545182 TRANSACTION 208 23416
RECIEVED 1553545182 TRANSACTION 208 3 67
RECIEVED 1553545182 TRANSACTION 208 3 67
RECIEVED 1553545182 TRANSACTION 209 3 67
UPDATE 1553545182 TRANSACTION 38146c109039395c99e18300bb5a9b45
SEND 1553545182 TRANSACTION 209 17584
SEND 1553545182 TRANSACTION 209 23711
SEND 1553545182 TRANSACTION 209 20384
RECIEVED 1553545182 TRANSACTION 209 3 68
RECIEVED 1553545182 TRANSACTION 209 3 68
RECIEVED 1553545182 HB 139 3 68
SEND 1553545182 PING 459 40012
SEND 1553545182 PING 459 34200
SEND 1553545182 PING 459 28496
# Listen attempt 1.
# json: cannot unmarshal object into Go struct field Node.Sock of type net.Conn
RECIEVED 1553545182 TRANSACTION 209 3 68
UPDATE 1553545182 TRANSACTION a4b6a4e5e3fb315e186ae8b0a987a0a8
SEND 1553545182 TRANSACTION 209 37672
SEND 1553545182 TRANSACTION 209 19987
SEND 1553545182 TRANSACTION 209 26882
RECIEVED 1553545182 TRANSACTION 209 3 69
# Listen attempt 1.
# json: cannot unmarshal object into Go struct field Node.Sock of type net.Conn
RECIEVED 1553545183 TRANSACTION 209 3 69
UPDATE 1553545183 TRANSACTION 045bc17a5ea1a8eea1b1bf6d8e012d23
SEND 1553545183 TRANSACTION 209 32955
SEND 1553545183 TRANSACTION 209 29779
SEND 1553545183 TRANSACTION 209 27465
RECIEVED 1553545183 TRANSACTION 209 3 70
RECIEVED 1553545183 TRANSACTION 210 3 70
UPDATE 1553545183 TRANSACTION 8811990fd66b6c103db40d7cc46b78c2
SEND 1553545183 TRANSACTION 210 26634
SEND 1553545183 TRANSACTION 210 19517
SEND 1553545183 TRANSACTION 210 37393
RECIEVED 1553545183 TRANSACTION 210 3 71
RECIEVED 1553545183 HB 139 3 71
SEND 1553545183 PING 459 34196
SEND 1553545183 PING 459 31905
SEND 1553545183 PING 459 30762
# Listen attempt 1.
# json: cannot unmarshal object into Go struct field Node.Sock of type net.Conn
# Listen attempt 1.
# json: cannot unmarshal object into Go struct field Node.Sock of type net.Conn
# Listen attempt 2.
# json: cannot unmarshal object into Go struct field Node.Sock of type net.Conn
# Listen attempt 1.
# json: cannot unmarshal object into Go struct field Node.Sock of type net.Conn
# Listen attempt 2.
# json: cannot unmarshal object into Go struct field Node.Sock of type net.Conn
# Listen attempt 3.
# json: cannot unmarshal object into Go struct field Node.Sock of type net.Conn
# Could not recieve message properly
# Listen attempt 3.
# json: cannot unmarshal object into Go struct field Node.Sock of type net.Conn
# Could not recieve message properly
RECIEVED 1553545186 TRANSACTION 209 3 71
UPDATE 1553545186 TRANSACTION dd4683fcb4a42c90888ef2d40013f4c4
SEND 1553545186 TRANSACTION 209 32282
# Could not send message to node1
# Could not send message to node0
RECIEVED 1553545186 TRANSACTION 209 1 72
UPDATE 1553545186 TRANSACTION 37216934615456793360631dfcd03fb5
SEND 1553545186 TRANSACTION 209 13619
RECIEVED 1553545187 HB 139 1 73
SEND 1553545187 PING 260 36479
RECIEVED 1553545187 TRANSACTION 209 1 73
RECIEVED 1553545187 TRANSACTION 209 1 73
UPDATE 1553545187 TRANSACTION 7ee02278f86cd5478fecbfc73b6b61c4
SEND 1553545187 TRANSACTION 209 13650
RECIEVED 1553545187 TRANSACTION 209 1 74
UPDATE 1553545187 TRANSACTION 3870910cd2e8ffb3623aeaac9db316aa
SEND 1553545187 TRANSACTION 209 24743
RECIEVED 1553545187 TRANSACTION 210 1 75
UPDATE 1553545187 TRANSACTION da4c2cf808a35cfff0df8a6f332345d1
SEND 1553545187 TRANSACTION 210 11363
RECIEVED 1553545187 TRANSACTION 209 1 76
RECIEVED 1553545187 TRANSACTION 209 1 76
UPDATE 1553545187 TRANSACTION 357f603ceec2db8b7b1618862ad2f399
SEND 1553545187 TRANSACTION 209 22691
RECIEVED 1553545187 TRANSACTION 210 1 77
RECIEVED 1553545187 TRANSACTION 209 1 77
UPDATE 1553545187 TRANSACTION db188e0118adcd1c65c4df4539da18cf
SEND 1553545187 TRANSACTION 209 22339
RECIEVED 1553545187 TRANSACTION 209 1 78
UPDATE 1553545187 TRANSACTION 79366f5b1110b7adb469161235bf388d
SEND 1553545187 TRANSACTION 209 17159
RECIEVED 1553545187 TRANSACTION 209 1 79
UPDATE 1553545187 TRANSACTION bf3cb988a33e7e87b6d381ad84d7ccaf
SEND 1553545187 TRANSACTION 209 10421
RECIEVED 1553545187 TRANSACTION 209 1 80
UPDATE 1553545187 TRANSACTION ffcefe726756d1b2ec34914127a74616
SEND 1553545187 TRANSACTION 209 17436
RECIEVED 1553545187 TRANSACTION 209 1 81
UPDATE 1553545187 TRANSACTION 0b74cb51f630d7c6cda2ce4003505c53
SEND 1553545187 TRANSACTION 209 11607
RECIEVED 1553545187 TRANSACTION 209 1 82
UPDATE 1553545187 TRANSACTION 3e70cf34d918a3b83f9c4b0aece01552
SEND 1553545187 TRANSACTION 209 23707
RECIEVED 1553545187 TRANSACTION 208 1 83
UPDATE 1553545187 TRANSACTION 3d4e36aa61c7c9a3b1b4688213ca89fe
SEND 1553545187 TRANSACTION 208 10902
RECIEVED 1553545187 TRANSACTION 209 1 84
UPDATE 1553545187 TRANSACTION 5e2166278ad6eb13697fe062b74f6a1b
SEND 1553545187 TRANSACTION 209 23672
RECIEVED 1553545187 TRANSACTION 209 1 85
UPDATE 1553545187 TRANSACTION 00c9ca3294274b140b72481b2168c75d
SEND 1553545187 TRANSACTION 209 11415
RECIEVED 1553545187 TRANSACTION 209 1 86
UPDATE 1553545187 TRANSACTION e0133a59a14b992cfda2cd7c9aa648ca
SEND 1553545187 TRANSACTION 209 15805
RECIEVED 1553545187 TRANSACTION 207 1 87
UPDATE 1553545187 TRANSACTION 5d1020f7f7e4e1c0fe581da870d3a086
SEND 1553545187 TRANSACTION 207 10143
RECIEVED 1553545187 TRANSACTION 209 1 88
UPDATE 1553545187 TRANSACTION 7f12bcaa03820307c9feb9a4bb4981a6
SEND 1553545187 TRANSACTION 209 17196
RECIEVED 1553545187 TRANSACTION 209 1 89
UPDATE 1553545187 TRANSACTION f97eb054de8607ca0a9ceb3ad8dd4c60
SEND 1553545187 TRANSACTION 209 11265
RECIEVED 1553545187 TRANSACTION 207 1 90
UPDATE 1553545187 TRANSACTION 658e4e80369924cef1f9f4e1d55e8aa0
SEND 1553545187 TRANSACTION 207 38576
RECIEVED 1553545187 TRANSACTION 207 1 91
UPDATE 1553545187 TRANSACTION 7c03de5eb1a436d1a32ae67e244bea72
SEND 1553545187 TRANSACTION 207 11276
RECIEVED 1553545187 TRANSACTION 209 1 92
UPDATE 1553545187 TRANSACTION fb4efedebd0009147ed8fb01c8578910
SEND 1553545187 TRANSACTION 209 16123
RECIEVED 1553545187 TRANSACTION 208 1 93
UPDATE 1553545187 TRANSACTION 1cfce93ebfd8978edc1e211a551b3eab
SEND 1553545187 TRANSACTION 208 34498
RECIEVED 1553545187 TRANSACTION 208 1 94
UPDATE 1553545187 TRANSACTION 2017b525db7ba90c01ea3e89837b89ee
SEND 1553545187 TRANSACTION 208 33516
RECIEVED 1553545187 TRANSACTION 208 1 95
UPDATE 1553545187 TRANSACTION 4df120a11cfd0718a4c8b04befc6d05f
SEND 1553545187 TRANSACTION 208 12535
RECIEVED 1553545187 TRANSACTION 209 1 96
UPDATE 1553545187 TRANSACTION 18d99401fd991851f880ac268a66e4c7
SEND 1553545187 TRANSACTION 209 24492
RECIEVED 1553545187 TRANSACTION 208 1 97
UPDATE 1553545187 TRANSACTION 1c7d6f451ad6c9dafecd489cc895b03e
SEND 1553545187 TRANSACTION 208 11373
RECIEVED 1553545187 TRANSACTION 209 1 98
UPDATE 1553545187 TRANSACTION 69f06034d6b03a41a27c7a2fcb5154c8
SEND 1553545187 TRANSACTION 209 22539
RECIEVED 1553545187 TRANSACTION 209 1 99
UPDATE 1553545187 TRANSACTION 40fac106e7103532550b9181b6f66e94
SEND 1553545187 TRANSACTION 209 12973
RECIEVED 1553545187 TRANSACTION 210 1 100
UPDATE 1553545187 TRANSACTION fd36986289b8e49978d6357ef90d62de
SEND 1553545187 TRANSACTION 210 15880
RECIEVED 1553545187 TRANSACTION 209 1 101
UPDATE 1553545187 TRANSACTION 49935752cf118c0816383b9fd42efdfa
SEND 1553545187 TRANSACTION 209 10814
RECIEVED 1553545187 TRANSACTION 209 1 102
UPDATE 1553545187 TRANSACTION dc67c43cac5a3b93f8714a317d628b98
SEND 1553545187 TRANSACTION 209 15756
RECIEVED 1553545187 TRANSACTION 209 1 103
UPDATE 1553545187 TRANSACTION bed1280ab8164c7bdfe054023b712c4b
SEND 1553545187 TRANSACTION 209 18887
RECIEVED 1553545187 TRANSACTION 209 1 104
UPDATE 1553545187 TRANSACTION 52b00fd6b9e74d27b568b9c326902a46
SEND 1553545187 TRANSACTION 209 19764
RECIEVED 1553545187 TRANSACTION 209 1 105
UPDATE 1553545187 TRANSACTION a68f152020d20721dd5aa848d1eb08be
SEND 1553545187 TRANSACTION 209 10427
RECIEVED 1553545187 TRANSACTION 209 1 106
UPDATE 1553545187 TRANSACTION 39b9c7f476502bd1f6db88a1b5f75234
SEND 1553545187 TRANSACTION 209 23689
# Listen attempt 1.
# json: cannot unmarshal object into Go struct field Node.Sock of type net.Conn
RECIEVED 1553545187 TRANSACTION 209 1 107
UPDATE 1553545187 TRANSACTION 9164833152045f2681ff1f540d015dad
SEND 1553545187 TRANSACTION 209 17206
RECIEVED 1553545187 TRANSACTION 209 1 108
UPDATE 1553545187 TRANSACTION 3e10c78e48260609d098676469d8655a
SEND 1553545187 TRANSACTION 209 16768
RECIEVED 1553545187 TRANSACTION 209 1 109
RECIEVED 1553545187 TRANSACTION 211 1 109
UPDATE 1553545187 TRANSACTION 3da4f707ce426ec2282f5c3513c01701
SEND 1553545187 TRANSACTION 211 24040
RECIEVED 1553545187 TRANSACTION 209 1 110
UPDATE 1553545187 TRANSACTION e561ace0c40c48fbfd175588e9762392
SEND 1553545187 TRANSACTION 209 26330
RECIEVED 1553545187 TRANSACTION 210 1 111
UPDATE 1553545187 TRANSACTION ee1a2a77c2b1dfd0293a3dc2e98fda34
SEND 1553545187 TRANSACTION 210 15426
RECIEVED 1553545187 TRANSACTION 209 1 112
UPDATE 1553545187 TRANSACTION 45e0d536e4858556a26f28ed89d66467
SEND 1553545187 TRANSACTION 209 23795
RECIEVED 1553545187 TRANSACTION 209 1 113
UPDATE 1553545187 TRANSACTION 1891da92a9319f009d848c65a312f87b
SEND 1553545187 TRANSACTION 209 23227
RECIEVED 1553545187 TRANSACTION 209 1 114
UPDATE 1553545187 TRANSACTION adcfea58c7a5bec246ed446292e7789d
SEND 1553545187 TRANSACTION 209 34236
RECIEVED 1553545187 TRANSACTION 209 1 115
UPDATE 1553545187 TRANSACTION 61de95b42bd1b6b88098b52661bc5728
SEND 1553545187 TRANSACTION 209 8752
RECIEVED 1553545187 TRANSACTION 209 1 116
UPDATE 1553545187 TRANSACTION 502599ae9c058c5089e29d1a5e7373a0
SEND 1553545187 TRANSACTION 209 19290
RECIEVED 1553545187 TRANSACTION 209 1 117
UPDATE 1553545187 TRANSACTION c85ec8034168cdbd9000f5acecf291ed
SEND 1553545187 TRANSACTION 209 23980
RECIEVED 1553545187 TRANSACTION 207 1 118
UPDATE 1553545187 TRANSACTION 7fef1df5d6adbc314251229c66103792
SEND 1553545187 TRANSACTION 207 19004
RECIEVED 1553545187 TRANSACTION 207 1 119
UPDATE 1553545187 TRANSACTION ba10bb8b1ed6895f0b4bee3b26d9a9ad
SEND 1553545187 TRANSACTION 207 18131
RECIEVED 1553545187 TRANSACTION 209 1 120
UPDATE 1553545187 TRANSACTION a772924853c144cd2bbac51e870ebf66
SEND 1553545187 TRANSACTION 209 17442
RECIEVED 1553545187 TRANSACTION 209 1 121
UPDATE 1553545187 TRANSACTION bbd59b343f82ded126e1e90fbed30892
SEND 1553545187 TRANSACTION 209 17156
RECIEVED 1553545187 TRANSACTION 208 1 122
UPDATE 1553545187 TRANSACTION 0e13db20b002ebbc5e429c9790fe9bd1
SEND 1553545187 TRANSACTION 208 33094
RECIEVED 1553545187 TRANSACTION 209 1 123
UPDATE 1553545187 TRANSACTION dba59eca3725087d8f1e830036a8b834
SEND 1553545187 TRANSACTION 209 27439
RECIEVED 1553545187 TRANSACTION 208 1 124
UPDATE 1553545187 TRANSACTION a7b327a43228aa1b41046ae3e13c2299
SEND 1553545187 TRANSACTION 208 30040
RECIEVED 1553545187 TRANSACTION 209 1 125
UPDATE 1553545187 TRANSACTION 7eef017eb7be1ad6bc062c9549563618
SEND 1553545187 TRANSACTION 209 17128
RECIEVED 1553545187 TRANSACTION 208 1 126
UPDATE 1553545187 TRANSACTION dcf4fa46b1db4351767c2ee21ebb0b69
SEND 1553545187 TRANSACTION 208 18825
RECIEVED 1553545187 TRANSACTION 209 1 127
UPDATE 1553545187 TRANSACTION f0b1d34c197045ab8c9a3657ba9aa328
SEND 1553545187 TRANSACTION 209 14362
RECIEVED 1553545188 HB 139 1 128
SEND 1553545188 PING 260 25672
RECIEVED 1553545188 TRANSACTION 209 1 128
UPDATE 1553545188 TRANSACTION b3cda5b65534cf9b10a1c86a18a27970
SEND 1553545188 TRANSACTION 209 17138
RECIEVED 1553545188 TRANSACTION 208 1 129
UPDATE 1553545188 TRANSACTION 88550699926f0ed2fa189f302c933c1b
SEND 1553545188 TRANSACTION 208 13871
RECIEVED 1553545188 TRANSACTION 209 1 130
UPDATE 1553545188 TRANSACTION 6e1521a981934ccbb4d91eaf51f8edb6
SEND 1553545188 TRANSACTION 209 28397
# Listen attempt 1.
# json: cannot unmarshal object into Go struct field Node.Sock of type net.Conn
RECIEVED 1553545188 TRANSACTION 210 1 131
UPDATE 1553545188 TRANSACTION cbee2e881643cada70ccaf160523c832
SEND 1553545188 TRANSACTION 210 921457
RECIEVED 1553545188 TRANSACTION 210 1 132
RECIEVED 1553545188 TRANSACTION 208 1 132
UPDATE 1553545188 TRANSACTION ff40933c0a2d58688f3eca66adea49c8
SEND 1553545188 TRANSACTION 208 53489
RECIEVED 1553545189 TRANSACTION 209 1 133
UPDATE 1553545189 TRANSACTION 97aca0f98ae6262312ca82cac763e7d6
SEND 1553545189 TRANSACTION 209 26735
RECIEVED 1553545189 HB 139 1 134
SEND 1553545189 PING 260 24355
RECIEVED 1553545190 HB 139 1 134
SEND 1553545190 PING 260 41552
RECIEVED 1553545191 HB 139 1 134
SEND 1553545191 PING 260 45975
# Listen attempt 1.
# EOF
# Listen attempt 2.
# EOF
# Listen attempt 3.
# EOF
# Could not recieve message properly
RECIEVED 1553545192 HB 139 1 134
# Removing node5:172.22.158.207:8005 from members
RECIEVED 1553545194 HB 139 0 134
RECIEVED 1553545195 HB 139 0 134
RECIEVED 1553545196 HB 139 0 134
RECIEVED 1553545200 HB 139 0 134
RECIEVED 1553545200 TRANSACTION 209 0 134
UPDATE 1553545200 TRANSACTION b1b9dcc07d5a7ff4ab760d33c56cb2cd
RECIEVED 1553545202 HB 139 0 135
RECIEVED 1553545202 TRANSACTION 210 0 135
UPDATE 1553545202 TRANSACTION 2bbeb47f83fc06b3217add5668cdf48a
RECIEVED 1553545203 HB 139 0 136
RECIEVED 1553545204 HB 139 0 136
RECIEVED 1553545205 HB 139 0 136
RECIEVED 1553545206 HB 139 0 136
RECIEVED 1553545209 HB 139 0 136
RECIEVED 1553545212 HB 139 0 136
RECIEVED 1553545213 HB 139 0 136
RECIEVED 1553545217 HB 139 0 136
RECIEVED 1553545222 HB 139 0 136
RECIEVED 1553545223 HB 139 0 136
RECIEVED 1553545224 HB 139 0 136
RECIEVED 1553545225 HB 139 0 136
RECIEVED 1553545226 HB 139 0 136
RECIEVED 1553545227 HB 139 0 136
RECIEVED 1553545228 HB 139 0 136
RECIEVED 1553545234 HB 139 0 136
RECIEVED 1553545235 HB 139 0 136
RECIEVED 1553545236 HB 139 0 136
RECIEVED 1553545237 HB 139 0 136
RECIEVED 1553545238 HB 139 0 136
RECIEVED 1553545238 TRANSACTION 208 0 136
UPDATE 1553545238 TRANSACTION 71a678bf4fb403c6ef201e10acee039e
RECIEVED 1553545239 HB 139 0 137
RECIEVED 1553545240 HB 139 0 137
RECIEVED 1553545242 HB 139 0 137
RECIEVED 1553545243 HB 139 0 137
RECIEVED 1553545244 HB 139 0 137
RECIEVED 1553545247 HB 139 0 137
RECIEVED 1553545248 HB 139 0 137
RECIEVED 1553545255 HB 139 0 137
RECIEVED 1553545258 TRANSACTION 209 0 137
UPDATE 1553545258 TRANSACTION ac82fbeb6df89fd2508b6b0b95d78728
RECIEVED 1553545258 HB 139 0 138
RECIEVED 1553545262 TRANSACTION 207 0 138
UPDATE 1553545262 TRANSACTION eec0316b29894119ec3f5f16c616e002
RECIEVED 1553545262 HB 139 0 139
RECIEVED 1553545265 HB 139 0 139
RECIEVED 1553545266 HB 139 0 139
RECIEVED 1553545267 HB 139 0 139
RECIEVED 1553545268 HB 139 0 139
RECIEVED 1553545269 HB 139 0 139
RECIEVED 1553545269 TRANSACTION 209 0 139
UPDATE 1553545269 TRANSACTION 6bdce7508ac0eb8c656796c903ded519
RECIEVED 1553545270 HB 139 0 140
RECIEVED 1553545271 HB 139 0 140
RECIEVED 1553545272 HB 139 0 140
RECIEVED 1553545273 HB 139 0 140
RECIEVED 1553545274 HB 139 0 140
RECIEVED 1553545275 HB 139 0 140
RECIEVED 1553545278 HB 139 0 140
RECIEVED 1553545279 HB 139 0 140
RECIEVED 1553545283 HB 139 0 140
RECIEVED 1553545284 HB 139 0 140
RECIEVED 1553545285 HB 139 0 140
RECIEVED 1553545286 HB 139 0 140
RECIEVED 1553545287 HB 139 0 140
RECIEVED 1553545289 HB 139 0 140
RECIEVED 1553545290 HB 139 0 140
RECIEVED 1553545291 HB 139 0 140
RECIEVED 1553545292 HB 139 0 140
RECIEVED 1553545295 HB 139 0 140
RECIEVED 1553545300 HB 139 0 140
RECIEVED 1553545301 HB 139 0 140
RECIEVED 1553545303 HB 139 0 140
RECIEVED 1553545304 HB 139 0 140
RECIEVED 1553545305 HB 139 0 140
RECIEVED 1553545306 HB 139 0 140
RECIEVED 1553545307 HB 139 0 140
RECIEVED 1553545310 HB 139 0 140
RECIEVED 1553545311 HB 139 0 140
RECIEVED 1553545312 HB 139 0 140
RECIEVED 1553545317 HB 139 0 140
RECIEVED 1553545318 HB 139 0 140
RECIEVED 1553545319 HB 139 0 140
RECIEVED 1553545323 HB 139 0 140
RECIEVED 1553545326 HB 139 0 140
RECIEVED 1553545327 HB 139 0 140
RECIEVED 1553545328 HB 139 0 140
RECIEVED 1553545329 HB 139 0 140
RECIEVED 1553545331 HB 139 0 140
RECIEVED 1553545333 HB 139 0 140
RECIEVED 1553545336 HB 139 0 140
RECIEVED 1553545336 TRANSACTION 209 0 140
UPDATE 1553545336 TRANSACTION 9ce607620115fdb28fad67f22b2403f5
RECIEVED 1553545338 HB 139 0 141
RECIEVED 1553545339 HB 139 0 141
RECIEVED 1553545340 HB 139 0 141
RECIEVED 1553545341 HB 139 0 141
RECIEVED 1553545342 TRANSACTION 209 0 141
UPDATE 1553545342 TRANSACTION 05d0a385ea25111bc216a4c901e157b2
RECIEVED 1553545342 HB 139 0 142
RECIEVED 1553545344 TRANSACTION 209 0 142
UPDATE 1553545344 TRANSACTION 7611166a63533e01d2e1387c493a71ef
RECIEVED 1553545344 HB 139 0 143
RECIEVED 1553545345 TRANSACTION 208 0 143
UPDATE 1553545345 TRANSACTION 0b899285a9455058dc106dc0855d6cc0
RECIEVED 1553545346 HB 139 0 144
RECIEVED 1553545347 HB 139 0 144
RECIEVED 1553545348 HB 139 0 144
RECIEVED 1553545349 HB 139 0 144
RECIEVED 1553545349 TRANSACTION 209 0 144
UPDATE 1553545349 TRANSACTION 91d98692854d4f412ae5e21e20611e07
RECIEVED 1553545350 HB 139 0 145
RECIEVED 1553545350 TRANSACTION 209 0 145
UPDATE 1553545350 TRANSACTION 4552ffc0a2b7d10eae25d55c32bd342a
RECIEVED 1553545351 HB 139 0 146
RECIEVED 1553545352 HB 139 0 146
RECIEVED 1553545354 HB 139 0 146
RECIEVED 1553545355 HB 139 0 146
RECIEVED 1553545355 TRANSACTION 210 0 146
UPDATE 1553545355 TRANSACTION 65338796fe95e2ee45a17ccc15bf6655
RECIEVED 1553545356 HB 139 0 147
RECIEVED 1553545357 HB 139 0 147
RECIEVED 1553545357 TRANSACTION 209 0 147
UPDATE 1553545357 TRANSACTION dd9ec93357d43158768e84bb01f4877d
RECIEVED 1553545358 HB 139 0 148
RECIEVED 1553545359 TRANSACTION 209 0 148
UPDATE 1553545359 TRANSACTION 8f4bc0c60aa6102ead392721611087f8
RECIEVED 1553545359 HB 139 0 149
RECIEVED 1553545360 HB 139 0 149
RECIEVED 1553545362 HB 139 0 149
RECIEVED 1553545363 HB 139 0 149
RECIEVED 1553545364 HB 139 0 149
RECIEVED 1553545366 HB 139 0 149
RECIEVED 1553545370 HB 139 0 149
RECIEVED 1553545370 TRANSACTION 208 0 149
UPDATE 1553545370 TRANSACTION ec1985a54734ba73a210db663d36cf24
RECIEVED 1553545373 TRANSACTION 209 0 150
UPDATE 1553545373 TRANSACTION 7c7be5af28d6514aa8f5263a286e31ca
RECIEVED 1553545373 HB 139 0 151
RECIEVED 1553545376 HB 139 0 151
RECIEVED 1553545376 TRANSACTION 209 0 151
UPDATE 1553545376 TRANSACTION bf9ec87ec91d0f5ccc88e8740ef1417b
RECIEVED 1553545379 HB 139 0 152
RECIEVED 1553545379 TRANSACTION 209 0 152
UPDATE 1553545379 TRANSACTION 6a0e7adfdfb1f65320912abf72269be5
RECIEVED 1553545380 HB 139 0 153
RECIEVED 1553545381 HB 139 0 153
RECIEVED 1553545383 HB 139 0 153
RECIEVED 1553545384 TRANSACTION 209 0 153
UPDATE 1553545384 TRANSACTION 8d8cd4ff4359a46aa933adc15e51323a
RECIEVED 1553545384 HB 139 0 154
RECIEVED 1553545387 HB 139 0 154
RECIEVED 1553545387 TRANSACTION 209 0 154
UPDATE 1553545387 TRANSACTION 211570a6a5f6fab525a9e4714d85cc4b
RECIEVED 1553545388 HB 139 0 155
RECIEVED 1553545390 TRANSACTION 209 0 155
UPDATE 1553545390 TRANSACTION 1bbb5c551afc549fd11d04b409038e1f
RECIEVED 1553545390 HB 139 0 156
RECIEVED 1553545391 HB 139 0 156
RECIEVED 1553545392 HB 139 0 156
RECIEVED 1553545393 HB 139 0 156
RECIEVED 1553545396 TRANSACTION 209 0 156
UPDATE 1553545396 TRANSACTION a43c97a23f0cdf2494db1a82a148c42b
RECIEVED 1553545396 HB 139 0 157
RECIEVED 1553545397 TRANSACTION 210 0 157
UPDATE 1553545397 TRANSACTION 4a304554a1de2a5737e87cf12a1f1a20
RECIEVED 1553545397 HB 139 0 158
RECIEVED 1553545397 TRANSACTION 208 0 158
UPDATE 1553545397 TRANSACTION 2033a8e0bd74fc8f3e1d84d96ab24829
RECIEVED 1553545398 HB 139 0 159
RECIEVED 1553545399 HB 139 0 159
RECIEVED 1553545400 HB 139 0 159
RECIEVED 1553545403 HB 139 0 159
RECIEVED 1553545403 TRANSACTION 209 0 159
UPDATE 1553545403 TRANSACTION 3f8bc8931b088a61f97fdcb502ab6472
RECIEVED 1553545404 HB 139 0 160
RECIEVED 1553545406 HB 139 0 160
RECIEVED 1553545407 HB 139 0 160
RECIEVED 1553545409 HB 139 0 160
RECIEVED 1553545411 TRANSACTION 209 0 160
UPDATE 1553545411 TRANSACTION 61add85cd8cac28abc0c9887c3294e77
RECIEVED 1553545411 HB 139 0 161
RECIEVED 1553545412 HB 139 0 161
RECIEVED 1553545413 HB 139 0 161
RECIEVED 1553545414 HB 139 0 161
RECIEVED 1553545416 HB 139 0 161
RECIEVED 1553545417 HB 139 0 161
RECIEVED 1553545418 HB 139 0 161
RECIEVED 1553545419 HB 139 0 161
RECIEVED 1553545421 TRANSACTION 209 0 161
UPDATE 1553545421 TRANSACTION d2ffdf2ba09fbd55e187503260da8e83
RECIEVED 1553545421 HB 139 0 162
RECIEVED 1553545422 HB 139 0 162
RECIEVED 1553545423 HB 139 0 162
RECIEVED 1553545424 HB 139 0 162
RECIEVED 1553545424 TRANSACTION 210 0 162
UPDATE 1553545424 TRANSACTION 5fb8f933fa1deb8ae21156c7af1170b5
RECIEVED 1553545425 HB 139 0 163
RECIEVED 1553545425 TRANSACTION 208 0 163
UPDATE 1553545425 TRANSACTION 54386aed461faa4204e91b6dbdca9c77
RECIEVED 1553545426 HB 139 0 164
RECIEVED 1553545427 TRANSACTION 209 0 164
UPDATE 1553545427 TRANSACTION 0e7ab6952d2ad668a760b5bc29b8f565
RECIEVED 1553545427 HB 139 0 165
RECIEVED 1553545428 HB 139 0 165
RECIEVED 1553545429 HB 139 0 165
RECIEVED 1553545430 HB 139 0 165
RECIEVED 1553545432 HB 139 0 165
RECIEVED 1553545437 HB 139 0 165
RECIEVED 1553545438 HB 139 0 165
RECIEVED 1553545440 HB 139 0 165
RECIEVED 1553545440 TRANSACTION 209 0 165
UPDATE 1553545440 TRANSACTION e82f6594c7aa57f96aab39864d9a017d
RECIEVED 1553545441 HB 139 0 166
RECIEVED 1553545442 HB 139 0 166
RECIEVED 1553545444 HB 139 0 166
RECIEVED 1553545446 HB 139 0 166
RECIEVED 1553545447 HB 139 0 166
RECIEVED 1553545447 TRANSACTION 209 0 166
UPDATE 1553545447 TRANSACTION 940fb9d5cbe3c33f6105b89c724131af
RECIEVED 1553545448 HB 139 0 167
RECIEVED 1553545449 HB 139 0 167
RECIEVED 1553545450 HB 139 0 167
RECIEVED 1553545451 HB 139 0 167
RECIEVED 1553545452 HB 139 0 167
RECIEVED 1553545454 HB 139 0 167
RECIEVED 1553545456 HB 139 0 167
RECIEVED 1553545457 HB 139 0 167
RECIEVED 1553545458 HB 139 0 167
RECIEVED 1553545458 TRANSACTION 210 0 167
UPDATE 1553545458 TRANSACTION 74cc48579cdcb21ae7d4489cc1375926
RECIEVED 1553545459 TRANSACTION 208 0 168
UPDATE 1553545459 TRANSACTION 24def1c71363bb38d737404bf1623803
RECIEVED 1553545460 HB 139 0 169
RECIEVED 1553545461 HB 139 0 169
RECIEVED 1553545461 TRANSACTION 209 0 169
UPDATE 1553545461 TRANSACTION 2ea430e95facd62849c44b38c5066d11
RECIEVED 1553545464 HB 139 0 170
