RECIEVED 1553581743 INTRODUCE 168 0 0
SEND 1553581743 JOIN 164 36244
RECIEVED 1553581744 HB 139 1 0
SEND 1553581744 PING 261 59009
RECIEVED 1553581744 JOIN 162 1 0
# Make node17 Join
# End node17 Join
# Listen attempt 1.
# json: cannot unmarshal object into Go struct field Node.Sock of type net.Conn
RECIEVED 1553581745 HB 139 2 0
SEND 1553581745 PING 362 56413
SEND 1553581745 PING 362 25640
# Listen attempt 1.
# json: cannot unmarshal object into Go struct field Node.Sock of type net.Conn
RECIEVED 1553581746 HB 139 2 0
SEND 1553581746 PING 362 41463
SEND 1553581746 PING 362 20728
# Listen attempt 1.
# json: cannot unmarshal object into Go struct field Node.Sock of type net.Conn
RECIEVED 1553581747 HB 139 2 0
SEND 1553581747 PING 362 43602
SEND 1553581747 PING 362 20321
# Listen attempt 1.
# json: cannot unmarshal object into Go struct field Node.Sock of type net.Conn
RECIEVED 1553581748 TRANSACTION 209 2 0
UPDATE 1553581748 TRANSACTION 859fff15232495ef2bb1225d14ab4fa8
SEND 1553581748 TRANSACTION 209 32459
SEND 1553581748 TRANSACTION 209 15599
RECIEVED 1553581748 TRANSACTION 208 2 1
UPDATE 1553581748 TRANSACTION 882c4eb0e7494974d47f8b6fab356586
SEND 1553581748 TRANSACTION 208 36633
SEND 1553581748 TRANSACTION 208 20822
RECIEVED 1553581748 TRANSACTION 208 2 2
RECIEVED 1553581748 HB 139 2 2
SEND 1553581748 PING 362 29389
SEND 1553581748 PING 362 57655
# Listen attempt 1.
# json: cannot unmarshal object into Go struct field Node.Sock of type net.Conn
RECIEVED 1553581749 HB 139 2 2
SEND 1553581749 PING 362 42841
SEND 1553581749 PING 362 24339
# Listen attempt 1.
# json: cannot unmarshal object into Go struct field Node.Sock of type net.Conn
RECIEVED 1553581750 HB 139 2 2
SEND 1553581750 PING 362 37499
SEND 1553581750 PING 362 24736
RECIEVED 1553581751 TRANSACTION 209 2 2
UPDATE 1553581751 TRANSACTION 09b8167e038c951ea6dde42f97143d29
SEND 1553581751 TRANSACTION 209 23107
SEND 1553581751 TRANSACTION 209 20447
RECIEVED 1553581751 TRANSACTION 209 2 3
RECIEVED 1553581751 HB 139 2 3
SEND 1553581751 PING 362 25343
SEND 1553581751 PING 362 27560
RECIEVED 1553581752 HB 139 2 3
SEND 1553581752 PING 362 48846
SEND 1553581752 PING 362 22779
# Listen attempt 1.
# json: cannot unmarshal object into Go struct field Node.Sock of type net.Conn
RECIEVED 1553581753 TRANSACTION 209 2 3
UPDATE 1553581753 TRANSACTION fbe2f6c284592435690fdcd7026497f0
SEND 1553581753 TRANSACTION 209 26806
SEND 1553581753 TRANSACTION 209 24568
RECIEVED 1553581753 TRANSACTION 209 2 4
RECIEVED 1553581753 HB 139 2 4
SEND 1553581753 PING 362 32974
SEND 1553581753 PING 362 21973
RECIEVED 1553581754 TRANSACTION 210 2 4
UPDATE 1553581754 TRANSACTION 7c73a4b126ae5b1cb9e4506710909670
SEND 1553581754 TRANSACTION 210 31759
SEND 1553581754 TRANSACTION 210 16535
RECIEVED 1553581754 TRANSACTION 208 2 5
UPDATE 1553581754 TRANSACTION 55d79253608f78c1226ba4f03d54fd30
SEND 1553581754 TRANSACTION 208 20613
SEND 1553581754 TRANSACTION 208 28832
# Listen attempt 1.
# json: cannot unmarshal object into Go struct field Node.Sock of type net.Conn
RECIEVED 1553581754 TRANSACTION 209 2 6
UPDATE 1553581754 TRANSACTION c62c236fe6dcb2182d3ebe557270e5cb
SEND 1553581754 TRANSACTION 209 26452
SEND 1553581754 TRANSACTION 209 20364
RECIEVED 1553581754 TRANSACTION 210 2 7
UPDATE 1553581754 TRANSACTION 144b77d49ba372d5e805cf1eee2f22db
SEND 1553581754 TRANSACTION 210 32180
SEND 1553581754 TRANSACTION 210 18032
RECIEVED 1553581754 HB 139 2 8
SEND 1553581754 PING 362 56618
SEND 1553581754 PING 362 27516
# Listen attempt 1.
# json: cannot unmarshal object into Go struct field Node.Sock of type net.Conn
RECIEVED 1553581755 HB 139 2 8
SEND 1553581755 PING 362 65296
SEND 1553581755 PING 362 31281
RECIEVED 1553581756 TRANSACTION 209 2 8
UPDATE 1553581756 TRANSACTION 2b0559339c9dd18eeeed1d482411cd41
SEND 1553581756 TRANSACTION 209 30596
SEND 1553581756 TRANSACTION 209 25241
RECIEVED 1553581756 TRANSACTION 209 2 9
# Listen attempt 1.
# json: cannot unmarshal object into Go struct field Node.Sock of type net.Conn
RECIEVED 1553581756 HB 139 2 9
SEND 1553581756 PING 362 55798
SEND 1553581756 PING 362 22209
RECIEVED 1553581756 TRANSACTION 208 2 9
UPDATE 1553581756 TRANSACTION 44dabbf64f51763b3217f16ce1b03017
SEND 1553581756 TRANSACTION 208 26607
SEND 1553581756 TRANSACTION 208 16340
# Listen attempt 1.
# json: cannot unmarshal object into Go struct field Node.Sock of type net.Conn
# Listen attempt 1.
# read tcp 172.22.156.207:53666->172.22.158.206:8004: read: connection reset by peer
# Listen attempt 2.
# read tcp 172.22.156.207:53666->172.22.158.206:8004: read: connection reset by peer
# Listen attempt 3.
# read tcp 172.22.156.207:53666->172.22.158.206:8004: read: connection reset by peer
# Could not recieve message properly
RECIEVED 1553581757 HB 139 2 10
SEND 1553581757 PING 362 25145
# Removing node4:172.22.158.206:8004 from members
# Listen attempt 1.
# json: cannot unmarshal object into Go struct field Node.Sock of type net.Conn
RECIEVED 1553581758 TRANSACTION 210 1 10
UPDATE 1553581758 TRANSACTION 1cc9c6b3256443861cb8ca7d1d0e03b5
SEND 1553581758 TRANSACTION 210 17399
RECIEVED 1553581758 HB 139 1 11
SEND 1553581758 PING 262 46965
# Listen attempt 1.
# json: cannot unmarshal object into Go struct field Node.Sock of type net.Conn
RECIEVED 1553581759 TRANSACTION 208 1 11
UPDATE 1553581759 TRANSACTION 0e659644d49deffc28bebbbf3bccd008
SEND 1553581759 TRANSACTION 208 28074
RECIEVED 1553581759 TRANSACTION 208 1 12
RECIEVED 1553581759 HB 139 1 12
SEND 1553581759 PING 262 35712
RECIEVED 1553581760 TRANSACTION 209 1 12
UPDATE 1553581760 TRANSACTION dfeff1f7dd4bc91d0492be805483c26d
SEND 1553581760 TRANSACTION 209 20182
# Listen attempt 1.
# json: cannot unmarshal object into Go struct field Node.Sock of type net.Conn
RECIEVED 1553581760 HB 139 1 13
SEND 1553581760 PING 262 50992
# Listen attempt 1.
# json: cannot unmarshal object into Go struct field Node.Sock of type net.Conn
RECIEVED 1553581761 HB 139 1 13
SEND 1553581761 PING 262 48857
# Listen attempt 1.
# json: cannot unmarshal object into Go struct field Node.Sock of type net.Conn
RECIEVED 1553581762 TRANSACTION 209 1 13
UPDATE 1553581762 TRANSACTION b86ac7501ce252c66058d24a5d362db7
SEND 1553581762 TRANSACTION 209 28206
RECIEVED 1553581762 TRANSACTION 209 1 14
RECIEVED 1553581762 HB 139 1 14
SEND 1553581762 PING 262 46497
# Listen attempt 1.
# json: cannot unmarshal object into Go struct field Node.Sock of type net.Conn
RECIEVED 1553581763 HB 139 1 14
SEND 1553581763 PING 262 51696
# Listen attempt 1.
# json: cannot unmarshal object into Go struct field Node.Sock of type net.Conn
RECIEVED 1553581764 HB 139 1 14
SEND 1553581764 PING 262 46552
# Listen attempt 1.
# json: cannot unmarshal object into Go struct field Node.Sock of type net.Conn
RECIEVED 1553581765 HB 139 1 14
SEND 1553581765 PING 262 32667
# Listen attempt 1.
# json: cannot unmarshal object into Go struct field Node.Sock of type net.Conn
RECIEVED 1553581766 HB 139 1 14
SEND 1553581766 PING 262 50829
# Listen attempt 1.
# json: cannot unmarshal object into Go struct field Node.Sock of type net.Conn
RECIEVED 1553581767 TRANSACTION 209 1 14
UPDATE 1553581767 TRANSACTION fe32ecf86749f4575ec91d1c1871aa56
SEND 1553581767 TRANSACTION 209 17982
RECIEVED 1553581767 HB 139 1 15
SEND 1553581767 PING 262 31201
# Listen attempt 1.
# json: cannot unmarshal object into Go struct field Node.Sock of type net.Conn
RECIEVED 1553581768 HB 139 1 15
SEND 1553581768 PING 262 32291
RECIEVED 1553581769 TRANSACTION 209 1 15
UPDATE 1553581769 TRANSACTION b9dc8114e49a312e0fe2eb1bcfb184a8
SEND 1553581769 TRANSACTION 209 37354
RECIEVED 1553581769 TRANSACTION 209 1 16
# Listen attempt 1.
# json: cannot unmarshal object into Go struct field Node.Sock of type net.Conn
RECIEVED 1553581769 TRANSACTION 209 1 16
UPDATE 1553581769 TRANSACTION 49a2985257a2cf04a4fcca504039d826
SEND 1553581769 TRANSACTION 209 21364
RECIEVED 1553581769 HB 139 1 17
SEND 1553581769 PING 262 54161
# Listen attempt 1.
# json: cannot unmarshal object into Go struct field Node.Sock of type net.Conn
RECIEVED 1553581770 HB 139 1 17
SEND 1553581770 PING 262 53676
# Listen attempt 1.
# json: cannot unmarshal object into Go struct field Node.Sock of type net.Conn
RECIEVED 1553581771 HB 139 1 17
SEND 1553581771 PING 262 46158
# Listen attempt 1.
# json: cannot unmarshal object into Go struct field Node.Sock of type net.Conn
RECIEVED 1553581772 TRANSACTION 208 1 17
UPDATE 1553581772 TRANSACTION d8c10402f27dd22fa90f491b4ce3e065
SEND 1553581772 TRANSACTION 208 24250
RECIEVED 1553581772 TRANSACTION 209 1 18
UPDATE 1553581772 TRANSACTION c76d0dd2aed4d027d5418162b1c088fe
SEND 1553581772 TRANSACTION 209 32835
RECIEVED 1553581772 TRANSACTION 209 1 19
RECIEVED 1553581772 HB 139 1 19
SEND 1553581772 PING 262 41111
# Listen attempt 1.
# json: cannot unmarshal object into Go struct field Node.Sock of type net.Conn
# Listen attempt 2.
# json: cannot unmarshal object into Go struct field Node.Sock of type net.Conn
RECIEVED 1553581774 HB 139 1 19
SEND 1553581774 PING 262 40626
# Listen attempt 1.
# json: cannot unmarshal object into Go struct field Node.Sock of type net.Conn
RECIEVED 1553581775 HB 139 1 19
SEND 1553581775 PING 262 30932
# Listen attempt 1.
# json: cannot unmarshal object into Go struct field Node.Sock of type net.Conn
RECIEVED 1553581776 HB 139 1 19
SEND 1553581776 PING 262 48094
# Listen attempt 1.
# json: cannot unmarshal object into Go struct field Node.Sock of type net.Conn
RECIEVED 1553581777 HB 139 1 19
SEND 1553581777 PING 262 44088
# Listen attempt 1.
# json: cannot unmarshal object into Go struct field Node.Sock of type net.Conn
RECIEVED 1553581778 HB 139 1 19
SEND 1553581778 PING 262 39215
RECIEVED 1553581779 HB 139 1 19
SEND 1553581779 PING 262 31948
RECIEVED 1553581780 HB 139 1 19
SEND 1553581780 PING 262 41775
# Listen attempt 1.
# EOF
# Listen attempt 2.
# EOF
# Listen attempt 3.
# EOF
# Could not recieve message properly
RECIEVED 1553581781 HB 139 1 19
# Removing node17:172.22.156.207:8017 from members
RECIEVED 1553581783 HB 139 0 19
RECIEVED 1553581787 HB 139 0 19
RECIEVED 1553581788 HB 139 0 19
RECIEVED 1553581789 HB 139 0 19
RECIEVED 1553581790 HB 139 0 19
RECIEVED 1553581791 HB 139 0 19
RECIEVED 1553581792 HB 139 0 19
RECIEVED 1553581793 HB 139 0 19
RECIEVED 1553581794 HB 139 0 19
RECIEVED 1553581795 HB 139 0 19
RECIEVED 1553581796 HB 139 0 19
RECIEVED 1553581796 TRANSACTION 208 0 19
UPDATE 1553581796 TRANSACTION 14758f9eb94ef19ee720aa928a1a0e3c
RECIEVED 1553581797 HB 139 0 20
RECIEVED 1553581798 HB 139 0 20
RECIEVED 1553581799 HB 139 0 20
RECIEVED 1553581799 TRANSACTION 209 0 20
UPDATE 1553581799 TRANSACTION af5bfc4f86e988aa092ed7ae62c874ad
RECIEVED 1553581800 HB 139 0 21
RECIEVED 1553581800 TRANSACTION 210 0 21
UPDATE 1553581800 TRANSACTION 8b453ae7ffc327f3361fcebcf8d5c274
RECIEVED 1553581801 HB 139 0 22
RECIEVED 1553581805 HB 139 0 22
RECIEVED 1553581805 TRANSACTION 208 0 22
UPDATE 1553581805 TRANSACTION dc17292bb0a8eeadb4949d1626d40709
RECIEVED 1553581806 HB 139 0 23
RECIEVED 1553581807 HB 139 0 23
RECIEVED 1553581808 HB 139 0 23
RECIEVED 1553581809 HB 139 0 23
RECIEVED 1553581810 HB 139 0 23
RECIEVED 1553581811 HB 139 0 23
RECIEVED 1553581812 HB 139 0 23
RECIEVED 1553581812 TRANSACTION 209 0 23
UPDATE 1553581812 TRANSACTION 993103d6ccd7d003ea8948ed102a2ccf
RECIEVED 1553581813 HB 139 0 24
RECIEVED 1553581814 TRANSACTION 209 0 24
UPDATE 1553581814 TRANSACTION 81825d5e885c7640c78f0408d041098c
RECIEVED 1553581816 HB 139 0 25
RECIEVED 1553581816 TRANSACTION 208 0 25
UPDATE 1553581816 TRANSACTION b5e0c4493a893aed85d077a25e0a19bf
RECIEVED 1553581817 HB 139 0 26
RECIEVED 1553581818 HB 139 0 26
RECIEVED 1553581818 TRANSACTION 209 0 26
UPDATE 1553581818 TRANSACTION 51068cfe166579fb4bf1d26104020ca8
RECIEVED 1553581819 TRANSACTION 210 0 27
UPDATE 1553581819 TRANSACTION f4b8aa435afb1f45786533d1e3b18449
RECIEVED 1553581819 HB 139 0 28
RECIEVED 1553581820 HB 139 0 28
RECIEVED 1553581821 HB 139 0 28
RECIEVED 1553581821 TRANSACTION 208 0 28
UPDATE 1553581821 TRANSACTION 47653b32a8a207980d9cd075929474bf
RECIEVED 1553581822 HB 139 0 29
RECIEVED 1553581823 HB 139 0 29
RECIEVED 1553581824 HB 139 0 29
RECIEVED 1553581825 HB 139 0 29
RECIEVED 1553581826 HB 139 0 29
RECIEVED 1553581826 TRANSACTION 209 0 29
UPDATE 1553581826 TRANSACTION f2a6dd4d4763e821d4d8373a4ad1e638
RECIEVED 1553581827 HB 139 0 30
RECIEVED 1553581827 TRANSACTION 209 0 30
UPDATE 1553581827 TRANSACTION df61b952d6620bf05df3d003a0c4d10b
RECIEVED 1553581828 HB 139 0 31
RECIEVED 1553581829 HB 139 0 31
RECIEVED 1553581830 HB 139 0 31
RECIEVED 1553581830 TRANSACTION 209 0 31
UPDATE 1553581830 TRANSACTION 3bbf9afc64b4e9b679a709565b2019cc
RECIEVED 1553581831 HB 139 0 32
RECIEVED 1553581831 TRANSACTION 208 0 32
UPDATE 1553581831 TRANSACTION 498fac5827707a3a691faaf5f00f1197
RECIEVED 1553581832 HB 139 0 33
RECIEVED 1553581833 HB 139 0 33
RECIEVED 1553581833 TRANSACTION 209 0 33
UPDATE 1553581833 TRANSACTION e1b01ce061650074a5a514329d96f6f3
RECIEVED 1553581834 HB 139 0 34
RECIEVED 1553581835 HB 139 0 34
RECIEVED 1553581836 HB 139 0 34
RECIEVED 1553581836 TRANSACTION 209 0 34
UPDATE 1553581836 TRANSACTION f943978a988cb52a8b2e29a2a1879b05
RECIEVED 1553581837 HB 139 0 35
RECIEVED 1553581837 TRANSACTION 208 0 35
UPDATE 1553581837 TRANSACTION 83924aa251065138cb4d1d697575bc8d
RECIEVED 1553581838 HB 139 0 36
RECIEVED 1553581839 HB 139 0 36
RECIEVED 1553581840 HB 139 0 36
RECIEVED 1553581840 TRANSACTION 211 0 36
UPDATE 1553581840 TRANSACTION cfc58ef3b35f610995affefc4aa66064
RECIEVED 1553581841 HB 139 0 37
RECIEVED 1553581841 TRANSACTION 210 0 37
UPDATE 1553581841 TRANSACTION 091cc59006baedef063b37fb7faada13
RECIEVED 1553581842 HB 139 0 38
RECIEVED 1553581843 HB 139 0 38
RECIEVED 1553581844 HB 139 0 38
RECIEVED 1553581844 TRANSACTION 209 0 38
UPDATE 1553581844 TRANSACTION ae768c2dd895bf69cd4975cac8a0e5e6
RECIEVED 1553581845 HB 139 0 39
RECIEVED 1553581846 HB 139 0 39
RECIEVED 1553581846 TRANSACTION 209 0 39
UPDATE 1553581846 TRANSACTION 109ecf54484843bd2597fcf1e7401f4c
RECIEVED 1553581847 HB 139 0 40
RECIEVED 1553581847 TRANSACTION 209 0 40
UPDATE 1553581847 TRANSACTION 83befcc725b25c73363b9c08d62495df
RECIEVED 1553581848 HB 139 0 41
RECIEVED 1553581848 TRANSACTION 209 0 41
UPDATE 1553581848 TRANSACTION 89571f3e7405863e67a37d4b7b14a11b
RECIEVED 1553581849 HB 139 0 42
RECIEVED 1553581849 TRANSACTION 209 0 42
UPDATE 1553581849 TRANSACTION e4f80e8ccfc7d49bf783cb2c9098cb1a
RECIEVED 1553581850 HB 139 0 43
RECIEVED 1553581851 HB 139 0 43
RECIEVED 1553581851 TRANSACTION 209 0 43
UPDATE 1553581851 TRANSACTION fb4ac879c835dcd98f4ca31924d2d993
RECIEVED 1553581852 HB 139 0 44
RECIEVED 1553581853 TRANSACTION 208 0 44
UPDATE 1553581853 TRANSACTION 2815d939ec9be05100fe6d2f2f24985f
RECIEVED 1553581853 HB 139 0 45
RECIEVED 1553581854 HB 139 0 45
RECIEVED 1553581855 HB 139 0 45
RECIEVED 1553581856 HB 139 0 45
RECIEVED 1553581856 TRANSACTION 209 0 45
UPDATE 1553581856 TRANSACTION 960bad2f70d437ed38cd8170b0c70f49
RECIEVED 1553581857 HB 139 0 46
RECIEVED 1553581857 TRANSACTION 209 0 46
UPDATE 1553581857 TRANSACTION 134d45b0196802d4e0462037dcbd5e66
RECIEVED 1553581857 TRANSACTION 209 0 47
UPDATE 1553581857 TRANSACTION fcdfee8c37909b250ea3e3dafedeae34
RECIEVED 1553581858 HB 139 0 48
RECIEVED 1553581858 TRANSACTION 210 0 48
UPDATE 1553581858 TRANSACTION 96d5928f9d9734e51d76535c58ffcf9f
RECIEVED 1553581859 HB 139 0 49
RECIEVED 1553581859 TRANSACTION 208 0 49
UPDATE 1553581859 TRANSACTION 8f1c736f074f8ea53b9e8832bc53239b
RECIEVED 1553581860 HB 139 0 50
RECIEVED 1553581860 TRANSACTION 209 0 50
UPDATE 1553581860 TRANSACTION a021abe0c8ea43aed197adebd26ebaab
RECIEVED 1553581861 HB 139 0 51
RECIEVED 1553581861 TRANSACTION 210 0 51
UPDATE 1553581861 TRANSACTION c5c5e59d933aca0fa62a48d8097b8229
RECIEVED 1553581861 TRANSACTION 209 0 52
UPDATE 1553581861 TRANSACTION 5add37abea666145158b2adb739354e3
RECIEVED 1553581862 HB 139 0 53
RECIEVED 1553581863 HB 139 0 53
RECIEVED 1553581864 HB 139 0 53
RECIEVED 1553581865 HB 139 0 53
RECIEVED 1553581866 HB 139 0 53
RECIEVED 1553581866 TRANSACTION 209 0 53
UPDATE 1553581866 TRANSACTION 304be06f68b3c64055d2d512236ff650
RECIEVED 1553581867 HB 139 0 54
RECIEVED 1553581868 HB 139 0 54
RECIEVED 1553581869 TRANSACTION 209 0 54
UPDATE 1553581869 TRANSACTION cbaa3b2118b6257eeb4e57b660e4b2e0
RECIEVED 1553581869 HB 139 0 55
RECIEVED 1553581869 TRANSACTION 209 0 55
UPDATE 1553581869 TRANSACTION 86592f42acc47b89e6a9a0e0e60c69b8
RECIEVED 1553581870 HB 139 0 56
RECIEVED 1553581871 HB 139 0 56
RECIEVED 1553581873 HB 139 0 56
RECIEVED 1553581874 HB 139 0 56
RECIEVED 1553581875 HB 139 0 56
RECIEVED 1553581876 HB 139 0 56
RECIEVED 1553581877 TRANSACTION 209 0 56
UPDATE 1553581877 TRANSACTION 4e9ae6555e9bdc69a280e18a89010afc
RECIEVED 1553581877 HB 139 0 57
RECIEVED 1553581878 TRANSACTION 208 0 57
UPDATE 1553581878 TRANSACTION db311b14299b56d395c76a80c4043439
RECIEVED 1553581878 HB 139 0 58
RECIEVED 1553581879 HB 139 0 58
RECIEVED 1553581880 TRANSACTION 208 0 58
UPDATE 1553581880 TRANSACTION b5feb9d4695b9b62deb4e5d317a0a122
RECIEVED 1553581880 HB 139 0 59
RECIEVED 1553581881 HB 139 0 59
RECIEVED 1553581882 HB 139 0 59
RECIEVED 1553581883 TRANSACTION 209 0 59
UPDATE 1553581883 TRANSACTION 5d5c9374aca70a94fdca5fbb1c22d452
RECIEVED 1553581883 HB 139 0 60
RECIEVED 1553581883 TRANSACTION 208 0 60
UPDATE 1553581883 TRANSACTION c5e1dc54fdd1e07ba4135e760b85989b
RECIEVED 1553581884 HB 139 0 61
RECIEVED 1553581885 HB 139 0 61
RECIEVED 1553581886 HB 139 0 61
RECIEVED 1553581887 TRANSACTION 209 0 61
UPDATE 1553581887 TRANSACTION aa0923530c52c87cab2722c4c73e897b
RECIEVED 1553581887 HB 139 0 62
RECIEVED 1553581888 HB 139 0 62
RECIEVED 1553581889 HB 139 0 62
RECIEVED 1553581890 HB 139 0 62
RECIEVED 1553581891 HB 139 0 62
RECIEVED 1553581892 TRANSACTION 209 0 62
UPDATE 1553581892 TRANSACTION 8b62f46a55947ddf2f13b5d52fa4774a
RECIEVED 1553581892 HB 139 0 63
RECIEVED 1553581893 TRANSACTION 209 0 63
UPDATE 1553581893 TRANSACTION 56e877b3607471ce78e392f6a6120f91
RECIEVED 1553581893 HB 139 0 64
RECIEVED 1553581894 HB 139 0 64
RECIEVED 1553581895 TRANSACTION 208 0 64
UPDATE 1553581895 TRANSACTION 71fb88197c682bbdcd9101e1870acee6
RECIEVED 1553581895 TRANSACTION 209 0 65
UPDATE 1553581895 TRANSACTION 31064653c9d34c6e8bfae2b9bab2c8a4
RECIEVED 1553581895 HB 139 0 66
