RECIEVED 1553581736 INTRODUCE 169 0 0
SEND 1553581736 JOIN 163 40788
RECIEVED 1553581736 TRANSACTION 208 1 0
UPDATE 1553581736 TRANSACTION 5599035f287f6e00daee6ef2fcf68fcc
SEND 1553581736 TRANSACTION 208 26824
RECIEVED 1553581736 TRANSACTION 208 1 1
UPDATE 1553581736 TRANSACTION 8590e41fbe585362a1e97a5ee2d5eb51
SEND 1553581736 TRANSACTION 208 24194
RECIEVED 1553581736 TRANSACTION 209 1 2
UPDATE 1553581736 TRANSACTION 3894d24da03745f8853c54110f7dc5a9
SEND 1553581736 TRANSACTION 209 21900
RECIEVED 1553581736 TRANSACTION 209 1 3
UPDATE 1553581736 TRANSACTION 095b6c1819d7ea9c2af8600ec59d1a8a
SEND 1553581736 TRANSACTION 209 17792
RECIEVED 1553581736 TRANSACTION 209 1 4
UPDATE 1553581736 TRANSACTION 3b11cc640bb1b4da35a505378e7b8225
SEND 1553581736 TRANSACTION 209 24487
RECIEVED 1553581736 TRANSACTION 209 1 5
UPDATE 1553581736 TRANSACTION d3b9faed99b5eeab156301e65c17be8c
SEND 1553581736 TRANSACTION 209 33943
RECIEVED 1553581736 TRANSACTION 209 1 6
RECIEVED 1553581736 TRANSACTION 209 1 6
UPDATE 1553581736 TRANSACTION 9b86c3e1d7f1fe83c3111291798f7120
SEND 1553581736 TRANSACTION 209 23993
RECIEVED 1553581736 TRANSACTION 209 1 7
UPDATE 1553581736 TRANSACTION add68054250894d020195448f7f5b0aa
SEND 1553581736 TRANSACTION 209 25300
RECIEVED 1553581736 TRANSACTION 210 1 8
UPDATE 1553581736 TRANSACTION 4829c347f7fac5369b40bd5147789aee
SEND 1553581736 TRANSACTION 210 30462
RECIEVED 1553581736 TRANSACTION 209 1 9
UPDATE 1553581736 TRANSACTION a0f11b868185873d618f11dc9c5b82d5
SEND 1553581736 TRANSACTION 209 22992
RECIEVED 1553581736 TRANSACTION 209 1 10
UPDATE 1553581736 TRANSACTION 40f9c6222de68b144e05de726b702a00
SEND 1553581736 TRANSACTION 209 32137
RECIEVED 1553581736 TRANSACTION 209 1 11
UPDATE 1553581736 TRANSACTION 232cb5ebfc7f630b856e0c13bc769388
SEND 1553581736 TRANSACTION 209 33866
RECIEVED 1553581736 TRANSACTION 210 1 12
UPDATE 1553581736 TRANSACTION 8e6ce3e095ca175feebda61ce52380ac
SEND 1553581736 TRANSACTION 210 24645
RECIEVED 1553581736 TRANSACTION 208 1 13
UPDATE 1553581736 TRANSACTION c366ef51a1fc15c44f3685867234933a
SEND 1553581736 TRANSACTION 208 29265
RECIEVED 1553581736 TRANSACTION 210 1 14
UPDATE 1553581736 TRANSACTION 1aec8ac7434c0c13304a7c886e13a42e
SEND 1553581736 TRANSACTION 210 22493
RECIEVED 1553581736 TRANSACTION 209 1 15
UPDATE 1553581736 TRANSACTION b14ac14d3e1b0bdad375349361a78ce2
SEND 1553581736 TRANSACTION 209 17808
RECIEVED 1553581736 TRANSACTION 209 1 16
UPDATE 1553581736 TRANSACTION a38022e47d4aa632e072a791bf6fc62d
SEND 1553581736 TRANSACTION 209 21827
RECIEVED 1553581736 TRANSACTION 208 1 17
UPDATE 1553581736 TRANSACTION 1c714bbf01ac9527d1b4485c27e0197e
SEND 1553581736 TRANSACTION 208 17968
RECIEVED 1553581736 TRANSACTION 210 1 18
UPDATE 1553581736 TRANSACTION c6456b7c4399a25ad63b2c22de737297
SEND 1553581736 TRANSACTION 210 32125
RECIEVED 1553581736 TRANSACTION 208 1 19
UPDATE 1553581736 TRANSACTION 6d8882e2b7751072e7dfa6b3b36a6568
SEND 1553581736 TRANSACTION 208 25123
RECIEVED 1553581737 TRANSACTION 209 1 20
UPDATE 1553581737 TRANSACTION 3d28263998c0e6f042970eef325b936b
SEND 1553581737 TRANSACTION 209 28313
# Listen attempt 1.
# json: cannot unmarshal object into Go struct field Node.Sock of type net.Conn
RECIEVED 1553581737 TRANSACTION 208 1 21
UPDATE 1553581737 TRANSACTION b94e926d3668f10042ef90ffd1c8278b
SEND 1553581737 TRANSACTION 208 24898
RECIEVED 1553581737 TRANSACTION 210 1 22
UPDATE 1553581737 TRANSACTION 70d6c1ee1e7045eea63178ad7021d679
SEND 1553581737 TRANSACTION 210 30139
RECIEVED 1553581737 TRANSACTION 208 1 23
UPDATE 1553581737 TRANSACTION b22816c83b18a963be8ce965084566df
SEND 1553581737 TRANSACTION 208 30491
RECIEVED 1553581737 TRANSACTION 207 1 24
UPDATE 1553581737 TRANSACTION 5248a069536b6d26e2cfffdd3ee9dad0
SEND 1553581737 TRANSACTION 207 28913
RECIEVED 1553581737 TRANSACTION 209 1 25
UPDATE 1553581737 TRANSACTION 93646e657748ea893bc62b081753a861
SEND 1553581737 TRANSACTION 209 29701
RECIEVED 1553581737 TRANSACTION 209 1 26
UPDATE 1553581737 TRANSACTION 6b9f2015181ff83250cfbcdc95c6ed5c
SEND 1553581737 TRANSACTION 209 28419
RECIEVED 1553581737 TRANSACTION 208 1 27
UPDATE 1553581737 TRANSACTION 99944c3d7ed6c242ec14323152b444c4
SEND 1553581737 TRANSACTION 208 27127
RECIEVED 1553581737 TRANSACTION 209 1 28
UPDATE 1553581737 TRANSACTION e156d691e5a0de5177a7949f8e8c3dcf
SEND 1553581737 TRANSACTION 209 24687
RECIEVED 1553581737 TRANSACTION 208 1 29
UPDATE 1553581737 TRANSACTION d5450da495c5d72e0a2d0254140cfc9d
SEND 1553581737 TRANSACTION 208 37801
RECIEVED 1553581737 TRANSACTION 209 1 30
UPDATE 1553581737 TRANSACTION 4c61df8df0a357153e9ab4f510fb91f3
SEND 1553581737 TRANSACTION 209 23787
RECIEVED 1553581737 TRANSACTION 209 1 31
UPDATE 1553581737 TRANSACTION 8f17e21ecc43ed924b94a17557db0e6d
SEND 1553581737 TRANSACTION 209 24467
RECIEVED 1553581737 TRANSACTION 209 1 32
UPDATE 1553581737 TRANSACTION f00fd36925a95ac20b7504513f3b2574
SEND 1553581737 TRANSACTION 209 22315
RECIEVED 1553581737 TRANSACTION 209 1 33
UPDATE 1553581737 TRANSACTION 7a0983d3248752ff20136305f768b989
SEND 1553581737 TRANSACTION 209 20881
RECIEVED 1553581737 TRANSACTION 207 1 34
UPDATE 1553581737 TRANSACTION 2b7736e28896b0031afd7f5685ebd721
SEND 1553581737 TRANSACTION 207 17189
RECIEVED 1553581737 TRANSACTION 206 1 35
UPDATE 1553581737 TRANSACTION 0114d2df22dbd031bb52079312b77b2c
SEND 1553581737 TRANSACTION 206 25457
RECIEVED 1553581737 TRANSACTION 208 1 36
UPDATE 1553581737 TRANSACTION 5cdd4f8efe9e40f83f418e59c9197002
SEND 1553581737 TRANSACTION 208 26648
RECIEVED 1553581738 HB 139 1 37
SEND 1553581738 PING 261 60109
RECIEVED 1553581738 TRANSACTION 210 1 37
UPDATE 1553581738 TRANSACTION 4eadf7b4ce12e8ceede458a7bfcd1b68
SEND 1553581738 TRANSACTION 210 19838
RECIEVED 1553581738 TRANSACTION 209 1 38
UPDATE 1553581738 TRANSACTION 879db30e5d44043478702c29e1dd392f
SEND 1553581738 TRANSACTION 209 19667
RECIEVED 1553581738 TRANSACTION 209 1 39
UPDATE 1553581738 TRANSACTION 3ed3c91a451328ed0fd58a494e451e0a
SEND 1553581738 TRANSACTION 209 24078
RECIEVED 1553581738 TRANSACTION 209 1 40
UPDATE 1553581738 TRANSACTION be5c3d6b21c11aed3c49bda0724fe330
SEND 1553581738 TRANSACTION 209 17578
# Listen attempt 1.
# json: cannot unmarshal object into Go struct field Node.Sock of type net.Conn
RECIEVED 1553581738 TRANSACTION 209 1 41
UPDATE 1553581738 TRANSACTION 4021357bd516234bb1cb66c96e3bb6c8
SEND 1553581738 TRANSACTION 209 24011
RECIEVED 1553581738 TRANSACTION 209 1 42
UPDATE 1553581738 TRANSACTION 1d20a0f31b1ecb3b045284f77a5f50d3
SEND 1553581738 TRANSACTION 209 13152
RECIEVED 1553581738 TRANSACTION 210 1 43
UPDATE 1553581738 TRANSACTION 99d1969a425a8a8f83181c6a128b56cd
SEND 1553581738 TRANSACTION 210 39604
RECIEVED 1553581738 TRANSACTION 210 1 44
UPDATE 1553581738 TRANSACTION 8f9a0afb6324f00e4a5d48a907a074af
SEND 1553581738 TRANSACTION 210 27106
RECIEVED 1553581738 TRANSACTION 210 1 45
UPDATE 1553581738 TRANSACTION 3767c83ae2b1c4e9f193be0b90edf93e
SEND 1553581738 TRANSACTION 210 39982
RECIEVED 1553581738 TRANSACTION 210 1 46
RECIEVED 1553581738 TRANSACTION 209 1 46
UPDATE 1553581738 TRANSACTION e0d5c0ec211efeba758db6696f8d1e48
SEND 1553581738 TRANSACTION 209 37122
RECIEVED 1553581738 TRANSACTION 209 1 47
UPDATE 1553581738 TRANSACTION 240f2f42f3ed538cc350de75fd2960c8
SEND 1553581738 TRANSACTION 209 47429
RECIEVED 1553581738 TRANSACTION 209 1 48
UPDATE 1553581738 TRANSACTION 710bd602c07e6554a5451d97ad237a38
SEND 1553581738 TRANSACTION 209 23318
RECIEVED 1553581738 TRANSACTION 209 1 49
UPDATE 1553581738 TRANSACTION aee12f495155b444bc6dacae49f60f12
SEND 1553581738 TRANSACTION 209 17359
RECIEVED 1553581738 TRANSACTION 209 1 50
UPDATE 1553581738 TRANSACTION 8cdb8457e3720b3b9f1d19f169654582
SEND 1553581738 TRANSACTION 209 30021
RECIEVED 1553581738 TRANSACTION 208 1 51
UPDATE 1553581738 TRANSACTION a612760e50b3a9db8521412daec296dd
SEND 1553581738 TRANSACTION 208 29802
RECIEVED 1553581738 TRANSACTION 209 1 52
UPDATE 1553581738 TRANSACTION 59aa5f72b4e0e99c8c5d20a086a447e9
SEND 1553581738 TRANSACTION 209 23759
RECIEVED 1553581738 TRANSACTION 210 1 53
UPDATE 1553581738 TRANSACTION edc23ce1915a90127d5a9a700a1ae6a4
SEND 1553581738 TRANSACTION 210 18182
RECIEVED 1553581738 TRANSACTION 209 1 54
UPDATE 1553581738 TRANSACTION 814e30d736c8e71dbc51461ecb6b59f1
SEND 1553581738 TRANSACTION 209 23204
RECIEVED 1553581738 TRANSACTION 210 1 55
UPDATE 1553581738 TRANSACTION 52d3f599af40d89d105dfa2d98c42ff0
SEND 1553581738 TRANSACTION 210 28301
RECIEVED 1553581738 TRANSACTION 210 1 56
UPDATE 1553581738 TRANSACTION 8fd8c67942015533dee9048c3e70e4ff
SEND 1553581738 TRANSACTION 210 27542
RECIEVED 1553581738 TRANSACTION 209 1 57
UPDATE 1553581738 TRANSACTION 1e7391641783caaf6b5379c882220624
SEND 1553581738 TRANSACTION 209 17700
RECIEVED 1553581738 TRANSACTION 209 1 58
UPDATE 1553581738 TRANSACTION 6cc2cb0eff40ec611e5e239731fbb1b3
SEND 1553581738 TRANSACTION 209 46980
RECIEVED 1553581738 TRANSACTION 209 1 59
UPDATE 1553581738 TRANSACTION 471721dfbbf94826ffcf5536bc85e060
SEND 1553581738 TRANSACTION 209 22585
RECIEVED 1553581738 TRANSACTION 210 1 60
UPDATE 1553581738 TRANSACTION 13ce302284f715cf3c352bc78078f243
SEND 1553581738 TRANSACTION 210 25358
RECIEVED 1553581739 TRANSACTION 209 1 61
UPDATE 1553581739 TRANSACTION 2b1206fdd772b82f5be8a477ed7327d9
SEND 1553581739 TRANSACTION 209 20251
RECIEVED 1553581739 TRANSACTION 210 1 62
UPDATE 1553581739 TRANSACTION 010c5e70d1234f1567de2b2c1e894055
SEND 1553581739 TRANSACTION 210 29813
# Listen attempt 1.
# json: cannot unmarshal object into Go struct field Node.Sock of type net.Conn
RECIEVED 1553581739 HB 139 1 63
SEND 1553581739 PING 261 40780
RECIEVED 1553581739 TRANSACTION 208 1 63
UPDATE 1553581739 TRANSACTION 8b1030e37000f45070633f353244a8a7
SEND 1553581739 TRANSACTION 208 38272
RECIEVED 1553581739 TRANSACTION 208 1 64
UPDATE 1553581739 TRANSACTION 1213429887d8b8b6fb31956b8685d34c
SEND 1553581739 TRANSACTION 208 37179
RECIEVED 1553581739 TRANSACTION 209 1 65
UPDATE 1553581739 TRANSACTION db83a1aeecfcd398adef5525915603d5
SEND 1553581739 TRANSACTION 209 18143
RECIEVED 1553581739 TRANSACTION 209 1 66
UPDATE 1553581739 TRANSACTION d11dffd85ccc17742ba8e3b928229cde
SEND 1553581739 TRANSACTION 209 28121
RECIEVED 1553581739 TRANSACTION 208 1 67
UPDATE 1553581739 TRANSACTION dc9a2d8576f99a80852f81ed233d9636
SEND 1553581739 TRANSACTION 208 17889
RECIEVED 1553581739 TRANSACTION 209 1 68
UPDATE 1553581739 TRANSACTION ceb5007e6f0fb22c2b12ff7991ed01cb
SEND 1553581739 TRANSACTION 209 23574
RECIEVED 1553581739 TRANSACTION 208 1 69
UPDATE 1553581739 TRANSACTION e63629ce82f1519b7edb87a1aa3be78f
SEND 1553581739 TRANSACTION 208 23628
RECIEVED 1553581739 TRANSACTION 208 1 70
UPDATE 1553581739 TRANSACTION cd46b03e3fef2199ac5037fb8ebe0242
SEND 1553581739 TRANSACTION 208 41769
RECIEVED 1553581739 TRANSACTION 209 1 71
UPDATE 1553581739 TRANSACTION 36386bbe335694c00938cc5804990ee0
SEND 1553581739 TRANSACTION 209 23334
RECIEVED 1553581739 TRANSACTION 208 1 72
UPDATE 1553581739 TRANSACTION ade098fd24cec7f967a076bbf32b1483
SEND 1553581739 TRANSACTION 208 32803
# Listen attempt 1.
# json: cannot unmarshal object into Go struct field Node.Sock of type net.Conn
# Listen attempt 2.
# json: cannot unmarshal object into Go struct field Node.Sock of type net.Conn
# Listen attempt 3.
# json: cannot unmarshal object into Go struct field Node.Sock of type net.Conn
# Could not recieve message properly
RECIEVED 1553581744 TRANSACTION 209 1 73
UPDATE 1553581744 TRANSACTION 4db2a65b34135d662c0abd8781698e9d
# Could not send message to node14
RECIEVED 1553581744 TRANSACTION 208 0 74
UPDATE 1553581744 TRANSACTION 9c8ddd415eede33d799a64394e450566
RECIEVED 1553581744 TRANSACTION 209 0 75
UPDATE 1553581744 TRANSACTION 8cf174053a88f59e45fe23f772e6c4f1
RECIEVED 1553581744 TRANSACTION 210 0 76
UPDATE 1553581744 TRANSACTION 7d843620ff55a3c456b3585bb724c0aa
RECIEVED 1553581744 TRANSACTION 210 0 77
UPDATE 1553581744 TRANSACTION 42295a4ee03ce3560ecbbfcda7d421b6
RECIEVED 1553581744 TRANSACTION 208 0 78
UPDATE 1553581744 TRANSACTION bbe7ead7ea0f8d9e12852e1b3aa4a4f1
RECIEVED 1553581744 TRANSACTION 208 0 79
UPDATE 1553581744 TRANSACTION 87c7ae485f1252c56335c71028190ec7
RECIEVED 1553581744 TRANSACTION 209 0 80
UPDATE 1553581744 TRANSACTION 6835ad42be576c854890f5323324b5f9
RECIEVED 1553581744 TRANSACTION 209 0 81
UPDATE 1553581744 TRANSACTION b6bdaee44a590f03c70e22447b04da41
RECIEVED 1553581744 TRANSACTION 208 0 82
UPDATE 1553581744 TRANSACTION c27df7953d554ac4b9f2688f9aae78bc
RECIEVED 1553581744 TRANSACTION 209 0 83
UPDATE 1553581744 TRANSACTION f3757fc850f3c29814ea7aeb5f683600
RECIEVED 1553581744 TRANSACTION 208 0 84
UPDATE 1553581744 TRANSACTION be1f5ae9c5c956a29af61ba903a9ebc1
RECIEVED 1553581744 TRANSACTION 208 0 85
UPDATE 1553581744 TRANSACTION 2d0fd760b02c96197728efcbc50d3992
RECIEVED 1553581744 TRANSACTION 208 0 86
UPDATE 1553581744 TRANSACTION 0893caab659099cffae784f24b9349cb
RECIEVED 1553581744 TRANSACTION 207 0 87
UPDATE 1553581744 TRANSACTION 345ce3ac0aadff9d2325800975d5c29b
RECIEVED 1553581744 TRANSACTION 209 0 88
UPDATE 1553581744 TRANSACTION 20be69af1106a3e3700bcc6468b3ac45
RECIEVED 1553581744 TRANSACTION 209 0 89
UPDATE 1553581744 TRANSACTION a0af29d0bb5b12a390b006c17bb2d06d
RECIEVED 1553581744 TRANSACTION 209 0 90
UPDATE 1553581744 TRANSACTION 2db8b3be3d320594a4ec7247368618da
RECIEVED 1553581744 TRANSACTION 209 0 91
UPDATE 1553581744 TRANSACTION daf6c2202f74e61bd166f294d3470299
RECIEVED 1553581744 TRANSACTION 209 0 92
UPDATE 1553581744 TRANSACTION f02e108477f372f1672153538f51087b
RECIEVED 1553581744 TRANSACTION 209 0 93
UPDATE 1553581744 TRANSACTION 81c726aa33c4d978d992e50753d727f9
RECIEVED 1553581744 TRANSACTION 209 0 94
UPDATE 1553581744 TRANSACTION 03c04254e37eed6dd2e90c34ba8daeca
RECIEVED 1553581744 TRANSACTION 207 0 95
UPDATE 1553581744 TRANSACTION ae6a3344ea6a40f40890bebae9694095
RECIEVED 1553581744 TRANSACTION 206 0 96
UPDATE 1553581744 TRANSACTION 3c3c505ab3f97a7d420482f2da100be6
RECIEVED 1553581744 TRANSACTION 210 0 97
UPDATE 1553581744 TRANSACTION 1c4d392502a3d3ce2dc6075f1b56f22f
RECIEVED 1553581744 TRANSACTION 208 0 98
UPDATE 1553581744 TRANSACTION 5c204957f8c73864cbcbb0c66f323367
RECIEVED 1553581744 TRANSACTION 209 0 99
UPDATE 1553581744 TRANSACTION 1e11dcccb5924db72d2ce3fb968ca51b
RECIEVED 1553581744 TRANSACTION 209 0 100
UPDATE 1553581744 TRANSACTION 50fc53493d0893d18e0e5bad3ce7d253
RECIEVED 1553581744 TRANSACTION 210 0 101
UPDATE 1553581744 TRANSACTION feef56900e4e4d7947ad959e0f915a96
RECIEVED 1553581744 TRANSACTION 209 0 102
UPDATE 1553581744 TRANSACTION 278b6945caeaacf39b98783817f21a14
RECIEVED 1553581744 TRANSACTION 209 0 103
UPDATE 1553581744 TRANSACTION 95e22ea9b41c6ce3f80c12bbac6ed84a
RECIEVED 1553581744 HB 139 0 104
RECIEVED 1553581744 TRANSACTION 209 0 104
UPDATE 1553581744 TRANSACTION ed90d4b957569dadd6cfcf12b5764fc9
RECIEVED 1553581745 HB 139 0 105
RECIEVED 1553581745 TRANSACTION 209 0 105
UPDATE 1553581745 TRANSACTION 982cd343e2afa8d2eb1478e77e7e3a22
RECIEVED 1553581746 HB 139 0 106
RECIEVED 1553581747 HB 139 0 106
RECIEVED 1553581748 HB 139 0 106
RECIEVED 1553581749 HB 139 0 106
RECIEVED 1553581750 HB 139 0 106
RECIEVED 1553581750 TRANSACTION 208 0 106
UPDATE 1553581750 TRANSACTION d8ea6424e3dd049a322cbb2f85354eff
RECIEVED 1553581751 HB 139 0 107
RECIEVED 1553581752 HB 139 0 107
RECIEVED 1553581753 HB 139 0 107
RECIEVED 1553581754 HB 139 0 107
RECIEVED 1553581755 HB 139 0 107
RECIEVED 1553581755 TRANSACTION 209 0 107
UPDATE 1553581755 TRANSACTION 2496465bd680c8752dffccd7ca5081b0
RECIEVED 1553581756 HB 139 0 108
RECIEVED 1553581757 HB 139 0 108
RECIEVED 1553581758 HB 139 0 108
RECIEVED 1553581758 TRANSACTION 207 0 108
UPDATE 1553581758 TRANSACTION 87380b7fd4a07263de814ab6430e5031
RECIEVED 1553581759 HB 139 0 109
RECIEVED 1553581760 HB 139 0 109
RECIEVED 1553581761 TRANSACTION 210 0 109
UPDATE 1553581761 TRANSACTION c439f5730191e22cef2da403b167d7be
RECIEVED 1553581761 HB 139 0 110
RECIEVED 1553581762 HB 139 0 110
RECIEVED 1553581762 TRANSACTION 209 0 110
UPDATE 1553581762 TRANSACTION 9542955eb2115ce6bc59afed73053b04
RECIEVED 1553581763 HB 139 0 111
RECIEVED 1553581764 HB 139 0 111
RECIEVED 1553581764 TRANSACTION 209 0 111
UPDATE 1553581764 TRANSACTION 482cb7f9f88794ff57a0593f2d952b70
RECIEVED 1553581765 HB 139 0 112
RECIEVED 1553581766 HB 139 0 112
RECIEVED 1553581767 HB 139 0 112
RECIEVED 1553581767 TRANSACTION 209 0 112
UPDATE 1553581767 TRANSACTION 030e256c960eb9fc1cdea80ac37ecce1
RECIEVED 1553581768 HB 139 0 113
RECIEVED 1553581769 HB 139 0 113
RECIEVED 1553581770 HB 139 0 113
RECIEVED 1553581771 HB 139 0 113
RECIEVED 1553581772 HB 139 0 113
RECIEVED 1553581773 HB 139 0 113
RECIEVED 1553581774 HB 139 0 113
RECIEVED 1553581775 HB 139 0 113
RECIEVED 1553581775 TRANSACTION 208 0 113
UPDATE 1553581775 TRANSACTION 1e8f11faccfa9fe32d26a108455bbd1c
RECIEVED 1553581776 HB 139 0 114
RECIEVED 1553581777 HB 139 0 114
RECIEVED 1553581778 HB 139 0 114
RECIEVED 1553581779 HB 139 0 114
RECIEVED 1553581779 TRANSACTION 208 0 114
UPDATE 1553581779 TRANSACTION fb7a4f3ad5e6075624f992ff97e84b9b
RECIEVED 1553581779 TRANSACTION 208 0 115
UPDATE 1553581779 TRANSACTION f83a119659a903ceaeda09ac2611db9c
RECIEVED 1553581780 HB 139 0 116
RECIEVED 1553581781 HB 139 0 116
RECIEVED 1553581782 HB 139 0 116
RECIEVED 1553581783 HB 139 0 116
RECIEVED 1553581784 HB 139 0 116
RECIEVED 1553581785 HB 139 0 116
RECIEVED 1553581786 HB 139 0 116
RECIEVED 1553581787 HB 139 0 116
RECIEVED 1553581788 TRANSACTION 210 0 116
UPDATE 1553581788 TRANSACTION ebb6d06a0b86b08bd0169cc6183f3119
RECIEVED 1553581788 HB 139 0 117
RECIEVED 1553581789 HB 139 0 117
RECIEVED 1553581790 HB 139 0 117
RECIEVED 1553581791 HB 139 0 117
RECIEVED 1553581792 HB 139 0 117
RECIEVED 1553581793 HB 139 0 117
RECIEVED 1553581794 HB 139 0 117
RECIEVED 1553581795 HB 139 0 117
RECIEVED 1553581796 HB 139 0 117
RECIEVED 1553581796 TRANSACTION 209 0 117
UPDATE 1553581796 TRANSACTION 99eefba13c69103f1bdd62eb56d7b82b
RECIEVED 1553581797 HB 139 0 118
RECIEVED 1553581798 HB 139 0 118
RECIEVED 1553581799 HB 139 0 118
RECIEVED 1553581800 HB 139 0 118
RECIEVED 1553581826 TRANSACTION 209 0 118
UPDATE 1553581826 TRANSACTION a2180d343f9a943b01f449198e6459f7
RECIEVED 1553581826 TRANSACTION 209 0 119
UPDATE 1553581826 TRANSACTION 0317da9668d30ae958387040a4f0e7a5
RECIEVED 1553581826 HB 139 0 120
RECIEVED 1553581827 HB 139 0 120
RECIEVED 1553581828 HB 139 0 120
RECIEVED 1553581829 HB 139 0 120
RECIEVED 1553581830 HB 139 0 120
RECIEVED 1553581832 HB 139 0 120
RECIEVED 1553581833 HB 139 0 120
RECIEVED 1553581834 HB 139 0 120
RECIEVED 1553581835 HB 139 0 120
RECIEVED 1553581836 HB 139 0 120
RECIEVED 1553581837 HB 139 0 120
RECIEVED 1553581838 HB 139 0 120
RECIEVED 1553581839 HB 139 0 120
RECIEVED 1553581840 HB 139 0 120
RECIEVED 1553581841 HB 139 0 120
RECIEVED 1553581843 HB 139 0 120
RECIEVED 1553581844 HB 139 0 120
RECIEVED 1553581845 HB 139 0 120
RECIEVED 1553581846 HB 139 0 120
RECIEVED 1553581847 HB 139 0 120
RECIEVED 1553581848 HB 139 0 120
RECIEVED 1553581849 HB 139 0 120
RECIEVED 1553581850 HB 139 0 120
RECIEVED 1553581851 HB 139 0 120
RECIEVED 1553581852 HB 139 0 120
RECIEVED 1553581854 HB 139 0 120
RECIEVED 1553581855 HB 139 0 120
RECIEVED 1553581856 HB 139 0 120
RECIEVED 1553581857 HB 139 0 120
RECIEVED 1553581858 HB 139 0 120
RECIEVED 1553581859 HB 139 0 120
RECIEVED 1553581860 HB 139 0 120
RECIEVED 1553581861 HB 139 0 120
RECIEVED 1553581862 HB 139 0 120
RECIEVED 1553581863 HB 139 0 120
RECIEVED 1553581864 HB 139 0 120
RECIEVED 1553581866 HB 139 0 120
RECIEVED 1553581867 HB 139 0 120
RECIEVED 1553581868 HB 139 0 120
RECIEVED 1553581869 HB 139 0 120
RECIEVED 1553581870 HB 139 0 120
RECIEVED 1553581871 HB 139 0 120
RECIEVED 1553581872 HB 139 0 120
RECIEVED 1553581873 HB 139 0 120
RECIEVED 1553581874 HB 139 0 120
RECIEVED 1553581875 HB 139 0 120
RECIEVED 1553581876 HB 139 0 120
RECIEVED 1553581877 HB 139 0 120
RECIEVED 1553581878 HB 139 0 120
RECIEVED 1553581879 HB 139 0 120
RECIEVED 1553581880 HB 139 0 120
RECIEVED 1553581881 HB 139 0 120
RECIEVED 1553581883 HB 139 0 120
RECIEVED 1553581884 HB 139 0 120
RECIEVED 1553581885 HB 139 0 120
RECIEVED 1553581886 HB 139 0 120
RECIEVED 1553581887 HB 139 0 120
RECIEVED 1553581888 HB 139 0 120
RECIEVED 1553581889 HB 139 0 120
RECIEVED 1553581890 HB 139 0 120
RECIEVED 1553581891 HB 139 0 120
RECIEVED 1553581892 HB 139 0 120
RECIEVED 1553581893 HB 139 0 120
RECIEVED 1553581894 HB 139 0 120
RECIEVED 1553581895 HB 139 0 120
