RECIEVED 1553581749 INTRODUCE 37 0 0
SEND 1553581749 JOIN 32 17934
RECIEVED 1553581749 INTRODUCE 37 1 0
SEND 1553581749 INTRODUCE 37 44947
SEND 1553581749 JOIN 32 18832
RECIEVED 1553581749 INTRODUCE 36 2 0
SEND 1553581749 INTRODUCE 36 18532
SEND 1553581749 INTRODUCE 36 13886
SEND 1553581749 JOIN 32 36529
RECIEVED 1553581754 TRANSACTION 80 3 0
UPDATE 1553581754 TRANSACTION 547abeba114cac161de92d499c1e5536
RECIEVED 1553581759 HB 3 3 1
SEND 1553581759 INTRODUCE 37 42649
SEND 1553581759 INTRODUCE 37 21152
SEND 1553581759 INTRODUCE 36 18704
RECIEVED 1553581766 TRANSACTION 81 3 1
UPDATE 1553581766 TRANSACTION 5d144e61c87395ab36d7969472114cd4
SEND 1553581766 TRANSACTION 81 33649 5d144e61c87395ab36d7969472114cd4
# Failed listening 
%!(EXTRA string=node7)# ERROR: read tcp 172.22.156.206:43098->172.22.156.207:8007: read: connection reset by peer
RECIEVED 1553581769 HB 3 3 2
RECIEVED 1553581772 TRANSACTION 80 3 2
UPDATE 1553581772 TRANSACTION 9ff72af2dfe981a9a10624dd78998ad1
SEND 1553581772 TRANSACTION 80 26315 9ff72af2dfe981a9a10624dd78998ad1
# Failed listening 
%!(EXTRA string=node12)# ERROR: read tcp 172.22.156.206:45470->172.22.156.207:8012: read: connection reset by peer
RECIEVED 1553581779 HB 3 3 3
# Failed listening 
%!(EXTRA string=node12)# ERROR: read tcp 172.22.156.206:56040->172.22.158.207:8012: read: connection reset by peer
RECIEVED 1553581785 TRANSACTION 80 3 3
UPDATE 1553581785 TRANSACTION 8ecc34e03d3474ae9a45dc58593ef9eb
# Failed sending to node node12
# ERROR: write tcp 172.22.156.206:45470->172.22.156.207:8012: write: broken pipe
# Could not send message to node12
RECIEVED 1553581787 TRANSACTION 81 2 4
UPDATE 1553581787 TRANSACTION 740155445003cf85e8e82aba339a8049
# Failed sending to node node12
# ERROR: write tcp 172.22.156.206:56040->172.22.158.207:8012: write: broken pipe
# Could not send message to node12
RECIEVED 1553581789 HB 3 1 5
RECIEVED 1553581791 TRANSACTION 80 1 5
UPDATE 1553581791 TRANSACTION 23c50bb23a9708bec40be2f8e3c0bc22
RECIEVED 1553581799 HB 3 1 6
RECIEVED 1553581803 TRANSACTION 81 1 6
UPDATE 1553581803 TRANSACTION f791564e7b7638ae174b5c87ba79637e
# Failed sending to node node7
# ERROR: write tcp 172.22.156.206:43098->172.22.156.207:8007: write: broken pipe
# Could not send message to node7
RECIEVED 1553581805 TRANSACTION 81 0 7
UPDATE 1553581805 TRANSACTION 3a34118db4343be804d17d916514d1a7
RECIEVED 1553581807 TRANSACTION 80 0 8
UPDATE 1553581807 TRANSACTION d9f410b13fb1a83b7ec90a1da032d028
RECIEVED 1553581809 HB 3 0 9
RECIEVED 1553581810 TRANSACTION 81 0 9
UPDATE 1553581810 TRANSACTION 740d63c2377b3c0f86ae09dcae6be2c6
RECIEVED 1553581811 TRANSACTION 81 0 10
UPDATE 1553581811 TRANSACTION 6d2028f503823e34598f5a563ef07092
RECIEVED 1553581815 TRANSACTION 81 0 11
UPDATE 1553581815 TRANSACTION 67a2c200fea455a4d465e941d7e04786
RECIEVED 1553581819 HB 3 0 12
RECIEVED 1553581824 TRANSACTION 80 0 12
UPDATE 1553581824 TRANSACTION 923ae60b5c17aad3dc7cfc758f0ef261
RECIEVED 1553581827 TRANSACTION 81 0 13
UPDATE 1553581827 TRANSACTION 94fb2ddab85d92a1d63d5713fe9d5ab7
RECIEVED 1553581829 HB 3 0 14
RECIEVED 1553581834 TRANSACTION 82 0 14
UPDATE 1553581834 TRANSACTION 782a0955e0b540d3b9628bd26b9fa9bf
RECIEVED 1553581839 HB 3 0 15
RECIEVED 1553581842 TRANSACTION 83 0 15
UPDATE 1553581842 TRANSACTION cf2bce5408c5c9cca2ed73a50ace4f6e
RECIEVED 1553581843 TRANSACTION 81 0 16
UPDATE 1553581843 TRANSACTION 9a8860883151d455963a29086037b768
RECIEVED 1553581847 TRANSACTION 81 0 17
UPDATE 1553581847 TRANSACTION 5f7b1cdf4cd994d785d4726c33f1e4d2
RECIEVED 1553581849 HB 3 0 18
RECIEVED 1553581850 TRANSACTION 81 0 18
UPDATE 1553581850 TRANSACTION 24a295ca2ed26ddf3e3b529cc31ad3fc
RECIEVED 1553581852 TRANSACTION 81 0 19
UPDATE 1553581852 TRANSACTION 4bf9e3bf44205660656bda1e2deb2359
RECIEVED 1553581853 TRANSACTION 82 0 20
UPDATE 1553581853 TRANSACTION 191f9a690334975acb72abf26d3fdb7b
RECIEVED 1553581854 TRANSACTION 81 0 21
UPDATE 1553581854 TRANSACTION 41e6d321647c68c8b7cc8003ca8cfb88
RECIEVED 1553581856 TRANSACTION 81 0 22
UPDATE 1553581856 TRANSACTION 39afce9b439d10714ea121a2ab3b7273
RECIEVED 1553581858 TRANSACTION 81 0 23
UPDATE 1553581858 TRANSACTION 0a090ba429cd03a23ae3a5b79aca3906
RECIEVED 1553581859 TRANSACTION 80 0 24
UPDATE 1553581859 TRANSACTION 80b8e4166503f30aca3fafb26fd0c6c7
RECIEVED 1553581859 HB 3 0 25
RECIEVED 1553581860 TRANSACTION 80 0 25
UPDATE 1553581860 TRANSACTION 94f954ef69161154186c9eba6c01bbd3
RECIEVED 1553581860 TRANSACTION 80 0 26
UPDATE 1553581860 TRANSACTION 20a3b4431518d1025f9d3c20d30edd8d
RECIEVED 1553581863 TRANSACTION 81 0 27
UPDATE 1553581863 TRANSACTION 809106033a849f6a25423f7c0d761824
RECIEVED 1553581864 TRANSACTION 81 0 28
UPDATE 1553581864 TRANSACTION 6c577d66afb71b983c0db95bb25d5f2b
RECIEVED 1553581868 TRANSACTION 81 0 29
UPDATE 1553581868 TRANSACTION b0a69139957eca4b6ad2b15fb2d79717
RECIEVED 1553581869 TRANSACTION 82 0 30
UPDATE 1553581869 TRANSACTION 4a4e902c89db3f020e7628ac240ec4c5
RECIEVED 1553581869 HB 3 0 31
RECIEVED 1553581872 TRANSACTION 81 0 31
UPDATE 1553581872 TRANSACTION 15d15e65dc0a6895885b5bbb56d449a0
RECIEVED 1553581872 TRANSACTION 81 0 32
UPDATE 1553581872 TRANSACTION c683404902b8d414ca647030516772f7
RECIEVED 1553581879 HB 3 0 33
RECIEVED 1553581880 TRANSACTION 81 0 33
UPDATE 1553581880 TRANSACTION b21bb2bb5407cb664303c3b5305f9623
RECIEVED 1553581881 TRANSACTION 81 0 34
UPDATE 1553581881 TRANSACTION 616cd7dd2e05169a1babb9231c272759
RECIEVED 1553581884 TRANSACTION 82 0 35
UPDATE 1553581884 TRANSACTION 1b4407529c1c8fae6a21d69a373798c2
RECIEVED 1553581888 TRANSACTION 81 0 36
UPDATE 1553581888 TRANSACTION bf62aadf0b47a6acbee7eaaacefaaeee
RECIEVED 1553581888 TRANSACTION 81 0 37
UPDATE 1553581888 TRANSACTION 96a94cbe10c0c02b7a36fea06e04dc9d
RECIEVED 1553581889 HB 3 0 38
RECIEVED 1553581890 TRANSACTION 81 0 38
UPDATE 1553581890 TRANSACTION eb938ed7c47a7da999200c74db9e2ba2
