RECIEVED 1553581737 INTRODUCE 36 0 0
SEND 1553581737 JOIN 30 13740
RECIEVED 1553581737 INTRODUCE 35 1 0
SEND 1553581737 INTRODUCE 35 12054
SEND 1553581737 JOIN 30 17275
RECIEVED 1553581737 INTRODUCE 36 2 0
SEND 1553581737 INTRODUCE 36 9120
SEND 1553581737 INTRODUCE 36 8854
SEND 1553581737 JOIN 30 13482
RECIEVED 1553581737 INTRODUCE 36 3 0
SEND 1553581737 INTRODUCE 36 8474
SEND 1553581737 INTRODUCE 36 9929
SEND 1553581737 INTRODUCE 36 29916
SEND 1553581737 JOIN 30 40088
RECIEVED 1553581737 INTRODUCE 36 4 0
SEND 1553581737 INTRODUCE 36 14018
SEND 1553581737 INTRODUCE 36 10054
SEND 1553581737 INTRODUCE 36 11264
SEND 1553581737 INTRODUCE 36 19174
SEND 1553581737 JOIN 30 24692
RECIEVED 1553581737 INTRODUCE 35 5 0
SEND 1553581737 INTRODUCE 35 25671
SEND 1553581737 INTRODUCE 35 20154
SEND 1553581737 INTRODUCE 35 10214
SEND 1553581737 INTRODUCE 35 10068
SEND 1553581737 INTRODUCE 35 14041
SEND 1553581737 JOIN 30 11806
RECIEVED 1553581737 INTRODUCE 36 6 0
SEND 1553581737 INTRODUCE 36 10796
SEND 1553581737 INTRODUCE 36 21303
SEND 1553581737 INTRODUCE 36 15491
SEND 1553581737 INTRODUCE 36 16029
SEND 1553581737 INTRODUCE 36 11963
SEND 1553581737 INTRODUCE 36 11600
SEND 1553581737 JOIN 30 18885
RECIEVED 1553581737 INTRODUCE 37 7 0
SEND 1553581737 INTRODUCE 37 10936
SEND 1553581737 INTRODUCE 37 13698
SEND 1553581737 INTRODUCE 37 15199
SEND 1553581737 INTRODUCE 37 37197
SEND 1553581737 INTRODUCE 37 21460
SEND 1553581737 INTRODUCE 37 14198
SEND 1553581737 INTRODUCE 37 25291
SEND 1553581737 JOIN 30 19907
RECIEVED 1553581737 INTRODUCE 37 8 0
SEND 1553581737 INTRODUCE 37 14807
SEND 1553581737 INTRODUCE 37 14684
SEND 1553581737 INTRODUCE 37 20629
SEND 1553581737 INTRODUCE 37 18482
SEND 1553581737 INTRODUCE 37 15244
SEND 1553581737 INTRODUCE 37 18989
SEND 1553581737 INTRODUCE 37 10115
SEND 1553581737 INTRODUCE 37 11300
SEND 1553581737 JOIN 30 15776
RECIEVED 1553581737 INTRODUCE 36 9 0
SEND 1553581737 INTRODUCE 36 13869
SEND 1553581737 INTRODUCE 36 20523
SEND 1553581737 INTRODUCE 36 9876
SEND 1553581737 INTRODUCE 36 15193
SEND 1553581737 INTRODUCE 36 15745
SEND 1553581737 INTRODUCE 36 15288
SEND 1553581737 INTRODUCE 36 10473
SEND 1553581737 INTRODUCE 36 24297
SEND 1553581737 INTRODUCE 36 20885
SEND 1553581737 JOIN 30 15484
RECIEVED 1553581737 INTRODUCE 35 10 0
SEND 1553581737 INTRODUCE 35 16247
SEND 1553581737 INTRODUCE 35 15766
SEND 1553581737 INTRODUCE 35 10035
SEND 1553581737 INTRODUCE 35 18731
SEND 1553581737 INTRODUCE 35 19192
SEND 1553581737 INTRODUCE 35 20638
SEND 1553581737 INTRODUCE 35 11065
SEND 1553581737 INTRODUCE 35 20331
SEND 1553581737 INTRODUCE 35 19745
SEND 1553581737 INTRODUCE 35 11612
SEND 1553581737 JOIN 30 14196
RECIEVED 1553581737 INTRODUCE 36 11 0
SEND 1553581737 INTRODUCE 36 11749
SEND 1553581737 INTRODUCE 36 20082
SEND 1553581737 INTRODUCE 36 20879
SEND 1553581737 INTRODUCE 36 24806
SEND 1553581737 INTRODUCE 36 10713
SEND 1553581737 INTRODUCE 36 14955
SEND 1553581737 INTRODUCE 36 15160
SEND 1553581737 INTRODUCE 36 11832
SEND 1553581737 INTRODUCE 36 9618
SEND 1553581737 INTRODUCE 36 15673
SEND 1553581737 INTRODUCE 36 21076
SEND 1553581737 JOIN 30 24069
RECIEVED 1553581737 INTRODUCE 37 12 0
SEND 1553581737 INTRODUCE 37 25774
SEND 1553581737 INTRODUCE 37 11288
SEND 1553581737 INTRODUCE 37 20527
SEND 1553581737 INTRODUCE 37 14822
# recieved string JOIN node9 172.22.94.216 8009

SEND 1553581737 INTRODUCE 37 13225
SEND 1553581737 INTRODUCE 37 12094
SEND 1553581737 INTRODUCE 37 20212
SEND 1553581737 INTRODUCE 37 15119
SEND 1553581737 INTRODUCE 37 14989
SEND 1553581737 INTRODUCE 37 11264
SEND 1553581737 INTRODUCE 37 15156
SEND 1553581737 INTRODUCE 37 14872
SEND 1553581737 JOIN 30 15071
RECIEVED 1553581737 INTRODUCE 36 13 0
RECIEVED 1553581737 TRANSACTION 82 13 0
UPDATE 1553581737 TRANSACTION 42df96628b434e48b3b1cb45b74e25e7
SEND 1553581737 TRANSACTION 82 29850 42df96628b434e48b3b1cb45b74e25e7
SEND 1553581737 TRANSACTION 82 10546 42df96628b434e48b3b1cb45b74e25e7
SEND 1553581737 TRANSACTION 82 15675 42df96628b434e48b3b1cb45b74e25e7
RECIEVED 1553581737 INTRODUCE 36 13 1
RECIEVED 1553581737 INTRODUCE 35 13 1
RECIEVED 1553581737 INTRODUCE 35 13 1
RECIEVED 1553581737 INTRODUCE 36 13 1
RECIEVED 1553581737 INTRODUCE 36 13 1
SEND 1553581737 INTRODUCE 36 14172
SEND 1553581737 INTRODUCE 36 14738
SEND 1553581737 INTRODUCE 36 23609
SEND 1553581737 INTRODUCE 36 10019
SEND 1553581737 INTRODUCE 36 15139
SEND 1553581737 INTRODUCE 36 14496
SEND 1553581737 INTRODUCE 36 29523
SEND 1553581737 INTRODUCE 36 11175
SEND 1553581737 INTRODUCE 36 14704
SEND 1553581737 INTRODUCE 36 10976
SEND 1553581737 INTRODUCE 36 15338
SEND 1553581737 INTRODUCE 36 18762
SEND 1553581737 INTRODUCE 36 22892
SEND 1553581737 JOIN 30 32596
RECIEVED 1553581737 INTRODUCE 37 14 1
RECIEVED 1553581737 INTRODUCE 35 14 1
RECIEVED 1553581737 INTRODUCE 36 14 1
RECIEVED 1553581737 INTRODUCE 37 14 1
RECIEVED 1553581737 INTRODUCE 36 14 1
RECIEVED 1553581737 INTRODUCE 35 14 1
RECIEVED 1553581737 INTRODUCE 37 14 1
RECIEVED 1553581737 INTRODUCE 36 14 1
RECIEVED 1553581737 INTRODUCE 36 14 1
RECIEVED 1553581737 INTRODUCE 36 14 1
RECIEVED 1553581737 INTRODUCE 36 14 1
SEND 1553581737 INTRODUCE 36 12729
SEND 1553581737 INTRODUCE 36 15419
SEND 1553581737 INTRODUCE 36 15368
SEND 1553581737 INTRODUCE 36 15873
SEND 1553581737 INTRODUCE 36 26433
SEND 1553581737 INTRODUCE 36 25619
SEND 1553581737 INTRODUCE 36 30429
SEND 1553581737 INTRODUCE 36 16528
SEND 1553581737 INTRODUCE 36 10980
SEND 1553581737 INTRODUCE 36 32310
SEND 1553581737 INTRODUCE 36 31574
SEND 1553581737 INTRODUCE 36 16358
SEND 1553581737 INTRODUCE 36 14075
# recieved string JOIN node12 172.22.94.216 8012

SEND 1553581737 INTRODUCE 36 15382
SEND 1553581737 JOIN 30 20132
RECIEVED 1553581737 INTRODUCE 36 15 1
RECIEVED 1553581737 INTRODUCE 36 15 1
RECIEVED 1553581737 INTRODUCE 36 15 1
SEND 1553581737 INTRODUCE 36 11047
SEND 1553581737 INTRODUCE 36 20998
SEND 1553581737 INTRODUCE 36 15067
SEND 1553581737 INTRODUCE 36 34558
SEND 1553581737 INTRODUCE 36 22880
SEND 1553581737 INTRODUCE 36 16264
SEND 1553581737 INTRODUCE 36 12627
SEND 1553581737 INTRODUCE 36 15747
SEND 1553581737 INTRODUCE 36 15607
SEND 1553581737 INTRODUCE 36 35313
SEND 1553581737 INTRODUCE 36 12832
SEND 1553581737 INTRODUCE 36 15684
SEND 1553581737 INTRODUCE 36 15612
SEND 1553581737 INTRODUCE 36 38652
SEND 1553581737 INTRODUCE 36 16235
SEND 1553581737 JOIN 30 15072
RECIEVED 1553581737 INTRODUCE 36 16 1
RECIEVED 1553581737 INTRODUCE 36 16 1
RECIEVED 1553581737 JOIN 30 16 1
RECIEVED 1553581737 INTRODUCE 37 16 1
RECIEVED 1553581737 INTRODUCE 36 16 1
RECIEVED 1553581737 INTRODUCE 36 16 1
RECIEVED 1553581737 TRANSACTION 81 16 1
UPDATE 1553581737 TRANSACTION 3843dd85d040521f54460c1af78bdb7a
SEND 1553581737 TRANSACTION 81 14990 3843dd85d040521f54460c1af78bdb7a
SEND 1553581737 TRANSACTION 81 29460 3843dd85d040521f54460c1af78bdb7a
SEND 1553581737 TRANSACTION 81 16049 3843dd85d040521f54460c1af78bdb7a
SEND 1553581737 TRANSACTION 81 37812 3843dd85d040521f54460c1af78bdb7a
SEND 1553581737 TRANSACTION 81 16099 3843dd85d040521f54460c1af78bdb7a
RECIEVED 1553581737 INTRODUCE 36 16 2
RECIEVED 1553581737 INTRODUCE 37 16 2
RECIEVED 1553581737 INTRODUCE 36 16 2
RECIEVED 1553581737 JOIN 31 16 2
RECIEVED 1553581737 INTRODUCE 37 16 2
# recieved string JOIN node13 172.22.94.216 8013

RECIEVED 1553581737 JOIN 31 16 2
SEND 1553581737 INTRODUCE 35 12879
SEND 1553581737 INTRODUCE 37 14480
SEND 1553581737 INTRODUCE 37 12630
SEND 1553581737 INTRODUCE 36 10641
SEND 1553581737 INTRODUCE 36 10682
SEND 1553581737 INTRODUCE 35 8956
SEND 1553581737 INTRODUCE 36 10056
SEND 1553581737 INTRODUCE 36 9242
SEND 1553581737 INTRODUCE 36 10342
SEND 1553581737 INTRODUCE 36 8640
SEND 1553581737 INTRODUCE 36 10840
SEND 1553581737 INTRODUCE 36 9786
SEND 1553581737 INTRODUCE 36 10669
SEND 1553581737 INTRODUCE 36 10586
SEND 1553581737 INTRODUCE 35 9922
SEND 1553581737 INTRODUCE 37 9242
RECIEVED 1553581737 INTRODUCE 36 17 2
RECIEVED 1553581737 INTRODUCE 36 17 2
RECIEVED 1553581737 INTRODUCE 36 17 2
RECIEVED 1553581737 INTRODUCE 35 17 2
RECIEVED 1553581738 INTRODUCE 36 17 2
RECIEVED 1553581738 INTRODUCE 36 17 2
RECIEVED 1553581738 INTRODUCE 35 17 2
RECIEVED 1553581738 INTRODUCE 36 17 2
RECIEVED 1553581738 INTRODUCE 37 17 2
RECIEVED 1553581738 INTRODUCE 37 17 2
RECIEVED 1553581738 INTRODUCE 35 17 2
RECIEVED 1553581738 TRANSACTION 81 17 2
UPDATE 1553581738 TRANSACTION b73d85f5100e1321c665ba4748ea5144
SEND 1553581738 TRANSACTION 81 23348 b73d85f5100e1321c665ba4748ea5144
SEND 1553581738 TRANSACTION 81 13489 b73d85f5100e1321c665ba4748ea5144
SEND 1553581738 TRANSACTION 81 17382 b73d85f5100e1321c665ba4748ea5144
SEND 1553581738 TRANSACTION 81 16427 b73d85f5100e1321c665ba4748ea5144
SEND 1553581738 TRANSACTION 81 11076 b73d85f5100e1321c665ba4748ea5144
SEND 1553581738 TRANSACTION 81 10804 b73d85f5100e1321c665ba4748ea5144
SEND 1553581738 TRANSACTION 81 14513 b73d85f5100e1321c665ba4748ea5144
RECIEVED 1553581738 TRANSACTION 81 17 3
RECIEVED 1553581738 TRANSACTION 81 17 3
UPDATE 1553581738 TRANSACTION eaa058bfb0bdf43974f549e945f19f39
SEND 1553581738 TRANSACTION 81 15187 eaa058bfb0bdf43974f549e945f19f39
SEND 1553581738 TRANSACTION 81 32998 eaa058bfb0bdf43974f549e945f19f39
SEND 1553581738 TRANSACTION 81 16624 eaa058bfb0bdf43974f549e945f19f39
SEND 1553581738 TRANSACTION 81 33419 eaa058bfb0bdf43974f549e945f19f39
SEND 1553581738 TRANSACTION 81 13040 eaa058bfb0bdf43974f549e945f19f39
SEND 1553581738 TRANSACTION 81 13578 eaa058bfb0bdf43974f549e945f19f39
SEND 1553581738 TRANSACTION 81 21083 eaa058bfb0bdf43974f549e945f19f39
SEND 1553581738 TRANSACTION 81 29921 eaa058bfb0bdf43974f549e945f19f39
RECIEVED 1553581738 INTRODUCE 35 17 4
SEND 1553581738 INTRODUCE 35 16782
SEND 1553581738 INTRODUCE 35 27651
SEND 1553581738 INTRODUCE 35 14096
SEND 1553581738 INTRODUCE 35 13953
SEND 1553581738 INTRODUCE 35 14284
SEND 1553581738 INTRODUCE 35 15456
SEND 1553581738 INTRODUCE 35 18825
SEND 1553581738 INTRODUCE 35 22894
SEND 1553581738 INTRODUCE 35 14809
SEND 1553581738 INTRODUCE 35 13952
SEND 1553581738 INTRODUCE 35 14842
SEND 1553581738 INTRODUCE 35 19539
SEND 1553581738 INTRODUCE 35 19211
SEND 1553581738 INTRODUCE 35 10776
SEND 1553581738 INTRODUCE 35 15380
SEND 1553581738 INTRODUCE 35 27179
SEND 1553581738 INTRODUCE 35 28226
SEND 1553581738 JOIN 30 13827
RECIEVED 1553581738 INTRODUCE 35 18 4
RECIEVED 1553581738 INTRODUCE 35 18 4
# recieved string JOIN node6 172.22.158.206 8006

RECIEVED 1553581738 JOIN 31 18 4
SEND 1553581738 INTRODUCE 36 24959
SEND 1553581738 INTRODUCE 36 15254
SEND 1553581738 INTRODUCE 35 30142
SEND 1553581738 INTRODUCE 36 19278
SEND 1553581738 INTRODUCE 36 19481
SEND 1553581738 INTRODUCE 36 19967
SEND 1553581738 INTRODUCE 36 25935
SEND 1553581738 INTRODUCE 36 27620
SEND 1553581738 INTRODUCE 36 14380
SEND 1553581738 INTRODUCE 36 40321
SEND 1553581738 INTRODUCE 35 20077
SEND 1553581738 INTRODUCE 37 20434
SEND 1553581738 INTRODUCE 35 19213
SEND 1553581738 INTRODUCE 35 14936
SEND 1553581738 INTRODUCE 36 19695
SEND 1553581738 INTRODUCE 36 14617
SEND 1553581738 INTRODUCE 37 31044
SEND 1553581738 INTRODUCE 37 27336
RECIEVED 1553581738 INTRODUCE 36 19 4
RECIEVED 1553581738 INTRODUCE 36 19 4
SEND 1553581738 INTRODUCE 36 15825
SEND 1553581738 INTRODUCE 36 12829
SEND 1553581738 INTRODUCE 36 9895
SEND 1553581738 INTRODUCE 36 21464
SEND 1553581738 INTRODUCE 36 20610
SEND 1553581738 INTRODUCE 36 20469
SEND 1553581738 INTRODUCE 36 19274
SEND 1553581738 INTRODUCE 36 20454
SEND 1553581738 INTRODUCE 36 19507
SEND 1553581738 INTRODUCE 36 22336
SEND 1553581738 INTRODUCE 36 10015
SEND 1553581738 INTRODUCE 36 28384
SEND 1553581738 INTRODUCE 36 28236
SEND 1553581738 INTRODUCE 36 18869
SEND 1553581738 INTRODUCE 36 10371
SEND 1553581738 INTRODUCE 36 14195
SEND 1553581738 INTRODUCE 36 20885
SEND 1553581738 INTRODUCE 36 14692
SEND 1553581738 INTRODUCE 36 16224
SEND 1553581738 JOIN 30 15654
RECIEVED 1553581738 INTRODUCE 37 20 4
RECIEVED 1553581738 INTRODUCE 35 20 4
RECIEVED 1553581738 INTRODUCE 36 20 4
RECIEVED 1553581738 INTRODUCE 36 20 4
SEND 1553581738 INTRODUCE 36 13367
SEND 1553581738 INTRODUCE 36 19644
SEND 1553581738 INTRODUCE 36 11892
SEND 1553581738 INTRODUCE 36 13392
SEND 1553581738 INTRODUCE 36 13187
SEND 1553581738 INTRODUCE 36 14697
SEND 1553581738 INTRODUCE 36 23517
SEND 1553581738 INTRODUCE 36 15934
SEND 1553581738 INTRODUCE 36 15948
SEND 1553581738 INTRODUCE 36 13720
SEND 1553581738 INTRODUCE 36 25871
SEND 1553581738 INTRODUCE 36 15030
SEND 1553581738 INTRODUCE 36 15247
SEND 1553581738 INTRODUCE 36 14827
SEND 1553581738 INTRODUCE 36 15523
SEND 1553581738 INTRODUCE 36 15284
SEND 1553581738 INTRODUCE 36 9800
SEND 1553581738 INTRODUCE 36 20592
SEND 1553581738 INTRODUCE 36 26926
SEND 1553581738 INTRODUCE 36 13106
SEND 1553581738 JOIN 30 18415
RECIEVED 1553581738 INTRODUCE 37 21 4
SEND 1553581738 INTRODUCE 37 13953
SEND 1553581738 INTRODUCE 37 10013
SEND 1553581738 INTRODUCE 37 10075
SEND 1553581738 INTRODUCE 37 20413
SEND 1553581738 INTRODUCE 37 42239
SEND 1553581738 INTRODUCE 37 18918
SEND 1553581738 INTRODUCE 37 14779
SEND 1553581738 INTRODUCE 37 10665
SEND 1553581738 INTRODUCE 37 20479
SEND 1553581738 INTRODUCE 37 19872
SEND 1553581738 INTRODUCE 37 15019
SEND 1553581738 INTRODUCE 37 11412
SEND 1553581738 INTRODUCE 37 21981
SEND 1553581738 INTRODUCE 37 15410
SEND 1553581738 INTRODUCE 37 20722
SEND 1553581738 INTRODUCE 37 15397
SEND 1553581738 INTRODUCE 37 15719
SEND 1553581738 INTRODUCE 37 15308
SEND 1553581738 INTRODUCE 37 10896
SEND 1553581738 INTRODUCE 37 20568
SEND 1553581738 INTRODUCE 37 14038
SEND 1553581738 JOIN 30 16211
RECIEVED 1553581738 INTRODUCE 36 22 4
RECIEVED 1553581738 INTRODUCE 36 22 4
SEND 1553581738 INTRODUCE 36 15305
SEND 1553581738 INTRODUCE 36 14490
SEND 1553581738 INTRODUCE 36 20859
SEND 1553581738 INTRODUCE 36 13759
SEND 1553581738 INTRODUCE 36 10154
SEND 1553581738 INTRODUCE 36 15576
SEND 1553581738 INTRODUCE 36 15928
SEND 1553581738 INTRODUCE 36 15820
SEND 1553581738 INTRODUCE 36 44852
SEND 1553581738 INTRODUCE 36 14759
SEND 1553581738 INTRODUCE 36 28336
SEND 1553581738 INTRODUCE 36 20846
SEND 1553581738 INTRODUCE 36 26788
SEND 1553581738 INTRODUCE 36 12122
SEND 1553581738 INTRODUCE 36 27776
SEND 1553581738 INTRODUCE 36 14920
SEND 1553581738 INTRODUCE 36 20441
SEND 1553581738 INTRODUCE 36 11504
SEND 1553581738 INTRODUCE 36 15409
SEND 1553581738 INTRODUCE 36 13330
SEND 1553581738 INTRODUCE 36 21901
SEND 1553581738 INTRODUCE 36 21007
SEND 1553581738 JOIN 30 19470
RECIEVED 1553581738 INTRODUCE 36 23 4
RECIEVED 1553581738 INTRODUCE 36 23 4
RECIEVED 1553581738 INTRODUCE 37 23 4
RECIEVED 1553581738 INTRODUCE 36 23 4
RECIEVED 1553581738 INTRODUCE 36 23 4
RECIEVED 1553581738 INTRODUCE 36 23 4
SEND 1553581738 INTRODUCE 36 25629
SEND 1553581738 INTRODUCE 36 11096
# recieved string JOIN node15 172.22.94.216 8015

SEND 1553581738 INTRODUCE 36 11424
SEND 1553581738 INTRODUCE 36 15616
SEND 1553581738 INTRODUCE 36 10231
SEND 1553581738 INTRODUCE 36 13064
SEND 1553581738 INTRODUCE 36 20380
SEND 1553581738 INTRODUCE 36 19160
SEND 1553581738 INTRODUCE 36 14036
SEND 1553581738 INTRODUCE 36 19981
SEND 1553581738 INTRODUCE 36 29648
SEND 1553581738 INTRODUCE 36 15161
SEND 1553581738 INTRODUCE 36 22974
SEND 1553581738 INTRODUCE 36 14463
SEND 1553581738 INTRODUCE 36 11091
SEND 1553581738 INTRODUCE 36 15780
SEND 1553581738 INTRODUCE 36 14791
SEND 1553581738 INTRODUCE 36 14885
SEND 1553581738 INTRODUCE 36 19084
SEND 1553581738 INTRODUCE 36 22633
SEND 1553581738 INTRODUCE 36 19847
SEND 1553581738 INTRODUCE 36 14785
SEND 1553581738 INTRODUCE 36 20563
SEND 1553581738 JOIN 30 20015
RECIEVED 1553581738 INTRODUCE 36 24 4
RECIEVED 1553581738 INTRODUCE 37 24 4
RECIEVED 1553581738 INTRODUCE 35 24 4
RECIEVED 1553581738 INTRODUCE 36 24 4
RECIEVED 1553581738 INTRODUCE 36 24 4
RECIEVED 1553581738 INTRODUCE 35 24 4
RECIEVED 1553581738 INTRODUCE 37 24 4
SEND 1553581738 INTRODUCE 37 24260
SEND 1553581738 INTRODUCE 37 10480
SEND 1553581738 INTRODUCE 37 10540
SEND 1553581738 INTRODUCE 37 20126
SEND 1553581738 INTRODUCE 37 24560
SEND 1553581738 INTRODUCE 37 19246
SEND 1553581738 INTRODUCE 37 20351
SEND 1553581738 INTRODUCE 37 15941
SEND 1553581738 INTRODUCE 37 14791
SEND 1553581738 INTRODUCE 37 21323
SEND 1553581738 INTRODUCE 37 10665
SEND 1553581738 INTRODUCE 37 32164
SEND 1553581738 INTRODUCE 37 14429
SEND 1553581738 INTRODUCE 37 18611
SEND 1553581738 INTRODUCE 37 10364
SEND 1553581738 INTRODUCE 37 15289
SEND 1553581738 INTRODUCE 37 27941
SEND 1553581738 INTRODUCE 37 15012
SEND 1553581738 INTRODUCE 37 14097
SEND 1553581738 INTRODUCE 37 18272
SEND 1553581738 INTRODUCE 37 19405
SEND 1553581738 INTRODUCE 37 20379
SEND 1553581738 INTRODUCE 37 35287
SEND 1553581738 INTRODUCE 37 24216
SEND 1553581738 JOIN 30 18800
RECIEVED 1553581738 INTRODUCE 36 25 4
RECIEVED 1553581738 INTRODUCE 36 25 4
RECIEVED 1553581738 INTRODUCE 37 25 4
RECIEVED 1553581738 INTRODUCE 36 25 4
RECIEVED 1553581738 INTRODUCE 36 25 4
RECIEVED 1553581738 INTRODUCE 36 25 4
RECIEVED 1553581738 INTRODUCE 36 25 4
RECIEVED 1553581738 INTRODUCE 37 25 4
RECIEVED 1553581738 INTRODUCE 36 25 4
SEND 1553581738 INTRODUCE 36 18195
SEND 1553581738 INTRODUCE 36 13607
SEND 1553581738 INTRODUCE 36 11069
SEND 1553581738 INTRODUCE 36 14965
SEND 1553581738 INTRODUCE 36 24699
SEND 1553581738 INTRODUCE 36 23854
SEND 1553581738 INTRODUCE 36 20620
SEND 1553581738 INTRODUCE 36 20954
SEND 1553581738 INTRODUCE 36 17410
SEND 1553581738 INTRODUCE 36 20320
SEND 1553581738 INTRODUCE 36 10813
SEND 1553581738 INTRODUCE 36 25202
SEND 1553581738 INTRODUCE 36 26477
SEND 1553581738 INTRODUCE 36 13962
SEND 1553581738 INTRODUCE 36 13224
SEND 1553581738 INTRODUCE 36 45709
SEND 1553581738 INTRODUCE 36 18832
SEND 1553581738 INTRODUCE 36 18567
SEND 1553581738 INTRODUCE 36 18546
SEND 1553581738 INTRODUCE 36 14006
SEND 1553581738 INTRODUCE 36 13267
SEND 1553581738 INTRODUCE 36 18992
SEND 1553581738 INTRODUCE 36 11191
SEND 1553581738 INTRODUCE 36 18635
SEND 1553581738 INTRODUCE 36 15505
SEND 1553581738 JOIN 30 18739
RECIEVED 1553581738 INTRODUCE 36 26 4
SEND 1553581738 INTRODUCE 36 21372
SEND 1553581738 INTRODUCE 36 20204
SEND 1553581738 INTRODUCE 36 24521
SEND 1553581738 INTRODUCE 36 15072
SEND 1553581738 INTRODUCE 36 13892
SEND 1553581738 INTRODUCE 36 10675
SEND 1553581738 INTRODUCE 36 26125
SEND 1553581738 INTRODUCE 36 18720
SEND 1553581738 INTRODUCE 36 14901
SEND 1553581738 INTRODUCE 36 17059
SEND 1553581738 INTRODUCE 36 14388
SEND 1553581738 INTRODUCE 36 19292
SEND 1553581738 INTRODUCE 36 17983
SEND 1553581738 INTRODUCE 36 27437
SEND 1553581738 INTRODUCE 36 17298
SEND 1553581738 INTRODUCE 36 14341
SEND 1553581738 INTRODUCE 36 20243
SEND 1553581738 INTRODUCE 36 19144
SEND 1553581738 INTRODUCE 36 14781
SEND 1553581738 INTRODUCE 36 11475
SEND 1553581738 INTRODUCE 36 20426
SEND 1553581738 INTRODUCE 36 11844
SEND 1553581738 INTRODUCE 36 13436
SEND 1553581738 INTRODUCE 36 11427
SEND 1553581738 INTRODUCE 36 10305
SEND 1553581738 INTRODUCE 36 14235
SEND 1553581738 JOIN 30 14486
RECIEVED 1553581738 INTRODUCE 37 27 4
RECIEVED 1553581738 INTRODUCE 36 27 4
RECIEVED 1553581738 INTRODUCE 36 27 4
RECIEVED 1553581738 INTRODUCE 36 27 4
RECIEVED 1553581738 INTRODUCE 36 27 4
RECIEVED 1553581738 INTRODUCE 36 27 4
SEND 1553581738 INTRODUCE 36 14713
SEND 1553581738 INTRODUCE 36 13113
SEND 1553581738 INTRODUCE 36 17718
SEND 1553581738 INTRODUCE 36 103330
SEND 1553581738 INTRODUCE 36 19671
SEND 1553581738 INTRODUCE 36 26411
SEND 1553581738 INTRODUCE 36 21435
SEND 1553581738 INTRODUCE 36 19209
SEND 1553581738 INTRODUCE 36 9892
SEND 1553581738 INTRODUCE 36 20253
SEND 1553581738 INTRODUCE 36 20251
SEND 1553581738 INTRODUCE 36 20413
SEND 1553581738 INTRODUCE 36 18961
SEND 1553581738 INTRODUCE 36 16702
SEND 1553581738 INTRODUCE 36 19786
SEND 1553581738 INTRODUCE 36 15341
SEND 1553581738 INTRODUCE 36 19720
SEND 1553581738 INTRODUCE 36 19325
SEND 1553581738 INTRODUCE 36 19765
SEND 1553581738 INTRODUCE 36 20036
SEND 1553581738 INTRODUCE 36 13618
SEND 1553581738 INTRODUCE 36 10420
SEND 1553581738 INTRODUCE 36 13902
SEND 1553581738 INTRODUCE 36 10129
SEND 1553581738 INTRODUCE 36 14844
SEND 1553581738 INTRODUCE 36 18127
SEND 1553581738 INTRODUCE 36 12561
SEND 1553581738 JOIN 30 19266
RECIEVED 1553581738 INTRODUCE 35 28 4
RECIEVED 1553581738 INTRODUCE 37 28 4
RECIEVED 1553581738 INTRODUCE 35 28 4
RECIEVED 1553581738 INTRODUCE 35 28 4
RECIEVED 1553581738 INTRODUCE 36 28 4
RECIEVED 1553581738 INTRODUCE 36 28 4
RECIEVED 1553581738 INTRODUCE 35 28 4
RECIEVED 1553581738 INTRODUCE 36 28 4
RECIEVED 1553581738 INTRODUCE 37 28 4
RECIEVED 1553581738 INTRODUCE 36 28 4
RECIEVED 1553581738 INTRODUCE 36 28 4
RECIEVED 1553581738 INTRODUCE 37 28 4
RECIEVED 1553581738 JOIN 31 28 4
RECIEVED 1553581738 INTRODUCE 36 28 4
RECIEVED 1553581738 INTRODUCE 36 28 4
RECIEVED 1553581738 INTRODUCE 36 28 4
RECIEVED 1553581738 INTRODUCE 36 28 4
RECIEVED 1553581738 INTRODUCE 36 28 4
RECIEVED 1553581738 INTRODUCE 36 28 4
RECIEVED 1553581738 INTRODUCE 37 28 4
RECIEVED 1553581738 INTRODUCE 35 28 4
RECIEVED 1553581738 INTRODUCE 36 28 4
RECIEVED 1553581738 INTRODUCE 36 28 4
RECIEVED 1553581738 INTRODUCE 36 28 4
RECIEVED 1553581738 INTRODUCE 36 28 4
RECIEVED 1553581738 INTRODUCE 36 28 4
RECIEVED 1553581738 INTRODUCE 36 28 4
RECIEVED 1553581738 INTRODUCE 35 28 4
RECIEVED 1553581738 INTRODUCE 36 28 4
RECIEVED 1553581738 INTRODUCE 37 28 4
RECIEVED 1553581738 INTRODUCE 36 28 4
RECIEVED 1553581738 INTRODUCE 36 28 4
RECIEVED 1553581738 INTRODUCE 36 28 4
RECIEVED 1553581738 INTRODUCE 37 28 4
RECIEVED 1553581738 INTRODUCE 36 28 4
RECIEVED 1553581738 INTRODUCE 37 28 4
RECIEVED 1553581738 INTRODUCE 37 28 4
RECIEVED 1553581738 INTRODUCE 36 28 4
RECIEVED 1553581738 INTRODUCE 36 28 4
RECIEVED 1553581738 INTRODUCE 36 28 4
RECIEVED 1553581738 INTRODUCE 37 28 4
RECIEVED 1553581738 INTRODUCE 36 28 4
RECIEVED 1553581738 INTRODUCE 36 28 4
RECIEVED 1553581738 INTRODUCE 37 28 4
RECIEVED 1553581738 INTRODUCE 36 28 4
RECIEVED 1553581738 INTRODUCE 36 28 4
RECIEVED 1553581738 INTRODUCE 36 28 4
RECIEVED 1553581738 INTRODUCE 36 28 4
RECIEVED 1553581738 INTRODUCE 36 28 4
RECIEVED 1553581738 INTRODUCE 36 28 4
RECIEVED 1553581738 INTRODUCE 36 28 4
SEND 1553581738 INTRODUCE 36 14623
SEND 1553581738 INTRODUCE 36 12480
SEND 1553581738 INTRODUCE 36 26348
SEND 1553581738 INTRODUCE 36 18250
SEND 1553581738 INTRODUCE 36 14049
SEND 1553581738 INTRODUCE 36 19621
SEND 1553581738 INTRODUCE 36 12767
SEND 1553581738 INTRODUCE 36 11185
# recieved string JOIN node7 172.22.158.206 8007

SEND 1553581738 INTRODUCE 36 16551
SEND 1553581738 INTRODUCE 36 19376
SEND 1553581738 INTRODUCE 36 19022
SEND 1553581738 INTRODUCE 36 14147
SEND 1553581738 INTRODUCE 36 19509
SEND 1553581738 INTRODUCE 36 23935
SEND 1553581738 INTRODUCE 36 20722
SEND 1553581738 INTRODUCE 36 20450
SEND 1553581738 INTRODUCE 36 18606
SEND 1553581738 INTRODUCE 36 15300
SEND 1553581738 INTRODUCE 36 19287
SEND 1553581738 INTRODUCE 36 11059
SEND 1553581738 INTRODUCE 36 12009
SEND 1553581738 INTRODUCE 36 9572
SEND 1553581738 INTRODUCE 36 32987
SEND 1553581738 INTRODUCE 36 31064
SEND 1553581738 INTRODUCE 36 21699
SEND 1553581738 INTRODUCE 36 26919
SEND 1553581738 INTRODUCE 36 19682
SEND 1553581738 INTRODUCE 36 14912
SEND 1553581738 JOIN 30 14679
RECIEVED 1553581738 INTRODUCE 36 29 4
RECIEVED 1553581738 INTRODUCE 36 29 4
RECIEVED 1553581738 JOIN 31 29 4
RECIEVED 1553581738 INTRODUCE 36 29 4
RECIEVED 1553581738 INTRODUCE 36 29 4
RECIEVED 1553581738 INTRODUCE 36 29 4
RECIEVED 1553581738 INTRODUCE 37 29 4
RECIEVED 1553581738 INTRODUCE 36 29 4
RECIEVED 1553581738 INTRODUCE 36 29 4
RECIEVED 1553581739 INTRODUCE 36 29 4
RECIEVED 1553581739 INTRODUCE 36 29 4
RECIEVED 1553581739 INTRODUCE 36 29 4
RECIEVED 1553581739 TRANSACTION 79 29 4
UPDATE 1553581739 TRANSACTION 3362745f668d32414fa30d4031ed5d57
SEND 1553581739 TRANSACTION 79 26781 3362745f668d32414fa30d4031ed5d57
SEND 1553581739 TRANSACTION 79 14619 3362745f668d32414fa30d4031ed5d57
SEND 1553581739 TRANSACTION 79 18699 3362745f668d32414fa30d4031ed5d57
SEND 1553581739 TRANSACTION 79 23783 3362745f668d32414fa30d4031ed5d57
SEND 1553581739 TRANSACTION 79 15062 3362745f668d32414fa30d4031ed5d57
SEND 1553581739 TRANSACTION 79 19032 3362745f668d32414fa30d4031ed5d57
RECIEVED 1553581739 INTRODUCE 37 29 5
RECIEVED 1553581739 INTRODUCE 36 29 5
RECIEVED 1553581739 INTRODUCE 36 29 5
RECIEVED 1553581739 INTRODUCE 36 29 5
RECIEVED 1553581739 INTRODUCE 37 29 5
RECIEVED 1553581739 INTRODUCE 37 29 5
RECIEVED 1553581739 TRANSACTION 83 29 5
UPDATE 1553581739 TRANSACTION dc4973d917259763fbda45323b42dd95
SEND 1553581739 TRANSACTION 83 19841 dc4973d917259763fbda45323b42dd95
SEND 1553581739 TRANSACTION 83 20664 dc4973d917259763fbda45323b42dd95
SEND 1553581739 TRANSACTION 83 18966 dc4973d917259763fbda45323b42dd95
SEND 1553581739 TRANSACTION 83 14950 dc4973d917259763fbda45323b42dd95
SEND 1553581739 TRANSACTION 83 19822 dc4973d917259763fbda45323b42dd95
SEND 1553581739 TRANSACTION 83 15379 dc4973d917259763fbda45323b42dd95
# recieved string JOIN node10 172.22.158.206 8010

SEND 1553581739 TRANSACTION 83 15406 dc4973d917259763fbda45323b42dd95
SEND 1553581739 TRANSACTION 83 15685 dc4973d917259763fbda45323b42dd95
SEND 1553581739 TRANSACTION 83 21604 dc4973d917259763fbda45323b42dd95
SEND 1553581739 TRANSACTION 83 11080 dc4973d917259763fbda45323b42dd95
SEND 1553581739 TRANSACTION 83 15278 dc4973d917259763fbda45323b42dd95
RECIEVED 1553581739 INTRODUCE 36 29 6
SEND 1553581739 INTRODUCE 36 17834
SEND 1553581739 INTRODUCE 36 18290
SEND 1553581739 INTRODUCE 36 19828
SEND 1553581739 INTRODUCE 36 14405
# recieved string JOIN node1 172.22.158.206 8001

SEND 1553581739 INTRODUCE 36 20771
SEND 1553581739 INTRODUCE 36 19579
SEND 1553581739 INTRODUCE 36 13421
SEND 1553581739 INTRODUCE 36 21178
SEND 1553581739 INTRODUCE 36 15054
SEND 1553581739 INTRODUCE 36 12025
SEND 1553581739 INTRODUCE 36 14468
SEND 1553581739 INTRODUCE 36 13738
SEND 1553581739 INTRODUCE 36 11354
SEND 1553581739 INTRODUCE 36 18656
SEND 1553581739 INTRODUCE 36 13727
SEND 1553581739 INTRODUCE 36 34523
SEND 1553581739 INTRODUCE 36 19887
SEND 1553581739 INTRODUCE 36 30696
SEND 1553581739 INTRODUCE 36 13058
SEND 1553581739 INTRODUCE 36 24920
SEND 1553581739 INTRODUCE 36 19246
SEND 1553581739 INTRODUCE 36 14948
SEND 1553581739 INTRODUCE 36 14467
SEND 1553581739 INTRODUCE 36 13235
SEND 1553581739 INTRODUCE 36 19723
SEND 1553581739 INTRODUCE 36 11136
SEND 1553581739 INTRODUCE 36 18570
SEND 1553581739 INTRODUCE 36 27985
SEND 1553581739 INTRODUCE 36 26692
SEND 1553581739 JOIN 30 19360
RECIEVED 1553581739 JOIN 32 30 6
SEND 1553581739 INTRODUCE 36 21205
SEND 1553581739 INTRODUCE 36 17867
SEND 1553581739 INTRODUCE 36 18631
SEND 1553581739 INTRODUCE 37 18573
SEND 1553581739 INTRODUCE 36 27683
SEND 1553581739 INTRODUCE 36 14310
SEND 1553581739 INTRODUCE 36 13856
SEND 1553581739 INTRODUCE 36 13975
SEND 1553581739 INTRODUCE 36 13774
SEND 1553581739 INTRODUCE 36 22894
SEND 1553581739 INTRODUCE 35 14867
SEND 1553581739 INTRODUCE 36 15916
SEND 1553581739 INTRODUCE 35 14652
SEND 1553581739 INTRODUCE 35 14043
SEND 1553581739 INTRODUCE 36 18128
SEND 1553581739 INTRODUCE 35 17910
SEND 1553581739 INTRODUCE 37 19668
SEND 1553581739 INTRODUCE 36 19104
SEND 1553581739 INTRODUCE 36 18662
SEND 1553581739 INTRODUCE 36 18531
SEND 1553581739 INTRODUCE 37 14002
SEND 1553581739 INTRODUCE 37 24209
SEND 1553581739 INTRODUCE 36 31240
SEND 1553581739 INTRODUCE 36 18125
SEND 1553581739 INTRODUCE 36 19140
SEND 1553581739 INTRODUCE 36 17448
SEND 1553581739 INTRODUCE 36 195753
SEND 1553581739 INTRODUCE 36 19299
SEND 1553581739 INTRODUCE 37 18824
SEND 1553581739 INTRODUCE 36 25449
RECIEVED 1553581739 INTRODUCE 36 31 6
RECIEVED 1553581739 JOIN 31 31 6
SEND 1553581739 INTRODUCE 37 25119
SEND 1553581739 INTRODUCE 36 19186
SEND 1553581739 INTRODUCE 36 19667
SEND 1553581739 INTRODUCE 36 20042
SEND 1553581739 INTRODUCE 36 14710
SEND 1553581739 INTRODUCE 37 14856
SEND 1553581739 INTRODUCE 36 14228
SEND 1553581739 INTRODUCE 36 19046
SEND 1553581739 INTRODUCE 36 19402
SEND 1553581739 INTRODUCE 36 24269
# recieved string JOIN node3 172.22.158.206 8003

SEND 1553581739 INTRODUCE 36 19525
SEND 1553581739 INTRODUCE 36 18605
SEND 1553581739 INTRODUCE 36 18539
SEND 1553581739 INTRODUCE 35 23988
SEND 1553581739 INTRODUCE 35 21215
SEND 1553581739 INTRODUCE 37 18942
SEND 1553581739 INTRODUCE 35 18670
SEND 1553581739 INTRODUCE 36 23399
SEND 1553581739 INTRODUCE 35 21155
SEND 1553581739 INTRODUCE 37 15346
SEND 1553581739 INTRODUCE 36 19228
SEND 1553581739 INTRODUCE 36 14867
SEND 1553581739 INTRODUCE 36 20478
SEND 1553581739 INTRODUCE 36 19381
SEND 1553581739 INTRODUCE 37 18840
SEND 1553581739 INTRODUCE 37 19858
SEND 1553581739 INTRODUCE 36 18754
SEND 1553581739 INTRODUCE 36 19788
SEND 1553581739 INTRODUCE 36 24372
SEND 1553581739 INTRODUCE 36 24328
SEND 1553581739 INTRODUCE 36 19051
RECIEVED 1553581739 INTRODUCE 36 32 6
RECIEVED 1553581739 INTRODUCE 36 32 6
RECIEVED 1553581739 INTRODUCE 36 32 6
RECIEVED 1553581739 INTRODUCE 36 32 6
RECIEVED 1553581739 INTRODUCE 36 32 6
RECIEVED 1553581739 TRANSACTION 79 32 6
UPDATE 1553581739 TRANSACTION 3f2cf7aea79e569695a29ec714052397
SEND 1553581739 TRANSACTION 79 29750 3f2cf7aea79e569695a29ec714052397
SEND 1553581739 TRANSACTION 79 14990 3f2cf7aea79e569695a29ec714052397
SEND 1553581739 TRANSACTION 79 11617 3f2cf7aea79e569695a29ec714052397
SEND 1553581739 TRANSACTION 79 14623 3f2cf7aea79e569695a29ec714052397
SEND 1553581739 TRANSACTION 79 14795 3f2cf7aea79e569695a29ec714052397
SEND 1553581739 TRANSACTION 79 11847 3f2cf7aea79e569695a29ec714052397
SEND 1553581739 TRANSACTION 79 24165 3f2cf7aea79e569695a29ec714052397
SEND 1553581739 TRANSACTION 79 20415 3f2cf7aea79e569695a29ec714052397
SEND 1553581739 TRANSACTION 79 29409 3f2cf7aea79e569695a29ec714052397
RECIEVED 1553581739 TRANSACTION 83 32 7
RECIEVED 1553581739 TRANSACTION 79 32 7
RECIEVED 1553581739 INTRODUCE 37 32 7
RECIEVED 1553581739 JOIN 31 32 7
SEND 1553581739 INTRODUCE 36 28465
SEND 1553581739 INTRODUCE 36 15582
SEND 1553581739 INTRODUCE 36 25351
SEND 1553581739 INTRODUCE 37 14997
SEND 1553581739 INTRODUCE 36 19993
SEND 1553581739 INTRODUCE 36 19988
SEND 1553581739 INTRODUCE 36 19550
SEND 1553581739 INTRODUCE 36 24266
SEND 1553581739 INTRODUCE 36 23919
SEND 1553581739 INTRODUCE 36 26321
SEND 1553581739 INTRODUCE 36 21103
SEND 1553581739 INTRODUCE 35 18900
SEND 1553581739 INTRODUCE 35 26540
SEND 1553581739 INTRODUCE 37 18779
SEND 1553581739 INTRODUCE 35 17448
SEND 1553581739 INTRODUCE 36 32920
SEND 1553581739 INTRODUCE 35 18303
SEND 1553581739 INTRODUCE 37 13744
SEND 1553581739 INTRODUCE 36 18245
SEND 1553581739 INTRODUCE 36 13579
SEND 1553581739 INTRODUCE 36 19293
SEND 1553581739 INTRODUCE 36 20501
SEND 1553581739 INTRODUCE 37 18918
SEND 1553581739 INTRODUCE 37 18123
SEND 1553581739 INTRODUCE 36 18756
SEND 1553581739 INTRODUCE 36 18097
SEND 1553581739 INTRODUCE 36 20123
SEND 1553581739 INTRODUCE 36 24526
SEND 1553581739 INTRODUCE 36 19522
# recieved string JOIN node8 172.22.94.216 8008

SEND 1553581739 INTRODUCE 37 14328
SEND 1553581739 INTRODUCE 36 46637
SEND 1553581739 INTRODUCE 36 25097
RECIEVED 1553581739 INTRODUCE 36 33 7
RECIEVED 1553581739 INTRODUCE 35 33 7
RECIEVED 1553581739 INTRODUCE 36 33 7
RECIEVED 1553581739 INTRODUCE 36 33 7
RECIEVED 1553581739 INTRODUCE 36 33 7
RECIEVED 1553581739 INTRODUCE 36 33 7
RECIEVED 1553581739 INTRODUCE 36 33 7
RECIEVED 1553581739 INTRODUCE 36 33 7
RECIEVED 1553581739 INTRODUCE 36 33 7
RECIEVED 1553581739 JOIN 30 33 7
SEND 1553581739 INTRODUCE 36 23938
SEND 1553581739 INTRODUCE 36 12618
SEND 1553581739 INTRODUCE 36 12273
SEND 1553581739 INTRODUCE 36 17259
SEND 1553581739 INTRODUCE 36 24163
SEND 1553581739 INTRODUCE 37 16742
SEND 1553581739 INTRODUCE 37 16357
SEND 1553581739 INTRODUCE 36 16359
SEND 1553581739 INTRODUCE 36 12980
SEND 1553581739 INTRODUCE 37 12140
SEND 1553581739 INTRODUCE 36 12299
SEND 1553581739 INTRODUCE 36 12835
SEND 1553581739 INTRODUCE 36 12044
SEND 1553581739 INTRODUCE 36 11952
SEND 1553581739 INTRODUCE 36 21055
SEND 1553581739 INTRODUCE 36 19473
SEND 1553581739 INTRODUCE 37 16689
SEND 1553581739 INTRODUCE 36 14042
SEND 1553581739 INTRODUCE 36 12687
SEND 1553581739 INTRODUCE 36 12620
SEND 1553581739 INTRODUCE 36 13751
SEND 1553581739 INTRODUCE 35 10301
SEND 1553581739 INTRODUCE 36 10424
SEND 1553581739 INTRODUCE 36 10279
SEND 1553581739 INTRODUCE 36 13740
SEND 1553581739 INTRODUCE 35 11185
SEND 1553581739 INTRODUCE 35 10992
SEND 1553581739 INTRODUCE 36 13121
SEND 1553581739 INTRODUCE 35 13819
SEND 1553581739 INTRODUCE 37 10422
SEND 1553581739 INTRODUCE 37 9904
SEND 1553581739 INTRODUCE 36 9805
SEND 1553581739 INTRODUCE 36 10037
RECIEVED 1553581739 INTRODUCE 36 34 7
RECIEVED 1553581739 INTRODUCE 36 34 7
RECIEVED 1553581739 INTRODUCE 35 34 7
RECIEVED 1553581739 INTRODUCE 35 34 7
RECIEVED 1553581739 INTRODUCE 36 34 7
RECIEVED 1553581739 INTRODUCE 35 34 7
RECIEVED 1553581739 TRANSACTION 79 34 7
RECIEVED 1553581739 INTRODUCE 36 34 7
RECIEVED 1553581739 INTRODUCE 36 34 7
RECIEVED 1553581739 INTRODUCE 36 34 7
RECIEVED 1553581739 TRANSACTION 81 34 7
UPDATE 1553581739 TRANSACTION 963a5e0b00d2a6b28936fb437dcd6d1e
SEND 1553581739 TRANSACTION 81 44969 963a5e0b00d2a6b28936fb437dcd6d1e
SEND 1553581739 TRANSACTION 81 20677 963a5e0b00d2a6b28936fb437dcd6d1e
SEND 1553581739 TRANSACTION 81 18091 963a5e0b00d2a6b28936fb437dcd6d1e
SEND 1553581739 TRANSACTION 81 15814 963a5e0b00d2a6b28936fb437dcd6d1e
SEND 1553581739 TRANSACTION 81 10288 963a5e0b00d2a6b28936fb437dcd6d1e
SEND 1553581739 TRANSACTION 81 14315 963a5e0b00d2a6b28936fb437dcd6d1e
SEND 1553581739 TRANSACTION 81 16088 963a5e0b00d2a6b28936fb437dcd6d1e
SEND 1553581739 TRANSACTION 81 14660 963a5e0b00d2a6b28936fb437dcd6d1e
SEND 1553581739 TRANSACTION 81 25322 963a5e0b00d2a6b28936fb437dcd6d1e
SEND 1553581739 TRANSACTION 81 16180 963a5e0b00d2a6b28936fb437dcd6d1e
SEND 1553581739 TRANSACTION 81 20151 963a5e0b00d2a6b28936fb437dcd6d1e
SEND 1553581739 TRANSACTION 81 14766 963a5e0b00d2a6b28936fb437dcd6d1e
SEND 1553581739 TRANSACTION 81 19044 963a5e0b00d2a6b28936fb437dcd6d1e
SEND 1553581739 TRANSACTION 81 13393 963a5e0b00d2a6b28936fb437dcd6d1e
SEND 1553581739 TRANSACTION 81 51044 963a5e0b00d2a6b28936fb437dcd6d1e
SEND 1553581739 TRANSACTION 81 19234 963a5e0b00d2a6b28936fb437dcd6d1e
SEND 1553581739 TRANSACTION 81 19392 963a5e0b00d2a6b28936fb437dcd6d1e
SEND 1553581739 TRANSACTION 81 14666 963a5e0b00d2a6b28936fb437dcd6d1e
SEND 1553581739 TRANSACTION 81 14984 963a5e0b00d2a6b28936fb437dcd6d1e
RECIEVED 1553581739 INTRODUCE 35 34 8
RECIEVED 1553581739 TRANSACTION 83 34 8
RECIEVED 1553581739 TRANSACTION 78 34 8
UPDATE 1553581739 TRANSACTION 6cd027e999c33456997b3c290226fc5c
SEND 1553581739 TRANSACTION 78 13939 6cd027e999c33456997b3c290226fc5c
SEND 1553581739 TRANSACTION 78 25910 6cd027e999c33456997b3c290226fc5c
SEND 1553581739 TRANSACTION 78 11405 6cd027e999c33456997b3c290226fc5c
SEND 1553581739 TRANSACTION 78 30324 6cd027e999c33456997b3c290226fc5c
SEND 1553581739 TRANSACTION 78 57351 6cd027e999c33456997b3c290226fc5c
SEND 1553581739 TRANSACTION 78 11316 6cd027e999c33456997b3c290226fc5c
SEND 1553581739 TRANSACTION 78 19996 6cd027e999c33456997b3c290226fc5c
SEND 1553581739 TRANSACTION 78 15006 6cd027e999c33456997b3c290226fc5c
SEND 1553581739 TRANSACTION 78 30079 6cd027e999c33456997b3c290226fc5c
SEND 1553581739 TRANSACTION 78 13615 6cd027e999c33456997b3c290226fc5c
SEND 1553581739 TRANSACTION 78 13930 6cd027e999c33456997b3c290226fc5c
SEND 1553581739 TRANSACTION 78 17929 6cd027e999c33456997b3c290226fc5c
RECIEVED 1553581739 TRANSACTION 78 34 9
RECIEVED 1553581739 INTRODUCE 36 34 9
RECIEVED 1553581739 INTRODUCE 36 34 9
RECIEVED 1553581739 TRANSACTION 78 34 9
RECIEVED 1553581739 TRANSACTION 81 34 9
RECIEVED 1553581739 TRANSACTION 78 34 9
RECIEVED 1553581739 INTRODUCE 36 34 9
RECIEVED 1553581739 INTRODUCE 36 34 9
RECIEVED 1553581739 INTRODUCE 36 34 9
RECIEVED 1553581739 INTRODUCE 36 34 9
RECIEVED 1553581739 INTRODUCE 36 34 9
RECIEVED 1553581739 INTRODUCE 35 34 9
RECIEVED 1553581739 INTRODUCE 35 34 9
RECIEVED 1553581739 INTRODUCE 35 34 9
RECIEVED 1553581739 TRANSACTION 81 34 9
UPDATE 1553581739 TRANSACTION 843e1e971b8d00a48d8035519efd4dfd
SEND 1553581739 TRANSACTION 81 14727 843e1e971b8d00a48d8035519efd4dfd
SEND 1553581739 TRANSACTION 81 53444 843e1e971b8d00a48d8035519efd4dfd
SEND 1553581739 TRANSACTION 81 15353 843e1e971b8d00a48d8035519efd4dfd
SEND 1553581739 TRANSACTION 81 11597 843e1e971b8d00a48d8035519efd4dfd
SEND 1553581739 TRANSACTION 81 14963 843e1e971b8d00a48d8035519efd4dfd
SEND 1553581739 TRANSACTION 81 11859 843e1e971b8d00a48d8035519efd4dfd
SEND 1553581739 TRANSACTION 81 10862 843e1e971b8d00a48d8035519efd4dfd
SEND 1553581739 TRANSACTION 81 41572 843e1e971b8d00a48d8035519efd4dfd
SEND 1553581739 TRANSACTION 81 26513 843e1e971b8d00a48d8035519efd4dfd
SEND 1553581739 TRANSACTION 81 14364 843e1e971b8d00a48d8035519efd4dfd
RECIEVED 1553581739 TRANSACTION 81 34 10
RECIEVED 1553581739 INTRODUCE 37 34 10
RECIEVED 1553581739 INTRODUCE 36 34 10
RECIEVED 1553581739 INTRODUCE 36 34 10
RECIEVED 1553581739 INTRODUCE 37 34 10
SEND 1553581739 INTRODUCE 37 13325
SEND 1553581739 INTRODUCE 37 14902
SEND 1553581739 INTRODUCE 37 10363
SEND 1553581739 INTRODUCE 37 9955
SEND 1553581739 INTRODUCE 37 18407
SEND 1553581739 INTRODUCE 37 22348
SEND 1553581739 INTRODUCE 37 13983
SEND 1553581739 INTRODUCE 37 14385
SEND 1553581739 INTRODUCE 37 26691
SEND 1553581739 INTRODUCE 37 19895
SEND 1553581739 INTRODUCE 37 19463
SEND 1553581739 INTRODUCE 37 18134
SEND 1553581739 INTRODUCE 37 18710
SEND 1553581739 INTRODUCE 37 13615
SEND 1553581739 INTRODUCE 37 15069
SEND 1553581739 INTRODUCE 37 10959
SEND 1553581739 INTRODUCE 37 11442
SEND 1553581739 INTRODUCE 37 14079
SEND 1553581739 INTRODUCE 37 10775
SEND 1553581739 INTRODUCE 37 14105
SEND 1553581739 INTRODUCE 37 16826
SEND 1553581739 INTRODUCE 37 12037
SEND 1553581739 INTRODUCE 37 23548
SEND 1553581739 INTRODUCE 37 24408
SEND 1553581739 INTRODUCE 37 13311
SEND 1553581739 INTRODUCE 37 14284
SEND 1553581739 INTRODUCE 37 13063
SEND 1553581739 INTRODUCE 37 18831
SEND 1553581739 INTRODUCE 37 13521
SEND 1553581739 INTRODUCE 37 13257
SEND 1553581739 INTRODUCE 37 9776
SEND 1553581739 INTRODUCE 37 25415
SEND 1553581739 INTRODUCE 37 14397
SEND 1553581739 INTRODUCE 37 13993
SEND 1553581739 JOIN 30 20247
RECIEVED 1553581739 INTRODUCE 35 35 10
RECIEVED 1553581739 INTRODUCE 37 35 10
RECIEVED 1553581739 INTRODUCE 37 35 10
RECIEVED 1553581739 INTRODUCE 37 35 10
RECIEVED 1553581739 INTRODUCE 37 35 10
RECIEVED 1553581739 INTRODUCE 37 35 10
RECIEVED 1553581739 INTRODUCE 37 35 10
RECIEVED 1553581739 TRANSACTION 82 35 10
UPDATE 1553581739 TRANSACTION f249e2052ce89e21df8a336bd07042f5
SEND 1553581739 TRANSACTION 82 14560 f249e2052ce89e21df8a336bd07042f5
SEND 1553581739 TRANSACTION 82 26941 f249e2052ce89e21df8a336bd07042f5
SEND 1553581739 TRANSACTION 82 17563 f249e2052ce89e21df8a336bd07042f5
SEND 1553581739 TRANSACTION 82 14843 f249e2052ce89e21df8a336bd07042f5
SEND 1553581739 TRANSACTION 82 13035 f249e2052ce89e21df8a336bd07042f5
SEND 1553581739 TRANSACTION 82 14212 f249e2052ce89e21df8a336bd07042f5
SEND 1553581739 TRANSACTION 82 14013 f249e2052ce89e21df8a336bd07042f5
SEND 1553581739 TRANSACTION 82 13800 f249e2052ce89e21df8a336bd07042f5
SEND 1553581739 TRANSACTION 82 13974 f249e2052ce89e21df8a336bd07042f5
SEND 1553581739 TRANSACTION 82 25149 f249e2052ce89e21df8a336bd07042f5
SEND 1553581739 TRANSACTION 82 14374 f249e2052ce89e21df8a336bd07042f5
SEND 1553581739 TRANSACTION 82 14444 f249e2052ce89e21df8a336bd07042f5
RECIEVED 1553581739 INTRODUCE 37 35 11
RECIEVED 1553581739 INTRODUCE 37 35 11
RECIEVED 1553581739 TRANSACTION 82 35 11
RECIEVED 1553581739 INTRODUCE 36 35 11
RECIEVED 1553581739 INTRODUCE 37 35 11
RECIEVED 1553581739 INTRODUCE 36 35 11
RECIEVED 1553581739 TRANSACTION 82 35 11
UPDATE 1553581739 TRANSACTION ab6de3152d4058dd1ef8722941a80445
SEND 1553581739 TRANSACTION 82 14001 ab6de3152d4058dd1ef8722941a80445
SEND 1553581739 TRANSACTION 82 13569 ab6de3152d4058dd1ef8722941a80445
SEND 1553581739 TRANSACTION 82 15035 ab6de3152d4058dd1ef8722941a80445
SEND 1553581739 TRANSACTION 82 13181 ab6de3152d4058dd1ef8722941a80445
SEND 1553581739 TRANSACTION 82 18549 ab6de3152d4058dd1ef8722941a80445
SEND 1553581739 TRANSACTION 82 13607 ab6de3152d4058dd1ef8722941a80445
SEND 1553581739 TRANSACTION 82 14235 ab6de3152d4058dd1ef8722941a80445
SEND 1553581739 TRANSACTION 82 14654 ab6de3152d4058dd1ef8722941a80445
SEND 1553581739 TRANSACTION 82 14370 ab6de3152d4058dd1ef8722941a80445
SEND 1553581739 TRANSACTION 82 16140 ab6de3152d4058dd1ef8722941a80445
SEND 1553581739 TRANSACTION 82 19229 ab6de3152d4058dd1ef8722941a80445
SEND 1553581739 TRANSACTION 82 11988 ab6de3152d4058dd1ef8722941a80445
SEND 1553581739 TRANSACTION 82 10588 ab6de3152d4058dd1ef8722941a80445
SEND 1553581739 TRANSACTION 82 11072 ab6de3152d4058dd1ef8722941a80445
RECIEVED 1553581739 INTRODUCE 36 35 12
RECIEVED 1553581739 INTRODUCE 36 35 12
RECIEVED 1553581739 TRANSACTION 81 35 12
UPDATE 1553581739 TRANSACTION f2cfec4902ec540f44cd2f59cd84e0f9
SEND 1553581739 TRANSACTION 81 9523 f2cfec4902ec540f44cd2f59cd84e0f9
SEND 1553581739 TRANSACTION 81 15583 f2cfec4902ec540f44cd2f59cd84e0f9
SEND 1553581739 TRANSACTION 81 14708 f2cfec4902ec540f44cd2f59cd84e0f9
SEND 1553581739 TRANSACTION 81 14480 f2cfec4902ec540f44cd2f59cd84e0f9
SEND 1553581739 TRANSACTION 81 30865 f2cfec4902ec540f44cd2f59cd84e0f9
SEND 1553581739 TRANSACTION 81 36542 f2cfec4902ec540f44cd2f59cd84e0f9
SEND 1553581739 TRANSACTION 81 15186 f2cfec4902ec540f44cd2f59cd84e0f9
SEND 1553581739 TRANSACTION 81 27585 f2cfec4902ec540f44cd2f59cd84e0f9
SEND 1553581739 TRANSACTION 81 19485 f2cfec4902ec540f44cd2f59cd84e0f9
SEND 1553581739 TRANSACTION 81 12885 f2cfec4902ec540f44cd2f59cd84e0f9
SEND 1553581739 TRANSACTION 81 19059 f2cfec4902ec540f44cd2f59cd84e0f9
SEND 1553581739 TRANSACTION 81 10511 f2cfec4902ec540f44cd2f59cd84e0f9
SEND 1553581739 TRANSACTION 81 31268 f2cfec4902ec540f44cd2f59cd84e0f9
SEND 1553581739 TRANSACTION 81 14431 f2cfec4902ec540f44cd2f59cd84e0f9
SEND 1553581739 TRANSACTION 81 15544 f2cfec4902ec540f44cd2f59cd84e0f9
RECIEVED 1553581739 TRANSACTION 82 35 13
RECIEVED 1553581739 INTRODUCE 36 35 13
RECIEVED 1553581739 TRANSACTION 81 35 13
RECIEVED 1553581739 TRANSACTION 81 35 13
RECIEVED 1553581739 INTRODUCE 36 35 13
RECIEVED 1553581739 TRANSACTION 81 35 13
RECIEVED 1553581739 INTRODUCE 36 35 13
RECIEVED 1553581739 INTRODUCE 36 35 13
RECIEVED 1553581739 INTRODUCE 37 35 13
# recieved string JOIN node11 172.22.158.206 8011

RECIEVED 1553581739 JOIN 32 35 13
SEND 1553581739 INTRODUCE 37 25441
SEND 1553581739 INTRODUCE 35 43873
SEND 1553581739 INTRODUCE 35 18270
SEND 1553581739 INTRODUCE 36 17440
SEND 1553581739 INTRODUCE 35 16821
SEND 1553581739 INTRODUCE 37 15870
SEND 1553581739 INTRODUCE 36 18580
SEND 1553581739 INTRODUCE 36 13722
SEND 1553581739 INTRODUCE 36 14506
SEND 1553581739 INTRODUCE 36 13206
SEND 1553581739 INTRODUCE 37 14236
SEND 1553581739 INTRODUCE 37 14656
SEND 1553581739 INTRODUCE 36 13923
SEND 1553581739 INTRODUCE 36 13711
SEND 1553581739 INTRODUCE 36 19220
SEND 1553581739 INTRODUCE 36 14118
SEND 1553581739 INTRODUCE 36 14165
SEND 1553581739 INTRODUCE 37 14168
SEND 1553581739 INTRODUCE 36 14383
SEND 1553581739 INTRODUCE 37 13285
SEND 1553581739 INTRODUCE 36 45055
SEND 1553581739 INTRODUCE 36 27891
SEND 1553581739 INTRODUCE 36 14302
SEND 1553581739 INTRODUCE 36 13931
SEND 1553581739 INTRODUCE 36 19985
SEND 1553581739 INTRODUCE 37 13335
SEND 1553581739 INTRODUCE 36 13179
SEND 1553581739 INTRODUCE 36 13628
SEND 1553581739 INTRODUCE 36 14522
SEND 1553581739 INTRODUCE 36 18262
SEND 1553581739 INTRODUCE 36 13603
SEND 1553581739 INTRODUCE 36 18750
SEND 1553581739 INTRODUCE 36 13766
SEND 1553581739 INTRODUCE 35 18988
SEND 1553581739 INTRODUCE 35 13154
RECIEVED 1553581739 INTRODUCE 36 36 13
RECIEVED 1553581739 INTRODUCE 36 36 13
RECIEVED 1553581739 TRANSACTION 81 36 13
UPDATE 1553581739 TRANSACTION 1fbedf6899a85ed29f80f7c7785e0e81
SEND 1553581739 TRANSACTION 81 20261 1fbedf6899a85ed29f80f7c7785e0e81
SEND 1553581739 TRANSACTION 81 16011 1fbedf6899a85ed29f80f7c7785e0e81
# recieved string {"Type":"JOIN","Name":"node18","Ip":"172.22.156.207","Port":8018,"Source":0,"Dest":0,"Amount":0,"TID":"","TimeStamp":"","Friends":null,"HashTable":null,"Sock":null}

CANNOT PARSE STRING. RECIEVED {"Type":"JOIN","Name":"node18","Ip":"172.22.156.207","Port":8018,"Source":0,"Dest":0,"Amount":0,"TID":"","TimeStamp":"","Friends":null,"HashTable":null,"Sock":null}
SEND 1553581739 TRANSACTION 81 22657 1fbedf6899a85ed29f80f7c7785e0e81
SEND 1553581739 TRANSACTION 81 15268 1fbedf6899a85ed29f80f7c7785e0e81
SEND 1553581739 TRANSACTION 81 32393 1fbedf6899a85ed29f80f7c7785e0e81
SEND 1553581739 TRANSACTION 81 26310 1fbedf6899a85ed29f80f7c7785e0e81
SEND 1553581739 TRANSACTION 81 14663 1fbedf6899a85ed29f80f7c7785e0e81
SEND 1553581739 TRANSACTION 81 15804 1fbedf6899a85ed29f80f7c7785e0e81
SEND 1553581739 TRANSACTION 81 20132 1fbedf6899a85ed29f80f7c7785e0e81
SEND 1553581739 TRANSACTION 81 14825 1fbedf6899a85ed29f80f7c7785e0e81
SEND 1553581739 TRANSACTION 81 16405 1fbedf6899a85ed29f80f7c7785e0e81
SEND 1553581739 TRANSACTION 81 15836 1fbedf6899a85ed29f80f7c7785e0e81
SEND 1553581739 TRANSACTION 81 15306 1fbedf6899a85ed29f80f7c7785e0e81
SEND 1553581739 TRANSACTION 81 16385 1fbedf6899a85ed29f80f7c7785e0e81
SEND 1553581739 TRANSACTION 81 14289 1fbedf6899a85ed29f80f7c7785e0e81
SEND 1553581739 TRANSACTION 81 11927 1fbedf6899a85ed29f80f7c7785e0e81
RECIEVED 1553581739 INTRODUCE 37 36 14
RECIEVED 1553581739 INTRODUCE 36 36 14
RECIEVED 1553581739 TRANSACTION 81 36 14
RECIEVED 1553581739 TRANSACTION 81 36 14
RECIEVED 1553581739 TRANSACTION 82 36 14
RECIEVED 1553581739 {"Type":"JOIN","Name":"node18","Ip":"172.22.156.207","Port":8018,"Source":0,"Dest":0,"Amount":0,"TID":"","TimeStamp":"","Friends":null,"HashTable":null,"Sock":null} 165 36 14
# CANNOT PARSE MESSAGE. RECIEVED {Type:{"Type":"JOIN","Name":"node18","Ip":"172.22.156.207","Port":8018,"Source":0,"Dest":0,"Amount":0,"TID":"","TimeStamp":"","Friends":null,"HashTable":null,"Sock":null} Name: Ip: Port:0 Source:0 Dest:0 Amount:0 TID: TimeStamp: Friends:[] HashTable:[] Sock:0xc00000e1d0 Data:{"Type":"JOIN","Name":"node18","Ip":"172.22.156.207","Port":8018,"Source":0,"Dest":0,"Amount":0,"TID":"","TimeStamp":"","Friends":null,"HashTable":null,"Sock":null}
}
RECIEVED 1553581739 INTRODUCE 37 36 14
RECIEVED 1553581739 INTRODUCE 36 36 14
RECIEVED 1553581739 INTRODUCE 36 36 14
RECIEVED 1553581739 INTRODUCE 35 36 14
RECIEVED 1553581739 INTRODUCE 36 36 14
SEND 1553581739 INTRODUCE 36 20060
SEND 1553581739 INTRODUCE 36 13533
SEND 1553581739 INTRODUCE 36 13704
SEND 1553581739 INTRODUCE 36 13862
SEND 1553581739 INTRODUCE 36 10592
SEND 1553581739 INTRODUCE 36 14684
SEND 1553581739 INTRODUCE 36 13995
SEND 1553581739 INTRODUCE 36 11579
SEND 1553581739 INTRODUCE 36 19658
SEND 1553581739 INTRODUCE 36 18156
SEND 1553581739 INTRODUCE 36 18252
SEND 1553581739 INTRODUCE 36 12370
SEND 1553581739 INTRODUCE 36 14326
SEND 1553581739 INTRODUCE 36 14351
SEND 1553581739 INTRODUCE 36 20262
SEND 1553581739 INTRODUCE 36 14411
SEND 1553581739 INTRODUCE 36 14749
SEND 1553581739 INTRODUCE 36 14461
SEND 1553581739 INTRODUCE 36 14260
SEND 1553581739 INTRODUCE 36 14631
SEND 1553581739 INTRODUCE 36 10973
SEND 1553581739 INTRODUCE 36 14853
SEND 1553581739 INTRODUCE 36 26199
SEND 1553581739 INTRODUCE 36 25562
SEND 1553581739 INTRODUCE 36 14148
SEND 1553581739 INTRODUCE 36 31460
SEND 1553581739 INTRODUCE 36 17773
SEND 1553581739 INTRODUCE 36 12152
SEND 1553581739 INTRODUCE 36 25791
SEND 1553581739 INTRODUCE 36 14547
SEND 1553581739 INTRODUCE 36 14147
SEND 1553581739 INTRODUCE 36 23856
SEND 1553581739 INTRODUCE 36 28771
SEND 1553581739 INTRODUCE 36 18823
SEND 1553581739 INTRODUCE 36 18727
SEND 1553581739 INTRODUCE 36 14551
SEND 1553581739 JOIN 30 25529
RECIEVED 1553581739 INTRODUCE 36 37 14
RECIEVED 1553581739 INTRODUCE 36 37 14
RECIEVED 1553581739 INTRODUCE 36 37 14
RECIEVED 1553581739 INTRODUCE 36 37 14
RECIEVED 1553581739 INTRODUCE 36 37 14
RECIEVED 1553581739 INTRODUCE 36 37 14
RECIEVED 1553581739 INTRODUCE 36 37 14
RECIEVED 1553581739 INTRODUCE 37 37 14
RECIEVED 1553581740 INTRODUCE 37 37 14
RECIEVED 1553581740 INTRODUCE 37 37 14
RECIEVED 1553581740 TRANSACTION 81 37 14
UPDATE 1553581740 TRANSACTION b06ae7cd737bcf0a955481c0beae5347
SEND 1553581740 TRANSACTION 81 10912 b06ae7cd737bcf0a955481c0beae5347
SEND 1553581740 TRANSACTION 81 30207 b06ae7cd737bcf0a955481c0beae5347
SEND 1553581740 TRANSACTION 81 9708 b06ae7cd737bcf0a955481c0beae5347
SEND 1553581740 TRANSACTION 81 15163 b06ae7cd737bcf0a955481c0beae5347
SEND 1553581740 TRANSACTION 81 14427 b06ae7cd737bcf0a955481c0beae5347
SEND 1553581740 TRANSACTION 81 11511 b06ae7cd737bcf0a955481c0beae5347
SEND 1553581740 TRANSACTION 81 24817 b06ae7cd737bcf0a955481c0beae5347
SEND 1553581740 TRANSACTION 81 18944 b06ae7cd737bcf0a955481c0beae5347
SEND 1553581740 TRANSACTION 81 19365 b06ae7cd737bcf0a955481c0beae5347
SEND 1553581740 TRANSACTION 81 41213 b06ae7cd737bcf0a955481c0beae5347
SEND 1553581740 TRANSACTION 81 17800 b06ae7cd737bcf0a955481c0beae5347
SEND 1553581740 TRANSACTION 81 21120 b06ae7cd737bcf0a955481c0beae5347
SEND 1553581740 TRANSACTION 81 27551 b06ae7cd737bcf0a955481c0beae5347
SEND 1553581740 TRANSACTION 81 21677 b06ae7cd737bcf0a955481c0beae5347
SEND 1553581740 TRANSACTION 81 16961 b06ae7cd737bcf0a955481c0beae5347
SEND 1553581740 TRANSACTION 81 15796 b06ae7cd737bcf0a955481c0beae5347
RECIEVED 1553581740 INTRODUCE 36 37 15
RECIEVED 1553581740 INTRODUCE 37 37 15
RECIEVED 1553581740 INTRODUCE 36 37 15
RECIEVED 1553581740 TRANSACTION 81 37 15
RECIEVED 1553581740 TRANSACTION 81 37 15
RECIEVED 1553581740 INTRODUCE 36 37 15
RECIEVED 1553581740 INTRODUCE 36 37 15
RECIEVED 1553581740 TRANSACTION 81 37 15
RECIEVED 1553581740 TRANSACTION 81 37 15
UPDATE 1553581740 TRANSACTION b89f38dfecb45d3eb6afe084bd3a1cb6
SEND 1553581740 TRANSACTION 81 13901 b89f38dfecb45d3eb6afe084bd3a1cb6
SEND 1553581740 TRANSACTION 81 11654 b89f38dfecb45d3eb6afe084bd3a1cb6
SEND 1553581740 TRANSACTION 81 10394 b89f38dfecb45d3eb6afe084bd3a1cb6
SEND 1553581740 TRANSACTION 81 31831 b89f38dfecb45d3eb6afe084bd3a1cb6
SEND 1553581740 TRANSACTION 81 14970 b89f38dfecb45d3eb6afe084bd3a1cb6
SEND 1553581740 TRANSACTION 81 15124 b89f38dfecb45d3eb6afe084bd3a1cb6
SEND 1553581740 TRANSACTION 81 14817 b89f38dfecb45d3eb6afe084bd3a1cb6
SEND 1553581740 TRANSACTION 81 22241 b89f38dfecb45d3eb6afe084bd3a1cb6
SEND 1553581740 TRANSACTION 81 33915 b89f38dfecb45d3eb6afe084bd3a1cb6
SEND 1553581740 TRANSACTION 81 14015 b89f38dfecb45d3eb6afe084bd3a1cb6
SEND 1553581740 TRANSACTION 81 29195 b89f38dfecb45d3eb6afe084bd3a1cb6
SEND 1553581740 TRANSACTION 81 19307 b89f38dfecb45d3eb6afe084bd3a1cb6
SEND 1553581740 TRANSACTION 81 14659 b89f38dfecb45d3eb6afe084bd3a1cb6
SEND 1553581740 TRANSACTION 81 24586 b89f38dfecb45d3eb6afe084bd3a1cb6
RECIEVED 1553581740 INTRODUCE 36 37 16
RECIEVED 1553581740 INTRODUCE 35 37 16
RECIEVED 1553581740 TRANSACTION 81 37 16
RECIEVED 1553581740 INTRODUCE 35 37 16
RECIEVED 1553581740 TRANSACTION 81 37 16
# recieved string JOIN node13 172.22.158.206 8013

RECIEVED 1553581740 JOIN 32 37 16
SEND 1553581740 INTRODUCE 36 27315
SEND 1553581740 INTRODUCE 37 14410
SEND 1553581740 INTRODUCE 37 13995
SEND 1553581740 INTRODUCE 36 14680
SEND 1553581740 INTRODUCE 36 28725
SEND 1553581740 INTRODUCE 36 24054
SEND 1553581740 INTRODUCE 36 14011
SEND 1553581740 INTRODUCE 36 26487
SEND 1553581740 INTRODUCE 36 24014
SEND 1553581740 INTRODUCE 37 13447
SEND 1553581740 INTRODUCE 36 23508
SEND 1553581740 INTRODUCE 37 18709
SEND 1553581740 INTRODUCE 36 13336
SEND 1553581740 INTRODUCE 36 34225
SEND 1553581740 INTRODUCE 36 19061
# recieved string JOIN node17 172.22.158.206 8017

SEND 1553581740 INTRODUCE 36 14125
SEND 1553581740 INTRODUCE 36 21619
SEND 1553581740 INTRODUCE 36 20529
SEND 1553581740 INTRODUCE 37 14714
SEND 1553581740 INTRODUCE 36 15823
SEND 1553581740 INTRODUCE 36 13674
SEND 1553581740 INTRODUCE 36 14674
SEND 1553581740 INTRODUCE 36 26996
SEND 1553581740 INTRODUCE 36 32852
SEND 1553581740 INTRODUCE 36 14595
SEND 1553581740 INTRODUCE 35 17802
SEND 1553581740 INTRODUCE 36 24298
SEND 1553581740 INTRODUCE 35 14346
SEND 1553581740 INTRODUCE 35 17895
SEND 1553581740 INTRODUCE 37 14007
SEND 1553581740 INTRODUCE 35 13834
SEND 1553581740 INTRODUCE 36 14018
SEND 1553581740 INTRODUCE 35 18491
SEND 1553581740 INTRODUCE 37 14051
SEND 1553581740 INTRODUCE 37 17510
SEND 1553581740 INTRODUCE 36 25941
SEND 1553581740 INTRODUCE 36 14580
RECIEVED 1553581740 INTRODUCE 36 38 16
RECIEVED 1553581740 INTRODUCE 37 38 16
RECIEVED 1553581740 JOIN 32 38 16
SEND 1553581740 INTRODUCE 35 22409
SEND 1553581740 INTRODUCE 36 13469
SEND 1553581740 INTRODUCE 36 15108
SEND 1553581740 INTRODUCE 36 13957
SEND 1553581740 INTRODUCE 37 15236
SEND 1553581740 INTRODUCE 36 14227
SEND 1553581740 INTRODUCE 36 42708
SEND 1553581740 INTRODUCE 35 20285
SEND 1553581740 INTRODUCE 35 9074
SEND 1553581740 INTRODUCE 37 20019
SEND 1553581740 INTRODUCE 35 19556
SEND 1553581740 INTRODUCE 37 13254
SEND 1553581740 INTRODUCE 35 13027
SEND 1553581740 INTRODUCE 36 18754
SEND 1553581740 INTRODUCE 36 14737
SEND 1553581740 INTRODUCE 37 30557
SEND 1553581740 INTRODUCE 36 15449
SEND 1553581740 INTRODUCE 36 15578
SEND 1553581740 INTRODUCE 36 15224
SEND 1553581740 INTRODUCE 36 15213
SEND 1553581740 INTRODUCE 37 15178
SEND 1553581740 INTRODUCE 37 15415
SEND 1553581740 INTRODUCE 36 17297
SEND 1553581740 INTRODUCE 36 15131
SEND 1553581740 INTRODUCE 36 47552
SEND 1553581740 INTRODUCE 36 18576
SEND 1553581740 INTRODUCE 36 19228
SEND 1553581740 INTRODUCE 37 16143
SEND 1553581740 INTRODUCE 36 15751
SEND 1553581740 INTRODUCE 36 15066
SEND 1553581740 INTRODUCE 37 14456
SEND 1553581740 INTRODUCE 36 15126
SEND 1553581740 INTRODUCE 36 14114
SEND 1553581740 INTRODUCE 36 34854
SEND 1553581740 INTRODUCE 36 13703
SEND 1553581740 INTRODUCE 36 14986
SEND 1553581740 INTRODUCE 37 34410
SEND 1553581740 INTRODUCE 36 19381
RECIEVED 1553581740 INTRODUCE 35 39 16
RECIEVED 1553581740 INTRODUCE 36 39 16
RECIEVED 1553581740 INTRODUCE 36 39 16
SEND 1553581740 INTRODUCE 36 10781
SEND 1553581740 INTRODUCE 36 13688
SEND 1553581740 INTRODUCE 36 15129
SEND 1553581740 INTRODUCE 36 13488
SEND 1553581740 INTRODUCE 36 11125
SEND 1553581740 INTRODUCE 36 14673
SEND 1553581740 INTRODUCE 36 21917
SEND 1553581740 INTRODUCE 36 14622
SEND 1553581740 INTRODUCE 36 24528
SEND 1553581740 INTRODUCE 36 15686
SEND 1553581740 INTRODUCE 36 24815
SEND 1553581740 INTRODUCE 36 20180
SEND 1553581740 INTRODUCE 36 20150
SEND 1553581740 INTRODUCE 36 12916
SEND 1553581740 INTRODUCE 36 24708
SEND 1553581740 INTRODUCE 36 28609
SEND 1553581740 INTRODUCE 36 24179
SEND 1553581740 INTRODUCE 36 30658
SEND 1553581740 INTRODUCE 36 18321
SEND 1553581740 INTRODUCE 36 25204
SEND 1553581740 INTRODUCE 36 14203
SEND 1553581740 INTRODUCE 36 11889
SEND 1553581740 INTRODUCE 36 14247
SEND 1553581740 INTRODUCE 36 14398
SEND 1553581740 INTRODUCE 36 13835
SEND 1553581740 INTRODUCE 36 13379
SEND 1553581740 INTRODUCE 36 14528
SEND 1553581740 INTRODUCE 36 15361
SEND 1553581740 INTRODUCE 36 14872
SEND 1553581740 INTRODUCE 36 20122
SEND 1553581740 INTRODUCE 36 17777
SEND 1553581740 INTRODUCE 36 13869
SEND 1553581740 INTRODUCE 36 14385
SEND 1553581740 INTRODUCE 36 14594
SEND 1553581740 INTRODUCE 36 18906
SEND 1553581740 INTRODUCE 36 15730
SEND 1553581740 INTRODUCE 36 12947
SEND 1553581740 INTRODUCE 36 17001
SEND 1553581740 INTRODUCE 36 12378
SEND 1553581740 JOIN 30 15250
RECIEVED 1553581740 INTRODUCE 37 40 16
RECIEVED 1553581740 INTRODUCE 37 40 16
RECIEVED 1553581740 TRANSACTION 81 40 16
RECIEVED 1553581740 INTRODUCE 36 40 16
RECIEVED 1553581740 INTRODUCE 36 40 16
RECIEVED 1553581740 INTRODUCE 35 40 16
RECIEVED 1553581740 INTRODUCE 36 40 16
RECIEVED 1553581740 INTRODUCE 37 40 16
RECIEVED 1553581740 INTRODUCE 36 40 16
RECIEVED 1553581740 INTRODUCE 36 40 16
RECIEVED 1553581740 INTRODUCE 36 40 16
RECIEVED 1553581740 INTRODUCE 36 40 16
RECIEVED 1553581740 TRANSACTION 81 40 16
RECIEVED 1553581740 INTRODUCE 37 40 16
RECIEVED 1553581740 INTRODUCE 36 40 16
RECIEVED 1553581740 INTRODUCE 36 40 16
RECIEVED 1553581740 INTRODUCE 36 40 16
RECIEVED 1553581740 TRANSACTION 81 40 16
UPDATE 1553581740 TRANSACTION 8f8e36cee1fd5fc8216b6e2d115852ef
SEND 1553581740 TRANSACTION 81 12616 8f8e36cee1fd5fc8216b6e2d115852ef
SEND 1553581740 TRANSACTION 81 14416 8f8e36cee1fd5fc8216b6e2d115852ef
SEND 1553581740 TRANSACTION 81 13720 8f8e36cee1fd5fc8216b6e2d115852ef
SEND 1553581740 TRANSACTION 81 22909 8f8e36cee1fd5fc8216b6e2d115852ef
SEND 1553581740 TRANSACTION 81 26883 8f8e36cee1fd5fc8216b6e2d115852ef
SEND 1553581740 TRANSACTION 81 36994 8f8e36cee1fd5fc8216b6e2d115852ef
SEND 1553581740 TRANSACTION 81 30278 8f8e36cee1fd5fc8216b6e2d115852ef
SEND 1553581740 TRANSACTION 81 14896 8f8e36cee1fd5fc8216b6e2d115852ef
SEND 1553581740 TRANSACTION 81 15331 8f8e36cee1fd5fc8216b6e2d115852ef
SEND 1553581740 TRANSACTION 81 28294 8f8e36cee1fd5fc8216b6e2d115852ef
SEND 1553581740 TRANSACTION 81 35842 8f8e36cee1fd5fc8216b6e2d115852ef
SEND 1553581740 TRANSACTION 81 18169 8f8e36cee1fd5fc8216b6e2d115852ef
RECIEVED 1553581740 INTRODUCE 36 40 17
RECIEVED 1553581740 INTRODUCE 35 40 17
RECIEVED 1553581740 INTRODUCE 36 40 17
RECIEVED 1553581740 INTRODUCE 36 40 17
RECIEVED 1553581740 INTRODUCE 35 40 17
RECIEVED 1553581740 INTRODUCE 36 40 17
RECIEVED 1553581740 INTRODUCE 36 40 17
RECIEVED 1553581740 INTRODUCE 35 40 17
RECIEVED 1553581740 INTRODUCE 36 40 17
RECIEVED 1553581740 INTRODUCE 36 40 17
RECIEVED 1553581740 INTRODUCE 37 40 17
RECIEVED 1553581740 INTRODUCE 35 40 17
RECIEVED 1553581740 INTRODUCE 36 40 17
RECIEVED 1553581740 INTRODUCE 35 40 17
RECIEVED 1553581740 INTRODUCE 36 40 17
RECIEVED 1553581740 INTRODUCE 35 40 17
RECIEVED 1553581740 INTRODUCE 36 40 17
RECIEVED 1553581740 INTRODUCE 36 40 17
RECIEVED 1553581740 INTRODUCE 36 40 17
RECIEVED 1553581740 INTRODUCE 36 40 17
RECIEVED 1553581740 INTRODUCE 36 40 17
RECIEVED 1553581740 INTRODUCE 36 40 17
RECIEVED 1553581740 INTRODUCE 36 40 17
RECIEVED 1553581740 INTRODUCE 35 40 17
RECIEVED 1553581740 INTRODUCE 35 40 17
RECIEVED 1553581740 INTRODUCE 36 40 17
RECIEVED 1553581740 INTRODUCE 36 40 17
RECIEVED 1553581740 INTRODUCE 36 40 17
RECIEVED 1553581740 INTRODUCE 36 40 17
RECIEVED 1553581740 TRANSACTION 81 40 17
RECIEVED 1553581740 INTRODUCE 37 40 17
RECIEVED 1553581740 INTRODUCE 36 40 17
RECIEVED 1553581740 INTRODUCE 36 40 17
RECIEVED 1553581740 INTRODUCE 35 40 17
RECIEVED 1553581740 INTRODUCE 36 40 17
RECIEVED 1553581740 INTRODUCE 36 40 17
RECIEVED 1553581740 INTRODUCE 36 40 17
RECIEVED 1553581740 INTRODUCE 37 40 17
RECIEVED 1553581740 INTRODUCE 36 40 17
RECIEVED 1553581740 INTRODUCE 36 40 17
RECIEVED 1553581740 INTRODUCE 37 40 17
RECIEVED 1553581740 INTRODUCE 36 40 17
RECIEVED 1553581740 TRANSACTION 82 40 17
RECIEVED 1553581740 INTRODUCE 36 40 17
RECIEVED 1553581740 INTRODUCE 36 40 17
RECIEVED 1553581740 INTRODUCE 36 40 17
RECIEVED 1553581740 INTRODUCE 36 40 17
RECIEVED 1553581740 TRANSACTION 81 40 17
RECIEVED 1553581740 INTRODUCE 36 40 17
RECIEVED 1553581740 INTRODUCE 36 40 17
RECIEVED 1553581740 INTRODUCE 36 40 17
RECIEVED 1553581740 INTRODUCE 36 40 17
RECIEVED 1553581740 INTRODUCE 35 40 17
# recieved string JOIN node12 172.22.158.206 8012

RECIEVED 1553581740 JOIN 32 40 17
SEND 1553581740 INTRODUCE 37 10829
SEND 1553581740 INTRODUCE 36 10226
SEND 1553581740 INTRODUCE 36 11081
SEND 1553581740 INTRODUCE 37 13913
SEND 1553581740 INTRODUCE 36 40869
SEND 1553581740 INTRODUCE 36 11968
SEND 1553581740 INTRODUCE 36 14502
SEND 1553581740 INTRODUCE 36 15190
SEND 1553581740 INTRODUCE 36 15015
SEND 1553581740 INTRODUCE 36 10848
SEND 1553581740 INTRODUCE 37 9801
SEND 1553581740 INTRODUCE 36 14283
SEND 1553581740 INTRODUCE 37 9480
SEND 1553581740 INTRODUCE 36 13875
SEND 1553581740 INTRODUCE 37 40800
SEND 1553581740 INTRODUCE 36 12645
SEND 1553581740 INTRODUCE 36 14603
SEND 1553581740 INTRODUCE 36 14231
SEND 1553581740 INTRODUCE 36 12684
SEND 1553581740 INTRODUCE 36 13486
SEND 1553581740 INTRODUCE 36 31100
SEND 1553581740 INTRODUCE 37 13294
SEND 1553581740 INTRODUCE 36 26444
SEND 1553581740 INTRODUCE 36 9239
SEND 1553581740 INTRODUCE 37 19294
SEND 1553581740 INTRODUCE 37 10180
SEND 1553581740 INTRODUCE 36 14225
SEND 1553581740 INTRODUCE 36 10060
SEND 1553581740 INTRODUCE 35 8860
SEND 1553581740 INTRODUCE 36 13522
SEND 1553581740 INTRODUCE 36 9871
SEND 1553581740 INTRODUCE 36 9199
SEND 1553581740 INTRODUCE 36 19522
SEND 1553581740 INTRODUCE 35 10083
SEND 1553581740 INTRODUCE 35 27806
SEND 1553581740 INTRODUCE 36 9516
SEND 1553581740 INTRODUCE 35 9820
SEND 1553581740 INTRODUCE 37 9462
SEND 1553581740 INTRODUCE 35 12815
SEND 1553581740 INTRODUCE 37 13838
RECIEVED 1553581740 TRANSACTION 81 41 17
RECIEVED 1553581740 INTRODUCE 36 41 17
RECIEVED 1553581740 INTRODUCE 36 41 17
SEND 1553581740 INTRODUCE 36 11079
SEND 1553581740 INTRODUCE 36 9701
SEND 1553581740 INTRODUCE 36 10567
SEND 1553581740 INTRODUCE 36 9103
SEND 1553581740 INTRODUCE 36 16211
SEND 1553581740 INTRODUCE 36 22977
SEND 1553581740 INTRODUCE 36 9785
SEND 1553581740 INTRODUCE 36 15727
SEND 1553581740 INTRODUCE 36 10276
SEND 1553581740 INTRODUCE 36 14156
SEND 1553581740 INTRODUCE 36 18612
SEND 1553581740 INTRODUCE 36 9935
SEND 1553581740 INTRODUCE 36 10516
SEND 1553581740 INTRODUCE 36 14412
SEND 1553581740 INTRODUCE 36 11435
SEND 1553581740 INTRODUCE 36 14253
SEND 1553581740 INTRODUCE 36 10396
SEND 1553581740 INTRODUCE 36 9821
SEND 1553581740 INTRODUCE 36 30957
SEND 1553581740 INTRODUCE 36 14805
SEND 1553581740 INTRODUCE 36 10409
SEND 1553581740 INTRODUCE 36 15697
SEND 1553581740 INTRODUCE 36 8969
SEND 1553581740 INTRODUCE 36 10366
SEND 1553581740 INTRODUCE 36 10602
SEND 1553581740 INTRODUCE 36 15709
SEND 1553581740 INTRODUCE 36 37370
SEND 1553581740 INTRODUCE 36 15020
SEND 1553581740 INTRODUCE 36 10767
SEND 1553581740 INTRODUCE 36 25440
SEND 1553581740 INTRODUCE 36 16500
SEND 1553581740 INTRODUCE 36 10593
SEND 1553581740 INTRODUCE 36 10864
SEND 1553581740 INTRODUCE 36 13770
SEND 1553581740 INTRODUCE 36 11082
SEND 1553581740 INTRODUCE 36 14419
SEND 1553581740 INTRODUCE 36 16852
SEND 1553581740 INTRODUCE 36 13841
SEND 1553581740 INTRODUCE 36 30422
SEND 1553581740 INTRODUCE 36 16276
SEND 1553581740 INTRODUCE 36 11021
SEND 1553581740 JOIN 30 14839
RECIEVED 1553581740 INTRODUCE 37 42 17
RECIEVED 1553581740 INTRODUCE 37 42 17
RECIEVED 1553581740 INTRODUCE 36 42 17
RECIEVED 1553581740 TRANSACTION 81 42 17
UPDATE 1553581740 TRANSACTION 26d3bb5cedcb4a7a7d0815d64e6420b9
SEND 1553581740 TRANSACTION 81 15767 26d3bb5cedcb4a7a7d0815d64e6420b9
SEND 1553581740 TRANSACTION 81 16813 26d3bb5cedcb4a7a7d0815d64e6420b9
SEND 1553581740 TRANSACTION 81 15522 26d3bb5cedcb4a7a7d0815d64e6420b9
SEND 1553581740 TRANSACTION 81 11570 26d3bb5cedcb4a7a7d0815d64e6420b9
SEND 1553581740 TRANSACTION 81 14546 26d3bb5cedcb4a7a7d0815d64e6420b9
SEND 1553581740 TRANSACTION 81 11118 26d3bb5cedcb4a7a7d0815d64e6420b9
SEND 1553581740 TRANSACTION 81 14419 26d3bb5cedcb4a7a7d0815d64e6420b9
SEND 1553581740 TRANSACTION 81 21599 26d3bb5cedcb4a7a7d0815d64e6420b9
SEND 1553581740 TRANSACTION 81 10164 26d3bb5cedcb4a7a7d0815d64e6420b9
SEND 1553581740 TRANSACTION 81 13601 26d3bb5cedcb4a7a7d0815d64e6420b9
SEND 1553581740 TRANSACTION 81 14919 26d3bb5cedcb4a7a7d0815d64e6420b9
SEND 1553581740 TRANSACTION 81 10224 26d3bb5cedcb4a7a7d0815d64e6420b9
RECIEVED 1553581740 INTRODUCE 36 42 18
RECIEVED 1553581740 INTRODUCE 36 42 18
RECIEVED 1553581740 INTRODUCE 35 42 18
RECIEVED 1553581740 INTRODUCE 36 42 18
RECIEVED 1553581740 INTRODUCE 36 42 18
RECIEVED 1553581740 INTRODUCE 36 42 18
RECIEVED 1553581740 INTRODUCE 36 42 18
RECIEVED 1553581740 TRANSACTION 81 42 18
RECIEVED 1553581740 TRANSACTION 81 42 18
RECIEVED 1553581740 TRANSACTION 81 42 18
RECIEVED 1553581740 INTRODUCE 37 42 18
RECIEVED 1553581740 INTRODUCE 36 42 18
RECIEVED 1553581740 INTRODUCE 36 42 18
RECIEVED 1553581740 INTRODUCE 36 42 18
RECIEVED 1553581740 INTRODUCE 36 42 18
RECIEVED 1553581740 INTRODUCE 37 42 18
RECIEVED 1553581740 INTRODUCE 36 42 18
RECIEVED 1553581740 INTRODUCE 37 42 18
RECIEVED 1553581740 INTRODUCE 37 42 18
RECIEVED 1553581740 INTRODUCE 36 42 18
# recieved string JOIN node0 172.22.158.206 8000

RECIEVED 1553581740 JOIN 31 42 18
SEND 1553581740 INTRODUCE 35 10389
SEND 1553581740 INTRODUCE 36 9371
SEND 1553581740 INTRODUCE 35 9212
SEND 1553581740 INTRODUCE 37 10728
SEND 1553581740 INTRODUCE 35 12853
SEND 1553581740 INTRODUCE 37 12407
SEND 1553581740 INTRODUCE 37 14250
SEND 1553581740 INTRODUCE 36 12525
SEND 1553581740 INTRODUCE 36 10144
SEND 1553581740 INTRODUCE 36 24249
SEND 1553581740 INTRODUCE 36 8700
SEND 1553581740 INTRODUCE 36 9857
SEND 1553581740 INTRODUCE 36 8648
SEND 1553581740 INTRODUCE 36 20345
SEND 1553581740 INTRODUCE 36 9620
SEND 1553581740 INTRODUCE 37 9241
SEND 1553581740 INTRODUCE 37 12612
SEND 1553581740 INTRODUCE 36 31860
SEND 1553581740 INTRODUCE 37 9119
SEND 1553581740 INTRODUCE 36 9319
SEND 1553581740 INTRODUCE 37 30014
SEND 1553581740 INTRODUCE 36 14989
SEND 1553581740 INTRODUCE 36 9382
SEND 1553581740 INTRODUCE 36 8872
SEND 1553581740 INTRODUCE 36 14667
SEND 1553581740 INTRODUCE 36 13674
SEND 1553581740 INTRODUCE 36 9212
SEND 1553581740 INTRODUCE 37 11882
SEND 1553581740 INTRODUCE 36 12848
SEND 1553581740 INTRODUCE 36 16917
SEND 1553581740 INTRODUCE 37 10007
SEND 1553581740 INTRODUCE 36 9908
SEND 1553581740 INTRODUCE 36 15200
SEND 1553581740 INTRODUCE 35 14975
SEND 1553581740 INTRODUCE 36 13059
SEND 1553581740 INTRODUCE 36 18430
SEND 1553581740 INTRODUCE 36 11689
SEND 1553581740 INTRODUCE 37 15176
SEND 1553581740 INTRODUCE 36 12039
SEND 1553581740 INTRODUCE 37 13184
SEND 1553581740 INTRODUCE 35 9521
SEND 1553581740 INTRODUCE 36 9719
RECIEVED 1553581740 TRANSACTION 80 43 18
UPDATE 1553581740 TRANSACTION 2a6f5e7e8acea9babc8fd06688a05fc0
SEND 1553581740 TRANSACTION 80 10612 2a6f5e7e8acea9babc8fd06688a05fc0
SEND 1553581740 TRANSACTION 80 11390 2a6f5e7e8acea9babc8fd06688a05fc0
SEND 1553581740 TRANSACTION 80 25098 2a6f5e7e8acea9babc8fd06688a05fc0
SEND 1553581740 TRANSACTION 80 11236 2a6f5e7e8acea9babc8fd06688a05fc0
SEND 1553581740 TRANSACTION 80 19756 2a6f5e7e8acea9babc8fd06688a05fc0
SEND 1553581740 TRANSACTION 80 10483 2a6f5e7e8acea9babc8fd06688a05fc0
SEND 1553581740 TRANSACTION 80 14958 2a6f5e7e8acea9babc8fd06688a05fc0
SEND 1553581740 TRANSACTION 80 15544 2a6f5e7e8acea9babc8fd06688a05fc0
SEND 1553581740 TRANSACTION 80 11475 2a6f5e7e8acea9babc8fd06688a05fc0
SEND 1553581740 TRANSACTION 80 10124 2a6f5e7e8acea9babc8fd06688a05fc0
SEND 1553581740 TRANSACTION 80 10420 2a6f5e7e8acea9babc8fd06688a05fc0
SEND 1553581740 TRANSACTION 80 13907 2a6f5e7e8acea9babc8fd06688a05fc0
SEND 1553581740 TRANSACTION 80 10110 2a6f5e7e8acea9babc8fd06688a05fc0
SEND 1553581740 TRANSACTION 80 10107 2a6f5e7e8acea9babc8fd06688a05fc0
SEND 1553581740 TRANSACTION 80 21358 2a6f5e7e8acea9babc8fd06688a05fc0
RECIEVED 1553581740 INTRODUCE 36 43 19
RECIEVED 1553581740 TRANSACTION 80 43 19
RECIEVED 1553581740 TRANSACTION 81 43 19
RECIEVED 1553581740 INTRODUCE 37 43 19
RECIEVED 1553581740 INTRODUCE 35 43 19
RECIEVED 1553581740 INTRODUCE 37 43 19
RECIEVED 1553581740 INTRODUCE 36 43 19
RECIEVED 1553581740 INTRODUCE 36 43 19
RECIEVED 1553581740 INTRODUCE 37 43 19
RECIEVED 1553581740 INTRODUCE 36 43 19
RECIEVED 1553581740 TRANSACTION 82 43 19
RECIEVED 1553581740 TRANSACTION 81 43 19
RECIEVED 1553581740 INTRODUCE 36 43 19
RECIEVED 1553581740 INTRODUCE 36 43 19
RECIEVED 1553581740 TRANSACTION 81 43 19
RECIEVED 1553581740 INTRODUCE 36 43 19
RECIEVED 1553581740 INTRODUCE 36 43 19
RECIEVED 1553581740 INTRODUCE 36 43 19
RECIEVED 1553581740 INTRODUCE 36 43 19
RECIEVED 1553581740 INTRODUCE 36 43 19
RECIEVED 1553581740 INTRODUCE 36 43 19
RECIEVED 1553581740 TRANSACTION 81 43 19
RECIEVED 1553581740 TRANSACTION 78 43 19
RECIEVED 1553581740 TRANSACTION 80 43 19
RECIEVED 1553581740 INTRODUCE 36 43 19
RECIEVED 1553581740 INTRODUCE 36 43 19
# recieved string JOIN node8 172.22.158.206 8008

RECIEVED 1553581740 JOIN 31 43 19
SEND 1553581740 INTRODUCE 36 10288
SEND 1553581740 INTRODUCE 37 9828
SEND 1553581740 INTRODUCE 37 8624
SEND 1553581740 INTRODUCE 36 16778
SEND 1553581740 INTRODUCE 36 21450
SEND 1553581740 INTRODUCE 35 12260
SEND 1553581740 INTRODUCE 36 16071
SEND 1553581740 INTRODUCE 36 13716
SEND 1553581740 INTRODUCE 36 14193
SEND 1553581740 INTRODUCE 37 9560
SEND 1553581740 INTRODUCE 36 9860
SEND 1553581740 INTRODUCE 35 9972
SEND 1553581740 INTRODUCE 36 14637
SEND 1553581740 INTRODUCE 37 10031
SEND 1553581740 INTRODUCE 35 9944
SEND 1553581740 INTRODUCE 36 13327
SEND 1553581740 INTRODUCE 35 13888
SEND 1553581740 INTRODUCE 37 9377
SEND 1553581740 INTRODUCE 35 14876
SEND 1553581740 INTRODUCE 37 10300
SEND 1553581740 INTRODUCE 36 18684
SEND 1553581740 INTRODUCE 36 10553
SEND 1553581740 INTRODUCE 37 13023
SEND 1553581740 INTRODUCE 37 9708
SEND 1553581740 INTRODUCE 36 9898
SEND 1553581740 INTRODUCE 36 9793
SEND 1553581740 INTRODUCE 36 9284
SEND 1553581740 INTRODUCE 36 10443
SEND 1553581740 INTRODUCE 36 13740
SEND 1553581740 INTRODUCE 36 9804
SEND 1553581740 INTRODUCE 36 14651
SEND 1553581740 INTRODUCE 37 9427
SEND 1553581740 INTRODUCE 36 10785
SEND 1553581740 INTRODUCE 37 26484
SEND 1553581740 INTRODUCE 36 31581
SEND 1553581740 INTRODUCE 36 13217
SEND 1553581740 INTRODUCE 36 13246
SEND 1553581740 INTRODUCE 36 13373
SEND 1553581740 INTRODUCE 36 15583
SEND 1553581740 INTRODUCE 36 9578
SEND 1553581740 INTRODUCE 37 9778
SEND 1553581740 INTRODUCE 36 9645
SEND 1553581740 INTRODUCE 36 13203
RECIEVED 1553581740 INTRODUCE 37 44 19
RECIEVED 1553581740 INTRODUCE 36 44 19
RECIEVED 1553581740 INTRODUCE 36 44 19
RECIEVED 1553581740 INTRODUCE 36 44 19
RECIEVED 1553581740 INTRODUCE 36 44 19
RECIEVED 1553581740 INTRODUCE 36 44 19
RECIEVED 1553581740 TRANSACTION 83 44 19
UPDATE 1553581740 TRANSACTION 7541abbccd3f7fed00273c19893c1715
SEND 1553581740 TRANSACTION 83 36417 7541abbccd3f7fed00273c19893c1715
SEND 1553581740 TRANSACTION 83 14757 7541abbccd3f7fed00273c19893c1715
SEND 1553581740 TRANSACTION 83 9735 7541abbccd3f7fed00273c19893c1715
SEND 1553581740 TRANSACTION 83 15463 7541abbccd3f7fed00273c19893c1715
SEND 1553581740 TRANSACTION 83 10803 7541abbccd3f7fed00273c19893c1715
SEND 1553581740 TRANSACTION 83 14193 7541abbccd3f7fed00273c19893c1715
SEND 1553581740 TRANSACTION 83 9918 7541abbccd3f7fed00273c19893c1715
SEND 1553581740 TRANSACTION 83 10055 7541abbccd3f7fed00273c19893c1715
SEND 1553581740 TRANSACTION 83 9936 7541abbccd3f7fed00273c19893c1715
SEND 1553581740 TRANSACTION 83 10118 7541abbccd3f7fed00273c19893c1715
SEND 1553581740 TRANSACTION 83 13460 7541abbccd3f7fed00273c19893c1715
SEND 1553581740 TRANSACTION 83 10307 7541abbccd3f7fed00273c19893c1715
SEND 1553581740 TRANSACTION 83 24076 7541abbccd3f7fed00273c19893c1715
SEND 1553581740 TRANSACTION 83 12705 7541abbccd3f7fed00273c19893c1715
RECIEVED 1553581740 INTRODUCE 36 44 20
RECIEVED 1553581740 INTRODUCE 37 44 20
RECIEVED 1553581740 INTRODUCE 37 44 20
RECIEVED 1553581740 INTRODUCE 36 44 20
RECIEVED 1553581740 INTRODUCE 36 44 20
RECIEVED 1553581740 INTRODUCE 36 44 20
RECIEVED 1553581740 INTRODUCE 37 44 20
RECIEVED 1553581740 INTRODUCE 37 44 20
# recieved string JOIN node18 172.22.158.206 8018

RECIEVED 1553581740 JOIN 32 44 20
SEND 1553581740 INTRODUCE 36 13620
SEND 1553581740 INTRODUCE 37 13018
SEND 1553581740 INTRODUCE 36 10295
SEND 1553581740 INTRODUCE 36 13414
SEND 1553581740 INTRODUCE 36 14366
SEND 1553581740 INTRODUCE 36 15296
SEND 1553581740 INTRODUCE 36 12526
SEND 1553581740 INTRODUCE 37 10211
SEND 1553581740 INTRODUCE 36 9748
SEND 1553581740 INTRODUCE 36 9621
SEND 1553581740 INTRODUCE 36 9604
SEND 1553581740 INTRODUCE 36 9460
SEND 1553581740 INTRODUCE 36 11459
SEND 1553581740 INTRODUCE 37 43642
SEND 1553581740 INTRODUCE 37 27642
SEND 1553581740 INTRODUCE 36 10609
SEND 1553581740 INTRODUCE 36 12500
SEND 1553581740 INTRODUCE 35 49924
SEND 1553581740 INTRODUCE 36 15064
SEND 1553581740 INTRODUCE 37 9336
SEND 1553581740 INTRODUCE 36 13044
SEND 1553581740 INTRODUCE 35 15171
SEND 1553581740 INTRODUCE 36 19680
SEND 1553581740 INTRODUCE 37 74826
SEND 1553581740 INTRODUCE 35 8492
SEND 1553581740 INTRODUCE 37 9179
SEND 1553581740 INTRODUCE 35 26125
SEND 1553581740 INTRODUCE 36 14547
SEND 1553581740 INTRODUCE 35 14386
SEND 1553581740 INTRODUCE 36 55152
SEND 1553581740 INTRODUCE 37 13298
SEND 1553581740 INTRODUCE 36 9918
SEND 1553581740 INTRODUCE 36 9991
SEND 1553581740 INTRODUCE 36 18904
SEND 1553581740 INTRODUCE 36 8988
SEND 1553581740 INTRODUCE 37 8393
SEND 1553581740 INTRODUCE 37 9829
SEND 1553581740 INTRODUCE 36 13519
SEND 1553581740 INTRODUCE 36 14061
SEND 1553581740 INTRODUCE 36 11667
SEND 1553581740 INTRODUCE 36 9475
SEND 1553581740 INTRODUCE 36 24702
SEND 1553581740 INTRODUCE 37 27462
SEND 1553581740 INTRODUCE 36 9179
RECIEVED 1553581740 INTRODUCE 36 45 20
RECIEVED 1553581740 INTRODUCE 37 45 20
RECIEVED 1553581740 INTRODUCE 35 45 20
RECIEVED 1553581740 INTRODUCE 37 45 20
RECIEVED 1553581740 INTRODUCE 36 45 20
RECIEVED 1553581740 INTRODUCE 35 45 20
RECIEVED 1553581740 TRANSACTION 83 45 20
RECIEVED 1553581740 INTRODUCE 36 45 20
RECIEVED 1553581740 INTRODUCE 37 45 20
RECIEVED 1553581740 INTRODUCE 35 45 20
RECIEVED 1553581740 INTRODUCE 37 45 20
RECIEVED 1553581740 INTRODUCE 36 45 20
RECIEVED 1553581740 INTRODUCE 36 45 20
RECIEVED 1553581740 INTRODUCE 37 45 20
RECIEVED 1553581740 INTRODUCE 37 45 20
RECIEVED 1553581740 INTRODUCE 36 45 20
RECIEVED 1553581740 INTRODUCE 36 45 20
RECIEVED 1553581740 INTRODUCE 37 45 20
RECIEVED 1553581740 TRANSACTION 80 45 20
UPDATE 1553581740 TRANSACTION 3cfb819cebc96fd8021b220159afab36
SEND 1553581740 TRANSACTION 80 13439 3cfb819cebc96fd8021b220159afab36
SEND 1553581740 TRANSACTION 80 10225 3cfb819cebc96fd8021b220159afab36
SEND 1553581740 TRANSACTION 80 14819 3cfb819cebc96fd8021b220159afab36
SEND 1553581740 TRANSACTION 80 9873 3cfb819cebc96fd8021b220159afab36
SEND 1553581740 TRANSACTION 80 35394 3cfb819cebc96fd8021b220159afab36
SEND 1553581740 TRANSACTION 80 18402 3cfb819cebc96fd8021b220159afab36
SEND 1553581740 TRANSACTION 80 9496 3cfb819cebc96fd8021b220159afab36
SEND 1553581740 TRANSACTION 80 14582 3cfb819cebc96fd8021b220159afab36
SEND 1553581740 TRANSACTION 80 14245 3cfb819cebc96fd8021b220159afab36
SEND 1553581740 TRANSACTION 80 26300 3cfb819cebc96fd8021b220159afab36
SEND 1553581740 TRANSACTION 80 34477 3cfb819cebc96fd8021b220159afab36
SEND 1553581740 TRANSACTION 80 18864 3cfb819cebc96fd8021b220159afab36
SEND 1553581740 TRANSACTION 80 13005 3cfb819cebc96fd8021b220159afab36
SEND 1553581740 TRANSACTION 80 35344 3cfb819cebc96fd8021b220159afab36
SEND 1553581740 TRANSACTION 80 21120 3cfb819cebc96fd8021b220159afab36
SEND 1553581740 TRANSACTION 80 18032 3cfb819cebc96fd8021b220159afab36
RECIEVED 1553581740 INTRODUCE 37 45 21
RECIEVED 1553581740 INTRODUCE 36 45 21
RECIEVED 1553581740 INTRODUCE 36 45 21
RECIEVED 1553581740 INTRODUCE 36 45 21
RECIEVED 1553581740 INTRODUCE 36 45 21
RECIEVED 1553581740 INTRODUCE 37 45 21
RECIEVED 1553581741 INTRODUCE 35 45 21
RECIEVED 1553581741 INTRODUCE 36 45 21
RECIEVED 1553581741 TRANSACTION 80 45 21
RECIEVED 1553581741 INTRODUCE 37 45 21
RECIEVED 1553581741 INTRODUCE 35 45 21
RECIEVED 1553581741 TRANSACTION 80 45 21
RECIEVED 1553581741 INTRODUCE 35 45 21
RECIEVED 1553581741 INTRODUCE 36 45 21
RECIEVED 1553581741 INTRODUCE 36 45 21
RECIEVED 1553581741 INTRODUCE 36 45 21
RECIEVED 1553581741 INTRODUCE 37 45 21
RECIEVED 1553581741 TRANSACTION 83 45 21
RECIEVED 1553581741 INTRODUCE 36 45 21
RECIEVED 1553581741 INTRODUCE 36 45 21
RECIEVED 1553581741 INTRODUCE 37 45 21
RECIEVED 1553581741 INTRODUCE 37 45 21
RECIEVED 1553581741 TRANSACTION 81 45 21
RECIEVED 1553581741 INTRODUCE 36 45 21
RECIEVED 1553581741 INTRODUCE 36 45 21
RECIEVED 1553581741 INTRODUCE 36 45 21
RECIEVED 1553581741 TRANSACTION 80 45 21
UPDATE 1553581741 TRANSACTION c31bcf406012741388e8a811ee88ec56
SEND 1553581741 TRANSACTION 80 10068 c31bcf406012741388e8a811ee88ec56
SEND 1553581741 TRANSACTION 80 34328 c31bcf406012741388e8a811ee88ec56
SEND 1553581741 TRANSACTION 80 11328 c31bcf406012741388e8a811ee88ec56
SEND 1553581741 TRANSACTION 80 10055 c31bcf406012741388e8a811ee88ec56
SEND 1553581741 TRANSACTION 80 14456 c31bcf406012741388e8a811ee88ec56
SEND 1553581741 TRANSACTION 80 25703 c31bcf406012741388e8a811ee88ec56
SEND 1553581741 TRANSACTION 80 13900 c31bcf406012741388e8a811ee88ec56
SEND 1553581741 TRANSACTION 80 14413 c31bcf406012741388e8a811ee88ec56
SEND 1553581741 TRANSACTION 80 10512 c31bcf406012741388e8a811ee88ec56
SEND 1553581741 TRANSACTION 80 10595 c31bcf406012741388e8a811ee88ec56
RECIEVED 1553581741 TRANSACTION 81 45 22
UPDATE 1553581741 TRANSACTION 2cadac42c22bcd9d7e82ba2dc9e4e2fd
SEND 1553581741 TRANSACTION 81 10285 2cadac42c22bcd9d7e82ba2dc9e4e2fd
SEND 1553581741 TRANSACTION 81 16045 2cadac42c22bcd9d7e82ba2dc9e4e2fd
SEND 1553581741 TRANSACTION 81 11251 2cadac42c22bcd9d7e82ba2dc9e4e2fd
SEND 1553581741 TRANSACTION 81 13077 2cadac42c22bcd9d7e82ba2dc9e4e2fd
SEND 1553581741 TRANSACTION 81 9600 2cadac42c22bcd9d7e82ba2dc9e4e2fd
SEND 1553581741 TRANSACTION 81 10253 2cadac42c22bcd9d7e82ba2dc9e4e2fd
SEND 1553581741 TRANSACTION 81 14048 2cadac42c22bcd9d7e82ba2dc9e4e2fd
SEND 1553581741 TRANSACTION 81 11540 2cadac42c22bcd9d7e82ba2dc9e4e2fd
SEND 1553581741 TRANSACTION 81 14879 2cadac42c22bcd9d7e82ba2dc9e4e2fd
RECIEVED 1553581741 TRANSACTION 80 45 23
RECIEVED 1553581741 TRANSACTION 80 45 23
RECIEVED 1553581741 INTRODUCE 36 45 23
RECIEVED 1553581741 INTRODUCE 36 45 23
RECIEVED 1553581741 INTRODUCE 37 45 23
RECIEVED 1553581741 TRANSACTION 81 45 23
RECIEVED 1553581741 INTRODUCE 36 45 23
RECIEVED 1553581741 INTRODUCE 36 45 23
RECIEVED 1553581741 INTRODUCE 36 45 23
RECIEVED 1553581741 TRANSACTION 81 45 23
UPDATE 1553581741 TRANSACTION 89e973c64217302c238f44b6ceaabc36
SEND 1553581741 TRANSACTION 81 21144 89e973c64217302c238f44b6ceaabc36
SEND 1553581741 TRANSACTION 81 9810 89e973c64217302c238f44b6ceaabc36
SEND 1553581741 TRANSACTION 81 15040 89e973c64217302c238f44b6ceaabc36
SEND 1553581741 TRANSACTION 81 14325 89e973c64217302c238f44b6ceaabc36
SEND 1553581741 TRANSACTION 81 10503 89e973c64217302c238f44b6ceaabc36
SEND 1553581741 TRANSACTION 81 10316 89e973c64217302c238f44b6ceaabc36
SEND 1553581741 TRANSACTION 81 36774 89e973c64217302c238f44b6ceaabc36
SEND 1553581741 TRANSACTION 81 11581 89e973c64217302c238f44b6ceaabc36
SEND 1553581741 TRANSACTION 81 15411 89e973c64217302c238f44b6ceaabc36
SEND 1553581741 TRANSACTION 81 12277 89e973c64217302c238f44b6ceaabc36
SEND 1553581741 TRANSACTION 81 20686 89e973c64217302c238f44b6ceaabc36
SEND 1553581741 TRANSACTION 81 10415 89e973c64217302c238f44b6ceaabc36
SEND 1553581741 TRANSACTION 81 8783 89e973c64217302c238f44b6ceaabc36
SEND 1553581741 TRANSACTION 81 14842 89e973c64217302c238f44b6ceaabc36
SEND 1553581741 TRANSACTION 81 10700 89e973c64217302c238f44b6ceaabc36
SEND 1553581741 TRANSACTION 81 10936 89e973c64217302c238f44b6ceaabc36
SEND 1553581741 TRANSACTION 81 13272 89e973c64217302c238f44b6ceaabc36
RECIEVED 1553581741 INTRODUCE 36 45 24
RECIEVED 1553581741 TRANSACTION 81 45 24
RECIEVED 1553581741 TRANSACTION 81 45 24
RECIEVED 1553581741 TRANSACTION 81 45 24
RECIEVED 1553581741 INTRODUCE 36 45 24
RECIEVED 1553581741 INTRODUCE 37 45 24
RECIEVED 1553581741 TRANSACTION 80 45 24
RECIEVED 1553581741 TRANSACTION 81 45 24
RECIEVED 1553581741 INTRODUCE 36 45 24
RECIEVED 1553581741 TRANSACTION 81 45 24
RECIEVED 1553581741 INTRODUCE 36 45 24
RECIEVED 1553581741 TRANSACTION 83 45 24
RECIEVED 1553581741 INTRODUCE 37 45 24
RECIEVED 1553581741 INTRODUCE 36 45 24
RECIEVED 1553581741 INTRODUCE 36 45 24
RECIEVED 1553581741 INTRODUCE 36 45 24
RECIEVED 1553581741 INTRODUCE 36 45 24
RECIEVED 1553581741 INTRODUCE 37 45 24
RECIEVED 1553581741 INTRODUCE 37 45 24
RECIEVED 1553581741 INTRODUCE 36 45 24
RECIEVED 1553581741 INTRODUCE 36 45 24
RECIEVED 1553581741 TRANSACTION 79 45 24
UPDATE 1553581741 TRANSACTION ca1ae9c77a0908ac6ba5ee95d9d4f913
SEND 1553581741 TRANSACTION 79 14423 ca1ae9c77a0908ac6ba5ee95d9d4f913
SEND 1553581741 TRANSACTION 79 12217 ca1ae9c77a0908ac6ba5ee95d9d4f913
SEND 1553581741 TRANSACTION 79 10038 ca1ae9c77a0908ac6ba5ee95d9d4f913
SEND 1553581741 TRANSACTION 79 10362 ca1ae9c77a0908ac6ba5ee95d9d4f913
SEND 1553581741 TRANSACTION 79 10122 ca1ae9c77a0908ac6ba5ee95d9d4f913
SEND 1553581741 TRANSACTION 79 20152 ca1ae9c77a0908ac6ba5ee95d9d4f913
SEND 1553581741 TRANSACTION 79 13425 ca1ae9c77a0908ac6ba5ee95d9d4f913
SEND 1553581741 TRANSACTION 79 13022 ca1ae9c77a0908ac6ba5ee95d9d4f913
SEND 1553581741 TRANSACTION 79 9062 ca1ae9c77a0908ac6ba5ee95d9d4f913
# recieved string JOIN node19 172.22.94.216 8019

SEND 1553581741 TRANSACTION 79 18257 ca1ae9c77a0908ac6ba5ee95d9d4f913
SEND 1553581741 TRANSACTION 79 9925 ca1ae9c77a0908ac6ba5ee95d9d4f913
SEND 1553581741 TRANSACTION 79 10147 ca1ae9c77a0908ac6ba5ee95d9d4f913
SEND 1553581741 TRANSACTION 79 13349 ca1ae9c77a0908ac6ba5ee95d9d4f913
SEND 1553581741 TRANSACTION 79 10388 ca1ae9c77a0908ac6ba5ee95d9d4f913
SEND 1553581741 TRANSACTION 79 13071 ca1ae9c77a0908ac6ba5ee95d9d4f913
SEND 1553581741 TRANSACTION 79 16186 ca1ae9c77a0908ac6ba5ee95d9d4f913
SEND 1553581741 TRANSACTION 79 14778 ca1ae9c77a0908ac6ba5ee95d9d4f913
SEND 1553581741 TRANSACTION 79 12633 ca1ae9c77a0908ac6ba5ee95d9d4f913
SEND 1553581741 TRANSACTION 79 9345 ca1ae9c77a0908ac6ba5ee95d9d4f913
SEND 1553581741 TRANSACTION 79 13423 ca1ae9c77a0908ac6ba5ee95d9d4f913
RECIEVED 1553581741 INTRODUCE 37 45 25
RECIEVED 1553581741 INTRODUCE 37 45 25
RECIEVED 1553581741 INTRODUCE 36 45 25
RECIEVED 1553581741 INTRODUCE 36 45 25
RECIEVED 1553581741 TRANSACTION 80 45 25
UPDATE 1553581741 TRANSACTION 1fad45a4bc0ad55334da199d74693b40
SEND 1553581741 TRANSACTION 80 9688 1fad45a4bc0ad55334da199d74693b40
SEND 1553581741 TRANSACTION 80 10368 1fad45a4bc0ad55334da199d74693b40
SEND 1553581741 TRANSACTION 80 9840 1fad45a4bc0ad55334da199d74693b40
SEND 1553581741 TRANSACTION 80 19459 1fad45a4bc0ad55334da199d74693b40
SEND 1553581741 TRANSACTION 80 14462 1fad45a4bc0ad55334da199d74693b40
SEND 1553581741 TRANSACTION 80 38190 1fad45a4bc0ad55334da199d74693b40
SEND 1553581741 TRANSACTION 80 9656 1fad45a4bc0ad55334da199d74693b40
SEND 1553581741 TRANSACTION 80 26574 1fad45a4bc0ad55334da199d74693b40
SEND 1553581741 TRANSACTION 80 12965 1fad45a4bc0ad55334da199d74693b40
SEND 1553581741 TRANSACTION 80 14900 1fad45a4bc0ad55334da199d74693b40
SEND 1553581741 TRANSACTION 80 14120 1fad45a4bc0ad55334da199d74693b40
SEND 1553581741 TRANSACTION 80 11460 1fad45a4bc0ad55334da199d74693b40
SEND 1553581741 TRANSACTION 80 18981 1fad45a4bc0ad55334da199d74693b40
SEND 1553581741 TRANSACTION 80 13051 1fad45a4bc0ad55334da199d74693b40
SEND 1553581741 TRANSACTION 80 10480 1fad45a4bc0ad55334da199d74693b40
SEND 1553581741 TRANSACTION 80 31014 1fad45a4bc0ad55334da199d74693b40
RECIEVED 1553581741 JOIN 31 45 26
SEND 1553581741 INTRODUCE 36 18021
SEND 1553581741 INTRODUCE 36 11526
SEND 1553581741 INTRODUCE 36 11219
SEND 1553581741 INTRODUCE 37 12711
SEND 1553581741 INTRODUCE 36 12480
SEND 1553581741 INTRODUCE 36 13007
SEND 1553581741 INTRODUCE 36 10745
SEND 1553581741 INTRODUCE 36 10901
SEND 1553581741 INTRODUCE 36 10212
SEND 1553581741 INTRODUCE 37 10066
SEND 1553581741 INTRODUCE 36 10593
SEND 1553581741 INTRODUCE 35 9819
SEND 1553581741 INTRODUCE 36 11064
SEND 1553581741 INTRODUCE 36 10096
SEND 1553581741 INTRODUCE 36 10104
SEND 1553581741 INTRODUCE 37 10229
SEND 1553581741 INTRODUCE 37 10612
SEND 1553581741 INTRODUCE 36 9721
SEND 1553581741 INTRODUCE 37 9981
SEND 1553581741 INTRODUCE 36 10540
SEND 1553581741 INTRODUCE 36 10104
SEND 1553581741 INTRODUCE 36 9922
SEND 1553581741 INTRODUCE 37 10095
SEND 1553581741 INTRODUCE 35 9388
SEND 1553581741 INTRODUCE 36 9656
SEND 1553581741 INTRODUCE 35 9172
SEND 1553581741 INTRODUCE 37 9759
SEND 1553581741 INTRODUCE 35 9500
SEND 1553581741 INTRODUCE 37 14304
SEND 1553581741 INTRODUCE 35 9935
SEND 1553581741 INTRODUCE 36 12223
SEND 1553581741 INTRODUCE 36 10250
SEND 1553581741 INTRODUCE 36 9631
SEND 1553581741 INTRODUCE 37 14148
SEND 1553581741 INTRODUCE 36 8615
SEND 1553581741 INTRODUCE 36 9492
SEND 1553581741 INTRODUCE 36 9348
SEND 1553581741 INTRODUCE 36 23164
SEND 1553581741 INTRODUCE 37 10640
SEND 1553581741 INTRODUCE 37 9527
SEND 1553581741 INTRODUCE 36 14968
SEND 1553581741 INTRODUCE 36 9824
SEND 1553581741 INTRODUCE 37 13077
SEND 1553581741 INTRODUCE 36 14109
SEND 1553581741 INTRODUCE 36 24948
RECIEVED 1553581741 INTRODUCE 37 46 26
RECIEVED 1553581741 TRANSACTION 81 46 26
UPDATE 1553581741 TRANSACTION a7071e9cf4dd4fe809c104dd56f7ea8f
SEND 1553581741 TRANSACTION 81 27714 a7071e9cf4dd4fe809c104dd56f7ea8f
SEND 1553581741 TRANSACTION 81 10707 a7071e9cf4dd4fe809c104dd56f7ea8f
SEND 1553581741 TRANSACTION 81 10080 a7071e9cf4dd4fe809c104dd56f7ea8f
SEND 1553581741 TRANSACTION 81 9834 a7071e9cf4dd4fe809c104dd56f7ea8f
SEND 1553581741 TRANSACTION 81 10299 a7071e9cf4dd4fe809c104dd56f7ea8f
SEND 1553581741 TRANSACTION 81 10213 a7071e9cf4dd4fe809c104dd56f7ea8f
SEND 1553581741 TRANSACTION 81 10016 a7071e9cf4dd4fe809c104dd56f7ea8f
SEND 1553581741 TRANSACTION 81 42778 a7071e9cf4dd4fe809c104dd56f7ea8f
SEND 1553581741 TRANSACTION 81 13702 a7071e9cf4dd4fe809c104dd56f7ea8f
SEND 1553581741 TRANSACTION 81 9271 a7071e9cf4dd4fe809c104dd56f7ea8f
SEND 1553581741 TRANSACTION 81 51495 a7071e9cf4dd4fe809c104dd56f7ea8f
SEND 1553581741 TRANSACTION 81 13214 a7071e9cf4dd4fe809c104dd56f7ea8f
SEND 1553581741 TRANSACTION 81 13767 a7071e9cf4dd4fe809c104dd56f7ea8f
SEND 1553581741 TRANSACTION 81 34340 a7071e9cf4dd4fe809c104dd56f7ea8f
SEND 1553581741 TRANSACTION 81 35933 a7071e9cf4dd4fe809c104dd56f7ea8f
SEND 1553581741 TRANSACTION 81 14424 a7071e9cf4dd4fe809c104dd56f7ea8f
SEND 1553581741 TRANSACTION 81 10721 a7071e9cf4dd4fe809c104dd56f7ea8f
SEND 1553581741 TRANSACTION 81 11355 a7071e9cf4dd4fe809c104dd56f7ea8f
SEND 1553581741 TRANSACTION 81 10581 a7071e9cf4dd4fe809c104dd56f7ea8f
SEND 1553581741 TRANSACTION 81 11329 a7071e9cf4dd4fe809c104dd56f7ea8f
RECIEVED 1553581741 TRANSACTION 81 46 27
RECIEVED 1553581741 INTRODUCE 37 46 27
RECIEVED 1553581741 TRANSACTION 80 46 27
RECIEVED 1553581741 INTRODUCE 36 46 27
RECIEVED 1553581741 INTRODUCE 36 46 27
RECIEVED 1553581741 INTRODUCE 36 46 27
RECIEVED 1553581741 INTRODUCE 37 46 27
RECIEVED 1553581741 TRANSACTION 81 46 27
RECIEVED 1553581741 INTRODUCE 35 46 27
RECIEVED 1553581741 INTRODUCE 36 46 27
RECIEVED 1553581741 TRANSACTION 80 46 27
RECIEVED 1553581741 INTRODUCE 37 46 27
RECIEVED 1553581741 INTRODUCE 36 46 27
RECIEVED 1553581741 INTRODUCE 36 46 27
RECIEVED 1553581741 INTRODUCE 37 46 27
RECIEVED 1553581741 INTRODUCE 36 46 27
RECIEVED 1553581741 INTRODUCE 36 46 27
RECIEVED 1553581741 TRANSACTION 81 46 27
UPDATE 1553581741 TRANSACTION 5aec6f92a706ce602deb9b1ce277a913
SEND 1553581741 TRANSACTION 81 14083 5aec6f92a706ce602deb9b1ce277a913
SEND 1553581741 TRANSACTION 81 13010 5aec6f92a706ce602deb9b1ce277a913
SEND 1553581741 TRANSACTION 81 10516 5aec6f92a706ce602deb9b1ce277a913
SEND 1553581741 TRANSACTION 81 15011 5aec6f92a706ce602deb9b1ce277a913
SEND 1553581741 TRANSACTION 81 17263 5aec6f92a706ce602deb9b1ce277a913
SEND 1553581741 TRANSACTION 81 10424 5aec6f92a706ce602deb9b1ce277a913
SEND 1553581741 TRANSACTION 81 10962 5aec6f92a706ce602deb9b1ce277a913
SEND 1553581741 TRANSACTION 81 20918 5aec6f92a706ce602deb9b1ce277a913
SEND 1553581741 TRANSACTION 81 14551 5aec6f92a706ce602deb9b1ce277a913
SEND 1553581741 TRANSACTION 81 10652 5aec6f92a706ce602deb9b1ce277a913
RECIEVED 1553581741 INTRODUCE 36 46 28
RECIEVED 1553581741 INTRODUCE 37 46 28
RECIEVED 1553581741 INTRODUCE 37 46 28
RECIEVED 1553581741 INTRODUCE 35 46 28
RECIEVED 1553581741 INTRODUCE 37 46 28
RECIEVED 1553581741 TRANSACTION 81 46 28
RECIEVED 1553581741 INTRODUCE 36 46 28
RECIEVED 1553581741 TRANSACTION 81 46 28
RECIEVED 1553581741 INTRODUCE 36 46 28
# recieved string JOIN node5 172.22.158.206 8005

RECIEVED 1553581741 JOIN 31 46 28
SEND 1553581741 INTRODUCE 36 9589
SEND 1553581741 INTRODUCE 35 14335
SEND 1553581741 INTRODUCE 37 8442
SEND 1553581741 INTRODUCE 35 9805
SEND 1553581741 INTRODUCE 37 12924
SEND 1553581741 INTRODUCE 35 11917
SEND 1553581741 INTRODUCE 36 12775
SEND 1553581741 INTRODUCE 36 14791
SEND 1553581741 INTRODUCE 36 9662
SEND 1553581741 INTRODUCE 37 22299
SEND 1553581741 INTRODUCE 36 13257
SEND 1553581741 INTRODUCE 36 9007
SEND 1553581741 INTRODUCE 36 13700
SEND 1553581741 INTRODUCE 36 9542
SEND 1553581741 INTRODUCE 37 9585
SEND 1553581741 INTRODUCE 37 9069
SEND 1553581741 INTRODUCE 36 8307
SEND 1553581741 INTRODUCE 36 14595
SEND 1553581741 INTRODUCE 37 9671
SEND 1553581741 INTRODUCE 36 8999
SEND 1553581741 INTRODUCE 36 40427
SEND 1553581741 INTRODUCE 36 9113
SEND 1553581741 INTRODUCE 36 25170
SEND 1553581741 INTRODUCE 36 12412
SEND 1553581741 INTRODUCE 37 25209
SEND 1553581741 INTRODUCE 36 9658
SEND 1553581741 INTRODUCE 36 15684
SEND 1553581741 INTRODUCE 36 26948
SEND 1553581741 INTRODUCE 36 9768
SEND 1553581741 INTRODUCE 36 9334
SEND 1553581741 INTRODUCE 36 8974
SEND 1553581741 INTRODUCE 37 9780
SEND 1553581741 INTRODUCE 36 9685
SEND 1553581741 INTRODUCE 35 9916
SEND 1553581741 INTRODUCE 36 12798
SEND 1553581741 INTRODUCE 36 9016
SEND 1553581741 INTRODUCE 36 9248
SEND 1553581741 INTRODUCE 37 9799
SEND 1553581741 INTRODUCE 37 9958
SEND 1553581741 INTRODUCE 36 13529
SEND 1553581741 INTRODUCE 37 8972
SEND 1553581741 INTRODUCE 36 26407
SEND 1553581741 INTRODUCE 36 26812
SEND 1553581741 INTRODUCE 36 9956
SEND 1553581741 INTRODUCE 37 8820
SEND 1553581741 INTRODUCE 35 36729
RECIEVED 1553581741 TRANSACTION 79 47 28
RECIEVED 1553581741 INTRODUCE 37 47 28
SEND 1553581741 INTRODUCE 37 13556
SEND 1553581741 INTRODUCE 37 14728
SEND 1553581741 INTRODUCE 37 19594
# Failed listening 
%!(EXTRA string=node12)# ERROR: read tcp 172.22.94.216:34620->172.22.94.216:8012: read: connection reset by peer
SEND 1553581741 INTRODUCE 37 16240
SEND 1553581741 INTRODUCE 37 9744
SEND 1553581741 INTRODUCE 37 11260
SEND 1553581741 INTRODUCE 37 12658
SEND 1553581741 INTRODUCE 37 11974
SEND 1553581741 INTRODUCE 37 29297
SEND 1553581741 INTRODUCE 37 14240
SEND 1553581741 INTRODUCE 37 15192
SEND 1553581741 INTRODUCE 37 10746
SEND 1553581741 INTRODUCE 37 13066
SEND 1553581741 INTRODUCE 37 10275
SEND 1553581741 INTRODUCE 37 13329
SEND 1553581741 INTRODUCE 37 10596
SEND 1553581741 INTRODUCE 37 10061
SEND 1553581741 INTRODUCE 37 10440
SEND 1553581741 INTRODUCE 37 14970
SEND 1553581741 INTRODUCE 37 19291
SEND 1553581741 INTRODUCE 37 20725
SEND 1553581741 INTRODUCE 37 15370
SEND 1553581741 INTRODUCE 37 10111
SEND 1553581741 INTRODUCE 37 10047
SEND 1553581741 INTRODUCE 37 13986
SEND 1553581741 INTRODUCE 37 14457
SEND 1553581741 INTRODUCE 37 16543
SEND 1553581741 INTRODUCE 37 10241
SEND 1553581741 INTRODUCE 37 10363
SEND 1553581741 INTRODUCE 37 13583
SEND 1553581741 INTRODUCE 37 30395
SEND 1553581741 INTRODUCE 37 10655
SEND 1553581741 INTRODUCE 37 14823
SEND 1553581741 INTRODUCE 37 10646
SEND 1553581741 INTRODUCE 37 36550
SEND 1553581741 INTRODUCE 37 19403
SEND 1553581741 INTRODUCE 37 13536
SEND 1553581741 INTRODUCE 37 21976
SEND 1553581741 INTRODUCE 37 20318
SEND 1553581741 INTRODUCE 37 13091
SEND 1553581741 INTRODUCE 37 32348
SEND 1553581741 INTRODUCE 37 10602
# Failed sending to node node12
# ERROR: write tcp 172.22.94.216:34620->172.22.94.216:8012: write: broken pipe
SEND 1553581741 INTRODUCE 37 9775
SEND 1553581741 INTRODUCE 37 10463
SEND 1553581741 INTRODUCE 37 27107
SEND 1553581741 INTRODUCE 37 9982
SEND 1553581741 JOIN 30 11028
RECIEVED 1553581741 INTRODUCE 37 48 28
RECIEVED 1553581741 INTRODUCE 36 48 28
RECIEVED 1553581741 INTRODUCE 37 48 28
RECIEVED 1553581741 TRANSACTION 80 48 28
RECIEVED 1553581741 INTRODUCE 35 48 28
RECIEVED 1553581741 INTRODUCE 36 48 28
RECIEVED 1553581741 INTRODUCE 36 48 28
RECIEVED 1553581741 INTRODUCE 37 48 28
RECIEVED 1553581741 INTRODUCE 37 48 28
RECIEVED 1553581741 INTRODUCE 36 48 28
RECIEVED 1553581741 INTRODUCE 35 48 28
RECIEVED 1553581741 INTRODUCE 37 48 28
RECIEVED 1553581741 INTRODUCE 37 48 28
RECIEVED 1553581741 INTRODUCE 37 48 28
RECIEVED 1553581741 INTRODUCE 36 48 28
RECIEVED 1553581741 INTRODUCE 37 48 28
RECIEVED 1553581741 INTRODUCE 37 48 28
RECIEVED 1553581741 INTRODUCE 37 48 28
RECIEVED 1553581741 INTRODUCE 35 48 28
RECIEVED 1553581741 INTRODUCE 36 48 28
RECIEVED 1553581741 INTRODUCE 36 48 28
RECIEVED 1553581741 INTRODUCE 37 48 28
RECIEVED 1553581741 TRANSACTION 82 48 28
UPDATE 1553581741 TRANSACTION d554082c122100951a5ed11d7f70c328
SEND 1553581741 TRANSACTION 82 8718 d554082c122100951a5ed11d7f70c328
SEND 1553581741 TRANSACTION 82 10280 d554082c122100951a5ed11d7f70c328
SEND 1553581741 TRANSACTION 82 14992 d554082c122100951a5ed11d7f70c328
SEND 1553581741 TRANSACTION 82 9964 d554082c122100951a5ed11d7f70c328
SEND 1553581741 TRANSACTION 82 10184 d554082c122100951a5ed11d7f70c328
SEND 1553581741 TRANSACTION 82 15593 d554082c122100951a5ed11d7f70c328
SEND 1553581741 TRANSACTION 82 27390 d554082c122100951a5ed11d7f70c328
SEND 1553581741 TRANSACTION 82 14015 d554082c122100951a5ed11d7f70c328
SEND 1553581741 TRANSACTION 82 13055 d554082c122100951a5ed11d7f70c328
SEND 1553581741 TRANSACTION 82 9963 d554082c122100951a5ed11d7f70c328
SEND 1553581741 TRANSACTION 82 25063 d554082c122100951a5ed11d7f70c328
SEND 1553581741 TRANSACTION 82 16039 d554082c122100951a5ed11d7f70c328
SEND 1553581741 TRANSACTION 82 32072 d554082c122100951a5ed11d7f70c328
SEND 1553581741 TRANSACTION 82 59509 d554082c122100951a5ed11d7f70c328
SEND 1553581741 TRANSACTION 82 26614 d554082c122100951a5ed11d7f70c328
SEND 1553581741 TRANSACTION 82 10422 d554082c122100951a5ed11d7f70c328
SEND 1553581741 TRANSACTION 82 13173 d554082c122100951a5ed11d7f70c328
SEND 1553581741 TRANSACTION 82 16146 d554082c122100951a5ed11d7f70c328
SEND 1553581741 TRANSACTION 82 9707 d554082c122100951a5ed11d7f70c328
SEND 1553581741 TRANSACTION 82 12920 d554082c122100951a5ed11d7f70c328
RECIEVED 1553581741 INTRODUCE 37 48 29
RECIEVED 1553581741 TRANSACTION 81 48 29
RECIEVED 1553581741 INTRODUCE 37 48 29
RECIEVED 1553581741 INTRODUCE 37 48 29
RECIEVED 1553581741 TRANSACTION 83 48 29
RECIEVED 1553581741 INTRODUCE 36 48 29
RECIEVED 1553581741 INTRODUCE 37 48 29
RECIEVED 1553581741 TRANSACTION 79 48 29
RECIEVED 1553581741 TRANSACTION 79 48 29
RECIEVED 1553581741 INTRODUCE 36 48 29
RECIEVED 1553581741 INTRODUCE 35 48 29
RECIEVED 1553581741 INTRODUCE 35 48 29
RECIEVED 1553581741 INTRODUCE 35 48 29
RECIEVED 1553581741 INTRODUCE 36 48 29
RECIEVED 1553581741 INTRODUCE 37 48 29
RECIEVED 1553581741 INTRODUCE 37 48 29
RECIEVED 1553581741 INTRODUCE 36 48 29
RECIEVED 1553581741 INTRODUCE 37 48 29
SEND 1553581741 INTRODUCE 37 14204
SEND 1553581741 INTRODUCE 37 10780
SEND 1553581741 INTRODUCE 37 10056
SEND 1553581741 INTRODUCE 37 9838
SEND 1553581741 INTRODUCE 37 13377
SEND 1553581741 INTRODUCE 37 10639
SEND 1553581741 INTRODUCE 37 9114
SEND 1553581741 INTRODUCE 37 14690
SEND 1553581741 INTRODUCE 37 11333
SEND 1553581741 INTRODUCE 37 10900
SEND 1553581741 INTRODUCE 37 10126
SEND 1553581741 INTRODUCE 37 10861
SEND 1553581741 INTRODUCE 37 10368
SEND 1553581741 INTRODUCE 37 9872
SEND 1553581741 INTRODUCE 37 16702
SEND 1553581741 INTRODUCE 37 14570
SEND 1553581741 INTRODUCE 37 16253
SEND 1553581741 INTRODUCE 37 17761
SEND 1553581741 INTRODUCE 37 11139
SEND 1553581741 INTRODUCE 37 12283
SEND 1553581741 INTRODUCE 37 18953
SEND 1553581741 INTRODUCE 37 15527
SEND 1553581741 INTRODUCE 37 19588
SEND 1553581741 INTRODUCE 37 13912
SEND 1553581741 INTRODUCE 37 10987
SEND 1553581741 INTRODUCE 37 25364
SEND 1553581741 INTRODUCE 37 25696
SEND 1553581741 INTRODUCE 37 14480
SEND 1553581741 INTRODUCE 37 12945
SEND 1553581741 INTRODUCE 37 14744
SEND 1553581741 INTRODUCE 37 10465
# Failed sending to node node12
# ERROR: write tcp 172.22.94.216:34620->172.22.94.216:8012: write: broken pipe
# recieved string JOIN node16 172.22.158.206 8016

# recieved string JOIN node12 172.22.94.216 8012

# Failed listening 
%!(EXTRA string=node15)# ERROR: read tcp 172.22.94.216:40044->172.22.94.216:8015: read: connection reset by peer
# Failed listening 
%!(EXTRA string=node9)# ERROR: read tcp 172.22.94.216:44454->172.22.94.216:8009: read: connection reset by peer
# recieved string JOIN node9 172.22.94.216 8009

# Failed listening 
%!(EXTRA string=node7)# ERROR: read tcp 172.22.94.216:40550->172.22.158.206:8007: read: connection reset by peer
# recieved string JOIN node5 172.22.156.206 8005

# recieved string JOIN node2 172.22.156.206 8002

# recieved string JOIN node17 172.22.94.216 8017

# Failed listening 
%!(EXTRA string=node0)# ERROR: read tcp 172.22.94.216:47378->172.22.158.207:8000: read: connection reset by peer
# recieved string JOIN node9 172.22.158.206 8009

# recieved string JOIN node10 172.22.156.206 8010

# recieved string JOIN node0 172.22.156.206 8000

# recieved string JOIN node14 172.22.156.206 8014

# recieved string JOIN node6 172.22.94.216 8006

# Failed listening 
%!(EXTRA string=node17)# ERROR: EOF
# recieved string JOIN node15 172.22.156.206 8015

# recieved string JOIN node16 172.22.156.206 8016

# recieved string JOIN node19 172.22.156.206 8019

# Failed listening 
%!(EXTRA string=node11)# ERROR: read tcp 172.22.94.216:56004->172.22.158.207:8011: read: connection reset by peer
# Failed listening 
%!(EXTRA string=node7)# ERROR: read tcp 172.22.94.216:58742->172.22.158.207:8007: read: connection reset by peer
# Failed listening 
%!(EXTRA string=node9)# ERROR: read tcp 172.22.94.216:38234->172.22.158.207:8009: read: connection reset by peer
# Failed listening 
%!(EXTRA string=node3)# ERROR: read tcp 172.22.94.216:35272->172.22.158.207:8003: read: connection reset by peer
# Failed listening 
%!(EXTRA string=node0)# ERROR: read tcp 172.22.94.216:37628->172.22.156.207:8000: read: connection reset by peer
# Failed listening 
%!(EXTRA string=node1)# ERROR: read tcp 172.22.94.216:42626->172.22.156.207:8001: read: connection reset by peer
# Failed listening 
%!(EXTRA string=node10)# ERROR: read tcp 172.22.94.216:55392->172.22.158.207:8010: read: connection reset by peer
# Failed listening 
%!(EXTRA string=node6)# ERROR: read tcp 172.22.94.216:46292->172.22.156.207:8006: read: connection reset by peer
# Failed listening 
%!(EXTRA string=node2)# ERROR: read tcp 172.22.94.216:34476->172.22.158.207:8002: read: connection reset by peer
# Failed listening 
%!(EXTRA string=node1)# ERROR: read tcp 172.22.94.216:54352->172.22.158.207:8001: read: connection reset by peer
# Failed listening 
%!(EXTRA string=node7)# ERROR: read tcp 172.22.94.216:44114->172.22.156.207:8007: read: connection reset by peer
# Failed listening 
%!(EXTRA string=node4)# ERROR: read tcp 172.22.94.216:34430->172.22.156.207:8004: read: connection reset by peer
# Failed listening 
%!(EXTRA string=node6)# ERROR: read tcp 172.22.94.216:47708->172.22.158.207:8006: read: connection reset by peer
# Failed listening 
%!(EXTRA string=node15)# ERROR: read tcp 172.22.94.216:49434->172.22.158.207:8015: read: connection reset by peer
# Failed listening 
%!(EXTRA string=node5)# ERROR: read tcp 172.22.94.216:39244->172.22.156.207:8005: read: connection reset by peer
# Failed listening 
%!(EXTRA string=node8)# ERROR: read tcp 172.22.94.216:36074->172.22.156.207:8008: read: connection reset by peer
# Failed listening 
%!(EXTRA string=node9)# ERROR: read tcp 172.22.94.216:57532->172.22.156.207:8009: read: connection reset by peer
# Failed listening 
%!(EXTRA string=node12)# ERROR: read tcp 172.22.94.216:36694->172.22.156.207:8012: read: connection reset by peer
# Failed listening 
%!(EXTRA string=node2)# ERROR: read tcp 172.22.94.216:60392->172.22.156.207:8002: read: connection reset by peer
# Failed listening 
%!(EXTRA string=node12)# ERROR: read tcp 172.22.94.216:34036->172.22.158.207:8012: read: connection reset by peer
# Failed listening 
%!(EXTRA string=node11)# ERROR: read tcp 172.22.94.216:38578->172.22.156.207:8011: read: connection reset by peer
# Failed listening 
%!(EXTRA string=node13)# ERROR: read tcp 172.22.94.216:59122->172.22.156.207:8013: read: connection reset by peer
# recieved string 
#Error in listening
# EOF# Failed listening 
%!(EXTRA string=node18)# ERROR: EOF
# Failed listening 
%!(EXTRA string=node12)# ERROR: EOF
# Failed listening 
%!(EXTRA string=node17)# ERROR: EOF
# Failed listening 
%!(EXTRA string=node6)# ERROR: EOF
# Failed listening 
%!(EXTRA string=node1)# ERROR: EOF
# Failed listening 
%!(EXTRA string=node3)# ERROR: EOF
# Failed listening 
%!(EXTRA string=node13)# ERROR: EOF
# Failed listening 
%!(EXTRA string=node0)# ERROR: EOF
# Failed listening 
%!(EXTRA string=node8)# ERROR: EOF
# Failed listening 
%!(EXTRA string=node5)# ERROR: EOF
# Failed listening 
%!(EXTRA string=node11)# ERROR: EOF
# Failed listening 
%!(EXTRA string=node10)# ERROR: EOF
