RECIEVED 1553581745 INTRODUCE 36 0 0
SEND 1553581745 JOIN 31 14445
RECIEVED 1553581745 INTRODUCE 36 1 0
SEND 1553581745 INTRODUCE 36 17929
SEND 1553581745 JOIN 31 14517
RECIEVED 1553581745 INTRODUCE 36 2 0
SEND 1553581745 INTRODUCE 36 20035
SEND 1553581745 INTRODUCE 36 26883
SEND 1553581745 JOIN 31 14765
RECIEVED 1553581745 INTRODUCE 35 3 0
SEND 1553581745 INTRODUCE 35 37131
SEND 1553581745 INTRODUCE 35 28265
SEND 1553581745 INTRODUCE 35 18507
SEND 1553581745 JOIN 31 13782
RECIEVED 1553581745 INTRODUCE 36 4 0
SEND 1553581745 INTRODUCE 36 24008
SEND 1553581745 INTRODUCE 36 18382
SEND 1553581745 INTRODUCE 36 13574
SEND 1553581745 INTRODUCE 36 17655
SEND 1553581745 JOIN 31 14094
RECIEVED 1553581745 INTRODUCE 35 5 0
SEND 1553581745 INTRODUCE 35 13712
SEND 1553581745 INTRODUCE 35 12580
SEND 1553581745 INTRODUCE 35 27414
SEND 1553581745 INTRODUCE 35 25300
SEND 1553581745 INTRODUCE 35 10792
SEND 1553581745 JOIN 31 17978
RECIEVED 1553581745 INTRODUCE 35 6 0
SEND 1553581745 INTRODUCE 35 18275
SEND 1553581745 INTRODUCE 35 19048
SEND 1553581745 INTRODUCE 35 13384
SEND 1553581745 INTRODUCE 35 13959
SEND 1553581745 INTRODUCE 35 13325
SEND 1553581745 INTRODUCE 35 13521
SEND 1553581745 JOIN 31 13150
RECIEVED 1553581745 INTRODUCE 37 7 0
SEND 1553581745 INTRODUCE 37 22153
SEND 1553581745 INTRODUCE 37 19046
SEND 1553581745 INTRODUCE 37 13439
SEND 1553581745 INTRODUCE 37 18839
SEND 1553581745 INTRODUCE 37 42601
SEND 1553581745 INTRODUCE 37 15032
SEND 1553581745 INTRODUCE 37 37071
SEND 1553581745 JOIN 31 15056
RECIEVED 1553581745 INTRODUCE 35 8 0
SEND 1553581745 INTRODUCE 35 86958
SEND 1553581745 INTRODUCE 35 15289
SEND 1553581745 INTRODUCE 35 19117
SEND 1553581745 INTRODUCE 35 22918
SEND 1553581745 INTRODUCE 35 18984
SEND 1553581745 INTRODUCE 35 13376
SEND 1553581745 INTRODUCE 35 25357
SEND 1553581745 INTRODUCE 35 14125
SEND 1553581745 JOIN 31 19721
RECIEVED 1553581745 INTRODUCE 37 9 0
SEND 1553581745 INTRODUCE 37 27988
SEND 1553581745 INTRODUCE 37 36480
SEND 1553581745 INTRODUCE 37 18018
SEND 1553581745 INTRODUCE 37 40756
SEND 1553581745 INTRODUCE 37 36423
SEND 1553581745 INTRODUCE 37 13465
SEND 1553581745 INTRODUCE 37 17092
SEND 1553581745 INTRODUCE 37 12818
SEND 1553581745 INTRODUCE 37 42118
SEND 1553581745 JOIN 31 14257
RECIEVED 1553581745 INTRODUCE 36 10 0
SEND 1553581745 INTRODUCE 36 18211
SEND 1553581745 INTRODUCE 36 14576
SEND 1553581746 INTRODUCE 36 14355
SEND 1553581746 INTRODUCE 36 18118
SEND 1553581746 INTRODUCE 36 14781
SEND 1553581746 INTRODUCE 36 13784
SEND 1553581746 INTRODUCE 36 13646
SEND 1553581746 INTRODUCE 36 18087
SEND 1553581746 INTRODUCE 36 14968
SEND 1553581746 INTRODUCE 36 13880
SEND 1553581746 JOIN 31 18435
RECIEVED 1553581746 INTRODUCE 37 11 0
SEND 1553581746 INTRODUCE 37 13472
SEND 1553581746 INTRODUCE 37 20610
SEND 1553581746 INTRODUCE 37 18731
SEND 1553581746 INTRODUCE 37 13243
SEND 1553581746 INTRODUCE 37 18236
SEND 1553581746 INTRODUCE 37 13960
SEND 1553581746 INTRODUCE 37 18040
SEND 1553581746 INTRODUCE 37 14030
SEND 1553581746 INTRODUCE 37 13455
SEND 1553581746 INTRODUCE 37 19288
SEND 1553581746 INTRODUCE 37 13944
SEND 1553581746 JOIN 31 15811
RECIEVED 1553581746 INTRODUCE 36 12 0
SEND 1553581746 INTRODUCE 36 13792
SEND 1553581746 INTRODUCE 36 17919
SEND 1553581746 INTRODUCE 36 18380
SEND 1553581746 INTRODUCE 36 19091
SEND 1553581746 INTRODUCE 36 14190
SEND 1553581746 INTRODUCE 36 14503
SEND 1553581746 INTRODUCE 36 19395
SEND 1553581746 INTRODUCE 36 18568
SEND 1553581746 INTRODUCE 36 18823
SEND 1553581746 INTRODUCE 36 14513
SEND 1553581746 INTRODUCE 36 18233
SEND 1553581746 INTRODUCE 36 18071
SEND 1553581746 JOIN 31 19105
RECIEVED 1553581746 INTRODUCE 36 13 0
SEND 1553581746 INTRODUCE 36 17724
SEND 1553581746 INTRODUCE 36 22012
SEND 1553581746 INTRODUCE 36 16446
SEND 1553581746 INTRODUCE 36 19375
SEND 1553581746 INTRODUCE 36 14381
SEND 1553581746 INTRODUCE 36 19395
SEND 1553581746 INTRODUCE 36 15258
SEND 1553581746 INTRODUCE 36 14129
SEND 1553581746 INTRODUCE 36 19258
SEND 1553581746 INTRODUCE 36 13582
SEND 1553581746 INTRODUCE 36 18682
SEND 1553581746 INTRODUCE 36 13383
SEND 1553581746 INTRODUCE 36 14125
SEND 1553581746 JOIN 31 22770
RECIEVED 1553581746 INTRODUCE 36 14 0
SEND 1553581746 INTRODUCE 36 19058
SEND 1553581746 INTRODUCE 36 13601
SEND 1553581746 INTRODUCE 36 18424
SEND 1553581746 INTRODUCE 36 24757
SEND 1553581746 INTRODUCE 36 19173
SEND 1553581746 INTRODUCE 36 18172
SEND 1553581746 INTRODUCE 36 14579
SEND 1553581746 INTRODUCE 36 13419
SEND 1553581746 INTRODUCE 36 13329
SEND 1553581746 INTRODUCE 36 14862
SEND 1553581746 INTRODUCE 36 18382
SEND 1553581746 INTRODUCE 36 14559
SEND 1553581746 INTRODUCE 36 18213
SEND 1553581746 INTRODUCE 36 18259
SEND 1553581746 JOIN 31 14494
RECIEVED 1553581746 INTRODUCE 36 15 0
SEND 1553581746 INTRODUCE 36 14127
SEND 1553581746 INTRODUCE 36 13839
SEND 1553581746 INTRODUCE 36 14093
SEND 1553581746 INTRODUCE 36 18680
SEND 1553581746 INTRODUCE 36 13272
SEND 1553581746 INTRODUCE 36 14600
SEND 1553581746 INTRODUCE 36 14976
SEND 1553581746 INTRODUCE 36 15423
SEND 1553581746 INTRODUCE 36 14101
SEND 1553581746 INTRODUCE 36 14503
SEND 1553581746 INTRODUCE 36 13659
SEND 1553581746 INTRODUCE 36 18031
SEND 1553581746 INTRODUCE 36 18651
SEND 1553581746 INTRODUCE 36 19371
SEND 1553581746 INTRODUCE 36 13907
SEND 1553581746 JOIN 31 19791
RECIEVED 1553581746 INTRODUCE 36 16 0
SEND 1553581746 INTRODUCE 36 24578
SEND 1553581746 INTRODUCE 36 13997
SEND 1553581746 INTRODUCE 36 14167
SEND 1553581746 INTRODUCE 36 13053
SEND 1553581746 INTRODUCE 36 29805
SEND 1553581746 INTRODUCE 36 17523
SEND 1553581746 INTRODUCE 36 23107
SEND 1553581746 INTRODUCE 36 11421
SEND 1553581746 INTRODUCE 36 14589
SEND 1553581746 INTRODUCE 36 15521
SEND 1553581746 INTRODUCE 36 14928
SEND 1553581746 INTRODUCE 36 14974
SEND 1553581746 INTRODUCE 36 14868
SEND 1553581746 INTRODUCE 36 18360
SEND 1553581746 INTRODUCE 36 15084
SEND 1553581746 INTRODUCE 36 18273
SEND 1553581746 JOIN 31 14956
RECIEVED 1553581746 INTRODUCE 36 17 0
SEND 1553581746 INTRODUCE 36 14344
SEND 1553581746 INTRODUCE 36 14822
SEND 1553581746 INTRODUCE 36 14875
SEND 1553581746 INTRODUCE 36 32221
SEND 1553581746 INTRODUCE 36 19381
SEND 1553581746 INTRODUCE 36 12645
SEND 1553581746 INTRODUCE 36 16733
SEND 1553581746 INTRODUCE 36 18423
SEND 1553581746 INTRODUCE 36 49791
SEND 1553581746 INTRODUCE 36 26599
SEND 1553581746 INTRODUCE 36 18877
SEND 1553581746 INTRODUCE 36 30562
SEND 1553581746 INTRODUCE 36 22839
SEND 1553581746 INTRODUCE 36 14226
SEND 1553581746 INTRODUCE 36 14939
SEND 1553581746 INTRODUCE 36 17813
SEND 1553581746 INTRODUCE 36 18977
SEND 1553581746 JOIN 31 42642
RECIEVED 1553581746 INTRODUCE 36 18 0
RECIEVED 1553581746 INTRODUCE 36 18 0
SEND 1553581746 INTRODUCE 36 19145
SEND 1553581746 INTRODUCE 36 17988
SEND 1553581746 INTRODUCE 36 20984
SEND 1553581746 INTRODUCE 36 18468
SEND 1553581746 INTRODUCE 36 18314
SEND 1553581746 INTRODUCE 36 17084
SEND 1553581746 INTRODUCE 36 18858
SEND 1553581746 INTRODUCE 36 17127
SEND 1553581746 INTRODUCE 36 18848
SEND 1553581746 INTRODUCE 36 13021
SEND 1553581746 INTRODUCE 36 24312
SEND 1553581746 INTRODUCE 36 18112
SEND 1553581746 INTRODUCE 36 16939
SEND 1553581746 INTRODUCE 36 14581
SEND 1553581746 INTRODUCE 36 18478
SEND 1553581746 INTRODUCE 36 17459
SEND 1553581746 INTRODUCE 36 18290
SEND 1553581746 INTRODUCE 36 32676
SEND 1553581746 JOIN 31 23225
RECIEVED 1553581746 INTRODUCE 36 19 0
SEND 1553581746 INTRODUCE 36 17340
SEND 1553581746 INTRODUCE 36 13361
SEND 1553581746 INTRODUCE 36 18382
SEND 1553581746 INTRODUCE 36 18933
SEND 1553581746 INTRODUCE 36 19022
SEND 1553581746 INTRODUCE 36 18269
SEND 1553581746 INTRODUCE 36 15090
SEND 1553581746 INTRODUCE 36 14693
SEND 1553581746 INTRODUCE 36 19637
SEND 1553581746 INTRODUCE 36 19721
SEND 1553581746 INTRODUCE 36 18513
SEND 1553581746 INTRODUCE 36 13586
SEND 1553581746 INTRODUCE 36 14128
SEND 1553581746 INTRODUCE 36 18933
SEND 1553581746 INTRODUCE 36 26453
SEND 1553581746 INTRODUCE 36 25884
SEND 1553581746 INTRODUCE 36 14995
SEND 1553581746 INTRODUCE 36 18844
SEND 1553581746 INTRODUCE 36 20016
SEND 1553581746 JOIN 31 18978
RECIEVED 1553581746 INTRODUCE 36 20 0
SEND 1553581746 INTRODUCE 36 19066
SEND 1553581746 INTRODUCE 36 18978
SEND 1553581746 INTRODUCE 36 19705
SEND 1553581746 INTRODUCE 36 54316
SEND 1553581746 INTRODUCE 36 18106
SEND 1553581746 INTRODUCE 36 18893
SEND 1553581746 INTRODUCE 36 17530
SEND 1553581746 INTRODUCE 36 17464
SEND 1553581746 INTRODUCE 36 25050
SEND 1553581746 INTRODUCE 36 17111
SEND 1553581746 INTRODUCE 36 17051
SEND 1553581746 INTRODUCE 36 30298
SEND 1553581746 INTRODUCE 36 17569
SEND 1553581746 INTRODUCE 36 17231
SEND 1553581746 INTRODUCE 36 17016
SEND 1553581746 INTRODUCE 36 13555
SEND 1553581746 INTRODUCE 36 21811
SEND 1553581746 INTRODUCE 36 24929
SEND 1553581746 INTRODUCE 36 17375
SEND 1553581746 INTRODUCE 36 18260
SEND 1553581746 JOIN 31 14379
RECIEVED 1553581746 INTRODUCE 36 21 0
SEND 1553581746 INTRODUCE 36 33472
SEND 1553581746 INTRODUCE 36 39204
SEND 1553581746 INTRODUCE 36 22527
SEND 1553581746 INTRODUCE 36 54969
SEND 1553581746 INTRODUCE 36 18922
SEND 1553581746 INTRODUCE 36 15219
SEND 1553581746 INTRODUCE 36 14483
SEND 1553581746 INTRODUCE 36 66506
SEND 1553581746 INTRODUCE 36 14599
SEND 1553581746 INTRODUCE 36 14308
SEND 1553581746 INTRODUCE 36 19267
SEND 1553581746 INTRODUCE 36 14157
SEND 1553581746 INTRODUCE 36 14535
SEND 1553581746 INTRODUCE 36 14637
SEND 1553581746 INTRODUCE 36 14913
SEND 1553581746 INTRODUCE 36 14488
SEND 1553581746 INTRODUCE 36 13755
SEND 1553581746 INTRODUCE 36 20008
SEND 1553581746 INTRODUCE 36 14388
SEND 1553581746 INTRODUCE 36 14877
SEND 1553581746 INTRODUCE 36 15115
SEND 1553581746 JOIN 31 20240
RECIEVED 1553581746 INTRODUCE 37 22 0
SEND 1553581746 INTRODUCE 37 18620
SEND 1553581746 INTRODUCE 37 13640
SEND 1553581746 INTRODUCE 37 15144
SEND 1553581746 INTRODUCE 37 14758
SEND 1553581746 INTRODUCE 37 14541
SEND 1553581746 INTRODUCE 37 13801
SEND 1553581746 INTRODUCE 37 14118
SEND 1553581746 INTRODUCE 37 30138
SEND 1553581746 INTRODUCE 37 14452
SEND 1553581746 INTRODUCE 37 14352
SEND 1553581746 INTRODUCE 37 18732
SEND 1553581746 INTRODUCE 37 14158
SEND 1553581746 INTRODUCE 37 14113
SEND 1553581746 INTRODUCE 37 13716
SEND 1553581746 INTRODUCE 37 21172
SEND 1553581746 INTRODUCE 37 14539
SEND 1553581746 INTRODUCE 37 14455
SEND 1553581746 INTRODUCE 37 18972
SEND 1553581746 INTRODUCE 37 13281
SEND 1553581746 INTRODUCE 37 14025
SEND 1553581746 INTRODUCE 37 14400
SEND 1553581746 INTRODUCE 37 14147
SEND 1553581746 JOIN 31 32394
RECIEVED 1553581746 INTRODUCE 37 23 0
SEND 1553581746 INTRODUCE 37 19332
SEND 1553581746 INTRODUCE 37 14181
SEND 1553581746 INTRODUCE 37 14601
SEND 1553581746 INTRODUCE 37 14735
SEND 1553581746 INTRODUCE 37 14174
SEND 1553581746 INTRODUCE 37 13543
SEND 1553581746 INTRODUCE 37 22113
SEND 1553581746 INTRODUCE 37 13963
SEND 1553581746 INTRODUCE 37 27051
SEND 1553581746 INTRODUCE 37 18055
SEND 1553581746 INTRODUCE 37 17853
SEND 1553581746 INTRODUCE 37 14518
SEND 1553581746 INTRODUCE 37 19393
SEND 1553581746 INTRODUCE 37 14354
SEND 1553581746 INTRODUCE 37 14191
SEND 1553581746 INTRODUCE 37 13957
SEND 1553581746 INTRODUCE 37 14207
SEND 1553581746 INTRODUCE 37 17182
SEND 1553581746 INTRODUCE 37 19463
SEND 1553581746 INTRODUCE 37 13839
SEND 1553581746 INTRODUCE 37 14364
SEND 1553581746 INTRODUCE 37 34273
SEND 1553581746 INTRODUCE 37 14440
SEND 1553581746 JOIN 31 14652
RECIEVED 1553581746 INTRODUCE 36 24 0
SEND 1553581746 INTRODUCE 36 16043
SEND 1553581746 INTRODUCE 36 24389
SEND 1553581746 INTRODUCE 36 13739
SEND 1553581746 INTRODUCE 36 19468
SEND 1553581746 INTRODUCE 36 24173
SEND 1553581746 INTRODUCE 36 13456
SEND 1553581746 INTRODUCE 36 13944
SEND 1553581746 INTRODUCE 36 14221
SEND 1553581746 INTRODUCE 36 19438
SEND 1553581746 INTRODUCE 36 14990
SEND 1553581746 INTRODUCE 36 14356
SEND 1553581746 INTRODUCE 36 13915
SEND 1553581746 INTRODUCE 36 14756
SEND 1553581746 INTRODUCE 36 14050
SEND 1553581746 INTRODUCE 36 14346
SEND 1553581746 INTRODUCE 36 18024
SEND 1553581746 INTRODUCE 36 22883
SEND 1553581746 INTRODUCE 36 25681
SEND 1553581746 INTRODUCE 36 11255
SEND 1553581746 INTRODUCE 36 18851
SEND 1553581746 INTRODUCE 36 36995
SEND 1553581746 INTRODUCE 36 12328
SEND 1553581746 INTRODUCE 36 13324
SEND 1553581746 INTRODUCE 36 17095
SEND 1553581746 JOIN 31 18690
RECIEVED 1553581746 INTRODUCE 37 25 0
SEND 1553581746 INTRODUCE 37 18700
SEND 1553581746 INTRODUCE 37 13215
SEND 1553581746 INTRODUCE 37 13524
SEND 1553581746 INTRODUCE 37 27060
SEND 1553581746 INTRODUCE 37 14895
SEND 1553581746 INTRODUCE 37 34764
SEND 1553581746 INTRODUCE 37 12631
SEND 1553581746 INTRODUCE 37 33185
SEND 1553581746 INTRODUCE 37 18677
SEND 1553581746 INTRODUCE 37 33156
SEND 1553581746 INTRODUCE 37 38543
SEND 1553581746 INTRODUCE 37 13603
SEND 1553581746 INTRODUCE 37 13301
SEND 1553581746 INTRODUCE 37 12303
SEND 1553581746 INTRODUCE 37 12276
SEND 1553581746 INTRODUCE 37 13966
SEND 1553581746 INTRODUCE 37 13346
SEND 1553581746 INTRODUCE 37 16437
SEND 1553581746 INTRODUCE 37 13313
SEND 1553581746 INTRODUCE 37 14063
SEND 1553581746 INTRODUCE 37 20816
SEND 1553581746 INTRODUCE 37 13920
SEND 1553581746 INTRODUCE 37 15948
SEND 1553581746 INTRODUCE 37 14220
SEND 1553581746 INTRODUCE 37 23075
SEND 1553581746 JOIN 31 14810
RECIEVED 1553581746 INTRODUCE 37 26 0
SEND 1553581746 INTRODUCE 37 13684
SEND 1553581746 INTRODUCE 37 24450
SEND 1553581746 INTRODUCE 37 27379
SEND 1553581746 INTRODUCE 37 14044
SEND 1553581746 INTRODUCE 37 11657
SEND 1553581746 INTRODUCE 37 14900
SEND 1553581746 INTRODUCE 37 16287
SEND 1553581746 INTRODUCE 37 14753
SEND 1553581746 INTRODUCE 37 24071
SEND 1553581746 INTRODUCE 37 26900
SEND 1553581746 INTRODUCE 37 10988
SEND 1553581746 INTRODUCE 37 13234
SEND 1553581746 INTRODUCE 37 9927
SEND 1553581746 INTRODUCE 37 12819
SEND 1553581746 INTRODUCE 37 10348
SEND 1553581746 INTRODUCE 37 13860
SEND 1553581746 INTRODUCE 37 15787
SEND 1553581746 INTRODUCE 37 24900
SEND 1553581746 INTRODUCE 37 35828
SEND 1553581746 INTRODUCE 37 34586
SEND 1553581746 INTRODUCE 37 12535
SEND 1553581746 INTRODUCE 37 25431
SEND 1553581746 INTRODUCE 37 30099
SEND 1553581746 INTRODUCE 37 10712
SEND 1553581746 INTRODUCE 37 13964
SEND 1553581746 INTRODUCE 37 21706
SEND 1553581746 JOIN 31 14242
RECIEVED 1553581746 INTRODUCE 36 27 0
SEND 1553581746 INTRODUCE 36 17288
SEND 1553581746 INTRODUCE 36 14032
SEND 1553581746 INTRODUCE 36 19900
SEND 1553581746 INTRODUCE 36 14128
SEND 1553581746 INTRODUCE 36 14032
SEND 1553581746 INTRODUCE 36 12704
SEND 1553581746 INTRODUCE 36 22280
SEND 1553581746 INTRODUCE 36 19121
SEND 1553581746 INTRODUCE 36 15102
SEND 1553581746 INTRODUCE 36 19294
SEND 1553581746 INTRODUCE 36 14548
SEND 1553581746 INTRODUCE 36 19631
SEND 1553581746 INTRODUCE 36 14638
SEND 1553581746 INTRODUCE 36 41705
SEND 1553581746 INTRODUCE 36 31372
SEND 1553581746 INTRODUCE 36 14564
SEND 1553581746 INTRODUCE 36 14190
SEND 1553581746 INTRODUCE 36 15056
SEND 1553581746 INTRODUCE 36 20985
SEND 1553581746 INTRODUCE 36 15920
SEND 1553581746 INTRODUCE 36 15541
SEND 1553581746 INTRODUCE 36 14936
SEND 1553581746 INTRODUCE 36 14571
SEND 1553581746 INTRODUCE 36 14072
SEND 1553581746 INTRODUCE 36 13158
SEND 1553581746 INTRODUCE 36 19475
SEND 1553581746 INTRODUCE 36 25445
SEND 1553581746 JOIN 31 17591
RECIEVED 1553581746 INTRODUCE 36 28 0
SEND 1553581746 INTRODUCE 36 19075
SEND 1553581746 INTRODUCE 36 24950
SEND 1553581746 INTRODUCE 36 23621
SEND 1553581746 INTRODUCE 36 32571
SEND 1553581746 INTRODUCE 36 29871
SEND 1553581746 INTRODUCE 36 30160
SEND 1553581746 INTRODUCE 36 18830
SEND 1553581746 INTRODUCE 36 14595
SEND 1553581746 INTRODUCE 36 18724
SEND 1553581746 INTRODUCE 36 14330
SEND 1553581746 INTRODUCE 36 14273
SEND 1553581746 INTRODUCE 36 13231
SEND 1553581746 INTRODUCE 36 26821
SEND 1553581746 INTRODUCE 36 14655
SEND 1553581746 INTRODUCE 36 28866
SEND 1553581746 INTRODUCE 36 30597
SEND 1553581746 INTRODUCE 36 13755
SEND 1553581746 INTRODUCE 36 26621
SEND 1553581746 INTRODUCE 36 24927
SEND 1553581746 INTRODUCE 36 14720
SEND 1553581746 INTRODUCE 36 13820
SEND 1553581746 INTRODUCE 36 15354
SEND 1553581746 INTRODUCE 36 14151
SEND 1553581746 INTRODUCE 36 31024
SEND 1553581746 INTRODUCE 36 14036
SEND 1553581746 INTRODUCE 36 25014
SEND 1553581746 INTRODUCE 36 14394
SEND 1553581746 INTRODUCE 36 13961
SEND 1553581746 JOIN 31 14629
RECIEVED 1553581746 INTRODUCE 37 29 0
SEND 1553581746 INTRODUCE 37 12683
SEND 1553581746 INTRODUCE 37 20478
SEND 1553581746 INTRODUCE 37 12842
SEND 1553581746 INTRODUCE 37 18755
SEND 1553581746 INTRODUCE 37 23031
SEND 1553581746 INTRODUCE 37 23143
SEND 1553581746 INTRODUCE 37 18738
SEND 1553581746 INTRODUCE 37 12945
SEND 1553581746 INTRODUCE 37 12969
SEND 1553581746 INTRODUCE 37 12832
SEND 1553581746 INTRODUCE 37 13601
SEND 1553581746 INTRODUCE 37 13688
SEND 1553581746 INTRODUCE 37 13191
SEND 1553581746 INTRODUCE 37 13828
SEND 1553581746 INTRODUCE 37 20946
SEND 1553581746 INTRODUCE 37 33519
SEND 1553581746 INTRODUCE 37 23350
SEND 1553581746 INTRODUCE 37 14858
SEND 1553581746 INTRODUCE 37 14856
SEND 1553581746 INTRODUCE 37 14730
SEND 1553581746 INTRODUCE 37 43727
SEND 1553581746 INTRODUCE 37 20423
SEND 1553581746 INTRODUCE 37 19754
SEND 1553581746 INTRODUCE 37 17327
SEND 1553581746 INTRODUCE 37 16449
SEND 1553581746 INTRODUCE 37 14749
SEND 1553581746 INTRODUCE 37 14613
SEND 1553581746 INTRODUCE 37 14797
SEND 1553581746 INTRODUCE 37 14434
SEND 1553581746 JOIN 31 14705
RECIEVED 1553581746 INTRODUCE 37 30 0
SEND 1553581746 INTRODUCE 37 19277
SEND 1553581746 INTRODUCE 37 15597
SEND 1553581746 INTRODUCE 37 30379
SEND 1553581746 INTRODUCE 37 14975
SEND 1553581746 INTRODUCE 37 14829
SEND 1553581746 INTRODUCE 37 24639
SEND 1553581746 INTRODUCE 37 26366
SEND 1553581746 INTRODUCE 37 14302
SEND 1553581746 INTRODUCE 37 25447
SEND 1553581746 INTRODUCE 37 13445
SEND 1553581746 INTRODUCE 37 29652
SEND 1553581746 INTRODUCE 37 14160
SEND 1553581746 INTRODUCE 37 14171
SEND 1553581746 INTRODUCE 37 26951
SEND 1553581746 INTRODUCE 37 29443
SEND 1553581746 INTRODUCE 37 16829
SEND 1553581746 INTRODUCE 37 14654
SEND 1553581746 INTRODUCE 37 17846
SEND 1553581746 INTRODUCE 37 26962
SEND 1553581746 INTRODUCE 37 16191
SEND 1553581746 INTRODUCE 37 17452
SEND 1553581746 INTRODUCE 37 25387
SEND 1553581746 INTRODUCE 37 14381
SEND 1553581746 INTRODUCE 37 14362
SEND 1553581746 INTRODUCE 37 17078
SEND 1553581746 INTRODUCE 37 14564
SEND 1553581746 INTRODUCE 37 14256
SEND 1553581746 INTRODUCE 37 31205
SEND 1553581746 INTRODUCE 37 29512
SEND 1553581746 INTRODUCE 37 14143
SEND 1553581746 JOIN 31 14485
RECIEVED 1553581746 INTRODUCE 36 31 0
SEND 1553581746 INTRODUCE 36 19853
SEND 1553581746 INTRODUCE 36 14615
SEND 1553581746 INTRODUCE 36 15393
SEND 1553581746 INTRODUCE 36 26174
SEND 1553581746 INTRODUCE 36 17871
SEND 1553581746 INTRODUCE 36 25841
SEND 1553581746 INTRODUCE 36 26263
SEND 1553581746 INTRODUCE 36 14099
SEND 1553581746 INTRODUCE 36 13680
SEND 1553581746 INTRODUCE 36 14144
SEND 1553581746 INTRODUCE 36 13932
SEND 1553581746 INTRODUCE 36 28596
SEND 1553581746 INTRODUCE 36 16570
SEND 1553581746 INTRODUCE 36 31015
SEND 1553581746 INTRODUCE 36 14709
SEND 1553581746 INTRODUCE 36 23867
SEND 1553581746 INTRODUCE 36 36767
SEND 1553581746 INTRODUCE 36 24027
SEND 1553581746 INTRODUCE 36 14796
SEND 1553581746 INTRODUCE 36 15032
SEND 1553581746 INTRODUCE 36 14970
SEND 1553581746 INTRODUCE 36 14871
SEND 1553581746 INTRODUCE 36 19617
SEND 1553581746 INTRODUCE 36 25786
SEND 1553581746 INTRODUCE 36 14387
SEND 1553581746 INTRODUCE 36 14587
SEND 1553581746 INTRODUCE 36 14220
SEND 1553581746 INTRODUCE 36 14387
SEND 1553581746 INTRODUCE 36 13752
SEND 1553581746 INTRODUCE 36 17479
SEND 1553581746 INTRODUCE 36 25288
SEND 1553581746 JOIN 31 15724
RECIEVED 1553581746 INTRODUCE 36 32 0
SEND 1553581746 INTRODUCE 36 13720
SEND 1553581746 INTRODUCE 36 30400
SEND 1553581746 INTRODUCE 36 38234
SEND 1553581746 INTRODUCE 36 13929
SEND 1553581746 INTRODUCE 36 13874
SEND 1553581746 INTRODUCE 36 29834
SEND 1553581746 INTRODUCE 36 13773
SEND 1553581746 INTRODUCE 36 13563
SEND 1553581746 INTRODUCE 36 13218
SEND 1553581746 INTRODUCE 36 23936
SEND 1553581746 INTRODUCE 36 35901
SEND 1553581746 INTRODUCE 36 13901
SEND 1553581746 INTRODUCE 36 14384
SEND 1553581746 INTRODUCE 36 13500
SEND 1553581746 INTRODUCE 36 12633
SEND 1553581746 INTRODUCE 36 14344
SEND 1553581746 INTRODUCE 36 13527
SEND 1553581746 INTRODUCE 36 12892
SEND 1553581746 INTRODUCE 36 18282
SEND 1553581746 INTRODUCE 36 12118
SEND 1553581746 INTRODUCE 36 17561
SEND 1553581746 INTRODUCE 36 14796
SEND 1553581746 INTRODUCE 36 13948
SEND 1553581746 INTRODUCE 36 13980
SEND 1553581746 INTRODUCE 36 12955
SEND 1553581746 INTRODUCE 36 13717
SEND 1553581746 INTRODUCE 36 14183
SEND 1553581746 INTRODUCE 36 14086
SEND 1553581746 INTRODUCE 36 16086
SEND 1553581746 INTRODUCE 36 15085
SEND 1553581746 INTRODUCE 36 14351
SEND 1553581746 INTRODUCE 36 14890
SEND 1553581746 JOIN 31 14643
RECIEVED 1553581746 INTRODUCE 36 33 0
SEND 1553581746 INTRODUCE 36 27118
SEND 1553581746 INTRODUCE 36 24980
SEND 1553581746 INTRODUCE 36 14040
SEND 1553581746 INTRODUCE 36 19941
SEND 1553581746 INTRODUCE 36 13694
SEND 1553581746 INTRODUCE 36 19396
SEND 1553581746 INTRODUCE 36 12503
SEND 1553581746 INTRODUCE 36 13248
SEND 1553581746 INTRODUCE 36 18073
SEND 1553581746 INTRODUCE 36 12988
SEND 1553581746 INTRODUCE 36 13731
SEND 1553581746 INTRODUCE 36 18446
SEND 1553581746 INTRODUCE 36 13907
SEND 1553581746 INTRODUCE 36 19611
SEND 1553581746 INTRODUCE 36 14130
SEND 1553581746 INTRODUCE 36 13305
SEND 1553581746 INTRODUCE 36 14060
SEND 1553581746 INTRODUCE 36 13866
SEND 1553581746 INTRODUCE 36 13485
SEND 1553581746 INTRODUCE 36 30881
SEND 1553581746 INTRODUCE 36 13886
SEND 1553581746 INTRODUCE 36 13532
SEND 1553581746 INTRODUCE 36 23310
SEND 1553581746 INTRODUCE 36 32638
SEND 1553581746 INTRODUCE 36 12400
SEND 1553581746 INTRODUCE 36 24047
SEND 1553581746 INTRODUCE 36 18651
SEND 1553581746 INTRODUCE 36 26948
SEND 1553581746 INTRODUCE 36 13048
SEND 1553581746 INTRODUCE 36 13125
SEND 1553581746 INTRODUCE 36 18986
SEND 1553581746 INTRODUCE 36 25114
SEND 1553581746 INTRODUCE 36 15849
SEND 1553581746 JOIN 31 18561
RECIEVED 1553581746 INTRODUCE 37 34 0
SEND 1553581746 INTRODUCE 37 12588
SEND 1553581746 INTRODUCE 37 14987
SEND 1553581746 INTRODUCE 37 13993
SEND 1553581746 INTRODUCE 37 14539
SEND 1553581746 INTRODUCE 37 17394
SEND 1553581746 INTRODUCE 37 14174
SEND 1553581746 INTRODUCE 37 18631
SEND 1553581746 INTRODUCE 37 14308
SEND 1553581746 INTRODUCE 37 13989
SEND 1553581746 INTRODUCE 37 14327
SEND 1553581746 INTRODUCE 37 12372
SEND 1553581746 INTRODUCE 37 15588
SEND 1553581746 INTRODUCE 37 21111
SEND 1553581746 INTRODUCE 37 19441
SEND 1553581746 INTRODUCE 37 13743
SEND 1553581746 INTRODUCE 37 18382
SEND 1553581746 INTRODUCE 37 24670
SEND 1553581746 INTRODUCE 37 13537
SEND 1553581746 INTRODUCE 37 13180
SEND 1553581746 INTRODUCE 37 13339
SEND 1553581746 INTRODUCE 37 30916
SEND 1553581746 INTRODUCE 37 13575
SEND 1553581746 INTRODUCE 37 13582
SEND 1553581746 INTRODUCE 37 12730
SEND 1553581746 INTRODUCE 37 22338
SEND 1553581746 INTRODUCE 37 18400
SEND 1553581746 INTRODUCE 37 24562
SEND 1553581746 INTRODUCE 37 18351
SEND 1553581746 INTRODUCE 37 13237
SEND 1553581746 INTRODUCE 37 17232
SEND 1553581746 INTRODUCE 37 22580
SEND 1553581746 INTRODUCE 37 13864
SEND 1553581746 INTRODUCE 37 12952
SEND 1553581746 INTRODUCE 37 12955
SEND 1553581746 JOIN 31 23747
RECIEVED 1553581746 INTRODUCE 37 35 0
SEND 1553581746 INTRODUCE 37 18083
SEND 1553581746 INTRODUCE 37 24569
SEND 1553581746 INTRODUCE 37 13509
SEND 1553581746 INTRODUCE 37 19889
SEND 1553581746 INTRODUCE 37 25304
SEND 1553581746 INTRODUCE 37 13764
SEND 1553581746 INTRODUCE 37 13741
SEND 1553581746 INTRODUCE 37 14334
SEND 1553581746 INTRODUCE 37 18271
SEND 1553581746 INTRODUCE 37 13490
SEND 1553581746 INTRODUCE 37 14325
SEND 1553581746 INTRODUCE 37 14227
SEND 1553581746 INTRODUCE 37 14349
SEND 1553581746 INTRODUCE 37 13931
SEND 1553581746 INTRODUCE 37 24393
SEND 1553581746 INTRODUCE 37 13445
SEND 1553581746 INTRODUCE 37 13655
SEND 1553581746 INTRODUCE 37 24509
SEND 1553581746 INTRODUCE 37 13700
SEND 1553581746 INTRODUCE 37 23977
SEND 1553581746 INTRODUCE 37 34602
SEND 1553581746 INTRODUCE 37 13745
SEND 1553581746 INTRODUCE 37 11792
SEND 1553581746 INTRODUCE 37 18073
SEND 1553581746 INTRODUCE 37 13831
SEND 1553581746 INTRODUCE 37 32195
SEND 1553581746 INTRODUCE 37 7940
SEND 1553581746 INTRODUCE 37 13833
SEND 1553581746 INTRODUCE 37 40073
SEND 1553581746 INTRODUCE 37 13825
SEND 1553581746 INTRODUCE 37 13793
SEND 1553581746 INTRODUCE 37 14215
SEND 1553581746 INTRODUCE 37 14297
SEND 1553581746 INTRODUCE 37 16459
SEND 1553581746 INTRODUCE 37 13243
SEND 1553581746 JOIN 31 14908
RECIEVED 1553581746 INTRODUCE 36 36 0
SEND 1553581746 INTRODUCE 36 17891
SEND 1553581746 INTRODUCE 36 14501
SEND 1553581746 INTRODUCE 36 22972
SEND 1553581746 INTRODUCE 36 30823
SEND 1553581746 INTRODUCE 36 24031
SEND 1553581746 INTRODUCE 36 30204
SEND 1553581746 INTRODUCE 36 14152
SEND 1553581746 INTRODUCE 36 13870
SEND 1553581746 INTRODUCE 36 25681
SEND 1553581746 INTRODUCE 36 13812
SEND 1553581746 INTRODUCE 36 12704
SEND 1553581746 INTRODUCE 36 12383
SEND 1553581746 INTRODUCE 36 24648
SEND 1553581746 INTRODUCE 36 13640
SEND 1553581746 INTRODUCE 36 17265
SEND 1553581746 INTRODUCE 36 14562
SEND 1553581746 INTRODUCE 36 14458
SEND 1553581746 INTRODUCE 36 13442
SEND 1553581746 INTRODUCE 36 13950
SEND 1553581746 INTRODUCE 36 14014
SEND 1553581746 INTRODUCE 36 13912
SEND 1553581746 INTRODUCE 36 15205
SEND 1553581746 INTRODUCE 36 13408
SEND 1553581746 INTRODUCE 36 18975
SEND 1553581746 INTRODUCE 36 18299
SEND 1553581746 INTRODUCE 36 14262
SEND 1553581746 INTRODUCE 36 16448
SEND 1553581746 INTRODUCE 36 20933
SEND 1553581746 INTRODUCE 36 31656
SEND 1553581746 INTRODUCE 36 19760
SEND 1553581746 INTRODUCE 36 57740
SEND 1553581746 INTRODUCE 36 14500
SEND 1553581746 INTRODUCE 36 14138
SEND 1553581746 INTRODUCE 36 14072
SEND 1553581746 INTRODUCE 36 27237
SEND 1553581746 INTRODUCE 36 13916
SEND 1553581746 JOIN 31 13879
RECIEVED 1553581746 INTRODUCE 37 37 0
SEND 1553581746 INTRODUCE 37 18793
SEND 1553581746 INTRODUCE 37 25271
SEND 1553581746 INTRODUCE 37 23346
SEND 1553581746 INTRODUCE 37 12795
SEND 1553581746 INTRODUCE 37 19188
SEND 1553581746 INTRODUCE 37 23744
SEND 1553581746 INTRODUCE 37 18293
SEND 1553581746 INTRODUCE 37 29807
SEND 1553581746 INTRODUCE 37 26603
SEND 1553581746 INTRODUCE 37 25521
SEND 1553581746 INTRODUCE 37 14362
SEND 1553581746 INTRODUCE 37 13577
SEND 1553581746 INTRODUCE 37 12712
SEND 1553581746 INTRODUCE 37 13895
SEND 1553581746 INTRODUCE 37 18341
SEND 1553581746 INTRODUCE 37 25227
SEND 1553581746 INTRODUCE 37 13975
SEND 1553581746 INTRODUCE 37 14035
SEND 1553581746 INTRODUCE 37 23992
SEND 1553581746 INTRODUCE 37 13279
SEND 1553581746 INTRODUCE 37 13884
SEND 1553581746 INTRODUCE 37 14112
SEND 1553581746 INTRODUCE 37 13915
SEND 1553581746 INTRODUCE 37 29521
SEND 1553581746 INTRODUCE 37 24699
SEND 1553581746 INTRODUCE 37 30036
SEND 1553581746 INTRODUCE 37 13993
SEND 1553581746 INTRODUCE 37 45961
SEND 1553581746 INTRODUCE 37 14727
SEND 1553581746 INTRODUCE 37 25600
SEND 1553581746 INTRODUCE 37 13699
SEND 1553581746 INTRODUCE 37 18673
SEND 1553581746 INTRODUCE 37 34714
SEND 1553581746 INTRODUCE 37 17902
SEND 1553581746 INTRODUCE 37 13068
SEND 1553581746 INTRODUCE 37 18408
SEND 1553581746 INTRODUCE 37 18115
SEND 1553581746 JOIN 31 24318
RECIEVED 1553581746 INTRODUCE 36 38 0
RECIEVED 1553581746 INTRODUCE 36 38 0
RECIEVED 1553581746 INTRODUCE 36 38 0
SEND 1553581746 INTRODUCE 36 22779
SEND 1553581746 INTRODUCE 36 17914
SEND 1553581746 INTRODUCE 36 17996
SEND 1553581746 INTRODUCE 36 14428
SEND 1553581746 INTRODUCE 36 14126
SEND 1553581746 INTRODUCE 36 13385
SEND 1553581746 INTRODUCE 36 14851
SEND 1553581746 INTRODUCE 36 24865
SEND 1553581746 INTRODUCE 36 31376
SEND 1553581746 INTRODUCE 36 30309
SEND 1553581746 INTRODUCE 36 24155
SEND 1553581746 INTRODUCE 36 13503
SEND 1553581746 INTRODUCE 36 13677
SEND 1553581746 INTRODUCE 36 13592
SEND 1553581746 INTRODUCE 36 49453
SEND 1553581746 INTRODUCE 36 44038
SEND 1553581746 INTRODUCE 36 56858
SEND 1553581746 INTRODUCE 36 40555
SEND 1553581746 INTRODUCE 36 40918
SEND 1553581746 INTRODUCE 36 44135
SEND 1553581746 INTRODUCE 36 44132
SEND 1553581746 INTRODUCE 36 14671
SEND 1553581746 INTRODUCE 36 14200
SEND 1553581746 INTRODUCE 36 13787
SEND 1553581746 INTRODUCE 36 21345
SEND 1553581746 INTRODUCE 36 22193
SEND 1553581746 INTRODUCE 36 19588
SEND 1553581746 INTRODUCE 36 15475
SEND 1553581746 INTRODUCE 36 15198
SEND 1553581746 INTRODUCE 36 25109
SEND 1553581746 INTRODUCE 36 19344
SEND 1553581746 INTRODUCE 36 17844
SEND 1553581746 INTRODUCE 36 23512
SEND 1553581746 INTRODUCE 36 12965
SEND 1553581746 INTRODUCE 36 13222
SEND 1553581746 INTRODUCE 36 24041
SEND 1553581746 INTRODUCE 36 12735
SEND 1553581746 INTRODUCE 36 18107
SEND 1553581746 JOIN 31 13202
RECIEVED 1553581746 INTRODUCE 36 39 0
RECIEVED 1553581746 INTRODUCE 37 39 0
RECIEVED 1553581746 INTRODUCE 37 39 0
RECIEVED 1553581746 INTRODUCE 37 39 0
RECIEVED 1553581746 INTRODUCE 36 39 0
SEND 1553581746 INTRODUCE 36 13700
SEND 1553581746 INTRODUCE 36 13292
# Failed listening 
%!(EXTRA string=node0)# ERROR: read tcp 172.22.156.206:50316->172.22.158.207:8000: read: connection reset by peer
SEND 1553581746 INTRODUCE 36 39563
SEND 1553581746 INTRODUCE 36 28349
SEND 1553581746 INTRODUCE 36 17808
SEND 1553581746 INTRODUCE 36 25939
SEND 1553581746 INTRODUCE 36 13881
SEND 1553581746 INTRODUCE 36 18258
SEND 1553581746 INTRODUCE 36 14027
SEND 1553581746 INTRODUCE 36 37102
SEND 1553581746 INTRODUCE 36 25874
SEND 1553581746 INTRODUCE 36 25217
SEND 1553581746 INTRODUCE 36 32183
SEND 1553581746 INTRODUCE 36 14595
SEND 1553581746 INTRODUCE 36 13366
SEND 1553581746 INTRODUCE 36 14291
SEND 1553581746 INTRODUCE 36 13756
SEND 1553581746 INTRODUCE 36 13430
SEND 1553581746 INTRODUCE 36 23869
SEND 1553581746 INTRODUCE 36 17899
SEND 1553581746 INTRODUCE 36 24789
SEND 1553581746 INTRODUCE 36 22203
SEND 1553581746 INTRODUCE 36 18272
SEND 1553581746 INTRODUCE 36 13091
SEND 1553581746 INTRODUCE 36 16826
SEND 1553581746 INTRODUCE 36 25062
SEND 1553581746 INTRODUCE 36 12950
SEND 1553581746 INTRODUCE 36 24393
SEND 1553581746 INTRODUCE 36 13004
# Failed sending to node node0
# ERROR: write tcp 172.22.156.206:50316->172.22.158.207:8000: write: broken pipe
SEND 1553581746 INTRODUCE 36 24208
SEND 1553581746 INTRODUCE 36 14329
SEND 1553581746 INTRODUCE 36 25831
SEND 1553581746 INTRODUCE 36 23279
SEND 1553581746 INTRODUCE 36 24572
SEND 1553581746 INTRODUCE 36 33526
SEND 1553581746 INTRODUCE 36 13948
SEND 1553581746 INTRODUCE 36 17616
SEND 1553581746 INTRODUCE 36 19538
SEND 1553581746 JOIN 31 13719
RECIEVED 1553581746 INTRODUCE 36 40 0
RECIEVED 1553581746 INTRODUCE 35 40 0
SEND 1553581746 INTRODUCE 35 19502
SEND 1553581746 INTRODUCE 35 31015
SEND 1553581746 INTRODUCE 35 13965
SEND 1553581746 INTRODUCE 35 14929
SEND 1553581746 INTRODUCE 35 19482
SEND 1553581747 INTRODUCE 35 13798
SEND 1553581747 INTRODUCE 35 14278
SEND 1553581747 INTRODUCE 35 12777
SEND 1553581747 INTRODUCE 35 17729
SEND 1553581747 INTRODUCE 35 13809
SEND 1553581747 INTRODUCE 35 13099
SEND 1553581747 INTRODUCE 35 22340
SEND 1553581747 INTRODUCE 35 13522
SEND 1553581747 INTRODUCE 35 13025
SEND 1553581747 INTRODUCE 35 47435
SEND 1553581747 INTRODUCE 35 14645
SEND 1553581747 INTRODUCE 35 14657
SEND 1553581747 INTRODUCE 35 14250
SEND 1553581747 INTRODUCE 35 14566
SEND 1553581747 INTRODUCE 35 14343
SEND 1553581747 INTRODUCE 35 23306
SEND 1553581747 INTRODUCE 35 30769
SEND 1553581747 INTRODUCE 35 14666
SEND 1553581747 INTRODUCE 35 27251
SEND 1553581747 INTRODUCE 35 20326
SEND 1553581747 INTRODUCE 35 30683
SEND 1553581747 INTRODUCE 35 15873
SEND 1553581747 INTRODUCE 35 26315
SEND 1553581747 INTRODUCE 35 13811
SEND 1553581747 INTRODUCE 35 15223
SEND 1553581747 INTRODUCE 35 20437
SEND 1553581747 INTRODUCE 35 15284
SEND 1553581747 INTRODUCE 35 14260
# Failed sending to node node0
# ERROR: write tcp 172.22.156.206:50316->172.22.158.207:8000: write: broken pipe
# recieved string JOIN node10 172.22.156.206 8010

# recieved string JOIN node6 172.22.94.216 8006

# recieved string JOIN node0 172.22.156.206 8000

# recieved string JOIN node14 172.22.156.206 8014

# recieved string JOIN node9 172.22.158.206 8009

# recieved string JOIN node19 172.22.156.206 8019

# recieved string JOIN node15 172.22.156.206 8015

# recieved string JOIN node16 172.22.156.206 8016

# Failed listening 
%!(EXTRA string=node11)# ERROR: read tcp 172.22.156.206:37992->172.22.158.207:8011: read: connection reset by peer
# Failed listening 
%!(EXTRA string=node7)# ERROR: read tcp 172.22.156.206:38374->172.22.158.207:8007: read: connection reset by peer
# Failed listening 
%!(EXTRA string=node9)# ERROR: read tcp 172.22.156.206:45678->172.22.158.207:8009: read: connection reset by peer
# Failed listening 
%!(EXTRA string=node3)# ERROR: read tcp 172.22.156.206:58868->172.22.158.207:8003: read: connection reset by peer
# Failed listening 
%!(EXTRA string=node0)# ERROR: read tcp 172.22.156.206:37302->172.22.156.207:8000: read: connection reset by peer
# Failed listening 
%!(EXTRA string=node1)# ERROR: read tcp 172.22.156.206:57798->172.22.156.207:8001: read: connection reset by peer
# Failed listening 
%!(EXTRA string=node10)# ERROR: EOF
# Failed listening 
%!(EXTRA string=node6)# ERROR: read tcp 172.22.156.206:37490->172.22.156.207:8006: read: connection reset by peer
# Failed listening 
%!(EXTRA string=node1)# ERROR: read tcp 172.22.156.206:38990->172.22.158.207:8001: read: connection reset by peer
# Failed listening 
%!(EXTRA string=node7)# ERROR: read tcp 172.22.156.206:42470->172.22.156.207:8007: read: connection reset by peer
# Failed listening 
%!(EXTRA string=node4)# ERROR: read tcp 172.22.156.206:57348->172.22.156.207:8004: read: connection reset by peer
# Failed listening 
%!(EXTRA string=node15)# ERROR: read tcp 172.22.156.206:33476->172.22.158.207:8015: read: connection reset by peer
# Failed listening 
%!(EXTRA string=node8)# ERROR: read tcp 172.22.156.206:48760->172.22.156.207:8008: read: connection reset by peer
# Failed listening 
%!(EXTRA string=node9)# ERROR: read tcp 172.22.156.206:50960->172.22.156.207:8009: read: connection reset by peer
# Failed listening 
%!(EXTRA string=node12)# ERROR: read tcp 172.22.156.206:44862->172.22.156.207:8012: read: connection reset by peer
# Failed listening 
%!(EXTRA string=node2)# ERROR: read tcp 172.22.156.206:32890->172.22.156.207:8002: read: connection reset by peer
# Failed listening 
%!(EXTRA string=node12)# ERROR: read tcp 172.22.156.206:55370->172.22.158.207:8012: read: connection reset by peer
# Failed listening 
%!(EXTRA string=node11)# ERROR: read tcp 172.22.156.206:57982->172.22.156.207:8011: read: connection reset by peer
# Failed listening 
%!(EXTRA string=node13)# ERROR: read tcp 172.22.156.206:33802->172.22.156.207:8013: read: connection reset by peer
# Failed listening 
%!(EXTRA string=node18)# ERROR: read tcp 172.22.156.206:59768->172.22.156.207:8018: read: connection reset by peer
