RECIEVED 1553581737 INTRODUCE 168 0 0
SEND 1553581737 JOIN 164 34748
RECIEVED 1553581737 TRANSACTION 208 1 0
UPDATE 1553581737 TRANSACTION 99944c3d7ed6c242ec14323152b444c4
SEND 1553581737 TRANSACTION 208 14607
RECIEVED 1553581737 TRANSACTION 209 1 1
UPDATE 1553581737 TRANSACTION e156d691e5a0de5177a7949f8e8c3dcf
SEND 1553581737 TRANSACTION 209 21680
RECIEVED 1553581737 TRANSACTION 209 1 2
RECIEVED 1553581737 TRANSACTION 209 1 2
UPDATE 1553581737 TRANSACTION f00fd36925a95ac20b7504513f3b2574
SEND 1553581737 TRANSACTION 209 24981
RECIEVED 1553581737 TRANSACTION 209 1 3
RECIEVED 1553581737 TRANSACTION 209 1 3
UPDATE 1553581737 TRANSACTION 8f17e21ecc43ed924b94a17557db0e6d
SEND 1553581737 TRANSACTION 209 20519
RECIEVED 1553581737 TRANSACTION 209 1 4
UPDATE 1553581737 TRANSACTION 4c61df8df0a357153e9ab4f510fb91f3
SEND 1553581737 TRANSACTION 209 14519
RECIEVED 1553581737 TRANSACTION 207 1 5
UPDATE 1553581737 TRANSACTION 2b7736e28896b0031afd7f5685ebd721
SEND 1553581737 TRANSACTION 207 21914
RECIEVED 1553581737 TRANSACTION 207 1 6
RECIEVED 1553581737 TRANSACTION 209 1 6
UPDATE 1553581737 TRANSACTION 7a0983d3248752ff20136305f768b989
SEND 1553581737 TRANSACTION 209 12786
RECIEVED 1553581737 TRANSACTION 206 1 7
UPDATE 1553581737 TRANSACTION 0114d2df22dbd031bb52079312b77b2c
SEND 1553581737 TRANSACTION 206 22725
RECIEVED 1553581737 TRANSACTION 208 1 8
UPDATE 1553581737 TRANSACTION 5cdd4f8efe9e40f83f418e59c9197002
SEND 1553581737 TRANSACTION 208 12079
# Listen attempt 1.
# json: cannot unmarshal object into Go struct field Node.Sock of type net.Conn
RECIEVED 1553581737 TRANSACTION 210 1 9
UPDATE 1553581737 TRANSACTION 4eadf7b4ce12e8ceede458a7bfcd1b68
SEND 1553581737 TRANSACTION 210 17487
RECIEVED 1553581737 TRANSACTION 209 1 10
UPDATE 1553581737 TRANSACTION 879db30e5d44043478702c29e1dd392f
SEND 1553581737 TRANSACTION 209 23892
RECIEVED 1553581737 HB 139 1 11
SEND 1553581737 PING 261 229203
RECIEVED 1553581738 TRANSACTION 209 1 11
UPDATE 1553581738 TRANSACTION 3ed3c91a451328ed0fd58a494e451e0a
SEND 1553581738 TRANSACTION 209 16676
RECIEVED 1553581738 TRANSACTION 209 1 12
UPDATE 1553581738 TRANSACTION be5c3d6b21c11aed3c49bda0724fe330
SEND 1553581738 TRANSACTION 209 12439
RECIEVED 1553581738 TRANSACTION 209 1 13
UPDATE 1553581738 TRANSACTION 4021357bd516234bb1cb66c96e3bb6c8
SEND 1553581738 TRANSACTION 209 8635
RECIEVED 1553581738 TRANSACTION 209 1 14
UPDATE 1553581738 TRANSACTION 240f2f42f3ed538cc350de75fd2960c8
SEND 1553581738 TRANSACTION 209 27410
RECIEVED 1553581738 TRANSACTION 209 1 15
UPDATE 1553581738 TRANSACTION 1d20a0f31b1ecb3b045284f77a5f50d3
SEND 1553581738 TRANSACTION 209 15619
RECIEVED 1553581738 TRANSACTION 209 1 16
RECIEVED 1553581738 TRANSACTION 209 1 16
UPDATE 1553581738 TRANSACTION 710bd602c07e6554a5451d97ad237a38
SEND 1553581738 TRANSACTION 209 14166
RECIEVED 1553581738 TRANSACTION 208 1 17
UPDATE 1553581738 TRANSACTION a8db291fbf5ca15fa4f3bc12b9068130
SEND 1553581738 TRANSACTION 208 17684
RECIEVED 1553581738 TRANSACTION 210 1 18
UPDATE 1553581738 TRANSACTION 8f9a0afb6324f00e4a5d48a907a074af
SEND 1553581738 TRANSACTION 210 17818
RECIEVED 1553581738 TRANSACTION 210 1 19
UPDATE 1553581738 TRANSACTION 3767c83ae2b1c4e9f193be0b90edf93e
SEND 1553581738 TRANSACTION 210 14431
RECIEVED 1553581738 TRANSACTION 209 1 20
UPDATE 1553581738 TRANSACTION aee12f495155b444bc6dacae49f60f12
SEND 1553581738 TRANSACTION 209 14295
RECIEVED 1553581738 TRANSACTION 209 1 21
UPDATE 1553581738 TRANSACTION 8cdb8457e3720b3b9f1d19f169654582
SEND 1553581738 TRANSACTION 209 20011
RECIEVED 1553581738 TRANSACTION 208 1 22
UPDATE 1553581738 TRANSACTION a612760e50b3a9db8521412daec296dd
SEND 1553581738 TRANSACTION 208 20975
RECIEVED 1553581738 TRANSACTION 209 1 23
UPDATE 1553581738 TRANSACTION 59aa5f72b4e0e99c8c5d20a086a447e9
SEND 1553581738 TRANSACTION 209 27751
RECIEVED 1553581738 TRANSACTION 210 1 24
UPDATE 1553581738 TRANSACTION edc23ce1915a90127d5a9a700a1ae6a4
SEND 1553581738 TRANSACTION 210 11458
RECIEVED 1553581738 TRANSACTION 210 1 25
UPDATE 1553581738 TRANSACTION 52d3f599af40d89d105dfa2d98c42ff0
SEND 1553581738 TRANSACTION 210 24764
RECIEVED 1553581738 TRANSACTION 209 1 26
UPDATE 1553581738 TRANSACTION fa3dac2e3f5a47531e35d59ac5905360
SEND 1553581738 TRANSACTION 209 20045
# Listen attempt 1.
# json: cannot unmarshal object into Go struct field Node.Sock of type net.Conn
RECIEVED 1553581738 TRANSACTION 210 1 27
UPDATE 1553581738 TRANSACTION 8fd8c67942015533dee9048c3e70e4ff
SEND 1553581738 TRANSACTION 210 15347
RECIEVED 1553581738 TRANSACTION 209 1 28
UPDATE 1553581738 TRANSACTION 1e7391641783caaf6b5379c882220624
SEND 1553581738 TRANSACTION 209 15062
RECIEVED 1553581738 TRANSACTION 209 1 29
UPDATE 1553581738 TRANSACTION 6cc2cb0eff40ec611e5e239731fbb1b3
SEND 1553581738 TRANSACTION 209 21157
RECIEVED 1553581738 TRANSACTION 210 1 30
UPDATE 1553581738 TRANSACTION 13ce302284f715cf3c352bc78078f243
SEND 1553581738 TRANSACTION 210 17027
RECIEVED 1553581738 HB 139 1 31
SEND 1553581738 PING 261 26596
RECIEVED 1553581739 TRANSACTION 209 1 31
UPDATE 1553581739 TRANSACTION 2b1206fdd772b82f5be8a477ed7327d9
SEND 1553581739 TRANSACTION 209 17252
RECIEVED 1553581739 TRANSACTION 210 1 32
UPDATE 1553581739 TRANSACTION 010c5e70d1234f1567de2b2c1e894055
SEND 1553581739 TRANSACTION 210 20607
RECIEVED 1553581739 TRANSACTION 208 1 33
UPDATE 1553581739 TRANSACTION 1213429887d8b8b6fb31956b8685d34c
SEND 1553581739 TRANSACTION 208 24387
RECIEVED 1553581739 TRANSACTION 208 1 34
UPDATE 1553581739 TRANSACTION 8b1030e37000f45070633f353244a8a7
SEND 1553581739 TRANSACTION 208 22439
RECIEVED 1553581739 TRANSACTION 209 1 35
UPDATE 1553581739 TRANSACTION db83a1aeecfcd398adef5525915603d5
SEND 1553581739 TRANSACTION 209 16591
RECIEVED 1553581739 TRANSACTION 209 1 36
UPDATE 1553581739 TRANSACTION d11dffd85ccc17742ba8e3b928229cde
SEND 1553581739 TRANSACTION 209 15973
RECIEVED 1553581739 TRANSACTION 208 1 37
UPDATE 1553581739 TRANSACTION dc9a2d8576f99a80852f81ed233d9636
SEND 1553581739 TRANSACTION 208 19680
RECIEVED 1553581739 TRANSACTION 209 1 38
UPDATE 1553581739 TRANSACTION ceb5007e6f0fb22c2b12ff7991ed01cb
SEND 1553581739 TRANSACTION 209 20019
RECIEVED 1553581739 TRANSACTION 208 1 39
UPDATE 1553581739 TRANSACTION e63629ce82f1519b7edb87a1aa3be78f
SEND 1553581739 TRANSACTION 208 20185
RECIEVED 1553581739 TRANSACTION 208 1 40
UPDATE 1553581739 TRANSACTION cd46b03e3fef2199ac5037fb8ebe0242
SEND 1553581739 TRANSACTION 208 24849
RECIEVED 1553581739 TRANSACTION 209 1 41
UPDATE 1553581739 TRANSACTION 36386bbe335694c00938cc5804990ee0
SEND 1553581739 TRANSACTION 209 15865
RECIEVED 1553581739 TRANSACTION 208 1 42
UPDATE 1553581739 TRANSACTION ade098fd24cec7f967a076bbf32b1483
SEND 1553581739 TRANSACTION 208 24418
# Listen attempt 1.
# json: cannot unmarshal object into Go struct field Node.Sock of type net.Conn
RECIEVED 1553581739 TRANSACTION 209 1 43
UPDATE 1553581739 TRANSACTION 4db2a65b34135d662c0abd8781698e9d
SEND 1553581739 TRANSACTION 209 13973
RECIEVED 1553581739 HB 139 1 44
SEND 1553581739 PING 261 26598
RECIEVED 1553581739 TRANSACTION 208 1 44
UPDATE 1553581739 TRANSACTION 9c8ddd415eede33d799a64394e450566
SEND 1553581739 TRANSACTION 208 14532
RECIEVED 1553581739 TRANSACTION 209 1 45
UPDATE 1553581739 TRANSACTION 8cf174053a88f59e45fe23f772e6c4f1
SEND 1553581739 TRANSACTION 209 8783
RECIEVED 1553581740 TRANSACTION 210 1 46
UPDATE 1553581740 TRANSACTION 7d843620ff55a3c456b3585bb724c0aa
SEND 1553581740 TRANSACTION 210 23178
RECIEVED 1553581740 TRANSACTION 210 1 47
UPDATE 1553581740 TRANSACTION 42295a4ee03ce3560ecbbfcda7d421b6
SEND 1553581740 TRANSACTION 210 27311
RECIEVED 1553581740 TRANSACTION 208 1 48
UPDATE 1553581740 TRANSACTION bbe7ead7ea0f8d9e12852e1b3aa4a4f1
SEND 1553581740 TRANSACTION 208 23904
RECIEVED 1553581740 TRANSACTION 208 1 49
UPDATE 1553581740 TRANSACTION 87c7ae485f1252c56335c71028190ec7
SEND 1553581740 TRANSACTION 208 14618
RECIEVED 1553581740 TRANSACTION 209 1 50
UPDATE 1553581740 TRANSACTION 6835ad42be576c854890f5323324b5f9
SEND 1553581740 TRANSACTION 209 15901
RECIEVED 1553581740 TRANSACTION 209 1 51
UPDATE 1553581740 TRANSACTION b6bdaee44a590f03c70e22447b04da41
SEND 1553581740 TRANSACTION 209 15935
RECIEVED 1553581740 TRANSACTION 208 1 52
UPDATE 1553581740 TRANSACTION c27df7953d554ac4b9f2688f9aae78bc
SEND 1553581740 TRANSACTION 208 20575
RECIEVED 1553581740 TRANSACTION 209 1 53
UPDATE 1553581740 TRANSACTION f3757fc850f3c29814ea7aeb5f683600
SEND 1553581740 TRANSACTION 209 16772
RECIEVED 1553581740 TRANSACTION 208 1 54
UPDATE 1553581740 TRANSACTION be1f5ae9c5c956a29af61ba903a9ebc1
SEND 1553581740 TRANSACTION 208 25453
RECIEVED 1553581740 TRANSACTION 208 1 55
UPDATE 1553581740 TRANSACTION 2d0fd760b02c96197728efcbc50d3992
SEND 1553581740 TRANSACTION 208 17263
RECIEVED 1553581740 TRANSACTION 208 1 56
UPDATE 1553581740 TRANSACTION 0893caab659099cffae784f24b9349cb
SEND 1553581740 TRANSACTION 208 22636
# Listen attempt 1.
# json: cannot unmarshal object into Go struct field Node.Sock of type net.Conn
RECIEVED 1553581740 TRANSACTION 207 1 57
UPDATE 1553581740 TRANSACTION 345ce3ac0aadff9d2325800975d5c29b
SEND 1553581740 TRANSACTION 207 21740
RECIEVED 1553581740 TRANSACTION 209 1 58
UPDATE 1553581740 TRANSACTION 20be69af1106a3e3700bcc6468b3ac45
SEND 1553581740 TRANSACTION 209 26293
RECIEVED 1553581740 HB 139 1 59
SEND 1553581740 PING 261 29431
RECIEVED 1553581741 TRANSACTION 209 1 59
UPDATE 1553581741 TRANSACTION a0af29d0bb5b12a390b006c17bb2d06d
SEND 1553581741 TRANSACTION 209 17498
RECIEVED 1553581741 TRANSACTION 209 1 60
UPDATE 1553581741 TRANSACTION 2db8b3be3d320594a4ec7247368618da
SEND 1553581741 TRANSACTION 209 17567
RECIEVED 1553581741 TRANSACTION 209 1 61
UPDATE 1553581741 TRANSACTION daf6c2202f74e61bd166f294d3470299
SEND 1553581741 TRANSACTION 209 24482
RECIEVED 1553581741 TRANSACTION 209 1 62
UPDATE 1553581741 TRANSACTION f02e108477f372f1672153538f51087b
SEND 1553581741 TRANSACTION 209 27119
RECIEVED 1553581741 TRANSACTION 209 1 63
RECIEVED 1553581741 TRANSACTION 209 1 63
UPDATE 1553581741 TRANSACTION 81c726aa33c4d978d992e50753d727f9
SEND 1553581741 TRANSACTION 209 13644
RECIEVED 1553581741 TRANSACTION 209 1 64
UPDATE 1553581741 TRANSACTION 03c04254e37eed6dd2e90c34ba8daeca
SEND 1553581741 TRANSACTION 209 16580
RECIEVED 1553581741 TRANSACTION 209 1 65
UPDATE 1553581741 TRANSACTION 13ad833d384d3b34094a3491e12252c9
SEND 1553581741 TRANSACTION 209 21498
RECIEVED 1553581741 TRANSACTION 207 1 66
UPDATE 1553581741 TRANSACTION ae6a3344ea6a40f40890bebae9694095
SEND 1553581741 TRANSACTION 207 29024
RECIEVED 1553581741 TRANSACTION 206 1 67
UPDATE 1553581741 TRANSACTION 3c3c505ab3f97a7d420482f2da100be6
SEND 1553581741 TRANSACTION 206 24231
RECIEVED 1553581741 TRANSACTION 210 1 68
UPDATE 1553581741 TRANSACTION 1c4d392502a3d3ce2dc6075f1b56f22f
SEND 1553581741 TRANSACTION 210 21518
RECIEVED 1553581741 TRANSACTION 208 1 69
UPDATE 1553581741 TRANSACTION 5c204957f8c73864cbcbb0c66f323367
SEND 1553581741 TRANSACTION 208 17068
# Listen attempt 1.
# json: cannot unmarshal object into Go struct field Node.Sock of type net.Conn
RECIEVED 1553581741 TRANSACTION 209 1 70
UPDATE 1553581741 TRANSACTION 1e11dcccb5924db72d2ce3fb968ca51b
SEND 1553581741 TRANSACTION 209 17107
RECIEVED 1553581741 TRANSACTION 209 1 71
UPDATE 1553581741 TRANSACTION 50fc53493d0893d18e0e5bad3ce7d253
SEND 1553581741 TRANSACTION 209 15056
RECIEVED 1553581741 HB 139 1 72
SEND 1553581741 PING 261 35493
RECIEVED 1553581742 TRANSACTION 210 1 72
UPDATE 1553581742 TRANSACTION feef56900e4e4d7947ad959e0f915a96
SEND 1553581742 TRANSACTION 210 21736
RECIEVED 1553581742 TRANSACTION 209 1 73
UPDATE 1553581742 TRANSACTION 98b160b400d648931214db78b6f3d543
SEND 1553581742 TRANSACTION 209 17813
RECIEVED 1553581742 TRANSACTION 209 1 74
UPDATE 1553581742 TRANSACTION eebf7cd20c19ac40c71581cc87877bcd
SEND 1553581742 TRANSACTION 209 17834
RECIEVED 1553581742 TRANSACTION 209 1 75
UPDATE 1553581742 TRANSACTION 0fa63763a7d98e4d7d8f7a48a47eb175
SEND 1553581742 TRANSACTION 209 19957
RECIEVED 1553581742 TRANSACTION 209 1 76
UPDATE 1553581742 TRANSACTION 91dbbf868b424872dfb6cff62dbda930
SEND 1553581742 TRANSACTION 209 24104
RECIEVED 1553581742 TRANSACTION 209 1 77
UPDATE 1553581742 TRANSACTION 3e7ec910ada1b73080468360e97b97a8
SEND 1553581742 TRANSACTION 209 15179
RECIEVED 1553581742 TRANSACTION 209 1 78
UPDATE 1553581742 TRANSACTION 5e0336dcc8a968ce6c30cf2483bbc6c7
SEND 1553581742 TRANSACTION 209 20092
RECIEVED 1553581742 TRANSACTION 209 1 79
UPDATE 1553581742 TRANSACTION 6cf6cdee2690420187e129d2a2a4e2c3
SEND 1553581742 TRANSACTION 209 23240
# Listen attempt 1.
# json: cannot unmarshal object into Go struct field Node.Sock of type net.Conn
RECIEVED 1553581742 TRANSACTION 208 1 80
UPDATE 1553581742 TRANSACTION 3b5f05c7fc0e8cb5276494ff1bce8e29
SEND 1553581742 TRANSACTION 208 26623
RECIEVED 1553581742 TRANSACTION 210 1 81
UPDATE 1553581742 TRANSACTION 66fe891757601aaef9b91cbd1ade40fe
SEND 1553581742 TRANSACTION 210 16755
RECIEVED 1553581742 HB 139 1 82
SEND 1553581742 PING 261 27738
RECIEVED 1553581743 TRANSACTION 209 1 82
UPDATE 1553581743 TRANSACTION cdca5f2ed9af8aa4fb8c6a5aba45ebe6
SEND 1553581743 TRANSACTION 209 20017
RECIEVED 1553581743 TRANSACTION 209 1 83
UPDATE 1553581743 TRANSACTION 3347e63f25a767862040e9415c55e2a0
SEND 1553581743 TRANSACTION 209 17798
RECIEVED 1553581743 TRANSACTION 209 1 84
UPDATE 1553581743 TRANSACTION 67d7092886b8de339c2a231ec5e39140
SEND 1553581743 TRANSACTION 209 16548
RECIEVED 1553581743 TRANSACTION 209 1 85
UPDATE 1553581743 TRANSACTION c3c4bc889cdfd2fbe0e8d8db5561ed75
SEND 1553581743 TRANSACTION 209 15083
RECIEVED 1553581743 TRANSACTION 209 1 86
UPDATE 1553581743 TRANSACTION 6394ce2ab4ff5bf158dabd8823aa2bb9
SEND 1553581743 TRANSACTION 209 17148
RECIEVED 1553581743 TRANSACTION 209 1 87
UPDATE 1553581743 TRANSACTION f8a92476e7da887e594089822452d5e7
SEND 1553581743 TRANSACTION 209 26444
RECIEVED 1553581743 TRANSACTION 206 1 88
UPDATE 1553581743 TRANSACTION fd4f8e6788aba51df3a202fd6736f703
SEND 1553581743 TRANSACTION 206 14492
# Listen attempt 1.
# json: cannot unmarshal object into Go struct field Node.Sock of type net.Conn
RECIEVED 1553581743 HB 139 1 89
SEND 1553581743 PING 261 45746
RECIEVED 1553581744 TRANSACTION 209 1 89
UPDATE 1553581744 TRANSACTION ae71b96d674c8a975e1240c7805d3619
SEND 1553581744 TRANSACTION 209 16441
RECIEVED 1553581744 TRANSACTION 209 1 90
UPDATE 1553581744 TRANSACTION b90cb05eee054d6976ed0c091b200af2
SEND 1553581744 TRANSACTION 209 23881
RECIEVED 1553581744 TRANSACTION 209 1 91
UPDATE 1553581744 TRANSACTION 79af02b3680fa7e421e42c80e4952fd6
SEND 1553581744 TRANSACTION 209 15039
RECIEVED 1553581744 TRANSACTION 209 1 92
UPDATE 1553581744 TRANSACTION 8e5e175350be5e0b913cbdad9b41cee8
SEND 1553581744 TRANSACTION 209 18062
RECIEVED 1553581744 TRANSACTION 211 1 93
UPDATE 1553581744 TRANSACTION e57f6470176ad3f8a15eacc35a0938f2
SEND 1553581744 TRANSACTION 211 19806
RECIEVED 1553581744 TRANSACTION 208 1 94
UPDATE 1553581744 TRANSACTION f59956db7f8cdec34871d0b31c2dc361
SEND 1553581744 TRANSACTION 208 28075
RECIEVED 1553581744 TRANSACTION 210 1 95
UPDATE 1553581744 TRANSACTION 52bc8bfc8519af6ab49df8159b5033fd
SEND 1553581744 TRANSACTION 210 24083
RECIEVED 1553581744 TRANSACTION 210 1 96
RECIEVED 1553581744 TRANSACTION 209 1 96
UPDATE 1553581744 TRANSACTION 15876285abf0dacfd62be30ff0c439c4
SEND 1553581744 TRANSACTION 209 13752
RECIEVED 1553581744 TRANSACTION 209 1 97
UPDATE 1553581744 TRANSACTION 59a55d0f00805fbce3130aa5084c6bfb
SEND 1553581744 TRANSACTION 209 18249
RECIEVED 1553581744 TRANSACTION 209 1 98
UPDATE 1553581744 TRANSACTION 0dfffb4c63889bc46d134562a8ef5f5b
SEND 1553581744 TRANSACTION 209 21191
RECIEVED 1553581744 TRANSACTION 208 1 99
UPDATE 1553581744 TRANSACTION 3674fdd703c858008ec7890cc3598a62
SEND 1553581744 TRANSACTION 208 22155
RECIEVED 1553581744 TRANSACTION 208 1 100
UPDATE 1553581744 TRANSACTION fc77d1158a43e8921ff6694212cedf8f
SEND 1553581744 TRANSACTION 208 14250
# Listen attempt 1.
# json: cannot unmarshal object into Go struct field Node.Sock of type net.Conn
RECIEVED 1553581744 HB 139 1 101
SEND 1553581744 PING 261 41418
RECIEVED 1553581745 TRANSACTION 209 1 101
UPDATE 1553581745 TRANSACTION b74f0b964c27d8bb28b33f60e57d7f61
SEND 1553581745 TRANSACTION 209 22315
RECIEVED 1553581745 TRANSACTION 209 1 102
UPDATE 1553581745 TRANSACTION 7ae15a3ccd79323a1f4656898b3634ba
SEND 1553581745 TRANSACTION 209 18312
RECIEVED 1553581745 TRANSACTION 207 1 103
UPDATE 1553581745 TRANSACTION b9df339ca879865744c98851ecae3542
SEND 1553581745 TRANSACTION 207 19527
RECIEVED 1553581745 TRANSACTION 207 1 104
UPDATE 1553581745 TRANSACTION be3eacce19067c56b201059ab5d14d96
SEND 1553581745 TRANSACTION 207 19260
RECIEVED 1553581745 TRANSACTION 209 1 105
UPDATE 1553581745 TRANSACTION 32a81ab4cea14d68f89ee3700eec2c4c
SEND 1553581745 TRANSACTION 209 21856
RECIEVED 1553581745 TRANSACTION 209 1 106
UPDATE 1553581745 TRANSACTION 4e55effef4e7718f7dacef83301937ec
SEND 1553581745 TRANSACTION 209 17186
RECIEVED 1553581745 TRANSACTION 209 1 107
UPDATE 1553581745 TRANSACTION 2fbbfa048e0b8eef71efaf35fb7fdc5c
SEND 1553581745 TRANSACTION 209 16456
# Listen attempt 1.
# json: cannot unmarshal object into Go struct field Node.Sock of type net.Conn
RECIEVED 1553581745 HB 139 1 108
SEND 1553581745 PING 261 38466
RECIEVED 1553581746 TRANSACTION 208 1 108
UPDATE 1553581746 TRANSACTION 34956f7773eedcf86210768a943c5106
SEND 1553581746 TRANSACTION 208 16953
RECIEVED 1553581746 TRANSACTION 209 1 109
UPDATE 1553581746 TRANSACTION 8114311a18acb1326b3fae2a7bd1b3a9
SEND 1553581746 TRANSACTION 209 17440
RECIEVED 1553581746 TRANSACTION 210 1 110
UPDATE 1553581746 TRANSACTION 5541eab1869ff7c30bdc02bccb92de3b
SEND 1553581746 TRANSACTION 210 17591
RECIEVED 1553581746 TRANSACTION 209 1 111
UPDATE 1553581746 TRANSACTION 04e86ed1e57cd8eeba7516c8f00d76e9
SEND 1553581746 TRANSACTION 209 15144
RECIEVED 1553581746 TRANSACTION 209 1 112
UPDATE 1553581746 TRANSACTION d3987d88f41b664ae42fb124e5b8165a
SEND 1553581746 TRANSACTION 209 33439
RECIEVED 1553581746 TRANSACTION 209 1 113
UPDATE 1553581746 TRANSACTION 17b8b89864c32f6df386ddcf22ad7f0c
SEND 1553581746 TRANSACTION 209 17390
RECIEVED 1553581746 TRANSACTION 209 1 114
UPDATE 1553581746 TRANSACTION 0f6cd0ba313aa0a3e150d276b351f4af
SEND 1553581746 TRANSACTION 209 16676
# Listen attempt 1.
# json: cannot unmarshal object into Go struct field Node.Sock of type net.Conn
RECIEVED 1553581746 TRANSACTION 209 1 115
UPDATE 1553581746 TRANSACTION 6c1feafefd2bf2b9650933b75261d12b
SEND 1553581746 TRANSACTION 209 16579
RECIEVED 1553581746 HB 139 1 116
SEND 1553581746 PING 261 35134
RECIEVED 1553581747 TRANSACTION 209 1 116
UPDATE 1553581747 TRANSACTION 9f69a53c7d9ca7ed71080d50f874d9c5
SEND 1553581747 TRANSACTION 209 31170
RECIEVED 1553581747 TRANSACTION 209 1 117
UPDATE 1553581747 TRANSACTION 83985833de1cff865b039f0eb46314f6
SEND 1553581747 TRANSACTION 209 26598
RECIEVED 1553581747 TRANSACTION 209 1 118
UPDATE 1553581747 TRANSACTION 19b50d0fa05522ec9339f191e14f707c
SEND 1553581747 TRANSACTION 209 18799
RECIEVED 1553581747 TRANSACTION 208 1 119
UPDATE 1553581747 TRANSACTION dc37edd11fcd49e309b3825a65e6a36d
SEND 1553581747 TRANSACTION 208 26308
RECIEVED 1553581747 TRANSACTION 208 1 120
RECIEVED 1553581747 TRANSACTION 209 1 120
UPDATE 1553581747 TRANSACTION bc8f6f24457b8f10519ce77b0d06fc06
SEND 1553581747 TRANSACTION 209 20539
RECIEVED 1553581747 TRANSACTION 209 1 121
UPDATE 1553581747 TRANSACTION 3f257e331fefa1387c2d1e0668144338
SEND 1553581747 TRANSACTION 209 16358
# Listen attempt 1.
# json: cannot unmarshal object into Go struct field Node.Sock of type net.Conn
RECIEVED 1553581747 TRANSACTION 208 1 122
UPDATE 1553581747 TRANSACTION dc257f2ce926f842990a6171302b9d2f
SEND 1553581747 TRANSACTION 208 22743
RECIEVED 1553581747 HB 139 1 123
SEND 1553581747 PING 261 37037
RECIEVED 1553581748 TRANSACTION 209 1 123
UPDATE 1553581748 TRANSACTION df0581a2f3331f5dad8b359e6fd092e4
SEND 1553581748 TRANSACTION 209 19167
RECIEVED 1553581748 TRANSACTION 208 1 124
UPDATE 1553581748 TRANSACTION beae8fca6b29ba506f9335ff4e58fdad
SEND 1553581748 TRANSACTION 208 16619
RECIEVED 1553581748 TRANSACTION 209 1 125
UPDATE 1553581748 TRANSACTION 0374dec3a59fad2467f1dff6b71acddb
SEND 1553581748 TRANSACTION 209 17123
RECIEVED 1553581748 TRANSACTION 209 1 126
UPDATE 1553581748 TRANSACTION 8d353e79c8da90d079dc2bd9a257d792
SEND 1553581748 TRANSACTION 209 21695
RECIEVED 1553581748 TRANSACTION 208 1 127
UPDATE 1553581748 TRANSACTION 4cb519e67ace4b76c69ec94c656b522d
SEND 1553581748 TRANSACTION 208 23210
RECIEVED 1553581748 TRANSACTION 209 1 128
UPDATE 1553581748 TRANSACTION 19664fed42bcdf7166a0b876e6f4cf46
SEND 1553581748 TRANSACTION 209 39218
RECIEVED 1553581748 TRANSACTION 210 1 129
UPDATE 1553581748 TRANSACTION 7bab89bca470cd075910c0d624f274b2
SEND 1553581748 TRANSACTION 210 17545
RECIEVED 1553581748 TRANSACTION 209 1 130
UPDATE 1553581748 TRANSACTION f831be0916e9e740472c96bed8a7f9ed
SEND 1553581748 TRANSACTION 209 14906
RECIEVED 1553581748 TRANSACTION 209 1 131
UPDATE 1553581748 TRANSACTION 0f531ca8a0e6b608cabb022e0533af9e
SEND 1553581748 TRANSACTION 209 16778
# Listen attempt 1.
# json: cannot unmarshal object into Go struct field Node.Sock of type net.Conn
RECIEVED 1553581748 TRANSACTION 209 1 132
UPDATE 1553581748 TRANSACTION f559e574f1a4f8161c3090c04484dac5
SEND 1553581748 TRANSACTION 209 25583
RECIEVED 1553581748 HB 139 1 133
SEND 1553581748 PING 261 32992
RECIEVED 1553581749 TRANSACTION 208 1 133
UPDATE 1553581749 TRANSACTION aaf7f2a781dcfb6daf17a1b183a41d11
SEND 1553581749 TRANSACTION 208 27967
RECIEVED 1553581749 TRANSACTION 208 1 134
UPDATE 1553581749 TRANSACTION 5f552b26bd3de55cb19914fc92d37d13
SEND 1553581749 TRANSACTION 208 17725
RECIEVED 1553581749 TRANSACTION 209 1 135
UPDATE 1553581749 TRANSACTION d24dd59284c55fdbf9db21a3a167d365
SEND 1553581749 TRANSACTION 209 23197
RECIEVED 1553581749 TRANSACTION 210 1 136
UPDATE 1553581749 TRANSACTION 04432d68e01c59f0cb36d2da0780963c
SEND 1553581749 TRANSACTION 210 17301
RECIEVED 1553581749 TRANSACTION 207 1 137
UPDATE 1553581749 TRANSACTION 9420ebc258c2469b08903c207bb63167
SEND 1553581749 TRANSACTION 207 22473
RECIEVED 1553581749 TRANSACTION 209 1 138
UPDATE 1553581749 TRANSACTION 6cecf900d33ff8172bd2ea0f60040251
SEND 1553581749 TRANSACTION 209 21593
# Listen attempt 1.
# json: cannot unmarshal object into Go struct field Node.Sock of type net.Conn
RECIEVED 1553581749 TRANSACTION 210 1 139
UPDATE 1553581749 TRANSACTION 7acb8a70142185ad1cf3926a4bca7eb1
SEND 1553581749 TRANSACTION 210 16717
RECIEVED 1553581749 HB 139 1 140
SEND 1553581749 PING 261 33351
RECIEVED 1553581750 TRANSACTION 206 1 140
UPDATE 1553581750 TRANSACTION d597cf6040016863997d1fd23a1092bc
SEND 1553581750 TRANSACTION 206 24461
RECIEVED 1553581750 TRANSACTION 209 1 141
UPDATE 1553581750 TRANSACTION a38ba4d7d5b9d9443e651971328655bf
SEND 1553581750 TRANSACTION 209 17886
RECIEVED 1553581750 TRANSACTION 209 1 142
UPDATE 1553581750 TRANSACTION bafbff725dad6f8f4bd20683ac508d6a
SEND 1553581750 TRANSACTION 209 16003
RECIEVED 1553581750 TRANSACTION 208 1 143
UPDATE 1553581750 TRANSACTION d639dfc5d9793033d773e1ca91240947
SEND 1553581750 TRANSACTION 208 25869
RECIEVED 1553581750 TRANSACTION 209 1 144
UPDATE 1553581750 TRANSACTION 0a2a2852d248751a08f44fad0b79524f
SEND 1553581750 TRANSACTION 209 22572
# Listen attempt 1.
# json: cannot unmarshal object into Go struct field Node.Sock of type net.Conn
RECIEVED 1553581750 TRANSACTION 207 1 145
UPDATE 1553581750 TRANSACTION d3794751383a13132faa2992fc8345ac
SEND 1553581750 TRANSACTION 207 22499
RECIEVED 1553581750 HB 139 1 146
SEND 1553581750 PING 261 34162
RECIEVED 1553581751 TRANSACTION 208 1 146
UPDATE 1553581751 TRANSACTION 07d98832a7c202b6d7d6cadebc026333
SEND 1553581751 TRANSACTION 208 27832
RECIEVED 1553581751 TRANSACTION 209 1 147
UPDATE 1553581751 TRANSACTION a50c6a35b6068e70cd308094e56d426b
SEND 1553581751 TRANSACTION 209 57724
RECIEVED 1553581751 TRANSACTION 209 1 148
UPDATE 1553581751 TRANSACTION e3e6a73015a981a6811596f7725ee4bc
SEND 1553581751 TRANSACTION 209 23618
RECIEVED 1553581751 TRANSACTION 209 1 149
RECIEVED 1553581751 TRANSACTION 209 1 149
UPDATE 1553581751 TRANSACTION 64b81c0362e90c56fff94a2a5070d032
SEND 1553581751 TRANSACTION 209 20115
RECIEVED 1553581751 TRANSACTION 210 1 150
UPDATE 1553581751 TRANSACTION 50993d2273383873003d94415a296a5e
SEND 1553581751 TRANSACTION 210 25744
RECIEVED 1553581751 TRANSACTION 208 1 151
UPDATE 1553581751 TRANSACTION 4a47a7599b0b7eb372ac989e230ec332
SEND 1553581751 TRANSACTION 208 25399
# Listen attempt 1.
# json: cannot unmarshal object into Go struct field Node.Sock of type net.Conn
RECIEVED 1553581751 TRANSACTION 209 1 152
UPDATE 1553581751 TRANSACTION df5764d054731e02704d404d49f37960
SEND 1553581751 TRANSACTION 209 20194
RECIEVED 1553581751 HB 139 1 153
SEND 1553581751 PING 261 29593
RECIEVED 1553581751 TRANSACTION 207 1 153
UPDATE 1553581751 TRANSACTION 05220ada15f5b19bbd00662ba64b82b6
SEND 1553581751 TRANSACTION 207 16412
RECIEVED 1553581752 TRANSACTION 209 1 154
UPDATE 1553581752 TRANSACTION b62303ad1f471bdd59258bf93c1eab91
SEND 1553581752 TRANSACTION 209 46541
RECIEVED 1553581752 TRANSACTION 209 1 155
UPDATE 1553581752 TRANSACTION b417958ade36167b9c1b3b116cb81eb6
SEND 1553581752 TRANSACTION 209 23366
RECIEVED 1553581752 TRANSACTION 208 1 156
UPDATE 1553581752 TRANSACTION 1d18fae5f609d6a5b1b95cae19bbf35b
SEND 1553581752 TRANSACTION 208 29270
RECIEVED 1553581752 TRANSACTION 209 1 157
UPDATE 1553581752 TRANSACTION ba43a9c7fdb58afa06f1abd2199b60bf
SEND 1553581752 TRANSACTION 209 18470
RECIEVED 1553581752 TRANSACTION 209 1 158
UPDATE 1553581752 TRANSACTION 9df2a9e9493ea7262df2a0ede7e889a2
SEND 1553581752 TRANSACTION 209 22887
RECIEVED 1553581752 TRANSACTION 208 1 159
UPDATE 1553581752 TRANSACTION 658f55afed6f6e8c144d9688625f68d1
SEND 1553581752 TRANSACTION 208 34343
RECIEVED 1553581752 TRANSACTION 209 1 160
UPDATE 1553581752 TRANSACTION 3fed8b0cea5e6c0ba146421930756fc5
SEND 1553581752 TRANSACTION 209 19193
# Listen attempt 1.
# json: cannot unmarshal object into Go struct field Node.Sock of type net.Conn
RECIEVED 1553581752 TRANSACTION 209 1 161
UPDATE 1553581752 TRANSACTION c20b6a131813f8ecb392889e7d3d4332
SEND 1553581752 TRANSACTION 209 23520
RECIEVED 1553581752 TRANSACTION 209 1 162
UPDATE 1553581752 TRANSACTION c0e74ababc2c3a4496507a8d428b9387
SEND 1553581752 TRANSACTION 209 17625
RECIEVED 1553581752 HB 139 1 163
SEND 1553581752 PING 261 33661
RECIEVED 1553581752 TRANSACTION 206 1 163
UPDATE 1553581752 TRANSACTION 5ec3f6419ea3d58131702dc8d71f1254
SEND 1553581752 TRANSACTION 206 16090
RECIEVED 1553581753 TRANSACTION 206 1 164
UPDATE 1553581753 TRANSACTION 71975cde7ca056bdd28c02eaa595e034
SEND 1553581753 TRANSACTION 206 18667
RECIEVED 1553581753 TRANSACTION 209 1 165
UPDATE 1553581753 TRANSACTION 326bae7271037cf7a838a5b159ca0eaa
SEND 1553581753 TRANSACTION 209 17496
RECIEVED 1553581753 TRANSACTION 209 1 166
UPDATE 1553581753 TRANSACTION fbe68ba0cea8147cd4eb9517d026a3ac
SEND 1553581753 TRANSACTION 209 18607
RECIEVED 1553581753 TRANSACTION 208 1 167
UPDATE 1553581753 TRANSACTION 82ffdf92cc8edb5411a6688179c2f99f
SEND 1553581753 TRANSACTION 208 22245
RECIEVED 1553581753 TRANSACTION 209 1 168
UPDATE 1553581753 TRANSACTION cbbe9e67ee625009f38dd606c1cb9301
SEND 1553581753 TRANSACTION 209 23161
RECIEVED 1553581753 TRANSACTION 207 1 169
UPDATE 1553581753 TRANSACTION 7e03b7069c66ea0d51d450ad3834b155
SEND 1553581753 TRANSACTION 207 17224
# Listen attempt 1.
# json: cannot unmarshal object into Go struct field Node.Sock of type net.Conn
RECIEVED 1553581753 TRANSACTION 209 1 170
UPDATE 1553581753 TRANSACTION 612de7bbc3cc475e7f8626f7bf68561f
SEND 1553581753 TRANSACTION 209 17921
RECIEVED 1553581753 TRANSACTION 209 1 171
UPDATE 1553581753 TRANSACTION ff41767642739379fb5d4e3e5aeb8e58
SEND 1553581753 TRANSACTION 209 11995
RECIEVED 1553581753 HB 139 1 172
SEND 1553581753 PING 261 49056
RECIEVED 1553581754 TRANSACTION 209 1 172
UPDATE 1553581754 TRANSACTION 9304b7b58d148ebdf175c9b2e7cfce60
SEND 1553581754 TRANSACTION 209 36394
RECIEVED 1553581754 TRANSACTION 208 1 173
UPDATE 1553581754 TRANSACTION ac21a732cf6e4e8f604ffbe6dd78128f
SEND 1553581754 TRANSACTION 208 17269
RECIEVED 1553581754 TRANSACTION 210 1 174
UPDATE 1553581754 TRANSACTION 046eb5e997d54252806864ee214653f6
SEND 1553581754 TRANSACTION 210 19902
RECIEVED 1553581754 TRANSACTION 209 1 175
UPDATE 1553581754 TRANSACTION 0dbe605069e7dae24e001e5ff320c373
SEND 1553581754 TRANSACTION 209 27871
RECIEVED 1553581754 TRANSACTION 209 1 176
# Listen attempt 1.
# json: cannot unmarshal object into Go struct field Node.Sock of type net.Conn
RECIEVED 1553581754 HB 139 1 176
SEND 1553581754 PING 261 31551
RECIEVED 1553581755 TRANSACTION 209 1 176
UPDATE 1553581755 TRANSACTION 7fe7efccf55dd7e8e342c9909667798e
SEND 1553581755 TRANSACTION 209 15909
RECIEVED 1553581755 TRANSACTION 209 1 177
UPDATE 1553581755 TRANSACTION dcdef7d8ba7fc11c928dda5a14f959b8
SEND 1553581755 TRANSACTION 209 16434
RECIEVED 1553581755 TRANSACTION 209 1 178
UPDATE 1553581755 TRANSACTION a05dd5ab41efec52f4f69c41b6bf720e
SEND 1553581755 TRANSACTION 209 15986
RECIEVED 1553581755 TRANSACTION 210 1 179
UPDATE 1553581755 TRANSACTION 3b3fca6ea0f768d8fe2c15152d5bc54c
SEND 1553581755 TRANSACTION 210 23482
RECIEVED 1553581755 TRANSACTION 210 1 180
UPDATE 1553581755 TRANSACTION a8e24c21933b045dfa5179ac9086d3f1
SEND 1553581755 TRANSACTION 210 20214
RECIEVED 1553581755 TRANSACTION 209 1 181
UPDATE 1553581755 TRANSACTION afaeff0f2c86d520a5099b088964c0e1
SEND 1553581755 TRANSACTION 209 21852
RECIEVED 1553581755 TRANSACTION 210 1 182
UPDATE 1553581755 TRANSACTION 91223a424c97505a353649b9c5a04a7a
SEND 1553581755 TRANSACTION 210 16266
# Listen attempt 1.
# json: cannot unmarshal object into Go struct field Node.Sock of type net.Conn
RECIEVED 1553581755 HB 139 1 183
SEND 1553581755 PING 261 46575
RECIEVED 1553581756 TRANSACTION 209 1 183
UPDATE 1553581756 TRANSACTION bd915933a6461b12ccfe5013ee422e1f
SEND 1553581756 TRANSACTION 209 16897
RECIEVED 1553581756 TRANSACTION 210 1 184
UPDATE 1553581756 TRANSACTION 60bab3c2409683586ed3b60e2d753db4
SEND 1553581756 TRANSACTION 210 23468
RECIEVED 1553581756 TRANSACTION 209 1 185
UPDATE 1553581756 TRANSACTION 6a4f105235b70d257817eeb682b06de9
SEND 1553581756 TRANSACTION 209 28977
RECIEVED 1553581756 TRANSACTION 209 1 186
UPDATE 1553581756 TRANSACTION 57c985881787f9109e17a143cfc3ef23
SEND 1553581756 TRANSACTION 209 24935
RECIEVED 1553581756 TRANSACTION 209 1 187
UPDATE 1553581756 TRANSACTION 4e94f20dd5a2d58fae835db746dec8ab
SEND 1553581756 TRANSACTION 209 20748
RECIEVED 1553581756 TRANSACTION 209 1 188
UPDATE 1553581756 TRANSACTION 2b8e860fcb377224ce90ffd185931804
SEND 1553581756 TRANSACTION 209 23671
# Listen attempt 1.
# json: cannot unmarshal object into Go struct field Node.Sock of type net.Conn
RECIEVED 1553581756 TRANSACTION 208 1 189
UPDATE 1553581756 TRANSACTION 9f784b1a28384af720506c9cacddb3e2
SEND 1553581756 TRANSACTION 208 17090
RECIEVED 1553581756 TRANSACTION 209 1 190
UPDATE 1553581756 TRANSACTION 62330df16ed702a7294144d6dada0537
SEND 1553581756 TRANSACTION 209 23203
RECIEVED 1553581756 HB 139 1 191
SEND 1553581756 PING 261 33043
RECIEVED 1553581757 TRANSACTION 209 1 191
UPDATE 1553581757 TRANSACTION 38df68b0909cb82d28b69604ff25fce3
SEND 1553581757 TRANSACTION 209 15104
RECIEVED 1553581757 TRANSACTION 210 1 192
UPDATE 1553581757 TRANSACTION f43d2b211742de743394516fc43f8e2e
SEND 1553581757 TRANSACTION 210 26426
RECIEVED 1553581757 TRANSACTION 209 1 193
UPDATE 1553581757 TRANSACTION 0bab2b21b8a8be6269d9d774e66468aa
SEND 1553581757 TRANSACTION 209 17989
RECIEVED 1553581757 TRANSACTION 209 1 194
UPDATE 1553581757 TRANSACTION d6985250c41d90a68a9a10d0c4a8112f
SEND 1553581757 TRANSACTION 209 25647
RECIEVED 1553581757 TRANSACTION 209 1 195
UPDATE 1553581757 TRANSACTION 3e98470c20c96c114b176a4ee7b805a5
SEND 1553581757 TRANSACTION 209 19082
RECIEVED 1553581757 TRANSACTION 209 1 196
UPDATE 1553581757 TRANSACTION ec0dde0e5923504030a73027a5689d75
SEND 1553581757 TRANSACTION 209 18138
# Listen attempt 1.
# json: cannot unmarshal object into Go struct field Node.Sock of type net.Conn
RECIEVED 1553581757 TRANSACTION 209 1 197
UPDATE 1553581757 TRANSACTION 7af3c07635476014a642ab1ffec98a60
SEND 1553581757 TRANSACTION 209 20187
RECIEVED 1553581757 TRANSACTION 209 1 198
UPDATE 1553581757 TRANSACTION a7733f3a5a77baba2d23f1c1e600a026
SEND 1553581757 TRANSACTION 209 16062
RECIEVED 1553581757 HB 139 1 199
SEND 1553581757 PING 261 33791
RECIEVED 1553581757 TRANSACTION 208 1 199
UPDATE 1553581757 TRANSACTION c5dea36d1c7e90fbeaeb0503a0167548
SEND 1553581757 TRANSACTION 208 15784
RECIEVED 1553581757 TRANSACTION 208 1 200
UPDATE 1553581757 TRANSACTION a2570d68b8bfc835578672e309e114e4
SEND 1553581757 TRANSACTION 208 20993
RECIEVED 1553581758 TRANSACTION 208 1 201
UPDATE 1553581758 TRANSACTION fd5ade2666f06150d3a84203e3eccbb0
SEND 1553581758 TRANSACTION 208 23359
RECIEVED 1553581758 TRANSACTION 209 1 202
UPDATE 1553581758 TRANSACTION b0edf68f1eea1824521780e4708f0e66
SEND 1553581758 TRANSACTION 209 22603
RECIEVED 1553581758 TRANSACTION 209 1 203
UPDATE 1553581758 TRANSACTION a6da4d4e83364c529e2e51e5189d489f
SEND 1553581758 TRANSACTION 209 22870
RECIEVED 1553581758 TRANSACTION 209 1 204
UPDATE 1553581758 TRANSACTION d152ed2e37895e6d0790ac99196df28d
SEND 1553581758 TRANSACTION 209 28286
RECIEVED 1553581758 TRANSACTION 209 1 205
UPDATE 1553581758 TRANSACTION b79209f55d7d8e1d692fa38e173cbb18
SEND 1553581758 TRANSACTION 209 16050
# Listen attempt 1.
# json: cannot unmarshal object into Go struct field Node.Sock of type net.Conn
RECIEVED 1553581758 HB 139 1 206
SEND 1553581758 PING 261 43844
RECIEVED 1553581759 TRANSACTION 209 1 206
UPDATE 1553581759 TRANSACTION 101ad0ddd5a8441239a09fd74bde4183
SEND 1553581759 TRANSACTION 209 25827
RECIEVED 1553581759 TRANSACTION 209 1 207
UPDATE 1553581759 TRANSACTION 0e0251fc5a57d50ca10fdaa46c0bbd61
SEND 1553581759 TRANSACTION 209 16748
RECIEVED 1553581759 TRANSACTION 209 1 208
UPDATE 1553581759 TRANSACTION b2392e45c30181c2191dbb506d9651c9
SEND 1553581759 TRANSACTION 209 18141
# Listen attempt 1.
# json: cannot unmarshal object into Go struct field Node.Sock of type net.Conn
RECIEVED 1553581759 TRANSACTION 207 1 209
UPDATE 1553581759 TRANSACTION 682b6fa6dd9fd2ef35b7d0e5ef3d8dfa
SEND 1553581759 TRANSACTION 207 32321
RECIEVED 1553581759 HB 139 1 210
SEND 1553581759 PING 261 23042
RECIEVED 1553581759 TRANSACTION 209 1 210
UPDATE 1553581759 TRANSACTION b152653061c55c136602399c542e42c0
SEND 1553581759 TRANSACTION 209 16252
RECIEVED 1553581760 TRANSACTION 210 1 211
UPDATE 1553581760 TRANSACTION b0979d3c4c384d78fd64f106e076113d
SEND 1553581760 TRANSACTION 210 25647
RECIEVED 1553581760 TRANSACTION 208 1 212
UPDATE 1553581760 TRANSACTION e613115ec1675cf94bad92f8bee403eb
SEND 1553581760 TRANSACTION 208 18963
RECIEVED 1553581760 TRANSACTION 208 1 213
UPDATE 1553581760 TRANSACTION 1a5988f8f03a9b4940c501ad5f71f04d
SEND 1553581760 TRANSACTION 208 23719
RECIEVED 1553581760 TRANSACTION 209 1 214
UPDATE 1553581760 TRANSACTION d67d90b3483e2136f72372fe69747e97
SEND 1553581760 TRANSACTION 209 16037
RECIEVED 1553581760 TRANSACTION 208 1 215
UPDATE 1553581760 TRANSACTION d0aa9c6574d7e6f537771e7944cfa018
SEND 1553581760 TRANSACTION 208 19488
RECIEVED 1553581760 TRANSACTION 209 1 216
UPDATE 1553581760 TRANSACTION 964ce2e777d0f31c4c1b8cdd5795972d
SEND 1553581760 TRANSACTION 209 18289
# Listen attempt 1.
# json: cannot unmarshal object into Go struct field Node.Sock of type net.Conn
RECIEVED 1553581760 HB 139 1 217
SEND 1553581760 PING 261 52146
RECIEVED 1553581761 TRANSACTION 209 1 217
UPDATE 1553581761 TRANSACTION d01424fa4d0ada15de6d8c9ba1e19171
SEND 1553581761 TRANSACTION 209 19689
RECIEVED 1553581761 TRANSACTION 205 1 218
UPDATE 1553581761 TRANSACTION ad3b430d062bc14c8994914b923e134c
SEND 1553581761 TRANSACTION 205 18249
RECIEVED 1553581761 TRANSACTION 209 1 219
UPDATE 1553581761 TRANSACTION a882e8204a3e02157fff677fbbc2d573
SEND 1553581761 TRANSACTION 209 16046
RECIEVED 1553581761 TRANSACTION 209 1 220
UPDATE 1553581761 TRANSACTION f57ff0bfe12f8ff15748486851d20d5f
SEND 1553581761 TRANSACTION 209 17198
RECIEVED 1553581761 TRANSACTION 209 1 221
UPDATE 1553581761 TRANSACTION 0b15dcdde54cda9846637cb028abdc0c
SEND 1553581761 TRANSACTION 209 40323
RECIEVED 1553581761 TRANSACTION 209 1 222
UPDATE 1553581761 TRANSACTION 8048bab265569252fbe3bdfce1399a12
SEND 1553581761 TRANSACTION 209 15700
RECIEVED 1553581761 TRANSACTION 209 1 223
UPDATE 1553581761 TRANSACTION 9c077b5c89f97c11ed14b1852e3bc9ab
SEND 1553581761 TRANSACTION 209 41525
# Listen attempt 1.
# json: cannot unmarshal object into Go struct field Node.Sock of type net.Conn
RECIEVED 1553581761 HB 139 1 224
SEND 1553581761 PING 261 36038
RECIEVED 1553581762 TRANSACTION 208 1 224
UPDATE 1553581762 TRANSACTION f00f102384d03663d7c623520fef2b50
SEND 1553581762 TRANSACTION 208 40185
RECIEVED 1553581762 TRANSACTION 209 1 225
UPDATE 1553581762 TRANSACTION 06e526b96528f38c9a387e4c54d0a2e4
SEND 1553581762 TRANSACTION 209 17907
RECIEVED 1553581762 TRANSACTION 208 1 226
UPDATE 1553581762 TRANSACTION 2c7819fc09c79d2a2572ae3eaafb34a5
SEND 1553581762 TRANSACTION 208 18060
RECIEVED 1553581762 TRANSACTION 209 1 227
UPDATE 1553581762 TRANSACTION b18e519af2db0ef05bcbe22c958f08ef
SEND 1553581762 TRANSACTION 209 17742
# Listen attempt 1.
# json: cannot unmarshal object into Go struct field Node.Sock of type net.Conn
RECIEVED 1553581762 HB 139 1 228
SEND 1553581762 PING 261 52483
RECIEVED 1553581763 TRANSACTION 207 1 228
UPDATE 1553581763 TRANSACTION b2c280ac9acad25647a553819d334c96
SEND 1553581763 TRANSACTION 207 17112
RECIEVED 1553581763 TRANSACTION 209 1 229
UPDATE 1553581763 TRANSACTION 39c5cfe5c8e8ab467b08a7c29065985d
SEND 1553581763 TRANSACTION 209 19603
RECIEVED 1553581763 TRANSACTION 208 1 230
UPDATE 1553581763 TRANSACTION 56b99fd5a37ab14f3e3cc6634b9aab65
SEND 1553581763 TRANSACTION 208 23078
RECIEVED 1553581763 TRANSACTION 208 1 231
UPDATE 1553581763 TRANSACTION 82d62478e57abee8d41f4020b66d11b9
SEND 1553581763 TRANSACTION 208 22190
RECIEVED 1553581763 TRANSACTION 209 1 232
UPDATE 1553581763 TRANSACTION dc96eacf5bdb38c1ada21e68c4a27463
SEND 1553581763 TRANSACTION 209 19620
# Listen attempt 1.
# json: cannot unmarshal object into Go struct field Node.Sock of type net.Conn
RECIEVED 1553581764 HB 139 1 233
SEND 1553581764 PING 261 44170
RECIEVED 1553581764 TRANSACTION 209 1 233
UPDATE 1553581764 TRANSACTION f1148b584874bc6085cd92381d5b73dc
SEND 1553581764 TRANSACTION 209 14744
RECIEVED 1553581764 TRANSACTION 209 1 234
UPDATE 1553581764 TRANSACTION 0d9a4d5666d2cb349f7cb2b5ee2ba629
SEND 1553581764 TRANSACTION 209 11100
RECIEVED 1553581764 TRANSACTION 209 1 235
UPDATE 1553581764 TRANSACTION 591635a1c0bfce713e000e675a47b34f
SEND 1553581764 TRANSACTION 209 15264
RECIEVED 1553581764 TRANSACTION 208 1 236
UPDATE 1553581764 TRANSACTION e63840d309590f97c7dda1c3d7c5c631
SEND 1553581764 TRANSACTION 208 9602
RECIEVED 1553581764 TRANSACTION 209 1 237
UPDATE 1553581764 TRANSACTION 8ee2dfc597fd87a399be3b25ee15c282
SEND 1553581764 TRANSACTION 209 14348
RECIEVED 1553581764 TRANSACTION 209 1 238
UPDATE 1553581764 TRANSACTION c98a8997af6c8927b3b7207cb41a6e3c
SEND 1553581764 TRANSACTION 209 8871
# Listen attempt 1.
# json: cannot unmarshal object into Go struct field Node.Sock of type net.Conn
RECIEVED 1553581764 TRANSACTION 209 1 239
RECIEVED 1553581765 TRANSACTION 209 1 239
UPDATE 1553581765 TRANSACTION 1e01b4656835bd7b982af55989c1d765
SEND 1553581765 TRANSACTION 209 14073
RECIEVED 1553581765 TRANSACTION 209 1 240
UPDATE 1553581765 TRANSACTION 1ece678e45d5c84268382d24e135ad59
SEND 1553581765 TRANSACTION 209 9552
RECIEVED 1553581765 TRANSACTION 209 1 241
UPDATE 1553581765 TRANSACTION ca42985f026af6140b9cec5b01b6b29f
SEND 1553581765 TRANSACTION 209 14384
RECIEVED 1553581765 TRANSACTION 208 1 242
UPDATE 1553581765 TRANSACTION 6f6a890bddea9dca6fab74b5e4ceaa74
SEND 1553581765 TRANSACTION 208 18603
RECIEVED 1553581765 TRANSACTION 209 1 243
UPDATE 1553581765 TRANSACTION a9fac0f560d0e526bad23c6ad7532583
SEND 1553581765 TRANSACTION 209 17779
RECIEVED 1553581765 TRANSACTION 210 1 244
UPDATE 1553581765 TRANSACTION 2b61e7b3267f746c3e2927b93583b954
SEND 1553581765 TRANSACTION 210 22769
# Listen attempt 1.
# json: cannot unmarshal object into Go struct field Node.Sock of type net.Conn
RECIEVED 1553581765 TRANSACTION 208 1 245
UPDATE 1553581765 TRANSACTION d0c8ae31a120815bf80530638674003d
SEND 1553581765 TRANSACTION 208 23257
RECIEVED 1553581765 HB 139 1 246
SEND 1553581765 PING 261 34520
RECIEVED 1553581766 TRANSACTION 208 1 246
UPDATE 1553581766 TRANSACTION 1bb56398fc30140c7bafe6460242e734
SEND 1553581766 TRANSACTION 208 18414
RECIEVED 1553581766 TRANSACTION 209 1 247
UPDATE 1553581766 TRANSACTION 1b83f14c5747c475a91e6c41d76936ff
SEND 1553581766 TRANSACTION 209 24264
RECIEVED 1553581766 TRANSACTION 209 1 248
UPDATE 1553581766 TRANSACTION 5610c28216dee51c891c3ac9f748d216
SEND 1553581766 TRANSACTION 209 17911
# Listen attempt 1.
# json: cannot unmarshal object into Go struct field Node.Sock of type net.Conn
RECIEVED 1553581766 TRANSACTION 209 1 249
UPDATE 1553581766 TRANSACTION fe037fd89ef767a9a70a9740aaf3ec56
SEND 1553581766 TRANSACTION 209 21044
RECIEVED 1553581766 HB 139 1 250
SEND 1553581766 PING 261 28638
RECIEVED 1553581767 TRANSACTION 209 1 250
UPDATE 1553581767 TRANSACTION 44adc9eb51cf6eea2b67fa153314427b
SEND 1553581767 TRANSACTION 209 19465
RECIEVED 1553581767 TRANSACTION 209 1 251
UPDATE 1553581767 TRANSACTION 8e3d5774f7596b035c52a239fc70354f
SEND 1553581767 TRANSACTION 209 18235
RECIEVED 1553581767 TRANSACTION 208 1 252
UPDATE 1553581767 TRANSACTION 8d9077ae2991108ff8355cd2ff9a6f11
SEND 1553581767 TRANSACTION 208 17795
RECIEVED 1553581767 TRANSACTION 208 1 253
UPDATE 1553581767 TRANSACTION 8864b175280cd646b4ca412124877e13
SEND 1553581767 TRANSACTION 208 24735
RECIEVED 1553581767 TRANSACTION 209 1 254
UPDATE 1553581767 TRANSACTION 9c127bd7e574e32ff17756d56721f99d
SEND 1553581767 TRANSACTION 209 15355
RECIEVED 1553581767 TRANSACTION 209 1 255
UPDATE 1553581767 TRANSACTION 0555984ec8ec047b53646462ea9e14e3
SEND 1553581767 TRANSACTION 209 15348
RECIEVED 1553581767 TRANSACTION 209 1 256
UPDATE 1553581767 TRANSACTION db4029c58c3b9a5bd9c50d5319642897
SEND 1553581767 TRANSACTION 209 21766
# Listen attempt 1.
# json: cannot unmarshal object into Go struct field Node.Sock of type net.Conn
RECIEVED 1553581767 HB 139 1 257
SEND 1553581767 PING 261 46277
RECIEVED 1553581768 TRANSACTION 209 1 257
UPDATE 1553581768 TRANSACTION d3288b2bf0e77f91b43dec2f26d05248
SEND 1553581768 TRANSACTION 209 18365
RECIEVED 1553581768 TRANSACTION 209 1 258
UPDATE 1553581768 TRANSACTION cc9e20e02d051dc506b4d280d83f3110
SEND 1553581768 TRANSACTION 209 15729
RECIEVED 1553581768 TRANSACTION 210 1 259
UPDATE 1553581768 TRANSACTION 7eb2ff45aa286bfb31d5351c5734c18f
SEND 1553581768 TRANSACTION 210 23992
RECIEVED 1553581768 TRANSACTION 209 1 260
UPDATE 1553581768 TRANSACTION a5a2ea9bcdbc18ffb533fad15c830b4b
SEND 1553581768 TRANSACTION 209 18241
# Listen attempt 1.
# json: cannot unmarshal object into Go struct field Node.Sock of type net.Conn
RECIEVED 1553581768 HB 139 1 261
SEND 1553581768 PING 261 40820
RECIEVED 1553581769 TRANSACTION 210 1 261
UPDATE 1553581769 TRANSACTION ee8e2288f28bdce418e89ed7b0ecb175
SEND 1553581769 TRANSACTION 210 23552
# Listen attempt 1.
# json: cannot unmarshal object into Go struct field Node.Sock of type net.Conn
RECIEVED 1553581769 HB 139 1 262
SEND 1553581769 PING 261 48495
RECIEVED 1553581769 TRANSACTION 209 1 262
UPDATE 1553581769 TRANSACTION f045231a12e07a20ab9c4f7c1a436887
SEND 1553581769 TRANSACTION 209 17022
RECIEVED 1553581769 TRANSACTION 209 1 263
UPDATE 1553581769 TRANSACTION 33aeea6c7d325a98b199ad799cc179be
SEND 1553581769 TRANSACTION 209 15807
RECIEVED 1553581769 TRANSACTION 207 1 264
UPDATE 1553581769 TRANSACTION bd656eb6bc4b3e73a9db8468b123845b
SEND 1553581769 TRANSACTION 207 15404
RECIEVED 1553581769 TRANSACTION 209 1 265
UPDATE 1553581769 TRANSACTION d30494caa6ff65de3543c4c6d066fdcf
SEND 1553581769 TRANSACTION 209 15163
RECIEVED 1553581769 TRANSACTION 209 1 266
UPDATE 1553581769 TRANSACTION d8161e17d55889e205c41d7ec3d67a6c
SEND 1553581769 TRANSACTION 209 15390
RECIEVED 1553581770 TRANSACTION 209 1 267
UPDATE 1553581770 TRANSACTION 7d0f94d84ef40dc42b60ac9927d68cfd
SEND 1553581770 TRANSACTION 209 18618
RECIEVED 1553581770 TRANSACTION 207 1 268
UPDATE 1553581770 TRANSACTION 4d5c3606d15f62f70f5bab018e06b786
SEND 1553581770 TRANSACTION 207 16378
RECIEVED 1553581770 TRANSACTION 209 1 269
UPDATE 1553581770 TRANSACTION 7a5abb088fd82ad4a09b604ba8ca8dab
SEND 1553581770 TRANSACTION 209 17882
RECIEVED 1553581770 TRANSACTION 209 1 270
UPDATE 1553581770 TRANSACTION d6287ee667ac571d2c6c210d33ee3980
SEND 1553581770 TRANSACTION 209 11222
# Listen attempt 1.
# json: cannot unmarshal object into Go struct field Node.Sock of type net.Conn
RECIEVED 1553581770 HB 139 1 271
SEND 1553581770 PING 261 33435
RECIEVED 1553581771 TRANSACTION 209 1 271
UPDATE 1553581771 TRANSACTION 09f704b2e9f7bf497be80e1aacf39d0c
SEND 1553581771 TRANSACTION 209 17389
RECIEVED 1553581771 TRANSACTION 209 1 272
UPDATE 1553581771 TRANSACTION 6dcf7b957d5ab1f4f18077ba27a07599
SEND 1553581771 TRANSACTION 209 12317
RECIEVED 1553581771 TRANSACTION 207 1 273
UPDATE 1553581771 TRANSACTION 03f2aa2995bb5be9abb2eee864ededf1
SEND 1553581771 TRANSACTION 207 15166
RECIEVED 1553581771 TRANSACTION 209 1 274
UPDATE 1553581771 TRANSACTION 2240d2ce103f55420e0d8f0b30137301
SEND 1553581771 TRANSACTION 209 17541
RECIEVED 1553581771 TRANSACTION 208 1 275
UPDATE 1553581771 TRANSACTION 2a285059450dfd0263b514eca9f3c185
SEND 1553581771 TRANSACTION 208 13742
RECIEVED 1553581771 TRANSACTION 209 1 276
UPDATE 1553581771 TRANSACTION 6239c2e524d9262a216707cd9e3e755a
SEND 1553581771 TRANSACTION 209 26687
RECIEVED 1553581771 TRANSACTION 210 1 277
UPDATE 1553581771 TRANSACTION 32ff9dbf9719496f646aa11613e43849
SEND 1553581771 TRANSACTION 210 21908
RECIEVED 1553581771 TRANSACTION 209 1 278
UPDATE 1553581771 TRANSACTION 0bb02d87b82afde30cc73bea324fdaf6
SEND 1553581771 TRANSACTION 209 29414
RECIEVED 1553581771 TRANSACTION 209 1 279
UPDATE 1553581771 TRANSACTION ab24744757c2bc18bf48cf70c69f23d5
SEND 1553581771 TRANSACTION 209 20226
RECIEVED 1553581771 TRANSACTION 207 1 280
UPDATE 1553581771 TRANSACTION f71866fc8e3fb8772146edf1b5fc4e79
SEND 1553581771 TRANSACTION 207 25154
RECIEVED 1553581771 TRANSACTION 209 1 281
UPDATE 1553581771 TRANSACTION 4771ddb4cb7ebce02723bed7c351ef95
SEND 1553581771 TRANSACTION 209 18083
# Listen attempt 1.
# json: cannot unmarshal object into Go struct field Node.Sock of type net.Conn
RECIEVED 1553581771 TRANSACTION 209 1 282
UPDATE 1553581771 TRANSACTION 47b91e4f3254fbdd8135294cdfe9977c
SEND 1553581771 TRANSACTION 209 16986
RECIEVED 1553581771 HB 139 1 283
SEND 1553581771 PING 261 33028
RECIEVED 1553581772 TRANSACTION 209 1 283
UPDATE 1553581772 TRANSACTION dbdfb01eb8b5d94b5821a98d070e4f92
SEND 1553581772 TRANSACTION 209 22263
RECIEVED 1553581772 TRANSACTION 209 1 284
UPDATE 1553581772 TRANSACTION 311f0cb194f474522a45f36b4727ea83
SEND 1553581772 TRANSACTION 209 18733
RECIEVED 1553581772 TRANSACTION 208 1 285
UPDATE 1553581772 TRANSACTION 3a49f7413eafb21699643939275516e1
SEND 1553581772 TRANSACTION 208 16987
# Listen attempt 1.
# json: cannot unmarshal object into Go struct field Node.Sock of type net.Conn
RECIEVED 1553581772 HB 139 1 286
SEND 1553581772 PING 261 47827
RECIEVED 1553581773 TRANSACTION 208 1 286
UPDATE 1553581773 TRANSACTION 55b861a4fa26af12d8bdd82fa0085ece
SEND 1553581773 TRANSACTION 208 24527
RECIEVED 1553581773 TRANSACTION 209 1 287
UPDATE 1553581773 TRANSACTION 2dd8df2e0e17fe809f8f609837b2a852
SEND 1553581773 TRANSACTION 209 27901
RECIEVED 1553581773 TRANSACTION 209 1 288
UPDATE 1553581773 TRANSACTION 48869a76359037b081dfac7b83f81435
SEND 1553581773 TRANSACTION 209 20641
RECIEVED 1553581773 TRANSACTION 208 1 289
UPDATE 1553581773 TRANSACTION 3a912081abc3f01b04b280ed5e4371f3
SEND 1553581773 TRANSACTION 208 28822
RECIEVED 1553581773 TRANSACTION 208 1 290
RECIEVED 1553581773 TRANSACTION 209 1 290
UPDATE 1553581773 TRANSACTION 67f2b530b6f1f931a555cac8fc24e7da
SEND 1553581773 TRANSACTION 209 14921
RECIEVED 1553581773 TRANSACTION 209 1 291
UPDATE 1553581773 TRANSACTION 7b0437fb0b47dc46c5a129e8106f5249
SEND 1553581773 TRANSACTION 209 14775
# Listen attempt 1.
# json: cannot unmarshal object into Go struct field Node.Sock of type net.Conn
RECIEVED 1553581773 HB 139 1 292
SEND 1553581773 PING 261 46561
RECIEVED 1553581773 TRANSACTION 209 1 292
UPDATE 1553581773 TRANSACTION df1cf8ba58c9012c38d43a955162aaa3
SEND 1553581773 TRANSACTION 209 17161
RECIEVED 1553581774 TRANSACTION 208 1 293
UPDATE 1553581774 TRANSACTION 02654e12124f8fd15d3807a3c488a32e
SEND 1553581774 TRANSACTION 208 17950
RECIEVED 1553581774 TRANSACTION 209 1 294
UPDATE 1553581774 TRANSACTION 164f7738fcc8edc526f4b56a96209f59
SEND 1553581774 TRANSACTION 209 17376
RECIEVED 1553581774 TRANSACTION 209 1 295
UPDATE 1553581774 TRANSACTION ed593f2d685c1ebd9faede10b42b9ced
SEND 1553581774 TRANSACTION 209 17495
RECIEVED 1553581774 TRANSACTION 206 1 296
UPDATE 1553581774 TRANSACTION feaadb3f8c3534d98b5033f41cbfca43
SEND 1553581774 TRANSACTION 206 30298
RECIEVED 1553581774 TRANSACTION 208 1 297
UPDATE 1553581774 TRANSACTION 07300b79914234cc5175499827c4c814
SEND 1553581774 TRANSACTION 208 14029
# Listen attempt 1.
# json: cannot unmarshal object into Go struct field Node.Sock of type net.Conn
RECIEVED 1553581774 HB 139 1 298
SEND 1553581774 PING 261 44827
RECIEVED 1553581774 TRANSACTION 210 1 298
UPDATE 1553581774 TRANSACTION 2daa5d7444e79e8e2e1f3882c203abb5
SEND 1553581774 TRANSACTION 210 21554
RECIEVED 1553581775 TRANSACTION 209 1 299
UPDATE 1553581775 TRANSACTION 6e982cafde284ba88584e561ca3a3368
SEND 1553581775 TRANSACTION 209 16711
RECIEVED 1553581775 TRANSACTION 209 1 300
UPDATE 1553581775 TRANSACTION c13a5f575ddc84f98daae4d275d0e00e
SEND 1553581775 TRANSACTION 209 17948
RECIEVED 1553581775 TRANSACTION 208 1 301
UPDATE 1553581775 TRANSACTION 4a53e7e7d309aed7017aa6b76e4ab30f
SEND 1553581775 TRANSACTION 208 17767
# Listen attempt 1.
# json: cannot unmarshal object into Go struct field Node.Sock of type net.Conn
RECIEVED 1553581775 HB 139 1 302
SEND 1553581775 PING 261 49110
RECIEVED 1553581775 TRANSACTION 209 1 302
UPDATE 1553581775 TRANSACTION b21dfcdcd1e084245812b5a94d733d2f
SEND 1553581775 TRANSACTION 209 15455
RECIEVED 1553581776 TRANSACTION 209 1 303
UPDATE 1553581776 TRANSACTION 0b7dd70bb34f327f93ddd937d8bfe535
SEND 1553581776 TRANSACTION 209 17270
RECIEVED 1553581776 TRANSACTION 209 1 304
UPDATE 1553581776 TRANSACTION c117dc1739a99c1228c3bfe33ad137d8
SEND 1553581776 TRANSACTION 209 17395
RECIEVED 1553581776 TRANSACTION 209 1 305
UPDATE 1553581776 TRANSACTION 342c2d7e3d7ed534cdd16e92844eb98f
SEND 1553581776 TRANSACTION 209 16680
RECIEVED 1553581776 TRANSACTION 209 1 306
UPDATE 1553581776 TRANSACTION 7d3d2e439f393738c1af22c76317ef1d
SEND 1553581776 TRANSACTION 209 26281
RECIEVED 1553581776 TRANSACTION 209 1 307
UPDATE 1553581776 TRANSACTION 0bb27278ce54b9842e2714e7c8f27389
SEND 1553581776 TRANSACTION 209 18645
RECIEVED 1553581776 TRANSACTION 209 1 308
UPDATE 1553581776 TRANSACTION 7452e5bae57ffdab06a27f5438b71b09
SEND 1553581776 TRANSACTION 209 18408
# Listen attempt 1.
# json: cannot unmarshal object into Go struct field Node.Sock of type net.Conn
RECIEVED 1553581776 HB 139 1 309
SEND 1553581776 PING 261 50678
RECIEVED 1553581777 TRANSACTION 209 1 309
UPDATE 1553581777 TRANSACTION 1c3e36fc4dae4c0d153413eb80291639
SEND 1553581777 TRANSACTION 209 23931
RECIEVED 1553581777 TRANSACTION 208 1 310
UPDATE 1553581777 TRANSACTION c8de484db8fefb51816c64c810e24b76
SEND 1553581777 TRANSACTION 208 25474
RECIEVED 1553581777 TRANSACTION 209 1 311
UPDATE 1553581777 TRANSACTION 6f9b6e55268bcae169aff5a262129828
SEND 1553581777 TRANSACTION 209 17957
RECIEVED 1553581777 TRANSACTION 209 1 312
UPDATE 1553581777 TRANSACTION 880b56e05ccea1022cc0a48c91fa363c
SEND 1553581777 TRANSACTION 209 23110
# Listen attempt 1.
# json: cannot unmarshal object into Go struct field Node.Sock of type net.Conn
RECIEVED 1553581777 HB 139 1 313
SEND 1553581777 PING 261 53337
RECIEVED 1553581777 TRANSACTION 209 1 313
UPDATE 1553581777 TRANSACTION 34b2810c8f8359193ff4e8c32dd33f22
SEND 1553581777 TRANSACTION 209 17292
RECIEVED 1553581778 TRANSACTION 209 1 314
UPDATE 1553581778 TRANSACTION b8556795d75f75ab1c31376008d7cc87
SEND 1553581778 TRANSACTION 209 24383
RECIEVED 1553581778 TRANSACTION 209 1 315
UPDATE 1553581778 TRANSACTION fe741dae21b177e0febb3a42c968c290
SEND 1553581778 TRANSACTION 209 15348
RECIEVED 1553581778 TRANSACTION 209 1 316
UPDATE 1553581778 TRANSACTION 566cd04c366efe1f26b09ab500967a0f
SEND 1553581778 TRANSACTION 209 17568
RECIEVED 1553581778 TRANSACTION 208 1 317
UPDATE 1553581778 TRANSACTION 4852783173fd1e6ff0942ce416bb19e7
SEND 1553581778 TRANSACTION 208 33134
RECIEVED 1553581778 TRANSACTION 207 1 318
UPDATE 1553581778 TRANSACTION 781af9648caa3d1ac7d2ae0aa84c73ec
SEND 1553581778 TRANSACTION 207 24880
# Listen attempt 1.
# json: cannot unmarshal object into Go struct field Node.Sock of type net.Conn
RECIEVED 1553581778 HB 139 1 319
SEND 1553581778 PING 261 44621
RECIEVED 1553581779 TRANSACTION 208 1 319
UPDATE 1553581779 TRANSACTION 2fa9b3db46cc65fd7dc0c73d449e7081
SEND 1553581779 TRANSACTION 208 17508
RECIEVED 1553581779 TRANSACTION 209 1 320
UPDATE 1553581779 TRANSACTION 37d10a882665e29d5c67c3ef34477446
SEND 1553581779 TRANSACTION 209 21897
RECIEVED 1553581779 TRANSACTION 209 1 321
UPDATE 1553581779 TRANSACTION 2d1700111f663ac4cd551e1168f03f34
SEND 1553581779 TRANSACTION 209 15679
RECIEVED 1553581779 TRANSACTION 209 1 322
UPDATE 1553581779 TRANSACTION c6266a3df99d5e14290878e8aadb2fb1
SEND 1553581779 TRANSACTION 209 24734
RECIEVED 1553581779 TRANSACTION 209 1 323
UPDATE 1553581779 TRANSACTION 51d5d269e52a733e647cf8f8bacbc41d
SEND 1553581779 TRANSACTION 209 17041
RECIEVED 1553581779 TRANSACTION 209 1 324
UPDATE 1553581779 TRANSACTION d18754e9f276173766a0cd22b9a64c49
SEND 1553581779 TRANSACTION 209 18723
RECIEVED 1553581779 TRANSACTION 209 1 325
UPDATE 1553581779 TRANSACTION e381bf23f4ccb887a46ecb529ec27c41
SEND 1553581779 TRANSACTION 209 19129
RECIEVED 1553581779 TRANSACTION 210 1 326
UPDATE 1553581779 TRANSACTION a4985cd856784a220526c0ca9cf71898
SEND 1553581779 TRANSACTION 210 15938
RECIEVED 1553581779 TRANSACTION 208 1 327
UPDATE 1553581779 TRANSACTION cea2f7295357f39cdef648d2b96d0c9d
SEND 1553581779 TRANSACTION 208 21566
RECIEVED 1553581779 TRANSACTION 208 1 328
UPDATE 1553581779 TRANSACTION d41a4e79003a609bb9a8f87de354061f
SEND 1553581779 TRANSACTION 208 17209
# Listen attempt 1.
# json: cannot unmarshal object into Go struct field Node.Sock of type net.Conn
RECIEVED 1553581779 HB 139 1 329
SEND 1553581779 PING 261 41511
RECIEVED 1553581779 TRANSACTION 211 1 329
UPDATE 1553581779 TRANSACTION 6ab4cac759b6fc0768582a931812784f
SEND 1553581779 TRANSACTION 211 15969
RECIEVED 1553581779 TRANSACTION 209 1 330
UPDATE 1553581779 TRANSACTION 6dc40a8aa28ba08d44aca4f6354c19ab
SEND 1553581779 TRANSACTION 209 15550
RECIEVED 1553581780 TRANSACTION 209 1 331
UPDATE 1553581780 TRANSACTION f35f1bbbf8326787d3559d8bbf1ed266
SEND 1553581780 TRANSACTION 209 19218
RECIEVED 1553581780 TRANSACTION 209 1 332
RECIEVED 1553581780 TRANSACTION 208 1 332
UPDATE 1553581780 TRANSACTION 614c77d1cf7a95b9a5a1f75761ac7a3a
SEND 1553581780 TRANSACTION 208 14149
RECIEVED 1553581780 TRANSACTION 208 1 333
UPDATE 1553581780 TRANSACTION e71d81bab268261db75d0f599c8beb5b
SEND 1553581780 TRANSACTION 208 16614
RECIEVED 1553581780 TRANSACTION 208 1 334
UPDATE 1553581780 TRANSACTION cf05f77363c7fe7d56bbed75a5e5ecf2
SEND 1553581780 TRANSACTION 208 24894
RECIEVED 1553581780 TRANSACTION 209 1 335
UPDATE 1553581780 TRANSACTION 48094cc1ce2044523a0b30a9731eb09f
SEND 1553581780 TRANSACTION 209 18565
RECIEVED 1553581780 TRANSACTION 209 1 336
UPDATE 1553581780 TRANSACTION 113d99e5d29ce32e2f9dc73c899c6a4e
SEND 1553581780 TRANSACTION 209 26177
# Listen attempt 1.
# json: cannot unmarshal object into Go struct field Node.Sock of type net.Conn
RECIEVED 1553581780 TRANSACTION 209 1 337
UPDATE 1553581780 TRANSACTION e8152c5bf92f9a7bc85aa3d86e8e7663
SEND 1553581780 TRANSACTION 209 23688
RECIEVED 1553581780 HB 139 1 338
SEND 1553581780 PING 261 43221
RECIEVED 1553581781 TRANSACTION 209 1 338
UPDATE 1553581781 TRANSACTION 4aae68d465047e9b27ef08e3f9ab8926
SEND 1553581781 TRANSACTION 209 16967
RECIEVED 1553581781 TRANSACTION 209 1 339
UPDATE 1553581781 TRANSACTION d748739e145a1c97da9009730bbeaf23
SEND 1553581781 TRANSACTION 209 15799
RECIEVED 1553581781 TRANSACTION 209 1 340
UPDATE 1553581781 TRANSACTION d79a550002696f4f03705ee24d296c6f
SEND 1553581781 TRANSACTION 209 17332
RECIEVED 1553581781 TRANSACTION 209 1 341
UPDATE 1553581781 TRANSACTION 91d27ac78d77123fc4c01b7ba4099a7c
SEND 1553581781 TRANSACTION 209 27053
RECIEVED 1553581781 TRANSACTION 209 1 342
RECIEVED 1553581781 TRANSACTION 209 1 342
UPDATE 1553581781 TRANSACTION 283c36e793186c0117358c9d3403ae79
SEND 1553581781 TRANSACTION 209 14202
RECIEVED 1553581781 TRANSACTION 209 1 343
UPDATE 1553581781 TRANSACTION 847f6ddfde7a3ff6f6d7f2ccb250d8e9
SEND 1553581781 TRANSACTION 209 23926
# Listen attempt 1.
# json: cannot unmarshal object into Go struct field Node.Sock of type net.Conn
RECIEVED 1553581781 TRANSACTION 209 1 344
UPDATE 1553581781 TRANSACTION 70d11d65408e56fb586e3fec686a9d5c
SEND 1553581781 TRANSACTION 209 25247
RECIEVED 1553581781 HB 139 1 345
SEND 1553581781 PING 261 34006
RECIEVED 1553581781 TRANSACTION 208 1 345
UPDATE 1553581781 TRANSACTION e48a31796751bdd9a104ac0da019b80d
SEND 1553581781 TRANSACTION 208 23295
RECIEVED 1553581782 TRANSACTION 209 1 346
UPDATE 1553581782 TRANSACTION eb7d8dd8170ad37cbfbbd4e9965fdaae
SEND 1553581782 TRANSACTION 209 18270
RECIEVED 1553581782 TRANSACTION 209 1 347
UPDATE 1553581782 TRANSACTION 3aac79b105f87fa123b44571ce2ec7d1
SEND 1553581782 TRANSACTION 209 18606
RECIEVED 1553581782 TRANSACTION 209 1 348
UPDATE 1553581782 TRANSACTION 7fada121a9face73cad1067adb1688f9
SEND 1553581782 TRANSACTION 209 24042
RECIEVED 1553581782 TRANSACTION 209 1 349
UPDATE 1553581782 TRANSACTION 254ec6c2c2418f18f00989254db8f99f
SEND 1553581782 TRANSACTION 209 17744
RECIEVED 1553581782 TRANSACTION 209 1 350
UPDATE 1553581782 TRANSACTION d63928abf7cada7078b0e1e300a501d6
SEND 1553581782 TRANSACTION 209 14912
# Listen attempt 1.
# json: cannot unmarshal object into Go struct field Node.Sock of type net.Conn
RECIEVED 1553581782 HB 139 1 351
SEND 1553581782 PING 261 51151
RECIEVED 1553581782 TRANSACTION 209 1 351
UPDATE 1553581782 TRANSACTION 1fb178440ec9a4ce8c28d4db66fd3152
SEND 1553581782 TRANSACTION 209 20411
RECIEVED 1553581783 TRANSACTION 209 1 352
UPDATE 1553581783 TRANSACTION 3e968ea5999e41df203c0d7f62411da3
SEND 1553581783 TRANSACTION 209 23746
RECIEVED 1553581783 TRANSACTION 207 1 353
UPDATE 1553581783 TRANSACTION dd8f0ad6329e5e90ec640c079cefd8e2
SEND 1553581783 TRANSACTION 207 13406
RECIEVED 1553581783 TRANSACTION 208 1 354
UPDATE 1553581783 TRANSACTION ac6adf3d9243536e1aca5ee37157a74c
SEND 1553581783 TRANSACTION 208 18893
RECIEVED 1553581783 TRANSACTION 209 1 355
UPDATE 1553581783 TRANSACTION 8f7af8607c546d14ea07cd4448b0bdad
SEND 1553581783 TRANSACTION 209 32722
RECIEVED 1553581783 TRANSACTION 209 1 356
UPDATE 1553581783 TRANSACTION 6b0ef1ad1eb0fc80ac9d8621f73b2cd9
SEND 1553581783 TRANSACTION 209 42791
RECIEVED 1553581783 TRANSACTION 210 1 357
UPDATE 1553581783 TRANSACTION b8abbc666d35cec7279b70aa28888074
SEND 1553581783 TRANSACTION 210 17130
# Listen attempt 1.
# json: cannot unmarshal object into Go struct field Node.Sock of type net.Conn
RECIEVED 1553581783 TRANSACTION 210 1 358
UPDATE 1553581783 TRANSACTION 0dec4c9aaa3e3f349e738b76be524cb1
SEND 1553581783 TRANSACTION 210 17200
RECIEVED 1553581783 HB 139 1 359
SEND 1553581783 PING 261 44146
RECIEVED 1553581784 TRANSACTION 209 1 359
UPDATE 1553581784 TRANSACTION 44b88cdd84e518c04cadc3665238938e
SEND 1553581784 TRANSACTION 209 17787
RECIEVED 1553581784 TRANSACTION 207 1 360
UPDATE 1553581784 TRANSACTION e50f8a3e56245ee3f33fa4504f934d9a
SEND 1553581784 TRANSACTION 207 15158
RECIEVED 1553581784 TRANSACTION 209 1 361
UPDATE 1553581784 TRANSACTION 27fed1950f0c2b0eb1b120577901d694
SEND 1553581784 TRANSACTION 209 16284
RECIEVED 1553581784 TRANSACTION 209 1 362
UPDATE 1553581784 TRANSACTION 9217769c0e857b92ee75f61c8f690cfc
SEND 1553581784 TRANSACTION 209 24063
# Listen attempt 1.
# json: cannot unmarshal object into Go struct field Node.Sock of type net.Conn
RECIEVED 1553581784 HB 139 1 363
SEND 1553581784 PING 261 52046
# Listen attempt 1.
# json: cannot unmarshal object into Go struct field Node.Sock of type net.Conn
RECIEVED 1553581785 HB 139 1 363
SEND 1553581785 PING 261 32737
RECIEVED 1553581785 TRANSACTION 209 1 363
UPDATE 1553581785 TRANSACTION ffa529e1d1eec758d3939ce79cf8e319
SEND 1553581785 TRANSACTION 209 17387
RECIEVED 1553581785 TRANSACTION 210 1 364
UPDATE 1553581785 TRANSACTION 0f970274faf8fac0991341377ee6d779
SEND 1553581785 TRANSACTION 210 15275
RECIEVED 1553581785 TRANSACTION 209 1 365
UPDATE 1553581785 TRANSACTION 8562e512ebafe3cd884d8f494d334d43
SEND 1553581785 TRANSACTION 209 20371
RECIEVED 1553581785 TRANSACTION 209 1 366
UPDATE 1553581785 TRANSACTION 78f320ec9d856aed2fae49b2706b2c37
SEND 1553581785 TRANSACTION 209 12780
RECIEVED 1553581785 TRANSACTION 209 1 367
UPDATE 1553581785 TRANSACTION bc13c0cf2709454f879f404de56b6a33
SEND 1553581785 TRANSACTION 209 8616
RECIEVED 1553581785 TRANSACTION 208 1 368
UPDATE 1553581785 TRANSACTION 9836dc8a3608773b3ee72c38e0e7132d
SEND 1553581785 TRANSACTION 208 15295
RECIEVED 1553581786 TRANSACTION 209 1 369
UPDATE 1553581786 TRANSACTION 0f32a995eda4f048a74cb300d785e81a
SEND 1553581786 TRANSACTION 209 17070
RECIEVED 1553581786 TRANSACTION 209 1 370
UPDATE 1553581786 TRANSACTION be88c2c12a31677d01ebf3dde9e76567
SEND 1553581786 TRANSACTION 209 19314
RECIEVED 1553581786 TRANSACTION 209 1 371
UPDATE 1553581786 TRANSACTION 7e3b481430fd544d0a103c87f98a3696
SEND 1553581786 TRANSACTION 209 18794
RECIEVED 1553581786 TRANSACTION 209 1 372
UPDATE 1553581786 TRANSACTION 6fd2a8c70bdb5246a4206b02462c9953
SEND 1553581786 TRANSACTION 209 16939
RECIEVED 1553581786 TRANSACTION 209 1 373
UPDATE 1553581786 TRANSACTION a6c9aaf50a28f5cb1a4b9480bc37dbf6
SEND 1553581786 TRANSACTION 209 18281
# Listen attempt 1.
# json: cannot unmarshal object into Go struct field Node.Sock of type net.Conn
RECIEVED 1553581786 HB 139 1 374
SEND 1553581786 PING 261 51062
RECIEVED 1553581787 TRANSACTION 209 1 374
UPDATE 1553581787 TRANSACTION 081094b440f9144daf4105a6611fb8d1
SEND 1553581787 TRANSACTION 209 16883
RECIEVED 1553581787 TRANSACTION 209 1 375
UPDATE 1553581787 TRANSACTION 3eb07cd71376128cdb8aab1668e06875
SEND 1553581787 TRANSACTION 209 16070
RECIEVED 1553581787 TRANSACTION 208 1 376
UPDATE 1553581787 TRANSACTION 3f65dd16634b54e4a1c6d516a7b2fcfe
SEND 1553581787 TRANSACTION 208 17284
RECIEVED 1553581787 TRANSACTION 209 1 377
UPDATE 1553581787 TRANSACTION 6a416e2c4f157d89913471baec9db671
SEND 1553581787 TRANSACTION 209 17220
RECIEVED 1553581787 TRANSACTION 207 1 378
UPDATE 1553581787 TRANSACTION 72b7ed92b647d38722417f8f7e8180c1
SEND 1553581787 TRANSACTION 207 18214
RECIEVED 1553581787 TRANSACTION 209 1 379
UPDATE 1553581787 TRANSACTION ae66d8fe0756ca29adafdc42d8c1721f
SEND 1553581787 TRANSACTION 209 21496
RECIEVED 1553581787 TRANSACTION 209 1 380
UPDATE 1553581787 TRANSACTION 9b09d21bbc698184bea4357894338982
SEND 1553581787 TRANSACTION 209 21849
RECIEVED 1553581787 TRANSACTION 208 1 381
UPDATE 1553581787 TRANSACTION d809056c012233d008532f514dec7c00
SEND 1553581787 TRANSACTION 208 18241
RECIEVED 1553581787 TRANSACTION 208 1 382
UPDATE 1553581787 TRANSACTION 54cee8aed3f672d4c4039b283c30cff5
SEND 1553581787 TRANSACTION 208 9202
RECIEVED 1553581787 TRANSACTION 209 1 383
UPDATE 1553581787 TRANSACTION fb63b748dcea82f58fe67b0144db92b8
SEND 1553581787 TRANSACTION 209 22173
RECIEVED 1553581787 TRANSACTION 210 1 384
UPDATE 1553581787 TRANSACTION b37361ad6c2a030157daab542141a1bb
SEND 1553581787 TRANSACTION 210 23363
RECIEVED 1553581787 TRANSACTION 208 1 385
UPDATE 1553581787 TRANSACTION 3659297d76ca9bf2432cc795e8696060
SEND 1553581787 TRANSACTION 208 15230
# Listen attempt 1.
# json: cannot unmarshal object into Go struct field Node.Sock of type net.Conn
RECIEVED 1553581787 HB 139 1 386
SEND 1553581787 PING 261 49106
RECIEVED 1553581787 TRANSACTION 208 1 386
UPDATE 1553581787 TRANSACTION a9fd443c65c1de54343a0e501700f367
SEND 1553581787 TRANSACTION 208 15758
RECIEVED 1553581788 TRANSACTION 208 1 387
UPDATE 1553581788 TRANSACTION 2b73d36b4da82839975f720b63f3a699
SEND 1553581788 TRANSACTION 208 20201
RECIEVED 1553581788 TRANSACTION 209 1 388
UPDATE 1553581788 TRANSACTION 591a3c6fb4581f0e634fd950cb62ffa9
SEND 1553581788 TRANSACTION 209 17922
RECIEVED 1553581788 TRANSACTION 209 1 389
UPDATE 1553581788 TRANSACTION 20560b56b0f81dfea4c5f48a7900cd1c
SEND 1553581788 TRANSACTION 209 10956
RECIEVED 1553581788 TRANSACTION 209 1 390
UPDATE 1553581788 TRANSACTION 4a3216affe70545188794325005ac1fc
SEND 1553581788 TRANSACTION 209 21531
RECIEVED 1553581788 TRANSACTION 208 1 391
UPDATE 1553581788 TRANSACTION 34d048dbd2ff5c4996a75806fbf770dc
SEND 1553581788 TRANSACTION 208 24502
RECIEVED 1553581788 TRANSACTION 209 1 392
UPDATE 1553581788 TRANSACTION d8030b60830741d924094e192029c5b9
SEND 1553581788 TRANSACTION 209 16918
# Listen attempt 1.
# json: cannot unmarshal object into Go struct field Node.Sock of type net.Conn
RECIEVED 1553581788 HB 139 1 393
SEND 1553581788 PING 261 47397
RECIEVED 1553581789 TRANSACTION 209 1 393
UPDATE 1553581789 TRANSACTION 1ae25d0d632ad437a8b2e84b0438e3c8
SEND 1553581789 TRANSACTION 209 18106
RECIEVED 1553581789 TRANSACTION 209 1 394
UPDATE 1553581789 TRANSACTION 2f6855a269746b24c9016e0cf3b0bc98
SEND 1553581789 TRANSACTION 209 18921
RECIEVED 1553581789 TRANSACTION 210 1 395
UPDATE 1553581789 TRANSACTION f5cbedd87f1710c08f5ea8fc20c0cd15
SEND 1553581789 TRANSACTION 210 17850
RECIEVED 1553581789 TRANSACTION 208 1 396
UPDATE 1553581789 TRANSACTION b035fe82fd3a5cd3720a66b05f9d881e
SEND 1553581789 TRANSACTION 208 15805
RECIEVED 1553581789 TRANSACTION 208 1 397
UPDATE 1553581789 TRANSACTION f438e20f26b12f7f6eb091840e81c20b
SEND 1553581789 TRANSACTION 208 17574
# Listen attempt 1.
# json: cannot unmarshal object into Go struct field Node.Sock of type net.Conn
RECIEVED 1553581789 TRANSACTION 210 1 398
UPDATE 1553581789 TRANSACTION 7811446626e1f851cd2f49f283a0a59a
SEND 1553581789 TRANSACTION 210 16162
RECIEVED 1553581789 TRANSACTION 208 1 399
UPDATE 1553581789 TRANSACTION 885ac81e62ccd8ce7e78cf11420f25bb
SEND 1553581789 TRANSACTION 208 15225
RECIEVED 1553581789 HB 139 1 400
SEND 1553581789 PING 261 20473
RECIEVED 1553581789 TRANSACTION 209 1 400
UPDATE 1553581789 TRANSACTION c0436ccdf628be81a565f19faa19a640
SEND 1553581789 TRANSACTION 209 16202
RECIEVED 1553581790 TRANSACTION 209 1 401
UPDATE 1553581790 TRANSACTION 717f07ead8ffb030b52db4324b989f63
SEND 1553581790 TRANSACTION 209 24087
RECIEVED 1553581790 TRANSACTION 209 1 402
UPDATE 1553581790 TRANSACTION e141023ca8ee0452017cc03f9db18ca7
SEND 1553581790 TRANSACTION 209 24645
RECIEVED 1553581790 TRANSACTION 209 1 403
UPDATE 1553581790 TRANSACTION 916aef8e1cfe3b7b319f4561909c4b05
SEND 1553581790 TRANSACTION 209 15555
RECIEVED 1553581790 TRANSACTION 209 1 404
UPDATE 1553581790 TRANSACTION d4a6e1e298590036662c07de7533278a
SEND 1553581790 TRANSACTION 209 17720
# Listen attempt 1.
# json: cannot unmarshal object into Go struct field Node.Sock of type net.Conn
RECIEVED 1553581790 HB 139 1 405
SEND 1553581790 PING 261 43694
RECIEVED 1553581790 TRANSACTION 208 1 405
UPDATE 1553581790 TRANSACTION d2b70f0957f62c34ee0e0403fb157a2b
SEND 1553581790 TRANSACTION 208 16810
RECIEVED 1553581791 TRANSACTION 209 1 406
UPDATE 1553581791 TRANSACTION 5103b86a87ec729d7e1f3babc26b38d6
SEND 1553581791 TRANSACTION 209 16360
RECIEVED 1553581791 TRANSACTION 209 1 407
UPDATE 1553581791 TRANSACTION 9e92a4e6183d27519714ff6038135ff2
SEND 1553581791 TRANSACTION 209 17921
RECIEVED 1553581791 TRANSACTION 209 1 408
UPDATE 1553581791 TRANSACTION 4e281481bf4ceebeb29fddf3c4803c78
SEND 1553581791 TRANSACTION 209 10900
RECIEVED 1553581791 TRANSACTION 209 1 409
UPDATE 1553581791 TRANSACTION af002b37ca901a5c0459fda1536521ad
SEND 1553581791 TRANSACTION 209 21927
RECIEVED 1553581791 TRANSACTION 209 1 410
UPDATE 1553581791 TRANSACTION b5aeb28558609ca8385c1858a21e5522
SEND 1553581791 TRANSACTION 209 19423
RECIEVED 1553581791 TRANSACTION 209 1 411
UPDATE 1553581791 TRANSACTION 3aafb0713b330ee4f659559573a773ff
SEND 1553581791 TRANSACTION 209 17422
RECIEVED 1553581791 TRANSACTION 209 1 412
UPDATE 1553581791 TRANSACTION 3439e39c50a07e59edb968b96a0bcd9e
SEND 1553581791 TRANSACTION 209 11389
# Listen attempt 1.
# json: cannot unmarshal object into Go struct field Node.Sock of type net.Conn
RECIEVED 1553581791 HB 139 1 413
SEND 1553581791 PING 261 40209
RECIEVED 1553581791 TRANSACTION 208 1 413
UPDATE 1553581791 TRANSACTION a9e13c278b88e99a5fe5fce8f6cb22b2
SEND 1553581791 TRANSACTION 208 17501
RECIEVED 1553581792 TRANSACTION 209 1 414
UPDATE 1553581792 TRANSACTION 35eaf73278066d14e1e4db5018c2d11d
SEND 1553581792 TRANSACTION 209 16348
RECIEVED 1553581792 TRANSACTION 210 1 415
UPDATE 1553581792 TRANSACTION b2ee66d3841f49fb7912543bea365af2
SEND 1553581792 TRANSACTION 210 17869
RECIEVED 1553581792 TRANSACTION 208 1 416
UPDATE 1553581792 TRANSACTION c549eafb2205346ef3b689a5aceda22b
SEND 1553581792 TRANSACTION 208 19450
RECIEVED 1553581792 TRANSACTION 209 1 417
UPDATE 1553581792 TRANSACTION e9b85d58357f36ebe9196ebc284b26cc
SEND 1553581792 TRANSACTION 209 18600
# Listen attempt 1.
# json: cannot unmarshal object into Go struct field Node.Sock of type net.Conn
RECIEVED 1553581792 HB 139 1 418
SEND 1553581792 PING 261 55350
RECIEVED 1553581793 TRANSACTION 209 1 418
UPDATE 1553581793 TRANSACTION b14e7ba5c5fb520b4d3dd1ce03f8bd2d
SEND 1553581793 TRANSACTION 209 17814
RECIEVED 1553581793 TRANSACTION 209 1 419
UPDATE 1553581793 TRANSACTION 46686009584797b1d49bdab10ba31661
SEND 1553581793 TRANSACTION 209 24110
RECIEVED 1553581793 TRANSACTION 209 1 420
UPDATE 1553581793 TRANSACTION 56dc9f5022eeb5a7c9efb8d0139aae8e
SEND 1553581793 TRANSACTION 209 28465
RECIEVED 1553581793 TRANSACTION 206 1 421
UPDATE 1553581793 TRANSACTION 99d8bef2b5c46fc4aca0fc98600a554d
SEND 1553581793 TRANSACTION 206 19507
RECIEVED 1553581793 TRANSACTION 209 1 422
UPDATE 1553581793 TRANSACTION fcaf23ee92411a74df5ef0bf9348da9c
SEND 1553581793 TRANSACTION 209 15221
# Listen attempt 1.
# json: cannot unmarshal object into Go struct field Node.Sock of type net.Conn
RECIEVED 1553581793 HB 139 1 423
SEND 1553581793 PING 261 39517
RECIEVED 1553581794 TRANSACTION 208 1 423
UPDATE 1553581794 TRANSACTION d80cff7541f7a21ae1bc2b0945985755
SEND 1553581794 TRANSACTION 208 23777
RECIEVED 1553581794 TRANSACTION 208 1 424
UPDATE 1553581794 TRANSACTION 60299ceaaf825e494db408183b6e83bf
SEND 1553581794 TRANSACTION 208 17335
RECIEVED 1553581794 TRANSACTION 209 1 425
UPDATE 1553581794 TRANSACTION 34aaca36e26028948a0988ac4bfe8717
SEND 1553581794 TRANSACTION 209 15848
RECIEVED 1553581794 TRANSACTION 209 1 426
UPDATE 1553581794 TRANSACTION 2ff8da1904d266f9a87854ee8e338bc5
SEND 1553581794 TRANSACTION 209 17587
RECIEVED 1553581794 TRANSACTION 209 1 427
UPDATE 1553581794 TRANSACTION 32862ba01548b3ef17a8a495f8cf89e8
SEND 1553581794 TRANSACTION 209 18180
RECIEVED 1553581794 TRANSACTION 209 1 428
UPDATE 1553581794 TRANSACTION 6817a040a620c0284b8a64205650eb2a
SEND 1553581794 TRANSACTION 209 15919
RECIEVED 1553581794 TRANSACTION 209 1 429
UPDATE 1553581794 TRANSACTION 51df40de603d0e4bdda6687bac76c88b
SEND 1553581794 TRANSACTION 209 16986
# Listen attempt 1.
# json: cannot unmarshal object into Go struct field Node.Sock of type net.Conn
RECIEVED 1553581794 HB 139 1 430
SEND 1553581794 PING 261 45707
RECIEVED 1553581795 TRANSACTION 210 1 430
UPDATE 1553581795 TRANSACTION 458d66af03ed66d3d30204d9df59163d
SEND 1553581795 TRANSACTION 210 18343
RECIEVED 1553581795 TRANSACTION 209 1 431
UPDATE 1553581795 TRANSACTION c71db926d943d2bc5282b6d10d77da8e
SEND 1553581795 TRANSACTION 209 16299
RECIEVED 1553581795 TRANSACTION 209 1 432
UPDATE 1553581795 TRANSACTION 6b8be2b149a9716aaced7a6830077d45
SEND 1553581795 TRANSACTION 209 16998
RECIEVED 1553581795 TRANSACTION 209 1 433
UPDATE 1553581795 TRANSACTION eed6e1c39e37ad68051256e07c07cfe2
SEND 1553581795 TRANSACTION 209 10912
RECIEVED 1553581795 TRANSACTION 208 1 434
UPDATE 1553581795 TRANSACTION 8fe7c5df7ffcee5be339b8c3b3ef160c
SEND 1553581795 TRANSACTION 208 17337
# Listen attempt 1.
# json: cannot unmarshal object into Go struct field Node.Sock of type net.Conn
RECIEVED 1553581795 HB 139 1 435
SEND 1553581795 PING 261 50403
RECIEVED 1553581796 TRANSACTION 209 1 435
UPDATE 1553581796 TRANSACTION be9f246a642cb4dfb88eb3fd1e3f4c61
SEND 1553581796 TRANSACTION 209 32897
RECIEVED 1553581796 TRANSACTION 208 1 436
UPDATE 1553581796 TRANSACTION 0401816913a20416934465c6e9011077
SEND 1553581796 TRANSACTION 208 23891
RECIEVED 1553581796 TRANSACTION 209 1 437
UPDATE 1553581796 TRANSACTION 1285b4a4d63aa3b1d569661fea067ee9
SEND 1553581796 TRANSACTION 209 26151
RECIEVED 1553581796 TRANSACTION 209 1 438
UPDATE 1553581796 TRANSACTION 230a0d0c9fed8d681306f0e98819a573
SEND 1553581796 TRANSACTION 209 24946
RECIEVED 1553581796 TRANSACTION 208 1 439
UPDATE 1553581796 TRANSACTION 8457255a869b405bd3cee4c82e11c520
SEND 1553581796 TRANSACTION 208 35319
RECIEVED 1553581796 TRANSACTION 209 1 440
UPDATE 1553581796 TRANSACTION 03a91288c7de21a28519e554c6772f90
SEND 1553581796 TRANSACTION 209 25426
# Listen attempt 1.
# json: cannot unmarshal object into Go struct field Node.Sock of type net.Conn
RECIEVED 1553581796 HB 139 1 441
SEND 1553581796 PING 261 36345
RECIEVED 1553581796 TRANSACTION 209 1 441
UPDATE 1553581796 TRANSACTION 90dd60e15d488259ff77de782f087ccd
SEND 1553581796 TRANSACTION 209 21847
RECIEVED 1553581797 TRANSACTION 209 1 442
UPDATE 1553581797 TRANSACTION 638b938e70d760e1cc822c34d2d0e15b
SEND 1553581797 TRANSACTION 209 16931
RECIEVED 1553581797 TRANSACTION 209 1 443
UPDATE 1553581797 TRANSACTION 6da2c38128a84c539eacc463d177f4c2
SEND 1553581797 TRANSACTION 209 17890
RECIEVED 1553581797 TRANSACTION 209 1 444
UPDATE 1553581797 TRANSACTION 832ca8e14d9a927808c71505c36746c1
SEND 1553581797 TRANSACTION 209 24876
RECIEVED 1553581797 TRANSACTION 209 1 445
UPDATE 1553581797 TRANSACTION e3103dfb71081b59b468637e679cb41a
SEND 1553581797 TRANSACTION 209 16899
# Listen attempt 1.
# json: cannot unmarshal object into Go struct field Node.Sock of type net.Conn
RECIEVED 1553581797 TRANSACTION 211 1 446
UPDATE 1553581797 TRANSACTION 6994b29b6c1c73f7b75626962cfdfa4f
SEND 1553581797 TRANSACTION 211 14612
RECIEVED 1553581797 HB 139 1 447
SEND 1553581797 PING 261 41014
RECIEVED 1553581798 TRANSACTION 209 1 447
UPDATE 1553581798 TRANSACTION 09f51c4e369db02b8b68a5fe1d288827
SEND 1553581798 TRANSACTION 209 24999
RECIEVED 1553581798 TRANSACTION 210 1 448
UPDATE 1553581798 TRANSACTION be35ea8d9995cb623a6f8e6df7bc5ca3
SEND 1553581798 TRANSACTION 210 17568
# Listen attempt 1.
# json: cannot unmarshal object into Go struct field Node.Sock of type net.Conn
RECIEVED 1553581798 HB 139 1 449
SEND 1553581798 PING 261 48116
RECIEVED 1553581798 TRANSACTION 208 1 449
UPDATE 1553581798 TRANSACTION cc11c1c4c54aefa44efeaa622e7212b1
SEND 1553581798 TRANSACTION 208 23249
RECIEVED 1553581799 TRANSACTION 210 1 450
UPDATE 1553581799 TRANSACTION a728b0fa464663877c391989ba1482fb
SEND 1553581799 TRANSACTION 210 17248
RECIEVED 1553581799 TRANSACTION 209 1 451
UPDATE 1553581799 TRANSACTION 2456a9ac227f5f6d4f69b431a1adb504
SEND 1553581799 TRANSACTION 209 23040
# Listen attempt 1.
# json: cannot unmarshal object into Go struct field Node.Sock of type net.Conn
RECIEVED 1553581799 HB 139 1 452
SEND 1553581799 PING 261 52141
RECIEVED 1553581800 TRANSACTION 209 1 452
UPDATE 1553581800 TRANSACTION 14f522aeea3156fea55a9a968a45a4ae
SEND 1553581800 TRANSACTION 209 28657
RECIEVED 1553581800 TRANSACTION 209 1 453
RECIEVED 1553581800 TRANSACTION 209 1 453
UPDATE 1553581800 TRANSACTION 594f20960719137b3150659471376551
SEND 1553581800 TRANSACTION 209 21549
RECIEVED 1553581800 TRANSACTION 209 1 454
UPDATE 1553581800 TRANSACTION fa757cd780ccb1bf60f7bc0d1971c84f
SEND 1553581800 TRANSACTION 209 17984
RECIEVED 1553581800 TRANSACTION 209 1 455
UPDATE 1553581800 TRANSACTION 772e201573d41514c6282a2c629f5910
SEND 1553581800 TRANSACTION 209 23221
# Listen attempt 1.
# json: cannot unmarshal object into Go struct field Node.Sock of type net.Conn
RECIEVED 1553581800 TRANSACTION 209 1 456
UPDATE 1553581800 TRANSACTION 5049cce51cda61fc9fa353fb26b27ad2
SEND 1553581800 TRANSACTION 209 16700
RECIEVED 1553581800 HB 139 1 457
SEND 1553581800 PING 261 50266
RECIEVED 1553581801 TRANSACTION 209 1 457
UPDATE 1553581801 TRANSACTION 1c30e114332771990926d6ecd4891245
SEND 1553581801 TRANSACTION 209 23051
RECIEVED 1553581801 TRANSACTION 209 1 458
UPDATE 1553581801 TRANSACTION 9e441c720e2205ddd844b3fd0c48d816
SEND 1553581801 TRANSACTION 209 16788
RECIEVED 1553581801 TRANSACTION 209 1 459
UPDATE 1553581801 TRANSACTION 589c5f521dbdad60f69a351ffc4faed7
SEND 1553581801 TRANSACTION 209 26751
# Listen attempt 1.
# json: cannot unmarshal object into Go struct field Node.Sock of type net.Conn
RECIEVED 1553581801 TRANSACTION 209 1 460
UPDATE 1553581801 TRANSACTION 6b7daac5b308b429c85d29f1fb56dc6b
SEND 1553581801 TRANSACTION 209 28517
RECIEVED 1553581805 HB 139 1 461
SEND 1553581805 PING 261 45376
RECIEVED 1553581805 TRANSACTION 209 1 461
RECIEVED 1553581805 TRANSACTION 208 1 461
UPDATE 1553581805 TRANSACTION f52c2c1058e725ead03351455ba927c9
SEND 1553581805 TRANSACTION 208 14323
# Listen attempt 1.
# json: cannot unmarshal object into Go struct field Node.Sock of type net.Conn
# Listen attempt 2.
# json: cannot unmarshal object into Go struct field Node.Sock of type net.Conn
# Listen attempt 3.
# json: cannot unmarshal object into Go struct field Node.Sock of type net.Conn
# Could not recieve message properly
RECIEVED 1553581805 TRANSACTION 209 1 462
UPDATE 1553581805 TRANSACTION 4f09d8da9ad5adb36a83c820bfe92144
# Could not send message to node6
RECIEVED 1553581806 HB 139 0 463
RECIEVED 1553581808 HB 139 0 463
RECIEVED 1553581808 TRANSACTION 209 0 463
UPDATE 1553581808 TRANSACTION 99a3ad124709d3c449ac5a4c2e800c1a
RECIEVED 1553581809 TRANSACTION 208 0 464
UPDATE 1553581809 TRANSACTION d95082f2c29a30e02a034c6fda324256
RECIEVED 1553581809 HB 139 0 465
RECIEVED 1553581810 HB 139 0 465
RECIEVED 1553581811 HB 139 0 465
RECIEVED 1553581812 HB 139 0 465
RECIEVED 1553581812 TRANSACTION 209 0 465
UPDATE 1553581812 TRANSACTION 316ff89f69c9370b5c0080b9c1a940df
RECIEVED 1553581813 HB 139 0 466
RECIEVED 1553581814 HB 139 0 466
RECIEVED 1553581815 HB 139 0 466
RECIEVED 1553581816 HB 139 0 466
RECIEVED 1553581817 HB 139 0 466
RECIEVED 1553581818 HB 139 0 466
RECIEVED 1553581819 TRANSACTION 209 0 466
UPDATE 1553581819 TRANSACTION 4b671ec7af5dc8a5763b34526fe23c62
RECIEVED 1553581819 HB 139 0 467
RECIEVED 1553581820 HB 139 0 467
RECIEVED 1553581821 DIE 140 0 467
