RECIEVED 1553581745 INTRODUCE 36 0 0
SEND 1553581745 JOIN 31 25386
RECIEVED 1553581745 INTRODUCE 36 1 0
SEND 1553581745 INTRODUCE 36 16815
SEND 1553581745 JOIN 31 15164
RECIEVED 1553581745 INTRODUCE 37 2 0
SEND 1553581745 INTRODUCE 37 23923
SEND 1553581745 INTRODUCE 37 9307
SEND 1553581745 JOIN 31 29700
RECIEVED 1553581745 INTRODUCE 37 3 0
SEND 1553581745 INTRODUCE 37 15268
SEND 1553581745 INTRODUCE 37 11371
SEND 1553581745 INTRODUCE 37 19101
SEND 1553581745 JOIN 31 19139
RECIEVED 1553581745 INTRODUCE 36 4 0
SEND 1553581745 INTRODUCE 36 27716
SEND 1553581745 INTRODUCE 36 13845
SEND 1553581745 INTRODUCE 36 19336
SEND 1553581745 INTRODUCE 36 11316
SEND 1553581745 JOIN 31 14983
RECIEVED 1553581745 INTRODUCE 37 5 0
SEND 1553581745 INTRODUCE 37 14513
SEND 1553581745 INTRODUCE 37 12894
SEND 1553581745 INTRODUCE 37 15255
SEND 1553581745 INTRODUCE 37 14781
SEND 1553581745 INTRODUCE 37 18653
SEND 1553581745 JOIN 31 20495
RECIEVED 1553581745 INTRODUCE 36 6 0
SEND 1553581745 INTRODUCE 36 19849
SEND 1553581745 INTRODUCE 36 18960
SEND 1553581745 INTRODUCE 36 11063
SEND 1553581745 INTRODUCE 36 18530
SEND 1553581745 INTRODUCE 36 15008
SEND 1553581745 INTRODUCE 36 18967
SEND 1553581745 JOIN 31 20208
RECIEVED 1553581745 INTRODUCE 37 7 0
RECIEVED 1553581745 INTRODUCE 36 7 0
SEND 1553581745 INTRODUCE 36 18501
SEND 1553581745 INTRODUCE 36 12069
SEND 1553581745 INTRODUCE 36 13221
SEND 1553581745 INTRODUCE 36 14991
SEND 1553581745 INTRODUCE 36 17550
SEND 1553581745 INTRODUCE 36 14383
SEND 1553581745 INTRODUCE 36 13153
SEND 1553581745 JOIN 31 14877
RECIEVED 1553581745 INTRODUCE 36 8 0
SEND 1553581745 INTRODUCE 36 17569
SEND 1553581745 INTRODUCE 36 14736
SEND 1553581745 INTRODUCE 36 18541
SEND 1553581745 INTRODUCE 36 16701
SEND 1553581745 INTRODUCE 36 19149
SEND 1553581745 INTRODUCE 36 19229
SEND 1553581745 INTRODUCE 36 12729
SEND 1553581745 INTRODUCE 36 18166
SEND 1553581745 JOIN 31 19083
RECIEVED 1553581745 INTRODUCE 36 9 0
SEND 1553581745 INTRODUCE 36 17979
SEND 1553581745 INTRODUCE 36 15592
SEND 1553581745 INTRODUCE 36 49407
SEND 1553581745 INTRODUCE 36 19772
SEND 1553581745 INTRODUCE 36 26759
SEND 1553581745 INTRODUCE 36 14347
SEND 1553581745 INTRODUCE 36 28007
SEND 1553581745 INTRODUCE 36 12986
SEND 1553581745 INTRODUCE 36 20103
SEND 1553581745 JOIN 31 26904
RECIEVED 1553581745 INTRODUCE 36 10 0
SEND 1553581745 INTRODUCE 36 18685
SEND 1553581745 INTRODUCE 36 18263
SEND 1553581745 INTRODUCE 36 13322
SEND 1553581745 INTRODUCE 36 10392
SEND 1553581745 INTRODUCE 36 17541
SEND 1553581745 INTRODUCE 36 14996
SEND 1553581745 INTRODUCE 36 14952
SEND 1553581745 INTRODUCE 36 15105
SEND 1553581745 INTRODUCE 36 15485
SEND 1553581745 INTRODUCE 36 20296
SEND 1553581745 JOIN 31 47416
RECIEVED 1553581745 INTRODUCE 36 11 0
SEND 1553581745 INTRODUCE 36 15030
SEND 1553581745 INTRODUCE 36 14881
SEND 1553581745 INTRODUCE 36 14431
SEND 1553581745 INTRODUCE 36 15252
SEND 1553581745 INTRODUCE 36 15177
SEND 1553581745 INTRODUCE 36 16103
SEND 1553581745 INTRODUCE 36 23886
SEND 1553581745 INTRODUCE 36 14779
SEND 1553581745 INTRODUCE 36 20971
SEND 1553581745 INTRODUCE 36 53730
SEND 1553581745 INTRODUCE 36 16868
SEND 1553581745 JOIN 31 15406
RECIEVED 1553581745 INTRODUCE 36 12 0
SEND 1553581745 INTRODUCE 36 18897
SEND 1553581745 INTRODUCE 36 12524
SEND 1553581745 INTRODUCE 36 13896
SEND 1553581745 INTRODUCE 36 13899
SEND 1553581745 INTRODUCE 36 14162
SEND 1553581745 INTRODUCE 36 13587
SEND 1553581745 INTRODUCE 36 14305
SEND 1553581745 INTRODUCE 36 15592
SEND 1553581745 INTRODUCE 36 14539
SEND 1553581745 INTRODUCE 36 14697
SEND 1553581745 INTRODUCE 36 19808
SEND 1553581745 INTRODUCE 36 22336
SEND 1553581745 JOIN 31 14553
RECIEVED 1553581745 INTRODUCE 37 13 0
RECIEVED 1553581745 INTRODUCE 35 13 0
SEND 1553581745 INTRODUCE 35 14811
SEND 1553581745 INTRODUCE 35 14926
SEND 1553581745 INTRODUCE 35 13664
SEND 1553581745 INTRODUCE 35 14636
SEND 1553581745 INTRODUCE 35 10657
SEND 1553581745 INTRODUCE 35 19352
SEND 1553581745 INTRODUCE 35 19876
SEND 1553581745 INTRODUCE 35 19040
SEND 1553581745 INTRODUCE 35 19983
SEND 1553581745 INTRODUCE 35 19464
SEND 1553581745 INTRODUCE 35 19287
SEND 1553581745 INTRODUCE 35 15681
SEND 1553581745 INTRODUCE 35 19279
SEND 1553581745 JOIN 31 14801
RECIEVED 1553581745 INTRODUCE 36 14 0
SEND 1553581745 INTRODUCE 36 23735
SEND 1553581745 INTRODUCE 36 14571
SEND 1553581745 INTRODUCE 36 13859
SEND 1553581745 INTRODUCE 36 22191
SEND 1553581745 INTRODUCE 36 14038
SEND 1553581745 INTRODUCE 36 13845
SEND 1553581745 INTRODUCE 36 12200
SEND 1553581745 INTRODUCE 36 14724
SEND 1553581745 INTRODUCE 36 18842
SEND 1553581745 INTRODUCE 36 14490
SEND 1553581745 INTRODUCE 36 13718
SEND 1553581745 INTRODUCE 36 14597
SEND 1553581745 INTRODUCE 36 24931
SEND 1553581745 INTRODUCE 36 28359
SEND 1553581745 JOIN 31 50687
RECIEVED 1553581745 INTRODUCE 36 15 0
SEND 1553581745 INTRODUCE 36 14997
SEND 1553581745 INTRODUCE 36 15417
SEND 1553581745 INTRODUCE 36 13598
SEND 1553581745 INTRODUCE 36 27686
SEND 1553581745 INTRODUCE 36 18288
SEND 1553581745 INTRODUCE 36 20629
SEND 1553581745 INTRODUCE 36 15552
SEND 1553581745 INTRODUCE 36 13846
SEND 1553581745 INTRODUCE 36 17530
SEND 1553581745 INTRODUCE 36 12644
SEND 1553581745 INTRODUCE 36 48733
SEND 1553581745 INTRODUCE 36 14993
SEND 1553581745 INTRODUCE 36 27447
SEND 1553581745 INTRODUCE 36 25956
SEND 1553581745 INTRODUCE 36 19368
SEND 1553581745 JOIN 31 19176
RECIEVED 1553581745 INTRODUCE 36 16 0
SEND 1553581745 INTRODUCE 36 21166
SEND 1553581745 INTRODUCE 36 17581
SEND 1553581745 INTRODUCE 36 18067
SEND 1553581745 INTRODUCE 36 19395
SEND 1553581745 INTRODUCE 36 14685
SEND 1553581745 INTRODUCE 36 14636
SEND 1553581746 INTRODUCE 36 14039
SEND 1553581746 INTRODUCE 36 18683
SEND 1553581746 INTRODUCE 36 14510
SEND 1553581746 INTRODUCE 36 13921
SEND 1553581746 INTRODUCE 36 14071
SEND 1553581746 INTRODUCE 36 18526
SEND 1553581746 INTRODUCE 36 13357
SEND 1553581746 INTRODUCE 36 13882
SEND 1553581746 INTRODUCE 36 14538
SEND 1553581746 INTRODUCE 36 19421
SEND 1553581746 JOIN 31 19843
RECIEVED 1553581746 INTRODUCE 36 17 0
SEND 1553581746 INTRODUCE 36 18145
SEND 1553581746 INTRODUCE 36 19370
SEND 1553581746 INTRODUCE 36 13782
SEND 1553581746 INTRODUCE 36 23222
SEND 1553581746 INTRODUCE 36 22228
SEND 1553581746 INTRODUCE 36 14151
SEND 1553581746 INTRODUCE 36 19312
SEND 1553581746 INTRODUCE 36 14320
SEND 1553581746 INTRODUCE 36 14055
SEND 1553581746 INTRODUCE 36 18743
SEND 1553581746 INTRODUCE 36 14426
SEND 1553581746 INTRODUCE 36 10374
SEND 1553581746 INTRODUCE 36 18497
SEND 1553581746 INTRODUCE 36 22506
SEND 1553581746 INTRODUCE 36 13864
SEND 1553581746 INTRODUCE 36 15228
SEND 1553581746 INTRODUCE 36 14710
SEND 1553581746 JOIN 31 19424
RECIEVED 1553581746 INTRODUCE 36 18 0
SEND 1553581746 INTRODUCE 36 19214
SEND 1553581746 INTRODUCE 36 22020
SEND 1553581746 INTRODUCE 36 23237
SEND 1553581746 INTRODUCE 36 13636
SEND 1553581746 INTRODUCE 36 13488
SEND 1553581746 INTRODUCE 36 14628
SEND 1553581746 INTRODUCE 36 19337
SEND 1553581746 INTRODUCE 36 128252
SEND 1553581746 INTRODUCE 36 18932
SEND 1553581746 INTRODUCE 36 19187
SEND 1553581746 INTRODUCE 36 13956
SEND 1553581746 INTRODUCE 36 10775
SEND 1553581746 INTRODUCE 36 25899
SEND 1553581746 INTRODUCE 36 13208
SEND 1553581746 INTRODUCE 36 18863
SEND 1553581746 INTRODUCE 36 18852
SEND 1553581746 INTRODUCE 36 13935
SEND 1553581746 INTRODUCE 36 14484
SEND 1553581746 JOIN 31 19822
RECIEVED 1553581746 INTRODUCE 36 19 0
SEND 1553581746 INTRODUCE 36 22223
SEND 1553581746 INTRODUCE 36 18168
SEND 1553581746 INTRODUCE 36 21849
SEND 1553581746 INTRODUCE 36 18452
SEND 1553581746 INTRODUCE 36 17424
SEND 1553581746 INTRODUCE 36 15045
SEND 1553581746 INTRODUCE 36 17872
SEND 1553581746 INTRODUCE 36 17506
SEND 1553581746 INTRODUCE 36 13997
SEND 1553581746 INTRODUCE 36 13800
SEND 1553581746 INTRODUCE 36 12827
SEND 1553581746 INTRODUCE 36 17744
SEND 1553581746 INTRODUCE 36 18719
SEND 1553581746 INTRODUCE 36 17459
SEND 1553581746 INTRODUCE 36 17659
SEND 1553581746 INTRODUCE 36 11786
SEND 1553581746 INTRODUCE 36 14583
SEND 1553581746 INTRODUCE 36 14107
SEND 1553581746 INTRODUCE 36 17955
SEND 1553581746 JOIN 31 19063
RECIEVED 1553581746 INTRODUCE 37 20 0
SEND 1553581746 INTRODUCE 37 22510
SEND 1553581746 INTRODUCE 37 14050
SEND 1553581746 INTRODUCE 37 14615
SEND 1553581746 INTRODUCE 37 18574
SEND 1553581746 INTRODUCE 37 11722
SEND 1553581746 INTRODUCE 37 14303
SEND 1553581746 INTRODUCE 37 14054
SEND 1553581746 INTRODUCE 37 13934
SEND 1553581746 INTRODUCE 37 14808
SEND 1553581746 INTRODUCE 37 14932
SEND 1553581746 INTRODUCE 37 14801
SEND 1553581746 INTRODUCE 37 15867
SEND 1553581746 INTRODUCE 37 14645
SEND 1553581746 INTRODUCE 37 21098
SEND 1553581746 INTRODUCE 37 14431
SEND 1553581746 INTRODUCE 37 14098
SEND 1553581746 INTRODUCE 37 17379
SEND 1553581746 INTRODUCE 37 14775
SEND 1553581746 INTRODUCE 37 14412
SEND 1553581746 INTRODUCE 37 14167
SEND 1553581746 JOIN 31 42362
RECIEVED 1553581746 INTRODUCE 36 21 0
SEND 1553581746 INTRODUCE 36 14858
SEND 1553581746 INTRODUCE 36 14133
SEND 1553581746 INTRODUCE 36 18584
SEND 1553581746 INTRODUCE 36 19222
SEND 1553581746 INTRODUCE 36 18107
SEND 1553581746 INTRODUCE 36 18160
SEND 1553581746 INTRODUCE 36 18126
SEND 1553581746 INTRODUCE 36 15056
SEND 1553581746 INTRODUCE 36 16008
SEND 1553581746 INTRODUCE 36 29061
SEND 1553581746 INTRODUCE 36 22844
SEND 1553581746 INTRODUCE 36 20034
SEND 1553581746 INTRODUCE 36 16973
SEND 1553581746 INTRODUCE 36 14600
SEND 1553581746 INTRODUCE 36 16222
SEND 1553581746 INTRODUCE 36 14942
SEND 1553581746 INTRODUCE 36 17439
SEND 1553581746 INTRODUCE 36 15883
SEND 1553581746 INTRODUCE 36 16205
SEND 1553581746 INTRODUCE 36 16705
SEND 1553581746 INTRODUCE 36 17616
SEND 1553581746 JOIN 31 16622
RECIEVED 1553581746 INTRODUCE 36 22 0
SEND 1553581746 INTRODUCE 36 19808
SEND 1553581746 INTRODUCE 36 18220
SEND 1553581746 INTRODUCE 36 24184
SEND 1553581746 INTRODUCE 36 23446
SEND 1553581746 INTRODUCE 36 14431
SEND 1553581746 INTRODUCE 36 13954
SEND 1553581746 INTRODUCE 36 13931
SEND 1553581746 INTRODUCE 36 19164
SEND 1553581746 INTRODUCE 36 18652
SEND 1553581746 INTRODUCE 36 20358
SEND 1553581746 INTRODUCE 36 14188
SEND 1553581746 INTRODUCE 36 13694
SEND 1553581746 INTRODUCE 36 18534
SEND 1553581746 INTRODUCE 36 18847
SEND 1553581746 INTRODUCE 36 14396
SEND 1553581746 INTRODUCE 36 14144
SEND 1553581746 INTRODUCE 36 13608
SEND 1553581746 INTRODUCE 36 19214
SEND 1553581746 INTRODUCE 36 13910
SEND 1553581746 INTRODUCE 36 16815
SEND 1553581746 INTRODUCE 36 18578
SEND 1553581746 INTRODUCE 36 18331
SEND 1553581746 JOIN 31 24813
RECIEVED 1553581746 INTRODUCE 36 23 0
RECIEVED 1553581746 INTRODUCE 37 23 0
SEND 1553581746 INTRODUCE 37 17232
SEND 1553581746 INTRODUCE 37 17420
SEND 1553581746 INTRODUCE 37 11797
SEND 1553581746 INTRODUCE 37 18703
SEND 1553581746 INTRODUCE 37 17590
SEND 1553581746 INTRODUCE 37 17986
SEND 1553581746 INTRODUCE 37 14525
SEND 1553581746 INTRODUCE 37 19719
SEND 1553581746 INTRODUCE 37 17116
SEND 1553581746 INTRODUCE 37 14001
SEND 1553581746 INTRODUCE 37 18652
SEND 1553581746 INTRODUCE 37 18254
SEND 1553581746 INTRODUCE 37 18298
SEND 1553581746 INTRODUCE 37 13426
SEND 1553581746 INTRODUCE 37 18957
SEND 1553581746 INTRODUCE 37 13698
SEND 1553581746 INTRODUCE 37 13695
SEND 1553581746 INTRODUCE 37 13652
SEND 1553581746 INTRODUCE 37 13117
SEND 1553581746 INTRODUCE 37 18120
SEND 1553581746 INTRODUCE 37 18601
SEND 1553581746 INTRODUCE 37 17615
SEND 1553581746 INTRODUCE 37 25158
SEND 1553581746 JOIN 31 45252
RECIEVED 1553581746 INTRODUCE 36 24 0
RECIEVED 1553581746 INTRODUCE 37 24 0
SEND 1553581746 INTRODUCE 37 17558
SEND 1553581746 INTRODUCE 37 23319
SEND 1553581746 INTRODUCE 37 18175
SEND 1553581746 INTRODUCE 37 18639
SEND 1553581746 INTRODUCE 37 13836
SEND 1553581746 INTRODUCE 37 20099
SEND 1553581746 INTRODUCE 37 17975
SEND 1553581746 INTRODUCE 37 13424
SEND 1553581746 INTRODUCE 37 18023
SEND 1553581746 INTRODUCE 37 19431
SEND 1553581746 INTRODUCE 37 16990
SEND 1553581746 INTRODUCE 37 17846
SEND 1553581746 INTRODUCE 37 12748
SEND 1553581746 INTRODUCE 37 12888
SEND 1553581746 INTRODUCE 37 18271
SEND 1553581746 INTRODUCE 37 17458
SEND 1553581746 INTRODUCE 37 18857
SEND 1553581746 INTRODUCE 37 14672
SEND 1553581746 INTRODUCE 37 20626
SEND 1553581746 INTRODUCE 37 16527
SEND 1553581746 INTRODUCE 37 21903
SEND 1553581746 INTRODUCE 37 22164
SEND 1553581746 INTRODUCE 37 20432
SEND 1553581746 INTRODUCE 37 19487
SEND 1553581746 JOIN 31 19021
RECIEVED 1553581746 INTRODUCE 37 25 0
SEND 1553581746 INTRODUCE 37 18295
SEND 1553581746 INTRODUCE 37 18524
SEND 1553581746 INTRODUCE 37 26195
SEND 1553581746 INTRODUCE 37 17681
SEND 1553581746 INTRODUCE 37 18254
SEND 1553581746 INTRODUCE 37 18445
SEND 1553581746 INTRODUCE 37 17821
SEND 1553581746 INTRODUCE 37 18778
SEND 1553581746 INTRODUCE 37 24497
SEND 1553581746 INTRODUCE 37 14484
SEND 1553581746 INTRODUCE 37 13772
SEND 1553581746 INTRODUCE 37 13505
SEND 1553581746 INTRODUCE 37 51762
SEND 1553581746 INTRODUCE 37 18680
SEND 1553581746 INTRODUCE 37 13935
SEND 1553581746 INTRODUCE 37 14161
SEND 1553581746 INTRODUCE 37 32189
SEND 1553581746 INTRODUCE 37 14547
SEND 1553581746 INTRODUCE 37 26069
SEND 1553581746 INTRODUCE 37 32704
SEND 1553581746 INTRODUCE 37 30410
SEND 1553581746 INTRODUCE 37 12928
SEND 1553581746 INTRODUCE 37 16963
SEND 1553581746 INTRODUCE 37 21071
SEND 1553581746 INTRODUCE 37 17576
SEND 1553581746 JOIN 31 18390
RECIEVED 1553581746 INTRODUCE 36 26 0
SEND 1553581746 INTRODUCE 36 17441
SEND 1553581746 INTRODUCE 36 14025
SEND 1553581746 INTRODUCE 36 18267
SEND 1553581746 INTRODUCE 36 18680
SEND 1553581746 INTRODUCE 36 37892
SEND 1553581746 INTRODUCE 36 18289
SEND 1553581746 INTRODUCE 36 18870
SEND 1553581746 INTRODUCE 36 13733
SEND 1553581746 INTRODUCE 36 14853
SEND 1553581746 INTRODUCE 36 13931
SEND 1553581746 INTRODUCE 36 13681
SEND 1553581746 INTRODUCE 36 13404
SEND 1553581746 INTRODUCE 36 36228
SEND 1553581746 INTRODUCE 36 14112
SEND 1553581746 INTRODUCE 36 14481
SEND 1553581746 INTRODUCE 36 11533
SEND 1553581746 INTRODUCE 36 13370
SEND 1553581746 INTRODUCE 36 14266
SEND 1553581746 INTRODUCE 36 13009
SEND 1553581746 INTRODUCE 36 13228
SEND 1553581746 INTRODUCE 36 17522
SEND 1553581746 INTRODUCE 36 23490
SEND 1553581746 INTRODUCE 36 13417
SEND 1553581746 INTRODUCE 36 12388
SEND 1553581746 INTRODUCE 36 18172
SEND 1553581746 INTRODUCE 36 13055
SEND 1553581746 JOIN 31 12649
RECIEVED 1553581746 INTRODUCE 35 27 0
SEND 1553581746 INTRODUCE 35 21590
SEND 1553581746 INTRODUCE 35 24540
SEND 1553581746 INTRODUCE 35 24450
SEND 1553581746 INTRODUCE 35 14035
SEND 1553581746 INTRODUCE 35 14363
SEND 1553581746 INTRODUCE 35 13981
SEND 1553581746 INTRODUCE 35 32968
SEND 1553581746 INTRODUCE 35 13492
SEND 1553581746 INTRODUCE 35 14056
SEND 1553581746 INTRODUCE 35 20214
SEND 1553581746 INTRODUCE 35 13877
SEND 1553581746 INTRODUCE 35 14449
SEND 1553581746 INTRODUCE 35 44927
SEND 1553581746 INTRODUCE 35 24152
SEND 1553581746 INTRODUCE 35 15106
SEND 1553581746 INTRODUCE 35 18125
SEND 1553581746 INTRODUCE 35 20107
SEND 1553581746 INTRODUCE 35 12903
SEND 1553581746 INTRODUCE 35 13510
SEND 1553581746 INTRODUCE 35 24386
SEND 1553581746 INTRODUCE 35 15745
SEND 1553581746 INTRODUCE 35 19503
SEND 1553581746 INTRODUCE 35 13810
SEND 1553581746 INTRODUCE 35 11541
SEND 1553581746 INTRODUCE 35 14239
SEND 1553581746 INTRODUCE 35 11090
SEND 1553581746 INTRODUCE 35 17757
SEND 1553581746 JOIN 31 10700
RECIEVED 1553581746 INTRODUCE 36 28 0
SEND 1553581746 INTRODUCE 36 14262
SEND 1553581746 INTRODUCE 36 17701
SEND 1553581746 INTRODUCE 36 11561
SEND 1553581746 INTRODUCE 36 12625
SEND 1553581746 INTRODUCE 36 13344
SEND 1553581746 INTRODUCE 36 13040
SEND 1553581746 INTRODUCE 36 12563
SEND 1553581746 INTRODUCE 36 10226
SEND 1553581746 INTRODUCE 36 13580
SEND 1553581746 INTRODUCE 36 15518
SEND 1553581746 INTRODUCE 36 18375
SEND 1553581746 INTRODUCE 36 47106
SEND 1553581746 INTRODUCE 36 12370
SEND 1553581746 INTRODUCE 36 23164
SEND 1553581746 INTRODUCE 36 13263
SEND 1553581746 INTRODUCE 36 13717
SEND 1553581746 INTRODUCE 36 12380
SEND 1553581746 INTRODUCE 36 13515
SEND 1553581746 INTRODUCE 36 13826
SEND 1553581746 INTRODUCE 36 13875
SEND 1553581746 INTRODUCE 36 13459
SEND 1553581746 INTRODUCE 36 19175
SEND 1553581746 INTRODUCE 36 12950
SEND 1553581746 INTRODUCE 36 13240
SEND 1553581746 INTRODUCE 36 13665
SEND 1553581746 INTRODUCE 36 14075
SEND 1553581746 INTRODUCE 36 14382
SEND 1553581746 INTRODUCE 36 18713
SEND 1553581746 JOIN 31 13694
RECIEVED 1553581746 INTRODUCE 36 29 0
SEND 1553581746 INTRODUCE 36 18640
SEND 1553581746 INTRODUCE 36 13462
SEND 1553581746 INTRODUCE 36 13518
SEND 1553581746 INTRODUCE 36 13647
SEND 1553581746 INTRODUCE 36 14090
SEND 1553581746 INTRODUCE 36 24186
SEND 1553581746 INTRODUCE 36 13738
SEND 1553581746 INTRODUCE 36 13231
SEND 1553581746 INTRODUCE 36 14424
SEND 1553581746 INTRODUCE 36 14346
SEND 1553581746 INTRODUCE 36 16106
SEND 1553581746 INTRODUCE 36 50790
SEND 1553581746 INTRODUCE 36 17083
SEND 1553581746 INTRODUCE 36 13408
SEND 1553581746 INTRODUCE 36 25537
SEND 1553581746 INTRODUCE 36 14335
SEND 1553581746 INTRODUCE 36 14019
SEND 1553581746 INTRODUCE 36 27004
SEND 1553581746 INTRODUCE 36 28926
SEND 1553581746 INTRODUCE 36 25455
SEND 1553581746 INTRODUCE 36 25689
SEND 1553581746 INTRODUCE 36 18452
SEND 1553581746 INTRODUCE 36 25439
SEND 1553581746 INTRODUCE 36 13285
SEND 1553581746 INTRODUCE 36 14472
SEND 1553581746 INTRODUCE 36 13450
SEND 1553581746 INTRODUCE 36 14172
SEND 1553581746 INTRODUCE 36 13871
SEND 1553581746 INTRODUCE 36 13171
SEND 1553581746 JOIN 31 22716
RECIEVED 1553581746 INTRODUCE 36 30 0
RECIEVED 1553581746 INTRODUCE 36 30 0
SEND 1553581746 INTRODUCE 36 11470
SEND 1553581746 INTRODUCE 36 16056
SEND 1553581746 INTRODUCE 36 13737
SEND 1553581746 INTRODUCE 36 31908
SEND 1553581746 INTRODUCE 36 14439
SEND 1553581746 INTRODUCE 36 28992
SEND 1553581746 INTRODUCE 36 25592
SEND 1553581746 INTRODUCE 36 14610
SEND 1553581746 INTRODUCE 36 13943
SEND 1553581746 INTRODUCE 36 14238
SEND 1553581746 INTRODUCE 36 13466
SEND 1553581746 INTRODUCE 36 14430
SEND 1553581746 INTRODUCE 36 14029
SEND 1553581746 INTRODUCE 36 24783
SEND 1553581746 INTRODUCE 36 24330
SEND 1553581746 INTRODUCE 36 24351
SEND 1553581746 INTRODUCE 36 24209
SEND 1553581746 INTRODUCE 36 13933
SEND 1553581746 INTRODUCE 36 17440
SEND 1553581746 INTRODUCE 36 12760
SEND 1553581746 INTRODUCE 36 13613
SEND 1553581746 INTRODUCE 36 16027
SEND 1553581746 INTRODUCE 36 13047
SEND 1553581746 INTRODUCE 36 11343
SEND 1553581746 INTRODUCE 36 12873
SEND 1553581746 INTRODUCE 36 19116
SEND 1553581746 INTRODUCE 36 25255
SEND 1553581746 INTRODUCE 36 13754
SEND 1553581746 INTRODUCE 36 14189
SEND 1553581746 INTRODUCE 36 13289
SEND 1553581746 JOIN 31 15232
RECIEVED 1553581746 INTRODUCE 36 31 0
SEND 1553581746 INTRODUCE 36 17722
SEND 1553581746 INTRODUCE 36 33946
SEND 1553581746 INTRODUCE 36 14037
SEND 1553581746 INTRODUCE 36 26369
SEND 1553581746 INTRODUCE 36 14102
SEND 1553581746 INTRODUCE 36 14304
SEND 1553581746 INTRODUCE 36 13606
SEND 1553581746 INTRODUCE 36 26504
SEND 1553581746 INTRODUCE 36 12861
SEND 1553581746 INTRODUCE 36 14033
SEND 1553581746 INTRODUCE 36 13759
SEND 1553581746 INTRODUCE 36 13847
SEND 1553581746 INTRODUCE 36 13902
SEND 1553581746 INTRODUCE 36 28833
SEND 1553581746 INTRODUCE 36 14019
SEND 1553581746 INTRODUCE 36 13562
SEND 1553581746 INTRODUCE 36 25495
SEND 1553581746 INTRODUCE 36 22339
SEND 1553581746 INTRODUCE 36 27427
SEND 1553581746 INTRODUCE 36 25662
SEND 1553581746 INTRODUCE 36 23297
SEND 1553581746 INTRODUCE 36 13051
SEND 1553581746 INTRODUCE 36 13634
SEND 1553581746 INTRODUCE 36 25079
SEND 1553581746 INTRODUCE 36 13839
SEND 1553581746 INTRODUCE 36 23519
SEND 1553581746 INTRODUCE 36 13350
SEND 1553581746 INTRODUCE 36 22870
SEND 1553581746 INTRODUCE 36 13328
SEND 1553581746 INTRODUCE 36 11721
SEND 1553581746 INTRODUCE 36 33662
SEND 1553581746 JOIN 31 13541
RECIEVED 1553581746 INTRODUCE 35 32 0
SEND 1553581746 INTRODUCE 35 12340
SEND 1553581746 INTRODUCE 35 13256
SEND 1553581746 INTRODUCE 35 13951
SEND 1553581746 INTRODUCE 35 13357
SEND 1553581746 INTRODUCE 35 19236
SEND 1553581746 INTRODUCE 35 29683
SEND 1553581746 INTRODUCE 35 26401
SEND 1553581746 INTRODUCE 35 13797
SEND 1553581746 INTRODUCE 35 15214
SEND 1553581746 INTRODUCE 35 32003
SEND 1553581746 INTRODUCE 35 15470
SEND 1553581746 INTRODUCE 35 15445
SEND 1553581746 INTRODUCE 35 13161
SEND 1553581746 INTRODUCE 35 24418
SEND 1553581746 INTRODUCE 35 29727
SEND 1553581746 INTRODUCE 35 13695
SEND 1553581746 INTRODUCE 35 19120
SEND 1553581746 INTRODUCE 35 14268
SEND 1553581746 INTRODUCE 35 48078
SEND 1553581746 INTRODUCE 35 14292
SEND 1553581746 INTRODUCE 35 14279
SEND 1553581746 INTRODUCE 35 13878
SEND 1553581746 INTRODUCE 35 13177
SEND 1553581746 INTRODUCE 35 13847
SEND 1553581746 INTRODUCE 35 14298
SEND 1553581746 INTRODUCE 35 27880
SEND 1553581746 INTRODUCE 35 13151
SEND 1553581746 INTRODUCE 35 12925
SEND 1553581746 INTRODUCE 35 13904
SEND 1553581746 INTRODUCE 35 24354
SEND 1553581746 INTRODUCE 35 13946
SEND 1553581746 INTRODUCE 35 28018
SEND 1553581746 JOIN 31 14330
RECIEVED 1553581746 INTRODUCE 37 33 0
SEND 1553581746 INTRODUCE 37 18589
SEND 1553581746 INTRODUCE 37 18359
SEND 1553581746 INTRODUCE 37 12389
SEND 1553581746 INTRODUCE 37 13755
SEND 1553581746 INTRODUCE 37 12025
SEND 1553581746 INTRODUCE 37 14582
SEND 1553581746 INTRODUCE 37 13700
SEND 1553581746 INTRODUCE 37 19139
SEND 1553581746 INTRODUCE 37 19367
SEND 1553581746 INTRODUCE 37 19457
SEND 1553581746 INTRODUCE 37 13111
SEND 1553581746 INTRODUCE 37 13733
SEND 1553581746 INTRODUCE 37 18490
SEND 1553581746 INTRODUCE 37 40830
SEND 1553581746 INTRODUCE 37 13800
SEND 1553581746 INTRODUCE 37 15787
SEND 1553581746 INTRODUCE 37 14554
SEND 1553581746 INTRODUCE 37 14094
SEND 1553581746 INTRODUCE 37 14957
SEND 1553581746 INTRODUCE 37 14526
SEND 1553581746 INTRODUCE 37 14864
SEND 1553581746 INTRODUCE 37 14360
SEND 1553581746 INTRODUCE 37 14327
SEND 1553581746 INTRODUCE 37 14371
SEND 1553581746 INTRODUCE 37 25513
SEND 1553581746 INTRODUCE 37 17039
SEND 1553581746 INTRODUCE 37 13854
SEND 1553581746 INTRODUCE 37 25316
SEND 1553581746 INTRODUCE 37 22233
SEND 1553581746 INTRODUCE 37 25027
SEND 1553581746 INTRODUCE 37 25333
SEND 1553581746 INTRODUCE 37 19128
SEND 1553581746 INTRODUCE 37 15618
SEND 1553581746 JOIN 31 14066
RECIEVED 1553581746 INTRODUCE 36 34 0
SEND 1553581746 INTRODUCE 36 13289
SEND 1553581746 INTRODUCE 36 12952
SEND 1553581746 INTRODUCE 36 13995
SEND 1553581746 INTRODUCE 36 13986
SEND 1553581746 INTRODUCE 36 18292
SEND 1553581746 INTRODUCE 36 23655
SEND 1553581746 INTRODUCE 36 20332
SEND 1553581746 INTRODUCE 36 25567
SEND 1553581746 INTRODUCE 36 17869
SEND 1553581746 INTRODUCE 36 19113
SEND 1553581746 INTRODUCE 36 13598
SEND 1553581746 INTRODUCE 36 17844
SEND 1553581746 INTRODUCE 36 12999
SEND 1553581746 INTRODUCE 36 18682
SEND 1553581746 INTRODUCE 36 14134
SEND 1553581746 INTRODUCE 36 13721
SEND 1553581746 INTRODUCE 36 13248
SEND 1553581746 INTRODUCE 36 18183
SEND 1553581746 INTRODUCE 36 13952
SEND 1553581746 INTRODUCE 36 13570
SEND 1553581746 INTRODUCE 36 13900
SEND 1553581746 INTRODUCE 36 11406
SEND 1553581746 INTRODUCE 36 18786
SEND 1553581746 INTRODUCE 36 14100
SEND 1553581746 INTRODUCE 36 15351
SEND 1553581746 INTRODUCE 36 32571
SEND 1553581746 INTRODUCE 36 17282
SEND 1553581746 INTRODUCE 36 27566
SEND 1553581746 INTRODUCE 36 16222
SEND 1553581746 INTRODUCE 36 14130
SEND 1553581746 INTRODUCE 36 14622
SEND 1553581746 INTRODUCE 36 24233
SEND 1553581746 INTRODUCE 36 24399
SEND 1553581746 INTRODUCE 36 21559
SEND 1553581746 JOIN 31 15051
RECIEVED 1553581746 INTRODUCE 37 35 0
SEND 1553581746 INTRODUCE 37 10598
SEND 1553581746 INTRODUCE 37 22593
SEND 1553581746 INTRODUCE 37 29549
SEND 1553581746 INTRODUCE 37 13532
SEND 1553581746 INTRODUCE 37 13463
SEND 1553581746 INTRODUCE 37 13241
SEND 1553581746 INTRODUCE 37 14684
SEND 1553581746 INTRODUCE 37 13598
SEND 1553581746 INTRODUCE 37 25821
SEND 1553581746 INTRODUCE 37 25303
SEND 1553581746 INTRODUCE 37 13931
SEND 1553581746 INTRODUCE 37 23975
SEND 1553581746 INTRODUCE 37 13948
SEND 1553581746 INTRODUCE 37 14133
SEND 1553581746 INTRODUCE 37 24010
SEND 1553581746 INTRODUCE 37 25974
SEND 1553581746 INTRODUCE 37 42082
SEND 1553581746 INTRODUCE 37 24392
SEND 1553581746 INTRODUCE 37 26548
SEND 1553581746 INTRODUCE 37 13515
SEND 1553581746 INTRODUCE 37 18539
SEND 1553581746 INTRODUCE 37 13199
SEND 1553581746 INTRODUCE 37 18472
SEND 1553581746 INTRODUCE 37 13976
SEND 1553581746 INTRODUCE 37 25435
SEND 1553581746 INTRODUCE 37 14437
SEND 1553581746 INTRODUCE 37 14337
SEND 1553581746 INTRODUCE 37 30763
SEND 1553581746 INTRODUCE 37 13650
SEND 1553581746 INTRODUCE 37 14556
SEND 1553581746 INTRODUCE 37 25510
SEND 1553581746 INTRODUCE 37 14032
SEND 1553581746 INTRODUCE 37 17543
SEND 1553581746 INTRODUCE 37 23415
SEND 1553581746 INTRODUCE 37 13858
SEND 1553581746 JOIN 31 19239
RECIEVED 1553581746 INTRODUCE 35 36 0
SEND 1553581746 INTRODUCE 35 25495
SEND 1553581746 INTRODUCE 35 12832
SEND 1553581746 INTRODUCE 35 18221
SEND 1553581746 INTRODUCE 35 13859
SEND 1553581746 INTRODUCE 35 25307
SEND 1553581746 INTRODUCE 35 13860
SEND 1553581746 INTRODUCE 35 14549
SEND 1553581746 INTRODUCE 35 35373
SEND 1553581746 INTRODUCE 35 36912
SEND 1553581746 INTRODUCE 35 14112
SEND 1553581746 INTRODUCE 35 13675
SEND 1553581746 INTRODUCE 35 19466
SEND 1553581746 INTRODUCE 35 15396
SEND 1553581746 INTRODUCE 35 14544
SEND 1553581746 INTRODUCE 35 27780
SEND 1553581746 INTRODUCE 35 15520
SEND 1553581746 INTRODUCE 35 17650
SEND 1553581746 INTRODUCE 35 19028
SEND 1553581746 INTRODUCE 35 34454
SEND 1553581746 INTRODUCE 35 31387
SEND 1553581746 INTRODUCE 35 29322
SEND 1553581746 INTRODUCE 35 13346
SEND 1553581746 INTRODUCE 35 14315
SEND 1553581746 INTRODUCE 35 24850
SEND 1553581746 INTRODUCE 35 25153
SEND 1553581746 INTRODUCE 35 24383
SEND 1553581746 INTRODUCE 35 18627
SEND 1553581746 INTRODUCE 35 13133
SEND 1553581746 INTRODUCE 35 15886
SEND 1553581746 INTRODUCE 35 14390
SEND 1553581746 INTRODUCE 35 25981
SEND 1553581746 INTRODUCE 35 15388
SEND 1553581746 INTRODUCE 35 34637
SEND 1553581746 INTRODUCE 35 16663
SEND 1553581746 INTRODUCE 35 25845
SEND 1553581746 INTRODUCE 35 27053
SEND 1553581746 JOIN 31 40804
RECIEVED 1553581746 INTRODUCE 37 37 0
SEND 1553581746 INTRODUCE 37 18917
SEND 1553581746 INTRODUCE 37 17395
SEND 1553581746 INTRODUCE 37 30054
SEND 1553581746 INTRODUCE 37 14221
SEND 1553581746 INTRODUCE 37 13457
SEND 1553581746 INTRODUCE 37 12648
SEND 1553581746 INTRODUCE 37 21967
SEND 1553581746 INTRODUCE 37 31448
SEND 1553581746 INTRODUCE 37 14159
SEND 1553581746 INTRODUCE 37 13950
SEND 1553581746 INTRODUCE 37 13566
SEND 1553581746 INTRODUCE 37 13741
SEND 1553581746 INTRODUCE 37 13822
SEND 1553581746 INTRODUCE 37 14073
SEND 1553581746 INTRODUCE 37 14781
SEND 1553581746 INTRODUCE 37 25622
SEND 1553581746 INTRODUCE 37 14502
SEND 1553581746 INTRODUCE 37 13865
SEND 1553581746 INTRODUCE 37 14143
SEND 1553581746 INTRODUCE 37 13915
SEND 1553581746 INTRODUCE 37 16747
SEND 1553581746 INTRODUCE 37 13545
SEND 1553581746 INTRODUCE 37 30651
SEND 1553581746 INTRODUCE 37 13249
SEND 1553581746 INTRODUCE 37 15608
SEND 1553581746 INTRODUCE 37 37050
SEND 1553581746 INTRODUCE 37 13861
SEND 1553581746 INTRODUCE 37 23840
SEND 1553581746 INTRODUCE 37 16948
SEND 1553581746 INTRODUCE 37 15200
SEND 1553581746 INTRODUCE 37 35833
SEND 1553581746 INTRODUCE 37 25517
SEND 1553581746 INTRODUCE 37 14466
SEND 1553581746 INTRODUCE 37 13703
SEND 1553581746 INTRODUCE 37 14003
SEND 1553581746 INTRODUCE 37 13932
SEND 1553581746 INTRODUCE 37 14324
SEND 1553581746 JOIN 31 36317
RECIEVED 1553581746 INTRODUCE 37 38 0
SEND 1553581746 INTRODUCE 37 29351
SEND 1553581746 INTRODUCE 37 23682
SEND 1553581746 INTRODUCE 37 18536
SEND 1553581746 INTRODUCE 37 14439
SEND 1553581746 INTRODUCE 37 13736
SEND 1553581746 INTRODUCE 37 25724
SEND 1553581746 INTRODUCE 37 23731
SEND 1553581746 INTRODUCE 37 24674
SEND 1553581746 INTRODUCE 37 13614
SEND 1553581746 INTRODUCE 37 27960
SEND 1553581746 INTRODUCE 37 23433
SEND 1553581746 INTRODUCE 37 23850
SEND 1553581746 INTRODUCE 37 25188
SEND 1553581746 INTRODUCE 37 23421
SEND 1553581746 INTRODUCE 37 12439
SEND 1553581746 INTRODUCE 37 31642
SEND 1553581746 INTRODUCE 37 25472
SEND 1553581746 INTRODUCE 37 12804
SEND 1553581746 INTRODUCE 37 58808
SEND 1553581746 INTRODUCE 37 18142
SEND 1553581746 INTRODUCE 37 24124
SEND 1553581746 INTRODUCE 37 14337
SEND 1553581746 INTRODUCE 37 18177
SEND 1553581746 INTRODUCE 37 30237
SEND 1553581746 INTRODUCE 37 25456
SEND 1553581746 INTRODUCE 37 12608
SEND 1553581746 INTRODUCE 37 17879
SEND 1553581746 INTRODUCE 37 14288
SEND 1553581746 INTRODUCE 37 13994
SEND 1553581746 INTRODUCE 37 14100
SEND 1553581746 INTRODUCE 37 37409
SEND 1553581746 INTRODUCE 37 13250
SEND 1553581746 INTRODUCE 37 19164
SEND 1553581746 INTRODUCE 37 13654
SEND 1553581746 INTRODUCE 37 13744
SEND 1553581746 INTRODUCE 37 19189
SEND 1553581746 INTRODUCE 37 30566
SEND 1553581746 INTRODUCE 37 13542
SEND 1553581746 JOIN 31 25167
RECIEVED 1553581746 INTRODUCE 36 39 0
RECIEVED 1553581746 INTRODUCE 36 39 0
SEND 1553581746 INTRODUCE 36 19571
SEND 1553581746 INTRODUCE 36 13208
SEND 1553581746 INTRODUCE 36 13563
SEND 1553581746 INTRODUCE 36 26361
SEND 1553581746 INTRODUCE 36 14748
SEND 1553581746 INTRODUCE 36 31114
SEND 1553581746 INTRODUCE 36 14080
SEND 1553581746 INTRODUCE 36 14171
SEND 1553581746 INTRODUCE 36 13363
SEND 1553581746 INTRODUCE 36 13694
SEND 1553581746 INTRODUCE 36 13881
SEND 1553581746 INTRODUCE 36 13416
SEND 1553581746 INTRODUCE 36 25261
SEND 1553581746 INTRODUCE 36 13314
SEND 1553581746 INTRODUCE 36 18951
SEND 1553581746 INTRODUCE 36 13356
SEND 1553581746 INTRODUCE 36 19448
SEND 1553581746 INTRODUCE 36 28598
SEND 1553581746 INTRODUCE 36 18180
SEND 1553581746 INTRODUCE 36 13504
SEND 1553581746 INTRODUCE 36 18485
SEND 1553581746 INTRODUCE 36 17220
SEND 1553581746 INTRODUCE 36 17209
SEND 1553581746 INTRODUCE 36 13215
SEND 1553581746 INTRODUCE 36 14559
SEND 1553581746 INTRODUCE 36 13777
SEND 1553581746 INTRODUCE 36 15686
SEND 1553581746 INTRODUCE 36 14281
SEND 1553581746 INTRODUCE 36 19640
SEND 1553581746 INTRODUCE 36 25796
SEND 1553581746 INTRODUCE 36 11543
SEND 1553581746 INTRODUCE 36 25365
SEND 1553581746 INTRODUCE 36 14694
SEND 1553581746 INTRODUCE 36 14687
SEND 1553581746 INTRODUCE 36 16159
SEND 1553581746 INTRODUCE 36 17671
SEND 1553581746 INTRODUCE 36 26858
SEND 1553581746 INTRODUCE 36 14494
SEND 1553581746 INTRODUCE 36 25187
SEND 1553581746 JOIN 31 14372
RECIEVED 1553581746 INTRODUCE 37 40 0
SEND 1553581746 INTRODUCE 37 66690
SEND 1553581746 INTRODUCE 37 36909
SEND 1553581746 INTRODUCE 37 33657
SEND 1553581746 INTRODUCE 37 30492
SEND 1553581746 INTRODUCE 37 17642
SEND 1553581746 INTRODUCE 37 13040
SEND 1553581746 INTRODUCE 37 36106
SEND 1553581746 INTRODUCE 37 32322
SEND 1553581746 INTRODUCE 37 51085
SEND 1553581746 INTRODUCE 37 13755
SEND 1553581746 INTRODUCE 37 18120
SEND 1553581746 INTRODUCE 37 13626
SEND 1553581746 INTRODUCE 37 12755
SEND 1553581746 INTRODUCE 37 13460
SEND 1553581746 INTRODUCE 37 13688
SEND 1553581746 INTRODUCE 37 10815
SEND 1553581746 INTRODUCE 37 13847
SEND 1553581746 INTRODUCE 37 24039
SEND 1553581746 INTRODUCE 37 29845
SEND 1553581746 INTRODUCE 37 17607
SEND 1553581746 INTRODUCE 37 32092
SEND 1553581746 INTRODUCE 37 18238
SEND 1553581746 INTRODUCE 37 17770
SEND 1553581746 INTRODUCE 37 17823
SEND 1553581746 INTRODUCE 37 12351
SEND 1553581746 INTRODUCE 37 11007
SEND 1553581746 INTRODUCE 37 21359
SEND 1553581746 INTRODUCE 37 10443
SEND 1553581746 INTRODUCE 37 24681
SEND 1553581746 INTRODUCE 37 22351
SEND 1553581746 INTRODUCE 37 13585
SEND 1553581746 INTRODUCE 37 10586
SEND 1553581746 INTRODUCE 37 13560
SEND 1553581746 INTRODUCE 37 36353
SEND 1553581746 INTRODUCE 37 39394
SEND 1553581746 INTRODUCE 37 17447
SEND 1553581746 INTRODUCE 37 41287
SEND 1553581746 INTRODUCE 37 15237
SEND 1553581746 INTRODUCE 37 20628
SEND 1553581746 INTRODUCE 37 25769
SEND 1553581746 JOIN 31 13250
RECIEVED 1553581746 INTRODUCE 36 41 0
SEND 1553581746 INTRODUCE 36 12197
SEND 1553581746 INTRODUCE 36 9649
SEND 1553581746 INTRODUCE 36 9043
SEND 1553581746 INTRODUCE 36 18582
SEND 1553581746 INTRODUCE 36 34342
SEND 1553581746 INTRODUCE 36 13319
SEND 1553581746 INTRODUCE 36 14814
SEND 1553581746 INTRODUCE 36 21552
SEND 1553581746 INTRODUCE 36 13606
SEND 1553581746 INTRODUCE 36 12512
# Failed listening 
%!(EXTRA string=node0)# ERROR: read tcp 172.22.156.206:50254->172.22.158.207:8000: read: connection reset by peer
SEND 1553581746 INTRODUCE 36 14360
SEND 1553581746 INTRODUCE 36 25273
SEND 1553581746 INTRODUCE 36 23946
SEND 1553581746 INTRODUCE 36 13564
SEND 1553581746 INTRODUCE 36 13906
SEND 1553581746 INTRODUCE 36 18559
SEND 1553581746 INTRODUCE 36 13948
SEND 1553581746 INTRODUCE 36 19230
SEND 1553581746 INTRODUCE 36 19945
SEND 1553581746 INTRODUCE 36 15134
SEND 1553581746 INTRODUCE 36 14664
SEND 1553581746 INTRODUCE 36 50314
SEND 1553581746 INTRODUCE 36 36810
SEND 1553581746 INTRODUCE 36 18155
SEND 1553581746 INTRODUCE 36 17452
SEND 1553581746 INTRODUCE 36 14486
SEND 1553581746 INTRODUCE 36 14855
SEND 1553581746 INTRODUCE 36 14260
SEND 1553581746 INTRODUCE 36 24856
SEND 1553581746 INTRODUCE 36 13862
SEND 1553581746 INTRODUCE 36 14393
# Failed sending to node node0
# ERROR: write tcp 172.22.156.206:50254->172.22.158.207:8000: write: broken pipe
SEND 1553581746 INTRODUCE 36 21737
SEND 1553581746 INTRODUCE 36 14400
SEND 1553581746 INTRODUCE 36 14755
SEND 1553581746 INTRODUCE 36 15340
SEND 1553581746 INTRODUCE 36 14101
SEND 1553581746 INTRODUCE 36 14551
SEND 1553581746 INTRODUCE 36 17508
SEND 1553581746 INTRODUCE 36 15134
SEND 1553581746 INTRODUCE 36 31359
SEND 1553581746 JOIN 31 14854
RECIEVED 1553581746 INTRODUCE 36 42 0
SEND 1553581746 INTRODUCE 36 16297
SEND 1553581746 INTRODUCE 36 13570
# Failed sending to node node0
# ERROR: write tcp 172.22.156.206:50254->172.22.158.207:8000: write: broken pipe
# recieved string JOIN node9 172.22.158.206 8009

# recieved string JOIN node0 172.22.156.206 8000

# recieved string JOIN node17 172.22.94.216 8017

# recieved string JOIN node6 172.22.94.216 8006

# recieved string JOIN node14 172.22.156.206 8014

# recieved string JOIN node10 172.22.156.206 8010

# recieved string JOIN node19 172.22.156.206 8019

# recieved string JOIN node15 172.22.156.206 8015

# Failed listening 
%!(EXTRA string=node11)# ERROR: read tcp 172.22.156.206:37672->172.22.158.207:8011: read: connection reset by peer
# Failed listening 
%!(EXTRA string=node4)# ERROR: read tcp 172.22.156.206:34658->172.22.158.207:8004: read: connection reset by peer
# Failed listening 
%!(EXTRA string=node7)# ERROR: read tcp 172.22.156.206:38342->172.22.158.207:8007: read: connection reset by peer
# Failed listening 
%!(EXTRA string=node9)# ERROR: read tcp 172.22.156.206:45648->172.22.158.207:8009: read: connection reset by peer
# Failed listening 
%!(EXTRA string=node3)# ERROR: read tcp 172.22.156.206:58720->172.22.158.207:8003: read: connection reset by peer
# Failed listening 
%!(EXTRA string=node0)# ERROR: read tcp 172.22.156.206:37288->172.22.156.207:8000: read: connection reset by peer
# Failed listening 
%!(EXTRA string=node1)# ERROR: read tcp 172.22.156.206:57690->172.22.156.207:8001: read: connection reset by peer
# Failed listening 
%!(EXTRA string=node10)# ERROR: read tcp 172.22.156.206:56976->172.22.158.207:8010: read: connection reset by peer
# Failed listening 
%!(EXTRA string=node6)# ERROR: read tcp 172.22.156.206:37474->172.22.156.207:8006: read: connection reset by peer
# Failed listening 
%!(EXTRA string=node2)# ERROR: read tcp 172.22.156.206:54488->172.22.158.207:8002: read: connection reset by peer
# Failed listening 
%!(EXTRA string=node1)# ERROR: read tcp 172.22.156.206:38938->172.22.158.207:8001: read: connection reset by peer
# Failed listening 
%!(EXTRA string=node7)# ERROR: read tcp 172.22.156.206:42478->172.22.156.207:8007: read: connection reset by peer
# Failed listening 
%!(EXTRA string=node4)# ERROR: read tcp 172.22.156.206:57192->172.22.156.207:8004: read: connection reset by peer
# Failed listening 
%!(EXTRA string=node13)# ERROR: read tcp 172.22.156.206:46474->172.22.158.207:8013: read: connection reset by peer
# Failed listening 
%!(EXTRA string=node15)# ERROR: read tcp 172.22.156.206:33696->172.22.158.207:8015: read: connection reset by peer
# Failed listening 
%!(EXTRA string=node5)# ERROR: read tcp 172.22.156.206:59944->172.22.156.207:8005: read: connection reset by peer
# Failed listening 
%!(EXTRA string=node8)# ERROR: read tcp 172.22.156.206:48650->172.22.156.207:8008: read: connection reset by peer
# Failed listening 
%!(EXTRA string=node9)# ERROR: read tcp 172.22.156.206:50842->172.22.156.207:8009: read: connection reset by peer
# Failed listening 
%!(EXTRA string=node12)# ERROR: read tcp 172.22.156.206:44774->172.22.156.207:8012: read: connection reset by peer
# Failed listening 
%!(EXTRA string=node2)# ERROR: read tcp 172.22.156.206:32824->172.22.156.207:8002: read: connection reset by peer
# Failed listening 
%!(EXTRA string=node11)# ERROR: read tcp 172.22.156.206:57984->172.22.156.207:8011: read: connection reset by peer
# Failed listening 
%!(EXTRA string=node13)# ERROR: read tcp 172.22.156.206:33886->172.22.156.207:8013: read: connection reset by peer
