RECIEVED 1553581740 INTRODUCE 36 0 0
SEND 1553581740 JOIN 32 15145
RECIEVED 1553581740 INTRODUCE 37 1 0
SEND 1553581740 INTRODUCE 37 48175
SEND 1553581740 JOIN 32 14486
RECIEVED 1553581740 INTRODUCE 35 2 0
SEND 1553581740 INTRODUCE 35 16513
SEND 1553581740 INTRODUCE 35 13694
SEND 1553581740 JOIN 32 15191
RECIEVED 1553581740 INTRODUCE 35 3 0
SEND 1553581740 INTRODUCE 35 14389
SEND 1553581740 INTRODUCE 35 13989
SEND 1553581740 INTRODUCE 35 15941
SEND 1553581740 JOIN 32 30020
RECIEVED 1553581740 INTRODUCE 36 4 0
SEND 1553581740 INTRODUCE 36 35890
SEND 1553581740 INTRODUCE 36 26789
SEND 1553581740 INTRODUCE 36 14200
SEND 1553581740 INTRODUCE 36 13796
SEND 1553581740 JOIN 32 18092
RECIEVED 1553581740 INTRODUCE 36 5 0
SEND 1553581740 INTRODUCE 36 18399
SEND 1553581740 INTRODUCE 36 32850
SEND 1553581740 INTRODUCE 36 26054
SEND 1553581740 INTRODUCE 36 26412
SEND 1553581740 INTRODUCE 36 13500
SEND 1553581740 JOIN 32 14732
RECIEVED 1553581740 INTRODUCE 36 6 0
SEND 1553581740 INTRODUCE 36 34804
SEND 1553581740 INTRODUCE 36 13546
SEND 1553581740 INTRODUCE 36 24556
SEND 1553581740 INTRODUCE 36 19464
SEND 1553581740 INTRODUCE 36 15409
SEND 1553581740 INTRODUCE 36 31576
SEND 1553581740 JOIN 32 20627
RECIEVED 1553581740 INTRODUCE 36 7 0
SEND 1553581740 INTRODUCE 36 14847
SEND 1553581740 INTRODUCE 36 26731
SEND 1553581740 INTRODUCE 36 31149
SEND 1553581740 INTRODUCE 36 31712
SEND 1553581740 INTRODUCE 36 14943
SEND 1553581740 INTRODUCE 36 15741
SEND 1553581740 INTRODUCE 36 15364
SEND 1553581740 JOIN 32 14809
RECIEVED 1553581740 INTRODUCE 36 8 0
SEND 1553581740 INTRODUCE 36 12350
SEND 1553581740 INTRODUCE 36 21246
SEND 1553581740 INTRODUCE 36 18700
SEND 1553581740 INTRODUCE 36 20341
SEND 1553581740 INTRODUCE 36 16138
SEND 1553581740 INTRODUCE 36 13734
SEND 1553581740 INTRODUCE 36 21413
SEND 1553581740 INTRODUCE 36 13444
SEND 1553581740 JOIN 32 21374
RECIEVED 1553581740 INTRODUCE 36 9 0
SEND 1553581740 INTRODUCE 36 15388
SEND 1553581740 INTRODUCE 36 13285
SEND 1553581740 INTRODUCE 36 14887
SEND 1553581740 INTRODUCE 36 14976
SEND 1553581740 INTRODUCE 36 15480
SEND 1553581740 INTRODUCE 36 15004
SEND 1553581740 INTRODUCE 36 14497
SEND 1553581740 INTRODUCE 36 20667
SEND 1553581740 INTRODUCE 36 47845
SEND 1553581740 JOIN 32 37864
RECIEVED 1553581740 INTRODUCE 36 10 0
SEND 1553581740 INTRODUCE 36 19714
SEND 1553581740 INTRODUCE 36 14745
SEND 1553581740 INTRODUCE 36 19706
SEND 1553581740 INTRODUCE 36 12723
SEND 1553581740 INTRODUCE 36 14879
SEND 1553581740 INTRODUCE 36 42053
SEND 1553581740 INTRODUCE 36 16951
SEND 1553581740 INTRODUCE 36 22304
SEND 1553581740 INTRODUCE 36 14254
SEND 1553581740 INTRODUCE 36 33235
SEND 1553581740 JOIN 32 14370
RECIEVED 1553581740 INTRODUCE 37 11 0
SEND 1553581740 INTRODUCE 37 13860
SEND 1553581740 INTRODUCE 37 28236
SEND 1553581740 INTRODUCE 37 12267
SEND 1553581740 INTRODUCE 37 19844
SEND 1553581740 INTRODUCE 37 14041
SEND 1553581740 INTRODUCE 37 17216
SEND 1553581740 INTRODUCE 37 14470
SEND 1553581740 INTRODUCE 37 11230
SEND 1553581740 INTRODUCE 37 35633
SEND 1553581740 INTRODUCE 37 16196
SEND 1553581740 INTRODUCE 37 12484
SEND 1553581740 JOIN 32 17708
RECIEVED 1553581740 INTRODUCE 36 12 0
SEND 1553581740 INTRODUCE 36 15456
SEND 1553581740 INTRODUCE 36 25286
SEND 1553581740 INTRODUCE 36 19218
SEND 1553581740 INTRODUCE 36 15218
SEND 1553581740 INTRODUCE 36 15459
SEND 1553581740 INTRODUCE 36 14954
SEND 1553581740 INTRODUCE 36 15813
SEND 1553581740 INTRODUCE 36 14189
SEND 1553581740 INTRODUCE 36 19596
SEND 1553581740 INTRODUCE 36 29204
SEND 1553581740 INTRODUCE 36 11746
SEND 1553581740 INTRODUCE 36 15740
SEND 1553581740 JOIN 32 11333
RECIEVED 1553581740 INTRODUCE 36 13 0
SEND 1553581740 INTRODUCE 36 13653
SEND 1553581740 INTRODUCE 36 21199
SEND 1553581740 INTRODUCE 36 20636
SEND 1553581740 INTRODUCE 36 15074
SEND 1553581740 INTRODUCE 36 15911
SEND 1553581740 INTRODUCE 36 14200
SEND 1553581740 INTRODUCE 36 15934
SEND 1553581740 INTRODUCE 36 25407
SEND 1553581740 INTRODUCE 36 31238
SEND 1553581740 INTRODUCE 36 46669
SEND 1553581740 INTRODUCE 36 30945
SEND 1553581740 INTRODUCE 36 15768
SEND 1553581740 INTRODUCE 36 53147
SEND 1553581740 JOIN 32 21019
RECIEVED 1553581740 INTRODUCE 36 14 0
SEND 1553581740 INTRODUCE 36 19077
SEND 1553581740 INTRODUCE 36 15879
SEND 1553581740 INTRODUCE 36 16824
SEND 1553581740 INTRODUCE 36 21289
SEND 1553581740 INTRODUCE 36 15154
SEND 1553581740 INTRODUCE 36 14687
SEND 1553581740 INTRODUCE 36 16702
SEND 1553581740 INTRODUCE 36 16339
SEND 1553581740 INTRODUCE 36 14364
SEND 1553581740 INTRODUCE 36 11131
SEND 1553581740 INTRODUCE 36 15616
SEND 1553581740 INTRODUCE 36 16480
SEND 1553581740 INTRODUCE 36 19010
SEND 1553581740 INTRODUCE 36 19814
SEND 1553581740 JOIN 32 16753
RECIEVED 1553581740 INTRODUCE 35 15 0
SEND 1553581740 INTRODUCE 35 15133
SEND 1553581740 INTRODUCE 35 41815
SEND 1553581740 INTRODUCE 35 9197
SEND 1553581740 INTRODUCE 35 32182
SEND 1553581740 INTRODUCE 35 14126
SEND 1553581740 INTRODUCE 35 14951
SEND 1553581740 INTRODUCE 35 14051
SEND 1553581740 INTRODUCE 35 14488
SEND 1553581740 INTRODUCE 35 9496
SEND 1553581740 INTRODUCE 35 14711
SEND 1553581740 INTRODUCE 35 10895
SEND 1553581740 INTRODUCE 35 33738
SEND 1553581740 INTRODUCE 35 14433
SEND 1553581740 INTRODUCE 35 13279
SEND 1553581740 INTRODUCE 35 8982
SEND 1553581740 JOIN 32 11894
RECIEVED 1553581740 INTRODUCE 37 16 0
SEND 1553581740 INTRODUCE 37 19174
SEND 1553581740 INTRODUCE 37 16155
SEND 1553581740 INTRODUCE 37 28993
SEND 1553581740 INTRODUCE 37 11223
SEND 1553581740 INTRODUCE 37 29628
SEND 1553581740 INTRODUCE 37 14622
SEND 1553581740 INTRODUCE 37 9200
SEND 1553581740 INTRODUCE 37 11695
SEND 1553581740 INTRODUCE 37 14211
SEND 1553581740 INTRODUCE 37 14675
SEND 1553581740 INTRODUCE 37 15401
SEND 1553581740 INTRODUCE 37 10292
SEND 1553581740 INTRODUCE 37 14031
SEND 1553581740 INTRODUCE 37 10601
SEND 1553581740 INTRODUCE 37 10668
SEND 1553581740 INTRODUCE 37 16427
SEND 1553581740 JOIN 32 26641
RECIEVED 1553581740 INTRODUCE 36 17 0
SEND 1553581740 INTRODUCE 36 10205
SEND 1553581740 INTRODUCE 36 10304
SEND 1553581740 INTRODUCE 36 13784
SEND 1553581740 INTRODUCE 36 14659
SEND 1553581740 INTRODUCE 36 14860
SEND 1553581740 INTRODUCE 36 11792
SEND 1553581740 INTRODUCE 36 12553
SEND 1553581740 INTRODUCE 36 10925
SEND 1553581740 INTRODUCE 36 12108
SEND 1553581740 INTRODUCE 36 10129
SEND 1553581740 INTRODUCE 36 12441
SEND 1553581740 INTRODUCE 36 8379
SEND 1553581740 INTRODUCE 36 16956
SEND 1553581740 INTRODUCE 36 13474
SEND 1553581740 INTRODUCE 36 11244
SEND 1553581740 INTRODUCE 36 18655
SEND 1553581740 INTRODUCE 36 17333
SEND 1553581740 JOIN 32 36780
RECIEVED 1553581740 INTRODUCE 36 18 0
SEND 1553581740 INTRODUCE 36 12803
SEND 1553581740 INTRODUCE 36 10726
SEND 1553581740 INTRODUCE 36 11298
SEND 1553581740 INTRODUCE 36 20618
SEND 1553581740 INTRODUCE 36 30175
SEND 1553581740 INTRODUCE 36 11761
SEND 1553581740 INTRODUCE 36 15500
SEND 1553581740 INTRODUCE 36 16454
SEND 1553581740 INTRODUCE 36 10503
SEND 1553581740 INTRODUCE 36 10350
SEND 1553581740 INTRODUCE 36 10055
SEND 1553581740 INTRODUCE 36 32908
SEND 1553581740 INTRODUCE 36 10210
SEND 1553581740 INTRODUCE 36 15417
SEND 1553581740 INTRODUCE 36 13681
SEND 1553581740 INTRODUCE 36 10700
SEND 1553581740 INTRODUCE 36 16617
SEND 1553581740 INTRODUCE 36 34025
SEND 1553581740 JOIN 32 19727
RECIEVED 1553581740 INTRODUCE 36 19 0
SEND 1553581740 INTRODUCE 36 9296
SEND 1553581740 INTRODUCE 36 29564
SEND 1553581740 INTRODUCE 36 10976
SEND 1553581740 INTRODUCE 36 10598
SEND 1553581740 INTRODUCE 36 10759
SEND 1553581740 INTRODUCE 36 13567
SEND 1553581740 INTRODUCE 36 10620
SEND 1553581740 INTRODUCE 36 15620
SEND 1553581740 INTRODUCE 36 11096
SEND 1553581740 INTRODUCE 36 28176
SEND 1553581740 INTRODUCE 36 20488
SEND 1553581740 INTRODUCE 36 10548
SEND 1553581740 INTRODUCE 36 15400
SEND 1553581740 INTRODUCE 36 10701
SEND 1553581740 INTRODUCE 36 11425
SEND 1553581740 INTRODUCE 36 11581
SEND 1553581740 INTRODUCE 36 17542
SEND 1553581740 INTRODUCE 36 10873
SEND 1553581740 INTRODUCE 36 15487
SEND 1553581740 JOIN 32 15718
RECIEVED 1553581740 INTRODUCE 36 20 0
SEND 1553581740 INTRODUCE 36 13383
SEND 1553581740 INTRODUCE 36 10391
SEND 1553581740 INTRODUCE 36 11652
SEND 1553581740 INTRODUCE 36 10288
SEND 1553581740 INTRODUCE 36 37621
SEND 1553581740 INTRODUCE 36 26130
SEND 1553581740 INTRODUCE 36 10004
SEND 1553581740 INTRODUCE 36 14220
SEND 1553581740 INTRODUCE 36 11303
SEND 1553581740 INTRODUCE 36 15424
SEND 1553581740 INTRODUCE 36 16069
SEND 1553581740 INTRODUCE 36 10484
SEND 1553581740 INTRODUCE 36 21309
SEND 1553581740 INTRODUCE 36 11137
SEND 1553581740 INTRODUCE 36 14862
SEND 1553581740 INTRODUCE 36 35776
SEND 1553581740 INTRODUCE 36 14205
SEND 1553581740 INTRODUCE 36 45937
SEND 1553581740 INTRODUCE 36 39938
SEND 1553581740 INTRODUCE 36 12379
SEND 1553581740 JOIN 32 10913
RECIEVED 1553581740 INTRODUCE 36 21 0
SEND 1553581740 INTRODUCE 36 10937
SEND 1553581740 INTRODUCE 36 10620
SEND 1553581740 INTRODUCE 36 14433
SEND 1553581740 INTRODUCE 36 10601
SEND 1553581740 INTRODUCE 36 31772
SEND 1553581740 INTRODUCE 36 11080
SEND 1553581740 INTRODUCE 36 12365
SEND 1553581740 INTRODUCE 36 10714
SEND 1553581740 INTRODUCE 36 10922
SEND 1553581740 INTRODUCE 36 14527
SEND 1553581740 INTRODUCE 36 14928
SEND 1553581740 INTRODUCE 36 16690
SEND 1553581740 INTRODUCE 36 11774
SEND 1553581740 INTRODUCE 36 13495
SEND 1553581740 INTRODUCE 36 16633
SEND 1553581740 INTRODUCE 36 26803
SEND 1553581740 INTRODUCE 36 20287
SEND 1553581740 INTRODUCE 36 11378
SEND 1553581740 INTRODUCE 36 12409
SEND 1553581740 INTRODUCE 36 12676
SEND 1553581740 INTRODUCE 36 15382
SEND 1553581740 JOIN 32 14720
RECIEVED 1553581740 INTRODUCE 36 22 0
SEND 1553581740 INTRODUCE 36 9687
SEND 1553581740 INTRODUCE 36 11072
SEND 1553581740 INTRODUCE 36 13811
SEND 1553581740 INTRODUCE 36 15515
SEND 1553581740 INTRODUCE 36 15565
SEND 1553581740 INTRODUCE 36 10164
SEND 1553581740 INTRODUCE 36 10327
SEND 1553581740 INTRODUCE 36 11577
SEND 1553581740 INTRODUCE 36 15102
SEND 1553581740 INTRODUCE 36 10647
SEND 1553581740 INTRODUCE 36 52346
SEND 1553581740 INTRODUCE 36 10389
SEND 1553581740 INTRODUCE 36 10541
SEND 1553581740 INTRODUCE 36 14828
SEND 1553581740 INTRODUCE 36 10094
SEND 1553581740 INTRODUCE 36 10776
SEND 1553581740 INTRODUCE 36 12752
SEND 1553581740 INTRODUCE 36 12220
SEND 1553581740 INTRODUCE 36 9819
SEND 1553581740 INTRODUCE 36 9400
SEND 1553581740 INTRODUCE 36 20429
SEND 1553581740 INTRODUCE 36 9630
SEND 1553581740 JOIN 32 11446
RECIEVED 1553581740 INTRODUCE 36 23 0
SEND 1553581740 INTRODUCE 36 15519
SEND 1553581740 INTRODUCE 36 11019
SEND 1553581740 INTRODUCE 36 9704
SEND 1553581740 INTRODUCE 36 11022
SEND 1553581740 INTRODUCE 36 24647
SEND 1553581740 INTRODUCE 36 20766
SEND 1553581740 INTRODUCE 36 20533
SEND 1553581740 INTRODUCE 36 10829
SEND 1553581740 INTRODUCE 36 25960
SEND 1553581740 INTRODUCE 36 9094
SEND 1553581740 INTRODUCE 36 16378
SEND 1553581740 INTRODUCE 36 14800
SEND 1553581740 INTRODUCE 36 14461
SEND 1553581740 INTRODUCE 36 14794
SEND 1553581740 INTRODUCE 36 12719
SEND 1553581740 INTRODUCE 36 31582
SEND 1553581740 INTRODUCE 36 10462
SEND 1553581740 INTRODUCE 36 14513
SEND 1553581740 INTRODUCE 36 8335
SEND 1553581740 INTRODUCE 36 13920
SEND 1553581740 INTRODUCE 36 15285
SEND 1553581740 INTRODUCE 36 11000
SEND 1553581740 INTRODUCE 36 10437
SEND 1553581740 JOIN 32 15394
RECIEVED 1553581740 INTRODUCE 37 24 0
SEND 1553581740 INTRODUCE 37 15060
SEND 1553581740 INTRODUCE 37 49563
SEND 1553581740 INTRODUCE 37 10085
SEND 1553581740 INTRODUCE 37 10957
SEND 1553581740 INTRODUCE 37 15342
SEND 1553581740 INTRODUCE 37 20900
SEND 1553581740 INTRODUCE 37 10764
SEND 1553581740 INTRODUCE 37 12501
SEND 1553581740 INTRODUCE 37 10688
SEND 1553581740 INTRODUCE 37 11845
SEND 1553581740 INTRODUCE 37 9812
SEND 1553581740 INTRODUCE 37 28721
SEND 1553581740 INTRODUCE 37 10794
SEND 1553581740 INTRODUCE 37 10807
SEND 1553581740 INTRODUCE 37 10400
SEND 1553581740 INTRODUCE 37 14710
SEND 1553581740 INTRODUCE 37 9969
SEND 1553581740 INTRODUCE 37 15440
SEND 1553581740 INTRODUCE 37 13990
SEND 1553581740 INTRODUCE 37 15236
SEND 1553581740 INTRODUCE 37 10772
SEND 1553581740 INTRODUCE 37 11985
SEND 1553581740 INTRODUCE 37 16451
SEND 1553581740 INTRODUCE 37 12687
SEND 1553581740 JOIN 32 24920
RECIEVED 1553581740 INTRODUCE 36 25 0
SEND 1553581740 INTRODUCE 36 16459
SEND 1553581740 INTRODUCE 36 15111
SEND 1553581740 INTRODUCE 36 31894
SEND 1553581740 INTRODUCE 36 10775
SEND 1553581740 INTRODUCE 36 11838
SEND 1553581740 INTRODUCE 36 10791
SEND 1553581740 INTRODUCE 36 15231
SEND 1553581740 INTRODUCE 36 10639
SEND 1553581740 INTRODUCE 36 10500
SEND 1553581740 INTRODUCE 36 20297
SEND 1553581740 INTRODUCE 36 11241
SEND 1553581740 INTRODUCE 36 10636
SEND 1553581740 INTRODUCE 36 12855
SEND 1553581740 INTRODUCE 36 11248
SEND 1553581740 INTRODUCE 36 9782
SEND 1553581740 INTRODUCE 36 13113
SEND 1553581740 INTRODUCE 36 13655
SEND 1553581740 INTRODUCE 36 53832
SEND 1553581740 INTRODUCE 36 15030
SEND 1553581740 INTRODUCE 36 10327
SEND 1553581740 INTRODUCE 36 16006
SEND 1553581740 INTRODUCE 36 10315
SEND 1553581740 INTRODUCE 36 14173
SEND 1553581740 INTRODUCE 36 11067
SEND 1553581740 INTRODUCE 36 15584
SEND 1553581740 JOIN 32 16081
RECIEVED 1553581740 INTRODUCE 36 26 0
SEND 1553581740 INTRODUCE 36 14991
SEND 1553581740 INTRODUCE 36 64507
SEND 1553581740 INTRODUCE 36 14112
SEND 1553581740 INTRODUCE 36 17485
SEND 1553581740 INTRODUCE 36 10960
SEND 1553581740 INTRODUCE 36 23006
SEND 1553581740 INTRODUCE 36 10583
SEND 1553581740 INTRODUCE 36 35748
SEND 1553581740 INTRODUCE 36 11363
SEND 1553581740 INTRODUCE 36 14091
SEND 1553581740 INTRODUCE 36 11223
SEND 1553581740 INTRODUCE 36 10250
SEND 1553581740 INTRODUCE 36 10182
SEND 1553581740 INTRODUCE 36 13290
SEND 1553581740 INTRODUCE 36 39422
SEND 1553581740 INTRODUCE 36 12350
SEND 1553581740 INTRODUCE 36 12488
SEND 1553581740 INTRODUCE 36 15593
SEND 1553581740 INTRODUCE 36 21180
SEND 1553581740 INTRODUCE 36 14849
SEND 1553581740 INTRODUCE 36 11088
SEND 1553581740 INTRODUCE 36 10959
SEND 1553581740 INTRODUCE 36 16611
SEND 1553581740 INTRODUCE 36 10384
SEND 1553581740 INTRODUCE 36 30019
SEND 1553581740 INTRODUCE 36 10736
SEND 1553581740 JOIN 32 15122
RECIEVED 1553581740 INTRODUCE 35 27 0
SEND 1553581740 INTRODUCE 35 21468
SEND 1553581740 INTRODUCE 35 10928
SEND 1553581740 INTRODUCE 35 10664
SEND 1553581740 INTRODUCE 35 11987
SEND 1553581740 INTRODUCE 35 14782
SEND 1553581740 INTRODUCE 35 10829
SEND 1553581740 INTRODUCE 35 14529
SEND 1553581740 INTRODUCE 35 10045
SEND 1553581740 INTRODUCE 35 14770
SEND 1553581740 INTRODUCE 35 29567
SEND 1553581740 INTRODUCE 35 15020
SEND 1553581740 INTRODUCE 35 16286
SEND 1553581740 INTRODUCE 35 10707
SEND 1553581740 INTRODUCE 35 11235
SEND 1553581740 INTRODUCE 35 17183
SEND 1553581740 INTRODUCE 35 13201
SEND 1553581740 INTRODUCE 35 16778
SEND 1553581740 INTRODUCE 35 11362
SEND 1553581740 INTRODUCE 35 11309
SEND 1553581740 INTRODUCE 35 10844
SEND 1553581740 INTRODUCE 35 15533
SEND 1553581740 INTRODUCE 35 12944
SEND 1553581740 INTRODUCE 35 15051
SEND 1553581740 INTRODUCE 35 10595
SEND 1553581740 INTRODUCE 35 14200
SEND 1553581740 INTRODUCE 35 10601
SEND 1553581740 INTRODUCE 35 11002
SEND 1553581740 JOIN 32 36162
RECIEVED 1553581740 INTRODUCE 36 28 0
RECIEVED 1553581740 INTRODUCE 36 28 0
SEND 1553581740 INTRODUCE 36 35944
SEND 1553581740 INTRODUCE 36 13614
SEND 1553581740 INTRODUCE 36 11288
SEND 1553581740 INTRODUCE 36 14262
SEND 1553581740 INTRODUCE 36 10975
SEND 1553581740 INTRODUCE 36 11072
SEND 1553581740 INTRODUCE 36 10799
SEND 1553581740 INTRODUCE 36 10981
SEND 1553581740 INTRODUCE 36 15605
SEND 1553581740 INTRODUCE 36 10560
SEND 1553581740 INTRODUCE 36 11211
SEND 1553581740 INTRODUCE 36 10171
SEND 1553581740 INTRODUCE 36 15153
SEND 1553581740 INTRODUCE 36 10607
SEND 1553581740 INTRODUCE 36 10890
SEND 1553581740 INTRODUCE 36 13609
SEND 1553581740 INTRODUCE 36 16156
SEND 1553581740 INTRODUCE 36 11133
SEND 1553581740 INTRODUCE 36 14075
SEND 1553581740 INTRODUCE 36 14806
SEND 1553581740 INTRODUCE 36 27388
SEND 1553581740 INTRODUCE 36 10855
SEND 1553581740 INTRODUCE 36 15771
SEND 1553581740 INTRODUCE 36 16176
SEND 1553581740 INTRODUCE 36 20332
SEND 1553581740 INTRODUCE 36 18084
SEND 1553581740 INTRODUCE 36 10783
SEND 1553581740 INTRODUCE 36 15669
SEND 1553581740 JOIN 32 13858
RECIEVED 1553581740 INTRODUCE 37 29 0
RECIEVED 1553581740 INTRODUCE 35 29 0
SEND 1553581740 INTRODUCE 35 11709
SEND 1553581740 INTRODUCE 35 15120
SEND 1553581740 INTRODUCE 35 10458
SEND 1553581740 INTRODUCE 35 10570
SEND 1553581740 INTRODUCE 35 11100
SEND 1553581740 INTRODUCE 35 13344
SEND 1553581740 INTRODUCE 35 11273
SEND 1553581740 INTRODUCE 35 10057
SEND 1553581740 INTRODUCE 35 10466
SEND 1553581740 INTRODUCE 35 16382
SEND 1553581740 INTRODUCE 35 14332
SEND 1553581740 INTRODUCE 35 18886
SEND 1553581740 INTRODUCE 35 10304
SEND 1553581740 INTRODUCE 35 11237
SEND 1553581740 INTRODUCE 35 39212
SEND 1553581740 INTRODUCE 35 10295
SEND 1553581740 INTRODUCE 35 11033
SEND 1553581740 INTRODUCE 35 10404
SEND 1553581740 INTRODUCE 35 38418
SEND 1553581740 INTRODUCE 35 11088
SEND 1553581740 INTRODUCE 35 14694
SEND 1553581740 INTRODUCE 35 12253
SEND 1553581741 INTRODUCE 35 11314
SEND 1553581741 INTRODUCE 35 15335
SEND 1553581741 INTRODUCE 35 14442
SEND 1553581741 INTRODUCE 35 15220
SEND 1553581741 INTRODUCE 35 12264
SEND 1553581741 INTRODUCE 35 28657
SEND 1553581741 INTRODUCE 35 10951
SEND 1553581741 JOIN 32 10584
RECIEVED 1553581741 INTRODUCE 36 30 0
SEND 1553581741 INTRODUCE 36 26716
SEND 1553581741 INTRODUCE 36 10672
SEND 1553581741 INTRODUCE 36 15073
SEND 1553581741 INTRODUCE 36 10553
SEND 1553581741 INTRODUCE 36 12431
SEND 1553581741 INTRODUCE 36 14807
SEND 1553581741 INTRODUCE 36 12348
SEND 1553581741 INTRODUCE 36 15938
SEND 1553581741 INTRODUCE 36 10155
SEND 1553581741 INTRODUCE 36 10215
SEND 1553581741 INTRODUCE 36 47632
SEND 1553581741 INTRODUCE 36 10537
SEND 1553581741 INTRODUCE 36 10494
SEND 1553581741 INTRODUCE 36 9750
SEND 1553581741 INTRODUCE 36 15237
SEND 1553581741 INTRODUCE 36 13550
SEND 1553581741 INTRODUCE 36 19787
SEND 1553581741 INTRODUCE 36 13880
SEND 1553581741 INTRODUCE 36 11118
SEND 1553581741 INTRODUCE 36 13409
SEND 1553581741 INTRODUCE 36 16752
SEND 1553581741 INTRODUCE 36 14716
SEND 1553581741 INTRODUCE 36 14498
SEND 1553581741 INTRODUCE 36 12974
SEND 1553581741 INTRODUCE 36 20115
SEND 1553581741 INTRODUCE 36 13556
SEND 1553581741 INTRODUCE 36 14653
SEND 1553581741 INTRODUCE 36 8616
SEND 1553581741 INTRODUCE 36 10608
SEND 1553581741 INTRODUCE 36 11904
SEND 1553581741 JOIN 32 10461
RECIEVED 1553581741 INTRODUCE 37 31 0
SEND 1553581741 INTRODUCE 37 11004
SEND 1553581741 INTRODUCE 37 10273
SEND 1553581741 INTRODUCE 37 11047
SEND 1553581741 INTRODUCE 37 9573
SEND 1553581741 INTRODUCE 37 16696
SEND 1553581741 INTRODUCE 37 10596
SEND 1553581741 INTRODUCE 37 8334
SEND 1553581741 INTRODUCE 37 16491
SEND 1553581741 INTRODUCE 37 11907
SEND 1553581741 INTRODUCE 37 15880
SEND 1553581741 INTRODUCE 37 15108
SEND 1553581741 INTRODUCE 37 23663
SEND 1553581741 INTRODUCE 37 10605
SEND 1553581741 INTRODUCE 37 11025
SEND 1553581741 INTRODUCE 37 10616
SEND 1553581741 INTRODUCE 37 15270
SEND 1553581741 INTRODUCE 37 11040
SEND 1553581741 INTRODUCE 37 21006
SEND 1553581741 INTRODUCE 37 10747
SEND 1553581741 INTRODUCE 37 14960
SEND 1553581741 INTRODUCE 37 10953
SEND 1553581741 INTRODUCE 37 10553
SEND 1553581741 INTRODUCE 37 9169
SEND 1553581741 INTRODUCE 37 42100
SEND 1553581741 INTRODUCE 37 15079
SEND 1553581741 INTRODUCE 37 26057
SEND 1553581741 INTRODUCE 37 10255
SEND 1553581741 INTRODUCE 37 11339
SEND 1553581741 INTRODUCE 37 10890
SEND 1553581741 INTRODUCE 37 10139
SEND 1553581741 INTRODUCE 37 12296
SEND 1553581741 JOIN 32 11100
RECIEVED 1553581741 INTRODUCE 36 32 0
SEND 1553581741 INTRODUCE 36 13629
SEND 1553581741 INTRODUCE 36 16127
SEND 1553581741 INTRODUCE 36 14811
SEND 1553581741 INTRODUCE 36 13887
SEND 1553581741 INTRODUCE 36 16532
SEND 1553581741 INTRODUCE 36 12624
SEND 1553581741 INTRODUCE 36 11026
SEND 1553581741 INTRODUCE 36 11541
SEND 1553581741 INTRODUCE 36 10727
SEND 1553581741 INTRODUCE 36 11609
SEND 1553581741 INTRODUCE 36 13299
SEND 1553581741 INTRODUCE 36 21387
SEND 1553581741 INTRODUCE 36 11545
SEND 1553581741 INTRODUCE 36 11016
SEND 1553581741 INTRODUCE 36 31727
SEND 1553581741 INTRODUCE 36 18871
SEND 1553581741 INTRODUCE 36 15234
SEND 1553581741 INTRODUCE 36 19885
SEND 1553581741 INTRODUCE 36 11006
SEND 1553581741 INTRODUCE 36 10622
SEND 1553581741 INTRODUCE 36 10060
SEND 1553581741 INTRODUCE 36 12424
SEND 1553581741 INTRODUCE 36 10547
SEND 1553581741 INTRODUCE 36 10281
SEND 1553581741 INTRODUCE 36 31475
SEND 1553581741 INTRODUCE 36 11509
SEND 1553581741 INTRODUCE 36 23300
SEND 1553581741 INTRODUCE 36 14316
SEND 1553581741 INTRODUCE 36 10731
SEND 1553581741 INTRODUCE 36 48789
SEND 1553581741 INTRODUCE 36 38668
SEND 1553581741 INTRODUCE 36 11358
SEND 1553581741 JOIN 32 14962
RECIEVED 1553581741 INTRODUCE 36 33 0
SEND 1553581741 INTRODUCE 36 14986
SEND 1553581741 INTRODUCE 36 16922
SEND 1553581741 INTRODUCE 36 17021
SEND 1553581741 INTRODUCE 36 11780
SEND 1553581741 INTRODUCE 36 16716
SEND 1553581741 INTRODUCE 36 11785
SEND 1553581741 INTRODUCE 36 11036
SEND 1553581741 INTRODUCE 36 11382
SEND 1553581741 INTRODUCE 36 10757
SEND 1553581741 INTRODUCE 36 18441
SEND 1553581741 INTRODUCE 36 11937
SEND 1553581741 INTRODUCE 36 11210
SEND 1553581741 INTRODUCE 36 10520
SEND 1553581741 INTRODUCE 36 27127
SEND 1553581741 INTRODUCE 36 11314
SEND 1553581741 INTRODUCE 36 10925
SEND 1553581741 INTRODUCE 36 26103
SEND 1553581741 INTRODUCE 36 16697
SEND 1553581741 INTRODUCE 36 10229
SEND 1553581741 INTRODUCE 36 32373
SEND 1553581741 INTRODUCE 36 14326
SEND 1553581741 INTRODUCE 36 14797
SEND 1553581741 INTRODUCE 36 10707
SEND 1553581741 INTRODUCE 36 13771
SEND 1553581741 INTRODUCE 36 10257
SEND 1553581741 INTRODUCE 36 33542
SEND 1553581741 INTRODUCE 36 10436
SEND 1553581741 INTRODUCE 36 13495
SEND 1553581741 INTRODUCE 36 44633
SEND 1553581741 INTRODUCE 36 19365
SEND 1553581741 INTRODUCE 36 10255
SEND 1553581741 INTRODUCE 36 15571
SEND 1553581741 INTRODUCE 36 11182
SEND 1553581741 JOIN 32 15798
RECIEVED 1553581741 INTRODUCE 37 34 0
SEND 1553581741 INTRODUCE 37 9891
SEND 1553581741 INTRODUCE 37 11660
SEND 1553581741 INTRODUCE 37 10371
SEND 1553581741 INTRODUCE 37 25819
SEND 1553581741 INTRODUCE 37 11313
SEND 1553581741 INTRODUCE 37 14712
SEND 1553581741 INTRODUCE 37 10846
SEND 1553581741 INTRODUCE 37 14298
SEND 1553581741 INTRODUCE 37 28036
SEND 1553581741 INTRODUCE 37 11707
SEND 1553581741 INTRODUCE 37 10168
SEND 1553581741 INTRODUCE 37 11109
SEND 1553581741 INTRODUCE 37 14515
SEND 1553581741 INTRODUCE 37 10797
SEND 1553581741 INTRODUCE 37 14179
SEND 1553581741 INTRODUCE 37 15573
SEND 1553581741 INTRODUCE 37 14894
SEND 1553581741 INTRODUCE 37 11201
SEND 1553581741 INTRODUCE 37 14119
SEND 1553581741 INTRODUCE 37 30928
SEND 1553581741 INTRODUCE 37 10778
SEND 1553581741 INTRODUCE 37 33411
SEND 1553581741 INTRODUCE 37 15121
SEND 1553581741 INTRODUCE 37 39021
SEND 1553581741 INTRODUCE 37 15111
SEND 1553581741 INTRODUCE 37 11356
SEND 1553581741 INTRODUCE 37 23838
SEND 1553581741 INTRODUCE 37 15307
SEND 1553581741 INTRODUCE 37 10716
SEND 1553581741 INTRODUCE 37 37936
SEND 1553581741 INTRODUCE 37 20869
SEND 1553581741 INTRODUCE 37 11113
SEND 1553581741 INTRODUCE 37 10198
SEND 1553581741 INTRODUCE 37 13391
SEND 1553581741 JOIN 32 15634
RECIEVED 1553581741 INTRODUCE 35 35 0
RECIEVED 1553581741 INTRODUCE 37 35 0
SEND 1553581741 INTRODUCE 37 11165
SEND 1553581741 INTRODUCE 37 10493
SEND 1553581741 INTRODUCE 37 10909
SEND 1553581741 INTRODUCE 37 15255
SEND 1553581741 INTRODUCE 37 45450
SEND 1553581741 INTRODUCE 37 10671
SEND 1553581741 INTRODUCE 37 10860
SEND 1553581741 INTRODUCE 37 15540
SEND 1553581741 INTRODUCE 37 19318
SEND 1553581741 INTRODUCE 37 15386
SEND 1553581741 INTRODUCE 37 10872
SEND 1553581741 INTRODUCE 37 22152
SEND 1553581741 INTRODUCE 37 14646
SEND 1553581741 INTRODUCE 37 11392
SEND 1553581741 INTRODUCE 37 12310
SEND 1553581741 INTRODUCE 37 12387
SEND 1553581741 INTRODUCE 37 36951
SEND 1553581741 INTRODUCE 37 20581
SEND 1553581741 INTRODUCE 37 15545
SEND 1553581741 INTRODUCE 37 11344
SEND 1553581741 INTRODUCE 37 15081
SEND 1553581741 INTRODUCE 37 11050
SEND 1553581741 INTRODUCE 37 11323
SEND 1553581741 INTRODUCE 37 10766
SEND 1553581741 INTRODUCE 37 10256
SEND 1553581741 INTRODUCE 37 11580
SEND 1553581741 INTRODUCE 37 14677
SEND 1553581741 INTRODUCE 37 31468
SEND 1553581741 INTRODUCE 37 12132
SEND 1553581741 INTRODUCE 37 41096
SEND 1553581741 INTRODUCE 37 43170
SEND 1553581741 INTRODUCE 37 11601
SEND 1553581741 INTRODUCE 37 11246
SEND 1553581741 INTRODUCE 37 30472
SEND 1553581741 INTRODUCE 37 29363
SEND 1553581741 JOIN 32 11511
RECIEVED 1553581741 INTRODUCE 36 36 0
RECIEVED 1553581741 INTRODUCE 35 36 0
SEND 1553581741 INTRODUCE 35 10736
SEND 1553581741 INTRODUCE 35 11418
SEND 1553581741 INTRODUCE 35 15040
SEND 1553581741 INTRODUCE 35 16019
SEND 1553581741 INTRODUCE 35 14476
SEND 1553581741 INTRODUCE 35 14407
SEND 1553581741 INTRODUCE 35 11483
SEND 1553581741 INTRODUCE 35 7200
SEND 1553581741 INTRODUCE 35 15485
SEND 1553581741 INTRODUCE 35 69330
SEND 1553581741 INTRODUCE 35 103589
SEND 1553581741 INTRODUCE 35 9919
SEND 1553581741 INTRODUCE 35 11102
SEND 1553581741 INTRODUCE 35 9780
SEND 1553581741 INTRODUCE 35 10629
SEND 1553581741 INTRODUCE 35 26956
SEND 1553581741 INTRODUCE 35 23219
SEND 1553581741 INTRODUCE 35 7672454
SEND 1553581741 INTRODUCE 35 19115
# recieved string JOIN node13 172.22.158.206 8013

SEND 1553581741 INTRODUCE 35 9967
SEND 1553581741 INTRODUCE 35 12802
SEND 1553581741 INTRODUCE 35 16919
SEND 1553581741 INTRODUCE 35 10825
SEND 1553581741 INTRODUCE 35 29182
SEND 1553581741 INTRODUCE 35 22506
SEND 1553581741 INTRODUCE 35 23086
SEND 1553581741 INTRODUCE 35 15304
SEND 1553581741 INTRODUCE 35 11016
SEND 1553581741 INTRODUCE 35 11893
SEND 1553581741 INTRODUCE 35 15635
SEND 1553581741 INTRODUCE 35 14000
SEND 1553581741 INTRODUCE 35 16481
# recieved string JOIN node2 172.22.94.216 8002

SEND 1553581741 INTRODUCE 35 13061
SEND 1553581741 INTRODUCE 35 14045
SEND 1553581741 INTRODUCE 35 16745
SEND 1553581741 INTRODUCE 35 10564
SEND 1553581741 JOIN 32 12402
RECIEVED 1553581741 INTRODUCE 36 37 0
RECIEVED 1553581741 INTRODUCE 36 37 0
RECIEVED 1553581741 INTRODUCE 37 37 0
RECIEVED 1553581741 INTRODUCE 36 37 0
RECIEVED 1553581741 INTRODUCE 36 37 0
RECIEVED 1553581741 INTRODUCE 36 37 0
RECIEVED 1553581741 INTRODUCE 36 37 0
RECIEVED 1553581741 INTRODUCE 36 37 0
RECIEVED 1553581741 INTRODUCE 36 37 0
RECIEVED 1553581741 INTRODUCE 36 37 0
RECIEVED 1553581741 INTRODUCE 37 37 0
RECIEVED 1553581741 INTRODUCE 36 37 0
RECIEVED 1553581741 INTRODUCE 36 37 0
RECIEVED 1553581741 INTRODUCE 36 37 0
RECIEVED 1553581741 INTRODUCE 36 37 0
SEND 1553581741 INTRODUCE 36 10949
SEND 1553581741 INTRODUCE 36 11339
# recieved string JOIN node17 172.22.158.206 8017

SEND 1553581741 INTRODUCE 36 15075
SEND 1553581741 INTRODUCE 36 16942
SEND 1553581741 INTRODUCE 36 17347
SEND 1553581741 INTRODUCE 36 11382
SEND 1553581741 INTRODUCE 36 16172
SEND 1553581741 INTRODUCE 36 16380
SEND 1553581741 INTRODUCE 36 15043
SEND 1553581741 INTRODUCE 36 19267
SEND 1553581741 INTRODUCE 36 13213
SEND 1553581741 INTRODUCE 36 29172
# recieved string JOIN node0 172.22.158.206 8000

SEND 1553581741 INTRODUCE 36 16248
SEND 1553581741 INTRODUCE 36 16730
SEND 1553581741 INTRODUCE 36 11804
SEND 1553581741 INTRODUCE 36 14478
SEND 1553581741 INTRODUCE 36 11184
SEND 1553581741 INTRODUCE 36 9994
SEND 1553581741 INTRODUCE 36 22892
SEND 1553581741 INTRODUCE 36 21144
SEND 1553581741 INTRODUCE 36 10736
SEND 1553581741 INTRODUCE 36 16126
SEND 1553581741 INTRODUCE 36 15226
SEND 1553581741 INTRODUCE 36 10939
SEND 1553581741 INTRODUCE 36 10968
SEND 1553581741 INTRODUCE 36 11125
SEND 1553581741 INTRODUCE 36 11149
SEND 1553581741 INTRODUCE 36 11188
SEND 1553581741 INTRODUCE 36 14308
SEND 1553581741 INTRODUCE 36 11402
SEND 1553581741 INTRODUCE 36 15340
SEND 1553581741 INTRODUCE 36 10784
SEND 1553581741 INTRODUCE 36 10964
SEND 1553581741 INTRODUCE 36 15191
SEND 1553581741 INTRODUCE 36 10863
SEND 1553581741 INTRODUCE 36 40127
SEND 1553581741 INTRODUCE 36 25254
SEND 1553581741 JOIN 32 15094
RECIEVED 1553581741 INTRODUCE 37 38 0
RECIEVED 1553581741 INTRODUCE 36 38 0
RECIEVED 1553581741 INTRODUCE 36 38 0
SEND 1553581741 INTRODUCE 36 9340
SEND 1553581741 INTRODUCE 36 11768
SEND 1553581741 INTRODUCE 36 10047
SEND 1553581741 INTRODUCE 36 16493
SEND 1553581741 INTRODUCE 36 11691
SEND 1553581741 INTRODUCE 36 11094
SEND 1553581741 INTRODUCE 36 10414
SEND 1553581741 INTRODUCE 36 14134
SEND 1553581741 INTRODUCE 36 19657
SEND 1553581741 INTRODUCE 36 14999
SEND 1553581741 INTRODUCE 36 16182
SEND 1553581741 INTRODUCE 36 22917
SEND 1553581741 INTRODUCE 36 11427
SEND 1553581741 INTRODUCE 36 11389
SEND 1553581741 INTRODUCE 36 16595
SEND 1553581741 INTRODUCE 36 11422
SEND 1553581741 INTRODUCE 36 10895
SEND 1553581741 INTRODUCE 36 14171
SEND 1553581741 INTRODUCE 36 16380
SEND 1553581741 INTRODUCE 36 10566
SEND 1553581741 INTRODUCE 36 13889
SEND 1553581741 INTRODUCE 36 15451
SEND 1553581741 INTRODUCE 36 10898
SEND 1553581741 INTRODUCE 36 11266
SEND 1553581741 INTRODUCE 36 15409
SEND 1553581741 INTRODUCE 36 19288
SEND 1553581741 INTRODUCE 36 34647
SEND 1553581741 INTRODUCE 36 24515
SEND 1553581741 INTRODUCE 36 14419
SEND 1553581741 INTRODUCE 36 16808
SEND 1553581741 INTRODUCE 36 28795
SEND 1553581741 INTRODUCE 36 15569
SEND 1553581741 INTRODUCE 36 10944
SEND 1553581741 INTRODUCE 36 14095
SEND 1553581741 INTRODUCE 36 11675
SEND 1553581741 INTRODUCE 36 9518
SEND 1553581741 INTRODUCE 36 11287
SEND 1553581741 INTRODUCE 36 10007
# recieved string JOIN node18 172.22.158.206 8018

SEND 1553581741 JOIN 32 19829
RECIEVED 1553581741 INTRODUCE 35 39 0
RECIEVED 1553581741 INTRODUCE 37 39 0
SEND 1553581741 INTRODUCE 37 12416
SEND 1553581741 INTRODUCE 37 11845
SEND 1553581741 INTRODUCE 37 12006
SEND 1553581741 INTRODUCE 37 15465
SEND 1553581741 INTRODUCE 37 15667
SEND 1553581741 INTRODUCE 37 12138
SEND 1553581741 INTRODUCE 37 11567
SEND 1553581741 INTRODUCE 37 21211
SEND 1553581741 INTRODUCE 37 12282
SEND 1553581741 INTRODUCE 37 11527
SEND 1553581741 INTRODUCE 37 22966
SEND 1553581741 INTRODUCE 37 20528
SEND 1553581741 INTRODUCE 37 15100
SEND 1553581741 INTRODUCE 37 16228
SEND 1553581741 INTRODUCE 37 11065
SEND 1553581741 INTRODUCE 37 11090
SEND 1553581741 INTRODUCE 37 15623
SEND 1553581741 INTRODUCE 37 15223
SEND 1553581741 INTRODUCE 37 11160
SEND 1553581741 INTRODUCE 37 13647
SEND 1553581741 INTRODUCE 37 26895
SEND 1553581741 INTRODUCE 37 11442
SEND 1553581741 INTRODUCE 37 14703
SEND 1553581741 INTRODUCE 37 10932
SEND 1553581741 INTRODUCE 37 14211
SEND 1553581741 INTRODUCE 37 29328
SEND 1553581741 INTRODUCE 37 42317
SEND 1553581741 INTRODUCE 37 11003
SEND 1553581741 INTRODUCE 37 10358
SEND 1553581741 INTRODUCE 37 11206
SEND 1553581741 INTRODUCE 37 48382
SEND 1553581741 INTRODUCE 37 10652
SEND 1553581741 INTRODUCE 37 10641
SEND 1553581741 INTRODUCE 37 15328
SEND 1553581741 INTRODUCE 37 32812
SEND 1553581741 INTRODUCE 37 46964
SEND 1553581741 INTRODUCE 37 10881
SEND 1553581741 INTRODUCE 37 27154
SEND 1553581741 INTRODUCE 37 10748
SEND 1553581741 JOIN 32 13907
RECIEVED 1553581741 INTRODUCE 35 40 0
RECIEVED 1553581741 INTRODUCE 37 40 0
SEND 1553581741 INTRODUCE 37 12260
SEND 1553581741 INTRODUCE 37 21418
SEND 1553581741 INTRODUCE 37 10935
SEND 1553581741 INTRODUCE 37 11427
SEND 1553581741 INTRODUCE 37 11376
SEND 1553581741 INTRODUCE 37 10905
SEND 1553581741 INTRODUCE 37 10959
SEND 1553581741 INTRODUCE 37 13585
SEND 1553581741 INTRODUCE 37 10470
SEND 1553581741 INTRODUCE 37 16167
SEND 1553581741 INTRODUCE 37 22659
SEND 1553581741 INTRODUCE 37 11469
SEND 1553581741 INTRODUCE 37 11216
SEND 1553581741 INTRODUCE 37 39947
SEND 1553581741 INTRODUCE 37 10961
SEND 1553581741 INTRODUCE 37 15216
SEND 1553581741 INTRODUCE 37 11210
SEND 1553581741 INTRODUCE 37 11054
SEND 1553581741 INTRODUCE 37 20491
SEND 1553581741 INTRODUCE 37 10756
SEND 1553581741 INTRODUCE 37 15348
SEND 1553581741 INTRODUCE 37 11214
SEND 1553581741 INTRODUCE 37 11746
SEND 1553581741 INTRODUCE 37 11358
SEND 1553581741 INTRODUCE 37 10684
SEND 1553581741 INTRODUCE 37 11053
SEND 1553581741 INTRODUCE 37 35876
SEND 1553581741 INTRODUCE 37 11937
SEND 1553581741 INTRODUCE 37 10824
SEND 1553581741 INTRODUCE 37 11321
SEND 1553581741 INTRODUCE 37 10952
SEND 1553581741 INTRODUCE 37 12816
SEND 1553581741 INTRODUCE 37 19553
SEND 1553581741 INTRODUCE 37 10286
SEND 1553581741 INTRODUCE 37 10760
SEND 1553581741 INTRODUCE 37 14853
SEND 1553581741 INTRODUCE 37 10978
SEND 1553581741 INTRODUCE 37 25152
SEND 1553581741 INTRODUCE 37 13741
SEND 1553581741 INTRODUCE 37 10461
SEND 1553581741 JOIN 32 14532
RECIEVED 1553581741 INTRODUCE 36 41 0
RECIEVED 1553581741 INTRODUCE 37 41 0
RECIEVED 1553581741 INTRODUCE 36 41 0
RECIEVED 1553581741 INTRODUCE 35 41 0
RECIEVED 1553581741 INTRODUCE 36 41 0
RECIEVED 1553581741 INTRODUCE 36 41 0
RECIEVED 1553581741 INTRODUCE 36 41 0
RECIEVED 1553581741 INTRODUCE 37 41 0
RECIEVED 1553581741 INTRODUCE 36 41 0
RECIEVED 1553581741 INTRODUCE 36 41 0
RECIEVED 1553581741 INTRODUCE 36 41 0
RECIEVED 1553581741 INTRODUCE 36 41 0
RECIEVED 1553581741 INTRODUCE 36 41 0
RECIEVED 1553581741 INTRODUCE 36 41 0
RECIEVED 1553581741 INTRODUCE 36 41 0
RECIEVED 1553581741 INTRODUCE 37 41 0
RECIEVED 1553581741 INTRODUCE 36 41 0
RECIEVED 1553581741 INTRODUCE 35 41 0
RECIEVED 1553581741 INTRODUCE 36 41 0
RECIEVED 1553581741 INTRODUCE 36 41 0
RECIEVED 1553581741 INTRODUCE 36 41 0
RECIEVED 1553581741 INTRODUCE 37 41 0
RECIEVED 1553581741 INTRODUCE 36 41 0
RECIEVED 1553581741 INTRODUCE 37 41 0
SEND 1553581741 INTRODUCE 37 17553
SEND 1553581741 INTRODUCE 37 12574
SEND 1553581741 INTRODUCE 37 22721
SEND 1553581741 INTRODUCE 37 15049
SEND 1553581741 INTRODUCE 37 11495
SEND 1553581741 INTRODUCE 37 14112
SEND 1553581741 INTRODUCE 37 9530
SEND 1553581741 INTRODUCE 37 9986
SEND 1553581741 INTRODUCE 37 15437
SEND 1553581741 INTRODUCE 37 17833
SEND 1553581741 INTRODUCE 37 10223
SEND 1553581741 INTRODUCE 37 17308
SEND 1553581741 INTRODUCE 37 13773
SEND 1553581741 INTRODUCE 37 11004
SEND 1553581741 INTRODUCE 37 10933
SEND 1553581741 INTRODUCE 37 11834
SEND 1553581741 INTRODUCE 37 13753
SEND 1553581741 INTRODUCE 37 20087
SEND 1553581741 INTRODUCE 37 10844
SEND 1553581741 INTRODUCE 37 15171
SEND 1553581741 INTRODUCE 37 10755
SEND 1553581741 INTRODUCE 37 10897
SEND 1553581741 INTRODUCE 37 15519
SEND 1553581741 INTRODUCE 37 15243
SEND 1553581741 INTRODUCE 37 15259
SEND 1553581741 INTRODUCE 37 10542
SEND 1553581741 INTRODUCE 37 14845
SEND 1553581741 INTRODUCE 37 10760
SEND 1553581741 INTRODUCE 37 11162
SEND 1553581741 INTRODUCE 37 20029
SEND 1553581741 INTRODUCE 37 15992
SEND 1553581741 INTRODUCE 37 10946
SEND 1553581741 INTRODUCE 37 12191
SEND 1553581741 INTRODUCE 37 13298
SEND 1553581741 INTRODUCE 37 10592
SEND 1553581741 INTRODUCE 37 14151
SEND 1553581741 INTRODUCE 37 17771
SEND 1553581741 INTRODUCE 37 10938
SEND 1553581741 INTRODUCE 37 12470
SEND 1553581741 INTRODUCE 37 11092
SEND 1553581741 INTRODUCE 37 11764
SEND 1553581741 JOIN 32 15846
RECIEVED 1553581741 INTRODUCE 36 42 0
RECIEVED 1553581741 INTRODUCE 36 42 0
RECIEVED 1553581741 INTRODUCE 36 42 0
RECIEVED 1553581741 INTRODUCE 36 42 0
RECIEVED 1553581741 INTRODUCE 36 42 0
RECIEVED 1553581741 INTRODUCE 36 42 0
RECIEVED 1553581741 INTRODUCE 36 42 0
RECIEVED 1553581741 INTRODUCE 35 42 0
RECIEVED 1553581741 INTRODUCE 36 42 0
RECIEVED 1553581741 INTRODUCE 37 42 0
RECIEVED 1553581741 INTRODUCE 36 42 0
RECIEVED 1553581741 INTRODUCE 36 42 0
RECIEVED 1553581741 INTRODUCE 36 42 0
RECIEVED 1553581741 INTRODUCE 37 42 0
RECIEVED 1553581741 INTRODUCE 37 42 0
RECIEVED 1553581741 INTRODUCE 36 42 0
RECIEVED 1553581741 INTRODUCE 37 42 0
RECIEVED 1553581741 INTRODUCE 36 42 0
RECIEVED 1553581741 INTRODUCE 35 42 0
RECIEVED 1553581741 INTRODUCE 36 42 0
RECIEVED 1553581741 INTRODUCE 36 42 0
RECIEVED 1553581741 INTRODUCE 35 42 0
RECIEVED 1553581741 INTRODUCE 37 42 0
RECIEVED 1553581741 INTRODUCE 36 42 0
SEND 1553581741 INTRODUCE 36 19388
SEND 1553581741 INTRODUCE 36 23935
SEND 1553581741 INTRODUCE 36 14768
SEND 1553581741 INTRODUCE 36 16007
SEND 1553581741 INTRODUCE 36 10077
SEND 1553581741 INTRODUCE 36 15319
SEND 1553581741 INTRODUCE 36 10156
SEND 1553581741 INTRODUCE 36 14064
SEND 1553581741 INTRODUCE 36 11344
SEND 1553581741 INTRODUCE 36 14001
SEND 1553581741 INTRODUCE 36 9940
SEND 1553581741 INTRODUCE 36 11319
SEND 1553581741 INTRODUCE 36 10952
SEND 1553581741 INTRODUCE 36 14209
SEND 1553581741 INTRODUCE 36 10518
SEND 1553581741 INTRODUCE 36 23360
SEND 1553581741 INTRODUCE 36 13933
SEND 1553581741 INTRODUCE 36 10071
SEND 1553581741 INTRODUCE 36 14684
SEND 1553581741 INTRODUCE 36 15039
SEND 1553581741 INTRODUCE 36 14135
SEND 1553581741 INTRODUCE 36 14771
SEND 1553581741 INTRODUCE 36 14868
SEND 1553581741 INTRODUCE 36 10655
SEND 1553581741 INTRODUCE 36 10466
SEND 1553581741 INTRODUCE 36 19127
SEND 1553581741 INTRODUCE 36 10620
SEND 1553581741 INTRODUCE 36 11322
SEND 1553581741 INTRODUCE 36 15546
SEND 1553581741 INTRODUCE 36 21612
SEND 1553581741 INTRODUCE 36 11503
SEND 1553581741 INTRODUCE 36 16312
SEND 1553581741 INTRODUCE 36 13832
SEND 1553581741 INTRODUCE 36 22557
SEND 1553581741 INTRODUCE 36 14390
SEND 1553581741 INTRODUCE 36 15302
SEND 1553581741 INTRODUCE 36 10725
SEND 1553581741 INTRODUCE 36 11150
SEND 1553581741 INTRODUCE 36 22613
SEND 1553581741 INTRODUCE 36 11295
SEND 1553581741 INTRODUCE 36 14020
SEND 1553581741 INTRODUCE 36 14060
SEND 1553581741 JOIN 32 14883
RECIEVED 1553581741 INTRODUCE 36 43 0
RECIEVED 1553581741 INTRODUCE 37 43 0
RECIEVED 1553581741 INTRODUCE 36 43 0
RECIEVED 1553581741 INTRODUCE 37 43 0
RECIEVED 1553581741 INTRODUCE 36 43 0
RECIEVED 1553581741 INTRODUCE 36 43 0
RECIEVED 1553581741 INTRODUCE 36 43 0
RECIEVED 1553581741 INTRODUCE 35 43 0
RECIEVED 1553581741 INTRODUCE 36 43 0
RECIEVED 1553581741 INTRODUCE 37 43 0
RECIEVED 1553581741 INTRODUCE 36 43 0
RECIEVED 1553581741 INTRODUCE 37 43 0
RECIEVED 1553581741 INTRODUCE 36 43 0
RECIEVED 1553581741 INTRODUCE 36 43 0
RECIEVED 1553581741 INTRODUCE 36 43 0
RECIEVED 1553581741 INTRODUCE 36 43 0
RECIEVED 1553581741 INTRODUCE 36 43 0
RECIEVED 1553581741 INTRODUCE 36 43 0
RECIEVED 1553581741 INTRODUCE 36 43 0
RECIEVED 1553581741 INTRODUCE 35 43 0
RECIEVED 1553581741 INTRODUCE 37 43 0
RECIEVED 1553581741 INTRODUCE 35 43 0
RECIEVED 1553581741 INTRODUCE 37 43 0
RECIEVED 1553581741 INTRODUCE 36 43 0
RECIEVED 1553581741 INTRODUCE 36 43 0
RECIEVED 1553581741 INTRODUCE 35 43 0
RECIEVED 1553581741 INTRODUCE 37 43 0
RECIEVED 1553581741 INTRODUCE 36 43 0
RECIEVED 1553581741 INTRODUCE 37 43 0
RECIEVED 1553581741 INTRODUCE 36 43 0
RECIEVED 1553581741 INTRODUCE 36 43 0
RECIEVED 1553581741 INTRODUCE 36 43 0
RECIEVED 1553581741 INTRODUCE 36 43 0
RECIEVED 1553581741 INTRODUCE 35 43 0
RECIEVED 1553581741 INTRODUCE 36 43 0
RECIEVED 1553581741 INTRODUCE 37 43 0
RECIEVED 1553581741 INTRODUCE 35 43 0
RECIEVED 1553581741 INTRODUCE 36 43 0
RECIEVED 1553581741 INTRODUCE 36 43 0
RECIEVED 1553581741 INTRODUCE 36 43 0
RECIEVED 1553581741 INTRODUCE 37 43 0
RECIEVED 1553581741 INTRODUCE 37 43 0
RECIEVED 1553581741 INTRODUCE 37 43 0
RECIEVED 1553581741 INTRODUCE 36 43 0
RECIEVED 1553581741 INTRODUCE 36 43 0
RECIEVED 1553581741 INTRODUCE 36 43 0
RECIEVED 1553581741 INTRODUCE 36 43 0
RECIEVED 1553581741 INTRODUCE 36 43 0
RECIEVED 1553581741 INTRODUCE 36 43 0
RECIEVED 1553581741 INTRODUCE 36 43 0
RECIEVED 1553581741 INTRODUCE 37 43 0
RECIEVED 1553581741 INTRODUCE 36 43 0
RECIEVED 1553581741 INTRODUCE 36 43 0
RECIEVED 1553581741 INTRODUCE 37 43 0
RECIEVED 1553581741 INTRODUCE 37 43 0
RECIEVED 1553581741 INTRODUCE 37 43 0
RECIEVED 1553581741 INTRODUCE 36 43 0
RECIEVED 1553581741 INTRODUCE 36 43 0
RECIEVED 1553581741 INTRODUCE 36 43 0
RECIEVED 1553581741 INTRODUCE 36 43 0
RECIEVED 1553581741 INTRODUCE 37 43 0
RECIEVED 1553581741 INTRODUCE 36 43 0
RECIEVED 1553581741 INTRODUCE 37 43 0
RECIEVED 1553581741 INTRODUCE 36 43 0
RECIEVED 1553581741 INTRODUCE 36 43 0
RECIEVED 1553581741 INTRODUCE 36 43 0
RECIEVED 1553581741 INTRODUCE 36 43 0
RECIEVED 1553581741 INTRODUCE 36 43 0
RECIEVED 1553581741 INTRODUCE 36 43 0
RECIEVED 1553581741 INTRODUCE 36 43 0
RECIEVED 1553581741 INTRODUCE 36 43 0
RECIEVED 1553581741 INTRODUCE 37 43 0
RECIEVED 1553581741 INTRODUCE 36 43 0
RECIEVED 1553581741 INTRODUCE 36 43 0
RECIEVED 1553581741 INTRODUCE 36 43 0
RECIEVED 1553581741 INTRODUCE 37 43 0
RECIEVED 1553581741 INTRODUCE 35 43 0
RECIEVED 1553581741 INTRODUCE 36 43 0
RECIEVED 1553581741 INTRODUCE 36 43 0
RECIEVED 1553581741 INTRODUCE 37 43 0
RECIEVED 1553581741 INTRODUCE 35 43 0
RECIEVED 1553581741 INTRODUCE 36 43 0
RECIEVED 1553581741 INTRODUCE 37 43 0
RECIEVED 1553581741 INTRODUCE 37 43 0
RECIEVED 1553581741 INTRODUCE 36 43 0
RECIEVED 1553581741 INTRODUCE 35 43 0
RECIEVED 1553581741 INTRODUCE 36 43 0
RECIEVED 1553581741 INTRODUCE 36 43 0
RECIEVED 1553581741 INTRODUCE 35 43 0
RECIEVED 1553581741 INTRODUCE 36 43 0
RECIEVED 1553581741 INTRODUCE 36 43 0
RECIEVED 1553581741 INTRODUCE 37 43 0
RECIEVED 1553581741 INTRODUCE 36 43 0
RECIEVED 1553581741 INTRODUCE 35 43 0
RECIEVED 1553581741 INTRODUCE 36 43 0
RECIEVED 1553581741 INTRODUCE 36 43 0
RECIEVED 1553581741 INTRODUCE 36 43 0
RECIEVED 1553581741 INTRODUCE 37 43 0
RECIEVED 1553581741 INTRODUCE 37 43 0
RECIEVED 1553581741 INTRODUCE 36 43 0
RECIEVED 1553581741 INTRODUCE 36 43 0
RECIEVED 1553581741 INTRODUCE 35 43 0
RECIEVED 1553581741 INTRODUCE 36 43 0
RECIEVED 1553581741 INTRODUCE 36 43 0
RECIEVED 1553581741 INTRODUCE 35 43 0
RECIEVED 1553581741 INTRODUCE 35 43 0
RECIEVED 1553581741 INTRODUCE 35 43 0
RECIEVED 1553581741 INTRODUCE 37 43 0
RECIEVED 1553581741 INTRODUCE 35 43 0
RECIEVED 1553581741 INTRODUCE 37 43 0
RECIEVED 1553581741 TRANSACTION 81 43 0
UPDATE 1553581741 TRANSACTION 26d3bb5cedcb4a7a7d0815d64e6420b9
SEND 1553581741 TRANSACTION 81 11496 26d3bb5cedcb4a7a7d0815d64e6420b9
SEND 1553581741 TRANSACTION 81 16555 26d3bb5cedcb4a7a7d0815d64e6420b9
SEND 1553581741 TRANSACTION 81 11451 26d3bb5cedcb4a7a7d0815d64e6420b9
SEND 1553581741 TRANSACTION 81 11002 26d3bb5cedcb4a7a7d0815d64e6420b9
SEND 1553581741 TRANSACTION 81 11235 26d3bb5cedcb4a7a7d0815d64e6420b9
SEND 1553581741 TRANSACTION 81 11607 26d3bb5cedcb4a7a7d0815d64e6420b9
SEND 1553581741 TRANSACTION 81 13460 26d3bb5cedcb4a7a7d0815d64e6420b9
SEND 1553581741 TRANSACTION 81 10588 26d3bb5cedcb4a7a7d0815d64e6420b9
SEND 1553581741 TRANSACTION 81 34129 26d3bb5cedcb4a7a7d0815d64e6420b9
SEND 1553581741 TRANSACTION 81 19246 26d3bb5cedcb4a7a7d0815d64e6420b9
SEND 1553581741 TRANSACTION 81 11510 26d3bb5cedcb4a7a7d0815d64e6420b9
SEND 1553581741 TRANSACTION 81 30555 26d3bb5cedcb4a7a7d0815d64e6420b9
SEND 1553581741 TRANSACTION 81 18267 26d3bb5cedcb4a7a7d0815d64e6420b9
SEND 1553581741 TRANSACTION 81 23524 26d3bb5cedcb4a7a7d0815d64e6420b9
RECIEVED 1553581741 INTRODUCE 36 43 1
RECIEVED 1553581741 TRANSACTION 80 43 1
UPDATE 1553581741 TRANSACTION 2a6f5e7e8acea9babc8fd06688a05fc0
SEND 1553581741 TRANSACTION 80 13580 2a6f5e7e8acea9babc8fd06688a05fc0
SEND 1553581741 TRANSACTION 80 23136 2a6f5e7e8acea9babc8fd06688a05fc0
SEND 1553581741 TRANSACTION 80 15130 2a6f5e7e8acea9babc8fd06688a05fc0
SEND 1553581741 TRANSACTION 80 10282 2a6f5e7e8acea9babc8fd06688a05fc0
SEND 1553581741 TRANSACTION 80 10741 2a6f5e7e8acea9babc8fd06688a05fc0
SEND 1553581741 TRANSACTION 80 11807 2a6f5e7e8acea9babc8fd06688a05fc0
SEND 1553581741 TRANSACTION 80 15220 2a6f5e7e8acea9babc8fd06688a05fc0
SEND 1553581741 TRANSACTION 80 10839 2a6f5e7e8acea9babc8fd06688a05fc0
SEND 1553581741 TRANSACTION 80 15022 2a6f5e7e8acea9babc8fd06688a05fc0
SEND 1553581741 TRANSACTION 80 14780 2a6f5e7e8acea9babc8fd06688a05fc0
SEND 1553581741 TRANSACTION 80 31275 2a6f5e7e8acea9babc8fd06688a05fc0
SEND 1553581741 TRANSACTION 80 17536 2a6f5e7e8acea9babc8fd06688a05fc0
SEND 1553581741 TRANSACTION 80 20936 2a6f5e7e8acea9babc8fd06688a05fc0
SEND 1553581741 TRANSACTION 80 16234 2a6f5e7e8acea9babc8fd06688a05fc0
RECIEVED 1553581741 INTRODUCE 36 43 2
RECIEVED 1553581741 INTRODUCE 35 43 2
RECIEVED 1553581741 INTRODUCE 36 43 2
RECIEVED 1553581741 TRANSACTION 81 43 2
RECIEVED 1553581741 INTRODUCE 36 43 2
RECIEVED 1553581741 INTRODUCE 36 43 2
RECIEVED 1553581741 INTRODUCE 37 43 2
RECIEVED 1553581741 INTRODUCE 37 43 2
RECIEVED 1553581741 INTRODUCE 36 43 2
RECIEVED 1553581741 INTRODUCE 35 43 2
RECIEVED 1553581741 INTRODUCE 36 43 2
RECIEVED 1553581741 INTRODUCE 35 43 2
RECIEVED 1553581741 INTRODUCE 36 43 2
RECIEVED 1553581741 INTRODUCE 35 43 2
RECIEVED 1553581741 INTRODUCE 35 43 2
RECIEVED 1553581741 INTRODUCE 37 43 2
RECIEVED 1553581741 INTRODUCE 36 43 2
RECIEVED 1553581741 INTRODUCE 36 43 2
RECIEVED 1553581741 INTRODUCE 36 43 2
RECIEVED 1553581741 INTRODUCE 36 43 2
RECIEVED 1553581741 INTRODUCE 36 43 2
RECIEVED 1553581741 INTRODUCE 36 43 2
RECIEVED 1553581741 INTRODUCE 37 43 2
RECIEVED 1553581741 INTRODUCE 37 43 2
RECIEVED 1553581741 INTRODUCE 36 43 2
RECIEVED 1553581741 INTRODUCE 36 43 2
RECIEVED 1553581741 INTRODUCE 36 43 2
RECIEVED 1553581741 INTRODUCE 36 43 2
RECIEVED 1553581741 INTRODUCE 36 43 2
RECIEVED 1553581741 INTRODUCE 36 43 2
RECIEVED 1553581741 INTRODUCE 37 43 2
RECIEVED 1553581741 INTRODUCE 35 43 2
RECIEVED 1553581741 INTRODUCE 36 43 2
RECIEVED 1553581741 INTRODUCE 37 43 2
RECIEVED 1553581741 INTRODUCE 36 43 2
RECIEVED 1553581741 INTRODUCE 36 43 2
RECIEVED 1553581741 INTRODUCE 37 43 2
RECIEVED 1553581741 INTRODUCE 36 43 2
RECIEVED 1553581741 INTRODUCE 36 43 2
RECIEVED 1553581741 INTRODUCE 37 43 2
RECIEVED 1553581741 INTRODUCE 36 43 2
RECIEVED 1553581741 INTRODUCE 37 43 2
RECIEVED 1553581741 INTRODUCE 35 43 2
RECIEVED 1553581741 INTRODUCE 36 43 2
RECIEVED 1553581741 INTRODUCE 36 43 2
RECIEVED 1553581741 INTRODUCE 37 43 2
RECIEVED 1553581741 INTRODUCE 36 43 2
RECIEVED 1553581741 INTRODUCE 37 43 2
RECIEVED 1553581741 INTRODUCE 36 43 2
RECIEVED 1553581741 INTRODUCE 37 43 2
SEND 1553581741 INTRODUCE 37 10692
SEND 1553581741 INTRODUCE 37 11640
SEND 1553581741 INTRODUCE 37 10461
SEND 1553581741 INTRODUCE 37 17819
SEND 1553581741 INTRODUCE 37 11710
SEND 1553581741 INTRODUCE 37 14621
SEND 1553581741 INTRODUCE 37 10063
SEND 1553581741 INTRODUCE 37 12713
SEND 1553581741 INTRODUCE 37 22458
SEND 1553581741 INTRODUCE 37 11970
SEND 1553581741 INTRODUCE 37 11032
SEND 1553581741 INTRODUCE 37 14599
SEND 1553581741 INTRODUCE 37 36810
SEND 1553581741 INTRODUCE 37 10919
SEND 1553581741 INTRODUCE 37 30455
SEND 1553581741 INTRODUCE 37 10710
SEND 1553581741 INTRODUCE 37 14604
SEND 1553581741 INTRODUCE 37 15064
SEND 1553581741 INTRODUCE 37 11464
SEND 1553581741 INTRODUCE 37 14507
SEND 1553581741 INTRODUCE 37 11895
SEND 1553581741 INTRODUCE 37 27022
SEND 1553581741 INTRODUCE 37 14416
SEND 1553581741 INTRODUCE 37 20964
SEND 1553581741 INTRODUCE 37 15243
SEND 1553581741 INTRODUCE 37 10626
SEND 1553581741 INTRODUCE 37 14345
SEND 1553581741 INTRODUCE 37 13744
SEND 1553581741 INTRODUCE 37 10485
SEND 1553581741 INTRODUCE 37 15985
SEND 1553581741 INTRODUCE 37 11227
SEND 1553581741 INTRODUCE 37 19555
SEND 1553581741 INTRODUCE 37 10237
SEND 1553581741 INTRODUCE 37 15662
SEND 1553581741 INTRODUCE 37 10895
SEND 1553581741 INTRODUCE 37 13473
# recieved string JOIN node1 172.22.158.206 8001

SEND 1553581741 INTRODUCE 37 14619
SEND 1553581741 INTRODUCE 37 15504
SEND 1553581741 INTRODUCE 37 11087
SEND 1553581741 INTRODUCE 37 16386
SEND 1553581741 INTRODUCE 37 10753
SEND 1553581741 INTRODUCE 37 12617
SEND 1553581741 INTRODUCE 37 15184
SEND 1553581741 JOIN 32 13991
RECIEVED 1553581741 INTRODUCE 36 44 2
RECIEVED 1553581741 INTRODUCE 36 44 2
RECIEVED 1553581741 INTRODUCE 36 44 2
RECIEVED 1553581741 INTRODUCE 35 44 2
RECIEVED 1553581741 INTRODUCE 36 44 2
RECIEVED 1553581741 INTRODUCE 36 44 2
RECIEVED 1553581741 INTRODUCE 36 44 2
RECIEVED 1553581741 INTRODUCE 36 44 2
RECIEVED 1553581741 INTRODUCE 36 44 2
RECIEVED 1553581741 INTRODUCE 37 44 2
RECIEVED 1553581741 INTRODUCE 36 44 2
RECIEVED 1553581741 INTRODUCE 36 44 2
RECIEVED 1553581741 INTRODUCE 36 44 2
RECIEVED 1553581741 INTRODUCE 36 44 2
RECIEVED 1553581741 INTRODUCE 37 44 2
RECIEVED 1553581741 INTRODUCE 36 44 2
RECIEVED 1553581741 INTRODUCE 36 44 2
RECIEVED 1553581741 INTRODUCE 36 44 2
RECIEVED 1553581741 INTRODUCE 36 44 2
RECIEVED 1553581741 INTRODUCE 36 44 2
RECIEVED 1553581741 INTRODUCE 36 44 2
RECIEVED 1553581741 INTRODUCE 37 44 2
RECIEVED 1553581741 INTRODUCE 36 44 2
RECIEVED 1553581741 INTRODUCE 37 44 2
RECIEVED 1553581741 INTRODUCE 36 44 2
RECIEVED 1553581741 INTRODUCE 36 44 2
RECIEVED 1553581741 INTRODUCE 36 44 2
RECIEVED 1553581741 INTRODUCE 35 44 2
RECIEVED 1553581741 INTRODUCE 37 44 2
RECIEVED 1553581741 INTRODUCE 36 44 2
RECIEVED 1553581741 INTRODUCE 36 44 2
RECIEVED 1553581741 INTRODUCE 36 44 2
RECIEVED 1553581741 INTRODUCE 37 44 2
RECIEVED 1553581741 INTRODUCE 35 44 2
RECIEVED 1553581741 INTRODUCE 37 44 2
RECIEVED 1553581741 INTRODUCE 36 44 2
RECIEVED 1553581741 INTRODUCE 36 44 2
RECIEVED 1553581741 INTRODUCE 35 44 2
RECIEVED 1553581741 INTRODUCE 36 44 2
RECIEVED 1553581741 INTRODUCE 36 44 2
RECIEVED 1553581741 INTRODUCE 37 44 2
RECIEVED 1553581741 TRANSACTION 81 44 2
UPDATE 1553581741 TRANSACTION b89f38dfecb45d3eb6afe084bd3a1cb6
SEND 1553581741 TRANSACTION 81 24351 b89f38dfecb45d3eb6afe084bd3a1cb6
SEND 1553581741 TRANSACTION 81 876790 b89f38dfecb45d3eb6afe084bd3a1cb6
SEND 1553581741 TRANSACTION 81 9993 b89f38dfecb45d3eb6afe084bd3a1cb6
SEND 1553581741 TRANSACTION 81 11012 b89f38dfecb45d3eb6afe084bd3a1cb6
SEND 1553581741 TRANSACTION 81 33724 b89f38dfecb45d3eb6afe084bd3a1cb6
SEND 1553581741 TRANSACTION 81 20601 b89f38dfecb45d3eb6afe084bd3a1cb6
SEND 1553581741 TRANSACTION 81 16691 b89f38dfecb45d3eb6afe084bd3a1cb6
SEND 1553581741 TRANSACTION 81 10630 b89f38dfecb45d3eb6afe084bd3a1cb6
SEND 1553581741 TRANSACTION 81 23748 b89f38dfecb45d3eb6afe084bd3a1cb6
SEND 1553581741 TRANSACTION 81 15703 b89f38dfecb45d3eb6afe084bd3a1cb6
SEND 1553581741 TRANSACTION 81 11059 b89f38dfecb45d3eb6afe084bd3a1cb6
SEND 1553581741 TRANSACTION 81 16001 b89f38dfecb45d3eb6afe084bd3a1cb6
SEND 1553581741 TRANSACTION 81 13600 b89f38dfecb45d3eb6afe084bd3a1cb6
SEND 1553581741 TRANSACTION 81 9668 b89f38dfecb45d3eb6afe084bd3a1cb6
SEND 1553581741 TRANSACTION 81 29994 b89f38dfecb45d3eb6afe084bd3a1cb6
SEND 1553581741 TRANSACTION 81 20224 b89f38dfecb45d3eb6afe084bd3a1cb6
SEND 1553581741 TRANSACTION 81 10652 b89f38dfecb45d3eb6afe084bd3a1cb6
RECIEVED 1553581741 INTRODUCE 36 44 3
RECIEVED 1553581741 INTRODUCE 36 44 3
RECIEVED 1553581741 INTRODUCE 35 44 3
RECIEVED 1553581741 INTRODUCE 35 44 3
RECIEVED 1553581741 TRANSACTION 80 44 3
RECIEVED 1553581741 INTRODUCE 36 44 3
RECIEVED 1553581741 INTRODUCE 37 44 3
RECIEVED 1553581741 INTRODUCE 36 44 3
RECIEVED 1553581741 INTRODUCE 37 44 3
RECIEVED 1553581741 INTRODUCE 36 44 3
RECIEVED 1553581741 INTRODUCE 35 44 3
RECIEVED 1553581741 TRANSACTION 82 44 3
UPDATE 1553581741 TRANSACTION ab6de3152d4058dd1ef8722941a80445
SEND 1553581741 TRANSACTION 82 10534 ab6de3152d4058dd1ef8722941a80445
SEND 1553581741 TRANSACTION 82 11876 ab6de3152d4058dd1ef8722941a80445
SEND 1553581741 TRANSACTION 82 14344 ab6de3152d4058dd1ef8722941a80445
SEND 1553581741 TRANSACTION 82 10772 ab6de3152d4058dd1ef8722941a80445
SEND 1553581741 TRANSACTION 82 11658 ab6de3152d4058dd1ef8722941a80445
SEND 1553581741 TRANSACTION 82 11380 ab6de3152d4058dd1ef8722941a80445
SEND 1553581741 TRANSACTION 82 15172 ab6de3152d4058dd1ef8722941a80445
SEND 1553581741 TRANSACTION 82 19639 ab6de3152d4058dd1ef8722941a80445
SEND 1553581741 TRANSACTION 82 38588 ab6de3152d4058dd1ef8722941a80445
SEND 1553581741 TRANSACTION 82 21606 ab6de3152d4058dd1ef8722941a80445
# recieved string JOIN node8 172.22.158.206 8008

SEND 1553581741 TRANSACTION 82 16452 ab6de3152d4058dd1ef8722941a80445
SEND 1553581741 TRANSACTION 82 15210 ab6de3152d4058dd1ef8722941a80445
SEND 1553581741 TRANSACTION 82 14338 ab6de3152d4058dd1ef8722941a80445
SEND 1553581741 TRANSACTION 82 11656 ab6de3152d4058dd1ef8722941a80445
SEND 1553581741 TRANSACTION 82 11537 ab6de3152d4058dd1ef8722941a80445
SEND 1553581741 TRANSACTION 82 11329 ab6de3152d4058dd1ef8722941a80445
RECIEVED 1553581741 INTRODUCE 36 44 4
RECIEVED 1553581741 INTRODUCE 36 44 4
RECIEVED 1553581741 INTRODUCE 37 44 4
RECIEVED 1553581741 INTRODUCE 35 44 4
RECIEVED 1553581741 INTRODUCE 36 44 4
RECIEVED 1553581741 INTRODUCE 36 44 4
RECIEVED 1553581741 INTRODUCE 35 44 4
RECIEVED 1553581741 INTRODUCE 36 44 4
RECIEVED 1553581741 TRANSACTION 81 44 4
UPDATE 1553581741 TRANSACTION 8f8e36cee1fd5fc8216b6e2d115852ef
SEND 1553581741 TRANSACTION 81 11118 8f8e36cee1fd5fc8216b6e2d115852ef
SEND 1553581741 TRANSACTION 81 14480 8f8e36cee1fd5fc8216b6e2d115852ef
SEND 1553581741 TRANSACTION 81 14868 8f8e36cee1fd5fc8216b6e2d115852ef
SEND 1553581741 TRANSACTION 81 10700 8f8e36cee1fd5fc8216b6e2d115852ef
SEND 1553581741 TRANSACTION 81 16482 8f8e36cee1fd5fc8216b6e2d115852ef
SEND 1553581741 TRANSACTION 81 11127 8f8e36cee1fd5fc8216b6e2d115852ef
SEND 1553581741 TRANSACTION 81 10919 8f8e36cee1fd5fc8216b6e2d115852ef
SEND 1553581741 TRANSACTION 81 11195 8f8e36cee1fd5fc8216b6e2d115852ef
SEND 1553581741 TRANSACTION 81 14044 8f8e36cee1fd5fc8216b6e2d115852ef
SEND 1553581741 TRANSACTION 81 15768 8f8e36cee1fd5fc8216b6e2d115852ef
SEND 1553581741 TRANSACTION 81 11651 8f8e36cee1fd5fc8216b6e2d115852ef
SEND 1553581741 TRANSACTION 81 10901 8f8e36cee1fd5fc8216b6e2d115852ef
SEND 1553581741 TRANSACTION 81 10508 8f8e36cee1fd5fc8216b6e2d115852ef
SEND 1553581741 TRANSACTION 81 13800 8f8e36cee1fd5fc8216b6e2d115852ef
SEND 1553581741 TRANSACTION 81 12931 8f8e36cee1fd5fc8216b6e2d115852ef
SEND 1553581741 TRANSACTION 81 16328 8f8e36cee1fd5fc8216b6e2d115852ef
SEND 1553581741 TRANSACTION 81 15740 8f8e36cee1fd5fc8216b6e2d115852ef
SEND 1553581741 TRANSACTION 81 11032 8f8e36cee1fd5fc8216b6e2d115852ef
RECIEVED 1553581741 INTRODUCE 36 44 5
RECIEVED 1553581741 INTRODUCE 36 44 5
RECIEVED 1553581741 INTRODUCE 36 44 5
RECIEVED 1553581741 INTRODUCE 36 44 5
RECIEVED 1553581741 TRANSACTION 83 44 5
UPDATE 1553581741 TRANSACTION 7541abbccd3f7fed00273c19893c1715
SEND 1553581741 TRANSACTION 83 11111 7541abbccd3f7fed00273c19893c1715
SEND 1553581741 TRANSACTION 83 20816 7541abbccd3f7fed00273c19893c1715
SEND 1553581741 TRANSACTION 83 16912 7541abbccd3f7fed00273c19893c1715
SEND 1553581741 TRANSACTION 83 11679 7541abbccd3f7fed00273c19893c1715
SEND 1553581741 TRANSACTION 83 16466 7541abbccd3f7fed00273c19893c1715
SEND 1553581741 TRANSACTION 83 15943 7541abbccd3f7fed00273c19893c1715
SEND 1553581741 TRANSACTION 83 11173 7541abbccd3f7fed00273c19893c1715
SEND 1553581741 TRANSACTION 83 11088 7541abbccd3f7fed00273c19893c1715
SEND 1553581741 TRANSACTION 83 15247 7541abbccd3f7fed00273c19893c1715
SEND 1553581741 TRANSACTION 83 10818 7541abbccd3f7fed00273c19893c1715
SEND 1553581741 TRANSACTION 83 11618 7541abbccd3f7fed00273c19893c1715
SEND 1553581741 TRANSACTION 83 10963 7541abbccd3f7fed00273c19893c1715
SEND 1553581742 TRANSACTION 83 14573 7541abbccd3f7fed00273c19893c1715
RECIEVED 1553581742 TRANSACTION 83 44 6
RECIEVED 1553581742 INTRODUCE 37 44 6
RECIEVED 1553581742 INTRODUCE 36 44 6
RECIEVED 1553581742 TRANSACTION 81 44 6
UPDATE 1553581742 TRANSACTION 1fbedf6899a85ed29f80f7c7785e0e81
SEND 1553581742 TRANSACTION 81 15492 1fbedf6899a85ed29f80f7c7785e0e81
SEND 1553581742 TRANSACTION 81 11596 1fbedf6899a85ed29f80f7c7785e0e81
SEND 1553581742 TRANSACTION 81 19812 1fbedf6899a85ed29f80f7c7785e0e81
SEND 1553581742 TRANSACTION 81 10840 1fbedf6899a85ed29f80f7c7785e0e81
SEND 1553581742 TRANSACTION 81 11725 1fbedf6899a85ed29f80f7c7785e0e81
SEND 1553581742 TRANSACTION 81 15959 1fbedf6899a85ed29f80f7c7785e0e81
SEND 1553581742 TRANSACTION 81 16188 1fbedf6899a85ed29f80f7c7785e0e81
SEND 1553581742 TRANSACTION 81 11027 1fbedf6899a85ed29f80f7c7785e0e81
SEND 1553581742 TRANSACTION 81 20609 1fbedf6899a85ed29f80f7c7785e0e81
SEND 1553581742 TRANSACTION 81 15972 1fbedf6899a85ed29f80f7c7785e0e81
SEND 1553581742 TRANSACTION 81 11456 1fbedf6899a85ed29f80f7c7785e0e81
SEND 1553581742 TRANSACTION 81 10630 1fbedf6899a85ed29f80f7c7785e0e81
SEND 1553581742 TRANSACTION 81 20107 1fbedf6899a85ed29f80f7c7785e0e81
SEND 1553581742 TRANSACTION 81 10957 1fbedf6899a85ed29f80f7c7785e0e81
SEND 1553581742 TRANSACTION 81 16981 1fbedf6899a85ed29f80f7c7785e0e81
RECIEVED 1553581742 TRANSACTION 80 44 7
UPDATE 1553581742 TRANSACTION 3cfb819cebc96fd8021b220159afab36
SEND 1553581742 TRANSACTION 80 21355 3cfb819cebc96fd8021b220159afab36
SEND 1553581742 TRANSACTION 80 15196 3cfb819cebc96fd8021b220159afab36
SEND 1553581742 TRANSACTION 80 15034 3cfb819cebc96fd8021b220159afab36
SEND 1553581742 TRANSACTION 80 15314 3cfb819cebc96fd8021b220159afab36
SEND 1553581742 TRANSACTION 80 15682 3cfb819cebc96fd8021b220159afab36
SEND 1553581742 TRANSACTION 80 13901 3cfb819cebc96fd8021b220159afab36
SEND 1553581742 TRANSACTION 80 11087 3cfb819cebc96fd8021b220159afab36
SEND 1553581742 TRANSACTION 80 16046 3cfb819cebc96fd8021b220159afab36
SEND 1553581742 TRANSACTION 80 21681 3cfb819cebc96fd8021b220159afab36
SEND 1553581742 TRANSACTION 80 9924 3cfb819cebc96fd8021b220159afab36
SEND 1553581742 TRANSACTION 80 10621 3cfb819cebc96fd8021b220159afab36
SEND 1553581742 TRANSACTION 80 10971 3cfb819cebc96fd8021b220159afab36
SEND 1553581742 TRANSACTION 80 15340 3cfb819cebc96fd8021b220159afab36
SEND 1553581742 TRANSACTION 80 12998 3cfb819cebc96fd8021b220159afab36
SEND 1553581742 TRANSACTION 80 37393 3cfb819cebc96fd8021b220159afab36
SEND 1553581742 TRANSACTION 80 10751 3cfb819cebc96fd8021b220159afab36
SEND 1553581742 TRANSACTION 80 10651 3cfb819cebc96fd8021b220159afab36
SEND 1553581742 TRANSACTION 80 13886 3cfb819cebc96fd8021b220159afab36
SEND 1553581742 TRANSACTION 80 10686 3cfb819cebc96fd8021b220159afab36
RECIEVED 1553581742 INTRODUCE 35 44 8
RECIEVED 1553581742 INTRODUCE 37 44 8
RECIEVED 1553581742 INTRODUCE 36 44 8
RECIEVED 1553581742 INTRODUCE 36 44 8
RECIEVED 1553581742 INTRODUCE 37 44 8
RECIEVED 1553581742 INTRODUCE 36 44 8
RECIEVED 1553581742 INTRODUCE 36 44 8
RECIEVED 1553581742 INTRODUCE 36 44 8
RECIEVED 1553581742 INTRODUCE 37 44 8
RECIEVED 1553581742 INTRODUCE 35 44 8
RECIEVED 1553581742 INTRODUCE 37 44 8
RECIEVED 1553581742 INTRODUCE 35 44 8
RECIEVED 1553581742 INTRODUCE 36 44 8
RECIEVED 1553581742 INTRODUCE 37 44 8
RECIEVED 1553581742 INTRODUCE 36 44 8
RECIEVED 1553581742 INTRODUCE 36 44 8
RECIEVED 1553581742 INTRODUCE 36 44 8
RECIEVED 1553581742 INTRODUCE 36 44 8
RECIEVED 1553581742 INTRODUCE 36 44 8
RECIEVED 1553581742 INTRODUCE 36 44 8
RECIEVED 1553581742 INTRODUCE 35 44 8
RECIEVED 1553581742 INTRODUCE 36 44 8
RECIEVED 1553581742 INTRODUCE 37 44 8
RECIEVED 1553581742 INTRODUCE 36 44 8
RECIEVED 1553581742 INTRODUCE 35 44 8
RECIEVED 1553581742 INTRODUCE 35 44 8
RECIEVED 1553581742 INTRODUCE 37 44 8
RECIEVED 1553581742 INTRODUCE 36 44 8
RECIEVED 1553581742 INTRODUCE 37 44 8
RECIEVED 1553581742 INTRODUCE 37 44 8
RECIEVED 1553581742 INTRODUCE 37 44 8
RECIEVED 1553581742 INTRODUCE 36 44 8
RECIEVED 1553581742 INTRODUCE 36 44 8
RECIEVED 1553581742 INTRODUCE 36 44 8
RECIEVED 1553581742 INTRODUCE 36 44 8
RECIEVED 1553581742 INTRODUCE 36 44 8
RECIEVED 1553581742 INTRODUCE 37 44 8
RECIEVED 1553581742 INTRODUCE 36 44 8
RECIEVED 1553581742 INTRODUCE 37 44 8
RECIEVED 1553581742 INTRODUCE 36 44 8
RECIEVED 1553581742 INTRODUCE 36 44 8
RECIEVED 1553581742 INTRODUCE 36 44 8
RECIEVED 1553581742 INTRODUCE 36 44 8
RECIEVED 1553581742 INTRODUCE 36 44 8
RECIEVED 1553581742 INTRODUCE 37 44 8
RECIEVED 1553581742 INTRODUCE 37 44 8
RECIEVED 1553581742 INTRODUCE 36 44 8
RECIEVED 1553581742 INTRODUCE 36 44 8
RECIEVED 1553581742 TRANSACTION 80 44 8
RECIEVED 1553581742 INTRODUCE 36 44 8
RECIEVED 1553581742 INTRODUCE 36 44 8
RECIEVED 1553581742 INTRODUCE 36 44 8
RECIEVED 1553581742 INTRODUCE 36 44 8
RECIEVED 1553581742 INTRODUCE 37 44 8
RECIEVED 1553581742 INTRODUCE 36 44 8
RECIEVED 1553581742 INTRODUCE 36 44 8
RECIEVED 1553581742 INTRODUCE 35 44 8
RECIEVED 1553581742 INTRODUCE 36 44 8
RECIEVED 1553581742 INTRODUCE 36 44 8
RECIEVED 1553581742 INTRODUCE 36 44 8
RECIEVED 1553581742 INTRODUCE 35 44 8
RECIEVED 1553581742 INTRODUCE 37 44 8
RECIEVED 1553581742 INTRODUCE 36 44 8
RECIEVED 1553581742 INTRODUCE 35 44 8
RECIEVED 1553581742 INTRODUCE 36 44 8
RECIEVED 1553581742 INTRODUCE 37 44 8
RECIEVED 1553581742 INTRODUCE 36 44 8
RECIEVED 1553581742 INTRODUCE 35 44 8
RECIEVED 1553581742 INTRODUCE 36 44 8
RECIEVED 1553581742 INTRODUCE 35 44 8
RECIEVED 1553581742 INTRODUCE 36 44 8
RECIEVED 1553581742 INTRODUCE 36 44 8
RECIEVED 1553581742 INTRODUCE 36 44 8
RECIEVED 1553581742 INTRODUCE 37 44 8
RECIEVED 1553581742 INTRODUCE 36 44 8
RECIEVED 1553581742 INTRODUCE 36 44 8
RECIEVED 1553581742 INTRODUCE 36 44 8
RECIEVED 1553581742 INTRODUCE 36 44 8
RECIEVED 1553581742 INTRODUCE 36 44 8
SEND 1553581742 INTRODUCE 36 10521
SEND 1553581742 INTRODUCE 36 15487
SEND 1553581742 INTRODUCE 36 14061
SEND 1553581742 INTRODUCE 36 20791
SEND 1553581742 INTRODUCE 36 16955
SEND 1553581742 INTRODUCE 36 12092
SEND 1553581742 INTRODUCE 36 39496
SEND 1553581742 INTRODUCE 36 13395
SEND 1553581742 INTRODUCE 36 14264
SEND 1553581742 INTRODUCE 36 15906
SEND 1553581742 INTRODUCE 36 20761
SEND 1553581742 INTRODUCE 36 21556
SEND 1553581742 INTRODUCE 36 19497
SEND 1553581742 INTRODUCE 36 10462
SEND 1553581742 INTRODUCE 36 15223
SEND 1553581742 INTRODUCE 36 10582
SEND 1553581742 INTRODUCE 36 10863
SEND 1553581742 INTRODUCE 36 11076
SEND 1553581742 INTRODUCE 36 14269
SEND 1553581742 INTRODUCE 36 10988
SEND 1553581742 INTRODUCE 36 14139
SEND 1553581742 INTRODUCE 36 10824
SEND 1553581742 INTRODUCE 36 15069
SEND 1553581742 INTRODUCE 36 22323
SEND 1553581742 INTRODUCE 36 10667
SEND 1553581742 INTRODUCE 36 14941
SEND 1553581742 INTRODUCE 36 11497
SEND 1553581742 INTRODUCE 36 16313
SEND 1553581742 INTRODUCE 36 11075
SEND 1553581742 INTRODUCE 36 10954
SEND 1553581742 INTRODUCE 36 21641
SEND 1553581742 INTRODUCE 36 11595
SEND 1553581742 INTRODUCE 36 10960
SEND 1553581742 INTRODUCE 36 11573
SEND 1553581742 INTRODUCE 36 15144
SEND 1553581742 INTRODUCE 36 15385
SEND 1553581742 INTRODUCE 36 12822
SEND 1553581742 INTRODUCE 36 11365
SEND 1553581742 INTRODUCE 36 10856
SEND 1553581742 INTRODUCE 36 11064
SEND 1553581742 INTRODUCE 36 14169
SEND 1553581742 INTRODUCE 36 10648
SEND 1553581742 INTRODUCE 36 54759
SEND 1553581742 INTRODUCE 36 13550
SEND 1553581742 JOIN 32 11048
RECIEVED 1553581742 INTRODUCE 36 45 8
RECIEVED 1553581742 INTRODUCE 36 45 8
RECIEVED 1553581742 INTRODUCE 36 45 8
RECIEVED 1553581742 INTRODUCE 37 45 8
RECIEVED 1553581742 INTRODUCE 36 45 8
RECIEVED 1553581742 INTRODUCE 36 45 8
RECIEVED 1553581742 TRANSACTION 81 45 8
RECIEVED 1553581742 TRANSACTION 80 45 8
UPDATE 1553581742 TRANSACTION c31bcf406012741388e8a811ee88ec56
SEND 1553581742 TRANSACTION 80 26988 c31bcf406012741388e8a811ee88ec56
SEND 1553581742 TRANSACTION 80 20477 c31bcf406012741388e8a811ee88ec56
SEND 1553581742 TRANSACTION 80 10611 c31bcf406012741388e8a811ee88ec56
SEND 1553581742 TRANSACTION 80 10361 c31bcf406012741388e8a811ee88ec56
SEND 1553581742 TRANSACTION 80 13569 c31bcf406012741388e8a811ee88ec56
SEND 1553581742 TRANSACTION 80 14981 c31bcf406012741388e8a811ee88ec56
SEND 1553581742 TRANSACTION 80 10542 c31bcf406012741388e8a811ee88ec56
SEND 1553581742 TRANSACTION 80 10397 c31bcf406012741388e8a811ee88ec56
SEND 1553581742 TRANSACTION 80 10825 c31bcf406012741388e8a811ee88ec56
SEND 1553581742 TRANSACTION 80 9760 c31bcf406012741388e8a811ee88ec56
SEND 1553581742 TRANSACTION 80 12870 c31bcf406012741388e8a811ee88ec56
SEND 1553581742 TRANSACTION 80 14472 c31bcf406012741388e8a811ee88ec56
SEND 1553581742 TRANSACTION 80 10744 c31bcf406012741388e8a811ee88ec56
SEND 1553581742 TRANSACTION 80 9357 c31bcf406012741388e8a811ee88ec56
SEND 1553581742 TRANSACTION 80 14377 c31bcf406012741388e8a811ee88ec56
SEND 1553581742 TRANSACTION 80 9273 c31bcf406012741388e8a811ee88ec56
SEND 1553581742 TRANSACTION 80 10660 c31bcf406012741388e8a811ee88ec56
SEND 1553581742 TRANSACTION 80 14978 c31bcf406012741388e8a811ee88ec56
SEND 1553581742 TRANSACTION 80 10649 c31bcf406012741388e8a811ee88ec56
SEND 1553581742 TRANSACTION 80 11105 c31bcf406012741388e8a811ee88ec56
RECIEVED 1553581742 TRANSACTION 80 45 9
RECIEVED 1553581742 TRANSACTION 81 45 9
UPDATE 1553581742 TRANSACTION b06ae7cd737bcf0a955481c0beae5347
SEND 1553581742 TRANSACTION 81 9445 b06ae7cd737bcf0a955481c0beae5347
SEND 1553581742 TRANSACTION 81 8576 b06ae7cd737bcf0a955481c0beae5347
SEND 1553581742 TRANSACTION 81 10100 b06ae7cd737bcf0a955481c0beae5347
SEND 1553581742 TRANSACTION 81 13835 b06ae7cd737bcf0a955481c0beae5347
SEND 1553581742 TRANSACTION 81 10872 b06ae7cd737bcf0a955481c0beae5347
SEND 1553581742 TRANSACTION 81 9335 b06ae7cd737bcf0a955481c0beae5347
SEND 1553581742 TRANSACTION 81 14495 b06ae7cd737bcf0a955481c0beae5347
SEND 1553581742 TRANSACTION 81 14159 b06ae7cd737bcf0a955481c0beae5347
SEND 1553581742 TRANSACTION 81 16614 b06ae7cd737bcf0a955481c0beae5347
SEND 1553581742 TRANSACTION 81 8938 b06ae7cd737bcf0a955481c0beae5347
SEND 1553581742 TRANSACTION 81 10887 b06ae7cd737bcf0a955481c0beae5347
SEND 1553581742 TRANSACTION 81 28796 b06ae7cd737bcf0a955481c0beae5347
SEND 1553581742 TRANSACTION 81 15648 b06ae7cd737bcf0a955481c0beae5347
SEND 1553581742 TRANSACTION 81 25773 b06ae7cd737bcf0a955481c0beae5347
SEND 1553581742 TRANSACTION 81 20366 b06ae7cd737bcf0a955481c0beae5347
SEND 1553581742 TRANSACTION 81 9431 b06ae7cd737bcf0a955481c0beae5347
SEND 1553581742 TRANSACTION 81 10810 b06ae7cd737bcf0a955481c0beae5347
SEND 1553581742 TRANSACTION 81 21155 b06ae7cd737bcf0a955481c0beae5347
SEND 1553581742 TRANSACTION 81 16651 b06ae7cd737bcf0a955481c0beae5347
SEND 1553581742 TRANSACTION 81 10719 b06ae7cd737bcf0a955481c0beae5347
SEND 1553581742 TRANSACTION 81 38447 b06ae7cd737bcf0a955481c0beae5347
RECIEVED 1553581742 TRANSACTION 81 45 10
RECIEVED 1553581742 INTRODUCE 36 45 10
SEND 1553581742 INTRODUCE 36 17046
SEND 1553581742 INTRODUCE 36 11275
SEND 1553581742 INTRODUCE 36 11926
SEND 1553581742 INTRODUCE 36 15351
SEND 1553581742 INTRODUCE 36 10483
SEND 1553581742 INTRODUCE 36 17044
SEND 1553581742 INTRODUCE 36 12619
SEND 1553581742 INTRODUCE 36 11051
SEND 1553581742 INTRODUCE 36 14506
SEND 1553581742 INTRODUCE 36 21313
SEND 1553581742 INTRODUCE 36 21271
SEND 1553581742 INTRODUCE 36 36199
SEND 1553581742 INTRODUCE 36 15473
SEND 1553581742 INTRODUCE 36 15959
SEND 1553581742 INTRODUCE 36 17982
SEND 1553581742 INTRODUCE 36 11253
SEND 1553581742 INTRODUCE 36 15579
SEND 1553581742 INTRODUCE 36 14088
SEND 1553581742 INTRODUCE 36 14956
SEND 1553581742 INTRODUCE 36 17167
SEND 1553581742 INTRODUCE 36 14824
SEND 1553581742 INTRODUCE 36 14652
SEND 1553581742 INTRODUCE 36 19188
SEND 1553581742 INTRODUCE 36 10813
SEND 1553581742 INTRODUCE 36 28470
SEND 1553581742 INTRODUCE 36 14060
SEND 1553581742 INTRODUCE 36 16944
SEND 1553581742 INTRODUCE 36 28190
SEND 1553581742 INTRODUCE 36 20387
SEND 1553581742 INTRODUCE 36 10597
SEND 1553581742 INTRODUCE 36 11084
SEND 1553581742 INTRODUCE 36 13515
SEND 1553581742 INTRODUCE 36 46460
SEND 1553581742 INTRODUCE 36 11352
SEND 1553581742 INTRODUCE 36 28133
SEND 1553581742 INTRODUCE 36 14024
SEND 1553581742 INTRODUCE 36 20384
SEND 1553581742 INTRODUCE 36 13836
SEND 1553581742 INTRODUCE 36 19874
SEND 1553581742 INTRODUCE 36 10769
SEND 1553581742 INTRODUCE 36 15244
SEND 1553581742 INTRODUCE 36 15756
SEND 1553581742 INTRODUCE 36 11198
SEND 1553581742 INTRODUCE 36 15588
SEND 1553581742 INTRODUCE 36 11007
SEND 1553581742 JOIN 32 14563
RECIEVED 1553581742 TRANSACTION 81 46 10
UPDATE 1553581742 TRANSACTION 2cadac42c22bcd9d7e82ba2dc9e4e2fd
SEND 1553581742 TRANSACTION 81 14514 2cadac42c22bcd9d7e82ba2dc9e4e2fd
SEND 1553581742 TRANSACTION 81 20253 2cadac42c22bcd9d7e82ba2dc9e4e2fd
SEND 1553581742 TRANSACTION 81 22148 2cadac42c22bcd9d7e82ba2dc9e4e2fd
SEND 1553581742 TRANSACTION 81 10394 2cadac42c22bcd9d7e82ba2dc9e4e2fd
SEND 1553581742 TRANSACTION 81 11200 2cadac42c22bcd9d7e82ba2dc9e4e2fd
SEND 1553581742 TRANSACTION 81 15499 2cadac42c22bcd9d7e82ba2dc9e4e2fd
SEND 1553581742 TRANSACTION 81 11045 2cadac42c22bcd9d7e82ba2dc9e4e2fd
SEND 1553581742 TRANSACTION 81 18440 2cadac42c22bcd9d7e82ba2dc9e4e2fd
SEND 1553581742 TRANSACTION 81 11114 2cadac42c22bcd9d7e82ba2dc9e4e2fd
SEND 1553581742 TRANSACTION 81 16269 2cadac42c22bcd9d7e82ba2dc9e4e2fd
SEND 1553581742 TRANSACTION 81 10285 2cadac42c22bcd9d7e82ba2dc9e4e2fd
SEND 1553581742 TRANSACTION 81 20537 2cadac42c22bcd9d7e82ba2dc9e4e2fd
SEND 1553581742 TRANSACTION 81 11351 2cadac42c22bcd9d7e82ba2dc9e4e2fd
SEND 1553581742 TRANSACTION 81 15129 2cadac42c22bcd9d7e82ba2dc9e4e2fd
SEND 1553581742 TRANSACTION 81 11427 2cadac42c22bcd9d7e82ba2dc9e4e2fd
SEND 1553581742 TRANSACTION 81 15675 2cadac42c22bcd9d7e82ba2dc9e4e2fd
RECIEVED 1553581742 TRANSACTION 81 46 11
UPDATE 1553581742 TRANSACTION 89e973c64217302c238f44b6ceaabc36
SEND 1553581742 TRANSACTION 81 14069 89e973c64217302c238f44b6ceaabc36
SEND 1553581742 TRANSACTION 81 10134 89e973c64217302c238f44b6ceaabc36
SEND 1553581742 TRANSACTION 81 15029 89e973c64217302c238f44b6ceaabc36
SEND 1553581742 TRANSACTION 81 18168 89e973c64217302c238f44b6ceaabc36
SEND 1553581742 TRANSACTION 81 15639 89e973c64217302c238f44b6ceaabc36
SEND 1553581742 TRANSACTION 81 10521 89e973c64217302c238f44b6ceaabc36
SEND 1553581742 TRANSACTION 81 15105 89e973c64217302c238f44b6ceaabc36
SEND 1553581742 TRANSACTION 81 14947 89e973c64217302c238f44b6ceaabc36
SEND 1553581742 TRANSACTION 81 27561 89e973c64217302c238f44b6ceaabc36
SEND 1553581742 TRANSACTION 81 11782 89e973c64217302c238f44b6ceaabc36
SEND 1553581742 TRANSACTION 81 11524 89e973c64217302c238f44b6ceaabc36
SEND 1553581742 TRANSACTION 81 11055 89e973c64217302c238f44b6ceaabc36
RECIEVED 1553581742 TRANSACTION 81 46 12
RECIEVED 1553581742 INTRODUCE 36 46 12
RECIEVED 1553581742 INTRODUCE 36 46 12
RECIEVED 1553581742 TRANSACTION 80 46 12
RECIEVED 1553581742 INTRODUCE 36 46 12
RECIEVED 1553581742 INTRODUCE 36 46 12
RECIEVED 1553581742 TRANSACTION 81 46 12
UPDATE 1553581742 TRANSACTION 5aec6f92a706ce602deb9b1ce277a913
SEND 1553581742 TRANSACTION 81 10878 5aec6f92a706ce602deb9b1ce277a913
SEND 1553581742 TRANSACTION 81 11427 5aec6f92a706ce602deb9b1ce277a913
SEND 1553581742 TRANSACTION 81 14828 5aec6f92a706ce602deb9b1ce277a913
SEND 1553581742 TRANSACTION 81 12418 5aec6f92a706ce602deb9b1ce277a913
SEND 1553581742 TRANSACTION 81 10833 5aec6f92a706ce602deb9b1ce277a913
SEND 1553581742 TRANSACTION 81 10996 5aec6f92a706ce602deb9b1ce277a913
SEND 1553581742 TRANSACTION 81 15790 5aec6f92a706ce602deb9b1ce277a913
SEND 1553581742 TRANSACTION 81 12740 5aec6f92a706ce602deb9b1ce277a913
SEND 1553581742 TRANSACTION 81 11176 5aec6f92a706ce602deb9b1ce277a913
SEND 1553581742 TRANSACTION 81 15335 5aec6f92a706ce602deb9b1ce277a913
SEND 1553581742 TRANSACTION 81 14732 5aec6f92a706ce602deb9b1ce277a913
SEND 1553581742 TRANSACTION 81 36851 5aec6f92a706ce602deb9b1ce277a913
SEND 1553581742 TRANSACTION 81 10613 5aec6f92a706ce602deb9b1ce277a913
SEND 1553581742 TRANSACTION 81 15324 5aec6f92a706ce602deb9b1ce277a913
SEND 1553581742 TRANSACTION 81 11672 5aec6f92a706ce602deb9b1ce277a913
RECIEVED 1553581742 INTRODUCE 37 46 13
RECIEVED 1553581742 TRANSACTION 81 46 13
UPDATE 1553581742 TRANSACTION a7071e9cf4dd4fe809c104dd56f7ea8f
SEND 1553581742 TRANSACTION 81 14272 a7071e9cf4dd4fe809c104dd56f7ea8f
SEND 1553581742 TRANSACTION 81 15546 a7071e9cf4dd4fe809c104dd56f7ea8f
SEND 1553581742 TRANSACTION 81 49251 a7071e9cf4dd4fe809c104dd56f7ea8f
SEND 1553581742 TRANSACTION 81 15225 a7071e9cf4dd4fe809c104dd56f7ea8f
SEND 1553581742 TRANSACTION 81 15156 a7071e9cf4dd4fe809c104dd56f7ea8f
SEND 1553581742 TRANSACTION 81 11363 a7071e9cf4dd4fe809c104dd56f7ea8f
SEND 1553581742 TRANSACTION 81 11769 a7071e9cf4dd4fe809c104dd56f7ea8f
SEND 1553581742 TRANSACTION 81 10778 a7071e9cf4dd4fe809c104dd56f7ea8f
SEND 1553581742 TRANSACTION 81 12123 a7071e9cf4dd4fe809c104dd56f7ea8f
SEND 1553581742 TRANSACTION 81 10816 a7071e9cf4dd4fe809c104dd56f7ea8f
SEND 1553581742 TRANSACTION 81 15651 a7071e9cf4dd4fe809c104dd56f7ea8f
SEND 1553581742 TRANSACTION 81 10701 a7071e9cf4dd4fe809c104dd56f7ea8f
SEND 1553581742 TRANSACTION 81 16095 a7071e9cf4dd4fe809c104dd56f7ea8f
SEND 1553581742 TRANSACTION 81 14993 a7071e9cf4dd4fe809c104dd56f7ea8f
RECIEVED 1553581742 INTRODUCE 37 46 14
RECIEVED 1553581742 TRANSACTION 79 46 14
UPDATE 1553581742 TRANSACTION ca1ae9c77a0908ac6ba5ee95d9d4f913
SEND 1553581742 TRANSACTION 79 11512 ca1ae9c77a0908ac6ba5ee95d9d4f913
SEND 1553581742 TRANSACTION 79 14887 ca1ae9c77a0908ac6ba5ee95d9d4f913
SEND 1553581742 TRANSACTION 79 30957 ca1ae9c77a0908ac6ba5ee95d9d4f913
SEND 1553581742 TRANSACTION 79 12130 ca1ae9c77a0908ac6ba5ee95d9d4f913
SEND 1553581742 TRANSACTION 79 21339 ca1ae9c77a0908ac6ba5ee95d9d4f913
SEND 1553581742 TRANSACTION 79 11759 ca1ae9c77a0908ac6ba5ee95d9d4f913
SEND 1553581742 TRANSACTION 79 21685 ca1ae9c77a0908ac6ba5ee95d9d4f913
SEND 1553581742 TRANSACTION 79 15796 ca1ae9c77a0908ac6ba5ee95d9d4f913
SEND 1553581742 TRANSACTION 79 18674 ca1ae9c77a0908ac6ba5ee95d9d4f913
SEND 1553581742 TRANSACTION 79 16177 ca1ae9c77a0908ac6ba5ee95d9d4f913
SEND 1553581742 TRANSACTION 79 15465 ca1ae9c77a0908ac6ba5ee95d9d4f913
SEND 1553581742 TRANSACTION 79 20235 ca1ae9c77a0908ac6ba5ee95d9d4f913
SEND 1553581742 TRANSACTION 79 9426 ca1ae9c77a0908ac6ba5ee95d9d4f913
SEND 1553581742 TRANSACTION 79 13820 ca1ae9c77a0908ac6ba5ee95d9d4f913
SEND 1553581742 TRANSACTION 79 15927 ca1ae9c77a0908ac6ba5ee95d9d4f913
RECIEVED 1553581742 INTRODUCE 35 46 15
RECIEVED 1553581742 TRANSACTION 81 46 15
RECIEVED 1553581742 INTRODUCE 36 46 15
RECIEVED 1553581742 INTRODUCE 37 46 15
RECIEVED 1553581742 INTRODUCE 36 46 15
RECIEVED 1553581742 INTRODUCE 36 46 15
RECIEVED 1553581742 INTRODUCE 36 46 15
RECIEVED 1553581742 INTRODUCE 36 46 15
RECIEVED 1553581742 INTRODUCE 37 46 15
RECIEVED 1553581742 INTRODUCE 36 46 15
RECIEVED 1553581742 INTRODUCE 36 46 15
RECIEVED 1553581742 INTRODUCE 37 46 15
RECIEVED 1553581742 INTRODUCE 35 46 15
RECIEVED 1553581742 INTRODUCE 37 46 15
RECIEVED 1553581742 INTRODUCE 36 46 15
RECIEVED 1553581742 INTRODUCE 36 46 15
RECIEVED 1553581742 INTRODUCE 36 46 15
RECIEVED 1553581742 INTRODUCE 36 46 15
RECIEVED 1553581742 INTRODUCE 36 46 15
RECIEVED 1553581742 INTRODUCE 37 46 15
RECIEVED 1553581742 INTRODUCE 36 46 15
RECIEVED 1553581742 INTRODUCE 36 46 15
RECIEVED 1553581742 INTRODUCE 35 46 15
RECIEVED 1553581742 INTRODUCE 36 46 15
RECIEVED 1553581742 INTRODUCE 36 46 15
RECIEVED 1553581742 INTRODUCE 37 46 15
SEND 1553581742 INTRODUCE 37 11290
SEND 1553581742 INTRODUCE 37 25207
SEND 1553581742 INTRODUCE 37 10809
SEND 1553581742 INTRODUCE 37 14526
SEND 1553581742 INTRODUCE 37 14713
SEND 1553581742 INTRODUCE 37 10574
SEND 1553581742 INTRODUCE 37 11630
SEND 1553581742 INTRODUCE 37 10729
SEND 1553581742 INTRODUCE 37 11091
SEND 1553581742 INTRODUCE 37 10928
SEND 1553581742 INTRODUCE 37 11414
SEND 1553581742 INTRODUCE 37 10918
SEND 1553581742 INTRODUCE 37 11079
SEND 1553581742 INTRODUCE 37 12995
SEND 1553581742 INTRODUCE 37 11823
SEND 1553581742 INTRODUCE 37 11380
SEND 1553581742 INTRODUCE 37 14651
SEND 1553581742 INTRODUCE 37 21555
SEND 1553581742 INTRODUCE 37 13349
# Failed listening 
%!(EXTRA string=node2)# ERROR: read tcp 172.22.158.206:38036->172.22.94.216:8002: read: connection reset by peer
SEND 1553581742 INTRODUCE 37 15606
SEND 1553581742 INTRODUCE 37 21676
SEND 1553581742 INTRODUCE 37 13172
SEND 1553581742 INTRODUCE 37 12055
SEND 1553581742 INTRODUCE 37 11275
SEND 1553581742 INTRODUCE 37 15638
SEND 1553581742 INTRODUCE 37 14843
SEND 1553581742 INTRODUCE 37 14332
SEND 1553581742 INTRODUCE 37 11415
# Failed sending to node node2
# ERROR: write tcp 172.22.158.206:38036->172.22.94.216:8002: write: broken pipe
SEND 1553581742 INTRODUCE 37 14657
SEND 1553581742 INTRODUCE 37 14998
SEND 1553581742 INTRODUCE 37 11563
SEND 1553581742 INTRODUCE 37 32244
SEND 1553581742 INTRODUCE 37 23396
SEND 1553581742 INTRODUCE 37 10088
SEND 1553581742 INTRODUCE 37 13699
SEND 1553581742 INTRODUCE 37 10159
SEND 1553581742 INTRODUCE 37 14820
SEND 1553581742 INTRODUCE 37 10900
SEND 1553581742 INTRODUCE 37 11554
SEND 1553581742 INTRODUCE 37 15404
SEND 1553581742 INTRODUCE 37 12075
SEND 1553581742 INTRODUCE 37 15342
SEND 1553581742 INTRODUCE 37 10751
SEND 1553581742 INTRODUCE 37 11124
SEND 1553581742 INTRODUCE 37 24699
SEND 1553581742 JOIN 32 15262
RECIEVED 1553581742 INTRODUCE 35 47 15
RECIEVED 1553581742 INTRODUCE 37 47 15
RECIEVED 1553581742 INTRODUCE 36 47 15
RECIEVED 1553581742 INTRODUCE 36 47 15
RECIEVED 1553581742 INTRODUCE 37 47 15
RECIEVED 1553581742 TRANSACTION 81 47 15
UPDATE 1553581742 TRANSACTION 0e6e2c80948e83271267ca676210a1f5
SEND 1553581742 TRANSACTION 81 20561 0e6e2c80948e83271267ca676210a1f5
SEND 1553581742 TRANSACTION 81 24358 0e6e2c80948e83271267ca676210a1f5
SEND 1553581742 TRANSACTION 81 14889 0e6e2c80948e83271267ca676210a1f5
SEND 1553581742 TRANSACTION 81 29225 0e6e2c80948e83271267ca676210a1f5
SEND 1553581742 TRANSACTION 81 11917 0e6e2c80948e83271267ca676210a1f5
SEND 1553581742 TRANSACTION 81 10824 0e6e2c80948e83271267ca676210a1f5
SEND 1553581742 TRANSACTION 81 11381 0e6e2c80948e83271267ca676210a1f5
SEND 1553581742 TRANSACTION 81 11228 0e6e2c80948e83271267ca676210a1f5
SEND 1553581742 TRANSACTION 81 15037 0e6e2c80948e83271267ca676210a1f5
SEND 1553581742 TRANSACTION 81 11528 0e6e2c80948e83271267ca676210a1f5
SEND 1553581742 TRANSACTION 81 15800 0e6e2c80948e83271267ca676210a1f5
SEND 1553581742 TRANSACTION 81 10389 0e6e2c80948e83271267ca676210a1f5
SEND 1553581742 TRANSACTION 81 10844 0e6e2c80948e83271267ca676210a1f5
RECIEVED 1553581742 JOIN 32 47 16
RECIEVED 1553581742 TRANSACTION 82 47 16
UPDATE 1553581742 TRANSACTION d554082c122100951a5ed11d7f70c328
SEND 1553581742 TRANSACTION 82 10751 d554082c122100951a5ed11d7f70c328
SEND 1553581742 TRANSACTION 82 13582 d554082c122100951a5ed11d7f70c328
SEND 1553581742 TRANSACTION 82 10650 d554082c122100951a5ed11d7f70c328
SEND 1553581742 TRANSACTION 82 10522 d554082c122100951a5ed11d7f70c328
SEND 1553581742 TRANSACTION 82 17687 d554082c122100951a5ed11d7f70c328
SEND 1553581742 TRANSACTION 82 11446 d554082c122100951a5ed11d7f70c328
SEND 1553581742 TRANSACTION 82 22721 d554082c122100951a5ed11d7f70c328
SEND 1553581742 TRANSACTION 82 10618 d554082c122100951a5ed11d7f70c328
SEND 1553581742 TRANSACTION 82 16498 d554082c122100951a5ed11d7f70c328
RECIEVED 1553581742 INTRODUCE 37 47 17
RECIEVED 1553581742 INTRODUCE 36 47 17
RECIEVED 1553581742 INTRODUCE 36 47 17
RECIEVED 1553581742 INTRODUCE 37 47 17
SEND 1553581742 INTRODUCE 37 24632
SEND 1553581742 INTRODUCE 37 15333
SEND 1553581742 INTRODUCE 37 21300
SEND 1553581742 INTRODUCE 37 11339
SEND 1553581742 INTRODUCE 37 29217
SEND 1553581742 INTRODUCE 37 13509
SEND 1553581742 INTRODUCE 37 11287
SEND 1553581742 INTRODUCE 37 16124
SEND 1553581742 INTRODUCE 37 11207
SEND 1553581742 INTRODUCE 37 15666
SEND 1553581742 INTRODUCE 37 13801
SEND 1553581742 INTRODUCE 37 11141
SEND 1553581742 INTRODUCE 37 12300
SEND 1553581742 INTRODUCE 37 10778
SEND 1553581742 INTRODUCE 37 16113
SEND 1553581742 INTRODUCE 37 44440
SEND 1553581742 INTRODUCE 37 11571
SEND 1553581742 INTRODUCE 37 11592
SEND 1553581742 INTRODUCE 37 11455
SEND 1553581742 INTRODUCE 37 36790
SEND 1553581742 INTRODUCE 37 13952
SEND 1553581742 INTRODUCE 37 11740
SEND 1553581742 INTRODUCE 37 12496
SEND 1553581742 INTRODUCE 37 15826
SEND 1553581742 INTRODUCE 37 13369
SEND 1553581742 INTRODUCE 37 13025
SEND 1553581742 INTRODUCE 37 14375
SEND 1553581742 INTRODUCE 37 11646
SEND 1553581742 INTRODUCE 37 11142
SEND 1553581742 INTRODUCE 37 11473
SEND 1553581742 INTRODUCE 37 10347
SEND 1553581742 INTRODUCE 37 10984
# Failed sending to node node2
# ERROR: write tcp 172.22.158.206:38036->172.22.94.216:8002: write: broken pipe
# recieved string JOIN node16 172.22.158.206 8016

# recieved string JOIN node19 172.22.94.216 8019

# Failed listening 
%!(EXTRA string=node17)# ERROR: read tcp 172.22.158.206:57110->172.22.158.206:8017: read: connection reset by peer
# recieved string JOIN node5 172.22.158.206 8005

# Failed listening 
%!(EXTRA string=node13)# ERROR: read tcp 172.22.158.206:44170->172.22.158.206:8013: read: connection reset by peer
# Failed listening 
%!(EXTRA string=node1)# ERROR: read tcp 172.22.158.206:34404->172.22.158.206:8001: read: connection reset by peer
# Failed listening 
%!(EXTRA string=node18)# ERROR: read tcp 172.22.158.206:34454->172.22.158.206:8018: read: connection reset by peer
# recieved string JOIN node5 172.22.156.206 8005

# recieved string JOIN node1 172.22.156.206 8001

# recieved string JOIN node8 172.22.156.206 8008

# recieved string JOIN node3 172.22.156.206 8003

# Failed listening 
%!(EXTRA string=node0)# ERROR: EOF
# Failed listening 
%!(EXTRA string=node0)# ERROR: read tcp 172.22.158.206:54810->172.22.158.206:8000: read: connection reset by peer
# recieved string JOIN node9 172.22.158.206 8009

# recieved string JOIN node15 172.22.156.206 8015

# recieved string JOIN node0 172.22.156.206 8000

# recieved string JOIN node6 172.22.94.216 8006

# recieved string JOIN node10 172.22.156.206 8010

# recieved string JOIN node14 172.22.156.206 8014

# recieved string JOIN node16 172.22.156.206 8016

# recieved string JOIN node19 172.22.156.206 8019

# Failed listening 
%!(EXTRA string=node11)# ERROR: read tcp 172.22.158.206:42586->172.22.158.207:8011: read: connection reset by peer
# Failed listening 
%!(EXTRA string=node7)# ERROR: read tcp 172.22.158.206:38572->172.22.158.207:8007: read: connection reset by peer
# Failed listening 
%!(EXTRA string=node9)# ERROR: read tcp 172.22.158.206:59346->172.22.158.207:8009: read: connection reset by peer
# Failed listening 
%!(EXTRA string=node3)# ERROR: read tcp 172.22.158.206:44544->172.22.158.207:8003: read: connection reset by peer
# Failed listening 
%!(EXTRA string=node0)# ERROR: read tcp 172.22.158.206:38358->172.22.156.207:8000: read: connection reset by peer
# Failed listening 
%!(EXTRA string=node1)# ERROR: read tcp 172.22.158.206:42710->172.22.156.207:8001: read: connection reset by peer
# Failed listening 
%!(EXTRA string=node10)# ERROR: read tcp 172.22.158.206:41350->172.22.158.207:8010: read: connection reset by peer
# Failed listening 
%!(EXTRA string=node6)# ERROR: read tcp 172.22.158.206:49182->172.22.156.207:8006: read: connection reset by peer
# Failed listening 
%!(EXTRA string=node2)# ERROR: read tcp 172.22.158.206:40658->172.22.158.207:8002: read: connection reset by peer
# Failed listening 
%!(EXTRA string=node1)# ERROR: read tcp 172.22.158.206:50836->172.22.158.207:8001: read: connection reset by peer
# Failed listening 
%!(EXTRA string=node7)# ERROR: read tcp 172.22.158.206:44126->172.22.156.207:8007: read: connection reset by peer
# Failed listening 
%!(EXTRA string=node4)# ERROR: read tcp 172.22.158.206:39178->172.22.156.207:8004: read: connection reset by peer
# Failed listening 
%!(EXTRA string=node6)# ERROR: read tcp 172.22.158.206:33126->172.22.158.207:8006: read: connection reset by peer
# Failed listening 
%!(EXTRA string=node15)# ERROR: read tcp 172.22.158.206:40232->172.22.158.207:8015: read: connection reset by peer
# Failed listening 
%!(EXTRA string=node5)# ERROR: read tcp 172.22.158.206:34738->172.22.156.207:8005: read: connection reset by peer
# Failed listening 
%!(EXTRA string=node8)# ERROR: read tcp 172.22.158.206:38828->172.22.156.207:8008: read: connection reset by peer
# Failed listening 
%!(EXTRA string=node9)# ERROR: read tcp 172.22.158.206:34158->172.22.156.207:8009: read: connection reset by peer
# Failed listening 
%!(EXTRA string=node12)# ERROR: read tcp 172.22.158.206:37770->172.22.156.207:8012: read: connection reset by peer
# Failed listening 
%!(EXTRA string=node2)# ERROR: read tcp 172.22.158.206:55522->172.22.156.207:8002: read: connection reset by peer
# Failed listening 
%!(EXTRA string=node12)# ERROR: read tcp 172.22.158.206:58404->172.22.158.207:8012: read: connection reset by peer
# Failed listening 
%!(EXTRA string=node11)# ERROR: read tcp 172.22.158.206:45554->172.22.156.207:8011: read: connection reset by peer
# Failed listening 
%!(EXTRA string=node19)# ERROR: read tcp 172.22.158.206:41324->172.22.94.216:8019: read: connection reset by peer
