RECIEVED 1553581746 INTRODUCE 36 0 0
SEND 1553581746 JOIN 31 14747
RECIEVED 1553581746 INTRODUCE 37 1 0
SEND 1553581746 INTRODUCE 37 23295
SEND 1553581746 JOIN 31 13608
RECIEVED 1553581746 INTRODUCE 36 2 0
SEND 1553581746 INTRODUCE 36 39173
SEND 1553581746 INTRODUCE 36 16204
SEND 1553581746 JOIN 31 15195
RECIEVED 1553581746 INTRODUCE 36 3 0
SEND 1553581746 INTRODUCE 36 23439
SEND 1553581746 INTRODUCE 36 13483
SEND 1553581746 INTRODUCE 36 16359
SEND 1553581746 JOIN 31 30489
RECIEVED 1553581746 INTRODUCE 36 4 0
SEND 1553581746 INTRODUCE 36 10490
SEND 1553581746 INTRODUCE 36 30457
SEND 1553581746 INTRODUCE 36 17603
SEND 1553581746 INTRODUCE 36 12888
SEND 1553581746 JOIN 31 19485
RECIEVED 1553581746 INTRODUCE 36 5 0
SEND 1553581746 INTRODUCE 36 24477
SEND 1553581746 INTRODUCE 36 12408
SEND 1553581746 INTRODUCE 36 10587
SEND 1553581746 INTRODUCE 36 12615
SEND 1553581746 INTRODUCE 36 16627
SEND 1553581746 JOIN 31 12973
RECIEVED 1553581747 TRANSACTION 81 6 0
UPDATE 1553581747 TRANSACTION 831528f8d6fdb91e83f4c8cd75afb327
SEND 1553581747 TRANSACTION 81 14551 831528f8d6fdb91e83f4c8cd75afb327
RECIEVED 1553581748 TRANSACTION 81 6 1
UPDATE 1553581748 TRANSACTION fc8b4a67e13f2fa1c5fe169b513645e2
SEND 1553581748 TRANSACTION 81 14309 fc8b4a67e13f2fa1c5fe169b513645e2
SEND 1553581748 TRANSACTION 81 17657 fc8b4a67e13f2fa1c5fe169b513645e2
RECIEVED 1553581749 TRANSACTION 81 6 2
UPDATE 1553581749 TRANSACTION d0e40638e07932ac0015e80d25881519
SEND 1553581749 TRANSACTION 81 13874 d0e40638e07932ac0015e80d25881519
RECIEVED 1553581751 TRANSACTION 82 6 3
UPDATE 1553581751 TRANSACTION 961eed48d4e1e54ffb726e75f10f2ef7
SEND 1553581751 TRANSACTION 82 44485 961eed48d4e1e54ffb726e75f10f2ef7
SEND 1553581751 TRANSACTION 82 27601 961eed48d4e1e54ffb726e75f10f2ef7
RECIEVED 1553581753 TRANSACTION 78 6 4
UPDATE 1553581753 TRANSACTION 4ceda5ede486d5dc9f591d3c06b6f9de
SEND 1553581753 TRANSACTION 78 28254 4ceda5ede486d5dc9f591d3c06b6f9de
SEND 1553581753 TRANSACTION 78 38160 4ceda5ede486d5dc9f591d3c06b6f9de
SEND 1553581753 TRANSACTION 78 20209 4ceda5ede486d5dc9f591d3c06b6f9de
RECIEVED 1553581756 HB 3 6 5
RECIEVED 1553581759 TRANSACTION 81 6 5
UPDATE 1553581759 TRANSACTION 849287991b077bc77326eeab3dde34b7
SEND 1553581759 TRANSACTION 81 26635 849287991b077bc77326eeab3dde34b7
SEND 1553581759 TRANSACTION 81 15138 849287991b077bc77326eeab3dde34b7
SEND 1553581759 TRANSACTION 81 19434 849287991b077bc77326eeab3dde34b7
RECIEVED 1553581762 TRANSACTION 79 6 6
UPDATE 1553581762 TRANSACTION 9f9d55aea24833958f167860f6771962
SEND 1553581762 TRANSACTION 79 25070 9f9d55aea24833958f167860f6771962
SEND 1553581762 TRANSACTION 79 31800 9f9d55aea24833958f167860f6771962
RECIEVED 1553581766 HB 3 6 7
SEND 1553581766 INTRODUCE 36 44703
SEND 1553581766 INTRODUCE 36 16964
SEND 1553581766 INTRODUCE 36 14326
SEND 1553581766 INTRODUCE 37 14577
# Failed listening 
%!(EXTRA string=node1)# ERROR: read tcp 172.22.156.206:39160->172.22.158.207:8001: read: connection reset by peer
# Failed listening 
%!(EXTRA string=node4)# ERROR: read tcp 172.22.156.206:57412->172.22.156.207:8004: read: connection reset by peer
RECIEVED 1553581771 TRANSACTION 81 6 7
UPDATE 1553581771 TRANSACTION e3fff3f98a595dd94e545ba796858f72
# Failed sending to node node1
# ERROR: write tcp 172.22.156.206:39160->172.22.158.207:8001: write: broken pipe
# Could not send message to node1
SEND 1553581771 TRANSACTION 81 17312 e3fff3f98a595dd94e545ba796858f72
RECIEVED 1553581772 TRANSACTION 81 5 8
UPDATE 1553581772 TRANSACTION a123919d6db16174094a2430f2a32c64
# Failed sending to node node4
# ERROR: write tcp 172.22.156.206:57412->172.22.156.207:8004: write: broken pipe
# Could not send message to node4
SEND 1553581772 TRANSACTION 81 42232 a123919d6db16174094a2430f2a32c64
RECIEVED 1553581774 TRANSACTION 82 4 9
UPDATE 1553581774 TRANSACTION b9a52302cbca3fa2c2ca835e0fba5f55
# Failed listening 
%!(EXTRA string=node2)# ERROR: read tcp 172.22.156.206:32982->172.22.156.207:8002: read: connection reset by peer
RECIEVED 1553581774 TRANSACTION 81 4 10
UPDATE 1553581774 TRANSACTION d2eec92434bab7348413cb2854e8a356
SEND 1553581774 TRANSACTION 81 24909 d2eec92434bab7348413cb2854e8a356
SEND 1553581774 TRANSACTION 81 17613 d2eec92434bab7348413cb2854e8a356
RECIEVED 1553581776 HB 3 4 11
RECIEVED 1553581780 TRANSACTION 80 4 11
UPDATE 1553581780 TRANSACTION 2408599c519f5bd3e4bd839d7dfe130f
SEND 1553581780 TRANSACTION 80 29423 2408599c519f5bd3e4bd839d7dfe130f
# Failed sending to node node2
# ERROR: write tcp 172.22.156.206:32982->172.22.156.207:8002: write: broken pipe
# Could not send message to node2
RECIEVED 1553581782 TRANSACTION 80 3 12
UPDATE 1553581782 TRANSACTION c8b4e8123fee0f05f296f06e7ff9ca8a
RECIEVED 1553581782 TRANSACTION 79 3 13
UPDATE 1553581782 TRANSACTION 6038ba89200f8fdf307cab6eb71bdabc
RECIEVED 1553581786 INTRODUCE 36 3 14
SEND 1553581786 INTRODUCE 36 19541
SEND 1553581786 INTRODUCE 36 16472
SEND 1553581786 INTRODUCE 36 13784
SEND 1553581786 JOIN 31 14763
RECIEVED 1553581786 INTRODUCE 36 4 14
RECIEVED 1553581786 HB 3 4 14
RECIEVED 1553581789 TRANSACTION 81 4 14
UPDATE 1553581789 TRANSACTION 072aaa496d0d9190a9aaed1d33a52ff9
SEND 1553581789 TRANSACTION 81 30728 072aaa496d0d9190a9aaed1d33a52ff9
SEND 1553581789 TRANSACTION 81 16615 072aaa496d0d9190a9aaed1d33a52ff9
RECIEVED 1553581789 TRANSACTION 81 4 15
RECIEVED 1553581795 TRANSACTION 83 4 15
UPDATE 1553581795 TRANSACTION 2ba4c0138dbaaec40f45f7313bdcbbf3
SEND 1553581795 TRANSACTION 83 32749 2ba4c0138dbaaec40f45f7313bdcbbf3
SEND 1553581795 TRANSACTION 83 16470 2ba4c0138dbaaec40f45f7313bdcbbf3
RECIEVED 1553581796 HB 3 4 16
RECIEVED 1553581808 HB 3 4 16
SEND 1553581808 INTRODUCE 36 29922
SEND 1553581808 INTRODUCE 37 15953
SEND 1553581808 INTRODUCE 36 15403
SEND 1553581808 INTRODUCE 36 14671
SEND 1553581808 INTRODUCE 36 16759
SEND 1553581808 INTRODUCE 37 15109
SEND 1553581808 INTRODUCE 36 35436
SEND 1553581808 INTRODUCE 36 18353
SEND 1553581808 INTRODUCE 36 15787
SEND 1553581808 INTRODUCE 37 14748
SEND 1553581808 INTRODUCE 36 14675
SEND 1553581808 INTRODUCE 36 17885
# Failed listening 
%!(EXTRA string=node18)# ERROR: read tcp 172.22.156.206:59748->172.22.156.207:8018: read: connection reset by peer
RECIEVED 1553581818 HB 3 4 16
RECIEVED 1553581819 TRANSACTION 81 4 16
UPDATE 1553581819 TRANSACTION e2a3fed4228a2abfd221ec1e14bb2e0f
SEND 1553581819 TRANSACTION 81 10785 e2a3fed4228a2abfd221ec1e14bb2e0f
RECIEVED 1553581819 TRANSACTION 81 4 17
UPDATE 1553581819 TRANSACTION 4cfbf58220c1f9a82b572401d2e6a7f4
# Failed sending to node node18
# ERROR: write tcp 172.22.156.206:59748->172.22.156.207:8018: write: broken pipe
# Could not send message to node18
SEND 1553581819 TRANSACTION 81 32919 4cfbf58220c1f9a82b572401d2e6a7f4
RECIEVED 1553581820 TRANSACTION 81 3 18
UPDATE 1553581820 TRANSACTION 3b7270d3865381c55aeb8fbdb319d12b
SEND 1553581820 TRANSACTION 81 20309 3b7270d3865381c55aeb8fbdb319d12b
SEND 1553581820 TRANSACTION 81 18685 3b7270d3865381c55aeb8fbdb319d12b
RECIEVED 1553581820 TRANSACTION 82 3 19
UPDATE 1553581820 TRANSACTION 88f2bcc3e67d11bad0a73105d4c2e360
SEND 1553581820 TRANSACTION 82 29433 88f2bcc3e67d11bad0a73105d4c2e360
# Failed listening 
%!(EXTRA string=node2)# ERROR: read tcp 172.22.156.206:34046->172.22.156.207:8002: read: connection reset by peer
# Failed listening 
%!(EXTRA string=node4)# ERROR: EOF
RECIEVED 1553581822 TRANSACTION 81 3 20
UPDATE 1553581822 TRANSACTION 6d13617cab77e9f846c4a4f8b034e0c9
SEND 1553581822 TRANSACTION 81 31374 6d13617cab77e9f846c4a4f8b034e0c9
RECIEVED 1553581824 TRANSACTION 82 3 21
UPDATE 1553581824 TRANSACTION 582abf93ac700866fd58d67f44ffb9dc
SEND 1553581824 TRANSACTION 82 42884 582abf93ac700866fd58d67f44ffb9dc
# Failed sending to node node4
# ERROR: write tcp 172.22.156.206:32808->172.22.156.206:8004: write: broken pipe
# Could not send message to node4
RECIEVED 1553581824 TRANSACTION 81 2 22
UPDATE 1553581824 TRANSACTION 5b6b28cb03ffc31838fc3db95e18bd7d
# Failed sending to node node2
# ERROR: write tcp 172.22.156.206:34046->172.22.156.207:8002: write: broken pipe
# Could not send message to node2
RECIEVED 1553581825 TRANSACTION 82 1 23
UPDATE 1553581825 TRANSACTION 83cea5a21177b7e6afc2f73a957f9a56
RECIEVED 1553581825 TRANSACTION 82 1 24
UPDATE 1553581825 TRANSACTION 7a437ea2e20e71518b28ad13eaac14f4
RECIEVED 1553581826 TRANSACTION 78 1 25
UPDATE 1553581826 TRANSACTION c8fec0d14a900cde2cd73e2ffaaba1dd
RECIEVED 1553581827 TRANSACTION 81 1 26
UPDATE 1553581827 TRANSACTION 7559c4d4c1b310952e948fa4091514ff
SEND 1553581827 TRANSACTION 81 32865 7559c4d4c1b310952e948fa4091514ff
RECIEVED 1553581828 HB 3 1 27
RECIEVED 1553581838 HB 3 1 27
RECIEVED 1553581842 TRANSACTION 80 1 27
UPDATE 1553581842 TRANSACTION 474de025d1a35d71cacf8e21d2107f13
RECIEVED 1553581842 TRANSACTION 81 1 28
UPDATE 1553581842 TRANSACTION 860b8aaa3c59cd1512958d0ca83635de
RECIEVED 1553581844 TRANSACTION 80 1 29
UPDATE 1553581844 TRANSACTION 0981e495efb530a3993a669cc625f456
RECIEVED 1553581846 TRANSACTION 81 1 30
UPDATE 1553581846 TRANSACTION cc33c65dbba727b47d56c62db93b89ff
RECIEVED 1553581848 TRANSACTION 81 1 31
UPDATE 1553581848 TRANSACTION 49564230b02905b1d434107815b1f93d
RECIEVED 1553581848 HB 3 1 32
SEND 1553581848 INTRODUCE 36 38758
RECIEVED 1553581851 TRANSACTION 81 1 32
UPDATE 1553581851 TRANSACTION 29d84cf9922b0058440237f22aaad8a0
RECIEVED 1553581854 TRANSACTION 81 1 33
UPDATE 1553581854 TRANSACTION b653ed912c390532dbfd8bf8d6a2a9e1
RECIEVED 1553581858 HB 3 1 34
RECIEVED 1553581860 TRANSACTION 81 1 34
UPDATE 1553581860 TRANSACTION 2242c6c6ad2ce4542157433758e5bdb1
RECIEVED 1553581860 TRANSACTION 80 1 35
UPDATE 1553581860 TRANSACTION 3142ca4b550fe47ba3c5fc17c0b60064
RECIEVED 1553581861 TRANSACTION 80 1 36
UPDATE 1553581861 TRANSACTION 3943777c25e2faa060c4a5293b40304b
RECIEVED 1553581861 TRANSACTION 80 1 37
UPDATE 1553581861 TRANSACTION add83d04cac22c2018ce594a0177a501
RECIEVED 1553581862 TRANSACTION 81 1 38
UPDATE 1553581862 TRANSACTION a56136ff5cf80a8063c507dee2b1d40e
RECIEVED 1553581862 TRANSACTION 83 1 39
UPDATE 1553581862 TRANSACTION a2ca66c079189f92e066d0581c3c3d53
RECIEVED 1553581865 TRANSACTION 81 1 40
UPDATE 1553581865 TRANSACTION 2780a367c8fc02a4251877ead3157313
SEND 1553581865 TRANSACTION 81 39176 2780a367c8fc02a4251877ead3157313
RECIEVED 1553581868 HB 3 1 41
SEND 1553581868 INTRODUCE 36 42095
RECIEVED 1553581870 TRANSACTION 82 1 41
UPDATE 1553581870 TRANSACTION b478d87d49dd30707f1397431ada480f
RECIEVED 1553581877 TRANSACTION 81 1 42
UPDATE 1553581877 TRANSACTION 17e983e3f9c0b9a7df62f2013b3432ce
RECIEVED 1553581878 TRANSACTION 81 1 43
UPDATE 1553581878 TRANSACTION 21fb23fcb5550013db3a99d8ae48ae4d
RECIEVED 1553581879 HB 3 1 44
RECIEVED 1553581881 TRANSACTION 79 1 44
UPDATE 1553581881 TRANSACTION 503ca3f1e5d742ad6e9b4b090978a5c2
RECIEVED 1553581884 TRANSACTION 79 1 45
UPDATE 1553581884 TRANSACTION 6168bf9e091016f4cb2f07d18a64a474
SEND 1553581884 TRANSACTION 79 32342 6168bf9e091016f4cb2f07d18a64a474
RECIEVED 1553581885 TRANSACTION 81 1 46
UPDATE 1553581885 TRANSACTION 494e9b78ae6d3e4b4bb1a0445a47dbe5
SEND 1553581885 TRANSACTION 81 27670 494e9b78ae6d3e4b4bb1a0445a47dbe5
RECIEVED 1553581885 TRANSACTION 81 1 47
UPDATE 1553581885 TRANSACTION 92192d57e4c7146f4931dffd1fa182a3
SEND 1553581885 TRANSACTION 81 25348 92192d57e4c7146f4931dffd1fa182a3
RECIEVED 1553581887 TRANSACTION 82 1 48
UPDATE 1553581887 TRANSACTION fb903ae026972e8174e066708338e40f
SEND 1553581887 TRANSACTION 82 33173 fb903ae026972e8174e066708338e40f
RECIEVED 1553581889 HB 3 1 49
RECIEVED 1553581890 TRANSACTION 81 1 49
UPDATE 1553581890 TRANSACTION 98a04016aa069c87c2533d7bc0217909
SEND 1553581890 TRANSACTION 81 30447 98a04016aa069c87c2533d7bc0217909
