RECIEVED 1553581741 INTRODUCE 37 0 0
SEND 1553581741 JOIN 32 14699
RECIEVED 1553581741 INTRODUCE 36 1 0
SEND 1553581741 INTRODUCE 36 11110
SEND 1553581741 JOIN 32 15429
RECIEVED 1553581741 INTRODUCE 36 2 0
SEND 1553581741 INTRODUCE 36 9561
SEND 1553581741 INTRODUCE 36 13631
SEND 1553581741 JOIN 32 10794
RECIEVED 1553581741 INTRODUCE 37 3 0
SEND 1553581741 INTRODUCE 37 16558
SEND 1553581741 INTRODUCE 37 14889
SEND 1553581741 INTRODUCE 37 14920
SEND 1553581741 JOIN 32 10426
RECIEVED 1553581741 INTRODUCE 36 4 0
SEND 1553581741 INTRODUCE 36 10828
SEND 1553581741 INTRODUCE 36 9980
SEND 1553581741 INTRODUCE 36 14924
SEND 1553581741 INTRODUCE 36 12675
SEND 1553581741 JOIN 32 13497
RECIEVED 1553581741 INTRODUCE 36 5 0
RECIEVED 1553581743 TRANSACTION 80 5 0
UPDATE 1553581743 TRANSACTION a28e5db227483e295905647985ee1f6a
SEND 1553581743 TRANSACTION 80 39800 a28e5db227483e295905647985ee1f6a
RECIEVED 1553581745 TRANSACTION 81 5 1
UPDATE 1553581745 TRANSACTION 4c3a8646ecdb2d17e7342571d8e34b26
SEND 1553581745 TRANSACTION 81 31678 4c3a8646ecdb2d17e7342571d8e34b26
RECIEVED 1553581746 TRANSACTION 81 5 2
UPDATE 1553581746 TRANSACTION e4fd9e7c470d3b7d9898cefd95ffb970
SEND 1553581746 TRANSACTION 81 17008 e4fd9e7c470d3b7d9898cefd95ffb970
SEND 1553581746 TRANSACTION 81 14195 e4fd9e7c470d3b7d9898cefd95ffb970
RECIEVED 1553581748 INTRODUCE 36 5 3
RECIEVED 1553581748 INTRODUCE 36 5 3
RECIEVED 1553581748 INTRODUCE 37 5 3
RECIEVED 1553581748 INTRODUCE 37 5 3
RECIEVED 1553581751 TRANSACTION 82 5 3
UPDATE 1553581751 TRANSACTION 0e8e716fc409d94b53c17f641ddcc786
SEND 1553581751 TRANSACTION 82 20327 0e8e716fc409d94b53c17f641ddcc786
RECIEVED 1553581751 HB 3 5 4
RECIEVED 1553581755 TRANSACTION 81 5 4
UPDATE 1553581755 TRANSACTION be9469a922cd703161525ab569dd9065
SEND 1553581755 TRANSACTION 81 16589 be9469a922cd703161525ab569dd9065
SEND 1553581755 TRANSACTION 81 17827 be9469a922cd703161525ab569dd9065
SEND 1553581755 TRANSACTION 81 27619 be9469a922cd703161525ab569dd9065
RECIEVED 1553581756 TRANSACTION 81 5 5
UPDATE 1553581756 TRANSACTION 7a5695519271f8ef5ae56ffb3b877b57
SEND 1553581756 TRANSACTION 81 32259 7a5695519271f8ef5ae56ffb3b877b57
SEND 1553581756 TRANSACTION 81 17193 7a5695519271f8ef5ae56ffb3b877b57
RECIEVED 1553581758 TRANSACTION 81 5 6
UPDATE 1553581758 TRANSACTION 82c04d619536977c4e6bea042b1b9b99
SEND 1553581758 TRANSACTION 81 32208 82c04d619536977c4e6bea042b1b9b99
SEND 1553581758 TRANSACTION 81 15658 82c04d619536977c4e6bea042b1b9b99
RECIEVED 1553581758 TRANSACTION 81 5 7
RECIEVED 1553581759 TRANSACTION 81 5 7
UPDATE 1553581759 TRANSACTION d40baef14664ee89157986aef911c704
SEND 1553581759 TRANSACTION 81 32715 d40baef14664ee89157986aef911c704
SEND 1553581759 TRANSACTION 81 18229 d40baef14664ee89157986aef911c704
RECIEVED 1553581761 HB 3 5 8
RECIEVED 1553581762 TRANSACTION 81 5 8
UPDATE 1553581762 TRANSACTION 520eef7bdab423a53b5a914f86674b3d
SEND 1553581762 TRANSACTION 81 16416 520eef7bdab423a53b5a914f86674b3d
SEND 1553581762 TRANSACTION 81 12428 520eef7bdab423a53b5a914f86674b3d
RECIEVED 1553581765 TRANSACTION 81 5 9
UPDATE 1553581765 TRANSACTION 0479c65bc00adc60f953dd713756a8f8
SEND 1553581765 TRANSACTION 81 22393 0479c65bc00adc60f953dd713756a8f8
SEND 1553581765 TRANSACTION 81 23524 0479c65bc00adc60f953dd713756a8f8
# Failed listening 
%!(EXTRA string=node2)# ERROR: read tcp 172.22.158.206:41042->172.22.158.207:8002: read: connection reset by peer
RECIEVED 1553581770 TRANSACTION 81 5 10
UPDATE 1553581770 TRANSACTION 1c37d9fbb7bee5db00941d22ac284a03
SEND 1553581770 TRANSACTION 81 31706 1c37d9fbb7bee5db00941d22ac284a03
# Failed sending to node node2
# ERROR: write tcp 172.22.158.206:41042->172.22.158.207:8002: write: broken pipe
# Could not send message to node2
RECIEVED 1553581770 TRANSACTION 81 4 11
RECIEVED 1553581771 HB 3 4 11
RECIEVED 1553581773 TRANSACTION 80 4 11
UPDATE 1553581773 TRANSACTION ceecfaa4f65cf7eff5355fd74c3a2d2b
SEND 1553581773 TRANSACTION 80 17073 ceecfaa4f65cf7eff5355fd74c3a2d2b
SEND 1553581773 TRANSACTION 80 17228 ceecfaa4f65cf7eff5355fd74c3a2d2b
RECIEVED 1553581773 TRANSACTION 81 4 12
UPDATE 1553581773 TRANSACTION 3be47028291d4e008989cf886677405d
SEND 1553581773 TRANSACTION 81 28198 3be47028291d4e008989cf886677405d
RECIEVED 1553581773 TRANSACTION 81 4 13
UPDATE 1553581773 TRANSACTION 2d38a80dbbca0f797dbc3087991d9943
SEND 1553581773 TRANSACTION 81 23735 2d38a80dbbca0f797dbc3087991d9943
SEND 1553581773 TRANSACTION 81 17283 2d38a80dbbca0f797dbc3087991d9943
# Failed listening 
%!(EXTRA string=node2)# ERROR: read tcp 172.22.158.206:55966->172.22.156.207:8002: read: connection reset by peer
# Failed listening 
%!(EXTRA string=node14)# ERROR: read tcp 172.22.158.206:42986->172.22.158.207:8014: read: connection reset by peer
RECIEVED 1553581776 TRANSACTION 81 4 14
UPDATE 1553581776 TRANSACTION 83631fffe8acab4d66fae7d6316635dc
# Failed listening 
%!(EXTRA string=node17)# ERROR: read tcp 172.22.158.206:48638->172.22.158.207:8017: read: connection reset by peer
RECIEVED 1553581781 HB 3 4 15
RECIEVED 1553581782 TRANSACTION 80 4 15
UPDATE 1553581782 TRANSACTION a77016c9425c5d5e48a91eb62d9a7819
SEND 1553581782 TRANSACTION 80 11009 a77016c9425c5d5e48a91eb62d9a7819
# Failed sending to node node2
# ERROR: write tcp 172.22.158.206:55966->172.22.156.207:8002: write: broken pipe
# Could not send message to node2
RECIEVED 1553581791 HB 3 3 16
RECIEVED 1553581802 HB 3 3 16
RECIEVED 1553581802 TRANSACTION 81 3 16
UPDATE 1553581802 TRANSACTION a9d4444c908848972231d2ace71faf44
# Failed sending to node node14
# ERROR: write tcp 172.22.158.206:42986->172.22.158.207:8014: write: broken pipe
# Could not send message to node14
RECIEVED 1553581803 TRANSACTION 81 2 17
UPDATE 1553581803 TRANSACTION 160464ad86cc6a7c0211505b4fa2de51
RECIEVED 1553581804 TRANSACTION 81 2 18
UPDATE 1553581804 TRANSACTION 4bbdd40970651708850b8e842e3f4258
RECIEVED 1553581807 TRANSACTION 81 2 19
UPDATE 1553581807 TRANSACTION 6daa6318774b5c26bdcfa09c56cc1a15
SEND 1553581807 TRANSACTION 81 25839 6daa6318774b5c26bdcfa09c56cc1a15
RECIEVED 1553581809 TRANSACTION 81 2 20
UPDATE 1553581809 TRANSACTION fafd60944b7f66bd8dff41bc623d8170
SEND 1553581809 TRANSACTION 81 29226 fafd60944b7f66bd8dff41bc623d8170
RECIEVED 1553581812 TRANSACTION 81 2 21
UPDATE 1553581812 TRANSACTION f736da0f65650d3bb78f7ea2ca3968fc
RECIEVED 1553581812 HB 3 2 22
RECIEVED 1553581813 TRANSACTION 80 2 22
UPDATE 1553581813 TRANSACTION 4a4a91459688e40bdc6b08a55e91e523
RECIEVED 1553581814 TRANSACTION 81 2 23
UPDATE 1553581814 TRANSACTION 3865e9bfd6a6d6d4bb8d1fd53d3fe617
SEND 1553581814 TRANSACTION 81 16721 3865e9bfd6a6d6d4bb8d1fd53d3fe617
# Failed sending to node node17
# ERROR: write tcp 172.22.158.206:48638->172.22.158.207:8017: write: broken pipe
# Could not send message to node17
RECIEVED 1553581815 TRANSACTION 82 1 24
UPDATE 1553581815 TRANSACTION ddf54bccf3c731b6a0d969257fb95780
RECIEVED 1553581817 TRANSACTION 80 1 25
UPDATE 1553581817 TRANSACTION 70e1128bf6dcba1b253dc20e989d8fca
RECIEVED 1553581821 DIE 4 1 26
