RECIEVED 1553581739 INTRODUCE 167 0 0
SEND 1553581739 JOIN 164 56482
RECIEVED 1553581739 TRANSACTION 209 1 0
UPDATE 1553581739 TRANSACTION 019d4e8ff0d0fd13928e7e7e63160496
SEND 1553581739 TRANSACTION 209 26957
RECIEVED 1553581740 HB 139 1 1
SEND 1553581740 PING 260 71452
RECIEVED 1553581741 HB 139 1 1
SEND 1553581741 PING 260 63058
# Listen attempt 1.
# read tcp 172.22.156.207:33766->172.22.94.216:8000: read: connection reset by peer
# Listen attempt 2.
# read tcp 172.22.156.207:33766->172.22.94.216:8000: read: connection reset by peer
# Listen attempt 3.
# read tcp 172.22.156.207:33766->172.22.94.216:8000: read: connection reset by peer
# Could not recieve message properly
RECIEVED 1553581742 HB 139 1 1
# Removing node0:172.22.94.216:8000 from members
RECIEVED 1553581743 HB 139 0 1
RECIEVED 1553581744 HB 139 0 1
RECIEVED 1553581744 TRANSACTION 209 0 1
UPDATE 1553581744 TRANSACTION a87c5fc5a4b1def7946824b3e809cba6
RECIEVED 1553581745 HB 139 0 2
RECIEVED 1553581746 HB 139 0 2
RECIEVED 1553581747 HB 139 0 2
RECIEVED 1553581748 HB 139 0 2
RECIEVED 1553581749 HB 139 0 2
RECIEVED 1553581750 HB 139 0 2
RECIEVED 1553581751 HB 139 0 2
RECIEVED 1553581752 HB 139 0 2
RECIEVED 1553581753 HB 139 0 2
RECIEVED 1553581754 HB 139 0 2
RECIEVED 1553581755 HB 139 0 2
RECIEVED 1553581756 HB 139 0 2
RECIEVED 1553581757 HB 139 0 2
RECIEVED 1553581757 TRANSACTION 210 0 2
UPDATE 1553581757 TRANSACTION fd47a5365ff898f3f1124e96a3f53faf
RECIEVED 1553581758 TRANSACTION 209 0 3
UPDATE 1553581758 TRANSACTION 854e2a9bb41b34156fa7abb4bc95cfb1
RECIEVED 1553581758 HB 139 0 4
RECIEVED 1553581758 TRANSACTION 209 0 4
UPDATE 1553581758 TRANSACTION d852ad272e7a3ecffe59a8f09130b0fe
RECIEVED 1553581759 HB 139 0 5
RECIEVED 1553581760 HB 139 0 5
RECIEVED 1553581761 HB 139 0 5
RECIEVED 1553581762 HB 139 0 5
RECIEVED 1553581763 HB 139 0 5
RECIEVED 1553581764 HB 139 0 5
RECIEVED 1553581765 HB 139 0 5
RECIEVED 1553581766 HB 139 0 5
RECIEVED 1553581767 HB 139 0 5
RECIEVED 1553581768 HB 139 0 5
RECIEVED 1553581769 HB 139 0 5
RECIEVED 1553581770 HB 139 0 5
RECIEVED 1553581771 HB 139 0 5
RECIEVED 1553581772 HB 139 0 5
RECIEVED 1553581773 HB 139 0 5
RECIEVED 1553581774 HB 139 0 5
RECIEVED 1553581775 HB 139 0 5
RECIEVED 1553581776 HB 139 0 5
RECIEVED 1553581777 HB 139 0 5
RECIEVED 1553581778 HB 139 0 5
RECIEVED 1553581779 HB 139 0 5
RECIEVED 1553581780 HB 139 0 5
RECIEVED 1553581781 HB 139 0 5
RECIEVED 1553581782 HB 139 0 5
RECIEVED 1553581783 HB 139 0 5
RECIEVED 1553581784 TRANSACTION 209 0 5
UPDATE 1553581784 TRANSACTION 847a05c20b61280485b916757afa8589
RECIEVED 1553581784 TRANSACTION 209 0 6
UPDATE 1553581784 TRANSACTION 9038243d89b352b2fe162d5fdb73aa3b
RECIEVED 1553581784 HB 139 0 7
RECIEVED 1553581785 TRANSACTION 209 0 7
UPDATE 1553581785 TRANSACTION 267ede847c8ea1ff174b0f3ebaec990b
RECIEVED 1553581785 HB 139 0 8
RECIEVED 1553581786 HB 139 0 8
RECIEVED 1553581787 HB 139 0 8
RECIEVED 1553581788 HB 139 0 8
RECIEVED 1553581789 HB 139 0 8
RECIEVED 1553581790 HB 139 0 8
RECIEVED 1553581790 TRANSACTION 209 0 8
UPDATE 1553581790 TRANSACTION 63a6b957f4d1138269ae4cd6d2e8ef4e
RECIEVED 1553581791 HB 139 0 9
RECIEVED 1553581792 HB 139 0 9
RECIEVED 1553581793 HB 139 0 9
RECIEVED 1553581794 HB 139 0 9
RECIEVED 1553581795 TRANSACTION 209 0 9
UPDATE 1553581795 TRANSACTION 33c45438a1068f469c56054875478d9e
RECIEVED 1553581795 HB 139 0 10
RECIEVED 1553581796 HB 139 0 10
RECIEVED 1553581797 HB 139 0 10
RECIEVED 1553581798 HB 139 0 10
RECIEVED 1553581799 HB 139 0 10
RECIEVED 1553581800 HB 139 0 10
RECIEVED 1553581801 HB 139 0 10
RECIEVED 1553581806 HB 139 0 10
RECIEVED 1553581806 TRANSACTION 209 0 10
UPDATE 1553581806 TRANSACTION b0bc3627f3e074c38e6301c8e8842f56
RECIEVED 1553581807 HB 139 0 11
RECIEVED 1553581808 HB 139 0 11
RECIEVED 1553581809 HB 139 0 11
RECIEVED 1553581809 TRANSACTION 209 0 11
UPDATE 1553581809 TRANSACTION 642c3b6ac98cb517845ad8e62366953f
RECIEVED 1553581811 HB 139 0 12
RECIEVED 1553581813 HB 139 0 12
RECIEVED 1553581813 TRANSACTION 207 0 12
UPDATE 1553581813 TRANSACTION b470b3c71b2a5f5959596d39000bfc23
RECIEVED 1553581814 HB 139 0 13
RECIEVED 1553581815 HB 139 0 13
RECIEVED 1553581816 HB 139 0 13
RECIEVED 1553581817 HB 139 0 13
RECIEVED 1553581818 HB 139 0 13
RECIEVED 1553581819 TRANSACTION 207 0 13
UPDATE 1553581819 TRANSACTION c6dbd2206426a20e748c27c9d26b9d17
RECIEVED 1553581819 HB 139 0 14
RECIEVED 1553581820 HB 139 0 14
RECIEVED 1553581820 TRANSACTION 209 0 14
UPDATE 1553581820 TRANSACTION f2f2c8310af7b69c412b2d89432b9b6e
RECIEVED 1553581821 DIE 140 0 15
