RECIEVED 1553581737 INTRODUCE 36 0 0
SEND 1553581737 JOIN 30 14876
RECIEVED 1553581737 INTRODUCE 36 1 0
SEND 1553581737 INTRODUCE 36 14223
SEND 1553581737 JOIN 30 29324
RECIEVED 1553581737 INTRODUCE 36 2 0
SEND 1553581737 INTRODUCE 36 16838
SEND 1553581737 INTRODUCE 36 17391
SEND 1553581737 JOIN 30 33118
# recieved string JOIN node19 172.22.158.206 8019

RECIEVED 1553581740 JOIN 32 3 0
SEND 1553581740 INTRODUCE 36 10394
SEND 1553581740 INTRODUCE 36 10946
SEND 1553581740 INTRODUCE 36 10660
RECIEVED 1553581740 INTRODUCE 36 4 0
RECIEVED 1553581740 INTRODUCE 36 4 0
RECIEVED 1553581741 TRANSACTION 80 4 0
UPDATE 1553581741 TRANSACTION 48f815173bc157879d4cbcade94af23c
SEND 1553581741 TRANSACTION 80 10264 48f815173bc157879d4cbcade94af23c
RECIEVED 1553581744 TRANSACTION 81 4 1
UPDATE 1553581744 TRANSACTION d218f37dfcabf51461079efcc838cf02
SEND 1553581744 TRANSACTION 81 24974 d218f37dfcabf51461079efcc838cf02
RECIEVED 1553581745 TRANSACTION 81 4 2
UPDATE 1553581745 TRANSACTION d58ee7712a168c84abea12677a9a0fa5
SEND 1553581745 TRANSACTION 81 32708 d58ee7712a168c84abea12677a9a0fa5
RECIEVED 1553581745 INTRODUCE 36 4 3
SEND 1553581745 INTRODUCE 36 37071
SEND 1553581745 INTRODUCE 36 24211
SEND 1553581745 INTRODUCE 36 15278
SEND 1553581745 INTRODUCE 36 19663
SEND 1553581745 JOIN 30 47659
# recieved string JOIN node6 172.22.156.206 8006

RECIEVED 1553581745 JOIN 31 5 3
SEND 1553581745 INTRODUCE 36 25063
SEND 1553581745 INTRODUCE 36 19206
SEND 1553581745 INTRODUCE 36 28239
SEND 1553581746 INTRODUCE 37 17124
SEND 1553581746 INTRODUCE 36 34290
RECIEVED 1553581746 INTRODUCE 36 6 3
RECIEVED 1553581746 INTRODUCE 36 6 3
RECIEVED 1553581746 INTRODUCE 36 6 3
SEND 1553581746 INTRODUCE 36 19071
SEND 1553581746 INTRODUCE 36 20092
SEND 1553581746 INTRODUCE 36 20228
SEND 1553581746 INTRODUCE 36 15792
SEND 1553581746 INTRODUCE 36 14599
SEND 1553581746 INTRODUCE 36 13592
SEND 1553581746 JOIN 30 18592
RECIEVED 1553581746 INTRODUCE 36 7 3
RECIEVED 1553581746 INTRODUCE 36 7 3
RECIEVED 1553581747 HB 3 7 3
RECIEVED 1553581748 TRANSACTION 81 7 3
UPDATE 1553581748 TRANSACTION e44a85016443fed1cd3793b06e7af402
SEND 1553581748 TRANSACTION 81 15036 e44a85016443fed1cd3793b06e7af402
SEND 1553581748 TRANSACTION 81 19753 e44a85016443fed1cd3793b06e7af402
RECIEVED 1553581749 TRANSACTION 81 7 4
UPDATE 1553581749 TRANSACTION 8d859663db4be814c59d53ba95bdb2e3
SEND 1553581749 TRANSACTION 81 22017 8d859663db4be814c59d53ba95bdb2e3
SEND 1553581749 TRANSACTION 81 22719 8d859663db4be814c59d53ba95bdb2e3
SEND 1553581749 TRANSACTION 81 16373 8d859663db4be814c59d53ba95bdb2e3
SEND 1553581749 TRANSACTION 81 14814 8d859663db4be814c59d53ba95bdb2e3
RECIEVED 1553581752 INTRODUCE 37 7 5
SEND 1553581752 INTRODUCE 37 21222
SEND 1553581752 INTRODUCE 37 14773
SEND 1553581752 INTRODUCE 37 20474
SEND 1553581752 INTRODUCE 37 14548
SEND 1553581752 INTRODUCE 37 20880
SEND 1553581752 INTRODUCE 37 15438
SEND 1553581752 INTRODUCE 37 19499
SEND 1553581752 JOIN 30 14640
RECIEVED 1553581752 INTRODUCE 37 8 5
# recieved string JOIN node12 172.22.156.206 8012

RECIEVED 1553581752 JOIN 32 8 5
SEND 1553581752 INTRODUCE 36 19799
SEND 1553581752 INTRODUCE 36 15497
SEND 1553581752 INTRODUCE 36 19406
SEND 1553581752 INTRODUCE 37 14091
SEND 1553581752 INTRODUCE 36 18731
SEND 1553581752 INTRODUCE 36 14194
SEND 1553581752 INTRODUCE 36 15477
SEND 1553581752 INTRODUCE 37 23154
RECIEVED 1553581752 INTRODUCE 37 9 5
SEND 1553581752 INTRODUCE 37 18534
SEND 1553581752 INTRODUCE 37 19391
SEND 1553581752 INTRODUCE 37 18366
SEND 1553581752 INTRODUCE 37 14193
SEND 1553581752 INTRODUCE 37 18998
SEND 1553581752 INTRODUCE 37 16980
SEND 1553581752 INTRODUCE 37 15661
SEND 1553581752 INTRODUCE 37 15286
SEND 1553581752 INTRODUCE 37 14242
SEND 1553581752 JOIN 30 19295
RECIEVED 1553581752 INTRODUCE 37 10 5
RECIEVED 1553581752 INTRODUCE 36 10 5
RECIEVED 1553581752 INTRODUCE 37 10 5
RECIEVED 1553581752 INTRODUCE 36 10 5
SEND 1553581752 INTRODUCE 36 23785
SEND 1553581752 INTRODUCE 36 14703
SEND 1553581752 INTRODUCE 36 18731
SEND 1553581752 INTRODUCE 36 32577
SEND 1553581752 INTRODUCE 36 16747
SEND 1553581752 INTRODUCE 36 14769
SEND 1553581752 INTRODUCE 36 21993
SEND 1553581752 INTRODUCE 36 19040
SEND 1553581752 INTRODUCE 36 13440
SEND 1553581752 INTRODUCE 36 14144
SEND 1553581752 JOIN 30 19056
RECIEVED 1553581752 INTRODUCE 37 11 5
SEND 1553581752 INTRODUCE 37 19236
SEND 1553581752 INTRODUCE 37 15420
SEND 1553581752 INTRODUCE 37 19095
SEND 1553581752 INTRODUCE 37 14083
SEND 1553581752 INTRODUCE 37 14120
SEND 1553581752 INTRODUCE 37 14937
SEND 1553581752 INTRODUCE 37 15435
SEND 1553581752 INTRODUCE 37 19862
SEND 1553581752 INTRODUCE 37 13726
SEND 1553581752 INTRODUCE 37 16348
SEND 1553581752 INTRODUCE 37 13980
SEND 1553581752 JOIN 30 14800
RECIEVED 1553581752 INTRODUCE 37 12 5
RECIEVED 1553581752 INTRODUCE 36 12 5
SEND 1553581752 INTRODUCE 36 15230
SEND 1553581752 INTRODUCE 36 23229
SEND 1553581752 INTRODUCE 36 17004
SEND 1553581752 INTRODUCE 36 15300
SEND 1553581752 INTRODUCE 36 24282
SEND 1553581752 INTRODUCE 36 13915
SEND 1553581752 INTRODUCE 36 24956
SEND 1553581752 INTRODUCE 36 18891
SEND 1553581752 INTRODUCE 36 18320
SEND 1553581752 INTRODUCE 36 18463
SEND 1553581752 INTRODUCE 36 13689
SEND 1553581752 INTRODUCE 36 14111
SEND 1553581752 JOIN 30 15751
RECIEVED 1553581752 INTRODUCE 36 13 5
SEND 1553581752 INTRODUCE 36 20080
SEND 1553581752 INTRODUCE 36 19260
SEND 1553581752 INTRODUCE 36 15103
SEND 1553581752 INTRODUCE 36 16024
SEND 1553581752 INTRODUCE 36 14916
SEND 1553581752 INTRODUCE 36 14523
SEND 1553581752 INTRODUCE 36 19146
SEND 1553581752 INTRODUCE 36 13510
SEND 1553581752 INTRODUCE 36 13832
SEND 1553581752 INTRODUCE 36 14777
SEND 1553581752 INTRODUCE 36 14729
SEND 1553581752 INTRODUCE 36 14178
SEND 1553581752 INTRODUCE 36 16159
SEND 1553581752 JOIN 30 15279
RECIEVED 1553581752 INTRODUCE 37 14 5
SEND 1553581752 INTRODUCE 37 18390
SEND 1553581752 INTRODUCE 37 14201
SEND 1553581752 INTRODUCE 37 14395
SEND 1553581752 INTRODUCE 37 14251
SEND 1553581752 INTRODUCE 37 14527
SEND 1553581752 INTRODUCE 37 14801
SEND 1553581752 INTRODUCE 37 14491
SEND 1553581752 INTRODUCE 37 10497
SEND 1553581752 INTRODUCE 37 15455
SEND 1553581752 INTRODUCE 37 30545
SEND 1553581752 INTRODUCE 37 15767
SEND 1553581752 INTRODUCE 37 28502
SEND 1553581752 INTRODUCE 37 15440
SEND 1553581752 INTRODUCE 37 14606
SEND 1553581752 JOIN 30 14181
RECIEVED 1553581752 INTRODUCE 37 15 5
RECIEVED 1553581752 INTRODUCE 36 15 5
RECIEVED 1553581752 INTRODUCE 36 15 5
RECIEVED 1553581752 INTRODUCE 36 15 5
RECIEVED 1553581752 INTRODUCE 37 15 5
RECIEVED 1553581752 INTRODUCE 36 15 5
RECIEVED 1553581752 INTRODUCE 37 15 5
SEND 1553581752 INTRODUCE 37 18901
SEND 1553581752 INTRODUCE 37 15136
SEND 1553581752 INTRODUCE 37 14573
SEND 1553581752 INTRODUCE 37 19961
SEND 1553581752 INTRODUCE 37 14585
SEND 1553581752 INTRODUCE 37 15337
SEND 1553581752 INTRODUCE 37 14327
SEND 1553581752 INTRODUCE 37 13440
SEND 1553581752 INTRODUCE 37 13675
SEND 1553581752 INTRODUCE 37 13922
SEND 1553581752 INTRODUCE 37 19491
SEND 1553581752 INTRODUCE 37 14594
SEND 1553581752 INTRODUCE 37 14577
SEND 1553581752 INTRODUCE 37 17774
SEND 1553581752 INTRODUCE 37 17589
SEND 1553581752 JOIN 30 14542
RECIEVED 1553581752 INTRODUCE 36 16 5
RECIEVED 1553581752 INTRODUCE 37 16 5
RECIEVED 1553581752 INTRODUCE 36 16 5
RECIEVED 1553581752 INTRODUCE 36 16 5
RECIEVED 1553581752 INTRODUCE 37 16 5
RECIEVED 1553581752 INTRODUCE 37 16 5
RECIEVED 1553581752 INTRODUCE 36 16 5
RECIEVED 1553581752 INTRODUCE 37 16 5
RECIEVED 1553581752 INTRODUCE 36 16 5
RECIEVED 1553581752 INTRODUCE 36 16 5
RECIEVED 1553581752 INTRODUCE 36 16 5
RECIEVED 1553581752 INTRODUCE 36 16 5
RECIEVED 1553581752 INTRODUCE 37 16 5
RECIEVED 1553581752 INTRODUCE 36 16 5
RECIEVED 1553581752 INTRODUCE 37 16 5
SEND 1553581752 INTRODUCE 37 24565
SEND 1553581752 INTRODUCE 37 17116
SEND 1553581752 INTRODUCE 37 17096
SEND 1553581752 INTRODUCE 37 14451
SEND 1553581752 INTRODUCE 37 16384
SEND 1553581752 INTRODUCE 37 16100
SEND 1553581752 INTRODUCE 37 25282
SEND 1553581752 INTRODUCE 37 21305
SEND 1553581752 INTRODUCE 37 14104
SEND 1553581752 INTRODUCE 37 16330
SEND 1553581752 INTRODUCE 37 21529
SEND 1553581752 INTRODUCE 37 15275
SEND 1553581752 INTRODUCE 37 14833
SEND 1553581752 INTRODUCE 37 19347
SEND 1553581752 INTRODUCE 37 14705
SEND 1553581752 INTRODUCE 37 14821
SEND 1553581752 JOIN 30 14341
RECIEVED 1553581752 INTRODUCE 36 17 5
RECIEVED 1553581752 INTRODUCE 36 17 5
RECIEVED 1553581752 INTRODUCE 37 17 5
RECIEVED 1553581752 INTRODUCE 37 17 5
RECIEVED 1553581752 INTRODUCE 37 17 5
RECIEVED 1553581752 INTRODUCE 37 17 5
RECIEVED 1553581752 INTRODUCE 37 17 5
RECIEVED 1553581752 INTRODUCE 37 17 5
RECIEVED 1553581752 INTRODUCE 36 17 5
RECIEVED 1553581752 INTRODUCE 37 17 5
RECIEVED 1553581752 INTRODUCE 36 17 5
RECIEVED 1553581752 INTRODUCE 36 17 5
RECIEVED 1553581752 INTRODUCE 36 17 5
RECIEVED 1553581752 INTRODUCE 36 17 5
RECIEVED 1553581752 INTRODUCE 37 17 5
RECIEVED 1553581752 INTRODUCE 36 17 5
RECIEVED 1553581752 INTRODUCE 37 17 5
RECIEVED 1553581752 INTRODUCE 36 17 5
RECIEVED 1553581752 INTRODUCE 37 17 5
RECIEVED 1553581752 INTRODUCE 37 17 5
RECIEVED 1553581752 INTRODUCE 37 17 5
RECIEVED 1553581752 INTRODUCE 36 17 5
RECIEVED 1553581752 INTRODUCE 37 17 5
RECIEVED 1553581752 INTRODUCE 36 17 5
RECIEVED 1553581752 INTRODUCE 36 17 5
RECIEVED 1553581752 INTRODUCE 36 17 5
RECIEVED 1553581752 INTRODUCE 36 17 5
RECIEVED 1553581752 INTRODUCE 36 17 5
RECIEVED 1553581752 INTRODUCE 36 17 5
RECIEVED 1553581752 INTRODUCE 37 17 5
RECIEVED 1553581752 INTRODUCE 36 17 5
RECIEVED 1553581752 INTRODUCE 37 17 5
RECIEVED 1553581752 INTRODUCE 36 17 5
RECIEVED 1553581752 INTRODUCE 37 17 5
RECIEVED 1553581752 INTRODUCE 36 17 5
RECIEVED 1553581752 INTRODUCE 37 17 5
RECIEVED 1553581752 INTRODUCE 37 17 5
RECIEVED 1553581752 TRANSACTION 81 17 5
UPDATE 1553581752 TRANSACTION d07ff9a58258e323aab8a497f1ec5527
SEND 1553581752 TRANSACTION 81 30574 d07ff9a58258e323aab8a497f1ec5527
SEND 1553581752 TRANSACTION 81 19781 d07ff9a58258e323aab8a497f1ec5527
SEND 1553581752 TRANSACTION 81 18556 d07ff9a58258e323aab8a497f1ec5527
SEND 1553581752 TRANSACTION 81 14458 d07ff9a58258e323aab8a497f1ec5527
SEND 1553581752 TRANSACTION 81 14655 d07ff9a58258e323aab8a497f1ec5527
SEND 1553581752 TRANSACTION 81 14543 d07ff9a58258e323aab8a497f1ec5527
SEND 1553581752 TRANSACTION 81 13337 d07ff9a58258e323aab8a497f1ec5527
RECIEVED 1553581752 TRANSACTION 81 17 6
RECIEVED 1553581752 TRANSACTION 81 17 6
RECIEVED 1553581752 TRANSACTION 81 17 6
UPDATE 1553581752 TRANSACTION 9f4f28e9764ef1e9827a5fd9adb3760f
SEND 1553581752 TRANSACTION 81 14118 9f4f28e9764ef1e9827a5fd9adb3760f
SEND 1553581752 TRANSACTION 81 20271 9f4f28e9764ef1e9827a5fd9adb3760f
SEND 1553581752 TRANSACTION 81 14796 9f4f28e9764ef1e9827a5fd9adb3760f
SEND 1553581752 TRANSACTION 81 15322 9f4f28e9764ef1e9827a5fd9adb3760f
SEND 1553581752 TRANSACTION 81 16042 9f4f28e9764ef1e9827a5fd9adb3760f
SEND 1553581752 TRANSACTION 81 15169 9f4f28e9764ef1e9827a5fd9adb3760f
RECIEVED 1553581752 TRANSACTION 81 17 7
RECIEVED 1553581752 TRANSACTION 81 17 7
UPDATE 1553581752 TRANSACTION b1ca77aee7c31156adb2d709b72f599c
SEND 1553581752 TRANSACTION 81 25840 b1ca77aee7c31156adb2d709b72f599c
SEND 1553581752 TRANSACTION 81 14983 b1ca77aee7c31156adb2d709b72f599c
SEND 1553581752 TRANSACTION 81 29208 b1ca77aee7c31156adb2d709b72f599c
SEND 1553581752 TRANSACTION 81 18572 b1ca77aee7c31156adb2d709b72f599c
SEND 1553581752 TRANSACTION 81 18109 b1ca77aee7c31156adb2d709b72f599c
RECIEVED 1553581752 TRANSACTION 81 17 8
RECIEVED 1553581752 TRANSACTION 81 17 8
RECIEVED 1553581752 TRANSACTION 81 17 8
RECIEVED 1553581752 TRANSACTION 81 17 8
UPDATE 1553581752 TRANSACTION d7124a8cf465abdaa6f6ea11d63c9f82
SEND 1553581752 TRANSACTION 81 23633 d7124a8cf465abdaa6f6ea11d63c9f82
SEND 1553581752 TRANSACTION 81 15418 d7124a8cf465abdaa6f6ea11d63c9f82
SEND 1553581752 TRANSACTION 81 23907 d7124a8cf465abdaa6f6ea11d63c9f82
SEND 1553581752 TRANSACTION 81 14874 d7124a8cf465abdaa6f6ea11d63c9f82
SEND 1553581752 TRANSACTION 81 14392 d7124a8cf465abdaa6f6ea11d63c9f82
SEND 1553581752 TRANSACTION 81 14557 d7124a8cf465abdaa6f6ea11d63c9f82
RECIEVED 1553581752 TRANSACTION 81 17 9
RECIEVED 1553581752 TRANSACTION 81 17 9
RECIEVED 1553581753 TRANSACTION 81 17 9
UPDATE 1553581753 TRANSACTION 2375130f06fb4b32a554616d12e40bd5
SEND 1553581753 TRANSACTION 81 21510 2375130f06fb4b32a554616d12e40bd5
SEND 1553581753 TRANSACTION 81 19760 2375130f06fb4b32a554616d12e40bd5
SEND 1553581753 TRANSACTION 81 30271 2375130f06fb4b32a554616d12e40bd5
SEND 1553581753 TRANSACTION 81 15646 2375130f06fb4b32a554616d12e40bd5
SEND 1553581753 TRANSACTION 81 29910 2375130f06fb4b32a554616d12e40bd5
RECIEVED 1553581753 TRANSACTION 81 17 10
RECIEVED 1553581753 TRANSACTION 81 17 10
RECIEVED 1553581753 TRANSACTION 82 17 10
UPDATE 1553581753 TRANSACTION 4a819e4a6749742fd97437cb02e8c3c0
SEND 1553581753 TRANSACTION 82 19445 4a819e4a6749742fd97437cb02e8c3c0
SEND 1553581753 TRANSACTION 82 16384 4a819e4a6749742fd97437cb02e8c3c0
SEND 1553581753 TRANSACTION 82 15634 4a819e4a6749742fd97437cb02e8c3c0
SEND 1553581753 TRANSACTION 82 15371 4a819e4a6749742fd97437cb02e8c3c0
SEND 1553581753 TRANSACTION 82 14795 4a819e4a6749742fd97437cb02e8c3c0
SEND 1553581753 TRANSACTION 82 15056 4a819e4a6749742fd97437cb02e8c3c0
SEND 1553581753 TRANSACTION 82 15398 4a819e4a6749742fd97437cb02e8c3c0
RECIEVED 1553581753 TRANSACTION 82 17 11
RECIEVED 1553581753 TRANSACTION 82 17 11
RECIEVED 1553581753 TRANSACTION 82 17 11
RECIEVED 1553581753 TRANSACTION 82 17 11
# Failed listening 
%!(EXTRA string=node11)# ERROR: read tcp 172.22.94.216:56794->172.22.158.207:8011: read: connection reset by peer
# Failed listening 
%!(EXTRA string=node4)# ERROR: read tcp 172.22.94.216:45014->172.22.158.207:8004: read: connection reset by peer
RECIEVED 1553581755 TRANSACTION 81 17 11
UPDATE 1553581755 TRANSACTION 6e4bf2cb79b20341ecbf3fbd6c72252d
SEND 1553581755 TRANSACTION 81 21048 6e4bf2cb79b20341ecbf3fbd6c72252d
SEND 1553581755 TRANSACTION 81 15584 6e4bf2cb79b20341ecbf3fbd6c72252d
# Failed sending to node node4
# ERROR: write tcp 172.22.94.216:45014->172.22.158.207:8004: write: broken pipe
# Could not send message to node4
RECIEVED 1553581755 TRANSACTION 81 16 12
RECIEVED 1553581755 TRANSACTION 81 16 12
RECIEVED 1553581755 TRANSACTION 81 16 12
RECIEVED 1553581755 TRANSACTION 81 16 12
UPDATE 1553581755 TRANSACTION cc57ea5e4e1d9b02c863f293cda13328
SEND 1553581755 TRANSACTION 81 20973 cc57ea5e4e1d9b02c863f293cda13328
SEND 1553581755 TRANSACTION 81 19209 cc57ea5e4e1d9b02c863f293cda13328
SEND 1553581755 TRANSACTION 81 14322 cc57ea5e4e1d9b02c863f293cda13328
SEND 1553581755 TRANSACTION 81 18537 cc57ea5e4e1d9b02c863f293cda13328
# Failed sending to node node11
# ERROR: write tcp 172.22.94.216:56794->172.22.158.207:8011: write: broken pipe
# Could not send message to node11
SEND 1553581755 TRANSACTION 81 10000 cc57ea5e4e1d9b02c863f293cda13328
SEND 1553581755 TRANSACTION 81 19169 cc57ea5e4e1d9b02c863f293cda13328
SEND 1553581755 TRANSACTION 81 14786 cc57ea5e4e1d9b02c863f293cda13328
SEND 1553581755 TRANSACTION 81 14723 cc57ea5e4e1d9b02c863f293cda13328
RECIEVED 1553581755 TRANSACTION 81 15 13
RECIEVED 1553581755 TRANSACTION 81 15 13
RECIEVED 1553581755 TRANSACTION 81 15 13
RECIEVED 1553581755 TRANSACTION 81 15 13
RECIEVED 1553581756 TRANSACTION 81 15 13
UPDATE 1553581756 TRANSACTION 1d77f001037c51bb4508240986fb6a4c
SEND 1553581756 TRANSACTION 81 19428 1d77f001037c51bb4508240986fb6a4c
SEND 1553581756 TRANSACTION 81 14662 1d77f001037c51bb4508240986fb6a4c
SEND 1553581756 TRANSACTION 81 19119 1d77f001037c51bb4508240986fb6a4c
SEND 1553581756 TRANSACTION 81 19768 1d77f001037c51bb4508240986fb6a4c
SEND 1553581756 TRANSACTION 81 18612 1d77f001037c51bb4508240986fb6a4c
SEND 1553581756 TRANSACTION 81 18718 1d77f001037c51bb4508240986fb6a4c
SEND 1553581756 TRANSACTION 81 18247 1d77f001037c51bb4508240986fb6a4c
RECIEVED 1553581756 TRANSACTION 81 15 14
RECIEVED 1553581756 TRANSACTION 81 15 14
RECIEVED 1553581757 HB 3 15 14
SEND 1553581757 INTRODUCE 36 27574
SEND 1553581757 INTRODUCE 36 13972
SEND 1553581757 INTRODUCE 36 14019
SEND 1553581757 INTRODUCE 37 14080
SEND 1553581757 INTRODUCE 36 14436
SEND 1553581757 INTRODUCE 36 14027
SEND 1553581757 INTRODUCE 36 13815
SEND 1553581757 INTRODUCE 37 13414
SEND 1553581757 INTRODUCE 36 18885
SEND 1553581757 INTRODUCE 36 12304
SEND 1553581757 INTRODUCE 36 14544
SEND 1553581757 INTRODUCE 37 11655
SEND 1553581757 INTRODUCE 36 19346
SEND 1553581757 INTRODUCE 36 28516
SEND 1553581757 INTRODUCE 36 14371
SEND 1553581757 INTRODUCE 37 14148
RECIEVED 1553581757 TRANSACTION 81 15 14
UPDATE 1553581757 TRANSACTION bdf9b9b4da57789e7fad430113c6d61e
SEND 1553581757 TRANSACTION 81 16052 bdf9b9b4da57789e7fad430113c6d61e
SEND 1553581757 TRANSACTION 81 14958 bdf9b9b4da57789e7fad430113c6d61e
SEND 1553581757 TRANSACTION 81 20103 bdf9b9b4da57789e7fad430113c6d61e
SEND 1553581757 TRANSACTION 81 27565 bdf9b9b4da57789e7fad430113c6d61e
SEND 1553581757 TRANSACTION 81 24593 bdf9b9b4da57789e7fad430113c6d61e
SEND 1553581757 TRANSACTION 81 22745 bdf9b9b4da57789e7fad430113c6d61e
RECIEVED 1553581757 TRANSACTION 81 15 15
RECIEVED 1553581757 INTRODUCE 37 15 15
RECIEVED 1553581757 INTRODUCE 36 15 15
RECIEVED 1553581757 INTRODUCE 37 15 15
RECIEVED 1553581757 INTRODUCE 37 15 15
# Failed listening 
%!(EXTRA string=node3)# ERROR: read tcp 172.22.94.216:36012->172.22.158.207:8003: read: connection reset by peer
RECIEVED 1553581758 TRANSACTION 80 15 15
UPDATE 1553581758 TRANSACTION 96f7d911814eb4eee5937c96bcb32c4b
SEND 1553581758 TRANSACTION 80 19566 96f7d911814eb4eee5937c96bcb32c4b
SEND 1553581758 TRANSACTION 80 14874 96f7d911814eb4eee5937c96bcb32c4b
SEND 1553581758 TRANSACTION 80 16832 96f7d911814eb4eee5937c96bcb32c4b
SEND 1553581758 TRANSACTION 80 18029 96f7d911814eb4eee5937c96bcb32c4b
RECIEVED 1553581758 TRANSACTION 80 15 16
RECIEVED 1553581761 TRANSACTION 81 15 16
UPDATE 1553581761 TRANSACTION 4435a4c16e73d28ae43fa40048fde43f
SEND 1553581761 TRANSACTION 81 19929 4435a4c16e73d28ae43fa40048fde43f
SEND 1553581761 TRANSACTION 81 25423 4435a4c16e73d28ae43fa40048fde43f
SEND 1553581761 TRANSACTION 81 13812 4435a4c16e73d28ae43fa40048fde43f
SEND 1553581761 TRANSACTION 81 10963 4435a4c16e73d28ae43fa40048fde43f
SEND 1553581761 TRANSACTION 81 19239 4435a4c16e73d28ae43fa40048fde43f
SEND 1553581761 TRANSACTION 81 15725 4435a4c16e73d28ae43fa40048fde43f
SEND 1553581761 TRANSACTION 81 17657 4435a4c16e73d28ae43fa40048fde43f
RECIEVED 1553581761 TRANSACTION 81 15 17
RECIEVED 1553581762 TRANSACTION 81 15 17
UPDATE 1553581762 TRANSACTION b5fe4ec7e12dada6692cf65bb7b7221d
SEND 1553581762 TRANSACTION 81 40766 b5fe4ec7e12dada6692cf65bb7b7221d
SEND 1553581762 TRANSACTION 81 16708 b5fe4ec7e12dada6692cf65bb7b7221d
SEND 1553581762 TRANSACTION 81 30691 b5fe4ec7e12dada6692cf65bb7b7221d
RECIEVED 1553581762 TRANSACTION 81 15 18
RECIEVED 1553581763 TRANSACTION 81 15 18
UPDATE 1553581763 TRANSACTION 1d6f2144e5544c893b9e1c390bb04ffa
SEND 1553581763 TRANSACTION 81 31297 1d6f2144e5544c893b9e1c390bb04ffa
SEND 1553581763 TRANSACTION 81 21020 1d6f2144e5544c893b9e1c390bb04ffa
# Failed sending to node node3
# ERROR: write tcp 172.22.94.216:36012->172.22.158.207:8003: write: broken pipe
# Could not send message to node3
SEND 1553581763 TRANSACTION 81 20291 1d6f2144e5544c893b9e1c390bb04ffa
RECIEVED 1553581763 TRANSACTION 81 14 19
RECIEVED 1553581763 TRANSACTION 81 14 19
RECIEVED 1553581765 TRANSACTION 82 14 19
UPDATE 1553581765 TRANSACTION 10b1a2a558a88c3dfda2f4e9040d160c
SEND 1553581765 TRANSACTION 82 21086 10b1a2a558a88c3dfda2f4e9040d160c
SEND 1553581765 TRANSACTION 82 16004 10b1a2a558a88c3dfda2f4e9040d160c
SEND 1553581765 TRANSACTION 82 15338 10b1a2a558a88c3dfda2f4e9040d160c
SEND 1553581765 TRANSACTION 82 14937 10b1a2a558a88c3dfda2f4e9040d160c
SEND 1553581765 TRANSACTION 82 14921 10b1a2a558a88c3dfda2f4e9040d160c
SEND 1553581765 TRANSACTION 82 14879 10b1a2a558a88c3dfda2f4e9040d160c
RECIEVED 1553581765 TRANSACTION 82 14 20
RECIEVED 1553581765 TRANSACTION 82 14 20
# Failed listening 
%!(EXTRA string=node6)# ERROR: read tcp 172.22.94.216:46890->172.22.156.207:8006: read: connection reset by peer
RECIEVED 1553581767 TRANSACTION 80 14 20
UPDATE 1553581767 TRANSACTION 05d737831e039ad870ef150c6aa2cb77
SEND 1553581767 TRANSACTION 80 16339 05d737831e039ad870ef150c6aa2cb77
SEND 1553581767 TRANSACTION 80 15275 05d737831e039ad870ef150c6aa2cb77
SEND 1553581767 TRANSACTION 80 15927 05d737831e039ad870ef150c6aa2cb77
SEND 1553581767 TRANSACTION 80 20363 05d737831e039ad870ef150c6aa2cb77
SEND 1553581767 TRANSACTION 80 15373 05d737831e039ad870ef150c6aa2cb77
SEND 1553581767 TRANSACTION 80 15325 05d737831e039ad870ef150c6aa2cb77
RECIEVED 1553581767 TRANSACTION 80 14 21
RECIEVED 1553581767 TRANSACTION 80 14 21
RECIEVED 1553581767 HB 3 14 21
RECIEVED 1553581768 TRANSACTION 81 14 21
UPDATE 1553581768 TRANSACTION 0ddc928da2d7d7d89c3a117e34557737
SEND 1553581768 TRANSACTION 81 26183 0ddc928da2d7d7d89c3a117e34557737
SEND 1553581768 TRANSACTION 81 15866 0ddc928da2d7d7d89c3a117e34557737
SEND 1553581768 TRANSACTION 81 16150 0ddc928da2d7d7d89c3a117e34557737
SEND 1553581768 TRANSACTION 81 15258 0ddc928da2d7d7d89c3a117e34557737
SEND 1553581768 TRANSACTION 81 33332 0ddc928da2d7d7d89c3a117e34557737
RECIEVED 1553581770 TRANSACTION 81 14 22
UPDATE 1553581770 TRANSACTION 6d56d7f7a4bbfdc3dec1aa86f418ffb2
SEND 1553581770 TRANSACTION 81 25981 6d56d7f7a4bbfdc3dec1aa86f418ffb2
SEND 1553581770 TRANSACTION 81 15157 6d56d7f7a4bbfdc3dec1aa86f418ffb2
SEND 1553581770 TRANSACTION 81 16948 6d56d7f7a4bbfdc3dec1aa86f418ffb2
SEND 1553581770 TRANSACTION 81 14933 6d56d7f7a4bbfdc3dec1aa86f418ffb2
SEND 1553581770 TRANSACTION 81 14896 6d56d7f7a4bbfdc3dec1aa86f418ffb2
# Failed listening 
%!(EXTRA string=node13)# ERROR: read tcp 172.22.94.216:46266->172.22.158.207:8013: read: connection reset by peer
# Failed listening 
%!(EXTRA string=node5)# ERROR: read tcp 172.22.94.216:39176->172.22.156.207:8005: read: connection reset by peer
RECIEVED 1553581773 TRANSACTION 81 14 23
UPDATE 1553581773 TRANSACTION 7049f4fc159da6640fb34d718b17e33e
SEND 1553581773 TRANSACTION 81 31834 7049f4fc159da6640fb34d718b17e33e
SEND 1553581773 TRANSACTION 81 16438 7049f4fc159da6640fb34d718b17e33e
# Failed sending to node node6
# ERROR: write tcp 172.22.94.216:46890->172.22.156.207:8006: write: broken pipe
# Could not send message to node6
SEND 1553581773 TRANSACTION 81 15262 7049f4fc159da6640fb34d718b17e33e
SEND 1553581773 TRANSACTION 81 14980 7049f4fc159da6640fb34d718b17e33e
# Failed sending to node node5
# ERROR: write tcp 172.22.94.216:39176->172.22.156.207:8005: write: broken pipe
# Could not send message to node5
# Failed sending to node node13
# ERROR: write tcp 172.22.94.216:46266->172.22.158.207:8013: write: broken pipe
# Could not send message to node13
# Failed listening 
%!(EXTRA string=node12)# ERROR: read tcp 172.22.94.216:37754->172.22.156.207:8012: read: connection reset by peer
RECIEVED 1553581774 TRANSACTION 81 11 24
UPDATE 1553581774 TRANSACTION 322c59426bb070934add54928672166d
SEND 1553581774 TRANSACTION 81 31197 322c59426bb070934add54928672166d
SEND 1553581774 TRANSACTION 81 21299 322c59426bb070934add54928672166d
SEND 1553581774 TRANSACTION 81 24458 322c59426bb070934add54928672166d
SEND 1553581774 TRANSACTION 81 24239 322c59426bb070934add54928672166d
SEND 1553581774 TRANSACTION 81 15554 322c59426bb070934add54928672166d
SEND 1553581774 TRANSACTION 81 15116 322c59426bb070934add54928672166d
RECIEVED 1553581774 TRANSACTION 81 11 25
RECIEVED 1553581776 TRANSACTION 81 11 25
UPDATE 1553581776 TRANSACTION 0a510cba61acbf2a19faca61e60c62d3
SEND 1553581776 TRANSACTION 81 30124 0a510cba61acbf2a19faca61e60c62d3
SEND 1553581776 TRANSACTION 81 14730 0a510cba61acbf2a19faca61e60c62d3
SEND 1553581776 TRANSACTION 81 15458 0a510cba61acbf2a19faca61e60c62d3
SEND 1553581776 TRANSACTION 81 23881 0a510cba61acbf2a19faca61e60c62d3
SEND 1553581776 TRANSACTION 81 18100 0a510cba61acbf2a19faca61e60c62d3
RECIEVED 1553581776 TRANSACTION 80 11 26
UPDATE 1553581776 TRANSACTION 49fced53962abab4fa2409da86aaf6c6
SEND 1553581776 TRANSACTION 80 26507 49fced53962abab4fa2409da86aaf6c6
SEND 1553581776 TRANSACTION 80 21440 49fced53962abab4fa2409da86aaf6c6
SEND 1553581776 TRANSACTION 80 15774 49fced53962abab4fa2409da86aaf6c6
SEND 1553581776 TRANSACTION 80 14880 49fced53962abab4fa2409da86aaf6c6
RECIEVED 1553581776 TRANSACTION 80 11 27
RECIEVED 1553581777 TRANSACTION 81 11 27
UPDATE 1553581777 TRANSACTION 1b4076847222dd9be374083d6f05c3f2
SEND 1553581777 TRANSACTION 81 31340 1b4076847222dd9be374083d6f05c3f2
SEND 1553581777 TRANSACTION 81 25895 1b4076847222dd9be374083d6f05c3f2
SEND 1553581777 TRANSACTION 81 15781 1b4076847222dd9be374083d6f05c3f2
SEND 1553581777 TRANSACTION 81 15244 1b4076847222dd9be374083d6f05c3f2
# Failed sending to node node12
# ERROR: write tcp 172.22.94.216:37754->172.22.156.207:8012: write: broken pipe
# Could not send message to node12
SEND 1553581777 TRANSACTION 81 15474 1b4076847222dd9be374083d6f05c3f2
RECIEVED 1553581777 HB 3 10 28
SEND 1553581777 INTRODUCE 36 18169
SEND 1553581777 INTRODUCE 36 21033
SEND 1553581777 INTRODUCE 37 17925
SEND 1553581777 INTRODUCE 36 23994
RECIEVED 1553581778 TRANSACTION 80 10 28
UPDATE 1553581778 TRANSACTION e0628ab9b0a97f872b6c1346b2d2e868
SEND 1553581778 TRANSACTION 80 22508 e0628ab9b0a97f872b6c1346b2d2e868
SEND 1553581778 TRANSACTION 80 18459 e0628ab9b0a97f872b6c1346b2d2e868
SEND 1553581778 TRANSACTION 80 18910 e0628ab9b0a97f872b6c1346b2d2e868
RECIEVED 1553581779 TRANSACTION 81 10 29
UPDATE 1553581779 TRANSACTION 0e903f4ac04fd3de9667175ba40a38e1
SEND 1553581779 TRANSACTION 81 21205 0e903f4ac04fd3de9667175ba40a38e1
SEND 1553581779 TRANSACTION 81 16008 0e903f4ac04fd3de9667175ba40a38e1
SEND 1553581779 TRANSACTION 81 20121 0e903f4ac04fd3de9667175ba40a38e1
SEND 1553581779 TRANSACTION 81 18024 0e903f4ac04fd3de9667175ba40a38e1
RECIEVED 1553581779 TRANSACTION 81 10 30
RECIEVED 1553581780 INTRODUCE 36 10 30
RECIEVED 1553581780 INTRODUCE 35 10 30
RECIEVED 1553581780 INTRODUCE 37 10 30
RECIEVED 1553581780 INTRODUCE 37 10 30
RECIEVED 1553581781 TRANSACTION 81 10 30
UPDATE 1553581781 TRANSACTION 90eb7e4b440c221d664da08f323ca397
SEND 1553581781 TRANSACTION 81 51803 90eb7e4b440c221d664da08f323ca397
SEND 1553581781 TRANSACTION 81 16573 90eb7e4b440c221d664da08f323ca397
SEND 1553581781 TRANSACTION 81 15351 90eb7e4b440c221d664da08f323ca397
SEND 1553581781 TRANSACTION 81 17447 90eb7e4b440c221d664da08f323ca397
SEND 1553581781 TRANSACTION 81 15669 90eb7e4b440c221d664da08f323ca397
SEND 1553581781 TRANSACTION 81 18486 90eb7e4b440c221d664da08f323ca397
RECIEVED 1553581781 TRANSACTION 81 10 31
RECIEVED 1553581783 TRANSACTION 81 10 31
UPDATE 1553581783 TRANSACTION 6e82c7fac43fce16dbd25b361877cf94
SEND 1553581783 TRANSACTION 81 16450 6e82c7fac43fce16dbd25b361877cf94
SEND 1553581783 TRANSACTION 81 19065 6e82c7fac43fce16dbd25b361877cf94
RECIEVED 1553581783 TRANSACTION 81 10 32
RECIEVED 1553581783 TRANSACTION 81 10 32
RECIEVED 1553581785 TRANSACTION 81 10 32
UPDATE 1553581785 TRANSACTION fa3a85b637cce164fef99af64944e0ea
SEND 1553581785 TRANSACTION 81 28882 fa3a85b637cce164fef99af64944e0ea
SEND 1553581785 TRANSACTION 81 15685 fa3a85b637cce164fef99af64944e0ea
SEND 1553581785 TRANSACTION 81 15892 fa3a85b637cce164fef99af64944e0ea
RECIEVED 1553581785 TRANSACTION 81 10 33
RECIEVED 1553581786 TRANSACTION 81 10 33
UPDATE 1553581786 TRANSACTION bd0dada43542d9a0bf795389b7b49ca1
SEND 1553581786 TRANSACTION 81 20576 bd0dada43542d9a0bf795389b7b49ca1
SEND 1553581786 TRANSACTION 81 16634 bd0dada43542d9a0bf795389b7b49ca1
SEND 1553581786 TRANSACTION 81 15699 bd0dada43542d9a0bf795389b7b49ca1
SEND 1553581786 TRANSACTION 81 15117 bd0dada43542d9a0bf795389b7b49ca1
SEND 1553581786 TRANSACTION 81 14999 bd0dada43542d9a0bf795389b7b49ca1
RECIEVED 1553581787 HB 3 10 34
SEND 1553581787 INTRODUCE 36 50937
SEND 1553581787 INTRODUCE 37 18485
SEND 1553581787 INTRODUCE 37 15478
SEND 1553581787 INTRODUCE 37 17388
SEND 1553581787 INTRODUCE 36 24754
SEND 1553581787 INTRODUCE 37 18129
SEND 1553581787 INTRODUCE 37 14340
SEND 1553581787 INTRODUCE 37 34885
RECIEVED 1553581787 INTRODUCE 37 10 34
RECIEVED 1553581787 INTRODUCE 36 10 34
RECIEVED 1553581787 INTRODUCE 37 10 34
RECIEVED 1553581787 INTRODUCE 36 10 34
# Failed listening 
%!(EXTRA string=node5)# ERROR: read tcp 172.22.94.216:44604->172.22.158.207:8005: read: connection reset by peer
RECIEVED 1553581788 TRANSACTION 81 10 34
UPDATE 1553581788 TRANSACTION 68b46167bd6620218c6f70b337e1e8dc
SEND 1553581788 TRANSACTION 81 26439 68b46167bd6620218c6f70b337e1e8dc
SEND 1553581788 TRANSACTION 81 16817 68b46167bd6620218c6f70b337e1e8dc
SEND 1553581788 TRANSACTION 81 20893 68b46167bd6620218c6f70b337e1e8dc
RECIEVED 1553581788 TRANSACTION 80 10 35
UPDATE 1553581788 TRANSACTION f5a16a4b0b8f0529b75be54953394c0b
SEND 1553581788 TRANSACTION 80 14666 f5a16a4b0b8f0529b75be54953394c0b
SEND 1553581788 TRANSACTION 80 24801 f5a16a4b0b8f0529b75be54953394c0b
SEND 1553581788 TRANSACTION 80 21448 f5a16a4b0b8f0529b75be54953394c0b
RECIEVED 1553581788 TRANSACTION 80 10 36
RECIEVED 1553581796 TRANSACTION 81 10 36
UPDATE 1553581796 TRANSACTION c12522a68ce55324e520e13adc019a6a
SEND 1553581796 TRANSACTION 81 19726 c12522a68ce55324e520e13adc019a6a
# Failed sending to node node5
# ERROR: write tcp 172.22.94.216:44604->172.22.158.207:8005: write: broken pipe
# Could not send message to node5
SEND 1553581796 TRANSACTION 81 20580 c12522a68ce55324e520e13adc019a6a
RECIEVED 1553581796 TRANSACTION 81 9 37
UPDATE 1553581796 TRANSACTION 8600a74369fb9c31ea2c770a03579166
SEND 1553581796 TRANSACTION 81 35653 8600a74369fb9c31ea2c770a03579166
SEND 1553581796 TRANSACTION 81 16347 8600a74369fb9c31ea2c770a03579166
SEND 1553581796 TRANSACTION 81 15340 8600a74369fb9c31ea2c770a03579166
RECIEVED 1553581797 TRANSACTION 81 9 38
UPDATE 1553581797 TRANSACTION 36a882254869792a963ac1322a97c365
SEND 1553581797 TRANSACTION 81 27530 36a882254869792a963ac1322a97c365
RECIEVED 1553581797 HB 3 9 39
SEND 1553581797 INTRODUCE 37 28894
SEND 1553581797 INTRODUCE 37 19419
SEND 1553581797 INTRODUCE 37 19754
SEND 1553581797 INTRODUCE 36 24142
RECIEVED 1553581797 TRANSACTION 81 9 39
UPDATE 1553581797 TRANSACTION a8f1093c12c19381a093177fa6eb82b9
SEND 1553581797 TRANSACTION 81 31846 a8f1093c12c19381a093177fa6eb82b9
SEND 1553581797 TRANSACTION 81 15011 a8f1093c12c19381a093177fa6eb82b9
SEND 1553581797 TRANSACTION 81 15383 a8f1093c12c19381a093177fa6eb82b9
RECIEVED 1553581798 TRANSACTION 81 9 40
UPDATE 1553581798 TRANSACTION 9e56e590ae6b6e77dcfc5f2dc0c3ec7f
SEND 1553581798 TRANSACTION 81 20137 9e56e590ae6b6e77dcfc5f2dc0c3ec7f
SEND 1553581798 TRANSACTION 81 15273 9e56e590ae6b6e77dcfc5f2dc0c3ec7f
RECIEVED 1553581798 TRANSACTION 80 9 41
UPDATE 1553581798 TRANSACTION 88a9219d81485e5eda3f2c5422ab0c9b
SEND 1553581798 TRANSACTION 80 15372 88a9219d81485e5eda3f2c5422ab0c9b
SEND 1553581798 TRANSACTION 80 15103 88a9219d81485e5eda3f2c5422ab0c9b
SEND 1553581798 TRANSACTION 80 19664 88a9219d81485e5eda3f2c5422ab0c9b
RECIEVED 1553581800 TRANSACTION 81 9 42
UPDATE 1553581800 TRANSACTION 9b42a5981ee8d048e24467de2b8f1560
SEND 1553581800 TRANSACTION 81 26031 9b42a5981ee8d048e24467de2b8f1560
SEND 1553581800 TRANSACTION 81 21760 9b42a5981ee8d048e24467de2b8f1560
SEND 1553581800 TRANSACTION 81 73027 9b42a5981ee8d048e24467de2b8f1560
RECIEVED 1553581800 TRANSACTION 81 9 43
RECIEVED 1553581802 TRANSACTION 81 9 43
UPDATE 1553581802 TRANSACTION a8bcdf6aa7e7e008436d399d5953fc83
SEND 1553581802 TRANSACTION 81 39150 a8bcdf6aa7e7e008436d399d5953fc83
SEND 1553581802 TRANSACTION 81 33191 a8bcdf6aa7e7e008436d399d5953fc83
SEND 1553581802 TRANSACTION 81 25629 a8bcdf6aa7e7e008436d399d5953fc83
SEND 1553581802 TRANSACTION 81 19509 a8bcdf6aa7e7e008436d399d5953fc83
SEND 1553581802 TRANSACTION 81 16790 a8bcdf6aa7e7e008436d399d5953fc83
RECIEVED 1553581802 TRANSACTION 81 9 44
UPDATE 1553581802 TRANSACTION e122ccc4cc9da57f4cab2233334489a7
SEND 1553581802 TRANSACTION 81 14972 e122ccc4cc9da57f4cab2233334489a7
SEND 1553581802 TRANSACTION 81 14795 e122ccc4cc9da57f4cab2233334489a7
SEND 1553581802 TRANSACTION 81 15896 e122ccc4cc9da57f4cab2233334489a7
RECIEVED 1553581803 TRANSACTION 81 9 45
UPDATE 1553581803 TRANSACTION b12b7310dbdddf32f60883b83f74b46e
SEND 1553581803 TRANSACTION 81 28594 b12b7310dbdddf32f60883b83f74b46e
RECIEVED 1553581804 TRANSACTION 81 9 46
UPDATE 1553581804 TRANSACTION c2e9ec5fb0dc931bb6efb2411915560e
SEND 1553581804 TRANSACTION 81 106207 c2e9ec5fb0dc931bb6efb2411915560e
SEND 1553581804 TRANSACTION 81 17361 c2e9ec5fb0dc931bb6efb2411915560e
SEND 1553581804 TRANSACTION 81 17820 c2e9ec5fb0dc931bb6efb2411915560e
SEND 1553581804 TRANSACTION 81 16922 c2e9ec5fb0dc931bb6efb2411915560e
RECIEVED 1553581804 TRANSACTION 81 9 47
RECIEVED 1553581806 TRANSACTION 81 9 47
UPDATE 1553581806 TRANSACTION 673d39709f1a169d657f54a040f259c2
SEND 1553581806 TRANSACTION 81 35359 673d39709f1a169d657f54a040f259c2
RECIEVED 1553581807 TRANSACTION 82 9 48
UPDATE 1553581807 TRANSACTION 54d74c643aa97fbac3092388d74755c3
SEND 1553581807 TRANSACTION 82 24206 54d74c643aa97fbac3092388d74755c3
SEND 1553581807 TRANSACTION 82 17481 54d74c643aa97fbac3092388d74755c3
SEND 1553581807 TRANSACTION 82 15488 54d74c643aa97fbac3092388d74755c3
SEND 1553581807 TRANSACTION 82 15590 54d74c643aa97fbac3092388d74755c3
RECIEVED 1553581807 HB 3 9 49
SEND 1553581807 INTRODUCE 37 42888
SEND 1553581807 INTRODUCE 37 14126
SEND 1553581807 INTRODUCE 37 11636
SEND 1553581807 INTRODUCE 36 11927
SEND 1553581807 INTRODUCE 37 27020
SEND 1553581807 INTRODUCE 37 15760
SEND 1553581807 INTRODUCE 37 14802
SEND 1553581807 INTRODUCE 36 14136
RECIEVED 1553581807 TRANSACTION 79 9 49
UPDATE 1553581807 TRANSACTION 7cedd0d19190f087e9f36a94ce53fe8e
SEND 1553581807 TRANSACTION 79 15888 7cedd0d19190f087e9f36a94ce53fe8e
SEND 1553581807 TRANSACTION 79 18371 7cedd0d19190f087e9f36a94ce53fe8e
SEND 1553581807 TRANSACTION 79 16351 7cedd0d19190f087e9f36a94ce53fe8e
SEND 1553581807 TRANSACTION 79 11823 7cedd0d19190f087e9f36a94ce53fe8e
RECIEVED 1553581808 INTRODUCE 35 9 50
RECIEVED 1553581808 INTRODUCE 37 9 50
RECIEVED 1553581808 INTRODUCE 37 9 50
RECIEVED 1553581808 INTRODUCE 37 9 50
RECIEVED 1553581809 TRANSACTION 82 9 50
UPDATE 1553581809 TRANSACTION 26895e62d704e823fb1f67d6e2097776
SEND 1553581809 TRANSACTION 82 25354 26895e62d704e823fb1f67d6e2097776
SEND 1553581809 TRANSACTION 82 17305 26895e62d704e823fb1f67d6e2097776
RECIEVED 1553581809 TRANSACTION 82 9 51
RECIEVED 1553581810 INTRODUCE 35 9 51
RECIEVED 1553581810 INTRODUCE 37 9 51
RECIEVED 1553581810 INTRODUCE 37 9 51
RECIEVED 1553581810 INTRODUCE 36 9 51
RECIEVED 1553581810 INTRODUCE 36 9 51
RECIEVED 1553581813 TRANSACTION 81 9 51
UPDATE 1553581813 TRANSACTION 81b14f4b471002ccbc326108a171ffd8
SEND 1553581813 TRANSACTION 81 18675 81b14f4b471002ccbc326108a171ffd8
SEND 1553581813 TRANSACTION 81 14983 81b14f4b471002ccbc326108a171ffd8
SEND 1553581813 TRANSACTION 81 14740 81b14f4b471002ccbc326108a171ffd8
RECIEVED 1553581813 TRANSACTION 81 9 52
UPDATE 1553581813 TRANSACTION 36ae4a4a91054204f7e3b74a92afba0b
SEND 1553581813 TRANSACTION 81 32697 36ae4a4a91054204f7e3b74a92afba0b
SEND 1553581813 TRANSACTION 81 17507 36ae4a4a91054204f7e3b74a92afba0b
SEND 1553581813 TRANSACTION 81 16062 36ae4a4a91054204f7e3b74a92afba0b
SEND 1553581813 TRANSACTION 81 16414 36ae4a4a91054204f7e3b74a92afba0b
RECIEVED 1553581813 TRANSACTION 81 9 53
RECIEVED 1553581814 TRANSACTION 81 9 53
UPDATE 1553581814 TRANSACTION 5a7df9016740ba8a3f61905c24fb8c71
SEND 1553581814 TRANSACTION 81 18580 5a7df9016740ba8a3f61905c24fb8c71
SEND 1553581814 TRANSACTION 81 23643 5a7df9016740ba8a3f61905c24fb8c71
SEND 1553581814 TRANSACTION 81 29895 5a7df9016740ba8a3f61905c24fb8c71
RECIEVED 1553581814 TRANSACTION 81 9 54
RECIEVED 1553581815 TRANSACTION 81 9 54
UPDATE 1553581815 TRANSACTION 90a1a9c9bdd076de4d2ed001d7a5143d
SEND 1553581815 TRANSACTION 81 21280 90a1a9c9bdd076de4d2ed001d7a5143d
SEND 1553581815 TRANSACTION 81 15740 90a1a9c9bdd076de4d2ed001d7a5143d
SEND 1553581815 TRANSACTION 81 15620 90a1a9c9bdd076de4d2ed001d7a5143d
RECIEVED 1553581817 HB 3 9 55
SEND 1553581817 INTRODUCE 37 42934
SEND 1553581817 INTRODUCE 37 13804
SEND 1553581817 INTRODUCE 37 12561
SEND 1553581817 INTRODUCE 36 12221
SEND 1553581817 INTRODUCE 37 48277
SEND 1553581817 INTRODUCE 37 16422
SEND 1553581817 INTRODUCE 37 15644
SEND 1553581817 INTRODUCE 36 15441
RECIEVED 1553581818 TRANSACTION 82 9 55
UPDATE 1553581818 TRANSACTION da07795df4220813f08cdb091b8586f0
RECIEVED 1553581818 TRANSACTION 81 9 56
UPDATE 1553581818 TRANSACTION 709cd45cd0d950e11f56695fccb56354
SEND 1553581818 TRANSACTION 81 21085 709cd45cd0d950e11f56695fccb56354
SEND 1553581818 TRANSACTION 81 14738 709cd45cd0d950e11f56695fccb56354
RECIEVED 1553581820 TRANSACTION 81 9 57
UPDATE 1553581820 TRANSACTION 4547fad5b4797e2dca791b4ffd57e22f
SEND 1553581820 TRANSACTION 81 29251 4547fad5b4797e2dca791b4ffd57e22f
SEND 1553581820 TRANSACTION 81 20421 4547fad5b4797e2dca791b4ffd57e22f
SEND 1553581820 TRANSACTION 81 15481 4547fad5b4797e2dca791b4ffd57e22f
RECIEVED 1553581820 TRANSACTION 80 9 58
UPDATE 1553581820 TRANSACTION a8a442e047a81b4394dab9d54343781d
SEND 1553581820 TRANSACTION 80 30974 a8a442e047a81b4394dab9d54343781d
SEND 1553581820 TRANSACTION 80 20633 a8a442e047a81b4394dab9d54343781d
RECIEVED 1553581821 DIE 4 9 59
