RECIEVED 1553584400 INTRODUCE 168 0 0
SEND 1553584400 JOIN 164 52795
RECIEVED 1553584401 HB 139 1 0
SEND 1553584401 PING 261 69432
RECIEVED 1553584402 HB 139 1 0
SEND 1553584402 PING 261 541630
# Listen attempt 1.
# json: cannot unmarshal object into Go struct field Node.Sock of type net.Conn
RECIEVED 1553584404 HB 139 1 0
SEND 1553584404 PING 261 49775
# Listen attempt 1.
# json: cannot unmarshal object into Go struct field Node.Sock of type net.Conn
RECIEVED 1553584405 HB 139 1 0
SEND 1553584405 PING 261 44697
# Listen attempt 1.
# json: cannot unmarshal object into Go struct field Node.Sock of type net.Conn
RECIEVED 1553584406 HB 139 1 0
SEND 1553584406 PING 261 50088
# Listen attempt 1.
# json: cannot unmarshal object into Go struct field Node.Sock of type net.Conn
RECIEVED 1553584407 HB 139 1 0
SEND 1553584407 PING 261 53411
# Listen attempt 1.
# json: cannot unmarshal object into Go struct field Node.Sock of type net.Conn
RECIEVED 1553584408 HB 139 1 0
SEND 1553584408 PING 261 49928
# Listen attempt 1.
# json: cannot unmarshal object into Go struct field Node.Sock of type net.Conn
RECIEVED 1553584409 HB 139 1 0
SEND 1553584409 PING 261 55670
# Listen attempt 1.
# json: cannot unmarshal object into Go struct field Node.Sock of type net.Conn
RECIEVED 1553584410 HB 139 1 0
SEND 1553584410 PING 261 49664
# Listen attempt 1.
# json: cannot unmarshal object into Go struct field Node.Sock of type net.Conn
RECIEVED 1553584411 HB 139 1 0
SEND 1553584411 PING 261 53708
# Listen attempt 1.
# json: cannot unmarshal object into Go struct field Node.Sock of type net.Conn
RECIEVED 1553584412 HB 139 1 0
SEND 1553584412 PING 261 49561
# Listen attempt 1.
# json: cannot unmarshal object into Go struct field Node.Sock of type net.Conn
RECIEVED 1553584413 HB 139 1 0
SEND 1553584413 PING 261 49578
# Listen attempt 1.
# json: cannot unmarshal object into Go struct field Node.Sock of type net.Conn
RECIEVED 1553584414 HB 139 1 0
SEND 1553584414 PING 261 48992
# Listen attempt 1.
# json: cannot unmarshal object into Go struct field Node.Sock of type net.Conn
RECIEVED 1553584415 HB 139 1 0
SEND 1553584415 PING 261 57810
# Listen attempt 1.
# json: cannot unmarshal object into Go struct field Node.Sock of type net.Conn
RECIEVED 1553584416 HB 139 1 0
SEND 1553584416 PING 261 50453
# Listen attempt 1.
# json: cannot unmarshal object into Go struct field Node.Sock of type net.Conn
RECIEVED 1553584417 HB 139 1 0
SEND 1553584417 PING 261 27779
# Listen attempt 1.
# json: cannot unmarshal object into Go struct field Node.Sock of type net.Conn
RECIEVED 1553584418 HB 139 1 0
SEND 1553584418 PING 261 32804
# Listen attempt 1.
# json: cannot unmarshal object into Go struct field Node.Sock of type net.Conn
RECIEVED 1553584419 HB 139 1 0
SEND 1553584419 PING 261 36376
# Listen attempt 1.
# json: cannot unmarshal object into Go struct field Node.Sock of type net.Conn
RECIEVED 1553584420 HB 139 1 0
SEND 1553584420 PING 261 27619
# Listen attempt 1.
# json: cannot unmarshal object into Go struct field Node.Sock of type net.Conn
RECIEVED 1553584421 HB 139 1 0
SEND 1553584421 PING 261 40278
# Listen attempt 1.
# json: cannot unmarshal object into Go struct field Node.Sock of type net.Conn
RECIEVED 1553584422 HB 139 1 0
SEND 1553584422 PING 261 30793
# Listen attempt 1.
# json: cannot unmarshal object into Go struct field Node.Sock of type net.Conn
RECIEVED 1553584423 HB 139 1 0
SEND 1553584423 PING 261 30326
# Listen attempt 1.
# json: cannot unmarshal object into Go struct field Node.Sock of type net.Conn
RECIEVED 1553584424 HB 139 1 0
SEND 1553584424 PING 261 26399
# Listen attempt 1.
# json: cannot unmarshal object into Go struct field Node.Sock of type net.Conn
RECIEVED 1553584425 HB 139 1 0
SEND 1553584425 PING 261 28955
# Listen attempt 1.
# json: cannot unmarshal object into Go struct field Node.Sock of type net.Conn
RECIEVED 1553584426 HB 139 1 0
SEND 1553584426 PING 261 30048
# Listen attempt 1.
# json: cannot unmarshal object into Go struct field Node.Sock of type net.Conn
RECIEVED 1553584427 HB 139 1 0
SEND 1553584427 PING 261 34588
# Listen attempt 1.
# json: cannot unmarshal object into Go struct field Node.Sock of type net.Conn
RECIEVED 1553584428 HB 139 1 0
SEND 1553584428 PING 261 59375
# Listen attempt 1.
# json: cannot unmarshal object into Go struct field Node.Sock of type net.Conn
RECIEVED 1553584429 HB 139 1 0
SEND 1553584429 PING 261 38536
# Listen attempt 1.
# json: cannot unmarshal object into Go struct field Node.Sock of type net.Conn
RECIEVED 1553584430 HB 139 1 0
SEND 1553584430 PING 261 32072
# Listen attempt 1.
# json: cannot unmarshal object into Go struct field Node.Sock of type net.Conn
RECIEVED 1553584431 HB 139 1 0
SEND 1553584431 PING 261 27856
# Listen attempt 1.
# json: cannot unmarshal object into Go struct field Node.Sock of type net.Conn
RECIEVED 1553584432 HB 139 1 0
SEND 1553584432 PING 261 31421
# Listen attempt 1.
# json: cannot unmarshal object into Go struct field Node.Sock of type net.Conn
RECIEVED 1553584433 HB 139 1 0
SEND 1553584433 PING 261 28003
# Listen attempt 1.
# json: cannot unmarshal object into Go struct field Node.Sock of type net.Conn
RECIEVED 1553584434 HB 139 1 0
SEND 1553584434 PING 261 33026
# Listen attempt 1.
# json: cannot unmarshal object into Go struct field Node.Sock of type net.Conn
RECIEVED 1553584435 HB 139 1 0
SEND 1553584435 PING 261 28085
# Listen attempt 1.
# json: cannot unmarshal object into Go struct field Node.Sock of type net.Conn
RECIEVED 1553584436 HB 139 1 0
SEND 1553584436 PING 261 34314
# Listen attempt 1.
# json: cannot unmarshal object into Go struct field Node.Sock of type net.Conn
RECIEVED 1553584437 HB 139 1 0
SEND 1553584437 PING 261 29420
# Listen attempt 1.
# json: cannot unmarshal object into Go struct field Node.Sock of type net.Conn
RECIEVED 1553584438 HB 139 1 0
SEND 1553584438 PING 261 28697
# Listen attempt 1.
# json: cannot unmarshal object into Go struct field Node.Sock of type net.Conn
RECIEVED 1553584439 HB 139 1 0
SEND 1553584439 PING 261 29298
# Listen attempt 1.
# json: cannot unmarshal object into Go struct field Node.Sock of type net.Conn
RECIEVED 1553584440 HB 139 1 0
SEND 1553584440 PING 261 46031
# Listen attempt 1.
# json: cannot unmarshal object into Go struct field Node.Sock of type net.Conn
RECIEVED 1553584441 HB 139 1 0
SEND 1553584441 PING 261 42560
# Listen attempt 1.
# json: cannot unmarshal object into Go struct field Node.Sock of type net.Conn
# Listen attempt 2.
# json: cannot unmarshal object into Go struct field Node.Sock of type net.Conn
RECIEVED 1553584443 HB 139 1 0
SEND 1553584443 PING 261 42988
# Listen attempt 1.
# json: cannot unmarshal object into Go struct field Node.Sock of type net.Conn
RECIEVED 1553584444 HB 139 1 0
SEND 1553584444 PING 261 45860
# Listen attempt 1.
# json: cannot unmarshal object into Go struct field Node.Sock of type net.Conn
RECIEVED 1553584445 HB 139 1 0
SEND 1553584445 PING 261 42406
# Listen attempt 1.
# json: cannot unmarshal object into Go struct field Node.Sock of type net.Conn
RECIEVED 1553584446 HB 139 1 0
SEND 1553584446 PING 261 55464
# Listen attempt 1.
# json: cannot unmarshal object into Go struct field Node.Sock of type net.Conn
RECIEVED 1553584447 HB 139 1 0
SEND 1553584447 PING 261 51954
# Listen attempt 1.
# json: cannot unmarshal object into Go struct field Node.Sock of type net.Conn
# Listen attempt 2.
# json: cannot unmarshal object into Go struct field Node.Sock of type net.Conn
# Listen attempt 3.
# json: cannot unmarshal object into Go struct field Node.Sock of type net.Conn
# Could not recieve message properly
RECIEVED 1553584450 HB 139 1 0
# Removing node5:172.22.158.207:8005 from members
RECIEVED 1553584451 HB 139 0 0
RECIEVED 1553584452 HB 139 0 0
RECIEVED 1553584453 HB 139 0 0
RECIEVED 1553584454 TRANSACTION 209 0 0
UPDATE 1553584454 TRANSACTION 995d0d9fbe29e6ac4eeac9d67efbdb4f
RECIEVED 1553584454 HB 139 0 1
RECIEVED 1553584455 HB 139 0 1
RECIEVED 1553584456 HB 139 0 1
RECIEVED 1553584457 HB 139 0 1
RECIEVED 1553584458 HB 139 0 1
RECIEVED 1553584459 HB 139 0 1
RECIEVED 1553584460 HB 139 0 1
RECIEVED 1553584461 HB 139 0 1
RECIEVED 1553584462 HB 139 0 1
RECIEVED 1553584463 HB 139 0 1
RECIEVED 1553584464 HB 139 0 1
RECIEVED 1553584465 HB 139 0 1
RECIEVED 1553584466 HB 139 0 1
RECIEVED 1553584467 HB 139 0 1
RECIEVED 1553584468 HB 139 0 1
RECIEVED 1553584469 HB 139 0 1
RECIEVED 1553584470 HB 139 0 1
RECIEVED 1553584471 HB 139 0 1
RECIEVED 1553584472 HB 139 0 1
RECIEVED 1553584473 HB 139 0 1
RECIEVED 1553584474 HB 139 0 1
RECIEVED 1553584475 HB 139 0 1
RECIEVED 1553584476 HB 139 0 1
RECIEVED 1553584477 DIE 140 0 1
