RECIEVED 1553584400 INTRODUCE 167 0 0
SEND 1553584400 JOIN 164 38351
RECIEVED 1553584401 HB 139 1 0
SEND 1553584401 PING 260 51968
RECIEVED 1553584402 HB 139 1 0
SEND 1553584402 PING 260 38637
RECIEVED 1553584403 HB 139 1 0
SEND 1553584403 PING 260 24434
RECIEVED 1553584404 HB 139 1 0
SEND 1553584404 PING 260 37270
RECIEVED 1553584405 HB 139 1 0
SEND 1553584405 PING 260 35115
RECIEVED 1553584406 HB 139 1 0
SEND 1553584406 PING 260 29696
RECIEVED 1553584407 HB 139 1 0
SEND 1553584407 PING 260 29256
RECIEVED 1553584408 HB 139 1 0
SEND 1553584408 PING 260 35480
RECIEVED 1553584409 HB 139 1 0
SEND 1553584409 PING 260 33368
RECIEVED 1553584410 HB 139 1 0
SEND 1553584410 PING 260 71342
RECIEVED 1553584411 HB 139 1 0
SEND 1553584411 PING 260 56207
RECIEVED 1553584412 HB 139 1 0
SEND 1553584412 PING 260 49471
RECIEVED 1553584414 HB 139 1 0
SEND 1553584414 PING 260 62727
RECIEVED 1553584415 HB 139 1 0
SEND 1553584415 PING 260 53382
RECIEVED 1553584416 HB 139 1 0
SEND 1553584416 PING 260 52343
RECIEVED 1553584417 HB 139 1 0
SEND 1553584417 PING 260 52583
RECIEVED 1553584418 HB 139 1 0
SEND 1553584418 PING 260 69759
RECIEVED 1553584419 HB 139 1 0
SEND 1553584419 PING 260 83664
RECIEVED 1553584420 HB 139 1 0
SEND 1553584420 PING 260 67346
RECIEVED 1553584421 HB 139 1 0
SEND 1553584421 PING 260 63046
RECIEVED 1553584422 HB 139 1 0
SEND 1553584422 PING 260 52060
RECIEVED 1553584423 HB 139 1 0
SEND 1553584423 PING 260 195548
RECIEVED 1553584424 HB 139 1 0
SEND 1553584424 PING 260 52003
RECIEVED 1553584425 HB 139 1 0
SEND 1553584425 PING 260 158134
RECIEVED 1553584426 HB 139 1 0
SEND 1553584426 PING 260 51266
RECIEVED 1553584427 HB 139 1 0
SEND 1553584427 PING 260 50524
RECIEVED 1553584428 HB 139 1 0
SEND 1553584428 PING 260 53729
RECIEVED 1553584429 HB 139 1 0
SEND 1553584429 PING 260 65075
RECIEVED 1553584430 HB 139 1 0
SEND 1553584430 PING 260 61146
RECIEVED 1553584431 HB 139 1 0
SEND 1553584431 PING 260 73306
RECIEVED 1553584432 HB 139 1 0
SEND 1553584432 PING 260 52267
RECIEVED 1553584433 HB 139 1 0
SEND 1553584433 PING 260 52511
RECIEVED 1553584434 HB 139 1 0
SEND 1553584434 PING 260 67897
RECIEVED 1553584435 HB 139 1 0
SEND 1553584435 PING 260 78309
RECIEVED 1553584436 HB 139 1 0
SEND 1553584436 PING 260 103581
RECIEVED 1553584437 HB 139 1 0
SEND 1553584437 PING 260 72858
RECIEVED 1553584438 HB 139 1 0
SEND 1553584438 PING 260 64354
RECIEVED 1553584439 HB 139 1 0
SEND 1553584439 PING 260 60277
RECIEVED 1553584440 HB 139 1 0
SEND 1553584440 PING 260 61609
RECIEVED 1553584441 HB 139 1 0
SEND 1553584441 PING 260 55349
RECIEVED 1553584442 HB 139 1 0
SEND 1553584442 PING 260 49481
RECIEVED 1553584443 HB 139 1 0
SEND 1553584443 PING 260 50773
RECIEVED 1553584444 HB 139 1 0
SEND 1553584444 PING 260 58999
RECIEVED 1553584445 HB 139 1 0
SEND 1553584445 PING 260 64447
RECIEVED 1553584446 HB 139 1 0
SEND 1553584446 PING 260 55933
RECIEVED 1553584447 HB 139 1 0
SEND 1553584447 PING 260 61343
RECIEVED 1553584448 HB 139 1 0
SEND 1553584448 PING 260 66863
RECIEVED 1553584449 HB 139 1 0
SEND 1553584449 PING 260 68714
RECIEVED 1553584450 HB 139 1 0
SEND 1553584450 PING 260 65731
RECIEVED 1553584451 HB 139 1 0
SEND 1553584451 PING 260 59470
RECIEVED 1553584452 HB 139 1 0
SEND 1553584452 PING 260 58941
RECIEVED 1553584453 HB 139 1 0
SEND 1553584453 PING 260 64776
RECIEVED 1553584454 HB 139 1 0
SEND 1553584454 PING 260 59621
RECIEVED 1553584455 HB 139 1 0
SEND 1553584455 PING 260 53655
RECIEVED 1553584456 HB 139 1 0
SEND 1553584456 PING 260 53127
RECIEVED 1553584457 HB 139 1 0
SEND 1553584457 PING 260 52692
RECIEVED 1553584458 HB 139 1 0
SEND 1553584458 PING 260 54947
RECIEVED 1553584459 HB 139 1 0
SEND 1553584459 PING 260 52192
RECIEVED 1553584460 HB 139 1 0
SEND 1553584460 PING 260 61341
RECIEVED 1553584461 HB 139 1 0
SEND 1553584461 PING 260 59346
RECIEVED 1553584462 HB 139 1 0
SEND 1553584462 PING 260 62149
RECIEVED 1553584463 HB 139 1 0
SEND 1553584463 PING 260 54747
RECIEVED 1553584464 HB 139 1 0
SEND 1553584464 PING 260 56679
RECIEVED 1553584465 HB 139 1 0
SEND 1553584465 PING 260 64711
RECIEVED 1553584466 HB 139 1 0
SEND 1553584466 PING 260 50540
RECIEVED 1553584467 HB 139 1 0
SEND 1553584467 PING 260 68947
RECIEVED 1553584468 HB 139 1 0
SEND 1553584468 PING 260 50945
RECIEVED 1553584469 HB 139 1 0
SEND 1553584469 PING 260 50731
RECIEVED 1553584470 HB 139 1 0
SEND 1553584470 PING 260 47882
RECIEVED 1553584471 HB 139 1 0
SEND 1553584471 PING 260 66918
RECIEVED 1553584472 HB 139 1 0
SEND 1553584472 PING 260 60100
RECIEVED 1553584473 HB 139 1 0
SEND 1553584473 PING 260 51086
RECIEVED 1553584474 HB 139 1 0
SEND 1553584474 PING 260 70368
RECIEVED 1553584475 HB 139 1 0
SEND 1553584475 PING 260 66641
RECIEVED 1553584476 HB 139 1 0
SEND 1553584476 PING 260 63587
RECIEVED 1553584477 DIE 140 1 0
