RECIEVED 1553584396 INTRODUCE 35 0 0
SEND 1553584396 JOIN 30 33552
RECIEVED 1553584396 INTRODUCE 36 1 0
SEND 1553584396 INTRODUCE 36 16073
SEND 1553584396 JOIN 30 31122
RECIEVED 1553584396 INTRODUCE 36 2 0
SEND 1553584396 INTRODUCE 36 31165
SEND 1553584396 INTRODUCE 36 15581
SEND 1553584396 JOIN 30 25749
RECIEVED 1553584396 INTRODUCE 35 3 0
SEND 1553584396 INTRODUCE 35 30406
SEND 1553584396 INTRODUCE 35 16317
SEND 1553584396 INTRODUCE 35 19839
SEND 1553584396 JOIN 30 22587
RECIEVED 1553584396 INTRODUCE 36 4 0
SEND 1553584396 INTRODUCE 36 13852
SEND 1553584396 INTRODUCE 36 16341
SEND 1553584396 INTRODUCE 36 36229
SEND 1553584396 INTRODUCE 36 14689
SEND 1553584396 JOIN 30 21729
RECIEVED 1553584396 INTRODUCE 36 5 0
SEND 1553584396 INTRODUCE 36 19990
SEND 1553584396 INTRODUCE 36 21597
SEND 1553584396 INTRODUCE 36 15875
SEND 1553584396 INTRODUCE 36 15767
SEND 1553584396 INTRODUCE 36 20258
SEND 1553584396 JOIN 30 21181
RECIEVED 1553584396 INTRODUCE 36 6 0
RECIEVED 1553584396 INTRODUCE 36 6 0
SEND 1553584396 INTRODUCE 36 19832
SEND 1553584396 INTRODUCE 36 21194
SEND 1553584396 INTRODUCE 36 14143
SEND 1553584396 INTRODUCE 36 30479
SEND 1553584396 INTRODUCE 36 24468
SEND 1553584396 INTRODUCE 36 24519
SEND 1553584396 JOIN 30 23683
RECIEVED 1553584396 INTRODUCE 36 7 0
SEND 1553584396 INTRODUCE 36 26896
SEND 1553584396 INTRODUCE 36 20574
SEND 1553584396 INTRODUCE 36 16565
SEND 1553584396 INTRODUCE 36 41070
SEND 1553584396 INTRODUCE 36 13719
SEND 1553584396 INTRODUCE 36 41218
SEND 1553584396 INTRODUCE 36 46219
SEND 1553584396 JOIN 30 26450
# recieved string JOIN node9 172.22.94.217 8009

RECIEVED 1553584396 INTRODUCE 37 8 0
SEND 1553584396 INTRODUCE 37 20739
SEND 1553584396 INTRODUCE 37 20656
SEND 1553584396 INTRODUCE 37 14046
SEND 1553584396 INTRODUCE 37 26468
SEND 1553584396 INTRODUCE 37 15609
SEND 1553584396 INTRODUCE 37 26618
SEND 1553584396 INTRODUCE 37 21144
SEND 1553584396 INTRODUCE 37 28617
SEND 1553584396 JOIN 30 20325
RECIEVED 1553584396 INTRODUCE 36 9 0
SEND 1553584396 INTRODUCE 36 23191
SEND 1553584396 INTRODUCE 36 21312
SEND 1553584396 INTRODUCE 36 16543
SEND 1553584396 INTRODUCE 36 17313
SEND 1553584396 INTRODUCE 36 21364
SEND 1553584396 INTRODUCE 36 38505
SEND 1553584396 INTRODUCE 36 18828
SEND 1553584396 INTRODUCE 36 41945
SEND 1553584396 INTRODUCE 36 12437
SEND 1553584396 JOIN 30 33531
RECIEVED 1553584396 INTRODUCE 36 10 0
SEND 1553584396 INTRODUCE 36 14300
SEND 1553584396 INTRODUCE 36 41861
SEND 1553584396 INTRODUCE 36 26172
SEND 1553584396 INTRODUCE 36 31275
SEND 1553584396 INTRODUCE 36 18898
SEND 1553584396 INTRODUCE 36 13672
SEND 1553584396 INTRODUCE 36 25098
SEND 1553584396 INTRODUCE 36 20155
SEND 1553584396 INTRODUCE 36 16010
SEND 1553584396 INTRODUCE 36 24302
SEND 1553584396 JOIN 30 20133
RECIEVED 1553584396 INTRODUCE 35 11 0
RECIEVED 1553584396 INTRODUCE 37 11 0
SEND 1553584396 INTRODUCE 37 21986
SEND 1553584396 INTRODUCE 37 21241
SEND 1553584396 INTRODUCE 37 21059
SEND 1553584396 INTRODUCE 37 21721
SEND 1553584396 INTRODUCE 37 28381
SEND 1553584396 INTRODUCE 37 12827
SEND 1553584396 INTRODUCE 37 13080
SEND 1553584396 INTRODUCE 37 8779
SEND 1553584396 INTRODUCE 37 15506
SEND 1553584396 INTRODUCE 37 27830
SEND 1553584396 INTRODUCE 37 18608
SEND 1553584396 JOIN 30 24772
RECIEVED 1553584396 INTRODUCE 36 12 0
SEND 1553584396 INTRODUCE 36 26693
SEND 1553584396 INTRODUCE 36 28762
SEND 1553584396 INTRODUCE 36 20031
SEND 1553584396 INTRODUCE 36 22180
SEND 1553584396 INTRODUCE 36 19948
SEND 1553584396 INTRODUCE 36 13351
SEND 1553584396 INTRODUCE 36 32258
SEND 1553584396 INTRODUCE 36 18217
SEND 1553584396 INTRODUCE 36 15808
SEND 1553584396 INTRODUCE 36 21644
# recieved string JOIN node2 172.22.156.206 8002

SEND 1553584396 INTRODUCE 36 26434
SEND 1553584396 INTRODUCE 36 16049
SEND 1553584396 JOIN 30 16392
RECIEVED 1553584396 INTRODUCE 36 13 0
SEND 1553584396 INTRODUCE 36 21332
SEND 1553584396 INTRODUCE 36 16280
SEND 1553584396 INTRODUCE 36 50656
SEND 1553584396 INTRODUCE 36 15307
SEND 1553584396 INTRODUCE 36 12619
SEND 1553584396 INTRODUCE 36 16299
SEND 1553584396 INTRODUCE 36 21009
SEND 1553584396 INTRODUCE 36 34822
SEND 1553584396 INTRODUCE 36 34925
SEND 1553584396 INTRODUCE 36 29056
SEND 1553584396 INTRODUCE 36 14701
SEND 1553584396 INTRODUCE 36 16825
SEND 1553584396 INTRODUCE 36 21224
SEND 1553584396 JOIN 30 33038
# recieved string JOIN node0 172.22.156.206 8000

RECIEVED 1553584396 INTRODUCE 37 14 0
SEND 1553584396 INTRODUCE 37 11183
SEND 1553584396 INTRODUCE 37 42445
# recieved string JOIN node10 172.22.156.206 8010

SEND 1553584396 INTRODUCE 37 26048
SEND 1553584396 INTRODUCE 37 20509
SEND 1553584396 INTRODUCE 37 13588
SEND 1553584396 INTRODUCE 37 28751
SEND 1553584396 INTRODUCE 37 15636
SEND 1553584396 INTRODUCE 37 15245
SEND 1553584396 INTRODUCE 37 26301
SEND 1553584396 INTRODUCE 37 28391
SEND 1553584396 INTRODUCE 37 15847
SEND 1553584396 INTRODUCE 37 35708
SEND 1553584396 INTRODUCE 37 16988
SEND 1553584396 INTRODUCE 37 15467
SEND 1553584396 JOIN 30 20052
RECIEVED 1553584396 INTRODUCE 35 15 0
SEND 1553584396 INTRODUCE 35 20332
SEND 1553584396 INTRODUCE 35 20619
# recieved string JOIN node8 172.22.156.206 8008

SEND 1553584396 INTRODUCE 35 17273
SEND 1553584396 INTRODUCE 35 26999
SEND 1553584396 INTRODUCE 35 16325
SEND 1553584396 INTRODUCE 35 33281
SEND 1553584396 INTRODUCE 35 22780
SEND 1553584396 INTRODUCE 35 41752
SEND 1553584396 INTRODUCE 35 13959
SEND 1553584396 INTRODUCE 35 14695
SEND 1553584396 INTRODUCE 35 21749
SEND 1553584396 INTRODUCE 35 40449
SEND 1553584396 INTRODUCE 35 21250
SEND 1553584396 INTRODUCE 35 10541
SEND 1553584396 INTRODUCE 35 25065
SEND 1553584396 JOIN 30 14427
RECIEVED 1553584396 INTRODUCE 37 16 0
RECIEVED 1553584396 INTRODUCE 36 16 0
RECIEVED 1553584396 INTRODUCE 37 16 0
RECIEVED 1553584396 INTRODUCE 35 16 0
SEND 1553584396 INTRODUCE 35 40054
SEND 1553584396 INTRODUCE 35 21383
SEND 1553584396 INTRODUCE 35 26947
SEND 1553584396 INTRODUCE 35 127204
SEND 1553584396 INTRODUCE 35 20438
SEND 1553584396 INTRODUCE 35 23609
SEND 1553584396 INTRODUCE 35 16048
SEND 1553584396 INTRODUCE 35 20991
SEND 1553584396 INTRODUCE 35 18032
SEND 1553584396 INTRODUCE 35 16101
SEND 1553584396 INTRODUCE 35 25685
SEND 1553584396 INTRODUCE 35 29867
SEND 1553584396 INTRODUCE 35 18103
SEND 1553584396 INTRODUCE 35 30713
SEND 1553584396 INTRODUCE 35 13628
# recieved string JOIN node1 172.22.94.217 8001

SEND 1553584396 INTRODUCE 35 20782
SEND 1553584396 JOIN 30 21888
RECIEVED 1553584396 INTRODUCE 35 17 0
RECIEVED 1553584396 INTRODUCE 36 17 0
RECIEVED 1553584396 INTRODUCE 37 17 0
RECIEVED 1553584396 INTRODUCE 36 17 0
RECIEVED 1553584396 INTRODUCE 36 17 0
RECIEVED 1553584396 INTRODUCE 36 17 0
RECIEVED 1553584396 INTRODUCE 35 17 0
SEND 1553584396 INTRODUCE 35 15508
SEND 1553584396 INTRODUCE 35 15793
SEND 1553584396 INTRODUCE 35 32704
# recieved string JOIN node11 172.22.94.217 8011

SEND 1553584396 INTRODUCE 35 14813
SEND 1553584396 INTRODUCE 35 11522
SEND 1553584396 INTRODUCE 35 20982
SEND 1553584396 INTRODUCE 35 27109
SEND 1553584396 INTRODUCE 35 26368
SEND 1553584396 INTRODUCE 35 28555
SEND 1553584396 INTRODUCE 35 32333
SEND 1553584396 INTRODUCE 35 15552
SEND 1553584396 INTRODUCE 35 15702
SEND 1553584396 INTRODUCE 35 28225
SEND 1553584396 INTRODUCE 35 28196
SEND 1553584396 INTRODUCE 35 22293
SEND 1553584396 INTRODUCE 35 16118
SEND 1553584396 INTRODUCE 35 15055
SEND 1553584396 JOIN 30 13740
RECIEVED 1553584396 JOIN 30 18 0
SEND 1553584396 INTRODUCE 37 13580
SEND 1553584396 INTRODUCE 36 16604
SEND 1553584396 INTRODUCE 37 15144
SEND 1553584396 INTRODUCE 36 12600
SEND 1553584396 INTRODUCE 35 21348
# recieved string JOIN node10 172.22.94.217 8010

SEND 1553584396 INTRODUCE 36 11337
SEND 1553584396 INTRODUCE 36 10960
SEND 1553584396 INTRODUCE 36 10411
SEND 1553584396 INTRODUCE 35 10307
SEND 1553584396 INTRODUCE 37 10259
SEND 1553584396 INTRODUCE 35 9908
SEND 1553584396 INTRODUCE 35 11141
SEND 1553584396 INTRODUCE 36 10944
SEND 1553584396 INTRODUCE 36 10795
SEND 1553584396 INTRODUCE 36 10113
SEND 1553584396 INTRODUCE 35 10540
SEND 1553584396 INTRODUCE 36 12158
SEND 1553584396 INTRODUCE 36 10845
RECIEVED 1553584397 INTRODUCE 35 19 0
RECIEVED 1553584397 INTRODUCE 36 19 0
RECIEVED 1553584397 INTRODUCE 35 19 0
RECIEVED 1553584397 INTRODUCE 36 19 0
RECIEVED 1553584397 INTRODUCE 37 19 0
SEND 1553584397 INTRODUCE 37 13975
SEND 1553584397 INTRODUCE 37 28851
SEND 1553584397 INTRODUCE 37 21366
SEND 1553584397 INTRODUCE 37 19343
SEND 1553584397 INTRODUCE 37 19948
# recieved string JOIN node3 172.22.94.217 8003

SEND 1553584397 INTRODUCE 37 21167
SEND 1553584397 INTRODUCE 37 15198
# recieved string JOIN node12 172.22.156.206 8012

SEND 1553584397 INTRODUCE 37 21687
SEND 1553584397 INTRODUCE 37 14835
SEND 1553584397 INTRODUCE 37 13305
SEND 1553584397 INTRODUCE 37 26911
SEND 1553584397 INTRODUCE 37 19592
SEND 1553584397 INTRODUCE 37 34033
SEND 1553584397 INTRODUCE 37 16099
# recieved string JOIN node4 172.22.94.217 8004

SEND 1553584397 INTRODUCE 37 15640
SEND 1553584397 INTRODUCE 37 11199
SEND 1553584397 INTRODUCE 37 13779
SEND 1553584397 INTRODUCE 37 26621
SEND 1553584397 INTRODUCE 37 28149
SEND 1553584397 JOIN 30 20588
RECIEVED 1553584397 INTRODUCE 35 20 0
SEND 1553584397 INTRODUCE 35 16737
SEND 1553584397 INTRODUCE 35 41225
SEND 1553584397 INTRODUCE 35 27746
SEND 1553584397 INTRODUCE 35 20666
SEND 1553584397 INTRODUCE 35 12154
SEND 1553584397 INTRODUCE 35 15878
SEND 1553584397 INTRODUCE 35 28022
# recieved string JOIN node5 172.22.94.217 8005

SEND 1553584397 INTRODUCE 35 29359
SEND 1553584397 INTRODUCE 35 22499
SEND 1553584397 INTRODUCE 35 15992
SEND 1553584397 INTRODUCE 35 22414
SEND 1553584397 INTRODUCE 35 12239
SEND 1553584397 INTRODUCE 35 17678
SEND 1553584397 INTRODUCE 35 34266
SEND 1553584397 INTRODUCE 35 28330
SEND 1553584397 INTRODUCE 35 20093
SEND 1553584397 INTRODUCE 35 15407
SEND 1553584397 INTRODUCE 35 26460
SEND 1553584397 INTRODUCE 35 28205
SEND 1553584397 INTRODUCE 35 36333
SEND 1553584397 JOIN 30 15937
RECIEVED 1553584397 INTRODUCE 35 21 0
RECIEVED 1553584397 INTRODUCE 36 21 0
RECIEVED 1553584397 INTRODUCE 36 21 0
RECIEVED 1553584397 INTRODUCE 36 21 0
RECIEVED 1553584397 INTRODUCE 35 21 0
RECIEVED 1553584397 INTRODUCE 35 21 0
RECIEVED 1553584397 INTRODUCE 36 21 0
RECIEVED 1553584397 INTRODUCE 36 21 0
RECIEVED 1553584397 INTRODUCE 37 21 0
RECIEVED 1553584397 INTRODUCE 36 21 0
RECIEVED 1553584397 INTRODUCE 35 21 0
RECIEVED 1553584397 INTRODUCE 37 21 0
RECIEVED 1553584397 INTRODUCE 36 21 0
RECIEVED 1553584397 INTRODUCE 36 21 0
RECIEVED 1553584397 INTRODUCE 36 21 0
RECIEVED 1553584397 INTRODUCE 37 21 0
RECIEVED 1553584397 INTRODUCE 37 21 0
RECIEVED 1553584397 INTRODUCE 37 21 0
RECIEVED 1553584397 INTRODUCE 36 21 0
RECIEVED 1553584397 INTRODUCE 36 21 0
RECIEVED 1553584397 INTRODUCE 35 21 0
RECIEVED 1553584397 INTRODUCE 35 21 0
RECIEVED 1553584397 INTRODUCE 37 21 0
RECIEVED 1553584397 INTRODUCE 36 21 0
RECIEVED 1553584397 INTRODUCE 35 21 0
RECIEVED 1553584397 INTRODUCE 36 21 0
RECIEVED 1553584397 INTRODUCE 37 21 0
RECIEVED 1553584397 INTRODUCE 35 21 0
RECIEVED 1553584397 INTRODUCE 36 21 0
RECIEVED 1553584397 INTRODUCE 36 21 0
RECIEVED 1553584397 INTRODUCE 37 21 0
RECIEVED 1553584397 INTRODUCE 35 21 0
RECIEVED 1553584397 INTRODUCE 36 21 0
RECIEVED 1553584397 INTRODUCE 36 21 0
RECIEVED 1553584397 INTRODUCE 37 21 0
RECIEVED 1553584397 INTRODUCE 37 21 0
RECIEVED 1553584397 INTRODUCE 36 21 0
RECIEVED 1553584397 INTRODUCE 36 21 0
RECIEVED 1553584397 INTRODUCE 36 21 0
RECIEVED 1553584397 INTRODUCE 36 21 0
RECIEVED 1553584397 INTRODUCE 35 21 0
RECIEVED 1553584397 INTRODUCE 36 21 0
RECIEVED 1553584397 INTRODUCE 35 21 0
RECIEVED 1553584397 INTRODUCE 36 21 0
RECIEVED 1553584397 INTRODUCE 36 21 0
RECIEVED 1553584397 INTRODUCE 36 21 0
RECIEVED 1553584397 INTRODUCE 36 21 0
RECIEVED 1553584397 INTRODUCE 37 21 0
RECIEVED 1553584397 INTRODUCE 35 21 0
RECIEVED 1553584397 INTRODUCE 35 21 0
RECIEVED 1553584397 INTRODUCE 36 21 0
RECIEVED 1553584397 INTRODUCE 35 21 0
RECIEVED 1553584397 INTRODUCE 35 21 0
RECIEVED 1553584397 JOIN 31 21 0
RECIEVED 1553584397 INTRODUCE 36 21 0
RECIEVED 1553584397 INTRODUCE 36 21 0
RECIEVED 1553584397 INTRODUCE 36 21 0
RECIEVED 1553584397 INTRODUCE 36 21 0
RECIEVED 1553584397 INTRODUCE 35 21 0
RECIEVED 1553584397 INTRODUCE 35 21 0
RECIEVED 1553584397 INTRODUCE 35 21 0
RECIEVED 1553584397 INTRODUCE 35 21 0
RECIEVED 1553584397 INTRODUCE 36 21 0
RECIEVED 1553584397 INTRODUCE 35 21 0
RECIEVED 1553584397 INTRODUCE 36 21 0
RECIEVED 1553584397 INTRODUCE 36 21 0
RECIEVED 1553584397 INTRODUCE 36 21 0
RECIEVED 1553584397 JOIN 31 21 0
RECIEVED 1553584397 INTRODUCE 36 21 0
RECIEVED 1553584397 INTRODUCE 35 21 0
RECIEVED 1553584397 INTRODUCE 36 21 0
RECIEVED 1553584397 INTRODUCE 36 21 0
RECIEVED 1553584397 INTRODUCE 36 21 0
RECIEVED 1553584397 INTRODUCE 35 21 0
RECIEVED 1553584397 JOIN 32 21 0
RECIEVED 1553584397 INTRODUCE 37 21 0
RECIEVED 1553584397 INTRODUCE 35 21 0
RECIEVED 1553584397 INTRODUCE 36 21 0
RECIEVED 1553584397 INTRODUCE 37 21 0
RECIEVED 1553584397 INTRODUCE 37 21 0
RECIEVED 1553584397 INTRODUCE 36 21 0
RECIEVED 1553584397 INTRODUCE 36 21 0
RECIEVED 1553584397 INTRODUCE 37 21 0
RECIEVED 1553584397 INTRODUCE 35 21 0
RECIEVED 1553584397 INTRODUCE 35 21 0
RECIEVED 1553584397 INTRODUCE 36 21 0
RECIEVED 1553584397 INTRODUCE 36 21 0
RECIEVED 1553584397 INTRODUCE 35 21 0
RECIEVED 1553584397 INTRODUCE 36 21 0
RECIEVED 1553584397 INTRODUCE 36 21 0
RECIEVED 1553584397 INTRODUCE 36 21 0
RECIEVED 1553584397 INTRODUCE 37 21 0
RECIEVED 1553584397 INTRODUCE 37 21 0
RECIEVED 1553584397 INTRODUCE 36 21 0
RECIEVED 1553584397 INTRODUCE 37 21 0
RECIEVED 1553584397 INTRODUCE 36 21 0
RECIEVED 1553584397 INTRODUCE 35 21 0
RECIEVED 1553584397 INTRODUCE 35 21 0
RECIEVED 1553584397 INTRODUCE 36 21 0
RECIEVED 1553584397 INTRODUCE 36 21 0
RECIEVED 1553584397 JOIN 31 21 0
RECIEVED 1553584397 INTRODUCE 35 21 0
RECIEVED 1553584397 INTRODUCE 35 21 0
SEND 1553584397 INTRODUCE 35 13830
SEND 1553584397 INTRODUCE 35 18947
SEND 1553584397 INTRODUCE 35 20857
SEND 1553584397 INTRODUCE 35 26680
SEND 1553584397 INTRODUCE 35 26928
SEND 1553584397 INTRODUCE 35 21424
SEND 1553584397 INTRODUCE 35 30230
SEND 1553584397 INTRODUCE 35 10998
SEND 1553584397 INTRODUCE 35 14104
SEND 1553584397 INTRODUCE 35 25722
# recieved string JOIN node6 172.22.94.217 8006

SEND 1553584397 INTRODUCE 35 27182
SEND 1553584397 INTRODUCE 35 21622
SEND 1553584397 INTRODUCE 35 16264
SEND 1553584397 INTRODUCE 35 23807
SEND 1553584397 INTRODUCE 35 20530
SEND 1553584397 INTRODUCE 35 20874
SEND 1553584397 INTRODUCE 35 20622
SEND 1553584397 INTRODUCE 35 16255
SEND 1553584397 INTRODUCE 35 21987
SEND 1553584397 INTRODUCE 35 21775
SEND 1553584397 INTRODUCE 35 15343
SEND 1553584397 JOIN 30 13770
RECIEVED 1553584397 INTRODUCE 35 22 0
RECIEVED 1553584397 INTRODUCE 35 22 0
SEND 1553584397 INTRODUCE 35 21938
SEND 1553584397 INTRODUCE 35 19041
SEND 1553584397 INTRODUCE 35 17717
SEND 1553584397 INTRODUCE 35 22132
SEND 1553584397 INTRODUCE 35 24222
SEND 1553584397 INTRODUCE 35 20404
SEND 1553584397 INTRODUCE 35 43389
SEND 1553584397 INTRODUCE 35 30292
SEND 1553584397 INTRODUCE 35 13554
SEND 1553584397 INTRODUCE 35 16171
SEND 1553584397 INTRODUCE 35 20886
SEND 1553584397 INTRODUCE 35 23164
SEND 1553584397 INTRODUCE 35 29714
SEND 1553584397 INTRODUCE 35 14273
SEND 1553584397 INTRODUCE 35 15916
SEND 1553584397 INTRODUCE 35 14622
SEND 1553584397 INTRODUCE 35 20069
SEND 1553584397 INTRODUCE 35 20722
SEND 1553584397 INTRODUCE 35 39132
SEND 1553584397 INTRODUCE 35 16649
SEND 1553584397 INTRODUCE 35 20032
SEND 1553584397 INTRODUCE 35 101213
SEND 1553584397 JOIN 30 15145
RECIEVED 1553584397 INTRODUCE 35 23 0
RECIEVED 1553584397 INTRODUCE 36 23 0
RECIEVED 1553584397 INTRODUCE 35 23 0
RECIEVED 1553584397 INTRODUCE 35 23 0
RECIEVED 1553584397 INTRODUCE 36 23 0
RECIEVED 1553584397 INTRODUCE 35 23 0
RECIEVED 1553584397 INTRODUCE 36 23 0
RECIEVED 1553584397 INTRODUCE 36 23 0
RECIEVED 1553584397 INTRODUCE 36 23 0
RECIEVED 1553584397 INTRODUCE 36 23 0
RECIEVED 1553584397 INTRODUCE 36 23 0
RECIEVED 1553584397 INTRODUCE 35 23 0
RECIEVED 1553584397 INTRODUCE 35 23 0
RECIEVED 1553584397 INTRODUCE 35 23 0
RECIEVED 1553584397 INTRODUCE 36 23 0
RECIEVED 1553584397 INTRODUCE 36 23 0
RECIEVED 1553584397 INTRODUCE 37 23 0
RECIEVED 1553584397 INTRODUCE 35 23 0
RECIEVED 1553584397 TRANSACTION 81 23 0
UPDATE 1553584397 TRANSACTION 15e12a5a878c40c2709eda3c5ac81db2
SEND 1553584397 TRANSACTION 81 23420 15e12a5a878c40c2709eda3c5ac81db2
SEND 1553584397 TRANSACTION 81 12376 15e12a5a878c40c2709eda3c5ac81db2
SEND 1553584397 TRANSACTION 81 29562 15e12a5a878c40c2709eda3c5ac81db2
SEND 1553584397 TRANSACTION 81 12956 15e12a5a878c40c2709eda3c5ac81db2
SEND 1553584397 TRANSACTION 81 15810 15e12a5a878c40c2709eda3c5ac81db2
SEND 1553584397 TRANSACTION 81 15694 15e12a5a878c40c2709eda3c5ac81db2
RECIEVED 1553584397 INTRODUCE 36 23 1
RECIEVED 1553584397 INTRODUCE 35 23 1
RECIEVED 1553584397 INTRODUCE 37 23 1
RECIEVED 1553584397 INTRODUCE 35 23 1
RECIEVED 1553584397 JOIN 30 23 1
RECIEVED 1553584397 JOIN 31 23 1
SEND 1553584397 INTRODUCE 36 13344
SEND 1553584397 INTRODUCE 36 12988
SEND 1553584397 INTRODUCE 37 12820
SEND 1553584397 INTRODUCE 35 15498
SEND 1553584397 INTRODUCE 35 22300
SEND 1553584397 INTRODUCE 35 11205
SEND 1553584397 INTRODUCE 35 12059
SEND 1553584397 INTRODUCE 36 19620
SEND 1553584397 INTRODUCE 35 13331
SEND 1553584397 INTRODUCE 37 10764
SEND 1553584397 INTRODUCE 35 9370
SEND 1553584397 INTRODUCE 36 11055
SEND 1553584397 INTRODUCE 36 9262
SEND 1553584397 INTRODUCE 36 10612
SEND 1553584397 INTRODUCE 36 9541
SEND 1553584397 INTRODUCE 37 10610
SEND 1553584397 INTRODUCE 36 10648
SEND 1553584397 INTRODUCE 37 10835
SEND 1553584397 INTRODUCE 36 10660
SEND 1553584397 INTRODUCE 35 12782
SEND 1553584397 INTRODUCE 36 10804
SEND 1553584397 INTRODUCE 35 11225
SEND 1553584397 INTRODUCE 35 10865
RECIEVED 1553584397 INTRODUCE 35 24 1
RECIEVED 1553584397 INTRODUCE 37 24 1
RECIEVED 1553584397 JOIN 31 24 1
SEND 1553584397 INTRODUCE 35 13166
SEND 1553584397 INTRODUCE 37 12156
SEND 1553584397 INTRODUCE 36 21757
SEND 1553584397 INTRODUCE 36 18961
SEND 1553584397 INTRODUCE 36 18180
SEND 1553584397 INTRODUCE 35 13376
SEND 1553584397 INTRODUCE 36 13143
SEND 1553584397 INTRODUCE 37 39531
SEND 1553584397 INTRODUCE 36 20994
SEND 1553584397 INTRODUCE 35 12979
SEND 1553584397 INTRODUCE 36 12550
SEND 1553584397 INTRODUCE 36 12214
SEND 1553584397 INTRODUCE 36 13567
SEND 1553584397 INTRODUCE 37 17748
SEND 1553584397 INTRODUCE 35 22906
SEND 1553584397 INTRODUCE 35 15357
SEND 1553584397 INTRODUCE 35 10892
SEND 1553584397 INTRODUCE 35 15844
SEND 1553584397 INTRODUCE 35 10966
SEND 1553584397 INTRODUCE 35 11051
# recieved string JOIN node13 172.22.94.217 8013

SEND 1553584397 INTRODUCE 36 12206
SEND 1553584397 INTRODUCE 36 11262
SEND 1553584397 INTRODUCE 36 10762
SEND 1553584397 INTRODUCE 37 9900
RECIEVED 1553584397 INTRODUCE 36 25 1
RECIEVED 1553584397 JOIN 30 25 1
RECIEVED 1553584397 JOIN 32 25 1
RECIEVED 1553584397 JOIN 30 25 1
RECIEVED 1553584397 INTRODUCE 36 25 1
RECIEVED 1553584397 JOIN 30 25 1
RECIEVED 1553584397 INTRODUCE 36 25 1
RECIEVED 1553584397 INTRODUCE 35 25 1
RECIEVED 1553584397 JOIN 30 25 1
RECIEVED 1553584397 TRANSACTION 81 25 1
RECIEVED 1553584397 INTRODUCE 37 25 1
RECIEVED 1553584397 INTRODUCE 35 25 1
RECIEVED 1553584397 INTRODUCE 35 25 1
RECIEVED 1553584397 INTRODUCE 36 25 1
RECIEVED 1553584397 INTRODUCE 36 25 1
RECIEVED 1553584397 INTRODUCE 36 25 1
RECIEVED 1553584397 INTRODUCE 35 25 1
RECIEVED 1553584397 INTRODUCE 35 25 1
RECIEVED 1553584397 INTRODUCE 36 25 1
RECIEVED 1553584397 INTRODUCE 37 25 1
RECIEVED 1553584397 INTRODUCE 35 25 1
RECIEVED 1553584397 INTRODUCE 36 25 1
RECIEVED 1553584397 INTRODUCE 36 25 1
RECIEVED 1553584397 TRANSACTION 81 25 1
UPDATE 1553584397 TRANSACTION 534e6db543fef336ed5a090881d34f7f
SEND 1553584397 TRANSACTION 81 13945 534e6db543fef336ed5a090881d34f7f
SEND 1553584397 TRANSACTION 81 16352 534e6db543fef336ed5a090881d34f7f
SEND 1553584397 TRANSACTION 81 15868 534e6db543fef336ed5a090881d34f7f
SEND 1553584397 TRANSACTION 81 17522 534e6db543fef336ed5a090881d34f7f
SEND 1553584397 TRANSACTION 81 26377 534e6db543fef336ed5a090881d34f7f
SEND 1553584397 TRANSACTION 81 11390 534e6db543fef336ed5a090881d34f7f
SEND 1553584397 TRANSACTION 81 14346 534e6db543fef336ed5a090881d34f7f
SEND 1553584397 TRANSACTION 81 21376 534e6db543fef336ed5a090881d34f7f
# recieved string JOIN node8 172.22.94.217 8008

SEND 1553584397 TRANSACTION 81 14312 534e6db543fef336ed5a090881d34f7f
SEND 1553584397 TRANSACTION 81 11957 534e6db543fef336ed5a090881d34f7f
RECIEVED 1553584397 INTRODUCE 36 25 2
RECIEVED 1553584397 INTRODUCE 35 25 2
RECIEVED 1553584397 INTRODUCE 35 25 2
RECIEVED 1553584397 INTRODUCE 35 25 2
RECIEVED 1553584397 INTRODUCE 35 25 2
RECIEVED 1553584397 INTRODUCE 36 25 2
RECIEVED 1553584397 INTRODUCE 36 25 2
RECIEVED 1553584397 INTRODUCE 37 25 2
RECIEVED 1553584397 INTRODUCE 36 25 2
RECIEVED 1553584397 INTRODUCE 36 25 2
RECIEVED 1553584397 INTRODUCE 35 25 2
RECIEVED 1553584397 INTRODUCE 35 25 2
RECIEVED 1553584397 INTRODUCE 35 25 2
RECIEVED 1553584397 INTRODUCE 37 25 2
RECIEVED 1553584397 INTRODUCE 36 25 2
RECIEVED 1553584397 TRANSACTION 81 25 2
RECIEVED 1553584397 INTRODUCE 35 25 2
RECIEVED 1553584397 INTRODUCE 36 25 2
RECIEVED 1553584397 INTRODUCE 36 25 2
RECIEVED 1553584397 JOIN 31 25 2
SEND 1553584397 INTRODUCE 36 12832
SEND 1553584397 INTRODUCE 37 11800
SEND 1553584397 INTRODUCE 35 13177
SEND 1553584397 INTRODUCE 35 18550
SEND 1553584397 INTRODUCE 35 23101
SEND 1553584397 INTRODUCE 35 12780
SEND 1553584397 INTRODUCE 36 13811
SEND 1553584397 INTRODUCE 36 12259
SEND 1553584397 INTRODUCE 36 13142
SEND 1553584397 INTRODUCE 35 13406
SEND 1553584397 INTRODUCE 37 29178
SEND 1553584397 INTRODUCE 36 22698
SEND 1553584397 INTRODUCE 36 13962
SEND 1553584397 INTRODUCE 36 12433
SEND 1553584397 INTRODUCE 35 10467
SEND 1553584397 INTRODUCE 36 11057
SEND 1553584397 INTRODUCE 37 10704
SEND 1553584397 INTRODUCE 36 11412
SEND 1553584397 INTRODUCE 37 11052
SEND 1553584397 INTRODUCE 36 10782
SEND 1553584397 INTRODUCE 35 10364
SEND 1553584397 INTRODUCE 36 19407
SEND 1553584397 INTRODUCE 36 20551
SEND 1553584397 INTRODUCE 35 12012
SEND 1553584397 INTRODUCE 35 11462
RECIEVED 1553584397 INTRODUCE 35 26 2
RECIEVED 1553584397 INTRODUCE 36 26 2
RECIEVED 1553584397 INTRODUCE 37 26 2
RECIEVED 1553584397 INTRODUCE 36 26 2
RECIEVED 1553584397 JOIN 30 26 2
RECIEVED 1553584397 INTRODUCE 36 26 2
RECIEVED 1553584397 INTRODUCE 35 26 2
RECIEVED 1553584397 INTRODUCE 37 26 2
RECIEVED 1553584397 TRANSACTION 82 26 2
UPDATE 1553584397 TRANSACTION fd4ebfeb24179ff15328d39c63a66c03
SEND 1553584397 TRANSACTION 82 25598 fd4ebfeb24179ff15328d39c63a66c03
SEND 1553584397 TRANSACTION 82 14320 fd4ebfeb24179ff15328d39c63a66c03
SEND 1553584397 TRANSACTION 82 28072 fd4ebfeb24179ff15328d39c63a66c03
SEND 1553584397 TRANSACTION 82 12309 fd4ebfeb24179ff15328d39c63a66c03
SEND 1553584397 TRANSACTION 82 15575 fd4ebfeb24179ff15328d39c63a66c03
SEND 1553584397 TRANSACTION 82 22251 fd4ebfeb24179ff15328d39c63a66c03
SEND 1553584397 TRANSACTION 82 17178 fd4ebfeb24179ff15328d39c63a66c03
SEND 1553584397 TRANSACTION 82 15270 fd4ebfeb24179ff15328d39c63a66c03
SEND 1553584397 TRANSACTION 82 10919 fd4ebfeb24179ff15328d39c63a66c03
SEND 1553584397 TRANSACTION 82 11807 fd4ebfeb24179ff15328d39c63a66c03
RECIEVED 1553584397 INTRODUCE 35 26 3
RECIEVED 1553584397 TRANSACTION 82 26 3
RECIEVED 1553584397 TRANSACTION 82 26 3
RECIEVED 1553584397 INTRODUCE 35 26 3
RECIEVED 1553584397 INTRODUCE 35 26 3
RECIEVED 1553584397 INTRODUCE 35 26 3
RECIEVED 1553584397 INTRODUCE 35 26 3
RECIEVED 1553584397 INTRODUCE 36 26 3
RECIEVED 1553584397 TRANSACTION 81 26 3
RECIEVED 1553584397 INTRODUCE 36 26 3
RECIEVED 1553584397 INTRODUCE 35 26 3
RECIEVED 1553584397 INTRODUCE 35 26 3
RECIEVED 1553584397 INTRODUCE 36 26 3
RECIEVED 1553584397 INTRODUCE 35 26 3
RECIEVED 1553584397 INTRODUCE 37 26 3
RECIEVED 1553584397 INTRODUCE 36 26 3
RECIEVED 1553584397 INTRODUCE 36 26 3
RECIEVED 1553584397 INTRODUCE 35 26 3
RECIEVED 1553584397 INTRODUCE 36 26 3
RECIEVED 1553584397 INTRODUCE 36 26 3
RECIEVED 1553584397 INTRODUCE 36 26 3
RECIEVED 1553584397 TRANSACTION 82 26 3
RECIEVED 1553584397 TRANSACTION 81 26 3
# recieved string JOIN node14 172.22.156.206 8014

RECIEVED 1553584397 JOIN 32 26 3
SEND 1553584397 INTRODUCE 36 27332
SEND 1553584397 INTRODUCE 37 16805
SEND 1553584397 INTRODUCE 35 21329
SEND 1553584397 INTRODUCE 35 25379
SEND 1553584397 INTRODUCE 35 16176
SEND 1553584397 INTRODUCE 35 15311
SEND 1553584397 INTRODUCE 36 25680
SEND 1553584397 INTRODUCE 36 19716
SEND 1553584397 INTRODUCE 36 26321
SEND 1553584397 INTRODUCE 36 20963
SEND 1553584397 INTRODUCE 35 16227
SEND 1553584397 INTRODUCE 37 15765
SEND 1553584397 INTRODUCE 36 44654
SEND 1553584397 INTRODUCE 36 16435
SEND 1553584397 INTRODUCE 36 60024
SEND 1553584397 INTRODUCE 35 25886
SEND 1553584397 INTRODUCE 36 16298
SEND 1553584397 INTRODUCE 37 11132
SEND 1553584397 INTRODUCE 36 15690
SEND 1553584397 INTRODUCE 37 16006
SEND 1553584397 INTRODUCE 36 15152
SEND 1553584397 INTRODUCE 35 24396
SEND 1553584397 INTRODUCE 36 22976
SEND 1553584397 INTRODUCE 36 20212
SEND 1553584397 INTRODUCE 35 36065
SEND 1553584397 INTRODUCE 35 29218
RECIEVED 1553584397 INTRODUCE 36 27 3
SEND 1553584397 INTRODUCE 36 17323
SEND 1553584397 INTRODUCE 36 32839
SEND 1553584397 INTRODUCE 36 29785
SEND 1553584397 INTRODUCE 36 16566
SEND 1553584397 INTRODUCE 36 15324
SEND 1553584397 INTRODUCE 36 14720
SEND 1553584397 INTRODUCE 36 17070
SEND 1553584397 INTRODUCE 36 23291
SEND 1553584397 INTRODUCE 36 26204
SEND 1553584397 INTRODUCE 36 26699
SEND 1553584397 INTRODUCE 36 15584
SEND 1553584397 INTRODUCE 36 20929
SEND 1553584397 INTRODUCE 36 14663
SEND 1553584397 INTRODUCE 36 26707
SEND 1553584397 INTRODUCE 36 11617
SEND 1553584397 INTRODUCE 36 21806
SEND 1553584397 INTRODUCE 36 13330
SEND 1553584397 INTRODUCE 36 16261
SEND 1553584397 INTRODUCE 36 17311
SEND 1553584397 INTRODUCE 36 16850
SEND 1553584397 INTRODUCE 36 11556
SEND 1553584397 INTRODUCE 36 14114
SEND 1553584397 INTRODUCE 36 17488
SEND 1553584397 INTRODUCE 36 14242
SEND 1553584397 INTRODUCE 36 44650
SEND 1553584397 INTRODUCE 36 12318
SEND 1553584397 INTRODUCE 36 14691
SEND 1553584397 JOIN 30 20253
RECIEVED 1553584397 INTRODUCE 35 28 3
RECIEVED 1553584397 INTRODUCE 36 28 3
RECIEVED 1553584397 INTRODUCE 36 28 3
RECIEVED 1553584397 INTRODUCE 36 28 3
RECIEVED 1553584397 INTRODUCE 36 28 3
RECIEVED 1553584397 INTRODUCE 35 28 3
RECIEVED 1553584397 INTRODUCE 36 28 3
RECIEVED 1553584397 INTRODUCE 36 28 3
RECIEVED 1553584397 INTRODUCE 36 28 3
RECIEVED 1553584397 INTRODUCE 36 28 3
RECIEVED 1553584397 INTRODUCE 35 28 3
RECIEVED 1553584397 INTRODUCE 35 28 3
RECIEVED 1553584397 INTRODUCE 36 28 3
RECIEVED 1553584397 INTRODUCE 36 28 3
RECIEVED 1553584397 INTRODUCE 36 28 3
RECIEVED 1553584397 TRANSACTION 82 28 3
RECIEVED 1553584397 INTRODUCE 35 28 3
RECIEVED 1553584397 INTRODUCE 36 28 3
RECIEVED 1553584397 INTRODUCE 36 28 3
RECIEVED 1553584397 INTRODUCE 36 28 3
RECIEVED 1553584397 INTRODUCE 36 28 3
RECIEVED 1553584397 INTRODUCE 36 28 3
RECIEVED 1553584397 TRANSACTION 81 28 3
RECIEVED 1553584397 INTRODUCE 36 28 3
RECIEVED 1553584397 INTRODUCE 36 28 3
RECIEVED 1553584397 INTRODUCE 35 28 3
RECIEVED 1553584397 INTRODUCE 36 28 3
RECIEVED 1553584397 INTRODUCE 36 28 3
RECIEVED 1553584397 INTRODUCE 37 28 3
RECIEVED 1553584397 INTRODUCE 35 28 3
RECIEVED 1553584397 INTRODUCE 37 28 3
RECIEVED 1553584397 INTRODUCE 35 28 3
RECIEVED 1553584397 INTRODUCE 37 28 3
# recieved string JOIN node0 172.22.156.208 8000

RECIEVED 1553584397 JOIN 31 28 3
SEND 1553584397 INTRODUCE 37 10359
SEND 1553584397 INTRODUCE 36 14933
SEND 1553584397 INTRODUCE 35 11920
SEND 1553584397 INTRODUCE 35 29596
SEND 1553584397 INTRODUCE 36 11491
SEND 1553584397 INTRODUCE 36 11741
SEND 1553584397 INTRODUCE 36 10648
SEND 1553584397 INTRODUCE 36 15780
SEND 1553584397 INTRODUCE 35 12165
SEND 1553584397 INTRODUCE 36 12520
SEND 1553584397 INTRODUCE 37 11433
SEND 1553584397 INTRODUCE 36 18040
SEND 1553584397 INTRODUCE 37 11480
SEND 1553584397 INTRODUCE 36 17705
SEND 1553584397 INTRODUCE 35 13419
SEND 1553584397 INTRODUCE 36 11459
SEND 1553584397 INTRODUCE 36 11813
SEND 1553584397 INTRODUCE 37 15451
SEND 1553584397 INTRODUCE 35 16097
SEND 1553584397 INTRODUCE 35 11675
SEND 1553584397 INTRODUCE 35 14488
SEND 1553584397 INTRODUCE 36 18146
SEND 1553584397 INTRODUCE 35 12000
SEND 1553584397 INTRODUCE 36 18037
SEND 1553584397 INTRODUCE 35 11972
SEND 1553584397 INTRODUCE 37 11882
SEND 1553584397 INTRODUCE 36 48791
SEND 1553584397 INTRODUCE 36 22408
RECIEVED 1553584397 INTRODUCE 37 29 3
RECIEVED 1553584397 INTRODUCE 36 29 3
RECIEVED 1553584397 INTRODUCE 37 29 3
RECIEVED 1553584397 INTRODUCE 36 29 3
RECIEVED 1553584397 INTRODUCE 36 29 3
RECIEVED 1553584397 INTRODUCE 35 29 3
RECIEVED 1553584397 INTRODUCE 37 29 3
RECIEVED 1553584397 INTRODUCE 36 29 3
# recieved string JOIN node12 172.22.94.217 8012

RECIEVED 1553584397 JOIN 31 29 3
RECIEVED 1553584397 INTRODUCE 36 29 3
RECIEVED 1553584397 INTRODUCE 35 29 3
RECIEVED 1553584397 INTRODUCE 36 29 3
RECIEVED 1553584397 INTRODUCE 35 29 3
# recieved string JOIN node1 172.22.156.208 8001

RECIEVED 1553584397 JOIN 31 29 3
SEND 1553584397 INTRODUCE 36 11694
SEND 1553584397 INTRODUCE 36 17195
SEND 1553584397 INTRODUCE 37 11167
SEND 1553584397 INTRODUCE 36 23285
SEND 1553584397 INTRODUCE 35 25482
SEND 1553584397 INTRODUCE 35 10452
SEND 1553584397 INTRODUCE 36 55596
SEND 1553584397 INTRODUCE 35 10991
SEND 1553584397 INTRODUCE 36 10726
SEND 1553584397 INTRODUCE 37 21142
SEND 1553584397 INTRODUCE 36 15309
SEND 1553584397 INTRODUCE 36 10883
SEND 1553584397 INTRODUCE 36 21870
SEND 1553584397 INTRODUCE 35 11114
SEND 1553584397 INTRODUCE 36 10037
SEND 1553584397 INTRODUCE 37 20939
SEND 1553584397 INTRODUCE 36 15359
SEND 1553584397 INTRODUCE 35 15840
SEND 1553584397 INTRODUCE 36 51211
SEND 1553584397 INTRODUCE 36 10432
SEND 1553584397 INTRODUCE 37 10945
SEND 1553584397 INTRODUCE 35 15520
SEND 1553584397 INTRODUCE 35 22010
SEND 1553584397 INTRODUCE 35 18602
SEND 1553584397 INTRODUCE 36 10742
SEND 1553584397 INTRODUCE 36 17109
SEND 1553584397 INTRODUCE 36 11778
SEND 1553584397 INTRODUCE 35 22490
SEND 1553584397 INTRODUCE 37 16406
RECIEVED 1553584397 INTRODUCE 36 30 3
RECIEVED 1553584397 INTRODUCE 35 30 3
RECIEVED 1553584397 INTRODUCE 37 30 3
SEND 1553584397 INTRODUCE 37 15964
SEND 1553584397 INTRODUCE 37 12238
# recieved string JOIN node4 172.22.156.208 8004

SEND 1553584397 INTRODUCE 37 29012
SEND 1553584397 INTRODUCE 37 16497
SEND 1553584397 INTRODUCE 37 14377
SEND 1553584397 INTRODUCE 37 11709
SEND 1553584397 INTRODUCE 37 14884
SEND 1553584397 INTRODUCE 37 16491
SEND 1553584397 INTRODUCE 37 12471
SEND 1553584397 INTRODUCE 37 11982
SEND 1553584397 INTRODUCE 37 16970
SEND 1553584397 INTRODUCE 37 14288
SEND 1553584397 INTRODUCE 37 30506
SEND 1553584397 INTRODUCE 37 42609
SEND 1553584397 INTRODUCE 37 20491
SEND 1553584397 INTRODUCE 37 15404
SEND 1553584397 INTRODUCE 37 11102
SEND 1553584397 INTRODUCE 37 37071
SEND 1553584397 INTRODUCE 37 12366
SEND 1553584397 INTRODUCE 37 10819
SEND 1553584397 INTRODUCE 37 14216
SEND 1553584397 INTRODUCE 37 22068
SEND 1553584397 INTRODUCE 37 20788
SEND 1553584397 INTRODUCE 37 44054
SEND 1553584397 INTRODUCE 37 14689
SEND 1553584397 INTRODUCE 37 17652
SEND 1553584397 INTRODUCE 37 11509
SEND 1553584397 INTRODUCE 37 36247
SEND 1553584397 INTRODUCE 37 15697
SEND 1553584397 INTRODUCE 37 16587
SEND 1553584397 JOIN 30 11580
RECIEVED 1553584397 INTRODUCE 35 31 3
RECIEVED 1553584397 INTRODUCE 36 31 3
RECIEVED 1553584397 INTRODUCE 37 31 3
RECIEVED 1553584397 INTRODUCE 37 31 3
RECIEVED 1553584397 INTRODUCE 36 31 3
RECIEVED 1553584397 INTRODUCE 36 31 3
RECIEVED 1553584397 INTRODUCE 35 31 3
RECIEVED 1553584397 INTRODUCE 37 31 3
RECIEVED 1553584397 INTRODUCE 36 31 3
RECIEVED 1553584397 INTRODUCE 37 31 3
RECIEVED 1553584397 INTRODUCE 37 31 3
RECIEVED 1553584397 INTRODUCE 36 31 3
RECIEVED 1553584397 JOIN 31 31 3
SEND 1553584397 INTRODUCE 35 16754
SEND 1553584397 INTRODUCE 36 48216
SEND 1553584397 INTRODUCE 36 10751
SEND 1553584397 INTRODUCE 36 11026
SEND 1553584397 INTRODUCE 35 14647
SEND 1553584397 INTRODUCE 37 14346
SEND 1553584397 INTRODUCE 36 10280
SEND 1553584397 INTRODUCE 36 9911
SEND 1553584397 INTRODUCE 36 10588
SEND 1553584397 INTRODUCE 37 13781
SEND 1553584397 INTRODUCE 36 13760
SEND 1553584397 INTRODUCE 35 36739
SEND 1553584397 INTRODUCE 35 17954
SEND 1553584397 INTRODUCE 36 42964
SEND 1553584397 INTRODUCE 35 18864
SEND 1553584397 INTRODUCE 36 64852
SEND 1553584397 INTRODUCE 37 11314
SEND 1553584397 INTRODUCE 37 10683
SEND 1553584397 INTRODUCE 36 11024
SEND 1553584397 INTRODUCE 36 5378
SEND 1553584397 INTRODUCE 36 4586
SEND 1553584397 INTRODUCE 35 5035
SEND 1553584397 INTRODUCE 36 10498
SEND 1553584397 INTRODUCE 37 18700
SEND 1553584397 INTRODUCE 36 46647
SEND 1553584397 INTRODUCE 35 15354
SEND 1553584397 INTRODUCE 36 14720
SEND 1553584397 INTRODUCE 36 17922
SEND 1553584397 INTRODUCE 37 14394
SEND 1553584397 INTRODUCE 35 10345
SEND 1553584397 INTRODUCE 35 29000
RECIEVED 1553584397 INTRODUCE 37 32 3
RECIEVED 1553584397 INTRODUCE 37 32 3
RECIEVED 1553584397 INTRODUCE 36 32 3
RECIEVED 1553584397 INTRODUCE 37 32 3
RECIEVED 1553584397 INTRODUCE 36 32 3
RECIEVED 1553584397 INTRODUCE 37 32 3
RECIEVED 1553584397 INTRODUCE 35 32 3
RECIEVED 1553584397 TRANSACTION 82 32 3
RECIEVED 1553584397 INTRODUCE 37 32 3
RECIEVED 1553584397 INTRODUCE 37 32 3
RECIEVED 1553584397 INTRODUCE 37 32 3
RECIEVED 1553584397 INTRODUCE 36 32 3
RECIEVED 1553584397 INTRODUCE 37 32 3
RECIEVED 1553584397 INTRODUCE 35 32 3
RECIEVED 1553584397 INTRODUCE 35 32 3
RECIEVED 1553584397 INTRODUCE 35 32 3
RECIEVED 1553584397 INTRODUCE 35 32 3
RECIEVED 1553584397 INTRODUCE 36 32 3
RECIEVED 1553584397 INTRODUCE 37 32 3
RECIEVED 1553584397 INTRODUCE 36 32 3
RECIEVED 1553584397 INTRODUCE 35 32 3
RECIEVED 1553584397 INTRODUCE 37 32 3
RECIEVED 1553584397 INTRODUCE 37 32 3
RECIEVED 1553584397 INTRODUCE 37 32 3
RECIEVED 1553584397 INTRODUCE 36 32 3
RECIEVED 1553584397 INTRODUCE 36 32 3
# recieved string JOIN node6 172.22.156.208 8006

RECIEVED 1553584397 JOIN 31 32 3
SEND 1553584397 INTRODUCE 36 16467
SEND 1553584397 INTRODUCE 35 91741
SEND 1553584397 INTRODUCE 36 11577
SEND 1553584397 INTRODUCE 37 10510
SEND 1553584397 INTRODUCE 37 21784
SEND 1553584397 INTRODUCE 36 18247
SEND 1553584397 INTRODUCE 36 11527
SEND 1553584397 INTRODUCE 36 11022
SEND 1553584397 INTRODUCE 35 13411
SEND 1553584397 INTRODUCE 36 17551
SEND 1553584397 INTRODUCE 37 10254
SEND 1553584397 INTRODUCE 36 40839
SEND 1553584397 INTRODUCE 35 29740
SEND 1553584397 INTRODUCE 35 14879
SEND 1553584397 INTRODUCE 36 11431
SEND 1553584397 INTRODUCE 35 12301
SEND 1553584397 INTRODUCE 36 10960
SEND 1553584397 INTRODUCE 36 10651
SEND 1553584397 INTRODUCE 37 35617
SEND 1553584397 INTRODUCE 35 21530
SEND 1553584397 INTRODUCE 36 45507
SEND 1553584397 INTRODUCE 36 11572
SEND 1553584397 INTRODUCE 36 12103
SEND 1553584397 INTRODUCE 35 6453
SEND 1553584397 INTRODUCE 37 5207
# recieved string JOIN node3 172.22.156.208 8003

SEND 1553584397 INTRODUCE 35 29100
SEND 1553584397 INTRODUCE 35 29707
SEND 1553584397 INTRODUCE 36 11999
SEND 1553584397 INTRODUCE 36 13471
SEND 1553584397 INTRODUCE 36 37547
SEND 1553584397 INTRODUCE 37 64281
SEND 1553584397 INTRODUCE 36 13071
RECIEVED 1553584397 INTRODUCE 36 33 3
RECIEVED 1553584397 INTRODUCE 36 33 3
RECIEVED 1553584397 INTRODUCE 35 33 3
RECIEVED 1553584397 INTRODUCE 36 33 3
RECIEVED 1553584397 INTRODUCE 36 33 3
RECIEVED 1553584397 JOIN 31 33 3
SEND 1553584397 INTRODUCE 35 10605
SEND 1553584397 INTRODUCE 36 16418
# recieved string JOIN node2 172.22.156.208 8002

SEND 1553584397 INTRODUCE 37 14294
SEND 1553584397 INTRODUCE 36 11109
SEND 1553584397 INTRODUCE 35 16211
SEND 1553584397 INTRODUCE 36 20432
SEND 1553584397 INTRODUCE 36 9942
SEND 1553584397 INTRODUCE 37 11283
SEND 1553584397 INTRODUCE 35 10468
SEND 1553584397 INTRODUCE 35 11208
SEND 1553584397 INTRODUCE 36 17906
SEND 1553584397 INTRODUCE 36 14219
SEND 1553584397 INTRODUCE 35 15502
SEND 1553584397 INTRODUCE 36 36255
SEND 1553584397 INTRODUCE 36 10304
SEND 1553584397 INTRODUCE 36 14221
SEND 1553584397 INTRODUCE 35 32755
SEND 1553584397 INTRODUCE 37 9634
SEND 1553584397 INTRODUCE 36 27562
SEND 1553584397 INTRODUCE 36 14074
SEND 1553584397 INTRODUCE 37 15304
SEND 1553584397 INTRODUCE 36 14408
SEND 1553584397 INTRODUCE 35 11911
SEND 1553584397 INTRODUCE 35 14639
SEND 1553584397 INTRODUCE 36 14035
SEND 1553584397 INTRODUCE 36 27337
SEND 1553584397 INTRODUCE 35 15145
SEND 1553584397 INTRODUCE 36 30531
SEND 1553584397 INTRODUCE 37 11419
SEND 1553584397 INTRODUCE 37 8935
SEND 1553584397 INTRODUCE 36 14072
SEND 1553584397 INTRODUCE 36 10441
SEND 1553584397 INTRODUCE 36 45249
RECIEVED 1553584397 INTRODUCE 36 34 3
RECIEVED 1553584397 JOIN 31 34 3
SEND 1553584397 INTRODUCE 35 13267
SEND 1553584397 INTRODUCE 36 40166
SEND 1553584397 INTRODUCE 35 40336
SEND 1553584397 INTRODUCE 37 11054
SEND 1553584397 INTRODUCE 36 15041
SEND 1553584397 INTRODUCE 36 21093
SEND 1553584397 INTRODUCE 37 18947
SEND 1553584397 INTRODUCE 36 11784
SEND 1553584397 INTRODUCE 35 10716
SEND 1553584397 INTRODUCE 35 50249
SEND 1553584397 INTRODUCE 36 18068
SEND 1553584397 INTRODUCE 36 64833
SEND 1553584397 INTRODUCE 36 17929
SEND 1553584397 INTRODUCE 36 13631
SEND 1553584397 INTRODUCE 37 21730
SEND 1553584397 INTRODUCE 36 27869
SEND 1553584397 INTRODUCE 36 41554
SEND 1553584397 INTRODUCE 35 12408
SEND 1553584397 INTRODUCE 36 42671
SEND 1553584397 INTRODUCE 36 9107
SEND 1553584397 INTRODUCE 37 10668
SEND 1553584397 INTRODUCE 36 16713
SEND 1553584397 INTRODUCE 37 21284
SEND 1553584397 INTRODUCE 36 11891
SEND 1553584397 INTRODUCE 35 10288
SEND 1553584397 INTRODUCE 36 31037
SEND 1553584397 INTRODUCE 36 11897
SEND 1553584397 INTRODUCE 37 18532
SEND 1553584397 INTRODUCE 35 10216
# recieved string JOIN node15 172.22.94.217 8015

SEND 1553584397 INTRODUCE 35 24434
SEND 1553584397 INTRODUCE 36 10828
# recieved string JOIN node10 172.22.156.208 8010

SEND 1553584397 INTRODUCE 36 18678
SEND 1553584397 INTRODUCE 35 14120
SEND 1553584397 INTRODUCE 36 35850
RECIEVED 1553584397 INTRODUCE 35 35 3
RECIEVED 1553584397 INTRODUCE 36 35 3
SEND 1553584397 INTRODUCE 36 47381
SEND 1553584397 INTRODUCE 36 15031
SEND 1553584397 INTRODUCE 36 11652
SEND 1553584397 INTRODUCE 36 13845
SEND 1553584397 INTRODUCE 36 16220
SEND 1553584397 INTRODUCE 36 15212
SEND 1553584397 INTRODUCE 36 15210
SEND 1553584397 INTRODUCE 36 11573
SEND 1553584397 INTRODUCE 36 11224
SEND 1553584397 INTRODUCE 36 41879
SEND 1553584397 INTRODUCE 36 11648
SEND 1553584397 INTRODUCE 36 30469
SEND 1553584397 INTRODUCE 36 11924
SEND 1553584397 INTRODUCE 36 11721
SEND 1553584397 INTRODUCE 36 10907
SEND 1553584397 INTRODUCE 36 25509
SEND 1553584397 INTRODUCE 36 24178
SEND 1553584397 INTRODUCE 36 38408
SEND 1553584397 INTRODUCE 36 20128
SEND 1553584397 INTRODUCE 36 22748
SEND 1553584397 INTRODUCE 36 19046
SEND 1553584398 INTRODUCE 36 12194
SEND 1553584398 INTRODUCE 36 15622
SEND 1553584398 INTRODUCE 36 11718
SEND 1553584398 INTRODUCE 36 37428
SEND 1553584398 INTRODUCE 36 12021
SEND 1553584398 INTRODUCE 36 16119
# recieved string JOIN node14 172.22.94.217 8014

SEND 1553584398 INTRODUCE 36 30642
SEND 1553584398 INTRODUCE 36 15408
SEND 1553584398 INTRODUCE 36 10467
SEND 1553584398 INTRODUCE 36 16332
SEND 1553584398 INTRODUCE 36 38149
SEND 1553584398 INTRODUCE 36 19806
SEND 1553584398 INTRODUCE 36 22901
SEND 1553584398 INTRODUCE 36 15026
SEND 1553584398 JOIN 30 45340
RECIEVED 1553584398 INTRODUCE 37 36 3
RECIEVED 1553584398 INTRODUCE 37 36 3
RECIEVED 1553584398 INTRODUCE 36 36 3
RECIEVED 1553584398 INTRODUCE 36 36 3
RECIEVED 1553584398 INTRODUCE 35 36 3
RECIEVED 1553584398 INTRODUCE 36 36 3
RECIEVED 1553584398 INTRODUCE 36 36 3
RECIEVED 1553584398 INTRODUCE 36 36 3
RECIEVED 1553584398 INTRODUCE 36 36 3
RECIEVED 1553584398 INTRODUCE 36 36 3
RECIEVED 1553584398 INTRODUCE 36 36 3
RECIEVED 1553584398 INTRODUCE 36 36 3
RECIEVED 1553584398 INTRODUCE 35 36 3
RECIEVED 1553584398 INTRODUCE 35 36 3
RECIEVED 1553584398 INTRODUCE 36 36 3
RECIEVED 1553584398 INTRODUCE 37 36 3
RECIEVED 1553584398 INTRODUCE 36 36 3
RECIEVED 1553584398 INTRODUCE 36 36 3
RECIEVED 1553584398 INTRODUCE 36 36 3
RECIEVED 1553584398 INTRODUCE 36 36 3
RECIEVED 1553584398 INTRODUCE 36 36 3
RECIEVED 1553584398 INTRODUCE 36 36 3
RECIEVED 1553584398 INTRODUCE 36 36 3
RECIEVED 1553584398 INTRODUCE 36 36 3
RECIEVED 1553584398 JOIN 31 36 3
SEND 1553584398 INTRODUCE 35 36422
SEND 1553584398 INTRODUCE 36 29947
SEND 1553584398 INTRODUCE 37 10621
SEND 1553584398 INTRODUCE 36 11396
SEND 1553584398 INTRODUCE 35 17126
SEND 1553584398 INTRODUCE 36 31845
SEND 1553584398 INTRODUCE 36 10858
SEND 1553584398 INTRODUCE 35 10024
SEND 1553584398 INTRODUCE 36 11064
SEND 1553584398 INTRODUCE 36 10622
SEND 1553584398 INTRODUCE 37 11597
SEND 1553584398 INTRODUCE 35 16808
SEND 1553584398 INTRODUCE 35 10975
SEND 1553584398 INTRODUCE 36 25175
SEND 1553584398 INTRODUCE 36 11021
SEND 1553584398 INTRODUCE 36 29256
SEND 1553584398 INTRODUCE 35 11527
SEND 1553584398 INTRODUCE 37 17925
SEND 1553584398 INTRODUCE 35 12539
SEND 1553584398 INTRODUCE 36 10292
SEND 1553584398 INTRODUCE 36 16435
SEND 1553584398 INTRODUCE 36 10370
SEND 1553584398 INTRODUCE 36 10318
SEND 1553584398 INTRODUCE 37 9945
SEND 1553584398 INTRODUCE 36 9480
SEND 1553584398 INTRODUCE 35 10928
SEND 1553584398 INTRODUCE 36 10177
SEND 1553584398 INTRODUCE 36 11562
SEND 1553584398 INTRODUCE 35 10862
SEND 1553584398 INTRODUCE 36 13365
SEND 1553584398 INTRODUCE 37 11253
SEND 1553584398 INTRODUCE 36 10289
SEND 1553584398 INTRODUCE 37 10981
SEND 1553584398 INTRODUCE 36 12840
SEND 1553584398 INTRODUCE 36 9933
SEND 1553584398 INTRODUCE 36 12456
RECIEVED 1553584398 JOIN 32 37 3
SEND 1553584398 INTRODUCE 36 15720
SEND 1553584398 INTRODUCE 35 32139
SEND 1553584398 INTRODUCE 36 13424
SEND 1553584398 INTRODUCE 37 9878
SEND 1553584398 INTRODUCE 37 11897
SEND 1553584398 INTRODUCE 35 10954
SEND 1553584398 INTRODUCE 35 10779
SEND 1553584398 INTRODUCE 36 45704
SEND 1553584398 INTRODUCE 36 19075
SEND 1553584398 INTRODUCE 35 35357
SEND 1553584398 INTRODUCE 36 11168
SEND 1553584398 INTRODUCE 36 10398
SEND 1553584398 INTRODUCE 35 10515
SEND 1553584398 INTRODUCE 36 19860
SEND 1553584398 INTRODUCE 37 9721
SEND 1553584398 INTRODUCE 36 14249
SEND 1553584398 INTRODUCE 36 10557
SEND 1553584398 INTRODUCE 35 14028
SEND 1553584398 INTRODUCE 36 19936
SEND 1553584398 INTRODUCE 35 13927
SEND 1553584398 INTRODUCE 35 11189
SEND 1553584398 INTRODUCE 36 14568
SEND 1553584398 INTRODUCE 36 29772
SEND 1553584398 INTRODUCE 36 29098
SEND 1553584398 INTRODUCE 36 19648
SEND 1553584398 INTRODUCE 37 10590
SEND 1553584398 INTRODUCE 36 8880
SEND 1553584398 INTRODUCE 36 11751
SEND 1553584398 INTRODUCE 37 10857
SEND 1553584398 INTRODUCE 36 10999
SEND 1553584398 INTRODUCE 36 10106
SEND 1553584398 INTRODUCE 35 10572
SEND 1553584398 INTRODUCE 36 10438
SEND 1553584398 INTRODUCE 36 10875
SEND 1553584398 INTRODUCE 37 14365
SEND 1553584398 INTRODUCE 36 10028
SEND 1553584398 INTRODUCE 36 14550
RECIEVED 1553584398 INTRODUCE 37 38 3
RECIEVED 1553584398 INTRODUCE 36 38 3
RECIEVED 1553584398 INTRODUCE 36 38 3
RECIEVED 1553584398 INTRODUCE 36 38 3
SEND 1553584398 INTRODUCE 36 45772
SEND 1553584398 INTRODUCE 36 13684
SEND 1553584398 INTRODUCE 36 32728
SEND 1553584398 INTRODUCE 36 18328
SEND 1553584398 INTRODUCE 36 11090
SEND 1553584398 INTRODUCE 36 15798
SEND 1553584398 INTRODUCE 36 11160
SEND 1553584398 INTRODUCE 36 32791
SEND 1553584398 INTRODUCE 36 17213
SEND 1553584398 INTRODUCE 36 10973
SEND 1553584398 INTRODUCE 36 30654
SEND 1553584398 INTRODUCE 36 41490
SEND 1553584398 INTRODUCE 36 11051
SEND 1553584398 INTRODUCE 36 22480
SEND 1553584398 INTRODUCE 36 21441
SEND 1553584398 INTRODUCE 36 19927
SEND 1553584398 INTRODUCE 36 11959
SEND 1553584398 INTRODUCE 36 11085
SEND 1553584398 INTRODUCE 36 13670
SEND 1553584398 INTRODUCE 36 15394
SEND 1553584398 INTRODUCE 36 21086
SEND 1553584398 INTRODUCE 36 15073
SEND 1553584398 INTRODUCE 36 10333
SEND 1553584398 INTRODUCE 36 27663
SEND 1553584398 INTRODUCE 36 15562
SEND 1553584398 INTRODUCE 36 16463
SEND 1553584398 INTRODUCE 36 14014
SEND 1553584398 INTRODUCE 36 10540
SEND 1553584398 INTRODUCE 36 12486
SEND 1553584398 INTRODUCE 36 15399
SEND 1553584398 INTRODUCE 36 28308
SEND 1553584398 INTRODUCE 36 20587
SEND 1553584398 INTRODUCE 36 12292
SEND 1553584398 INTRODUCE 36 30452
SEND 1553584398 INTRODUCE 36 16074
SEND 1553584398 INTRODUCE 36 11652
SEND 1553584398 INTRODUCE 36 16311
SEND 1553584398 INTRODUCE 36 16324
SEND 1553584398 JOIN 30 17185
RECIEVED 1553584398 INTRODUCE 37 39 3
RECIEVED 1553584398 INTRODUCE 36 39 3
RECIEVED 1553584398 INTRODUCE 35 39 3
RECIEVED 1553584398 INTRODUCE 35 39 3
RECIEVED 1553584398 INTRODUCE 36 39 3
RECIEVED 1553584398 INTRODUCE 36 39 3
RECIEVED 1553584398 INTRODUCE 36 39 3
RECIEVED 1553584398 INTRODUCE 36 39 3
RECIEVED 1553584398 INTRODUCE 35 39 3
RECIEVED 1553584398 INTRODUCE 35 39 3
RECIEVED 1553584398 JOIN 31 39 3
RECIEVED 1553584398 INTRODUCE 36 39 3
RECIEVED 1553584398 INTRODUCE 36 39 3
RECIEVED 1553584398 INTRODUCE 35 39 3
RECIEVED 1553584398 INTRODUCE 36 39 3
RECIEVED 1553584398 INTRODUCE 36 39 3
RECIEVED 1553584398 INTRODUCE 36 39 3
RECIEVED 1553584398 INTRODUCE 36 39 3
RECIEVED 1553584398 INTRODUCE 35 39 3
RECIEVED 1553584398 INTRODUCE 36 39 3
RECIEVED 1553584398 INTRODUCE 36 39 3
RECIEVED 1553584398 INTRODUCE 36 39 3
RECIEVED 1553584398 INTRODUCE 36 39 3
RECIEVED 1553584398 INTRODUCE 35 39 3
RECIEVED 1553584398 INTRODUCE 35 39 3
RECIEVED 1553584398 INTRODUCE 35 39 3
RECIEVED 1553584398 INTRODUCE 36 39 3
RECIEVED 1553584398 INTRODUCE 36 39 3
RECIEVED 1553584398 INTRODUCE 35 39 3
RECIEVED 1553584398 INTRODUCE 35 39 3
RECIEVED 1553584398 INTRODUCE 36 39 3
RECIEVED 1553584398 INTRODUCE 35 39 3
RECIEVED 1553584398 INTRODUCE 35 39 3
RECIEVED 1553584398 INTRODUCE 37 39 3
RECIEVED 1553584398 INTRODUCE 36 39 3
RECIEVED 1553584398 INTRODUCE 37 39 3
RECIEVED 1553584398 INTRODUCE 37 39 3
RECIEVED 1553584398 INTRODUCE 36 39 3
RECIEVED 1553584398 INTRODUCE 35 39 3
RECIEVED 1553584398 INTRODUCE 35 39 3
RECIEVED 1553584398 INTRODUCE 36 39 3
RECIEVED 1553584398 INTRODUCE 37 39 3
RECIEVED 1553584398 INTRODUCE 36 39 3
RECIEVED 1553584398 INTRODUCE 36 39 3
RECIEVED 1553584398 INTRODUCE 37 39 3
RECIEVED 1553584398 INTRODUCE 36 39 3
RECIEVED 1553584398 INTRODUCE 36 39 3
RECIEVED 1553584398 INTRODUCE 36 39 3
RECIEVED 1553584398 INTRODUCE 35 39 3
RECIEVED 1553584398 INTRODUCE 37 39 3
RECIEVED 1553584398 INTRODUCE 35 39 3
RECIEVED 1553584398 INTRODUCE 36 39 3
RECIEVED 1553584398 INTRODUCE 36 39 3
RECIEVED 1553584398 INTRODUCE 35 39 3
RECIEVED 1553584398 INTRODUCE 36 39 3
RECIEVED 1553584398 INTRODUCE 36 39 3
RECIEVED 1553584398 INTRODUCE 36 39 3
RECIEVED 1553584398 INTRODUCE 35 39 3
RECIEVED 1553584398 INTRODUCE 36 39 3
RECIEVED 1553584398 INTRODUCE 35 39 3
RECIEVED 1553584398 INTRODUCE 36 39 3
RECIEVED 1553584398 INTRODUCE 36 39 3
RECIEVED 1553584398 INTRODUCE 36 39 3
RECIEVED 1553584398 INTRODUCE 35 39 3
RECIEVED 1553584398 INTRODUCE 36 39 3
RECIEVED 1553584398 INTRODUCE 37 39 3
RECIEVED 1553584398 INTRODUCE 36 39 3
RECIEVED 1553584398 INTRODUCE 37 39 3
RECIEVED 1553584398 INTRODUCE 36 39 3
RECIEVED 1553584398 INTRODUCE 37 39 3
RECIEVED 1553584398 INTRODUCE 36 39 3
RECIEVED 1553584398 INTRODUCE 37 39 3
RECIEVED 1553584398 INTRODUCE 37 39 3
RECIEVED 1553584398 INTRODUCE 37 39 3
SEND 1553584398 INTRODUCE 37 28108
SEND 1553584398 INTRODUCE 37 23548
SEND 1553584398 INTRODUCE 37 20738
SEND 1553584398 INTRODUCE 37 11296
SEND 1553584398 INTRODUCE 37 10764
SEND 1553584398 INTRODUCE 37 11263
# recieved string JOIN node8 172.22.156.208 8008

SEND 1553584398 INTRODUCE 37 14873
SEND 1553584398 INTRODUCE 37 15639
SEND 1553584398 INTRODUCE 37 14644
SEND 1553584398 INTRODUCE 37 14289
SEND 1553584398 INTRODUCE 37 10932
SEND 1553584398 INTRODUCE 37 11603
SEND 1553584398 INTRODUCE 37 11376
SEND 1553584398 INTRODUCE 37 37289
SEND 1553584398 INTRODUCE 37 11374
SEND 1553584398 INTRODUCE 37 15655
SEND 1553584398 INTRODUCE 37 14931
SEND 1553584398 INTRODUCE 37 59588
SEND 1553584398 INTRODUCE 37 50205
SEND 1553584398 INTRODUCE 37 11871
SEND 1553584398 INTRODUCE 37 21126
SEND 1553584398 INTRODUCE 37 15608
SEND 1553584398 INTRODUCE 37 16553
SEND 1553584398 INTRODUCE 37 15537
SEND 1553584398 INTRODUCE 37 38150
SEND 1553584398 INTRODUCE 37 20053
SEND 1553584398 INTRODUCE 37 14181
SEND 1553584398 INTRODUCE 37 17917
SEND 1553584398 INTRODUCE 37 14286
SEND 1553584398 INTRODUCE 37 28195
SEND 1553584398 INTRODUCE 37 11364
SEND 1553584398 INTRODUCE 37 31387
SEND 1553584398 INTRODUCE 37 28080
SEND 1553584398 INTRODUCE 37 19486
SEND 1553584398 INTRODUCE 37 11809
SEND 1553584398 INTRODUCE 37 14187
SEND 1553584398 INTRODUCE 37 19659
SEND 1553584398 INTRODUCE 37 23660
SEND 1553584398 INTRODUCE 37 32502
SEND 1553584398 JOIN 30 10927
RECIEVED 1553584398 INTRODUCE 37 40 3
RECIEVED 1553584398 INTRODUCE 36 40 3
RECIEVED 1553584398 INTRODUCE 37 40 3
RECIEVED 1553584398 INTRODUCE 37 40 3
RECIEVED 1553584398 JOIN 31 40 3
SEND 1553584398 INTRODUCE 36 9337
SEND 1553584398 INTRODUCE 36 9853
SEND 1553584398 INTRODUCE 36 15310
SEND 1553584398 INTRODUCE 37 10866
SEND 1553584398 INTRODUCE 36 11676
SEND 1553584398 INTRODUCE 37 11092
SEND 1553584398 INTRODUCE 36 13065
SEND 1553584398 INTRODUCE 35 11618
SEND 1553584398 INTRODUCE 36 11367
SEND 1553584398 INTRODUCE 36 10119
SEND 1553584398 INTRODUCE 37 14669
SEND 1553584398 INTRODUCE 35 17307
SEND 1553584398 INTRODUCE 35 16216
SEND 1553584398 INTRODUCE 36 19628
SEND 1553584398 INTRODUCE 36 10784
SEND 1553584398 INTRODUCE 35 11752
SEND 1553584398 INTRODUCE 36 10248
SEND 1553584398 INTRODUCE 37 10464
SEND 1553584398 INTRODUCE 37 14242
SEND 1553584398 INTRODUCE 35 10265
SEND 1553584398 INTRODUCE 36 10405
SEND 1553584398 INTRODUCE 35 50291
SEND 1553584398 INTRODUCE 37 13510
SEND 1553584398 INTRODUCE 36 33346
SEND 1553584398 INTRODUCE 36 13146
SEND 1553584398 INTRODUCE 37 31127
SEND 1553584398 INTRODUCE 36 17632
# recieved string JOIN node7 172.22.156.208 8007

SEND 1553584398 INTRODUCE 35 40753
SEND 1553584398 INTRODUCE 35 14622
SEND 1553584398 INTRODUCE 36 10542
SEND 1553584398 INTRODUCE 36 10573
SEND 1553584398 INTRODUCE 36 16145
SEND 1553584398 INTRODUCE 36 10140
SEND 1553584398 INTRODUCE 36 10253
SEND 1553584398 INTRODUCE 36 34308
SEND 1553584398 INTRODUCE 36 34623
SEND 1553584398 INTRODUCE 37 14166
SEND 1553584398 INTRODUCE 36 24873
SEND 1553584398 INTRODUCE 36 46139
SEND 1553584398 INTRODUCE 35 30360
RECIEVED 1553584398 INTRODUCE 36 41 3
RECIEVED 1553584398 INTRODUCE 35 41 3
RECIEVED 1553584398 INTRODUCE 37 41 3
RECIEVED 1553584398 INTRODUCE 37 41 3
RECIEVED 1553584398 TRANSACTION 81 41 3
UPDATE 1553584398 TRANSACTION bd17be299693f7774830a3d8087991a5
SEND 1553584398 TRANSACTION 81 40614 bd17be299693f7774830a3d8087991a5
SEND 1553584398 TRANSACTION 81 15220 bd17be299693f7774830a3d8087991a5
SEND 1553584398 TRANSACTION 81 10245 bd17be299693f7774830a3d8087991a5
SEND 1553584398 TRANSACTION 81 40205 bd17be299693f7774830a3d8087991a5
SEND 1553584398 TRANSACTION 81 13441 bd17be299693f7774830a3d8087991a5
SEND 1553584398 TRANSACTION 81 15234 bd17be299693f7774830a3d8087991a5
SEND 1553584398 TRANSACTION 81 36153 bd17be299693f7774830a3d8087991a5
SEND 1553584398 TRANSACTION 81 12161 bd17be299693f7774830a3d8087991a5
SEND 1553584398 TRANSACTION 81 32862 bd17be299693f7774830a3d8087991a5
SEND 1553584398 TRANSACTION 81 17083 bd17be299693f7774830a3d8087991a5
SEND 1553584398 TRANSACTION 81 25352 bd17be299693f7774830a3d8087991a5
RECIEVED 1553584398 INTRODUCE 36 41 4
RECIEVED 1553584398 INTRODUCE 37 41 4
RECIEVED 1553584398 INTRODUCE 36 41 4
RECIEVED 1553584398 INTRODUCE 36 41 4
RECIEVED 1553584398 INTRODUCE 35 41 4
RECIEVED 1553584398 INTRODUCE 37 41 4
RECIEVED 1553584398 INTRODUCE 36 41 4
RECIEVED 1553584398 INTRODUCE 37 41 4
RECIEVED 1553584398 INTRODUCE 36 41 4
RECIEVED 1553584398 INTRODUCE 35 41 4
RECIEVED 1553584398 INTRODUCE 36 41 4
RECIEVED 1553584398 INTRODUCE 37 41 4
RECIEVED 1553584398 INTRODUCE 35 41 4
RECIEVED 1553584398 TRANSACTION 81 41 4
RECIEVED 1553584398 INTRODUCE 37 41 4
RECIEVED 1553584398 INTRODUCE 37 41 4
RECIEVED 1553584398 JOIN 31 41 4
SEND 1553584398 INTRODUCE 37 16153
SEND 1553584398 INTRODUCE 36 10184
SEND 1553584398 INTRODUCE 36 15983
SEND 1553584398 INTRODUCE 36 15920
SEND 1553584398 INTRODUCE 36 51229
SEND 1553584398 INTRODUCE 35 13935
SEND 1553584398 INTRODUCE 36 11025
SEND 1553584398 INTRODUCE 37 28616
SEND 1553584398 INTRODUCE 36 17387
SEND 1553584398 INTRODUCE 36 9304
SEND 1553584398 INTRODUCE 36 14780
SEND 1553584398 INTRODUCE 35 20414
SEND 1553584398 INTRODUCE 36 16013
SEND 1553584398 INTRODUCE 36 11555
SEND 1553584398 INTRODUCE 37 10628
SEND 1553584398 INTRODUCE 35 27223
SEND 1553584398 INTRODUCE 35 11141
SEND 1553584398 INTRODUCE 37 19975
SEND 1553584398 INTRODUCE 35 27841
SEND 1553584398 INTRODUCE 36 11149
SEND 1553584398 INTRODUCE 37 11129
SEND 1553584398 INTRODUCE 36 10475
SEND 1553584398 INTRODUCE 36 10978
SEND 1553584398 INTRODUCE 35 15350
SEND 1553584398 INTRODUCE 37 11608
SEND 1553584398 INTRODUCE 36 10092
SEND 1553584398 INTRODUCE 36 15128
SEND 1553584398 INTRODUCE 36 10805
SEND 1553584398 INTRODUCE 36 13583
SEND 1553584398 INTRODUCE 37 9379
SEND 1553584398 INTRODUCE 36 40189
SEND 1553584398 INTRODUCE 35 9928
SEND 1553584398 INTRODUCE 35 10191
SEND 1553584398 INTRODUCE 36 10582
SEND 1553584398 INTRODUCE 36 10434
SEND 1553584398 INTRODUCE 36 10899
SEND 1553584398 INTRODUCE 36 10494
SEND 1553584398 INTRODUCE 35 14584
SEND 1553584398 INTRODUCE 36 10391
SEND 1553584398 INTRODUCE 37 8448
SEND 1553584398 INTRODUCE 36 11187
RECIEVED 1553584398 INTRODUCE 37 42 4
RECIEVED 1553584398 TRANSACTION 81 42 4
RECIEVED 1553584398 INTRODUCE 36 42 4
RECIEVED 1553584398 INTRODUCE 36 42 4
RECIEVED 1553584398 INTRODUCE 36 42 4
RECIEVED 1553584398 INTRODUCE 36 42 4
RECIEVED 1553584398 INTRODUCE 37 42 4
RECIEVED 1553584398 INTRODUCE 35 42 4
RECIEVED 1553584398 INTRODUCE 36 42 4
RECIEVED 1553584398 INTRODUCE 37 42 4
RECIEVED 1553584398 TRANSACTION 81 42 4
RECIEVED 1553584398 INTRODUCE 36 42 4
RECIEVED 1553584398 INTRODUCE 36 42 4
RECIEVED 1553584398 INTRODUCE 36 42 4
RECIEVED 1553584398 INTRODUCE 37 42 4
RECIEVED 1553584398 INTRODUCE 36 42 4
RECIEVED 1553584398 INTRODUCE 36 42 4
RECIEVED 1553584398 INTRODUCE 36 42 4
RECIEVED 1553584398 INTRODUCE 35 42 4
RECIEVED 1553584398 INTRODUCE 36 42 4
RECIEVED 1553584398 INTRODUCE 36 42 4
RECIEVED 1553584398 INTRODUCE 36 42 4
RECIEVED 1553584398 INTRODUCE 37 42 4
RECIEVED 1553584398 INTRODUCE 36 42 4
RECIEVED 1553584398 TRANSACTION 80 42 4
UPDATE 1553584398 TRANSACTION 237d4725adf047a1ba9022223390c62a
SEND 1553584398 TRANSACTION 80 11262 237d4725adf047a1ba9022223390c62a
SEND 1553584398 TRANSACTION 80 13215 237d4725adf047a1ba9022223390c62a
SEND 1553584398 TRANSACTION 80 9962 237d4725adf047a1ba9022223390c62a
SEND 1553584398 TRANSACTION 80 9985 237d4725adf047a1ba9022223390c62a
SEND 1553584398 TRANSACTION 80 11386 237d4725adf047a1ba9022223390c62a
SEND 1553584398 TRANSACTION 80 10660 237d4725adf047a1ba9022223390c62a
SEND 1553584398 TRANSACTION 80 17199 237d4725adf047a1ba9022223390c62a
SEND 1553584398 TRANSACTION 80 14429 237d4725adf047a1ba9022223390c62a
SEND 1553584398 TRANSACTION 80 33222 237d4725adf047a1ba9022223390c62a
SEND 1553584398 TRANSACTION 80 11700 237d4725adf047a1ba9022223390c62a
# Failed listening 
%!(EXTRA string=node0)# ERROR: read tcp 172.22.94.217:34830->172.22.156.206:8000: read: connection reset by peer
SEND 1553584398 TRANSACTION 80 11300 237d4725adf047a1ba9022223390c62a
SEND 1553584398 TRANSACTION 80 133760 237d4725adf047a1ba9022223390c62a
SEND 1553584398 TRANSACTION 80 14250 237d4725adf047a1ba9022223390c62a
SEND 1553584398 TRANSACTION 80 14603 237d4725adf047a1ba9022223390c62a
RECIEVED 1553584398 INTRODUCE 35 42 5
RECIEVED 1553584398 INTRODUCE 37 42 5
RECIEVED 1553584398 INTRODUCE 36 42 5
RECIEVED 1553584398 INTRODUCE 35 42 5
RECIEVED 1553584398 INTRODUCE 37 42 5
RECIEVED 1553584398 TRANSACTION 80 42 5
RECIEVED 1553584398 INTRODUCE 37 42 5
RECIEVED 1553584398 INTRODUCE 37 42 5
RECIEVED 1553584398 INTRODUCE 37 42 5
RECIEVED 1553584398 INTRODUCE 37 42 5
RECIEVED 1553584398 INTRODUCE 37 42 5
RECIEVED 1553584398 INTRODUCE 37 42 5
RECIEVED 1553584398 INTRODUCE 37 42 5
RECIEVED 1553584398 INTRODUCE 36 42 5
RECIEVED 1553584398 INTRODUCE 37 42 5
RECIEVED 1553584398 INTRODUCE 36 42 5
RECIEVED 1553584398 INTRODUCE 36 42 5
RECIEVED 1553584398 INTRODUCE 36 42 5
RECIEVED 1553584398 INTRODUCE 36 42 5
RECIEVED 1553584398 INTRODUCE 36 42 5
RECIEVED 1553584398 INTRODUCE 36 42 5
RECIEVED 1553584398 INTRODUCE 37 42 5
RECIEVED 1553584398 INTRODUCE 36 42 5
RECIEVED 1553584398 INTRODUCE 37 42 5
RECIEVED 1553584398 INTRODUCE 36 42 5
# recieved string JOIN node12 172.22.156.208 8012

RECIEVED 1553584398 JOIN 32 42 5
SEND 1553584398 INTRODUCE 37 15498
SEND 1553584398 INTRODUCE 36 11184
SEND 1553584398 INTRODUCE 36 17249
SEND 1553584398 INTRODUCE 36 10076
SEND 1553584398 INTRODUCE 36 10580
SEND 1553584398 INTRODUCE 36 16077
SEND 1553584398 INTRODUCE 35 10034
SEND 1553584398 INTRODUCE 36 10725
SEND 1553584398 INTRODUCE 37 34027
SEND 1553584398 INTRODUCE 36 10896
SEND 1553584398 INTRODUCE 36 10557
SEND 1553584398 INTRODUCE 36 10521
SEND 1553584398 INTRODUCE 35 9964
SEND 1553584398 INTRODUCE 36 10668
SEND 1553584398 INTRODUCE 36 9991
SEND 1553584398 INTRODUCE 37 9922
SEND 1553584398 INTRODUCE 35 9424
SEND 1553584398 INTRODUCE 35 10042
SEND 1553584398 INTRODUCE 37 10771
SEND 1553584398 INTRODUCE 35 10628
# recieved string JOIN node11 172.22.156.208 8011

SEND 1553584398 INTRODUCE 36 10594
SEND 1553584398 INTRODUCE 37 9707
SEND 1553584398 INTRODUCE 36 10544
# recieved string JOIN node13 172.22.156.208 8013

SEND 1553584398 INTRODUCE 36 10566
SEND 1553584398 INTRODUCE 35 10606
# recieved string JOIN node5 172.22.156.208 8005

SEND 1553584398 INTRODUCE 37 15216
SEND 1553584398 INTRODUCE 36 11360
SEND 1553584398 INTRODUCE 36 9407
SEND 1553584398 INTRODUCE 36 9785
SEND 1553584398 INTRODUCE 36 14904
SEND 1553584398 INTRODUCE 37 42800
# recieved string {"Type":"JOIN","Name":"node7","Ip":"172.22.156.207","Port":8007,"Source":0,"Dest":0,"Amount":0,"TID":"","TimeStamp":"","Friends":null,"HashTable":null,"Sock":null}

CANNOT PARSE STRING. RECIEVED {"Type":"JOIN","Name":"node7","Ip":"172.22.156.207","Port":8007,"Source":0,"Dest":0,"Amount":0,"TID":"","TimeStamp":"","Friends":null,"HashTable":null,"Sock":null}
SEND 1553584398 INTRODUCE 36 17512
SEND 1553584398 INTRODUCE 35 10848
SEND 1553584398 INTRODUCE 35 11186
SEND 1553584398 INTRODUCE 36 11863
SEND 1553584398 INTRODUCE 36 10444
SEND 1553584398 INTRODUCE 36 11164
SEND 1553584398 INTRODUCE 36 14181
SEND 1553584398 INTRODUCE 35 11429
SEND 1553584398 INTRODUCE 36 11804
SEND 1553584398 INTRODUCE 37 11564
SEND 1553584398 INTRODUCE 36 10397
RECIEVED 1553584398 INTRODUCE 35 43 5
RECIEVED 1553584398 INTRODUCE 36 43 5
RECIEVED 1553584398 INTRODUCE 35 43 5
RECIEVED 1553584398 INTRODUCE 36 43 5
RECIEVED 1553584398 INTRODUCE 37 43 5
RECIEVED 1553584398 INTRODUCE 35 43 5
RECIEVED 1553584398 JOIN 32 43 5
SEND 1553584398 INTRODUCE 36 12636
SEND 1553584398 INTRODUCE 37 10541
SEND 1553584398 INTRODUCE 35 11024
SEND 1553584398 INTRODUCE 36 10881
SEND 1553584398 INTRODUCE 37 10916
SEND 1553584398 INTRODUCE 36 11595
SEND 1553584398 INTRODUCE 36 14838
SEND 1553584398 INTRODUCE 36 15873
SEND 1553584398 INTRODUCE 35 11096
SEND 1553584398 INTRODUCE 36 10670
SEND 1553584398 INTRODUCE 36 10751
SEND 1553584398 INTRODUCE 37 30564
SEND 1553584398 INTRODUCE 35 11456
SEND 1553584398 INTRODUCE 35 15449
SEND 1553584398 INTRODUCE 37 23982
SEND 1553584398 INTRODUCE 35 10951
SEND 1553584398 INTRODUCE 36 17442
SEND 1553584398 INTRODUCE 37 9014
SEND 1553584398 INTRODUCE 36 10687
SEND 1553584398 INTRODUCE 36 53977
SEND 1553584398 INTRODUCE 35 12415
SEND 1553584398 INTRODUCE 37 11303
SEND 1553584398 INTRODUCE 36 10666
SEND 1553584398 INTRODUCE 36 14403
SEND 1553584398 INTRODUCE 36 50045
SEND 1553584398 INTRODUCE 36 9603
SEND 1553584398 INTRODUCE 37 9111
SEND 1553584398 INTRODUCE 36 10464
SEND 1553584398 INTRODUCE 35 10976
SEND 1553584398 INTRODUCE 35 10218
SEND 1553584398 INTRODUCE 36 10716
SEND 1553584398 INTRODUCE 36 10366
SEND 1553584398 INTRODUCE 36 9452
SEND 1553584398 INTRODUCE 36 11002
SEND 1553584398 INTRODUCE 35 15701
SEND 1553584398 INTRODUCE 36 11000
SEND 1553584398 INTRODUCE 37 10723
SEND 1553584398 INTRODUCE 36 9405
SEND 1553584398 INTRODUCE 37 9572
SEND 1553584398 INTRODUCE 36 10021
SEND 1553584398 INTRODUCE 36 14504
SEND 1553584398 INTRODUCE 36 10164
SEND 1553584398 INTRODUCE 36 31782
RECIEVED 1553584398 INTRODUCE 36 44 5
RECIEVED 1553584398 INTRODUCE 36 44 5
RECIEVED 1553584398 JOIN 32 44 5
SEND 1553584398 INTRODUCE 37 15842
SEND 1553584398 INTRODUCE 36 8875
SEND 1553584398 INTRODUCE 35 10213
SEND 1553584398 INTRODUCE 35 14692
SEND 1553584398 INTRODUCE 36 12591
SEND 1553584398 INTRODUCE 36 12162
SEND 1553584398 INTRODUCE 36 10860
SEND 1553584398 INTRODUCE 36 13792
SEND 1553584398 INTRODUCE 36 10871
SEND 1553584398 INTRODUCE 36 41790
SEND 1553584398 INTRODUCE 36 10706
SEND 1553584398 INTRODUCE 36 11130
SEND 1553584398 INTRODUCE 37 10712
SEND 1553584398 INTRODUCE 36 9724
SEND 1553584398 INTRODUCE 36 10668
SEND 1553584398 INTRODUCE 35 11865
SEND 1553584398 INTRODUCE 36 19843
SEND 1553584398 INTRODUCE 36 11472
SEND 1553584398 INTRODUCE 36 11365
SEND 1553584398 INTRODUCE 37 15653
SEND 1553584398 INTRODUCE 36 14883
SEND 1553584398 INTRODUCE 37 10791
SEND 1553584398 INTRODUCE 36 14532
SEND 1553584398 INTRODUCE 37 18617
SEND 1553584398 INTRODUCE 37 33221
SEND 1553584398 INTRODUCE 36 10448
SEND 1553584398 INTRODUCE 35 10492
SEND 1553584398 INTRODUCE 36 14134
SEND 1553584398 INTRODUCE 36 11638
SEND 1553584398 INTRODUCE 37 11342
SEND 1553584398 INTRODUCE 35 10973
SEND 1553584398 INTRODUCE 35 11152
SEND 1553584398 INTRODUCE 36 9943
SEND 1553584398 INTRODUCE 36 11089
# Failed listening 
%!(EXTRA string=node2)# ERROR: read tcp 172.22.94.217:46408->172.22.156.206:8002: read: connection reset by peer
SEND 1553584398 INTRODUCE 35 13182
SEND 1553584398 INTRODUCE 36 15467
SEND 1553584398 INTRODUCE 37 17435
SEND 1553584398 INTRODUCE 37 11572
SEND 1553584398 INTRODUCE 35 11355
SEND 1553584398 INTRODUCE 36 11208
SEND 1553584398 INTRODUCE 35 11735
SEND 1553584398 INTRODUCE 37 11809
SEND 1553584398 INTRODUCE 36 10854
SEND 1553584398 INTRODUCE 36 10832
RECIEVED 1553584398 INTRODUCE 36 45 5
RECIEVED 1553584398 INTRODUCE 37 45 5
RECIEVED 1553584398 JOIN 31 45 5
RECIEVED 1553584398 INTRODUCE 37 45 5
RECIEVED 1553584398 {"Type":"JOIN","Name":"node7","Ip":"172.22.156.207","Port":8007,"Source":0,"Dest":0,"Amount":0,"TID":"","TimeStamp":"","Friends":null,"HashTable":null,"Sock":null} 164 45 5
# CANNOT PARSE MESSAGE. RECIEVED {Type:{"Type":"JOIN","Name":"node7","Ip":"172.22.156.207","Port":8007,"Source":0,"Dest":0,"Amount":0,"TID":"","TimeStamp":"","Friends":null,"HashTable":null,"Sock":null} Name: Ip: Port:0 Source:0 Dest:0 Amount:0 TID: TimeStamp: Friends:[] HashTable:[] Sock:0xc00000e260 Data:{"Type":"JOIN","Name":"node7","Ip":"172.22.156.207","Port":8007,"Source":0,"Dest":0,"Amount":0,"TID":"","TimeStamp":"","Friends":null,"HashTable":null,"Sock":null}
}
RECIEVED 1553584398 INTRODUCE 36 45 5
RECIEVED 1553584398 INTRODUCE 35 45 5
RECIEVED 1553584398 INTRODUCE 37 45 5
RECIEVED 1553584398 INTRODUCE 35 45 5
RECIEVED 1553584398 INTRODUCE 37 45 5
RECIEVED 1553584398 INTRODUCE 37 45 5
RECIEVED 1553584398 INTRODUCE 36 45 5
RECIEVED 1553584398 INTRODUCE 37 45 5
RECIEVED 1553584398 INTRODUCE 36 45 5
RECIEVED 1553584398 INTRODUCE 35 45 5
RECIEVED 1553584398 INTRODUCE 35 45 5
RECIEVED 1553584398 TRANSACTION 81 45 5
RECIEVED 1553584398 INTRODUCE 37 45 5
RECIEVED 1553584398 INTRODUCE 36 45 5
RECIEVED 1553584398 INTRODUCE 36 45 5
RECIEVED 1553584398 INTRODUCE 37 45 5
RECIEVED 1553584398 INTRODUCE 36 45 5
RECIEVED 1553584398 INTRODUCE 36 45 5
RECIEVED 1553584398 INTRODUCE 36 45 5
RECIEVED 1553584398 INTRODUCE 36 45 5
RECIEVED 1553584398 INTRODUCE 37 45 5
RECIEVED 1553584398 INTRODUCE 36 45 5
RECIEVED 1553584398 INTRODUCE 36 45 5
RECIEVED 1553584398 INTRODUCE 36 45 5
RECIEVED 1553584398 INTRODUCE 36 45 5
RECIEVED 1553584398 INTRODUCE 35 45 5
RECIEVED 1553584398 INTRODUCE 36 45 5
RECIEVED 1553584398 INTRODUCE 36 45 5
RECIEVED 1553584398 INTRODUCE 36 45 5
RECIEVED 1553584398 INTRODUCE 36 45 5
RECIEVED 1553584398 INTRODUCE 35 45 5
RECIEVED 1553584398 INTRODUCE 35 45 5
RECIEVED 1553584398 INTRODUCE 35 45 5
RECIEVED 1553584398 INTRODUCE 36 45 5
RECIEVED 1553584398 INTRODUCE 36 45 5
RECIEVED 1553584398 INTRODUCE 37 45 5
RECIEVED 1553584398 INTRODUCE 36 45 5
RECIEVED 1553584398 INTRODUCE 36 45 5
RECIEVED 1553584398 INTRODUCE 36 45 5
RECIEVED 1553584398 INTRODUCE 35 45 5
RECIEVED 1553584398 INTRODUCE 37 45 5
RECIEVED 1553584398 INTRODUCE 35 45 5
RECIEVED 1553584398 INTRODUCE 36 45 5
RECIEVED 1553584398 INTRODUCE 36 45 5
# Failed listening 
%!(EXTRA string=node10)# ERROR: read tcp 172.22.94.217:54360->172.22.156.206:8010: read: connection reset by peer
RECIEVED 1553584398 INTRODUCE 36 45 5
RECIEVED 1553584398 INTRODUCE 36 45 5
RECIEVED 1553584398 INTRODUCE 36 45 5
RECIEVED 1553584398 INTRODUCE 35 45 5
RECIEVED 1553584398 INTRODUCE 36 45 5
RECIEVED 1553584398 INTRODUCE 35 45 5
RECIEVED 1553584398 INTRODUCE 36 45 5
RECIEVED 1553584398 TRANSACTION 81 45 5
RECIEVED 1553584398 INTRODUCE 36 45 5
RECIEVED 1553584398 INTRODUCE 36 45 5
RECIEVED 1553584398 INTRODUCE 36 45 5
RECIEVED 1553584398 INTRODUCE 37 45 5
# recieved string JOIN node17 172.22.156.206 8017

# recieved string JOIN node9 172.22.156.208 8009

# Failed listening 
%!(EXTRA string=node8)# ERROR: read tcp 172.22.94.217:50762->172.22.156.206:8008: read: connection reset by peer
RECIEVED 1553584398 JOIN 32 45 5
SEND 1553584398 INTRODUCE 35 10488
# Failed listening 
%!(EXTRA string=node8)# ERROR: read tcp 172.22.94.217:55898->172.22.94.217:8008: read: connection reset by peer
# Failed listening 
%!(EXTRA string=node5)# ERROR: read tcp 172.22.94.217:45848->172.22.94.217:8005: read: connection reset by peer
# Failed listening 
%!(EXTRA string=node12)# ERROR: read tcp 172.22.94.217:51160->172.22.156.206:8012: read: connection reset by peer
SEND 1553584398 INTRODUCE 36 9221
SEND 1553584398 INTRODUCE 37 24100
SEND 1553584398 INTRODUCE 36 10410
SEND 1553584398 INTRODUCE 36 14233
SEND 1553584398 INTRODUCE 35 11159
SEND 1553584398 INTRODUCE 36 10326
SEND 1553584398 INTRODUCE 36 15073
SEND 1553584398 INTRODUCE 37 10647
SEND 1553584398 INTRODUCE 35 10480
SEND 1553584398 INTRODUCE 35 14460
SEND 1553584398 INTRODUCE 36 16860
SEND 1553584398 INTRODUCE 37 20939
SEND 1553584399 INTRODUCE 35 9940
SEND 1553584399 INTRODUCE 36 15161
SEND 1553584399 INTRODUCE 37 30731
SEND 1553584399 INTRODUCE 36 20836
SEND 1553584399 INTRODUCE 36 10585
SEND 1553584399 INTRODUCE 35 9424
SEND 1553584399 INTRODUCE 37 14299
SEND 1553584399 INTRODUCE 36 16058
SEND 1553584399 INTRODUCE 36 17197
SEND 1553584399 INTRODUCE 36 11930
SEND 1553584399 INTRODUCE 37 10920
SEND 1553584399 INTRODUCE 36 11239
SEND 1553584399 INTRODUCE 35 16135
SEND 1553584399 INTRODUCE 35 15509
SEND 1553584399 INTRODUCE 36 11236
SEND 1553584399 INTRODUCE 36 10413
SEND 1553584399 INTRODUCE 36 12661
SEND 1553584399 INTRODUCE 36 16735
SEND 1553584399 INTRODUCE 37 10429
SEND 1553584399 INTRODUCE 36 9527
SEND 1553584399 INTRODUCE 35 9840
SEND 1553584399 INTRODUCE 36 163428
SEND 1553584399 INTRODUCE 37 9693
SEND 1553584399 INTRODUCE 36 11928
SEND 1553584399 INTRODUCE 37 41252
# recieved string JOIN node17 172.22.94.217 8017

SEND 1553584399 INTRODUCE 36 10082
SEND 1553584399 INTRODUCE 36 22926
SEND 1553584399 INTRODUCE 36 17516
SEND 1553584399 INTRODUCE 36 11137
SEND 1553584399 INTRODUCE 36 52094
SEND 1553584399 INTRODUCE 37 12220
SEND 1553584399 INTRODUCE 37 41653
# Failed listening 
%!(EXTRA string=node6)# ERROR: read tcp 172.22.94.217:49428->172.22.94.217:8006: read: connection reset by peer
RECIEVED 1553584399 JOIN 31 46 5
SEND 1553584399 INTRODUCE 35 33971
SEND 1553584399 INTRODUCE 36 9057
SEND 1553584399 INTRODUCE 37 10723
# Failed listening 
%!(EXTRA string=node3)# ERROR: read tcp 172.22.94.217:53860->172.22.94.217:8003: read: connection reset by peer
SEND 1553584399 INTRODUCE 36 9583
SEND 1553584399 INTRODUCE 35 33485
SEND 1553584399 INTRODUCE 36 14384
SEND 1553584399 INTRODUCE 36 10640
SEND 1553584399 INTRODUCE 35 10080
SEND 1553584399 INTRODUCE 36 31096
SEND 1553584399 INTRODUCE 36 43728
SEND 1553584399 INTRODUCE 37 10615
SEND 1553584399 INTRODUCE 35 11243
SEND 1553584399 INTRODUCE 37 10793
SEND 1553584399 INTRODUCE 35 10878
SEND 1553584399 INTRODUCE 36 10981
SEND 1553584399 INTRODUCE 37 11090
SEND 1553584399 INTRODUCE 36 11884
SEND 1553584399 INTRODUCE 36 15848
SEND 1553584399 INTRODUCE 35 9473
SEND 1553584399 INTRODUCE 37 10220
SEND 1553584399 INTRODUCE 35 10639
SEND 1553584399 INTRODUCE 36 10964
SEND 1553584399 INTRODUCE 36 9220
SEND 1553584399 INTRODUCE 36 15915
SEND 1553584399 INTRODUCE 36 14974
SEND 1553584399 INTRODUCE 37 10628
SEND 1553584399 INTRODUCE 36 9178
SEND 1553584399 INTRODUCE 35 10619
SEND 1553584399 INTRODUCE 36 10580
SEND 1553584399 INTRODUCE 36 42758
SEND 1553584399 INTRODUCE 36 17002
SEND 1553584399 INTRODUCE 37 10453
SEND 1553584399 INTRODUCE 36 11134
SEND 1553584399 INTRODUCE 35 15907
SEND 1553584399 INTRODUCE 36 100229
SEND 1553584399 INTRODUCE 37 11264
SEND 1553584399 INTRODUCE 36 10396
SEND 1553584399 INTRODUCE 37 11140
SEND 1553584399 INTRODUCE 37 23462
SEND 1553584399 INTRODUCE 36 11828
SEND 1553584399 INTRODUCE 36 11497
SEND 1553584399 INTRODUCE 36 16119
SEND 1553584399 INTRODUCE 36 11105
SEND 1553584399 INTRODUCE 36 16504
SEND 1553584399 INTRODUCE 37 14611
SEND 1553584399 INTRODUCE 37 26598
RECIEVED 1553584399 INTRODUCE 35 47 5
RECIEVED 1553584399 INTRODUCE 37 47 5
RECIEVED 1553584399 INTRODUCE 36 47 5
RECIEVED 1553584399 INTRODUCE 36 47 5
RECIEVED 1553584399 INTRODUCE 37 47 5
RECIEVED 1553584399 INTRODUCE 36 47 5
RECIEVED 1553584399 INTRODUCE 36 47 5
RECIEVED 1553584399 INTRODUCE 36 47 5
RECIEVED 1553584399 INTRODUCE 36 47 5
RECIEVED 1553584399 INTRODUCE 36 47 5
RECIEVED 1553584399 INTRODUCE 36 47 5
RECIEVED 1553584399 INTRODUCE 36 47 5
RECIEVED 1553584399 INTRODUCE 35 47 5
RECIEVED 1553584399 INTRODUCE 36 47 5
RECIEVED 1553584399 INTRODUCE 35 47 5
RECIEVED 1553584399 INTRODUCE 36 47 5
RECIEVED 1553584399 INTRODUCE 36 47 5
RECIEVED 1553584399 JOIN 31 47 5
SEND 1553584399 INTRODUCE 36 20940
# Failed listening 
%!(EXTRA string=node1)# ERROR: read tcp 172.22.94.217:34736->172.22.94.217:8001: read: connection reset by peer
SEND 1553584399 INTRODUCE 36 12587
SEND 1553584399 INTRODUCE 35 13129
SEND 1553584399 INTRODUCE 37 26868
SEND 1553584399 INTRODUCE 35 12660
SEND 1553584399 INTRODUCE 35 13084
SEND 1553584399 INTRODUCE 36 11938
SEND 1553584399 INTRODUCE 36 38138
# Failed listening 
%!(EXTRA string=node12)# ERROR: read tcp 172.22.94.217:43988->172.22.94.217:8012: read: connection reset by peer
SEND 1553584399 INTRODUCE 36 10618
SEND 1553584399 INTRODUCE 36 12428
# recieved string JOIN node10 172.22.156.206 8010

SEND 1553584399 INTRODUCE 37 10654
SEND 1553584399 INTRODUCE 36 10465
SEND 1553584399 INTRODUCE 36 10220
SEND 1553584399 INTRODUCE 36 11067
SEND 1553584399 INTRODUCE 36 11133
SEND 1553584399 INTRODUCE 37 19348
SEND 1553584399 INTRODUCE 36 9783
SEND 1553584399 INTRODUCE 36 12809
SEND 1553584399 INTRODUCE 35 11981
SEND 1553584399 INTRODUCE 36 9511
SEND 1553584399 INTRODUCE 37 32543
SEND 1553584399 INTRODUCE 36 10410
SEND 1553584399 INTRODUCE 37 11089
SEND 1553584399 INTRODUCE 37 11251
SEND 1553584399 INTRODUCE 36 10554
SEND 1553584399 INTRODUCE 36 10635
SEND 1553584399 INTRODUCE 36 16643
# recieved string JOIN node14 172.22.156.208 8014

SEND 1553584399 INTRODUCE 36 10517
SEND 1553584399 INTRODUCE 37 17025
SEND 1553584399 INTRODUCE 37 16715
SEND 1553584399 INTRODUCE 36 12852
SEND 1553584399 INTRODUCE 35 17522
SEND 1553584399 INTRODUCE 36 18604
SEND 1553584399 INTRODUCE 37 58912
SEND 1553584399 INTRODUCE 36 11007
SEND 1553584399 INTRODUCE 35 10867
SEND 1553584399 INTRODUCE 35 11083
SEND 1553584399 INTRODUCE 36 14401
SEND 1553584399 INTRODUCE 36 10353
SEND 1553584399 INTRODUCE 35 11654
SEND 1553584399 INTRODUCE 36 10200
SEND 1553584399 INTRODUCE 36 10860
SEND 1553584399 INTRODUCE 37 10405
SEND 1553584399 INTRODUCE 37 10874
SEND 1553584399 INTRODUCE 35 10351
SEND 1553584399 INTRODUCE 36 10584
SEND 1553584399 INTRODUCE 37 10470
RECIEVED 1553584399 INTRODUCE 37 48 5
RECIEVED 1553584399 INTRODUCE 35 48 5
RECIEVED 1553584399 INTRODUCE 36 48 5
RECIEVED 1553584399 INTRODUCE 36 48 5
RECIEVED 1553584399 INTRODUCE 37 48 5
RECIEVED 1553584399 INTRODUCE 36 48 5
SEND 1553584399 INTRODUCE 36 10942
SEND 1553584399 INTRODUCE 36 9720
SEND 1553584399 INTRODUCE 36 11501
SEND 1553584399 INTRODUCE 36 14033
SEND 1553584399 INTRODUCE 36 13549
SEND 1553584399 INTRODUCE 36 33517
# Failed sending to node node0
# ERROR: write tcp 172.22.94.217:34830->172.22.156.206:8000: write: broken pipe
SEND 1553584399 INTRODUCE 36 10695
SEND 1553584399 INTRODUCE 36 15776
SEND 1553584399 INTRODUCE 36 11065
# Failed sending to node node8
# ERROR: write tcp 172.22.94.217:50762->172.22.156.206:8008: write: broken pipe
# Failed sending to node node10
# ERROR: write tcp 172.22.94.217:54360->172.22.156.206:8010: write: broken pipe
# Failed sending to node node1
# ERROR: write tcp 172.22.94.217:34736->172.22.94.217:8001: write: broken pipe
# Failed sending to node node5
# ERROR: write tcp 172.22.94.217:45848->172.22.94.217:8005: write: broken pipe
SEND 1553584399 INTRODUCE 36 10071
SEND 1553584399 INTRODUCE 36 10635
SEND 1553584399 INTRODUCE 36 11229
# Failed sending to node node3
# ERROR: write tcp 172.22.94.217:53860->172.22.94.217:8003: write: broken pipe
SEND 1553584399 INTRODUCE 36 14070
SEND 1553584399 INTRODUCE 36 17448
SEND 1553584399 INTRODUCE 36 12314
# Failed sending to node node2
# ERROR: write tcp 172.22.94.217:46408->172.22.156.206:8002: write: broken pipe
# Failed sending to node node8
# ERROR: write tcp 172.22.94.217:55898->172.22.94.217:8008: write: broken pipe
SEND 1553584399 INTRODUCE 36 9873
SEND 1553584399 INTRODUCE 36 14487
SEND 1553584399 INTRODUCE 36 10915
SEND 1553584399 INTRODUCE 36 11246
SEND 1553584399 INTRODUCE 36 11091
SEND 1553584399 INTRODUCE 36 15031
# Failed sending to node node6
# ERROR: write tcp 172.22.94.217:49428->172.22.94.217:8006: write: broken pipe
SEND 1553584399 INTRODUCE 36 15567
SEND 1553584399 INTRODUCE 36 11016
SEND 1553584399 INTRODUCE 36 14343
SEND 1553584399 INTRODUCE 36 20592
SEND 1553584399 INTRODUCE 36 29761
SEND 1553584399 INTRODUCE 36 11651
SEND 1553584399 INTRODUCE 36 16188
SEND 1553584399 INTRODUCE 36 18506
# Failed sending to node node12
# ERROR: write tcp 172.22.94.217:43988->172.22.94.217:8012: write: broken pipe
SEND 1553584399 INTRODUCE 36 10519
SEND 1553584399 INTRODUCE 36 10947
# Failed sending to node node12
# ERROR: write tcp 172.22.94.217:51160->172.22.156.206:8012: write: broken pipe
SEND 1553584399 INTRODUCE 36 14142
SEND 1553584399 INTRODUCE 36 11926
SEND 1553584399 INTRODUCE 36 11030
SEND 1553584399 INTRODUCE 36 11493
SEND 1553584399 INTRODUCE 36 11140
SEND 1553584399 INTRODUCE 36 12217
SEND 1553584399 JOIN 30 10449
RECIEVED 1553584399 INTRODUCE 36 49 5
RECIEVED 1553584399 INTRODUCE 36 49 5
RECIEVED 1553584399 TRANSACTION 82 49 5
UPDATE 1553584399 TRANSACTION 10c559047e16f9489d8a0b01f238a006
SEND 1553584399 TRANSACTION 82 22227 10c559047e16f9489d8a0b01f238a006
SEND 1553584399 TRANSACTION 82 10775 10c559047e16f9489d8a0b01f238a006
SEND 1553584399 TRANSACTION 82 15655 10c559047e16f9489d8a0b01f238a006
SEND 1553584399 TRANSACTION 82 16270 10c559047e16f9489d8a0b01f238a006
SEND 1553584399 TRANSACTION 82 11795 10c559047e16f9489d8a0b01f238a006
SEND 1553584399 TRANSACTION 82 11548 10c559047e16f9489d8a0b01f238a006
SEND 1553584399 TRANSACTION 82 11276 10c559047e16f9489d8a0b01f238a006
SEND 1553584399 TRANSACTION 82 13650 10c559047e16f9489d8a0b01f238a006
SEND 1553584399 TRANSACTION 82 11351 10c559047e16f9489d8a0b01f238a006
SEND 1553584399 TRANSACTION 82 11711 10c559047e16f9489d8a0b01f238a006
SEND 1553584399 TRANSACTION 82 11066 10c559047e16f9489d8a0b01f238a006
# Failed sending to node node8
# ERROR: write tcp 172.22.94.217:50762->172.22.156.206:8008: write: broken pipe
# recieved string JOIN node17 172.22.156.208 8017

# recieved string JOIN node18 172.22.156.208 8018

# recieved string JOIN node18 172.22.156.206 8018

# recieved string JOIN node19 172.22.156.208 8019

# recieved string {"Type":"JOIN","Name":"node14","Ip":"172.22.156.207","Port":8014,"Source":0,"Dest":0,"Amount":0,"TID":"","TimeStamp":"","Friends":null,"HashTable":null,"Sock":null}

CANNOT PARSE STRING. RECIEVED {"Type":"JOIN","Name":"node14","Ip":"172.22.156.207","Port":8014,"Source":0,"Dest":0,"Amount":0,"TID":"","TimeStamp":"","Friends":null,"HashTable":null,"Sock":null}
# recieved string JOIN node16 172.22.94.217 8016

# recieved string JOIN node16 172.22.156.208 8016

# recieved string JOIN node15 172.22.156.208 8015

# Failed listening 
%!(EXTRA string=node4)# ERROR: read tcp 172.22.94.217:46794->172.22.94.217:8004: read: connection reset by peer
# recieved string JOIN node18 172.22.94.217 8018

# Failed listening 
%!(EXTRA string=node1)# ERROR: EOF
# Failed listening 
%!(EXTRA string=node17)# ERROR: EOF
# Failed listening 
%!(EXTRA string=node15)# ERROR: EOF
# Failed listening 
%!(EXTRA string=node4)# ERROR: EOF
# Failed listening 
%!(EXTRA string=node5)# ERROR: EOF
# Failed listening 
%!(EXTRA string=node6)# ERROR: EOF
# Failed listening 
%!(EXTRA string=node7)# ERROR: EOF
# Failed listening 
%!(EXTRA string=node13)# ERROR: EOF
# Failed listening 
%!(EXTRA string=node16)# ERROR: read tcp 172.22.94.217:37252->172.22.156.206:8016: read: connection reset by peer
# Failed listening 
%!(EXTRA string=node1)# ERROR: EOF
# Failed listening 
%!(EXTRA string=node14)# ERROR: EOF
# Failed listening 
%!(EXTRA string=node9)# ERROR: EOF
# Failed listening 
%!(EXTRA string=node11)# ERROR: EOF
# Failed listening 
%!(EXTRA string=node3)# ERROR: EOF
