RECIEVED 1553584397 INTRODUCE 35 0 0
SEND 1553584397 JOIN 32 21541
RECIEVED 1553584397 INTRODUCE 36 1 0
SEND 1553584397 INTRODUCE 36 19498
SEND 1553584397 JOIN 32 20689
RECIEVED 1553584397 INTRODUCE 36 2 0
SEND 1553584397 INTRODUCE 36 23370
SEND 1553584397 INTRODUCE 36 31693
SEND 1553584397 JOIN 32 15811
RECIEVED 1553584397 INTRODUCE 36 3 0
SEND 1553584397 INTRODUCE 36 17407
SEND 1553584397 INTRODUCE 36 20864
SEND 1553584397 INTRODUCE 36 22006
SEND 1553584397 JOIN 32 19349
RECIEVED 1553584397 INTRODUCE 35 4 0
SEND 1553584397 INTRODUCE 35 38782
SEND 1553584397 INTRODUCE 35 24149
SEND 1553584397 INTRODUCE 35 16409
SEND 1553584397 INTRODUCE 35 38607
SEND 1553584397 JOIN 32 23516
RECIEVED 1553584397 INTRODUCE 36 5 0
SEND 1553584397 INTRODUCE 36 25844
SEND 1553584397 INTRODUCE 36 21349
SEND 1553584397 INTRODUCE 36 14397
SEND 1553584397 INTRODUCE 36 31619
SEND 1553584397 INTRODUCE 36 19403
SEND 1553584397 JOIN 32 23049
RECIEVED 1553584397 INTRODUCE 35 6 0
SEND 1553584397 INTRODUCE 35 16954
SEND 1553584397 INTRODUCE 35 20274
SEND 1553584397 INTRODUCE 35 26437
SEND 1553584397 INTRODUCE 35 23966
SEND 1553584397 INTRODUCE 35 20921
SEND 1553584397 INTRODUCE 35 17542
SEND 1553584397 JOIN 32 75426
RECIEVED 1553584397 INTRODUCE 37 7 0
SEND 1553584397 INTRODUCE 37 27741
SEND 1553584397 INTRODUCE 37 59397
SEND 1553584397 INTRODUCE 37 19079
SEND 1553584397 INTRODUCE 37 16087
SEND 1553584397 INTRODUCE 37 20531
SEND 1553584397 INTRODUCE 37 17239
SEND 1553584397 INTRODUCE 37 28334
SEND 1553584397 JOIN 32 31270
RECIEVED 1553584397 INTRODUCE 37 8 0
SEND 1553584397 INTRODUCE 37 20940
SEND 1553584397 INTRODUCE 37 21200
SEND 1553584397 INTRODUCE 37 22199
SEND 1553584397 INTRODUCE 37 22099
SEND 1553584397 INTRODUCE 37 28222
SEND 1553584397 INTRODUCE 37 15676
SEND 1553584397 INTRODUCE 37 28528
SEND 1553584397 INTRODUCE 37 21368
SEND 1553584397 JOIN 32 25762
RECIEVED 1553584397 INTRODUCE 35 9 0
SEND 1553584397 INTRODUCE 35 19715
SEND 1553584397 INTRODUCE 35 22396
SEND 1553584397 INTRODUCE 35 36089
SEND 1553584397 INTRODUCE 35 34464
SEND 1553584397 INTRODUCE 35 48445
SEND 1553584398 INTRODUCE 35 21867
SEND 1553584398 INTRODUCE 35 24954
SEND 1553584398 INTRODUCE 35 30898
SEND 1553584398 INTRODUCE 35 40986
SEND 1553584398 JOIN 32 16696
RECIEVED 1553584398 INTRODUCE 35 10 0
SEND 1553584398 INTRODUCE 35 16830
SEND 1553584398 INTRODUCE 35 20413
SEND 1553584398 INTRODUCE 35 21688
SEND 1553584398 INTRODUCE 35 27026
SEND 1553584398 INTRODUCE 35 21742
SEND 1553584398 INTRODUCE 35 41238
SEND 1553584398 INTRODUCE 35 27372
SEND 1553584398 INTRODUCE 35 37242
SEND 1553584398 INTRODUCE 35 17114
SEND 1553584398 INTRODUCE 35 30256
SEND 1553584398 JOIN 32 41014
RECIEVED 1553584398 INTRODUCE 36 11 0
SEND 1553584398 INTRODUCE 36 21588
SEND 1553584398 INTRODUCE 36 19051
SEND 1553584398 INTRODUCE 36 50902
SEND 1553584398 INTRODUCE 36 26566
SEND 1553584398 INTRODUCE 36 29931
SEND 1553584398 INTRODUCE 36 21089
SEND 1553584398 INTRODUCE 36 22876
SEND 1553584398 INTRODUCE 36 32851
SEND 1553584398 INTRODUCE 36 24924
SEND 1553584398 INTRODUCE 36 24950
SEND 1553584398 INTRODUCE 36 25134
SEND 1553584398 JOIN 32 21327
RECIEVED 1553584398 INTRODUCE 36 12 0
RECIEVED 1553584398 INTRODUCE 36 12 0
SEND 1553584398 INTRODUCE 36 31157
SEND 1553584398 INTRODUCE 36 36824
SEND 1553584398 INTRODUCE 36 19679
SEND 1553584398 INTRODUCE 36 25395
SEND 1553584398 INTRODUCE 36 16282
SEND 1553584398 INTRODUCE 36 23630
SEND 1553584398 INTRODUCE 36 21899
SEND 1553584398 INTRODUCE 36 21479
SEND 1553584398 INTRODUCE 36 22287
SEND 1553584398 INTRODUCE 36 35391
SEND 1553584398 INTRODUCE 36 38589
SEND 1553584398 INTRODUCE 36 39984
SEND 1553584398 JOIN 32 17455
RECIEVED 1553584398 INTRODUCE 36 13 0
SEND 1553584398 INTRODUCE 36 23634
SEND 1553584398 INTRODUCE 36 19512
SEND 1553584398 INTRODUCE 36 30159
SEND 1553584398 INTRODUCE 36 22100
SEND 1553584398 INTRODUCE 36 20145
SEND 1553584398 INTRODUCE 36 21641
SEND 1553584398 INTRODUCE 36 26293
SEND 1553584398 INTRODUCE 36 29143
SEND 1553584398 INTRODUCE 36 26968
SEND 1553584398 INTRODUCE 36 67122
SEND 1553584398 INTRODUCE 36 20945
SEND 1553584398 INTRODUCE 36 22656
SEND 1553584398 INTRODUCE 36 44586
SEND 1553584398 JOIN 32 38297
RECIEVED 1553584398 INTRODUCE 36 14 0
SEND 1553584398 INTRODUCE 36 20876
SEND 1553584398 INTRODUCE 36 36585
SEND 1553584398 INTRODUCE 36 32290
SEND 1553584398 INTRODUCE 36 13278
SEND 1553584398 INTRODUCE 36 16791
SEND 1553584398 INTRODUCE 36 29210
SEND 1553584398 INTRODUCE 36 23166
SEND 1553584398 INTRODUCE 36 36838
SEND 1553584398 INTRODUCE 36 15719
SEND 1553584398 INTRODUCE 36 28762
SEND 1553584398 INTRODUCE 36 21302
SEND 1553584398 INTRODUCE 36 27474
SEND 1553584398 INTRODUCE 36 17209
SEND 1553584398 INTRODUCE 36 21679
SEND 1553584398 JOIN 32 12765
RECIEVED 1553584398 INTRODUCE 36 15 0
SEND 1553584398 INTRODUCE 36 22764
SEND 1553584398 INTRODUCE 36 45186
SEND 1553584398 INTRODUCE 36 21315
SEND 1553584398 INTRODUCE 36 19602
SEND 1553584398 INTRODUCE 36 37756
SEND 1553584398 INTRODUCE 36 29796
SEND 1553584398 INTRODUCE 36 22633
SEND 1553584398 INTRODUCE 36 23453
SEND 1553584398 INTRODUCE 36 15146
SEND 1553584398 INTRODUCE 36 48471
SEND 1553584398 INTRODUCE 36 21128
SEND 1553584398 INTRODUCE 36 26558
SEND 1553584398 INTRODUCE 36 16899
SEND 1553584398 INTRODUCE 36 16000
SEND 1553584398 INTRODUCE 36 16913
SEND 1553584398 JOIN 32 31230
RECIEVED 1553584398 INTRODUCE 36 16 0
SEND 1553584398 INTRODUCE 36 23116
SEND 1553584398 INTRODUCE 36 16763
SEND 1553584398 INTRODUCE 36 44411
SEND 1553584398 INTRODUCE 36 15811
SEND 1553584398 INTRODUCE 36 43107
SEND 1553584398 INTRODUCE 36 15000
SEND 1553584398 INTRODUCE 36 26479
SEND 1553584398 INTRODUCE 36 30459
SEND 1553584398 INTRODUCE 36 10358
SEND 1553584398 INTRODUCE 36 44643
SEND 1553584398 INTRODUCE 36 22581
SEND 1553584398 INTRODUCE 36 16445
SEND 1553584398 INTRODUCE 36 16509
SEND 1553584398 INTRODUCE 36 21633
SEND 1553584398 INTRODUCE 36 30926
SEND 1553584398 INTRODUCE 36 28928
SEND 1553584398 JOIN 32 21821
RECIEVED 1553584398 INTRODUCE 36 17 0
SEND 1553584398 INTRODUCE 36 22218
SEND 1553584398 INTRODUCE 36 24190
SEND 1553584398 INTRODUCE 36 10342
SEND 1553584398 INTRODUCE 36 23393
SEND 1553584398 INTRODUCE 36 30403
SEND 1553584398 INTRODUCE 36 21554
SEND 1553584398 INTRODUCE 36 21394
SEND 1553584398 INTRODUCE 36 56982
SEND 1553584398 INTRODUCE 36 22800
# recieved string JOIN node11 172.22.156.208 8011

SEND 1553584398 INTRODUCE 36 16912
SEND 1553584398 INTRODUCE 36 31615
SEND 1553584398 INTRODUCE 36 16287
SEND 1553584398 INTRODUCE 36 36313
SEND 1553584398 INTRODUCE 36 16061
SEND 1553584398 INTRODUCE 36 22027
SEND 1553584398 INTRODUCE 36 16896
SEND 1553584398 INTRODUCE 36 15417
SEND 1553584398 JOIN 32 16835
RECIEVED 1553584398 INTRODUCE 37 18 0
SEND 1553584398 INTRODUCE 37 22442
SEND 1553584398 INTRODUCE 37 20664
SEND 1553584398 INTRODUCE 37 20826
SEND 1553584398 INTRODUCE 37 19698
SEND 1553584398 INTRODUCE 37 24457
SEND 1553584398 INTRODUCE 37 29347
SEND 1553584398 INTRODUCE 37 49996
SEND 1553584398 INTRODUCE 37 24372
SEND 1553584398 INTRODUCE 37 29118
SEND 1553584398 INTRODUCE 37 21659
SEND 1553584398 INTRODUCE 37 25923
SEND 1553584398 INTRODUCE 37 16918
SEND 1553584398 INTRODUCE 37 15036
SEND 1553584398 INTRODUCE 37 22069
SEND 1553584398 INTRODUCE 37 19392
SEND 1553584398 INTRODUCE 37 20904
SEND 1553584398 INTRODUCE 37 18431
SEND 1553584398 INTRODUCE 37 23586
SEND 1553584398 JOIN 32 16735
RECIEVED 1553584398 INTRODUCE 36 19 0
SEND 1553584398 INTRODUCE 36 16264
SEND 1553584398 INTRODUCE 36 13347
SEND 1553584398 INTRODUCE 36 30977
SEND 1553584398 INTRODUCE 36 29578
SEND 1553584398 INTRODUCE 36 30523
SEND 1553584398 INTRODUCE 36 44930
SEND 1553584398 INTRODUCE 36 21529
SEND 1553584398 INTRODUCE 36 16801
SEND 1553584398 INTRODUCE 36 20133
SEND 1553584398 INTRODUCE 36 43454
SEND 1553584398 INTRODUCE 36 20704
SEND 1553584398 INTRODUCE 36 17368
SEND 1553584398 INTRODUCE 36 21204
SEND 1553584398 INTRODUCE 36 30900
SEND 1553584398 INTRODUCE 36 41245
SEND 1553584398 INTRODUCE 36 43425
# recieved string JOIN node12 172.22.156.208 8012

SEND 1553584398 INTRODUCE 36 21978
SEND 1553584398 INTRODUCE 36 49227
SEND 1553584398 INTRODUCE 36 28981
SEND 1553584398 JOIN 32 16924
RECIEVED 1553584398 INTRODUCE 36 20 0
RECIEVED 1553584398 INTRODUCE 36 20 0
SEND 1553584398 INTRODUCE 36 25573
SEND 1553584398 INTRODUCE 36 24624
SEND 1553584398 INTRODUCE 36 23111
SEND 1553584398 INTRODUCE 36 14592
SEND 1553584398 INTRODUCE 36 28175
SEND 1553584398 INTRODUCE 36 32161
SEND 1553584398 INTRODUCE 36 28502
SEND 1553584398 INTRODUCE 36 24378
SEND 1553584398 INTRODUCE 36 16470
SEND 1553584398 INTRODUCE 36 22166
SEND 1553584398 INTRODUCE 36 21268
SEND 1553584398 INTRODUCE 36 14261
SEND 1553584398 INTRODUCE 36 29141
SEND 1553584398 INTRODUCE 36 22922
SEND 1553584398 INTRODUCE 36 20558
SEND 1553584398 INTRODUCE 36 25307
SEND 1553584398 INTRODUCE 36 46340
SEND 1553584398 INTRODUCE 36 16757
SEND 1553584398 INTRODUCE 36 29679
SEND 1553584398 INTRODUCE 36 38530
SEND 1553584398 JOIN 32 18508
RECIEVED 1553584398 INTRODUCE 37 21 0
SEND 1553584398 INTRODUCE 37 30409
SEND 1553584398 INTRODUCE 37 16944
SEND 1553584398 INTRODUCE 37 24333
SEND 1553584398 INTRODUCE 37 16471
SEND 1553584398 INTRODUCE 37 12573
SEND 1553584398 INTRODUCE 37 31676
SEND 1553584398 INTRODUCE 37 38140
SEND 1553584398 INTRODUCE 37 15755
SEND 1553584398 INTRODUCE 37 16456
SEND 1553584398 INTRODUCE 37 36888
SEND 1553584398 INTRODUCE 37 22480
SEND 1553584398 INTRODUCE 37 27406
SEND 1553584398 INTRODUCE 37 20683
SEND 1553584398 INTRODUCE 37 16792
SEND 1553584398 INTRODUCE 37 16841
# recieved string JOIN node17 172.22.156.206 8017

SEND 1553584398 INTRODUCE 37 32523
SEND 1553584398 INTRODUCE 37 40898
SEND 1553584398 INTRODUCE 37 39049
SEND 1553584398 INTRODUCE 37 28199
SEND 1553584398 INTRODUCE 37 21587
SEND 1553584398 INTRODUCE 37 16427
SEND 1553584398 JOIN 32 25357
# recieved string JOIN node13 172.22.156.206 8013

# recieved string JOIN node5 172.22.94.217 8005

# recieved string JOIN node0 172.22.94.217 8000

RECIEVED 1553584398 INTRODUCE 36 22 0
SEND 1553584398 INTRODUCE 36 32319
SEND 1553584398 INTRODUCE 36 50393
SEND 1553584398 INTRODUCE 36 39222
# recieved string JOIN node1 172.22.94.217 8001

SEND 1553584398 INTRODUCE 36 14760
SEND 1553584398 INTRODUCE 36 56046
SEND 1553584398 INTRODUCE 36 29285
SEND 1553584398 INTRODUCE 36 16990
SEND 1553584398 INTRODUCE 36 38075
SEND 1553584398 INTRODUCE 36 22232
SEND 1553584398 INTRODUCE 36 28921
# recieved string JOIN node2 172.22.94.217 8002

SEND 1553584398 INTRODUCE 36 17390
SEND 1553584398 INTRODUCE 36 21671
SEND 1553584398 INTRODUCE 36 23081
# recieved string JOIN node7 172.22.156.206 8007

SEND 1553584398 INTRODUCE 36 15804
SEND 1553584398 INTRODUCE 36 30187
SEND 1553584398 INTRODUCE 36 16468
SEND 1553584398 INTRODUCE 36 22699
SEND 1553584398 INTRODUCE 36 15783
SEND 1553584398 INTRODUCE 36 30528
SEND 1553584398 INTRODUCE 36 16042
SEND 1553584398 INTRODUCE 36 23489
SEND 1553584398 INTRODUCE 36 26709
# recieved string JOIN node3 172.22.156.206 8003

SEND 1553584398 JOIN 32 31796
RECIEVED 1553584398 INTRODUCE 36 23 0
SEND 1553584398 INTRODUCE 36 30127
SEND 1553584398 INTRODUCE 36 27286
SEND 1553584398 INTRODUCE 36 17542
SEND 1553584398 INTRODUCE 36 20658
SEND 1553584398 INTRODUCE 36 28822
SEND 1553584398 INTRODUCE 36 21809
SEND 1553584398 INTRODUCE 36 28295
SEND 1553584398 INTRODUCE 36 13288
SEND 1553584398 INTRODUCE 36 16303
SEND 1553584398 INTRODUCE 36 38465
SEND 1553584398 INTRODUCE 36 16026
SEND 1553584398 INTRODUCE 36 36422
SEND 1553584398 INTRODUCE 36 21971
SEND 1553584398 INTRODUCE 36 43011
SEND 1553584398 INTRODUCE 36 36049
SEND 1553584398 INTRODUCE 36 18702
# recieved string JOIN node6 172.22.156.206 8006

SEND 1553584398 INTRODUCE 36 26846
SEND 1553584398 INTRODUCE 36 16616
SEND 1553584398 INTRODUCE 36 20068
SEND 1553584398 INTRODUCE 36 18591
SEND 1553584398 INTRODUCE 36 13062
SEND 1553584398 INTRODUCE 36 11966
SEND 1553584398 INTRODUCE 36 58467
SEND 1553584398 JOIN 32 13001
RECIEVED 1553584398 INTRODUCE 36 24 0
RECIEVED 1553584398 INTRODUCE 35 24 0
SEND 1553584398 INTRODUCE 35 10804
SEND 1553584398 INTRODUCE 35 16302
SEND 1553584398 INTRODUCE 35 11405
SEND 1553584398 INTRODUCE 35 18760
SEND 1553584398 INTRODUCE 35 16251
SEND 1553584398 INTRODUCE 35 15476
SEND 1553584398 INTRODUCE 35 14422
# recieved string JOIN node12 172.22.156.206 8012

SEND 1553584398 INTRODUCE 35 17608
SEND 1553584398 INTRODUCE 35 11724
SEND 1553584398 INTRODUCE 35 10777
SEND 1553584398 INTRODUCE 35 11480
SEND 1553584398 INTRODUCE 35 14288
SEND 1553584398 INTRODUCE 35 10255
SEND 1553584398 INTRODUCE 35 18130
SEND 1553584398 INTRODUCE 35 11112
SEND 1553584398 INTRODUCE 35 17279
SEND 1553584398 INTRODUCE 35 75946
SEND 1553584398 INTRODUCE 35 10624
SEND 1553584398 INTRODUCE 35 11631
# recieved string JOIN node14 172.22.156.208 8014

SEND 1553584398 INTRODUCE 35 12386
SEND 1553584398 INTRODUCE 35 12767
SEND 1553584398 INTRODUCE 35 16038
SEND 1553584398 INTRODUCE 35 16972
SEND 1553584398 INTRODUCE 35 18042
SEND 1553584398 JOIN 32 16318
RECIEVED 1553584398 INTRODUCE 36 25 0
SEND 1553584398 INTRODUCE 36 16612
SEND 1553584398 INTRODUCE 36 16876
SEND 1553584398 INTRODUCE 36 15690
SEND 1553584398 INTRODUCE 36 11755
SEND 1553584398 INTRODUCE 36 18367
SEND 1553584398 INTRODUCE 36 13795
SEND 1553584398 INTRODUCE 36 17394
SEND 1553584398 INTRODUCE 36 33054
SEND 1553584398 INTRODUCE 36 16979
SEND 1553584398 INTRODUCE 36 17689
SEND 1553584398 INTRODUCE 36 21821
SEND 1553584398 INTRODUCE 36 38199
SEND 1553584398 INTRODUCE 36 15390
SEND 1553584398 INTRODUCE 36 16758
SEND 1553584398 INTRODUCE 36 15620
SEND 1553584398 INTRODUCE 36 14341
SEND 1553584398 INTRODUCE 36 10480
SEND 1553584398 INTRODUCE 36 16987
SEND 1553584398 INTRODUCE 36 39627
SEND 1553584398 INTRODUCE 36 12891
SEND 1553584398 INTRODUCE 36 19651
SEND 1553584398 INTRODUCE 36 19272
SEND 1553584398 INTRODUCE 36 12240
SEND 1553584398 INTRODUCE 36 17473
SEND 1553584398 INTRODUCE 36 37256
SEND 1553584398 JOIN 32 35857
RECIEVED 1553584398 INTRODUCE 35 26 0
RECIEVED 1553584398 INTRODUCE 36 26 0
SEND 1553584398 INTRODUCE 36 11268
SEND 1553584398 INTRODUCE 36 94560
# recieved string JOIN node1 172.22.156.206 8001

SEND 1553584398 INTRODUCE 36 11746
SEND 1553584398 INTRODUCE 36 12611
SEND 1553584398 INTRODUCE 36 15999
SEND 1553584398 INTRODUCE 36 13259
SEND 1553584398 INTRODUCE 36 16405
SEND 1553584398 INTRODUCE 36 12264
SEND 1553584398 INTRODUCE 36 31971
SEND 1553584398 INTRODUCE 36 10258
SEND 1553584398 INTRODUCE 36 16385
SEND 1553584398 INTRODUCE 36 12253
SEND 1553584398 INTRODUCE 36 12504
SEND 1553584398 INTRODUCE 36 11389
SEND 1553584398 INTRODUCE 36 17400
SEND 1553584398 INTRODUCE 36 11277
SEND 1553584398 INTRODUCE 36 12089
SEND 1553584398 INTRODUCE 36 12072
SEND 1553584398 INTRODUCE 36 11672
SEND 1553584398 INTRODUCE 36 15158
SEND 1553584398 INTRODUCE 36 12910
SEND 1553584398 INTRODUCE 36 12327
SEND 1553584398 INTRODUCE 36 11880
SEND 1553584398 INTRODUCE 36 12296
SEND 1553584398 INTRODUCE 36 15777
SEND 1553584398 INTRODUCE 36 12206
SEND 1553584398 JOIN 32 12249
RECIEVED 1553584398 INTRODUCE 35 27 0
SEND 1553584398 INTRODUCE 35 30640
SEND 1553584398 INTRODUCE 35 11708
SEND 1553584398 INTRODUCE 35 12487
SEND 1553584398 INTRODUCE 35 17073
SEND 1553584398 INTRODUCE 35 15854
SEND 1553584398 INTRODUCE 35 12310
SEND 1553584398 INTRODUCE 35 10957
SEND 1553584398 INTRODUCE 35 17335
SEND 1553584398 INTRODUCE 35 12431
SEND 1553584398 INTRODUCE 35 18332
SEND 1553584398 INTRODUCE 35 15346
SEND 1553584398 INTRODUCE 35 26440
SEND 1553584398 INTRODUCE 35 22875
SEND 1553584398 INTRODUCE 35 52337
SEND 1553584398 INTRODUCE 35 13183
SEND 1553584398 INTRODUCE 35 18558
SEND 1553584398 INTRODUCE 35 29795
SEND 1553584398 INTRODUCE 35 83565
SEND 1553584398 INTRODUCE 35 11954
SEND 1553584398 INTRODUCE 35 11587
SEND 1553584398 INTRODUCE 35 74911
SEND 1553584398 INTRODUCE 35 11265
SEND 1553584398 INTRODUCE 35 23118
SEND 1553584398 INTRODUCE 35 12039
SEND 1553584398 INTRODUCE 35 146159
SEND 1553584398 INTRODUCE 35 121014
SEND 1553584398 INTRODUCE 35 12258
SEND 1553584398 JOIN 32 11457
RECIEVED 1553584398 INTRODUCE 35 28 0
RECIEVED 1553584398 INTRODUCE 36 28 0
RECIEVED 1553584398 INTRODUCE 37 28 0
SEND 1553584398 INTRODUCE 37 12217
SEND 1553584398 INTRODUCE 37 15283
SEND 1553584398 INTRODUCE 37 233181
SEND 1553584398 INTRODUCE 37 28101
SEND 1553584398 INTRODUCE 37 16894
SEND 1553584398 INTRODUCE 37 16796
SEND 1553584398 INTRODUCE 37 18139
SEND 1553584398 INTRODUCE 37 11603
SEND 1553584398 INTRODUCE 37 10702
SEND 1553584398 INTRODUCE 37 47214
SEND 1553584398 INTRODUCE 37 12092
SEND 1553584398 INTRODUCE 37 10884
SEND 1553584398 INTRODUCE 37 17159
SEND 1553584398 INTRODUCE 37 11718
SEND 1553584398 INTRODUCE 37 15131
SEND 1553584398 INTRODUCE 37 10735
SEND 1553584398 INTRODUCE 37 14416
SEND 1553584398 INTRODUCE 37 15508
SEND 1553584398 INTRODUCE 37 10359
SEND 1553584398 INTRODUCE 37 10439
SEND 1553584398 INTRODUCE 37 11634
SEND 1553584398 INTRODUCE 37 21258
SEND 1553584398 INTRODUCE 37 11042
SEND 1553584398 INTRODUCE 37 10820
SEND 1553584398 INTRODUCE 37 10668
SEND 1553584398 INTRODUCE 37 10526
SEND 1553584398 INTRODUCE 37 10933
SEND 1553584398 INTRODUCE 37 10400
SEND 1553584398 JOIN 32 44459
RECIEVED 1553584398 INTRODUCE 35 29 0
RECIEVED 1553584398 INTRODUCE 36 29 0
RECIEVED 1553584398 INTRODUCE 36 29 0
SEND 1553584398 INTRODUCE 36 11795
SEND 1553584398 INTRODUCE 36 16358
SEND 1553584398 INTRODUCE 36 16365
SEND 1553584398 INTRODUCE 36 10832
SEND 1553584398 INTRODUCE 36 47194
SEND 1553584398 INTRODUCE 36 12784
SEND 1553584398 INTRODUCE 36 11105
SEND 1553584398 INTRODUCE 36 13108
SEND 1553584398 INTRODUCE 36 11567
SEND 1553584398 INTRODUCE 36 11622
SEND 1553584398 INTRODUCE 36 15906
SEND 1553584398 INTRODUCE 36 15424
SEND 1553584398 INTRODUCE 36 10764
SEND 1553584398 INTRODUCE 36 10566
SEND 1553584398 INTRODUCE 36 10172
SEND 1553584398 INTRODUCE 36 15700
SEND 1553584398 INTRODUCE 36 15741
SEND 1553584398 INTRODUCE 36 22012
SEND 1553584398 INTRODUCE 36 22629
SEND 1553584398 INTRODUCE 36 9773
SEND 1553584398 INTRODUCE 36 11735
SEND 1553584398 INTRODUCE 36 10601
SEND 1553584398 INTRODUCE 36 35561
SEND 1553584398 INTRODUCE 36 11615
SEND 1553584398 INTRODUCE 36 11953
SEND 1553584398 INTRODUCE 36 10645
SEND 1553584398 INTRODUCE 36 13141
SEND 1553584398 INTRODUCE 36 12392
SEND 1553584398 INTRODUCE 36 12833
SEND 1553584398 JOIN 32 18572
RECIEVED 1553584398 INTRODUCE 36 30 0
RECIEVED 1553584398 INTRODUCE 37 30 0
RECIEVED 1553584398 INTRODUCE 35 30 0
SEND 1553584398 INTRODUCE 35 11613
SEND 1553584398 INTRODUCE 35 34434
SEND 1553584398 INTRODUCE 35 16724
SEND 1553584398 INTRODUCE 35 17103
SEND 1553584398 INTRODUCE 35 12340
SEND 1553584398 INTRODUCE 35 10719
SEND 1553584398 INTRODUCE 35 11722
SEND 1553584398 INTRODUCE 35 16516
SEND 1553584398 INTRODUCE 35 11159
SEND 1553584398 INTRODUCE 35 10554
SEND 1553584398 INTRODUCE 35 15956
SEND 1553584398 INTRODUCE 35 10944
SEND 1553584398 INTRODUCE 35 15715
SEND 1553584398 INTRODUCE 35 14017
SEND 1553584398 INTRODUCE 35 15160
SEND 1553584398 INTRODUCE 35 12805
SEND 1553584398 INTRODUCE 35 15970
SEND 1553584398 INTRODUCE 35 11135
SEND 1553584398 INTRODUCE 35 11015
SEND 1553584398 INTRODUCE 35 12361
SEND 1553584398 INTRODUCE 35 17655
SEND 1553584398 INTRODUCE 35 12511
SEND 1553584398 INTRODUCE 35 12071
SEND 1553584398 INTRODUCE 35 10980
SEND 1553584398 INTRODUCE 35 11251
SEND 1553584398 INTRODUCE 35 13463
SEND 1553584398 INTRODUCE 35 18741
SEND 1553584398 INTRODUCE 35 19834
SEND 1553584398 INTRODUCE 35 13162
SEND 1553584398 INTRODUCE 35 13054
SEND 1553584398 JOIN 32 11502
RECIEVED 1553584398 INTRODUCE 35 31 0
RECIEVED 1553584398 INTRODUCE 35 31 0
RECIEVED 1553584398 INTRODUCE 37 31 0
RECIEVED 1553584398 INTRODUCE 36 31 0
RECIEVED 1553584398 INTRODUCE 36 31 0
SEND 1553584398 INTRODUCE 36 27162
SEND 1553584398 INTRODUCE 36 23668
SEND 1553584398 INTRODUCE 36 15460
SEND 1553584398 INTRODUCE 36 11103
SEND 1553584398 INTRODUCE 36 12968
SEND 1553584398 INTRODUCE 36 11338
SEND 1553584398 INTRODUCE 36 16691
SEND 1553584398 INTRODUCE 36 12326
SEND 1553584398 INTRODUCE 36 11385
SEND 1553584398 INTRODUCE 36 12185
SEND 1553584398 INTRODUCE 36 13499
SEND 1553584398 INTRODUCE 36 12227
SEND 1553584398 INTRODUCE 36 12631
SEND 1553584398 INTRODUCE 36 10491
SEND 1553584398 INTRODUCE 36 16488
SEND 1553584398 INTRODUCE 36 13119
SEND 1553584398 INTRODUCE 36 56082
SEND 1553584398 INTRODUCE 36 12458
SEND 1553584398 INTRODUCE 36 18041
SEND 1553584398 INTRODUCE 36 11008
SEND 1553584398 INTRODUCE 36 12834
SEND 1553584398 INTRODUCE 36 11636
SEND 1553584398 INTRODUCE 36 11611
SEND 1553584398 INTRODUCE 36 38314
SEND 1553584398 INTRODUCE 36 14058
SEND 1553584398 INTRODUCE 36 39309
SEND 1553584398 INTRODUCE 36 18220
SEND 1553584398 INTRODUCE 36 47178
SEND 1553584398 INTRODUCE 36 13971
SEND 1553584398 INTRODUCE 36 14095
SEND 1553584398 INTRODUCE 36 19353
SEND 1553584398 JOIN 32 18220
RECIEVED 1553584398 INTRODUCE 36 32 0
SEND 1553584398 INTRODUCE 36 16616
SEND 1553584398 INTRODUCE 36 16507
SEND 1553584398 INTRODUCE 36 11704
SEND 1553584398 INTRODUCE 36 11287
SEND 1553584398 INTRODUCE 36 11671
SEND 1553584398 INTRODUCE 36 11178
SEND 1553584398 INTRODUCE 36 19999
SEND 1553584398 INTRODUCE 36 12665
SEND 1553584398 INTRODUCE 36 15663
SEND 1553584398 INTRODUCE 36 48679
SEND 1553584398 INTRODUCE 36 42857
SEND 1553584398 INTRODUCE 36 12020
SEND 1553584398 INTRODUCE 36 11896
SEND 1553584398 INTRODUCE 36 12234
SEND 1553584398 INTRODUCE 36 15076
SEND 1553584398 INTRODUCE 36 12384
SEND 1553584398 INTRODUCE 36 15771
SEND 1553584398 INTRODUCE 36 11910
SEND 1553584398 INTRODUCE 36 11459
SEND 1553584398 INTRODUCE 36 12387
SEND 1553584398 INTRODUCE 36 27615
SEND 1553584398 INTRODUCE 36 16264
SEND 1553584398 INTRODUCE 36 18962
SEND 1553584398 INTRODUCE 36 21446
SEND 1553584398 INTRODUCE 36 11791
SEND 1553584398 INTRODUCE 36 11970
SEND 1553584398 INTRODUCE 36 11753
SEND 1553584398 INTRODUCE 36 50695
SEND 1553584398 INTRODUCE 36 11910
SEND 1553584398 INTRODUCE 36 18333
SEND 1553584398 INTRODUCE 36 12044
SEND 1553584398 INTRODUCE 36 13134
SEND 1553584398 JOIN 32 11526
RECIEVED 1553584398 INTRODUCE 36 33 0
RECIEVED 1553584398 INTRODUCE 36 33 0
RECIEVED 1553584398 INTRODUCE 35 33 0
SEND 1553584398 INTRODUCE 35 12215
SEND 1553584398 INTRODUCE 35 11886
SEND 1553584398 INTRODUCE 35 12172
SEND 1553584398 INTRODUCE 35 20233
SEND 1553584398 INTRODUCE 35 11756
SEND 1553584398 INTRODUCE 35 11365
SEND 1553584398 INTRODUCE 35 14812
SEND 1553584398 INTRODUCE 35 15184
SEND 1553584398 INTRODUCE 35 11627
SEND 1553584398 INTRODUCE 35 12843
SEND 1553584398 INTRODUCE 35 12528
SEND 1553584398 INTRODUCE 35 16199
SEND 1553584398 INTRODUCE 35 16770
SEND 1553584398 INTRODUCE 35 17935
SEND 1553584398 INTRODUCE 35 11764
SEND 1553584398 INTRODUCE 35 10970
SEND 1553584398 INTRODUCE 35 11869
SEND 1553584398 INTRODUCE 35 19244
SEND 1553584398 INTRODUCE 35 11655
SEND 1553584398 INTRODUCE 35 13206
SEND 1553584398 INTRODUCE 35 12256
SEND 1553584398 INTRODUCE 35 23917
SEND 1553584398 INTRODUCE 35 20586
SEND 1553584398 INTRODUCE 35 15763
SEND 1553584398 INTRODUCE 35 12084
SEND 1553584398 INTRODUCE 35 20259
SEND 1553584398 INTRODUCE 35 11363
SEND 1553584398 INTRODUCE 35 11405
SEND 1553584398 INTRODUCE 35 11821
SEND 1553584398 INTRODUCE 35 16182
SEND 1553584398 INTRODUCE 35 12160
SEND 1553584398 INTRODUCE 35 13058
SEND 1553584398 INTRODUCE 35 12416
SEND 1553584398 JOIN 32 11563
RECIEVED 1553584398 INTRODUCE 35 34 0
RECIEVED 1553584398 INTRODUCE 36 34 0
RECIEVED 1553584398 INTRODUCE 36 34 0
RECIEVED 1553584398 INTRODUCE 36 34 0
SEND 1553584398 INTRODUCE 36 14472
SEND 1553584398 INTRODUCE 36 15091
SEND 1553584398 INTRODUCE 36 12739
SEND 1553584398 INTRODUCE 36 12385
SEND 1553584398 INTRODUCE 36 12282
SEND 1553584398 INTRODUCE 36 13035
SEND 1553584398 INTRODUCE 36 15748
SEND 1553584398 INTRODUCE 36 12124
SEND 1553584398 INTRODUCE 36 38342
SEND 1553584398 INTRODUCE 36 13055
SEND 1553584398 INTRODUCE 36 15898
SEND 1553584398 INTRODUCE 36 11741
SEND 1553584398 INTRODUCE 36 18197
SEND 1553584398 INTRODUCE 36 19766
SEND 1553584398 INTRODUCE 36 17253
SEND 1553584398 INTRODUCE 36 10854
SEND 1553584398 INTRODUCE 36 11654
SEND 1553584398 INTRODUCE 36 15580
SEND 1553584398 INTRODUCE 36 11451
SEND 1553584398 INTRODUCE 36 12626
SEND 1553584398 INTRODUCE 36 11300
SEND 1553584398 INTRODUCE 36 16287
SEND 1553584398 INTRODUCE 36 14525
SEND 1553584398 INTRODUCE 36 12495
SEND 1553584398 INTRODUCE 36 14433
SEND 1553584398 INTRODUCE 36 16503
SEND 1553584398 INTRODUCE 36 15543
SEND 1553584399 INTRODUCE 36 23519
SEND 1553584399 INTRODUCE 36 14518
SEND 1553584399 INTRODUCE 36 11734
SEND 1553584399 INTRODUCE 36 11746
SEND 1553584399 INTRODUCE 36 11391
SEND 1553584399 INTRODUCE 36 12462
SEND 1553584399 INTRODUCE 36 13684
SEND 1553584399 JOIN 32 17807
RECIEVED 1553584399 INTRODUCE 36 35 0
RECIEVED 1553584399 INTRODUCE 35 35 0
RECIEVED 1553584399 INTRODUCE 37 35 0
RECIEVED 1553584399 INTRODUCE 36 35 0
RECIEVED 1553584399 INTRODUCE 35 35 0
RECIEVED 1553584399 INTRODUCE 36 35 0
RECIEVED 1553584399 INTRODUCE 37 35 0
SEND 1553584399 INTRODUCE 37 23939
SEND 1553584399 INTRODUCE 37 12378
SEND 1553584399 INTRODUCE 37 13153
SEND 1553584399 INTRODUCE 37 12856
SEND 1553584399 INTRODUCE 37 16639
SEND 1553584399 INTRODUCE 37 10909
SEND 1553584399 INTRODUCE 37 47389
SEND 1553584399 INTRODUCE 37 15978
SEND 1553584399 INTRODUCE 37 11168
SEND 1553584399 INTRODUCE 37 50716
SEND 1553584399 INTRODUCE 37 16658
SEND 1553584399 INTRODUCE 37 16515
SEND 1553584399 INTRODUCE 37 11817
SEND 1553584399 INTRODUCE 37 16679
SEND 1553584399 INTRODUCE 37 15798
SEND 1553584399 INTRODUCE 37 21202
SEND 1553584399 INTRODUCE 37 12319
SEND 1553584399 INTRODUCE 37 16386
SEND 1553584399 INTRODUCE 37 15803
SEND 1553584399 INTRODUCE 37 15355
SEND 1553584399 INTRODUCE 37 12647
SEND 1553584399 INTRODUCE 37 13860
SEND 1553584399 INTRODUCE 37 12232
SEND 1553584399 INTRODUCE 37 13234
SEND 1553584399 INTRODUCE 37 39903
SEND 1553584399 INTRODUCE 37 11985
SEND 1553584399 INTRODUCE 37 16262
SEND 1553584399 INTRODUCE 37 12091
SEND 1553584399 INTRODUCE 37 11560
SEND 1553584399 INTRODUCE 37 11622
SEND 1553584399 INTRODUCE 37 15436
SEND 1553584399 INTRODUCE 37 22454
SEND 1553584399 INTRODUCE 37 16928
SEND 1553584399 INTRODUCE 37 13055
SEND 1553584399 INTRODUCE 37 11367
SEND 1553584399 JOIN 32 56727
RECIEVED 1553584399 INTRODUCE 36 36 0
RECIEVED 1553584399 INTRODUCE 37 36 0
RECIEVED 1553584399 INTRODUCE 37 36 0
RECIEVED 1553584399 INTRODUCE 36 36 0
RECIEVED 1553584399 INTRODUCE 36 36 0
RECIEVED 1553584399 INTRODUCE 36 36 0
RECIEVED 1553584399 INTRODUCE 36 36 0
SEND 1553584399 INTRODUCE 36 11884
SEND 1553584399 INTRODUCE 36 15358
SEND 1553584399 INTRODUCE 36 10568
SEND 1553584399 INTRODUCE 36 33885
SEND 1553584399 INTRODUCE 36 19082
SEND 1553584399 INTRODUCE 36 12024
SEND 1553584399 INTRODUCE 36 17150
SEND 1553584399 INTRODUCE 36 18955
SEND 1553584399 INTRODUCE 36 9832
SEND 1553584399 INTRODUCE 36 11171
SEND 1553584399 INTRODUCE 36 11259
SEND 1553584399 INTRODUCE 36 16227
SEND 1553584399 INTRODUCE 36 11789
SEND 1553584399 INTRODUCE 36 22432
SEND 1553584399 INTRODUCE 36 17302
SEND 1553584399 INTRODUCE 36 12444
SEND 1553584399 INTRODUCE 36 44365
SEND 1553584399 INTRODUCE 36 12387
SEND 1553584399 INTRODUCE 36 39267
SEND 1553584399 INTRODUCE 36 11891
SEND 1553584399 INTRODUCE 36 9885
SEND 1553584399 INTRODUCE 36 23196
SEND 1553584399 INTRODUCE 36 13227
SEND 1553584399 INTRODUCE 36 11612
# recieved string JOIN node3 172.22.156.208 8003

SEND 1553584399 INTRODUCE 36 16457
SEND 1553584399 INTRODUCE 36 15496
SEND 1553584399 INTRODUCE 36 10800
SEND 1553584399 INTRODUCE 36 18016
SEND 1553584399 INTRODUCE 36 10984
SEND 1553584399 INTRODUCE 36 16365
SEND 1553584399 INTRODUCE 36 12604
SEND 1553584399 INTRODUCE 36 12344
SEND 1553584399 INTRODUCE 36 11995
SEND 1553584399 INTRODUCE 36 9879
SEND 1553584399 INTRODUCE 36 12509
SEND 1553584399 INTRODUCE 36 13007
SEND 1553584399 JOIN 32 12784
RECIEVED 1553584399 INTRODUCE 35 37 0
RECIEVED 1553584399 INTRODUCE 36 37 0
RECIEVED 1553584399 INTRODUCE 36 37 0
RECIEVED 1553584399 INTRODUCE 37 37 0
RECIEVED 1553584399 INTRODUCE 35 37 0
RECIEVED 1553584399 INTRODUCE 36 37 0
RECIEVED 1553584399 INTRODUCE 35 37 0
SEND 1553584399 INTRODUCE 35 14949
SEND 1553584399 INTRODUCE 35 17825
SEND 1553584399 INTRODUCE 35 12537
SEND 1553584399 INTRODUCE 35 14812
SEND 1553584399 INTRODUCE 35 41510
SEND 1553584399 INTRODUCE 35 11579
SEND 1553584399 INTRODUCE 35 17264
SEND 1553584399 INTRODUCE 35 19623
SEND 1553584399 INTRODUCE 35 17258
SEND 1553584399 INTRODUCE 35 15013
SEND 1553584399 INTRODUCE 35 66739
SEND 1553584399 INTRODUCE 35 17727
SEND 1553584399 INTRODUCE 35 13169
SEND 1553584399 INTRODUCE 35 19890
SEND 1553584399 INTRODUCE 35 12033
SEND 1553584399 INTRODUCE 35 72462
SEND 1553584399 INTRODUCE 35 13038
SEND 1553584399 INTRODUCE 35 16527
SEND 1553584399 INTRODUCE 35 15982
SEND 1553584399 INTRODUCE 35 12805
SEND 1553584399 INTRODUCE 35 15901
SEND 1553584399 INTRODUCE 35 15262
SEND 1553584399 INTRODUCE 35 12412
SEND 1553584399 INTRODUCE 35 16353
SEND 1553584399 INTRODUCE 35 16713
SEND 1553584399 INTRODUCE 35 12016
SEND 1553584399 INTRODUCE 35 14207
SEND 1553584399 INTRODUCE 35 15664
SEND 1553584399 INTRODUCE 35 40035
# recieved string JOIN node18 172.22.156.206 8018

SEND 1553584399 INTRODUCE 35 11843
SEND 1553584399 INTRODUCE 35 12376
SEND 1553584399 INTRODUCE 35 12783
SEND 1553584399 INTRODUCE 35 17590
SEND 1553584399 INTRODUCE 35 11318
SEND 1553584399 INTRODUCE 35 13976
SEND 1553584399 INTRODUCE 35 10582
SEND 1553584399 INTRODUCE 35 14736
SEND 1553584399 JOIN 32 15240
RECIEVED 1553584399 INTRODUCE 35 38 0
RECIEVED 1553584399 INTRODUCE 36 38 0
RECIEVED 1553584399 INTRODUCE 35 38 0
RECIEVED 1553584399 INTRODUCE 37 38 0
RECIEVED 1553584399 INTRODUCE 36 38 0
RECIEVED 1553584399 INTRODUCE 35 38 0
RECIEVED 1553584399 INTRODUCE 36 38 0
RECIEVED 1553584399 INTRODUCE 35 38 0
RECIEVED 1553584399 INTRODUCE 37 38 0
RECIEVED 1553584399 INTRODUCE 36 38 0
RECIEVED 1553584399 INTRODUCE 36 38 0
RECIEVED 1553584399 INTRODUCE 36 38 0
RECIEVED 1553584399 INTRODUCE 37 38 0
RECIEVED 1553584399 INTRODUCE 36 38 0
RECIEVED 1553584399 INTRODUCE 35 38 0
RECIEVED 1553584399 INTRODUCE 37 38 0
RECIEVED 1553584399 INTRODUCE 36 38 0
RECIEVED 1553584399 INTRODUCE 36 38 0
RECIEVED 1553584399 INTRODUCE 37 38 0
RECIEVED 1553584399 INTRODUCE 35 38 0
RECIEVED 1553584399 INTRODUCE 36 38 0
RECIEVED 1553584399 INTRODUCE 35 38 0
RECIEVED 1553584399 INTRODUCE 35 38 0
RECIEVED 1553584399 INTRODUCE 35 38 0
RECIEVED 1553584399 INTRODUCE 36 38 0
SEND 1553584399 INTRODUCE 36 14580
SEND 1553584399 INTRODUCE 36 14442
SEND 1553584399 INTRODUCE 36 12223
SEND 1553584399 INTRODUCE 36 11742
SEND 1553584399 INTRODUCE 36 17287
SEND 1553584399 INTRODUCE 36 14376
SEND 1553584399 INTRODUCE 36 31466
SEND 1553584399 INTRODUCE 36 15330
SEND 1553584399 INTRODUCE 36 10838
SEND 1553584399 INTRODUCE 36 11185
SEND 1553584399 INTRODUCE 36 12408
SEND 1553584399 INTRODUCE 36 44681
SEND 1553584399 INTRODUCE 36 18119
SEND 1553584399 INTRODUCE 36 10929
SEND 1553584399 INTRODUCE 36 14299
SEND 1553584399 INTRODUCE 36 11104
SEND 1553584399 INTRODUCE 36 15667
SEND 1553584399 INTRODUCE 36 11593
SEND 1553584399 INTRODUCE 36 12489
SEND 1553584399 INTRODUCE 36 10744
SEND 1553584399 INTRODUCE 36 13567
SEND 1553584399 INTRODUCE 36 12489
SEND 1553584399 INTRODUCE 36 16291
# Failed listening 
%!(EXTRA string=node13)# ERROR: read tcp 172.22.156.208:38726->172.22.156.206:8013: read: connection reset by peer
SEND 1553584399 INTRODUCE 36 12727
SEND 1553584399 INTRODUCE 36 10804
SEND 1553584399 INTRODUCE 36 10404
SEND 1553584399 INTRODUCE 36 16742
SEND 1553584399 INTRODUCE 36 12566
SEND 1553584399 INTRODUCE 36 16092
SEND 1553584399 INTRODUCE 36 60750
SEND 1553584399 INTRODUCE 36 13976
# Failed sending to node node13
# ERROR: write tcp 172.22.156.208:38726->172.22.156.206:8013: write: broken pipe
SEND 1553584399 INTRODUCE 36 12390
SEND 1553584399 INTRODUCE 36 11201
SEND 1553584399 INTRODUCE 36 13020
SEND 1553584399 INTRODUCE 36 17033
SEND 1553584399 INTRODUCE 36 12334
SEND 1553584399 INTRODUCE 36 16214
SEND 1553584399 JOIN 32 17148
RECIEVED 1553584399 INTRODUCE 37 39 0
RECIEVED 1553584399 INTRODUCE 35 39 0
RECIEVED 1553584399 INTRODUCE 35 39 0
RECIEVED 1553584399 INTRODUCE 35 39 0
RECIEVED 1553584399 INTRODUCE 37 39 0
RECIEVED 1553584399 INTRODUCE 35 39 0
RECIEVED 1553584399 INTRODUCE 35 39 0
RECIEVED 1553584399 INTRODUCE 36 39 0
RECIEVED 1553584399 INTRODUCE 36 39 0
RECIEVED 1553584399 INTRODUCE 37 39 0
RECIEVED 1553584399 INTRODUCE 36 39 0
RECIEVED 1553584399 INTRODUCE 35 39 0
RECIEVED 1553584399 INTRODUCE 37 39 0
RECIEVED 1553584399 INTRODUCE 36 39 0
RECIEVED 1553584399 INTRODUCE 35 39 0
RECIEVED 1553584399 INTRODUCE 37 39 0
RECIEVED 1553584399 INTRODUCE 36 39 0
RECIEVED 1553584399 INTRODUCE 35 39 0
RECIEVED 1553584399 INTRODUCE 36 39 0
RECIEVED 1553584399 INTRODUCE 35 39 0
RECIEVED 1553584399 INTRODUCE 36 39 0
RECIEVED 1553584399 INTRODUCE 36 39 0
RECIEVED 1553584399 INTRODUCE 36 39 0
RECIEVED 1553584399 INTRODUCE 35 39 0
RECIEVED 1553584399 INTRODUCE 35 39 0
RECIEVED 1553584399 INTRODUCE 36 39 0
RECIEVED 1553584399 INTRODUCE 35 39 0
RECIEVED 1553584399 INTRODUCE 37 39 0
RECIEVED 1553584399 INTRODUCE 36 39 0
RECIEVED 1553584399 INTRODUCE 36 39 0
RECIEVED 1553584399 INTRODUCE 35 39 0
RECIEVED 1553584399 INTRODUCE 36 39 0
RECIEVED 1553584399 INTRODUCE 36 39 0
RECIEVED 1553584399 INTRODUCE 36 39 0
RECIEVED 1553584399 INTRODUCE 36 39 0
RECIEVED 1553584399 INTRODUCE 35 39 0
RECIEVED 1553584399 INTRODUCE 36 39 0
RECIEVED 1553584399 INTRODUCE 36 39 0
RECIEVED 1553584399 INTRODUCE 36 39 0
RECIEVED 1553584399 INTRODUCE 35 39 0
RECIEVED 1553584399 INTRODUCE 36 39 0
RECIEVED 1553584399 INTRODUCE 36 39 0
SEND 1553584399 INTRODUCE 36 11976
SEND 1553584399 INTRODUCE 36 13321
SEND 1553584399 INTRODUCE 36 12073
SEND 1553584399 INTRODUCE 36 19973
SEND 1553584399 INTRODUCE 36 13421
SEND 1553584399 INTRODUCE 36 12278
SEND 1553584399 INTRODUCE 36 17281
SEND 1553584399 INTRODUCE 36 11381
SEND 1553584399 INTRODUCE 36 11974
SEND 1553584399 INTRODUCE 36 10789
SEND 1553584399 INTRODUCE 36 39952
SEND 1553584399 INTRODUCE 36 11908
SEND 1553584399 INTRODUCE 36 13135
SEND 1553584399 INTRODUCE 36 15534
SEND 1553584399 INTRODUCE 36 12453
SEND 1553584399 INTRODUCE 36 15737
SEND 1553584399 INTRODUCE 36 24520
# Failed sending to node node13
# ERROR: write tcp 172.22.156.208:38726->172.22.156.206:8013: write: broken pipe
# recieved string JOIN node16 172.22.94.217 8016

# recieved string JOIN node18 172.22.94.217 8018

# recieved string JOIN node7 172.22.156.208 8007

# recieved string JOIN node8 172.22.156.208 8008

# recieved string JOIN node15 172.22.94.217 8015

# recieved string JOIN node17 172.22.94.217 8017

# recieved string JOIN node13 172.22.156.208 8013

# recieved string JOIN node17 172.22.156.208 8017

# recieved string JOIN node18 172.22.156.208 8018

# recieved string JOIN node15 172.22.156.208 8015

# recieved string JOIN node19 172.22.156.208 8019

# recieved string JOIN node16 172.22.156.208 8016

# Failed listening 
%!(EXTRA string=node1)# ERROR: read tcp 172.22.156.208:53846->172.22.156.206:8001: read: connection reset by peer
# Failed listening 
%!(EXTRA string=node12)# ERROR: read tcp 172.22.156.208:44216->172.22.156.206:8012: read: connection reset by peer
# Failed listening 
%!(EXTRA string=node0)# ERROR: read tcp 172.22.156.208:36786->172.22.94.217:8000: read: connection reset by peer
# Failed listening 
%!(EXTRA string=node5)# ERROR: read tcp 172.22.156.208:33864->172.22.94.217:8005: read: connection reset by peer
# Failed listening 
%!(EXTRA string=node6)# ERROR: read tcp 172.22.156.208:42456->172.22.156.206:8006: read: connection reset by peer
# Failed listening 
%!(EXTRA string=node1)# ERROR: read tcp 172.22.156.208:58066->172.22.94.217:8001: read: connection reset by peer
# Failed listening 
%!(EXTRA string=node15)# ERROR: EOF
# Failed listening 
%!(EXTRA string=node0)# ERROR: EOF
# Failed listening 
%!(EXTRA string=node4)# ERROR: EOF
# Failed listening 
%!(EXTRA string=node5)# ERROR: EOF
# Failed listening 
%!(EXTRA string=node7)# ERROR: read tcp 172.22.156.208:40736->172.22.156.206:8007: read: connection reset by peer
# Failed listening 
%!(EXTRA string=node9)# ERROR: EOF
# Failed listening 
%!(EXTRA string=node2)# ERROR: EOF
# Failed listening 
%!(EXTRA string=node14)# ERROR: read tcp 172.22.156.208:40532->172.22.156.206:8014: read: connection reset by peer
# Failed listening 
%!(EXTRA string=node10)# ERROR: EOF
# Failed listening 
%!(EXTRA string=node8)# ERROR: EOF
# Failed listening 
%!(EXTRA string=node11)# ERROR: EOF
# Failed listening 
%!(EXTRA string=node3)# ERROR: read tcp 172.22.156.208:57956->172.22.156.206:8003: read: connection reset by peer
# Failed listening 
%!(EXTRA string=node13)# ERROR: EOF
# recieved string 
#Error in listening
# EOF# Failed listening 
%!(EXTRA string=node11)# ERROR: EOF
# Failed listening 
%!(EXTRA string=node8)# ERROR: EOF
# Failed listening 
%!(EXTRA string=node2)# ERROR: read tcp 172.22.156.208:57014->172.22.94.217:8002: read: connection reset by peer
# Failed listening 
%!(EXTRA string=node3)# ERROR: EOF
# Failed listening 
%!(EXTRA string=node7)# ERROR: EOF
# Failed listening 
%!(EXTRA string=node10)# ERROR: read tcp 172.22.156.208:42236->172.22.94.217:8010: read: connection reset by peer
# Failed listening 
%!(EXTRA string=node9)# ERROR: read tcp 172.22.156.208:46162->172.22.94.217:8009: read: connection reset by peer
# Failed listening 
%!(EXTRA string=node14)# ERROR: read tcp 172.22.156.208:37508->172.22.94.217:8014: read: connection reset by peer
# Failed listening 
%!(EXTRA string=node6)# ERROR: EOF
# Failed listening 
%!(EXTRA string=node12)# ERROR: EOF
# Failed listening 
%!(EXTRA string=node4)# ERROR: EOF
