RECIEVED 1553584400 INTRODUCE 168 0 0
SEND 1553584400 JOIN 163 28893
# Listen attempt 1.
# json: cannot unmarshal object into Go struct field Node.Sock of type net.Conn
RECIEVED 1553584402 HB 139 1 0
SEND 1553584402 PING 260 66377
# Listen attempt 1.
# json: cannot unmarshal object into Go struct field Node.Sock of type net.Conn
RECIEVED 1553584403 HB 139 1 0
SEND 1553584403 PING 260 52691
# Listen attempt 1.
# json: cannot unmarshal object into Go struct field Node.Sock of type net.Conn
RECIEVED 1553584404 HB 139 1 0
SEND 1553584404 PING 260 51402
# Listen attempt 1.
# json: cannot unmarshal object into Go struct field Node.Sock of type net.Conn
RECIEVED 1553584405 HB 139 1 0
SEND 1553584405 PING 260 53221
# Listen attempt 1.
# json: cannot unmarshal object into Go struct field Node.Sock of type net.Conn
RECIEVED 1553584406 HB 139 1 0
SEND 1553584406 PING 260 50153
# Listen attempt 1.
# json: cannot unmarshal object into Go struct field Node.Sock of type net.Conn
RECIEVED 1553584407 HB 139 1 0
SEND 1553584407 PING 260 54521
# Listen attempt 1.
# json: cannot unmarshal object into Go struct field Node.Sock of type net.Conn
RECIEVED 1553584408 HB 139 1 0
SEND 1553584408 PING 260 50186
# Listen attempt 1.
# json: cannot unmarshal object into Go struct field Node.Sock of type net.Conn
RECIEVED 1553584409 HB 139 1 0
SEND 1553584409 PING 260 54821
# Listen attempt 1.
# json: cannot unmarshal object into Go struct field Node.Sock of type net.Conn
RECIEVED 1553584410 HB 139 1 0
SEND 1553584410 PING 260 48385
# Listen attempt 1.
# json: cannot unmarshal object into Go struct field Node.Sock of type net.Conn
RECIEVED 1553584411 HB 139 1 0
SEND 1553584411 PING 260 50554
# Listen attempt 1.
# json: cannot unmarshal object into Go struct field Node.Sock of type net.Conn
RECIEVED 1553584412 HB 139 1 0
SEND 1553584412 PING 260 49276
# Listen attempt 1.
# json: cannot unmarshal object into Go struct field Node.Sock of type net.Conn
RECIEVED 1553584413 HB 139 1 0
SEND 1553584413 PING 260 48040
# Listen attempt 1.
# json: cannot unmarshal object into Go struct field Node.Sock of type net.Conn
RECIEVED 1553584414 HB 139 1 0
SEND 1553584414 PING 260 53774
# Listen attempt 1.
# json: cannot unmarshal object into Go struct field Node.Sock of type net.Conn
RECIEVED 1553584415 HB 139 1 0
SEND 1553584415 PING 260 51422
# Listen attempt 1.
# json: cannot unmarshal object into Go struct field Node.Sock of type net.Conn
RECIEVED 1553584416 HB 139 1 0
SEND 1553584416 PING 260 48551
# Listen attempt 1.
# json: cannot unmarshal object into Go struct field Node.Sock of type net.Conn
RECIEVED 1553584417 HB 139 1 0
SEND 1553584417 PING 260 59615
# Listen attempt 1.
# json: cannot unmarshal object into Go struct field Node.Sock of type net.Conn
RECIEVED 1553584418 HB 139 1 0
SEND 1553584418 PING 260 54220
# Listen attempt 1.
# json: cannot unmarshal object into Go struct field Node.Sock of type net.Conn
RECIEVED 1553584419 HB 139 1 0
SEND 1553584419 PING 260 49875
# Listen attempt 1.
# json: cannot unmarshal object into Go struct field Node.Sock of type net.Conn
RECIEVED 1553584420 HB 139 1 0
SEND 1553584420 PING 260 48146
# Listen attempt 1.
# json: cannot unmarshal object into Go struct field Node.Sock of type net.Conn
RECIEVED 1553584421 HB 139 1 0
SEND 1553584421 PING 260 54874
# Listen attempt 1.
# json: cannot unmarshal object into Go struct field Node.Sock of type net.Conn
RECIEVED 1553584422 HB 139 1 0
SEND 1553584422 PING 260 55487
# Listen attempt 1.
# json: cannot unmarshal object into Go struct field Node.Sock of type net.Conn
RECIEVED 1553584423 HB 139 1 0
SEND 1553584423 PING 260 54047
# Listen attempt 1.
# json: cannot unmarshal object into Go struct field Node.Sock of type net.Conn
RECIEVED 1553584424 HB 139 1 0
SEND 1553584424 PING 260 54412
# Listen attempt 1.
# json: cannot unmarshal object into Go struct field Node.Sock of type net.Conn
RECIEVED 1553584425 HB 139 1 0
SEND 1553584425 PING 260 49174
# Listen attempt 1.
# json: cannot unmarshal object into Go struct field Node.Sock of type net.Conn
RECIEVED 1553584426 HB 139 1 0
SEND 1553584426 PING 260 56735
# Listen attempt 1.
# json: cannot unmarshal object into Go struct field Node.Sock of type net.Conn
RECIEVED 1553584427 HB 139 1 0
SEND 1553584427 PING 260 50309
# Listen attempt 1.
# json: cannot unmarshal object into Go struct field Node.Sock of type net.Conn
RECIEVED 1553584428 HB 139 1 0
SEND 1553584428 PING 260 52562
# Listen attempt 1.
# json: cannot unmarshal object into Go struct field Node.Sock of type net.Conn
RECIEVED 1553584429 HB 139 1 0
SEND 1553584429 PING 260 63503
# Listen attempt 1.
# json: cannot unmarshal object into Go struct field Node.Sock of type net.Conn
RECIEVED 1553584430 HB 139 1 0
SEND 1553584430 PING 260 50313
# Listen attempt 1.
# json: cannot unmarshal object into Go struct field Node.Sock of type net.Conn
RECIEVED 1553584431 HB 139 1 0
SEND 1553584431 PING 260 55159
# Listen attempt 1.
# json: cannot unmarshal object into Go struct field Node.Sock of type net.Conn
RECIEVED 1553584432 HB 139 1 0
SEND 1553584432 PING 260 50527
# Listen attempt 1.
# json: cannot unmarshal object into Go struct field Node.Sock of type net.Conn
RECIEVED 1553584433 HB 139 1 0
SEND 1553584433 PING 260 51220
# Listen attempt 1.
# json: cannot unmarshal object into Go struct field Node.Sock of type net.Conn
RECIEVED 1553584434 HB 139 1 0
SEND 1553584434 PING 260 55027
# Listen attempt 1.
# json: cannot unmarshal object into Go struct field Node.Sock of type net.Conn
RECIEVED 1553584435 HB 139 1 0
SEND 1553584435 PING 260 55350
# Listen attempt 1.
# json: cannot unmarshal object into Go struct field Node.Sock of type net.Conn
RECIEVED 1553584436 HB 139 1 0
SEND 1553584436 PING 260 49418
# Listen attempt 1.
# json: cannot unmarshal object into Go struct field Node.Sock of type net.Conn
RECIEVED 1553584437 HB 139 1 0
SEND 1553584437 PING 260 52708
# Listen attempt 1.
# json: cannot unmarshal object into Go struct field Node.Sock of type net.Conn
RECIEVED 1553584438 HB 139 1 0
SEND 1553584438 PING 260 48681
# Listen attempt 1.
# json: cannot unmarshal object into Go struct field Node.Sock of type net.Conn
RECIEVED 1553584439 HB 139 1 0
SEND 1553584439 PING 260 48379
# Listen attempt 1.
# json: cannot unmarshal object into Go struct field Node.Sock of type net.Conn
RECIEVED 1553584440 HB 139 1 0
SEND 1553584440 PING 260 48165
# Listen attempt 1.
# json: cannot unmarshal object into Go struct field Node.Sock of type net.Conn
RECIEVED 1553584441 HB 139 1 0
SEND 1553584441 PING 260 47523
# Listen attempt 1.
# json: cannot unmarshal object into Go struct field Node.Sock of type net.Conn
RECIEVED 1553584442 HB 139 1 0
SEND 1553584442 PING 260 53486
# Listen attempt 1.
# json: cannot unmarshal object into Go struct field Node.Sock of type net.Conn
RECIEVED 1553584443 HB 139 1 0
SEND 1553584443 PING 260 49711
# Listen attempt 1.
# json: cannot unmarshal object into Go struct field Node.Sock of type net.Conn
RECIEVED 1553584444 HB 139 1 0
SEND 1553584444 PING 260 52711
# Listen attempt 1.
# json: cannot unmarshal object into Go struct field Node.Sock of type net.Conn
RECIEVED 1553584445 HB 139 1 0
SEND 1553584445 PING 260 50511
# Listen attempt 1.
# json: cannot unmarshal object into Go struct field Node.Sock of type net.Conn
RECIEVED 1553584446 HB 139 1 0
SEND 1553584446 PING 260 82615
# Listen attempt 1.
# json: cannot unmarshal object into Go struct field Node.Sock of type net.Conn
RECIEVED 1553584447 HB 139 1 0
SEND 1553584447 PING 260 54095
# Listen attempt 1.
# json: cannot unmarshal object into Go struct field Node.Sock of type net.Conn
RECIEVED 1553584448 HB 139 1 0
SEND 1553584448 PING 260 51920
# Listen attempt 1.
# json: cannot unmarshal object into Go struct field Node.Sock of type net.Conn
RECIEVED 1553584449 HB 139 1 0
SEND 1553584449 PING 260 48140
# Listen attempt 1.
# json: cannot unmarshal object into Go struct field Node.Sock of type net.Conn
# Listen attempt 2.
# json: cannot unmarshal object into Go struct field Node.Sock of type net.Conn
# Listen attempt 3.
# json: cannot unmarshal object into Go struct field Node.Sock of type net.Conn
# Could not recieve message properly
RECIEVED 1553584451 HB 139 1 0
# Removing node4:172.22.158.207:8004 from members
RECIEVED 1553584454 HB 139 0 0
RECIEVED 1553584455 HB 139 0 0
RECIEVED 1553584456 HB 139 0 0
RECIEVED 1553584457 HB 139 0 0
RECIEVED 1553584458 HB 139 0 0
RECIEVED 1553584459 HB 139 0 0
RECIEVED 1553584460 HB 139 0 0
RECIEVED 1553584461 HB 139 0 0
RECIEVED 1553584462 HB 139 0 0
RECIEVED 1553584463 HB 139 0 0
RECIEVED 1553584464 HB 139 0 0
RECIEVED 1553584465 HB 139 0 0
RECIEVED 1553584466 HB 139 0 0
RECIEVED 1553584467 HB 139 0 0
RECIEVED 1553584468 HB 139 0 0
RECIEVED 1553584469 HB 139 0 0
RECIEVED 1553584470 HB 139 0 0
RECIEVED 1553584471 HB 139 0 0
RECIEVED 1553584472 HB 139 0 0
RECIEVED 1553584473 HB 139 0 0
RECIEVED 1553584474 HB 139 0 0
RECIEVED 1553584475 HB 139 0 0
RECIEVED 1553584476 HB 139 0 0
RECIEVED 1553584477 DIE 140 0 0
