RECIEVED 1553584396 INTRODUCE 37 0 0
SEND 1553584396 JOIN 32 24151
RECIEVED 1553584396 INTRODUCE 36 1 0
SEND 1553584396 INTRODUCE 36 18146
SEND 1553584396 JOIN 32 17928
RECIEVED 1553584396 INTRODUCE 36 2 0
SEND 1553584396 INTRODUCE 36 12991
SEND 1553584396 INTRODUCE 36 11536
SEND 1553584396 JOIN 32 15193
RECIEVED 1553584396 INTRODUCE 36 3 0
SEND 1553584396 INTRODUCE 36 10101
SEND 1553584396 INTRODUCE 36 12139
SEND 1553584396 INTRODUCE 36 11831
SEND 1553584396 JOIN 32 23398
RECIEVED 1553584396 INTRODUCE 36 4 0
RECIEVED 1553584396 INTRODUCE 36 4 0
SEND 1553584396 INTRODUCE 36 9910
SEND 1553584396 INTRODUCE 36 11696
SEND 1553584396 INTRODUCE 36 12245
SEND 1553584396 INTRODUCE 36 12998
SEND 1553584396 JOIN 32 13544
RECIEVED 1553584396 INTRODUCE 36 5 0
SEND 1553584396 INTRODUCE 36 11445
SEND 1553584396 INTRODUCE 36 13655
SEND 1553584396 INTRODUCE 36 11382
SEND 1553584396 INTRODUCE 36 10772
SEND 1553584396 INTRODUCE 36 11395
SEND 1553584396 JOIN 32 16578
RECIEVED 1553584396 INTRODUCE 36 6 0
SEND 1553584396 INTRODUCE 36 11540
SEND 1553584396 INTRODUCE 36 13331
SEND 1553584396 INTRODUCE 36 11988
SEND 1553584396 INTRODUCE 36 11014
SEND 1553584396 INTRODUCE 36 12393
SEND 1553584396 INTRODUCE 36 15826
SEND 1553584396 JOIN 32 15690
RECIEVED 1553584396 INTRODUCE 36 7 0
RECIEVED 1553584396 INTRODUCE 36 7 0
SEND 1553584396 INTRODUCE 36 14771
SEND 1553584396 INTRODUCE 36 14473
SEND 1553584396 INTRODUCE 36 13407
SEND 1553584396 INTRODUCE 36 13812
SEND 1553584396 INTRODUCE 36 15148
SEND 1553584396 INTRODUCE 36 13267
SEND 1553584396 INTRODUCE 36 13120
SEND 1553584396 JOIN 32 17342
RECIEVED 1553584396 INTRODUCE 36 8 0
RECIEVED 1553584396 INTRODUCE 36 8 0
SEND 1553584396 INTRODUCE 36 18529
SEND 1553584396 INTRODUCE 36 13307
SEND 1553584396 INTRODUCE 36 13580
SEND 1553584396 INTRODUCE 36 14331
SEND 1553584396 INTRODUCE 36 12095
SEND 1553584396 INTRODUCE 36 11790
SEND 1553584396 INTRODUCE 36 18726
SEND 1553584396 INTRODUCE 36 12014
SEND 1553584396 JOIN 32 15048
RECIEVED 1553584396 INTRODUCE 36 9 0
RECIEVED 1553584396 INTRODUCE 36 9 0
RECIEVED 1553584396 INTRODUCE 36 9 0
RECIEVED 1553584396 INTRODUCE 36 9 0
SEND 1553584396 INTRODUCE 36 11413
SEND 1553584396 INTRODUCE 36 11405
SEND 1553584396 INTRODUCE 36 11198
SEND 1553584396 INTRODUCE 36 12659
SEND 1553584396 INTRODUCE 36 11222
SEND 1553584396 INTRODUCE 36 11707
SEND 1553584396 INTRODUCE 36 10753
SEND 1553584396 INTRODUCE 36 11808
SEND 1553584396 INTRODUCE 36 10680
SEND 1553584396 JOIN 32 15615
RECIEVED 1553584396 INTRODUCE 36 10 0
RECIEVED 1553584396 INTRODUCE 36 10 0
RECIEVED 1553584396 INTRODUCE 36 10 0
RECIEVED 1553584396 INTRODUCE 36 10 0
SEND 1553584396 INTRODUCE 36 12362
SEND 1553584396 INTRODUCE 36 13059
SEND 1553584396 INTRODUCE 36 10872
SEND 1553584396 INTRODUCE 36 10956
SEND 1553584396 INTRODUCE 36 12230
SEND 1553584396 INTRODUCE 36 20622
SEND 1553584396 INTRODUCE 36 11658
SEND 1553584396 INTRODUCE 36 12179
SEND 1553584396 INTRODUCE 36 11740
SEND 1553584396 INTRODUCE 36 11833
SEND 1553584396 JOIN 32 15781
RECIEVED 1553584396 INTRODUCE 36 11 0
RECIEVED 1553584396 INTRODUCE 37 11 0
RECIEVED 1553584396 INTRODUCE 36 11 0
RECIEVED 1553584396 INTRODUCE 36 11 0
RECIEVED 1553584396 INTRODUCE 36 11 0
RECIEVED 1553584396 INTRODUCE 36 11 0
RECIEVED 1553584396 INTRODUCE 36 11 0
RECIEVED 1553584396 INTRODUCE 36 11 0
RECIEVED 1553584396 INTRODUCE 36 11 0
RECIEVED 1553584396 INTRODUCE 36 11 0
RECIEVED 1553584396 INTRODUCE 36 11 0
RECIEVED 1553584396 INTRODUCE 36 11 0
RECIEVED 1553584396 INTRODUCE 36 11 0
RECIEVED 1553584396 INTRODUCE 36 11 0
RECIEVED 1553584396 INTRODUCE 37 11 0
RECIEVED 1553584396 INTRODUCE 36 11 0
RECIEVED 1553584396 INTRODUCE 36 11 0
RECIEVED 1553584396 INTRODUCE 37 11 0
RECIEVED 1553584396 INTRODUCE 36 11 0
RECIEVED 1553584396 INTRODUCE 36 11 0
RECIEVED 1553584396 INTRODUCE 36 11 0
RECIEVED 1553584396 INTRODUCE 36 11 0
RECIEVED 1553584396 INTRODUCE 36 11 0
RECIEVED 1553584396 INTRODUCE 36 11 0
RECIEVED 1553584396 INTRODUCE 36 11 0
RECIEVED 1553584396 INTRODUCE 36 11 0
RECIEVED 1553584396 INTRODUCE 36 11 0
RECIEVED 1553584396 INTRODUCE 37 11 0
RECIEVED 1553584396 INTRODUCE 36 11 0
RECIEVED 1553584396 INTRODUCE 36 11 0
RECIEVED 1553584396 INTRODUCE 36 11 0
RECIEVED 1553584396 INTRODUCE 36 11 0
RECIEVED 1553584396 INTRODUCE 36 11 0
RECIEVED 1553584396 INTRODUCE 36 11 0
RECIEVED 1553584396 INTRODUCE 36 11 0
RECIEVED 1553584396 INTRODUCE 36 11 0
RECIEVED 1553584396 INTRODUCE 36 11 0
RECIEVED 1553584396 INTRODUCE 36 11 0
RECIEVED 1553584396 INTRODUCE 36 11 0
RECIEVED 1553584396 INTRODUCE 37 11 0
RECIEVED 1553584396 INTRODUCE 36 11 0
RECIEVED 1553584396 INTRODUCE 36 11 0
RECIEVED 1553584396 INTRODUCE 36 11 0
RECIEVED 1553584396 INTRODUCE 36 11 0
RECIEVED 1553584396 INTRODUCE 36 11 0
RECIEVED 1553584396 INTRODUCE 36 11 0
RECIEVED 1553584396 INTRODUCE 36 11 0
RECIEVED 1553584396 INTRODUCE 36 11 0
RECIEVED 1553584396 INTRODUCE 36 11 0
RECIEVED 1553584396 INTRODUCE 37 11 0
RECIEVED 1553584396 INTRODUCE 36 11 0
RECIEVED 1553584396 INTRODUCE 36 11 0
RECIEVED 1553584396 INTRODUCE 36 11 0
RECIEVED 1553584396 INTRODUCE 36 11 0
RECIEVED 1553584396 INTRODUCE 36 11 0
RECIEVED 1553584396 INTRODUCE 36 11 0
RECIEVED 1553584396 INTRODUCE 37 11 0
RECIEVED 1553584396 INTRODUCE 36 11 0
RECIEVED 1553584396 INTRODUCE 36 11 0
RECIEVED 1553584396 INTRODUCE 36 11 0
RECIEVED 1553584396 INTRODUCE 36 11 0
RECIEVED 1553584396 INTRODUCE 36 11 0
RECIEVED 1553584396 INTRODUCE 36 11 0
RECIEVED 1553584396 INTRODUCE 37 11 0
RECIEVED 1553584396 INTRODUCE 36 11 0
RECIEVED 1553584396 INTRODUCE 36 11 0
RECIEVED 1553584396 INTRODUCE 36 11 0
RECIEVED 1553584396 INTRODUCE 36 11 0
RECIEVED 1553584396 INTRODUCE 36 11 0
RECIEVED 1553584396 INTRODUCE 36 11 0
RECIEVED 1553584396 INTRODUCE 36 11 0
RECIEVED 1553584396 INTRODUCE 36 11 0
RECIEVED 1553584396 INTRODUCE 36 11 0
RECIEVED 1553584396 INTRODUCE 36 11 0
RECIEVED 1553584396 INTRODUCE 36 11 0
RECIEVED 1553584396 INTRODUCE 36 11 0
RECIEVED 1553584396 INTRODUCE 37 11 0
RECIEVED 1553584396 INTRODUCE 36 11 0
RECIEVED 1553584396 INTRODUCE 36 11 0
RECIEVED 1553584396 INTRODUCE 36 11 0
RECIEVED 1553584396 INTRODUCE 36 11 0
RECIEVED 1553584396 INTRODUCE 36 11 0
RECIEVED 1553584396 INTRODUCE 36 11 0
RECIEVED 1553584396 INTRODUCE 36 11 0
RECIEVED 1553584396 INTRODUCE 36 11 0
RECIEVED 1553584396 INTRODUCE 37 11 0
RECIEVED 1553584396 INTRODUCE 36 11 0
RECIEVED 1553584396 INTRODUCE 36 11 0
RECIEVED 1553584396 INTRODUCE 36 11 0
RECIEVED 1553584396 INTRODUCE 36 11 0
RECIEVED 1553584396 INTRODUCE 36 11 0
RECIEVED 1553584396 INTRODUCE 36 11 0
RECIEVED 1553584396 INTRODUCE 36 11 0
# recieved string JOIN node12 172.22.156.206 8012

RECIEVED 1553584396 JOIN 32 11 0
SEND 1553584396 INTRODUCE 36 18932
SEND 1553584396 INTRODUCE 36 11688
SEND 1553584396 INTRODUCE 36 12879
SEND 1553584396 INTRODUCE 36 18659
SEND 1553584396 INTRODUCE 37 13087
SEND 1553584396 INTRODUCE 36 12907
SEND 1553584396 INTRODUCE 36 13132
SEND 1553584396 INTRODUCE 36 9368
SEND 1553584396 INTRODUCE 36 9542
SEND 1553584396 INTRODUCE 36 9948
SEND 1553584396 INTRODUCE 36 10377
RECIEVED 1553584396 INTRODUCE 36 12 0
RECIEVED 1553584396 INTRODUCE 37 12 0
RECIEVED 1553584396 INTRODUCE 36 12 0
# recieved string JOIN node0 172.22.94.217 8000

RECIEVED 1553584396 JOIN 30 12 0
SEND 1553584396 INTRODUCE 36 15816
SEND 1553584396 INTRODUCE 37 16539
SEND 1553584396 INTRODUCE 36 37168
SEND 1553584396 INTRODUCE 36 24952
SEND 1553584396 INTRODUCE 36 20975
SEND 1553584396 INTRODUCE 36 25059
SEND 1553584396 INTRODUCE 36 22219
SEND 1553584396 INTRODUCE 36 15546
SEND 1553584396 INTRODUCE 36 20947
SEND 1553584396 INTRODUCE 37 20447
SEND 1553584396 INTRODUCE 36 38301
SEND 1553584396 INTRODUCE 36 18170
RECIEVED 1553584396 INTRODUCE 36 13 0
RECIEVED 1553584396 INTRODUCE 36 13 0
# recieved string JOIN node2 172.22.94.217 8002

RECIEVED 1553584396 JOIN 30 13 0
SEND 1553584396 INTRODUCE 36 21438
SEND 1553584396 INTRODUCE 36 20698
SEND 1553584396 INTRODUCE 36 37715
SEND 1553584396 INTRODUCE 36 26399
# recieved string JOIN node1 172.22.94.217 8001

SEND 1553584396 INTRODUCE 36 24086
SEND 1553584396 INTRODUCE 36 13790
SEND 1553584396 INTRODUCE 36 15725
SEND 1553584396 INTRODUCE 36 25051
SEND 1553584396 INTRODUCE 36 23852
SEND 1553584396 INTRODUCE 37 15258
SEND 1553584396 INTRODUCE 37 24059
SEND 1553584396 INTRODUCE 35 16306
SEND 1553584396 INTRODUCE 36 19658
RECIEVED 1553584396 JOIN 30 14 0
SEND 1553584396 INTRODUCE 36 28926
SEND 1553584396 INTRODUCE 36 25072
SEND 1553584396 INTRODUCE 36 25402
# recieved string JOIN node4 172.22.94.217 8004

SEND 1553584396 INTRODUCE 36 27547
SEND 1553584396 INTRODUCE 36 27796
SEND 1553584396 INTRODUCE 36 28112
SEND 1553584396 INTRODUCE 35 36248
# recieved string JOIN node5 172.22.94.217 8005

# recieved string JOIN node3 172.22.94.217 8003

SEND 1553584396 INTRODUCE 36 21168
SEND 1553584396 INTRODUCE 37 27020
SEND 1553584396 INTRODUCE 36 22318
SEND 1553584396 INTRODUCE 36 19310
SEND 1553584396 INTRODUCE 37 42403
SEND 1553584396 INTRODUCE 35 14751
SEND 1553584396 INTRODUCE 36 27261
RECIEVED 1553584396 INTRODUCE 37 15 0
RECIEVED 1553584396 INTRODUCE 36 15 0
RECIEVED 1553584396 INTRODUCE 37 15 0
SEND 1553584396 INTRODUCE 37 14659
SEND 1553584396 INTRODUCE 37 35621
SEND 1553584396 INTRODUCE 37 26469
SEND 1553584396 INTRODUCE 37 15539
SEND 1553584396 INTRODUCE 37 21696
SEND 1553584396 INTRODUCE 37 12340
SEND 1553584396 INTRODUCE 37 17867
SEND 1553584396 INTRODUCE 37 13231
SEND 1553584396 INTRODUCE 37 11938
SEND 1553584396 INTRODUCE 37 26161
SEND 1553584396 INTRODUCE 37 24724
SEND 1553584396 INTRODUCE 37 34038
SEND 1553584396 INTRODUCE 37 16591
SEND 1553584396 INTRODUCE 37 23613
SEND 1553584396 INTRODUCE 37 12436
SEND 1553584396 JOIN 32 13114
RECIEVED 1553584396 INTRODUCE 37 16 0
RECIEVED 1553584396 INTRODUCE 37 16 0
RECIEVED 1553584396 INTRODUCE 37 16 0
RECIEVED 1553584396 INTRODUCE 37 16 0
RECIEVED 1553584396 INTRODUCE 36 16 0
RECIEVED 1553584396 JOIN 30 16 0
SEND 1553584396 INTRODUCE 36 15155
SEND 1553584396 INTRODUCE 37 19618
SEND 1553584396 INTRODUCE 36 38530
SEND 1553584396 INTRODUCE 36 27826
SEND 1553584396 INTRODUCE 35 28678
SEND 1553584396 INTRODUCE 36 15558
SEND 1553584396 INTRODUCE 36 35142
SEND 1553584396 INTRODUCE 36 21664
SEND 1553584396 INTRODUCE 36 21659
SEND 1553584396 INTRODUCE 36 34442
SEND 1553584396 INTRODUCE 35 33400
SEND 1553584396 INTRODUCE 35 22780
SEND 1553584396 INTRODUCE 37 18710
SEND 1553584396 INTRODUCE 36 31266
SEND 1553584396 INTRODUCE 36 32232
SEND 1553584396 INTRODUCE 37 20723
RECIEVED 1553584396 INTRODUCE 36 17 0
RECIEVED 1553584396 INTRODUCE 37 17 0
RECIEVED 1553584396 JOIN 30 17 0
SEND 1553584396 INTRODUCE 35 22551
SEND 1553584396 INTRODUCE 36 27705
SEND 1553584396 INTRODUCE 36 21647
SEND 1553584396 INTRODUCE 36 20980
SEND 1553584396 INTRODUCE 37 21855
SEND 1553584396 INTRODUCE 35 25083
SEND 1553584396 INTRODUCE 35 22929
# recieved string JOIN node8 172.22.94.217 8008

SEND 1553584396 INTRODUCE 37 37003
SEND 1553584396 INTRODUCE 37 50707
SEND 1553584396 INTRODUCE 36 36801
SEND 1553584396 INTRODUCE 36 29248
SEND 1553584396 INTRODUCE 36 21052
# recieved string JOIN node6 172.22.94.217 8006

# recieved string JOIN node9 172.22.94.217 8009

SEND 1553584396 INTRODUCE 36 22167
SEND 1553584396 INTRODUCE 36 16145
SEND 1553584396 INTRODUCE 36 21185
SEND 1553584396 INTRODUCE 35 32882
# recieved string JOIN node7 172.22.94.217 8007

SEND 1553584396 INTRODUCE 36 36867
RECIEVED 1553584396 JOIN 30 18 0
SEND 1553584396 INTRODUCE 36 29118
SEND 1553584396 INTRODUCE 35 27723
SEND 1553584396 INTRODUCE 36 27951
SEND 1553584396 INTRODUCE 36 26080
SEND 1553584396 INTRODUCE 36 19622
SEND 1553584396 INTRODUCE 36 20203
SEND 1553584396 INTRODUCE 36 24110
SEND 1553584396 INTRODUCE 36 46040
SEND 1553584396 INTRODUCE 35 30371
SEND 1553584396 INTRODUCE 35 27250
SEND 1553584396 INTRODUCE 37 19696
SEND 1553584396 INTRODUCE 36 24227
SEND 1553584396 INTRODUCE 36 21111
SEND 1553584396 INTRODUCE 37 25704
SEND 1553584396 INTRODUCE 35 16425
SEND 1553584396 INTRODUCE 36 19515
SEND 1553584396 INTRODUCE 37 20519
SEND 1553584396 INTRODUCE 35 25802
RECIEVED 1553584396 INTRODUCE 36 19 0
RECIEVED 1553584396 INTRODUCE 37 19 0
RECIEVED 1553584396 INTRODUCE 37 19 0
RECIEVED 1553584396 INTRODUCE 37 19 0
RECIEVED 1553584396 INTRODUCE 37 19 0
RECIEVED 1553584396 INTRODUCE 36 19 0
RECIEVED 1553584396 INTRODUCE 37 19 0
RECIEVED 1553584396 INTRODUCE 36 19 0
RECIEVED 1553584396 INTRODUCE 36 19 0
RECIEVED 1553584396 INTRODUCE 37 19 0
RECIEVED 1553584396 INTRODUCE 36 19 0
RECIEVED 1553584396 INTRODUCE 36 19 0
RECIEVED 1553584396 INTRODUCE 37 19 0
RECIEVED 1553584396 INTRODUCE 36 19 0
RECIEVED 1553584396 INTRODUCE 35 19 0
RECIEVED 1553584396 INTRODUCE 36 19 0
RECIEVED 1553584396 INTRODUCE 36 19 0
RECIEVED 1553584396 INTRODUCE 35 19 0
RECIEVED 1553584396 INTRODUCE 37 19 0
RECIEVED 1553584396 INTRODUCE 35 19 0
RECIEVED 1553584396 INTRODUCE 35 19 0
RECIEVED 1553584396 INTRODUCE 36 19 0
RECIEVED 1553584396 INTRODUCE 35 19 0
RECIEVED 1553584396 INTRODUCE 36 19 0
RECIEVED 1553584396 INTRODUCE 36 19 0
RECIEVED 1553584396 INTRODUCE 35 19 0
RECIEVED 1553584396 INTRODUCE 35 19 0
RECIEVED 1553584396 INTRODUCE 36 19 0
RECIEVED 1553584396 INTRODUCE 37 19 0
RECIEVED 1553584396 INTRODUCE 36 19 0
RECIEVED 1553584396 INTRODUCE 36 19 0
RECIEVED 1553584396 INTRODUCE 35 19 0
RECIEVED 1553584396 JOIN 30 19 0
SEND 1553584396 INTRODUCE 36 25866
SEND 1553584396 INTRODUCE 37 28400
SEND 1553584396 INTRODUCE 35 21880
SEND 1553584396 INTRODUCE 35 20404
SEND 1553584396 INTRODUCE 37 20580
SEND 1553584396 INTRODUCE 36 20285
SEND 1553584396 INTRODUCE 35 20045
SEND 1553584396 INTRODUCE 35 19547
SEND 1553584396 INTRODUCE 36 15180
SEND 1553584396 INTRODUCE 37 17044
SEND 1553584396 INTRODUCE 36 41958
SEND 1553584396 INTRODUCE 36 20679
SEND 1553584396 INTRODUCE 36 19065
SEND 1553584396 INTRODUCE 36 19383
SEND 1553584396 INTRODUCE 35 21901
SEND 1553584396 INTRODUCE 36 24048
SEND 1553584396 INTRODUCE 36 19957
SEND 1553584396 INTRODUCE 36 26242
SEND 1553584396 INTRODUCE 35 47318
RECIEVED 1553584396 INTRODUCE 35 20 0
RECIEVED 1553584396 INTRODUCE 37 20 0
RECIEVED 1553584396 JOIN 30 20 0
SEND 1553584396 INTRODUCE 36 40108
SEND 1553584396 INTRODUCE 36 61725
SEND 1553584396 INTRODUCE 36 20204
SEND 1553584396 INTRODUCE 36 19939
SEND 1553584396 INTRODUCE 36 21554
SEND 1553584396 INTRODUCE 36 19896
SEND 1553584396 INTRODUCE 35 26366
SEND 1553584396 INTRODUCE 36 26505
SEND 1553584396 INTRODUCE 35 23684
SEND 1553584396 INTRODUCE 37 19841
SEND 1553584396 INTRODUCE 36 25803
SEND 1553584396 INTRODUCE 36 28081
SEND 1553584396 INTRODUCE 37 20314
SEND 1553584396 INTRODUCE 35 15965
SEND 1553584396 INTRODUCE 35 17342
SEND 1553584396 INTRODUCE 35 50576
SEND 1553584396 INTRODUCE 36 21949
SEND 1553584396 INTRODUCE 37 19249
SEND 1553584396 INTRODUCE 35 18078
SEND 1553584396 INTRODUCE 35 16825
RECIEVED 1553584396 JOIN 30 21 0
SEND 1553584396 INTRODUCE 36 20962
SEND 1553584396 INTRODUCE 35 51284
SEND 1553584396 INTRODUCE 35 20965
SEND 1553584396 INTRODUCE 35 16076
SEND 1553584396 INTRODUCE 35 18612
SEND 1553584396 INTRODUCE 35 15629
SEND 1553584396 INTRODUCE 37 27064
SEND 1553584396 INTRODUCE 36 44136
SEND 1553584396 INTRODUCE 36 17255
SEND 1553584396 INTRODUCE 37 20152
SEND 1553584396 INTRODUCE 36 19611
SEND 1553584396 INTRODUCE 37 23376
SEND 1553584396 INTRODUCE 35 25015
SEND 1553584396 INTRODUCE 35 19936
SEND 1553584396 INTRODUCE 36 15003
SEND 1553584396 INTRODUCE 36 15323
SEND 1553584396 INTRODUCE 35 24308
SEND 1553584396 INTRODUCE 36 32736
SEND 1553584396 INTRODUCE 36 35900
SEND 1553584396 INTRODUCE 36 53519
SEND 1553584396 INTRODUCE 36 27810
RECIEVED 1553584396 INTRODUCE 35 22 0
RECIEVED 1553584396 INTRODUCE 36 22 0
RECIEVED 1553584396 INTRODUCE 35 22 0
RECIEVED 1553584396 JOIN 30 22 0
SEND 1553584396 INTRODUCE 36 27038
SEND 1553584396 INTRODUCE 35 20271
SEND 1553584396 INTRODUCE 35 21040
SEND 1553584396 INTRODUCE 36 21329
SEND 1553584396 INTRODUCE 36 24405
SEND 1553584396 INTRODUCE 36 20636
SEND 1553584396 INTRODUCE 36 22750
SEND 1553584396 INTRODUCE 36 19004
SEND 1553584396 INTRODUCE 36 19445
SEND 1553584396 INTRODUCE 35 39415
SEND 1553584396 INTRODUCE 35 18911
SEND 1553584396 INTRODUCE 35 19288
SEND 1553584396 INTRODUCE 35 14314
SEND 1553584396 INTRODUCE 37 24101
SEND 1553584396 INTRODUCE 36 30266
SEND 1553584396 INTRODUCE 36 16219
SEND 1553584396 INTRODUCE 37 20285
SEND 1553584396 INTRODUCE 35 19693
SEND 1553584396 INTRODUCE 36 20318
SEND 1553584396 INTRODUCE 37 20381
SEND 1553584396 INTRODUCE 35 26579
SEND 1553584396 INTRODUCE 35 26681
RECIEVED 1553584396 INTRODUCE 36 23 0
RECIEVED 1553584396 INTRODUCE 35 23 0
RECIEVED 1553584396 INTRODUCE 36 23 0
RECIEVED 1553584396 INTRODUCE 35 23 0
RECIEVED 1553584396 INTRODUCE 35 23 0
RECIEVED 1553584396 INTRODUCE 36 23 0
RECIEVED 1553584396 INTRODUCE 35 23 0
RECIEVED 1553584396 INTRODUCE 37 23 0
RECIEVED 1553584396 INTRODUCE 36 23 0
RECIEVED 1553584396 INTRODUCE 35 23 0
RECIEVED 1553584396 INTRODUCE 35 23 0
RECIEVED 1553584396 INTRODUCE 37 23 0
RECIEVED 1553584396 INTRODUCE 37 23 0
RECIEVED 1553584396 INTRODUCE 36 23 0
RECIEVED 1553584396 INTRODUCE 35 23 0
RECIEVED 1553584396 INTRODUCE 36 23 0
RECIEVED 1553584396 INTRODUCE 37 23 0
RECIEVED 1553584396 INTRODUCE 35 23 0
RECIEVED 1553584396 INTRODUCE 35 23 0
RECIEVED 1553584396 INTRODUCE 35 23 0
RECIEVED 1553584396 INTRODUCE 35 23 0
RECIEVED 1553584396 INTRODUCE 35 23 0
RECIEVED 1553584396 INTRODUCE 36 23 0
RECIEVED 1553584396 INTRODUCE 36 23 0
RECIEVED 1553584396 INTRODUCE 36 23 0
RECIEVED 1553584396 INTRODUCE 35 23 0
RECIEVED 1553584396 INTRODUCE 35 23 0
RECIEVED 1553584396 INTRODUCE 36 23 0
RECIEVED 1553584396 INTRODUCE 35 23 0
RECIEVED 1553584396 INTRODUCE 35 23 0
RECIEVED 1553584396 INTRODUCE 35 23 0
RECIEVED 1553584396 INTRODUCE 37 23 0
RECIEVED 1553584396 INTRODUCE 35 23 0
RECIEVED 1553584396 INTRODUCE 35 23 0
RECIEVED 1553584396 INTRODUCE 36 23 0
RECIEVED 1553584396 INTRODUCE 36 23 0
RECIEVED 1553584396 INTRODUCE 37 23 0
RECIEVED 1553584396 INTRODUCE 35 23 0
RECIEVED 1553584396 INTRODUCE 36 23 0
RECIEVED 1553584396 INTRODUCE 35 23 0
RECIEVED 1553584396 INTRODUCE 36 23 0
RECIEVED 1553584396 INTRODUCE 35 23 0
RECIEVED 1553584396 INTRODUCE 35 23 0
RECIEVED 1553584396 INTRODUCE 35 23 0
RECIEVED 1553584396 INTRODUCE 35 23 0
RECIEVED 1553584396 INTRODUCE 35 23 0
RECIEVED 1553584396 INTRODUCE 35 23 0
RECIEVED 1553584396 INTRODUCE 36 23 0
RECIEVED 1553584396 INTRODUCE 36 23 0
RECIEVED 1553584396 INTRODUCE 36 23 0
RECIEVED 1553584396 INTRODUCE 36 23 0
RECIEVED 1553584396 INTRODUCE 35 23 0
RECIEVED 1553584396 INTRODUCE 36 23 0
RECIEVED 1553584396 INTRODUCE 35 23 0
RECIEVED 1553584396 INTRODUCE 35 23 0
RECIEVED 1553584396 INTRODUCE 35 23 0
RECIEVED 1553584396 INTRODUCE 35 23 0
RECIEVED 1553584396 INTRODUCE 35 23 0
RECIEVED 1553584396 INTRODUCE 35 23 0
RECIEVED 1553584396 INTRODUCE 35 23 0
RECIEVED 1553584396 INTRODUCE 36 23 0
RECIEVED 1553584396 INTRODUCE 36 23 0
RECIEVED 1553584396 INTRODUCE 35 23 0
RECIEVED 1553584396 INTRODUCE 35 23 0
RECIEVED 1553584396 INTRODUCE 35 23 0
RECIEVED 1553584396 TRANSACTION 81 23 0
UPDATE 1553584396 TRANSACTION 15e12a5a878c40c2709eda3c5ac81db2
SEND 1553584396 TRANSACTION 81 22048 15e12a5a878c40c2709eda3c5ac81db2
SEND 1553584396 TRANSACTION 81 13715 15e12a5a878c40c2709eda3c5ac81db2
SEND 1553584396 TRANSACTION 81 15707 15e12a5a878c40c2709eda3c5ac81db2
SEND 1553584396 TRANSACTION 81 25314 15e12a5a878c40c2709eda3c5ac81db2
SEND 1553584396 TRANSACTION 81 16344 15e12a5a878c40c2709eda3c5ac81db2
SEND 1553584396 TRANSACTION 81 20953 15e12a5a878c40c2709eda3c5ac81db2
RECIEVED 1553584396 INTRODUCE 35 23 1
RECIEVED 1553584396 INTRODUCE 35 23 1
RECIEVED 1553584396 INTRODUCE 35 23 1
RECIEVED 1553584396 INTRODUCE 35 23 1
RECIEVED 1553584396 INTRODUCE 35 23 1
RECIEVED 1553584396 INTRODUCE 36 23 1
RECIEVED 1553584396 INTRODUCE 35 23 1
RECIEVED 1553584396 INTRODUCE 35 23 1
RECIEVED 1553584396 INTRODUCE 37 23 1
RECIEVED 1553584396 INTRODUCE 35 23 1
RECIEVED 1553584396 INTRODUCE 35 23 1
RECIEVED 1553584396 INTRODUCE 35 23 1
RECIEVED 1553584396 TRANSACTION 81 23 1
RECIEVED 1553584396 INTRODUCE 36 23 1
RECIEVED 1553584396 INTRODUCE 35 23 1
RECIEVED 1553584396 INTRODUCE 35 23 1
RECIEVED 1553584396 INTRODUCE 36 23 1
RECIEVED 1553584396 INTRODUCE 35 23 1
RECIEVED 1553584396 INTRODUCE 36 23 1
RECIEVED 1553584397 INTRODUCE 35 23 1
RECIEVED 1553584397 INTRODUCE 35 23 1
RECIEVED 1553584397 INTRODUCE 37 23 1
RECIEVED 1553584397 INTRODUCE 37 23 1
RECIEVED 1553584397 INTRODUCE 36 23 1
RECIEVED 1553584397 INTRODUCE 36 23 1
RECIEVED 1553584397 INTRODUCE 35 23 1
RECIEVED 1553584397 INTRODUCE 36 23 1
RECIEVED 1553584397 INTRODUCE 36 23 1
RECIEVED 1553584397 INTRODUCE 37 23 1
RECIEVED 1553584397 INTRODUCE 35 23 1
RECIEVED 1553584397 INTRODUCE 36 23 1
RECIEVED 1553584397 INTRODUCE 36 23 1
RECIEVED 1553584397 TRANSACTION 81 23 1
RECIEVED 1553584397 INTRODUCE 36 23 1
RECIEVED 1553584397 INTRODUCE 37 23 1
RECIEVED 1553584397 INTRODUCE 36 23 1
RECIEVED 1553584397 TRANSACTION 81 23 1
RECIEVED 1553584397 INTRODUCE 35 23 1
RECIEVED 1553584397 INTRODUCE 36 23 1
RECIEVED 1553584397 INTRODUCE 36 23 1
RECIEVED 1553584397 INTRODUCE 36 23 1
RECIEVED 1553584397 TRANSACTION 81 23 1
RECIEVED 1553584397 INTRODUCE 35 23 1
RECIEVED 1553584397 INTRODUCE 35 23 1
RECIEVED 1553584397 INTRODUCE 36 23 1
RECIEVED 1553584397 INTRODUCE 36 23 1
RECIEVED 1553584397 INTRODUCE 35 23 1
RECIEVED 1553584397 INTRODUCE 35 23 1
RECIEVED 1553584397 INTRODUCE 35 23 1
RECIEVED 1553584397 INTRODUCE 35 23 1
RECIEVED 1553584397 INTRODUCE 35 23 1
RECIEVED 1553584397 TRANSACTION 81 23 1
RECIEVED 1553584397 INTRODUCE 35 23 1
RECIEVED 1553584397 INTRODUCE 35 23 1
RECIEVED 1553584397 INTRODUCE 36 23 1
RECIEVED 1553584397 INTRODUCE 35 23 1
RECIEVED 1553584397 INTRODUCE 35 23 1
RECIEVED 1553584397 TRANSACTION 81 23 1
RECIEVED 1553584397 INTRODUCE 35 23 1
RECIEVED 1553584397 TRANSACTION 81 23 1
UPDATE 1553584397 TRANSACTION 534e6db543fef336ed5a090881d34f7f
SEND 1553584397 TRANSACTION 81 15435 534e6db543fef336ed5a090881d34f7f
SEND 1553584397 TRANSACTION 81 14205 534e6db543fef336ed5a090881d34f7f
SEND 1553584397 TRANSACTION 81 12535 534e6db543fef336ed5a090881d34f7f
SEND 1553584397 TRANSACTION 81 15581 534e6db543fef336ed5a090881d34f7f
SEND 1553584397 TRANSACTION 81 12401 534e6db543fef336ed5a090881d34f7f
SEND 1553584397 TRANSACTION 81 16919 534e6db543fef336ed5a090881d34f7f
SEND 1553584397 TRANSACTION 81 11336 534e6db543fef336ed5a090881d34f7f
SEND 1553584397 TRANSACTION 81 36538 534e6db543fef336ed5a090881d34f7f
SEND 1553584397 TRANSACTION 81 22160 534e6db543fef336ed5a090881d34f7f
RECIEVED 1553584397 INTRODUCE 35 23 2
RECIEVED 1553584397 INTRODUCE 35 23 2
RECIEVED 1553584397 INTRODUCE 35 23 2
RECIEVED 1553584397 INTRODUCE 37 23 2
RECIEVED 1553584397 TRANSACTION 81 23 2
RECIEVED 1553584397 TRANSACTION 81 23 2
RECIEVED 1553584397 TRANSACTION 81 23 2
RECIEVED 1553584397 TRANSACTION 81 23 2
RECIEVED 1553584397 TRANSACTION 81 23 2
RECIEVED 1553584397 TRANSACTION 81 23 2
RECIEVED 1553584397 TRANSACTION 81 23 2
RECIEVED 1553584397 INTRODUCE 36 23 2
RECIEVED 1553584397 TRANSACTION 81 23 2
RECIEVED 1553584397 INTRODUCE 35 23 2
RECIEVED 1553584397 INTRODUCE 35 23 2
RECIEVED 1553584397 INTRODUCE 36 23 2
SEND 1553584397 INTRODUCE 36 19809
SEND 1553584397 INTRODUCE 36 18395
SEND 1553584397 INTRODUCE 36 12836
SEND 1553584397 INTRODUCE 36 19760
SEND 1553584397 INTRODUCE 36 14845
SEND 1553584397 INTRODUCE 36 15722
SEND 1553584397 INTRODUCE 36 21880
SEND 1553584397 INTRODUCE 36 16027
SEND 1553584397 INTRODUCE 36 18637
SEND 1553584397 INTRODUCE 36 11523
SEND 1553584397 INTRODUCE 36 14350
SEND 1553584397 INTRODUCE 36 15901
SEND 1553584397 INTRODUCE 36 20713
SEND 1553584397 INTRODUCE 36 14537
SEND 1553584397 INTRODUCE 36 20059
SEND 1553584397 INTRODUCE 36 43644
SEND 1553584397 INTRODUCE 36 20657
SEND 1553584397 INTRODUCE 36 15613
SEND 1553584397 INTRODUCE 36 30307
SEND 1553584397 INTRODUCE 36 23988
SEND 1553584397 INTRODUCE 36 23513
SEND 1553584397 INTRODUCE 36 16171
SEND 1553584397 INTRODUCE 36 26350
SEND 1553584397 JOIN 32 16017
RECIEVED 1553584397 INTRODUCE 36 24 2
RECIEVED 1553584397 INTRODUCE 36 24 2
RECIEVED 1553584397 INTRODUCE 36 24 2
RECIEVED 1553584397 INTRODUCE 35 24 2
RECIEVED 1553584397 TRANSACTION 81 24 2
RECIEVED 1553584397 INTRODUCE 36 24 2
# recieved string JOIN node10 172.22.94.217 8010

RECIEVED 1553584397 JOIN 31 24 2
RECIEVED 1553584397 INTRODUCE 35 24 2
# recieved string JOIN node13 172.22.94.217 8013

RECIEVED 1553584397 JOIN 31 24 2
SEND 1553584397 INTRODUCE 36 17860
SEND 1553584397 INTRODUCE 36 19899
SEND 1553584397 INTRODUCE 36 20775
SEND 1553584397 INTRODUCE 35 20299
SEND 1553584397 INTRODUCE 35 23591
SEND 1553584397 INTRODUCE 36 24106
SEND 1553584397 INTRODUCE 36 15276
SEND 1553584397 INTRODUCE 36 15761
SEND 1553584397 INTRODUCE 35 20498
SEND 1553584397 INTRODUCE 36 14981
SEND 1553584397 INTRODUCE 35 15269
SEND 1553584397 INTRODUCE 37 19384
SEND 1553584397 INTRODUCE 35 19419
SEND 1553584397 INTRODUCE 35 15259
SEND 1553584397 INTRODUCE 35 21645
SEND 1553584397 INTRODUCE 35 13054
SEND 1553584397 INTRODUCE 37 27654
SEND 1553584397 INTRODUCE 36 19619
SEND 1553584397 INTRODUCE 36 15835
SEND 1553584397 INTRODUCE 36 21039
SEND 1553584397 INTRODUCE 35 33082
SEND 1553584397 INTRODUCE 36 20223
SEND 1553584397 INTRODUCE 37 14910
SEND 1553584397 INTRODUCE 35 16264
RECIEVED 1553584397 TRANSACTION 82 25 2
UPDATE 1553584397 TRANSACTION fd4ebfeb24179ff15328d39c63a66c03
SEND 1553584397 TRANSACTION 82 15631 fd4ebfeb24179ff15328d39c63a66c03
SEND 1553584397 TRANSACTION 82 25791 fd4ebfeb24179ff15328d39c63a66c03
SEND 1553584397 TRANSACTION 82 19238 fd4ebfeb24179ff15328d39c63a66c03
SEND 1553584397 TRANSACTION 82 25233 fd4ebfeb24179ff15328d39c63a66c03
SEND 1553584397 TRANSACTION 82 14233 fd4ebfeb24179ff15328d39c63a66c03
SEND 1553584397 TRANSACTION 82 14953 fd4ebfeb24179ff15328d39c63a66c03
SEND 1553584397 TRANSACTION 82 22040 fd4ebfeb24179ff15328d39c63a66c03
SEND 1553584397 TRANSACTION 82 15590 fd4ebfeb24179ff15328d39c63a66c03
SEND 1553584397 TRANSACTION 82 38816 fd4ebfeb24179ff15328d39c63a66c03
RECIEVED 1553584397 TRANSACTION 82 25 3
RECIEVED 1553584397 TRANSACTION 82 25 3
RECIEVED 1553584397 TRANSACTION 81 25 3
RECIEVED 1553584397 TRANSACTION 82 25 3
RECIEVED 1553584397 TRANSACTION 82 25 3
RECIEVED 1553584397 TRANSACTION 82 25 3
RECIEVED 1553584397 INTRODUCE 35 25 3
RECIEVED 1553584397 TRANSACTION 81 25 3
RECIEVED 1553584397 INTRODUCE 35 25 3
RECIEVED 1553584397 INTRODUCE 35 25 3
RECIEVED 1553584397 INTRODUCE 36 25 3
SEND 1553584397 INTRODUCE 36 17769
SEND 1553584397 INTRODUCE 36 15880
SEND 1553584397 INTRODUCE 36 22832
SEND 1553584397 INTRODUCE 36 25257
SEND 1553584397 INTRODUCE 36 17062
SEND 1553584397 INTRODUCE 36 16133
SEND 1553584397 INTRODUCE 36 15979
SEND 1553584397 INTRODUCE 36 12997
SEND 1553584397 INTRODUCE 36 17160
SEND 1553584397 INTRODUCE 36 16026
SEND 1553584397 INTRODUCE 36 20176
SEND 1553584397 INTRODUCE 36 19925
SEND 1553584397 INTRODUCE 36 32497
SEND 1553584397 INTRODUCE 36 37853
SEND 1553584397 INTRODUCE 36 29503
SEND 1553584397 INTRODUCE 36 17966
SEND 1553584397 INTRODUCE 36 19443
SEND 1553584397 INTRODUCE 36 18563
SEND 1553584397 INTRODUCE 36 17475
SEND 1553584397 INTRODUCE 36 22995
SEND 1553584397 INTRODUCE 36 22337
SEND 1553584397 INTRODUCE 36 16788
SEND 1553584397 INTRODUCE 36 12824
SEND 1553584397 INTRODUCE 36 17435
SEND 1553584397 INTRODUCE 36 16606
SEND 1553584397 JOIN 32 36487
RECIEVED 1553584397 INTRODUCE 35 26 3
RECIEVED 1553584397 INTRODUCE 35 26 3
RECIEVED 1553584397 INTRODUCE 36 26 3
RECIEVED 1553584397 INTRODUCE 36 26 3
# recieved string JOIN node11 172.22.94.217 8011

RECIEVED 1553584397 JOIN 31 26 3
RECIEVED 1553584397 INTRODUCE 36 26 3
RECIEVED 1553584397 TRANSACTION 82 26 3
RECIEVED 1553584397 INTRODUCE 36 26 3
RECIEVED 1553584397 INTRODUCE 36 26 3
RECIEVED 1553584397 INTRODUCE 36 26 3
SEND 1553584397 INTRODUCE 36 29352
SEND 1553584397 INTRODUCE 36 20335
SEND 1553584397 INTRODUCE 36 15407
SEND 1553584397 INTRODUCE 36 15215
SEND 1553584397 INTRODUCE 36 23159
SEND 1553584397 INTRODUCE 36 15195
SEND 1553584397 INTRODUCE 36 15332
SEND 1553584397 INTRODUCE 36 14709
SEND 1553584397 INTRODUCE 36 13679
SEND 1553584397 INTRODUCE 36 19121
SEND 1553584397 INTRODUCE 36 14467
SEND 1553584397 INTRODUCE 36 19392
SEND 1553584397 INTRODUCE 36 19426
SEND 1553584397 INTRODUCE 36 19019
SEND 1553584397 INTRODUCE 36 12728
SEND 1553584397 INTRODUCE 36 19961
SEND 1553584397 INTRODUCE 36 20429
SEND 1553584397 INTRODUCE 36 21184
SEND 1553584397 INTRODUCE 36 43733
SEND 1553584397 INTRODUCE 36 12188
SEND 1553584397 INTRODUCE 36 16263
SEND 1553584397 INTRODUCE 36 15188
SEND 1553584397 INTRODUCE 36 14400
SEND 1553584397 INTRODUCE 36 15492
SEND 1553584397 INTRODUCE 36 14624
SEND 1553584397 INTRODUCE 36 24470
SEND 1553584397 JOIN 32 21064
RECIEVED 1553584397 INTRODUCE 35 27 3
RECIEVED 1553584397 TRANSACTION 81 27 3
RECIEVED 1553584397 INTRODUCE 36 27 3
RECIEVED 1553584397 INTRODUCE 36 27 3
RECIEVED 1553584397 INTRODUCE 36 27 3
RECIEVED 1553584397 INTRODUCE 36 27 3
RECIEVED 1553584397 INTRODUCE 36 27 3
RECIEVED 1553584397 INTRODUCE 36 27 3
RECIEVED 1553584397 INTRODUCE 36 27 3
RECIEVED 1553584397 INTRODUCE 36 27 3
RECIEVED 1553584397 INTRODUCE 36 27 3
# recieved string JOIN node12 172.22.94.217 8012

RECIEVED 1553584397 JOIN 31 27 3
RECIEVED 1553584397 INTRODUCE 35 27 3
RECIEVED 1553584397 INTRODUCE 36 27 3
RECIEVED 1553584397 INTRODUCE 36 27 3
RECIEVED 1553584397 INTRODUCE 36 27 3
RECIEVED 1553584397 INTRODUCE 36 27 3
RECIEVED 1553584397 INTRODUCE 36 27 3
RECIEVED 1553584397 INTRODUCE 36 27 3
RECIEVED 1553584397 INTRODUCE 36 27 3
RECIEVED 1553584397 INTRODUCE 36 27 3
RECIEVED 1553584397 INTRODUCE 36 27 3
RECIEVED 1553584397 INTRODUCE 35 27 3
RECIEVED 1553584397 INTRODUCE 36 27 3
# recieved string JOIN node14 172.22.156.206 8014

RECIEVED 1553584397 JOIN 32 27 3
SEND 1553584397 INTRODUCE 37 24609
SEND 1553584397 INTRODUCE 35 18686
SEND 1553584397 INTRODUCE 37 13736
SEND 1553584397 INTRODUCE 35 13420
SEND 1553584397 INTRODUCE 36 13465
SEND 1553584397 INTRODUCE 37 11955
SEND 1553584397 INTRODUCE 36 11837
SEND 1553584397 INTRODUCE 36 12000
SEND 1553584397 INTRODUCE 36 12628
SEND 1553584397 INTRODUCE 36 12689
SEND 1553584397 INTRODUCE 36 13369
SEND 1553584397 INTRODUCE 35 13515
SEND 1553584397 INTRODUCE 36 13612
SEND 1553584397 INTRODUCE 35 13315
SEND 1553584397 INTRODUCE 35 16811
SEND 1553584397 INTRODUCE 35 12838
SEND 1553584397 INTRODUCE 36 12829
SEND 1553584397 INTRODUCE 36 11203
SEND 1553584397 INTRODUCE 36 12009
SEND 1553584397 INTRODUCE 35 11666
SEND 1553584397 INTRODUCE 36 11622
SEND 1553584397 INTRODUCE 36 10631
SEND 1553584397 INTRODUCE 35 10028
SEND 1553584397 INTRODUCE 35 11500
SEND 1553584397 INTRODUCE 36 11129
SEND 1553584397 INTRODUCE 35 11026
SEND 1553584397 INTRODUCE 36 10905
RECIEVED 1553584397 INTRODUCE 35 28 3
RECIEVED 1553584397 INTRODUCE 37 28 3
RECIEVED 1553584397 INTRODUCE 35 28 3
RECIEVED 1553584397 INTRODUCE 37 28 3
RECIEVED 1553584397 INTRODUCE 36 28 3
RECIEVED 1553584397 INTRODUCE 36 28 3
RECIEVED 1553584397 INTRODUCE 37 28 3
# recieved string JOIN node4 172.22.156.208 8004

RECIEVED 1553584397 JOIN 31 28 3
SEND 1553584397 INTRODUCE 36 27553
SEND 1553584397 INTRODUCE 35 23437
SEND 1553584397 INTRODUCE 35 13603
SEND 1553584397 INTRODUCE 36 13399
SEND 1553584397 INTRODUCE 36 13661
SEND 1553584397 INTRODUCE 37 10919
SEND 1553584397 INTRODUCE 36 50477
# recieved string JOIN node0 172.22.156.208 8000

SEND 1553584397 INTRODUCE 36 10617
SEND 1553584397 INTRODUCE 35 10114
SEND 1553584397 INTRODUCE 35 13585
SEND 1553584397 INTRODUCE 35 9739
SEND 1553584397 INTRODUCE 36 9971
SEND 1553584397 INTRODUCE 35 15360
SEND 1553584397 INTRODUCE 36 9399
SEND 1553584397 INTRODUCE 36 9048
SEND 1553584397 INTRODUCE 35 13999
SEND 1553584397 INTRODUCE 35 14392
SEND 1553584397 INTRODUCE 36 11678
SEND 1553584397 INTRODUCE 37 17024
SEND 1553584397 INTRODUCE 37 11100
SEND 1553584397 INTRODUCE 35 35991
SEND 1553584397 INTRODUCE 36 9658
SEND 1553584397 INTRODUCE 37 18168
SEND 1553584397 INTRODUCE 35 32326
SEND 1553584397 INTRODUCE 36 15315
SEND 1553584397 INTRODUCE 36 20704
SEND 1553584397 INTRODUCE 36 14759
SEND 1553584397 INTRODUCE 36 14767
RECIEVED 1553584397 INTRODUCE 35 29 3
RECIEVED 1553584397 JOIN 31 29 3
SEND 1553584397 INTRODUCE 36 13279
SEND 1553584397 INTRODUCE 36 19288
SEND 1553584397 INTRODUCE 36 13166
SEND 1553584397 INTRODUCE 36 32411
SEND 1553584397 INTRODUCE 36 20779
SEND 1553584397 INTRODUCE 35 35967
SEND 1553584397 INTRODUCE 35 26576
SEND 1553584397 INTRODUCE 36 51254
SEND 1553584397 INTRODUCE 36 36573
# recieved string JOIN node6 172.22.156.208 8006

SEND 1553584397 INTRODUCE 37 15738
SEND 1553584397 INTRODUCE 36 11161
SEND 1553584397 INTRODUCE 36 8839
SEND 1553584397 INTRODUCE 35 10938
SEND 1553584397 INTRODUCE 35 10618
SEND 1553584397 INTRODUCE 35 12732
SEND 1553584397 INTRODUCE 36 10508
SEND 1553584397 INTRODUCE 35 31968
SEND 1553584397 INTRODUCE 36 10509
SEND 1553584397 INTRODUCE 36 34933
SEND 1553584397 INTRODUCE 35 10658
SEND 1553584397 INTRODUCE 35 15108
SEND 1553584397 INTRODUCE 36 33522
SEND 1553584397 INTRODUCE 37 24851
SEND 1553584397 INTRODUCE 37 15541
SEND 1553584397 INTRODUCE 35 18175
SEND 1553584397 INTRODUCE 36 18836
SEND 1553584397 INTRODUCE 36 11116
SEND 1553584397 INTRODUCE 37 11139
SEND 1553584397 INTRODUCE 35 31033
RECIEVED 1553584397 INTRODUCE 36 30 3
RECIEVED 1553584397 INTRODUCE 35 30 3
RECIEVED 1553584397 INTRODUCE 36 30 3
RECIEVED 1553584397 INTRODUCE 35 30 3
RECIEVED 1553584397 INTRODUCE 36 30 3
RECIEVED 1553584397 INTRODUCE 36 30 3
RECIEVED 1553584397 INTRODUCE 35 30 3
RECIEVED 1553584397 INTRODUCE 37 30 3
SEND 1553584397 INTRODUCE 37 12321
SEND 1553584397 INTRODUCE 37 13381
SEND 1553584397 INTRODUCE 37 11369
SEND 1553584397 INTRODUCE 37 11603
SEND 1553584397 INTRODUCE 37 11989
SEND 1553584397 INTRODUCE 37 37016
SEND 1553584397 INTRODUCE 37 13997
SEND 1553584397 INTRODUCE 37 12130
SEND 1553584397 INTRODUCE 37 11050
SEND 1553584397 INTRODUCE 37 47739
SEND 1553584397 INTRODUCE 37 37972
SEND 1553584397 INTRODUCE 37 21070
SEND 1553584397 INTRODUCE 37 13087
SEND 1553584397 INTRODUCE 37 23168
SEND 1553584397 INTRODUCE 37 17375
SEND 1553584397 INTRODUCE 37 11855
SEND 1553584397 INTRODUCE 37 14654
SEND 1553584397 INTRODUCE 37 14831
SEND 1553584397 INTRODUCE 37 11879
SEND 1553584397 INTRODUCE 37 19581
SEND 1553584397 INTRODUCE 37 11461
SEND 1553584397 INTRODUCE 37 13616
SEND 1553584397 INTRODUCE 37 11324
SEND 1553584397 INTRODUCE 37 16710
SEND 1553584397 INTRODUCE 37 12396
SEND 1553584397 INTRODUCE 37 11767
SEND 1553584397 INTRODUCE 37 43937
SEND 1553584397 INTRODUCE 37 11743
SEND 1553584397 INTRODUCE 37 13821
SEND 1553584397 INTRODUCE 37 24458
SEND 1553584397 JOIN 32 19914
RECIEVED 1553584397 INTRODUCE 36 31 3
RECIEVED 1553584397 JOIN 31 31 3
SEND 1553584397 INTRODUCE 35 33847
SEND 1553584397 INTRODUCE 36 9842
SEND 1553584397 INTRODUCE 36 10702
SEND 1553584397 INTRODUCE 36 20128
SEND 1553584397 INTRODUCE 35 10709
SEND 1553584397 INTRODUCE 35 15404
SEND 1553584397 INTRODUCE 35 23958
SEND 1553584397 INTRODUCE 36 16551
# recieved string JOIN node5 172.22.156.208 8005

SEND 1553584397 INTRODUCE 36 21978
SEND 1553584397 INTRODUCE 37 13318
SEND 1553584397 INTRODUCE 37 22501
SEND 1553584397 INTRODUCE 37 11382
SEND 1553584397 INTRODUCE 35 14968
SEND 1553584397 INTRODUCE 36 30833
SEND 1553584397 INTRODUCE 36 10420
SEND 1553584397 INTRODUCE 37 14481
SEND 1553584397 INTRODUCE 35 12065
SEND 1553584397 INTRODUCE 36 9782
SEND 1553584397 INTRODUCE 36 14864
SEND 1553584397 INTRODUCE 36 37461
SEND 1553584397 INTRODUCE 36 10728
SEND 1553584397 INTRODUCE 36 10831
SEND 1553584397 INTRODUCE 35 14253
SEND 1553584397 INTRODUCE 36 20951
SEND 1553584397 INTRODUCE 37 14664
SEND 1553584397 INTRODUCE 36 15396
SEND 1553584397 INTRODUCE 36 10979
SEND 1553584397 INTRODUCE 35 29241
SEND 1553584397 INTRODUCE 35 10286
SEND 1553584397 INTRODUCE 35 10493
SEND 1553584397 INTRODUCE 36 13669
RECIEVED 1553584397 INTRODUCE 37 32 3
RECIEVED 1553584397 INTRODUCE 36 32 3
RECIEVED 1553584397 INTRODUCE 36 32 3
RECIEVED 1553584397 INTRODUCE 36 32 3
RECIEVED 1553584397 INTRODUCE 37 32 3
RECIEVED 1553584397 INTRODUCE 36 32 3
RECIEVED 1553584397 INTRODUCE 37 32 3
RECIEVED 1553584397 INTRODUCE 35 32 3
RECIEVED 1553584397 INTRODUCE 36 32 3
RECIEVED 1553584397 INTRODUCE 37 32 3
RECIEVED 1553584397 INTRODUCE 35 32 3
RECIEVED 1553584397 INTRODUCE 37 32 3
RECIEVED 1553584397 INTRODUCE 37 32 3
RECIEVED 1553584397 INTRODUCE 37 32 3
RECIEVED 1553584397 INTRODUCE 37 32 3
RECIEVED 1553584397 INTRODUCE 37 32 3
RECIEVED 1553584397 INTRODUCE 36 32 3
RECIEVED 1553584397 INTRODUCE 35 32 3
RECIEVED 1553584397 INTRODUCE 37 32 3
RECIEVED 1553584397 INTRODUCE 37 32 3
RECIEVED 1553584397 INTRODUCE 35 32 3
RECIEVED 1553584397 INTRODUCE 37 32 3
RECIEVED 1553584397 INTRODUCE 37 32 3
RECIEVED 1553584397 INTRODUCE 37 32 3
RECIEVED 1553584397 INTRODUCE 37 32 3
RECIEVED 1553584397 INTRODUCE 36 32 3
RECIEVED 1553584397 INTRODUCE 37 32 3
RECIEVED 1553584397 INTRODUCE 36 32 3
RECIEVED 1553584397 JOIN 31 32 3
SEND 1553584397 INTRODUCE 36 15429
SEND 1553584397 INTRODUCE 36 10763
SEND 1553584397 INTRODUCE 35 9993
SEND 1553584397 INTRODUCE 35 9771
SEND 1553584397 INTRODUCE 35 34610
SEND 1553584397 INTRODUCE 36 14312
SEND 1553584397 INTRODUCE 36 9984
SEND 1553584397 INTRODUCE 37 10355
SEND 1553584397 INTRODUCE 35 10641
SEND 1553584397 INTRODUCE 36 9805
SEND 1553584397 INTRODUCE 36 11898
SEND 1553584397 INTRODUCE 36 11261
SEND 1553584397 INTRODUCE 35 16164
SEND 1553584397 INTRODUCE 35 32175
SEND 1553584397 INTRODUCE 35 10280
SEND 1553584397 INTRODUCE 36 26199
SEND 1553584397 INTRODUCE 36 16601
SEND 1553584397 INTRODUCE 37 21976
SEND 1553584397 INTRODUCE 37 11044
# recieved string JOIN node14 172.22.94.217 8014

SEND 1553584397 INTRODUCE 37 10232
SEND 1553584397 INTRODUCE 35 14429
SEND 1553584397 INTRODUCE 36 10472
SEND 1553584397 INTRODUCE 36 29442
SEND 1553584397 INTRODUCE 37 27344
SEND 1553584397 INTRODUCE 35 11314
SEND 1553584397 INTRODUCE 36 15416
SEND 1553584397 INTRODUCE 36 51814
SEND 1553584397 INTRODUCE 36 10399
SEND 1553584397 INTRODUCE 36 10803
SEND 1553584397 INTRODUCE 36 12960
SEND 1553584397 INTRODUCE 35 10044
SEND 1553584397 INTRODUCE 36 10475
RECIEVED 1553584397 INTRODUCE 36 33 3
RECIEVED 1553584397 INTRODUCE 35 33 3
RECIEVED 1553584397 INTRODUCE 37 33 3
RECIEVED 1553584397 INTRODUCE 37 33 3
RECIEVED 1553584397 INTRODUCE 35 33 3
RECIEVED 1553584397 INTRODUCE 35 33 3
RECIEVED 1553584397 INTRODUCE 37 33 3
RECIEVED 1553584397 INTRODUCE 36 33 3
RECIEVED 1553584397 INTRODUCE 36 33 3
RECIEVED 1553584397 INTRODUCE 37 33 3
RECIEVED 1553584397 INTRODUCE 37 33 3
RECIEVED 1553584397 JOIN 31 33 3
SEND 1553584397 INTRODUCE 36 11559
SEND 1553584397 INTRODUCE 37 32520
# recieved string JOIN node1 172.22.156.208 8001

SEND 1553584397 INTRODUCE 35 34770
SEND 1553584397 INTRODUCE 36 13695
SEND 1553584397 INTRODUCE 36 19046
SEND 1553584397 INTRODUCE 36 15757
SEND 1553584397 INTRODUCE 36 27031
SEND 1553584397 INTRODUCE 36 11796
SEND 1553584397 INTRODUCE 35 13893
SEND 1553584397 INTRODUCE 36 13187
SEND 1553584397 INTRODUCE 36 10953
SEND 1553584397 INTRODUCE 37 10634
SEND 1553584397 INTRODUCE 36 31771
SEND 1553584397 INTRODUCE 36 16009
SEND 1553584397 INTRODUCE 35 20499
SEND 1553584397 INTRODUCE 35 48050
SEND 1553584397 INTRODUCE 35 15560
SEND 1553584397 INTRODUCE 36 14748
SEND 1553584397 INTRODUCE 35 14030
SEND 1553584397 INTRODUCE 36 14099
SEND 1553584397 INTRODUCE 36 16659
SEND 1553584397 INTRODUCE 36 15019
SEND 1553584397 INTRODUCE 35 32870
SEND 1553584397 INTRODUCE 35 10124
SEND 1553584397 INTRODUCE 35 11533
SEND 1553584397 INTRODUCE 36 10708
SEND 1553584397 INTRODUCE 36 62919
SEND 1553584397 INTRODUCE 37 12132
SEND 1553584397 INTRODUCE 36 29458
SEND 1553584397 INTRODUCE 37 34009
SEND 1553584397 INTRODUCE 37 10864
SEND 1553584397 INTRODUCE 35 16100
SEND 1553584397 INTRODUCE 36 10535
RECIEVED 1553584397 INTRODUCE 37 34 3
RECIEVED 1553584397 INTRODUCE 37 34 3
RECIEVED 1553584397 INTRODUCE 37 34 3
RECIEVED 1553584397 INTRODUCE 37 34 3
RECIEVED 1553584397 INTRODUCE 36 34 3
RECIEVED 1553584397 INTRODUCE 35 34 3
RECIEVED 1553584397 INTRODUCE 35 34 3
RECIEVED 1553584397 INTRODUCE 37 34 3
RECIEVED 1553584397 JOIN 31 34 3
SEND 1553584397 INTRODUCE 35 10510
SEND 1553584397 INTRODUCE 36 9969
SEND 1553584397 INTRODUCE 36 17007
SEND 1553584397 INTRODUCE 36 11324
SEND 1553584397 INTRODUCE 35 10586
SEND 1553584397 INTRODUCE 35 11133
SEND 1553584397 INTRODUCE 35 17194
SEND 1553584397 INTRODUCE 36 13184
SEND 1553584397 INTRODUCE 36 35436
SEND 1553584397 INTRODUCE 37 11066
SEND 1553584397 INTRODUCE 36 15875
SEND 1553584397 INTRODUCE 37 19375
SEND 1553584397 INTRODUCE 37 9778
SEND 1553584397 INTRODUCE 35 15567
SEND 1553584397 INTRODUCE 36 19479
SEND 1553584397 INTRODUCE 36 21425
SEND 1553584397 INTRODUCE 37 11580
SEND 1553584397 INTRODUCE 35 13242
SEND 1553584397 INTRODUCE 36 10589
SEND 1553584397 INTRODUCE 36 26239
SEND 1553584397 INTRODUCE 36 38032
SEND 1553584397 INTRODUCE 36 10311
SEND 1553584397 INTRODUCE 36 11081
# recieved string JOIN node3 172.22.156.208 8003

SEND 1553584397 INTRODUCE 36 18014
SEND 1553584397 INTRODUCE 35 21032
SEND 1553584397 INTRODUCE 36 14436
SEND 1553584397 INTRODUCE 36 4979
SEND 1553584397 INTRODUCE 36 2992
SEND 1553584397 INTRODUCE 37 4501
SEND 1553584397 INTRODUCE 36 3565
SEND 1553584397 INTRODUCE 36 3395
SEND 1553584397 INTRODUCE 35 5706
SEND 1553584397 INTRODUCE 35 3450
SEND 1553584397 INTRODUCE 35 63952
RECIEVED 1553584397 INTRODUCE 35 35 3
RECIEVED 1553584397 INTRODUCE 36 35 3
RECIEVED 1553584397 INTRODUCE 37 35 3
RECIEVED 1553584397 INTRODUCE 36 35 3
RECIEVED 1553584397 INTRODUCE 37 35 3
RECIEVED 1553584397 INTRODUCE 37 35 3
RECIEVED 1553584397 INTRODUCE 35 35 3
RECIEVED 1553584397 INTRODUCE 36 35 3
RECIEVED 1553584397 INTRODUCE 35 35 3
RECIEVED 1553584397 INTRODUCE 35 35 3
RECIEVED 1553584397 INTRODUCE 36 35 3
RECIEVED 1553584397 INTRODUCE 36 35 3
RECIEVED 1553584397 INTRODUCE 36 35 3
RECIEVED 1553584397 INTRODUCE 36 35 3
RECIEVED 1553584397 INTRODUCE 37 35 3
RECIEVED 1553584397 INTRODUCE 36 35 3
RECIEVED 1553584397 INTRODUCE 36 35 3
RECIEVED 1553584397 INTRODUCE 36 35 3
RECIEVED 1553584397 INTRODUCE 36 35 3
RECIEVED 1553584397 INTRODUCE 37 35 3
RECIEVED 1553584397 INTRODUCE 36 35 3
RECIEVED 1553584397 JOIN 31 35 3
SEND 1553584397 INTRODUCE 36 50255
SEND 1553584397 INTRODUCE 36 10685
SEND 1553584397 INTRODUCE 37 9813
SEND 1553584397 INTRODUCE 36 10847
SEND 1553584397 INTRODUCE 37 17243
SEND 1553584397 INTRODUCE 37 9867
SEND 1553584397 INTRODUCE 35 12571
SEND 1553584397 INTRODUCE 36 56628
SEND 1553584397 INTRODUCE 36 10425
SEND 1553584397 INTRODUCE 37 37530
SEND 1553584397 INTRODUCE 35 16259
SEND 1553584397 INTRODUCE 36 19832
SEND 1553584397 INTRODUCE 36 32452
SEND 1553584397 INTRODUCE 36 14082
SEND 1553584397 INTRODUCE 36 19188
SEND 1553584397 INTRODUCE 36 12464
SEND 1553584397 INTRODUCE 36 21749
SEND 1553584397 INTRODUCE 35 9440
SEND 1553584397 INTRODUCE 36 9027
SEND 1553584397 INTRODUCE 36 9738
SEND 1553584397 INTRODUCE 36 8859
SEND 1553584397 INTRODUCE 36 8349
SEND 1553584397 INTRODUCE 35 11238
SEND 1553584397 INTRODUCE 35 10224
SEND 1553584397 INTRODUCE 35 30271
SEND 1553584397 INTRODUCE 36 10929
SEND 1553584397 INTRODUCE 36 39182
SEND 1553584397 INTRODUCE 37 32965
SEND 1553584397 INTRODUCE 35 10551
SEND 1553584397 INTRODUCE 36 11101
SEND 1553584397 INTRODUCE 36 10589
SEND 1553584397 INTRODUCE 36 24737
SEND 1553584397 INTRODUCE 35 14278
SEND 1553584397 INTRODUCE 35 10615
SEND 1553584397 INTRODUCE 35 44191
RECIEVED 1553584397 INTRODUCE 36 36 3
RECIEVED 1553584397 INTRODUCE 36 36 3
RECIEVED 1553584397 INTRODUCE 36 36 3
RECIEVED 1553584397 INTRODUCE 36 36 3
RECIEVED 1553584397 INTRODUCE 35 36 3
RECIEVED 1553584397 INTRODUCE 36 36 3
RECIEVED 1553584397 INTRODUCE 36 36 3
RECIEVED 1553584397 INTRODUCE 36 36 3
RECIEVED 1553584397 INTRODUCE 36 36 3
RECIEVED 1553584397 INTRODUCE 37 36 3
RECIEVED 1553584397 INTRODUCE 36 36 3
RECIEVED 1553584397 INTRODUCE 35 36 3
RECIEVED 1553584397 INTRODUCE 37 36 3
RECIEVED 1553584397 INTRODUCE 36 36 3
RECIEVED 1553584397 INTRODUCE 36 36 3
RECIEVED 1553584397 INTRODUCE 36 36 3
RECIEVED 1553584397 INTRODUCE 36 36 3
RECIEVED 1553584397 INTRODUCE 36 36 3
RECIEVED 1553584397 INTRODUCE 37 36 3
RECIEVED 1553584397 INTRODUCE 36 36 3
RECIEVED 1553584397 INTRODUCE 36 36 3
RECIEVED 1553584397 INTRODUCE 36 36 3
RECIEVED 1553584397 INTRODUCE 36 36 3
RECIEVED 1553584397 INTRODUCE 36 36 3
RECIEVED 1553584397 INTRODUCE 36 36 3
RECIEVED 1553584397 INTRODUCE 35 36 3
RECIEVED 1553584397 INTRODUCE 36 36 3
RECIEVED 1553584397 INTRODUCE 36 36 3
RECIEVED 1553584397 INTRODUCE 37 36 3
RECIEVED 1553584397 INTRODUCE 37 36 3
RECIEVED 1553584397 INTRODUCE 36 36 3
RECIEVED 1553584397 INTRODUCE 37 36 3
RECIEVED 1553584397 INTRODUCE 36 36 3
RECIEVED 1553584397 INTRODUCE 36 36 3
RECIEVED 1553584397 INTRODUCE 36 36 3
RECIEVED 1553584397 INTRODUCE 36 36 3
RECIEVED 1553584397 INTRODUCE 36 36 3
SEND 1553584397 INTRODUCE 36 14097
SEND 1553584397 INTRODUCE 36 11054
SEND 1553584397 INTRODUCE 36 11000
SEND 1553584397 INTRODUCE 36 15484
SEND 1553584397 INTRODUCE 36 19883
SEND 1553584397 INTRODUCE 36 11772
SEND 1553584397 INTRODUCE 36 17960
# recieved string JOIN node7 172.22.156.208 8007

SEND 1553584397 INTRODUCE 36 12820
SEND 1553584397 INTRODUCE 36 15547
SEND 1553584397 INTRODUCE 36 15145
SEND 1553584397 INTRODUCE 36 22046
SEND 1553584397 INTRODUCE 36 12104
# recieved string JOIN node10 172.22.156.208 8010

SEND 1553584397 INTRODUCE 36 23390
SEND 1553584397 INTRODUCE 36 10889
SEND 1553584397 INTRODUCE 36 32412
SEND 1553584397 INTRODUCE 36 42483
SEND 1553584397 INTRODUCE 36 22111
SEND 1553584397 INTRODUCE 36 15026
SEND 1553584397 INTRODUCE 36 11459
SEND 1553584397 INTRODUCE 36 16730
SEND 1553584397 INTRODUCE 36 12334
SEND 1553584397 INTRODUCE 36 11203
SEND 1553584397 INTRODUCE 36 14347
# recieved string JOIN node8 172.22.156.208 8008

SEND 1553584397 INTRODUCE 36 10938
SEND 1553584398 INTRODUCE 36 14517
SEND 1553584398 INTRODUCE 36 20589
SEND 1553584398 INTRODUCE 36 16349
SEND 1553584398 INTRODUCE 36 11748
SEND 1553584398 INTRODUCE 36 43958
SEND 1553584398 INTRODUCE 36 29409
SEND 1553584398 INTRODUCE 36 43041
SEND 1553584398 INTRODUCE 36 14915
SEND 1553584398 INTRODUCE 36 10758
SEND 1553584398 INTRODUCE 36 14042
SEND 1553584398 INTRODUCE 36 11035
SEND 1553584398 INTRODUCE 36 16630
SEND 1553584398 JOIN 32 11723
RECIEVED 1553584398 INTRODUCE 36 37 3
RECIEVED 1553584398 INTRODUCE 36 37 3
RECIEVED 1553584398 INTRODUCE 35 37 3
RECIEVED 1553584398 INTRODUCE 37 37 3
RECIEVED 1553584398 INTRODUCE 35 37 3
RECIEVED 1553584398 INTRODUCE 35 37 3
RECIEVED 1553584398 INTRODUCE 36 37 3
RECIEVED 1553584398 INTRODUCE 36 37 3
RECIEVED 1553584398 JOIN 31 37 3
SEND 1553584398 INTRODUCE 35 11534
SEND 1553584398 INTRODUCE 36 14727
SEND 1553584398 INTRODUCE 36 11359
SEND 1553584398 INTRODUCE 36 14534
SEND 1553584398 INTRODUCE 35 11580
SEND 1553584398 INTRODUCE 35 10599
SEND 1553584398 INTRODUCE 35 21121
SEND 1553584398 INTRODUCE 36 14331
SEND 1553584398 INTRODUCE 36 10831
SEND 1553584398 INTRODUCE 37 10798
SEND 1553584398 INTRODUCE 36 40193
SEND 1553584398 INTRODUCE 37 11170
SEND 1553584398 INTRODUCE 37 9797
SEND 1553584398 INTRODUCE 35 11301
SEND 1553584398 INTRODUCE 36 17975
SEND 1553584398 INTRODUCE 36 10973
SEND 1553584398 INTRODUCE 37 28962
SEND 1553584398 INTRODUCE 35 45062
SEND 1553584398 INTRODUCE 36 11189
SEND 1553584398 INTRODUCE 36 10574
SEND 1553584398 INTRODUCE 36 55062
SEND 1553584398 INTRODUCE 36 14619
SEND 1553584398 INTRODUCE 36 10679
SEND 1553584398 INTRODUCE 36 9481
SEND 1553584398 INTRODUCE 36 10586
SEND 1553584398 INTRODUCE 35 15345
SEND 1553584398 INTRODUCE 36 10700
SEND 1553584398 INTRODUCE 36 10376
SEND 1553584398 INTRODUCE 36 10535
SEND 1553584398 INTRODUCE 36 47171
SEND 1553584398 INTRODUCE 36 38241
SEND 1553584398 INTRODUCE 35 16682
SEND 1553584398 INTRODUCE 35 17170
SEND 1553584398 INTRODUCE 35 17227
SEND 1553584398 INTRODUCE 36 10968
SEND 1553584398 INTRODUCE 36 44877
SEND 1553584398 INTRODUCE 37 18328
RECIEVED 1553584398 JOIN 32 38 3
SEND 1553584398 INTRODUCE 36 16268
SEND 1553584398 INTRODUCE 35 8779
SEND 1553584398 INTRODUCE 36 16793
SEND 1553584398 INTRODUCE 36 10515
SEND 1553584398 INTRODUCE 36 17579
SEND 1553584398 INTRODUCE 37 17398
SEND 1553584398 INTRODUCE 36 10596
SEND 1553584398 INTRODUCE 36 11174
SEND 1553584398 INTRODUCE 35 10290
SEND 1553584398 INTRODUCE 35 16070
SEND 1553584398 INTRODUCE 35 13679
SEND 1553584398 INTRODUCE 36 15992
SEND 1553584398 INTRODUCE 36 13883
SEND 1553584398 INTRODUCE 35 16805
SEND 1553584398 INTRODUCE 36 20426
SEND 1553584398 INTRODUCE 36 14840
SEND 1553584398 INTRODUCE 36 10302
SEND 1553584398 INTRODUCE 35 10380
SEND 1553584398 INTRODUCE 35 33431
SEND 1553584398 INTRODUCE 35 11370
SEND 1553584398 INTRODUCE 36 15294
SEND 1553584398 INTRODUCE 36 17598
SEND 1553584398 INTRODUCE 36 22617
SEND 1553584398 INTRODUCE 37 13044
SEND 1553584398 INTRODUCE 36 11076
SEND 1553584398 INTRODUCE 37 22408
SEND 1553584398 INTRODUCE 37 15868
SEND 1553584398 INTRODUCE 35 12556
SEND 1553584398 INTRODUCE 36 85266
SEND 1553584398 INTRODUCE 36 27968
SEND 1553584398 INTRODUCE 37 10327
SEND 1553584398 INTRODUCE 35 51746
SEND 1553584398 INTRODUCE 36 10279
SEND 1553584398 INTRODUCE 36 11767
SEND 1553584398 INTRODUCE 36 17480
SEND 1553584398 INTRODUCE 36 18253
SEND 1553584398 INTRODUCE 36 10010
SEND 1553584398 INTRODUCE 36 12759
RECIEVED 1553584398 INTRODUCE 36 39 3
RECIEVED 1553584398 INTRODUCE 35 39 3
RECIEVED 1553584398 INTRODUCE 36 39 3
RECIEVED 1553584398 INTRODUCE 35 39 3
RECIEVED 1553584398 INTRODUCE 36 39 3
RECIEVED 1553584398 INTRODUCE 36 39 3
RECIEVED 1553584398 INTRODUCE 36 39 3
RECIEVED 1553584398 INTRODUCE 35 39 3
RECIEVED 1553584398 INTRODUCE 37 39 3
RECIEVED 1553584398 INTRODUCE 35 39 3
RECIEVED 1553584398 INTRODUCE 35 39 3
RECIEVED 1553584398 INTRODUCE 36 39 3
RECIEVED 1553584398 INTRODUCE 36 39 3
RECIEVED 1553584398 INTRODUCE 36 39 3
RECIEVED 1553584398 INTRODUCE 35 39 3
RECIEVED 1553584398 JOIN 31 39 3
SEND 1553584398 INTRODUCE 35 16780
SEND 1553584398 INTRODUCE 36 9594
SEND 1553584398 INTRODUCE 36 10948
SEND 1553584398 INTRODUCE 36 10132
SEND 1553584398 INTRODUCE 35 11253
SEND 1553584398 INTRODUCE 35 17646
SEND 1553584398 INTRODUCE 35 15016
SEND 1553584398 INTRODUCE 36 10760
SEND 1553584398 INTRODUCE 36 13799
SEND 1553584398 INTRODUCE 36 10637
SEND 1553584398 INTRODUCE 37 14352
SEND 1553584398 INTRODUCE 36 14370
SEND 1553584398 INTRODUCE 37 10666
SEND 1553584398 INTRODUCE 37 19093
SEND 1553584398 INTRODUCE 35 16087
# recieved string JOIN node2 172.22.156.208 8002

SEND 1553584398 INTRODUCE 36 21245
SEND 1553584398 INTRODUCE 36 14546
SEND 1553584398 INTRODUCE 37 10232
SEND 1553584398 INTRODUCE 35 38481
SEND 1553584398 INTRODUCE 36 10363
SEND 1553584398 INTRODUCE 37 32518
SEND 1553584398 INTRODUCE 36 9893
# Failed listening 
%!(EXTRA string=node11)# ERROR: read tcp 172.22.156.206:47112->172.22.94.217:8011: read: connection reset by peer
SEND 1553584398 INTRODUCE 36 15061
SEND 1553584398 INTRODUCE 36 13244
SEND 1553584398 INTRODUCE 36 10673
SEND 1553584398 INTRODUCE 36 10123
SEND 1553584398 INTRODUCE 36 16704
SEND 1553584398 INTRODUCE 35 9570
SEND 1553584398 INTRODUCE 36 49197
SEND 1553584398 INTRODUCE 36 15029
SEND 1553584398 INTRODUCE 36 10339
SEND 1553584398 INTRODUCE 36 45198
SEND 1553584398 INTRODUCE 36 13531
SEND 1553584398 INTRODUCE 35 9500
SEND 1553584398 INTRODUCE 35 16088
SEND 1553584398 INTRODUCE 35 10347
SEND 1553584398 INTRODUCE 36 32057
SEND 1553584398 INTRODUCE 36 16703
SEND 1553584398 INTRODUCE 37 9661
RECIEVED 1553584398 INTRODUCE 36 40 3
RECIEVED 1553584398 INTRODUCE 36 40 3
RECIEVED 1553584398 INTRODUCE 36 40 3
RECIEVED 1553584398 INTRODUCE 36 40 3
RECIEVED 1553584398 INTRODUCE 35 40 3
RECIEVED 1553584398 INTRODUCE 36 40 3
RECIEVED 1553584398 INTRODUCE 36 40 3
RECIEVED 1553584398 INTRODUCE 35 40 3
RECIEVED 1553584398 INTRODUCE 35 40 3
RECIEVED 1553584398 INTRODUCE 36 40 3
RECIEVED 1553584398 INTRODUCE 36 40 3
RECIEVED 1553584398 INTRODUCE 36 40 3
RECIEVED 1553584398 INTRODUCE 36 40 3
RECIEVED 1553584398 INTRODUCE 36 40 3
RECIEVED 1553584398 INTRODUCE 36 40 3
RECIEVED 1553584398 INTRODUCE 36 40 3
RECIEVED 1553584398 INTRODUCE 36 40 3
RECIEVED 1553584398 INTRODUCE 36 40 3
RECIEVED 1553584398 INTRODUCE 35 40 3
RECIEVED 1553584398 INTRODUCE 36 40 3
RECIEVED 1553584398 INTRODUCE 35 40 3
RECIEVED 1553584398 INTRODUCE 36 40 3
RECIEVED 1553584398 INTRODUCE 36 40 3
RECIEVED 1553584398 INTRODUCE 36 40 3
RECIEVED 1553584398 INTRODUCE 36 40 3
RECIEVED 1553584398 INTRODUCE 36 40 3
RECIEVED 1553584398 INTRODUCE 36 40 3
RECIEVED 1553584398 INTRODUCE 36 40 3
RECIEVED 1553584398 INTRODUCE 36 40 3
RECIEVED 1553584398 INTRODUCE 36 40 3
RECIEVED 1553584398 INTRODUCE 36 40 3
RECIEVED 1553584398 INTRODUCE 35 40 3
RECIEVED 1553584398 INTRODUCE 36 40 3
RECIEVED 1553584398 INTRODUCE 35 40 3
RECIEVED 1553584398 INTRODUCE 36 40 3
RECIEVED 1553584398 INTRODUCE 35 40 3
RECIEVED 1553584398 INTRODUCE 36 40 3
RECIEVED 1553584398 INTRODUCE 35 40 3
RECIEVED 1553584398 INTRODUCE 36 40 3
RECIEVED 1553584398 INTRODUCE 36 40 3
RECIEVED 1553584398 INTRODUCE 36 40 3
RECIEVED 1553584398 INTRODUCE 36 40 3
RECIEVED 1553584398 INTRODUCE 36 40 3
RECIEVED 1553584398 INTRODUCE 36 40 3
RECIEVED 1553584398 TRANSACTION 81 40 3
UPDATE 1553584398 TRANSACTION bd17be299693f7774830a3d8087991a5
SEND 1553584398 TRANSACTION 81 14414 bd17be299693f7774830a3d8087991a5
SEND 1553584398 TRANSACTION 81 36335 bd17be299693f7774830a3d8087991a5
SEND 1553584398 TRANSACTION 81 8692 bd17be299693f7774830a3d8087991a5
SEND 1553584398 TRANSACTION 81 15167 bd17be299693f7774830a3d8087991a5
SEND 1553584398 TRANSACTION 81 25190 bd17be299693f7774830a3d8087991a5
SEND 1553584398 TRANSACTION 81 10210 bd17be299693f7774830a3d8087991a5
SEND 1553584398 TRANSACTION 81 58061 bd17be299693f7774830a3d8087991a5
SEND 1553584398 TRANSACTION 81 18672 bd17be299693f7774830a3d8087991a5
SEND 1553584398 TRANSACTION 81 10902 bd17be299693f7774830a3d8087991a5
SEND 1553584398 TRANSACTION 81 21239 bd17be299693f7774830a3d8087991a5
SEND 1553584398 TRANSACTION 81 9981 bd17be299693f7774830a3d8087991a5
SEND 1553584398 TRANSACTION 81 10592 bd17be299693f7774830a3d8087991a5
RECIEVED 1553584398 INTRODUCE 36 40 4
RECIEVED 1553584398 INTRODUCE 36 40 4
RECIEVED 1553584398 INTRODUCE 36 40 4
RECIEVED 1553584398 INTRODUCE 36 40 4
RECIEVED 1553584398 INTRODUCE 37 40 4
SEND 1553584398 INTRODUCE 37 12139
SEND 1553584398 INTRODUCE 37 15424
SEND 1553584398 INTRODUCE 37 14626
SEND 1553584398 INTRODUCE 37 13096
SEND 1553584398 INTRODUCE 37 38396
SEND 1553584398 INTRODUCE 37 46151
SEND 1553584398 INTRODUCE 37 19749
SEND 1553584398 INTRODUCE 37 10842
SEND 1553584398 INTRODUCE 37 14138
SEND 1553584398 INTRODUCE 37 20211
SEND 1553584398 INTRODUCE 37 16776
SEND 1553584398 INTRODUCE 37 16599
SEND 1553584398 INTRODUCE 37 16485
SEND 1553584398 INTRODUCE 37 14422
SEND 1553584398 INTRODUCE 37 13859
SEND 1553584398 INTRODUCE 37 15800
SEND 1553584398 INTRODUCE 37 33072
SEND 1553584398 INTRODUCE 37 27894
SEND 1553584398 INTRODUCE 37 16002
SEND 1553584398 INTRODUCE 37 11363
SEND 1553584398 INTRODUCE 37 18242
SEND 1553584398 INTRODUCE 37 10956
SEND 1553584398 INTRODUCE 37 27918
SEND 1553584398 INTRODUCE 37 12441
SEND 1553584398 INTRODUCE 37 14728
SEND 1553584398 INTRODUCE 37 33527
SEND 1553584398 INTRODUCE 37 12278
# Failed sending to node node11
# ERROR: write tcp 172.22.156.206:47112->172.22.94.217:8011: write: broken pipe
SEND 1553584398 INTRODUCE 37 55089
SEND 1553584398 INTRODUCE 37 26937
SEND 1553584398 INTRODUCE 37 28193
SEND 1553584398 INTRODUCE 37 19190
SEND 1553584398 INTRODUCE 37 15967
SEND 1553584398 INTRODUCE 37 11468
SEND 1553584398 INTRODUCE 37 11691
SEND 1553584398 INTRODUCE 37 11039
SEND 1553584398 INTRODUCE 37 12848
SEND 1553584398 INTRODUCE 37 15699
SEND 1553584398 INTRODUCE 37 54351
SEND 1553584398 INTRODUCE 37 9101
SEND 1553584398 JOIN 32 16000
RECIEVED 1553584398 INTRODUCE 36 41 4
RECIEVED 1553584398 INTRODUCE 36 41 4
RECIEVED 1553584398 INTRODUCE 37 41 4
RECIEVED 1553584398 INTRODUCE 35 41 4
RECIEVED 1553584398 INTRODUCE 35 41 4
RECIEVED 1553584398 INTRODUCE 36 41 4
RECIEVED 1553584398 INTRODUCE 37 41 4
RECIEVED 1553584398 INTRODUCE 36 41 4
RECIEVED 1553584398 INTRODUCE 37 41 4
RECIEVED 1553584398 INTRODUCE 35 41 4
RECIEVED 1553584398 INTRODUCE 36 41 4
RECIEVED 1553584398 JOIN 31 41 4
RECIEVED 1553584398 INTRODUCE 35 41 4
RECIEVED 1553584398 INTRODUCE 37 41 4
RECIEVED 1553584398 INTRODUCE 37 41 4
RECIEVED 1553584398 TRANSACTION 81 41 4
RECIEVED 1553584398 INTRODUCE 35 41 4
RECIEVED 1553584398 INTRODUCE 37 41 4
RECIEVED 1553584398 INTRODUCE 37 41 4
RECIEVED 1553584398 INTRODUCE 36 41 4
RECIEVED 1553584398 INTRODUCE 37 41 4
RECIEVED 1553584398 INTRODUCE 36 41 4
RECIEVED 1553584398 INTRODUCE 37 41 4
RECIEVED 1553584398 INTRODUCE 36 41 4
RECIEVED 1553584398 INTRODUCE 37 41 4
RECIEVED 1553584398 INTRODUCE 37 41 4
RECIEVED 1553584398 INTRODUCE 37 41 4
RECIEVED 1553584398 INTRODUCE 36 41 4
RECIEVED 1553584398 INTRODUCE 36 41 4
RECIEVED 1553584398 INTRODUCE 37 41 4
RECIEVED 1553584398 INTRODUCE 36 41 4
RECIEVED 1553584398 INTRODUCE 37 41 4
RECIEVED 1553584398 INTRODUCE 36 41 4
RECIEVED 1553584398 INTRODUCE 35 41 4
RECIEVED 1553584398 INTRODUCE 36 41 4
RECIEVED 1553584398 INTRODUCE 37 41 4
RECIEVED 1553584398 INTRODUCE 36 41 4
RECIEVED 1553584398 INTRODUCE 35 41 4
RECIEVED 1553584398 INTRODUCE 37 41 4
RECIEVED 1553584398 INTRODUCE 37 41 4
RECIEVED 1553584398 INTRODUCE 36 41 4
RECIEVED 1553584398 INTRODUCE 36 41 4
RECIEVED 1553584398 INTRODUCE 36 41 4
RECIEVED 1553584398 INTRODUCE 37 41 4
RECIEVED 1553584398 INTRODUCE 36 41 4
RECIEVED 1553584398 INTRODUCE 36 41 4
RECIEVED 1553584398 INTRODUCE 36 41 4
RECIEVED 1553584398 INTRODUCE 36 41 4
RECIEVED 1553584398 TRANSACTION 81 41 4
RECIEVED 1553584398 INTRODUCE 36 41 4
RECIEVED 1553584398 INTRODUCE 37 41 4
RECIEVED 1553584398 INTRODUCE 36 41 4
RECIEVED 1553584398 INTRODUCE 36 41 4
RECIEVED 1553584398 INTRODUCE 37 41 4
RECIEVED 1553584398 INTRODUCE 37 41 4
RECIEVED 1553584398 INTRODUCE 37 41 4
RECIEVED 1553584398 INTRODUCE 35 41 4
RECIEVED 1553584398 INTRODUCE 36 41 4
RECIEVED 1553584398 INTRODUCE 37 41 4
RECIEVED 1553584398 INTRODUCE 37 41 4
RECIEVED 1553584398 INTRODUCE 36 41 4
RECIEVED 1553584398 TRANSACTION 81 41 4
RECIEVED 1553584398 TRANSACTION 80 41 4
UPDATE 1553584398 TRANSACTION 237d4725adf047a1ba9022223390c62a
SEND 1553584398 TRANSACTION 80 11395 237d4725adf047a1ba9022223390c62a
SEND 1553584398 TRANSACTION 80 24539 237d4725adf047a1ba9022223390c62a
SEND 1553584398 TRANSACTION 80 40761 237d4725adf047a1ba9022223390c62a
SEND 1553584398 TRANSACTION 80 22676 237d4725adf047a1ba9022223390c62a
SEND 1553584398 TRANSACTION 80 11638 237d4725adf047a1ba9022223390c62a
SEND 1553584398 TRANSACTION 80 11439 237d4725adf047a1ba9022223390c62a
SEND 1553584398 TRANSACTION 80 17964 237d4725adf047a1ba9022223390c62a
SEND 1553584398 TRANSACTION 80 11331 237d4725adf047a1ba9022223390c62a
SEND 1553584398 TRANSACTION 80 13749 237d4725adf047a1ba9022223390c62a
SEND 1553584398 TRANSACTION 80 15413 237d4725adf047a1ba9022223390c62a
SEND 1553584398 TRANSACTION 80 15084 237d4725adf047a1ba9022223390c62a
SEND 1553584398 TRANSACTION 80 13382 237d4725adf047a1ba9022223390c62a
SEND 1553584398 TRANSACTION 80 34178 237d4725adf047a1ba9022223390c62a
RECIEVED 1553584398 INTRODUCE 37 41 5
RECIEVED 1553584398 INTRODUCE 37 41 5
RECIEVED 1553584398 INTRODUCE 37 41 5
RECIEVED 1553584398 INTRODUCE 37 41 5
RECIEVED 1553584398 TRANSACTION 80 41 5
RECIEVED 1553584398 INTRODUCE 37 41 5
RECIEVED 1553584398 INTRODUCE 36 41 5
RECIEVED 1553584398 INTRODUCE 36 41 5
RECIEVED 1553584398 TRANSACTION 81 41 5
RECIEVED 1553584398 INTRODUCE 36 41 5
RECIEVED 1553584398 INTRODUCE 37 41 5
RECIEVED 1553584398 INTRODUCE 36 41 5
RECIEVED 1553584398 INTRODUCE 37 41 5
RECIEVED 1553584398 TRANSACTION 81 41 5
RECIEVED 1553584398 INTRODUCE 37 41 5
RECIEVED 1553584398 INTRODUCE 35 41 5
RECIEVED 1553584398 INTRODUCE 36 41 5
RECIEVED 1553584398 INTRODUCE 35 41 5
RECIEVED 1553584398 INTRODUCE 36 41 5
RECIEVED 1553584398 INTRODUCE 36 41 5
RECIEVED 1553584398 INTRODUCE 36 41 5
RECIEVED 1553584398 INTRODUCE 36 41 5
RECIEVED 1553584398 INTRODUCE 37 41 5
RECIEVED 1553584398 INTRODUCE 35 41 5
RECIEVED 1553584398 INTRODUCE 35 41 5
RECIEVED 1553584398 INTRODUCE 36 41 5
RECIEVED 1553584398 INTRODUCE 37 41 5
RECIEVED 1553584398 TRANSACTION 81 41 5
RECIEVED 1553584398 INTRODUCE 37 41 5
RECIEVED 1553584398 INTRODUCE 37 41 5
RECIEVED 1553584398 INTRODUCE 37 41 5
RECIEVED 1553584398 INTRODUCE 35 41 5
RECIEVED 1553584398 INTRODUCE 37 41 5
RECIEVED 1553584398 INTRODUCE 36 41 5
RECIEVED 1553584398 INTRODUCE 36 41 5
# Failed listening 
%!(EXTRA string=node10)# ERROR: read tcp 172.22.156.206:34270->172.22.94.217:8010: read: connection reset by peer
RECIEVED 1553584398 INTRODUCE 36 41 5
RECIEVED 1553584398 INTRODUCE 37 41 5
RECIEVED 1553584398 INTRODUCE 37 41 5
RECIEVED 1553584398 INTRODUCE 35 41 5
RECIEVED 1553584398 INTRODUCE 36 41 5
RECIEVED 1553584398 INTRODUCE 36 41 5
RECIEVED 1553584398 TRANSACTION 81 41 5
RECIEVED 1553584398 INTRODUCE 36 41 5
RECIEVED 1553584398 INTRODUCE 36 41 5
RECIEVED 1553584398 INTRODUCE 36 41 5
RECIEVED 1553584398 INTRODUCE 36 41 5
RECIEVED 1553584398 INTRODUCE 36 41 5
RECIEVED 1553584398 INTRODUCE 36 41 5
RECIEVED 1553584398 INTRODUCE 35 41 5
RECIEVED 1553584398 INTRODUCE 36 41 5
RECIEVED 1553584398 INTRODUCE 36 41 5
RECIEVED 1553584398 INTRODUCE 37 41 5
RECIEVED 1553584398 INTRODUCE 36 41 5
RECIEVED 1553584398 INTRODUCE 36 41 5
RECIEVED 1553584398 INTRODUCE 36 41 5
RECIEVED 1553584398 INTRODUCE 36 41 5
RECIEVED 1553584398 INTRODUCE 36 41 5
RECIEVED 1553584398 TRANSACTION 80 41 5
RECIEVED 1553584398 INTRODUCE 35 41 5
RECIEVED 1553584398 INTRODUCE 36 41 5
RECIEVED 1553584398 INTRODUCE 36 41 5
# recieved string JOIN node12 172.22.94.217 8012

RECIEVED 1553584398 JOIN 31 41 5
RECIEVED 1553584398 INTRODUCE 36 41 5
RECIEVED 1553584398 INTRODUCE 36 41 5
RECIEVED 1553584398 INTRODUCE 35 41 5
RECIEVED 1553584398 INTRODUCE 35 41 5
RECIEVED 1553584398 TRANSACTION 80 41 5
RECIEVED 1553584398 INTRODUCE 36 41 5
RECIEVED 1553584398 INTRODUCE 37 41 5
RECIEVED 1553584398 INTRODUCE 36 41 5
# recieved string JOIN node15 172.22.94.217 8015

RECIEVED 1553584398 JOIN 31 41 5
SEND 1553584398 INTRODUCE 36 11643
SEND 1553584398 INTRODUCE 36 10386
SEND 1553584398 INTRODUCE 35 15200
SEND 1553584398 INTRODUCE 35 11426
# recieved string JOIN node9 172.22.156.208 8009

# recieved string JOIN node11 172.22.156.208 8011

SEND 1553584398 INTRODUCE 35 11360
SEND 1553584398 INTRODUCE 36 10802
SEND 1553584398 INTRODUCE 36 10509
SEND 1553584398 INTRODUCE 36 10569
SEND 1553584398 INTRODUCE 37 13835
SEND 1553584398 INTRODUCE 36 17354
SEND 1553584398 INTRODUCE 37 26350
SEND 1553584398 INTRODUCE 37 10514
SEND 1553584398 INTRODUCE 35 10852
SEND 1553584398 INTRODUCE 36 10849
SEND 1553584398 INTRODUCE 36 9682
SEND 1553584398 INTRODUCE 37 18558
SEND 1553584398 INTRODUCE 35 11250
SEND 1553584398 INTRODUCE 36 9702
SEND 1553584398 INTRODUCE 37 58470
SEND 1553584398 INTRODUCE 36 15415
SEND 1553584398 INTRODUCE 36 10493
SEND 1553584398 INTRODUCE 36 11040
SEND 1553584398 INTRODUCE 36 10890
SEND 1553584398 INTRODUCE 36 11102
# recieved string JOIN node14 172.22.156.208 8014

SEND 1553584398 INTRODUCE 36 11280
SEND 1553584398 INTRODUCE 35 17150
SEND 1553584398 INTRODUCE 36 10667
SEND 1553584398 INTRODUCE 36 10311
SEND 1553584398 INTRODUCE 36 15224
SEND 1553584398 INTRODUCE 36 10462
SEND 1553584398 INTRODUCE 36 60055
SEND 1553584398 INTRODUCE 35 20666
SEND 1553584398 INTRODUCE 35 13164
SEND 1553584398 INTRODUCE 35 15382
SEND 1553584398 INTRODUCE 36 9610
SEND 1553584398 INTRODUCE 36 16669
SEND 1553584398 INTRODUCE 37 10131
SEND 1553584398 INTRODUCE 36 10447
SEND 1553584398 INTRODUCE 35 10448
SEND 1553584398 INTRODUCE 36 11670
SEND 1553584398 INTRODUCE 37 9938
RECIEVED 1553584398 INTRODUCE 36 42 5
RECIEVED 1553584398 JOIN 31 42 5
SEND 1553584398 INTRODUCE 37 30221
SEND 1553584398 INTRODUCE 36 12079
SEND 1553584398 INTRODUCE 36 10009
SEND 1553584398 INTRODUCE 35 10715
SEND 1553584398 INTRODUCE 35 9575
SEND 1553584398 INTRODUCE 35 10588
SEND 1553584398 INTRODUCE 36 11149
SEND 1553584398 INTRODUCE 36 10683
SEND 1553584398 INTRODUCE 36 16247
SEND 1553584398 INTRODUCE 35 10214
SEND 1553584398 INTRODUCE 36 9627
SEND 1553584398 INTRODUCE 37 38421
SEND 1553584398 INTRODUCE 36 8926
SEND 1553584398 INTRODUCE 36 10508
SEND 1553584398 INTRODUCE 35 10279
SEND 1553584398 INTRODUCE 35 10368
SEND 1553584398 INTRODUCE 35 11616
SEND 1553584398 INTRODUCE 36 17695
SEND 1553584398 INTRODUCE 36 28118
SEND 1553584398 INTRODUCE 36 10404
SEND 1553584398 INTRODUCE 36 83311
SEND 1553584398 INTRODUCE 37 10484
SEND 1553584398 INTRODUCE 36 10344
SEND 1553584398 INTRODUCE 37 10718
SEND 1553584398 INTRODUCE 37 15609
SEND 1553584398 INTRODUCE 35 9568
SEND 1553584398 INTRODUCE 36 11318
SEND 1553584398 INTRODUCE 36 9140
SEND 1553584398 INTRODUCE 37 9035
SEND 1553584398 INTRODUCE 35 8784
# recieved string JOIN node12 172.22.156.208 8012

SEND 1553584398 INTRODUCE 36 11486
SEND 1553584398 INTRODUCE 37 14692
SEND 1553584398 INTRODUCE 36 9535
SEND 1553584398 INTRODUCE 36 9831
SEND 1553584398 INTRODUCE 36 13940
SEND 1553584398 INTRODUCE 36 9168
SEND 1553584398 INTRODUCE 36 9531
SEND 1553584398 INTRODUCE 36 11462
SEND 1553584398 INTRODUCE 35 13720
SEND 1553584398 INTRODUCE 36 13426
SEND 1553584398 INTRODUCE 36 13732
SEND 1553584398 INTRODUCE 36 9759
RECIEVED 1553584398 JOIN 32 43 5
SEND 1553584398 INTRODUCE 36 15131
SEND 1553584398 INTRODUCE 36 8990
SEND 1553584398 INTRODUCE 37 19015
SEND 1553584398 INTRODUCE 36 9850
SEND 1553584398 INTRODUCE 37 9889
SEND 1553584398 INTRODUCE 37 14427
SEND 1553584398 INTRODUCE 35 9592
SEND 1553584398 INTRODUCE 36 10262
SEND 1553584398 INTRODUCE 36 10415
SEND 1553584398 INTRODUCE 37 10024
SEND 1553584398 INTRODUCE 35 9621
SEND 1553584398 INTRODUCE 36 10466
SEND 1553584398 INTRODUCE 37 11042
SEND 1553584398 INTRODUCE 36 10742
SEND 1553584398 INTRODUCE 36 10515
SEND 1553584398 INTRODUCE 36 39192
SEND 1553584398 INTRODUCE 36 8944
SEND 1553584398 INTRODUCE 36 46680
SEND 1553584398 INTRODUCE 36 9699
SEND 1553584398 INTRODUCE 35 10839
SEND 1553584398 INTRODUCE 36 12667
SEND 1553584398 INTRODUCE 36 11118
SEND 1553584398 INTRODUCE 36 10879
SEND 1553584398 INTRODUCE 36 34042
SEND 1553584398 INTRODUCE 36 63486
SEND 1553584398 INTRODUCE 37 14326
SEND 1553584398 INTRODUCE 36 15112
SEND 1553584398 INTRODUCE 36 42886
SEND 1553584398 INTRODUCE 35 15444
SEND 1553584398 INTRODUCE 35 15463
SEND 1553584398 INTRODUCE 35 14032
SEND 1553584398 INTRODUCE 36 14438
SEND 1553584398 INTRODUCE 36 15074
SEND 1553584398 INTRODUCE 35 13658
SEND 1553584398 INTRODUCE 36 24029
SEND 1553584398 INTRODUCE 37 10533
SEND 1553584398 INTRODUCE 36 15585
SEND 1553584398 INTRODUCE 36 32863
SEND 1553584398 INTRODUCE 36 9795
SEND 1553584398 INTRODUCE 35 14320
SEND 1553584398 INTRODUCE 35 14913
SEND 1553584398 INTRODUCE 35 10947
SEND 1553584398 INTRODUCE 36 9806
RECIEVED 1553584398 INTRODUCE 36 44 5
RECIEVED 1553584398 INTRODUCE 36 44 5
RECIEVED 1553584398 INTRODUCE 36 44 5
RECIEVED 1553584398 INTRODUCE 35 44 5
RECIEVED 1553584398 INTRODUCE 36 44 5
RECIEVED 1553584398 INTRODUCE 36 44 5
RECIEVED 1553584398 INTRODUCE 36 44 5
RECIEVED 1553584398 INTRODUCE 35 44 5
RECIEVED 1553584398 INTRODUCE 36 44 5
RECIEVED 1553584398 INTRODUCE 36 44 5
RECIEVED 1553584398 JOIN 32 44 5
SEND 1553584398 INTRODUCE 35 10298
SEND 1553584398 INTRODUCE 36 14246
SEND 1553584398 INTRODUCE 36 10106
SEND 1553584398 INTRODUCE 36 15467
SEND 1553584398 INTRODUCE 36 11064
SEND 1553584398 INTRODUCE 36 11060
SEND 1553584398 INTRODUCE 36 11184
SEND 1553584398 INTRODUCE 35 10903
SEND 1553584398 INTRODUCE 35 10579
SEND 1553584398 INTRODUCE 35 22222
SEND 1553584398 INTRODUCE 36 34246
SEND 1553584398 INTRODUCE 36 9218
SEND 1553584398 INTRODUCE 37 9121
SEND 1553584398 INTRODUCE 36 9553
SEND 1553584398 INTRODUCE 36 10140
SEND 1553584398 INTRODUCE 36 13749
SEND 1553584398 INTRODUCE 37 8927
SEND 1553584398 INTRODUCE 35 8973
SEND 1553584398 INTRODUCE 36 8883
SEND 1553584398 INTRODUCE 35 9727
SEND 1553584398 INTRODUCE 35 14694
SEND 1553584398 INTRODUCE 35 10291
SEND 1553584398 INTRODUCE 36 45969
SEND 1553584398 INTRODUCE 36 10331
SEND 1553584398 INTRODUCE 36 44668
SEND 1553584398 INTRODUCE 36 10327
SEND 1553584398 INTRODUCE 37 13435
SEND 1553584398 INTRODUCE 36 9426
SEND 1553584398 INTRODUCE 36 14142
SEND 1553584398 INTRODUCE 37 34781
SEND 1553584398 INTRODUCE 35 14133
SEND 1553584398 INTRODUCE 36 9620
SEND 1553584398 INTRODUCE 37 10906
SEND 1553584398 INTRODUCE 37 12277
SEND 1553584398 INTRODUCE 37 9811
SEND 1553584398 INTRODUCE 35 4670
SEND 1553584398 INTRODUCE 36 4570
SEND 1553584398 INTRODUCE 37 4048
SEND 1553584398 INTRODUCE 36 4161
SEND 1553584398 INTRODUCE 36 3827
SEND 1553584398 INTRODUCE 36 9431
SEND 1553584398 INTRODUCE 36 9850
SEND 1553584398 INTRODUCE 36 19131
SEND 1553584398 INTRODUCE 36 10095
RECIEVED 1553584398 TRANSACTION 80 45 5
RECIEVED 1553584398 INTRODUCE 35 45 5
RECIEVED 1553584398 INTRODUCE 36 45 5
RECIEVED 1553584398 INTRODUCE 36 45 5
RECIEVED 1553584398 INTRODUCE 36 45 5
RECIEVED 1553584398 INTRODUCE 36 45 5
RECIEVED 1553584398 INTRODUCE 37 45 5
RECIEVED 1553584398 INTRODUCE 35 45 5
RECIEVED 1553584398 INTRODUCE 36 45 5
RECIEVED 1553584398 INTRODUCE 36 45 5
RECIEVED 1553584398 INTRODUCE 36 45 5
RECIEVED 1553584398 INTRODUCE 36 45 5
RECIEVED 1553584398 JOIN 32 45 5
SEND 1553584398 INTRODUCE 35 10479
SEND 1553584398 INTRODUCE 35 9380
SEND 1553584398 INTRODUCE 35 10262
SEND 1553584398 INTRODUCE 36 10267
SEND 1553584398 INTRODUCE 36 9538
SEND 1553584399 INTRODUCE 37 9629
SEND 1553584399 INTRODUCE 36 10200
SEND 1553584399 INTRODUCE 36 10280
SEND 1553584399 INTRODUCE 36 10013
SEND 1553584399 INTRODUCE 37 10771
SEND 1553584399 INTRODUCE 37 14682
SEND 1553584399 INTRODUCE 35 10241
SEND 1553584399 INTRODUCE 36 13684
SEND 1553584399 INTRODUCE 35 9721
SEND 1553584399 INTRODUCE 35 9045
SEND 1553584399 INTRODUCE 35 10614
SEND 1553584399 INTRODUCE 36 10291
SEND 1553584399 INTRODUCE 36 19758
SEND 1553584399 INTRODUCE 36 13981
SEND 1553584399 INTRODUCE 36 10334
SEND 1553584399 INTRODUCE 37 13665
SEND 1553584399 INTRODUCE 36 8559
SEND 1553584399 INTRODUCE 36 15712
SEND 1553584399 INTRODUCE 36 33682
SEND 1553584399 INTRODUCE 35 14504
SEND 1553584399 INTRODUCE 36 9988
SEND 1553584399 INTRODUCE 37 14607
SEND 1553584399 INTRODUCE 37 15188
SEND 1553584399 INTRODUCE 37 9956
SEND 1553584399 INTRODUCE 35 9430
SEND 1553584399 INTRODUCE 36 19017
SEND 1553584399 INTRODUCE 37 10255
SEND 1553584399 INTRODUCE 36 20044
SEND 1553584399 INTRODUCE 37 9457
SEND 1553584399 INTRODUCE 36 15209
SEND 1553584399 INTRODUCE 36 8691
SEND 1553584399 INTRODUCE 36 10762
SEND 1553584399 INTRODUCE 36 9518
SEND 1553584399 INTRODUCE 36 9072
SEND 1553584399 INTRODUCE 36 13595
SEND 1553584399 INTRODUCE 36 36407
SEND 1553584399 INTRODUCE 36 10129
SEND 1553584399 INTRODUCE 36 8735
SEND 1553584399 INTRODUCE 36 10388
SEND 1553584399 INTRODUCE 35 13784
RECIEVED 1553584399 INTRODUCE 36 46 5
RECIEVED 1553584399 INTRODUCE 35 46 5
RECIEVED 1553584399 INTRODUCE 36 46 5
RECIEVED 1553584399 INTRODUCE 36 46 5
RECIEVED 1553584399 INTRODUCE 36 46 5
RECIEVED 1553584399 INTRODUCE 36 46 5
RECIEVED 1553584399 INTRODUCE 36 46 5
RECIEVED 1553584399 INTRODUCE 35 46 5
RECIEVED 1553584399 INTRODUCE 36 46 5
RECIEVED 1553584399 INTRODUCE 36 46 5
RECIEVED 1553584399 INTRODUCE 36 46 5
RECIEVED 1553584399 INTRODUCE 35 46 5
RECIEVED 1553584399 INTRODUCE 36 46 5
RECIEVED 1553584399 INTRODUCE 35 46 5
RECIEVED 1553584399 INTRODUCE 36 46 5
RECIEVED 1553584399 INTRODUCE 36 46 5
RECIEVED 1553584399 INTRODUCE 36 46 5
RECIEVED 1553584399 INTRODUCE 36 46 5
RECIEVED 1553584399 INTRODUCE 35 46 5
RECIEVED 1553584399 INTRODUCE 36 46 5
RECIEVED 1553584399 INTRODUCE 36 46 5
RECIEVED 1553584399 INTRODUCE 36 46 5
RECIEVED 1553584399 INTRODUCE 36 46 5
RECIEVED 1553584399 INTRODUCE 36 46 5
RECIEVED 1553584399 INTRODUCE 37 46 5
RECIEVED 1553584399 INTRODUCE 36 46 5
RECIEVED 1553584399 INTRODUCE 36 46 5
RECIEVED 1553584399 INTRODUCE 36 46 5
SEND 1553584399 INTRODUCE 36 15723
SEND 1553584399 INTRODUCE 36 9727
# Failed sending to node node10
# ERROR: write tcp 172.22.156.206:34270->172.22.94.217:8010: write: broken pipe
SEND 1553584399 INTRODUCE 36 15588
SEND 1553584399 INTRODUCE 36 20233
SEND 1553584399 INTRODUCE 36 15348
SEND 1553584399 INTRODUCE 36 11769
SEND 1553584399 INTRODUCE 36 15518
SEND 1553584399 INTRODUCE 36 10838
SEND 1553584399 INTRODUCE 36 16196
SEND 1553584399 INTRODUCE 36 9955
SEND 1553584399 INTRODUCE 36 9692
# recieved string JOIN node18 172.22.156.206 8018

SEND 1553584399 INTRODUCE 36 13680
SEND 1553584399 INTRODUCE 36 12457
SEND 1553584399 INTRODUCE 36 20230
SEND 1553584399 INTRODUCE 36 15092
SEND 1553584399 INTRODUCE 36 11160
SEND 1553584399 INTRODUCE 36 18299
SEND 1553584399 INTRODUCE 36 13811
SEND 1553584399 INTRODUCE 36 11352
SEND 1553584399 INTRODUCE 36 9979
# Failed sending to node node11
# ERROR: write tcp 172.22.156.206:47112->172.22.94.217:8011: write: broken pipe
# recieved string JOIN node17 172.22.94.217 8017

# Failed listening 
%!(EXTRA string=node12)# ERROR: read tcp 172.22.156.206:46944->172.22.94.217:8012: read: connection reset by peer
# recieved string JOIN node18 172.22.94.217 8018

# recieved string JOIN node17 172.22.156.206 8017

# recieved string JOIN node16 172.22.156.208 8016

# recieved string JOIN node17 172.22.156.208 8017

# recieved string JOIN node13 172.22.156.208 8013

# recieved string JOIN node16 172.22.94.217 8016

# recieved string JOIN node18 172.22.156.208 8018

# recieved string JOIN node19 172.22.156.208 8019

# recieved string JOIN node15 172.22.156.208 8015

