RECIEVED 1553584400 INTRODUCE 169 0 0
SEND 1553584400 JOIN 164 48744
RECIEVED 1553584401 HB 139 1 0
SEND 1553584401 PING 262 44831
RECIEVED 1553584402 HB 139 1 0
SEND 1553584402 PING 262 42906
RECIEVED 1553584403 HB 139 1 0
SEND 1553584403 PING 262 49664
RECIEVED 1553584404 HB 139 1 0
SEND 1553584404 PING 262 38432
RECIEVED 1553584405 HB 139 1 0
SEND 1553584405 PING 262 42353
RECIEVED 1553584406 HB 139 1 0
SEND 1553584406 PING 262 41005
RECIEVED 1553584407 HB 139 1 0
SEND 1553584407 PING 262 40697
RECIEVED 1553584408 HB 139 1 0
SEND 1553584408 PING 262 39576
RECIEVED 1553584409 HB 139 1 0
SEND 1553584409 PING 262 40420
RECIEVED 1553584410 HB 139 1 0
SEND 1553584410 PING 262 32102
RECIEVED 1553584411 HB 139 1 0
SEND 1553584411 PING 262 34969
RECIEVED 1553584412 HB 139 1 0
SEND 1553584412 PING 262 40484
RECIEVED 1553584413 HB 139 1 0
SEND 1553584413 PING 262 40364
RECIEVED 1553584414 HB 139 1 0
SEND 1553584414 PING 262 33362
RECIEVED 1553584415 HB 139 1 0
SEND 1553584415 PING 262 33995
RECIEVED 1553584416 HB 139 1 0
SEND 1553584416 PING 262 37724
RECIEVED 1553584417 HB 139 1 0
SEND 1553584417 PING 262 39190
RECIEVED 1553584418 HB 139 1 0
SEND 1553584418 PING 262 41227
RECIEVED 1553584419 HB 139 1 0
SEND 1553584419 PING 262 36110
RECIEVED 1553584420 HB 139 1 0
SEND 1553584420 PING 262 43687
RECIEVED 1553584421 HB 139 1 0
SEND 1553584421 PING 262 33100
RECIEVED 1553584422 HB 139 1 0
SEND 1553584422 PING 262 28485
RECIEVED 1553584423 HB 139 1 0
SEND 1553584423 PING 262 37075
RECIEVED 1553584424 HB 139 1 0
SEND 1553584424 PING 262 37998
RECIEVED 1553584425 HB 139 1 0
SEND 1553584425 PING 262 33592
RECIEVED 1553584426 HB 139 1 0
SEND 1553584426 PING 262 35800
RECIEVED 1553584427 HB 139 1 0
SEND 1553584427 PING 262 43517
RECIEVED 1553584428 HB 139 1 0
SEND 1553584428 PING 262 37697
RECIEVED 1553584429 HB 139 1 0
SEND 1553584429 PING 262 42336
RECIEVED 1553584430 HB 139 1 0
SEND 1553584430 PING 262 37159
RECIEVED 1553584431 HB 139 1 0
SEND 1553584431 PING 262 41074
RECIEVED 1553584432 HB 139 1 0
SEND 1553584432 PING 262 34160
RECIEVED 1553584433 HB 139 1 0
SEND 1553584433 PING 262 40504
RECIEVED 1553584434 HB 139 1 0
SEND 1553584434 PING 262 38625
RECIEVED 1553584435 HB 139 1 0
SEND 1553584435 PING 262 43558
RECIEVED 1553584436 HB 139 1 0
SEND 1553584436 PING 262 32830
RECIEVED 1553584437 HB 139 1 0
SEND 1553584437 PING 262 39679
RECIEVED 1553584438 HB 139 1 0
SEND 1553584438 PING 262 39053
RECIEVED 1553584439 HB 139 1 0
SEND 1553584439 PING 262 38414
RECIEVED 1553584440 HB 139 1 0
SEND 1553584440 PING 262 42740
RECIEVED 1553584441 HB 139 1 0
SEND 1553584441 PING 262 38153
RECIEVED 1553584442 HB 139 1 0
SEND 1553584442 PING 262 34139
RECIEVED 1553584443 HB 139 1 0
SEND 1553584443 PING 262 32400
RECIEVED 1553584444 HB 139 1 0
SEND 1553584444 PING 262 32549
RECIEVED 1553584445 HB 139 1 0
SEND 1553584445 PING 262 28803
RECIEVED 1553584446 HB 139 1 0
SEND 1553584446 PING 262 33469
RECIEVED 1553584448 HB 139 1 0
SEND 1553584448 PING 262 71935
RECIEVED 1553584449 HB 139 1 0
SEND 1553584449 PING 262 67899
RECIEVED 1553584450 HB 139 1 0
SEND 1553584450 PING 262 57779
RECIEVED 1553584451 HB 139 1 0
SEND 1553584451 PING 262 62853
RECIEVED 1553584452 HB 139 1 0
SEND 1553584452 PING 262 52490
RECIEVED 1553584453 HB 139 1 0
SEND 1553584453 PING 262 56929
RECIEVED 1553584454 HB 139 1 0
SEND 1553584454 PING 262 60359
RECIEVED 1553584455 HB 139 1 0
SEND 1553584455 PING 262 68801
RECIEVED 1553584456 HB 139 1 0
SEND 1553584456 PING 262 57333
RECIEVED 1553584457 HB 139 1 0
SEND 1553584457 PING 262 58832
RECIEVED 1553584458 HB 139 1 0
SEND 1553584458 PING 262 59308
RECIEVED 1553584459 HB 139 1 0
SEND 1553584459 PING 262 55874
RECIEVED 1553584460 HB 139 1 0
SEND 1553584460 PING 262 57340
RECIEVED 1553584461 HB 139 1 0
SEND 1553584461 PING 262 51919
RECIEVED 1553584462 HB 139 1 0
SEND 1553584462 PING 262 51816
RECIEVED 1553584463 HB 139 1 0
SEND 1553584463 PING 262 49520
RECIEVED 1553584464 HB 139 1 0
SEND 1553584464 PING 262 49836
RECIEVED 1553584465 HB 139 1 0
SEND 1553584465 PING 262 68132
RECIEVED 1553584466 HB 139 1 0
SEND 1553584466 PING 262 70076
RECIEVED 1553584469 HB 139 1 0
SEND 1553584469 PING 262 52740
RECIEVED 1553584472 HB 139 1 0
SEND 1553584472 PING 262 58348
RECIEVED 1553584473 HB 139 1 0
SEND 1553584473 PING 262 64095
RECIEVED 1553584474 HB 139 1 0
SEND 1553584474 PING 262 63166
RECIEVED 1553584475 HB 139 1 0
SEND 1553584475 PING 262 66020
RECIEVED 1553584476 HB 139 1 0
SEND 1553584476 PING 262 59948
RECIEVED 1553584477 HB 139 1 0
SEND 1553584477 PING 262 64526
RECIEVED 1553584478 HB 139 1 0
SEND 1553584478 PING 262 64440
RECIEVED 1553584479 HB 139 1 0
SEND 1553584479 PING 262 54991
RECIEVED 1553584480 HB 139 1 0
SEND 1553584480 PING 262 54082
RECIEVED 1553584481 HB 139 1 0
SEND 1553584481 PING 262 66716
RECIEVED 1553584482 HB 139 1 0
SEND 1553584482 PING 262 70327
RECIEVED 1553584484 HB 139 1 0
SEND 1553584484 PING 262 50477
RECIEVED 1553584485 HB 139 1 0
SEND 1553584485 PING 262 51002
RECIEVED 1553584486 HB 139 1 0
SEND 1553584486 PING 262 49957
RECIEVED 1553584487 HB 139 1 0
SEND 1553584487 PING 262 63463
RECIEVED 1553584488 HB 139 1 0
SEND 1553584488 PING 262 59909
RECIEVED 1553584489 HB 139 1 0
SEND 1553584489 PING 262 59072
RECIEVED 1553584489 TRANSACTION 209 1 0
UPDATE 1553584489 TRANSACTION 173a765db6423dd8720d3696e0f26a39
SEND 1553584489 TRANSACTION 209 31692
RECIEVED 1553584490 HB 139 1 1
SEND 1553584490 PING 262 62419
RECIEVED 1553584491 HB 139 1 1
SEND 1553584491 PING 262 75132
RECIEVED 1553584492 HB 139 1 1
SEND 1553584492 PING 262 49338
RECIEVED 1553584493 HB 139 1 1
SEND 1553584493 PING 262 77433
RECIEVED 1553584494 TRANSACTION 209 1 1
UPDATE 1553584494 TRANSACTION 18a85f247e7d4c53d671a9c5e0363702
SEND 1553584494 TRANSACTION 209 38723
RECIEVED 1553584494 HB 139 1 2
SEND 1553584494 PING 262 77659
RECIEVED 1553584495 HB 139 1 2
SEND 1553584495 PING 262 55163
RECIEVED 1553584496 HB 139 1 2
SEND 1553584496 PING 262 74220
RECIEVED 1553584497 HB 139 1 2
SEND 1553584497 PING 262 68308
RECIEVED 1553584498 HB 139 1 2
SEND 1553584498 PING 262 52582
RECIEVED 1553584499 HB 139 1 2
SEND 1553584499 PING 262 54806
RECIEVED 1553584500 HB 139 1 2
SEND 1553584500 PING 262 53721
RECIEVED 1553584502 HB 139 1 2
SEND 1553584502 PING 262 53002
RECIEVED 1553584503 HB 139 1 2
SEND 1553584503 PING 262 56514
RECIEVED 1553584504 HB 139 1 2
SEND 1553584504 PING 262 61408
RECIEVED 1553584505 HB 139 1 2
SEND 1553584505 PING 262 63883
RECIEVED 1553584506 HB 139 1 2
SEND 1553584506 PING 262 65988
RECIEVED 1553584507 HB 139 1 2
SEND 1553584507 PING 262 66950
RECIEVED 1553584508 HB 139 1 2
SEND 1553584508 PING 262 61055
RECIEVED 1553584509 HB 139 1 2
SEND 1553584509 PING 262 62245
RECIEVED 1553584510 HB 139 1 2
SEND 1553584510 PING 262 66665
RECIEVED 1553584511 HB 139 1 2
SEND 1553584511 PING 262 71742
RECIEVED 1553584512 HB 139 1 2
SEND 1553584512 PING 262 50373
RECIEVED 1553584513 HB 139 1 2
SEND 1553584513 PING 262 63024
RECIEVED 1553584514 HB 139 1 2
SEND 1553584514 PING 262 75860
RECIEVED 1553584515 HB 139 1 2
SEND 1553584515 PING 262 58183
RECIEVED 1553584515 TRANSACTION 209 1 2
UPDATE 1553584515 TRANSACTION b5d7268ea940328123bb0788c4c490ce
SEND 1553584515 TRANSACTION 209 33787
RECIEVED 1553584516 HB 139 1 3
SEND 1553584516 PING 262 68336
RECIEVED 1553584517 HB 139 1 3
SEND 1553584517 PING 262 59977
RECIEVED 1553584518 HB 139 1 3
SEND 1553584518 PING 262 147467
RECIEVED 1553584519 HB 139 1 3
SEND 1553584519 PING 262 64900
RECIEVED 1553584520 HB 139 1 3
SEND 1553584520 PING 262 43916
RECIEVED 1553584521 HB 139 1 3
SEND 1553584521 PING 262 44745
RECIEVED 1553584522 HB 139 1 3
SEND 1553584522 PING 262 54379
RECIEVED 1553584523 HB 139 1 3
SEND 1553584523 PING 262 69665
RECIEVED 1553584524 HB 139 1 3
SEND 1553584524 PING 262 59015
RECIEVED 1553584525 HB 139 1 3
SEND 1553584525 PING 262 53068
RECIEVED 1553584526 HB 139 1 3
SEND 1553584526 PING 262 54479
RECIEVED 1553584527 HB 139 1 3
SEND 1553584527 PING 262 45502
RECIEVED 1553584527 TRANSACTION 209 1 3
UPDATE 1553584527 TRANSACTION ce843230934afaa7065f2718dca73e2f
SEND 1553584527 TRANSACTION 209 32645
RECIEVED 1553584528 HB 139 1 4
SEND 1553584528 PING 262 53291
RECIEVED 1553584529 HB 139 1 4
SEND 1553584529 PING 262 39124
RECIEVED 1553584530 HB 139 1 4
SEND 1553584530 PING 262 38055
RECIEVED 1553584531 HB 139 1 4
SEND 1553584531 PING 262 33468
RECIEVED 1553584532 HB 139 1 4
SEND 1553584532 PING 262 45395
RECIEVED 1553584533 HB 139 1 4
SEND 1553584533 PING 262 70929
RECIEVED 1553584534 HB 139 1 4
SEND 1553584534 PING 262 56435
RECIEVED 1553584535 HB 139 1 4
SEND 1553584535 PING 262 64752
RECIEVED 1553584536 HB 139 1 4
SEND 1553584536 PING 262 66256
RECIEVED 1553584537 HB 139 1 4
SEND 1553584537 PING 262 65714
RECIEVED 1553584538 HB 139 1 4
SEND 1553584538 PING 262 70574
RECIEVED 1553584539 HB 139 1 4
SEND 1553584539 PING 262 49556
RECIEVED 1553584540 HB 139 1 4
SEND 1553584540 PING 262 82910
RECIEVED 1553584541 HB 139 1 4
SEND 1553584541 PING 262 50759
RECIEVED 1553584542 HB 139 1 4
SEND 1553584542 PING 262 54789
RECIEVED 1553584543 HB 139 1 4
SEND 1553584543 PING 262 49690
RECIEVED 1553584544 HB 139 1 4
SEND 1553584544 PING 262 55934
RECIEVED 1553584545 HB 139 1 4
SEND 1553584545 PING 262 51008
RECIEVED 1553584546 HB 139 1 4
SEND 1553584546 PING 262 53823
RECIEVED 1553584547 HB 139 1 4
SEND 1553584547 PING 262 49431
RECIEVED 1553584548 HB 139 1 4
SEND 1553584548 PING 262 59373
RECIEVED 1553584549 HB 139 1 4
SEND 1553584549 PING 262 63474
# Listen attempt 1.
# read tcp 172.22.158.207:38304->172.22.156.206:8013: read: connection reset by peer
# Listen attempt 2.
# read tcp 172.22.158.207:38304->172.22.156.206:8013: read: connection reset by peer
# Listen attempt 3.
# read tcp 172.22.158.207:38304->172.22.156.206:8013: read: connection reset by peer
# Could not recieve message properly
RECIEVED 1553584550 HB 139 1 4
# Removing node13:172.22.156.206:8013 from members
RECIEVED 1553584551 HB 139 0 4
RECIEVED 1553584552 HB 139 0 4
RECIEVED 1553584553 HB 139 0 4
