RECIEVED 1553584400 INTRODUCE 169 0 0
SEND 1553584400 JOIN 163 35904
RECIEVED 1553584400 JOIN 162 1 0
# Make node19 Join
# End node19 Join
# Listen attempt 1.
# json: cannot unmarshal object into Go struct field Node.Sock of type net.Conn
# Listen attempt 2.
# json: cannot unmarshal object into Go struct field Node.Sock of type net.Conn
RECIEVED 1553584403 HB 139 2 0
SEND 1553584403 PING 362 41206
SEND 1553584403 PING 362 22348
# Listen attempt 1.
# json: cannot unmarshal object into Go struct field Node.Sock of type net.Conn
RECIEVED 1553584404 HB 139 2 0
SEND 1553584404 PING 362 33696
SEND 1553584404 PING 362 21676
# Listen attempt 1.
# json: cannot unmarshal object into Go struct field Node.Sock of type net.Conn
RECIEVED 1553584405 HB 139 2 0
SEND 1553584405 PING 362 27741
SEND 1553584405 PING 362 21788
# Listen attempt 1.
# json: cannot unmarshal object into Go struct field Node.Sock of type net.Conn
RECIEVED 1553584406 HB 139 2 0
SEND 1553584406 PING 362 33292
SEND 1553584406 PING 362 27664
# Listen attempt 1.
# json: cannot unmarshal object into Go struct field Node.Sock of type net.Conn
RECIEVED 1553584407 HB 139 2 0
SEND 1553584407 PING 362 34474
SEND 1553584407 PING 362 22285
# Listen attempt 1.
# json: cannot unmarshal object into Go struct field Node.Sock of type net.Conn
RECIEVED 1553584408 HB 139 2 0
SEND 1553584408 PING 362 33720
SEND 1553584408 PING 362 21905
# Listen attempt 1.
# json: cannot unmarshal object into Go struct field Node.Sock of type net.Conn
RECIEVED 1553584409 HB 139 2 0
SEND 1553584409 PING 362 38312
SEND 1553584409 PING 362 21796
# Listen attempt 1.
# json: cannot unmarshal object into Go struct field Node.Sock of type net.Conn
RECIEVED 1553584410 HB 139 2 0
SEND 1553584410 PING 362 32718
SEND 1553584410 PING 362 21518
# Listen attempt 1.
# json: cannot unmarshal object into Go struct field Node.Sock of type net.Conn
RECIEVED 1553584411 HB 139 2 0
SEND 1553584411 PING 362 33998
SEND 1553584411 PING 362 28600
# Listen attempt 1.
# json: cannot unmarshal object into Go struct field Node.Sock of type net.Conn
RECIEVED 1553584412 HB 139 2 0
SEND 1553584412 PING 362 34158
SEND 1553584412 PING 362 21614
# Listen attempt 1.
# json: cannot unmarshal object into Go struct field Node.Sock of type net.Conn
RECIEVED 1553584413 HB 139 2 0
SEND 1553584413 PING 362 41531
SEND 1553584413 PING 362 27105
# Listen attempt 1.
# json: cannot unmarshal object into Go struct field Node.Sock of type net.Conn
RECIEVED 1553584414 HB 139 2 0
SEND 1553584414 PING 362 62010
SEND 1553584414 PING 362 29819
# Listen attempt 1.
# json: cannot unmarshal object into Go struct field Node.Sock of type net.Conn
RECIEVED 1553584415 HB 139 2 0
SEND 1553584415 PING 362 54599
SEND 1553584415 PING 362 31677
# Listen attempt 1.
# json: cannot unmarshal object into Go struct field Node.Sock of type net.Conn
RECIEVED 1553584416 HB 139 2 0
SEND 1553584416 PING 362 52557
SEND 1553584416 PING 362 36261
# Listen attempt 1.
# json: cannot unmarshal object into Go struct field Node.Sock of type net.Conn
RECIEVED 1553584417 HB 139 2 0
SEND 1553584417 PING 362 70256
SEND 1553584417 PING 362 32447
# Listen attempt 1.
# json: cannot unmarshal object into Go struct field Node.Sock of type net.Conn
RECIEVED 1553584418 HB 139 2 0
SEND 1553584418 PING 362 53305
SEND 1553584418 PING 362 52701
# Listen attempt 1.
# json: cannot unmarshal object into Go struct field Node.Sock of type net.Conn
RECIEVED 1553584419 HB 139 2 0
SEND 1553584419 PING 362 68271
SEND 1553584419 PING 362 33741
# Listen attempt 1.
# json: cannot unmarshal object into Go struct field Node.Sock of type net.Conn
RECIEVED 1553584420 HB 139 2 0
SEND 1553584420 PING 362 72459
SEND 1553584420 PING 362 32337
# Listen attempt 1.
# json: cannot unmarshal object into Go struct field Node.Sock of type net.Conn
RECIEVED 1553584421 HB 139 2 0
SEND 1553584421 PING 362 55760
SEND 1553584421 PING 362 32495
# Listen attempt 1.
# json: cannot unmarshal object into Go struct field Node.Sock of type net.Conn
RECIEVED 1553584422 HB 139 2 0
SEND 1553584422 PING 362 58534
SEND 1553584422 PING 362 38488
# Listen attempt 1.
# json: cannot unmarshal object into Go struct field Node.Sock of type net.Conn
RECIEVED 1553584423 HB 139 2 0
SEND 1553584423 PING 362 59937
SEND 1553584423 PING 362 31736
# Listen attempt 1.
# json: cannot unmarshal object into Go struct field Node.Sock of type net.Conn
RECIEVED 1553584424 HB 139 2 0
SEND 1553584424 PING 362 59683
SEND 1553584424 PING 362 38142
# Listen attempt 1.
# json: cannot unmarshal object into Go struct field Node.Sock of type net.Conn
RECIEVED 1553584426 HB 139 2 0
SEND 1553584426 PING 362 67826
SEND 1553584426 PING 362 28009
# Listen attempt 1.
# json: cannot unmarshal object into Go struct field Node.Sock of type net.Conn
RECIEVED 1553584427 HB 139 2 0
SEND 1553584427 PING 362 58527
SEND 1553584427 PING 362 32301
# Listen attempt 1.
# json: cannot unmarshal object into Go struct field Node.Sock of type net.Conn
RECIEVED 1553584428 HB 139 2 0
SEND 1553584428 PING 362 49514
SEND 1553584428 PING 362 32253
# Listen attempt 1.
# json: cannot unmarshal object into Go struct field Node.Sock of type net.Conn
RECIEVED 1553584429 HB 139 2 0
SEND 1553584429 PING 362 59196
SEND 1553584429 PING 362 32566
# Listen attempt 1.
# json: cannot unmarshal object into Go struct field Node.Sock of type net.Conn
RECIEVED 1553584430 HB 139 2 0
SEND 1553584430 PING 362 52317
SEND 1553584430 PING 362 42756
# Listen attempt 1.
# json: cannot unmarshal object into Go struct field Node.Sock of type net.Conn
RECIEVED 1553584431 HB 139 2 0
SEND 1553584431 PING 362 54358
SEND 1553584431 PING 362 28671
# Listen attempt 1.
# json: cannot unmarshal object into Go struct field Node.Sock of type net.Conn
RECIEVED 1553584432 HB 139 2 0
SEND 1553584432 PING 362 41142
SEND 1553584432 PING 362 23815
# Listen attempt 1.
# json: cannot unmarshal object into Go struct field Node.Sock of type net.Conn
RECIEVED 1553584433 HB 139 2 0
SEND 1553584433 PING 362 59062
SEND 1553584433 PING 362 30963
# Listen attempt 1.
# json: cannot unmarshal object into Go struct field Node.Sock of type net.Conn
RECIEVED 1553584434 HB 139 2 0
SEND 1553584434 PING 362 41854
SEND 1553584434 PING 362 30958
# Listen attempt 1.
# json: cannot unmarshal object into Go struct field Node.Sock of type net.Conn
RECIEVED 1553584435 HB 139 2 0
SEND 1553584435 PING 362 48483
SEND 1553584435 PING 362 30664
# Listen attempt 1.
# json: cannot unmarshal object into Go struct field Node.Sock of type net.Conn
RECIEVED 1553584436 HB 139 2 0
SEND 1553584436 PING 362 48148
SEND 1553584436 PING 362 36150
# Listen attempt 1.
# json: cannot unmarshal object into Go struct field Node.Sock of type net.Conn
RECIEVED 1553584437 HB 139 2 0
SEND 1553584437 PING 362 51588
SEND 1553584437 PING 362 31365
# Listen attempt 1.
# json: cannot unmarshal object into Go struct field Node.Sock of type net.Conn
RECIEVED 1553584438 HB 139 2 0
SEND 1553584438 PING 362 41459
SEND 1553584438 PING 362 46577
# Listen attempt 1.
# json: cannot unmarshal object into Go struct field Node.Sock of type net.Conn
RECIEVED 1553584439 HB 139 2 0
SEND 1553584439 PING 362 48498
SEND 1553584439 PING 362 31872
# Listen attempt 1.
# json: cannot unmarshal object into Go struct field Node.Sock of type net.Conn
RECIEVED 1553584440 HB 139 2 0
SEND 1553584440 PING 362 32376
SEND 1553584440 PING 362 26318
# Listen attempt 1.
# json: cannot unmarshal object into Go struct field Node.Sock of type net.Conn
RECIEVED 1553584441 HB 139 2 0
SEND 1553584441 PING 362 32609
SEND 1553584441 PING 362 50268
# Listen attempt 1.
# json: cannot unmarshal object into Go struct field Node.Sock of type net.Conn
RECIEVED 1553584442 HB 139 2 0
SEND 1553584442 PING 362 31005
SEND 1553584442 PING 362 35780
RECIEVED 1553584443 HB 139 2 0
SEND 1553584443 PING 362 41324
SEND 1553584443 PING 362 33520
# Listen attempt 1.
# json: cannot unmarshal object into Go struct field Node.Sock of type net.Conn
RECIEVED 1553584444 HB 139 2 0
SEND 1553584444 PING 362 32209
SEND 1553584444 PING 362 38491
# Listen attempt 1.
# json: cannot unmarshal object into Go struct field Node.Sock of type net.Conn
RECIEVED 1553584445 HB 139 2 0
SEND 1553584445 PING 362 42487
SEND 1553584445 PING 362 26931
# Listen attempt 1.
# json: cannot unmarshal object into Go struct field Node.Sock of type net.Conn
RECIEVED 1553584446 HB 139 2 0
SEND 1553584446 PING 362 70791
SEND 1553584446 PING 362 26634
# Listen attempt 1.
# json: cannot unmarshal object into Go struct field Node.Sock of type net.Conn
RECIEVED 1553584447 HB 139 2 0
SEND 1553584447 PING 362 44109
SEND 1553584447 PING 362 27227
# Listen attempt 1.
# json: cannot unmarshal object into Go struct field Node.Sock of type net.Conn
RECIEVED 1553584448 HB 139 2 0
SEND 1553584448 PING 362 32944
SEND 1553584448 PING 362 26215
RECIEVED 1553584449 HB 139 2 0
SEND 1553584449 PING 362 31864
SEND 1553584449 PING 362 30493
RECIEVED 1553584450 HB 139 2 0
SEND 1553584450 PING 362 37498
SEND 1553584450 PING 362 26026
# Listen attempt 1.
# EOF
# Listen attempt 2.
# EOF
# Listen attempt 3.
# EOF
# Could not recieve message properly
RECIEVED 1553584451 HB 139 2 0
SEND 1553584451 PING 362 30644
# Removing node19:172.22.158.207:8019 from members
RECIEVED 1553584452 HB 139 1 0
SEND 1553584452 PING 261 38273
RECIEVED 1553584453 HB 139 1 0
SEND 1553584453 PING 261 32131
RECIEVED 1553584454 HB 139 1 0
SEND 1553584454 PING 261 34630
RECIEVED 1553584455 HB 139 1 0
SEND 1553584455 PING 261 29767
RECIEVED 1553584456 HB 139 1 0
SEND 1553584456 PING 261 30214
RECIEVED 1553584457 HB 139 1 0
SEND 1553584457 PING 261 40510
RECIEVED 1553584458 HB 139 1 0
SEND 1553584458 PING 261 29649
RECIEVED 1553584459 HB 139 1 0
SEND 1553584459 PING 261 28085
RECIEVED 1553584460 HB 139 1 0
SEND 1553584460 PING 261 26776
RECIEVED 1553584461 HB 139 1 0
SEND 1553584461 PING 261 145552
RECIEVED 1553584462 TRANSACTION 209 1 0
UPDATE 1553584462 TRANSACTION e1d1ee349b4d0a88dd28681a74ccd916
SEND 1553584462 TRANSACTION 209 23098
RECIEVED 1553584462 HB 139 1 1
SEND 1553584462 PING 261 61303
RECIEVED 1553584463 HB 139 1 1
SEND 1553584463 PING 261 56787
RECIEVED 1553584464 HB 139 1 1
SEND 1553584464 PING 261 48515
RECIEVED 1553584465 HB 139 1 1
SEND 1553584465 PING 261 39797
RECIEVED 1553584466 HB 139 1 1
SEND 1553584466 PING 261 55076
RECIEVED 1553584467 HB 139 1 1
SEND 1553584467 PING 261 44504
RECIEVED 1553584468 HB 139 1 1
SEND 1553584468 PING 261 31919
RECIEVED 1553584469 HB 139 1 1
SEND 1553584469 PING 261 52173
RECIEVED 1553584470 HB 139 1 1
SEND 1553584470 PING 261 47031
RECIEVED 1553584471 HB 139 1 1
SEND 1553584471 PING 261 46544
RECIEVED 1553584472 HB 139 1 1
SEND 1553584472 PING 261 33931
RECIEVED 1553584473 HB 139 1 1
SEND 1553584473 PING 261 41303
RECIEVED 1553584474 HB 139 1 1
SEND 1553584474 PING 261 43684
RECIEVED 1553584475 HB 139 1 1
SEND 1553584475 PING 261 41804
RECIEVED 1553584477 HB 139 1 1
SEND 1553584477 PING 261 63713
RECIEVED 1553584478 HB 139 1 1
SEND 1553584478 PING 261 60575
RECIEVED 1553584479 HB 139 1 1
SEND 1553584479 PING 261 54113
RECIEVED 1553584480 HB 139 1 1
SEND 1553584480 PING 261 52132
RECIEVED 1553584481 HB 139 1 1
SEND 1553584481 PING 261 60655
RECIEVED 1553584482 HB 139 1 1
SEND 1553584482 PING 261 64678
RECIEVED 1553584483 HB 139 1 1
SEND 1553584483 PING 261 68286
RECIEVED 1553584484 HB 139 1 1
SEND 1553584484 PING 261 64259
RECIEVED 1553584485 HB 139 1 1
SEND 1553584485 PING 261 66860
RECIEVED 1553584486 HB 139 1 1
SEND 1553584486 PING 261 29932
RECIEVED 1553584487 HB 139 1 1
SEND 1553584487 PING 261 24225
RECIEVED 1553584488 HB 139 1 1
SEND 1553584488 PING 261 30420
RECIEVED 1553584489 HB 139 1 1
SEND 1553584489 PING 261 35918
RECIEVED 1553584490 HB 139 1 1
SEND 1553584490 PING 261 38568
RECIEVED 1553584491 HB 139 1 1
SEND 1553584491 PING 261 29746
RECIEVED 1553584492 HB 139 1 1
SEND 1553584492 PING 261 31160
RECIEVED 1553584494 HB 139 1 1
SEND 1553584494 PING 261 57719
RECIEVED 1553584495 HB 139 1 1
SEND 1553584495 PING 261 57713
RECIEVED 1553584496 HB 139 1 1
SEND 1553584496 PING 261 62841
RECIEVED 1553584497 HB 139 1 1
SEND 1553584497 PING 261 56947
RECIEVED 1553584498 HB 139 1 1
SEND 1553584498 PING 261 64503
RECIEVED 1553584499 HB 139 1 1
SEND 1553584499 PING 261 65821
RECIEVED 1553584501 HB 139 1 1
SEND 1553584501 PING 261 56093
RECIEVED 1553584502 HB 139 1 1
SEND 1553584502 PING 261 66104
RECIEVED 1553584503 HB 139 1 1
SEND 1553584503 PING 261 66522
RECIEVED 1553584504 HB 139 1 1
SEND 1553584504 PING 261 64155
RECIEVED 1553584505 HB 139 1 1
SEND 1553584505 PING 261 72619
RECIEVED 1553584506 HB 139 1 1
SEND 1553584506 PING 261 66754
RECIEVED 1553584507 HB 139 1 1
SEND 1553584507 PING 261 62464
RECIEVED 1553584508 HB 139 1 1
SEND 1553584508 PING 261 68040
RECIEVED 1553584509 HB 139 1 1
SEND 1553584509 PING 261 62644
RECIEVED 1553584510 HB 139 1 1
SEND 1553584510 PING 261 72104
RECIEVED 1553584511 TRANSACTION 209 1 1
UPDATE 1553584511 TRANSACTION 28b1789e7d86b9b168b58f8e404f27f2
SEND 1553584511 TRANSACTION 209 32816
RECIEVED 1553584511 HB 139 1 2
SEND 1553584511 PING 261 64881
RECIEVED 1553584512 HB 139 1 2
SEND 1553584512 PING 261 62254
RECIEVED 1553584513 HB 139 1 2
SEND 1553584513 PING 261 67852
RECIEVED 1553584514 HB 139 1 2
SEND 1553584514 PING 261 61196
RECIEVED 1553584515 HB 139 1 2
SEND 1553584515 PING 261 65208
RECIEVED 1553584516 HB 139 1 2
SEND 1553584516 PING 261 65499
RECIEVED 1553584517 HB 139 1 2
SEND 1553584517 PING 261 56629
RECIEVED 1553584518 HB 139 1 2
SEND 1553584518 PING 261 78906
RECIEVED 1553584519 HB 139 1 2
SEND 1553584519 PING 261 64525
RECIEVED 1553584520 HB 139 1 2
SEND 1553584520 PING 261 66671
RECIEVED 1553584521 HB 139 1 2
SEND 1553584521 PING 261 60891
RECIEVED 1553584522 HB 139 1 2
SEND 1553584522 PING 261 71860
RECIEVED 1553584523 HB 139 1 2
SEND 1553584523 PING 261 61219
RECIEVED 1553584524 HB 139 1 2
SEND 1553584524 PING 261 53690
RECIEVED 1553584525 HB 139 1 2
SEND 1553584525 PING 261 67543
RECIEVED 1553584526 HB 139 1 2
SEND 1553584526 PING 261 68343
RECIEVED 1553584527 HB 139 1 2
SEND 1553584527 PING 261 65764
RECIEVED 1553584528 HB 139 1 2
SEND 1553584528 PING 261 62451
RECIEVED 1553584529 HB 139 1 2
SEND 1553584529 PING 261 59035
RECIEVED 1553584530 HB 139 1 2
SEND 1553584530 PING 261 64679
RECIEVED 1553584531 HB 139 1 2
SEND 1553584531 PING 261 67462
RECIEVED 1553584532 HB 139 1 2
SEND 1553584532 PING 261 60715
RECIEVED 1553584533 HB 139 1 2
SEND 1553584533 PING 261 64988
RECIEVED 1553584534 HB 139 1 2
SEND 1553584534 PING 261 71589
RECIEVED 1553584535 HB 139 1 2
SEND 1553584535 PING 261 68817
RECIEVED 1553584536 HB 139 1 2
SEND 1553584536 PING 261 61717
RECIEVED 1553584537 HB 139 1 2
SEND 1553584537 PING 261 69730
RECIEVED 1553584538 HB 139 1 2
SEND 1553584538 PING 261 64746
RECIEVED 1553584539 HB 139 1 2
SEND 1553584539 PING 261 65325
RECIEVED 1553584540 HB 139 1 2
SEND 1553584540 PING 261 62451
RECIEVED 1553584541 HB 139 1 2
SEND 1553584541 PING 261 52807
RECIEVED 1553584542 HB 139 1 2
SEND 1553584542 PING 261 64399
RECIEVED 1553584543 HB 139 1 2
SEND 1553584543 PING 261 57536
RECIEVED 1553584544 HB 139 1 2
SEND 1553584544 PING 261 52302
RECIEVED 1553584545 TRANSACTION 209 1 2
UPDATE 1553584545 TRANSACTION 122ce2d106b2784fbcbdb44bdf3a02df
SEND 1553584545 TRANSACTION 209 32435
RECIEVED 1553584545 HB 139 1 3
SEND 1553584545 PING 261 52223
RECIEVED 1553584546 HB 139 1 3
SEND 1553584546 PING 261 55297
RECIEVED 1553584547 HB 139 1 3
SEND 1553584547 PING 261 69354
RECIEVED 1553584548 HB 139 1 3
SEND 1553584548 PING 261 57235
RECIEVED 1553584549 HB 139 1 3
SEND 1553584549 PING 261 50402
# Listen attempt 1.
# read tcp 172.22.158.207:50580->172.22.156.206:8012: read: connection reset by peer
# Listen attempt 2.
# read tcp 172.22.158.207:50580->172.22.156.206:8012: read: connection reset by peer
# Listen attempt 3.
# read tcp 172.22.158.207:50580->172.22.156.206:8012: read: connection reset by peer
# Could not recieve message properly
RECIEVED 1553584550 HB 139 1 3
# Removing node12:172.22.156.206:8012 from members
RECIEVED 1553584553 HB 139 0 3
