RECIEVED 1553584395 INTRODUCE 36 0 0
SEND 1553584395 JOIN 31 12464
RECIEVED 1553584395 INTRODUCE 36 1 0
SEND 1553584395 INTRODUCE 36 15741
SEND 1553584395 JOIN 31 13907
RECIEVED 1553584395 INTRODUCE 36 2 0
SEND 1553584395 INTRODUCE 36 15372
SEND 1553584395 INTRODUCE 36 10474
SEND 1553584395 JOIN 31 14448
RECIEVED 1553584395 INTRODUCE 36 3 0
SEND 1553584395 INTRODUCE 36 11989
SEND 1553584395 INTRODUCE 36 11094
SEND 1553584395 INTRODUCE 36 8489
SEND 1553584395 JOIN 31 14680
RECIEVED 1553584395 INTRODUCE 36 4 0
SEND 1553584395 INTRODUCE 36 10092
# recieved string JOIN node5 172.22.156.206 8005

SEND 1553584395 INTRODUCE 36 13419
SEND 1553584395 INTRODUCE 36 12840
SEND 1553584395 INTRODUCE 36 18983
SEND 1553584395 JOIN 31 17036
RECIEVED 1553584395 INTRODUCE 36 5 0
RECIEVED 1553584395 INTRODUCE 36 5 0
RECIEVED 1553584395 INTRODUCE 36 5 0
RECIEVED 1553584395 INTRODUCE 36 5 0
RECIEVED 1553584395 JOIN 31 5 0
SEND 1553584395 INTRODUCE 36 20491
SEND 1553584395 INTRODUCE 36 11571
SEND 1553584395 INTRODUCE 36 20722
SEND 1553584395 INTRODUCE 36 10477
SEND 1553584395 INTRODUCE 36 10727
RECIEVED 1553584395 INTRODUCE 36 6 0
RECIEVED 1553584395 INTRODUCE 36 6 0
RECIEVED 1553584395 INTRODUCE 36 6 0
RECIEVED 1553584395 INTRODUCE 36 6 0
RECIEVED 1553584395 INTRODUCE 36 6 0
RECIEVED 1553584395 INTRODUCE 36 6 0
RECIEVED 1553584395 INTRODUCE 36 6 0
RECIEVED 1553584395 INTRODUCE 36 6 0
RECIEVED 1553584395 INTRODUCE 36 6 0
RECIEVED 1553584395 INTRODUCE 36 6 0
RECIEVED 1553584395 INTRODUCE 36 6 0
RECIEVED 1553584395 INTRODUCE 36 6 0
RECIEVED 1553584395 INTRODUCE 36 6 0
RECIEVED 1553584395 INTRODUCE 36 6 0
RECIEVED 1553584395 INTRODUCE 36 6 0
SEND 1553584395 INTRODUCE 36 10116
SEND 1553584395 INTRODUCE 36 17198
SEND 1553584395 INTRODUCE 36 10820
SEND 1553584395 INTRODUCE 36 17793
SEND 1553584395 INTRODUCE 36 11886
SEND 1553584395 INTRODUCE 36 12934
SEND 1553584395 JOIN 31 11993
# recieved string JOIN node8 172.22.156.206 8008

RECIEVED 1553584395 INTRODUCE 36 7 0
RECIEVED 1553584395 INTRODUCE 36 7 0
RECIEVED 1553584395 JOIN 31 7 0
SEND 1553584395 INTRODUCE 36 12469
SEND 1553584395 INTRODUCE 36 12893
# recieved string JOIN node9 172.22.156.206 8009

SEND 1553584395 INTRODUCE 36 13209
# recieved string JOIN node7 172.22.156.206 8007

SEND 1553584395 INTRODUCE 36 14235
SEND 1553584395 INTRODUCE 36 12205
SEND 1553584395 INTRODUCE 36 11672
SEND 1553584395 INTRODUCE 36 12391
RECIEVED 1553584395 JOIN 31 8 0
SEND 1553584395 INTRODUCE 36 13627
SEND 1553584395 INTRODUCE 36 13719
SEND 1553584395 INTRODUCE 36 12804
SEND 1553584395 INTRODUCE 36 12325
SEND 1553584395 INTRODUCE 36 19151
SEND 1553584395 INTRODUCE 36 12187
SEND 1553584395 INTRODUCE 36 11382
SEND 1553584395 INTRODUCE 36 12570
RECIEVED 1553584395 INTRODUCE 36 9 0
RECIEVED 1553584395 JOIN 31 9 0
RECIEVED 1553584395 INTRODUCE 36 9 0
RECIEVED 1553584395 INTRODUCE 36 9 0
RECIEVED 1553584395 INTRODUCE 36 9 0
RECIEVED 1553584395 INTRODUCE 36 9 0
RECIEVED 1553584395 INTRODUCE 36 9 0
RECIEVED 1553584395 INTRODUCE 36 9 0
RECIEVED 1553584395 INTRODUCE 36 9 0
RECIEVED 1553584395 INTRODUCE 36 9 0
RECIEVED 1553584395 INTRODUCE 36 9 0
RECIEVED 1553584395 INTRODUCE 36 9 0
RECIEVED 1553584395 INTRODUCE 36 9 0
RECIEVED 1553584395 INTRODUCE 36 9 0
RECIEVED 1553584395 INTRODUCE 36 9 0
RECIEVED 1553584395 INTRODUCE 36 9 0
# recieved string JOIN node10 172.22.156.206 8010

RECIEVED 1553584395 JOIN 32 9 0
SEND 1553584395 INTRODUCE 36 19641
SEND 1553584395 INTRODUCE 36 12145
SEND 1553584395 INTRODUCE 36 13011
SEND 1553584395 INTRODUCE 36 12772
SEND 1553584395 INTRODUCE 36 11881
SEND 1553584395 INTRODUCE 36 11240
SEND 1553584395 INTRODUCE 36 12989
SEND 1553584395 INTRODUCE 36 11741
SEND 1553584395 INTRODUCE 36 12738
RECIEVED 1553584395 INTRODUCE 36 10 0
RECIEVED 1553584395 INTRODUCE 36 10 0
RECIEVED 1553584395 INTRODUCE 36 10 0
# recieved string JOIN node11 172.22.156.206 8011

RECIEVED 1553584396 JOIN 32 10 0
SEND 1553584396 INTRODUCE 36 13556
SEND 1553584396 INTRODUCE 36 12895
SEND 1553584396 INTRODUCE 36 17616
SEND 1553584396 INTRODUCE 36 12865
SEND 1553584396 INTRODUCE 36 9208
SEND 1553584396 INTRODUCE 36 10000
SEND 1553584396 INTRODUCE 36 10560
SEND 1553584396 INTRODUCE 36 10507
SEND 1553584396 INTRODUCE 36 12409
SEND 1553584396 INTRODUCE 37 11283
RECIEVED 1553584396 INTRODUCE 36 11 0
RECIEVED 1553584396 INTRODUCE 36 11 0
RECIEVED 1553584396 INTRODUCE 36 11 0
RECIEVED 1553584396 INTRODUCE 36 11 0
RECIEVED 1553584396 INTRODUCE 36 11 0
RECIEVED 1553584396 INTRODUCE 36 11 0
RECIEVED 1553584396 INTRODUCE 36 11 0
RECIEVED 1553584396 INTRODUCE 36 11 0
# recieved string JOIN node12 172.22.156.206 8012

RECIEVED 1553584396 JOIN 32 11 0
SEND 1553584396 INTRODUCE 37 19368
SEND 1553584396 INTRODUCE 36 14011
SEND 1553584396 INTRODUCE 36 13334
SEND 1553584396 INTRODUCE 36 15396
SEND 1553584396 INTRODUCE 36 12105
SEND 1553584396 INTRODUCE 36 11569
SEND 1553584396 INTRODUCE 36 11989
SEND 1553584396 INTRODUCE 36 12047
SEND 1553584396 INTRODUCE 36 11687
SEND 1553584396 INTRODUCE 36 11668
SEND 1553584396 INTRODUCE 37 10871
RECIEVED 1553584396 INTRODUCE 37 12 0
RECIEVED 1553584396 INTRODUCE 36 12 0
RECIEVED 1553584396 INTRODUCE 37 12 0
RECIEVED 1553584396 INTRODUCE 36 12 0
# recieved string JOIN node0 172.22.94.217 8000

RECIEVED 1553584396 JOIN 30 12 0
SEND 1553584396 INTRODUCE 37 26894
SEND 1553584396 INTRODUCE 37 21268
SEND 1553584396 INTRODUCE 36 24913
SEND 1553584396 INTRODUCE 36 22772
# recieved string JOIN node3 172.22.94.217 8003

SEND 1553584396 INTRODUCE 36 14103
SEND 1553584396 INTRODUCE 36 24521
SEND 1553584396 INTRODUCE 36 15258
SEND 1553584396 INTRODUCE 37 18169
SEND 1553584396 INTRODUCE 36 22422
SEND 1553584396 INTRODUCE 36 20860
SEND 1553584396 INTRODUCE 36 21229
SEND 1553584396 INTRODUCE 36 24454
RECIEVED 1553584396 INTRODUCE 36 13 0
RECIEVED 1553584396 JOIN 30 13 0
SEND 1553584396 INTRODUCE 36 16089
SEND 1553584396 INTRODUCE 36 44979
SEND 1553584396 INTRODUCE 36 21377
SEND 1553584396 INTRODUCE 37 18831
SEND 1553584396 INTRODUCE 37 21026
SEND 1553584396 INTRODUCE 36 20157
SEND 1553584396 INTRODUCE 36 19025
SEND 1553584396 INTRODUCE 36 20227
SEND 1553584396 INTRODUCE 36 24069
SEND 1553584396 INTRODUCE 36 16338
SEND 1553584396 INTRODUCE 37 16847
SEND 1553584396 INTRODUCE 35 20324
SEND 1553584396 INTRODUCE 36 29289
RECIEVED 1553584396 INTRODUCE 36 14 0
RECIEVED 1553584396 INTRODUCE 36 14 0
RECIEVED 1553584396 INTRODUCE 37 14 0
RECIEVED 1553584396 INTRODUCE 37 14 0
SEND 1553584396 INTRODUCE 37 10901
SEND 1553584396 INTRODUCE 37 14673
SEND 1553584396 INTRODUCE 37 21452
SEND 1553584396 INTRODUCE 37 20343
SEND 1553584396 INTRODUCE 37 15670
SEND 1553584396 INTRODUCE 37 26363
SEND 1553584396 INTRODUCE 37 17343
SEND 1553584396 INTRODUCE 37 12302
SEND 1553584396 INTRODUCE 37 14896
SEND 1553584396 INTRODUCE 37 11070
SEND 1553584396 INTRODUCE 37 19832
SEND 1553584396 INTRODUCE 37 12372
SEND 1553584396 INTRODUCE 37 53334
SEND 1553584396 INTRODUCE 37 13146
SEND 1553584396 JOIN 31 14420
RECIEVED 1553584396 INTRODUCE 37 15 0
RECIEVED 1553584396 INTRODUCE 36 15 0
RECIEVED 1553584396 INTRODUCE 37 15 0
RECIEVED 1553584396 INTRODUCE 37 15 0
RECIEVED 1553584396 INTRODUCE 37 15 0
RECIEVED 1553584396 INTRODUCE 37 15 0
RECIEVED 1553584396 INTRODUCE 37 15 0
RECIEVED 1553584396 INTRODUCE 37 15 0
RECIEVED 1553584396 INTRODUCE 37 15 0
RECIEVED 1553584396 INTRODUCE 37 15 0
# recieved string JOIN node2 172.22.94.217 8002

RECIEVED 1553584396 JOIN 30 15 0
SEND 1553584396 INTRODUCE 36 45578
SEND 1553584396 INTRODUCE 36 19080
SEND 1553584396 INTRODUCE 36 16312
SEND 1553584396 INTRODUCE 36 49132
SEND 1553584396 INTRODUCE 37 16649
SEND 1553584396 INTRODUCE 36 31486
SEND 1553584396 INTRODUCE 36 17813
# recieved string JOIN node1 172.22.94.217 8001

SEND 1553584396 INTRODUCE 36 35916
SEND 1553584396 INTRODUCE 37 36351
SEND 1553584396 INTRODUCE 37 35204
SEND 1553584396 INTRODUCE 36 34852
SEND 1553584396 INTRODUCE 36 18547
SEND 1553584396 INTRODUCE 37 22323
SEND 1553584396 INTRODUCE 35 26763
SEND 1553584396 INTRODUCE 35 34169
RECIEVED 1553584396 INTRODUCE 35 16 0
SEND 1553584396 INTRODUCE 35 37915
SEND 1553584396 INTRODUCE 35 26389
SEND 1553584396 INTRODUCE 35 29538
SEND 1553584396 INTRODUCE 35 11307
SEND 1553584396 INTRODUCE 35 43048
SEND 1553584396 INTRODUCE 35 35788
SEND 1553584396 INTRODUCE 35 14531
SEND 1553584396 INTRODUCE 35 21990
SEND 1553584396 INTRODUCE 35 16955
SEND 1553584396 INTRODUCE 35 46365
SEND 1553584396 INTRODUCE 35 24367
SEND 1553584396 INTRODUCE 35 21164
SEND 1553584396 INTRODUCE 35 14858
SEND 1553584396 INTRODUCE 35 17253
SEND 1553584396 INTRODUCE 35 20886
SEND 1553584396 INTRODUCE 35 14353
SEND 1553584396 JOIN 31 29527
RECIEVED 1553584396 INTRODUCE 36 17 0
RECIEVED 1553584396 INTRODUCE 36 17 0
RECIEVED 1553584396 INTRODUCE 37 17 0
RECIEVED 1553584396 JOIN 30 17 0
RECIEVED 1553584396 INTRODUCE 37 17 0
RECIEVED 1553584396 INTRODUCE 36 17 0
RECIEVED 1553584396 INTRODUCE 36 17 0
RECIEVED 1553584396 INTRODUCE 37 17 0
RECIEVED 1553584396 INTRODUCE 35 17 0
SEND 1553584396 INTRODUCE 35 23890
SEND 1553584396 INTRODUCE 35 32355
# recieved string JOIN node9 172.22.94.217 8009

SEND 1553584396 INTRODUCE 35 15571
SEND 1553584396 INTRODUCE 35 16442
SEND 1553584396 INTRODUCE 35 17105
SEND 1553584396 INTRODUCE 35 30063
SEND 1553584396 INTRODUCE 35 25516
SEND 1553584396 INTRODUCE 35 15451
SEND 1553584396 INTRODUCE 35 15377
SEND 1553584396 INTRODUCE 35 23975
SEND 1553584396 INTRODUCE 35 14915
SEND 1553584396 INTRODUCE 35 24989
SEND 1553584396 INTRODUCE 35 41367
SEND 1553584396 INTRODUCE 35 12810
SEND 1553584396 INTRODUCE 35 12619
SEND 1553584396 INTRODUCE 35 36017
SEND 1553584396 INTRODUCE 35 13833
SEND 1553584396 JOIN 31 27893
RECIEVED 1553584396 INTRODUCE 36 18 0
RECIEVED 1553584396 INTRODUCE 36 18 0
RECIEVED 1553584396 INTRODUCE 35 18 0
RECIEVED 1553584396 INTRODUCE 36 18 0
RECIEVED 1553584396 INTRODUCE 35 18 0
RECIEVED 1553584396 INTRODUCE 35 18 0
RECIEVED 1553584396 INTRODUCE 37 18 0
RECIEVED 1553584396 INTRODUCE 35 18 0
RECIEVED 1553584396 INTRODUCE 35 18 0
RECIEVED 1553584396 INTRODUCE 35 18 0
RECIEVED 1553584396 JOIN 30 18 0
SEND 1553584396 INTRODUCE 36 22135
SEND 1553584396 INTRODUCE 37 57327
SEND 1553584396 INTRODUCE 36 20614
SEND 1553584396 INTRODUCE 36 20061
SEND 1553584396 INTRODUCE 36 37141
# recieved string JOIN node7 172.22.94.217 8007

SEND 1553584396 INTRODUCE 37 30522
SEND 1553584396 INTRODUCE 37 29702
SEND 1553584396 INTRODUCE 35 21218
SEND 1553584396 INTRODUCE 36 26847
SEND 1553584396 INTRODUCE 36 33980
SEND 1553584396 INTRODUCE 37 20278
SEND 1553584396 INTRODUCE 35 19440
SEND 1553584396 INTRODUCE 35 20795
SEND 1553584396 INTRODUCE 35 20466
SEND 1553584396 INTRODUCE 36 26597
# recieved string JOIN node4 172.22.94.217 8004

SEND 1553584396 INTRODUCE 36 23026
SEND 1553584396 INTRODUCE 36 35141
SEND 1553584396 INTRODUCE 35 23217
RECIEVED 1553584396 INTRODUCE 36 19 0
RECIEVED 1553584396 INTRODUCE 36 19 0
RECIEVED 1553584396 INTRODUCE 36 19 0
RECIEVED 1553584396 INTRODUCE 36 19 0
RECIEVED 1553584396 INTRODUCE 36 19 0
RECIEVED 1553584396 INTRODUCE 35 19 0
RECIEVED 1553584396 INTRODUCE 35 19 0
RECIEVED 1553584396 INTRODUCE 37 19 0
RECIEVED 1553584396 INTRODUCE 35 19 0
SEND 1553584396 INTRODUCE 35 21411
SEND 1553584396 INTRODUCE 35 14323
SEND 1553584396 INTRODUCE 35 29781
SEND 1553584396 INTRODUCE 35 21063
SEND 1553584396 INTRODUCE 35 45525
SEND 1553584396 INTRODUCE 35 35306
SEND 1553584396 INTRODUCE 35 12979
SEND 1553584396 INTRODUCE 35 16873
SEND 1553584396 INTRODUCE 35 24994
SEND 1553584396 INTRODUCE 35 36699
SEND 1553584396 INTRODUCE 35 14786
SEND 1553584396 INTRODUCE 35 26139
SEND 1553584396 INTRODUCE 35 22152
SEND 1553584396 INTRODUCE 35 15988
SEND 1553584396 INTRODUCE 35 13085
SEND 1553584396 INTRODUCE 35 22727
SEND 1553584396 INTRODUCE 35 13189
SEND 1553584396 INTRODUCE 35 18463
SEND 1553584396 INTRODUCE 35 14436
SEND 1553584396 JOIN 31 22355
RECIEVED 1553584396 JOIN 30 20 0
RECIEVED 1553584396 INTRODUCE 37 20 0
RECIEVED 1553584396 INTRODUCE 36 20 0
RECIEVED 1553584396 INTRODUCE 35 20 0
RECIEVED 1553584396 INTRODUCE 37 20 0
RECIEVED 1553584396 INTRODUCE 37 20 0
RECIEVED 1553584396 INTRODUCE 36 20 0
RECIEVED 1553584396 JOIN 30 20 0
RECIEVED 1553584396 INTRODUCE 35 20 0
RECIEVED 1553584396 INTRODUCE 36 20 0
RECIEVED 1553584396 INTRODUCE 35 20 0
RECIEVED 1553584396 INTRODUCE 36 20 0
RECIEVED 1553584396 INTRODUCE 37 20 0
RECIEVED 1553584396 INTRODUCE 35 20 0
RECIEVED 1553584396 INTRODUCE 36 20 0
RECIEVED 1553584396 INTRODUCE 35 20 0
RECIEVED 1553584396 INTRODUCE 35 20 0
RECIEVED 1553584396 INTRODUCE 37 20 0
RECIEVED 1553584396 INTRODUCE 35 20 0
RECIEVED 1553584396 INTRODUCE 35 20 0
# recieved string JOIN node5 172.22.94.217 8005

RECIEVED 1553584396 JOIN 30 20 0
SEND 1553584396 INTRODUCE 35 25318
SEND 1553584396 INTRODUCE 36 15846
SEND 1553584396 INTRODUCE 36 16194
SEND 1553584396 INTRODUCE 36 35546
SEND 1553584396 INTRODUCE 37 24251
SEND 1553584396 INTRODUCE 37 33406
SEND 1553584396 INTRODUCE 35 22741
SEND 1553584396 INTRODUCE 35 18578
SEND 1553584396 INTRODUCE 36 15851
SEND 1553584396 INTRODUCE 36 34950
SEND 1553584396 INTRODUCE 37 15689
SEND 1553584396 INTRODUCE 35 15788
SEND 1553584396 INTRODUCE 35 25413
SEND 1553584396 INTRODUCE 35 21018
SEND 1553584396 INTRODUCE 36 20448
SEND 1553584396 INTRODUCE 35 14860
SEND 1553584396 INTRODUCE 36 16095
SEND 1553584396 INTRODUCE 36 20544
SEND 1553584396 INTRODUCE 36 15658
SEND 1553584396 INTRODUCE 37 22687
# recieved string JOIN node10 172.22.94.217 8010

RECIEVED 1553584396 INTRODUCE 35 21 0
RECIEVED 1553584396 INTRODUCE 36 21 0
RECIEVED 1553584396 INTRODUCE 35 21 0
RECIEVED 1553584396 INTRODUCE 35 21 0
RECIEVED 1553584396 INTRODUCE 36 21 0
RECIEVED 1553584396 INTRODUCE 35 21 0
RECIEVED 1553584396 JOIN 31 21 0
SEND 1553584396 INTRODUCE 36 28698
SEND 1553584396 INTRODUCE 36 20351
SEND 1553584396 INTRODUCE 36 39416
SEND 1553584396 INTRODUCE 37 29910
SEND 1553584396 INTRODUCE 35 47293
SEND 1553584396 INTRODUCE 35 34913
SEND 1553584396 INTRODUCE 36 18976
SEND 1553584396 INTRODUCE 36 25709
SEND 1553584396 INTRODUCE 36 21607
SEND 1553584396 INTRODUCE 37 16614
SEND 1553584396 INTRODUCE 37 23501
SEND 1553584396 INTRODUCE 35 17042
SEND 1553584396 INTRODUCE 35 20750
SEND 1553584396 INTRODUCE 35 22071
SEND 1553584396 INTRODUCE 36 27774
SEND 1553584396 INTRODUCE 36 37660
SEND 1553584396 INTRODUCE 37 20578
SEND 1553584396 INTRODUCE 35 16437
SEND 1553584396 INTRODUCE 35 35866
SEND 1553584396 INTRODUCE 36 25756
SEND 1553584396 INTRODUCE 35 34459
RECIEVED 1553584396 INTRODUCE 35 22 0
RECIEVED 1553584396 INTRODUCE 35 22 0
RECIEVED 1553584396 INTRODUCE 36 22 0
RECIEVED 1553584396 INTRODUCE 35 22 0
RECIEVED 1553584396 INTRODUCE 35 22 0
RECIEVED 1553584396 INTRODUCE 35 22 0
RECIEVED 1553584396 INTRODUCE 35 22 0
SEND 1553584396 INTRODUCE 35 16030
SEND 1553584396 INTRODUCE 35 51997
SEND 1553584396 INTRODUCE 35 25164
SEND 1553584396 INTRODUCE 35 26547
SEND 1553584396 INTRODUCE 35 45384
SEND 1553584396 INTRODUCE 35 51062
SEND 1553584396 INTRODUCE 35 20093
SEND 1553584396 INTRODUCE 35 19561
SEND 1553584396 INTRODUCE 35 19859
SEND 1553584396 INTRODUCE 35 24743
SEND 1553584396 INTRODUCE 35 16838
SEND 1553584396 INTRODUCE 35 25061
SEND 1553584396 INTRODUCE 35 15647
SEND 1553584396 INTRODUCE 35 15372
SEND 1553584396 INTRODUCE 35 18613
SEND 1553584396 INTRODUCE 35 12753
SEND 1553584396 INTRODUCE 35 14316
SEND 1553584396 INTRODUCE 35 20481
# recieved string JOIN node8 172.22.94.217 8008

# recieved string JOIN node6 172.22.94.217 8006

SEND 1553584396 INTRODUCE 35 19007
SEND 1553584396 INTRODUCE 35 12539
SEND 1553584396 INTRODUCE 35 44473
SEND 1553584396 INTRODUCE 35 26604
SEND 1553584396 JOIN 31 16716
RECIEVED 1553584396 INTRODUCE 35 23 0
RECIEVED 1553584396 INTRODUCE 37 23 0
RECIEVED 1553584396 INTRODUCE 36 23 0
RECIEVED 1553584396 INTRODUCE 35 23 0
RECIEVED 1553584396 INTRODUCE 35 23 0
RECIEVED 1553584396 INTRODUCE 35 23 0
RECIEVED 1553584396 INTRODUCE 37 23 0
RECIEVED 1553584396 INTRODUCE 35 23 0
RECIEVED 1553584396 INTRODUCE 35 23 0
RECIEVED 1553584396 INTRODUCE 35 23 0
RECIEVED 1553584396 INTRODUCE 35 23 0
RECIEVED 1553584396 INTRODUCE 35 23 0
RECIEVED 1553584396 JOIN 30 23 0
SEND 1553584396 INTRODUCE 36 13226
SEND 1553584396 INTRODUCE 35 28863
SEND 1553584396 INTRODUCE 36 21344
SEND 1553584396 INTRODUCE 36 14937
SEND 1553584396 INTRODUCE 36 20309
SEND 1553584396 INTRODUCE 37 22900
SEND 1553584396 INTRODUCE 36 20247
SEND 1553584396 INTRODUCE 35 20614
# recieved string JOIN node11 172.22.94.217 8011

SEND 1553584396 INTRODUCE 35 15269
SEND 1553584396 INTRODUCE 36 26328
SEND 1553584396 INTRODUCE 36 21468
# recieved string JOIN node12 172.22.94.217 8012

SEND 1553584396 INTRODUCE 36 20549
SEND 1553584396 INTRODUCE 37 20460
SEND 1553584396 INTRODUCE 37 20614
SEND 1553584396 INTRODUCE 35 15394
SEND 1553584396 INTRODUCE 35 21559
SEND 1553584396 INTRODUCE 35 20985
SEND 1553584396 INTRODUCE 36 23921
SEND 1553584396 INTRODUCE 36 21533
SEND 1553584396 INTRODUCE 37 19278
SEND 1553584396 INTRODUCE 35 21924
SEND 1553584396 INTRODUCE 35 15258
SEND 1553584396 INTRODUCE 35 26512
RECIEVED 1553584396 JOIN 30 24 0
RECIEVED 1553584396 INTRODUCE 37 24 0
RECIEVED 1553584396 INTRODUCE 35 24 0
RECIEVED 1553584396 INTRODUCE 35 24 0
RECIEVED 1553584396 INTRODUCE 35 24 0
RECIEVED 1553584396 TRANSACTION 81 24 0
UPDATE 1553584396 TRANSACTION 15e12a5a878c40c2709eda3c5ac81db2
SEND 1553584396 TRANSACTION 81 15352 15e12a5a878c40c2709eda3c5ac81db2
SEND 1553584396 TRANSACTION 81 13493 15e12a5a878c40c2709eda3c5ac81db2
SEND 1553584396 TRANSACTION 81 21394 15e12a5a878c40c2709eda3c5ac81db2
SEND 1553584396 TRANSACTION 81 20501 15e12a5a878c40c2709eda3c5ac81db2
SEND 1553584396 TRANSACTION 81 21704 15e12a5a878c40c2709eda3c5ac81db2
SEND 1553584396 TRANSACTION 81 11847 15e12a5a878c40c2709eda3c5ac81db2
RECIEVED 1553584396 INTRODUCE 36 24 1
RECIEVED 1553584396 INTRODUCE 35 24 1
RECIEVED 1553584396 INTRODUCE 35 24 1
RECIEVED 1553584396 INTRODUCE 37 24 1
RECIEVED 1553584396 INTRODUCE 35 24 1
RECIEVED 1553584396 JOIN 31 24 1
SEND 1553584396 INTRODUCE 35 21326
SEND 1553584396 INTRODUCE 36 14817
SEND 1553584396 INTRODUCE 36 22223
SEND 1553584396 INTRODUCE 36 13979
SEND 1553584396 INTRODUCE 37 24957
SEND 1553584396 INTRODUCE 36 20731
SEND 1553584396 INTRODUCE 35 34953
SEND 1553584397 INTRODUCE 35 19477
SEND 1553584397 INTRODUCE 35 18811
SEND 1553584397 INTRODUCE 36 18816
SEND 1553584397 INTRODUCE 36 14530
SEND 1553584397 INTRODUCE 36 19251
SEND 1553584397 INTRODUCE 37 19657
SEND 1553584397 INTRODUCE 37 18762
SEND 1553584397 INTRODUCE 35 23110
SEND 1553584397 INTRODUCE 35 29814
SEND 1553584397 INTRODUCE 35 15071
SEND 1553584397 INTRODUCE 36 14321
SEND 1553584397 INTRODUCE 36 14285
SEND 1553584397 INTRODUCE 37 19871
SEND 1553584397 INTRODUCE 35 23613
SEND 1553584397 INTRODUCE 35 20285
SEND 1553584397 INTRODUCE 36 15285
SEND 1553584397 INTRODUCE 35 24032
RECIEVED 1553584397 INTRODUCE 35 25 1
RECIEVED 1553584397 JOIN 31 25 1
SEND 1553584397 INTRODUCE 35 26853
SEND 1553584397 INTRODUCE 36 23522
SEND 1553584397 INTRODUCE 36 16960
SEND 1553584397 INTRODUCE 36 33221
SEND 1553584397 INTRODUCE 37 23091
SEND 1553584397 INTRODUCE 37 26103
SEND 1553584397 INTRODUCE 35 28050
SEND 1553584397 INTRODUCE 35 14638
SEND 1553584397 INTRODUCE 35 23900
SEND 1553584397 INTRODUCE 36 14902
SEND 1553584397 INTRODUCE 36 15339
SEND 1553584397 INTRODUCE 37 20070
SEND 1553584397 INTRODUCE 35 16338
SEND 1553584397 INTRODUCE 35 36547
SEND 1553584397 INTRODUCE 35 15523
SEND 1553584397 INTRODUCE 35 16092
SEND 1553584397 INTRODUCE 36 16473
SEND 1553584397 INTRODUCE 35 15675
SEND 1553584397 INTRODUCE 36 14749
SEND 1553584397 INTRODUCE 36 19324
SEND 1553584397 INTRODUCE 36 16751
SEND 1553584397 INTRODUCE 37 15712
SEND 1553584397 INTRODUCE 36 14968
SEND 1553584397 INTRODUCE 35 18678
SEND 1553584397 INTRODUCE 36 16639
RECIEVED 1553584397 INTRODUCE 35 26 1
RECIEVED 1553584397 INTRODUCE 35 26 1
RECIEVED 1553584397 INTRODUCE 35 26 1
RECIEVED 1553584397 INTRODUCE 36 26 1
RECIEVED 1553584397 INTRODUCE 36 26 1
RECIEVED 1553584397 INTRODUCE 36 26 1
RECIEVED 1553584397 INTRODUCE 36 26 1
RECIEVED 1553584397 INTRODUCE 36 26 1
RECIEVED 1553584397 INTRODUCE 36 26 1
RECIEVED 1553584397 INTRODUCE 35 26 1
RECIEVED 1553584397 INTRODUCE 35 26 1
RECIEVED 1553584397 INTRODUCE 36 26 1
RECIEVED 1553584397 INTRODUCE 35 26 1
RECIEVED 1553584397 INTRODUCE 36 26 1
RECIEVED 1553584397 INTRODUCE 36 26 1
RECIEVED 1553584397 INTRODUCE 35 26 1
RECIEVED 1553584397 INTRODUCE 36 26 1
RECIEVED 1553584397 INTRODUCE 36 26 1
RECIEVED 1553584397 INTRODUCE 35 26 1
RECIEVED 1553584397 INTRODUCE 36 26 1
RECIEVED 1553584397 INTRODUCE 36 26 1
RECIEVED 1553584397 INTRODUCE 36 26 1
RECIEVED 1553584397 INTRODUCE 36 26 1
RECIEVED 1553584397 INTRODUCE 35 26 1
RECIEVED 1553584397 INTRODUCE 37 26 1
RECIEVED 1553584397 INTRODUCE 37 26 1
RECIEVED 1553584397 INTRODUCE 35 26 1
RECIEVED 1553584397 INTRODUCE 35 26 1
RECIEVED 1553584397 INTRODUCE 35 26 1
RECIEVED 1553584397 INTRODUCE 35 26 1
RECIEVED 1553584397 INTRODUCE 36 26 1
RECIEVED 1553584397 INTRODUCE 35 26 1
RECIEVED 1553584397 INTRODUCE 37 26 1
RECIEVED 1553584397 INTRODUCE 35 26 1
RECIEVED 1553584397 TRANSACTION 81 26 1
RECIEVED 1553584397 INTRODUCE 36 26 1
RECIEVED 1553584397 INTRODUCE 35 26 1
RECIEVED 1553584397 INTRODUCE 35 26 1
RECIEVED 1553584397 INTRODUCE 35 26 1
RECIEVED 1553584397 INTRODUCE 35 26 1
RECIEVED 1553584397 INTRODUCE 35 26 1
RECIEVED 1553584397 INTRODUCE 37 26 1
RECIEVED 1553584397 TRANSACTION 81 26 1
UPDATE 1553584397 TRANSACTION 534e6db543fef336ed5a090881d34f7f
SEND 1553584397 TRANSACTION 81 11390 534e6db543fef336ed5a090881d34f7f
SEND 1553584397 TRANSACTION 81 22466 534e6db543fef336ed5a090881d34f7f
SEND 1553584397 TRANSACTION 81 30439 534e6db543fef336ed5a090881d34f7f
SEND 1553584397 TRANSACTION 81 14487 534e6db543fef336ed5a090881d34f7f
SEND 1553584397 TRANSACTION 81 13327 534e6db543fef336ed5a090881d34f7f
SEND 1553584397 TRANSACTION 81 23207 534e6db543fef336ed5a090881d34f7f
SEND 1553584397 TRANSACTION 81 22746 534e6db543fef336ed5a090881d34f7f
SEND 1553584397 TRANSACTION 81 14574 534e6db543fef336ed5a090881d34f7f
SEND 1553584397 TRANSACTION 81 19700 534e6db543fef336ed5a090881d34f7f
SEND 1553584397 TRANSACTION 81 16259 534e6db543fef336ed5a090881d34f7f
SEND 1553584397 TRANSACTION 81 14727 534e6db543fef336ed5a090881d34f7f
RECIEVED 1553584397 INTRODUCE 37 26 2
RECIEVED 1553584397 INTRODUCE 35 26 2
RECIEVED 1553584397 TRANSACTION 81 26 2
RECIEVED 1553584397 INTRODUCE 36 26 2
RECIEVED 1553584397 TRANSACTION 81 26 2
RECIEVED 1553584397 TRANSACTION 81 26 2
RECIEVED 1553584397 INTRODUCE 36 26 2
RECIEVED 1553584397 TRANSACTION 81 26 2
RECIEVED 1553584397 INTRODUCE 36 26 2
RECIEVED 1553584397 INTRODUCE 35 26 2
RECIEVED 1553584397 INTRODUCE 36 26 2
RECIEVED 1553584397 INTRODUCE 35 26 2
RECIEVED 1553584397 INTRODUCE 36 26 2
RECIEVED 1553584397 INTRODUCE 36 26 2
RECIEVED 1553584397 INTRODUCE 37 26 2
RECIEVED 1553584397 INTRODUCE 36 26 2
RECIEVED 1553584397 INTRODUCE 35 26 2
RECIEVED 1553584397 INTRODUCE 36 26 2
RECIEVED 1553584397 INTRODUCE 36 26 2
RECIEVED 1553584397 INTRODUCE 36 26 2
RECIEVED 1553584397 INTRODUCE 36 26 2
RECIEVED 1553584397 INTRODUCE 35 26 2
RECIEVED 1553584397 INTRODUCE 37 26 2
RECIEVED 1553584397 INTRODUCE 35 26 2
RECIEVED 1553584397 TRANSACTION 82 26 2
UPDATE 1553584397 TRANSACTION fd4ebfeb24179ff15328d39c63a66c03
SEND 1553584397 TRANSACTION 82 15536 fd4ebfeb24179ff15328d39c63a66c03
SEND 1553584397 TRANSACTION 82 21605 fd4ebfeb24179ff15328d39c63a66c03
SEND 1553584397 TRANSACTION 82 24877 fd4ebfeb24179ff15328d39c63a66c03
SEND 1553584397 TRANSACTION 82 18616 fd4ebfeb24179ff15328d39c63a66c03
SEND 1553584397 TRANSACTION 82 27816 fd4ebfeb24179ff15328d39c63a66c03
SEND 1553584397 TRANSACTION 82 15529 fd4ebfeb24179ff15328d39c63a66c03
SEND 1553584397 TRANSACTION 82 14718 fd4ebfeb24179ff15328d39c63a66c03
SEND 1553584397 TRANSACTION 82 21749 fd4ebfeb24179ff15328d39c63a66c03
SEND 1553584397 TRANSACTION 82 16037 fd4ebfeb24179ff15328d39c63a66c03
RECIEVED 1553584397 TRANSACTION 82 26 3
RECIEVED 1553584397 TRANSACTION 82 26 3
RECIEVED 1553584397 INTRODUCE 35 26 3
RECIEVED 1553584397 INTRODUCE 35 26 3
RECIEVED 1553584397 INTRODUCE 35 26 3
RECIEVED 1553584397 INTRODUCE 36 26 3
RECIEVED 1553584397 TRANSACTION 82 26 3
RECIEVED 1553584397 INTRODUCE 35 26 3
RECIEVED 1553584397 INTRODUCE 35 26 3
RECIEVED 1553584397 INTRODUCE 35 26 3
RECIEVED 1553584397 INTRODUCE 35 26 3
RECIEVED 1553584397 INTRODUCE 36 26 3
RECIEVED 1553584397 TRANSACTION 81 26 3
RECIEVED 1553584397 INTRODUCE 35 26 3
RECIEVED 1553584397 INTRODUCE 36 26 3
RECIEVED 1553584397 INTRODUCE 36 26 3
RECIEVED 1553584397 INTRODUCE 35 26 3
RECIEVED 1553584397 INTRODUCE 36 26 3
RECIEVED 1553584397 INTRODUCE 36 26 3
RECIEVED 1553584397 INTRODUCE 36 26 3
RECIEVED 1553584397 INTRODUCE 37 26 3
RECIEVED 1553584397 INTRODUCE 35 26 3
# recieved string JOIN node13 172.22.94.217 8013

RECIEVED 1553584397 JOIN 31 26 3
SEND 1553584397 INTRODUCE 36 20991
SEND 1553584397 INTRODUCE 37 21799
SEND 1553584397 INTRODUCE 35 21731
SEND 1553584397 INTRODUCE 35 20973
SEND 1553584397 INTRODUCE 35 25101
SEND 1553584397 INTRODUCE 35 17143
SEND 1553584397 INTRODUCE 35 17285
SEND 1553584397 INTRODUCE 36 20736
SEND 1553584397 INTRODUCE 35 14634
SEND 1553584397 INTRODUCE 36 24712
SEND 1553584397 INTRODUCE 36 19961
SEND 1553584397 INTRODUCE 36 14909
SEND 1553584397 INTRODUCE 36 16168
SEND 1553584397 INTRODUCE 37 19994
SEND 1553584397 INTRODUCE 36 30444
SEND 1553584397 INTRODUCE 35 15017
SEND 1553584397 INTRODUCE 36 16720
SEND 1553584397 INTRODUCE 36 19193
SEND 1553584397 INTRODUCE 36 21796
SEND 1553584397 INTRODUCE 36 20175
SEND 1553584397 INTRODUCE 37 15251
SEND 1553584397 INTRODUCE 37 35700
SEND 1553584397 INTRODUCE 35 24212
SEND 1553584397 INTRODUCE 35 18858
SEND 1553584397 INTRODUCE 35 19271
SEND 1553584397 INTRODUCE 36 19099
RECIEVED 1553584397 INTRODUCE 36 27 3
RECIEVED 1553584397 INTRODUCE 36 27 3
RECIEVED 1553584397 INTRODUCE 36 27 3
RECIEVED 1553584397 INTRODUCE 35 27 3
RECIEVED 1553584397 INTRODUCE 36 27 3
RECIEVED 1553584397 TRANSACTION 81 27 3
RECIEVED 1553584397 INTRODUCE 36 27 3
RECIEVED 1553584397 INTRODUCE 36 27 3
RECIEVED 1553584397 INTRODUCE 35 27 3
RECIEVED 1553584397 INTRODUCE 36 27 3
RECIEVED 1553584397 INTRODUCE 36 27 3
RECIEVED 1553584397 INTRODUCE 36 27 3
RECIEVED 1553584397 INTRODUCE 36 27 3
RECIEVED 1553584397 INTRODUCE 36 27 3
RECIEVED 1553584397 INTRODUCE 35 27 3
RECIEVED 1553584397 INTRODUCE 37 27 3
RECIEVED 1553584397 INTRODUCE 36 27 3
RECIEVED 1553584397 INTRODUCE 36 27 3
# recieved string JOIN node14 172.22.156.206 8014

RECIEVED 1553584397 JOIN 32 27 3
SEND 1553584397 INTRODUCE 37 13917
SEND 1553584397 INTRODUCE 36 13809
SEND 1553584397 INTRODUCE 36 11105
SEND 1553584397 INTRODUCE 37 12342
SEND 1553584397 INTRODUCE 35 16301
SEND 1553584397 INTRODUCE 37 17544
SEND 1553584397 INTRODUCE 35 12210
SEND 1553584397 INTRODUCE 35 10587
SEND 1553584397 INTRODUCE 35 12931
SEND 1553584397 INTRODUCE 36 11470
SEND 1553584397 INTRODUCE 36 11193
SEND 1553584397 INTRODUCE 36 10955
SEND 1553584397 INTRODUCE 36 10769
SEND 1553584397 INTRODUCE 36 11078
SEND 1553584397 INTRODUCE 36 12161
SEND 1553584397 INTRODUCE 35 39585
SEND 1553584397 INTRODUCE 35 11748
SEND 1553584397 INTRODUCE 35 14961
SEND 1553584397 INTRODUCE 36 13450
SEND 1553584397 INTRODUCE 36 11600
SEND 1553584397 INTRODUCE 36 10779
SEND 1553584397 INTRODUCE 35 10881
SEND 1553584397 INTRODUCE 36 11417
SEND 1553584397 INTRODUCE 35 20605
SEND 1553584397 INTRODUCE 35 11062
SEND 1553584397 INTRODUCE 36 12190
SEND 1553584397 INTRODUCE 37 13133
RECIEVED 1553584397 INTRODUCE 35 28 3
RECIEVED 1553584397 INTRODUCE 36 28 3
RECIEVED 1553584397 INTRODUCE 35 28 3
RECIEVED 1553584397 INTRODUCE 36 28 3
RECIEVED 1553584397 INTRODUCE 36 28 3
RECIEVED 1553584397 INTRODUCE 36 28 3
RECIEVED 1553584397 INTRODUCE 36 28 3
RECIEVED 1553584397 INTRODUCE 36 28 3
RECIEVED 1553584397 INTRODUCE 36 28 3
RECIEVED 1553584397 INTRODUCE 36 28 3
RECIEVED 1553584397 INTRODUCE 36 28 3
RECIEVED 1553584397 TRANSACTION 81 28 3
RECIEVED 1553584397 INTRODUCE 36 28 3
RECIEVED 1553584397 INTRODUCE 36 28 3
RECIEVED 1553584397 INTRODUCE 35 28 3
RECIEVED 1553584397 INTRODUCE 36 28 3
RECIEVED 1553584397 INTRODUCE 36 28 3
RECIEVED 1553584397 TRANSACTION 82 28 3
RECIEVED 1553584397 INTRODUCE 36 28 3
RECIEVED 1553584397 INTRODUCE 35 28 3
RECIEVED 1553584397 INTRODUCE 37 28 3
RECIEVED 1553584397 INTRODUCE 37 28 3
RECIEVED 1553584397 INTRODUCE 35 28 3
RECIEVED 1553584397 INTRODUCE 35 28 3
RECIEVED 1553584397 INTRODUCE 37 28 3
RECIEVED 1553584397 INTRODUCE 36 28 3
RECIEVED 1553584397 INTRODUCE 36 28 3
RECIEVED 1553584397 INTRODUCE 37 28 3
# recieved string JOIN node0 172.22.156.208 8000

RECIEVED 1553584397 JOIN 31 28 3
SEND 1553584397 INTRODUCE 35 9965
SEND 1553584397 INTRODUCE 35 10348
SEND 1553584397 INTRODUCE 35 10528
SEND 1553584397 INTRODUCE 36 15210
SEND 1553584397 INTRODUCE 35 16696
SEND 1553584397 INTRODUCE 36 11881
# recieved string JOIN node14 172.22.94.217 8014

SEND 1553584397 INTRODUCE 36 14612
SEND 1553584397 INTRODUCE 36 9481
SEND 1553584397 INTRODUCE 35 19855
SEND 1553584397 INTRODUCE 35 11176
SEND 1553584397 INTRODUCE 36 11296
SEND 1553584397 INTRODUCE 37 11691
SEND 1553584397 INTRODUCE 36 16986
SEND 1553584397 INTRODUCE 37 15579
SEND 1553584397 INTRODUCE 37 10465
SEND 1553584397 INTRODUCE 36 9137
SEND 1553584397 INTRODUCE 35 10362
SEND 1553584397 INTRODUCE 35 9839
SEND 1553584397 INTRODUCE 35 19608
SEND 1553584397 INTRODUCE 37 10679
SEND 1553584397 INTRODUCE 35 10367
SEND 1553584397 INTRODUCE 37 26807
SEND 1553584397 INTRODUCE 36 11435
SEND 1553584397 INTRODUCE 36 9907
SEND 1553584397 INTRODUCE 36 10435
SEND 1553584397 INTRODUCE 36 10566
SEND 1553584397 INTRODUCE 36 14341
# recieved string JOIN node1 172.22.156.208 8001

SEND 1553584397 INTRODUCE 36 13926
RECIEVED 1553584397 JOIN 31 29 3
SEND 1553584397 INTRODUCE 36 16814
SEND 1553584397 INTRODUCE 36 30657
SEND 1553584397 INTRODUCE 37 10126
SEND 1553584397 INTRODUCE 37 15323
SEND 1553584397 INTRODUCE 35 13041
SEND 1553584397 INTRODUCE 37 32416
SEND 1553584397 INTRODUCE 35 14226
SEND 1553584397 INTRODUCE 35 11049
SEND 1553584397 INTRODUCE 35 20753
SEND 1553584397 INTRODUCE 36 44460
SEND 1553584397 INTRODUCE 36 34340
SEND 1553584397 INTRODUCE 37 9839
SEND 1553584397 INTRODUCE 36 21478
SEND 1553584397 INTRODUCE 36 9196
SEND 1553584397 INTRODUCE 36 11401
SEND 1553584397 INTRODUCE 36 13570
SEND 1553584397 INTRODUCE 36 9671
SEND 1553584397 INTRODUCE 36 38951
SEND 1553584397 INTRODUCE 35 10839
SEND 1553584397 INTRODUCE 35 14784
SEND 1553584397 INTRODUCE 35 10828
SEND 1553584397 INTRODUCE 36 10351
SEND 1553584397 INTRODUCE 36 28118
SEND 1553584397 INTRODUCE 35 39889
SEND 1553584397 INTRODUCE 36 15159
SEND 1553584397 INTRODUCE 35 16114
SEND 1553584397 INTRODUCE 36 10702
SEND 1553584397 INTRODUCE 37 35170
SEND 1553584397 INTRODUCE 35 13808
RECIEVED 1553584397 INTRODUCE 36 30 3
RECIEVED 1553584397 INTRODUCE 35 30 3
RECIEVED 1553584397 INTRODUCE 35 30 3
RECIEVED 1553584397 INTRODUCE 37 30 3
RECIEVED 1553584397 INTRODUCE 36 30 3
RECIEVED 1553584397 INTRODUCE 35 30 3
RECIEVED 1553584397 JOIN 31 30 3
SEND 1553584397 INTRODUCE 37 15186
# recieved string JOIN node3 172.22.156.208 8003

SEND 1553584397 INTRODUCE 35 14333
SEND 1553584397 INTRODUCE 36 30974
SEND 1553584397 INTRODUCE 36 82195
# recieved string JOIN node8 172.22.156.208 8008

SEND 1553584397 INTRODUCE 37 19483
SEND 1553584397 INTRODUCE 37 34196
SEND 1553584397 INTRODUCE 36 40625
SEND 1553584397 INTRODUCE 35 10216
SEND 1553584397 INTRODUCE 35 38101
SEND 1553584397 INTRODUCE 35 28038
SEND 1553584397 INTRODUCE 35 31660
SEND 1553584397 INTRODUCE 37 39038
SEND 1553584397 INTRODUCE 36 50990
SEND 1553584397 INTRODUCE 37 13645
SEND 1553584397 INTRODUCE 36 14531
SEND 1553584397 INTRODUCE 36 17902
SEND 1553584397 INTRODUCE 36 17285
SEND 1553584397 INTRODUCE 36 10542
SEND 1553584397 INTRODUCE 36 11218
SEND 1553584397 INTRODUCE 36 11094
SEND 1553584397 INTRODUCE 36 15388
SEND 1553584397 INTRODUCE 35 9811
SEND 1553584397 INTRODUCE 35 16404
SEND 1553584397 INTRODUCE 35 38751
SEND 1553584397 INTRODUCE 36 16956
SEND 1553584397 INTRODUCE 36 16856
SEND 1553584397 INTRODUCE 35 15789
SEND 1553584397 INTRODUCE 36 10516
SEND 1553584397 INTRODUCE 35 10712
SEND 1553584397 INTRODUCE 36 13241
RECIEVED 1553584397 INTRODUCE 36 31 3
RECIEVED 1553584397 INTRODUCE 35 31 3
RECIEVED 1553584397 INTRODUCE 36 31 3
RECIEVED 1553584397 INTRODUCE 35 31 3
RECIEVED 1553584397 INTRODUCE 36 31 3
RECIEVED 1553584397 INTRODUCE 35 31 3
RECIEVED 1553584397 INTRODUCE 36 31 3
RECIEVED 1553584397 INTRODUCE 37 31 3
RECIEVED 1553584397 JOIN 31 31 3
SEND 1553584397 INTRODUCE 36 9884
SEND 1553584397 INTRODUCE 35 18038
SEND 1553584397 INTRODUCE 35 10898
SEND 1553584397 INTRODUCE 36 12549
SEND 1553584397 INTRODUCE 36 9799
SEND 1553584397 INTRODUCE 37 9481
SEND 1553584397 INTRODUCE 37 15567
SEND 1553584397 INTRODUCE 37 11096
SEND 1553584397 INTRODUCE 36 33494
SEND 1553584397 INTRODUCE 36 14941
SEND 1553584397 INTRODUCE 35 14163
SEND 1553584397 INTRODUCE 35 10312
SEND 1553584397 INTRODUCE 35 10724
SEND 1553584397 INTRODUCE 37 10969
SEND 1553584397 INTRODUCE 35 19357
SEND 1553584397 INTRODUCE 37 11139
SEND 1553584397 INTRODUCE 36 11463
SEND 1553584397 INTRODUCE 36 10089
SEND 1553584397 INTRODUCE 36 14916
SEND 1553584397 INTRODUCE 36 11725
SEND 1553584397 INTRODUCE 36 28203
SEND 1553584397 INTRODUCE 36 43028
SEND 1553584397 INTRODUCE 36 35774
SEND 1553584397 INTRODUCE 36 38433
SEND 1553584397 INTRODUCE 35 14638
SEND 1553584397 INTRODUCE 35 10595
SEND 1553584397 INTRODUCE 36 14938
SEND 1553584397 INTRODUCE 35 11309
SEND 1553584397 INTRODUCE 35 14605
SEND 1553584397 INTRODUCE 36 13965
SEND 1553584397 INTRODUCE 36 10483
RECIEVED 1553584397 INTRODUCE 36 32 3
RECIEVED 1553584397 INTRODUCE 36 32 3
RECIEVED 1553584397 JOIN 31 32 3
SEND 1553584397 INTRODUCE 36 12566
SEND 1553584397 INTRODUCE 36 48529
SEND 1553584397 INTRODUCE 36 49705
SEND 1553584397 INTRODUCE 36 11122
SEND 1553584397 INTRODUCE 37 47930
SEND 1553584397 INTRODUCE 36 14268
SEND 1553584397 INTRODUCE 36 18344
SEND 1553584397 INTRODUCE 36 13867
SEND 1553584397 INTRODUCE 36 12713
SEND 1553584397 INTRODUCE 36 37458
SEND 1553584397 INTRODUCE 35 13317
SEND 1553584397 INTRODUCE 36 10396
SEND 1553584397 INTRODUCE 35 31970
SEND 1553584397 INTRODUCE 35 10812
SEND 1553584397 INTRODUCE 36 12468
SEND 1553584397 INTRODUCE 36 39033
SEND 1553584397 INTRODUCE 35 11380
SEND 1553584397 INTRODUCE 36 9906
SEND 1553584397 INTRODUCE 35 10267
SEND 1553584397 INTRODUCE 36 11136
SEND 1553584397 INTRODUCE 36 13077
SEND 1553584397 INTRODUCE 37 14735
SEND 1553584397 INTRODUCE 35 33378
SEND 1553584397 INTRODUCE 37 9694
SEND 1553584397 INTRODUCE 36 14654
SEND 1553584397 INTRODUCE 36 10327
SEND 1553584397 INTRODUCE 37 10759
SEND 1553584397 INTRODUCE 35 11674
SEND 1553584397 INTRODUCE 35 10848
SEND 1553584397 INTRODUCE 37 11210
SEND 1553584397 INTRODUCE 35 10357
SEND 1553584397 INTRODUCE 35 33819
RECIEVED 1553584397 INTRODUCE 35 33 3
RECIEVED 1553584397 INTRODUCE 37 33 3
SEND 1553584397 INTRODUCE 37 15478
SEND 1553584397 INTRODUCE 37 14137
SEND 1553584397 INTRODUCE 37 14397
SEND 1553584397 INTRODUCE 37 12248
SEND 1553584397 INTRODUCE 37 16437
SEND 1553584397 INTRODUCE 37 12485
SEND 1553584397 INTRODUCE 37 14422
SEND 1553584397 INTRODUCE 37 11263
SEND 1553584397 INTRODUCE 37 14232
SEND 1553584397 INTRODUCE 37 14405
SEND 1553584397 INTRODUCE 37 31272
SEND 1553584397 INTRODUCE 37 12597
SEND 1553584397 INTRODUCE 37 22560
SEND 1553584397 INTRODUCE 37 11250
SEND 1553584397 INTRODUCE 37 15813
SEND 1553584397 INTRODUCE 37 13691
SEND 1553584397 INTRODUCE 37 17407
SEND 1553584397 INTRODUCE 37 27948
SEND 1553584397 INTRODUCE 37 10328
SEND 1553584397 INTRODUCE 37 15105
SEND 1553584397 INTRODUCE 37 12812
SEND 1553584397 INTRODUCE 37 11614
SEND 1553584397 INTRODUCE 37 11637
SEND 1553584397 INTRODUCE 37 11822
SEND 1553584397 INTRODUCE 37 30445
SEND 1553584397 INTRODUCE 37 14490
SEND 1553584397 INTRODUCE 37 14502
SEND 1553584397 INTRODUCE 37 32379
SEND 1553584397 INTRODUCE 37 11304
SEND 1553584397 INTRODUCE 37 15480
SEND 1553584397 INTRODUCE 37 13907
SEND 1553584397 INTRODUCE 37 11925
SEND 1553584397 INTRODUCE 37 36510
SEND 1553584397 JOIN 31 28785
RECIEVED 1553584397 INTRODUCE 37 34 3
RECIEVED 1553584397 INTRODUCE 36 34 3
RECIEVED 1553584397 INTRODUCE 36 34 3
RECIEVED 1553584397 INTRODUCE 36 34 3
RECIEVED 1553584397 INTRODUCE 37 34 3
RECIEVED 1553584397 INTRODUCE 35 34 3
RECIEVED 1553584397 INTRODUCE 37 34 3
RECIEVED 1553584397 INTRODUCE 37 34 3
RECIEVED 1553584397 INTRODUCE 36 34 3
RECIEVED 1553584397 INTRODUCE 37 34 3
RECIEVED 1553584397 INTRODUCE 36 34 3
RECIEVED 1553584397 INTRODUCE 35 34 3
RECIEVED 1553584397 INTRODUCE 37 34 3
RECIEVED 1553584397 INTRODUCE 36 34 3
RECIEVED 1553584397 INTRODUCE 36 34 3
RECIEVED 1553584397 INTRODUCE 36 34 3
RECIEVED 1553584397 INTRODUCE 37 34 3
RECIEVED 1553584397 INTRODUCE 37 34 3
RECIEVED 1553584397 INTRODUCE 37 34 3
RECIEVED 1553584397 INTRODUCE 37 34 3
RECIEVED 1553584397 INTRODUCE 37 34 3
RECIEVED 1553584397 INTRODUCE 37 34 3
RECIEVED 1553584397 INTRODUCE 37 34 3
RECIEVED 1553584397 INTRODUCE 37 34 3
RECIEVED 1553584397 INTRODUCE 36 34 3
RECIEVED 1553584397 INTRODUCE 36 34 3
RECIEVED 1553584397 INTRODUCE 37 34 3
RECIEVED 1553584397 INTRODUCE 35 34 3
RECIEVED 1553584397 INTRODUCE 36 34 3
RECIEVED 1553584397 INTRODUCE 35 34 3
RECIEVED 1553584397 INTRODUCE 37 34 3
RECIEVED 1553584397 INTRODUCE 37 34 3
RECIEVED 1553584397 INTRODUCE 36 34 3
RECIEVED 1553584397 INTRODUCE 35 34 3
RECIEVED 1553584397 INTRODUCE 36 34 3
RECIEVED 1553584397 INTRODUCE 36 34 3
RECIEVED 1553584397 INTRODUCE 35 34 3
RECIEVED 1553584397 INTRODUCE 37 34 3
RECIEVED 1553584397 INTRODUCE 36 34 3
RECIEVED 1553584397 INTRODUCE 35 34 3
RECIEVED 1553584397 INTRODUCE 37 34 3
RECIEVED 1553584397 INTRODUCE 35 34 3
RECIEVED 1553584397 INTRODUCE 37 34 3
RECIEVED 1553584397 INTRODUCE 37 34 3
RECIEVED 1553584397 INTRODUCE 37 34 3
RECIEVED 1553584397 INTRODUCE 37 34 3
RECIEVED 1553584397 INTRODUCE 37 34 3
RECIEVED 1553584397 INTRODUCE 37 34 3
RECIEVED 1553584397 INTRODUCE 37 34 3
RECIEVED 1553584397 INTRODUCE 36 34 3
RECIEVED 1553584397 INTRODUCE 37 34 3
RECIEVED 1553584397 INTRODUCE 35 34 3
RECIEVED 1553584397 INTRODUCE 36 34 3
RECIEVED 1553584397 INTRODUCE 36 34 3
RECIEVED 1553584397 INTRODUCE 35 34 3
RECIEVED 1553584397 INTRODUCE 35 34 3
RECIEVED 1553584397 INTRODUCE 35 34 3
RECIEVED 1553584397 INTRODUCE 36 34 3
RECIEVED 1553584397 INTRODUCE 36 34 3
RECIEVED 1553584397 INTRODUCE 36 34 3
RECIEVED 1553584397 INTRODUCE 35 34 3
RECIEVED 1553584397 INTRODUCE 37 34 3
RECIEVED 1553584397 INTRODUCE 36 34 3
RECIEVED 1553584397 INTRODUCE 37 34 3
RECIEVED 1553584397 INTRODUCE 36 34 3
# recieved string JOIN node4 172.22.156.208 8004

RECIEVED 1553584397 JOIN 31 34 3
SEND 1553584397 INTRODUCE 36 8958
SEND 1553584397 INTRODUCE 36 11046
SEND 1553584397 INTRODUCE 37 14546
SEND 1553584397 INTRODUCE 37 10581
SEND 1553584397 INTRODUCE 37 21161
SEND 1553584397 INTRODUCE 35 41284
SEND 1553584397 INTRODUCE 35 11187
SEND 1553584397 INTRODUCE 35 21535
SEND 1553584397 INTRODUCE 35 23127
SEND 1553584397 INTRODUCE 36 34895
SEND 1553584397 INTRODUCE 36 19872
SEND 1553584397 INTRODUCE 37 19162
SEND 1553584397 INTRODUCE 36 10731
SEND 1553584397 INTRODUCE 36 11083
SEND 1553584397 INTRODUCE 36 15685
SEND 1553584397 INTRODUCE 36 13613
SEND 1553584397 INTRODUCE 36 14677
SEND 1553584397 INTRODUCE 36 38551
SEND 1553584397 INTRODUCE 36 49037
SEND 1553584397 INTRODUCE 37 14915
SEND 1553584397 INTRODUCE 36 10790
SEND 1553584397 INTRODUCE 35 31978
SEND 1553584397 INTRODUCE 35 27119
SEND 1553584397 INTRODUCE 35 38094
SEND 1553584397 INTRODUCE 36 65062
SEND 1553584397 INTRODUCE 36 58941
SEND 1553584397 INTRODUCE 36 9976
SEND 1553584397 INTRODUCE 35 15478
SEND 1553584397 INTRODUCE 36 21170
SEND 1553584397 INTRODUCE 35 37703
SEND 1553584397 INTRODUCE 36 11223
SEND 1553584397 INTRODUCE 37 11260
SEND 1553584397 INTRODUCE 35 9604
SEND 1553584397 INTRODUCE 36 10500
RECIEVED 1553584397 INTRODUCE 36 35 3
RECIEVED 1553584397 INTRODUCE 37 35 3
RECIEVED 1553584397 INTRODUCE 37 35 3
RECIEVED 1553584397 INTRODUCE 36 35 3
RECIEVED 1553584397 INTRODUCE 37 35 3
RECIEVED 1553584397 INTRODUCE 36 35 3
RECIEVED 1553584397 INTRODUCE 37 35 3
RECIEVED 1553584397 INTRODUCE 36 35 3
RECIEVED 1553584397 INTRODUCE 36 35 3
RECIEVED 1553584397 INTRODUCE 36 35 3
RECIEVED 1553584397 INTRODUCE 36 35 3
RECIEVED 1553584397 INTRODUCE 36 35 3
RECIEVED 1553584397 INTRODUCE 36 35 3
RECIEVED 1553584397 INTRODUCE 36 35 3
RECIEVED 1553584397 INTRODUCE 35 35 3
RECIEVED 1553584397 INTRODUCE 36 35 3
RECIEVED 1553584397 INTRODUCE 36 35 3
RECIEVED 1553584397 INTRODUCE 36 35 3
RECIEVED 1553584397 INTRODUCE 35 35 3
RECIEVED 1553584397 INTRODUCE 36 35 3
RECIEVED 1553584397 INTRODUCE 36 35 3
RECIEVED 1553584397 INTRODUCE 36 35 3
RECIEVED 1553584397 INTRODUCE 36 35 3
RECIEVED 1553584397 INTRODUCE 37 35 3
RECIEVED 1553584397 INTRODUCE 35 35 3
RECIEVED 1553584397 INTRODUCE 35 35 3
RECIEVED 1553584397 INTRODUCE 37 35 3
RECIEVED 1553584397 INTRODUCE 36 35 3
RECIEVED 1553584397 INTRODUCE 37 35 3
RECIEVED 1553584397 INTRODUCE 36 35 3
# recieved string JOIN node10 172.22.156.208 8010

RECIEVED 1553584397 JOIN 32 35 3
SEND 1553584397 INTRODUCE 36 9264
SEND 1553584397 INTRODUCE 37 13929
SEND 1553584397 INTRODUCE 36 15018
SEND 1553584397 INTRODUCE 36 10932
SEND 1553584397 INTRODUCE 36 25891
SEND 1553584397 INTRODUCE 36 10006
SEND 1553584397 INTRODUCE 36 13273
SEND 1553584397 INTRODUCE 36 13303
SEND 1553584397 INTRODUCE 36 14417
SEND 1553584397 INTRODUCE 36 15868
SEND 1553584397 INTRODUCE 35 10296
SEND 1553584397 INTRODUCE 35 21295
SEND 1553584397 INTRODUCE 35 10653
SEND 1553584397 INTRODUCE 36 3843
SEND 1553584397 INTRODUCE 37 3874
SEND 1553584397 INTRODUCE 36 3888
SEND 1553584397 INTRODUCE 36 17726
SEND 1553584397 INTRODUCE 36 14202
SEND 1553584397 INTRODUCE 35 9962
SEND 1553584397 INTRODUCE 36 25666
SEND 1553584397 INTRODUCE 35 10098
SEND 1553584397 INTRODUCE 36 10965
SEND 1553584397 INTRODUCE 37 17245
SEND 1553584397 INTRODUCE 35 10504
SEND 1553584397 INTRODUCE 36 13547
SEND 1553584397 INTRODUCE 36 10016
SEND 1553584397 INTRODUCE 36 14506
SEND 1553584397 INTRODUCE 37 14018
SEND 1553584397 INTRODUCE 37 22218
SEND 1553584397 INTRODUCE 36 34307
SEND 1553584397 INTRODUCE 35 14674
SEND 1553584397 INTRODUCE 35 151695
SEND 1553584397 INTRODUCE 35 12963
SEND 1553584397 INTRODUCE 35 11092
SEND 1553584397 INTRODUCE 37 10144
RECIEVED 1553584397 INTRODUCE 36 36 3
RECIEVED 1553584397 INTRODUCE 36 36 3
RECIEVED 1553584397 INTRODUCE 36 36 3
RECIEVED 1553584397 INTRODUCE 36 36 3
RECIEVED 1553584397 INTRODUCE 35 36 3
RECIEVED 1553584397 INTRODUCE 36 36 3
SEND 1553584397 INTRODUCE 36 14738
SEND 1553584397 INTRODUCE 36 26932
SEND 1553584397 INTRODUCE 36 17730
SEND 1553584397 INTRODUCE 36 18839
SEND 1553584397 INTRODUCE 36 68678
SEND 1553584397 INTRODUCE 36 32196
SEND 1553584397 INTRODUCE 36 11847
SEND 1553584397 INTRODUCE 36 13035
SEND 1553584397 INTRODUCE 36 15258
SEND 1553584397 INTRODUCE 36 16039
SEND 1553584397 INTRODUCE 36 18600
SEND 1553584397 INTRODUCE 36 12743
SEND 1553584397 INTRODUCE 36 11641
SEND 1553584398 INTRODUCE 36 12015
SEND 1553584398 INTRODUCE 36 18218
SEND 1553584398 INTRODUCE 36 37032
SEND 1553584398 INTRODUCE 36 19446
# recieved string JOIN node2 172.22.156.208 8002

SEND 1553584398 INTRODUCE 36 22150
SEND 1553584398 INTRODUCE 36 21819
SEND 1553584398 INTRODUCE 36 17145
SEND 1553584398 INTRODUCE 36 27400
SEND 1553584398 INTRODUCE 36 29383
SEND 1553584398 INTRODUCE 36 12220
SEND 1553584398 INTRODUCE 36 16737
SEND 1553584398 INTRODUCE 36 20842
SEND 1553584398 INTRODUCE 36 15187
SEND 1553584398 INTRODUCE 36 15221
SEND 1553584398 INTRODUCE 36 18645
# recieved string JOIN node5 172.22.156.208 8005

SEND 1553584398 INTRODUCE 36 27700
SEND 1553584398 INTRODUCE 36 21901
SEND 1553584398 INTRODUCE 36 26337
SEND 1553584398 INTRODUCE 36 15579
SEND 1553584398 INTRODUCE 36 15705
SEND 1553584398 INTRODUCE 36 32647
SEND 1553584398 INTRODUCE 36 11402
SEND 1553584398 INTRODUCE 36 21706
SEND 1553584398 JOIN 31 37088
RECIEVED 1553584398 INTRODUCE 36 37 3
RECIEVED 1553584398 INTRODUCE 36 37 3
RECIEVED 1553584398 INTRODUCE 37 37 3
RECIEVED 1553584398 INTRODUCE 36 37 3
RECIEVED 1553584398 INTRODUCE 35 37 3
RECIEVED 1553584398 INTRODUCE 35 37 3
RECIEVED 1553584398 INTRODUCE 37 37 3
RECIEVED 1553584398 INTRODUCE 36 37 3
RECIEVED 1553584398 INTRODUCE 36 37 3
RECIEVED 1553584398 INTRODUCE 35 37 3
RECIEVED 1553584398 INTRODUCE 37 37 3
RECIEVED 1553584398 INTRODUCE 36 37 3
SEND 1553584398 INTRODUCE 36 11549
SEND 1553584398 INTRODUCE 36 11766
SEND 1553584398 INTRODUCE 36 270945
SEND 1553584398 INTRODUCE 36 27561
SEND 1553584398 INTRODUCE 36 10854
SEND 1553584398 INTRODUCE 36 15425
SEND 1553584398 INTRODUCE 36 11812
SEND 1553584398 INTRODUCE 36 11218
SEND 1553584398 INTRODUCE 36 16267
SEND 1553584398 INTRODUCE 36 13606
SEND 1553584398 INTRODUCE 36 16615
SEND 1553584398 INTRODUCE 36 18390
SEND 1553584398 INTRODUCE 36 26264
SEND 1553584398 INTRODUCE 36 15638
SEND 1553584398 INTRODUCE 36 10283
SEND 1553584398 INTRODUCE 36 71554
SEND 1553584398 INTRODUCE 36 15005
SEND 1553584398 INTRODUCE 36 16040
SEND 1553584398 INTRODUCE 36 19521
SEND 1553584398 INTRODUCE 36 21447
SEND 1553584398 INTRODUCE 36 11912
SEND 1553584398 INTRODUCE 36 38106
SEND 1553584398 INTRODUCE 36 24437
SEND 1553584398 INTRODUCE 36 34273
SEND 1553584398 INTRODUCE 36 21193
SEND 1553584398 INTRODUCE 36 21399
SEND 1553584398 INTRODUCE 36 16037
SEND 1553584398 INTRODUCE 36 11648
SEND 1553584398 INTRODUCE 36 34934
SEND 1553584398 INTRODUCE 36 15083
SEND 1553584398 INTRODUCE 36 17039
SEND 1553584398 INTRODUCE 36 19963
SEND 1553584398 INTRODUCE 36 11780
SEND 1553584398 INTRODUCE 36 10960
SEND 1553584398 INTRODUCE 36 14579
SEND 1553584398 INTRODUCE 36 11181
SEND 1553584398 INTRODUCE 36 23594
SEND 1553584398 JOIN 31 11587
RECIEVED 1553584398 INTRODUCE 36 38 3
RECIEVED 1553584398 INTRODUCE 36 38 3
RECIEVED 1553584398 INTRODUCE 35 38 3
RECIEVED 1553584398 INTRODUCE 36 38 3
RECIEVED 1553584398 INTRODUCE 36 38 3
RECIEVED 1553584398 INTRODUCE 36 38 3
SEND 1553584398 INTRODUCE 36 31318
SEND 1553584398 INTRODUCE 36 12310
SEND 1553584398 INTRODUCE 36 19900
SEND 1553584398 INTRODUCE 36 14312
SEND 1553584398 INTRODUCE 36 61665
SEND 1553584398 INTRODUCE 36 13385
SEND 1553584398 INTRODUCE 36 19459
SEND 1553584398 INTRODUCE 36 14399
SEND 1553584398 INTRODUCE 36 15264
SEND 1553584398 INTRODUCE 36 22628
SEND 1553584398 INTRODUCE 36 13920
SEND 1553584398 INTRODUCE 36 23023
SEND 1553584398 INTRODUCE 36 13565
SEND 1553584398 INTRODUCE 36 11509
SEND 1553584398 INTRODUCE 36 32655
SEND 1553584398 INTRODUCE 36 10702
SEND 1553584398 INTRODUCE 36 14720
SEND 1553584398 INTRODUCE 36 11871
SEND 1553584398 INTRODUCE 36 17037
SEND 1553584398 INTRODUCE 36 15759
SEND 1553584398 INTRODUCE 36 13952
SEND 1553584398 INTRODUCE 36 11845
SEND 1553584398 INTRODUCE 36 11647
SEND 1553584398 INTRODUCE 36 14563
SEND 1553584398 INTRODUCE 36 25939
SEND 1553584398 INTRODUCE 36 11259
SEND 1553584398 INTRODUCE 36 39959
SEND 1553584398 INTRODUCE 36 11030
SEND 1553584398 INTRODUCE 36 10501
SEND 1553584398 INTRODUCE 36 15142
SEND 1553584398 INTRODUCE 36 12038
SEND 1553584398 INTRODUCE 36 11190
SEND 1553584398 INTRODUCE 36 33669
SEND 1553584398 INTRODUCE 36 14503
SEND 1553584398 INTRODUCE 36 21093
SEND 1553584398 INTRODUCE 36 15012
SEND 1553584398 INTRODUCE 36 11776
SEND 1553584398 INTRODUCE 36 11185
SEND 1553584398 JOIN 31 11876
RECIEVED 1553584398 INTRODUCE 36 39 3
RECIEVED 1553584398 JOIN 31 39 3
RECIEVED 1553584398 INTRODUCE 35 39 3
RECIEVED 1553584398 INTRODUCE 35 39 3
RECIEVED 1553584398 INTRODUCE 36 39 3
RECIEVED 1553584398 INTRODUCE 36 39 3
RECIEVED 1553584398 INTRODUCE 35 39 3
RECIEVED 1553584398 INTRODUCE 36 39 3
RECIEVED 1553584398 INTRODUCE 35 39 3
RECIEVED 1553584398 INTRODUCE 35 39 3
RECIEVED 1553584398 JOIN 31 39 3
RECIEVED 1553584398 INTRODUCE 36 39 3
RECIEVED 1553584398 INTRODUCE 36 39 3
RECIEVED 1553584398 INTRODUCE 36 39 3
RECIEVED 1553584398 INTRODUCE 36 39 3
RECIEVED 1553584398 INTRODUCE 35 39 3
RECIEVED 1553584398 INTRODUCE 36 39 3
RECIEVED 1553584398 INTRODUCE 36 39 3
RECIEVED 1553584398 INTRODUCE 35 39 3
RECIEVED 1553584398 INTRODUCE 36 39 3
RECIEVED 1553584398 INTRODUCE 36 39 3
RECIEVED 1553584398 INTRODUCE 35 39 3
RECIEVED 1553584398 INTRODUCE 35 39 3
RECIEVED 1553584398 INTRODUCE 36 39 3
RECIEVED 1553584398 INTRODUCE 36 39 3
RECIEVED 1553584398 INTRODUCE 35 39 3
RECIEVED 1553584398 INTRODUCE 36 39 3
RECIEVED 1553584398 INTRODUCE 36 39 3
RECIEVED 1553584398 INTRODUCE 36 39 3
RECIEVED 1553584398 INTRODUCE 36 39 3
RECIEVED 1553584398 INTRODUCE 36 39 3
RECIEVED 1553584398 INTRODUCE 36 39 3
RECIEVED 1553584398 INTRODUCE 36 39 3
RECIEVED 1553584398 INTRODUCE 35 39 3
RECIEVED 1553584398 INTRODUCE 35 39 3
RECIEVED 1553584398 INTRODUCE 35 39 3
RECIEVED 1553584398 INTRODUCE 36 39 3
RECIEVED 1553584398 INTRODUCE 36 39 3
RECIEVED 1553584398 INTRODUCE 36 39 3
RECIEVED 1553584398 INTRODUCE 36 39 3
RECIEVED 1553584398 INTRODUCE 36 39 3
RECIEVED 1553584398 INTRODUCE 36 39 3
RECIEVED 1553584398 INTRODUCE 36 39 3
RECIEVED 1553584398 INTRODUCE 36 39 3
RECIEVED 1553584398 INTRODUCE 36 39 3
RECIEVED 1553584398 INTRODUCE 36 39 3
RECIEVED 1553584398 INTRODUCE 36 39 3
RECIEVED 1553584398 INTRODUCE 36 39 3
RECIEVED 1553584398 INTRODUCE 37 39 3
RECIEVED 1553584398 TRANSACTION 81 39 3
UPDATE 1553584398 TRANSACTION bd17be299693f7774830a3d8087991a5
SEND 1553584398 TRANSACTION 81 9976 bd17be299693f7774830a3d8087991a5
SEND 1553584398 TRANSACTION 81 20779 bd17be299693f7774830a3d8087991a5
SEND 1553584398 TRANSACTION 81 15455 bd17be299693f7774830a3d8087991a5
SEND 1553584398 TRANSACTION 81 11528 bd17be299693f7774830a3d8087991a5
SEND 1553584398 TRANSACTION 81 58555 bd17be299693f7774830a3d8087991a5
SEND 1553584398 TRANSACTION 81 16048 bd17be299693f7774830a3d8087991a5
SEND 1553584398 TRANSACTION 81 12177 bd17be299693f7774830a3d8087991a5
SEND 1553584398 TRANSACTION 81 22487 bd17be299693f7774830a3d8087991a5
SEND 1553584398 TRANSACTION 81 34212 bd17be299693f7774830a3d8087991a5
SEND 1553584398 TRANSACTION 81 22545 bd17be299693f7774830a3d8087991a5
SEND 1553584398 TRANSACTION 81 20691 bd17be299693f7774830a3d8087991a5
RECIEVED 1553584398 INTRODUCE 37 39 4
RECIEVED 1553584398 INTRODUCE 37 39 4
SEND 1553584398 INTRODUCE 37 14798
SEND 1553584398 INTRODUCE 37 38451
SEND 1553584398 INTRODUCE 37 10657
SEND 1553584398 INTRODUCE 37 29167
SEND 1553584398 INTRODUCE 37 11518
SEND 1553584398 INTRODUCE 37 21050
SEND 1553584398 INTRODUCE 37 17392
SEND 1553584398 INTRODUCE 37 14842
SEND 1553584398 INTRODUCE 37 13152
SEND 1553584398 INTRODUCE 37 10740
SEND 1553584398 INTRODUCE 37 13752
SEND 1553584398 INTRODUCE 37 12583
SEND 1553584398 INTRODUCE 37 15795
SEND 1553584398 INTRODUCE 37 12756
SEND 1553584398 INTRODUCE 37 9709
SEND 1553584398 INTRODUCE 37 12011
SEND 1553584398 INTRODUCE 37 13103
SEND 1553584398 INTRODUCE 37 12256
SEND 1553584398 INTRODUCE 37 13548
# recieved string JOIN node15 172.22.94.217 8015

SEND 1553584398 INTRODUCE 37 11463
SEND 1553584398 INTRODUCE 37 12448
SEND 1553584398 INTRODUCE 37 53858
SEND 1553584398 INTRODUCE 37 18004
SEND 1553584398 INTRODUCE 37 14026
SEND 1553584398 INTRODUCE 37 18479
SEND 1553584398 INTRODUCE 37 11687
SEND 1553584398 INTRODUCE 37 27649
SEND 1553584398 INTRODUCE 37 12262
SEND 1553584398 INTRODUCE 37 19499
SEND 1553584398 INTRODUCE 37 24031
SEND 1553584398 INTRODUCE 37 11899
SEND 1553584398 INTRODUCE 37 17341
SEND 1553584398 INTRODUCE 37 57267
SEND 1553584398 INTRODUCE 37 30813
SEND 1553584398 INTRODUCE 37 23263
SEND 1553584398 INTRODUCE 37 18627
SEND 1553584398 INTRODUCE 37 14260
SEND 1553584398 INTRODUCE 37 27566
SEND 1553584398 INTRODUCE 37 11459
SEND 1553584398 JOIN 31 23129
RECIEVED 1553584398 INTRODUCE 37 40 4
RECIEVED 1553584398 INTRODUCE 36 40 4
RECIEVED 1553584398 INTRODUCE 36 40 4
RECIEVED 1553584398 INTRODUCE 36 40 4
RECIEVED 1553584398 INTRODUCE 35 40 4
RECIEVED 1553584398 INTRODUCE 36 40 4
RECIEVED 1553584398 INTRODUCE 37 40 4
RECIEVED 1553584398 INTRODUCE 35 40 4
RECIEVED 1553584398 INTRODUCE 37 40 4
RECIEVED 1553584398 INTRODUCE 35 40 4
RECIEVED 1553584398 INTRODUCE 37 40 4
RECIEVED 1553584398 INTRODUCE 36 40 4
RECIEVED 1553584398 INTRODUCE 37 40 4
RECIEVED 1553584398 INTRODUCE 37 40 4
RECIEVED 1553584398 INTRODUCE 36 40 4
RECIEVED 1553584398 INTRODUCE 37 40 4
RECIEVED 1553584398 INTRODUCE 37 40 4
RECIEVED 1553584398 JOIN 31 40 4
SEND 1553584398 INTRODUCE 36 11083
SEND 1553584398 INTRODUCE 35 20308
SEND 1553584398 INTRODUCE 36 14691
SEND 1553584398 INTRODUCE 36 15958
SEND 1553584398 INTRODUCE 36 21900
SEND 1553584398 INTRODUCE 37 10896
SEND 1553584398 INTRODUCE 35 14992
SEND 1553584398 INTRODUCE 36 10825
SEND 1553584398 INTRODUCE 37 10787
SEND 1553584398 INTRODUCE 36 14508
SEND 1553584398 INTRODUCE 36 14939
SEND 1553584398 INTRODUCE 37 15896
SEND 1553584398 INTRODUCE 37 28531
SEND 1553584398 INTRODUCE 35 37630
SEND 1553584398 INTRODUCE 36 10621
SEND 1553584398 INTRODUCE 37 17610
SEND 1553584398 INTRODUCE 35 15032
SEND 1553584398 INTRODUCE 35 10775
SEND 1553584398 INTRODUCE 35 10508
SEND 1553584398 INTRODUCE 36 15932
SEND 1553584398 INTRODUCE 36 11258
SEND 1553584398 INTRODUCE 36 10909
SEND 1553584398 INTRODUCE 37 10423
SEND 1553584398 INTRODUCE 36 20021
SEND 1553584398 INTRODUCE 36 12169
SEND 1553584398 INTRODUCE 37 15399
SEND 1553584398 INTRODUCE 36 5173
SEND 1553584398 INTRODUCE 36 4342
SEND 1553584398 INTRODUCE 36 3822
SEND 1553584398 INTRODUCE 36 4693
SEND 1553584398 INTRODUCE 36 3703
SEND 1553584398 INTRODUCE 37 4604
# recieved string JOIN node11 172.22.156.208 8011

SEND 1553584398 INTRODUCE 36 37150
SEND 1553584398 INTRODUCE 36 13307
SEND 1553584398 INTRODUCE 35 16663
SEND 1553584398 INTRODUCE 35 12829
SEND 1553584398 INTRODUCE 35 16612
SEND 1553584398 INTRODUCE 36 8353
SEND 1553584398 INTRODUCE 36 10238
SEND 1553584398 INTRODUCE 35 9293
RECIEVED 1553584398 INTRODUCE 36 41 4
RECIEVED 1553584398 INTRODUCE 36 41 4
RECIEVED 1553584398 INTRODUCE 37 41 4
RECIEVED 1553584398 INTRODUCE 36 41 4
RECIEVED 1553584398 INTRODUCE 35 41 4
RECIEVED 1553584398 INTRODUCE 35 41 4
RECIEVED 1553584398 INTRODUCE 36 41 4
RECIEVED 1553584398 INTRODUCE 37 41 4
RECIEVED 1553584398 INTRODUCE 36 41 4
RECIEVED 1553584398 INTRODUCE 37 41 4
RECIEVED 1553584398 INTRODUCE 37 41 4
RECIEVED 1553584398 INTRODUCE 36 41 4
RECIEVED 1553584398 TRANSACTION 81 41 4
RECIEVED 1553584398 INTRODUCE 35 41 4
RECIEVED 1553584398 INTRODUCE 37 41 4
RECIEVED 1553584398 INTRODUCE 36 41 4
RECIEVED 1553584398 TRANSACTION 81 41 4
RECIEVED 1553584398 TRANSACTION 81 41 4
RECIEVED 1553584398 INTRODUCE 37 41 4
RECIEVED 1553584398 INTRODUCE 36 41 4
RECIEVED 1553584398 INTRODUCE 35 41 4
RECIEVED 1553584398 INTRODUCE 37 41 4
RECIEVED 1553584398 INTRODUCE 37 41 4
RECIEVED 1553584398 INTRODUCE 37 41 4
RECIEVED 1553584398 INTRODUCE 36 41 4
RECIEVED 1553584398 INTRODUCE 36 41 4
RECIEVED 1553584398 INTRODUCE 36 41 4
RECIEVED 1553584398 INTRODUCE 35 41 4
RECIEVED 1553584398 INTRODUCE 35 41 4
RECIEVED 1553584398 INTRODUCE 37 41 4
RECIEVED 1553584398 TRANSACTION 81 41 4
RECIEVED 1553584398 INTRODUCE 37 41 4
RECIEVED 1553584398 JOIN 32 41 4
SEND 1553584398 INTRODUCE 37 10676
SEND 1553584398 INTRODUCE 36 19719
SEND 1553584398 INTRODUCE 36 15480
SEND 1553584398 INTRODUCE 36 25227
SEND 1553584398 INTRODUCE 36 13990
SEND 1553584398 INTRODUCE 36 25115
SEND 1553584398 INTRODUCE 37 11076
SEND 1553584398 INTRODUCE 36 51716
SEND 1553584398 INTRODUCE 36 11657
SEND 1553584398 INTRODUCE 35 10799
SEND 1553584398 INTRODUCE 35 20871
SEND 1553584398 INTRODUCE 35 17426
SEND 1553584398 INTRODUCE 36 14419
SEND 1553584398 INTRODUCE 36 10842
SEND 1553584398 INTRODUCE 36 11329
SEND 1553584398 INTRODUCE 35 33777
SEND 1553584398 INTRODUCE 36 10718
SEND 1553584398 INTRODUCE 35 11343
SEND 1553584398 INTRODUCE 36 9205
SEND 1553584398 INTRODUCE 36 15168
SEND 1553584398 INTRODUCE 37 11352
SEND 1553584398 INTRODUCE 35 13714
SEND 1553584398 INTRODUCE 36 9744
SEND 1553584398 INTRODUCE 36 9983
SEND 1553584398 INTRODUCE 36 10194
SEND 1553584398 INTRODUCE 36 11607
SEND 1553584398 INTRODUCE 37 10017
SEND 1553584398 INTRODUCE 37 11637
SEND 1553584398 INTRODUCE 37 13419
SEND 1553584398 INTRODUCE 36 10529
SEND 1553584398 INTRODUCE 36 10844
SEND 1553584398 INTRODUCE 37 15207
SEND 1553584398 INTRODUCE 35 10517
SEND 1553584398 INTRODUCE 35 14871
SEND 1553584398 INTRODUCE 35 14668
SEND 1553584398 INTRODUCE 35 42869
SEND 1553584398 INTRODUCE 36 11943
SEND 1553584398 INTRODUCE 36 41552
SEND 1553584398 INTRODUCE 37 11601
SEND 1553584398 INTRODUCE 36 21596
SEND 1553584398 INTRODUCE 36 11037
RECIEVED 1553584398 INTRODUCE 35 42 4
RECIEVED 1553584398 INTRODUCE 36 42 4
RECIEVED 1553584398 INTRODUCE 37 42 4
RECIEVED 1553584398 INTRODUCE 36 42 4
RECIEVED 1553584398 INTRODUCE 36 42 4
RECIEVED 1553584398 INTRODUCE 36 42 4
RECIEVED 1553584398 INTRODUCE 35 42 4
RECIEVED 1553584398 INTRODUCE 35 42 4
RECIEVED 1553584398 INTRODUCE 36 42 4
RECIEVED 1553584398 INTRODUCE 36 42 4
RECIEVED 1553584398 INTRODUCE 36 42 4
RECIEVED 1553584398 TRANSACTION 81 42 4
RECIEVED 1553584398 INTRODUCE 35 42 4
RECIEVED 1553584398 INTRODUCE 36 42 4
RECIEVED 1553584398 INTRODUCE 36 42 4
RECIEVED 1553584398 INTRODUCE 36 42 4
RECIEVED 1553584398 INTRODUCE 35 42 4
RECIEVED 1553584398 INTRODUCE 36 42 4
RECIEVED 1553584398 INTRODUCE 35 42 4
RECIEVED 1553584398 INTRODUCE 35 42 4
RECIEVED 1553584398 INTRODUCE 36 42 4
RECIEVED 1553584398 INTRODUCE 37 42 4
RECIEVED 1553584398 INTRODUCE 37 42 4
RECIEVED 1553584398 INTRODUCE 36 42 4
RECIEVED 1553584398 INTRODUCE 37 42 4
RECIEVED 1553584398 INTRODUCE 37 42 4
RECIEVED 1553584398 INTRODUCE 36 42 4
RECIEVED 1553584398 INTRODUCE 35 42 4
RECIEVED 1553584398 TRANSACTION 81 42 4
RECIEVED 1553584398 INTRODUCE 37 42 4
RECIEVED 1553584398 TRANSACTION 81 42 4
RECIEVED 1553584398 INTRODUCE 36 42 4
RECIEVED 1553584398 INTRODUCE 36 42 4
RECIEVED 1553584398 TRANSACTION 81 42 4
RECIEVED 1553584398 INTRODUCE 36 42 4
RECIEVED 1553584398 INTRODUCE 37 42 4
RECIEVED 1553584398 INTRODUCE 36 42 4
RECIEVED 1553584398 INTRODUCE 37 42 4
RECIEVED 1553584398 INTRODUCE 35 42 4
RECIEVED 1553584398 INTRODUCE 36 42 4
RECIEVED 1553584398 INTRODUCE 36 42 4
RECIEVED 1553584398 INTRODUCE 37 42 4
RECIEVED 1553584398 INTRODUCE 37 42 4
RECIEVED 1553584398 INTRODUCE 36 42 4
# recieved string JOIN node6 172.22.156.208 8006

RECIEVED 1553584398 JOIN 31 42 4
RECIEVED 1553584398 INTRODUCE 37 42 4
RECIEVED 1553584398 INTRODUCE 37 42 4
RECIEVED 1553584398 INTRODUCE 36 42 4
RECIEVED 1553584398 TRANSACTION 80 42 4
UPDATE 1553584398 TRANSACTION 237d4725adf047a1ba9022223390c62a
SEND 1553584398 TRANSACTION 80 10668 237d4725adf047a1ba9022223390c62a
# recieved string JOIN node7 172.22.156.208 8007

SEND 1553584398 TRANSACTION 80 11124 237d4725adf047a1ba9022223390c62a
SEND 1553584398 TRANSACTION 80 11112 237d4725adf047a1ba9022223390c62a
SEND 1553584398 TRANSACTION 80 16685 237d4725adf047a1ba9022223390c62a
SEND 1553584398 TRANSACTION 80 15530 237d4725adf047a1ba9022223390c62a
SEND 1553584398 TRANSACTION 80 14565 237d4725adf047a1ba9022223390c62a
SEND 1553584398 TRANSACTION 80 13055 237d4725adf047a1ba9022223390c62a
SEND 1553584398 TRANSACTION 80 14849 237d4725adf047a1ba9022223390c62a
SEND 1553584398 TRANSACTION 80 23175 237d4725adf047a1ba9022223390c62a
SEND 1553584398 TRANSACTION 80 20649 237d4725adf047a1ba9022223390c62a
# recieved string JOIN node13 172.22.156.208 8013

# recieved string JOIN node17 172.22.156.206 8017

# recieved string JOIN node16 172.22.156.206 8016

# recieved string JOIN node12 172.22.156.208 8012

# recieved string {"Type":"JOIN","Name":"node6","Ip":"172.22.156.207","Port":8006,"Source":0,"Dest":0,"Amount":0,"TID":"","TimeStamp":"","Friends":null,"HashTable":null,"Sock":null}

CANNOT PARSE STRING. RECIEVED {"Type":"JOIN","Name":"node6","Ip":"172.22.156.207","Port":8006,"Source":0,"Dest":0,"Amount":0,"TID":"","TimeStamp":"","Friends":null,"HashTable":null,"Sock":null}
# recieved string {"Type":"JOIN","Name":"node5","Ip":"172.22.156.207","Port":8005,"Source":0,"Dest":0,"Amount":0,"TID":"","TimeStamp":"","Friends":null,"HashTable":null,"Sock":null}

CANNOT PARSE STRING. RECIEVED {"Type":"JOIN","Name":"node5","Ip":"172.22.156.207","Port":8005,"Source":0,"Dest":0,"Amount":0,"TID":"","TimeStamp":"","Friends":null,"HashTable":null,"Sock":null}
# recieved string JOIN node14 172.22.156.208 8014

SEND 1553584398 TRANSACTION 80 12920 237d4725adf047a1ba9022223390c62a
SEND 1553584398 TRANSACTION 80 14478 237d4725adf047a1ba9022223390c62a
SEND 1553584398 TRANSACTION 80 15120 237d4725adf047a1ba9022223390c62a
SEND 1553584398 TRANSACTION 80 11760 237d4725adf047a1ba9022223390c62a
RECIEVED 1553584398 JOIN 31 42 5
SEND 1553584398 INTRODUCE 36 14561
SEND 1553584398 INTRODUCE 35 10013
SEND 1553584398 INTRODUCE 36 10525
SEND 1553584398 INTRODUCE 36 10282
SEND 1553584398 INTRODUCE 37 15078
SEND 1553584398 INTRODUCE 35 9812
SEND 1553584398 INTRODUCE 36 13804
SEND 1553584398 INTRODUCE 36 9734
SEND 1553584398 INTRODUCE 36 20208
SEND 1553584398 INTRODUCE 36 9695
SEND 1553584398 INTRODUCE 37 15319
SEND 1553584398 INTRODUCE 37 10311
SEND 1553584398 INTRODUCE 37 24707
SEND 1553584398 INTRODUCE 37 12312
SEND 1553584398 INTRODUCE 35 13881
SEND 1553584398 INTRODUCE 35 20797
SEND 1553584398 INTRODUCE 35 10035
SEND 1553584398 INTRODUCE 35 10783
SEND 1553584398 INTRODUCE 36 9851
SEND 1553584398 INTRODUCE 36 9864
SEND 1553584398 INTRODUCE 36 11009
SEND 1553584398 INTRODUCE 36 13954
SEND 1553584398 INTRODUCE 37 10754
SEND 1553584398 INTRODUCE 36 9529
SEND 1553584398 INTRODUCE 36 16103
SEND 1553584398 INTRODUCE 36 10015
SEND 1553584398 INTRODUCE 36 4886
SEND 1553584398 INTRODUCE 36 4207
SEND 1553584398 INTRODUCE 36 3807
SEND 1553584398 INTRODUCE 36 3989
SEND 1553584398 INTRODUCE 37 4073
SEND 1553584398 INTRODUCE 36 4094
SEND 1553584398 INTRODUCE 35 4141
SEND 1553584398 INTRODUCE 35 4032
SEND 1553584398 INTRODUCE 35 4015
SEND 1553584398 INTRODUCE 36 5292
SEND 1553584398 INTRODUCE 37 4614
SEND 1553584398 INTRODUCE 36 4267
SEND 1553584398 INTRODUCE 36 3628
SEND 1553584398 INTRODUCE 36 3764
SEND 1553584398 INTRODUCE 35 3586
SEND 1553584398 INTRODUCE 37 15759
RECIEVED 1553584398 INTRODUCE 37 43 5
RECIEVED 1553584398 INTRODUCE 37 43 5
RECIEVED 1553584398 INTRODUCE 36 43 5
RECIEVED 1553584398 INTRODUCE 37 43 5
RECIEVED 1553584398 JOIN 32 43 5
SEND 1553584398 INTRODUCE 36 10999
SEND 1553584398 INTRODUCE 36 9709
SEND 1553584398 INTRODUCE 35 9501
SEND 1553584398 INTRODUCE 37 12252
SEND 1553584398 INTRODUCE 36 11109
SEND 1553584398 INTRODUCE 35 10677
SEND 1553584398 INTRODUCE 36 10547
SEND 1553584398 INTRODUCE 36 9541
SEND 1553584398 INTRODUCE 37 11468
SEND 1553584398 INTRODUCE 35 10357
SEND 1553584398 INTRODUCE 36 10453
SEND 1553584398 INTRODUCE 36 10524
SEND 1553584398 INTRODUCE 36 14915
SEND 1553584398 INTRODUCE 36 9822
SEND 1553584398 INTRODUCE 37 10509
SEND 1553584398 INTRODUCE 37 9879
SEND 1553584398 INTRODUCE 37 9996
SEND 1553584398 INTRODUCE 37 10592
SEND 1553584398 INTRODUCE 35 15473
SEND 1553584398 INTRODUCE 35 28336
SEND 1553584398 INTRODUCE 35 9831
SEND 1553584398 INTRODUCE 35 9000
SEND 1553584398 INTRODUCE 36 9850
SEND 1553584398 INTRODUCE 36 9700
SEND 1553584398 INTRODUCE 36 10163
SEND 1553584398 INTRODUCE 36 9488
SEND 1553584398 INTRODUCE 36 14291
SEND 1553584398 INTRODUCE 37 9963
SEND 1553584398 INTRODUCE 36 13192
SEND 1553584398 INTRODUCE 36 8809
SEND 1553584398 INTRODUCE 36 13741
SEND 1553584398 INTRODUCE 36 10520
SEND 1553584398 INTRODUCE 36 10600
SEND 1553584398 INTRODUCE 36 10411
SEND 1553584398 INTRODUCE 36 10680
SEND 1553584398 INTRODUCE 37 14319
SEND 1553584398 INTRODUCE 36 9808
SEND 1553584398 INTRODUCE 35 10166
SEND 1553584398 INTRODUCE 35 15253
SEND 1553584398 INTRODUCE 35 15100
SEND 1553584398 INTRODUCE 36 9887
SEND 1553584398 INTRODUCE 37 356738
SEND 1553584398 INTRODUCE 36 20635
RECIEVED 1553584398 JOIN 32 44 5
SEND 1553584398 INTRODUCE 37 15976
SEND 1553584398 INTRODUCE 36 22708
SEND 1553584398 INTRODUCE 36 12773
SEND 1553584398 INTRODUCE 37 11171
SEND 1553584398 INTRODUCE 37 11497
SEND 1553584398 INTRODUCE 37 10880
SEND 1553584398 INTRODUCE 36 15924
SEND 1553584398 INTRODUCE 36 9519
SEND 1553584398 INTRODUCE 36 10926
SEND 1553584398 INTRODUCE 37 10353
SEND 1553584398 INTRODUCE 35 17386
SEND 1553584398 INTRODUCE 35 13817
SEND 1553584398 INTRODUCE 35 11465
SEND 1553584398 INTRODUCE 35 9807
SEND 1553584398 INTRODUCE 36 10238
SEND 1553584398 INTRODUCE 36 10855
SEND 1553584398 INTRODUCE 37 12337
SEND 1553584398 INTRODUCE 36 12281
SEND 1553584398 INTRODUCE 36 9617
SEND 1553584398 INTRODUCE 37 11600
SEND 1553584398 INTRODUCE 36 11391
SEND 1553584398 INTRODUCE 36 39375
SEND 1553584398 INTRODUCE 36 11730
SEND 1553584398 INTRODUCE 36 12634
SEND 1553584398 INTRODUCE 36 11650
SEND 1553584398 INTRODUCE 37 33733
SEND 1553584398 INTRODUCE 36 11435
SEND 1553584398 INTRODUCE 36 11366
SEND 1553584398 INTRODUCE 35 11643
SEND 1553584398 INTRODUCE 35 12199
SEND 1553584398 INTRODUCE 35 11082
SEND 1553584398 INTRODUCE 36 11084
SEND 1553584398 INTRODUCE 36 11507
SEND 1553584398 INTRODUCE 36 15433
SEND 1553584398 INTRODUCE 35 11353
SEND 1553584398 INTRODUCE 37 10950
SEND 1553584398 INTRODUCE 36 10644
SEND 1553584398 INTRODUCE 35 10527
SEND 1553584398 INTRODUCE 36 12260
SEND 1553584398 INTRODUCE 36 12527
SEND 1553584398 INTRODUCE 37 11116
SEND 1553584398 INTRODUCE 35 11682
SEND 1553584398 INTRODUCE 36 11712
SEND 1553584398 INTRODUCE 36 12155
RECIEVED 1553584398 JOIN 32 45 5
RECIEVED 1553584398 JOIN 32 45 5
SEND 1553584398 INTRODUCE 36 11330
SEND 1553584398 INTRODUCE 37 10317
SEND 1553584398 INTRODUCE 36 11557
SEND 1553584398 INTRODUCE 36 11275
SEND 1553584398 INTRODUCE 36 15921
SEND 1553584398 INTRODUCE 36 9823
SEND 1553584398 INTRODUCE 36 16410
SEND 1553584398 INTRODUCE 37 16396
SEND 1553584398 INTRODUCE 36 11554
SEND 1553584398 INTRODUCE 36 10315
SEND 1553584398 INTRODUCE 35 9882
SEND 1553584398 INTRODUCE 35 20812
SEND 1553584398 INTRODUCE 35 9995
SEND 1553584398 INTRODUCE 36 10556
SEND 1553584398 INTRODUCE 36 14536
SEND 1553584398 INTRODUCE 35 16195
SEND 1553584398 INTRODUCE 37 11080
# recieved string JOIN node16 172.22.94.217 8016

SEND 1553584398 INTRODUCE 36 10188
SEND 1553584398 INTRODUCE 35 9943
SEND 1553584398 INTRODUCE 36 9721
SEND 1553584398 INTRODUCE 36 14837
SEND 1553584398 INTRODUCE 36 9487
SEND 1553584398 INTRODUCE 37 22271
SEND 1553584398 INTRODUCE 35 9839
SEND 1553584398 INTRODUCE 36 10517
SEND 1553584398 INTRODUCE 37 10298
SEND 1553584398 INTRODUCE 37 11191
SEND 1553584398 INTRODUCE 36 10296
SEND 1553584398 INTRODUCE 36 15728
SEND 1553584398 INTRODUCE 37 9867
SEND 1553584398 INTRODUCE 37 9475
SEND 1553584398 INTRODUCE 35 10013
SEND 1553584398 INTRODUCE 36 10818
SEND 1553584398 INTRODUCE 36 14064
SEND 1553584398 INTRODUCE 36 9139
SEND 1553584398 INTRODUCE 37 10815
SEND 1553584398 INTRODUCE 35 10134
SEND 1553584398 INTRODUCE 35 10468
SEND 1553584398 INTRODUCE 35 10976
SEND 1553584398 INTRODUCE 36 10491
SEND 1553584398 INTRODUCE 37 11214
SEND 1553584398 INTRODUCE 36 10745
SEND 1553584398 INTRODUCE 36 10255
SEND 1553584398 INTRODUCE 37 8811
SEND 1553584398 INTRODUCE 36 10211
RECIEVED 1553584398 {"Type":"JOIN","Name":"node6","Ip":"172.22.156.207","Port":8006,"Source":0,"Dest":0,"Amount":0,"TID":"","TimeStamp":"","Friends":null,"HashTable":null,"Sock":null} 164 46 5
# CANNOT PARSE MESSAGE. RECIEVED {Type:{"Type":"JOIN","Name":"node6","Ip":"172.22.156.207","Port":8006,"Source":0,"Dest":0,"Amount":0,"TID":"","TimeStamp":"","Friends":null,"HashTable":null,"Sock":null} Name: Ip: Port:0 Source:0 Dest:0 Amount:0 TID: TimeStamp: Friends:[] HashTable:[] Sock:0xc00000e238 Data:{"Type":"JOIN","Name":"node6","Ip":"172.22.156.207","Port":8006,"Source":0,"Dest":0,"Amount":0,"TID":"","TimeStamp":"","Friends":null,"HashTable":null,"Sock":null}
}
RECIEVED 1553584398 {"Type":"JOIN","Name":"node5","Ip":"172.22.156.207","Port":8005,"Source":0,"Dest":0,"Amount":0,"TID":"","TimeStamp":"","Friends":null,"HashTable":null,"Sock":null} 164 46 5
# CANNOT PARSE MESSAGE. RECIEVED {Type:{"Type":"JOIN","Name":"node5","Ip":"172.22.156.207","Port":8005,"Source":0,"Dest":0,"Amount":0,"TID":"","TimeStamp":"","Friends":null,"HashTable":null,"Sock":null} Name: Ip: Port:0 Source:0 Dest:0 Amount:0 TID: TimeStamp: Friends:[] HashTable:[] Sock:0xc00000e240 Data:{"Type":"JOIN","Name":"node5","Ip":"172.22.156.207","Port":8005,"Source":0,"Dest":0,"Amount":0,"TID":"","TimeStamp":"","Friends":null,"HashTable":null,"Sock":null}
}
RECIEVED 1553584398 JOIN 32 46 5
SEND 1553584398 INTRODUCE 37 20893
SEND 1553584398 INTRODUCE 37 8787
SEND 1553584398 INTRODUCE 36 9785
SEND 1553584398 INTRODUCE 36 15142
SEND 1553584398 INTRODUCE 37 14743
SEND 1553584398 INTRODUCE 37 8926
SEND 1553584398 INTRODUCE 35 13460
SEND 1553584398 INTRODUCE 36 8789
SEND 1553584398 INTRODUCE 36 9696
SEND 1553584398 INTRODUCE 36 10744
SEND 1553584398 INTRODUCE 37 9813
SEND 1553584398 INTRODUCE 35 10642
SEND 1553584398 INTRODUCE 35 10628
SEND 1553584398 INTRODUCE 35 9496
SEND 1553584398 INTRODUCE 36 9770
SEND 1553584398 INTRODUCE 37 47115
SEND 1553584398 INTRODUCE 36 10145
SEND 1553584398 INTRODUCE 36 10139
SEND 1553584398 INTRODUCE 37 10243
SEND 1553584398 INTRODUCE 36 10471
SEND 1553584398 INTRODUCE 36 9722
SEND 1553584398 INTRODUCE 37 10244
SEND 1553584398 INTRODUCE 36 10044
SEND 1553584398 INTRODUCE 36 10616
SEND 1553584398 INTRODUCE 36 36994
SEND 1553584398 INTRODUCE 36 9445
SEND 1553584398 INTRODUCE 36 10107
SEND 1553584398 INTRODUCE 37 10586
SEND 1553584398 INTRODUCE 36 14653
SEND 1553584398 INTRODUCE 36 16446
SEND 1553584398 INTRODUCE 35 9923
SEND 1553584398 INTRODUCE 35 34572
SEND 1553584398 INTRODUCE 35 15575
SEND 1553584398 INTRODUCE 36 10445
SEND 1553584398 INTRODUCE 36 32770
SEND 1553584398 INTRODUCE 35 30081
SEND 1553584398 INTRODUCE 37 15939
SEND 1553584398 INTRODUCE 36 8426
SEND 1553584398 INTRODUCE 35 14154
SEND 1553584398 INTRODUCE 36 10820
SEND 1553584398 INTRODUCE 36 15227
SEND 1553584398 INTRODUCE 37 10847
SEND 1553584398 INTRODUCE 36 10501
SEND 1553584398 INTRODUCE 37 10337
SEND 1553584398 INTRODUCE 35 10712
SEND 1553584398 INTRODUCE 36 11215
RECIEVED 1553584398 INTRODUCE 37 47 5
RECIEVED 1553584398 INTRODUCE 36 47 5
RECIEVED 1553584398 INTRODUCE 37 47 5
RECIEVED 1553584398 INTRODUCE 36 47 5
RECIEVED 1553584398 INTRODUCE 37 47 5
RECIEVED 1553584398 TRANSACTION 80 47 5
RECIEVED 1553584398 INTRODUCE 37 47 5
RECIEVED 1553584398 INTRODUCE 36 47 5
RECIEVED 1553584398 INTRODUCE 37 47 5
RECIEVED 1553584398 INTRODUCE 37 47 5
RECIEVED 1553584398 INTRODUCE 37 47 5
RECIEVED 1553584398 INTRODUCE 36 47 5
RECIEVED 1553584398 INTRODUCE 36 47 5
RECIEVED 1553584398 INTRODUCE 36 47 5
RECIEVED 1553584398 TRANSACTION 80 47 5
RECIEVED 1553584398 INTRODUCE 37 47 5
RECIEVED 1553584398 INTRODUCE 35 47 5
RECIEVED 1553584398 INTRODUCE 36 47 5
RECIEVED 1553584398 INTRODUCE 37 47 5
RECIEVED 1553584398 INTRODUCE 37 47 5
RECIEVED 1553584398 INTRODUCE 37 47 5
RECIEVED 1553584398 TRANSACTION 80 47 5
RECIEVED 1553584398 INTRODUCE 36 47 5
RECIEVED 1553584398 INTRODUCE 36 47 5
RECIEVED 1553584398 TRANSACTION 80 47 5
RECIEVED 1553584398 INTRODUCE 36 47 5
RECIEVED 1553584398 INTRODUCE 36 47 5
RECIEVED 1553584398 INTRODUCE 37 47 5
RECIEVED 1553584398 INTRODUCE 36 47 5
RECIEVED 1553584398 INTRODUCE 35 47 5
RECIEVED 1553584398 INTRODUCE 35 47 5
RECIEVED 1553584398 INTRODUCE 36 47 5
RECIEVED 1553584398 INTRODUCE 36 47 5
RECIEVED 1553584398 INTRODUCE 37 47 5
RECIEVED 1553584398 INTRODUCE 36 47 5
RECIEVED 1553584398 INTRODUCE 36 47 5
RECIEVED 1553584398 INTRODUCE 36 47 5
RECIEVED 1553584398 TRANSACTION 80 47 5
RECIEVED 1553584398 INTRODUCE 36 47 5
RECIEVED 1553584398 INTRODUCE 36 47 5
RECIEVED 1553584398 INTRODUCE 37 47 5
RECIEVED 1553584398 INTRODUCE 35 47 5
RECIEVED 1553584398 INTRODUCE 37 47 5
RECIEVED 1553584398 INTRODUCE 36 47 5
RECIEVED 1553584398 INTRODUCE 36 47 5
RECIEVED 1553584398 INTRODUCE 36 47 5
RECIEVED 1553584398 INTRODUCE 35 47 5
RECIEVED 1553584398 INTRODUCE 37 47 5
RECIEVED 1553584398 INTRODUCE 35 47 5
RECIEVED 1553584398 INTRODUCE 36 47 5
RECIEVED 1553584398 INTRODUCE 36 47 5
RECIEVED 1553584398 INTRODUCE 36 47 5
RECIEVED 1553584398 INTRODUCE 37 47 5
RECIEVED 1553584398 INTRODUCE 36 47 5
RECIEVED 1553584398 INTRODUCE 37 47 5
RECIEVED 1553584398 INTRODUCE 36 47 5
RECIEVED 1553584398 INTRODUCE 36 47 5
RECIEVED 1553584398 INTRODUCE 36 47 5
RECIEVED 1553584398 INTRODUCE 36 47 5
RECIEVED 1553584398 INTRODUCE 36 47 5
RECIEVED 1553584398 INTRODUCE 35 47 5
RECIEVED 1553584398 INTRODUCE 35 47 5
RECIEVED 1553584398 INTRODUCE 36 47 5
RECIEVED 1553584398 INTRODUCE 35 47 5
RECIEVED 1553584398 INTRODUCE 36 47 5
RECIEVED 1553584398 INTRODUCE 36 47 5
RECIEVED 1553584398 INTRODUCE 36 47 5
RECIEVED 1553584398 JOIN 31 47 5
SEND 1553584398 INTRODUCE 37 11559
SEND 1553584398 INTRODUCE 36 9162
SEND 1553584398 INTRODUCE 36 11182
SEND 1553584398 INTRODUCE 37 11439
SEND 1553584398 INTRODUCE 36 10925
SEND 1553584398 INTRODUCE 36 10278
SEND 1553584398 INTRODUCE 36 10238
SEND 1553584398 INTRODUCE 36 10208
SEND 1553584398 INTRODUCE 36 10532
SEND 1553584398 INTRODUCE 37 8973
SEND 1553584398 INTRODUCE 36 10438
SEND 1553584398 INTRODUCE 36 15975
SEND 1553584398 INTRODUCE 35 10251
SEND 1553584398 INTRODUCE 35 15281
SEND 1553584398 INTRODUCE 36 11229
SEND 1553584398 INTRODUCE 37 11434
SEND 1553584398 INTRODUCE 36 11522
SEND 1553584398 INTRODUCE 37 11422
SEND 1553584398 INTRODUCE 36 11012
SEND 1553584398 INTRODUCE 35 10533
SEND 1553584398 INTRODUCE 35 16094
SEND 1553584398 INTRODUCE 37 11169
SEND 1553584398 INTRODUCE 36 20864
SEND 1553584398 INTRODUCE 36 15222
SEND 1553584398 INTRODUCE 36 11457
SEND 1553584398 INTRODUCE 36 10901
SEND 1553584398 INTRODUCE 35 13999
SEND 1553584398 INTRODUCE 35 9545
SEND 1553584398 INTRODUCE 36 10779
SEND 1553584398 INTRODUCE 36 13871
SEND 1553584398 INTRODUCE 37 14610
SEND 1553584398 INTRODUCE 36 10540
SEND 1553584398 INTRODUCE 37 25834
SEND 1553584398 INTRODUCE 37 11237
SEND 1553584398 INTRODUCE 37 17511
SEND 1553584398 INTRODUCE 37 11614
SEND 1553584398 INTRODUCE 37 10762
SEND 1553584398 INTRODUCE 36 14452
SEND 1553584398 INTRODUCE 36 20310
SEND 1553584398 INTRODUCE 35 12365
SEND 1553584398 INTRODUCE 35 10573
SEND 1553584398 INTRODUCE 35 14081
SEND 1553584398 INTRODUCE 36 13951
SEND 1553584398 INTRODUCE 36 11511
SEND 1553584398 INTRODUCE 36 10842
SEND 1553584398 INTRODUCE 37 30392
SEND 1553584398 INTRODUCE 35 15613
RECIEVED 1553584398 INTRODUCE 36 48 5
RECIEVED 1553584398 INTRODUCE 36 48 5
RECIEVED 1553584398 INTRODUCE 36 48 5
RECIEVED 1553584398 INTRODUCE 35 48 5
RECIEVED 1553584398 INTRODUCE 36 48 5
RECIEVED 1553584398 INTRODUCE 36 48 5
RECIEVED 1553584398 INTRODUCE 36 48 5
RECIEVED 1553584398 INTRODUCE 37 48 5
RECIEVED 1553584398 INTRODUCE 36 48 5
RECIEVED 1553584398 INTRODUCE 37 48 5
RECIEVED 1553584398 INTRODUCE 36 48 5
RECIEVED 1553584398 INTRODUCE 36 48 5
RECIEVED 1553584398 INTRODUCE 36 48 5
RECIEVED 1553584398 INTRODUCE 36 48 5
RECIEVED 1553584398 INTRODUCE 35 48 5
RECIEVED 1553584398 INTRODUCE 36 48 5
RECIEVED 1553584398 INTRODUCE 36 48 5
RECIEVED 1553584398 INTRODUCE 37 48 5
RECIEVED 1553584398 INTRODUCE 36 48 5
RECIEVED 1553584398 INTRODUCE 36 48 5
RECIEVED 1553584398 INTRODUCE 36 48 5
RECIEVED 1553584398 INTRODUCE 36 48 5
RECIEVED 1553584398 INTRODUCE 36 48 5
RECIEVED 1553584398 INTRODUCE 36 48 5
RECIEVED 1553584398 INTRODUCE 36 48 5
RECIEVED 1553584398 INTRODUCE 36 48 5
RECIEVED 1553584398 INTRODUCE 37 48 5
RECIEVED 1553584398 INTRODUCE 35 48 5
RECIEVED 1553584398 INTRODUCE 37 48 5
RECIEVED 1553584398 INTRODUCE 36 48 5
RECIEVED 1553584398 INTRODUCE 36 48 5
RECIEVED 1553584398 INTRODUCE 36 48 5
RECIEVED 1553584398 INTRODUCE 37 48 5
RECIEVED 1553584398 INTRODUCE 37 48 5
RECIEVED 1553584398 INTRODUCE 36 48 5
RECIEVED 1553584398 INTRODUCE 35 48 5
RECIEVED 1553584398 INTRODUCE 35 48 5
RECIEVED 1553584398 INTRODUCE 36 48 5
RECIEVED 1553584398 INTRODUCE 36 48 5
RECIEVED 1553584398 INTRODUCE 35 48 5
RECIEVED 1553584398 INTRODUCE 37 48 5
RECIEVED 1553584398 INTRODUCE 36 48 5
RECIEVED 1553584398 INTRODUCE 35 48 5
RECIEVED 1553584398 INTRODUCE 36 48 5
RECIEVED 1553584398 INTRODUCE 36 48 5
RECIEVED 1553584398 INTRODUCE 36 48 5
RECIEVED 1553584398 INTRODUCE 36 48 5
SEND 1553584398 INTRODUCE 36 15602
SEND 1553584398 INTRODUCE 36 15491
SEND 1553584398 INTRODUCE 36 11624
SEND 1553584398 INTRODUCE 36 14480
SEND 1553584398 INTRODUCE 36 15372
SEND 1553584398 INTRODUCE 36 10746
SEND 1553584398 INTRODUCE 36 11337
SEND 1553584398 INTRODUCE 36 15962
SEND 1553584398 INTRODUCE 36 11531
SEND 1553584398 INTRODUCE 36 13164
SEND 1553584398 INTRODUCE 36 14379
SEND 1553584398 INTRODUCE 36 10536
SEND 1553584398 INTRODUCE 36 16644
SEND 1553584398 INTRODUCE 36 16107
SEND 1553584398 INTRODUCE 36 12799
# Failed listening 
%!(EXTRA string=node7)# ERROR: read tcp 172.22.156.206:53400->172.22.94.217:8007: read: connection reset by peer
SEND 1553584398 INTRODUCE 36 16947
SEND 1553584398 INTRODUCE 36 14243
SEND 1553584398 INTRODUCE 36 31835
SEND 1553584398 INTRODUCE 36 11201
SEND 1553584398 INTRODUCE 36 13508
SEND 1553584398 INTRODUCE 36 18006
SEND 1553584398 INTRODUCE 36 16305
SEND 1553584398 INTRODUCE 36 12096
SEND 1553584398 INTRODUCE 36 10835
SEND 1553584398 INTRODUCE 36 15858
SEND 1553584398 INTRODUCE 36 11481
SEND 1553584398 INTRODUCE 36 10664
SEND 1553584398 INTRODUCE 36 9779
SEND 1553584398 INTRODUCE 36 15859
SEND 1553584398 INTRODUCE 36 15118
SEND 1553584399 INTRODUCE 36 11050
SEND 1553584399 INTRODUCE 36 12200
SEND 1553584399 INTRODUCE 36 16287
SEND 1553584399 INTRODUCE 36 15632
SEND 1553584399 INTRODUCE 36 13127
SEND 1553584399 INTRODUCE 36 12836
SEND 1553584399 INTRODUCE 36 16861
SEND 1553584399 INTRODUCE 36 12791
SEND 1553584399 INTRODUCE 36 16018
# recieved string JOIN node17 172.22.156.208 8017

SEND 1553584399 INTRODUCE 36 15565
SEND 1553584399 INTRODUCE 36 11200
SEND 1553584399 INTRODUCE 36 11881
SEND 1553584399 INTRODUCE 36 11695
SEND 1553584399 INTRODUCE 36 16404
SEND 1553584399 INTRODUCE 36 15878
SEND 1553584399 INTRODUCE 36 13182
SEND 1553584399 INTRODUCE 36 14423
SEND 1553584399 INTRODUCE 36 15480
SEND 1553584399 JOIN 31 17043
RECIEVED 1553584399 INTRODUCE 36 49 5
RECIEVED 1553584399 INTRODUCE 36 49 5
RECIEVED 1553584399 INTRODUCE 37 49 5
RECIEVED 1553584399 INTRODUCE 36 49 5
RECIEVED 1553584399 INTRODUCE 36 49 5
RECIEVED 1553584399 INTRODUCE 36 49 5
RECIEVED 1553584399 INTRODUCE 37 49 5
RECIEVED 1553584399 INTRODUCE 36 49 5
RECIEVED 1553584399 INTRODUCE 36 49 5
RECIEVED 1553584399 INTRODUCE 35 49 5
RECIEVED 1553584399 JOIN 32 49 5
SEND 1553584399 INTRODUCE 36 9160
SEND 1553584399 INTRODUCE 36 9681
SEND 1553584399 INTRODUCE 35 12374
SEND 1553584399 INTRODUCE 37 10475
SEND 1553584399 INTRODUCE 36 10747
SEND 1553584399 INTRODUCE 35 10524
SEND 1553584399 INTRODUCE 36 10731
SEND 1553584399 INTRODUCE 36 10642
SEND 1553584399 INTRODUCE 37 10439
SEND 1553584399 INTRODUCE 36 27366
SEND 1553584399 INTRODUCE 36 10668
SEND 1553584399 INTRODUCE 37 15790
SEND 1553584399 INTRODUCE 35 10478
SEND 1553584399 INTRODUCE 36 20834
# Failed listening 
%!(EXTRA string=node6)# ERROR: read tcp 172.22.156.206:44128->172.22.94.217:8006: read: connection reset by peer
SEND 1553584399 INTRODUCE 37 10453
SEND 1553584399 INTRODUCE 37 15544
SEND 1553584399 INTRODUCE 36 10626
# recieved string JOIN node9 172.22.156.208 8009

SEND 1553584399 INTRODUCE 36 10551
SEND 1553584399 INTRODUCE 37 15030
SEND 1553584399 INTRODUCE 37 16790
SEND 1553584399 INTRODUCE 35 10961
SEND 1553584399 INTRODUCE 36 9274
SEND 1553584399 INTRODUCE 36 13633
SEND 1553584399 INTRODUCE 36 19330
SEND 1553584399 INTRODUCE 37 9790
SEND 1553584399 INTRODUCE 35 13476
SEND 1553584399 INTRODUCE 35 15315
SEND 1553584399 INTRODUCE 35 13606
SEND 1553584399 INTRODUCE 36 14995
SEND 1553584399 INTRODUCE 36 10167
SEND 1553584399 INTRODUCE 37 9384
SEND 1553584399 INTRODUCE 36 10627
SEND 1553584399 INTRODUCE 36 9104
SEND 1553584399 INTRODUCE 37 13236
SEND 1553584399 INTRODUCE 36 10773
SEND 1553584399 INTRODUCE 36 9716
SEND 1553584399 INTRODUCE 37 16137
SEND 1553584399 INTRODUCE 36 14081
SEND 1553584399 INTRODUCE 36 9858
SEND 1553584399 INTRODUCE 36 9338
SEND 1553584399 INTRODUCE 36 13894
SEND 1553584399 INTRODUCE 36 9441
SEND 1553584399 INTRODUCE 37 9905
SEND 1553584399 INTRODUCE 36 13191
SEND 1553584399 INTRODUCE 37 10179
SEND 1553584399 INTRODUCE 36 10054
SEND 1553584399 INTRODUCE 35 14849
SEND 1553584399 INTRODUCE 35 10582
SEND 1553584399 INTRODUCE 35 9427
RECIEVED 1553584399 INTRODUCE 36 50 5
RECIEVED 1553584399 INTRODUCE 35 50 5
RECIEVED 1553584399 INTRODUCE 36 50 5
RECIEVED 1553584399 INTRODUCE 36 50 5
RECIEVED 1553584399 INTRODUCE 35 50 5
RECIEVED 1553584399 INTRODUCE 36 50 5
RECIEVED 1553584399 INTRODUCE 36 50 5
RECIEVED 1553584399 INTRODUCE 37 50 5
RECIEVED 1553584399 INTRODUCE 36 50 5
RECIEVED 1553584399 INTRODUCE 36 50 5
RECIEVED 1553584399 INTRODUCE 36 50 5
# Failed sending to node node7
# ERROR: write tcp 172.22.156.206:53400->172.22.94.217:8007: write: broken pipe
SEND 1553584399 INTRODUCE 36 10491
SEND 1553584399 INTRODUCE 36 11841
SEND 1553584399 INTRODUCE 36 10832
SEND 1553584399 INTRODUCE 36 14440
SEND 1553584399 INTRODUCE 36 15639
SEND 1553584399 INTRODUCE 36 31032
SEND 1553584399 INTRODUCE 36 10859
SEND 1553584399 INTRODUCE 36 38846
SEND 1553584399 INTRODUCE 36 11160
SEND 1553584399 INTRODUCE 36 11616
SEND 1553584399 INTRODUCE 36 11621
SEND 1553584399 INTRODUCE 36 10920
SEND 1553584399 INTRODUCE 36 15644
SEND 1553584399 INTRODUCE 36 15532
SEND 1553584399 INTRODUCE 36 10504
SEND 1553584399 INTRODUCE 36 37152
SEND 1553584399 INTRODUCE 36 38899
SEND 1553584399 INTRODUCE 36 24596
# Failed listening 
%!(EXTRA string=node1)# ERROR: read tcp 172.22.156.206:37022->172.22.94.217:8001: read: connection reset by peer
SEND 1553584399 INTRODUCE 36 15968
SEND 1553584399 INTRODUCE 36 11241
SEND 1553584399 INTRODUCE 36 10136
SEND 1553584399 INTRODUCE 36 15853
SEND 1553584399 INTRODUCE 36 17496
SEND 1553584399 INTRODUCE 36 11122
SEND 1553584399 INTRODUCE 36 14978
SEND 1553584399 INTRODUCE 36 16205
SEND 1553584399 INTRODUCE 36 52259
SEND 1553584399 INTRODUCE 36 45145
SEND 1553584399 INTRODUCE 36 16301
SEND 1553584399 INTRODUCE 36 23082
SEND 1553584399 INTRODUCE 36 13463
SEND 1553584399 INTRODUCE 36 18512
SEND 1553584399 INTRODUCE 36 11416
SEND 1553584399 INTRODUCE 36 16015
SEND 1553584399 INTRODUCE 36 15451
SEND 1553584399 INTRODUCE 36 15252
SEND 1553584399 INTRODUCE 36 11461
SEND 1553584399 INTRODUCE 36 21943
SEND 1553584399 INTRODUCE 36 11149
SEND 1553584399 INTRODUCE 36 15277
SEND 1553584399 INTRODUCE 36 13195
# Failed sending to node node6
# ERROR: write tcp 172.22.156.206:44128->172.22.94.217:8006: write: broken pipe
SEND 1553584399 INTRODUCE 36 10000
SEND 1553584399 INTRODUCE 36 11213
SEND 1553584399 INTRODUCE 36 10161
SEND 1553584399 INTRODUCE 36 11742
SEND 1553584399 INTRODUCE 36 43023
SEND 1553584399 INTRODUCE 36 12009
SEND 1553584399 INTRODUCE 36 14023
SEND 1553584399 JOIN 31 11662
RECIEVED 1553584399 INTRODUCE 36 51 5
RECIEVED 1553584399 INTRODUCE 36 51 5
RECIEVED 1553584399 INTRODUCE 37 51 5
RECIEVED 1553584399 INTRODUCE 36 51 5
RECIEVED 1553584399 JOIN 31 51 5
RECIEVED 1553584399 INTRODUCE 36 51 5
RECIEVED 1553584399 INTRODUCE 37 51 5
RECIEVED 1553584399 TRANSACTION 82 51 5
UPDATE 1553584399 TRANSACTION 10c559047e16f9489d8a0b01f238a006
SEND 1553584399 TRANSACTION 82 13690 10c559047e16f9489d8a0b01f238a006
SEND 1553584399 TRANSACTION 82 10616 10c559047e16f9489d8a0b01f238a006
SEND 1553584399 TRANSACTION 82 10228 10c559047e16f9489d8a0b01f238a006
SEND 1553584399 TRANSACTION 82 13124 10c559047e16f9489d8a0b01f238a006
SEND 1553584399 TRANSACTION 82 11006 10c559047e16f9489d8a0b01f238a006
SEND 1553584399 TRANSACTION 82 15701 10c559047e16f9489d8a0b01f238a006
# Failed sending to node node1
# ERROR: write tcp 172.22.156.206:37022->172.22.94.217:8001: write: broken pipe
# Could not send message to node1
SEND 1553584399 TRANSACTION 82 12311 10c559047e16f9489d8a0b01f238a006
SEND 1553584399 TRANSACTION 82 16180 10c559047e16f9489d8a0b01f238a006
SEND 1553584399 TRANSACTION 82 14470 10c559047e16f9489d8a0b01f238a006
SEND 1553584399 TRANSACTION 82 9541 10c559047e16f9489d8a0b01f238a006
SEND 1553584399 TRANSACTION 82 11175 10c559047e16f9489d8a0b01f238a006
SEND 1553584399 TRANSACTION 82 13658 10c559047e16f9489d8a0b01f238a006
SEND 1553584399 TRANSACTION 82 10677 10c559047e16f9489d8a0b01f238a006
SEND 1553584399 TRANSACTION 82 24738 10c559047e16f9489d8a0b01f238a006
SEND 1553584399 TRANSACTION 82 35061 10c559047e16f9489d8a0b01f238a006
SEND 1553584399 TRANSACTION 82 22058 10c559047e16f9489d8a0b01f238a006
SEND 1553584399 TRANSACTION 82 10890 10c559047e16f9489d8a0b01f238a006
SEND 1553584399 TRANSACTION 82 11702 10c559047e16f9489d8a0b01f238a006
SEND 1553584399 TRANSACTION 82 9504 10c559047e16f9489d8a0b01f238a006
SEND 1553584399 TRANSACTION 82 31979 10c559047e16f9489d8a0b01f238a006
SEND 1553584399 TRANSACTION 82 10475 10c559047e16f9489d8a0b01f238a006
SEND 1553584399 TRANSACTION 82 14074 10c559047e16f9489d8a0b01f238a006
SEND 1553584399 TRANSACTION 82 12559 10c559047e16f9489d8a0b01f238a006
RECIEVED 1553584399 TRANSACTION 82 50 6
RECIEVED 1553584399 INTRODUCE 36 50 6
RECIEVED 1553584399 INTRODUCE 36 50 6
RECIEVED 1553584399 TRANSACTION 82 50 6
RECIEVED 1553584399 INTRODUCE 37 50 6
RECIEVED 1553584399 INTRODUCE 36 50 6
RECIEVED 1553584399 INTRODUCE 36 50 6
RECIEVED 1553584399 INTRODUCE 35 50 6
RECIEVED 1553584399 INTRODUCE 36 50 6
RECIEVED 1553584399 INTRODUCE 36 50 6
RECIEVED 1553584399 INTRODUCE 36 50 6
RECIEVED 1553584399 INTRODUCE 36 50 6
RECIEVED 1553584399 INTRODUCE 36 50 6
RECIEVED 1553584399 INTRODUCE 37 50 6
RECIEVED 1553584399 INTRODUCE 36 50 6
SEND 1553584399 INTRODUCE 36 11036
SEND 1553584399 INTRODUCE 36 9567
SEND 1553584399 INTRODUCE 36 10794
SEND 1553584399 INTRODUCE 36 15418
SEND 1553584399 INTRODUCE 36 15531
SEND 1553584399 INTRODUCE 36 56901
SEND 1553584399 INTRODUCE 36 11008
SEND 1553584399 INTRODUCE 36 10197
SEND 1553584399 INTRODUCE 36 9210
SEND 1553584399 INTRODUCE 36 20269
SEND 1553584399 INTRODUCE 36 15656
SEND 1553584399 INTRODUCE 36 14134
SEND 1553584399 INTRODUCE 36 12211
SEND 1553584399 INTRODUCE 36 10951
SEND 1553584399 INTRODUCE 36 37477
SEND 1553584399 INTRODUCE 36 11210
SEND 1553584399 INTRODUCE 36 14514
SEND 1553584399 INTRODUCE 36 15482
SEND 1553584399 INTRODUCE 36 13386
SEND 1553584399 INTRODUCE 36 10805
SEND 1553584399 INTRODUCE 36 15544
SEND 1553584399 INTRODUCE 36 10857
# Failed sending to node node6
# ERROR: write tcp 172.22.156.206:44128->172.22.94.217:8006: write: broken pipe
# Failed listening 
%!(EXTRA string=node7)# ERROR: read tcp 172.22.156.206:51578->172.22.156.206:8007: read: connection reset by peer
# recieved string JOIN node18 172.22.94.217 8018

# recieved string JOIN node18 172.22.156.208 8018

# Failed listening 
%!(EXTRA string=node4)# ERROR: read tcp 172.22.156.206:51164->172.22.94.217:8004: read: connection reset by peer
# recieved string JOIN node18 172.22.156.206 8018

# recieved string JOIN node16 172.22.156.208 8016

# recieved string JOIN node15 172.22.156.208 8015

# recieved string JOIN node17 172.22.94.217 8017

# recieved string JOIN node19 172.22.156.208 8019

# Failed listening 
%!(EXTRA string=node9)# ERROR: read tcp 172.22.156.206:41506->172.22.156.208:8009: read: connection reset by peer
# Failed listening 
%!(EXTRA string=node1)# ERROR: read tcp 172.22.156.206:38958->172.22.156.207:8001: read: connection reset by peer
# Failed listening 
%!(EXTRA string=node17)# ERROR: EOF
