RECIEVED 1553584397 INTRODUCE 35 0 0
SEND 1553584397 JOIN 32 16023
RECIEVED 1553584397 INTRODUCE 35 1 0
SEND 1553584397 INTRODUCE 35 16050
SEND 1553584397 JOIN 32 15900
RECIEVED 1553584397 INTRODUCE 36 2 0
SEND 1553584397 INTRODUCE 36 22201
SEND 1553584397 INTRODUCE 36 15882
SEND 1553584397 JOIN 32 25774
RECIEVED 1553584397 INTRODUCE 36 3 0
SEND 1553584397 INTRODUCE 36 28973
SEND 1553584397 INTRODUCE 36 20711
SEND 1553584397 INTRODUCE 36 61578
SEND 1553584397 JOIN 32 19784
RECIEVED 1553584397 INTRODUCE 37 4 0
SEND 1553584397 INTRODUCE 37 17061
SEND 1553584397 INTRODUCE 37 22911
SEND 1553584397 INTRODUCE 37 20706
SEND 1553584397 INTRODUCE 37 21857
SEND 1553584397 JOIN 32 16037
RECIEVED 1553584397 INTRODUCE 37 5 0
RECIEVED 1553584397 INTRODUCE 35 5 0
SEND 1553584397 INTRODUCE 35 10903
SEND 1553584397 INTRODUCE 35 20852
SEND 1553584397 INTRODUCE 35 25731
SEND 1553584397 INTRODUCE 35 11384
SEND 1553584397 INTRODUCE 35 9984
SEND 1553584397 JOIN 32 20139
RECIEVED 1553584397 INTRODUCE 35 6 0
RECIEVED 1553584397 INTRODUCE 36 6 0
SEND 1553584397 INTRODUCE 36 19491
SEND 1553584397 INTRODUCE 36 14054
SEND 1553584397 INTRODUCE 36 9967
SEND 1553584397 INTRODUCE 36 11186
SEND 1553584397 INTRODUCE 36 11275
SEND 1553584397 INTRODUCE 36 19181
SEND 1553584397 JOIN 32 15337
RECIEVED 1553584397 INTRODUCE 36 7 0
RECIEVED 1553584397 INTRODUCE 36 7 0
SEND 1553584397 INTRODUCE 36 18629
SEND 1553584397 INTRODUCE 36 8857
SEND 1553584397 INTRODUCE 36 10920
SEND 1553584397 INTRODUCE 36 12368
SEND 1553584397 INTRODUCE 36 18742
SEND 1553584397 INTRODUCE 36 16498
SEND 1553584397 INTRODUCE 36 18750
SEND 1553584397 JOIN 32 23000
RECIEVED 1553584397 INTRODUCE 35 8 0
RECIEVED 1553584397 INTRODUCE 36 8 0
SEND 1553584397 INTRODUCE 36 19951
SEND 1553584397 INTRODUCE 36 24701
SEND 1553584397 INTRODUCE 36 23219
SEND 1553584397 INTRODUCE 36 21318
SEND 1553584397 INTRODUCE 36 26596
SEND 1553584397 INTRODUCE 36 24266
SEND 1553584397 INTRODUCE 36 11033
SEND 1553584397 INTRODUCE 36 17496
SEND 1553584397 JOIN 32 13814
RECIEVED 1553584397 INTRODUCE 37 9 0
RECIEVED 1553584397 INTRODUCE 35 9 0
SEND 1553584397 INTRODUCE 35 20061
SEND 1553584397 INTRODUCE 35 15443
SEND 1553584397 INTRODUCE 35 12318
SEND 1553584397 INTRODUCE 35 18842
SEND 1553584397 INTRODUCE 35 17309
SEND 1553584397 INTRODUCE 35 14869
SEND 1553584397 INTRODUCE 35 20690
SEND 1553584397 INTRODUCE 35 18952
SEND 1553584397 INTRODUCE 35 18668
SEND 1553584397 JOIN 32 22015
RECIEVED 1553584397 INTRODUCE 36 10 0
SEND 1553584397 INTRODUCE 36 15086
SEND 1553584397 INTRODUCE 36 16104
SEND 1553584397 INTRODUCE 36 28778
SEND 1553584397 INTRODUCE 36 34682
SEND 1553584397 INTRODUCE 36 15200
SEND 1553584397 INTRODUCE 36 18142
SEND 1553584397 INTRODUCE 36 12236
SEND 1553584397 INTRODUCE 36 12260
SEND 1553584397 INTRODUCE 36 13940
SEND 1553584397 INTRODUCE 36 15438
SEND 1553584397 JOIN 32 17541
RECIEVED 1553584397 INTRODUCE 35 11 0
SEND 1553584397 INTRODUCE 35 28104
SEND 1553584397 INTRODUCE 35 11581
SEND 1553584397 INTRODUCE 35 58018
SEND 1553584397 INTRODUCE 35 11163
SEND 1553584397 INTRODUCE 35 25081
SEND 1553584397 INTRODUCE 35 19484
SEND 1553584397 INTRODUCE 35 22696
SEND 1553584397 INTRODUCE 35 29397
SEND 1553584397 INTRODUCE 35 19342
SEND 1553584397 INTRODUCE 35 11944
SEND 1553584397 INTRODUCE 35 24796
SEND 1553584397 JOIN 32 15329
RECIEVED 1553584397 INTRODUCE 36 12 0
SEND 1553584397 INTRODUCE 36 11120
SEND 1553584397 INTRODUCE 36 15807
SEND 1553584397 INTRODUCE 36 14468
SEND 1553584397 INTRODUCE 36 13540
SEND 1553584397 INTRODUCE 36 12427
SEND 1553584397 INTRODUCE 36 21808
SEND 1553584397 INTRODUCE 36 16038
SEND 1553584397 INTRODUCE 36 20362
SEND 1553584397 INTRODUCE 36 24439
SEND 1553584397 INTRODUCE 36 17236
SEND 1553584397 INTRODUCE 36 21437
SEND 1553584397 INTRODUCE 36 22754
SEND 1553584397 JOIN 32 81768
RECIEVED 1553584397 INTRODUCE 36 13 0
SEND 1553584397 INTRODUCE 36 16386
SEND 1553584397 INTRODUCE 36 11724
SEND 1553584397 INTRODUCE 36 14965
SEND 1553584397 INTRODUCE 36 17220
SEND 1553584397 INTRODUCE 36 12174
SEND 1553584397 INTRODUCE 36 35127
SEND 1553584397 INTRODUCE 36 64126
SEND 1553584397 INTRODUCE 36 16265
SEND 1553584397 INTRODUCE 36 17112
SEND 1553584397 INTRODUCE 36 38727
SEND 1553584397 INTRODUCE 36 43271
SEND 1553584397 INTRODUCE 36 15963
SEND 1553584397 INTRODUCE 36 25236
SEND 1553584397 JOIN 32 16422
RECIEVED 1553584397 INTRODUCE 36 14 0
SEND 1553584397 INTRODUCE 36 11575
SEND 1553584397 INTRODUCE 36 13013
SEND 1553584397 INTRODUCE 36 15026
SEND 1553584397 INTRODUCE 36 25998
SEND 1553584397 INTRODUCE 36 16422
SEND 1553584397 INTRODUCE 36 13064
SEND 1553584397 INTRODUCE 36 24505
SEND 1553584397 INTRODUCE 36 15057
SEND 1553584397 INTRODUCE 36 35566
SEND 1553584397 INTRODUCE 36 11139
SEND 1553584397 INTRODUCE 36 16492
SEND 1553584397 INTRODUCE 36 25262
SEND 1553584397 INTRODUCE 36 27254
SEND 1553584397 INTRODUCE 36 11979
SEND 1553584397 JOIN 32 18937
RECIEVED 1553584397 INTRODUCE 35 15 0
RECIEVED 1553584397 INTRODUCE 36 15 0
RECIEVED 1553584397 INTRODUCE 36 15 0
RECIEVED 1553584397 INTRODUCE 36 15 0
RECIEVED 1553584397 INTRODUCE 37 15 0
SEND 1553584397 INTRODUCE 37 17294
SEND 1553584397 INTRODUCE 37 23952
SEND 1553584397 INTRODUCE 37 12439
SEND 1553584397 INTRODUCE 37 14580
SEND 1553584397 INTRODUCE 37 38652
SEND 1553584397 INTRODUCE 37 16552
SEND 1553584397 INTRODUCE 37 22948
SEND 1553584397 INTRODUCE 37 11409
SEND 1553584397 INTRODUCE 37 26742
SEND 1553584397 INTRODUCE 37 25469
SEND 1553584397 INTRODUCE 37 17517
SEND 1553584397 INTRODUCE 37 26920
SEND 1553584397 INTRODUCE 37 12579
SEND 1553584397 INTRODUCE 37 16501
SEND 1553584397 INTRODUCE 37 12337
SEND 1553584397 JOIN 32 15750
RECIEVED 1553584397 INTRODUCE 37 16 0
SEND 1553584397 INTRODUCE 37 12247
SEND 1553584397 INTRODUCE 37 10279
SEND 1553584397 INTRODUCE 37 10120
SEND 1553584397 INTRODUCE 37 11832
SEND 1553584397 INTRODUCE 37 10473
SEND 1553584397 INTRODUCE 37 19388
SEND 1553584397 INTRODUCE 37 15225
SEND 1553584397 INTRODUCE 37 10773
SEND 1553584397 INTRODUCE 37 12073
SEND 1553584397 INTRODUCE 37 10348
SEND 1553584397 INTRODUCE 37 11760
SEND 1553584397 INTRODUCE 37 10164
SEND 1553584397 INTRODUCE 37 11640
SEND 1553584397 INTRODUCE 37 14953
SEND 1553584397 INTRODUCE 37 11671
SEND 1553584397 INTRODUCE 37 8360
SEND 1553584397 JOIN 32 15580
RECIEVED 1553584397 INTRODUCE 37 17 0
SEND 1553584397 INTRODUCE 37 13361
SEND 1553584397 INTRODUCE 37 15517
SEND 1553584397 INTRODUCE 37 15862
SEND 1553584397 INTRODUCE 37 11562
SEND 1553584397 INTRODUCE 37 16504
SEND 1553584397 INTRODUCE 37 16972
SEND 1553584397 INTRODUCE 37 14692
SEND 1553584397 INTRODUCE 37 9623
SEND 1553584397 INTRODUCE 37 12328
SEND 1553584397 INTRODUCE 37 11144
SEND 1553584397 INTRODUCE 37 14060
SEND 1553584397 INTRODUCE 37 12268
SEND 1553584397 INTRODUCE 37 11196
SEND 1553584397 INTRODUCE 37 12969
SEND 1553584397 INTRODUCE 37 67473
SEND 1553584397 INTRODUCE 37 14887
SEND 1553584397 INTRODUCE 37 11450
SEND 1553584397 JOIN 32 16291
RECIEVED 1553584397 INTRODUCE 36 18 0
SEND 1553584397 INTRODUCE 36 18776
SEND 1553584397 INTRODUCE 36 22258
SEND 1553584397 INTRODUCE 36 16503
SEND 1553584397 INTRODUCE 36 11759
SEND 1553584397 INTRODUCE 36 13187
SEND 1553584397 INTRODUCE 36 11256
SEND 1553584397 INTRODUCE 36 13862
SEND 1553584397 INTRODUCE 36 12935
SEND 1553584397 INTRODUCE 36 12076
SEND 1553584397 INTRODUCE 36 13982
SEND 1553584397 INTRODUCE 36 15079
SEND 1553584397 INTRODUCE 36 12715
SEND 1553584397 INTRODUCE 36 13317
SEND 1553584397 INTRODUCE 36 15203
SEND 1553584397 INTRODUCE 36 22027
SEND 1553584397 INTRODUCE 36 10883
SEND 1553584397 INTRODUCE 36 11680
SEND 1553584397 INTRODUCE 36 11486
SEND 1553584397 JOIN 32 14889
RECIEVED 1553584397 INTRODUCE 36 19 0
SEND 1553584397 INTRODUCE 36 12745
SEND 1553584397 INTRODUCE 36 11528
SEND 1553584397 INTRODUCE 36 13760
SEND 1553584397 INTRODUCE 36 17497
SEND 1553584397 INTRODUCE 36 14517
SEND 1553584397 INTRODUCE 36 13048
SEND 1553584397 INTRODUCE 36 11782
SEND 1553584397 INTRODUCE 36 10283
SEND 1553584397 INTRODUCE 36 11022
SEND 1553584397 INTRODUCE 36 36357
SEND 1553584397 INTRODUCE 36 10066
SEND 1553584397 INTRODUCE 36 35484
SEND 1553584397 INTRODUCE 36 12180
SEND 1553584397 INTRODUCE 36 11476
SEND 1553584397 INTRODUCE 36 11196
SEND 1553584397 INTRODUCE 36 12588
SEND 1553584397 INTRODUCE 36 10762
SEND 1553584397 INTRODUCE 36 21060
SEND 1553584397 INTRODUCE 36 10675
SEND 1553584397 JOIN 32 18838
RECIEVED 1553584397 INTRODUCE 35 20 0
RECIEVED 1553584397 INTRODUCE 36 20 0
RECIEVED 1553584397 INTRODUCE 35 20 0
SEND 1553584397 INTRODUCE 35 18343
SEND 1553584397 INTRODUCE 35 12535
SEND 1553584397 INTRODUCE 35 10750
SEND 1553584397 INTRODUCE 35 9852
SEND 1553584397 INTRODUCE 35 11819
SEND 1553584397 INTRODUCE 35 11877
SEND 1553584397 INTRODUCE 35 14303
SEND 1553584397 INTRODUCE 35 11867
SEND 1553584397 INTRODUCE 35 11848
SEND 1553584397 INTRODUCE 35 12124
SEND 1553584397 INTRODUCE 35 12454
SEND 1553584397 INTRODUCE 35 10531
SEND 1553584397 INTRODUCE 35 15495
SEND 1553584397 INTRODUCE 35 9941
SEND 1553584397 INTRODUCE 35 14277
SEND 1553584397 INTRODUCE 35 12878
SEND 1553584397 INTRODUCE 35 12003
SEND 1553584397 INTRODUCE 35 12488
SEND 1553584397 INTRODUCE 35 11569
SEND 1553584397 INTRODUCE 35 11301
SEND 1553584397 JOIN 32 10613
RECIEVED 1553584397 INTRODUCE 35 21 0
RECIEVED 1553584397 INTRODUCE 36 21 0
RECIEVED 1553584397 INTRODUCE 35 21 0
RECIEVED 1553584397 INTRODUCE 35 21 0
SEND 1553584397 INTRODUCE 35 12978
SEND 1553584397 INTRODUCE 35 30524
SEND 1553584397 INTRODUCE 35 14486
SEND 1553584397 INTRODUCE 35 8826
SEND 1553584397 INTRODUCE 35 30979
SEND 1553584397 INTRODUCE 35 8732
SEND 1553584397 INTRODUCE 35 12656
# recieved string JOIN node3 172.22.156.208 8003

SEND 1553584397 INTRODUCE 35 12261
SEND 1553584397 INTRODUCE 35 11775
SEND 1553584397 INTRODUCE 35 12703
SEND 1553584397 INTRODUCE 35 12111
SEND 1553584397 INTRODUCE 35 14062
SEND 1553584397 INTRODUCE 35 14994
SEND 1553584397 INTRODUCE 35 27049
SEND 1553584397 INTRODUCE 35 17876
SEND 1553584397 INTRODUCE 35 10306
SEND 1553584397 INTRODUCE 35 11755
SEND 1553584397 INTRODUCE 35 10388
SEND 1553584397 INTRODUCE 35 18670
SEND 1553584397 INTRODUCE 35 11254
SEND 1553584397 INTRODUCE 35 11044
SEND 1553584397 JOIN 32 11711
RECIEVED 1553584397 INTRODUCE 35 22 0
RECIEVED 1553584397 INTRODUCE 37 22 0
RECIEVED 1553584397 INTRODUCE 36 22 0
SEND 1553584397 INTRODUCE 36 87907
SEND 1553584397 INTRODUCE 36 14899
SEND 1553584397 INTRODUCE 36 11283
SEND 1553584397 INTRODUCE 36 11482
SEND 1553584397 INTRODUCE 36 17021
SEND 1553584397 INTRODUCE 36 39510
SEND 1553584397 INTRODUCE 36 35603
SEND 1553584397 INTRODUCE 36 11893
SEND 1553584397 INTRODUCE 36 13291
SEND 1553584397 INTRODUCE 36 19703
SEND 1553584397 INTRODUCE 36 14744
SEND 1553584397 INTRODUCE 36 15571
SEND 1553584397 INTRODUCE 36 14776
SEND 1553584397 INTRODUCE 36 12461
# recieved string JOIN node14 172.22.94.217 8014

SEND 1553584397 INTRODUCE 36 10172
SEND 1553584397 INTRODUCE 36 20848
SEND 1553584397 INTRODUCE 36 20453
SEND 1553584397 INTRODUCE 36 18141
SEND 1553584397 INTRODUCE 36 17493
SEND 1553584397 INTRODUCE 36 24829
SEND 1553584397 INTRODUCE 36 8848
SEND 1553584397 INTRODUCE 36 10685
SEND 1553584397 JOIN 32 9360
RECIEVED 1553584397 INTRODUCE 36 23 0
RECIEVED 1553584397 INTRODUCE 36 23 0
RECIEVED 1553584397 INTRODUCE 36 23 0
SEND 1553584397 INTRODUCE 36 11965
# recieved string JOIN node7 172.22.156.208 8007

# recieved string JOIN node6 172.22.156.208 8006

SEND 1553584397 INTRODUCE 36 7559
SEND 1553584397 INTRODUCE 36 17190
SEND 1553584397 INTRODUCE 36 41202
SEND 1553584397 INTRODUCE 36 8982
SEND 1553584397 INTRODUCE 36 13896
# recieved string JOIN node7 172.22.156.206 8007

SEND 1553584397 INTRODUCE 36 13311
SEND 1553584397 INTRODUCE 36 11845
SEND 1553584397 INTRODUCE 36 15994
SEND 1553584397 INTRODUCE 36 13266
SEND 1553584397 INTRODUCE 36 11051
SEND 1553584397 INTRODUCE 36 40131
SEND 1553584397 INTRODUCE 36 12508
SEND 1553584397 INTRODUCE 36 36555
# recieved string JOIN node10 172.22.94.217 8010

SEND 1553584397 INTRODUCE 36 10444
SEND 1553584397 INTRODUCE 36 31502
SEND 1553584397 INTRODUCE 36 14214
SEND 1553584397 INTRODUCE 36 12807
SEND 1553584397 INTRODUCE 36 11576
SEND 1553584397 INTRODUCE 36 11338
SEND 1553584397 INTRODUCE 36 13478
SEND 1553584397 INTRODUCE 36 12005
SEND 1553584397 INTRODUCE 36 11939
# recieved string JOIN node4 172.22.94.217 8004

SEND 1553584397 JOIN 32 14991
RECIEVED 1553584397 INTRODUCE 35 24 0
SEND 1553584397 INTRODUCE 35 13348
SEND 1553584397 INTRODUCE 35 20147
SEND 1553584397 INTRODUCE 35 11788
SEND 1553584397 INTRODUCE 35 30579
SEND 1553584397 INTRODUCE 35 31676
SEND 1553584397 INTRODUCE 35 10670
SEND 1553584397 INTRODUCE 35 11259
SEND 1553584397 INTRODUCE 35 11112
SEND 1553584397 INTRODUCE 35 25628
SEND 1553584397 INTRODUCE 35 10622
SEND 1553584397 INTRODUCE 35 10408
SEND 1553584397 INTRODUCE 35 9075
SEND 1553584397 INTRODUCE 35 15101
SEND 1553584397 INTRODUCE 35 12802
SEND 1553584397 INTRODUCE 35 18247
SEND 1553584397 INTRODUCE 35 16898
SEND 1553584397 INTRODUCE 35 10447
SEND 1553584397 INTRODUCE 35 11705
SEND 1553584397 INTRODUCE 35 9854
SEND 1553584397 INTRODUCE 35 16229
SEND 1553584397 INTRODUCE 35 10635
SEND 1553584397 INTRODUCE 35 19427
SEND 1553584397 INTRODUCE 35 11518
SEND 1553584397 INTRODUCE 35 11374
SEND 1553584397 JOIN 32 16416
RECIEVED 1553584397 INTRODUCE 36 25 0
RECIEVED 1553584397 INTRODUCE 36 25 0
RECIEVED 1553584397 INTRODUCE 36 25 0
RECIEVED 1553584397 INTRODUCE 35 25 0
SEND 1553584397 INTRODUCE 35 18961
SEND 1553584397 INTRODUCE 35 11628
SEND 1553584397 INTRODUCE 35 16480
SEND 1553584397 INTRODUCE 35 12220
SEND 1553584397 INTRODUCE 35 16955
SEND 1553584397 INTRODUCE 35 37657
SEND 1553584397 INTRODUCE 35 15540
SEND 1553584397 INTRODUCE 35 15050
SEND 1553584397 INTRODUCE 35 16955
SEND 1553584397 INTRODUCE 35 21841
SEND 1553584397 INTRODUCE 35 23676
SEND 1553584397 INTRODUCE 35 11813
SEND 1553584397 INTRODUCE 35 10527
SEND 1553584397 INTRODUCE 35 20001
SEND 1553584397 INTRODUCE 35 27766
SEND 1553584397 INTRODUCE 35 13318
SEND 1553584397 INTRODUCE 35 13101
SEND 1553584397 INTRODUCE 35 22204
SEND 1553584397 INTRODUCE 35 11602
SEND 1553584397 INTRODUCE 35 14272
SEND 1553584397 INTRODUCE 35 12823
# recieved string JOIN node3 172.22.94.217 8003

SEND 1553584397 INTRODUCE 35 13392
SEND 1553584397 INTRODUCE 35 14283
SEND 1553584397 INTRODUCE 35 12304
SEND 1553584397 INTRODUCE 35 11222
SEND 1553584397 JOIN 32 33557
RECIEVED 1553584397 INTRODUCE 36 26 0
RECIEVED 1553584397 INTRODUCE 36 26 0
RECIEVED 1553584397 INTRODUCE 35 26 0
RECIEVED 1553584397 INTRODUCE 36 26 0
SEND 1553584397 INTRODUCE 36 17530
SEND 1553584397 INTRODUCE 36 30638
SEND 1553584397 INTRODUCE 36 31672
SEND 1553584397 INTRODUCE 36 13151
SEND 1553584397 INTRODUCE 36 12936
SEND 1553584397 INTRODUCE 36 12178
SEND 1553584397 INTRODUCE 36 31935
SEND 1553584397 INTRODUCE 36 9779
SEND 1553584397 INTRODUCE 36 12875
# recieved string JOIN node8 172.22.156.208 8008

# recieved string JOIN node6 172.22.94.217 8006

SEND 1553584397 INTRODUCE 36 14419
SEND 1553584397 INTRODUCE 36 14729
SEND 1553584397 INTRODUCE 36 16668
SEND 1553584397 INTRODUCE 36 16926
SEND 1553584397 INTRODUCE 36 11080
SEND 1553584397 INTRODUCE 36 14713
SEND 1553584397 INTRODUCE 36 18419
SEND 1553584397 INTRODUCE 36 15460
SEND 1553584397 INTRODUCE 36 9221
SEND 1553584397 INTRODUCE 36 12369
SEND 1553584397 INTRODUCE 36 11280
SEND 1553584397 INTRODUCE 36 16145
SEND 1553584397 INTRODUCE 36 11872
SEND 1553584397 INTRODUCE 36 13237
SEND 1553584397 INTRODUCE 36 11114
SEND 1553584397 INTRODUCE 36 58667
SEND 1553584397 INTRODUCE 36 11832
SEND 1553584397 JOIN 32 21900
RECIEVED 1553584397 INTRODUCE 35 27 0
RECIEVED 1553584397 INTRODUCE 37 27 0
RECIEVED 1553584397 INTRODUCE 36 27 0
RECIEVED 1553584397 INTRODUCE 35 27 0
RECIEVED 1553584397 INTRODUCE 36 27 0
RECIEVED 1553584397 INTRODUCE 35 27 0
RECIEVED 1553584397 INTRODUCE 35 27 0
RECIEVED 1553584397 INTRODUCE 37 27 0
RECIEVED 1553584397 INTRODUCE 35 27 0
RECIEVED 1553584397 INTRODUCE 35 27 0
RECIEVED 1553584397 INTRODUCE 37 27 0
RECIEVED 1553584397 INTRODUCE 36 27 0
RECIEVED 1553584397 INTRODUCE 35 27 0
RECIEVED 1553584397 INTRODUCE 35 27 0
RECIEVED 1553584397 INTRODUCE 36 27 0
RECIEVED 1553584397 INTRODUCE 36 27 0
RECIEVED 1553584397 INTRODUCE 36 27 0
RECIEVED 1553584397 INTRODUCE 35 27 0
RECIEVED 1553584397 INTRODUCE 35 27 0
RECIEVED 1553584397 INTRODUCE 36 27 0
RECIEVED 1553584397 INTRODUCE 37 27 0
RECIEVED 1553584397 INTRODUCE 35 27 0
RECIEVED 1553584397 INTRODUCE 35 27 0
RECIEVED 1553584397 INTRODUCE 36 27 0
RECIEVED 1553584397 INTRODUCE 36 27 0
RECIEVED 1553584397 INTRODUCE 36 27 0
RECIEVED 1553584397 INTRODUCE 35 27 0
RECIEVED 1553584397 INTRODUCE 36 27 0
RECIEVED 1553584397 INTRODUCE 36 27 0
RECIEVED 1553584397 INTRODUCE 36 27 0
RECIEVED 1553584397 INTRODUCE 36 27 0
RECIEVED 1553584397 INTRODUCE 35 27 0
RECIEVED 1553584397 INTRODUCE 36 27 0
RECIEVED 1553584397 INTRODUCE 36 27 0
RECIEVED 1553584397 INTRODUCE 35 27 0
RECIEVED 1553584397 INTRODUCE 37 27 0
RECIEVED 1553584397 INTRODUCE 36 27 0
RECIEVED 1553584397 INTRODUCE 36 27 0
RECIEVED 1553584397 INTRODUCE 35 27 0
SEND 1553584397 INTRODUCE 35 21200
SEND 1553584397 INTRODUCE 35 18286
SEND 1553584397 INTRODUCE 35 11317
SEND 1553584397 INTRODUCE 35 36475
SEND 1553584397 INTRODUCE 35 16669
SEND 1553584397 INTRODUCE 35 10998
SEND 1553584397 INTRODUCE 35 17200
SEND 1553584397 INTRODUCE 35 11019
SEND 1553584397 INTRODUCE 35 14009
SEND 1553584397 INTRODUCE 35 12769
# recieved string JOIN node4 172.22.156.208 8004

SEND 1553584397 INTRODUCE 35 14236
SEND 1553584397 INTRODUCE 35 10863
SEND 1553584397 INTRODUCE 35 12952
SEND 1553584397 INTRODUCE 35 11963
SEND 1553584397 INTRODUCE 35 10646
SEND 1553584397 INTRODUCE 35 77017
SEND 1553584397 INTRODUCE 35 46475
SEND 1553584397 INTRODUCE 35 22868
SEND 1553584397 INTRODUCE 35 14656
SEND 1553584397 INTRODUCE 35 13233
SEND 1553584397 INTRODUCE 35 16339
SEND 1553584397 INTRODUCE 35 10137
SEND 1553584397 INTRODUCE 35 11789
# recieved string JOIN node5 172.22.156.208 8005

SEND 1553584397 INTRODUCE 35 11244
# recieved string JOIN node8 172.22.156.206 8008

SEND 1553584397 INTRODUCE 35 12616
SEND 1553584397 INTRODUCE 35 12311
SEND 1553584397 INTRODUCE 35 19620
SEND 1553584397 JOIN 32 9933
RECIEVED 1553584397 INTRODUCE 36 28 0
RECIEVED 1553584397 INTRODUCE 35 28 0
RECIEVED 1553584397 INTRODUCE 36 28 0
RECIEVED 1553584397 INTRODUCE 35 28 0
RECIEVED 1553584397 INTRODUCE 36 28 0
RECIEVED 1553584397 INTRODUCE 35 28 0
RECIEVED 1553584397 INTRODUCE 35 28 0
RECIEVED 1553584397 INTRODUCE 37 28 0
RECIEVED 1553584397 INTRODUCE 35 28 0
RECIEVED 1553584397 INTRODUCE 37 28 0
RECIEVED 1553584397 INTRODUCE 36 28 0
RECIEVED 1553584397 INTRODUCE 35 28 0
RECIEVED 1553584397 INTRODUCE 37 28 0
RECIEVED 1553584397 INTRODUCE 35 28 0
RECIEVED 1553584397 INTRODUCE 36 28 0
RECIEVED 1553584397 INTRODUCE 35 28 0
RECIEVED 1553584397 INTRODUCE 36 28 0
RECIEVED 1553584397 INTRODUCE 37 28 0
RECIEVED 1553584397 INTRODUCE 35 28 0
RECIEVED 1553584397 INTRODUCE 35 28 0
RECIEVED 1553584397 INTRODUCE 36 28 0
RECIEVED 1553584397 INTRODUCE 35 28 0
RECIEVED 1553584397 INTRODUCE 37 28 0
RECIEVED 1553584397 INTRODUCE 36 28 0
RECIEVED 1553584397 INTRODUCE 36 28 0
RECIEVED 1553584397 INTRODUCE 35 28 0
RECIEVED 1553584397 INTRODUCE 36 28 0
RECIEVED 1553584397 INTRODUCE 36 28 0
RECIEVED 1553584397 INTRODUCE 36 28 0
RECIEVED 1553584397 INTRODUCE 36 28 0
RECIEVED 1553584397 INTRODUCE 35 28 0
RECIEVED 1553584397 INTRODUCE 36 28 0
RECIEVED 1553584397 INTRODUCE 36 28 0
RECIEVED 1553584397 INTRODUCE 36 28 0
RECIEVED 1553584397 INTRODUCE 37 28 0
RECIEVED 1553584397 INTRODUCE 36 28 0
RECIEVED 1553584397 INTRODUCE 36 28 0
RECIEVED 1553584397 INTRODUCE 37 28 0
RECIEVED 1553584397 INTRODUCE 36 28 0
RECIEVED 1553584397 INTRODUCE 36 28 0
RECIEVED 1553584397 INTRODUCE 35 28 0
RECIEVED 1553584397 INTRODUCE 36 28 0
RECIEVED 1553584397 INTRODUCE 36 28 0
RECIEVED 1553584397 INTRODUCE 35 28 0
RECIEVED 1553584397 INTRODUCE 35 28 0
RECIEVED 1553584397 INTRODUCE 36 28 0
RECIEVED 1553584397 INTRODUCE 36 28 0
RECIEVED 1553584397 INTRODUCE 36 28 0
RECIEVED 1553584397 INTRODUCE 35 28 0
RECIEVED 1553584397 INTRODUCE 36 28 0
RECIEVED 1553584397 INTRODUCE 35 28 0
RECIEVED 1553584397 INTRODUCE 36 28 0
RECIEVED 1553584397 INTRODUCE 36 28 0
RECIEVED 1553584397 INTRODUCE 35 28 0
RECIEVED 1553584397 INTRODUCE 36 28 0
RECIEVED 1553584397 INTRODUCE 35 28 0
RECIEVED 1553584397 INTRODUCE 36 28 0
RECIEVED 1553584397 INTRODUCE 35 28 0
RECIEVED 1553584397 INTRODUCE 37 28 0
RECIEVED 1553584397 INTRODUCE 37 28 0
RECIEVED 1553584397 INTRODUCE 37 28 0
RECIEVED 1553584397 INTRODUCE 36 28 0
RECIEVED 1553584397 INTRODUCE 35 28 0
RECIEVED 1553584397 INTRODUCE 36 28 0
RECIEVED 1553584397 INTRODUCE 36 28 0
RECIEVED 1553584397 INTRODUCE 36 28 0
RECIEVED 1553584397 INTRODUCE 35 28 0
RECIEVED 1553584397 INTRODUCE 35 28 0
RECIEVED 1553584397 INTRODUCE 36 28 0
RECIEVED 1553584397 INTRODUCE 36 28 0
RECIEVED 1553584397 INTRODUCE 35 28 0
RECIEVED 1553584397 INTRODUCE 37 28 0
RECIEVED 1553584397 INTRODUCE 35 28 0
RECIEVED 1553584397 INTRODUCE 35 28 0
RECIEVED 1553584397 INTRODUCE 37 28 0
RECIEVED 1553584397 INTRODUCE 36 28 0
RECIEVED 1553584397 INTRODUCE 36 28 0
RECIEVED 1553584397 INTRODUCE 35 28 0
RECIEVED 1553584397 INTRODUCE 36 28 0
RECIEVED 1553584397 INTRODUCE 36 28 0
RECIEVED 1553584397 INTRODUCE 36 28 0
RECIEVED 1553584397 INTRODUCE 37 28 0
RECIEVED 1553584397 INTRODUCE 35 28 0
RECIEVED 1553584397 INTRODUCE 35 28 0
RECIEVED 1553584397 INTRODUCE 35 28 0
RECIEVED 1553584397 INTRODUCE 37 28 0
RECIEVED 1553584397 INTRODUCE 35 28 0
RECIEVED 1553584397 INTRODUCE 37 28 0
RECIEVED 1553584397 INTRODUCE 35 28 0
RECIEVED 1553584397 INTRODUCE 37 28 0
RECIEVED 1553584397 INTRODUCE 36 28 0
RECIEVED 1553584397 INTRODUCE 36 28 0
RECIEVED 1553584397 INTRODUCE 35 28 0
RECIEVED 1553584397 INTRODUCE 36 28 0
RECIEVED 1553584397 INTRODUCE 35 28 0
RECIEVED 1553584397 INTRODUCE 35 28 0
RECIEVED 1553584397 INTRODUCE 36 28 0
RECIEVED 1553584397 INTRODUCE 36 28 0
RECIEVED 1553584397 INTRODUCE 35 28 0
RECIEVED 1553584397 INTRODUCE 36 28 0
RECIEVED 1553584397 INTRODUCE 35 28 0
RECIEVED 1553584397 INTRODUCE 36 28 0
RECIEVED 1553584397 INTRODUCE 36 28 0
RECIEVED 1553584397 INTRODUCE 36 28 0
RECIEVED 1553584397 INTRODUCE 36 28 0
RECIEVED 1553584397 INTRODUCE 36 28 0
RECIEVED 1553584397 INTRODUCE 36 28 0
RECIEVED 1553584397 INTRODUCE 36 28 0
RECIEVED 1553584397 INTRODUCE 36 28 0
RECIEVED 1553584397 INTRODUCE 35 28 0
RECIEVED 1553584397 INTRODUCE 35 28 0
RECIEVED 1553584397 INTRODUCE 36 28 0
RECIEVED 1553584397 INTRODUCE 37 28 0
RECIEVED 1553584397 INTRODUCE 36 28 0
RECIEVED 1553584397 INTRODUCE 36 28 0
RECIEVED 1553584397 INTRODUCE 37 28 0
RECIEVED 1553584397 INTRODUCE 35 28 0
RECIEVED 1553584397 INTRODUCE 36 28 0
RECIEVED 1553584397 INTRODUCE 35 28 0
RECIEVED 1553584397 INTRODUCE 36 28 0
RECIEVED 1553584397 INTRODUCE 36 28 0
RECIEVED 1553584397 INTRODUCE 35 28 0
RECIEVED 1553584397 INTRODUCE 36 28 0
RECIEVED 1553584397 INTRODUCE 35 28 0
RECIEVED 1553584397 INTRODUCE 35 28 0
RECIEVED 1553584397 INTRODUCE 35 28 0
RECIEVED 1553584397 INTRODUCE 35 28 0
RECIEVED 1553584397 INTRODUCE 36 28 0
RECIEVED 1553584397 INTRODUCE 36 28 0
RECIEVED 1553584397 INTRODUCE 35 28 0
RECIEVED 1553584397 INTRODUCE 36 28 0
RECIEVED 1553584397 INTRODUCE 36 28 0
RECIEVED 1553584397 INTRODUCE 36 28 0
RECIEVED 1553584397 INTRODUCE 35 28 0
RECIEVED 1553584397 INTRODUCE 36 28 0
RECIEVED 1553584397 INTRODUCE 35 28 0
RECIEVED 1553584397 INTRODUCE 36 28 0
RECIEVED 1553584397 INTRODUCE 35 28 0
RECIEVED 1553584397 INTRODUCE 36 28 0
RECIEVED 1553584397 INTRODUCE 37 28 0
RECIEVED 1553584397 INTRODUCE 37 28 0
RECIEVED 1553584397 INTRODUCE 36 28 0
RECIEVED 1553584397 INTRODUCE 36 28 0
RECIEVED 1553584397 INTRODUCE 35 28 0
RECIEVED 1553584397 INTRODUCE 36 28 0
RECIEVED 1553584397 INTRODUCE 36 28 0
RECIEVED 1553584397 INTRODUCE 37 28 0
RECIEVED 1553584397 INTRODUCE 36 28 0
RECIEVED 1553584397 INTRODUCE 36 28 0
RECIEVED 1553584397 INTRODUCE 36 28 0
RECIEVED 1553584397 INTRODUCE 36 28 0
RECIEVED 1553584397 INTRODUCE 35 28 0
RECIEVED 1553584397 INTRODUCE 35 28 0
RECIEVED 1553584397 INTRODUCE 36 28 0
RECIEVED 1553584397 INTRODUCE 36 28 0
RECIEVED 1553584397 INTRODUCE 36 28 0
RECIEVED 1553584397 INTRODUCE 37 28 0
RECIEVED 1553584397 INTRODUCE 36 28 0
RECIEVED 1553584397 INTRODUCE 36 28 0
RECIEVED 1553584397 INTRODUCE 35 28 0
RECIEVED 1553584397 INTRODUCE 36 28 0
RECIEVED 1553584397 INTRODUCE 35 28 0
RECIEVED 1553584397 INTRODUCE 36 28 0
RECIEVED 1553584397 INTRODUCE 35 28 0
RECIEVED 1553584397 INTRODUCE 36 28 0
RECIEVED 1553584397 INTRODUCE 36 28 0
RECIEVED 1553584397 INTRODUCE 36 28 0
RECIEVED 1553584397 INTRODUCE 37 28 0
RECIEVED 1553584397 INTRODUCE 35 28 0
RECIEVED 1553584397 INTRODUCE 35 28 0
RECIEVED 1553584397 INTRODUCE 36 28 0
RECIEVED 1553584397 INTRODUCE 37 28 0
RECIEVED 1553584397 INTRODUCE 36 28 0
RECIEVED 1553584397 INTRODUCE 35 28 0
RECIEVED 1553584397 INTRODUCE 35 28 0
RECIEVED 1553584397 INTRODUCE 36 28 0
RECIEVED 1553584397 INTRODUCE 35 28 0
RECIEVED 1553584397 INTRODUCE 35 28 0
RECIEVED 1553584397 INTRODUCE 36 28 0
RECIEVED 1553584397 INTRODUCE 36 28 0
RECIEVED 1553584397 INTRODUCE 36 28 0
RECIEVED 1553584397 INTRODUCE 35 28 0
RECIEVED 1553584397 INTRODUCE 36 28 0
RECIEVED 1553584397 INTRODUCE 37 28 0
RECIEVED 1553584397 INTRODUCE 35 28 0
RECIEVED 1553584397 INTRODUCE 35 28 0
RECIEVED 1553584397 INTRODUCE 35 28 0
RECIEVED 1553584397 INTRODUCE 36 28 0
RECIEVED 1553584397 INTRODUCE 36 28 0
RECIEVED 1553584397 INTRODUCE 37 28 0
RECIEVED 1553584397 INTRODUCE 37 28 0
RECIEVED 1553584397 INTRODUCE 37 28 0
RECIEVED 1553584397 INTRODUCE 36 28 0
RECIEVED 1553584397 INTRODUCE 35 28 0
RECIEVED 1553584397 INTRODUCE 37 28 0
RECIEVED 1553584397 INTRODUCE 35 28 0
RECIEVED 1553584397 INTRODUCE 36 28 0
RECIEVED 1553584397 INTRODUCE 35 28 0
RECIEVED 1553584397 INTRODUCE 36 28 0
RECIEVED 1553584397 INTRODUCE 36 28 0
RECIEVED 1553584397 INTRODUCE 36 28 0
RECIEVED 1553584397 INTRODUCE 36 28 0
RECIEVED 1553584397 INTRODUCE 35 28 0
RECIEVED 1553584397 INTRODUCE 35 28 0
RECIEVED 1553584397 INTRODUCE 35 28 0
RECIEVED 1553584397 INTRODUCE 37 28 0
RECIEVED 1553584397 INTRODUCE 37 28 0
RECIEVED 1553584397 INTRODUCE 35 28 0
RECIEVED 1553584397 INTRODUCE 35 28 0
RECIEVED 1553584397 INTRODUCE 37 28 0
RECIEVED 1553584397 INTRODUCE 36 28 0
RECIEVED 1553584397 INTRODUCE 36 28 0
RECIEVED 1553584397 INTRODUCE 36 28 0
RECIEVED 1553584397 INTRODUCE 36 28 0
RECIEVED 1553584397 INTRODUCE 35 28 0
RECIEVED 1553584397 INTRODUCE 36 28 0
RECIEVED 1553584397 INTRODUCE 35 28 0
RECIEVED 1553584397 INTRODUCE 36 28 0
RECIEVED 1553584397 INTRODUCE 36 28 0
RECIEVED 1553584397 INTRODUCE 36 28 0
RECIEVED 1553584397 INTRODUCE 36 28 0
RECIEVED 1553584397 INTRODUCE 35 28 0
RECIEVED 1553584397 INTRODUCE 36 28 0
RECIEVED 1553584397 INTRODUCE 35 28 0
RECIEVED 1553584397 INTRODUCE 35 28 0
RECIEVED 1553584397 INTRODUCE 35 28 0
RECIEVED 1553584397 INTRODUCE 36 28 0
RECIEVED 1553584397 INTRODUCE 35 28 0
RECIEVED 1553584397 INTRODUCE 35 28 0
RECIEVED 1553584397 INTRODUCE 36 28 0
RECIEVED 1553584397 INTRODUCE 36 28 0
RECIEVED 1553584397 INTRODUCE 35 28 0
RECIEVED 1553584397 INTRODUCE 36 28 0
RECIEVED 1553584397 INTRODUCE 36 28 0
RECIEVED 1553584397 INTRODUCE 35 28 0
RECIEVED 1553584397 INTRODUCE 36 28 0
RECIEVED 1553584397 INTRODUCE 37 28 0
RECIEVED 1553584397 INTRODUCE 36 28 0
RECIEVED 1553584397 INTRODUCE 36 28 0
RECIEVED 1553584397 INTRODUCE 35 28 0
RECIEVED 1553584397 INTRODUCE 35 28 0
RECIEVED 1553584397 INTRODUCE 36 28 0
RECIEVED 1553584397 INTRODUCE 35 28 0
RECIEVED 1553584397 INTRODUCE 35 28 0
RECIEVED 1553584397 INTRODUCE 35 28 0
RECIEVED 1553584397 INTRODUCE 36 28 0
RECIEVED 1553584397 INTRODUCE 35 28 0
RECIEVED 1553584397 INTRODUCE 35 28 0
RECIEVED 1553584397 INTRODUCE 35 28 0
RECIEVED 1553584397 INTRODUCE 35 28 0
RECIEVED 1553584397 INTRODUCE 36 28 0
RECIEVED 1553584397 INTRODUCE 35 28 0
RECIEVED 1553584397 INTRODUCE 36 28 0
RECIEVED 1553584397 INTRODUCE 36 28 0
RECIEVED 1553584397 INTRODUCE 37 28 0
RECIEVED 1553584397 INTRODUCE 37 28 0
RECIEVED 1553584397 INTRODUCE 36 28 0
RECIEVED 1553584397 INTRODUCE 36 28 0
RECIEVED 1553584397 INTRODUCE 35 28 0
RECIEVED 1553584397 INTRODUCE 35 28 0
RECIEVED 1553584397 INTRODUCE 36 28 0
RECIEVED 1553584397 INTRODUCE 36 28 0
RECIEVED 1553584397 INTRODUCE 36 28 0
RECIEVED 1553584397 INTRODUCE 35 28 0
RECIEVED 1553584397 INTRODUCE 36 28 0
RECIEVED 1553584397 INTRODUCE 36 28 0
RECIEVED 1553584397 INTRODUCE 36 28 0
RECIEVED 1553584397 INTRODUCE 36 28 0
RECIEVED 1553584397 INTRODUCE 36 28 0
RECIEVED 1553584397 INTRODUCE 36 28 0
RECIEVED 1553584397 INTRODUCE 36 28 0
RECIEVED 1553584397 INTRODUCE 36 28 0
RECIEVED 1553584397 INTRODUCE 36 28 0
RECIEVED 1553584397 INTRODUCE 37 28 0
RECIEVED 1553584397 INTRODUCE 35 28 0
RECIEVED 1553584397 INTRODUCE 35 28 0
RECIEVED 1553584397 INTRODUCE 35 28 0
RECIEVED 1553584397 INTRODUCE 35 28 0
RECIEVED 1553584397 INTRODUCE 35 28 0
RECIEVED 1553584397 INTRODUCE 35 28 0
RECIEVED 1553584397 INTRODUCE 35 28 0
RECIEVED 1553584397 INTRODUCE 35 28 0
RECIEVED 1553584397 INTRODUCE 36 28 0
RECIEVED 1553584397 INTRODUCE 36 28 0
RECIEVED 1553584397 INTRODUCE 36 28 0
RECIEVED 1553584397 INTRODUCE 36 28 0
RECIEVED 1553584397 INTRODUCE 36 28 0
RECIEVED 1553584397 INTRODUCE 36 28 0
RECIEVED 1553584397 INTRODUCE 35 28 0
RECIEVED 1553584397 INTRODUCE 35 28 0
RECIEVED 1553584397 INTRODUCE 36 28 0
RECIEVED 1553584397 INTRODUCE 35 28 0
RECIEVED 1553584397 INTRODUCE 35 28 0
RECIEVED 1553584397 INTRODUCE 35 28 0
RECIEVED 1553584397 INTRODUCE 36 28 0
RECIEVED 1553584397 INTRODUCE 36 28 0
RECIEVED 1553584397 INTRODUCE 35 28 0
RECIEVED 1553584397 INTRODUCE 37 28 0
RECIEVED 1553584397 INTRODUCE 35 28 0
RECIEVED 1553584397 INTRODUCE 35 28 0
RECIEVED 1553584397 INTRODUCE 36 28 0
RECIEVED 1553584397 INTRODUCE 36 28 0
RECIEVED 1553584397 INTRODUCE 37 28 0
RECIEVED 1553584397 INTRODUCE 36 28 0
RECIEVED 1553584397 INTRODUCE 37 28 0
RECIEVED 1553584397 INTRODUCE 36 28 0
RECIEVED 1553584397 INTRODUCE 36 28 0
RECIEVED 1553584397 INTRODUCE 37 28 0
RECIEVED 1553584397 INTRODUCE 36 28 0
RECIEVED 1553584397 INTRODUCE 35 28 0
RECIEVED 1553584397 INTRODUCE 36 28 0
RECIEVED 1553584397 INTRODUCE 35 28 0
RECIEVED 1553584397 INTRODUCE 36 28 0
RECIEVED 1553584397 INTRODUCE 36 28 0
RECIEVED 1553584397 INTRODUCE 36 28 0
RECIEVED 1553584397 INTRODUCE 36 28 0
RECIEVED 1553584397 INTRODUCE 36 28 0
RECIEVED 1553584397 INTRODUCE 36 28 0
RECIEVED 1553584397 INTRODUCE 35 28 0
RECIEVED 1553584397 INTRODUCE 35 28 0
RECIEVED 1553584397 INTRODUCE 35 28 0
RECIEVED 1553584397 INTRODUCE 36 28 0
RECIEVED 1553584397 INTRODUCE 37 28 0
RECIEVED 1553584397 INTRODUCE 36 28 0
RECIEVED 1553584397 INTRODUCE 36 28 0
RECIEVED 1553584397 INTRODUCE 36 28 0
RECIEVED 1553584397 INTRODUCE 37 28 0
RECIEVED 1553584397 INTRODUCE 35 28 0
RECIEVED 1553584397 INTRODUCE 35 28 0
RECIEVED 1553584397 INTRODUCE 36 28 0
RECIEVED 1553584397 INTRODUCE 36 28 0
RECIEVED 1553584397 INTRODUCE 35 28 0
RECIEVED 1553584397 INTRODUCE 35 28 0
RECIEVED 1553584397 INTRODUCE 36 28 0
RECIEVED 1553584397 INTRODUCE 37 28 0
RECIEVED 1553584397 INTRODUCE 36 28 0
RECIEVED 1553584397 INTRODUCE 35 28 0
RECIEVED 1553584397 INTRODUCE 36 28 0
RECIEVED 1553584397 INTRODUCE 37 28 0
RECIEVED 1553584397 INTRODUCE 37 28 0
RECIEVED 1553584397 INTRODUCE 35 28 0
RECIEVED 1553584397 INTRODUCE 37 28 0
RECIEVED 1553584397 INTRODUCE 35 28 0
RECIEVED 1553584397 INTRODUCE 35 28 0
RECIEVED 1553584397 INTRODUCE 36 28 0
RECIEVED 1553584397 INTRODUCE 35 28 0
RECIEVED 1553584397 INTRODUCE 36 28 0
SEND 1553584397 INTRODUCE 36 11720
SEND 1553584398 INTRODUCE 36 41177
SEND 1553584398 INTRODUCE 36 12686
SEND 1553584398 INTRODUCE 36 15588
SEND 1553584398 INTRODUCE 36 15156
SEND 1553584398 INTRODUCE 36 14757
SEND 1553584398 INTRODUCE 36 18084
SEND 1553584398 INTRODUCE 36 12282
SEND 1553584398 INTRODUCE 36 11849
SEND 1553584398 INTRODUCE 36 32840
SEND 1553584398 INTRODUCE 36 11711
SEND 1553584398 INTRODUCE 36 12851
SEND 1553584398 INTRODUCE 36 14298
SEND 1553584398 INTRODUCE 36 14832
SEND 1553584398 INTRODUCE 36 13532
SEND 1553584398 INTRODUCE 36 11778
SEND 1553584398 INTRODUCE 36 19774
SEND 1553584398 INTRODUCE 36 21399
SEND 1553584398 INTRODUCE 36 11663
SEND 1553584398 INTRODUCE 36 16428
SEND 1553584398 INTRODUCE 36 10994
# recieved string JOIN node9 172.22.156.208 8009

SEND 1553584398 INTRODUCE 36 18429
SEND 1553584398 INTRODUCE 36 18672
SEND 1553584398 INTRODUCE 36 18021
# recieved string JOIN node2 172.22.156.208 8002

SEND 1553584398 INTRODUCE 36 27648
SEND 1553584398 INTRODUCE 36 15482
SEND 1553584398 INTRODUCE 36 15939
SEND 1553584398 INTRODUCE 36 20010
SEND 1553584398 JOIN 32 19272
RECIEVED 1553584398 INTRODUCE 36 29 0
RECIEVED 1553584398 INTRODUCE 36 29 0
RECIEVED 1553584398 INTRODUCE 36 29 0
RECIEVED 1553584398 INTRODUCE 35 29 0
RECIEVED 1553584398 INTRODUCE 36 29 0
RECIEVED 1553584398 INTRODUCE 36 29 0
RECIEVED 1553584398 INTRODUCE 37 29 0
RECIEVED 1553584398 INTRODUCE 36 29 0
RECIEVED 1553584398 INTRODUCE 36 29 0
RECIEVED 1553584398 INTRODUCE 36 29 0
RECIEVED 1553584398 INTRODUCE 35 29 0
RECIEVED 1553584398 INTRODUCE 35 29 0
RECIEVED 1553584398 JOIN 31 29 0
SEND 1553584398 INTRODUCE 35 17492
SEND 1553584398 INTRODUCE 35 8911
SEND 1553584398 INTRODUCE 37 11250
SEND 1553584398 INTRODUCE 36 33861
SEND 1553584398 INTRODUCE 36 9623
SEND 1553584398 INTRODUCE 36 14766
SEND 1553584398 INTRODUCE 36 15002
SEND 1553584398 INTRODUCE 35 10621
SEND 1553584398 INTRODUCE 35 9618
SEND 1553584398 INTRODUCE 35 10413
SEND 1553584398 INTRODUCE 35 9941
SEND 1553584398 INTRODUCE 36 9839
SEND 1553584398 INTRODUCE 37 11258
SEND 1553584398 INTRODUCE 35 23383
SEND 1553584398 INTRODUCE 36 48933
SEND 1553584398 INTRODUCE 36 20714
SEND 1553584398 INTRODUCE 36 45492
SEND 1553584398 INTRODUCE 36 11467
SEND 1553584398 INTRODUCE 36 12045
SEND 1553584398 INTRODUCE 36 37743
SEND 1553584398 INTRODUCE 37 17155
SEND 1553584398 INTRODUCE 36 14701
SEND 1553584398 INTRODUCE 35 15626
SEND 1553584398 INTRODUCE 37 15468
SEND 1553584398 INTRODUCE 35 10789
SEND 1553584398 INTRODUCE 36 10986
SEND 1553584398 INTRODUCE 35 22681
SEND 1553584398 INTRODUCE 36 10966
SEND 1553584398 INTRODUCE 36 14915
RECIEVED 1553584398 INTRODUCE 35 30 0
RECIEVED 1553584398 INTRODUCE 36 30 0
RECIEVED 1553584398 INTRODUCE 36 30 0
RECIEVED 1553584398 INTRODUCE 35 30 0
RECIEVED 1553584398 INTRODUCE 35 30 0
RECIEVED 1553584398 INTRODUCE 37 30 0
RECIEVED 1553584398 INTRODUCE 36 30 0
RECIEVED 1553584398 INTRODUCE 37 30 0
SEND 1553584398 INTRODUCE 37 10648
SEND 1553584398 INTRODUCE 37 14502
SEND 1553584398 INTRODUCE 37 13563
SEND 1553584398 INTRODUCE 37 13851
SEND 1553584398 INTRODUCE 37 16134
SEND 1553584398 INTRODUCE 37 11550
SEND 1553584398 INTRODUCE 37 13200
SEND 1553584398 INTRODUCE 37 29597
SEND 1553584398 INTRODUCE 37 33707
SEND 1553584398 INTRODUCE 37 13190
SEND 1553584398 INTRODUCE 37 12982
SEND 1553584398 INTRODUCE 37 40199
SEND 1553584398 INTRODUCE 37 21115
SEND 1553584398 INTRODUCE 37 14814
SEND 1553584398 INTRODUCE 37 14997
SEND 1553584398 INTRODUCE 37 15591
SEND 1553584398 INTRODUCE 37 11911
SEND 1553584398 INTRODUCE 37 14591
SEND 1553584398 INTRODUCE 37 10509
SEND 1553584398 INTRODUCE 37 10780
SEND 1553584398 INTRODUCE 37 350795
SEND 1553584398 INTRODUCE 37 19257
SEND 1553584398 INTRODUCE 37 20308
SEND 1553584398 INTRODUCE 37 59830
SEND 1553584398 INTRODUCE 37 15702
SEND 1553584398 INTRODUCE 37 11531
SEND 1553584398 INTRODUCE 37 12226
SEND 1553584398 INTRODUCE 37 12817
SEND 1553584398 INTRODUCE 37 12800
SEND 1553584398 INTRODUCE 37 40067
SEND 1553584398 JOIN 32 16770
RECIEVED 1553584398 INTRODUCE 36 31 0
RECIEVED 1553584398 INTRODUCE 36 31 0
RECIEVED 1553584398 INTRODUCE 35 31 0
RECIEVED 1553584398 INTRODUCE 35 31 0
RECIEVED 1553584398 INTRODUCE 36 31 0
RECIEVED 1553584398 INTRODUCE 35 31 0
RECIEVED 1553584398 INTRODUCE 36 31 0
RECIEVED 1553584398 INTRODUCE 36 31 0
RECIEVED 1553584398 INTRODUCE 37 31 0
RECIEVED 1553584398 INTRODUCE 36 31 0
RECIEVED 1553584398 INTRODUCE 37 31 0
RECIEVED 1553584398 INTRODUCE 36 31 0
RECIEVED 1553584398 INTRODUCE 36 31 0
RECIEVED 1553584398 INTRODUCE 37 31 0
RECIEVED 1553584398 INTRODUCE 37 31 0
RECIEVED 1553584398 INTRODUCE 36 31 0
RECIEVED 1553584398 INTRODUCE 36 31 0
RECIEVED 1553584398 INTRODUCE 36 31 0
RECIEVED 1553584398 INTRODUCE 37 31 0
RECIEVED 1553584398 INTRODUCE 36 31 0
RECIEVED 1553584398 INTRODUCE 36 31 0
RECIEVED 1553584398 INTRODUCE 36 31 0
RECIEVED 1553584398 INTRODUCE 35 31 0
RECIEVED 1553584398 JOIN 31 31 0
SEND 1553584398 INTRODUCE 36 16263
SEND 1553584398 INTRODUCE 36 20963
SEND 1553584398 INTRODUCE 36 24718
SEND 1553584398 INTRODUCE 36 10576
SEND 1553584398 INTRODUCE 35 39332
SEND 1553584398 INTRODUCE 35 22693
SEND 1553584398 INTRODUCE 36 10628
# recieved string JOIN node1 172.22.156.208 8001

SEND 1553584398 INTRODUCE 37 21043
SEND 1553584398 INTRODUCE 35 27991
SEND 1553584398 INTRODUCE 35 14733
SEND 1553584398 INTRODUCE 35 10902
SEND 1553584398 INTRODUCE 36 10675
SEND 1553584398 INTRODUCE 36 31028
SEND 1553584398 INTRODUCE 36 10455
SEND 1553584398 INTRODUCE 36 10038
SEND 1553584398 INTRODUCE 36 10410
SEND 1553584398 INTRODUCE 37 10785
SEND 1553584398 INTRODUCE 36 11508
SEND 1553584398 INTRODUCE 37 10723
SEND 1553584398 INTRODUCE 36 14964
SEND 1553584398 INTRODUCE 35 55854
SEND 1553584398 INTRODUCE 37 8886
SEND 1553584398 INTRODUCE 35 10167
SEND 1553584398 INTRODUCE 35 13689
SEND 1553584398 INTRODUCE 36 74403
SEND 1553584398 INTRODUCE 36 11546
SEND 1553584398 INTRODUCE 36 13518
SEND 1553584398 INTRODUCE 35 17123
SEND 1553584398 INTRODUCE 37 11500
SEND 1553584398 INTRODUCE 36 10759
SEND 1553584398 INTRODUCE 35 10186
RECIEVED 1553584398 INTRODUCE 36 32 0
RECIEVED 1553584398 INTRODUCE 36 32 0
RECIEVED 1553584398 INTRODUCE 35 32 0
RECIEVED 1553584398 INTRODUCE 35 32 0
RECIEVED 1553584398 INTRODUCE 37 32 0
RECIEVED 1553584398 INTRODUCE 35 32 0
RECIEVED 1553584398 INTRODUCE 35 32 0
RECIEVED 1553584398 INTRODUCE 35 32 0
RECIEVED 1553584398 INTRODUCE 37 32 0
RECIEVED 1553584398 INTRODUCE 37 32 0
RECIEVED 1553584398 INTRODUCE 35 32 0
RECIEVED 1553584398 INTRODUCE 37 32 0
RECIEVED 1553584398 INTRODUCE 36 32 0
RECIEVED 1553584398 INTRODUCE 36 32 0
RECIEVED 1553584398 INTRODUCE 37 32 0
RECIEVED 1553584398 INTRODUCE 37 32 0
RECIEVED 1553584398 INTRODUCE 36 32 0
RECIEVED 1553584398 INTRODUCE 36 32 0
RECIEVED 1553584398 INTRODUCE 37 32 0
RECIEVED 1553584398 INTRODUCE 36 32 0
RECIEVED 1553584398 INTRODUCE 35 32 0
RECIEVED 1553584398 INTRODUCE 36 32 0
RECIEVED 1553584398 INTRODUCE 35 32 0
RECIEVED 1553584398 INTRODUCE 35 32 0
RECIEVED 1553584398 JOIN 31 32 0
SEND 1553584398 INTRODUCE 35 27209
SEND 1553584398 INTRODUCE 35 9591
SEND 1553584398 INTRODUCE 36 10698
SEND 1553584398 INTRODUCE 37 10179
SEND 1553584398 INTRODUCE 35 27959
SEND 1553584398 INTRODUCE 35 10435
SEND 1553584398 INTRODUCE 35 15282
SEND 1553584398 INTRODUCE 36 18418
SEND 1553584398 INTRODUCE 36 9905
SEND 1553584398 INTRODUCE 36 14142
SEND 1553584398 INTRODUCE 36 48639
SEND 1553584398 INTRODUCE 36 12891
SEND 1553584398 INTRODUCE 37 15739
SEND 1553584398 INTRODUCE 36 10179
SEND 1553584398 INTRODUCE 36 15499
SEND 1553584398 INTRODUCE 37 15175
SEND 1553584398 INTRODUCE 36 24559
SEND 1553584398 INTRODUCE 35 11909
SEND 1553584398 INTRODUCE 37 10931
SEND 1553584398 INTRODUCE 35 10068
SEND 1553584398 INTRODUCE 35 10111
SEND 1553584398 INTRODUCE 36 10927
SEND 1553584398 INTRODUCE 36 15058
SEND 1553584398 INTRODUCE 36 31009
SEND 1553584398 INTRODUCE 35 9875
SEND 1553584398 INTRODUCE 37 19843
SEND 1553584398 INTRODUCE 36 9498
SEND 1553584398 INTRODUCE 35 18352
SEND 1553584398 INTRODUCE 36 15245
SEND 1553584398 INTRODUCE 36 9690
SEND 1553584398 INTRODUCE 36 9434
SEND 1553584398 INTRODUCE 36 10611
RECIEVED 1553584398 JOIN 31 33 0
SEND 1553584398 INTRODUCE 36 12067
SEND 1553584398 INTRODUCE 37 8325
SEND 1553584398 INTRODUCE 35 12834
SEND 1553584398 INTRODUCE 35 16435
SEND 1553584398 INTRODUCE 35 16435
SEND 1553584398 INTRODUCE 36 23903
SEND 1553584398 INTRODUCE 36 8830
SEND 1553584398 INTRODUCE 36 10431
SEND 1553584398 INTRODUCE 36 15911
SEND 1553584398 INTRODUCE 36 12084
SEND 1553584398 INTRODUCE 36 16106
SEND 1553584398 INTRODUCE 37 11020
SEND 1553584398 INTRODUCE 36 15447
SEND 1553584398 INTRODUCE 36 18888
SEND 1553584398 INTRODUCE 37 9621
SEND 1553584398 INTRODUCE 36 9649
SEND 1553584398 INTRODUCE 35 30290
SEND 1553584398 INTRODUCE 37 9942
SEND 1553584398 INTRODUCE 35 11387
SEND 1553584398 INTRODUCE 35 10684
SEND 1553584398 INTRODUCE 36 29806
SEND 1553584398 INTRODUCE 36 10241
SEND 1553584398 INTRODUCE 36 10305
SEND 1553584398 INTRODUCE 35 10918
SEND 1553584398 INTRODUCE 37 12677
# recieved string JOIN node11 172.22.156.208 8011

# recieved string JOIN node0 172.22.156.208 8000

# recieved string JOIN node10 172.22.156.208 8010

SEND 1553584398 INTRODUCE 36 10551
SEND 1553584398 INTRODUCE 35 11367
SEND 1553584398 INTRODUCE 36 25232
SEND 1553584398 INTRODUCE 36 10734
SEND 1553584398 INTRODUCE 36 11512
SEND 1553584398 INTRODUCE 36 10444
SEND 1553584398 INTRODUCE 35 15457
SEND 1553584398 INTRODUCE 35 16563
RECIEVED 1553584398 INTRODUCE 37 34 0
RECIEVED 1553584398 INTRODUCE 36 34 0
RECIEVED 1553584398 INTRODUCE 35 34 0
RECIEVED 1553584398 INTRODUCE 37 34 0
RECIEVED 1553584398 INTRODUCE 37 34 0
RECIEVED 1553584398 INTRODUCE 37 34 0
RECIEVED 1553584398 INTRODUCE 36 34 0
RECIEVED 1553584398 INTRODUCE 37 34 0
RECIEVED 1553584398 INTRODUCE 35 34 0
RECIEVED 1553584398 INTRODUCE 36 34 0
RECIEVED 1553584398 INTRODUCE 35 34 0
RECIEVED 1553584398 INTRODUCE 36 34 0
RECIEVED 1553584398 JOIN 31 34 0
RECIEVED 1553584398 INTRODUCE 36 34 0
RECIEVED 1553584398 INTRODUCE 36 34 0
RECIEVED 1553584398 INTRODUCE 37 34 0
RECIEVED 1553584398 INTRODUCE 36 34 0
RECIEVED 1553584398 INTRODUCE 37 34 0
RECIEVED 1553584398 INTRODUCE 37 34 0
RECIEVED 1553584398 JOIN 31 34 0
RECIEVED 1553584398 INTRODUCE 36 34 0
RECIEVED 1553584398 INTRODUCE 36 34 0
RECIEVED 1553584398 INTRODUCE 37 34 0
RECIEVED 1553584398 INTRODUCE 36 34 0
RECIEVED 1553584398 INTRODUCE 37 34 0
RECIEVED 1553584398 INTRODUCE 35 34 0
RECIEVED 1553584398 JOIN 30 34 0
RECIEVED 1553584398 INTRODUCE 36 34 0
RECIEVED 1553584398 INTRODUCE 37 34 0
RECIEVED 1553584398 INTRODUCE 36 34 0
RECIEVED 1553584398 INTRODUCE 37 34 0
RECIEVED 1553584398 INTRODUCE 35 34 0
RECIEVED 1553584398 INTRODUCE 36 34 0
RECIEVED 1553584398 INTRODUCE 37 34 0
RECIEVED 1553584398 INTRODUCE 36 34 0
RECIEVED 1553584398 INTRODUCE 36 34 0
RECIEVED 1553584398 INTRODUCE 37 34 0
RECIEVED 1553584398 INTRODUCE 35 34 0
RECIEVED 1553584398 INTRODUCE 36 34 0
RECIEVED 1553584398 INTRODUCE 35 34 0
RECIEVED 1553584398 INTRODUCE 35 34 0
RECIEVED 1553584398 INTRODUCE 36 34 0
RECIEVED 1553584398 INTRODUCE 36 34 0
RECIEVED 1553584398 INTRODUCE 35 34 0
RECIEVED 1553584398 INTRODUCE 36 34 0
RECIEVED 1553584398 INTRODUCE 36 34 0
RECIEVED 1553584398 INTRODUCE 35 34 0
RECIEVED 1553584398 INTRODUCE 37 34 0
RECIEVED 1553584398 INTRODUCE 35 34 0
RECIEVED 1553584398 INTRODUCE 35 34 0
RECIEVED 1553584398 INTRODUCE 35 34 0
RECIEVED 1553584398 INTRODUCE 37 34 0
RECIEVED 1553584398 INTRODUCE 37 34 0
RECIEVED 1553584398 INTRODUCE 37 34 0
RECIEVED 1553584398 INTRODUCE 37 34 0
RECIEVED 1553584398 INTRODUCE 36 34 0
SEND 1553584398 INTRODUCE 36 16953
SEND 1553584398 INTRODUCE 36 15368
SEND 1553584398 INTRODUCE 36 10096
SEND 1553584398 INTRODUCE 36 19782
SEND 1553584398 INTRODUCE 36 10407
SEND 1553584398 INTRODUCE 36 14647
SEND 1553584398 INTRODUCE 36 10636
# recieved string JOIN node13 172.22.156.208 8013

SEND 1553584398 INTRODUCE 36 10571
SEND 1553584398 INTRODUCE 36 15468
SEND 1553584398 INTRODUCE 36 12255
SEND 1553584398 INTRODUCE 36 15880
SEND 1553584398 INTRODUCE 36 16285
# recieved string JOIN node15 172.22.156.206 8015

SEND 1553584398 INTRODUCE 36 11100
# Failed listening 
%!(EXTRA string=node10)# ERROR: read tcp 172.22.156.206:34346->172.22.94.217:8010: read: connection reset by peer
SEND 1553584398 INTRODUCE 36 13881
SEND 1553584398 INTRODUCE 36 18131
SEND 1553584398 INTRODUCE 36 16744
SEND 1553584398 INTRODUCE 36 11445
SEND 1553584398 INTRODUCE 36 14738
SEND 1553584398 INTRODUCE 36 17320
SEND 1553584398 INTRODUCE 36 11717
SEND 1553584398 INTRODUCE 36 22634
# Failed sending to node node10
# ERROR: write tcp 172.22.156.206:34346->172.22.94.217:8010: write: broken pipe
SEND 1553584398 INTRODUCE 36 11311
SEND 1553584398 INTRODUCE 36 19293
SEND 1553584398 INTRODUCE 36 17735
SEND 1553584398 INTRODUCE 36 14531
SEND 1553584398 INTRODUCE 36 11013
SEND 1553584398 INTRODUCE 36 11212
SEND 1553584398 INTRODUCE 36 11674
SEND 1553584398 INTRODUCE 36 17283
SEND 1553584398 INTRODUCE 36 15529
SEND 1553584398 INTRODUCE 36 11118
SEND 1553584398 INTRODUCE 36 10137
SEND 1553584398 INTRODUCE 36 10766
SEND 1553584398 JOIN 32 21614
RECIEVED 1553584398 JOIN 30 35 0
RECIEVED 1553584398 JOIN 31 35 0
SEND 1553584398 INTRODUCE 35 10465
SEND 1553584398 INTRODUCE 37 14296
SEND 1553584398 INTRODUCE 35 11293
SEND 1553584398 INTRODUCE 36 10189
SEND 1553584398 INTRODUCE 35 10700
SEND 1553584398 INTRODUCE 36 25432
SEND 1553584398 INTRODUCE 36 11119
SEND 1553584398 INTRODUCE 36 13040
SEND 1553584398 INTRODUCE 35 10185
SEND 1553584398 INTRODUCE 37 10687
SEND 1553584398 INTRODUCE 36 15529
SEND 1553584398 INTRODUCE 35 12360
SEND 1553584398 INTRODUCE 36 10344
SEND 1553584398 INTRODUCE 36 10196
SEND 1553584398 INTRODUCE 36 16172
SEND 1553584398 INTRODUCE 36 14965
SEND 1553584398 INTRODUCE 35 10537
SEND 1553584398 INTRODUCE 35 9452
SEND 1553584398 INTRODUCE 36 9720
SEND 1553584398 INTRODUCE 37 10680
SEND 1553584398 INTRODUCE 35 10393
SEND 1553584398 INTRODUCE 35 10860
SEND 1553584398 INTRODUCE 35 9973
SEND 1553584398 INTRODUCE 36 10365
SEND 1553584398 INTRODUCE 36 10280
SEND 1553584398 INTRODUCE 36 9567
SEND 1553584398 INTRODUCE 36 9513
SEND 1553584398 INTRODUCE 36 9453
SEND 1553584398 INTRODUCE 36 5507
SEND 1553584398 INTRODUCE 36 15805
SEND 1553584398 INTRODUCE 37 11047
SEND 1553584398 INTRODUCE 36 11202
SEND 1553584398 INTRODUCE 37 9876
SEND 1553584398 INTRODUCE 36 10609
SEND 1553584398 INTRODUCE 36 14629
RECIEVED 1553584398 JOIN 30 36 0
RECIEVED 1553584398 INTRODUCE 37 36 0
RECIEVED 1553584398 INTRODUCE 37 36 0
RECIEVED 1553584398 INTRODUCE 36 36 0
RECIEVED 1553584398 INTRODUCE 36 36 0
RECIEVED 1553584398 INTRODUCE 36 36 0
RECIEVED 1553584398 JOIN 31 36 0
SEND 1553584398 INTRODUCE 36 11938
SEND 1553584398 INTRODUCE 36 9739
SEND 1553584398 INTRODUCE 36 20831
SEND 1553584398 INTRODUCE 36 10029
SEND 1553584398 INTRODUCE 35 18814
SEND 1553584398 INTRODUCE 35 27902
SEND 1553584398 INTRODUCE 35 10415
SEND 1553584398 INTRODUCE 36 8775
SEND 1553584398 INTRODUCE 37 34783
SEND 1553584398 INTRODUCE 35 9728
SEND 1553584398 INTRODUCE 35 18562
SEND 1553584398 INTRODUCE 36 11218
SEND 1553584398 INTRODUCE 37 10934
SEND 1553584398 INTRODUCE 36 11442
SEND 1553584398 INTRODUCE 36 17338
SEND 1553584398 INTRODUCE 36 10966
SEND 1553584398 INTRODUCE 36 10133
SEND 1553584398 INTRODUCE 36 14002
SEND 1553584398 INTRODUCE 36 11488
SEND 1553584398 INTRODUCE 36 9386
SEND 1553584398 INTRODUCE 37 10769
SEND 1553584398 INTRODUCE 36 9778
SEND 1553584398 INTRODUCE 36 10117
SEND 1553584398 INTRODUCE 35 10859
SEND 1553584398 INTRODUCE 37 14504
SEND 1553584398 INTRODUCE 35 11807
SEND 1553584398 INTRODUCE 36 10861
SEND 1553584398 INTRODUCE 36 9991
SEND 1553584398 INTRODUCE 35 9557
SEND 1553584398 INTRODUCE 36 9882
SEND 1553584398 INTRODUCE 36 9837
SEND 1553584398 INTRODUCE 36 20080
SEND 1553584398 INTRODUCE 35 10304
SEND 1553584398 INTRODUCE 37 11262
SEND 1553584398 INTRODUCE 36 9889
SEND 1553584398 INTRODUCE 35 12059
RECIEVED 1553584398 INTRODUCE 36 37 0
RECIEVED 1553584398 JOIN 31 37 0
SEND 1553584398 INTRODUCE 36 12501
SEND 1553584398 INTRODUCE 35 9952
SEND 1553584398 INTRODUCE 36 10567
SEND 1553584398 INTRODUCE 36 14343
SEND 1553584398 INTRODUCE 36 10120
SEND 1553584398 INTRODUCE 36 10470
SEND 1553584398 INTRODUCE 35 22299
SEND 1553584398 INTRODUCE 37 10036
SEND 1553584398 INTRODUCE 36 38438
SEND 1553584398 INTRODUCE 35 9522
SEND 1553584398 INTRODUCE 36 15491
SEND 1553584398 INTRODUCE 36 9280
SEND 1553584398 INTRODUCE 36 13520
SEND 1553584398 INTRODUCE 36 48989
SEND 1553584398 INTRODUCE 35 9450
SEND 1553584398 INTRODUCE 35 13720
SEND 1553584398 INTRODUCE 36 10241
SEND 1553584398 INTRODUCE 37 14528
SEND 1553584398 INTRODUCE 35 14245
SEND 1553584398 INTRODUCE 35 9126
SEND 1553584398 INTRODUCE 35 14010
SEND 1553584398 INTRODUCE 37 10617
SEND 1553584398 INTRODUCE 36 10480
SEND 1553584398 INTRODUCE 36 9651
SEND 1553584398 INTRODUCE 36 9709
SEND 1553584398 INTRODUCE 36 10133
SEND 1553584398 INTRODUCE 36 4404
SEND 1553584398 INTRODUCE 36 9960
SEND 1553584398 INTRODUCE 36 9626
SEND 1553584398 INTRODUCE 36 9669
SEND 1553584398 INTRODUCE 37 14428
SEND 1553584398 INTRODUCE 36 15176
SEND 1553584398 INTRODUCE 36 10112
SEND 1553584398 INTRODUCE 35 9783
SEND 1553584398 INTRODUCE 37 10093
SEND 1553584398 INTRODUCE 35 9748
SEND 1553584398 INTRODUCE 36 14436
RECIEVED 1553584398 JOIN 31 38 0
RECIEVED 1553584398 INTRODUCE 36 38 0
RECIEVED 1553584398 INTRODUCE 36 38 0
SEND 1553584398 INTRODUCE 36 11139
SEND 1553584398 INTRODUCE 36 16210
SEND 1553584398 INTRODUCE 36 22959
SEND 1553584398 INTRODUCE 36 15218
SEND 1553584398 INTRODUCE 36 10280
SEND 1553584398 INTRODUCE 36 16408
SEND 1553584398 INTRODUCE 36 14807
# Failed sending to node node10
# ERROR: write tcp 172.22.156.206:34346->172.22.94.217:8010: write: broken pipe
# recieved string JOIN node12 172.22.156.208 8012

# recieved string JOIN node17 172.22.156.206 8017

# recieved string JOIN node18 172.22.156.206 8018

# recieved string JOIN node16 172.22.156.208 8016

# Failed listening 
%!(EXTRA string=node8)# ERROR: read tcp 172.22.156.206:41188->172.22.156.206:8008: read: connection reset by peer
# recieved string JOIN node16 172.22.94.217 8016

# Failed listening 
%!(EXTRA string=node6)# ERROR: read tcp 172.22.156.206:44250->172.22.94.217:8006: read: connection reset by peer
# Failed listening 
%!(EXTRA string=node3)# ERROR: read tcp 172.22.156.206:48950->172.22.94.217:8003: read: connection reset by peer
# recieved string JOIN node18 172.22.156.208 8018

# recieved string JOIN node14 172.22.156.208 8014

# Failed listening 
%!(EXTRA string=node7)# ERROR: read tcp 172.22.156.206:51906->172.22.156.206:8007: read: connection reset by peer
# recieved string JOIN node18 172.22.94.217 8018

# recieved string JOIN node15 172.22.94.217 8015

# recieved string JOIN node17 172.22.94.217 8017

# Failed listening 
%!(EXTRA string=node4)# ERROR: read tcp 172.22.156.206:51342->172.22.94.217:8004: read: connection reset by peer
# recieved string JOIN node17 172.22.156.208 8017

# recieved string JOIN node15 172.22.156.208 8015

# recieved string JOIN node19 172.22.156.208 8019

# recieved string {"Type":"JOIN","Name":"node8","Ip":"172.22.158.207","Port":8008,"Source":0,"Dest":0,"Amount":0,"TID":"","TimeStamp":"","Friends":null,"HashTable":null,"Sock":null}

CANNOT PARSE STRING. RECIEVED {"Type":"JOIN","Name":"node8","Ip":"172.22.158.207","Port":8008,"Source":0,"Dest":0,"Amount":0,"TID":"","TimeStamp":"","Friends":null,"HashTable":null,"Sock":null}
# Failed listening 
%!(EXTRA string=node15)# ERROR: read tcp 172.22.156.206:53116->172.22.156.206:8015: read: connection reset by peer
# Failed listening 
%!(EXTRA string=node0)# ERROR: EOF
# Failed listening 
%!(EXTRA string=node4)# ERROR: EOF
# Failed listening 
%!(EXTRA string=node5)# ERROR: EOF
# Failed listening 
%!(EXTRA string=node6)# ERROR: EOF
# Failed listening 
%!(EXTRA string=node13)# ERROR: EOF
# Failed listening 
%!(EXTRA string=node12)# ERROR: EOF
