RECIEVED 1553584395 INTRODUCE 36 0 0
SEND 1553584395 JOIN 31 15024
RECIEVED 1553584395 INTRODUCE 36 1 0
SEND 1553584395 INTRODUCE 36 9302
SEND 1553584395 JOIN 31 11320
RECIEVED 1553584395 INTRODUCE 36 2 0
SEND 1553584395 INTRODUCE 36 11307
SEND 1553584395 INTRODUCE 36 11530
SEND 1553584395 JOIN 31 22899
RECIEVED 1553584395 INTRODUCE 36 3 0
SEND 1553584395 INTRODUCE 36 11136
SEND 1553584395 INTRODUCE 36 12402
SEND 1553584395 INTRODUCE 36 21297
SEND 1553584395 JOIN 31 14737
RECIEVED 1553584395 INTRODUCE 36 4 0
SEND 1553584395 INTRODUCE 36 10839
SEND 1553584395 INTRODUCE 36 9941
SEND 1553584395 INTRODUCE 36 10382
SEND 1553584395 INTRODUCE 36 13562
SEND 1553584395 JOIN 31 14524
RECIEVED 1553584395 INTRODUCE 36 5 0
RECIEVED 1553584395 INTRODUCE 36 5 0
RECIEVED 1553584395 INTRODUCE 36 5 0
RECIEVED 1553584395 INTRODUCE 36 5 0
RECIEVED 1553584395 INTRODUCE 36 5 0
RECIEVED 1553584395 INTRODUCE 36 5 0
SEND 1553584395 INTRODUCE 36 13360
SEND 1553584395 INTRODUCE 36 18413
# recieved string JOIN node2 172.22.156.206 8002

SEND 1553584395 INTRODUCE 36 11003
# recieved string JOIN node1 172.22.156.206 8001

SEND 1553584395 INTRODUCE 36 9723
SEND 1553584395 INTRODUCE 36 11287
SEND 1553584395 JOIN 31 9122
RECIEVED 1553584395 INTRODUCE 36 6 0
RECIEVED 1553584395 INTRODUCE 36 6 0
RECIEVED 1553584395 INTRODUCE 36 6 0
RECIEVED 1553584395 INTRODUCE 36 6 0
RECIEVED 1553584395 INTRODUCE 36 6 0
RECIEVED 1553584395 INTRODUCE 36 6 0
RECIEVED 1553584395 JOIN 31 6 0
RECIEVED 1553584395 INTRODUCE 36 6 0
SEND 1553584395 INTRODUCE 36 14524
SEND 1553584395 INTRODUCE 36 11379
SEND 1553584395 INTRODUCE 36 10725
SEND 1553584395 INTRODUCE 36 9204
SEND 1553584395 INTRODUCE 36 24040
SEND 1553584395 INTRODUCE 36 17546
SEND 1553584395 JOIN 31 16951
RECIEVED 1553584395 INTRODUCE 36 7 0
RECIEVED 1553584395 JOIN 31 7 0
RECIEVED 1553584395 INTRODUCE 36 7 0
RECIEVED 1553584395 INTRODUCE 36 7 0
RECIEVED 1553584395 INTRODUCE 36 7 0
RECIEVED 1553584395 INTRODUCE 36 7 0
SEND 1553584395 INTRODUCE 36 10044
SEND 1553584395 INTRODUCE 36 10736
SEND 1553584395 INTRODUCE 36 12032
# recieved string JOIN node8 172.22.156.206 8008

SEND 1553584395 INTRODUCE 36 12800
SEND 1553584395 INTRODUCE 36 14544
SEND 1553584395 INTRODUCE 36 12679
SEND 1553584395 INTRODUCE 36 10563
SEND 1553584395 JOIN 31 25441
RECIEVED 1553584395 INTRODUCE 36 8 0
RECIEVED 1553584395 INTRODUCE 36 8 0
RECIEVED 1553584395 INTRODUCE 36 8 0
RECIEVED 1553584395 JOIN 31 8 0
# recieved string JOIN node5 172.22.156.206 8005

RECIEVED 1553584395 JOIN 31 8 0
RECIEVED 1553584395 INTRODUCE 36 8 0
# recieved string JOIN node9 172.22.156.206 8009

RECIEVED 1553584395 JOIN 31 8 0
SEND 1553584395 INTRODUCE 36 19282
SEND 1553584395 INTRODUCE 36 11983
SEND 1553584395 INTRODUCE 36 12419
SEND 1553584395 INTRODUCE 36 12533
SEND 1553584395 INTRODUCE 36 12429
SEND 1553584395 INTRODUCE 36 13396
SEND 1553584395 INTRODUCE 36 12745
SEND 1553584395 INTRODUCE 36 13559
# recieved string JOIN node10 172.22.156.206 8010

RECIEVED 1553584395 JOIN 32 9 0
SEND 1553584395 INTRODUCE 36 15523
SEND 1553584395 INTRODUCE 36 13393
SEND 1553584395 INTRODUCE 36 13588
SEND 1553584395 INTRODUCE 36 14217
SEND 1553584395 INTRODUCE 36 12943
SEND 1553584395 INTRODUCE 36 11264
SEND 1553584395 INTRODUCE 36 11502
SEND 1553584395 INTRODUCE 36 10597
SEND 1553584395 INTRODUCE 36 12526
RECIEVED 1553584395 INTRODUCE 36 10 0
RECIEVED 1553584395 INTRODUCE 36 10 0
RECIEVED 1553584395 INTRODUCE 36 10 0
RECIEVED 1553584395 INTRODUCE 36 10 0
RECIEVED 1553584395 INTRODUCE 36 10 0
# recieved string JOIN node11 172.22.156.206 8011

RECIEVED 1553584396 JOIN 32 10 0
SEND 1553584396 INTRODUCE 36 13579
SEND 1553584396 INTRODUCE 36 13240
SEND 1553584396 INTRODUCE 36 23392
SEND 1553584396 INTRODUCE 37 16815
SEND 1553584396 INTRODUCE 36 14322
SEND 1553584396 INTRODUCE 36 13932
SEND 1553584396 INTRODUCE 36 13226
SEND 1553584396 INTRODUCE 36 13304
SEND 1553584396 INTRODUCE 36 13711
SEND 1553584396 INTRODUCE 36 13264
RECIEVED 1553584396 INTRODUCE 36 11 0
# recieved string JOIN node12 172.22.156.206 8012

RECIEVED 1553584396 JOIN 32 11 0
SEND 1553584396 INTRODUCE 36 13198
SEND 1553584396 INTRODUCE 36 17573
SEND 1553584396 INTRODUCE 36 16899
SEND 1553584396 INTRODUCE 36 16661
SEND 1553584396 INTRODUCE 36 13760
SEND 1553584396 INTRODUCE 37 13894
SEND 1553584396 INTRODUCE 36 14187
SEND 1553584396 INTRODUCE 36 13702
SEND 1553584396 INTRODUCE 36 13849
SEND 1553584396 INTRODUCE 37 13476
SEND 1553584396 INTRODUCE 36 12710
RECIEVED 1553584396 INTRODUCE 37 12 0
RECIEVED 1553584396 INTRODUCE 36 12 0
# recieved string JOIN node1 172.22.94.217 8001

RECIEVED 1553584396 JOIN 30 12 0
SEND 1553584396 INTRODUCE 36 32586
SEND 1553584396 INTRODUCE 36 20048
SEND 1553584396 INTRODUCE 36 19401
SEND 1553584396 INTRODUCE 36 20915
SEND 1553584396 INTRODUCE 36 29242
SEND 1553584396 INTRODUCE 37 25363
SEND 1553584396 INTRODUCE 36 33263
SEND 1553584396 INTRODUCE 36 20459
SEND 1553584396 INTRODUCE 36 16591
SEND 1553584396 INTRODUCE 37 49763
SEND 1553584396 INTRODUCE 37 15115
SEND 1553584396 INTRODUCE 36 14623
RECIEVED 1553584396 INTRODUCE 37 13 0
RECIEVED 1553584396 INTRODUCE 37 13 0
SEND 1553584396 INTRODUCE 37 17845
SEND 1553584396 INTRODUCE 37 21355
SEND 1553584396 INTRODUCE 37 14988
SEND 1553584396 INTRODUCE 37 15499
SEND 1553584396 INTRODUCE 37 18499
SEND 1553584396 INTRODUCE 37 20930
SEND 1553584396 INTRODUCE 37 20955
SEND 1553584396 INTRODUCE 37 15936
SEND 1553584396 INTRODUCE 37 11579
SEND 1553584396 INTRODUCE 37 13100
SEND 1553584396 INTRODUCE 37 12049
SEND 1553584396 INTRODUCE 37 11292
SEND 1553584396 INTRODUCE 37 35208
SEND 1553584396 JOIN 31 16881
RECIEVED 1553584396 INTRODUCE 37 14 0
RECIEVED 1553584396 INTRODUCE 36 14 0
RECIEVED 1553584396 INTRODUCE 37 14 0
RECIEVED 1553584396 INTRODUCE 37 14 0
RECIEVED 1553584396 INTRODUCE 36 14 0
RECIEVED 1553584396 INTRODUCE 37 14 0
RECIEVED 1553584396 INTRODUCE 37 14 0
RECIEVED 1553584396 INTRODUCE 36 14 0
RECIEVED 1553584396 INTRODUCE 37 14 0
RECIEVED 1553584396 INTRODUCE 37 14 0
RECIEVED 1553584396 INTRODUCE 36 14 0
RECIEVED 1553584396 INTRODUCE 35 14 0
RECIEVED 1553584396 INTRODUCE 35 14 0
SEND 1553584396 INTRODUCE 35 26394
SEND 1553584396 INTRODUCE 35 14079
SEND 1553584396 INTRODUCE 35 11505
SEND 1553584396 INTRODUCE 35 56277
SEND 1553584396 INTRODUCE 35 25420
SEND 1553584396 INTRODUCE 35 12997
SEND 1553584396 INTRODUCE 35 43784
SEND 1553584396 INTRODUCE 35 55967
SEND 1553584396 INTRODUCE 35 13698
SEND 1553584396 INTRODUCE 35 11887
SEND 1553584396 INTRODUCE 35 22280
SEND 1553584396 INTRODUCE 35 14847
SEND 1553584396 INTRODUCE 35 23912
SEND 1553584396 INTRODUCE 35 12934
SEND 1553584396 JOIN 31 19908
RECIEVED 1553584396 INTRODUCE 37 15 0
RECIEVED 1553584396 INTRODUCE 35 15 0
RECIEVED 1553584396 INTRODUCE 37 15 0
# recieved string JOIN node0 172.22.94.217 8000

RECIEVED 1553584396 JOIN 30 15 0
SEND 1553584396 INTRODUCE 36 21458
SEND 1553584396 INTRODUCE 36 22513
# recieved string JOIN node4 172.22.94.217 8004

SEND 1553584396 INTRODUCE 36 26427
SEND 1553584396 INTRODUCE 36 21950
# recieved string JOIN node2 172.22.94.217 8002

SEND 1553584396 INTRODUCE 36 20740
# recieved string JOIN node7 172.22.94.217 8007

SEND 1553584396 INTRODUCE 36 26043
SEND 1553584396 INTRODUCE 36 26284
SEND 1553584396 INTRODUCE 37 22111
SEND 1553584396 INTRODUCE 37 18511
SEND 1553584396 INTRODUCE 35 30815
SEND 1553584396 INTRODUCE 37 29358
SEND 1553584396 INTRODUCE 35 42265
SEND 1553584396 INTRODUCE 36 23139
SEND 1553584396 INTRODUCE 36 28268
SEND 1553584396 INTRODUCE 37 27651
RECIEVED 1553584396 INTRODUCE 35 16 0
RECIEVED 1553584396 INTRODUCE 35 16 0
RECIEVED 1553584396 JOIN 30 16 0
RECIEVED 1553584396 JOIN 30 16 0
SEND 1553584396 INTRODUCE 36 20111
SEND 1553584396 INTRODUCE 36 19176
# recieved string JOIN node3 172.22.94.217 8003

SEND 1553584396 INTRODUCE 37 18562
SEND 1553584396 INTRODUCE 37 26524
SEND 1553584396 INTRODUCE 35 15353
SEND 1553584396 INTRODUCE 37 42864
SEND 1553584396 INTRODUCE 35 22549
SEND 1553584396 INTRODUCE 36 15906
SEND 1553584396 INTRODUCE 36 15160
SEND 1553584396 INTRODUCE 37 37703
SEND 1553584396 INTRODUCE 36 19133
SEND 1553584396 INTRODUCE 35 27657
SEND 1553584396 INTRODUCE 36 18020
SEND 1553584396 INTRODUCE 36 29819
SEND 1553584396 INTRODUCE 36 29905
SEND 1553584396 INTRODUCE 36 20159
RECIEVED 1553584396 JOIN 30 17 0
SEND 1553584396 INTRODUCE 35 16659
SEND 1553584396 INTRODUCE 37 45448
SEND 1553584396 INTRODUCE 35 19603
SEND 1553584396 INTRODUCE 35 16487
SEND 1553584396 INTRODUCE 36 19195
SEND 1553584396 INTRODUCE 36 45915
SEND 1553584396 INTRODUCE 37 23853
SEND 1553584396 INTRODUCE 37 21403
SEND 1553584396 INTRODUCE 35 19552
SEND 1553584396 INTRODUCE 36 21437
# recieved string JOIN node9 172.22.94.217 8009

SEND 1553584396 INTRODUCE 36 25915
SEND 1553584396 INTRODUCE 36 15038
SEND 1553584396 INTRODUCE 36 15286
SEND 1553584396 INTRODUCE 36 15977
SEND 1553584396 INTRODUCE 36 19983
SEND 1553584396 INTRODUCE 36 15239
SEND 1553584396 INTRODUCE 37 16200
RECIEVED 1553584396 INTRODUCE 36 18 0
RECIEVED 1553584396 INTRODUCE 35 18 0
RECIEVED 1553584396 INTRODUCE 37 18 0
RECIEVED 1553584396 INTRODUCE 36 18 0
RECIEVED 1553584396 JOIN 30 18 0
SEND 1553584396 INTRODUCE 35 21624
SEND 1553584396 INTRODUCE 35 20061
SEND 1553584396 INTRODUCE 36 18619
SEND 1553584396 INTRODUCE 36 27357
SEND 1553584396 INTRODUCE 37 27804
SEND 1553584396 INTRODUCE 37 28023
SEND 1553584396 INTRODUCE 35 28340
SEND 1553584396 INTRODUCE 37 20483
SEND 1553584396 INTRODUCE 35 24722
SEND 1553584396 INTRODUCE 36 19620
SEND 1553584396 INTRODUCE 36 25722
SEND 1553584396 INTRODUCE 36 35273
SEND 1553584396 INTRODUCE 36 34011
SEND 1553584396 INTRODUCE 35 36927
SEND 1553584396 INTRODUCE 36 28586
SEND 1553584396 INTRODUCE 36 26750
SEND 1553584396 INTRODUCE 36 24741
SEND 1553584396 INTRODUCE 37 18544
RECIEVED 1553584396 INTRODUCE 35 19 0
RECIEVED 1553584396 INTRODUCE 35 19 0
RECIEVED 1553584396 INTRODUCE 37 19 0
RECIEVED 1553584396 INTRODUCE 36 19 0
RECIEVED 1553584396 INTRODUCE 37 19 0
RECIEVED 1553584396 INTRODUCE 35 19 0
RECIEVED 1553584396 INTRODUCE 37 19 0
RECIEVED 1553584396 INTRODUCE 35 19 0
RECIEVED 1553584396 INTRODUCE 35 19 0
RECIEVED 1553584396 INTRODUCE 37 19 0
RECIEVED 1553584396 JOIN 30 19 0
SEND 1553584396 INTRODUCE 36 24046
SEND 1553584396 INTRODUCE 36 21448
SEND 1553584396 INTRODUCE 37 20441
SEND 1553584396 INTRODUCE 35 27862
SEND 1553584396 INTRODUCE 36 33905
SEND 1553584396 INTRODUCE 36 20030
SEND 1553584396 INTRODUCE 37 21116
SEND 1553584396 INTRODUCE 37 24453
SEND 1553584396 INTRODUCE 35 14564
SEND 1553584396 INTRODUCE 37 15400
SEND 1553584396 INTRODUCE 35 29228
SEND 1553584396 INTRODUCE 35 27037
SEND 1553584396 INTRODUCE 35 16008
SEND 1553584396 INTRODUCE 36 15114
SEND 1553584396 INTRODUCE 36 20199
SEND 1553584396 INTRODUCE 36 15634
SEND 1553584396 INTRODUCE 36 17009
SEND 1553584396 INTRODUCE 35 17305
SEND 1553584396 INTRODUCE 36 17930
RECIEVED 1553584396 INTRODUCE 37 20 0
RECIEVED 1553584396 INTRODUCE 35 20 0
RECIEVED 1553584396 INTRODUCE 37 20 0
RECIEVED 1553584396 INTRODUCE 36 20 0
RECIEVED 1553584396 INTRODUCE 35 20 0
RECIEVED 1553584396 INTRODUCE 35 20 0
RECIEVED 1553584396 INTRODUCE 35 20 0
RECIEVED 1553584396 INTRODUCE 35 20 0
RECIEVED 1553584396 INTRODUCE 35 20 0
RECIEVED 1553584396 INTRODUCE 36 20 0
RECIEVED 1553584396 INTRODUCE 35 20 0
RECIEVED 1553584396 INTRODUCE 35 20 0
RECIEVED 1553584396 INTRODUCE 36 20 0
RECIEVED 1553584396 INTRODUCE 37 20 0
RECIEVED 1553584396 INTRODUCE 35 20 0
SEND 1553584396 INTRODUCE 35 35523
SEND 1553584396 INTRODUCE 35 15882
SEND 1553584396 INTRODUCE 35 13313
# recieved string JOIN node5 172.22.94.217 8005

SEND 1553584396 INTRODUCE 35 23264
SEND 1553584396 INTRODUCE 35 15132
SEND 1553584396 INTRODUCE 35 16819
SEND 1553584396 INTRODUCE 35 45084
SEND 1553584396 INTRODUCE 35 14874
SEND 1553584396 INTRODUCE 35 13100
SEND 1553584396 INTRODUCE 35 18605
SEND 1553584396 INTRODUCE 35 13082
SEND 1553584396 INTRODUCE 35 29923
SEND 1553584396 INTRODUCE 35 28907
SEND 1553584396 INTRODUCE 35 21374
SEND 1553584396 INTRODUCE 35 16425
SEND 1553584396 INTRODUCE 35 16076
SEND 1553584396 INTRODUCE 35 14010
SEND 1553584396 INTRODUCE 35 12988
SEND 1553584396 INTRODUCE 35 36002
SEND 1553584396 INTRODUCE 35 45556
SEND 1553584396 JOIN 31 16340
RECIEVED 1553584396 INTRODUCE 36 21 0
RECIEVED 1553584396 JOIN 30 21 0
RECIEVED 1553584396 INTRODUCE 35 21 0
RECIEVED 1553584396 INTRODUCE 36 21 0
RECIEVED 1553584396 INTRODUCE 35 21 0
RECIEVED 1553584396 INTRODUCE 35 21 0
RECIEVED 1553584396 INTRODUCE 35 21 0
RECIEVED 1553584396 INTRODUCE 35 21 0
RECIEVED 1553584396 INTRODUCE 35 21 0
RECIEVED 1553584396 INTRODUCE 37 21 0
RECIEVED 1553584396 INTRODUCE 35 21 0
RECIEVED 1553584396 INTRODUCE 36 21 0
RECIEVED 1553584396 INTRODUCE 37 21 0
RECIEVED 1553584396 INTRODUCE 35 21 0
# recieved string JOIN node6 172.22.94.217 8006

RECIEVED 1553584396 JOIN 30 21 0
SEND 1553584396 INTRODUCE 37 19916
SEND 1553584396 INTRODUCE 35 25889
SEND 1553584396 INTRODUCE 35 33980
SEND 1553584396 INTRODUCE 36 20662
SEND 1553584396 INTRODUCE 36 18973
SEND 1553584396 INTRODUCE 37 28508
SEND 1553584396 INTRODUCE 37 27579
SEND 1553584396 INTRODUCE 35 19880
SEND 1553584396 INTRODUCE 35 15954
SEND 1553584396 INTRODUCE 35 25483
SEND 1553584396 INTRODUCE 36 17057
SEND 1553584396 INTRODUCE 36 42660
SEND 1553584396 INTRODUCE 36 24793
SEND 1553584396 INTRODUCE 36 20434
SEND 1553584396 INTRODUCE 35 20149
SEND 1553584396 INTRODUCE 36 19968
SEND 1553584396 INTRODUCE 36 19799
SEND 1553584396 INTRODUCE 36 24914
SEND 1553584396 INTRODUCE 37 14512
SEND 1553584396 INTRODUCE 35 21590
SEND 1553584396 INTRODUCE 35 20419
RECIEVED 1553584396 INTRODUCE 35 22 0
RECIEVED 1553584396 INTRODUCE 35 22 0
RECIEVED 1553584396 INTRODUCE 36 22 0
RECIEVED 1553584396 INTRODUCE 35 22 0
RECIEVED 1553584396 INTRODUCE 35 22 0
RECIEVED 1553584396 INTRODUCE 35 22 0
RECIEVED 1553584396 INTRODUCE 35 22 0
RECIEVED 1553584396 INTRODUCE 35 22 0
RECIEVED 1553584396 INTRODUCE 35 22 0
RECIEVED 1553584396 INTRODUCE 36 22 0
RECIEVED 1553584396 INTRODUCE 35 22 0
RECIEVED 1553584396 INTRODUCE 35 22 0
RECIEVED 1553584396 INTRODUCE 35 22 0
RECIEVED 1553584396 INTRODUCE 36 22 0
RECIEVED 1553584396 INTRODUCE 36 22 0
RECIEVED 1553584397 INTRODUCE 35 22 0
RECIEVED 1553584397 INTRODUCE 35 22 0
RECIEVED 1553584397 INTRODUCE 35 22 0
RECIEVED 1553584397 INTRODUCE 37 22 0
RECIEVED 1553584397 INTRODUCE 37 22 0
RECIEVED 1553584397 TRANSACTION 81 22 0
UPDATE 1553584397 TRANSACTION 15e12a5a878c40c2709eda3c5ac81db2
SEND 1553584397 TRANSACTION 81 13896 15e12a5a878c40c2709eda3c5ac81db2
SEND 1553584397 TRANSACTION 81 12474 15e12a5a878c40c2709eda3c5ac81db2
# recieved string JOIN node10 172.22.94.217 8010

SEND 1553584397 TRANSACTION 81 15564 15e12a5a878c40c2709eda3c5ac81db2
SEND 1553584397 TRANSACTION 81 16547 15e12a5a878c40c2709eda3c5ac81db2
SEND 1553584397 TRANSACTION 81 31612 15e12a5a878c40c2709eda3c5ac81db2
RECIEVED 1553584397 INTRODUCE 36 22 1
RECIEVED 1553584397 JOIN 31 22 1
SEND 1553584397 INTRODUCE 37 23274
SEND 1553584397 INTRODUCE 35 20654
SEND 1553584397 INTRODUCE 37 20891
SEND 1553584397 INTRODUCE 35 23081
SEND 1553584397 INTRODUCE 35 48166
SEND 1553584397 INTRODUCE 36 15758
SEND 1553584397 INTRODUCE 36 19775
SEND 1553584397 INTRODUCE 37 15558
SEND 1553584397 INTRODUCE 35 15503
SEND 1553584397 INTRODUCE 35 43659
SEND 1553584397 INTRODUCE 36 15711
SEND 1553584397 INTRODUCE 35 15437
SEND 1553584397 INTRODUCE 36 22720
SEND 1553584397 INTRODUCE 36 24511
SEND 1553584397 INTRODUCE 36 29723
SEND 1553584397 INTRODUCE 36 14158
SEND 1553584397 INTRODUCE 35 15521
SEND 1553584397 INTRODUCE 35 22782
SEND 1553584397 INTRODUCE 35 15495
SEND 1553584397 INTRODUCE 36 15144
SEND 1553584397 INTRODUCE 36 15524
SEND 1553584397 INTRODUCE 37 19575
RECIEVED 1553584397 TRANSACTION 81 23 1
RECIEVED 1553584397 INTRODUCE 36 23 1
RECIEVED 1553584397 INTRODUCE 36 23 1
RECIEVED 1553584397 INTRODUCE 35 23 1
RECIEVED 1553584397 INTRODUCE 35 23 1
RECIEVED 1553584397 INTRODUCE 35 23 1
RECIEVED 1553584397 INTRODUCE 35 23 1
RECIEVED 1553584397 INTRODUCE 35 23 1
RECIEVED 1553584397 INTRODUCE 35 23 1
RECIEVED 1553584397 INTRODUCE 37 23 1
RECIEVED 1553584397 TRANSACTION 81 23 1
RECIEVED 1553584397 INTRODUCE 35 23 1
# recieved string JOIN node8 172.22.94.217 8008

RECIEVED 1553584397 JOIN 30 23 1
SEND 1553584397 INTRODUCE 36 35208
SEND 1553584397 INTRODUCE 35 46419
SEND 1553584397 INTRODUCE 36 20616
SEND 1553584397 INTRODUCE 36 19258
SEND 1553584397 INTRODUCE 36 19074
SEND 1553584397 INTRODUCE 36 29610
SEND 1553584397 INTRODUCE 35 32154
SEND 1553584397 INTRODUCE 36 15556
SEND 1553584397 INTRODUCE 35 19235
SEND 1553584397 INTRODUCE 35 19656
SEND 1553584397 INTRODUCE 36 32322
SEND 1553584397 INTRODUCE 36 19989
SEND 1553584397 INTRODUCE 37 24342
SEND 1553584397 INTRODUCE 37 15295
SEND 1553584397 INTRODUCE 35 19382
SEND 1553584397 INTRODUCE 37 39477
SEND 1553584397 INTRODUCE 35 19150
SEND 1553584397 INTRODUCE 35 18357
SEND 1553584397 INTRODUCE 36 18959
SEND 1553584397 INTRODUCE 36 23693
SEND 1553584397 INTRODUCE 37 20027
SEND 1553584397 INTRODUCE 35 40237
SEND 1553584397 INTRODUCE 35 25396
RECIEVED 1553584397 INTRODUCE 35 24 1
RECIEVED 1553584397 INTRODUCE 35 24 1
RECIEVED 1553584397 INTRODUCE 35 24 1
RECIEVED 1553584397 INTRODUCE 36 24 1
RECIEVED 1553584397 TRANSACTION 81 24 1
UPDATE 1553584397 TRANSACTION 534e6db543fef336ed5a090881d34f7f
SEND 1553584397 TRANSACTION 81 20106 534e6db543fef336ed5a090881d34f7f
SEND 1553584397 TRANSACTION 81 15779 534e6db543fef336ed5a090881d34f7f
SEND 1553584397 TRANSACTION 81 14358 534e6db543fef336ed5a090881d34f7f
SEND 1553584397 TRANSACTION 81 16102 534e6db543fef336ed5a090881d34f7f
SEND 1553584397 TRANSACTION 81 15007 534e6db543fef336ed5a090881d34f7f
SEND 1553584397 TRANSACTION 81 14651 534e6db543fef336ed5a090881d34f7f
SEND 1553584397 TRANSACTION 81 15689 534e6db543fef336ed5a090881d34f7f
SEND 1553584397 TRANSACTION 81 14073 534e6db543fef336ed5a090881d34f7f
SEND 1553584397 TRANSACTION 81 19479 534e6db543fef336ed5a090881d34f7f
SEND 1553584397 TRANSACTION 81 14334 534e6db543fef336ed5a090881d34f7f
RECIEVED 1553584397 TRANSACTION 81 24 2
RECIEVED 1553584397 INTRODUCE 37 24 2
RECIEVED 1553584397 TRANSACTION 81 24 2
RECIEVED 1553584397 TRANSACTION 81 24 2
RECIEVED 1553584397 INTRODUCE 35 24 2
RECIEVED 1553584397 TRANSACTION 81 24 2
RECIEVED 1553584397 INTRODUCE 35 24 2
RECIEVED 1553584397 TRANSACTION 81 24 2
RECIEVED 1553584397 INTRODUCE 35 24 2
RECIEVED 1553584397 INTRODUCE 35 24 2
RECIEVED 1553584397 INTRODUCE 36 24 2
RECIEVED 1553584397 TRANSACTION 81 24 2
RECIEVED 1553584397 INTRODUCE 36 24 2
RECIEVED 1553584397 INTRODUCE 36 24 2
RECIEVED 1553584397 INTRODUCE 35 24 2
RECIEVED 1553584397 INTRODUCE 35 24 2
RECIEVED 1553584397 INTRODUCE 37 24 2
RECIEVED 1553584397 INTRODUCE 36 24 2
# recieved string JOIN node11 172.22.94.217 8011

RECIEVED 1553584397 JOIN 31 24 2
SEND 1553584397 INTRODUCE 36 22183
SEND 1553584397 INTRODUCE 35 19948
SEND 1553584397 INTRODUCE 36 16094
SEND 1553584397 INTRODUCE 36 15438
SEND 1553584397 INTRODUCE 36 18552
SEND 1553584397 INTRODUCE 35 22830
SEND 1553584397 INTRODUCE 36 19002
SEND 1553584397 INTRODUCE 35 16477
SEND 1553584397 INTRODUCE 36 19744
SEND 1553584397 INTRODUCE 35 28962
SEND 1553584397 INTRODUCE 35 15831
SEND 1553584397 INTRODUCE 36 28152
SEND 1553584397 INTRODUCE 36 26140
SEND 1553584397 INTRODUCE 37 27309
SEND 1553584397 INTRODUCE 37 18962
SEND 1553584397 INTRODUCE 35 21169
SEND 1553584397 INTRODUCE 37 24320
SEND 1553584397 INTRODUCE 35 19936
SEND 1553584397 INTRODUCE 35 19645
SEND 1553584397 INTRODUCE 36 14304
SEND 1553584397 INTRODUCE 36 20604
SEND 1553584397 INTRODUCE 37 19652
SEND 1553584397 INTRODUCE 35 19134
SEND 1553584397 INTRODUCE 35 19320
RECIEVED 1553584397 TRANSACTION 82 25 2
UPDATE 1553584397 TRANSACTION fd4ebfeb24179ff15328d39c63a66c03
SEND 1553584397 TRANSACTION 82 19773 fd4ebfeb24179ff15328d39c63a66c03
SEND 1553584397 TRANSACTION 82 20939 fd4ebfeb24179ff15328d39c63a66c03
SEND 1553584397 TRANSACTION 82 15504 fd4ebfeb24179ff15328d39c63a66c03
SEND 1553584397 TRANSACTION 82 15237 fd4ebfeb24179ff15328d39c63a66c03
SEND 1553584397 TRANSACTION 82 33581 fd4ebfeb24179ff15328d39c63a66c03
SEND 1553584397 TRANSACTION 82 19874 fd4ebfeb24179ff15328d39c63a66c03
SEND 1553584397 TRANSACTION 82 15212 fd4ebfeb24179ff15328d39c63a66c03
SEND 1553584397 TRANSACTION 82 16033 fd4ebfeb24179ff15328d39c63a66c03
SEND 1553584397 TRANSACTION 82 16099 fd4ebfeb24179ff15328d39c63a66c03
RECIEVED 1553584397 TRANSACTION 82 25 3
RECIEVED 1553584397 INTRODUCE 35 25 3
RECIEVED 1553584397 TRANSACTION 82 25 3
RECIEVED 1553584397 TRANSACTION 82 25 3
RECIEVED 1553584397 INTRODUCE 35 25 3
RECIEVED 1553584397 INTRODUCE 35 25 3
RECIEVED 1553584397 TRANSACTION 82 25 3
RECIEVED 1553584397 TRANSACTION 81 25 3
RECIEVED 1553584397 INTRODUCE 35 25 3
RECIEVED 1553584397 INTRODUCE 35 25 3
RECIEVED 1553584397 INTRODUCE 35 25 3
RECIEVED 1553584397 INTRODUCE 35 25 3
RECIEVED 1553584397 INTRODUCE 35 25 3
RECIEVED 1553584397 INTRODUCE 35 25 3
RECIEVED 1553584397 INTRODUCE 36 25 3
RECIEVED 1553584397 INTRODUCE 36 25 3
RECIEVED 1553584397 INTRODUCE 36 25 3
RECIEVED 1553584397 INTRODUCE 36 25 3
RECIEVED 1553584397 INTRODUCE 37 25 3
RECIEVED 1553584397 INTRODUCE 36 25 3
RECIEVED 1553584397 INTRODUCE 36 25 3
RECIEVED 1553584397 INTRODUCE 35 25 3
RECIEVED 1553584397 INTRODUCE 36 25 3
RECIEVED 1553584397 INTRODUCE 36 25 3
SEND 1553584397 INTRODUCE 36 38813
SEND 1553584397 INTRODUCE 36 13953
SEND 1553584397 INTRODUCE 36 13542
SEND 1553584397 INTRODUCE 36 15893
SEND 1553584397 INTRODUCE 36 14139
SEND 1553584397 INTRODUCE 36 24791
SEND 1553584397 INTRODUCE 36 26320
SEND 1553584397 INTRODUCE 36 25034
SEND 1553584397 INTRODUCE 36 21062
SEND 1553584397 INTRODUCE 36 16133
SEND 1553584397 INTRODUCE 36 30591
SEND 1553584397 INTRODUCE 36 12491
SEND 1553584397 INTRODUCE 36 23643
SEND 1553584397 INTRODUCE 36 15208
SEND 1553584397 INTRODUCE 36 15428
SEND 1553584397 INTRODUCE 36 19297
SEND 1553584397 INTRODUCE 36 14532
SEND 1553584397 INTRODUCE 36 19940
SEND 1553584397 INTRODUCE 36 20513
SEND 1553584397 INTRODUCE 36 24432
SEND 1553584397 INTRODUCE 36 15974
SEND 1553584397 INTRODUCE 36 20591
SEND 1553584397 INTRODUCE 36 14904
SEND 1553584397 INTRODUCE 36 23541
SEND 1553584397 INTRODUCE 36 31535
SEND 1553584397 JOIN 31 16547
RECIEVED 1553584397 INTRODUCE 36 26 3
RECIEVED 1553584397 INTRODUCE 35 26 3
RECIEVED 1553584397 INTRODUCE 36 26 3
SEND 1553584397 INTRODUCE 36 19945
SEND 1553584397 INTRODUCE 36 24205
SEND 1553584397 INTRODUCE 36 12747
SEND 1553584397 INTRODUCE 36 19416
SEND 1553584397 INTRODUCE 36 32073
SEND 1553584397 INTRODUCE 36 14153
SEND 1553584397 INTRODUCE 36 28620
SEND 1553584397 INTRODUCE 36 30433
SEND 1553584397 INTRODUCE 36 16112
SEND 1553584397 INTRODUCE 36 21905
SEND 1553584397 INTRODUCE 36 16684
SEND 1553584397 INTRODUCE 36 14258
SEND 1553584397 INTRODUCE 36 15314
SEND 1553584397 INTRODUCE 36 16228
SEND 1553584397 INTRODUCE 36 15140
SEND 1553584397 INTRODUCE 36 16109
SEND 1553584397 INTRODUCE 36 18131
SEND 1553584397 INTRODUCE 36 49507
SEND 1553584397 INTRODUCE 36 22230
# recieved string JOIN node13 172.22.94.217 8013

SEND 1553584397 INTRODUCE 36 78868
SEND 1553584397 INTRODUCE 36 21705
SEND 1553584397 INTRODUCE 36 15693
SEND 1553584397 INTRODUCE 36 17263
SEND 1553584397 INTRODUCE 36 64901
SEND 1553584397 INTRODUCE 36 25595
SEND 1553584397 INTRODUCE 36 21989
SEND 1553584397 JOIN 31 16317
RECIEVED 1553584397 INTRODUCE 36 27 3
RECIEVED 1553584397 INTRODUCE 36 27 3
RECIEVED 1553584397 INTRODUCE 36 27 3
RECIEVED 1553584397 TRANSACTION 82 27 3
RECIEVED 1553584397 INTRODUCE 36 27 3
RECIEVED 1553584397 INTRODUCE 36 27 3
RECIEVED 1553584397 INTRODUCE 36 27 3
RECIEVED 1553584397 INTRODUCE 36 27 3
RECIEVED 1553584397 JOIN 31 27 3
RECIEVED 1553584397 INTRODUCE 36 27 3
RECIEVED 1553584397 INTRODUCE 36 27 3
RECIEVED 1553584397 TRANSACTION 82 27 3
# recieved string JOIN node0 172.22.156.208 8000

RECIEVED 1553584397 JOIN 31 27 3
SEND 1553584397 INTRODUCE 36 16091
SEND 1553584397 INTRODUCE 36 17268
SEND 1553584397 INTRODUCE 35 23801
SEND 1553584397 INTRODUCE 36 10895
SEND 1553584397 INTRODUCE 35 10730
SEND 1553584397 INTRODUCE 36 4314
SEND 1553584397 INTRODUCE 36 10404
SEND 1553584397 INTRODUCE 35 35712
SEND 1553584397 INTRODUCE 36 12067
SEND 1553584397 INTRODUCE 36 14368
SEND 1553584397 INTRODUCE 35 17230
SEND 1553584397 INTRODUCE 36 15908
SEND 1553584397 INTRODUCE 36 10568
SEND 1553584397 INTRODUCE 36 15021
SEND 1553584397 INTRODUCE 35 14399
SEND 1553584397 INTRODUCE 36 15995
SEND 1553584397 INTRODUCE 37 10388
SEND 1553584397 INTRODUCE 35 31230
SEND 1553584397 INTRODUCE 36 9926
SEND 1553584397 INTRODUCE 36 9648
SEND 1553584397 INTRODUCE 37 12569
SEND 1553584397 INTRODUCE 37 10303
SEND 1553584397 INTRODUCE 35 15040
SEND 1553584397 INTRODUCE 37 9678
SEND 1553584397 INTRODUCE 35 10140
SEND 1553584397 INTRODUCE 35 14933
# recieved string JOIN node12 172.22.94.217 8012

SEND 1553584397 INTRODUCE 35 24291
RECIEVED 1553584397 INTRODUCE 35 28 3
RECIEVED 1553584397 INTRODUCE 37 28 3
RECIEVED 1553584397 INTRODUCE 36 28 3
RECIEVED 1553584397 JOIN 31 28 3
RECIEVED 1553584397 INTRODUCE 35 28 3
# recieved string JOIN node3 172.22.156.208 8003

RECIEVED 1553584397 JOIN 31 28 3
SEND 1553584397 INTRODUCE 36 15358
SEND 1553584397 INTRODUCE 37 10337
SEND 1553584397 INTRODUCE 35 19890
SEND 1553584397 INTRODUCE 36 14903
SEND 1553584397 INTRODUCE 36 10225
SEND 1553584397 INTRODUCE 36 23289
SEND 1553584397 INTRODUCE 37 32552
SEND 1553584397 INTRODUCE 37 37387
SEND 1553584397 INTRODUCE 35 17305
SEND 1553584397 INTRODUCE 37 10501
SEND 1553584397 INTRODUCE 35 13413
SEND 1553584397 INTRODUCE 35 10298
SEND 1553584397 INTRODUCE 35 23702
SEND 1553584397 INTRODUCE 36 14168
# recieved string JOIN node5 172.22.156.208 8005

SEND 1553584397 INTRODUCE 36 9590
SEND 1553584397 INTRODUCE 35 10398
SEND 1553584397 INTRODUCE 36 9434
SEND 1553584397 INTRODUCE 35 13551
SEND 1553584397 INTRODUCE 36 15669
SEND 1553584397 INTRODUCE 36 10602
SEND 1553584397 INTRODUCE 35 15213
SEND 1553584397 INTRODUCE 36 11143
SEND 1553584397 INTRODUCE 36 15603
SEND 1553584397 INTRODUCE 35 10080
SEND 1553584397 INTRODUCE 36 39043
SEND 1553584397 INTRODUCE 36 14434
SEND 1553584397 INTRODUCE 36 18398
SEND 1553584397 INTRODUCE 35 20420
RECIEVED 1553584397 INTRODUCE 37 29 3
RECIEVED 1553584397 INTRODUCE 36 29 3
RECIEVED 1553584397 INTRODUCE 36 29 3
RECIEVED 1553584397 INTRODUCE 35 29 3
RECIEVED 1553584397 JOIN 31 29 3
SEND 1553584397 INTRODUCE 35 10898
SEND 1553584397 INTRODUCE 36 9542
SEND 1553584397 INTRODUCE 36 14889
SEND 1553584397 INTRODUCE 35 46183
SEND 1553584397 INTRODUCE 36 19843
SEND 1553584397 INTRODUCE 36 19223
SEND 1553584397 INTRODUCE 35 18834
SEND 1553584397 INTRODUCE 36 13462
SEND 1553584397 INTRODUCE 36 11927
SEND 1553584397 INTRODUCE 36 16473
SEND 1553584397 INTRODUCE 36 13155
SEND 1553584397 INTRODUCE 36 10645
SEND 1553584397 INTRODUCE 35 10992
SEND 1553584397 INTRODUCE 37 145845
# recieved string JOIN node2 172.22.156.208 8002

SEND 1553584397 INTRODUCE 35 29487
SEND 1553584397 INTRODUCE 36 11355
SEND 1553584397 INTRODUCE 36 31686
SEND 1553584397 INTRODUCE 36 11872
SEND 1553584397 INTRODUCE 37 10979
SEND 1553584397 INTRODUCE 37 19364
SEND 1553584397 INTRODUCE 35 10340
# recieved string JOIN node4 172.22.156.208 8004

SEND 1553584397 INTRODUCE 37 23794
SEND 1553584397 INTRODUCE 35 14744
SEND 1553584397 INTRODUCE 35 28903
SEND 1553584397 INTRODUCE 35 10698
SEND 1553584397 INTRODUCE 36 10562
SEND 1553584397 INTRODUCE 36 10392
SEND 1553584397 INTRODUCE 35 30290
SEND 1553584397 INTRODUCE 36 11076
RECIEVED 1553584397 INTRODUCE 37 30 3
SEND 1553584397 INTRODUCE 37 28085
SEND 1553584397 INTRODUCE 37 18113
SEND 1553584397 INTRODUCE 37 11930
SEND 1553584397 INTRODUCE 37 10447
SEND 1553584397 INTRODUCE 37 10407
SEND 1553584397 INTRODUCE 37 15295
SEND 1553584397 INTRODUCE 37 16902
SEND 1553584397 INTRODUCE 37 11345
SEND 1553584397 INTRODUCE 37 11585
SEND 1553584397 INTRODUCE 37 16435
SEND 1553584397 INTRODUCE 37 10775
SEND 1553584397 INTRODUCE 37 14004
SEND 1553584397 INTRODUCE 37 15915
SEND 1553584397 INTRODUCE 37 18505
SEND 1553584397 INTRODUCE 37 11673
SEND 1553584397 INTRODUCE 37 13395
SEND 1553584397 INTRODUCE 37 11502
SEND 1553584397 INTRODUCE 37 23365
SEND 1553584397 INTRODUCE 37 31493
SEND 1553584397 INTRODUCE 37 18952
SEND 1553584397 INTRODUCE 37 13963
SEND 1553584397 INTRODUCE 37 33550
SEND 1553584397 INTRODUCE 37 15762
SEND 1553584397 INTRODUCE 37 21196
SEND 1553584397 INTRODUCE 37 11421
SEND 1553584397 INTRODUCE 37 43980
SEND 1553584397 INTRODUCE 37 34127
SEND 1553584397 INTRODUCE 37 15666
SEND 1553584397 INTRODUCE 37 14629
SEND 1553584397 INTRODUCE 37 10531
SEND 1553584397 JOIN 31 15212
RECIEVED 1553584397 INTRODUCE 35 31 3
RECIEVED 1553584397 INTRODUCE 37 31 3
RECIEVED 1553584397 INTRODUCE 37 31 3
SEND 1553584397 INTRODUCE 37 13615
SEND 1553584397 INTRODUCE 37 15422
SEND 1553584397 INTRODUCE 37 35551
SEND 1553584397 INTRODUCE 37 20378
SEND 1553584397 INTRODUCE 37 38492
SEND 1553584397 INTRODUCE 37 11436
SEND 1553584397 INTRODUCE 37 13899
SEND 1553584397 INTRODUCE 37 35775
SEND 1553584397 INTRODUCE 37 14293
SEND 1553584397 INTRODUCE 37 11275
SEND 1553584397 INTRODUCE 37 15511
SEND 1553584397 INTRODUCE 37 22199
SEND 1553584397 INTRODUCE 37 18634
SEND 1553584397 INTRODUCE 37 22680
SEND 1553584397 INTRODUCE 37 11652
SEND 1553584397 INTRODUCE 37 28164
SEND 1553584397 INTRODUCE 37 13943
SEND 1553584397 INTRODUCE 37 14633
SEND 1553584397 INTRODUCE 37 21515
SEND 1553584397 INTRODUCE 37 28355
SEND 1553584397 INTRODUCE 37 14997
SEND 1553584397 INTRODUCE 37 11565
SEND 1553584397 INTRODUCE 37 15539
SEND 1553584397 INTRODUCE 37 28243
SEND 1553584397 INTRODUCE 37 15599
SEND 1553584397 INTRODUCE 37 13670
SEND 1553584397 INTRODUCE 37 16021
SEND 1553584397 INTRODUCE 37 29419
SEND 1553584397 INTRODUCE 37 14045
SEND 1553584397 INTRODUCE 37 28477
SEND 1553584397 INTRODUCE 37 11786
SEND 1553584397 JOIN 31 14241
RECIEVED 1553584397 INTRODUCE 37 32 3
RECIEVED 1553584397 INTRODUCE 36 32 3
RECIEVED 1553584397 INTRODUCE 36 32 3
RECIEVED 1553584397 INTRODUCE 36 32 3
RECIEVED 1553584397 JOIN 31 32 3
SEND 1553584397 INTRODUCE 36 33334
SEND 1553584397 INTRODUCE 37 14841
SEND 1553584397 INTRODUCE 37 9975
SEND 1553584397 INTRODUCE 35 10380
SEND 1553584397 INTRODUCE 37 14762
SEND 1553584397 INTRODUCE 35 10678
SEND 1553584397 INTRODUCE 35 9703
SEND 1553584397 INTRODUCE 35 38202
SEND 1553584397 INTRODUCE 36 41236
SEND 1553584397 INTRODUCE 36 10122
SEND 1553584397 INTRODUCE 35 19572
SEND 1553584397 INTRODUCE 37 14595
SEND 1553584397 INTRODUCE 36 22360
SEND 1553584397 INTRODUCE 35 10741
SEND 1553584397 INTRODUCE 36 10854
SEND 1553584397 INTRODUCE 36 31795
SEND 1553584397 INTRODUCE 35 14985
SEND 1553584397 INTRODUCE 36 20753
SEND 1553584397 INTRODUCE 36 10944
SEND 1553584397 INTRODUCE 35 10244
SEND 1553584397 INTRODUCE 36 10742
SEND 1553584397 INTRODUCE 36 11429
SEND 1553584397 INTRODUCE 36 11024
SEND 1553584397 INTRODUCE 36 10899
SEND 1553584397 INTRODUCE 35 12056
SEND 1553584397 INTRODUCE 36 36042
SEND 1553584397 INTRODUCE 36 26590
SEND 1553584397 INTRODUCE 37 10318
SEND 1553584397 INTRODUCE 35 44543
SEND 1553584397 INTRODUCE 36 10250
SEND 1553584397 INTRODUCE 36 11414
SEND 1553584397 INTRODUCE 37 10661
RECIEVED 1553584397 INTRODUCE 37 33 3
RECIEVED 1553584397 INTRODUCE 36 33 3
RECIEVED 1553584397 INTRODUCE 36 33 3
RECIEVED 1553584397 JOIN 31 33 3
SEND 1553584397 INTRODUCE 37 16563
SEND 1553584397 INTRODUCE 37 27903
SEND 1553584397 INTRODUCE 35 15477
SEND 1553584397 INTRODUCE 37 11813
SEND 1553584397 INTRODUCE 35 15964
SEND 1553584397 INTRODUCE 35 9920
SEND 1553584397 INTRODUCE 35 28672
SEND 1553584397 INTRODUCE 36 20703
SEND 1553584397 INTRODUCE 36 13331
SEND 1553584397 INTRODUCE 35 10528
SEND 1553584397 INTRODUCE 37 34464
SEND 1553584397 INTRODUCE 36 34496
SEND 1553584397 INTRODUCE 35 22935
SEND 1553584397 INTRODUCE 36 11217
SEND 1553584397 INTRODUCE 36 15726
SEND 1553584397 INTRODUCE 35 16559
SEND 1553584397 INTRODUCE 36 14658
SEND 1553584397 INTRODUCE 36 11404
SEND 1553584397 INTRODUCE 35 11089
SEND 1553584397 INTRODUCE 36 29969
SEND 1553584397 INTRODUCE 36 14900
SEND 1553584397 INTRODUCE 36 11040
SEND 1553584397 INTRODUCE 36 47904
SEND 1553584397 INTRODUCE 36 21371
SEND 1553584397 INTRODUCE 36 10717
SEND 1553584397 INTRODUCE 35 13079
SEND 1553584397 INTRODUCE 37 39176
SEND 1553584397 INTRODUCE 35 12070
SEND 1553584397 INTRODUCE 36 15252
SEND 1553584397 INTRODUCE 36 15665
SEND 1553584397 INTRODUCE 37 15718
SEND 1553584397 INTRODUCE 36 15018
SEND 1553584397 INTRODUCE 36 14487
RECIEVED 1553584397 INTRODUCE 37 34 3
RECIEVED 1553584397 INTRODUCE 36 34 3
RECIEVED 1553584397 INTRODUCE 35 34 3
RECIEVED 1553584397 INTRODUCE 36 34 3
RECIEVED 1553584397 INTRODUCE 36 34 3
RECIEVED 1553584397 INTRODUCE 37 34 3
RECIEVED 1553584397 INTRODUCE 36 34 3
RECIEVED 1553584397 INTRODUCE 35 34 3
RECIEVED 1553584397 INTRODUCE 37 34 3
RECIEVED 1553584397 INTRODUCE 37 34 3
RECIEVED 1553584397 INTRODUCE 36 34 3
RECIEVED 1553584397 INTRODUCE 37 34 3
RECIEVED 1553584397 INTRODUCE 36 34 3
RECIEVED 1553584397 INTRODUCE 37 34 3
RECIEVED 1553584397 INTRODUCE 37 34 3
RECIEVED 1553584397 INTRODUCE 37 34 3
RECIEVED 1553584397 INTRODUCE 36 34 3
RECIEVED 1553584397 INTRODUCE 37 34 3
RECIEVED 1553584397 INTRODUCE 35 34 3
RECIEVED 1553584397 INTRODUCE 37 34 3
RECIEVED 1553584397 INTRODUCE 37 34 3
RECIEVED 1553584397 INTRODUCE 37 34 3
RECIEVED 1553584397 INTRODUCE 37 34 3
RECIEVED 1553584397 INTRODUCE 37 34 3
RECIEVED 1553584397 INTRODUCE 36 34 3
RECIEVED 1553584397 INTRODUCE 35 34 3
RECIEVED 1553584397 INTRODUCE 36 34 3
RECIEVED 1553584397 INTRODUCE 36 34 3
RECIEVED 1553584397 INTRODUCE 37 34 3
RECIEVED 1553584397 INTRODUCE 35 34 3
RECIEVED 1553584397 INTRODUCE 37 34 3
RECIEVED 1553584397 INTRODUCE 35 34 3
RECIEVED 1553584397 INTRODUCE 37 34 3
RECIEVED 1553584397 INTRODUCE 37 34 3
RECIEVED 1553584397 INTRODUCE 37 34 3
RECIEVED 1553584397 INTRODUCE 36 34 3
RECIEVED 1553584397 INTRODUCE 35 34 3
RECIEVED 1553584397 INTRODUCE 35 34 3
RECIEVED 1553584397 INTRODUCE 37 34 3
RECIEVED 1553584397 INTRODUCE 35 34 3
RECIEVED 1553584397 INTRODUCE 37 34 3
RECIEVED 1553584397 INTRODUCE 35 34 3
RECIEVED 1553584397 INTRODUCE 36 34 3
RECIEVED 1553584397 INTRODUCE 37 34 3
RECIEVED 1553584397 INTRODUCE 35 34 3
RECIEVED 1553584397 INTRODUCE 36 34 3
RECIEVED 1553584397 INTRODUCE 36 34 3
RECIEVED 1553584397 INTRODUCE 36 34 3
RECIEVED 1553584397 INTRODUCE 36 34 3
SEND 1553584397 INTRODUCE 36 15592
SEND 1553584397 INTRODUCE 36 15589
SEND 1553584397 INTRODUCE 36 36478
SEND 1553584397 INTRODUCE 36 11651
SEND 1553584397 INTRODUCE 36 15532
SEND 1553584397 INTRODUCE 36 13770
SEND 1553584397 INTRODUCE 36 12885
# recieved string JOIN node14 172.22.156.206 8014

SEND 1553584397 INTRODUCE 36 11292
SEND 1553584397 INTRODUCE 36 11933
SEND 1553584397 INTRODUCE 36 11311
SEND 1553584397 INTRODUCE 36 14887
SEND 1553584397 INTRODUCE 36 11389
SEND 1553584397 INTRODUCE 36 14206
SEND 1553584397 INTRODUCE 36 13135
SEND 1553584397 INTRODUCE 36 20522
SEND 1553584397 INTRODUCE 36 18429
SEND 1553584397 INTRODUCE 36 71234
SEND 1553584397 INTRODUCE 36 25469
SEND 1553584397 INTRODUCE 36 16033
SEND 1553584397 INTRODUCE 36 13788
SEND 1553584397 INTRODUCE 36 15092
SEND 1553584397 INTRODUCE 36 16031
SEND 1553584397 INTRODUCE 36 12187
SEND 1553584397 INTRODUCE 36 19492
SEND 1553584397 INTRODUCE 36 14806
SEND 1553584397 INTRODUCE 36 12349
SEND 1553584397 INTRODUCE 36 21802
SEND 1553584397 INTRODUCE 36 23865
SEND 1553584397 INTRODUCE 36 13118
SEND 1553584397 INTRODUCE 36 43965
SEND 1553584397 INTRODUCE 36 16511
SEND 1553584397 INTRODUCE 36 15277
SEND 1553584397 INTRODUCE 36 51224
SEND 1553584397 INTRODUCE 36 30621
SEND 1553584397 JOIN 31 11146
RECIEVED 1553584397 INTRODUCE 37 35 3
RECIEVED 1553584397 INTRODUCE 35 35 3
RECIEVED 1553584397 INTRODUCE 35 35 3
RECIEVED 1553584397 JOIN 32 35 3
RECIEVED 1553584397 INTRODUCE 37 35 3
RECIEVED 1553584397 INTRODUCE 36 35 3
RECIEVED 1553584397 INTRODUCE 36 35 3
RECIEVED 1553584397 INTRODUCE 36 35 3
RECIEVED 1553584397 INTRODUCE 36 35 3
RECIEVED 1553584397 INTRODUCE 37 35 3
RECIEVED 1553584397 INTRODUCE 35 35 3
RECIEVED 1553584397 INTRODUCE 36 35 3
RECIEVED 1553584397 INTRODUCE 36 35 3
RECIEVED 1553584397 INTRODUCE 36 35 3
RECIEVED 1553584397 INTRODUCE 36 35 3
SEND 1553584397 INTRODUCE 36 12420
SEND 1553584397 INTRODUCE 36 27863
SEND 1553584397 INTRODUCE 36 10711
SEND 1553584397 INTRODUCE 36 14309
SEND 1553584397 INTRODUCE 36 14323
SEND 1553584397 INTRODUCE 36 17855
# recieved string JOIN node7 172.22.156.208 8007

SEND 1553584397 INTRODUCE 36 20423
SEND 1553584397 INTRODUCE 36 21110
SEND 1553584397 INTRODUCE 36 14352
SEND 1553584397 INTRODUCE 36 16795
SEND 1553584397 INTRODUCE 36 13471
SEND 1553584397 INTRODUCE 36 10320
SEND 1553584397 INTRODUCE 36 15491
SEND 1553584397 INTRODUCE 36 21514
SEND 1553584397 INTRODUCE 36 28747
SEND 1553584397 INTRODUCE 36 15210
SEND 1553584397 INTRODUCE 36 14363
SEND 1553584397 INTRODUCE 36 42061
SEND 1553584397 INTRODUCE 36 15682
SEND 1553584397 INTRODUCE 36 11216
SEND 1553584397 INTRODUCE 36 16523
SEND 1553584397 INTRODUCE 36 10371
SEND 1553584397 INTRODUCE 36 15035
SEND 1553584397 INTRODUCE 36 14996
SEND 1553584397 INTRODUCE 36 14749
SEND 1553584397 INTRODUCE 36 43194
SEND 1553584397 INTRODUCE 36 12448
SEND 1553584397 INTRODUCE 36 11045
SEND 1553584397 INTRODUCE 36 15250
SEND 1553584397 INTRODUCE 36 27829
SEND 1553584397 INTRODUCE 36 15145
SEND 1553584397 INTRODUCE 36 12868
SEND 1553584397 INTRODUCE 36 14721
SEND 1553584397 INTRODUCE 36 15972
SEND 1553584397 INTRODUCE 36 15679
SEND 1553584397 JOIN 31 49350
RECIEVED 1553584397 INTRODUCE 36 36 3
RECIEVED 1553584397 INTRODUCE 36 36 3
RECIEVED 1553584397 JOIN 31 36 3
SEND 1553584397 INTRODUCE 36 11295
SEND 1553584397 INTRODUCE 36 9302
SEND 1553584397 INTRODUCE 35 16885
SEND 1553584397 INTRODUCE 37 15845
SEND 1553584397 INTRODUCE 36 11086
SEND 1553584397 INTRODUCE 35 11008
SEND 1553584397 INTRODUCE 36 14897
SEND 1553584397 INTRODUCE 36 10149
SEND 1553584397 INTRODUCE 36 14612
SEND 1553584397 INTRODUCE 35 10236
SEND 1553584397 INTRODUCE 36 139779
SEND 1553584397 INTRODUCE 36 12193
SEND 1553584397 INTRODUCE 36 63301
SEND 1553584397 INTRODUCE 35 20835
SEND 1553584397 INTRODUCE 36 10593
SEND 1553584397 INTRODUCE 36 28617
SEND 1553584397 INTRODUCE 36 9729
SEND 1553584397 INTRODUCE 36 8960
SEND 1553584397 INTRODUCE 35 15605
SEND 1553584397 INTRODUCE 36 10230
SEND 1553584397 INTRODUCE 36 14716
SEND 1553584397 INTRODUCE 37 43375
SEND 1553584397 INTRODUCE 36 11162
SEND 1553584397 INTRODUCE 36 21631
SEND 1553584397 INTRODUCE 37 9479
SEND 1553584397 INTRODUCE 35 13340
SEND 1553584397 INTRODUCE 36 11901
SEND 1553584397 INTRODUCE 37 34715
SEND 1553584397 INTRODUCE 35 13848
SEND 1553584397 INTRODUCE 35 31623
SEND 1553584397 INTRODUCE 35 25547
SEND 1553584397 INTRODUCE 36 10259
SEND 1553584397 INTRODUCE 37 10935
SEND 1553584397 INTRODUCE 37 31010
SEND 1553584397 INTRODUCE 35 15201
SEND 1553584397 INTRODUCE 36 11150
RECIEVED 1553584397 INTRODUCE 36 37 3
RECIEVED 1553584397 INTRODUCE 36 37 3
RECIEVED 1553584397 INTRODUCE 36 37 3
RECIEVED 1553584397 INTRODUCE 35 37 3
RECIEVED 1553584397 INTRODUCE 36 37 3
RECIEVED 1553584397 INTRODUCE 37 37 3
RECIEVED 1553584397 INTRODUCE 36 37 3
RECIEVED 1553584397 INTRODUCE 37 37 3
RECIEVED 1553584397 INTRODUCE 35 37 3
RECIEVED 1553584397 INTRODUCE 36 37 3
RECIEVED 1553584397 INTRODUCE 36 37 3
RECIEVED 1553584397 INTRODUCE 36 37 3
RECIEVED 1553584397 INTRODUCE 36 37 3
RECIEVED 1553584397 INTRODUCE 37 37 3
RECIEVED 1553584397 INTRODUCE 36 37 3
RECIEVED 1553584397 INTRODUCE 36 37 3
RECIEVED 1553584397 INTRODUCE 36 37 3
RECIEVED 1553584397 INTRODUCE 36 37 3
SEND 1553584397 INTRODUCE 36 15547
SEND 1553584397 INTRODUCE 36 13431
SEND 1553584397 INTRODUCE 36 18525
SEND 1553584397 INTRODUCE 36 14219
SEND 1553584397 INTRODUCE 36 16859
SEND 1553584397 INTRODUCE 36 29564
SEND 1553584397 INTRODUCE 36 14709
SEND 1553584397 INTRODUCE 36 21908
SEND 1553584397 INTRODUCE 36 23952
SEND 1553584397 INTRODUCE 36 41499
SEND 1553584397 INTRODUCE 36 13490
SEND 1553584398 INTRODUCE 36 15958
SEND 1553584398 INTRODUCE 36 13022
SEND 1553584398 INTRODUCE 36 11757
SEND 1553584398 INTRODUCE 36 14688
SEND 1553584398 INTRODUCE 36 34755
SEND 1553584398 INTRODUCE 36 34717
SEND 1553584398 INTRODUCE 36 15382
SEND 1553584398 INTRODUCE 36 16429
SEND 1553584398 INTRODUCE 36 14132
SEND 1553584398 INTRODUCE 36 12569
SEND 1553584398 INTRODUCE 36 46607
SEND 1553584398 INTRODUCE 36 17159
SEND 1553584398 INTRODUCE 36 22242
SEND 1553584398 INTRODUCE 36 11773
SEND 1553584398 INTRODUCE 36 12189
SEND 1553584398 INTRODUCE 36 28647
SEND 1553584398 INTRODUCE 36 15110
SEND 1553584398 INTRODUCE 36 23999
SEND 1553584398 INTRODUCE 36 18035
SEND 1553584398 INTRODUCE 36 20189
SEND 1553584398 INTRODUCE 36 12128
SEND 1553584398 INTRODUCE 36 13633
SEND 1553584398 INTRODUCE 36 23739
SEND 1553584398 INTRODUCE 36 31399
SEND 1553584398 INTRODUCE 36 11498
SEND 1553584398 INTRODUCE 36 11128
SEND 1553584398 JOIN 31 16218
RECIEVED 1553584398 INTRODUCE 37 38 3
RECIEVED 1553584398 INTRODUCE 36 38 3
RECIEVED 1553584398 INTRODUCE 36 38 3
RECIEVED 1553584398 INTRODUCE 36 38 3
RECIEVED 1553584398 INTRODUCE 37 38 3
RECIEVED 1553584398 INTRODUCE 36 38 3
RECIEVED 1553584398 INTRODUCE 36 38 3
RECIEVED 1553584398 INTRODUCE 36 38 3
RECIEVED 1553584398 INTRODUCE 35 38 3
RECIEVED 1553584398 INTRODUCE 36 38 3
RECIEVED 1553584398 INTRODUCE 35 38 3
RECIEVED 1553584398 INTRODUCE 36 38 3
RECIEVED 1553584398 INTRODUCE 36 38 3
RECIEVED 1553584398 INTRODUCE 35 38 3
RECIEVED 1553584398 INTRODUCE 35 38 3
RECIEVED 1553584398 INTRODUCE 36 38 3
RECIEVED 1553584398 INTRODUCE 36 38 3
RECIEVED 1553584398 INTRODUCE 36 38 3
RECIEVED 1553584398 INTRODUCE 35 38 3
RECIEVED 1553584398 INTRODUCE 35 38 3
RECIEVED 1553584398 INTRODUCE 36 38 3
RECIEVED 1553584398 INTRODUCE 36 38 3
RECIEVED 1553584398 INTRODUCE 35 38 3
RECIEVED 1553584398 INTRODUCE 36 38 3
RECIEVED 1553584398 INTRODUCE 37 38 3
RECIEVED 1553584398 INTRODUCE 36 38 3
RECIEVED 1553584398 INTRODUCE 36 38 3
RECIEVED 1553584398 INTRODUCE 36 38 3
RECIEVED 1553584398 INTRODUCE 35 38 3
RECIEVED 1553584398 INTRODUCE 36 38 3
RECIEVED 1553584398 INTRODUCE 35 38 3
RECIEVED 1553584398 INTRODUCE 35 38 3
RECIEVED 1553584398 INTRODUCE 36 38 3
RECIEVED 1553584398 INTRODUCE 36 38 3
RECIEVED 1553584398 INTRODUCE 36 38 3
RECIEVED 1553584398 INTRODUCE 36 38 3
RECIEVED 1553584398 INTRODUCE 36 38 3
RECIEVED 1553584398 INTRODUCE 36 38 3
RECIEVED 1553584398 INTRODUCE 35 38 3
RECIEVED 1553584398 INTRODUCE 35 38 3
RECIEVED 1553584398 INTRODUCE 35 38 3
RECIEVED 1553584398 INTRODUCE 35 38 3
RECIEVED 1553584398 INTRODUCE 37 38 3
RECIEVED 1553584398 INTRODUCE 36 38 3
RECIEVED 1553584398 INTRODUCE 37 38 3
RECIEVED 1553584398 INTRODUCE 37 38 3
RECIEVED 1553584398 INTRODUCE 36 38 3
RECIEVED 1553584398 INTRODUCE 35 38 3
RECIEVED 1553584398 INTRODUCE 36 38 3
RECIEVED 1553584398 INTRODUCE 35 38 3
RECIEVED 1553584398 INTRODUCE 35 38 3
RECIEVED 1553584398 INTRODUCE 36 38 3
RECIEVED 1553584398 INTRODUCE 36 38 3
RECIEVED 1553584398 INTRODUCE 35 38 3
RECIEVED 1553584398 INTRODUCE 35 38 3
RECIEVED 1553584398 INTRODUCE 36 38 3
RECIEVED 1553584398 INTRODUCE 36 38 3
# recieved string JOIN node15 172.22.94.217 8015

RECIEVED 1553584398 JOIN 31 38 3
SEND 1553584398 INTRODUCE 37 10677
SEND 1553584398 INTRODUCE 35 15979
SEND 1553584398 INTRODUCE 35 16380
SEND 1553584398 INTRODUCE 35 21963
SEND 1553584398 INTRODUCE 36 15029
SEND 1553584398 INTRODUCE 37 17746
SEND 1553584398 INTRODUCE 37 16658
SEND 1553584398 INTRODUCE 35 12967
SEND 1553584398 INTRODUCE 36 10901
SEND 1553584398 INTRODUCE 36 10515
SEND 1553584398 INTRODUCE 36 18361
SEND 1553584398 INTRODUCE 36 11737
SEND 1553584398 INTRODUCE 35 13233
SEND 1553584398 INTRODUCE 37 10656
SEND 1553584398 INTRODUCE 36 10401
SEND 1553584398 INTRODUCE 35 10345
SEND 1553584398 INTRODUCE 36 14065
SEND 1553584398 INTRODUCE 36 11599
SEND 1553584398 INTRODUCE 36 40352
SEND 1553584398 INTRODUCE 35 11703
SEND 1553584398 INTRODUCE 36 17955
SEND 1553584398 INTRODUCE 36 11484
SEND 1553584398 INTRODUCE 36 10584
SEND 1553584398 INTRODUCE 35 11059
SEND 1553584398 INTRODUCE 36 11249
SEND 1553584398 INTRODUCE 36 141410
SEND 1553584398 INTRODUCE 36 14540
SEND 1553584398 INTRODUCE 36 12234
SEND 1553584398 INTRODUCE 36 20717
SEND 1553584398 INTRODUCE 35 11600
SEND 1553584398 INTRODUCE 36 10413
SEND 1553584398 INTRODUCE 36 9936
SEND 1553584398 INTRODUCE 37 10892
SEND 1553584398 INTRODUCE 36 11358
# recieved string JOIN node6 172.22.156.208 8006

SEND 1553584398 INTRODUCE 36 13831
SEND 1553584398 INTRODUCE 37 13580
SEND 1553584398 INTRODUCE 35 15026
SEND 1553584398 INTRODUCE 36 13262
RECIEVED 1553584398 INTRODUCE 36 39 3
RECIEVED 1553584398 INTRODUCE 36 39 3
RECIEVED 1553584398 INTRODUCE 36 39 3
RECIEVED 1553584398 INTRODUCE 35 39 3
RECIEVED 1553584398 INTRODUCE 36 39 3
RECIEVED 1553584398 INTRODUCE 36 39 3
RECIEVED 1553584398 INTRODUCE 36 39 3
RECIEVED 1553584398 INTRODUCE 37 39 3
SEND 1553584398 INTRODUCE 37 15235
SEND 1553584398 INTRODUCE 37 30050
SEND 1553584398 INTRODUCE 37 10639
SEND 1553584398 INTRODUCE 37 14604
SEND 1553584398 INTRODUCE 37 11599
SEND 1553584398 INTRODUCE 37 11608
SEND 1553584398 INTRODUCE 37 16264
SEND 1553584398 INTRODUCE 37 10875
SEND 1553584398 INTRODUCE 37 44022
SEND 1553584398 INTRODUCE 37 15485
SEND 1553584398 INTRODUCE 37 23448
SEND 1553584398 INTRODUCE 37 14441
SEND 1553584398 INTRODUCE 37 11341
SEND 1553584398 INTRODUCE 37 13946
SEND 1553584398 INTRODUCE 37 15041
SEND 1553584398 INTRODUCE 37 15375
SEND 1553584398 INTRODUCE 37 9696
SEND 1553584398 INTRODUCE 37 16271
SEND 1553584398 INTRODUCE 37 10953
SEND 1553584398 INTRODUCE 37 17147
SEND 1553584398 INTRODUCE 37 16560
SEND 1553584398 INTRODUCE 37 29853
SEND 1553584398 INTRODUCE 37 35302
SEND 1553584398 INTRODUCE 37 16566
SEND 1553584398 INTRODUCE 37 20130
SEND 1553584398 INTRODUCE 37 47487
SEND 1553584398 INTRODUCE 37 15737
SEND 1553584398 INTRODUCE 37 14266
SEND 1553584398 INTRODUCE 37 23535
SEND 1553584398 INTRODUCE 37 13214
SEND 1553584398 INTRODUCE 37 10902
SEND 1553584398 INTRODUCE 37 14096
SEND 1553584398 INTRODUCE 37 16400
SEND 1553584398 INTRODUCE 37 62807
SEND 1553584398 INTRODUCE 37 11447
SEND 1553584398 INTRODUCE 37 22645
SEND 1553584398 INTRODUCE 37 16000
# recieved string JOIN node14 172.22.94.217 8014

SEND 1553584398 INTRODUCE 37 17904
SEND 1553584398 INTRODUCE 37 14983
SEND 1553584398 JOIN 31 16110
RECIEVED 1553584398 INTRODUCE 36 40 3
RECIEVED 1553584398 INTRODUCE 36 40 3
RECIEVED 1553584398 INTRODUCE 37 40 3
RECIEVED 1553584398 INTRODUCE 36 40 3
RECIEVED 1553584398 JOIN 31 40 3
RECIEVED 1553584398 INTRODUCE 37 40 3
RECIEVED 1553584398 INTRODUCE 36 40 3
RECIEVED 1553584398 INTRODUCE 37 40 3
RECIEVED 1553584398 INTRODUCE 36 40 3
RECIEVED 1553584398 INTRODUCE 36 40 3
RECIEVED 1553584398 INTRODUCE 37 40 3
RECIEVED 1553584398 INTRODUCE 37 40 3
RECIEVED 1553584398 INTRODUCE 37 40 3
RECIEVED 1553584398 INTRODUCE 36 40 3
RECIEVED 1553584398 INTRODUCE 37 40 3
RECIEVED 1553584398 INTRODUCE 36 40 3
RECIEVED 1553584398 INTRODUCE 35 40 3
RECIEVED 1553584398 INTRODUCE 37 40 3
RECIEVED 1553584398 INTRODUCE 37 40 3
RECIEVED 1553584398 INTRODUCE 37 40 3
RECIEVED 1553584398 INTRODUCE 36 40 3
RECIEVED 1553584398 INTRODUCE 35 40 3
RECIEVED 1553584398 INTRODUCE 37 40 3
RECIEVED 1553584398 INTRODUCE 35 40 3
RECIEVED 1553584398 TRANSACTION 81 40 3
UPDATE 1553584398 TRANSACTION bd17be299693f7774830a3d8087991a5
SEND 1553584398 TRANSACTION 81 15013 bd17be299693f7774830a3d8087991a5
SEND 1553584398 TRANSACTION 81 11828 bd17be299693f7774830a3d8087991a5
SEND 1553584398 TRANSACTION 81 14729 bd17be299693f7774830a3d8087991a5
SEND 1553584398 TRANSACTION 81 20088 bd17be299693f7774830a3d8087991a5
SEND 1553584398 TRANSACTION 81 13589 bd17be299693f7774830a3d8087991a5
SEND 1553584398 TRANSACTION 81 18884 bd17be299693f7774830a3d8087991a5
SEND 1553584398 TRANSACTION 81 24546 bd17be299693f7774830a3d8087991a5
SEND 1553584398 TRANSACTION 81 16141 bd17be299693f7774830a3d8087991a5
SEND 1553584398 TRANSACTION 81 14846 bd17be299693f7774830a3d8087991a5
SEND 1553584398 TRANSACTION 81 15759 bd17be299693f7774830a3d8087991a5
SEND 1553584398 TRANSACTION 81 11801 bd17be299693f7774830a3d8087991a5
SEND 1553584398 TRANSACTION 81 11244 bd17be299693f7774830a3d8087991a5
RECIEVED 1553584398 INTRODUCE 36 40 4
RECIEVED 1553584398 INTRODUCE 36 40 4
RECIEVED 1553584398 JOIN 31 40 4
RECIEVED 1553584398 INTRODUCE 35 40 4
RECIEVED 1553584398 INTRODUCE 36 40 4
RECIEVED 1553584398 INTRODUCE 36 40 4
RECIEVED 1553584398 INTRODUCE 37 40 4
RECIEVED 1553584398 INTRODUCE 37 40 4
RECIEVED 1553584398 INTRODUCE 36 40 4
RECIEVED 1553584398 INTRODUCE 36 40 4
RECIEVED 1553584398 INTRODUCE 37 40 4
RECIEVED 1553584398 INTRODUCE 37 40 4
RECIEVED 1553584398 INTRODUCE 36 40 4
RECIEVED 1553584398 INTRODUCE 36 40 4
RECIEVED 1553584398 INTRODUCE 36 40 4
RECIEVED 1553584398 INTRODUCE 37 40 4
RECIEVED 1553584398 INTRODUCE 36 40 4
RECIEVED 1553584398 TRANSACTION 81 40 4
RECIEVED 1553584398 INTRODUCE 36 40 4
RECIEVED 1553584398 INTRODUCE 36 40 4
RECIEVED 1553584398 INTRODUCE 36 40 4
RECIEVED 1553584398 INTRODUCE 37 40 4
RECIEVED 1553584398 INTRODUCE 36 40 4
RECIEVED 1553584398 INTRODUCE 36 40 4
RECIEVED 1553584398 INTRODUCE 36 40 4
RECIEVED 1553584398 INTRODUCE 37 40 4
RECIEVED 1553584398 INTRODUCE 37 40 4
RECIEVED 1553584398 TRANSACTION 80 40 4
UPDATE 1553584398 TRANSACTION 237d4725adf047a1ba9022223390c62a
SEND 1553584398 TRANSACTION 80 30188 237d4725adf047a1ba9022223390c62a
SEND 1553584398 TRANSACTION 80 11342 237d4725adf047a1ba9022223390c62a
SEND 1553584398 TRANSACTION 80 36395 237d4725adf047a1ba9022223390c62a
SEND 1553584398 TRANSACTION 80 11455 237d4725adf047a1ba9022223390c62a
SEND 1553584398 TRANSACTION 80 15781 237d4725adf047a1ba9022223390c62a
SEND 1553584398 TRANSACTION 80 14617 237d4725adf047a1ba9022223390c62a
SEND 1553584398 TRANSACTION 80 20001 237d4725adf047a1ba9022223390c62a
SEND 1553584398 TRANSACTION 80 28637 237d4725adf047a1ba9022223390c62a
SEND 1553584398 TRANSACTION 80 29018 237d4725adf047a1ba9022223390c62a
SEND 1553584398 TRANSACTION 80 12410 237d4725adf047a1ba9022223390c62a
SEND 1553584398 TRANSACTION 80 21217 237d4725adf047a1ba9022223390c62a
SEND 1553584398 TRANSACTION 80 31037 237d4725adf047a1ba9022223390c62a
SEND 1553584398 TRANSACTION 80 26804 237d4725adf047a1ba9022223390c62a
RECIEVED 1553584398 INTRODUCE 37 40 5
RECIEVED 1553584398 INTRODUCE 36 40 5
RECIEVED 1553584398 INTRODUCE 36 40 5
RECIEVED 1553584398 INTRODUCE 37 40 5
RECIEVED 1553584398 INTRODUCE 37 40 5
RECIEVED 1553584398 TRANSACTION 80 40 5
RECIEVED 1553584398 INTRODUCE 37 40 5
SEND 1553584398 INTRODUCE 37 14102
SEND 1553584398 INTRODUCE 37 13556
SEND 1553584398 INTRODUCE 37 11728
SEND 1553584398 INTRODUCE 37 37365
# recieved string JOIN node1 172.22.156.208 8001

SEND 1553584398 INTRODUCE 37 17241
SEND 1553584398 INTRODUCE 37 11816
SEND 1553584398 INTRODUCE 37 10434
SEND 1553584398 INTRODUCE 37 15082
SEND 1553584398 INTRODUCE 37 14360
SEND 1553584398 INTRODUCE 37 10700
SEND 1553584398 INTRODUCE 37 19722
SEND 1553584398 INTRODUCE 37 21939
SEND 1553584398 INTRODUCE 37 15387
SEND 1553584398 INTRODUCE 37 15808
SEND 1553584398 INTRODUCE 37 11475
SEND 1553584398 INTRODUCE 37 14689
SEND 1553584398 INTRODUCE 37 12433
SEND 1553584398 INTRODUCE 37 39037
SEND 1553584398 INTRODUCE 37 11113
SEND 1553584398 INTRODUCE 37 11559
SEND 1553584398 INTRODUCE 37 28164
SEND 1553584398 INTRODUCE 37 22032
SEND 1553584398 INTRODUCE 37 40785
SEND 1553584398 INTRODUCE 37 11433
SEND 1553584398 INTRODUCE 37 17468
SEND 1553584398 INTRODUCE 37 15605
SEND 1553584398 INTRODUCE 37 14158
SEND 1553584398 INTRODUCE 37 11087
SEND 1553584398 INTRODUCE 37 23057
SEND 1553584398 INTRODUCE 37 25113
SEND 1553584398 INTRODUCE 37 17020
SEND 1553584398 INTRODUCE 37 15938
SEND 1553584398 INTRODUCE 37 15374
SEND 1553584398 INTRODUCE 37 52434
SEND 1553584398 INTRODUCE 37 15608
SEND 1553584398 INTRODUCE 37 15202
SEND 1553584398 INTRODUCE 37 15483
SEND 1553584398 INTRODUCE 37 11372
SEND 1553584398 INTRODUCE 37 11606
SEND 1553584398 INTRODUCE 37 15542
SEND 1553584398 JOIN 31 15897
RECIEVED 1553584398 INTRODUCE 37 41 5
RECIEVED 1553584398 JOIN 31 41 5
RECIEVED 1553584398 INTRODUCE 37 41 5
RECIEVED 1553584398 INTRODUCE 37 41 5
RECIEVED 1553584398 INTRODUCE 36 41 5
RECIEVED 1553584398 TRANSACTION 80 41 5
RECIEVED 1553584398 INTRODUCE 37 41 5
RECIEVED 1553584398 INTRODUCE 37 41 5
RECIEVED 1553584398 INTRODUCE 36 41 5
RECIEVED 1553584398 INTRODUCE 36 41 5
RECIEVED 1553584398 INTRODUCE 36 41 5
RECIEVED 1553584398 INTRODUCE 37 41 5
RECIEVED 1553584398 INTRODUCE 35 41 5
RECIEVED 1553584398 INTRODUCE 36 41 5
RECIEVED 1553584398 INTRODUCE 35 41 5
RECIEVED 1553584398 INTRODUCE 35 41 5
# Failed listening 
%!(EXTRA string=node1)# ERROR: read tcp 172.22.156.206:35564->172.22.156.206:8001: read: connection reset by peer
RECIEVED 1553584398 INTRODUCE 37 41 5
RECIEVED 1553584398 INTRODUCE 37 41 5
RECIEVED 1553584398 INTRODUCE 36 41 5
RECIEVED 1553584398 INTRODUCE 35 41 5
RECIEVED 1553584398 INTRODUCE 37 41 5
RECIEVED 1553584398 INTRODUCE 37 41 5
RECIEVED 1553584398 INTRODUCE 37 41 5
RECIEVED 1553584398 INTRODUCE 37 41 5
RECIEVED 1553584398 INTRODUCE 36 41 5
RECIEVED 1553584398 INTRODUCE 37 41 5
RECIEVED 1553584398 INTRODUCE 36 41 5
RECIEVED 1553584398 INTRODUCE 36 41 5
RECIEVED 1553584398 INTRODUCE 36 41 5
RECIEVED 1553584398 INTRODUCE 37 41 5
RECIEVED 1553584398 INTRODUCE 36 41 5
RECIEVED 1553584398 INTRODUCE 36 41 5
RECIEVED 1553584398 INTRODUCE 36 41 5
RECIEVED 1553584398 INTRODUCE 35 41 5
# Failed listening 
%!(EXTRA string=node2)# ERROR: read tcp 172.22.156.206:41302->172.22.156.206:8002: read: connection reset by peer
RECIEVED 1553584398 INTRODUCE 36 41 5
# recieved string JOIN node8 172.22.156.208 8008

RECIEVED 1553584398 JOIN 31 41 5
SEND 1553584398 INTRODUCE 35 15715
SEND 1553584398 INTRODUCE 36 10479
SEND 1553584398 INTRODUCE 36 13590
SEND 1553584398 INTRODUCE 35 11691
SEND 1553584398 INTRODUCE 36 10428
SEND 1553584398 INTRODUCE 36 14020
SEND 1553584398 INTRODUCE 36 11242
SEND 1553584398 INTRODUCE 36 13268
SEND 1553584398 INTRODUCE 35 15147
SEND 1553584398 INTRODUCE 36 13419
SEND 1553584398 INTRODUCE 36 9947
SEND 1553584398 INTRODUCE 36 9465
SEND 1553584398 INTRODUCE 36 10451
SEND 1553584398 INTRODUCE 36 10055
SEND 1553584398 INTRODUCE 36 18720
SEND 1553584398 INTRODUCE 36 8757
SEND 1553584398 INTRODUCE 37 9795
SEND 1553584398 INTRODUCE 37 9704
SEND 1553584398 INTRODUCE 35 14953
SEND 1553584398 INTRODUCE 37 10078
SEND 1553584398 INTRODUCE 35 10133
SEND 1553584398 INTRODUCE 36 15020
SEND 1553584398 INTRODUCE 36 10351
SEND 1553584398 INTRODUCE 37 10438
SEND 1553584398 INTRODUCE 36 10051
SEND 1553584398 INTRODUCE 36 14615
SEND 1553584398 INTRODUCE 36 11306
SEND 1553584398 INTRODUCE 37 9879
SEND 1553584398 INTRODUCE 37 10244
SEND 1553584398 INTRODUCE 35 10037
SEND 1553584398 INTRODUCE 37 10078
SEND 1553584398 INTRODUCE 35 14923
SEND 1553584398 INTRODUCE 35 10183
SEND 1553584398 INTRODUCE 35 17062
SEND 1553584398 INTRODUCE 36 9934
SEND 1553584398 INTRODUCE 36 9310
SEND 1553584398 INTRODUCE 36 10352
SEND 1553584398 INTRODUCE 36 14875
SEND 1553584398 INTRODUCE 35 14073
SEND 1553584398 INTRODUCE 37 13717
SEND 1553584398 INTRODUCE 36 9482
RECIEVED 1553584398 INTRODUCE 37 42 5
RECIEVED 1553584398 INTRODUCE 36 42 5
RECIEVED 1553584398 INTRODUCE 36 42 5
RECIEVED 1553584398 INTRODUCE 36 42 5
RECIEVED 1553584398 INTRODUCE 36 42 5
RECIEVED 1553584398 INTRODUCE 35 42 5
RECIEVED 1553584398 TRANSACTION 80 42 5
RECIEVED 1553584398 INTRODUCE 36 42 5
# recieved string JOIN node9 172.22.156.208 8009

RECIEVED 1553584398 JOIN 31 42 5
SEND 1553584398 INTRODUCE 35 10261
SEND 1553584398 INTRODUCE 36 32419
SEND 1553584398 INTRODUCE 37 18370
SEND 1553584398 INTRODUCE 37 10376
SEND 1553584398 INTRODUCE 37 9640
SEND 1553584398 INTRODUCE 36 10630
SEND 1553584398 INTRODUCE 36 15555
SEND 1553584398 INTRODUCE 36 10322
SEND 1553584398 INTRODUCE 37 10187
SEND 1553584398 INTRODUCE 35 9648
SEND 1553584398 INTRODUCE 36 10177
SEND 1553584398 INTRODUCE 36 15128
SEND 1553584398 INTRODUCE 35 9679
SEND 1553584398 INTRODUCE 35 15113
SEND 1553584398 INTRODUCE 35 10185
SEND 1553584398 INTRODUCE 36 10243
SEND 1553584398 INTRODUCE 37 9672
SEND 1553584398 INTRODUCE 37 10612
SEND 1553584398 INTRODUCE 35 10243
SEND 1553584398 INTRODUCE 37 10145
SEND 1553584398 INTRODUCE 36 26538
SEND 1553584398 INTRODUCE 36 10661
SEND 1553584398 INTRODUCE 36 10322
SEND 1553584398 INTRODUCE 36 10612
SEND 1553584398 INTRODUCE 35 10316
SEND 1553584398 INTRODUCE 37 10467
SEND 1553584398 INTRODUCE 36 15805
SEND 1553584398 INTRODUCE 35 14666
SEND 1553584398 INTRODUCE 36 9931
SEND 1553584398 INTRODUCE 36 10379
SEND 1553584398 INTRODUCE 36 11409
SEND 1553584398 INTRODUCE 35 11086
SEND 1553584398 INTRODUCE 36 14624
SEND 1553584398 INTRODUCE 36 36995
SEND 1553584398 INTRODUCE 36 10619
SEND 1553584398 INTRODUCE 36 10748
SEND 1553584398 INTRODUCE 35 10200
SEND 1553584398 INTRODUCE 36 10161
SEND 1553584398 INTRODUCE 36 10443
SEND 1553584398 INTRODUCE 36 10414
SEND 1553584398 INTRODUCE 36 31299
SEND 1553584398 INTRODUCE 36 9416
RECIEVED 1553584398 INTRODUCE 36 43 5
RECIEVED 1553584398 INTRODUCE 36 43 5
RECIEVED 1553584398 INTRODUCE 37 43 5
RECIEVED 1553584398 INTRODUCE 36 43 5
RECIEVED 1553584398 INTRODUCE 37 43 5
RECIEVED 1553584398 INTRODUCE 36 43 5
RECIEVED 1553584398 INTRODUCE 36 43 5
RECIEVED 1553584398 INTRODUCE 36 43 5
RECIEVED 1553584398 INTRODUCE 36 43 5
RECIEVED 1553584398 INTRODUCE 37 43 5
RECIEVED 1553584398 INTRODUCE 35 43 5
# Failed listening 
%!(EXTRA string=node13)# ERROR: read tcp 172.22.156.206:39172->172.22.94.217:8013: read: connection reset by peer
RECIEVED 1553584398 INTRODUCE 36 43 5
RECIEVED 1553584398 INTRODUCE 36 43 5
RECIEVED 1553584398 INTRODUCE 36 43 5
RECIEVED 1553584398 TRANSACTION 81 43 5
RECIEVED 1553584398 INTRODUCE 36 43 5
# Failed listening 
%!(EXTRA string=node5)# ERROR: read tcp 172.22.156.206:40226->172.22.156.206:8005: read: connection reset by peer
RECIEVED 1553584398 INTRODUCE 36 43 5
# Failed listening 
%!(EXTRA string=node5)# ERROR: read tcp 172.22.156.206:47632->172.22.94.217:8005: read: connection reset by peer
RECIEVED 1553584398 INTRODUCE 37 43 5
RECIEVED 1553584398 INTRODUCE 35 43 5
RECIEVED 1553584398 INTRODUCE 37 43 5
# recieved string JOIN node12 172.22.156.208 8012

RECIEVED 1553584398 JOIN 32 43 5
SEND 1553584398 INTRODUCE 36 11377
SEND 1553584398 INTRODUCE 36 9276
SEND 1553584398 INTRODUCE 36 11253
SEND 1553584398 INTRODUCE 36 10383
SEND 1553584398 INTRODUCE 35 10293
# Failed listening 
%!(EXTRA string=node8)# ERROR: read tcp 172.22.156.206:40918->172.22.156.206:8008: read: connection reset by peer
SEND 1553584398 INTRODUCE 36 10740
SEND 1553584398 INTRODUCE 37 8824
SEND 1553584398 INTRODUCE 37 9668
SEND 1553584398 INTRODUCE 37 9436
SEND 1553584398 INTRODUCE 36 8503
SEND 1553584398 INTRODUCE 36 35241
SEND 1553584398 INTRODUCE 36 14223
SEND 1553584398 INTRODUCE 37 16235
SEND 1553584398 INTRODUCE 35 8660
SEND 1553584398 INTRODUCE 36 18206
SEND 1553584398 INTRODUCE 36 9620
SEND 1553584398 INTRODUCE 35 9452
SEND 1553584398 INTRODUCE 35 10522
SEND 1553584398 INTRODUCE 35 9800
SEND 1553584398 INTRODUCE 36 9432
SEND 1553584398 INTRODUCE 37 9181
SEND 1553584398 INTRODUCE 37 18246
SEND 1553584398 INTRODUCE 35 13713
SEND 1553584398 INTRODUCE 37 15975
SEND 1553584398 INTRODUCE 36 36083
SEND 1553584398 INTRODUCE 36 15183
SEND 1553584398 INTRODUCE 36 8930
SEND 1553584398 INTRODUCE 36 13364
SEND 1553584398 INTRODUCE 35 10564
SEND 1553584398 INTRODUCE 37 10407
SEND 1553584398 INTRODUCE 36 9612
SEND 1553584398 INTRODUCE 35 61169
SEND 1553584398 INTRODUCE 36 9528
SEND 1553584398 INTRODUCE 36 8959
SEND 1553584398 INTRODUCE 36 32378
SEND 1553584398 INTRODUCE 35 10154
SEND 1553584398 INTRODUCE 36 20580
SEND 1553584398 INTRODUCE 36 45553
SEND 1553584398 INTRODUCE 36 14703
SEND 1553584398 INTRODUCE 36 13742
SEND 1553584398 INTRODUCE 35 9382
SEND 1553584398 INTRODUCE 36 10719
SEND 1553584398 INTRODUCE 36 14494
RECIEVED 1553584398 INTRODUCE 36 44 5
RECIEVED 1553584398 INTRODUCE 36 44 5
RECIEVED 1553584398 INTRODUCE 36 44 5
RECIEVED 1553584398 INTRODUCE 36 44 5
RECIEVED 1553584398 INTRODUCE 37 44 5
RECIEVED 1553584398 INTRODUCE 36 44 5
RECIEVED 1553584398 INTRODUCE 35 44 5
RECIEVED 1553584398 INTRODUCE 36 44 5
RECIEVED 1553584398 INTRODUCE 36 44 5
RECIEVED 1553584398 INTRODUCE 37 44 5
RECIEVED 1553584398 INTRODUCE 36 44 5
RECIEVED 1553584398 INTRODUCE 36 44 5
RECIEVED 1553584398 INTRODUCE 36 44 5
RECIEVED 1553584398 INTRODUCE 36 44 5
RECIEVED 1553584398 INTRODUCE 36 44 5
RECIEVED 1553584398 INTRODUCE 37 44 5
RECIEVED 1553584398 INTRODUCE 36 44 5
RECIEVED 1553584398 INTRODUCE 35 44 5
RECIEVED 1553584398 INTRODUCE 36 44 5
RECIEVED 1553584398 INTRODUCE 36 44 5
RECIEVED 1553584398 INTRODUCE 36 44 5
# recieved string JOIN node18 172.22.156.206 8018

RECIEVED 1553584399 JOIN 32 44 5
SEND 1553584399 INTRODUCE 36 15982
SEND 1553584399 INTRODUCE 35 12799
SEND 1553584399 INTRODUCE 36 19120
SEND 1553584399 INTRODUCE 36 12024
SEND 1553584399 INTRODUCE 36 12066
SEND 1553584399 INTRODUCE 36 13143
SEND 1553584399 INTRODUCE 36 13787
SEND 1553584399 INTRODUCE 36 12656
SEND 1553584399 INTRODUCE 35 18782
SEND 1553584399 INTRODUCE 36 18995
SEND 1553584399 INTRODUCE 37 18627
SEND 1553584399 INTRODUCE 37 13273
SEND 1553584399 INTRODUCE 36 40576
SEND 1553584399 INTRODUCE 37 18882
SEND 1553584399 INTRODUCE 36 13342
SEND 1553584399 INTRODUCE 36 20916
SEND 1553584399 INTRODUCE 36 10323
SEND 1553584399 INTRODUCE 37 35652
SEND 1553584399 INTRODUCE 35 9664
SEND 1553584399 INTRODUCE 36 15941
SEND 1553584399 INTRODUCE 37 18520
SEND 1553584399 INTRODUCE 37 15646
SEND 1553584399 INTRODUCE 35 10755
SEND 1553584399 INTRODUCE 35 9856
SEND 1553584399 INTRODUCE 35 11647
SEND 1553584399 INTRODUCE 36 10731
SEND 1553584399 INTRODUCE 37 11398
SEND 1553584399 INTRODUCE 37 11613
SEND 1553584399 INTRODUCE 35 11177
SEND 1553584399 INTRODUCE 36 9560
SEND 1553584399 INTRODUCE 36 9221
SEND 1553584399 INTRODUCE 36 17060
SEND 1553584399 INTRODUCE 36 49165
SEND 1553584399 INTRODUCE 35 9624
SEND 1553584399 INTRODUCE 37 16499
SEND 1553584399 INTRODUCE 36 15740
# recieved string JOIN node10 172.22.156.208 8010

SEND 1553584399 INTRODUCE 35 11616
SEND 1553584399 INTRODUCE 36 11384
SEND 1553584399 INTRODUCE 36 16380
# recieved string JOIN node19 172.22.94.217 8019

# Failed listening 
%!(EXTRA string=node12)# ERROR: read tcp 172.22.156.206:46958->172.22.94.217:8012: read: connection reset by peer
SEND 1553584399 INTRODUCE 36 10865
SEND 1553584399 INTRODUCE 36 14593
SEND 1553584399 INTRODUCE 35 9362
SEND 1553584399 INTRODUCE 36 49317
SEND 1553584399 INTRODUCE 36 10551
RECIEVED 1553584399 INTRODUCE 36 45 5
RECIEVED 1553584399 INTRODUCE 35 45 5
RECIEVED 1553584399 INTRODUCE 36 45 5
RECIEVED 1553584399 INTRODUCE 36 45 5
RECIEVED 1553584399 INTRODUCE 36 45 5
RECIEVED 1553584399 INTRODUCE 36 45 5
RECIEVED 1553584399 INTRODUCE 36 45 5
RECIEVED 1553584399 TRANSACTION 82 45 5
UPDATE 1553584399 TRANSACTION 10c559047e16f9489d8a0b01f238a006
SEND 1553584399 TRANSACTION 82 15137 10c559047e16f9489d8a0b01f238a006
# Failed sending to node node1
# ERROR: write tcp 172.22.156.206:35564->172.22.156.206:8001: write: broken pipe
# Could not send message to node1
SEND 1553584399 TRANSACTION 82 10928 10c559047e16f9489d8a0b01f238a006
SEND 1553584399 TRANSACTION 82 15884 10c559047e16f9489d8a0b01f238a006
SEND 1553584399 TRANSACTION 82 42303 10c559047e16f9489d8a0b01f238a006
SEND 1553584399 TRANSACTION 82 19583 10c559047e16f9489d8a0b01f238a006
# Failed sending to node node5
# ERROR: write tcp 172.22.156.206:47632->172.22.94.217:8005: write: broken pipe
# Could not send message to node5
# Failed sending to node node12
# ERROR: write tcp 172.22.156.206:46958->172.22.94.217:8012: write: broken pipe
# Could not send message to node12
SEND 1553584399 TRANSACTION 82 16543 10c559047e16f9489d8a0b01f238a006
SEND 1553584399 TRANSACTION 82 10698 10c559047e16f9489d8a0b01f238a006
SEND 1553584399 TRANSACTION 82 15150 10c559047e16f9489d8a0b01f238a006
SEND 1553584399 TRANSACTION 82 16664 10c559047e16f9489d8a0b01f238a006
SEND 1553584399 TRANSACTION 82 13973 10c559047e16f9489d8a0b01f238a006
SEND 1553584399 TRANSACTION 82 10345 10c559047e16f9489d8a0b01f238a006
SEND 1553584399 TRANSACTION 82 14340 10c559047e16f9489d8a0b01f238a006
SEND 1553584399 TRANSACTION 82 16540 10c559047e16f9489d8a0b01f238a006
SEND 1553584399 TRANSACTION 82 10583 10c559047e16f9489d8a0b01f238a006
SEND 1553584399 TRANSACTION 82 13958 10c559047e16f9489d8a0b01f238a006
# Failed sending to node node2
# ERROR: write tcp 172.22.156.206:41302->172.22.156.206:8002: write: broken pipe
# Could not send message to node2
SEND 1553584399 TRANSACTION 82 10903 10c559047e16f9489d8a0b01f238a006
# Failed sending to node node13
# ERROR: write tcp 172.22.156.206:39172->172.22.94.217:8013: write: broken pipe
# Could not send message to node13
# Failed sending to node node5
# ERROR: write tcp 172.22.156.206:40226->172.22.156.206:8005: write: broken pipe
# Could not send message to node5
RECIEVED 1553584399 INTRODUCE 37 39 6
RECIEVED 1553584399 INTRODUCE 36 39 6
SEND 1553584399 INTRODUCE 36 11926
SEND 1553584399 INTRODUCE 36 10368
SEND 1553584399 INTRODUCE 36 18013
SEND 1553584399 INTRODUCE 36 11041
SEND 1553584399 INTRODUCE 36 10389
SEND 1553584399 INTRODUCE 36 9908
SEND 1553584399 INTRODUCE 36 18496
SEND 1553584399 INTRODUCE 36 10408
SEND 1553584399 INTRODUCE 36 10660
SEND 1553584399 INTRODUCE 36 13537
SEND 1553584399 INTRODUCE 36 14503
SEND 1553584399 INTRODUCE 36 16626
SEND 1553584399 INTRODUCE 36 11704
SEND 1553584399 INTRODUCE 36 17682
SEND 1553584399 INTRODUCE 36 16426
SEND 1553584399 INTRODUCE 36 16548
SEND 1553584399 INTRODUCE 36 14651
SEND 1553584399 INTRODUCE 36 15561
SEND 1553584399 INTRODUCE 36 9673
SEND 1553584399 INTRODUCE 36 15408
SEND 1553584399 INTRODUCE 36 16251
SEND 1553584399 INTRODUCE 36 22361
SEND 1553584399 INTRODUCE 36 22393
SEND 1553584399 INTRODUCE 36 11395
SEND 1553584399 INTRODUCE 36 51296
SEND 1553584399 INTRODUCE 36 11219
SEND 1553584399 INTRODUCE 36 11861
SEND 1553584399 INTRODUCE 36 11351
SEND 1553584399 INTRODUCE 36 14563
SEND 1553584399 INTRODUCE 36 12222
SEND 1553584399 INTRODUCE 36 11298
# recieved string JOIN node16 172.22.94.217 8016

# Failed sending to node node8
# ERROR: write tcp 172.22.156.206:40918->172.22.156.206:8008: write: broken pipe
SEND 1553584399 INTRODUCE 36 15269
SEND 1553584399 INTRODUCE 36 14178
SEND 1553584399 INTRODUCE 36 52633
SEND 1553584399 INTRODUCE 36 11438
SEND 1553584399 INTRODUCE 36 14754
SEND 1553584399 INTRODUCE 36 51150
SEND 1553584399 INTRODUCE 36 13400
SEND 1553584399 JOIN 31 16335
RECIEVED 1553584399 INTRODUCE 36 40 6
RECIEVED 1553584399 INTRODUCE 36 40 6
RECIEVED 1553584399 INTRODUCE 36 40 6
RECIEVED 1553584399 INTRODUCE 36 40 6
# recieved string JOIN node17 172.22.156.206 8017

SEND 1553584399 INTRODUCE 36 18102
SEND 1553584399 INTRODUCE 36 12799
SEND 1553584399 INTRODUCE 36 15786
SEND 1553584399 INTRODUCE 36 16326
SEND 1553584399 INTRODUCE 36 14907
SEND 1553584399 INTRODUCE 36 12680
SEND 1553584399 INTRODUCE 36 14348
SEND 1553584399 INTRODUCE 36 14405
SEND 1553584399 INTRODUCE 36 13557
SEND 1553584399 INTRODUCE 36 15996
SEND 1553584399 INTRODUCE 36 15712
SEND 1553584399 INTRODUCE 36 15120
SEND 1553584399 INTRODUCE 36 38987
SEND 1553584399 INTRODUCE 36 20723
SEND 1553584399 INTRODUCE 36 11259
SEND 1553584399 INTRODUCE 36 12737
SEND 1553584399 INTRODUCE 36 11226
SEND 1553584399 INTRODUCE 36 10220
SEND 1553584399 INTRODUCE 36 15487
SEND 1553584399 INTRODUCE 36 10163
SEND 1553584399 INTRODUCE 36 10646
# Failed sending to node node8
# ERROR: write tcp 172.22.156.206:40918->172.22.156.206:8008: write: broken pipe
# recieved string JOIN node17 172.22.94.217 8017

# recieved string JOIN node11 172.22.156.208 8011

# recieved string JOIN node14 172.22.156.208 8014

# recieved string JOIN node16 172.22.156.208 8016

# Failed listening 
%!(EXTRA string=node4)# ERROR: read tcp 172.22.156.206:51156->172.22.94.217:8004: read: connection reset by peer
# recieved string JOIN node18 172.22.94.217 8018

# recieved string JOIN node13 172.22.156.208 8013

# recieved string JOIN node17 172.22.156.208 8017

# recieved string JOIN node19 172.22.156.208 8019

# recieved string JOIN node18 172.22.156.208 8018

# recieved string JOIN node15 172.22.156.208 8015

# Failed listening 
%!(EXTRA string=node14)# ERROR: read tcp 172.22.156.206:42610->172.22.156.206:8014: read: connection reset by peer
