RECIEVED 1553584401 INTRODUCE 169 0 0
SEND 1553584401 JOIN 164 38245
RECIEVED 1553584403 HB 139 1 0
SEND 1553584403 PING 262 80661
RECIEVED 1553584403 HB 139 1 0
SEND 1553584403 PING 262 56343
RECIEVED 1553584404 HB 139 1 0
SEND 1553584404 PING 262 66089
RECIEVED 1553584405 HB 139 1 0
SEND 1553584405 PING 262 59895
RECIEVED 1553584406 HB 139 1 0
SEND 1553584406 PING 262 65035
RECIEVED 1553584407 HB 139 1 0
SEND 1553584407 PING 262 66522
RECIEVED 1553584408 HB 139 1 0
SEND 1553584408 PING 262 58102
RECIEVED 1553584409 HB 139 1 0
SEND 1553584409 PING 262 59843
RECIEVED 1553584410 HB 139 1 0
SEND 1553584410 PING 262 66393
RECIEVED 1553584411 HB 139 1 0
SEND 1553584411 PING 262 65010
RECIEVED 1553584412 HB 139 1 0
SEND 1553584412 PING 262 64467
RECIEVED 1553584413 HB 139 1 0
SEND 1553584413 PING 262 61679
RECIEVED 1553584414 HB 139 1 0
SEND 1553584414 PING 262 61692
RECIEVED 1553584415 HB 139 1 0
SEND 1553584415 PING 262 67314
RECIEVED 1553584416 HB 139 1 0
SEND 1553584416 PING 262 61057
RECIEVED 1553584417 HB 139 1 0
SEND 1553584417 PING 262 59343
RECIEVED 1553584418 HB 139 1 0
SEND 1553584418 PING 262 59711
RECIEVED 1553584419 HB 139 1 0
SEND 1553584419 PING 262 63524
RECIEVED 1553584420 HB 139 1 0
SEND 1553584420 PING 262 60923
RECIEVED 1553584421 HB 139 1 0
SEND 1553584421 PING 262 57229
RECIEVED 1553584422 HB 139 1 0
SEND 1553584422 PING 262 59628
RECIEVED 1553584423 HB 139 1 0
SEND 1553584423 PING 262 66779
RECIEVED 1553584424 HB 139 1 0
SEND 1553584424 PING 262 61931
RECIEVED 1553584425 HB 139 1 0
SEND 1553584425 PING 262 65260
RECIEVED 1553584426 HB 139 1 0
SEND 1553584426 PING 262 76601
RECIEVED 1553584427 HB 139 1 0
SEND 1553584427 PING 262 62427
RECIEVED 1553584428 HB 139 1 0
SEND 1553584428 PING 262 53031
RECIEVED 1553584429 HB 139 1 0
SEND 1553584429 PING 262 73808
RECIEVED 1553584430 HB 139 1 0
SEND 1553584430 PING 262 71687
RECIEVED 1553584431 HB 139 1 0
SEND 1553584431 PING 262 70769
RECIEVED 1553584432 HB 139 1 0
SEND 1553584432 PING 262 58921
RECIEVED 1553584433 HB 139 1 0
SEND 1553584433 PING 262 67943
RECIEVED 1553584434 HB 139 1 0
SEND 1553584434 PING 262 68733
RECIEVED 1553584435 HB 139 1 0
SEND 1553584435 PING 262 52163
RECIEVED 1553584436 HB 139 1 0
SEND 1553584436 PING 262 61445
RECIEVED 1553584437 HB 139 1 0
SEND 1553584437 PING 262 60069
RECIEVED 1553584438 HB 139 1 0
SEND 1553584438 PING 262 44562
RECIEVED 1553584439 HB 139 1 0
SEND 1553584439 PING 262 60362
RECIEVED 1553584440 HB 139 1 0
SEND 1553584440 PING 262 49088
RECIEVED 1553584441 HB 139 1 0
SEND 1553584441 PING 262 64402
RECIEVED 1553584442 HB 139 1 0
SEND 1553584442 PING 262 48725
RECIEVED 1553584443 HB 139 1 0
SEND 1553584443 PING 262 57084
RECIEVED 1553584444 HB 139 1 0
SEND 1553584444 PING 262 64940
RECIEVED 1553584445 HB 139 1 0
SEND 1553584445 PING 262 53982
RECIEVED 1553584446 HB 139 1 0
SEND 1553584446 PING 262 66906
RECIEVED 1553584447 HB 139 1 0
SEND 1553584447 PING 262 57126
RECIEVED 1553584448 HB 139 1 0
SEND 1553584448 PING 262 65424
RECIEVED 1553584449 HB 139 1 0
SEND 1553584449 PING 262 68157
RECIEVED 1553584450 HB 139 1 0
SEND 1553584450 PING 262 55819
RECIEVED 1553584452 HB 139 1 0
SEND 1553584452 PING 262 44656
RECIEVED 1553584453 HB 139 1 0
SEND 1553584453 PING 262 63855
RECIEVED 1553584454 HB 139 1 0
SEND 1553584454 PING 262 62342
RECIEVED 1553584455 HB 139 1 0
SEND 1553584455 PING 262 57455
RECIEVED 1553584456 HB 139 1 0
SEND 1553584456 PING 262 69885
RECIEVED 1553584457 HB 139 1 0
SEND 1553584457 PING 262 45408
RECIEVED 1553584458 HB 139 1 0
SEND 1553584458 PING 262 49111
RECIEVED 1553584459 HB 139 1 0
SEND 1553584459 PING 262 49847
RECIEVED 1553584460 HB 139 1 0
SEND 1553584460 PING 262 44076
RECIEVED 1553584461 HB 139 1 0
SEND 1553584461 PING 262 61758
RECIEVED 1553584462 HB 139 1 0
SEND 1553584462 PING 262 45837
RECIEVED 1553584463 HB 139 1 0
SEND 1553584463 PING 262 46043
RECIEVED 1553584464 HB 139 1 0
SEND 1553584464 PING 262 46935
RECIEVED 1553584465 HB 139 1 0
SEND 1553584465 PING 262 48996
RECIEVED 1553584466 HB 139 1 0
SEND 1553584466 PING 262 45940
RECIEVED 1553584467 HB 139 1 0
SEND 1553584467 PING 262 48894
RECIEVED 1553584468 HB 139 1 0
SEND 1553584468 PING 262 55711
RECIEVED 1553584469 HB 139 1 0
SEND 1553584469 PING 262 62937
RECIEVED 1553584470 TRANSACTION 209 1 0
UPDATE 1553584470 TRANSACTION 4bf9f3ebc0b4e8abdfbe4be0d7170504
SEND 1553584470 TRANSACTION 209 35602
RECIEVED 1553584470 HB 139 1 1
SEND 1553584470 PING 262 76877
RECIEVED 1553584471 HB 139 1 1
SEND 1553584471 PING 262 47558
RECIEVED 1553584472 HB 139 1 1
SEND 1553584472 PING 262 55959
RECIEVED 1553584473 HB 139 1 1
SEND 1553584473 PING 262 62081
RECIEVED 1553584474 HB 139 1 1
SEND 1553584474 PING 262 60628
RECIEVED 1553584475 HB 139 1 1
SEND 1553584475 PING 262 58287
RECIEVED 1553584476 HB 139 1 1
SEND 1553584476 PING 262 73289
# Listen attempt 1.
# read tcp 172.22.156.207:34486->172.22.156.208:8019: read: connection reset by peer
# Listen attempt 2.
# read tcp 172.22.156.207:34486->172.22.156.208:8019: read: connection reset by peer
# Listen attempt 3.
# read tcp 172.22.156.207:34486->172.22.156.208:8019: read: connection reset by peer
# Could not recieve message properly
RECIEVED 1553584477 DIE 140 1 1
