RECIEVED 1553584395 INTRODUCE 36 0 0
SEND 1553584395 JOIN 31 13432
RECIEVED 1553584395 INTRODUCE 36 1 0
SEND 1553584395 INTRODUCE 36 27284
SEND 1553584395 JOIN 31 12778
RECIEVED 1553584395 INTRODUCE 36 2 0
# recieved string JOIN node0 172.22.156.206 8000

RECIEVED 1553584395 JOIN 31 2 0
SEND 1553584395 INTRODUCE 36 12725
SEND 1553584395 INTRODUCE 36 13038
RECIEVED 1553584395 INTRODUCE 36 3 0
# recieved string JOIN node4 172.22.156.206 8004

RECIEVED 1553584395 JOIN 31 3 0
SEND 1553584395 INTRODUCE 36 13285
SEND 1553584395 INTRODUCE 36 19595
SEND 1553584395 INTRODUCE 36 11729
# recieved string JOIN node7 172.22.156.206 8007

RECIEVED 1553584395 INTRODUCE 36 4 0
RECIEVED 1553584395 INTRODUCE 36 4 0
RECIEVED 1553584395 JOIN 31 4 0
SEND 1553584395 INTRODUCE 36 12941
SEND 1553584395 INTRODUCE 36 11850
SEND 1553584395 INTRODUCE 36 11771
SEND 1553584395 INTRODUCE 36 10176
RECIEVED 1553584395 INTRODUCE 36 5 0
RECIEVED 1553584395 INTRODUCE 36 5 0
RECIEVED 1553584395 INTRODUCE 36 5 0
# recieved string JOIN node2 172.22.156.206 8002

RECIEVED 1553584395 JOIN 31 5 0
SEND 1553584395 INTRODUCE 36 13525
SEND 1553584395 INTRODUCE 36 12847
SEND 1553584395 INTRODUCE 36 12824
SEND 1553584395 INTRODUCE 36 12433
SEND 1553584395 INTRODUCE 36 18415
RECIEVED 1553584395 INTRODUCE 36 6 0
# recieved string JOIN node5 172.22.156.206 8005

RECIEVED 1553584395 JOIN 31 6 0
SEND 1553584395 INTRODUCE 36 12203
SEND 1553584395 INTRODUCE 36 13900
SEND 1553584395 INTRODUCE 36 11919
# recieved string JOIN node8 172.22.156.206 8008

SEND 1553584395 INTRODUCE 36 10891
SEND 1553584395 INTRODUCE 36 11353
SEND 1553584395 INTRODUCE 36 17835
RECIEVED 1553584395 INTRODUCE 36 7 0
RECIEVED 1553584395 JOIN 31 7 0
SEND 1553584395 INTRODUCE 36 22274
SEND 1553584395 INTRODUCE 36 10900
SEND 1553584395 INTRODUCE 36 12014
SEND 1553584395 INTRODUCE 36 21360
SEND 1553584395 INTRODUCE 36 19700
SEND 1553584395 INTRODUCE 36 16436
SEND 1553584395 INTRODUCE 36 9788
RECIEVED 1553584395 INTRODUCE 36 8 0
RECIEVED 1553584395 INTRODUCE 36 8 0
RECIEVED 1553584395 INTRODUCE 36 8 0
RECIEVED 1553584395 INTRODUCE 36 8 0
RECIEVED 1553584395 INTRODUCE 36 8 0
RECIEVED 1553584395 INTRODUCE 36 8 0
RECIEVED 1553584395 INTRODUCE 36 8 0
RECIEVED 1553584395 INTRODUCE 36 8 0
# recieved string JOIN node9 172.22.156.206 8009

RECIEVED 1553584395 JOIN 31 8 0
SEND 1553584395 INTRODUCE 36 19159
SEND 1553584395 INTRODUCE 36 11235
SEND 1553584395 INTRODUCE 36 13247
SEND 1553584395 INTRODUCE 36 12860
SEND 1553584395 INTRODUCE 36 11332
SEND 1553584395 INTRODUCE 36 10026
SEND 1553584395 INTRODUCE 36 10557
SEND 1553584395 INTRODUCE 36 13572
RECIEVED 1553584395 INTRODUCE 36 9 0
RECIEVED 1553584395 INTRODUCE 36 9 0
RECIEVED 1553584395 INTRODUCE 36 9 0
RECIEVED 1553584395 INTRODUCE 36 9 0
RECIEVED 1553584395 INTRODUCE 36 9 0
RECIEVED 1553584395 INTRODUCE 36 9 0
RECIEVED 1553584395 INTRODUCE 36 9 0
RECIEVED 1553584395 INTRODUCE 36 9 0
RECIEVED 1553584395 INTRODUCE 36 9 0
RECIEVED 1553584395 INTRODUCE 36 9 0
RECIEVED 1553584395 INTRODUCE 36 9 0
RECIEVED 1553584395 INTRODUCE 36 9 0
RECIEVED 1553584395 INTRODUCE 36 9 0
# recieved string JOIN node10 172.22.156.206 8010

RECIEVED 1553584395 JOIN 32 9 0
SEND 1553584395 INTRODUCE 36 31506
SEND 1553584395 INTRODUCE 36 13093
SEND 1553584395 INTRODUCE 36 12899
SEND 1553584395 INTRODUCE 36 11799
SEND 1553584395 INTRODUCE 36 9119
SEND 1553584395 INTRODUCE 36 9541
SEND 1553584395 INTRODUCE 36 20099
SEND 1553584395 INTRODUCE 36 13713
SEND 1553584395 INTRODUCE 36 13915
RECIEVED 1553584395 INTRODUCE 36 10 0
RECIEVED 1553584395 INTRODUCE 36 10 0
RECIEVED 1553584395 INTRODUCE 36 10 0
RECIEVED 1553584395 INTRODUCE 36 10 0
RECIEVED 1553584395 INTRODUCE 36 10 0
RECIEVED 1553584395 INTRODUCE 36 10 0
RECIEVED 1553584395 INTRODUCE 36 10 0
# recieved string JOIN node11 172.22.156.206 8011

RECIEVED 1553584396 JOIN 32 10 0
SEND 1553584396 INTRODUCE 36 13847
SEND 1553584396 INTRODUCE 36 15691
SEND 1553584396 INTRODUCE 37 13199
SEND 1553584396 INTRODUCE 36 14112
SEND 1553584396 INTRODUCE 36 13708
SEND 1553584396 INTRODUCE 36 13340
SEND 1553584396 INTRODUCE 36 13936
SEND 1553584396 INTRODUCE 36 13762
SEND 1553584396 INTRODUCE 36 14864
SEND 1553584396 INTRODUCE 36 13921
# recieved string JOIN node12 172.22.156.206 8012

RECIEVED 1553584396 JOIN 32 11 0
SEND 1553584396 INTRODUCE 36 13551
SEND 1553584396 INTRODUCE 36 12916
SEND 1553584396 INTRODUCE 37 12042
SEND 1553584396 INTRODUCE 37 13632
SEND 1553584396 INTRODUCE 36 17219
SEND 1553584396 INTRODUCE 36 11390
SEND 1553584396 INTRODUCE 36 11560
SEND 1553584396 INTRODUCE 36 13046
SEND 1553584396 INTRODUCE 36 14331
SEND 1553584396 INTRODUCE 36 9228
SEND 1553584396 INTRODUCE 36 10292
RECIEVED 1553584396 INTRODUCE 36 12 0
RECIEVED 1553584396 INTRODUCE 36 12 0
RECIEVED 1553584396 INTRODUCE 36 12 0
RECIEVED 1553584396 INTRODUCE 37 12 0
RECIEVED 1553584396 INTRODUCE 36 12 0
RECIEVED 1553584396 INTRODUCE 37 12 0
RECIEVED 1553584396 INTRODUCE 36 12 0
# recieved string JOIN node0 172.22.94.217 8000

RECIEVED 1553584396 JOIN 30 12 0
SEND 1553584396 INTRODUCE 37 19929
SEND 1553584396 INTRODUCE 36 33969
SEND 1553584396 INTRODUCE 36 20676
SEND 1553584396 INTRODUCE 36 16006
SEND 1553584396 INTRODUCE 36 19968
SEND 1553584396 INTRODUCE 36 25419
SEND 1553584396 INTRODUCE 36 20082
SEND 1553584396 INTRODUCE 36 25958
SEND 1553584396 INTRODUCE 36 15655
SEND 1553584396 INTRODUCE 36 20745
SEND 1553584396 INTRODUCE 37 18242
SEND 1553584396 INTRODUCE 37 24549
RECIEVED 1553584396 INTRODUCE 37 13 0
RECIEVED 1553584396 INTRODUCE 36 13 0
# recieved string JOIN node2 172.22.94.217 8002

RECIEVED 1553584396 JOIN 30 13 0
SEND 1553584396 INTRODUCE 36 37307
SEND 1553584396 INTRODUCE 37 29120
SEND 1553584396 INTRODUCE 37 21248
SEND 1553584396 INTRODUCE 35 24511
SEND 1553584396 INTRODUCE 36 24919
SEND 1553584396 INTRODUCE 36 20407
# recieved string JOIN node5 172.22.94.217 8005

SEND 1553584396 INTRODUCE 36 23356
SEND 1553584396 INTRODUCE 36 27268
SEND 1553584396 INTRODUCE 36 21267
SEND 1553584396 INTRODUCE 36 21278
SEND 1553584396 INTRODUCE 37 23008
SEND 1553584396 INTRODUCE 36 21099
SEND 1553584396 INTRODUCE 36 21894
RECIEVED 1553584396 JOIN 30 14 0
SEND 1553584396 INTRODUCE 36 21645
SEND 1553584396 INTRODUCE 36 19671
SEND 1553584396 INTRODUCE 37 33280
SEND 1553584396 INTRODUCE 36 16420
SEND 1553584396 INTRODUCE 36 21547
SEND 1553584396 INTRODUCE 36 15079
SEND 1553584396 INTRODUCE 37 16412
SEND 1553584396 INTRODUCE 35 36262
SEND 1553584396 INTRODUCE 36 16820
SEND 1553584396 INTRODUCE 36 15475
SEND 1553584396 INTRODUCE 36 20726
SEND 1553584396 INTRODUCE 36 21694
# recieved string JOIN node6 172.22.94.217 8006

SEND 1553584396 INTRODUCE 37 36718
SEND 1553584396 INTRODUCE 35 23194
RECIEVED 1553584396 INTRODUCE 36 15 0
RECIEVED 1553584396 INTRODUCE 37 15 0
RECIEVED 1553584396 INTRODUCE 37 15 0
SEND 1553584396 INTRODUCE 37 13080
SEND 1553584396 INTRODUCE 37 12268
SEND 1553584396 INTRODUCE 37 14555
SEND 1553584396 INTRODUCE 37 12559
SEND 1553584396 INTRODUCE 37 18980
SEND 1553584396 INTRODUCE 37 14994
SEND 1553584396 INTRODUCE 37 12344
SEND 1553584396 INTRODUCE 37 16942
SEND 1553584396 INTRODUCE 37 28126
SEND 1553584396 INTRODUCE 37 49380
SEND 1553584396 INTRODUCE 37 26397
SEND 1553584396 INTRODUCE 37 12704
SEND 1553584396 INTRODUCE 37 12281
SEND 1553584396 INTRODUCE 37 11535
SEND 1553584396 INTRODUCE 37 27082
SEND 1553584396 JOIN 31 14713
RECIEVED 1553584396 INTRODUCE 37 16 0
RECIEVED 1553584396 INTRODUCE 37 16 0
RECIEVED 1553584396 INTRODUCE 35 16 0
SEND 1553584396 INTRODUCE 35 22072
SEND 1553584396 INTRODUCE 35 13072
SEND 1553584396 INTRODUCE 35 12316
SEND 1553584396 INTRODUCE 35 11254
SEND 1553584396 INTRODUCE 35 29271
SEND 1553584396 INTRODUCE 35 15258
SEND 1553584396 INTRODUCE 35 16125
# recieved string JOIN node1 172.22.94.217 8001

# recieved string JOIN node3 172.22.94.217 8003

SEND 1553584396 INTRODUCE 35 15273
SEND 1553584396 INTRODUCE 35 25600
# recieved string JOIN node4 172.22.94.217 8004

SEND 1553584396 INTRODUCE 35 12847
SEND 1553584396 INTRODUCE 35 21007
SEND 1553584396 INTRODUCE 35 45047
SEND 1553584396 INTRODUCE 35 14061
SEND 1553584396 INTRODUCE 35 23373
SEND 1553584396 INTRODUCE 35 11877
SEND 1553584396 INTRODUCE 35 14447
SEND 1553584396 JOIN 31 37759
RECIEVED 1553584396 INTRODUCE 36 17 0
RECIEVED 1553584396 INTRODUCE 37 17 0
RECIEVED 1553584396 INTRODUCE 37 17 0
RECIEVED 1553584396 INTRODUCE 36 17 0
RECIEVED 1553584396 INTRODUCE 37 17 0
RECIEVED 1553584396 JOIN 30 17 0
SEND 1553584396 INTRODUCE 36 21564
SEND 1553584396 INTRODUCE 36 20071
SEND 1553584396 INTRODUCE 37 14941
SEND 1553584396 INTRODUCE 35 20789
SEND 1553584396 INTRODUCE 36 20637
SEND 1553584396 INTRODUCE 36 51759
SEND 1553584396 INTRODUCE 36 20295
SEND 1553584396 INTRODUCE 37 36094
SEND 1553584396 INTRODUCE 35 72342
SEND 1553584396 INTRODUCE 37 22400
# recieved string JOIN node8 172.22.94.217 8008

SEND 1553584396 INTRODUCE 37 49488
SEND 1553584396 INTRODUCE 35 31508
SEND 1553584396 INTRODUCE 35 23728
SEND 1553584396 INTRODUCE 36 44280
SEND 1553584396 INTRODUCE 36 21589
SEND 1553584396 INTRODUCE 36 22095
SEND 1553584396 INTRODUCE 36 15796
RECIEVED 1553584396 INTRODUCE 37 18 0
RECIEVED 1553584396 INTRODUCE 36 18 0
RECIEVED 1553584396 INTRODUCE 37 18 0
RECIEVED 1553584396 INTRODUCE 37 18 0
RECIEVED 1553584396 INTRODUCE 37 18 0
RECIEVED 1553584396 INTRODUCE 37 18 0
RECIEVED 1553584396 INTRODUCE 37 18 0
RECIEVED 1553584396 INTRODUCE 37 18 0
RECIEVED 1553584396 INTRODUCE 37 18 0
RECIEVED 1553584396 INTRODUCE 36 18 0
RECIEVED 1553584396 INTRODUCE 36 18 0
RECIEVED 1553584396 INTRODUCE 36 18 0
RECIEVED 1553584396 INTRODUCE 36 18 0
RECIEVED 1553584396 INTRODUCE 35 18 0
SEND 1553584396 INTRODUCE 35 12104
SEND 1553584396 INTRODUCE 35 11604
SEND 1553584396 INTRODUCE 35 16147
SEND 1553584396 INTRODUCE 35 33215
SEND 1553584396 INTRODUCE 35 23580
SEND 1553584396 INTRODUCE 35 14622
SEND 1553584396 INTRODUCE 35 12029
SEND 1553584396 INTRODUCE 35 24893
SEND 1553584396 INTRODUCE 35 23315
SEND 1553584396 INTRODUCE 35 34796
SEND 1553584396 INTRODUCE 35 19657
SEND 1553584396 INTRODUCE 35 31314
SEND 1553584396 INTRODUCE 35 11523
SEND 1553584396 INTRODUCE 35 12572
SEND 1553584396 INTRODUCE 35 39824
SEND 1553584396 INTRODUCE 35 19944
SEND 1553584396 INTRODUCE 35 21235
SEND 1553584396 INTRODUCE 35 18828
SEND 1553584396 JOIN 31 15995
RECIEVED 1553584396 INTRODUCE 36 19 0
RECIEVED 1553584396 INTRODUCE 36 19 0
RECIEVED 1553584396 INTRODUCE 37 19 0
RECIEVED 1553584396 INTRODUCE 36 19 0
RECIEVED 1553584396 INTRODUCE 36 19 0
RECIEVED 1553584396 JOIN 30 19 0
RECIEVED 1553584396 JOIN 30 19 0
SEND 1553584396 INTRODUCE 36 19534
SEND 1553584396 INTRODUCE 36 20508
# recieved string JOIN node7 172.22.94.217 8007

SEND 1553584396 INTRODUCE 36 23582
SEND 1553584396 INTRODUCE 36 21088
SEND 1553584396 INTRODUCE 37 28870
SEND 1553584396 INTRODUCE 35 36261
SEND 1553584396 INTRODUCE 35 19640
SEND 1553584396 INTRODUCE 36 22533
SEND 1553584396 INTRODUCE 36 21596
SEND 1553584396 INTRODUCE 37 20046
SEND 1553584396 INTRODUCE 35 15550
SEND 1553584396 INTRODUCE 35 14792
SEND 1553584396 INTRODUCE 35 21067
SEND 1553584396 INTRODUCE 36 25526
SEND 1553584396 INTRODUCE 36 14822
SEND 1553584396 INTRODUCE 36 18811
SEND 1553584396 INTRODUCE 37 20450
SEND 1553584396 INTRODUCE 35 19321
SEND 1553584396 INTRODUCE 37 20572
RECIEVED 1553584396 INTRODUCE 37 20 0
RECIEVED 1553584396 JOIN 30 20 0
RECIEVED 1553584396 INTRODUCE 35 20 0
RECIEVED 1553584396 INTRODUCE 36 20 0
RECIEVED 1553584396 INTRODUCE 35 20 0
RECIEVED 1553584396 INTRODUCE 37 20 0
RECIEVED 1553584396 INTRODUCE 35 20 0
RECIEVED 1553584396 INTRODUCE 35 20 0
RECIEVED 1553584396 INTRODUCE 35 20 0
RECIEVED 1553584396 INTRODUCE 35 20 0
RECIEVED 1553584396 INTRODUCE 36 20 0
RECIEVED 1553584396 INTRODUCE 35 20 0
RECIEVED 1553584396 INTRODUCE 36 20 0
RECIEVED 1553584396 INTRODUCE 36 20 0
RECIEVED 1553584396 JOIN 30 20 0
SEND 1553584396 INTRODUCE 36 29543
SEND 1553584396 INTRODUCE 37 21588
SEND 1553584396 INTRODUCE 35 19841
SEND 1553584396 INTRODUCE 37 18897
SEND 1553584396 INTRODUCE 35 14673
SEND 1553584396 INTRODUCE 35 19706
SEND 1553584396 INTRODUCE 36 20995
SEND 1553584396 INTRODUCE 36 20665
SEND 1553584396 INTRODUCE 36 39470
SEND 1553584396 INTRODUCE 36 15257
SEND 1553584396 INTRODUCE 37 20712
SEND 1553584396 INTRODUCE 35 32379
SEND 1553584396 INTRODUCE 36 14517
SEND 1553584396 INTRODUCE 36 23699
SEND 1553584396 INTRODUCE 37 15168
SEND 1553584396 INTRODUCE 35 33828
SEND 1553584396 INTRODUCE 35 21124
SEND 1553584396 INTRODUCE 35 32640
SEND 1553584396 INTRODUCE 36 15082
SEND 1553584396 INTRODUCE 36 15291
RECIEVED 1553584396 INTRODUCE 35 21 0
RECIEVED 1553584396 INTRODUCE 36 21 0
RECIEVED 1553584396 INTRODUCE 37 21 0
RECIEVED 1553584396 INTRODUCE 37 21 0
RECIEVED 1553584396 INTRODUCE 35 21 0
RECIEVED 1553584396 INTRODUCE 35 21 0
RECIEVED 1553584396 INTRODUCE 35 21 0
RECIEVED 1553584396 INTRODUCE 36 21 0
RECIEVED 1553584396 INTRODUCE 36 21 0
RECIEVED 1553584396 INTRODUCE 36 21 0
RECIEVED 1553584396 INTRODUCE 35 21 0
RECIEVED 1553584396 INTRODUCE 36 21 0
RECIEVED 1553584396 INTRODUCE 37 21 0
RECIEVED 1553584396 INTRODUCE 36 21 0
RECIEVED 1553584396 INTRODUCE 35 21 0
RECIEVED 1553584396 INTRODUCE 37 21 0
RECIEVED 1553584396 INTRODUCE 35 21 0
RECIEVED 1553584396 INTRODUCE 35 21 0
RECIEVED 1553584396 INTRODUCE 36 21 0
RECIEVED 1553584396 JOIN 30 21 0
SEND 1553584396 INTRODUCE 36 20138
SEND 1553584396 INTRODUCE 36 22130
SEND 1553584396 INTRODUCE 36 26013
SEND 1553584396 INTRODUCE 37 30538
SEND 1553584396 INTRODUCE 35 15153
SEND 1553584396 INTRODUCE 37 19085
SEND 1553584396 INTRODUCE 35 20601
SEND 1553584396 INTRODUCE 36 37264
SEND 1553584396 INTRODUCE 36 28465
SEND 1553584396 INTRODUCE 36 42234
SEND 1553584396 INTRODUCE 36 28112
SEND 1553584396 INTRODUCE 37 16732
SEND 1553584396 INTRODUCE 35 29747
SEND 1553584396 INTRODUCE 35 24577
SEND 1553584396 INTRODUCE 36 22978
SEND 1553584396 INTRODUCE 36 26119
SEND 1553584396 INTRODUCE 37 19325
SEND 1553584396 INTRODUCE 35 20524
SEND 1553584396 INTRODUCE 35 27170
SEND 1553584396 INTRODUCE 35 20984
SEND 1553584396 INTRODUCE 35 21018
RECIEVED 1553584396 INTRODUCE 37 22 0
RECIEVED 1553584396 INTRODUCE 36 22 0
RECIEVED 1553584396 INTRODUCE 36 22 0
RECIEVED 1553584396 INTRODUCE 35 22 0
RECIEVED 1553584396 INTRODUCE 35 22 0
RECIEVED 1553584396 INTRODUCE 35 22 0
RECIEVED 1553584396 INTRODUCE 37 22 0
RECIEVED 1553584396 INTRODUCE 37 22 0
RECIEVED 1553584396 INTRODUCE 35 22 0
RECIEVED 1553584396 INTRODUCE 37 22 0
RECIEVED 1553584396 INTRODUCE 35 22 0
RECIEVED 1553584396 INTRODUCE 35 22 0
RECIEVED 1553584396 INTRODUCE 36 22 0
RECIEVED 1553584396 INTRODUCE 36 22 0
RECIEVED 1553584396 INTRODUCE 35 22 0
RECIEVED 1553584396 INTRODUCE 35 22 0
RECIEVED 1553584396 INTRODUCE 35 22 0
RECIEVED 1553584396 INTRODUCE 35 22 0
RECIEVED 1553584396 INTRODUCE 35 22 0
RECIEVED 1553584396 INTRODUCE 35 22 0
RECIEVED 1553584396 INTRODUCE 36 22 0
RECIEVED 1553584396 INTRODUCE 36 22 0
RECIEVED 1553584396 INTRODUCE 37 22 0
RECIEVED 1553584396 INTRODUCE 35 22 0
RECIEVED 1553584396 INTRODUCE 35 22 0
RECIEVED 1553584396 INTRODUCE 35 22 0
RECIEVED 1553584396 INTRODUCE 35 22 0
RECIEVED 1553584396 INTRODUCE 37 22 0
RECIEVED 1553584396 INTRODUCE 36 22 0
RECIEVED 1553584396 INTRODUCE 35 22 0
RECIEVED 1553584396 INTRODUCE 35 22 0
RECIEVED 1553584396 INTRODUCE 35 22 0
RECIEVED 1553584396 INTRODUCE 36 22 0
RECIEVED 1553584396 INTRODUCE 35 22 0
RECIEVED 1553584396 INTRODUCE 36 22 0
RECIEVED 1553584396 INTRODUCE 35 22 0
RECIEVED 1553584396 INTRODUCE 36 22 0
RECIEVED 1553584396 INTRODUCE 35 22 0
RECIEVED 1553584396 INTRODUCE 35 22 0
RECIEVED 1553584396 INTRODUCE 35 22 0
RECIEVED 1553584396 INTRODUCE 35 22 0
RECIEVED 1553584396 INTRODUCE 36 22 0
RECIEVED 1553584396 INTRODUCE 35 22 0
RECIEVED 1553584396 INTRODUCE 36 22 0
RECIEVED 1553584396 INTRODUCE 35 22 0
RECIEVED 1553584396 INTRODUCE 35 22 0
RECIEVED 1553584396 INTRODUCE 35 22 0
RECIEVED 1553584396 INTRODUCE 35 22 0
RECIEVED 1553584396 INTRODUCE 35 22 0
RECIEVED 1553584396 INTRODUCE 36 22 0
RECIEVED 1553584396 INTRODUCE 35 22 0
RECIEVED 1553584396 INTRODUCE 35 22 0
RECIEVED 1553584396 INTRODUCE 36 22 0
RECIEVED 1553584396 INTRODUCE 36 22 0
RECIEVED 1553584396 INTRODUCE 36 22 0
RECIEVED 1553584396 INTRODUCE 36 22 0
RECIEVED 1553584396 INTRODUCE 37 22 0
RECIEVED 1553584396 INTRODUCE 36 22 0
RECIEVED 1553584396 INTRODUCE 36 22 0
RECIEVED 1553584396 INTRODUCE 35 22 0
RECIEVED 1553584396 INTRODUCE 35 22 0
RECIEVED 1553584396 INTRODUCE 36 22 0
RECIEVED 1553584396 INTRODUCE 35 22 0
RECIEVED 1553584396 INTRODUCE 35 22 0
RECIEVED 1553584396 INTRODUCE 35 22 0
# recieved string JOIN node11 172.22.94.217 8011

RECIEVED 1553584396 JOIN 31 22 0
SEND 1553584396 INTRODUCE 36 71379
SEND 1553584396 INTRODUCE 36 29318
SEND 1553584396 INTRODUCE 35 16984
SEND 1553584396 INTRODUCE 37 19209
SEND 1553584396 INTRODUCE 35 34881
SEND 1553584397 INTRODUCE 35 20060
SEND 1553584397 INTRODUCE 36 20238
SEND 1553584397 INTRODUCE 37 19737
SEND 1553584397 INTRODUCE 36 22010
SEND 1553584397 INTRODUCE 36 20223
SEND 1553584397 INTRODUCE 37 21060
SEND 1553584397 INTRODUCE 35 21052
SEND 1553584397 INTRODUCE 35 15866
SEND 1553584397 INTRODUCE 36 21393
SEND 1553584397 INTRODUCE 36 30911
SEND 1553584397 INTRODUCE 37 15887
SEND 1553584397 INTRODUCE 35 24735
SEND 1553584397 INTRODUCE 35 15063
SEND 1553584397 INTRODUCE 35 25217
SEND 1553584397 INTRODUCE 35 31141
SEND 1553584397 INTRODUCE 36 26557
SEND 1553584397 INTRODUCE 36 19838
RECIEVED 1553584397 INTRODUCE 36 23 0
RECIEVED 1553584397 INTRODUCE 36 23 0
RECIEVED 1553584397 INTRODUCE 36 23 0
RECIEVED 1553584397 INTRODUCE 37 23 0
RECIEVED 1553584397 TRANSACTION 81 23 0
UPDATE 1553584397 TRANSACTION 15e12a5a878c40c2709eda3c5ac81db2
SEND 1553584397 TRANSACTION 81 13928 15e12a5a878c40c2709eda3c5ac81db2
SEND 1553584397 TRANSACTION 81 19956 15e12a5a878c40c2709eda3c5ac81db2
SEND 1553584397 TRANSACTION 81 15512 15e12a5a878c40c2709eda3c5ac81db2
SEND 1553584397 TRANSACTION 81 22981 15e12a5a878c40c2709eda3c5ac81db2
# recieved string JOIN node9 172.22.94.217 8009

SEND 1553584397 TRANSACTION 81 15193 15e12a5a878c40c2709eda3c5ac81db2
SEND 1553584397 TRANSACTION 81 43766 15e12a5a878c40c2709eda3c5ac81db2
RECIEVED 1553584397 INTRODUCE 37 23 1
RECIEVED 1553584397 TRANSACTION 81 23 1
RECIEVED 1553584397 INTRODUCE 35 23 1
RECIEVED 1553584397 JOIN 30 23 1
SEND 1553584397 INTRODUCE 36 22450
SEND 1553584397 INTRODUCE 36 36527
SEND 1553584397 INTRODUCE 36 14374
SEND 1553584397 INTRODUCE 36 14265
SEND 1553584397 INTRODUCE 37 20984
SEND 1553584397 INTRODUCE 35 16115
SEND 1553584397 INTRODUCE 35 15610
SEND 1553584397 INTRODUCE 36 47039
SEND 1553584397 INTRODUCE 36 24195
SEND 1553584397 INTRODUCE 36 19751
SEND 1553584397 INTRODUCE 37 19679
SEND 1553584397 INTRODUCE 35 25159
SEND 1553584397 INTRODUCE 35 15905
SEND 1553584397 INTRODUCE 35 16065
SEND 1553584397 INTRODUCE 35 15784
SEND 1553584397 INTRODUCE 36 34774
SEND 1553584397 INTRODUCE 36 14936
SEND 1553584397 INTRODUCE 36 15734
SEND 1553584397 INTRODUCE 37 16346
SEND 1553584397 INTRODUCE 35 15103
SEND 1553584397 INTRODUCE 37 14683
SEND 1553584397 INTRODUCE 35 19744
SEND 1553584397 INTRODUCE 35 14907
RECIEVED 1553584397 INTRODUCE 35 24 1
RECIEVED 1553584397 INTRODUCE 35 24 1
RECIEVED 1553584397 INTRODUCE 35 24 1
RECIEVED 1553584397 INTRODUCE 35 24 1
RECIEVED 1553584397 INTRODUCE 36 24 1
RECIEVED 1553584397 INTRODUCE 36 24 1
RECIEVED 1553584397 INTRODUCE 36 24 1
RECIEVED 1553584397 INTRODUCE 36 24 1
RECIEVED 1553584397 INTRODUCE 35 24 1
RECIEVED 1553584397 INTRODUCE 35 24 1
RECIEVED 1553584397 INTRODUCE 35 24 1
RECIEVED 1553584397 INTRODUCE 37 24 1
RECIEVED 1553584397 INTRODUCE 35 24 1
RECIEVED 1553584397 INTRODUCE 35 24 1
RECIEVED 1553584397 INTRODUCE 35 24 1
RECIEVED 1553584397 INTRODUCE 35 24 1
RECIEVED 1553584397 INTRODUCE 35 24 1
RECIEVED 1553584397 TRANSACTION 81 24 1
UPDATE 1553584397 TRANSACTION 534e6db543fef336ed5a090881d34f7f
SEND 1553584397 TRANSACTION 81 13843 534e6db543fef336ed5a090881d34f7f
SEND 1553584397 TRANSACTION 81 15517 534e6db543fef336ed5a090881d34f7f
SEND 1553584397 TRANSACTION 81 15440 534e6db543fef336ed5a090881d34f7f
SEND 1553584397 TRANSACTION 81 21710 534e6db543fef336ed5a090881d34f7f
SEND 1553584397 TRANSACTION 81 47171 534e6db543fef336ed5a090881d34f7f
SEND 1553584397 TRANSACTION 81 44858 534e6db543fef336ed5a090881d34f7f
SEND 1553584397 TRANSACTION 81 16631 534e6db543fef336ed5a090881d34f7f
SEND 1553584397 TRANSACTION 81 22385 534e6db543fef336ed5a090881d34f7f
SEND 1553584397 TRANSACTION 81 14013 534e6db543fef336ed5a090881d34f7f
RECIEVED 1553584397 INTRODUCE 36 24 2
RECIEVED 1553584397 INTRODUCE 35 24 2
RECIEVED 1553584397 INTRODUCE 37 24 2
RECIEVED 1553584397 INTRODUCE 35 24 2
RECIEVED 1553584397 TRANSACTION 81 24 2
RECIEVED 1553584397 TRANSACTION 81 24 2
RECIEVED 1553584397 TRANSACTION 81 24 2
RECIEVED 1553584397 TRANSACTION 81 24 2
RECIEVED 1553584397 INTRODUCE 35 24 2
RECIEVED 1553584397 INTRODUCE 35 24 2
RECIEVED 1553584397 TRANSACTION 81 24 2
RECIEVED 1553584397 INTRODUCE 36 24 2
RECIEVED 1553584397 TRANSACTION 81 24 2
RECIEVED 1553584397 INTRODUCE 36 24 2
SEND 1553584397 INTRODUCE 36 29703
SEND 1553584397 INTRODUCE 36 15388
SEND 1553584397 INTRODUCE 36 16071
SEND 1553584397 INTRODUCE 36 19197
SEND 1553584397 INTRODUCE 36 18352
SEND 1553584397 INTRODUCE 36 15629
# recieved string JOIN node10 172.22.94.217 8010

SEND 1553584397 INTRODUCE 36 14408
SEND 1553584397 INTRODUCE 36 14084
SEND 1553584397 INTRODUCE 36 14313
SEND 1553584397 INTRODUCE 36 13902
SEND 1553584397 INTRODUCE 36 16722
SEND 1553584397 INTRODUCE 36 19870
SEND 1553584397 INTRODUCE 36 20497
SEND 1553584397 INTRODUCE 36 15375
SEND 1553584397 INTRODUCE 36 16115
SEND 1553584397 INTRODUCE 36 13265
SEND 1553584397 INTRODUCE 36 30348
SEND 1553584397 INTRODUCE 36 21839
SEND 1553584397 INTRODUCE 36 14608
SEND 1553584397 INTRODUCE 36 21589
SEND 1553584397 INTRODUCE 36 15915
SEND 1553584397 INTRODUCE 36 14336
SEND 1553584397 INTRODUCE 36 15271
# recieved string JOIN node12 172.22.94.217 8012

SEND 1553584397 INTRODUCE 36 18534
SEND 1553584397 JOIN 31 20579
RECIEVED 1553584397 INTRODUCE 36 25 2
RECIEVED 1553584397 JOIN 31 25 2
RECIEVED 1553584397 INTRODUCE 36 25 2
RECIEVED 1553584397 INTRODUCE 35 25 2
RECIEVED 1553584397 INTRODUCE 36 25 2
RECIEVED 1553584397 TRANSACTION 81 25 2
RECIEVED 1553584397 JOIN 31 25 2
SEND 1553584397 INTRODUCE 37 14877
SEND 1553584397 INTRODUCE 35 18191
SEND 1553584397 INTRODUCE 35 14641
SEND 1553584397 INTRODUCE 35 34642
SEND 1553584397 INTRODUCE 36 35845
SEND 1553584397 INTRODUCE 37 21246
SEND 1553584397 INTRODUCE 35 15399
# recieved string JOIN node13 172.22.94.217 8013

SEND 1553584397 INTRODUCE 36 19799
SEND 1553584397 INTRODUCE 37 29137
SEND 1553584397 INTRODUCE 35 14722
SEND 1553584397 INTRODUCE 35 18862
SEND 1553584397 INTRODUCE 36 15312
SEND 1553584397 INTRODUCE 36 19119
SEND 1553584397 INTRODUCE 36 24191
SEND 1553584397 INTRODUCE 35 21212
SEND 1553584397 INTRODUCE 35 34627
SEND 1553584397 INTRODUCE 35 14975
SEND 1553584397 INTRODUCE 35 24056
SEND 1553584397 INTRODUCE 36 18513
SEND 1553584397 INTRODUCE 36 21934
SEND 1553584397 INTRODUCE 36 21429
SEND 1553584397 INTRODUCE 37 16283
SEND 1553584397 INTRODUCE 36 22310
SEND 1553584397 INTRODUCE 36 27030
SEND 1553584397 INTRODUCE 36 26084
RECIEVED 1553584397 INTRODUCE 35 26 2
RECIEVED 1553584397 INTRODUCE 37 26 2
RECIEVED 1553584397 INTRODUCE 35 26 2
RECIEVED 1553584397 JOIN 31 26 2
SEND 1553584397 INTRODUCE 35 28136
SEND 1553584397 INTRODUCE 36 33714
SEND 1553584397 INTRODUCE 36 19746
SEND 1553584397 INTRODUCE 36 52422
SEND 1553584397 INTRODUCE 36 26789
SEND 1553584397 INTRODUCE 37 18869
SEND 1553584397 INTRODUCE 35 21028
SEND 1553584397 INTRODUCE 35 24465
SEND 1553584397 INTRODUCE 36 15638
SEND 1553584397 INTRODUCE 36 20929
SEND 1553584397 INTRODUCE 36 19856
SEND 1553584397 INTRODUCE 37 16028
SEND 1553584397 INTRODUCE 35 16258
SEND 1553584397 INTRODUCE 35 15400
SEND 1553584397 INTRODUCE 35 15523
SEND 1553584397 INTRODUCE 36 20948
SEND 1553584397 INTRODUCE 36 35971
SEND 1553584397 INTRODUCE 36 15331
SEND 1553584397 INTRODUCE 35 26222
SEND 1553584397 INTRODUCE 36 20192
SEND 1553584397 INTRODUCE 36 15147
SEND 1553584397 INTRODUCE 37 15631
SEND 1553584397 INTRODUCE 35 21971
SEND 1553584397 INTRODUCE 37 16286
SEND 1553584397 INTRODUCE 35 15871
SEND 1553584397 INTRODUCE 35 15322
RECIEVED 1553584397 INTRODUCE 36 27 2
RECIEVED 1553584397 INTRODUCE 36 27 2
RECIEVED 1553584397 TRANSACTION 82 27 2
UPDATE 1553584397 TRANSACTION fd4ebfeb24179ff15328d39c63a66c03
SEND 1553584397 TRANSACTION 82 21143 fd4ebfeb24179ff15328d39c63a66c03
SEND 1553584397 TRANSACTION 82 15052 fd4ebfeb24179ff15328d39c63a66c03
SEND 1553584397 TRANSACTION 82 15045 fd4ebfeb24179ff15328d39c63a66c03
SEND 1553584397 TRANSACTION 82 24659 fd4ebfeb24179ff15328d39c63a66c03
SEND 1553584397 TRANSACTION 82 22332 fd4ebfeb24179ff15328d39c63a66c03
SEND 1553584397 TRANSACTION 82 16929 fd4ebfeb24179ff15328d39c63a66c03
SEND 1553584397 TRANSACTION 82 15528 fd4ebfeb24179ff15328d39c63a66c03
SEND 1553584397 TRANSACTION 82 20864 fd4ebfeb24179ff15328d39c63a66c03
SEND 1553584397 TRANSACTION 82 28195 fd4ebfeb24179ff15328d39c63a66c03
SEND 1553584397 TRANSACTION 82 26794 fd4ebfeb24179ff15328d39c63a66c03
SEND 1553584397 TRANSACTION 82 16056 fd4ebfeb24179ff15328d39c63a66c03
RECIEVED 1553584397 INTRODUCE 35 27 3
RECIEVED 1553584397 TRANSACTION 82 27 3
RECIEVED 1553584397 INTRODUCE 36 27 3
RECIEVED 1553584397 TRANSACTION 82 27 3
RECIEVED 1553584397 TRANSACTION 82 27 3
RECIEVED 1553584397 TRANSACTION 82 27 3
RECIEVED 1553584397 TRANSACTION 81 27 3
RECIEVED 1553584397 INTRODUCE 35 27 3
RECIEVED 1553584397 INTRODUCE 35 27 3
RECIEVED 1553584397 TRANSACTION 82 27 3
RECIEVED 1553584397 INTRODUCE 35 27 3
RECIEVED 1553584397 INTRODUCE 35 27 3
RECIEVED 1553584397 INTRODUCE 35 27 3
RECIEVED 1553584397 INTRODUCE 35 27 3
RECIEVED 1553584397 INTRODUCE 35 27 3
RECIEVED 1553584397 INTRODUCE 36 27 3
RECIEVED 1553584397 INTRODUCE 36 27 3
RECIEVED 1553584397 INTRODUCE 35 27 3
RECIEVED 1553584397 INTRODUCE 37 27 3
RECIEVED 1553584397 INTRODUCE 35 27 3
RECIEVED 1553584397 INTRODUCE 36 27 3
RECIEVED 1553584397 INTRODUCE 36 27 3
RECIEVED 1553584397 INTRODUCE 36 27 3
# recieved string JOIN node14 172.22.156.206 8014

RECIEVED 1553584397 JOIN 32 27 3
SEND 1553584397 INTRODUCE 36 15356
SEND 1553584397 INTRODUCE 37 14578
SEND 1553584397 INTRODUCE 35 17752
SEND 1553584397 INTRODUCE 36 13570
SEND 1553584397 INTRODUCE 35 10377
SEND 1553584397 INTRODUCE 35 11372
SEND 1553584397 INTRODUCE 36 11195
SEND 1553584397 INTRODUCE 36 12362
SEND 1553584397 INTRODUCE 36 11047
SEND 1553584397 INTRODUCE 36 14119
SEND 1553584397 INTRODUCE 35 12569
SEND 1553584397 INTRODUCE 35 9857
SEND 1553584397 INTRODUCE 36 10594
SEND 1553584397 INTRODUCE 36 10575
SEND 1553584397 INTRODUCE 35 9700
SEND 1553584397 INTRODUCE 35 16228
SEND 1553584397 INTRODUCE 36 11755
SEND 1553584397 INTRODUCE 37 10829
SEND 1553584397 INTRODUCE 36 20231
SEND 1553584397 INTRODUCE 37 12063
SEND 1553584397 INTRODUCE 35 10710
SEND 1553584397 INTRODUCE 36 11120
SEND 1553584397 INTRODUCE 35 10960
SEND 1553584397 INTRODUCE 36 9714
SEND 1553584397 INTRODUCE 36 9694
SEND 1553584397 INTRODUCE 37 10299
SEND 1553584397 INTRODUCE 35 8967
RECIEVED 1553584397 INTRODUCE 36 28 3
RECIEVED 1553584397 INTRODUCE 36 28 3
RECIEVED 1553584397 INTRODUCE 37 28 3
RECIEVED 1553584397 INTRODUCE 35 28 3
RECIEVED 1553584397 INTRODUCE 35 28 3
RECIEVED 1553584397 INTRODUCE 36 28 3
RECIEVED 1553584397 INTRODUCE 36 28 3
RECIEVED 1553584397 INTRODUCE 36 28 3
RECIEVED 1553584397 INTRODUCE 36 28 3
RECIEVED 1553584397 INTRODUCE 35 28 3
RECIEVED 1553584397 INTRODUCE 36 28 3
RECIEVED 1553584397 INTRODUCE 36 28 3
RECIEVED 1553584397 INTRODUCE 36 28 3
RECIEVED 1553584397 INTRODUCE 36 28 3
RECIEVED 1553584397 INTRODUCE 36 28 3
RECIEVED 1553584397 INTRODUCE 35 28 3
RECIEVED 1553584397 TRANSACTION 81 28 3
RECIEVED 1553584397 INTRODUCE 36 28 3
RECIEVED 1553584397 INTRODUCE 35 28 3
RECIEVED 1553584397 INTRODUCE 37 28 3
RECIEVED 1553584397 INTRODUCE 36 28 3
RECIEVED 1553584397 INTRODUCE 36 28 3
RECIEVED 1553584397 INTRODUCE 36 28 3
RECIEVED 1553584397 INTRODUCE 36 28 3
RECIEVED 1553584397 INTRODUCE 36 28 3
RECIEVED 1553584397 INTRODUCE 36 28 3
RECIEVED 1553584397 INTRODUCE 36 28 3
RECIEVED 1553584397 INTRODUCE 36 28 3
RECIEVED 1553584397 TRANSACTION 81 28 3
RECIEVED 1553584397 INTRODUCE 35 28 3
RECIEVED 1553584397 INTRODUCE 36 28 3
RECIEVED 1553584397 INTRODUCE 35 28 3
RECIEVED 1553584397 INTRODUCE 36 28 3
RECIEVED 1553584397 INTRODUCE 35 28 3
RECIEVED 1553584397 INTRODUCE 36 28 3
RECIEVED 1553584397 INTRODUCE 36 28 3
RECIEVED 1553584397 INTRODUCE 36 28 3
RECIEVED 1553584397 INTRODUCE 36 28 3
RECIEVED 1553584397 INTRODUCE 36 28 3
RECIEVED 1553584397 INTRODUCE 36 28 3
RECIEVED 1553584397 INTRODUCE 36 28 3
RECIEVED 1553584397 INTRODUCE 35 28 3
RECIEVED 1553584397 INTRODUCE 36 28 3
RECIEVED 1553584397 INTRODUCE 36 28 3
RECIEVED 1553584397 TRANSACTION 81 28 3
RECIEVED 1553584397 INTRODUCE 36 28 3
RECIEVED 1553584397 INTRODUCE 36 28 3
RECIEVED 1553584397 INTRODUCE 36 28 3
RECIEVED 1553584397 INTRODUCE 37 28 3
RECIEVED 1553584397 INTRODUCE 36 28 3
RECIEVED 1553584397 INTRODUCE 35 28 3
RECIEVED 1553584397 INTRODUCE 37 28 3
RECIEVED 1553584397 INTRODUCE 35 28 3
RECIEVED 1553584397 INTRODUCE 37 28 3
RECIEVED 1553584397 INTRODUCE 35 28 3
RECIEVED 1553584397 INTRODUCE 36 28 3
RECIEVED 1553584397 INTRODUCE 36 28 3
RECIEVED 1553584397 INTRODUCE 36 28 3
RECIEVED 1553584397 INTRODUCE 37 28 3
# recieved string JOIN node1 172.22.156.208 8001

RECIEVED 1553584397 JOIN 31 28 3
SEND 1553584397 INTRODUCE 36 12763
SEND 1553584397 INTRODUCE 36 10560
SEND 1553584397 INTRODUCE 36 16276
SEND 1553584397 INTRODUCE 37 9941
SEND 1553584397 INTRODUCE 35 37262
# recieved string JOIN node3 172.22.156.208 8003

SEND 1553584397 INTRODUCE 35 10493
SEND 1553584397 INTRODUCE 36 10831
SEND 1553584397 INTRODUCE 36 38262
SEND 1553584397 INTRODUCE 37 18333
SEND 1553584397 INTRODUCE 35 11313
SEND 1553584397 INTRODUCE 36 13452
SEND 1553584397 INTRODUCE 37 11117
SEND 1553584397 INTRODUCE 35 13759
SEND 1553584397 INTRODUCE 35 10426
SEND 1553584397 INTRODUCE 36 10203
SEND 1553584397 INTRODUCE 36 36371
SEND 1553584397 INTRODUCE 35 27439
SEND 1553584397 INTRODUCE 37 20210
SEND 1553584397 INTRODUCE 35 9653
SEND 1553584397 INTRODUCE 36 10447
SEND 1553584397 INTRODUCE 37 15383
SEND 1553584397 INTRODUCE 36 18875
SEND 1553584397 INTRODUCE 36 33030
SEND 1553584397 INTRODUCE 35 10031
SEND 1553584397 INTRODUCE 36 11967
SEND 1553584397 INTRODUCE 35 12455
SEND 1553584397 INTRODUCE 35 10596
SEND 1553584397 INTRODUCE 36 19938
RECIEVED 1553584397 JOIN 31 29 3
SEND 1553584397 INTRODUCE 36 12161
SEND 1553584397 INTRODUCE 35 9729
SEND 1553584397 INTRODUCE 37 10149
SEND 1553584397 INTRODUCE 35 10242
SEND 1553584397 INTRODUCE 36 12002
SEND 1553584397 INTRODUCE 37 10950
SEND 1553584397 INTRODUCE 36 14938
SEND 1553584397 INTRODUCE 36 13662
SEND 1553584397 INTRODUCE 36 48140
SEND 1553584397 INTRODUCE 35 14203
SEND 1553584397 INTRODUCE 36 10534
SEND 1553584397 INTRODUCE 35 14813
SEND 1553584397 INTRODUCE 35 14822
SEND 1553584397 INTRODUCE 36 13864
SEND 1553584397 INTRODUCE 36 11582
SEND 1553584397 INTRODUCE 36 48217
SEND 1553584397 INTRODUCE 36 35058
SEND 1553584397 INTRODUCE 37 42143
SEND 1553584397 INTRODUCE 35 40739
SEND 1553584397 INTRODUCE 35 13132
SEND 1553584397 INTRODUCE 36 11306
SEND 1553584397 INTRODUCE 36 21099
SEND 1553584397 INTRODUCE 37 9244
SEND 1553584397 INTRODUCE 35 15166
SEND 1553584397 INTRODUCE 36 24876
SEND 1553584397 INTRODUCE 37 10008
SEND 1553584397 INTRODUCE 35 28117
SEND 1553584397 INTRODUCE 35 14668
SEND 1553584397 INTRODUCE 36 10452
RECIEVED 1553584397 INTRODUCE 36 30 3
RECIEVED 1553584397 INTRODUCE 35 30 3
RECIEVED 1553584397 INTRODUCE 35 30 3
RECIEVED 1553584397 INTRODUCE 36 30 3
RECIEVED 1553584397 INTRODUCE 36 30 3
RECIEVED 1553584397 TRANSACTION 81 30 3
RECIEVED 1553584397 TRANSACTION 82 30 3
RECIEVED 1553584397 INTRODUCE 35 30 3
RECIEVED 1553584397 INTRODUCE 35 30 3
RECIEVED 1553584397 INTRODUCE 35 30 3
RECIEVED 1553584397 INTRODUCE 37 30 3
SEND 1553584397 INTRODUCE 37 16281
SEND 1553584397 INTRODUCE 37 15153
SEND 1553584397 INTRODUCE 37 19656
SEND 1553584397 INTRODUCE 37 11477
SEND 1553584397 INTRODUCE 37 11297
SEND 1553584397 INTRODUCE 37 14399
SEND 1553584397 INTRODUCE 37 20989
SEND 1553584397 INTRODUCE 37 19787
SEND 1553584397 INTRODUCE 37 23753
SEND 1553584397 INTRODUCE 37 12110
SEND 1553584397 INTRODUCE 37 48982
SEND 1553584397 INTRODUCE 37 15705
SEND 1553584397 INTRODUCE 37 12319
SEND 1553584397 INTRODUCE 37 11789
SEND 1553584397 INTRODUCE 37 11991
SEND 1553584397 INTRODUCE 37 42562
SEND 1553584397 INTRODUCE 37 12750
SEND 1553584397 INTRODUCE 37 16430
SEND 1553584397 INTRODUCE 37 37596
SEND 1553584397 INTRODUCE 37 14424
SEND 1553584397 INTRODUCE 37 30770
SEND 1553584397 INTRODUCE 37 12036
SEND 1553584397 INTRODUCE 37 19795
SEND 1553584397 INTRODUCE 37 17187
SEND 1553584397 INTRODUCE 37 18727
SEND 1553584397 INTRODUCE 37 15970
SEND 1553584397 INTRODUCE 37 17061
SEND 1553584397 INTRODUCE 37 40926
SEND 1553584397 INTRODUCE 37 16828
SEND 1553584397 INTRODUCE 37 15585
SEND 1553584397 JOIN 31 43505
RECIEVED 1553584397 INTRODUCE 36 31 3
RECIEVED 1553584397 INTRODUCE 36 31 3
RECIEVED 1553584397 INTRODUCE 35 31 3
RECIEVED 1553584397 INTRODUCE 37 31 3
RECIEVED 1553584397 INTRODUCE 36 31 3
RECIEVED 1553584397 INTRODUCE 37 31 3
RECIEVED 1553584397 INTRODUCE 36 31 3
RECIEVED 1553584397 INTRODUCE 36 31 3
RECIEVED 1553584397 INTRODUCE 36 31 3
RECIEVED 1553584397 INTRODUCE 35 31 3
RECIEVED 1553584397 INTRODUCE 37 31 3
RECIEVED 1553584397 INTRODUCE 37 31 3
RECIEVED 1553584397 INTRODUCE 37 31 3
RECIEVED 1553584397 INTRODUCE 37 31 3
RECIEVED 1553584397 INTRODUCE 37 31 3
RECIEVED 1553584397 INTRODUCE 36 31 3
RECIEVED 1553584397 INTRODUCE 37 31 3
RECIEVED 1553584397 INTRODUCE 36 31 3
RECIEVED 1553584397 INTRODUCE 37 31 3
RECIEVED 1553584397 INTRODUCE 37 31 3
RECIEVED 1553584397 INTRODUCE 37 31 3
RECIEVED 1553584397 INTRODUCE 36 31 3
RECIEVED 1553584397 INTRODUCE 37 31 3
RECIEVED 1553584397 INTRODUCE 37 31 3
RECIEVED 1553584397 INTRODUCE 37 31 3
RECIEVED 1553584397 INTRODUCE 36 31 3
RECIEVED 1553584397 INTRODUCE 36 31 3
RECIEVED 1553584397 INTRODUCE 36 31 3
RECIEVED 1553584397 INTRODUCE 37 31 3
RECIEVED 1553584397 INTRODUCE 37 31 3
RECIEVED 1553584397 INTRODUCE 37 31 3
# recieved string JOIN node8 172.22.156.208 8008

RECIEVED 1553584397 JOIN 31 31 3
SEND 1553584397 INTRODUCE 37 10775
SEND 1553584397 INTRODUCE 35 20158
SEND 1553584397 INTRODUCE 35 34783
SEND 1553584397 INTRODUCE 36 39462
SEND 1553584397 INTRODUCE 37 11084
SEND 1553584397 INTRODUCE 36 14287
SEND 1553584397 INTRODUCE 36 10732
SEND 1553584397 INTRODUCE 37 15075
SEND 1553584397 INTRODUCE 35 10403
SEND 1553584397 INTRODUCE 36 9686
SEND 1553584397 INTRODUCE 37 13899
SEND 1553584397 INTRODUCE 36 19264
SEND 1553584397 INTRODUCE 35 9703
SEND 1553584397 INTRODUCE 36 9759
SEND 1553584397 INTRODUCE 35 13825
SEND 1553584397 INTRODUCE 36 19340
SEND 1553584397 INTRODUCE 35 14349
SEND 1553584397 INTRODUCE 35 13589
SEND 1553584397 INTRODUCE 36 13741
SEND 1553584397 INTRODUCE 36 4482
SEND 1553584397 INTRODUCE 36 3972
SEND 1553584397 INTRODUCE 36 3513
SEND 1553584397 INTRODUCE 37 4821
SEND 1553584397 INTRODUCE 35 10769
SEND 1553584397 INTRODUCE 35 12504
SEND 1553584397 INTRODUCE 36 10592
SEND 1553584397 INTRODUCE 36 14946
SEND 1553584397 INTRODUCE 37 12863
SEND 1553584397 INTRODUCE 35 9304
SEND 1553584397 INTRODUCE 36 20164
SEND 1553584397 INTRODUCE 36 11274
RECIEVED 1553584397 INTRODUCE 36 32 3
RECIEVED 1553584397 INTRODUCE 35 32 3
RECIEVED 1553584397 INTRODUCE 35 32 3
RECIEVED 1553584397 INTRODUCE 36 32 3
RECIEVED 1553584397 INTRODUCE 37 32 3
RECIEVED 1553584397 INTRODUCE 37 32 3
RECIEVED 1553584397 INTRODUCE 37 32 3
RECIEVED 1553584397 INTRODUCE 37 32 3
RECIEVED 1553584397 INTRODUCE 37 32 3
RECIEVED 1553584397 INTRODUCE 35 32 3
RECIEVED 1553584397 INTRODUCE 35 32 3
RECIEVED 1553584397 INTRODUCE 36 32 3
SEND 1553584397 INTRODUCE 36 15502
SEND 1553584397 INTRODUCE 36 13786
SEND 1553584397 INTRODUCE 36 36531
SEND 1553584397 INTRODUCE 36 11608
SEND 1553584397 INTRODUCE 36 12038
SEND 1553584397 INTRODUCE 36 14790
SEND 1553584397 INTRODUCE 36 14601
SEND 1553584397 INTRODUCE 36 13276
SEND 1553584397 INTRODUCE 36 16132
SEND 1553584397 INTRODUCE 36 10766
SEND 1553584397 INTRODUCE 36 26858
SEND 1553584397 INTRODUCE 36 17489
SEND 1553584397 INTRODUCE 36 44623
SEND 1553584397 INTRODUCE 36 12655
SEND 1553584397 INTRODUCE 36 11543
SEND 1553584397 INTRODUCE 36 14960
SEND 1553584397 INTRODUCE 36 13468
SEND 1553584397 INTRODUCE 36 16604
SEND 1553584397 INTRODUCE 36 10369
SEND 1553584397 INTRODUCE 36 16508
SEND 1553584397 INTRODUCE 36 14674
SEND 1553584397 INTRODUCE 36 21879
SEND 1553584397 INTRODUCE 36 10969
SEND 1553584397 INTRODUCE 36 21715
SEND 1553584397 INTRODUCE 36 20846
SEND 1553584397 INTRODUCE 36 21437
SEND 1553584397 INTRODUCE 36 11332
SEND 1553584397 INTRODUCE 36 27929
SEND 1553584397 INTRODUCE 36 12620
SEND 1553584397 INTRODUCE 36 16422
SEND 1553584397 INTRODUCE 36 34348
SEND 1553584397 INTRODUCE 36 14703
SEND 1553584397 JOIN 31 43546
RECIEVED 1553584397 INTRODUCE 37 33 3
RECIEVED 1553584397 INTRODUCE 37 33 3
RECIEVED 1553584397 INTRODUCE 37 33 3
RECIEVED 1553584397 INTRODUCE 35 33 3
RECIEVED 1553584397 INTRODUCE 37 33 3
RECIEVED 1553584397 INTRODUCE 36 33 3
SEND 1553584397 INTRODUCE 36 21641
SEND 1553584397 INTRODUCE 36 18328
SEND 1553584397 INTRODUCE 36 17461
SEND 1553584397 INTRODUCE 36 12506
SEND 1553584397 INTRODUCE 36 9956
SEND 1553584397 INTRODUCE 36 34084
SEND 1553584397 INTRODUCE 36 37303
SEND 1553584397 INTRODUCE 36 16586
SEND 1553584397 INTRODUCE 36 11169
SEND 1553584397 INTRODUCE 36 119043
SEND 1553584397 INTRODUCE 36 15042
SEND 1553584397 INTRODUCE 36 11462
SEND 1553584397 INTRODUCE 36 16658
SEND 1553584397 INTRODUCE 36 14993
SEND 1553584397 INTRODUCE 36 14270
SEND 1553584397 INTRODUCE 36 11524
SEND 1553584397 INTRODUCE 36 21238
SEND 1553584397 INTRODUCE 36 53239
SEND 1553584397 INTRODUCE 36 47413
SEND 1553584397 INTRODUCE 36 12107
SEND 1553584397 INTRODUCE 36 11428
SEND 1553584397 INTRODUCE 36 17736
SEND 1553584397 INTRODUCE 36 72807
SEND 1553584397 INTRODUCE 36 13767
SEND 1553584397 INTRODUCE 36 15136
SEND 1553584397 INTRODUCE 36 20061
SEND 1553584397 INTRODUCE 36 11164
SEND 1553584397 INTRODUCE 36 11015
SEND 1553584397 INTRODUCE 36 10573
SEND 1553584397 INTRODUCE 36 11806
SEND 1553584397 INTRODUCE 36 15499
SEND 1553584397 INTRODUCE 36 13491
SEND 1553584397 INTRODUCE 36 12449
SEND 1553584397 JOIN 31 41745
RECIEVED 1553584397 INTRODUCE 36 34 3
RECIEVED 1553584397 INTRODUCE 37 34 3
RECIEVED 1553584397 INTRODUCE 37 34 3
RECIEVED 1553584397 INTRODUCE 36 34 3
RECIEVED 1553584397 INTRODUCE 37 34 3
RECIEVED 1553584397 INTRODUCE 35 34 3
RECIEVED 1553584397 INTRODUCE 36 34 3
RECIEVED 1553584397 INTRODUCE 37 34 3
RECIEVED 1553584397 INTRODUCE 36 34 3
RECIEVED 1553584397 INTRODUCE 36 34 3
RECIEVED 1553584397 INTRODUCE 36 34 3
RECIEVED 1553584397 INTRODUCE 36 34 3
RECIEVED 1553584397 INTRODUCE 36 34 3
RECIEVED 1553584397 INTRODUCE 37 34 3
RECIEVED 1553584397 INTRODUCE 35 34 3
RECIEVED 1553584397 INTRODUCE 36 34 3
RECIEVED 1553584397 INTRODUCE 36 34 3
RECIEVED 1553584397 INTRODUCE 36 34 3
RECIEVED 1553584397 INTRODUCE 36 34 3
RECIEVED 1553584397 INTRODUCE 36 34 3
RECIEVED 1553584397 INTRODUCE 37 34 3
RECIEVED 1553584397 INTRODUCE 36 34 3
RECIEVED 1553584397 INTRODUCE 36 34 3
# recieved string JOIN node14 172.22.94.217 8014

RECIEVED 1553584397 JOIN 31 34 3
RECIEVED 1553584397 INTRODUCE 36 34 3
RECIEVED 1553584397 INTRODUCE 37 34 3
RECIEVED 1553584397 INTRODUCE 36 34 3
RECIEVED 1553584397 INTRODUCE 36 34 3
RECIEVED 1553584397 INTRODUCE 36 34 3
# recieved string JOIN node4 172.22.156.208 8004

RECIEVED 1553584397 JOIN 31 34 3
SEND 1553584397 INTRODUCE 36 15990
SEND 1553584397 INTRODUCE 37 20725
SEND 1553584397 INTRODUCE 35 14533
SEND 1553584397 INTRODUCE 35 14737
SEND 1553584397 INTRODUCE 36 9029
SEND 1553584397 INTRODUCE 37 9389
SEND 1553584397 INTRODUCE 36 10755
SEND 1553584397 INTRODUCE 35 10606
SEND 1553584397 INTRODUCE 37 14568
SEND 1553584397 INTRODUCE 35 9779
SEND 1553584397 INTRODUCE 36 10967
SEND 1553584397 INTRODUCE 37 20003
SEND 1553584397 INTRODUCE 36 20397
SEND 1553584397 INTRODUCE 36 32604
SEND 1553584397 INTRODUCE 36 10494
SEND 1553584397 INTRODUCE 35 10692
SEND 1553584397 INTRODUCE 36 14948
SEND 1553584397 INTRODUCE 36 34414
# recieved string JOIN node6 172.22.156.208 8006

SEND 1553584397 INTRODUCE 35 14118
SEND 1553584397 INTRODUCE 35 9072
SEND 1553584397 INTRODUCE 36 11441
SEND 1553584397 INTRODUCE 36 15602
SEND 1553584397 INTRODUCE 36 15145
SEND 1553584397 INTRODUCE 36 14727
SEND 1553584397 INTRODUCE 36 31370
SEND 1553584397 INTRODUCE 37 10335
SEND 1553584397 INTRODUCE 35 10552
SEND 1553584397 INTRODUCE 35 16599
SEND 1553584397 INTRODUCE 36 6211
SEND 1553584397 INTRODUCE 36 3503
SEND 1553584397 INTRODUCE 37 3851
SEND 1553584397 INTRODUCE 35 10399
SEND 1553584397 INTRODUCE 36 17361
SEND 1553584397 INTRODUCE 36 14374
RECIEVED 1553584397 INTRODUCE 36 35 3
RECIEVED 1553584397 INTRODUCE 36 35 3
RECIEVED 1553584397 INTRODUCE 35 35 3
RECIEVED 1553584397 INTRODUCE 36 35 3
RECIEVED 1553584397 INTRODUCE 36 35 3
RECIEVED 1553584397 INTRODUCE 36 35 3
RECIEVED 1553584397 INTRODUCE 36 35 3
RECIEVED 1553584397 INTRODUCE 36 35 3
RECIEVED 1553584397 INTRODUCE 37 35 3
RECIEVED 1553584397 INTRODUCE 36 35 3
RECIEVED 1553584397 JOIN 31 35 3
SEND 1553584397 INTRODUCE 36 14167
SEND 1553584397 INTRODUCE 37 8774
SEND 1553584397 INTRODUCE 35 9999
SEND 1553584397 INTRODUCE 35 9783
SEND 1553584397 INTRODUCE 36 14920
SEND 1553584397 INTRODUCE 37 11195
SEND 1553584397 INTRODUCE 36 10519
SEND 1553584397 INTRODUCE 35 10151
SEND 1553584397 INTRODUCE 37 10203
SEND 1553584397 INTRODUCE 35 10004
SEND 1553584397 INTRODUCE 36 13126
SEND 1553584397 INTRODUCE 37 11215
SEND 1553584397 INTRODUCE 36 11254
SEND 1553584397 INTRODUCE 36 11477
SEND 1553584397 INTRODUCE 36 27966
SEND 1553584397 INTRODUCE 35 12433
SEND 1553584397 INTRODUCE 36 12909
SEND 1553584397 INTRODUCE 36 58147
SEND 1553584397 INTRODUCE 35 21405
SEND 1553584397 INTRODUCE 35 11124
SEND 1553584397 INTRODUCE 36 10760
SEND 1553584397 INTRODUCE 36 16691
SEND 1553584397 INTRODUCE 36 11505
SEND 1553584397 INTRODUCE 36 42222
SEND 1553584397 INTRODUCE 36 10228
SEND 1553584397 INTRODUCE 37 10941
SEND 1553584397 INTRODUCE 35 10672
SEND 1553584397 INTRODUCE 35 11059
SEND 1553584397 INTRODUCE 36 10152
SEND 1553584397 INTRODUCE 36 16105
SEND 1553584398 INTRODUCE 37 13918
SEND 1553584398 INTRODUCE 35 13343
SEND 1553584398 INTRODUCE 36 15257
SEND 1553584398 INTRODUCE 36 11608
SEND 1553584398 INTRODUCE 36 11991
RECIEVED 1553584398 INTRODUCE 35 36 3
RECIEVED 1553584398 INTRODUCE 36 36 3
RECIEVED 1553584398 INTRODUCE 36 36 3
RECIEVED 1553584398 INTRODUCE 36 36 3
RECIEVED 1553584398 INTRODUCE 35 36 3
RECIEVED 1553584398 INTRODUCE 36 36 3
RECIEVED 1553584398 INTRODUCE 35 36 3
RECIEVED 1553584398 INTRODUCE 37 36 3
RECIEVED 1553584398 INTRODUCE 35 36 3
RECIEVED 1553584398 INTRODUCE 36 36 3
RECIEVED 1553584398 INTRODUCE 35 36 3
RECIEVED 1553584398 INTRODUCE 36 36 3
SEND 1553584398 INTRODUCE 36 12679
SEND 1553584398 INTRODUCE 36 18860
SEND 1553584398 INTRODUCE 36 11643
SEND 1553584398 INTRODUCE 36 11572
SEND 1553584398 INTRODUCE 36 23348
SEND 1553584398 INTRODUCE 36 16751
SEND 1553584398 INTRODUCE 36 42649
SEND 1553584398 INTRODUCE 36 11926
SEND 1553584398 INTRODUCE 36 13061
SEND 1553584398 INTRODUCE 36 11330
SEND 1553584398 INTRODUCE 36 15504
SEND 1553584398 INTRODUCE 36 12108
SEND 1553584398 INTRODUCE 36 14257
SEND 1553584398 INTRODUCE 36 21792
SEND 1553584398 INTRODUCE 36 11460
SEND 1553584398 INTRODUCE 36 14168
SEND 1553584398 INTRODUCE 36 23610
SEND 1553584398 INTRODUCE 36 10037
# recieved string JOIN node2 172.22.156.208 8002

SEND 1553584398 INTRODUCE 36 10581
SEND 1553584398 INTRODUCE 36 15026
SEND 1553584398 INTRODUCE 36 16071
SEND 1553584398 INTRODUCE 36 10953
SEND 1553584398 INTRODUCE 36 48923
SEND 1553584398 INTRODUCE 36 46937
SEND 1553584398 INTRODUCE 36 13249
SEND 1553584398 INTRODUCE 36 12303
SEND 1553584398 INTRODUCE 36 12093
SEND 1553584398 INTRODUCE 36 28627
SEND 1553584398 INTRODUCE 36 12286
SEND 1553584398 INTRODUCE 36 35688
SEND 1553584398 INTRODUCE 36 13407
SEND 1553584398 INTRODUCE 36 10666
SEND 1553584398 INTRODUCE 36 15080
SEND 1553584398 INTRODUCE 36 13504
SEND 1553584398 INTRODUCE 36 36827
SEND 1553584398 INTRODUCE 36 10920
SEND 1553584398 JOIN 31 64456
RECIEVED 1553584398 INTRODUCE 36 37 3
RECIEVED 1553584398 INTRODUCE 37 37 3
RECIEVED 1553584398 INTRODUCE 36 37 3
RECIEVED 1553584398 INTRODUCE 36 37 3
RECIEVED 1553584398 INTRODUCE 36 37 3
RECIEVED 1553584398 INTRODUCE 36 37 3
RECIEVED 1553584398 INTRODUCE 36 37 3
SEND 1553584398 INTRODUCE 36 15567
SEND 1553584398 INTRODUCE 36 10427
SEND 1553584398 INTRODUCE 36 10760
SEND 1553584398 INTRODUCE 36 15641
SEND 1553584398 INTRODUCE 36 22079
SEND 1553584398 INTRODUCE 36 22151
SEND 1553584398 INTRODUCE 36 11537
SEND 1553584398 INTRODUCE 36 13521
SEND 1553584398 INTRODUCE 36 11439
SEND 1553584398 INTRODUCE 36 38189
SEND 1553584398 INTRODUCE 36 14775
SEND 1553584398 INTRODUCE 36 12071
SEND 1553584398 INTRODUCE 36 34963
SEND 1553584398 INTRODUCE 36 22423
SEND 1553584398 INTRODUCE 36 13991
SEND 1553584398 INTRODUCE 36 17121
SEND 1553584398 INTRODUCE 36 21367
SEND 1553584398 INTRODUCE 36 13942
SEND 1553584398 INTRODUCE 36 11455
SEND 1553584398 INTRODUCE 36 12075
SEND 1553584398 INTRODUCE 36 12646
SEND 1553584398 INTRODUCE 36 15372
SEND 1553584398 INTRODUCE 36 11790
SEND 1553584398 INTRODUCE 36 28210
SEND 1553584398 INTRODUCE 36 21399
SEND 1553584398 INTRODUCE 36 14885
SEND 1553584398 INTRODUCE 36 15371
SEND 1553584398 INTRODUCE 36 11766
SEND 1553584398 INTRODUCE 36 41069
SEND 1553584398 INTRODUCE 36 13882
SEND 1553584398 INTRODUCE 36 11583
SEND 1553584398 INTRODUCE 36 12374
SEND 1553584398 INTRODUCE 36 11993
SEND 1553584398 INTRODUCE 36 14860
SEND 1553584398 INTRODUCE 36 11644
SEND 1553584398 INTRODUCE 36 15808
SEND 1553584398 INTRODUCE 36 17881
SEND 1553584398 JOIN 31 16016
RECIEVED 1553584398 INTRODUCE 37 38 3
RECIEVED 1553584398 INTRODUCE 36 38 3
RECIEVED 1553584398 INTRODUCE 35 38 3
RECIEVED 1553584398 INTRODUCE 35 38 3
RECIEVED 1553584398 INTRODUCE 36 38 3
RECIEVED 1553584398 INTRODUCE 35 38 3
RECIEVED 1553584398 INTRODUCE 36 38 3
RECIEVED 1553584398 INTRODUCE 36 38 3
RECIEVED 1553584398 INTRODUCE 36 38 3
RECIEVED 1553584398 INTRODUCE 36 38 3
RECIEVED 1553584398 INTRODUCE 35 38 3
RECIEVED 1553584398 INTRODUCE 36 38 3
RECIEVED 1553584398 INTRODUCE 36 38 3
RECIEVED 1553584398 INTRODUCE 35 38 3
RECIEVED 1553584398 INTRODUCE 35 38 3
RECIEVED 1553584398 INTRODUCE 36 38 3
RECIEVED 1553584398 TRANSACTION 81 38 3
UPDATE 1553584398 TRANSACTION bd17be299693f7774830a3d8087991a5
SEND 1553584398 TRANSACTION 81 11002 bd17be299693f7774830a3d8087991a5
SEND 1553584398 TRANSACTION 81 12307 bd17be299693f7774830a3d8087991a5
SEND 1553584398 TRANSACTION 81 13611 bd17be299693f7774830a3d8087991a5
SEND 1553584398 TRANSACTION 81 14653 bd17be299693f7774830a3d8087991a5
SEND 1553584398 TRANSACTION 81 12877 bd17be299693f7774830a3d8087991a5
SEND 1553584398 TRANSACTION 81 15279 bd17be299693f7774830a3d8087991a5
SEND 1553584398 TRANSACTION 81 13743 bd17be299693f7774830a3d8087991a5
SEND 1553584398 TRANSACTION 81 29627 bd17be299693f7774830a3d8087991a5
SEND 1553584398 TRANSACTION 81 15895 bd17be299693f7774830a3d8087991a5
# recieved string JOIN node15 172.22.94.217 8015

SEND 1553584398 TRANSACTION 81 17001 bd17be299693f7774830a3d8087991a5
RECIEVED 1553584398 INTRODUCE 36 38 4
RECIEVED 1553584398 INTRODUCE 36 38 4
RECIEVED 1553584398 INTRODUCE 36 38 4
RECIEVED 1553584398 INTRODUCE 36 38 4
RECIEVED 1553584398 JOIN 31 38 4
RECIEVED 1553584398 INTRODUCE 36 38 4
RECIEVED 1553584398 INTRODUCE 36 38 4
RECIEVED 1553584398 INTRODUCE 37 38 4
RECIEVED 1553584398 INTRODUCE 36 38 4
RECIEVED 1553584398 INTRODUCE 36 38 4
RECIEVED 1553584398 INTRODUCE 35 38 4
RECIEVED 1553584398 INTRODUCE 36 38 4
RECIEVED 1553584398 INTRODUCE 36 38 4
RECIEVED 1553584398 INTRODUCE 35 38 4
RECIEVED 1553584398 INTRODUCE 35 38 4
RECIEVED 1553584398 INTRODUCE 36 38 4
RECIEVED 1553584398 INTRODUCE 36 38 4
RECIEVED 1553584398 INTRODUCE 36 38 4
RECIEVED 1553584398 INTRODUCE 36 38 4
RECIEVED 1553584398 INTRODUCE 36 38 4
RECIEVED 1553584398 INTRODUCE 35 38 4
RECIEVED 1553584398 INTRODUCE 36 38 4
RECIEVED 1553584398 INTRODUCE 35 38 4
RECIEVED 1553584398 INTRODUCE 36 38 4
RECIEVED 1553584398 INTRODUCE 36 38 4
RECIEVED 1553584398 INTRODUCE 36 38 4
RECIEVED 1553584398 INTRODUCE 35 38 4
RECIEVED 1553584398 INTRODUCE 35 38 4
RECIEVED 1553584398 INTRODUCE 36 38 4
RECIEVED 1553584398 INTRODUCE 37 38 4
RECIEVED 1553584398 INTRODUCE 37 38 4
RECIEVED 1553584398 INTRODUCE 37 38 4
SEND 1553584398 INTRODUCE 37 13018
SEND 1553584398 INTRODUCE 37 20889
SEND 1553584398 INTRODUCE 37 153691
SEND 1553584398 INTRODUCE 37 14877
SEND 1553584398 INTRODUCE 37 9904
SEND 1553584398 INTRODUCE 37 35780
SEND 1553584398 INTRODUCE 37 10439
SEND 1553584398 INTRODUCE 37 15305
SEND 1553584398 INTRODUCE 37 15145
SEND 1553584398 INTRODUCE 37 10165
SEND 1553584398 INTRODUCE 37 15393
SEND 1553584398 INTRODUCE 37 20936
SEND 1553584398 INTRODUCE 37 22904
SEND 1553584398 INTRODUCE 37 17098
# recieved string JOIN node5 172.22.156.208 8005

SEND 1553584398 INTRODUCE 37 12532
SEND 1553584398 INTRODUCE 37 14212
SEND 1553584398 INTRODUCE 37 11733
SEND 1553584398 INTRODUCE 37 11618
SEND 1553584398 INTRODUCE 37 10852
SEND 1553584398 INTRODUCE 37 12342
SEND 1553584398 INTRODUCE 37 60681
SEND 1553584398 INTRODUCE 37 19242
SEND 1553584398 INTRODUCE 37 11944
SEND 1553584398 INTRODUCE 37 53886
SEND 1553584398 INTRODUCE 37 11045
SEND 1553584398 INTRODUCE 37 14356
SEND 1553584398 INTRODUCE 37 10556
SEND 1553584398 INTRODUCE 37 11382
SEND 1553584398 INTRODUCE 37 17242
SEND 1553584398 INTRODUCE 37 33894
SEND 1553584398 INTRODUCE 37 14095
SEND 1553584398 INTRODUCE 37 10915
SEND 1553584398 INTRODUCE 37 16563
SEND 1553584398 INTRODUCE 37 14601
SEND 1553584398 INTRODUCE 37 40347
SEND 1553584398 INTRODUCE 37 14647
SEND 1553584398 INTRODUCE 37 11243
SEND 1553584398 INTRODUCE 37 14617
SEND 1553584398 JOIN 31 14176
RECIEVED 1553584398 INTRODUCE 36 39 4
RECIEVED 1553584398 INTRODUCE 37 39 4
RECIEVED 1553584398 JOIN 31 39 4
SEND 1553584398 INTRODUCE 36 10638
SEND 1553584398 INTRODUCE 36 12186
SEND 1553584398 INTRODUCE 35 10882
SEND 1553584398 INTRODUCE 37 11123
SEND 1553584398 INTRODUCE 35 15008
SEND 1553584398 INTRODUCE 36 41655
SEND 1553584398 INTRODUCE 37 13500
SEND 1553584398 INTRODUCE 36 26520
SEND 1553584398 INTRODUCE 36 35799
SEND 1553584398 INTRODUCE 35 37089
SEND 1553584398 INTRODUCE 36 31913
SEND 1553584398 INTRODUCE 36 10956
SEND 1553584398 INTRODUCE 35 10964
SEND 1553584398 INTRODUCE 35 9708
SEND 1553584398 INTRODUCE 36 11021
SEND 1553584398 INTRODUCE 36 13648
SEND 1553584398 INTRODUCE 36 10592
SEND 1553584398 INTRODUCE 36 21065
SEND 1553584398 INTRODUCE 36 22921
SEND 1553584398 INTRODUCE 36 10172
SEND 1553584398 INTRODUCE 36 10773
SEND 1553584398 INTRODUCE 37 10510
SEND 1553584398 INTRODUCE 35 14581
SEND 1553584398 INTRODUCE 35 15602
SEND 1553584398 INTRODUCE 36 9889
SEND 1553584398 INTRODUCE 36 18822
SEND 1553584398 INTRODUCE 37 16340
SEND 1553584398 INTRODUCE 36 20578
SEND 1553584398 INTRODUCE 36 10984
SEND 1553584398 INTRODUCE 37 9816
SEND 1553584398 INTRODUCE 35 9395
SEND 1553584398 INTRODUCE 36 26204
SEND 1553584398 INTRODUCE 37 14360
SEND 1553584398 INTRODUCE 36 9172
SEND 1553584398 INTRODUCE 36 35054
SEND 1553584398 INTRODUCE 37 44160
SEND 1553584398 INTRODUCE 35 10286
SEND 1553584398 INTRODUCE 35 9512
SEND 1553584398 INTRODUCE 36 40040
RECIEVED 1553584398 INTRODUCE 37 40 4
RECIEVED 1553584398 INTRODUCE 36 40 4
RECIEVED 1553584398 INTRODUCE 36 40 4
RECIEVED 1553584398 INTRODUCE 36 40 4
RECIEVED 1553584398 INTRODUCE 36 40 4
RECIEVED 1553584398 INTRODUCE 36 40 4
RECIEVED 1553584398 INTRODUCE 36 40 4
RECIEVED 1553584398 INTRODUCE 37 40 4
RECIEVED 1553584398 INTRODUCE 36 40 4
RECIEVED 1553584398 JOIN 31 40 4
RECIEVED 1553584398 INTRODUCE 37 40 4
RECIEVED 1553584398 INTRODUCE 36 40 4
RECIEVED 1553584398 INTRODUCE 35 40 4
RECIEVED 1553584398 INTRODUCE 35 40 4
RECIEVED 1553584398 INTRODUCE 36 40 4
RECIEVED 1553584398 INTRODUCE 37 40 4
RECIEVED 1553584398 TRANSACTION 81 40 4
RECIEVED 1553584398 INTRODUCE 36 40 4
RECIEVED 1553584398 INTRODUCE 37 40 4
RECIEVED 1553584398 INTRODUCE 37 40 4
RECIEVED 1553584398 INTRODUCE 36 40 4
RECIEVED 1553584398 INTRODUCE 37 40 4
RECIEVED 1553584398 INTRODUCE 37 40 4
RECIEVED 1553584398 INTRODUCE 37 40 4
RECIEVED 1553584398 INTRODUCE 37 40 4
RECIEVED 1553584398 INTRODUCE 36 40 4
RECIEVED 1553584398 INTRODUCE 35 40 4
RECIEVED 1553584398 INTRODUCE 35 40 4
RECIEVED 1553584398 INTRODUCE 36 40 4
RECIEVED 1553584398 INTRODUCE 35 40 4
RECIEVED 1553584398 INTRODUCE 37 40 4
RECIEVED 1553584398 INTRODUCE 36 40 4
RECIEVED 1553584398 INTRODUCE 37 40 4
RECIEVED 1553584398 INTRODUCE 36 40 4
RECIEVED 1553584398 INTRODUCE 36 40 4
RECIEVED 1553584398 TRANSACTION 81 40 4
RECIEVED 1553584398 INTRODUCE 35 40 4
RECIEVED 1553584398 INTRODUCE 36 40 4
RECIEVED 1553584398 INTRODUCE 37 40 4
RECIEVED 1553584398 INTRODUCE 36 40 4
RECIEVED 1553584398 INTRODUCE 37 40 4
RECIEVED 1553584398 INTRODUCE 37 40 4
RECIEVED 1553584398 TRANSACTION 81 40 4
RECIEVED 1553584398 INTRODUCE 36 40 4
RECIEVED 1553584398 INTRODUCE 36 40 4
RECIEVED 1553584398 INTRODUCE 36 40 4
RECIEVED 1553584398 TRANSACTION 81 40 4
RECIEVED 1553584398 INTRODUCE 37 40 4
RECIEVED 1553584398 INTRODUCE 37 40 4
# recieved string JOIN node0 172.22.156.208 8000

RECIEVED 1553584398 JOIN 31 40 4
# recieved string JOIN node7 172.22.156.208 8007

RECIEVED 1553584398 JOIN 31 40 4
SEND 1553584398 INTRODUCE 36 15575
SEND 1553584398 INTRODUCE 37 32941
SEND 1553584398 INTRODUCE 36 10958
SEND 1553584398 INTRODUCE 35 11143
SEND 1553584398 INTRODUCE 37 10605
SEND 1553584398 INTRODUCE 35 10386
SEND 1553584398 INTRODUCE 36 29399
SEND 1553584398 INTRODUCE 36 10906
SEND 1553584398 INTRODUCE 36 19596
SEND 1553584398 INTRODUCE 35 40942
SEND 1553584398 INTRODUCE 36 9447
SEND 1553584398 INTRODUCE 36 69671
SEND 1553584398 INTRODUCE 36 16556
SEND 1553584398 INTRODUCE 36 15390
SEND 1553584398 INTRODUCE 35 14659
SEND 1553584398 INTRODUCE 35 10964
SEND 1553584398 INTRODUCE 36 10886
SEND 1553584398 INTRODUCE 36 14690
SEND 1553584398 INTRODUCE 36 12676
SEND 1553584398 INTRODUCE 36 5204
SEND 1553584398 INTRODUCE 36 3968
SEND 1553584398 INTRODUCE 36 3617
SEND 1553584398 INTRODUCE 37 3768
SEND 1553584398 INTRODUCE 35 4543
SEND 1553584398 INTRODUCE 35 4435
SEND 1553584398 INTRODUCE 36 4181
SEND 1553584398 INTRODUCE 36 14690
SEND 1553584398 INTRODUCE 36 31132
SEND 1553584398 INTRODUCE 37 9738
SEND 1553584398 INTRODUCE 36 8678
SEND 1553584398 INTRODUCE 36 14028
SEND 1553584398 INTRODUCE 37 10554
SEND 1553584398 INTRODUCE 35 10740
SEND 1553584398 INTRODUCE 36 15481
SEND 1553584398 INTRODUCE 37 14349
SEND 1553584398 INTRODUCE 36 14855
SEND 1553584398 INTRODUCE 36 11192
SEND 1553584398 INTRODUCE 37 11251
SEND 1553584398 INTRODUCE 35 11384
SEND 1553584398 INTRODUCE 35 11000
RECIEVED 1553584398 INTRODUCE 35 41 4
RECIEVED 1553584398 INTRODUCE 36 41 4
RECIEVED 1553584398 INTRODUCE 36 41 4
RECIEVED 1553584398 INTRODUCE 36 41 4
RECIEVED 1553584398 TRANSACTION 81 41 4
RECIEVED 1553584398 INTRODUCE 36 41 4
RECIEVED 1553584398 INTRODUCE 37 41 4
RECIEVED 1553584398 INTRODUCE 35 41 4
RECIEVED 1553584398 INTRODUCE 37 41 4
RECIEVED 1553584398 INTRODUCE 36 41 4
RECIEVED 1553584398 INTRODUCE 37 41 4
RECIEVED 1553584398 INTRODUCE 36 41 4
RECIEVED 1553584398 INTRODUCE 37 41 4
RECIEVED 1553584398 TRANSACTION 80 41 4
UPDATE 1553584398 TRANSACTION 237d4725adf047a1ba9022223390c62a
SEND 1553584398 TRANSACTION 80 13701 237d4725adf047a1ba9022223390c62a
SEND 1553584398 TRANSACTION 80 13937 237d4725adf047a1ba9022223390c62a
SEND 1553584398 TRANSACTION 80 16139 237d4725adf047a1ba9022223390c62a
SEND 1553584398 TRANSACTION 80 12178 237d4725adf047a1ba9022223390c62a
SEND 1553584398 TRANSACTION 80 18964 237d4725adf047a1ba9022223390c62a
SEND 1553584398 TRANSACTION 80 14313 237d4725adf047a1ba9022223390c62a
SEND 1553584398 TRANSACTION 80 9869 237d4725adf047a1ba9022223390c62a
SEND 1553584398 TRANSACTION 80 11213 237d4725adf047a1ba9022223390c62a
SEND 1553584398 TRANSACTION 80 17431 237d4725adf047a1ba9022223390c62a
SEND 1553584398 TRANSACTION 80 19615 237d4725adf047a1ba9022223390c62a
# recieved string JOIN node13 172.22.156.208 8013

SEND 1553584398 TRANSACTION 80 16579 237d4725adf047a1ba9022223390c62a
SEND 1553584398 TRANSACTION 80 18440 237d4725adf047a1ba9022223390c62a
SEND 1553584398 TRANSACTION 80 24569 237d4725adf047a1ba9022223390c62a
RECIEVED 1553584398 TRANSACTION 80 41 5
RECIEVED 1553584398 INTRODUCE 37 41 5
RECIEVED 1553584398 INTRODUCE 37 41 5
RECIEVED 1553584398 INTRODUCE 36 41 5
RECIEVED 1553584398 JOIN 32 41 5
SEND 1553584398 INTRODUCE 37 11337
SEND 1553584398 INTRODUCE 35 24658
SEND 1553584398 INTRODUCE 36 14923
SEND 1553584398 INTRODUCE 37 11991
SEND 1553584398 INTRODUCE 36 11548
SEND 1553584398 INTRODUCE 35 10816
SEND 1553584398 INTRODUCE 36 13940
SEND 1553584398 INTRODUCE 35 13005
SEND 1553584398 INTRODUCE 36 19189
SEND 1553584398 INTRODUCE 36 14306
SEND 1553584398 INTRODUCE 35 22335
SEND 1553584398 INTRODUCE 35 58004
SEND 1553584398 INTRODUCE 36 16622
SEND 1553584398 INTRODUCE 36 21841
SEND 1553584398 INTRODUCE 36 22647
SEND 1553584398 INTRODUCE 36 13263
SEND 1553584398 INTRODUCE 36 16938
SEND 1553584398 INTRODUCE 36 14752
SEND 1553584398 INTRODUCE 36 14156
SEND 1553584398 INTRODUCE 36 14469
SEND 1553584398 INTRODUCE 36 16695
SEND 1553584398 INTRODUCE 37 10339
SEND 1553584398 INTRODUCE 35 14025
SEND 1553584398 INTRODUCE 35 10911
SEND 1553584398 INTRODUCE 36 10472
SEND 1553584398 INTRODUCE 36 10816
SEND 1553584398 INTRODUCE 37 20583
SEND 1553584398 INTRODUCE 35 14290
SEND 1553584398 INTRODUCE 36 10038
SEND 1553584398 INTRODUCE 36 10168
SEND 1553584398 INTRODUCE 36 56326
SEND 1553584398 INTRODUCE 37 15319
SEND 1553584398 INTRODUCE 36 10564
SEND 1553584398 INTRODUCE 37 10025
SEND 1553584398 INTRODUCE 35 10425
SEND 1553584398 INTRODUCE 35 15671
SEND 1553584398 INTRODUCE 36 11475
SEND 1553584398 INTRODUCE 37 10563
SEND 1553584398 INTRODUCE 36 11471
SEND 1553584398 INTRODUCE 36 15544
SEND 1553584398 INTRODUCE 36 14904
RECIEVED 1553584398 INTRODUCE 37 42 5
SEND 1553584398 INTRODUCE 37 16271
SEND 1553584398 INTRODUCE 37 15483
SEND 1553584398 INTRODUCE 37 21849
SEND 1553584398 INTRODUCE 37 14068
SEND 1553584398 INTRODUCE 37 11029
SEND 1553584398 INTRODUCE 37 54440
SEND 1553584398 INTRODUCE 37 11094
SEND 1553584398 INTRODUCE 37 17234
SEND 1553584398 INTRODUCE 37 15458
SEND 1553584398 INTRODUCE 37 18360
SEND 1553584398 INTRODUCE 37 15331
SEND 1553584398 INTRODUCE 37 15213
SEND 1553584398 INTRODUCE 37 14469
SEND 1553584398 INTRODUCE 37 11340
SEND 1553584398 INTRODUCE 37 12090
SEND 1553584398 INTRODUCE 37 15066
SEND 1553584398 INTRODUCE 37 14111
SEND 1553584398 INTRODUCE 37 13230
SEND 1553584398 INTRODUCE 37 16122
SEND 1553584398 INTRODUCE 37 14225
SEND 1553584398 INTRODUCE 37 15312
SEND 1553584398 INTRODUCE 37 11678
SEND 1553584398 INTRODUCE 37 11771
SEND 1553584398 INTRODUCE 37 11750
SEND 1553584398 INTRODUCE 37 12141
SEND 1553584398 INTRODUCE 37 26128
SEND 1553584398 INTRODUCE 37 26164
SEND 1553584398 INTRODUCE 37 11080
SEND 1553584398 INTRODUCE 37 11015
SEND 1553584398 INTRODUCE 37 36147
SEND 1553584398 INTRODUCE 37 13941
SEND 1553584398 INTRODUCE 37 11262
SEND 1553584398 INTRODUCE 37 21645
SEND 1553584398 INTRODUCE 37 14829
SEND 1553584398 INTRODUCE 37 11960
SEND 1553584398 INTRODUCE 37 20094
SEND 1553584398 INTRODUCE 37 15913
SEND 1553584398 INTRODUCE 37 13636
SEND 1553584398 INTRODUCE 37 12235
SEND 1553584398 INTRODUCE 37 10943
SEND 1553584398 INTRODUCE 37 15272
SEND 1553584398 INTRODUCE 37 14715
SEND 1553584398 JOIN 31 15955
RECIEVED 1553584398 INTRODUCE 35 43 5
RECIEVED 1553584398 INTRODUCE 37 43 5
RECIEVED 1553584398 INTRODUCE 37 43 5
RECIEVED 1553584398 INTRODUCE 35 43 5
RECIEVED 1553584398 INTRODUCE 36 43 5
RECIEVED 1553584398 INTRODUCE 37 43 5
RECIEVED 1553584398 INTRODUCE 36 43 5
RECIEVED 1553584398 INTRODUCE 36 43 5
RECIEVED 1553584398 INTRODUCE 36 43 5
RECIEVED 1553584398 INTRODUCE 37 43 5
RECIEVED 1553584398 TRANSACTION 80 43 5
RECIEVED 1553584398 TRANSACTION 81 43 5
RECIEVED 1553584398 TRANSACTION 80 43 5
RECIEVED 1553584398 INTRODUCE 37 43 5
RECIEVED 1553584398 INTRODUCE 37 43 5
RECIEVED 1553584398 INTRODUCE 37 43 5
RECIEVED 1553584398 INTRODUCE 37 43 5
RECIEVED 1553584398 INTRODUCE 37 43 5
RECIEVED 1553584398 INTRODUCE 36 43 5
RECIEVED 1553584398 TRANSACTION 80 43 5
RECIEVED 1553584398 TRANSACTION 81 43 5
RECIEVED 1553584398 INTRODUCE 35 43 5
RECIEVED 1553584398 INTRODUCE 35 43 5
RECIEVED 1553584398 INTRODUCE 37 43 5
RECIEVED 1553584398 TRANSACTION 80 43 5
RECIEVED 1553584398 INTRODUCE 36 43 5
RECIEVED 1553584398 TRANSACTION 80 43 5
RECIEVED 1553584398 INTRODUCE 36 43 5
RECIEVED 1553584398 INTRODUCE 36 43 5
RECIEVED 1553584398 INTRODUCE 37 43 5
RECIEVED 1553584398 INTRODUCE 35 43 5
RECIEVED 1553584398 INTRODUCE 35 43 5
RECIEVED 1553584398 INTRODUCE 35 43 5
RECIEVED 1553584398 INTRODUCE 37 43 5
RECIEVED 1553584398 INTRODUCE 36 43 5
RECIEVED 1553584398 INTRODUCE 36 43 5
RECIEVED 1553584398 INTRODUCE 37 43 5
RECIEVED 1553584398 INTRODUCE 37 43 5
# recieved string JOIN node14 172.22.156.208 8014

RECIEVED 1553584398 JOIN 32 43 5
SEND 1553584398 INTRODUCE 36 10461
SEND 1553584398 INTRODUCE 36 14797
# recieved string JOIN node11 172.22.156.208 8011

SEND 1553584398 INTRODUCE 36 13410
SEND 1553584398 INTRODUCE 36 10712
SEND 1553584398 INTRODUCE 37 9345
SEND 1553584398 INTRODUCE 35 22495
SEND 1553584398 INTRODUCE 35 74563
SEND 1553584398 INTRODUCE 36 24509
SEND 1553584398 INTRODUCE 36 9489
SEND 1553584398 INTRODUCE 37 9985
# Failed listening 
%!(EXTRA string=node10)# ERROR: read tcp 172.22.156.206:34266->172.22.94.217:8010: read: connection reset by peer
SEND 1553584398 INTRODUCE 35 11066
SEND 1553584398 INTRODUCE 36 14886
SEND 1553584398 INTRODUCE 36 9674
SEND 1553584398 INTRODUCE 36 9576
SEND 1553584398 INTRODUCE 37 10153
SEND 1553584398 INTRODUCE 36 9478
SEND 1553584398 INTRODUCE 37 133706
SEND 1553584398 INTRODUCE 37 20674
SEND 1553584398 INTRODUCE 35 50040
SEND 1553584398 INTRODUCE 35 13173
SEND 1553584398 INTRODUCE 36 14812
SEND 1553584398 INTRODUCE 37 10430
SEND 1553584398 INTRODUCE 36 11017
SEND 1553584398 INTRODUCE 36 10273
SEND 1553584398 INTRODUCE 36 14356
SEND 1553584398 INTRODUCE 37 9936
SEND 1553584398 INTRODUCE 35 10830
SEND 1553584398 INTRODUCE 36 10040
SEND 1553584398 INTRODUCE 37 9334
SEND 1553584398 INTRODUCE 36 10775
SEND 1553584398 INTRODUCE 35 40831
SEND 1553584398 INTRODUCE 36 34354
SEND 1553584398 INTRODUCE 35 11077
SEND 1553584398 INTRODUCE 36 10308
SEND 1553584398 INTRODUCE 37 10034
SEND 1553584398 INTRODUCE 36 9830
SEND 1553584398 INTRODUCE 35 14519
SEND 1553584398 INTRODUCE 35 9658
SEND 1553584398 INTRODUCE 36 9442
SEND 1553584398 INTRODUCE 36 15969
# recieved string JOIN node12 172.22.156.208 8012

SEND 1553584398 INTRODUCE 36 24601
SEND 1553584398 INTRODUCE 36 36910
SEND 1553584398 INTRODUCE 36 9930
RECIEVED 1553584398 INTRODUCE 37 44 5
RECIEVED 1553584398 JOIN 32 44 5
SEND 1553584398 INTRODUCE 36 9127
SEND 1553584398 INTRODUCE 37 10073
SEND 1553584398 INTRODUCE 35 10539
SEND 1553584398 INTRODUCE 35 11119
SEND 1553584398 INTRODUCE 36 19225
SEND 1553584398 INTRODUCE 36 11352
SEND 1553584398 INTRODUCE 37 16901
SEND 1553584398 INTRODUCE 35 54753
SEND 1553584398 INTRODUCE 36 15604
SEND 1553584398 INTRODUCE 36 10870
SEND 1553584398 INTRODUCE 36 10808
SEND 1553584398 INTRODUCE 37 11127
SEND 1553584398 INTRODUCE 37 9898
SEND 1553584398 INTRODUCE 36 4444
SEND 1553584398 INTRODUCE 37 9584
SEND 1553584398 INTRODUCE 35 8880
SEND 1553584398 INTRODUCE 35 8349
SEND 1553584398 INTRODUCE 36 14996
SEND 1553584398 INTRODUCE 37 9774
SEND 1553584398 INTRODUCE 36 9904
SEND 1553584398 INTRODUCE 36 10671
SEND 1553584398 INTRODUCE 35 11147
SEND 1553584398 INTRODUCE 37 50854
SEND 1553584398 INTRODUCE 35 10581
SEND 1553584398 INTRODUCE 36 14098
SEND 1553584398 INTRODUCE 37 15068
SEND 1553584398 INTRODUCE 36 14642
SEND 1553584398 INTRODUCE 36 10483
SEND 1553584398 INTRODUCE 36 10110
SEND 1553584398 INTRODUCE 35 14429
SEND 1553584398 INTRODUCE 36 25628
SEND 1553584398 INTRODUCE 37 11293
SEND 1553584398 INTRODUCE 36 13977
SEND 1553584398 INTRODUCE 35 10138
SEND 1553584398 INTRODUCE 35 9688
SEND 1553584398 INTRODUCE 36 8713
SEND 1553584398 INTRODUCE 36 11231
SEND 1553584398 INTRODUCE 36 10138
SEND 1553584398 INTRODUCE 36 15668
SEND 1553584398 INTRODUCE 36 18356
SEND 1553584398 INTRODUCE 36 10955
SEND 1553584398 INTRODUCE 36 9916
SEND 1553584398 INTRODUCE 36 16931
SEND 1553584398 INTRODUCE 37 15120
RECIEVED 1553584398 INTRODUCE 37 45 5
RECIEVED 1553584398 INTRODUCE 36 45 5
RECIEVED 1553584398 INTRODUCE 37 45 5
RECIEVED 1553584398 INTRODUCE 36 45 5
RECIEVED 1553584398 INTRODUCE 36 45 5
RECIEVED 1553584398 INTRODUCE 35 45 5
RECIEVED 1553584398 INTRODUCE 37 45 5
RECIEVED 1553584398 INTRODUCE 36 45 5
RECIEVED 1553584398 INTRODUCE 37 45 5
RECIEVED 1553584398 INTRODUCE 36 45 5
RECIEVED 1553584398 INTRODUCE 36 45 5
RECIEVED 1553584398 INTRODUCE 36 45 5
RECIEVED 1553584398 INTRODUCE 36 45 5
RECIEVED 1553584398 INTRODUCE 36 45 5
RECIEVED 1553584398 TRANSACTION 81 45 5
RECIEVED 1553584398 INTRODUCE 36 45 5
RECIEVED 1553584398 INTRODUCE 36 45 5
RECIEVED 1553584398 INTRODUCE 36 45 5
RECIEVED 1553584398 INTRODUCE 37 45 5
RECIEVED 1553584398 INTRODUCE 36 45 5
RECIEVED 1553584398 JOIN 32 45 5
SEND 1553584398 INTRODUCE 37 11145
SEND 1553584398 INTRODUCE 36 14356
SEND 1553584398 INTRODUCE 35 9504
SEND 1553584398 INTRODUCE 37 17706
SEND 1553584398 INTRODUCE 35 13707
SEND 1553584398 INTRODUCE 36 10603
SEND 1553584398 INTRODUCE 37 54347
SEND 1553584398 INTRODUCE 36 10283
# recieved string JOIN node10 172.22.156.208 8010

SEND 1553584398 INTRODUCE 36 25608
SEND 1553584398 INTRODUCE 35 21563
SEND 1553584398 INTRODUCE 36 15151
SEND 1553584398 INTRODUCE 36 10160
SEND 1553584398 INTRODUCE 36 59641
SEND 1553584398 INTRODUCE 36 11151
SEND 1553584398 INTRODUCE 36 14701
SEND 1553584398 INTRODUCE 35 10544
SEND 1553584398 INTRODUCE 35 9761
SEND 1553584398 INTRODUCE 36 15576
SEND 1553584398 INTRODUCE 37 9271
SEND 1553584398 INTRODUCE 36 15141
SEND 1553584398 INTRODUCE 36 11235
SEND 1553584398 INTRODUCE 36 9217
SEND 1553584398 INTRODUCE 36 10148
SEND 1553584398 INTRODUCE 36 10575
SEND 1553584398 INTRODUCE 37 10601
SEND 1553584398 INTRODUCE 35 9599
SEND 1553584398 INTRODUCE 35 14711
SEND 1553584398 INTRODUCE 36 11475
SEND 1553584398 INTRODUCE 36 10866
SEND 1553584398 INTRODUCE 36 10725
SEND 1553584398 INTRODUCE 37 4873
SEND 1553584398 INTRODUCE 36 4427
SEND 1553584398 INTRODUCE 36 4209
SEND 1553584398 INTRODUCE 37 4200
SEND 1553584398 INTRODUCE 35 4177
SEND 1553584398 INTRODUCE 37 4085
SEND 1553584398 INTRODUCE 36 3325
SEND 1553584398 INTRODUCE 37 10333
SEND 1553584398 INTRODUCE 36 14482
SEND 1553584398 INTRODUCE 36 10062
SEND 1553584398 INTRODUCE 37 11195
SEND 1553584398 INTRODUCE 35 10769
SEND 1553584398 INTRODUCE 35 22191
SEND 1553584398 INTRODUCE 36 11118
SEND 1553584398 INTRODUCE 37 16070
RECIEVED 1553584398 INTRODUCE 37 46 5
RECIEVED 1553584398 INTRODUCE 36 46 5
RECIEVED 1553584398 INTRODUCE 36 46 5
RECIEVED 1553584398 INTRODUCE 35 46 5
RECIEVED 1553584398 INTRODUCE 36 46 5
RECIEVED 1553584398 INTRODUCE 36 46 5
RECIEVED 1553584398 INTRODUCE 36 46 5
RECIEVED 1553584398 INTRODUCE 35 46 5
RECIEVED 1553584398 INTRODUCE 35 46 5
RECIEVED 1553584398 INTRODUCE 37 46 5
RECIEVED 1553584398 INTRODUCE 37 46 5
RECIEVED 1553584398 INTRODUCE 35 46 5
RECIEVED 1553584398 INTRODUCE 36 46 5
RECIEVED 1553584398 INTRODUCE 36 46 5
RECIEVED 1553584398 INTRODUCE 36 46 5
RECIEVED 1553584398 INTRODUCE 36 46 5
RECIEVED 1553584398 INTRODUCE 37 46 5
RECIEVED 1553584398 INTRODUCE 35 46 5
RECIEVED 1553584398 INTRODUCE 36 46 5
RECIEVED 1553584398 INTRODUCE 36 46 5
RECIEVED 1553584398 INTRODUCE 36 46 5
RECIEVED 1553584398 INTRODUCE 36 46 5
RECIEVED 1553584398 INTRODUCE 35 46 5
RECIEVED 1553584398 INTRODUCE 37 46 5
RECIEVED 1553584398 JOIN 32 46 5
RECIEVED 1553584398 INTRODUCE 36 46 5
RECIEVED 1553584398 INTRODUCE 36 46 5
RECIEVED 1553584398 INTRODUCE 36 46 5
RECIEVED 1553584398 INTRODUCE 36 46 5
RECIEVED 1553584398 INTRODUCE 36 46 5
RECIEVED 1553584398 INTRODUCE 37 46 5
RECIEVED 1553584398 INTRODUCE 35 46 5
RECIEVED 1553584398 INTRODUCE 36 46 5
RECIEVED 1553584398 INTRODUCE 35 46 5
RECIEVED 1553584398 INTRODUCE 35 46 5
RECIEVED 1553584398 INTRODUCE 36 46 5
RECIEVED 1553584398 INTRODUCE 36 46 5
RECIEVED 1553584398 INTRODUCE 37 46 5
RECIEVED 1553584398 INTRODUCE 37 46 5
RECIEVED 1553584398 INTRODUCE 36 46 5
RECIEVED 1553584398 INTRODUCE 35 46 5
RECIEVED 1553584398 INTRODUCE 36 46 5
RECIEVED 1553584398 INTRODUCE 36 46 5
RECIEVED 1553584398 INTRODUCE 36 46 5
RECIEVED 1553584398 INTRODUCE 36 46 5
# recieved string JOIN node16 172.22.94.217 8016

RECIEVED 1553584398 JOIN 31 46 5
SEND 1553584398 INTRODUCE 37 10864
SEND 1553584398 INTRODUCE 36 15639
SEND 1553584398 INTRODUCE 35 9852
SEND 1553584398 INTRODUCE 37 16605
SEND 1553584398 INTRODUCE 35 17000
SEND 1553584398 INTRODUCE 36 10942
SEND 1553584398 INTRODUCE 37 9843
SEND 1553584398 INTRODUCE 36 15096
SEND 1553584398 INTRODUCE 36 9409
SEND 1553584398 INTRODUCE 35 9728
SEND 1553584398 INTRODUCE 36 9590
SEND 1553584398 INTRODUCE 36 10913
SEND 1553584398 INTRODUCE 36 9636
SEND 1553584398 INTRODUCE 36 9262
SEND 1553584398 INTRODUCE 36 9616
SEND 1553584398 INTRODUCE 35 9172
SEND 1553584398 INTRODUCE 35 26401
SEND 1553584398 INTRODUCE 36 13687
SEND 1553584398 INTRODUCE 37 10804
SEND 1553584398 INTRODUCE 37 10856
SEND 1553584398 INTRODUCE 36 11354
SEND 1553584398 INTRODUCE 36 20764
SEND 1553584398 INTRODUCE 36 9556
SEND 1553584398 INTRODUCE 36 15127
SEND 1553584398 INTRODUCE 36 10923
SEND 1553584398 INTRODUCE 37 10957
SEND 1553584398 INTRODUCE 35 10808
SEND 1553584398 INTRODUCE 35 12961
SEND 1553584398 INTRODUCE 36 10379
SEND 1553584398 INTRODUCE 36 10776
SEND 1553584398 INTRODUCE 36 11501
SEND 1553584398 INTRODUCE 37 15318
SEND 1553584398 INTRODUCE 36 9620
SEND 1553584398 INTRODUCE 36 9999
SEND 1553584398 INTRODUCE 37 15320
SEND 1553584398 INTRODUCE 35 13946
SEND 1553584398 INTRODUCE 37 14374
SEND 1553584398 INTRODUCE 36 10353
SEND 1553584398 INTRODUCE 37 10467
SEND 1553584398 INTRODUCE 36 11581
SEND 1553584398 INTRODUCE 36 8993
SEND 1553584398 INTRODUCE 37 26532
SEND 1553584398 INTRODUCE 35 14171
SEND 1553584398 INTRODUCE 35 20333
SEND 1553584398 INTRODUCE 36 10723
SEND 1553584398 INTRODUCE 37 10716
RECIEVED 1553584398 INTRODUCE 36 47 5
RECIEVED 1553584398 INTRODUCE 36 47 5
RECIEVED 1553584398 INTRODUCE 35 47 5
RECIEVED 1553584398 INTRODUCE 36 47 5
RECIEVED 1553584398 INTRODUCE 36 47 5
RECIEVED 1553584398 INTRODUCE 36 47 5
RECIEVED 1553584398 INTRODUCE 35 47 5
RECIEVED 1553584398 INTRODUCE 37 47 5
RECIEVED 1553584398 INTRODUCE 36 47 5
RECIEVED 1553584398 INTRODUCE 36 47 5
RECIEVED 1553584398 INTRODUCE 37 47 5
RECIEVED 1553584398 INTRODUCE 37 47 5
RECIEVED 1553584398 INTRODUCE 36 47 5
RECIEVED 1553584398 INTRODUCE 36 47 5
RECIEVED 1553584398 INTRODUCE 36 47 5
RECIEVED 1553584398 INTRODUCE 35 47 5
RECIEVED 1553584398 INTRODUCE 36 47 5
RECIEVED 1553584398 INTRODUCE 36 47 5
RECIEVED 1553584398 INTRODUCE 35 47 5
RECIEVED 1553584398 INTRODUCE 36 47 5
RECIEVED 1553584398 INTRODUCE 36 47 5
RECIEVED 1553584398 INTRODUCE 37 47 5
RECIEVED 1553584398 INTRODUCE 36 47 5
RECIEVED 1553584398 INTRODUCE 36 47 5
RECIEVED 1553584398 INTRODUCE 37 47 5
RECIEVED 1553584398 INTRODUCE 36 47 5
RECIEVED 1553584398 INTRODUCE 36 47 5
RECIEVED 1553584398 INTRODUCE 35 47 5
RECIEVED 1553584398 TRANSACTION 80 47 5
RECIEVED 1553584398 INTRODUCE 36 47 5
RECIEVED 1553584398 INTRODUCE 36 47 5
RECIEVED 1553584398 INTRODUCE 36 47 5
RECIEVED 1553584398 INTRODUCE 36 47 5
RECIEVED 1553584398 INTRODUCE 35 47 5
RECIEVED 1553584398 INTRODUCE 35 47 5
RECIEVED 1553584398 INTRODUCE 36 47 5
RECIEVED 1553584398 INTRODUCE 36 47 5
RECIEVED 1553584398 INTRODUCE 36 47 5
RECIEVED 1553584398 INTRODUCE 35 47 5
RECIEVED 1553584398 INTRODUCE 36 47 5
RECIEVED 1553584398 INTRODUCE 36 47 5
RECIEVED 1553584398 INTRODUCE 37 47 5
RECIEVED 1553584398 INTRODUCE 36 47 5
RECIEVED 1553584398 INTRODUCE 35 47 5
RECIEVED 1553584398 INTRODUCE 36 47 5
RECIEVED 1553584398 INTRODUCE 36 47 5
RECIEVED 1553584398 INTRODUCE 36 47 5
RECIEVED 1553584398 INTRODUCE 37 47 5
RECIEVED 1553584398 INTRODUCE 37 47 5
RECIEVED 1553584398 INTRODUCE 36 47 5
RECIEVED 1553584398 INTRODUCE 36 47 5
RECIEVED 1553584398 INTRODUCE 36 47 5
RECIEVED 1553584398 INTRODUCE 37 47 5
RECIEVED 1553584398 INTRODUCE 36 47 5
RECIEVED 1553584398 INTRODUCE 35 47 5
RECIEVED 1553584398 INTRODUCE 37 47 5
RECIEVED 1553584398 INTRODUCE 36 47 5
RECIEVED 1553584398 INTRODUCE 36 47 5
RECIEVED 1553584398 INTRODUCE 36 47 5
RECIEVED 1553584398 INTRODUCE 36 47 5
RECIEVED 1553584398 INTRODUCE 35 47 5
RECIEVED 1553584398 INTRODUCE 37 47 5
RECIEVED 1553584398 INTRODUCE 36 47 5
RECIEVED 1553584398 INTRODUCE 36 47 5
RECIEVED 1553584398 INTRODUCE 36 47 5
RECIEVED 1553584398 TRANSACTION 80 47 5
RECIEVED 1553584398 INTRODUCE 35 47 5
RECIEVED 1553584398 INTRODUCE 37 47 5
RECIEVED 1553584398 INTRODUCE 35 47 5
RECIEVED 1553584398 INTRODUCE 36 47 5
SEND 1553584398 INTRODUCE 36 14581
SEND 1553584398 INTRODUCE 36 15222
SEND 1553584398 INTRODUCE 36 34410
SEND 1553584398 INTRODUCE 36 10772
SEND 1553584398 INTRODUCE 36 13643
SEND 1553584398 INTRODUCE 36 14033
SEND 1553584398 INTRODUCE 36 11339
SEND 1553584398 INTRODUCE 36 15969
SEND 1553584398 INTRODUCE 36 15872
SEND 1553584398 INTRODUCE 36 15943
SEND 1553584398 INTRODUCE 36 20199
SEND 1553584398 INTRODUCE 36 10523
SEND 1553584398 INTRODUCE 36 11034
SEND 1553584398 INTRODUCE 36 44266
# recieved string JOIN node9 172.22.156.208 8009

SEND 1553584398 INTRODUCE 36 13910
SEND 1553584398 INTRODUCE 36 11371
SEND 1553584398 INTRODUCE 36 16990
SEND 1553584399 INTRODUCE 36 10839
SEND 1553584399 INTRODUCE 36 10266
SEND 1553584399 INTRODUCE 36 11688
SEND 1553584399 INTRODUCE 36 9582
SEND 1553584399 INTRODUCE 36 13265
# Failed sending to node node10
# ERROR: write tcp 172.22.156.206:34266->172.22.94.217:8010: write: broken pipe
SEND 1553584399 INTRODUCE 36 19445
SEND 1553584399 INTRODUCE 36 11560
SEND 1553584399 INTRODUCE 36 15226
SEND 1553584399 INTRODUCE 36 10025
SEND 1553584399 INTRODUCE 36 14678
SEND 1553584399 INTRODUCE 36 15161
SEND 1553584399 INTRODUCE 36 16295
SEND 1553584399 INTRODUCE 36 11197
SEND 1553584399 INTRODUCE 36 16577
SEND 1553584399 INTRODUCE 36 19605
SEND 1553584399 INTRODUCE 36 14654
SEND 1553584399 INTRODUCE 36 11504
SEND 1553584399 INTRODUCE 36 12003
SEND 1553584399 INTRODUCE 36 15345
SEND 1553584399 INTRODUCE 36 16492
SEND 1553584399 INTRODUCE 36 10625
SEND 1553584399 INTRODUCE 36 10942
# recieved string JOIN node18 172.22.94.217 8018

SEND 1553584399 INTRODUCE 36 14466
SEND 1553584399 INTRODUCE 36 20825
SEND 1553584399 INTRODUCE 36 11205
SEND 1553584399 INTRODUCE 36 11528
SEND 1553584399 INTRODUCE 36 10659
SEND 1553584399 INTRODUCE 36 102956
SEND 1553584399 INTRODUCE 36 14824
SEND 1553584399 JOIN 31 11583
RECIEVED 1553584399 INTRODUCE 36 48 5
RECIEVED 1553584399 TRANSACTION 80 48 5
RECIEVED 1553584399 INTRODUCE 35 48 5
RECIEVED 1553584399 INTRODUCE 36 48 5
RECIEVED 1553584399 INTRODUCE 36 48 5
RECIEVED 1553584399 JOIN 31 48 5
RECIEVED 1553584399 INTRODUCE 35 48 5
RECIEVED 1553584399 INTRODUCE 36 48 5
RECIEVED 1553584399 INTRODUCE 36 48 5
RECIEVED 1553584399 INTRODUCE 36 48 5
RECIEVED 1553584399 INTRODUCE 37 48 5
RECIEVED 1553584399 INTRODUCE 36 48 5
RECIEVED 1553584399 INTRODUCE 36 48 5
RECIEVED 1553584399 INTRODUCE 36 48 5
RECIEVED 1553584399 INTRODUCE 36 48 5
RECIEVED 1553584399 INTRODUCE 36 48 5
RECIEVED 1553584399 INTRODUCE 36 48 5
RECIEVED 1553584399 INTRODUCE 36 48 5
RECIEVED 1553584399 INTRODUCE 37 48 5
RECIEVED 1553584399 TRANSACTION 82 48 5
UPDATE 1553584399 TRANSACTION 10c559047e16f9489d8a0b01f238a006
SEND 1553584399 TRANSACTION 82 10245 10c559047e16f9489d8a0b01f238a006
SEND 1553584399 TRANSACTION 82 21007 10c559047e16f9489d8a0b01f238a006
SEND 1553584399 TRANSACTION 82 11725 10c559047e16f9489d8a0b01f238a006
SEND 1553584399 TRANSACTION 82 15580 10c559047e16f9489d8a0b01f238a006
SEND 1553584399 TRANSACTION 82 14781 10c559047e16f9489d8a0b01f238a006
SEND 1553584399 TRANSACTION 82 20080 10c559047e16f9489d8a0b01f238a006
SEND 1553584399 TRANSACTION 82 17763 10c559047e16f9489d8a0b01f238a006
SEND 1553584399 TRANSACTION 82 9928 10c559047e16f9489d8a0b01f238a006
SEND 1553584399 TRANSACTION 82 14611 10c559047e16f9489d8a0b01f238a006
SEND 1553584399 TRANSACTION 82 15520 10c559047e16f9489d8a0b01f238a006
SEND 1553584399 TRANSACTION 82 20899 10c559047e16f9489d8a0b01f238a006
SEND 1553584399 TRANSACTION 82 14696 10c559047e16f9489d8a0b01f238a006
SEND 1553584399 TRANSACTION 82 10666 10c559047e16f9489d8a0b01f238a006
SEND 1553584399 TRANSACTION 82 10474 10c559047e16f9489d8a0b01f238a006
SEND 1553584399 TRANSACTION 82 13880 10c559047e16f9489d8a0b01f238a006
# recieved string JOIN node17 172.22.94.217 8017

SEND 1553584399 TRANSACTION 82 32720 10c559047e16f9489d8a0b01f238a006
SEND 1553584399 TRANSACTION 82 62233 10c559047e16f9489d8a0b01f238a006
SEND 1553584399 TRANSACTION 82 11416 10c559047e16f9489d8a0b01f238a006
SEND 1553584399 TRANSACTION 82 10000 10c559047e16f9489d8a0b01f238a006
SEND 1553584399 TRANSACTION 82 20117 10c559047e16f9489d8a0b01f238a006
SEND 1553584399 TRANSACTION 82 16223 10c559047e16f9489d8a0b01f238a006
SEND 1553584399 TRANSACTION 82 14369 10c559047e16f9489d8a0b01f238a006
SEND 1553584399 TRANSACTION 82 11344 10c559047e16f9489d8a0b01f238a006
SEND 1553584399 TRANSACTION 82 16723 10c559047e16f9489d8a0b01f238a006
RECIEVED 1553584399 JOIN 31 48 6
SEND 1553584399 INTRODUCE 37 12391
SEND 1553584399 INTRODUCE 36 9410
SEND 1553584399 INTRODUCE 36 10703
SEND 1553584399 INTRODUCE 37 10830
SEND 1553584399 INTRODUCE 35 10705
# Failed listening 
%!(EXTRA string=node1)# ERROR: read tcp 172.22.156.206:37036->172.22.94.217:8001: read: connection reset by peer
SEND 1553584399 INTRODUCE 36 33746
SEND 1553584399 INTRODUCE 37 10520
SEND 1553584399 INTRODUCE 36 10353
SEND 1553584399 INTRODUCE 35 10659
SEND 1553584399 INTRODUCE 36 10882
SEND 1553584399 INTRODUCE 35 10430
SEND 1553584399 INTRODUCE 36 9312
SEND 1553584399 INTRODUCE 37 11078
SEND 1553584399 INTRODUCE 36 10294
SEND 1553584399 INTRODUCE 35 14485
SEND 1553584399 INTRODUCE 35 15170
SEND 1553584399 INTRODUCE 36 19901
SEND 1553584399 INTRODUCE 36 9961
SEND 1553584399 INTRODUCE 36 15607
SEND 1553584399 INTRODUCE 36 10417
SEND 1553584399 INTRODUCE 36 9571
SEND 1553584399 INTRODUCE 36 10676
SEND 1553584399 INTRODUCE 36 14280
SEND 1553584399 INTRODUCE 36 10757
SEND 1553584399 INTRODUCE 36 10464
SEND 1553584399 INTRODUCE 37 11080
SEND 1553584399 INTRODUCE 37 11001
SEND 1553584399 INTRODUCE 36 31467
SEND 1553584399 INTRODUCE 37 10719
SEND 1553584399 INTRODUCE 35 10354
SEND 1553584399 INTRODUCE 35 15230
SEND 1553584399 INTRODUCE 36 11899
SEND 1553584399 INTRODUCE 36 16324
SEND 1553584399 INTRODUCE 37 15064
SEND 1553584399 INTRODUCE 35 10980
SEND 1553584399 INTRODUCE 36 10103
SEND 1553584399 INTRODUCE 36 9919
SEND 1553584399 INTRODUCE 36 16046
SEND 1553584399 INTRODUCE 37 64858
SEND 1553584399 INTRODUCE 36 22006
SEND 1553584399 INTRODUCE 37 16554
SEND 1553584399 INTRODUCE 37 10681
SEND 1553584399 INTRODUCE 35 9796
SEND 1553584399 INTRODUCE 35 11061
SEND 1553584399 INTRODUCE 36 10611
SEND 1553584399 INTRODUCE 37 27675
SEND 1553584399 INTRODUCE 36 15249
SEND 1553584399 INTRODUCE 36 15361
RECIEVED 1553584399 INTRODUCE 37 49 6
RECIEVED 1553584399 INTRODUCE 35 49 6
RECIEVED 1553584399 INTRODUCE 36 49 6
RECIEVED 1553584399 INTRODUCE 36 49 6
SEND 1553584399 INTRODUCE 36 15323
SEND 1553584399 INTRODUCE 36 10142
SEND 1553584399 INTRODUCE 36 10035
SEND 1553584399 INTRODUCE 36 14212
SEND 1553584399 INTRODUCE 36 20844
# Failed sending to node node10
# ERROR: write tcp 172.22.156.206:34266->172.22.94.217:8010: write: broken pipe
# recieved string JOIN node17 172.22.156.208 8017

# recieved string JOIN node18 172.22.156.206 8018

# recieved string JOIN node17 172.22.156.206 8017

# recieved string JOIN node15 172.22.156.208 8015

# Failed listening 
%!(EXTRA string=node4)# ERROR: read tcp 172.22.156.206:51150->172.22.94.217:8004: read: connection reset by peer
# recieved string JOIN node18 172.22.156.208 8018

# recieved string JOIN node16 172.22.156.208 8016

# recieved string JOIN node19 172.22.156.208 8019

# Failed listening 
%!(EXTRA string=node9)# ERROR: EOF
