# recieved string JOIN node11 172.22.156.208 8011

RECIEVED 1553584398 INTRODUCE 36 0 0
SEND 1553584398 JOIN 32 14248
RECIEVED 1553584398 JOIN 32 1 0
SEND 1553584398 INTRODUCE 36 10924
RECIEVED 1553584398 INTRODUCE 36 2 0
SEND 1553584398 INTRODUCE 36 15091
SEND 1553584398 INTRODUCE 36 10923
SEND 1553584398 JOIN 32 12019
RECIEVED 1553584398 INTRODUCE 36 3 0
SEND 1553584398 INTRODUCE 36 12604
SEND 1553584398 INTRODUCE 36 11263
SEND 1553584398 INTRODUCE 36 14655
SEND 1553584398 JOIN 32 29033
RECIEVED 1553584398 INTRODUCE 36 4 0
SEND 1553584398 INTRODUCE 36 26153
SEND 1553584398 INTRODUCE 36 11160
SEND 1553584398 INTRODUCE 36 11584
SEND 1553584398 INTRODUCE 36 36587
SEND 1553584398 JOIN 32 10899
RECIEVED 1553584398 INTRODUCE 36 5 0
SEND 1553584398 INTRODUCE 36 14170
SEND 1553584398 INTRODUCE 36 15304
SEND 1553584398 INTRODUCE 36 34185
SEND 1553584398 INTRODUCE 36 10766
SEND 1553584398 INTRODUCE 36 11693
SEND 1553584398 JOIN 32 11421
RECIEVED 1553584398 INTRODUCE 36 6 0
RECIEVED 1553584398 INTRODUCE 35 6 0
SEND 1553584398 INTRODUCE 35 21663
SEND 1553584398 INTRODUCE 35 14998
SEND 1553584398 INTRODUCE 35 11018
SEND 1553584398 INTRODUCE 35 13425
SEND 1553584398 INTRODUCE 35 22290
SEND 1553584398 INTRODUCE 35 22648
SEND 1553584398 JOIN 32 20419
RECIEVED 1553584398 INTRODUCE 36 7 0
SEND 1553584398 INTRODUCE 36 12405
SEND 1553584398 INTRODUCE 36 10983
SEND 1553584398 INTRODUCE 36 16300
SEND 1553584398 INTRODUCE 36 15848
SEND 1553584398 INTRODUCE 36 10935
SEND 1553584398 INTRODUCE 36 21911
SEND 1553584398 INTRODUCE 36 46871
SEND 1553584398 JOIN 32 17435
RECIEVED 1553584398 INTRODUCE 36 8 0
RECIEVED 1553584398 INTRODUCE 36 8 0
SEND 1553584398 INTRODUCE 36 10271
SEND 1553584398 INTRODUCE 36 9588
SEND 1553584398 INTRODUCE 36 10827
SEND 1553584398 INTRODUCE 36 9599
SEND 1553584398 INTRODUCE 36 10746
SEND 1553584398 INTRODUCE 36 22684
SEND 1553584398 INTRODUCE 36 14439
SEND 1553584398 INTRODUCE 36 14019
SEND 1553584398 JOIN 32 11902
RECIEVED 1553584398 INTRODUCE 35 9 0
RECIEVED 1553584398 INTRODUCE 36 9 0
SEND 1553584398 INTRODUCE 36 12060
# recieved string JOIN node6 172.22.94.217 8006

SEND 1553584398 INTRODUCE 36 55556
SEND 1553584398 INTRODUCE 36 19629
SEND 1553584398 INTRODUCE 36 10142
SEND 1553584398 INTRODUCE 36 13379
SEND 1553584398 INTRODUCE 36 16530
SEND 1553584398 INTRODUCE 36 11718
SEND 1553584398 INTRODUCE 36 26671
SEND 1553584398 INTRODUCE 36 10399
SEND 1553584398 JOIN 32 23084
RECIEVED 1553584398 INTRODUCE 36 10 0
SEND 1553584398 INTRODUCE 36 21668
# recieved string JOIN node0 172.22.94.217 8000

SEND 1553584398 INTRODUCE 36 11332
SEND 1553584398 INTRODUCE 36 10270
SEND 1553584398 INTRODUCE 36 11013
SEND 1553584398 INTRODUCE 36 14351
SEND 1553584398 INTRODUCE 36 23510
SEND 1553584398 INTRODUCE 36 13669
SEND 1553584398 INTRODUCE 36 17066
SEND 1553584398 INTRODUCE 36 10712
SEND 1553584398 INTRODUCE 36 20854
SEND 1553584398 JOIN 32 21000
RECIEVED 1553584398 INTRODUCE 36 11 0
SEND 1553584398 INTRODUCE 36 33212
# recieved string JOIN node6 172.22.156.206 8006

# recieved string JOIN node12 172.22.156.206 8012

# recieved string JOIN node3 172.22.156.206 8003

SEND 1553584398 INTRODUCE 36 10360
SEND 1553584398 INTRODUCE 36 12402
SEND 1553584398 INTRODUCE 36 10897
SEND 1553584398 INTRODUCE 36 11360
SEND 1553584398 INTRODUCE 36 26502
SEND 1553584398 INTRODUCE 36 11765
SEND 1553584398 INTRODUCE 36 77495
SEND 1553584398 INTRODUCE 36 13251
# recieved string JOIN node1 172.22.94.217 8001

# recieved string JOIN node7 172.22.156.206 8007

# recieved string JOIN node13 172.22.156.206 8013

SEND 1553584398 INTRODUCE 36 11722
SEND 1553584398 INTRODUCE 36 16938
# recieved string JOIN node7 172.22.94.217 8007

SEND 1553584398 JOIN 32 15080
RECIEVED 1553584398 INTRODUCE 37 12 0
SEND 1553584398 INTRODUCE 37 20380
# recieved string JOIN node1 172.22.156.206 8001

SEND 1553584398 INTRODUCE 37 18310
SEND 1553584398 INTRODUCE 37 11897
SEND 1553584398 INTRODUCE 37 22083
SEND 1553584398 INTRODUCE 37 27198
SEND 1553584398 INTRODUCE 37 13319
SEND 1553584398 INTRODUCE 37 15082
SEND 1553584398 INTRODUCE 37 9744
SEND 1553584398 INTRODUCE 37 68289
SEND 1553584398 INTRODUCE 37 15643
# recieved string JOIN node2 172.22.156.206 8002

SEND 1553584398 INTRODUCE 37 16556
SEND 1553584398 INTRODUCE 37 27512
# recieved string JOIN node5 172.22.156.206 8005

SEND 1553584398 JOIN 32 14670
RECIEVED 1553584398 INTRODUCE 36 13 0
SEND 1553584398 INTRODUCE 36 14701
SEND 1553584398 INTRODUCE 36 15131
SEND 1553584398 INTRODUCE 36 20939
SEND 1553584398 INTRODUCE 36 27044
SEND 1553584398 INTRODUCE 36 14260
SEND 1553584398 INTRODUCE 36 14628
SEND 1553584398 INTRODUCE 36 13373
SEND 1553584398 INTRODUCE 36 14881
SEND 1553584398 INTRODUCE 36 12649
# recieved string JOIN node2 172.22.94.217 8002

SEND 1553584398 INTRODUCE 36 10652
SEND 1553584398 INTRODUCE 36 32904
SEND 1553584398 INTRODUCE 36 10623
SEND 1553584398 INTRODUCE 36 31394
SEND 1553584398 JOIN 32 22739
# recieved string JOIN node10 172.22.94.217 8010

RECIEVED 1553584398 INTRODUCE 35 14 0
SEND 1553584398 INTRODUCE 35 14811
SEND 1553584398 INTRODUCE 35 13119
SEND 1553584398 INTRODUCE 35 15637
SEND 1553584398 INTRODUCE 35 15562
SEND 1553584398 INTRODUCE 35 14738
SEND 1553584398 INTRODUCE 35 10582
SEND 1553584398 INTRODUCE 35 29488
SEND 1553584398 INTRODUCE 35 16256
SEND 1553584398 INTRODUCE 35 14300
SEND 1553584398 INTRODUCE 35 14466
SEND 1553584398 INTRODUCE 35 38775
SEND 1553584398 INTRODUCE 35 36637
SEND 1553584398 INTRODUCE 35 10830
SEND 1553584398 INTRODUCE 35 27307
SEND 1553584398 JOIN 32 13689
RECIEVED 1553584398 JOIN 30 15 0
SEND 1553584398 INTRODUCE 36 15834
SEND 1553584398 INTRODUCE 35 10041
SEND 1553584398 INTRODUCE 36 10611
SEND 1553584398 INTRODUCE 35 16365
SEND 1553584398 INTRODUCE 36 15444
SEND 1553584398 INTRODUCE 37 40760
SEND 1553584398 INTRODUCE 36 15730
SEND 1553584398 INTRODUCE 36 16852
SEND 1553584398 INTRODUCE 36 19835
SEND 1553584398 INTRODUCE 36 11892
# recieved string JOIN node8 172.22.156.206 8008

SEND 1553584398 INTRODUCE 37 10568
SEND 1553584398 INTRODUCE 36 11040
SEND 1553584398 INTRODUCE 36 15189
SEND 1553584398 INTRODUCE 36 10656
SEND 1553584398 INTRODUCE 36 15598
RECIEVED 1553584398 INTRODUCE 35 16 0
SEND 1553584398 INTRODUCE 35 14836
SEND 1553584398 INTRODUCE 35 16881
SEND 1553584398 INTRODUCE 35 15113
SEND 1553584398 INTRODUCE 35 14280
SEND 1553584398 INTRODUCE 35 11135
SEND 1553584398 INTRODUCE 35 34342
SEND 1553584398 INTRODUCE 35 12531
SEND 1553584398 INTRODUCE 35 59848
SEND 1553584398 INTRODUCE 35 12475
# recieved string JOIN node0 172.22.156.206 8000

SEND 1553584398 INTRODUCE 35 52969
# recieved string JOIN node10 172.22.156.206 8010

SEND 1553584398 INTRODUCE 35 17656
SEND 1553584398 INTRODUCE 35 13780
SEND 1553584398 INTRODUCE 35 8476
SEND 1553584398 INTRODUCE 35 11081
SEND 1553584398 INTRODUCE 35 14344
SEND 1553584398 INTRODUCE 35 11552
SEND 1553584398 JOIN 32 35477
RECIEVED 1553584398 INTRODUCE 37 17 0
SEND 1553584398 INTRODUCE 37 31025
SEND 1553584398 INTRODUCE 37 27757
SEND 1553584398 INTRODUCE 37 17965
SEND 1553584398 INTRODUCE 37 11629
SEND 1553584398 INTRODUCE 37 24687
SEND 1553584398 INTRODUCE 37 16880
SEND 1553584398 INTRODUCE 37 14005
SEND 1553584398 INTRODUCE 37 11856
SEND 1553584398 INTRODUCE 37 10946
SEND 1553584398 INTRODUCE 37 11104
# recieved string JOIN node5 172.22.94.217 8005

SEND 1553584398 INTRODUCE 37 14558
SEND 1553584398 INTRODUCE 37 11103
SEND 1553584398 INTRODUCE 37 10438
SEND 1553584398 INTRODUCE 37 15461
SEND 1553584398 INTRODUCE 37 14106
SEND 1553584398 INTRODUCE 37 11468
SEND 1553584398 INTRODUCE 37 14031
# recieved string JOIN node11 172.22.94.217 8011

SEND 1553584398 JOIN 32 15082
RECIEVED 1553584398 INTRODUCE 36 18 0
RECIEVED 1553584398 INTRODUCE 36 18 0
SEND 1553584398 INTRODUCE 36 11023
SEND 1553584398 INTRODUCE 36 10841
SEND 1553584398 INTRODUCE 36 14264
SEND 1553584398 INTRODUCE 36 15045
SEND 1553584398 INTRODUCE 36 10778
# recieved string JOIN node9 172.22.156.206 8009

SEND 1553584398 INTRODUCE 36 14546
SEND 1553584398 INTRODUCE 36 27789
SEND 1553584398 INTRODUCE 36 20722
# recieved string JOIN node12 172.22.94.217 8012

SEND 1553584398 INTRODUCE 36 13377
# recieved string JOIN node4 172.22.94.217 8004

SEND 1553584398 INTRODUCE 36 65199
SEND 1553584398 INTRODUCE 36 14975
SEND 1553584398 INTRODUCE 36 14995
SEND 1553584398 INTRODUCE 36 20130
SEND 1553584398 INTRODUCE 36 10811
SEND 1553584398 INTRODUCE 36 15165
SEND 1553584398 INTRODUCE 36 15078
SEND 1553584398 INTRODUCE 36 24967
SEND 1553584398 INTRODUCE 36 34192
SEND 1553584398 JOIN 32 31669
RECIEVED 1553584398 INTRODUCE 36 19 0
SEND 1553584398 INTRODUCE 36 32179
SEND 1553584398 INTRODUCE 36 14090
SEND 1553584398 INTRODUCE 36 10624
SEND 1553584398 INTRODUCE 36 14721
SEND 1553584398 INTRODUCE 36 32792
SEND 1553584398 INTRODUCE 36 15266
# recieved string JOIN node3 172.22.94.217 8003

SEND 1553584398 INTRODUCE 36 33097
SEND 1553584398 INTRODUCE 36 10806
SEND 1553584398 INTRODUCE 36 32601
SEND 1553584398 INTRODUCE 36 10450
SEND 1553584398 INTRODUCE 36 16100
SEND 1553584398 INTRODUCE 36 10565
SEND 1553584398 INTRODUCE 36 12101
SEND 1553584398 INTRODUCE 36 15491
SEND 1553584398 INTRODUCE 36 14120
SEND 1553584398 INTRODUCE 36 45487
SEND 1553584398 INTRODUCE 36 40082
SEND 1553584398 INTRODUCE 36 9624
# Failed listening 
%!(EXTRA string=node0)# ERROR: read tcp 172.22.156.206:35762->172.22.156.206:8000: read: connection reset by peer
SEND 1553584398 INTRODUCE 36 10876
SEND 1553584398 JOIN 32 18527
RECIEVED 1553584398 INTRODUCE 36 20 0
SEND 1553584398 INTRODUCE 36 14797
SEND 1553584398 INTRODUCE 36 10950
SEND 1553584398 INTRODUCE 36 13867
SEND 1553584398 INTRODUCE 36 31446
SEND 1553584398 INTRODUCE 36 22004
SEND 1553584398 INTRODUCE 36 13210
SEND 1553584398 INTRODUCE 36 12115
SEND 1553584398 INTRODUCE 36 21134
SEND 1553584398 INTRODUCE 36 11488
SEND 1553584398 INTRODUCE 36 14956
SEND 1553584398 INTRODUCE 36 10985
SEND 1553584398 INTRODUCE 36 11047
SEND 1553584398 INTRODUCE 36 21002
SEND 1553584398 INTRODUCE 36 14646
SEND 1553584398 INTRODUCE 36 15329
SEND 1553584398 INTRODUCE 36 30871
SEND 1553584398 INTRODUCE 36 11749
SEND 1553584398 INTRODUCE 36 14806
# Failed sending to node node0
# ERROR: write tcp 172.22.156.206:35762->172.22.156.206:8000: write: broken pipe
SEND 1553584398 INTRODUCE 36 10413
SEND 1553584398 JOIN 32 13890
RECIEVED 1553584398 INTRODUCE 35 21 0
SEND 1553584398 INTRODUCE 35 11036
SEND 1553584398 INTRODUCE 35 14937
SEND 1553584398 INTRODUCE 35 14839
SEND 1553584398 INTRODUCE 35 33011
SEND 1553584398 INTRODUCE 35 20643
SEND 1553584398 INTRODUCE 35 11446
SEND 1553584398 INTRODUCE 35 21323
SEND 1553584398 INTRODUCE 35 15112
SEND 1553584398 INTRODUCE 35 14158
SEND 1553584398 INTRODUCE 35 10733
SEND 1553584398 INTRODUCE 35 16796
# Failed sending to node node0
# ERROR: write tcp 172.22.156.206:35762->172.22.156.206:8000: write: broken pipe
# recieved string JOIN node11 172.22.156.206 8011

# Failed listening 
%!(EXTRA string=node1)# ERROR: read tcp 172.22.156.206:35996->172.22.156.206:8001: read: connection reset by peer
# Failed listening 
%!(EXTRA string=node10)# ERROR: read tcp 172.22.156.206:34480->172.22.94.217:8010: read: connection reset by peer
# recieved string JOIN node14 172.22.156.208 8014

# Failed listening 
%!(EXTRA string=node5)# ERROR: read tcp 172.22.156.206:47896->172.22.94.217:8005: read: connection reset by peer
# Failed listening 
%!(EXTRA string=node12)# ERROR: read tcp 172.22.156.206:43334->172.22.156.206:8012: read: connection reset by peer
# recieved string JOIN node15 172.22.156.206 8015

# recieved string JOIN node12 172.22.156.208 8012

# recieved string JOIN node13 172.22.156.208 8013

# recieved string JOIN node18 172.22.156.206 8018

# Failed listening 
%!(EXTRA string=node3)# ERROR: read tcp 172.22.156.206:51864->172.22.156.206:8003: read: connection reset by peer
# recieved string JOIN node17 172.22.156.206 8017

# recieved string JOIN node17 172.22.94.217 8017

# recieved string JOIN node16 172.22.94.217 8016

# Failed listening 
%!(EXTRA string=node1)# ERROR: read tcp 172.22.156.206:37330->172.22.94.217:8001: read: connection reset by peer
# recieved string JOIN node7 172.22.156.208 8007

# recieved string JOIN node15 172.22.94.217 8015

# recieved string JOIN node8 172.22.156.208 8008

# recieved string JOIN node9 172.22.156.208 8009

# recieved string JOIN node18 172.22.94.217 8018

# recieved string JOIN node15 172.22.156.208 8015

# recieved string JOIN node17 172.22.156.208 8017

# recieved string JOIN node16 172.22.156.208 8016

# recieved string JOIN node18 172.22.156.208 8018

# recieved string JOIN node19 172.22.156.208 8019

# Failed listening 
%!(EXTRA string=node8)# ERROR: read tcp 172.22.156.206:41330->172.22.156.206:8008: read: connection reset by peer
# Failed listening 
%!(EXTRA string=node2)# ERROR: EOF
# Failed listening 
%!(EXTRA string=node11)# ERROR: read tcp 172.22.156.206:47348->172.22.94.217:8011: read: connection reset by peer
