RECIEVED 1553584395 INTRODUCE 36 0 0
SEND 1553584395 JOIN 32 17355
RECIEVED 1553584395 INTRODUCE 36 1 0
SEND 1553584395 INTRODUCE 36 19820
SEND 1553584395 JOIN 32 14179
RECIEVED 1553584395 INTRODUCE 36 2 0
SEND 1553584395 INTRODUCE 36 12778
SEND 1553584395 INTRODUCE 36 11126
SEND 1553584395 JOIN 32 15415
RECIEVED 1553584395 INTRODUCE 36 3 0
SEND 1553584395 INTRODUCE 36 10560
SEND 1553584395 INTRODUCE 36 11015
SEND 1553584395 INTRODUCE 36 9862
SEND 1553584395 JOIN 32 14745
RECIEVED 1553584395 INTRODUCE 36 4 0
SEND 1553584395 INTRODUCE 36 16160
SEND 1553584395 INTRODUCE 36 22428
SEND 1553584395 INTRODUCE 36 11642
SEND 1553584395 INTRODUCE 36 11459
SEND 1553584395 JOIN 32 19287
RECIEVED 1553584395 INTRODUCE 36 5 0
RECIEVED 1553584395 INTRODUCE 36 5 0
RECIEVED 1553584395 INTRODUCE 36 5 0
SEND 1553584395 INTRODUCE 36 12075
SEND 1553584395 INTRODUCE 36 10852
SEND 1553584395 INTRODUCE 36 10859
SEND 1553584395 INTRODUCE 36 11238
SEND 1553584395 INTRODUCE 36 13035
SEND 1553584395 JOIN 32 13986
RECIEVED 1553584395 INTRODUCE 36 6 0
SEND 1553584395 INTRODUCE 36 12145
SEND 1553584395 INTRODUCE 36 14036
SEND 1553584395 INTRODUCE 36 12127
SEND 1553584395 INTRODUCE 36 12307
SEND 1553584395 INTRODUCE 36 11895
SEND 1553584395 INTRODUCE 36 10913
SEND 1553584395 JOIN 32 14475
RECIEVED 1553584395 INTRODUCE 36 7 0
SEND 1553584395 INTRODUCE 36 11580
SEND 1553584395 INTRODUCE 36 12189
SEND 1553584395 INTRODUCE 36 12653
SEND 1553584395 INTRODUCE 36 13235
SEND 1553584395 INTRODUCE 36 10409
SEND 1553584395 INTRODUCE 36 11158
SEND 1553584395 INTRODUCE 36 10913
SEND 1553584395 JOIN 32 15022
RECIEVED 1553584395 INTRODUCE 36 8 0
SEND 1553584395 INTRODUCE 36 11817
SEND 1553584395 INTRODUCE 36 12001
SEND 1553584395 INTRODUCE 36 13058
SEND 1553584395 INTRODUCE 36 13173
SEND 1553584395 INTRODUCE 36 11670
SEND 1553584395 INTRODUCE 36 12424
SEND 1553584395 INTRODUCE 36 10764
SEND 1553584395 INTRODUCE 36 12403
SEND 1553584395 JOIN 32 13952
RECIEVED 1553584395 INTRODUCE 36 9 0
RECIEVED 1553584395 INTRODUCE 36 9 0
RECIEVED 1553584395 INTRODUCE 36 9 0
RECIEVED 1553584395 INTRODUCE 36 9 0
RECIEVED 1553584395 INTRODUCE 36 9 0
RECIEVED 1553584395 INTRODUCE 36 9 0
RECIEVED 1553584395 INTRODUCE 36 9 0
RECIEVED 1553584395 INTRODUCE 36 9 0
SEND 1553584395 INTRODUCE 36 12315
SEND 1553584395 INTRODUCE 36 12192
SEND 1553584395 INTRODUCE 36 13737
SEND 1553584395 INTRODUCE 36 13927
SEND 1553584395 INTRODUCE 36 12149
SEND 1553584395 INTRODUCE 36 10869
SEND 1553584395 INTRODUCE 36 11618
SEND 1553584395 INTRODUCE 36 11566
SEND 1553584395 INTRODUCE 36 11215
SEND 1553584395 JOIN 32 16908
RECIEVED 1553584395 INTRODUCE 36 10 0
RECIEVED 1553584395 INTRODUCE 36 10 0
RECIEVED 1553584395 INTRODUCE 36 10 0
RECIEVED 1553584395 INTRODUCE 36 10 0
RECIEVED 1553584395 INTRODUCE 36 10 0
RECIEVED 1553584395 INTRODUCE 36 10 0
RECIEVED 1553584395 INTRODUCE 36 10 0
RECIEVED 1553584395 INTRODUCE 36 10 0
RECIEVED 1553584395 INTRODUCE 36 10 0
RECIEVED 1553584395 INTRODUCE 36 10 0
RECIEVED 1553584395 INTRODUCE 36 10 0
RECIEVED 1553584395 INTRODUCE 36 10 0
RECIEVED 1553584395 INTRODUCE 36 10 0
RECIEVED 1553584395 INTRODUCE 36 10 0
RECIEVED 1553584395 INTRODUCE 36 10 0
RECIEVED 1553584395 INTRODUCE 36 10 0
RECIEVED 1553584395 INTRODUCE 36 10 0
RECIEVED 1553584395 INTRODUCE 36 10 0
RECIEVED 1553584395 INTRODUCE 36 10 0
RECIEVED 1553584395 INTRODUCE 36 10 0
RECIEVED 1553584395 INTRODUCE 36 10 0
RECIEVED 1553584395 INTRODUCE 36 10 0
RECIEVED 1553584395 INTRODUCE 36 10 0
RECIEVED 1553584395 INTRODUCE 36 10 0
RECIEVED 1553584395 INTRODUCE 36 10 0
RECIEVED 1553584395 INTRODUCE 36 10 0
RECIEVED 1553584395 INTRODUCE 36 10 0
RECIEVED 1553584395 INTRODUCE 36 10 0
RECIEVED 1553584395 INTRODUCE 36 10 0
RECIEVED 1553584395 INTRODUCE 36 10 0
RECIEVED 1553584395 INTRODUCE 36 10 0
RECIEVED 1553584395 INTRODUCE 36 10 0
RECIEVED 1553584395 INTRODUCE 36 10 0
RECIEVED 1553584395 INTRODUCE 36 10 0
RECIEVED 1553584395 INTRODUCE 36 10 0
RECIEVED 1553584395 INTRODUCE 36 10 0
RECIEVED 1553584395 INTRODUCE 36 10 0
RECIEVED 1553584395 INTRODUCE 36 10 0
RECIEVED 1553584395 INTRODUCE 36 10 0
RECIEVED 1553584395 INTRODUCE 36 10 0
RECIEVED 1553584395 INTRODUCE 36 10 0
RECIEVED 1553584395 INTRODUCE 36 10 0
RECIEVED 1553584395 INTRODUCE 36 10 0
RECIEVED 1553584395 INTRODUCE 36 10 0
RECIEVED 1553584395 INTRODUCE 36 10 0
RECIEVED 1553584395 INTRODUCE 36 10 0
RECIEVED 1553584395 INTRODUCE 36 10 0
RECIEVED 1553584395 INTRODUCE 36 10 0
RECIEVED 1553584395 INTRODUCE 36 10 0
RECIEVED 1553584395 INTRODUCE 36 10 0
RECIEVED 1553584395 INTRODUCE 36 10 0
RECIEVED 1553584395 INTRODUCE 36 10 0
RECIEVED 1553584395 INTRODUCE 36 10 0
RECIEVED 1553584395 INTRODUCE 36 10 0
RECIEVED 1553584395 INTRODUCE 36 10 0
RECIEVED 1553584395 INTRODUCE 36 10 0
RECIEVED 1553584395 INTRODUCE 36 10 0
RECIEVED 1553584395 INTRODUCE 36 10 0
RECIEVED 1553584395 INTRODUCE 36 10 0
RECIEVED 1553584395 INTRODUCE 36 10 0
RECIEVED 1553584395 INTRODUCE 36 10 0
RECIEVED 1553584395 INTRODUCE 36 10 0
RECIEVED 1553584395 INTRODUCE 36 10 0
RECIEVED 1553584395 INTRODUCE 36 10 0
RECIEVED 1553584395 INTRODUCE 36 10 0
RECIEVED 1553584395 INTRODUCE 36 10 0
RECIEVED 1553584396 INTRODUCE 36 10 0
RECIEVED 1553584396 INTRODUCE 36 10 0
RECIEVED 1553584396 INTRODUCE 36 10 0
RECIEVED 1553584396 INTRODUCE 36 10 0
RECIEVED 1553584396 INTRODUCE 36 10 0
RECIEVED 1553584396 INTRODUCE 36 10 0
RECIEVED 1553584396 INTRODUCE 36 10 0
RECIEVED 1553584396 INTRODUCE 36 10 0
# recieved string JOIN node11 172.22.156.206 8011

RECIEVED 1553584396 JOIN 32 10 0
SEND 1553584396 INTRODUCE 36 14551
SEND 1553584396 INTRODUCE 36 15752
SEND 1553584396 INTRODUCE 36 12494
SEND 1553584396 INTRODUCE 36 12758
SEND 1553584396 INTRODUCE 36 11897
SEND 1553584396 INTRODUCE 36 13789
SEND 1553584396 INTRODUCE 36 14000
SEND 1553584396 INTRODUCE 36 15045
SEND 1553584396 INTRODUCE 36 13478
SEND 1553584396 INTRODUCE 36 10567
RECIEVED 1553584396 INTRODUCE 36 11 0
RECIEVED 1553584396 INTRODUCE 36 11 0
RECIEVED 1553584396 INTRODUCE 36 11 0
RECIEVED 1553584396 INTRODUCE 36 11 0
RECIEVED 1553584396 INTRODUCE 36 11 0
RECIEVED 1553584396 INTRODUCE 36 11 0
RECIEVED 1553584396 INTRODUCE 36 11 0
RECIEVED 1553584396 INTRODUCE 36 11 0
RECIEVED 1553584396 INTRODUCE 36 11 0
RECIEVED 1553584396 INTRODUCE 36 11 0
# recieved string JOIN node12 172.22.156.206 8012

RECIEVED 1553584396 JOIN 32 11 0
SEND 1553584396 INTRODUCE 36 13898
SEND 1553584396 INTRODUCE 36 12961
SEND 1553584396 INTRODUCE 36 16211
SEND 1553584396 INTRODUCE 36 12832
SEND 1553584396 INTRODUCE 36 12142
SEND 1553584396 INTRODUCE 36 11524
SEND 1553584396 INTRODUCE 36 9445
SEND 1553584396 INTRODUCE 36 9939
SEND 1553584396 INTRODUCE 37 11025
SEND 1553584396 INTRODUCE 36 10264
SEND 1553584396 INTRODUCE 36 10469
RECIEVED 1553584396 INTRODUCE 36 12 0
# recieved string JOIN node2 172.22.94.217 8002

RECIEVED 1553584396 JOIN 30 12 0
SEND 1553584396 INTRODUCE 36 24404
SEND 1553584396 INTRODUCE 36 36711
SEND 1553584396 INTRODUCE 37 28065
SEND 1553584396 INTRODUCE 37 16759
SEND 1553584396 INTRODUCE 36 15366
SEND 1553584396 INTRODUCE 36 25341
SEND 1553584396 INTRODUCE 36 15735
SEND 1553584396 INTRODUCE 36 51740
SEND 1553584396 INTRODUCE 36 29308
SEND 1553584396 INTRODUCE 36 30682
# recieved string JOIN node3 172.22.94.217 8003

SEND 1553584396 INTRODUCE 36 16378
SEND 1553584396 INTRODUCE 36 18826
RECIEVED 1553584396 INTRODUCE 36 13 0
RECIEVED 1553584396 INTRODUCE 36 13 0
RECIEVED 1553584396 JOIN 30 13 0
SEND 1553584396 INTRODUCE 36 43714
SEND 1553584396 INTRODUCE 36 28143
SEND 1553584396 INTRODUCE 36 20751
SEND 1553584396 INTRODUCE 36 26266
SEND 1553584396 INTRODUCE 36 16147
SEND 1553584396 INTRODUCE 36 20140
SEND 1553584396 INTRODUCE 36 16563
SEND 1553584396 INTRODUCE 36 31781
SEND 1553584396 INTRODUCE 36 15305
SEND 1553584396 INTRODUCE 36 19559
SEND 1553584396 INTRODUCE 37 15820
SEND 1553584396 INTRODUCE 37 15229
SEND 1553584396 INTRODUCE 35 19843
RECIEVED 1553584396 INTRODUCE 36 14 0
RECIEVED 1553584396 INTRODUCE 36 14 0
RECIEVED 1553584396 INTRODUCE 36 14 0
RECIEVED 1553584396 INTRODUCE 36 14 0
RECIEVED 1553584396 INTRODUCE 37 14 0
RECIEVED 1553584396 INTRODUCE 36 14 0
RECIEVED 1553584396 INTRODUCE 36 14 0
RECIEVED 1553584396 INTRODUCE 37 14 0
SEND 1553584396 INTRODUCE 37 21120
SEND 1553584396 INTRODUCE 37 12566
SEND 1553584396 INTRODUCE 37 13907
SEND 1553584396 INTRODUCE 37 25217
SEND 1553584396 INTRODUCE 37 25620
SEND 1553584396 INTRODUCE 37 10839
SEND 1553584396 INTRODUCE 37 13879
SEND 1553584396 INTRODUCE 37 12731
SEND 1553584396 INTRODUCE 37 18608
SEND 1553584396 INTRODUCE 37 14707
SEND 1553584396 INTRODUCE 37 14041
SEND 1553584396 INTRODUCE 37 12034
SEND 1553584396 INTRODUCE 37 12240
SEND 1553584396 INTRODUCE 37 22081
# recieved string JOIN node0 172.22.94.217 8000

SEND 1553584396 JOIN 32 13217
RECIEVED 1553584396 INTRODUCE 37 15 0
RECIEVED 1553584396 INTRODUCE 37 15 0
RECIEVED 1553584396 INTRODUCE 37 15 0
RECIEVED 1553584396 INTRODUCE 37 15 0
RECIEVED 1553584396 INTRODUCE 36 15 0
RECIEVED 1553584396 INTRODUCE 36 15 0
RECIEVED 1553584396 INTRODUCE 37 15 0
RECIEVED 1553584396 INTRODUCE 37 15 0
RECIEVED 1553584396 INTRODUCE 37 15 0
RECIEVED 1553584396 JOIN 30 15 0
SEND 1553584396 INTRODUCE 36 13861
SEND 1553584396 INTRODUCE 37 20074
SEND 1553584396 INTRODUCE 37 22725
SEND 1553584396 INTRODUCE 35 13760
SEND 1553584396 INTRODUCE 37 22968
SEND 1553584396 INTRODUCE 36 21545
SEND 1553584396 INTRODUCE 36 14161
SEND 1553584396 INTRODUCE 36 16334
SEND 1553584396 INTRODUCE 36 46140
SEND 1553584396 INTRODUCE 35 14459
SEND 1553584396 INTRODUCE 36 35902
SEND 1553584396 INTRODUCE 36 36175
SEND 1553584396 INTRODUCE 36 18946
SEND 1553584396 INTRODUCE 36 22345
SEND 1553584396 INTRODUCE 36 23255
RECIEVED 1553584396 INTRODUCE 37 16 0
RECIEVED 1553584396 INTRODUCE 36 16 0
RECIEVED 1553584396 INTRODUCE 36 16 0
RECIEVED 1553584396 INTRODUCE 37 16 0
RECIEVED 1553584396 INTRODUCE 35 16 0
SEND 1553584396 INTRODUCE 35 11973
SEND 1553584396 INTRODUCE 35 11782
SEND 1553584396 INTRODUCE 35 22762
SEND 1553584396 INTRODUCE 35 50537
SEND 1553584396 INTRODUCE 35 14720
SEND 1553584396 INTRODUCE 35 22656
SEND 1553584396 INTRODUCE 35 14687
SEND 1553584396 INTRODUCE 35 16375
# recieved string JOIN node1 172.22.94.217 8001

SEND 1553584396 INTRODUCE 35 50473
SEND 1553584396 INTRODUCE 35 13060
SEND 1553584396 INTRODUCE 35 15139
SEND 1553584396 INTRODUCE 35 14535
SEND 1553584396 INTRODUCE 35 11787
SEND 1553584396 INTRODUCE 35 10835
SEND 1553584396 INTRODUCE 35 14513
SEND 1553584396 INTRODUCE 35 15412
SEND 1553584396 JOIN 32 27164
RECIEVED 1553584396 INTRODUCE 37 17 0
RECIEVED 1553584396 INTRODUCE 36 17 0
RECIEVED 1553584396 INTRODUCE 36 17 0
RECIEVED 1553584396 INTRODUCE 37 17 0
RECIEVED 1553584396 INTRODUCE 36 17 0
RECIEVED 1553584396 INTRODUCE 35 17 0
SEND 1553584396 INTRODUCE 35 12082
SEND 1553584396 INTRODUCE 35 22595
SEND 1553584396 INTRODUCE 35 15007
SEND 1553584396 INTRODUCE 35 11382
SEND 1553584396 INTRODUCE 35 13597
SEND 1553584396 INTRODUCE 35 15401
SEND 1553584396 INTRODUCE 35 11435
SEND 1553584396 INTRODUCE 35 11820
SEND 1553584396 INTRODUCE 35 45953
SEND 1553584396 INTRODUCE 35 13125
SEND 1553584396 INTRODUCE 35 22780
SEND 1553584396 INTRODUCE 35 15099
SEND 1553584396 INTRODUCE 35 59655
SEND 1553584396 INTRODUCE 35 17051
SEND 1553584396 INTRODUCE 35 21695
SEND 1553584396 INTRODUCE 35 16539
SEND 1553584396 INTRODUCE 35 21877
SEND 1553584396 JOIN 32 50965
# recieved string JOIN node5 172.22.94.217 8005

RECIEVED 1553584396 INTRODUCE 36 18 0
RECIEVED 1553584396 INTRODUCE 35 18 0
RECIEVED 1553584396 INTRODUCE 36 18 0
RECIEVED 1553584396 INTRODUCE 36 18 0
RECIEVED 1553584396 JOIN 30 18 0
RECIEVED 1553584396 INTRODUCE 37 18 0
RECIEVED 1553584396 INTRODUCE 35 18 0
RECIEVED 1553584396 INTRODUCE 36 18 0
RECIEVED 1553584396 INTRODUCE 36 18 0
RECIEVED 1553584396 INTRODUCE 35 18 0
RECIEVED 1553584396 INTRODUCE 35 18 0
RECIEVED 1553584396 INTRODUCE 37 18 0
RECIEVED 1553584396 INTRODUCE 35 18 0
RECIEVED 1553584396 INTRODUCE 35 18 0
RECIEVED 1553584396 INTRODUCE 36 18 0
RECIEVED 1553584396 INTRODUCE 36 18 0
RECIEVED 1553584396 INTRODUCE 35 18 0
RECIEVED 1553584396 JOIN 30 18 0
SEND 1553584396 INTRODUCE 35 13357
SEND 1553584396 INTRODUCE 36 16738
SEND 1553584396 INTRODUCE 36 20439
SEND 1553584396 INTRODUCE 36 24672
SEND 1553584396 INTRODUCE 36 15635
SEND 1553584396 INTRODUCE 35 16423
SEND 1553584396 INTRODUCE 35 22767
SEND 1553584396 INTRODUCE 36 15091
SEND 1553584396 INTRODUCE 36 27144
SEND 1553584396 INTRODUCE 36 21753
SEND 1553584396 INTRODUCE 36 21692
SEND 1553584396 INTRODUCE 36 14756
SEND 1553584396 INTRODUCE 35 25925
SEND 1553584396 INTRODUCE 37 27698
SEND 1553584396 INTRODUCE 35 18929
SEND 1553584396 INTRODUCE 36 19902
SEND 1553584396 INTRODUCE 37 22171
SEND 1553584396 INTRODUCE 37 20224
RECIEVED 1553584396 INTRODUCE 36 19 0
RECIEVED 1553584396 INTRODUCE 35 19 0
RECIEVED 1553584396 INTRODUCE 35 19 0
RECIEVED 1553584396 INTRODUCE 36 19 0
RECIEVED 1553584396 INTRODUCE 35 19 0
RECIEVED 1553584396 INTRODUCE 36 19 0
RECIEVED 1553584396 INTRODUCE 37 19 0
RECIEVED 1553584396 INTRODUCE 37 19 0
RECIEVED 1553584396 INTRODUCE 35 19 0
RECIEVED 1553584396 INTRODUCE 37 19 0
RECIEVED 1553584396 INTRODUCE 35 19 0
RECIEVED 1553584396 INTRODUCE 35 19 0
RECIEVED 1553584396 INTRODUCE 36 19 0
RECIEVED 1553584396 INTRODUCE 36 19 0
RECIEVED 1553584396 INTRODUCE 37 19 0
RECIEVED 1553584396 INTRODUCE 35 19 0
RECIEVED 1553584396 INTRODUCE 35 19 0
RECIEVED 1553584396 INTRODUCE 35 19 0
RECIEVED 1553584396 INTRODUCE 35 19 0
SEND 1553584396 INTRODUCE 35 13396
SEND 1553584396 INTRODUCE 35 22781
SEND 1553584396 INTRODUCE 35 14755
SEND 1553584396 INTRODUCE 35 20272
SEND 1553584396 INTRODUCE 35 21403
SEND 1553584396 INTRODUCE 35 17211
SEND 1553584396 INTRODUCE 35 35596
SEND 1553584396 INTRODUCE 35 27275
SEND 1553584396 INTRODUCE 35 12652
SEND 1553584396 INTRODUCE 35 18170
SEND 1553584396 INTRODUCE 35 12680
SEND 1553584396 INTRODUCE 35 20856
SEND 1553584396 INTRODUCE 35 13326
SEND 1553584396 INTRODUCE 35 13685
SEND 1553584396 INTRODUCE 35 14848
SEND 1553584396 INTRODUCE 35 34451
SEND 1553584396 INTRODUCE 35 26528
SEND 1553584396 INTRODUCE 35 20395
SEND 1553584396 INTRODUCE 35 14591
SEND 1553584396 JOIN 32 20956
RECIEVED 1553584396 INTRODUCE 35 20 0
RECIEVED 1553584396 INTRODUCE 36 20 0
RECIEVED 1553584396 INTRODUCE 35 20 0
RECIEVED 1553584396 INTRODUCE 35 20 0
RECIEVED 1553584396 INTRODUCE 36 20 0
RECIEVED 1553584396 INTRODUCE 35 20 0
RECIEVED 1553584396 INTRODUCE 35 20 0
# recieved string JOIN node4 172.22.94.217 8004

RECIEVED 1553584396 JOIN 30 20 0
# recieved string JOIN node8 172.22.94.217 8008

RECIEVED 1553584396 JOIN 30 20 0
SEND 1553584396 INTRODUCE 36 14987
SEND 1553584396 INTRODUCE 36 16179
SEND 1553584396 INTRODUCE 36 20936
SEND 1553584396 INTRODUCE 35 21142
SEND 1553584396 INTRODUCE 36 38120
SEND 1553584396 INTRODUCE 35 26143
SEND 1553584396 INTRODUCE 35 15157
SEND 1553584396 INTRODUCE 36 29941
SEND 1553584396 INTRODUCE 36 20679
SEND 1553584396 INTRODUCE 36 14627
SEND 1553584396 INTRODUCE 36 21059
# recieved string JOIN node7 172.22.94.217 8007

SEND 1553584396 INTRODUCE 36 34618
SEND 1553584396 INTRODUCE 35 19290
SEND 1553584396 INTRODUCE 35 15539
SEND 1553584396 INTRODUCE 35 16126
SEND 1553584396 INTRODUCE 36 29905
SEND 1553584396 INTRODUCE 37 19720
# recieved string JOIN node11 172.22.94.217 8011

SEND 1553584396 INTRODUCE 37 19444
SEND 1553584396 INTRODUCE 35 28719
SEND 1553584396 INTRODUCE 37 21965
RECIEVED 1553584396 INTRODUCE 35 21 0
RECIEVED 1553584396 INTRODUCE 35 21 0
RECIEVED 1553584396 JOIN 30 21 0
RECIEVED 1553584396 INTRODUCE 35 21 0
RECIEVED 1553584396 INTRODUCE 35 21 0
RECIEVED 1553584396 JOIN 31 21 0
SEND 1553584396 INTRODUCE 35 20578
SEND 1553584396 INTRODUCE 36 18791
SEND 1553584396 INTRODUCE 36 19832
SEND 1553584396 INTRODUCE 36 21992
SEND 1553584396 INTRODUCE 36 19433
SEND 1553584396 INTRODUCE 35 31520
SEND 1553584396 INTRODUCE 35 37880
SEND 1553584396 INTRODUCE 36 22628
SEND 1553584396 INTRODUCE 36 25267
# recieved string JOIN node10 172.22.94.217 8010

SEND 1553584396 INTRODUCE 36 18149
SEND 1553584396 INTRODUCE 36 35135
SEND 1553584396 INTRODUCE 36 26746
SEND 1553584396 INTRODUCE 35 20356
SEND 1553584396 INTRODUCE 37 16961
SEND 1553584396 INTRODUCE 35 23911
SEND 1553584396 INTRODUCE 35 15820
SEND 1553584396 INTRODUCE 35 28125
SEND 1553584396 INTRODUCE 36 22336
SEND 1553584396 INTRODUCE 37 30982
SEND 1553584396 INTRODUCE 37 25341
SEND 1553584396 INTRODUCE 35 19750
RECIEVED 1553584396 INTRODUCE 35 22 0
RECIEVED 1553584396 INTRODUCE 36 22 0
RECIEVED 1553584396 INTRODUCE 36 22 0
RECIEVED 1553584396 INTRODUCE 35 22 0
RECIEVED 1553584396 INTRODUCE 36 22 0
RECIEVED 1553584396 INTRODUCE 35 22 0
RECIEVED 1553584396 INTRODUCE 36 22 0
RECIEVED 1553584396 INTRODUCE 35 22 0
RECIEVED 1553584396 INTRODUCE 35 22 0
RECIEVED 1553584396 INTRODUCE 36 22 0
RECIEVED 1553584396 INTRODUCE 37 22 0
RECIEVED 1553584396 INTRODUCE 36 22 0
RECIEVED 1553584396 INTRODUCE 35 22 0
RECIEVED 1553584396 JOIN 31 22 0
SEND 1553584396 INTRODUCE 36 18827
SEND 1553584396 INTRODUCE 35 19388
SEND 1553584396 INTRODUCE 36 32054
SEND 1553584396 INTRODUCE 36 16378
SEND 1553584396 INTRODUCE 35 16553
SEND 1553584396 INTRODUCE 36 24234
SEND 1553584396 INTRODUCE 35 14607
SEND 1553584396 INTRODUCE 36 18388
SEND 1553584396 INTRODUCE 36 21506
SEND 1553584396 INTRODUCE 36 34032
SEND 1553584396 INTRODUCE 36 36214
SEND 1553584396 INTRODUCE 36 22081
SEND 1553584396 INTRODUCE 37 48321
SEND 1553584396 INTRODUCE 35 28856
SEND 1553584396 INTRODUCE 37 24940
SEND 1553584396 INTRODUCE 35 15189
SEND 1553584396 INTRODUCE 35 18385
SEND 1553584396 INTRODUCE 35 23776
SEND 1553584396 INTRODUCE 36 43952
SEND 1553584396 INTRODUCE 37 22111
SEND 1553584396 INTRODUCE 35 20135
SEND 1553584396 INTRODUCE 36 35667
RECIEVED 1553584396 INTRODUCE 35 23 0
RECIEVED 1553584396 INTRODUCE 35 23 0
RECIEVED 1553584396 INTRODUCE 37 23 0
RECIEVED 1553584396 INTRODUCE 35 23 0
RECIEVED 1553584396 INTRODUCE 36 23 0
RECIEVED 1553584396 INTRODUCE 36 23 0
RECIEVED 1553584396 INTRODUCE 35 23 0
RECIEVED 1553584396 INTRODUCE 35 23 0
RECIEVED 1553584396 INTRODUCE 35 23 0
RECIEVED 1553584396 INTRODUCE 35 23 0
SEND 1553584396 INTRODUCE 35 28565
SEND 1553584396 INTRODUCE 35 14066
SEND 1553584396 INTRODUCE 35 21326
SEND 1553584396 INTRODUCE 35 21425
SEND 1553584396 INTRODUCE 35 15327
SEND 1553584396 INTRODUCE 35 28925
SEND 1553584396 INTRODUCE 35 21139
SEND 1553584396 INTRODUCE 35 33487
SEND 1553584396 INTRODUCE 35 17055
SEND 1553584396 INTRODUCE 35 15362
SEND 1553584396 INTRODUCE 35 15814
SEND 1553584396 INTRODUCE 35 13166
SEND 1553584396 INTRODUCE 35 15156
SEND 1553584396 INTRODUCE 35 19645
SEND 1553584396 INTRODUCE 35 15950
SEND 1553584396 INTRODUCE 35 16634
SEND 1553584396 INTRODUCE 35 13054
SEND 1553584396 INTRODUCE 35 26300
SEND 1553584396 INTRODUCE 35 11653
SEND 1553584396 INTRODUCE 35 16195
SEND 1553584396 INTRODUCE 35 31580
SEND 1553584396 INTRODUCE 35 18915
SEND 1553584396 INTRODUCE 35 19911
SEND 1553584396 JOIN 32 15989
RECIEVED 1553584396 INTRODUCE 35 24 0
RECIEVED 1553584396 INTRODUCE 36 24 0
RECIEVED 1553584396 INTRODUCE 35 24 0
RECIEVED 1553584396 INTRODUCE 35 24 0
RECIEVED 1553584396 INTRODUCE 35 24 0
RECIEVED 1553584396 INTRODUCE 37 24 0
RECIEVED 1553584396 INTRODUCE 35 24 0
RECIEVED 1553584396 INTRODUCE 36 24 0
RECIEVED 1553584396 INTRODUCE 35 24 0
RECIEVED 1553584396 INTRODUCE 36 24 0
RECIEVED 1553584396 INTRODUCE 35 24 0
RECIEVED 1553584396 INTRODUCE 36 24 0
RECIEVED 1553584396 INTRODUCE 36 24 0
RECIEVED 1553584396 INTRODUCE 36 24 0
RECIEVED 1553584396 INTRODUCE 35 24 0
RECIEVED 1553584396 INTRODUCE 35 24 0
RECIEVED 1553584396 TRANSACTION 81 24 0
UPDATE 1553584396 TRANSACTION 15e12a5a878c40c2709eda3c5ac81db2
SEND 1553584396 TRANSACTION 81 12082 15e12a5a878c40c2709eda3c5ac81db2
SEND 1553584396 TRANSACTION 81 21810 15e12a5a878c40c2709eda3c5ac81db2
SEND 1553584396 TRANSACTION 81 20920 15e12a5a878c40c2709eda3c5ac81db2
SEND 1553584396 TRANSACTION 81 21835 15e12a5a878c40c2709eda3c5ac81db2
SEND 1553584397 TRANSACTION 81 11413 15e12a5a878c40c2709eda3c5ac81db2
SEND 1553584397 TRANSACTION 81 20969 15e12a5a878c40c2709eda3c5ac81db2
RECIEVED 1553584397 INTRODUCE 35 24 1
RECIEVED 1553584397 INTRODUCE 36 24 1
RECIEVED 1553584397 INTRODUCE 35 24 1
RECIEVED 1553584397 INTRODUCE 36 24 1
RECIEVED 1553584397 INTRODUCE 36 24 1
# recieved string JOIN node6 172.22.94.217 8006

RECIEVED 1553584397 JOIN 30 24 1
RECIEVED 1553584397 INTRODUCE 35 24 1
RECIEVED 1553584397 INTRODUCE 36 24 1
RECIEVED 1553584397 INTRODUCE 36 24 1
RECIEVED 1553584397 INTRODUCE 35 24 1
SEND 1553584397 INTRODUCE 35 16588
SEND 1553584397 INTRODUCE 35 23660
SEND 1553584397 INTRODUCE 35 14963
SEND 1553584397 INTRODUCE 35 27519
SEND 1553584397 INTRODUCE 35 14687
SEND 1553584397 INTRODUCE 35 44319
SEND 1553584397 INTRODUCE 35 16316
SEND 1553584397 INTRODUCE 35 15414
SEND 1553584397 INTRODUCE 35 12934
SEND 1553584397 INTRODUCE 35 20702
# recieved string JOIN node12 172.22.94.217 8012

SEND 1553584397 INTRODUCE 35 14884
SEND 1553584397 INTRODUCE 35 24012
SEND 1553584397 INTRODUCE 35 32484
SEND 1553584397 INTRODUCE 35 15024
SEND 1553584397 INTRODUCE 35 22541
SEND 1553584397 INTRODUCE 35 15640
SEND 1553584397 INTRODUCE 35 20516
SEND 1553584397 INTRODUCE 35 14395
SEND 1553584397 INTRODUCE 35 40147
SEND 1553584397 INTRODUCE 35 16584
SEND 1553584397 INTRODUCE 35 45195
SEND 1553584397 INTRODUCE 35 21664
SEND 1553584397 INTRODUCE 35 8831
SEND 1553584397 INTRODUCE 35 36415
SEND 1553584397 JOIN 32 15691
RECIEVED 1553584397 INTRODUCE 36 25 1
RECIEVED 1553584397 JOIN 31 25 1
SEND 1553584397 INTRODUCE 36 25539
SEND 1553584397 INTRODUCE 36 15450
SEND 1553584397 INTRODUCE 36 28348
SEND 1553584397 INTRODUCE 35 41884
SEND 1553584397 INTRODUCE 36 19358
SEND 1553584397 INTRODUCE 35 15858
SEND 1553584397 INTRODUCE 35 15793
SEND 1553584397 INTRODUCE 36 19327
SEND 1553584397 INTRODUCE 35 19470
SEND 1553584397 INTRODUCE 35 19291
SEND 1553584397 INTRODUCE 36 19608
SEND 1553584397 INTRODUCE 36 21011
SEND 1553584397 INTRODUCE 36 20090
SEND 1553584397 INTRODUCE 36 19842
SEND 1553584397 INTRODUCE 36 49295
SEND 1553584397 INTRODUCE 36 19786
SEND 1553584397 INTRODUCE 37 19364
SEND 1553584397 INTRODUCE 37 15288
SEND 1553584397 INTRODUCE 35 20821
SEND 1553584397 INTRODUCE 37 19447
SEND 1553584397 INTRODUCE 35 22656
SEND 1553584397 INTRODUCE 35 30464
SEND 1553584397 INTRODUCE 35 27920
SEND 1553584397 INTRODUCE 35 14389
SEND 1553584397 INTRODUCE 36 52084
RECIEVED 1553584397 INTRODUCE 37 26 1
RECIEVED 1553584397 TRANSACTION 81 26 1
RECIEVED 1553584397 INTRODUCE 37 26 1
RECIEVED 1553584397 INTRODUCE 36 26 1
RECIEVED 1553584397 INTRODUCE 35 26 1
RECIEVED 1553584397 INTRODUCE 35 26 1
RECIEVED 1553584397 TRANSACTION 81 26 1
RECIEVED 1553584397 INTRODUCE 35 26 1
RECIEVED 1553584397 INTRODUCE 35 26 1
RECIEVED 1553584397 INTRODUCE 36 26 1
RECIEVED 1553584397 INTRODUCE 35 26 1
RECIEVED 1553584397 INTRODUCE 35 26 1
RECIEVED 1553584397 INTRODUCE 35 26 1
RECIEVED 1553584397 TRANSACTION 81 26 1
UPDATE 1553584397 TRANSACTION 534e6db543fef336ed5a090881d34f7f
SEND 1553584397 TRANSACTION 81 14993 534e6db543fef336ed5a090881d34f7f
SEND 1553584397 TRANSACTION 81 19485 534e6db543fef336ed5a090881d34f7f
SEND 1553584397 TRANSACTION 81 37157 534e6db543fef336ed5a090881d34f7f
SEND 1553584397 TRANSACTION 81 16041 534e6db543fef336ed5a090881d34f7f
SEND 1553584397 TRANSACTION 81 20520 534e6db543fef336ed5a090881d34f7f
SEND 1553584397 TRANSACTION 81 14043 534e6db543fef336ed5a090881d34f7f
SEND 1553584397 TRANSACTION 81 15173 534e6db543fef336ed5a090881d34f7f
SEND 1553584397 TRANSACTION 81 14136 534e6db543fef336ed5a090881d34f7f
SEND 1553584397 TRANSACTION 81 27013 534e6db543fef336ed5a090881d34f7f
SEND 1553584397 TRANSACTION 81 26044 534e6db543fef336ed5a090881d34f7f
SEND 1553584397 TRANSACTION 81 15101 534e6db543fef336ed5a090881d34f7f
# recieved string JOIN node9 172.22.94.217 8009

RECIEVED 1553584397 TRANSACTION 81 26 2
RECIEVED 1553584397 INTRODUCE 37 26 2
RECIEVED 1553584397 TRANSACTION 81 26 2
RECIEVED 1553584397 INTRODUCE 35 26 2
RECIEVED 1553584397 TRANSACTION 81 26 2
RECIEVED 1553584397 INTRODUCE 35 26 2
RECIEVED 1553584397 JOIN 30 26 2
RECIEVED 1553584397 TRANSACTION 81 26 2
RECIEVED 1553584397 TRANSACTION 81 26 2
RECIEVED 1553584397 TRANSACTION 81 26 2
RECIEVED 1553584397 TRANSACTION 81 26 2
RECIEVED 1553584397 INTRODUCE 36 26 2
RECIEVED 1553584397 INTRODUCE 36 26 2
RECIEVED 1553584397 TRANSACTION 81 26 2
RECIEVED 1553584397 INTRODUCE 36 26 2
# recieved string JOIN node13 172.22.94.217 8013

RECIEVED 1553584397 JOIN 31 26 2
SEND 1553584397 INTRODUCE 35 41438
SEND 1553584397 INTRODUCE 36 15399
SEND 1553584397 INTRODUCE 36 21459
SEND 1553584397 INTRODUCE 36 14824
SEND 1553584397 INTRODUCE 36 24445
SEND 1553584397 INTRODUCE 35 26759
SEND 1553584397 INTRODUCE 35 19851
SEND 1553584397 INTRODUCE 36 22872
SEND 1553584397 INTRODUCE 36 23608
SEND 1553584397 INTRODUCE 35 52435
SEND 1553584397 INTRODUCE 35 15898
SEND 1553584397 INTRODUCE 36 13837
SEND 1553584397 INTRODUCE 36 25763
SEND 1553584397 INTRODUCE 36 20358
SEND 1553584397 INTRODUCE 36 15004
SEND 1553584397 INTRODUCE 36 14997
SEND 1553584397 INTRODUCE 35 15276
SEND 1553584397 INTRODUCE 37 38835
SEND 1553584397 INTRODUCE 35 19820
SEND 1553584397 INTRODUCE 35 20260
SEND 1553584397 INTRODUCE 35 13763
SEND 1553584397 INTRODUCE 36 15637
SEND 1553584397 INTRODUCE 37 13695
SEND 1553584397 INTRODUCE 37 24617
SEND 1553584397 INTRODUCE 35 24220
SEND 1553584397 INTRODUCE 36 24040
RECIEVED 1553584397 TRANSACTION 81 27 2
RECIEVED 1553584397 INTRODUCE 36 27 2
RECIEVED 1553584397 INTRODUCE 36 27 2
RECIEVED 1553584397 INTRODUCE 36 27 2
RECIEVED 1553584397 INTRODUCE 37 27 2
RECIEVED 1553584397 INTRODUCE 35 27 2
RECIEVED 1553584397 INTRODUCE 36 27 2
RECIEVED 1553584397 INTRODUCE 35 27 2
RECIEVED 1553584397 INTRODUCE 36 27 2
RECIEVED 1553584397 TRANSACTION 81 27 2
RECIEVED 1553584397 INTRODUCE 36 27 2
RECIEVED 1553584397 INTRODUCE 36 27 2
RECIEVED 1553584397 INTRODUCE 35 27 2
RECIEVED 1553584397 INTRODUCE 37 27 2
RECIEVED 1553584397 INTRODUCE 35 27 2
RECIEVED 1553584397 INTRODUCE 36 27 2
RECIEVED 1553584397 INTRODUCE 37 27 2
RECIEVED 1553584397 INTRODUCE 36 27 2
RECIEVED 1553584397 INTRODUCE 36 27 2
RECIEVED 1553584397 TRANSACTION 82 27 2
UPDATE 1553584397 TRANSACTION fd4ebfeb24179ff15328d39c63a66c03
SEND 1553584397 TRANSACTION 82 28741 fd4ebfeb24179ff15328d39c63a66c03
SEND 1553584397 TRANSACTION 82 15755 fd4ebfeb24179ff15328d39c63a66c03
SEND 1553584397 TRANSACTION 82 26829 fd4ebfeb24179ff15328d39c63a66c03
SEND 1553584397 TRANSACTION 82 26406 fd4ebfeb24179ff15328d39c63a66c03
SEND 1553584397 TRANSACTION 82 21164 fd4ebfeb24179ff15328d39c63a66c03
SEND 1553584397 TRANSACTION 82 12221 fd4ebfeb24179ff15328d39c63a66c03
SEND 1553584397 TRANSACTION 82 25590 fd4ebfeb24179ff15328d39c63a66c03
SEND 1553584397 TRANSACTION 82 24809 fd4ebfeb24179ff15328d39c63a66c03
SEND 1553584397 TRANSACTION 82 13664 fd4ebfeb24179ff15328d39c63a66c03
RECIEVED 1553584397 TRANSACTION 82 27 3
RECIEVED 1553584397 INTRODUCE 37 27 3
RECIEVED 1553584397 TRANSACTION 82 27 3
RECIEVED 1553584397 TRANSACTION 82 27 3
RECIEVED 1553584397 INTRODUCE 35 27 3
RECIEVED 1553584397 INTRODUCE 35 27 3
RECIEVED 1553584397 INTRODUCE 35 27 3
RECIEVED 1553584397 TRANSACTION 82 27 3
RECIEVED 1553584397 INTRODUCE 36 27 3
RECIEVED 1553584397 INTRODUCE 35 27 3
RECIEVED 1553584397 TRANSACTION 82 27 3
RECIEVED 1553584397 INTRODUCE 35 27 3
RECIEVED 1553584397 TRANSACTION 82 27 3
RECIEVED 1553584397 INTRODUCE 35 27 3
RECIEVED 1553584397 INTRODUCE 35 27 3
RECIEVED 1553584397 INTRODUCE 36 27 3
RECIEVED 1553584397 TRANSACTION 82 27 3
RECIEVED 1553584397 INTRODUCE 35 27 3
RECIEVED 1553584397 INTRODUCE 36 27 3
RECIEVED 1553584397 INTRODUCE 35 27 3
RECIEVED 1553584397 INTRODUCE 35 27 3
RECIEVED 1553584397 INTRODUCE 36 27 3
RECIEVED 1553584397 INTRODUCE 36 27 3
RECIEVED 1553584397 INTRODUCE 36 27 3
RECIEVED 1553584397 INTRODUCE 35 27 3
RECIEVED 1553584397 INTRODUCE 37 27 3
RECIEVED 1553584397 INTRODUCE 36 27 3
RECIEVED 1553584397 INTRODUCE 36 27 3
RECIEVED 1553584397 INTRODUCE 35 27 3
RECIEVED 1553584397 INTRODUCE 36 27 3
RECIEVED 1553584397 INTRODUCE 36 27 3
RECIEVED 1553584397 INTRODUCE 36 27 3
RECIEVED 1553584397 INTRODUCE 35 27 3
RECIEVED 1553584397 INTRODUCE 36 27 3
RECIEVED 1553584397 INTRODUCE 36 27 3
RECIEVED 1553584397 INTRODUCE 36 27 3
RECIEVED 1553584397 INTRODUCE 36 27 3
RECIEVED 1553584397 INTRODUCE 36 27 3
RECIEVED 1553584397 INTRODUCE 36 27 3
RECIEVED 1553584397 INTRODUCE 37 27 3
RECIEVED 1553584397 INTRODUCE 35 27 3
RECIEVED 1553584397 TRANSACTION 82 27 3
RECIEVED 1553584397 INTRODUCE 36 27 3
RECIEVED 1553584397 INTRODUCE 36 27 3
RECIEVED 1553584397 INTRODUCE 36 27 3
RECIEVED 1553584397 INTRODUCE 36 27 3
RECIEVED 1553584397 TRANSACTION 81 27 3
RECIEVED 1553584397 INTRODUCE 35 27 3
RECIEVED 1553584397 INTRODUCE 36 27 3
RECIEVED 1553584397 INTRODUCE 36 27 3
RECIEVED 1553584397 INTRODUCE 36 27 3
RECIEVED 1553584397 INTRODUCE 36 27 3
RECIEVED 1553584397 TRANSACTION 82 27 3
RECIEVED 1553584397 INTRODUCE 36 27 3
RECIEVED 1553584397 INTRODUCE 35 27 3
RECIEVED 1553584397 INTRODUCE 36 27 3
RECIEVED 1553584397 INTRODUCE 36 27 3
RECIEVED 1553584397 INTRODUCE 36 27 3
RECIEVED 1553584397 INTRODUCE 35 27 3
RECIEVED 1553584397 INTRODUCE 36 27 3
RECIEVED 1553584397 INTRODUCE 36 27 3
RECIEVED 1553584397 TRANSACTION 81 27 3
RECIEVED 1553584397 INTRODUCE 36 27 3
RECIEVED 1553584397 INTRODUCE 36 27 3
RECIEVED 1553584397 INTRODUCE 36 27 3
RECIEVED 1553584397 INTRODUCE 35 27 3
# recieved string JOIN node14 172.22.156.206 8014

RECIEVED 1553584397 JOIN 32 27 3
SEND 1553584397 INTRODUCE 36 13918
SEND 1553584397 INTRODUCE 35 12259
SEND 1553584397 INTRODUCE 36 13790
SEND 1553584397 INTRODUCE 35 14005
SEND 1553584397 INTRODUCE 35 15899
SEND 1553584397 INTRODUCE 35 13490
SEND 1553584397 INTRODUCE 36 12755
SEND 1553584397 INTRODUCE 36 12827
SEND 1553584397 INTRODUCE 37 19071
SEND 1553584397 INTRODUCE 37 13421
SEND 1553584397 INTRODUCE 35 12858
SEND 1553584397 INTRODUCE 35 13042
SEND 1553584397 INTRODUCE 36 13770
SEND 1553584397 INTRODUCE 36 13927
SEND 1553584397 INTRODUCE 35 16208
SEND 1553584397 INTRODUCE 36 16506
SEND 1553584397 INTRODUCE 36 12895
SEND 1553584397 INTRODUCE 36 11730
SEND 1553584397 INTRODUCE 36 15856
SEND 1553584397 INTRODUCE 36 13627
SEND 1553584397 INTRODUCE 36 11898
SEND 1553584397 INTRODUCE 37 15028
SEND 1553584397 INTRODUCE 35 12190
SEND 1553584397 INTRODUCE 35 14124
SEND 1553584397 INTRODUCE 35 11653
SEND 1553584397 INTRODUCE 36 11401
SEND 1553584397 INTRODUCE 36 10876
RECIEVED 1553584397 INTRODUCE 35 28 3
RECIEVED 1553584397 INTRODUCE 35 28 3
RECIEVED 1553584397 INTRODUCE 37 28 3
RECIEVED 1553584397 INTRODUCE 36 28 3
# recieved string JOIN node0 172.22.156.208 8000

RECIEVED 1553584397 JOIN 31 28 3
SEND 1553584397 INTRODUCE 36 13592
SEND 1553584397 INTRODUCE 36 10914
SEND 1553584397 INTRODUCE 35 11120
SEND 1553584397 INTRODUCE 35 11073
SEND 1553584397 INTRODUCE 36 13429
SEND 1553584397 INTRODUCE 36 11430
SEND 1553584397 INTRODUCE 35 10860
SEND 1553584397 INTRODUCE 35 10346
SEND 1553584397 INTRODUCE 37 22025
SEND 1553584397 INTRODUCE 35 10048
SEND 1553584397 INTRODUCE 37 19438
SEND 1553584397 INTRODUCE 35 13701
SEND 1553584397 INTRODUCE 36 10099
SEND 1553584397 INTRODUCE 36 26159
SEND 1553584397 INTRODUCE 36 13640
SEND 1553584397 INTRODUCE 35 12331
SEND 1553584397 INTRODUCE 37 15326
SEND 1553584397 INTRODUCE 36 10644
SEND 1553584397 INTRODUCE 36 9803
SEND 1553584397 INTRODUCE 36 13279
SEND 1553584397 INTRODUCE 36 10774
SEND 1553584397 INTRODUCE 36 12548
SEND 1553584397 INTRODUCE 35 15701
SEND 1553584397 INTRODUCE 35 10756
SEND 1553584397 INTRODUCE 35 9700
SEND 1553584397 INTRODUCE 36 18858
SEND 1553584397 INTRODUCE 37 10544
SEND 1553584397 INTRODUCE 36 13990
RECIEVED 1553584397 INTRODUCE 36 29 3
RECIEVED 1553584397 INTRODUCE 36 29 3
RECIEVED 1553584397 INTRODUCE 35 29 3
RECIEVED 1553584397 INTRODUCE 35 29 3
RECIEVED 1553584397 INTRODUCE 37 29 3
RECIEVED 1553584397 INTRODUCE 36 29 3
RECIEVED 1553584397 INTRODUCE 37 29 3
RECIEVED 1553584397 INTRODUCE 36 29 3
RECIEVED 1553584397 INTRODUCE 35 29 3
RECIEVED 1553584397 INTRODUCE 36 29 3
RECIEVED 1553584397 INTRODUCE 35 29 3
# recieved string JOIN node5 172.22.156.208 8005

RECIEVED 1553584397 JOIN 31 29 3
SEND 1553584397 INTRODUCE 35 30202
SEND 1553584397 INTRODUCE 37 10176
SEND 1553584397 INTRODUCE 36 10041
SEND 1553584397 INTRODUCE 36 34362
SEND 1553584397 INTRODUCE 36 14092
SEND 1553584397 INTRODUCE 36 10637
SEND 1553584397 INTRODUCE 36 29284
SEND 1553584397 INTRODUCE 36 9952
SEND 1553584397 INTRODUCE 37 13824
SEND 1553584397 INTRODUCE 35 10054
SEND 1553584397 INTRODUCE 35 10204
SEND 1553584397 INTRODUCE 35 20019
SEND 1553584397 INTRODUCE 36 11312
# recieved string JOIN node14 172.22.94.217 8014

SEND 1553584397 INTRODUCE 36 15568
SEND 1553584397 INTRODUCE 36 9761
SEND 1553584397 INTRODUCE 35 35713
SEND 1553584397 INTRODUCE 36 10675
SEND 1553584397 INTRODUCE 35 12136
SEND 1553584397 INTRODUCE 35 152948
SEND 1553584397 INTRODUCE 35 26930
SEND 1553584397 INTRODUCE 36 194697
SEND 1553584397 INTRODUCE 36 52946
SEND 1553584397 INTRODUCE 36 22403
SEND 1553584397 INTRODUCE 37 11055
SEND 1553584397 INTRODUCE 35 10178
SEND 1553584397 INTRODUCE 35 10213
SEND 1553584397 INTRODUCE 37 25061
SEND 1553584397 INTRODUCE 36 10868
SEND 1553584397 INTRODUCE 36 10945
RECIEVED 1553584397 TRANSACTION 82 30 3
RECIEVED 1553584397 INTRODUCE 36 30 3
RECIEVED 1553584397 INTRODUCE 35 30 3
RECIEVED 1553584397 INTRODUCE 36 30 3
RECIEVED 1553584397 JOIN 31 30 3
SEND 1553584397 INTRODUCE 36 12059
SEND 1553584397 INTRODUCE 36 14438
SEND 1553584397 INTRODUCE 35 25580
SEND 1553584397 INTRODUCE 37 11218
SEND 1553584397 INTRODUCE 36 19866
SEND 1553584397 INTRODUCE 36 16018
SEND 1553584397 INTRODUCE 36 33734
SEND 1553584397 INTRODUCE 36 48170
SEND 1553584397 INTRODUCE 36 9802
SEND 1553584397 INTRODUCE 36 14000
SEND 1553584397 INTRODUCE 36 33563
SEND 1553584397 INTRODUCE 37 15874
SEND 1553584397 INTRODUCE 35 11214
SEND 1553584397 INTRODUCE 35 44886
SEND 1553584397 INTRODUCE 35 11940
SEND 1553584397 INTRODUCE 36 13997
SEND 1553584397 INTRODUCE 36 24829
SEND 1553584397 INTRODUCE 36 10567
SEND 1553584397 INTRODUCE 35 40103
SEND 1553584397 INTRODUCE 36 15843
SEND 1553584397 INTRODUCE 35 47932
SEND 1553584397 INTRODUCE 35 11427
SEND 1553584397 INTRODUCE 35 10896
SEND 1553584397 INTRODUCE 36 10551
SEND 1553584397 INTRODUCE 36 11703
SEND 1553584397 INTRODUCE 36 48196
SEND 1553584397 INTRODUCE 37 39552
SEND 1553584397 INTRODUCE 35 41499
SEND 1553584397 INTRODUCE 35 15982
SEND 1553584397 INTRODUCE 37 27104
RECIEVED 1553584397 INTRODUCE 36 31 3
RECIEVED 1553584397 INTRODUCE 36 31 3
RECIEVED 1553584397 INTRODUCE 36 31 3
RECIEVED 1553584397 INTRODUCE 36 31 3
RECIEVED 1553584397 INTRODUCE 37 31 3
SEND 1553584397 INTRODUCE 37 15264
SEND 1553584397 INTRODUCE 37 22015
SEND 1553584397 INTRODUCE 37 21363
SEND 1553584397 INTRODUCE 37 18666
SEND 1553584397 INTRODUCE 37 16764
SEND 1553584397 INTRODUCE 37 11387
SEND 1553584397 INTRODUCE 37 15133
SEND 1553584397 INTRODUCE 37 31793
SEND 1553584397 INTRODUCE 37 10413
SEND 1553584397 INTRODUCE 37 9784
SEND 1553584397 INTRODUCE 37 15398
SEND 1553584397 INTRODUCE 37 13364
SEND 1553584397 INTRODUCE 37 11412
SEND 1553584397 INTRODUCE 37 12478
SEND 1553584397 INTRODUCE 37 14408
SEND 1553584397 INTRODUCE 37 11071
SEND 1553584397 INTRODUCE 37 13590
SEND 1553584397 INTRODUCE 37 27277
SEND 1553584397 INTRODUCE 37 18377
SEND 1553584397 INTRODUCE 37 28981
SEND 1553584397 INTRODUCE 37 20115
SEND 1553584397 INTRODUCE 37 12521
SEND 1553584397 INTRODUCE 37 14371
SEND 1553584397 INTRODUCE 37 15186
SEND 1553584397 INTRODUCE 37 16792
SEND 1553584397 INTRODUCE 37 14766
SEND 1553584397 INTRODUCE 37 15112
SEND 1553584397 INTRODUCE 37 10781
SEND 1553584397 INTRODUCE 37 15756
SEND 1553584397 INTRODUCE 37 11722
SEND 1553584397 INTRODUCE 37 10779
SEND 1553584397 JOIN 32 13908
RECIEVED 1553584397 INTRODUCE 36 32 3
RECIEVED 1553584397 INTRODUCE 35 32 3
RECIEVED 1553584397 INTRODUCE 37 32 3
RECIEVED 1553584397 INTRODUCE 37 32 3
RECIEVED 1553584397 INTRODUCE 37 32 3
RECIEVED 1553584397 INTRODUCE 35 32 3
RECIEVED 1553584397 INTRODUCE 36 32 3
RECIEVED 1553584397 INTRODUCE 36 32 3
RECIEVED 1553584397 INTRODUCE 37 32 3
RECIEVED 1553584397 INTRODUCE 37 32 3
RECIEVED 1553584397 INTRODUCE 36 32 3
RECIEVED 1553584397 INTRODUCE 37 32 3
RECIEVED 1553584397 INTRODUCE 37 32 3
RECIEVED 1553584397 INTRODUCE 36 32 3
RECIEVED 1553584397 INTRODUCE 37 32 3
RECIEVED 1553584397 INTRODUCE 36 32 3
RECIEVED 1553584397 INTRODUCE 37 32 3
RECIEVED 1553584397 INTRODUCE 36 32 3
RECIEVED 1553584397 INTRODUCE 37 32 3
RECIEVED 1553584397 INTRODUCE 37 32 3
RECIEVED 1553584397 INTRODUCE 37 32 3
RECIEVED 1553584397 INTRODUCE 37 32 3
RECIEVED 1553584397 TRANSACTION 82 32 3
RECIEVED 1553584397 INTRODUCE 37 32 3
RECIEVED 1553584397 INTRODUCE 37 32 3
RECIEVED 1553584397 INTRODUCE 35 32 3
RECIEVED 1553584397 INTRODUCE 37 32 3
RECIEVED 1553584397 INTRODUCE 36 32 3
RECIEVED 1553584397 INTRODUCE 35 32 3
RECIEVED 1553584397 INTRODUCE 37 32 3
RECIEVED 1553584397 INTRODUCE 35 32 3
RECIEVED 1553584397 INTRODUCE 37 32 3
RECIEVED 1553584397 INTRODUCE 37 32 3
RECIEVED 1553584397 INTRODUCE 37 32 3
RECIEVED 1553584397 INTRODUCE 35 32 3
RECIEVED 1553584397 INTRODUCE 37 32 3
RECIEVED 1553584397 INTRODUCE 37 32 3
RECIEVED 1553584397 INTRODUCE 35 32 3
RECIEVED 1553584397 INTRODUCE 36 32 3
RECIEVED 1553584397 INTRODUCE 37 32 3
RECIEVED 1553584397 INTRODUCE 37 32 3
RECIEVED 1553584397 INTRODUCE 37 32 3
RECIEVED 1553584397 INTRODUCE 35 32 3
RECIEVED 1553584397 INTRODUCE 36 32 3
RECIEVED 1553584397 INTRODUCE 36 32 3
RECIEVED 1553584397 INTRODUCE 37 32 3
RECIEVED 1553584397 INTRODUCE 35 32 3
RECIEVED 1553584397 INTRODUCE 37 32 3
RECIEVED 1553584397 INTRODUCE 36 32 3
RECIEVED 1553584397 INTRODUCE 37 32 3
RECIEVED 1553584397 INTRODUCE 35 32 3
RECIEVED 1553584397 INTRODUCE 36 32 3
RECIEVED 1553584397 INTRODUCE 36 32 3
RECIEVED 1553584397 INTRODUCE 36 32 3
SEND 1553584397 INTRODUCE 36 15538
SEND 1553584397 INTRODUCE 36 14128
SEND 1553584397 INTRODUCE 36 14179
SEND 1553584397 INTRODUCE 36 12962
SEND 1553584397 INTRODUCE 36 18747
SEND 1553584397 INTRODUCE 36 20786
SEND 1553584397 INTRODUCE 36 16718
SEND 1553584397 INTRODUCE 36 13012
SEND 1553584397 INTRODUCE 36 12139
SEND 1553584397 INTRODUCE 36 38981
SEND 1553584397 INTRODUCE 36 11607
SEND 1553584397 INTRODUCE 36 14712
SEND 1553584397 INTRODUCE 36 99227
SEND 1553584397 INTRODUCE 36 23261
SEND 1553584397 INTRODUCE 36 14120
SEND 1553584397 INTRODUCE 36 17503
SEND 1553584397 INTRODUCE 36 10855
SEND 1553584397 INTRODUCE 36 102333
SEND 1553584397 INTRODUCE 36 37299
SEND 1553584397 INTRODUCE 36 14651
SEND 1553584397 INTRODUCE 36 11671
SEND 1553584397 INTRODUCE 36 21773
SEND 1553584397 INTRODUCE 36 16106
SEND 1553584397 INTRODUCE 36 15385
SEND 1553584397 INTRODUCE 36 20761
SEND 1553584397 INTRODUCE 36 37930
SEND 1553584397 INTRODUCE 36 17572
SEND 1553584397 INTRODUCE 36 10377
SEND 1553584397 INTRODUCE 36 12998
SEND 1553584397 INTRODUCE 36 61581
SEND 1553584397 INTRODUCE 36 10970
SEND 1553584397 INTRODUCE 36 10127
SEND 1553584397 JOIN 32 15371
RECIEVED 1553584397 INTRODUCE 36 33 3
RECIEVED 1553584397 INTRODUCE 35 33 3
RECIEVED 1553584397 INTRODUCE 37 33 3
RECIEVED 1553584397 INTRODUCE 36 33 3
RECIEVED 1553584397 INTRODUCE 36 33 3
RECIEVED 1553584397 INTRODUCE 35 33 3
RECIEVED 1553584397 INTRODUCE 36 33 3
RECIEVED 1553584397 INTRODUCE 37 33 3
RECIEVED 1553584397 INTRODUCE 36 33 3
RECIEVED 1553584397 INTRODUCE 36 33 3
RECIEVED 1553584397 INTRODUCE 36 33 3
RECIEVED 1553584397 INTRODUCE 36 33 3
RECIEVED 1553584397 INTRODUCE 36 33 3
RECIEVED 1553584397 INTRODUCE 37 33 3
RECIEVED 1553584397 INTRODUCE 36 33 3
RECIEVED 1553584397 INTRODUCE 36 33 3
RECIEVED 1553584397 INTRODUCE 36 33 3
RECIEVED 1553584397 INTRODUCE 36 33 3
RECIEVED 1553584397 INTRODUCE 36 33 3
RECIEVED 1553584397 INTRODUCE 36 33 3
RECIEVED 1553584397 INTRODUCE 35 33 3
# recieved string JOIN node1 172.22.156.208 8001

RECIEVED 1553584397 JOIN 31 33 3
# recieved string JOIN node7 172.22.156.208 8007

RECIEVED 1553584397 JOIN 31 33 3
SEND 1553584397 INTRODUCE 35 21706
SEND 1553584397 INTRODUCE 35 10224
# recieved string JOIN node15 172.22.94.217 8015

SEND 1553584397 INTRODUCE 36 9545
SEND 1553584397 INTRODUCE 36 48300
SEND 1553584397 INTRODUCE 37 15613
SEND 1553584397 INTRODUCE 36 9908
SEND 1553584397 INTRODUCE 36 19000
SEND 1553584397 INTRODUCE 35 14622
SEND 1553584397 INTRODUCE 36 10142
SEND 1553584397 INTRODUCE 35 13766
SEND 1553584397 INTRODUCE 35 13607
SEND 1553584397 INTRODUCE 37 9588
SEND 1553584397 INTRODUCE 37 9988
SEND 1553584397 INTRODUCE 36 15718
SEND 1553584397 INTRODUCE 36 30615
SEND 1553584397 INTRODUCE 37 155138
# recieved string JOIN node4 172.22.156.208 8004

SEND 1553584397 INTRODUCE 36 10917
SEND 1553584397 INTRODUCE 36 15419
SEND 1553584397 INTRODUCE 35 34781
SEND 1553584397 INTRODUCE 36 20240
SEND 1553584397 INTRODUCE 36 16842
SEND 1553584397 INTRODUCE 36 31476
SEND 1553584397 INTRODUCE 36 36882
SEND 1553584397 INTRODUCE 36 74201
SEND 1553584397 INTRODUCE 35 19359
SEND 1553584397 INTRODUCE 35 40268
SEND 1553584397 INTRODUCE 35 38957
SEND 1553584397 INTRODUCE 36 20646
# recieved string JOIN node6 172.22.156.208 8006

SEND 1553584397 INTRODUCE 36 44461
SEND 1553584397 INTRODUCE 37 11712
SEND 1553584397 INTRODUCE 35 53273
SEND 1553584397 INTRODUCE 36 10989
SEND 1553584397 INTRODUCE 36 17308
RECIEVED 1553584397 JOIN 31 34 3
SEND 1553584397 INTRODUCE 36 12101
SEND 1553584397 INTRODUCE 36 9884
SEND 1553584397 INTRODUCE 36 36426
SEND 1553584397 INTRODUCE 36 10631
SEND 1553584397 INTRODUCE 36 11692
SEND 1553584397 INTRODUCE 35 10767
SEND 1553584397 INTRODUCE 37 38159
SEND 1553584397 INTRODUCE 36 11682
SEND 1553584397 INTRODUCE 36 10657
SEND 1553584397 INTRODUCE 36 16487
SEND 1553584397 INTRODUCE 36 21592
SEND 1553584398 INTRODUCE 36 38660
SEND 1553584398 INTRODUCE 35 17935
SEND 1553584398 INTRODUCE 35 11240
SEND 1553584398 INTRODUCE 36 37670
SEND 1553584398 INTRODUCE 36 10110
SEND 1553584398 INTRODUCE 37 36431
SEND 1553584398 INTRODUCE 35 29965
SEND 1553584398 INTRODUCE 36 10966
SEND 1553584398 INTRODUCE 36 17832
SEND 1553584398 INTRODUCE 35 16410
SEND 1553584398 INTRODUCE 35 19832
SEND 1553584398 INTRODUCE 36 42459
SEND 1553584398 INTRODUCE 36 10566
SEND 1553584398 INTRODUCE 37 12171
SEND 1553584398 INTRODUCE 36 21738
SEND 1553584398 INTRODUCE 36 20340
SEND 1553584398 INTRODUCE 35 9522
SEND 1553584398 INTRODUCE 35 15161
SEND 1553584398 INTRODUCE 36 22288
SEND 1553584398 INTRODUCE 35 11688
SEND 1553584398 INTRODUCE 37 10809
SEND 1553584398 INTRODUCE 37 9251
SEND 1553584398 INTRODUCE 35 20429
RECIEVED 1553584398 INTRODUCE 36 35 3
SEND 1553584398 INTRODUCE 36 19604
SEND 1553584398 INTRODUCE 36 12781
SEND 1553584398 INTRODUCE 36 20799
SEND 1553584398 INTRODUCE 36 46074
SEND 1553584398 INTRODUCE 36 11622
SEND 1553584398 INTRODUCE 36 11037
SEND 1553584398 INTRODUCE 36 13794
SEND 1553584398 INTRODUCE 36 16064
SEND 1553584398 INTRODUCE 36 22184
SEND 1553584398 INTRODUCE 36 11034
SEND 1553584398 INTRODUCE 36 19754
SEND 1553584398 INTRODUCE 36 15449
SEND 1553584398 INTRODUCE 36 14720
SEND 1553584398 INTRODUCE 36 22826
SEND 1553584398 INTRODUCE 36 45613
SEND 1553584398 INTRODUCE 36 34707
SEND 1553584398 INTRODUCE 36 179039
SEND 1553584398 INTRODUCE 36 12059
SEND 1553584398 INTRODUCE 36 12469
SEND 1553584398 INTRODUCE 36 32310
SEND 1553584398 INTRODUCE 36 23461
SEND 1553584398 INTRODUCE 36 12113
SEND 1553584398 INTRODUCE 36 19015
SEND 1553584398 INTRODUCE 36 12148
SEND 1553584398 INTRODUCE 36 11594
SEND 1553584398 INTRODUCE 36 12231
SEND 1553584398 INTRODUCE 36 22430
SEND 1553584398 INTRODUCE 36 19855
SEND 1553584398 INTRODUCE 36 15206
SEND 1553584398 INTRODUCE 36 11680
SEND 1553584398 INTRODUCE 36 35879
SEND 1553584398 INTRODUCE 36 10489
SEND 1553584398 INTRODUCE 36 14580
SEND 1553584398 INTRODUCE 36 18886
SEND 1553584398 INTRODUCE 36 21216
SEND 1553584398 JOIN 32 11445
RECIEVED 1553584398 INTRODUCE 37 36 3
RECIEVED 1553584398 INTRODUCE 36 36 3
RECIEVED 1553584398 INTRODUCE 36 36 3
RECIEVED 1553584398 INTRODUCE 37 36 3
RECIEVED 1553584398 JOIN 31 36 3
SEND 1553584398 INTRODUCE 36 11264
SEND 1553584398 INTRODUCE 36 8648
SEND 1553584398 INTRODUCE 36 10471
SEND 1553584398 INTRODUCE 35 10631
SEND 1553584398 INTRODUCE 37 19218
SEND 1553584398 INTRODUCE 36 21304
SEND 1553584398 INTRODUCE 36 15761
SEND 1553584398 INTRODUCE 36 22834
SEND 1553584398 INTRODUCE 36 15975
SEND 1553584398 INTRODUCE 36 10004
SEND 1553584398 INTRODUCE 35 17812
SEND 1553584398 INTRODUCE 35 17493
SEND 1553584398 INTRODUCE 36 15004
SEND 1553584398 INTRODUCE 36 22983
SEND 1553584398 INTRODUCE 37 37895
SEND 1553584398 INTRODUCE 35 11799
SEND 1553584398 INTRODUCE 36 10580
SEND 1553584398 INTRODUCE 36 22252
SEND 1553584398 INTRODUCE 36 11040
SEND 1553584398 INTRODUCE 35 10698
SEND 1553584398 INTRODUCE 35 10893
SEND 1553584398 INTRODUCE 36 17314
SEND 1553584398 INTRODUCE 36 11131
SEND 1553584398 INTRODUCE 37 9721
SEND 1553584398 INTRODUCE 36 11140
SEND 1553584398 INTRODUCE 36 9230
SEND 1553584398 INTRODUCE 35 10440
SEND 1553584398 INTRODUCE 35 9188
SEND 1553584398 INTRODUCE 36 21081
SEND 1553584398 INTRODUCE 35 29515
SEND 1553584398 INTRODUCE 37 10375
SEND 1553584398 INTRODUCE 37 69812
SEND 1553584398 INTRODUCE 35 9791
SEND 1553584398 INTRODUCE 36 52470
SEND 1553584398 INTRODUCE 36 10593
SEND 1553584398 INTRODUCE 36 9573
RECIEVED 1553584398 INTRODUCE 36 37 3
SEND 1553584398 INTRODUCE 36 10481
SEND 1553584398 INTRODUCE 36 10643
SEND 1553584398 INTRODUCE 36 21491
SEND 1553584398 INTRODUCE 36 13826
SEND 1553584398 INTRODUCE 36 10584
SEND 1553584398 INTRODUCE 36 14567
SEND 1553584398 INTRODUCE 36 15899
SEND 1553584398 INTRODUCE 36 10055
SEND 1553584398 INTRODUCE 36 15519
SEND 1553584398 INTRODUCE 36 8870
SEND 1553584398 INTRODUCE 36 10561
SEND 1553584398 INTRODUCE 36 10825
SEND 1553584398 INTRODUCE 36 22303
SEND 1553584398 INTRODUCE 36 19827
SEND 1553584398 INTRODUCE 36 34401
SEND 1553584398 INTRODUCE 36 35979
SEND 1553584398 INTRODUCE 36 28418
SEND 1553584398 INTRODUCE 36 19279
SEND 1553584398 INTRODUCE 36 14297
SEND 1553584398 INTRODUCE 36 16441
SEND 1553584398 INTRODUCE 36 10804
SEND 1553584398 INTRODUCE 36 11363
SEND 1553584398 INTRODUCE 36 10583
SEND 1553584398 INTRODUCE 36 18467
SEND 1553584398 INTRODUCE 36 48982
SEND 1553584398 INTRODUCE 36 13376
SEND 1553584398 INTRODUCE 36 12191
SEND 1553584398 INTRODUCE 36 27516
SEND 1553584398 INTRODUCE 36 11224
SEND 1553584398 INTRODUCE 36 15741
SEND 1553584398 INTRODUCE 36 14222
SEND 1553584398 INTRODUCE 36 14114
SEND 1553584398 INTRODUCE 36 10979
SEND 1553584398 INTRODUCE 36 28814
SEND 1553584398 INTRODUCE 36 14558
SEND 1553584398 INTRODUCE 36 29700
SEND 1553584398 INTRODUCE 36 10769
# recieved string JOIN node2 172.22.156.208 8002

SEND 1553584398 JOIN 32 10959
RECIEVED 1553584398 INTRODUCE 37 38 3
RECIEVED 1553584398 INTRODUCE 35 38 3
RECIEVED 1553584398 INTRODUCE 36 38 3
RECIEVED 1553584398 INTRODUCE 36 38 3
RECIEVED 1553584398 INTRODUCE 35 38 3
RECIEVED 1553584398 JOIN 31 38 3
RECIEVED 1553584398 INTRODUCE 36 38 3
RECIEVED 1553584398 INTRODUCE 36 38 3
RECIEVED 1553584398 INTRODUCE 36 38 3
RECIEVED 1553584398 INTRODUCE 36 38 3
RECIEVED 1553584398 INTRODUCE 36 38 3
RECIEVED 1553584398 INTRODUCE 36 38 3
RECIEVED 1553584398 INTRODUCE 36 38 3
RECIEVED 1553584398 INTRODUCE 36 38 3
RECIEVED 1553584398 INTRODUCE 36 38 3
RECIEVED 1553584398 INTRODUCE 36 38 3
RECIEVED 1553584398 INTRODUCE 36 38 3
RECIEVED 1553584398 INTRODUCE 36 38 3
RECIEVED 1553584398 INTRODUCE 36 38 3
RECIEVED 1553584398 INTRODUCE 35 38 3
RECIEVED 1553584398 INTRODUCE 36 38 3
RECIEVED 1553584398 INTRODUCE 36 38 3
RECIEVED 1553584398 INTRODUCE 36 38 3
RECIEVED 1553584398 INTRODUCE 36 38 3
RECIEVED 1553584398 INTRODUCE 35 38 3
RECIEVED 1553584398 INTRODUCE 36 38 3
RECIEVED 1553584398 INTRODUCE 36 38 3
RECIEVED 1553584398 INTRODUCE 36 38 3
RECIEVED 1553584398 INTRODUCE 36 38 3
RECIEVED 1553584398 INTRODUCE 36 38 3
RECIEVED 1553584398 INTRODUCE 36 38 3
RECIEVED 1553584398 INTRODUCE 36 38 3
RECIEVED 1553584398 INTRODUCE 35 38 3
RECIEVED 1553584398 INTRODUCE 36 38 3
RECIEVED 1553584398 INTRODUCE 36 38 3
RECIEVED 1553584398 INTRODUCE 35 38 3
RECIEVED 1553584398 INTRODUCE 36 38 3
RECIEVED 1553584398 INTRODUCE 36 38 3
RECIEVED 1553584398 INTRODUCE 36 38 3
RECIEVED 1553584398 INTRODUCE 35 38 3
RECIEVED 1553584398 INTRODUCE 36 38 3
SEND 1553584398 INTRODUCE 36 42033
SEND 1553584398 INTRODUCE 36 13408
SEND 1553584398 INTRODUCE 36 12678
SEND 1553584398 INTRODUCE 36 21714
SEND 1553584398 INTRODUCE 36 14899
SEND 1553584398 INTRODUCE 36 15530
SEND 1553584398 INTRODUCE 36 9439
SEND 1553584398 INTRODUCE 36 12260
SEND 1553584398 INTRODUCE 36 34651
SEND 1553584398 INTRODUCE 36 14953
SEND 1553584398 INTRODUCE 36 10071
SEND 1553584398 INTRODUCE 36 10454
SEND 1553584398 INTRODUCE 36 11345
SEND 1553584398 INTRODUCE 36 23343
SEND 1553584398 INTRODUCE 36 16040
SEND 1553584398 INTRODUCE 36 13534
SEND 1553584398 INTRODUCE 36 17619
SEND 1553584398 INTRODUCE 36 14667
SEND 1553584398 INTRODUCE 36 43097
SEND 1553584398 INTRODUCE 36 11051
SEND 1553584398 INTRODUCE 36 21681
SEND 1553584398 INTRODUCE 36 12964
SEND 1553584398 INTRODUCE 36 13047
SEND 1553584398 INTRODUCE 36 49748
SEND 1553584398 INTRODUCE 36 11041
SEND 1553584398 INTRODUCE 36 14804
SEND 1553584398 INTRODUCE 36 12322
SEND 1553584398 INTRODUCE 36 13364
SEND 1553584398 INTRODUCE 36 10884
SEND 1553584398 INTRODUCE 36 10056
SEND 1553584398 INTRODUCE 36 10417
SEND 1553584398 INTRODUCE 36 18483
SEND 1553584398 INTRODUCE 36 12196
SEND 1553584398 INTRODUCE 36 10534
SEND 1553584398 INTRODUCE 36 12660
SEND 1553584398 INTRODUCE 36 11071
SEND 1553584398 INTRODUCE 36 16534
SEND 1553584398 INTRODUCE 36 12165
SEND 1553584398 JOIN 32 17640
RECIEVED 1553584398 INTRODUCE 36 39 3
RECIEVED 1553584398 INTRODUCE 35 39 3
RECIEVED 1553584398 INTRODUCE 35 39 3
RECIEVED 1553584398 INTRODUCE 36 39 3
RECIEVED 1553584398 INTRODUCE 36 39 3
RECIEVED 1553584398 INTRODUCE 35 39 3
RECIEVED 1553584398 INTRODUCE 36 39 3
RECIEVED 1553584398 INTRODUCE 35 39 3
RECIEVED 1553584398 INTRODUCE 36 39 3
RECIEVED 1553584398 INTRODUCE 36 39 3
RECIEVED 1553584398 INTRODUCE 36 39 3
RECIEVED 1553584398 INTRODUCE 35 39 3
RECIEVED 1553584398 INTRODUCE 36 39 3
RECIEVED 1553584398 INTRODUCE 37 39 3
RECIEVED 1553584398 INTRODUCE 37 39 3
RECIEVED 1553584398 INTRODUCE 36 39 3
RECIEVED 1553584398 INTRODUCE 35 39 3
RECIEVED 1553584398 INTRODUCE 37 39 3
RECIEVED 1553584398 INTRODUCE 36 39 3
RECIEVED 1553584398 INTRODUCE 35 39 3
RECIEVED 1553584398 INTRODUCE 37 39 3
RECIEVED 1553584398 INTRODUCE 35 39 3
RECIEVED 1553584398 INTRODUCE 36 39 3
RECIEVED 1553584398 INTRODUCE 36 39 3
RECIEVED 1553584398 INTRODUCE 35 39 3
RECIEVED 1553584398 INTRODUCE 36 39 3
RECIEVED 1553584398 INTRODUCE 36 39 3
RECIEVED 1553584398 INTRODUCE 36 39 3
RECIEVED 1553584398 INTRODUCE 36 39 3
RECIEVED 1553584398 INTRODUCE 36 39 3
RECIEVED 1553584398 INTRODUCE 37 39 3
RECIEVED 1553584398 INTRODUCE 36 39 3
RECIEVED 1553584398 INTRODUCE 35 39 3
RECIEVED 1553584398 INTRODUCE 37 39 3
RECIEVED 1553584398 INTRODUCE 36 39 3
RECIEVED 1553584398 INTRODUCE 37 39 3
SEND 1553584398 INTRODUCE 37 13746
SEND 1553584398 INTRODUCE 37 46581
SEND 1553584398 INTRODUCE 37 11453
SEND 1553584398 INTRODUCE 37 17017
SEND 1553584398 INTRODUCE 37 12023
SEND 1553584398 INTRODUCE 37 16113
SEND 1553584398 INTRODUCE 37 19079
SEND 1553584398 INTRODUCE 37 10296
SEND 1553584398 INTRODUCE 37 40862
SEND 1553584398 INTRODUCE 37 13074
SEND 1553584398 INTRODUCE 37 18660
SEND 1553584398 INTRODUCE 37 44061
SEND 1553584398 INTRODUCE 37 32138
# recieved string JOIN node10 172.22.156.208 8010

SEND 1553584398 INTRODUCE 37 17141
SEND 1553584398 INTRODUCE 37 16509
SEND 1553584398 INTRODUCE 37 26494
SEND 1553584398 INTRODUCE 37 21023
SEND 1553584398 INTRODUCE 37 15863
SEND 1553584398 INTRODUCE 37 11602
SEND 1553584398 INTRODUCE 37 12274
SEND 1553584398 INTRODUCE 37 24385
# recieved string JOIN node13 172.22.156.208 8013

SEND 1553584398 INTRODUCE 37 16562
SEND 1553584398 INTRODUCE 37 41829
SEND 1553584398 INTRODUCE 37 14673
SEND 1553584398 INTRODUCE 37 11511
SEND 1553584398 INTRODUCE 37 20655
SEND 1553584398 INTRODUCE 37 15704
SEND 1553584398 INTRODUCE 37 19194
SEND 1553584398 INTRODUCE 37 15115
SEND 1553584398 INTRODUCE 37 15599
SEND 1553584398 INTRODUCE 37 17582
SEND 1553584398 INTRODUCE 37 35851
SEND 1553584398 INTRODUCE 37 11445
SEND 1553584398 INTRODUCE 37 10755
SEND 1553584398 INTRODUCE 37 14346
SEND 1553584398 INTRODUCE 37 15625
SEND 1553584398 INTRODUCE 37 25967
SEND 1553584398 INTRODUCE 37 11296
SEND 1553584398 INTRODUCE 37 31027
SEND 1553584398 JOIN 32 21908
RECIEVED 1553584398 INTRODUCE 36 40 3
RECIEVED 1553584398 INTRODUCE 37 40 3
RECIEVED 1553584398 INTRODUCE 37 40 3
RECIEVED 1553584398 INTRODUCE 35 40 3
RECIEVED 1553584398 INTRODUCE 36 40 3
RECIEVED 1553584398 INTRODUCE 36 40 3
RECIEVED 1553584398 INTRODUCE 36 40 3
RECIEVED 1553584398 INTRODUCE 37 40 3
RECIEVED 1553584398 INTRODUCE 37 40 3
RECIEVED 1553584398 INTRODUCE 37 40 3
RECIEVED 1553584398 JOIN 31 40 3
RECIEVED 1553584398 INTRODUCE 35 40 3
RECIEVED 1553584398 INTRODUCE 37 40 3
RECIEVED 1553584398 INTRODUCE 37 40 3
RECIEVED 1553584398 INTRODUCE 36 40 3
RECIEVED 1553584398 INTRODUCE 36 40 3
RECIEVED 1553584398 INTRODUCE 35 40 3
RECIEVED 1553584398 INTRODUCE 36 40 3
RECIEVED 1553584398 INTRODUCE 37 40 3
RECIEVED 1553584398 INTRODUCE 37 40 3
RECIEVED 1553584398 INTRODUCE 37 40 3
RECIEVED 1553584398 INTRODUCE 36 40 3
RECIEVED 1553584398 INTRODUCE 37 40 3
RECIEVED 1553584398 INTRODUCE 36 40 3
RECIEVED 1553584398 INTRODUCE 36 40 3
RECIEVED 1553584398 TRANSACTION 81 40 3
UPDATE 1553584398 TRANSACTION bd17be299693f7774830a3d8087991a5
SEND 1553584398 TRANSACTION 81 41703 bd17be299693f7774830a3d8087991a5
SEND 1553584398 TRANSACTION 81 13558 bd17be299693f7774830a3d8087991a5
SEND 1553584398 TRANSACTION 81 13897 bd17be299693f7774830a3d8087991a5
SEND 1553584398 TRANSACTION 81 11029 bd17be299693f7774830a3d8087991a5
SEND 1553584398 TRANSACTION 81 15505 bd17be299693f7774830a3d8087991a5
SEND 1553584398 TRANSACTION 81 10539 bd17be299693f7774830a3d8087991a5
SEND 1553584398 TRANSACTION 81 12813 bd17be299693f7774830a3d8087991a5
SEND 1553584398 TRANSACTION 81 14783 bd17be299693f7774830a3d8087991a5
SEND 1553584398 TRANSACTION 81 11546 bd17be299693f7774830a3d8087991a5
SEND 1553584398 TRANSACTION 81 151380 bd17be299693f7774830a3d8087991a5
SEND 1553584398 TRANSACTION 81 11426 bd17be299693f7774830a3d8087991a5
SEND 1553584398 TRANSACTION 81 16900 bd17be299693f7774830a3d8087991a5
RECIEVED 1553584398 TRANSACTION 81 40 4
RECIEVED 1553584398 INTRODUCE 35 40 4
RECIEVED 1553584398 INTRODUCE 36 40 4
RECIEVED 1553584398 INTRODUCE 37 40 4
RECIEVED 1553584398 JOIN 32 40 4
SEND 1553584398 INTRODUCE 36 10654
SEND 1553584398 INTRODUCE 35 12336
SEND 1553584398 INTRODUCE 37 10605
SEND 1553584398 INTRODUCE 37 10424
SEND 1553584398 INTRODUCE 35 10992
SEND 1553584398 INTRODUCE 36 10638
SEND 1553584398 INTRODUCE 36 9856
SEND 1553584398 INTRODUCE 36 10490
SEND 1553584398 INTRODUCE 36 10392
SEND 1553584398 INTRODUCE 36 14669
SEND 1553584398 INTRODUCE 36 10556
SEND 1553584398 INTRODUCE 36 28562
SEND 1553584398 INTRODUCE 36 11120
SEND 1553584398 INTRODUCE 35 15442
SEND 1553584398 INTRODUCE 37 10291
SEND 1553584398 INTRODUCE 36 9800
SEND 1553584398 INTRODUCE 36 11809
SEND 1553584398 INTRODUCE 36 11124
SEND 1553584398 INTRODUCE 36 10133
SEND 1553584398 INTRODUCE 36 14756
SEND 1553584398 INTRODUCE 35 14209
SEND 1553584398 INTRODUCE 35 10302
SEND 1553584398 INTRODUCE 36 10720
SEND 1553584398 INTRODUCE 36 46955
SEND 1553584398 INTRODUCE 37 31002
SEND 1553584398 INTRODUCE 35 14063
SEND 1553584398 INTRODUCE 36 4128
SEND 1553584398 INTRODUCE 36 4064
SEND 1553584398 INTRODUCE 37 3815
SEND 1553584398 INTRODUCE 36 3945
SEND 1553584398 INTRODUCE 36 4069
SEND 1553584398 INTRODUCE 35 4326
SEND 1553584398 INTRODUCE 35 3918
SEND 1553584398 INTRODUCE 36 10012
SEND 1553584398 INTRODUCE 36 11073
SEND 1553584398 INTRODUCE 37 41231
SEND 1553584398 INTRODUCE 36 14585
SEND 1553584398 INTRODUCE 36 9697
SEND 1553584398 INTRODUCE 35 29690
SEND 1553584398 INTRODUCE 35 10222
RECIEVED 1553584398 INTRODUCE 37 41 4
RECIEVED 1553584398 INTRODUCE 36 41 4
RECIEVED 1553584398 INTRODUCE 37 41 4
RECIEVED 1553584398 JOIN 32 41 4
SEND 1553584398 INTRODUCE 36 35281
SEND 1553584398 INTRODUCE 37 11657
SEND 1553584398 INTRODUCE 35 61866
SEND 1553584398 INTRODUCE 35 26885
SEND 1553584398 INTRODUCE 35 10031
SEND 1553584398 INTRODUCE 36 11600
SEND 1553584398 INTRODUCE 37 13418
# recieved string JOIN node8 172.22.156.208 8008

# recieved string JOIN node3 172.22.156.208 8003

# recieved string JOIN node17 172.22.156.206 8017

# recieved string JOIN node14 172.22.156.208 8014

SEND 1553584398 INTRODUCE 36 9770
SEND 1553584398 INTRODUCE 36 10336
SEND 1553584398 INTRODUCE 35 35418
SEND 1553584398 INTRODUCE 36 9203
SEND 1553584398 INTRODUCE 36 13547
# recieved string JOIN node12 172.22.156.208 8012

SEND 1553584398 INTRODUCE 37 15081
SEND 1553584398 INTRODUCE 36 10650
SEND 1553584398 INTRODUCE 35 9657
SEND 1553584398 INTRODUCE 35 16131
SEND 1553584398 INTRODUCE 35 16038
SEND 1553584398 INTRODUCE 36 14191
SEND 1553584398 INTRODUCE 36 20883
SEND 1553584398 INTRODUCE 37 9173
SEND 1553584398 INTRODUCE 36 18826
SEND 1553584398 INTRODUCE 36 9642
SEND 1553584398 INTRODUCE 37 14107
SEND 1553584398 INTRODUCE 37 9813
SEND 1553584398 INTRODUCE 35 14476
SEND 1553584398 INTRODUCE 35 9252
SEND 1553584398 INTRODUCE 36 9210
SEND 1553584398 INTRODUCE 36 9285
SEND 1553584398 INTRODUCE 36 15460
SEND 1553584398 INTRODUCE 36 14779
SEND 1553584398 INTRODUCE 36 9229
SEND 1553584398 INTRODUCE 35 9164
SEND 1553584398 INTRODUCE 37 9591
SEND 1553584398 INTRODUCE 36 9895
SEND 1553584398 INTRODUCE 36 10601
SEND 1553584398 INTRODUCE 36 8943
SEND 1553584398 INTRODUCE 36 14373
SEND 1553584398 INTRODUCE 36 14035
SEND 1553584398 INTRODUCE 36 9108
SEND 1553584398 INTRODUCE 36 15122
SEND 1553584398 INTRODUCE 36 11303
RECIEVED 1553584398 INTRODUCE 36 42 4
RECIEVED 1553584398 TRANSACTION 81 42 4
RECIEVED 1553584398 INTRODUCE 36 42 4
RECIEVED 1553584398 INTRODUCE 37 42 4
RECIEVED 1553584398 INTRODUCE 36 42 4
RECIEVED 1553584398 INTRODUCE 36 42 4
RECIEVED 1553584398 INTRODUCE 36 42 4
RECIEVED 1553584398 INTRODUCE 36 42 4
RECIEVED 1553584398 TRANSACTION 81 42 4
RECIEVED 1553584398 INTRODUCE 37 42 4
RECIEVED 1553584398 INTRODUCE 36 42 4
RECIEVED 1553584398 INTRODUCE 36 42 4
RECIEVED 1553584398 INTRODUCE 37 42 4
RECIEVED 1553584398 INTRODUCE 36 42 4
RECIEVED 1553584398 INTRODUCE 36 42 4
RECIEVED 1553584398 INTRODUCE 37 42 4
RECIEVED 1553584398 INTRODUCE 37 42 4
RECIEVED 1553584398 TRANSACTION 80 42 4
UPDATE 1553584398 TRANSACTION 237d4725adf047a1ba9022223390c62a
SEND 1553584398 TRANSACTION 80 31372 237d4725adf047a1ba9022223390c62a
SEND 1553584398 TRANSACTION 80 13419 237d4725adf047a1ba9022223390c62a
SEND 1553584398 TRANSACTION 80 10860 237d4725adf047a1ba9022223390c62a
SEND 1553584398 TRANSACTION 80 13399 237d4725adf047a1ba9022223390c62a
SEND 1553584398 TRANSACTION 80 20703 237d4725adf047a1ba9022223390c62a
SEND 1553584398 TRANSACTION 80 11461 237d4725adf047a1ba9022223390c62a
SEND 1553584398 TRANSACTION 80 15492 237d4725adf047a1ba9022223390c62a
SEND 1553584398 TRANSACTION 80 19448 237d4725adf047a1ba9022223390c62a
SEND 1553584398 TRANSACTION 80 13672 237d4725adf047a1ba9022223390c62a
SEND 1553584398 TRANSACTION 80 15979 237d4725adf047a1ba9022223390c62a
SEND 1553584398 TRANSACTION 80 43699 237d4725adf047a1ba9022223390c62a
SEND 1553584398 TRANSACTION 80 13041 237d4725adf047a1ba9022223390c62a
SEND 1553584398 TRANSACTION 80 21689 237d4725adf047a1ba9022223390c62a
RECIEVED 1553584398 INTRODUCE 37 42 5
RECIEVED 1553584398 INTRODUCE 36 42 5
RECIEVED 1553584398 INTRODUCE 37 42 5
RECIEVED 1553584398 TRANSACTION 80 42 5
RECIEVED 1553584398 INTRODUCE 36 42 5
RECIEVED 1553584398 INTRODUCE 37 42 5
RECIEVED 1553584398 INTRODUCE 37 42 5
RECIEVED 1553584398 INTRODUCE 36 42 5
RECIEVED 1553584398 INTRODUCE 37 42 5
RECIEVED 1553584398 INTRODUCE 37 42 5
RECIEVED 1553584398 JOIN 31 42 5
SEND 1553584398 INTRODUCE 37 9672
SEND 1553584398 INTRODUCE 35 10439
SEND 1553584398 INTRODUCE 35 15148
SEND 1553584398 INTRODUCE 35 13608
SEND 1553584398 INTRODUCE 36 14654
SEND 1553584398 INTRODUCE 37 10465
SEND 1553584398 INTRODUCE 36 9980
SEND 1553584398 INTRODUCE 36 9820
SEND 1553584398 INTRODUCE 35 10799
SEND 1553584398 INTRODUCE 36 15089
SEND 1553584398 INTRODUCE 36 9188
SEND 1553584398 INTRODUCE 37 8141
SEND 1553584398 INTRODUCE 36 9760
# recieved string JOIN node9 172.22.156.208 8009

SEND 1553584398 INTRODUCE 35 9898
SEND 1553584398 INTRODUCE 35 9575
SEND 1553584398 INTRODUCE 35 9934
SEND 1553584398 INTRODUCE 36 15646
SEND 1553584398 INTRODUCE 36 10528
SEND 1553584398 INTRODUCE 37 10727
SEND 1553584398 INTRODUCE 36 13407
SEND 1553584398 INTRODUCE 36 8581
SEND 1553584398 INTRODUCE 36 15275
SEND 1553584398 INTRODUCE 37 11430
SEND 1553584398 INTRODUCE 35 12093
SEND 1553584398 INTRODUCE 35 10762
SEND 1553584398 INTRODUCE 37 10981
SEND 1553584398 INTRODUCE 36 9927
SEND 1553584398 INTRODUCE 36 10517
SEND 1553584398 INTRODUCE 36 9586
SEND 1553584398 INTRODUCE 36 10028
SEND 1553584398 INTRODUCE 35 11059
SEND 1553584398 INTRODUCE 37 9504
SEND 1553584398 INTRODUCE 36 16301
SEND 1553584398 INTRODUCE 36 10841
SEND 1553584398 INTRODUCE 36 10641
SEND 1553584398 INTRODUCE 37 13483
SEND 1553584398 INTRODUCE 36 12899
SEND 1553584398 INTRODUCE 36 15211
SEND 1553584398 INTRODUCE 36 14506
SEND 1553584398 INTRODUCE 36 14699
SEND 1553584398 INTRODUCE 36 10260
SEND 1553584398 INTRODUCE 36 9480
RECIEVED 1553584398 INTRODUCE 37 43 5
RECIEVED 1553584398 JOIN 31 43 5
RECIEVED 1553584398 JOIN 32 43 5
SEND 1553584398 INTRODUCE 36 14904
SEND 1553584398 INTRODUCE 36 12597
SEND 1553584398 INTRODUCE 36 38765
SEND 1553584398 INTRODUCE 36 24202
SEND 1553584398 INTRODUCE 36 14507
SEND 1553584398 INTRODUCE 37 13584
SEND 1553584398 INTRODUCE 36 38426
SEND 1553584398 INTRODUCE 36 13822
SEND 1553584398 INTRODUCE 36 13751
SEND 1553584398 INTRODUCE 37 13807
SEND 1553584398 INTRODUCE 36 13715
SEND 1553584398 INTRODUCE 35 13602
SEND 1553584398 INTRODUCE 36 13583
SEND 1553584398 INTRODUCE 36 13602
SEND 1553584398 INTRODUCE 36 13481
SEND 1553584398 INTRODUCE 36 15783
SEND 1553584398 INTRODUCE 36 46154
SEND 1553584398 INTRODUCE 35 11409
SEND 1553584398 INTRODUCE 35 11954
SEND 1553584398 INTRODUCE 35 17547
SEND 1553584398 INTRODUCE 36 10944
SEND 1553584398 INTRODUCE 37 11459
SEND 1553584398 INTRODUCE 36 11342
SEND 1553584398 INTRODUCE 37 15482
SEND 1553584398 INTRODUCE 35 12079
SEND 1553584398 INTRODUCE 36 11407
SEND 1553584398 INTRODUCE 36 11204
SEND 1553584398 INTRODUCE 37 11405
SEND 1553584398 INTRODUCE 36 10136
SEND 1553584398 INTRODUCE 36 34703
SEND 1553584398 INTRODUCE 35 10443
SEND 1553584398 INTRODUCE 35 10283
SEND 1553584398 INTRODUCE 36 11904
SEND 1553584398 INTRODUCE 36 11640
SEND 1553584398 INTRODUCE 37 17069
SEND 1553584398 INTRODUCE 36 15291
SEND 1553584398 INTRODUCE 36 10397
SEND 1553584398 INTRODUCE 35 10160
SEND 1553584398 INTRODUCE 36 10161
SEND 1553584398 INTRODUCE 35 9407
SEND 1553584398 INTRODUCE 35 10889
SEND 1553584398 INTRODUCE 37 10433
SEND 1553584398 INTRODUCE 37 10606
RECIEVED 1553584398 JOIN 32 44 5
SEND 1553584398 INTRODUCE 36 10327
SEND 1553584398 INTRODUCE 36 9839
SEND 1553584398 INTRODUCE 36 24706
SEND 1553584398 INTRODUCE 36 11791
SEND 1553584398 INTRODUCE 36 10363
SEND 1553584398 INTRODUCE 37 10780
SEND 1553584398 INTRODUCE 36 10404
SEND 1553584398 INTRODUCE 36 15248
SEND 1553584398 INTRODUCE 36 10159
SEND 1553584398 INTRODUCE 37 14452
SEND 1553584398 INTRODUCE 36 42566
SEND 1553584398 INTRODUCE 35 15840
SEND 1553584398 INTRODUCE 36 10462
SEND 1553584398 INTRODUCE 36 10531
SEND 1553584398 INTRODUCE 36 12100
SEND 1553584398 INTRODUCE 36 10447
SEND 1553584398 INTRODUCE 36 11225
SEND 1553584398 INTRODUCE 35 10468
SEND 1553584398 INTRODUCE 35 14409
SEND 1553584398 INTRODUCE 35 10419
SEND 1553584398 INTRODUCE 36 10760
SEND 1553584398 INTRODUCE 37 9932
SEND 1553584398 INTRODUCE 36 14493
SEND 1553584398 INTRODUCE 37 12350
SEND 1553584398 INTRODUCE 35 14607
SEND 1553584398 INTRODUCE 36 10985
SEND 1553584398 INTRODUCE 36 14225
SEND 1553584398 INTRODUCE 37 29907
SEND 1553584398 INTRODUCE 36 46373
SEND 1553584398 INTRODUCE 36 8960
SEND 1553584398 INTRODUCE 35 10345
SEND 1553584398 INTRODUCE 35 34833
SEND 1553584398 INTRODUCE 36 9767
SEND 1553584398 INTRODUCE 36 9318
SEND 1553584398 INTRODUCE 37 9171
SEND 1553584398 INTRODUCE 36 16053
SEND 1553584398 INTRODUCE 36 10022
SEND 1553584398 INTRODUCE 35 813403
SEND 1553584398 INTRODUCE 37 11286
SEND 1553584398 INTRODUCE 36 13576
SEND 1553584398 INTRODUCE 35 10451
SEND 1553584398 INTRODUCE 35 14355
SEND 1553584398 INTRODUCE 37 9280
SEND 1553584398 INTRODUCE 37 8532
RECIEVED 1553584398 INTRODUCE 36 45 5
RECIEVED 1553584398 INTRODUCE 37 45 5
RECIEVED 1553584398 INTRODUCE 36 45 5
RECIEVED 1553584398 INTRODUCE 36 45 5
RECIEVED 1553584398 TRANSACTION 81 45 5
RECIEVED 1553584398 INTRODUCE 36 45 5
RECIEVED 1553584398 TRANSACTION 80 45 5
RECIEVED 1553584398 INTRODUCE 37 45 5
RECIEVED 1553584398 TRANSACTION 80 45 5
RECIEVED 1553584398 INTRODUCE 37 45 5
RECIEVED 1553584398 INTRODUCE 36 45 5
RECIEVED 1553584398 INTRODUCE 36 45 5
RECIEVED 1553584398 TRANSACTION 81 45 5
RECIEVED 1553584398 TRANSACTION 80 45 5
RECIEVED 1553584398 INTRODUCE 37 45 5
RECIEVED 1553584398 INTRODUCE 37 45 5
RECIEVED 1553584398 INTRODUCE 36 45 5
RECIEVED 1553584398 INTRODUCE 36 45 5
RECIEVED 1553584398 INTRODUCE 37 45 5
RECIEVED 1553584398 INTRODUCE 37 45 5
RECIEVED 1553584398 INTRODUCE 36 45 5
RECIEVED 1553584398 INTRODUCE 37 45 5
RECIEVED 1553584398 INTRODUCE 36 45 5
RECIEVED 1553584398 JOIN 32 45 5
SEND 1553584398 INTRODUCE 36 15632
SEND 1553584398 INTRODUCE 37 31092
SEND 1553584398 INTRODUCE 37 9987
SEND 1553584398 INTRODUCE 37 48114
SEND 1553584398 INTRODUCE 35 14657
SEND 1553584398 INTRODUCE 35 9840
SEND 1553584398 INTRODUCE 36 9895
SEND 1553584398 INTRODUCE 36 9379
SEND 1553584398 INTRODUCE 36 14864
SEND 1553584398 INTRODUCE 36 14826
SEND 1553584398 INTRODUCE 36 9795
SEND 1553584398 INTRODUCE 36 17944
SEND 1553584398 INTRODUCE 35 11110
SEND 1553584398 INTRODUCE 37 10675
SEND 1553584398 INTRODUCE 36 8088
SEND 1553584398 INTRODUCE 36 16428
SEND 1553584398 INTRODUCE 36 9083
SEND 1553584398 INTRODUCE 37 9394
SEND 1553584398 INTRODUCE 36 9286
SEND 1553584398 INTRODUCE 36 41156
SEND 1553584398 INTRODUCE 36 12923
SEND 1553584398 INTRODUCE 36 12931
SEND 1553584398 INTRODUCE 36 13599
SEND 1553584398 INTRODUCE 36 8513
# recieved string JOIN node16 172.22.94.217 8016

SEND 1553584398 INTRODUCE 37 9454
SEND 1553584398 INTRODUCE 35 42484
SEND 1553584398 INTRODUCE 35 8193
SEND 1553584398 INTRODUCE 35 9875
SEND 1553584398 INTRODUCE 36 10765
SEND 1553584398 INTRODUCE 37 10618
SEND 1553584398 INTRODUCE 36 10254
SEND 1553584398 INTRODUCE 36 15363
SEND 1553584398 INTRODUCE 35 10113
SEND 1553584398 INTRODUCE 36 9858
SEND 1553584398 INTRODUCE 36 10762
SEND 1553584398 INTRODUCE 37 22307
SEND 1553584398 INTRODUCE 36 16947
SEND 1553584398 INTRODUCE 35 9406
SEND 1553584398 INTRODUCE 35 21540
SEND 1553584398 INTRODUCE 35 13975
SEND 1553584398 INTRODUCE 36 9727
SEND 1553584398 INTRODUCE 36 9099
SEND 1553584398 INTRODUCE 37 10354
SEND 1553584398 INTRODUCE 36 8930
SEND 1553584398 INTRODUCE 37 9907
RECIEVED 1553584398 INTRODUCE 35 46 5
RECIEVED 1553584398 INTRODUCE 36 46 5
RECIEVED 1553584398 TRANSACTION 80 46 5
RECIEVED 1553584398 INTRODUCE 35 46 5
RECIEVED 1553584398 INTRODUCE 36 46 5
RECIEVED 1553584398 INTRODUCE 36 46 5
RECIEVED 1553584398 INTRODUCE 36 46 5
RECIEVED 1553584398 INTRODUCE 35 46 5
RECIEVED 1553584398 INTRODUCE 36 46 5
RECIEVED 1553584398 INTRODUCE 36 46 5
RECIEVED 1553584398 INTRODUCE 37 46 5
RECIEVED 1553584398 INTRODUCE 37 46 5
RECIEVED 1553584398 JOIN 31 46 5
SEND 1553584398 INTRODUCE 36 37819
SEND 1553584398 INTRODUCE 37 9999
SEND 1553584398 INTRODUCE 37 14429
SEND 1553584398 INTRODUCE 37 10240
SEND 1553584398 INTRODUCE 35 13541
SEND 1553584398 INTRODUCE 35 9807
SEND 1553584398 INTRODUCE 36 15062
SEND 1553584398 INTRODUCE 36 10089
SEND 1553584398 INTRODUCE 36 14110
SEND 1553584398 INTRODUCE 36 10512
SEND 1553584398 INTRODUCE 36 9999
SEND 1553584398 INTRODUCE 36 9627
SEND 1553584398 INTRODUCE 35 9965
SEND 1553584398 INTRODUCE 37 9372
SEND 1553584398 INTRODUCE 36 40696
SEND 1553584398 INTRODUCE 36 10850
SEND 1553584398 INTRODUCE 36 22097
SEND 1553584398 INTRODUCE 37 9918
SEND 1553584398 INTRODUCE 36 9609
SEND 1553584398 INTRODUCE 36 9795
SEND 1553584398 INTRODUCE 36 10345
SEND 1553584398 INTRODUCE 36 10126
SEND 1553584398 INTRODUCE 36 13855
SEND 1553584398 INTRODUCE 37 40347
SEND 1553584398 INTRODUCE 36 14435
SEND 1553584398 INTRODUCE 37 10012
SEND 1553584398 INTRODUCE 35 8895
SEND 1553584398 INTRODUCE 35 10751
SEND 1553584398 INTRODUCE 35 8623
SEND 1553584398 INTRODUCE 36 8559
SEND 1553584398 INTRODUCE 37 22264
SEND 1553584398 INTRODUCE 36 15489
SEND 1553584398 INTRODUCE 36 15193
SEND 1553584398 INTRODUCE 35 10126
SEND 1553584398 INTRODUCE 36 10243
SEND 1553584398 INTRODUCE 36 9716
SEND 1553584398 INTRODUCE 37 11000
SEND 1553584398 INTRODUCE 36 9848
SEND 1553584398 INTRODUCE 36 13244
SEND 1553584398 INTRODUCE 35 8660
SEND 1553584398 INTRODUCE 35 31612
SEND 1553584398 INTRODUCE 35 10114
SEND 1553584398 INTRODUCE 36 9437
SEND 1553584398 INTRODUCE 36 9787
SEND 1553584398 INTRODUCE 37 9691
SEND 1553584398 INTRODUCE 37 18505
RECIEVED 1553584398 INTRODUCE 36 47 5
RECIEVED 1553584398 INTRODUCE 36 47 5
RECIEVED 1553584398 INTRODUCE 36 47 5
RECIEVED 1553584398 INTRODUCE 36 47 5
RECIEVED 1553584398 INTRODUCE 36 47 5
RECIEVED 1553584398 INTRODUCE 36 47 5
RECIEVED 1553584398 INTRODUCE 35 47 5
RECIEVED 1553584398 INTRODUCE 36 47 5
RECIEVED 1553584398 INTRODUCE 36 47 5
RECIEVED 1553584398 INTRODUCE 36 47 5
RECIEVED 1553584398 INTRODUCE 36 47 5
RECIEVED 1553584398 INTRODUCE 35 47 5
RECIEVED 1553584398 INTRODUCE 36 47 5
RECIEVED 1553584398 INTRODUCE 36 47 5
RECIEVED 1553584398 INTRODUCE 37 47 5
RECIEVED 1553584398 INTRODUCE 35 47 5
RECIEVED 1553584398 INTRODUCE 36 47 5
RECIEVED 1553584398 INTRODUCE 35 47 5
RECIEVED 1553584398 TRANSACTION 80 47 5
RECIEVED 1553584398 INTRODUCE 36 47 5
RECIEVED 1553584398 INTRODUCE 36 47 5
RECIEVED 1553584398 INTRODUCE 37 47 5
RECIEVED 1553584398 INTRODUCE 36 47 5
RECIEVED 1553584398 INTRODUCE 36 47 5
RECIEVED 1553584398 INTRODUCE 35 47 5
RECIEVED 1553584398 INTRODUCE 36 47 5
RECIEVED 1553584398 INTRODUCE 35 47 5
RECIEVED 1553584398 INTRODUCE 36 47 5
RECIEVED 1553584398 INTRODUCE 36 47 5
RECIEVED 1553584398 INTRODUCE 36 47 5
RECIEVED 1553584398 INTRODUCE 36 47 5
RECIEVED 1553584398 INTRODUCE 36 47 5
RECIEVED 1553584398 INTRODUCE 37 47 5
RECIEVED 1553584398 INTRODUCE 37 47 5
RECIEVED 1553584398 INTRODUCE 36 47 5
RECIEVED 1553584398 JOIN 31 47 5
SEND 1553584398 INTRODUCE 36 12669
SEND 1553584398 INTRODUCE 36 10897
SEND 1553584398 INTRODUCE 36 10366
SEND 1553584398 INTRODUCE 36 10826
# Failed listening 
%!(EXTRA string=node7)# ERROR: read tcp 172.22.156.206:53404->172.22.94.217:8007: read: connection reset by peer
SEND 1553584398 INTRODUCE 36 16812
SEND 1553584398 INTRODUCE 36 11102
SEND 1553584398 INTRODUCE 37 9326
SEND 1553584398 INTRODUCE 35 14486
SEND 1553584398 INTRODUCE 35 11473
SEND 1553584398 INTRODUCE 35 9194
SEND 1553584398 INTRODUCE 36 9052
SEND 1553584398 INTRODUCE 37 16029
SEND 1553584398 INTRODUCE 37 15474
SEND 1553584398 INTRODUCE 36 10506
SEND 1553584398 INTRODUCE 36 15300
SEND 1553584398 INTRODUCE 35 15656
SEND 1553584398 INTRODUCE 36 13887
SEND 1553584398 INTRODUCE 36 9752
SEND 1553584398 INTRODUCE 37 10786
SEND 1553584399 INTRODUCE 36 15204
SEND 1553584399 INTRODUCE 35 9909
SEND 1553584399 INTRODUCE 35 10103
SEND 1553584399 INTRODUCE 35 11937
SEND 1553584399 INTRODUCE 36 17106
SEND 1553584399 INTRODUCE 36 9571
SEND 1553584399 INTRODUCE 37 13633
SEND 1553584399 INTRODUCE 36 15496
SEND 1553584399 INTRODUCE 37 15368
SEND 1553584399 INTRODUCE 36 15145
SEND 1553584399 INTRODUCE 37 9459
SEND 1553584399 INTRODUCE 37 9168
SEND 1553584399 INTRODUCE 37 9841
SEND 1553584399 INTRODUCE 35 10564
SEND 1553584399 INTRODUCE 35 52059
SEND 1553584399 INTRODUCE 36 9707
SEND 1553584399 INTRODUCE 36 10467
SEND 1553584399 INTRODUCE 36 9878
SEND 1553584399 INTRODUCE 36 11235
SEND 1553584399 INTRODUCE 36 13806
SEND 1553584399 INTRODUCE 36 11052
# Failed listening 
%!(EXTRA string=node9)# ERROR: read tcp 172.22.156.206:51086->172.22.94.217:8009: read: connection reset by peer
SEND 1553584399 INTRODUCE 36 10896
SEND 1553584399 INTRODUCE 35 37476
SEND 1553584399 INTRODUCE 37 10805
SEND 1553584399 INTRODUCE 36 10427
SEND 1553584399 INTRODUCE 36 15860
SEND 1553584399 INTRODUCE 36 9969
SEND 1553584399 INTRODUCE 37 9533
RECIEVED 1553584399 INTRODUCE 36 48 5
RECIEVED 1553584399 INTRODUCE 36 48 5
RECIEVED 1553584399 TRANSACTION 82 48 5
UPDATE 1553584399 TRANSACTION 10c559047e16f9489d8a0b01f238a006
SEND 1553584399 TRANSACTION 82 14848 10c559047e16f9489d8a0b01f238a006
SEND 1553584399 TRANSACTION 82 20003 10c559047e16f9489d8a0b01f238a006
# Failed sending to node node7
# ERROR: write tcp 172.22.156.206:53404->172.22.94.217:8007: write: broken pipe
# Could not send message to node7
SEND 1553584399 TRANSACTION 82 17835 10c559047e16f9489d8a0b01f238a006
SEND 1553584399 TRANSACTION 82 11792 10c559047e16f9489d8a0b01f238a006
SEND 1553584399 TRANSACTION 82 9679 10c559047e16f9489d8a0b01f238a006
# Failed listening 
%!(EXTRA string=node6)# ERROR: read tcp 172.22.156.206:44132->172.22.94.217:8006: read: connection reset by peer
SEND 1553584399 TRANSACTION 82 14248 10c559047e16f9489d8a0b01f238a006
SEND 1553584399 TRANSACTION 82 15101 10c559047e16f9489d8a0b01f238a006
SEND 1553584399 TRANSACTION 82 10706 10c559047e16f9489d8a0b01f238a006
SEND 1553584399 TRANSACTION 82 10556 10c559047e16f9489d8a0b01f238a006
SEND 1553584399 TRANSACTION 82 14753 10c559047e16f9489d8a0b01f238a006
SEND 1553584399 TRANSACTION 82 10420 10c559047e16f9489d8a0b01f238a006
SEND 1553584399 TRANSACTION 82 15444 10c559047e16f9489d8a0b01f238a006
SEND 1553584399 TRANSACTION 82 11753 10c559047e16f9489d8a0b01f238a006
SEND 1553584399 TRANSACTION 82 10868 10c559047e16f9489d8a0b01f238a006
SEND 1553584399 TRANSACTION 82 42150 10c559047e16f9489d8a0b01f238a006
SEND 1553584399 TRANSACTION 82 17068 10c559047e16f9489d8a0b01f238a006
SEND 1553584399 TRANSACTION 82 29354 10c559047e16f9489d8a0b01f238a006
SEND 1553584399 TRANSACTION 82 14545 10c559047e16f9489d8a0b01f238a006
SEND 1553584399 TRANSACTION 82 9893 10c559047e16f9489d8a0b01f238a006
SEND 1553584399 TRANSACTION 82 21973 10c559047e16f9489d8a0b01f238a006
SEND 1553584399 TRANSACTION 82 43272 10c559047e16f9489d8a0b01f238a006
SEND 1553584399 TRANSACTION 82 10675 10c559047e16f9489d8a0b01f238a006
RECIEVED 1553584399 INTRODUCE 36 47 6
RECIEVED 1553584399 INTRODUCE 36 47 6
RECIEVED 1553584399 INTRODUCE 36 47 6
RECIEVED 1553584399 INTRODUCE 37 47 6
RECIEVED 1553584399 INTRODUCE 37 47 6
RECIEVED 1553584399 INTRODUCE 35 47 6
SEND 1553584399 INTRODUCE 35 11363
SEND 1553584399 INTRODUCE 35 11494
SEND 1553584399 INTRODUCE 35 10762
SEND 1553584399 INTRODUCE 35 16020
SEND 1553584399 INTRODUCE 35 20244
SEND 1553584399 INTRODUCE 35 10745
# Failed sending to node node9
# ERROR: write tcp 172.22.156.206:51086->172.22.94.217:8009: write: broken pipe
SEND 1553584399 INTRODUCE 35 9856
SEND 1553584399 INTRODUCE 35 11265
# recieved string JOIN node18 172.22.94.217 8018

SEND 1553584399 INTRODUCE 35 10789
SEND 1553584399 INTRODUCE 35 40737
SEND 1553584399 INTRODUCE 35 13874
SEND 1553584399 INTRODUCE 35 19112
SEND 1553584399 INTRODUCE 35 15605
SEND 1553584399 INTRODUCE 35 15304
SEND 1553584399 INTRODUCE 35 11361
SEND 1553584399 INTRODUCE 35 13502
SEND 1553584399 INTRODUCE 35 18823
SEND 1553584399 INTRODUCE 35 11012
SEND 1553584399 INTRODUCE 35 10772
SEND 1553584399 INTRODUCE 35 13032
SEND 1553584399 INTRODUCE 35 16379
SEND 1553584399 INTRODUCE 35 16044
SEND 1553584399 INTRODUCE 35 11165
# Failed sending to node node6
# ERROR: write tcp 172.22.156.206:44132->172.22.94.217:8006: write: broken pipe
SEND 1553584399 INTRODUCE 35 14054
SEND 1553584399 INTRODUCE 35 11602
SEND 1553584399 INTRODUCE 35 10508
SEND 1553584399 INTRODUCE 35 14393
SEND 1553584399 INTRODUCE 35 14720
# recieved string JOIN node17 172.22.156.208 8017

SEND 1553584399 INTRODUCE 35 14743
SEND 1553584399 INTRODUCE 35 13878
# recieved string JOIN node19 172.22.94.217 8019

SEND 1553584399 INTRODUCE 35 16249
SEND 1553584399 INTRODUCE 35 20779
SEND 1553584399 INTRODUCE 35 10630
# Failed listening 
%!(EXTRA string=node1)# ERROR: read tcp 172.22.156.206:37020->172.22.94.217:8001: read: connection reset by peer
SEND 1553584399 INTRODUCE 35 11096
SEND 1553584399 INTRODUCE 35 20822
SEND 1553584399 INTRODUCE 35 15315
SEND 1553584399 INTRODUCE 35 9878
# Failed sending to node node1
# ERROR: write tcp 172.22.156.206:37020->172.22.94.217:8001: write: broken pipe
SEND 1553584399 INTRODUCE 35 10471
SEND 1553584399 INTRODUCE 35 14897
SEND 1553584399 INTRODUCE 35 14736
SEND 1553584399 INTRODUCE 35 14760
SEND 1553584399 INTRODUCE 35 19207
SEND 1553584399 INTRODUCE 35 11253
SEND 1553584399 INTRODUCE 35 10628
SEND 1553584399 JOIN 32 10533
RECIEVED 1553584399 INTRODUCE 37 48 6
RECIEVED 1553584399 INTRODUCE 37 48 6
RECIEVED 1553584399 INTRODUCE 36 48 6
RECIEVED 1553584399 INTRODUCE 36 48 6
RECIEVED 1553584399 INTRODUCE 36 48 6
RECIEVED 1553584399 INTRODUCE 36 48 6
RECIEVED 1553584399 INTRODUCE 35 48 6
RECIEVED 1553584399 INTRODUCE 35 48 6
RECIEVED 1553584399 INTRODUCE 36 48 6
RECIEVED 1553584399 INTRODUCE 36 48 6
RECIEVED 1553584399 INTRODUCE 35 48 6
RECIEVED 1553584399 TRANSACTION 80 48 6
RECIEVED 1553584399 INTRODUCE 35 48 6
RECIEVED 1553584399 INTRODUCE 37 48 6
RECIEVED 1553584399 INTRODUCE 36 48 6
RECIEVED 1553584399 INTRODUCE 36 48 6
RECIEVED 1553584399 INTRODUCE 35 48 6
RECIEVED 1553584399 INTRODUCE 36 48 6
RECIEVED 1553584399 INTRODUCE 36 48 6
RECIEVED 1553584399 INTRODUCE 36 48 6
RECIEVED 1553584399 INTRODUCE 37 48 6
RECIEVED 1553584399 INTRODUCE 36 48 6
RECIEVED 1553584399 INTRODUCE 36 48 6
RECIEVED 1553584399 INTRODUCE 36 48 6
RECIEVED 1553584399 INTRODUCE 36 48 6
RECIEVED 1553584399 INTRODUCE 37 48 6
SEND 1553584399 INTRODUCE 37 11807
SEND 1553584399 INTRODUCE 37 12331
SEND 1553584399 INTRODUCE 37 13245
SEND 1553584399 INTRODUCE 37 13970
SEND 1553584399 INTRODUCE 37 13095
SEND 1553584399 INTRODUCE 37 10081
SEND 1553584399 INTRODUCE 37 10747
SEND 1553584399 INTRODUCE 37 13448
SEND 1553584399 INTRODUCE 37 14977
SEND 1553584399 INTRODUCE 37 23999
# Failed sending to node node1
# ERROR: write tcp 172.22.156.206:37020->172.22.94.217:8001: write: broken pipe
# recieved string JOIN node18 172.22.156.206 8018

# recieved string JOIN node11 172.22.156.208 8011

# recieved string JOIN node17 172.22.94.217 8017

# recieved string JOIN node15 172.22.156.208 8015

# Failed listening 
%!(EXTRA string=node4)# ERROR: read tcp 172.22.156.206:51162->172.22.94.217:8004: read: connection reset by peer
# recieved string JOIN node16 172.22.156.208 8016

# recieved string JOIN node18 172.22.156.208 8018

# recieved string JOIN node19 172.22.156.208 8019

# Failed listening 
%!(EXTRA string=node17)# ERROR: EOF
