RECIEVED 1553584396 INTRODUCE 36 0 0
SEND 1553584396 JOIN 30 14920
RECIEVED 1553584396 INTRODUCE 37 1 0
SEND 1553584396 INTRODUCE 37 21426
SEND 1553584396 JOIN 30 54684
RECIEVED 1553584396 INTRODUCE 35 2 0
SEND 1553584396 INTRODUCE 35 18499
SEND 1553584396 INTRODUCE 35 40339
SEND 1553584396 JOIN 30 16108
RECIEVED 1553584396 INTRODUCE 36 3 0
SEND 1553584396 INTRODUCE 36 19945
SEND 1553584396 INTRODUCE 36 28473
SEND 1553584396 INTRODUCE 36 15759
SEND 1553584396 JOIN 30 22075
RECIEVED 1553584396 INTRODUCE 37 4 0
SEND 1553584396 INTRODUCE 37 13542
SEND 1553584396 INTRODUCE 37 26340
SEND 1553584396 INTRODUCE 37 14980
SEND 1553584396 INTRODUCE 37 15618
SEND 1553584396 JOIN 30 24886
RECIEVED 1553584396 INTRODUCE 36 5 0
SEND 1553584396 INTRODUCE 36 13801
SEND 1553584396 INTRODUCE 36 17839
SEND 1553584396 INTRODUCE 36 15751
SEND 1553584396 INTRODUCE 36 15094
SEND 1553584396 INTRODUCE 36 23104
SEND 1553584396 JOIN 30 30272
RECIEVED 1553584396 INTRODUCE 36 6 0
SEND 1553584396 INTRODUCE 36 19723
SEND 1553584396 INTRODUCE 36 17196
SEND 1553584396 INTRODUCE 36 14959
SEND 1553584396 INTRODUCE 36 43509
SEND 1553584396 INTRODUCE 36 35153
SEND 1553584396 INTRODUCE 36 15111
SEND 1553584396 JOIN 30 20360
RECIEVED 1553584396 INTRODUCE 36 7 0
SEND 1553584396 INTRODUCE 36 20497
SEND 1553584396 INTRODUCE 36 36916
SEND 1553584396 INTRODUCE 36 41714
SEND 1553584396 INTRODUCE 36 30001
SEND 1553584396 INTRODUCE 36 33884
SEND 1553584396 INTRODUCE 36 21751
SEND 1553584396 INTRODUCE 36 14289
SEND 1553584396 JOIN 30 22902
RECIEVED 1553584396 INTRODUCE 37 8 0
SEND 1553584396 INTRODUCE 37 35063
SEND 1553584396 INTRODUCE 37 20135
SEND 1553584396 INTRODUCE 37 14407
SEND 1553584396 INTRODUCE 37 21263
SEND 1553584396 INTRODUCE 37 26400
SEND 1553584396 INTRODUCE 37 12425
SEND 1553584396 INTRODUCE 37 24879
SEND 1553584396 INTRODUCE 37 20978
SEND 1553584396 JOIN 30 21880
RECIEVED 1553584396 INTRODUCE 35 9 0
SEND 1553584396 INTRODUCE 35 18707
SEND 1553584396 INTRODUCE 35 16075
SEND 1553584396 INTRODUCE 35 21912
SEND 1553584396 INTRODUCE 35 21815
SEND 1553584396 INTRODUCE 35 27747
SEND 1553584396 INTRODUCE 35 14492
SEND 1553584396 INTRODUCE 35 22882
SEND 1553584396 INTRODUCE 35 21184
SEND 1553584396 INTRODUCE 35 51792
SEND 1553584396 JOIN 30 25383
RECIEVED 1553584396 INTRODUCE 37 10 0
RECIEVED 1553584396 INTRODUCE 36 10 0
RECIEVED 1553584396 INTRODUCE 37 10 0
SEND 1553584396 INTRODUCE 37 13986
SEND 1553584396 INTRODUCE 37 17853
SEND 1553584396 INTRODUCE 37 18860
SEND 1553584396 INTRODUCE 37 25000
SEND 1553584396 INTRODUCE 37 20236
SEND 1553584396 INTRODUCE 37 20526
SEND 1553584396 INTRODUCE 37 18093
SEND 1553584396 INTRODUCE 37 17262
SEND 1553584396 INTRODUCE 37 14859
SEND 1553584396 INTRODUCE 37 14457
SEND 1553584396 JOIN 30 27564
RECIEVED 1553584396 INTRODUCE 37 11 0
RECIEVED 1553584396 INTRODUCE 37 11 0
RECIEVED 1553584396 INTRODUCE 36 11 0
RECIEVED 1553584396 INTRODUCE 36 11 0
SEND 1553584396 INTRODUCE 36 13933
SEND 1553584396 INTRODUCE 36 26801
SEND 1553584396 INTRODUCE 36 23395
SEND 1553584396 INTRODUCE 36 34613
SEND 1553584396 INTRODUCE 36 14431
SEND 1553584396 INTRODUCE 36 25144
SEND 1553584396 INTRODUCE 36 21043
SEND 1553584396 INTRODUCE 36 16321
SEND 1553584396 INTRODUCE 36 14297
SEND 1553584396 INTRODUCE 36 34826
SEND 1553584396 INTRODUCE 36 16421
SEND 1553584396 JOIN 30 20389
RECIEVED 1553584396 INTRODUCE 37 12 0
RECIEVED 1553584396 INTRODUCE 37 12 0
RECIEVED 1553584396 INTRODUCE 35 12 0
SEND 1553584396 INTRODUCE 35 17338
SEND 1553584396 INTRODUCE 35 35948
SEND 1553584396 INTRODUCE 35 16662
SEND 1553584396 INTRODUCE 35 26983
SEND 1553584396 INTRODUCE 35 16400
SEND 1553584396 INTRODUCE 35 15195
SEND 1553584396 INTRODUCE 35 24013
SEND 1553584396 INTRODUCE 35 19062
SEND 1553584396 INTRODUCE 35 11216
SEND 1553584396 INTRODUCE 35 29050
SEND 1553584396 INTRODUCE 35 36495
SEND 1553584396 INTRODUCE 35 20062
SEND 1553584396 JOIN 30 14643
RECIEVED 1553584396 INTRODUCE 36 13 0
SEND 1553584396 INTRODUCE 36 11977
SEND 1553584396 INTRODUCE 36 31163
SEND 1553584396 INTRODUCE 36 20557
SEND 1553584396 INTRODUCE 36 20233
SEND 1553584396 INTRODUCE 36 20277
SEND 1553584396 INTRODUCE 36 29174
SEND 1553584396 INTRODUCE 36 21459
SEND 1553584396 INTRODUCE 36 19657
SEND 1553584396 INTRODUCE 36 10134
SEND 1553584396 INTRODUCE 36 18860
SEND 1553584396 INTRODUCE 36 15129
SEND 1553584396 INTRODUCE 36 26960
SEND 1553584396 INTRODUCE 36 14761
SEND 1553584396 JOIN 30 20879
RECIEVED 1553584396 INTRODUCE 36 14 0
RECIEVED 1553584396 INTRODUCE 36 14 0
SEND 1553584396 INTRODUCE 36 20794
SEND 1553584396 INTRODUCE 36 20360
SEND 1553584396 INTRODUCE 36 21186
SEND 1553584396 INTRODUCE 36 21467
SEND 1553584396 INTRODUCE 36 17425
SEND 1553584396 INTRODUCE 36 30680
SEND 1553584396 INTRODUCE 36 35523
SEND 1553584396 INTRODUCE 36 15220
SEND 1553584396 INTRODUCE 36 14904
SEND 1553584396 INTRODUCE 36 26646
SEND 1553584396 INTRODUCE 36 29410
SEND 1553584396 INTRODUCE 36 22320
SEND 1553584396 INTRODUCE 36 13154
SEND 1553584396 INTRODUCE 36 50131
SEND 1553584396 JOIN 30 17768
RECIEVED 1553584396 INTRODUCE 36 15 0
RECIEVED 1553584396 INTRODUCE 35 15 0
RECIEVED 1553584396 INTRODUCE 36 15 0
SEND 1553584396 INTRODUCE 36 20537
SEND 1553584396 INTRODUCE 36 20248
SEND 1553584396 INTRODUCE 36 15192
SEND 1553584396 INTRODUCE 36 16720
SEND 1553584396 INTRODUCE 36 15013
SEND 1553584396 INTRODUCE 36 16395
SEND 1553584396 INTRODUCE 36 12652
SEND 1553584396 INTRODUCE 36 12310
SEND 1553584396 INTRODUCE 36 28270
SEND 1553584396 INTRODUCE 36 14970
# recieved string JOIN node6 172.22.94.217 8006

SEND 1553584396 INTRODUCE 36 25935
SEND 1553584396 INTRODUCE 36 28246
SEND 1553584396 INTRODUCE 36 26309
SEND 1553584396 INTRODUCE 36 51477
SEND 1553584396 INTRODUCE 36 37469
SEND 1553584396 JOIN 30 26221
RECIEVED 1553584396 INTRODUCE 36 16 0
RECIEVED 1553584396 INTRODUCE 36 16 0
SEND 1553584396 INTRODUCE 36 11746
# recieved string JOIN node9 172.22.156.206 8009

SEND 1553584396 INTRODUCE 36 24176
# recieved string JOIN node8 172.22.94.217 8008

SEND 1553584396 INTRODUCE 36 31782
SEND 1553584396 INTRODUCE 36 36157
SEND 1553584396 INTRODUCE 36 30703
SEND 1553584396 INTRODUCE 36 19499
SEND 1553584396 INTRODUCE 36 20960
SEND 1553584396 INTRODUCE 36 48713
SEND 1553584396 INTRODUCE 36 14478
# recieved string JOIN node7 172.22.156.206 8007

SEND 1553584396 INTRODUCE 36 13857
SEND 1553584396 INTRODUCE 36 16760
SEND 1553584396 INTRODUCE 36 47641
SEND 1553584396 INTRODUCE 36 33789
SEND 1553584396 INTRODUCE 36 15185
SEND 1553584396 INTRODUCE 36 17104
SEND 1553584396 INTRODUCE 36 19576
SEND 1553584396 JOIN 30 31274
RECIEVED 1553584396 INTRODUCE 36 17 0
RECIEVED 1553584396 INTRODUCE 36 17 0
RECIEVED 1553584396 INTRODUCE 35 17 0
SEND 1553584396 INTRODUCE 35 29316
SEND 1553584396 INTRODUCE 35 16233
# recieved string JOIN node1 172.22.94.217 8001

SEND 1553584396 INTRODUCE 35 9620
SEND 1553584396 INTRODUCE 35 20544
SEND 1553584396 INTRODUCE 35 16793
SEND 1553584396 INTRODUCE 35 15926
SEND 1553584396 INTRODUCE 35 14516
SEND 1553584396 INTRODUCE 35 15930
SEND 1553584396 INTRODUCE 35 9718
SEND 1553584396 INTRODUCE 35 15941
SEND 1553584396 INTRODUCE 35 45205
SEND 1553584396 INTRODUCE 35 20560
SEND 1553584396 INTRODUCE 35 14607
SEND 1553584396 INTRODUCE 35 38035
SEND 1553584396 INTRODUCE 35 38336
SEND 1553584396 INTRODUCE 35 31831
SEND 1553584396 INTRODUCE 35 12597
SEND 1553584396 JOIN 30 14538
# recieved string JOIN node0 172.22.94.217 8000

RECIEVED 1553584396 INTRODUCE 36 18 0
RECIEVED 1553584396 INTRODUCE 36 18 0
RECIEVED 1553584396 INTRODUCE 36 18 0
RECIEVED 1553584396 INTRODUCE 36 18 0
RECIEVED 1553584396 INTRODUCE 35 18 0
RECIEVED 1553584396 INTRODUCE 36 18 0
RECIEVED 1553584396 INTRODUCE 36 18 0
RECIEVED 1553584396 INTRODUCE 37 18 0
RECIEVED 1553584396 INTRODUCE 36 18 0
RECIEVED 1553584396 INTRODUCE 35 18 0
RECIEVED 1553584396 INTRODUCE 37 18 0
RECIEVED 1553584396 INTRODUCE 37 18 0
RECIEVED 1553584396 INTRODUCE 36 18 0
RECIEVED 1553584396 INTRODUCE 36 18 0
RECIEVED 1553584396 INTRODUCE 35 18 0
RECIEVED 1553584396 INTRODUCE 35 18 0
SEND 1553584396 INTRODUCE 35 14700
SEND 1553584396 INTRODUCE 35 20458
SEND 1553584396 INTRODUCE 35 19702
SEND 1553584396 INTRODUCE 35 16002
SEND 1553584396 INTRODUCE 35 27640
SEND 1553584396 INTRODUCE 35 28586
SEND 1553584396 INTRODUCE 35 12136
SEND 1553584396 INTRODUCE 35 40890
SEND 1553584396 INTRODUCE 35 16084
SEND 1553584396 INTRODUCE 35 16283
SEND 1553584396 INTRODUCE 35 36121
SEND 1553584396 INTRODUCE 35 19560
SEND 1553584396 INTRODUCE 35 15581
SEND 1553584396 INTRODUCE 35 20051
SEND 1553584396 INTRODUCE 35 30104
SEND 1553584396 INTRODUCE 35 12131
SEND 1553584396 INTRODUCE 35 13634
SEND 1553584396 INTRODUCE 35 17323
SEND 1553584396 JOIN 30 20649
RECIEVED 1553584396 INTRODUCE 36 19 0
RECIEVED 1553584396 INTRODUCE 36 19 0
RECIEVED 1553584396 INTRODUCE 37 19 0
RECIEVED 1553584396 INTRODUCE 36 19 0
RECIEVED 1553584396 INTRODUCE 37 19 0
RECIEVED 1553584396 INTRODUCE 35 19 0
RECIEVED 1553584396 INTRODUCE 36 19 0
RECIEVED 1553584396 INTRODUCE 36 19 0
RECIEVED 1553584396 INTRODUCE 36 19 0
RECIEVED 1553584396 INTRODUCE 37 19 0
RECIEVED 1553584396 INTRODUCE 36 19 0
RECIEVED 1553584396 INTRODUCE 36 19 0
RECIEVED 1553584396 INTRODUCE 36 19 0
RECIEVED 1553584396 INTRODUCE 36 19 0
RECIEVED 1553584396 INTRODUCE 35 19 0
RECIEVED 1553584396 INTRODUCE 37 19 0
RECIEVED 1553584396 INTRODUCE 37 19 0
RECIEVED 1553584396 INTRODUCE 36 19 0
RECIEVED 1553584396 INTRODUCE 35 19 0
RECIEVED 1553584396 INTRODUCE 35 19 0
RECIEVED 1553584396 INTRODUCE 36 19 0
RECIEVED 1553584396 INTRODUCE 35 19 0
RECIEVED 1553584396 INTRODUCE 36 19 0
RECIEVED 1553584396 INTRODUCE 37 19 0
RECIEVED 1553584396 INTRODUCE 37 19 0
RECIEVED 1553584396 INTRODUCE 36 19 0
RECIEVED 1553584396 INTRODUCE 37 19 0
RECIEVED 1553584396 INTRODUCE 37 19 0
RECIEVED 1553584396 INTRODUCE 36 19 0
RECIEVED 1553584396 INTRODUCE 35 19 0
RECIEVED 1553584396 INTRODUCE 36 19 0
RECIEVED 1553584396 INTRODUCE 36 19 0
RECIEVED 1553584396 INTRODUCE 36 19 0
RECIEVED 1553584396 INTRODUCE 36 19 0
RECIEVED 1553584396 INTRODUCE 35 19 0
RECIEVED 1553584396 INTRODUCE 36 19 0
RECIEVED 1553584396 INTRODUCE 36 19 0
RECIEVED 1553584396 INTRODUCE 37 19 0
RECIEVED 1553584396 INTRODUCE 35 19 0
RECIEVED 1553584396 INTRODUCE 36 19 0
RECIEVED 1553584396 INTRODUCE 36 19 0
RECIEVED 1553584396 INTRODUCE 36 19 0
RECIEVED 1553584396 INTRODUCE 36 19 0
RECIEVED 1553584396 INTRODUCE 36 19 0
RECIEVED 1553584396 INTRODUCE 37 19 0
RECIEVED 1553584396 INTRODUCE 36 19 0
RECIEVED 1553584396 INTRODUCE 36 19 0
RECIEVED 1553584396 INTRODUCE 36 19 0
RECIEVED 1553584396 INTRODUCE 37 19 0
RECIEVED 1553584396 INTRODUCE 36 19 0
RECIEVED 1553584396 INTRODUCE 35 19 0
RECIEVED 1553584396 INTRODUCE 36 19 0
RECIEVED 1553584396 INTRODUCE 36 19 0
RECIEVED 1553584396 INTRODUCE 36 19 0
RECIEVED 1553584396 INTRODUCE 36 19 0
RECIEVED 1553584396 INTRODUCE 35 19 0
RECIEVED 1553584396 INTRODUCE 36 19 0
RECIEVED 1553584396 INTRODUCE 36 19 0
RECIEVED 1553584396 INTRODUCE 36 19 0
RECIEVED 1553584396 INTRODUCE 35 19 0
RECIEVED 1553584396 INTRODUCE 35 19 0
RECIEVED 1553584396 INTRODUCE 36 19 0
RECIEVED 1553584396 INTRODUCE 36 19 0
RECIEVED 1553584396 INTRODUCE 35 19 0
RECIEVED 1553584396 INTRODUCE 36 19 0
RECIEVED 1553584396 INTRODUCE 37 19 0
RECIEVED 1553584396 INTRODUCE 37 19 0
RECIEVED 1553584396 INTRODUCE 35 19 0
RECIEVED 1553584396 INTRODUCE 36 19 0
RECIEVED 1553584396 INTRODUCE 36 19 0
RECIEVED 1553584396 INTRODUCE 35 19 0
RECIEVED 1553584396 INTRODUCE 35 19 0
RECIEVED 1553584396 INTRODUCE 36 19 0
RECIEVED 1553584396 INTRODUCE 36 19 0
RECIEVED 1553584396 INTRODUCE 36 19 0
RECIEVED 1553584396 INTRODUCE 35 19 0
RECIEVED 1553584396 INTRODUCE 36 19 0
RECIEVED 1553584396 INTRODUCE 36 19 0
RECIEVED 1553584396 INTRODUCE 36 19 0
RECIEVED 1553584396 INTRODUCE 36 19 0
RECIEVED 1553584396 INTRODUCE 35 19 0
RECIEVED 1553584396 INTRODUCE 35 19 0
RECIEVED 1553584396 INTRODUCE 37 19 0
RECIEVED 1553584396 INTRODUCE 35 19 0
SEND 1553584396 INTRODUCE 35 13778
# recieved string JOIN node3 172.22.94.217 8003

SEND 1553584396 INTRODUCE 35 13821
SEND 1553584396 INTRODUCE 35 19982
SEND 1553584396 INTRODUCE 35 25992
SEND 1553584396 INTRODUCE 35 14871
SEND 1553584396 INTRODUCE 35 36872
SEND 1553584396 INTRODUCE 35 16291
SEND 1553584396 INTRODUCE 35 25939
SEND 1553584396 INTRODUCE 35 15716
SEND 1553584396 INTRODUCE 35 15234
SEND 1553584396 INTRODUCE 35 20428
SEND 1553584396 INTRODUCE 35 15116
SEND 1553584396 INTRODUCE 35 20018
SEND 1553584396 INTRODUCE 35 16214
SEND 1553584396 INTRODUCE 35 25966
SEND 1553584396 INTRODUCE 35 25728
SEND 1553584397 INTRODUCE 35 20396
SEND 1553584397 INTRODUCE 35 19838
SEND 1553584397 INTRODUCE 35 19788
SEND 1553584397 JOIN 30 14812
RECIEVED 1553584397 INTRODUCE 36 20 0
RECIEVED 1553584397 INTRODUCE 36 20 0
RECIEVED 1553584397 INTRODUCE 35 20 0
RECIEVED 1553584397 INTRODUCE 37 20 0
RECIEVED 1553584397 INTRODUCE 35 20 0
RECIEVED 1553584397 INTRODUCE 36 20 0
RECIEVED 1553584397 INTRODUCE 36 20 0
RECIEVED 1553584397 INTRODUCE 37 20 0
RECIEVED 1553584397 INTRODUCE 37 20 0
RECIEVED 1553584397 INTRODUCE 36 20 0
RECIEVED 1553584397 INTRODUCE 36 20 0
RECIEVED 1553584397 INTRODUCE 37 20 0
RECIEVED 1553584397 INTRODUCE 35 20 0
RECIEVED 1553584397 INTRODUCE 35 20 0
RECIEVED 1553584397 INTRODUCE 36 20 0
RECIEVED 1553584397 INTRODUCE 36 20 0
RECIEVED 1553584397 INTRODUCE 36 20 0
RECIEVED 1553584397 INTRODUCE 35 20 0
RECIEVED 1553584397 INTRODUCE 36 20 0
RECIEVED 1553584397 INTRODUCE 37 20 0
RECIEVED 1553584397 INTRODUCE 35 20 0
RECIEVED 1553584397 INTRODUCE 37 20 0
RECIEVED 1553584397 INTRODUCE 36 20 0
RECIEVED 1553584397 INTRODUCE 36 20 0
RECIEVED 1553584397 INTRODUCE 37 20 0
RECIEVED 1553584397 INTRODUCE 36 20 0
RECIEVED 1553584397 INTRODUCE 35 20 0
RECIEVED 1553584397 INTRODUCE 35 20 0
SEND 1553584397 INTRODUCE 35 14836
SEND 1553584397 INTRODUCE 35 22349
SEND 1553584397 INTRODUCE 35 16118
SEND 1553584397 INTRODUCE 35 36352
SEND 1553584397 INTRODUCE 35 20572
SEND 1553584397 INTRODUCE 35 34067
SEND 1553584397 INTRODUCE 35 24845
SEND 1553584397 INTRODUCE 35 13091
SEND 1553584397 INTRODUCE 35 13675
SEND 1553584397 INTRODUCE 35 16306
SEND 1553584397 INTRODUCE 35 15636
SEND 1553584397 INTRODUCE 35 16208
SEND 1553584397 INTRODUCE 35 21486
SEND 1553584397 INTRODUCE 35 58537
SEND 1553584397 INTRODUCE 35 15433
SEND 1553584397 INTRODUCE 35 18203
SEND 1553584397 INTRODUCE 35 29511
SEND 1553584397 INTRODUCE 35 12353
SEND 1553584397 INTRODUCE 35 14552
SEND 1553584397 INTRODUCE 35 14860
SEND 1553584397 JOIN 30 16079
RECIEVED 1553584397 INTRODUCE 36 21 0
RECIEVED 1553584397 INTRODUCE 36 21 0
RECIEVED 1553584397 INTRODUCE 37 21 0
RECIEVED 1553584397 INTRODUCE 35 21 0
RECIEVED 1553584397 INTRODUCE 35 21 0
RECIEVED 1553584397 INTRODUCE 36 21 0
RECIEVED 1553584397 INTRODUCE 36 21 0
RECIEVED 1553584397 INTRODUCE 36 21 0
RECIEVED 1553584397 INTRODUCE 36 21 0
RECIEVED 1553584397 INTRODUCE 36 21 0
RECIEVED 1553584397 INTRODUCE 36 21 0
RECIEVED 1553584397 INTRODUCE 35 21 0
RECIEVED 1553584397 INTRODUCE 35 21 0
SEND 1553584397 INTRODUCE 35 20801
SEND 1553584397 INTRODUCE 35 14789
SEND 1553584397 INTRODUCE 35 31427
SEND 1553584397 INTRODUCE 35 12314
SEND 1553584397 INTRODUCE 35 13088
SEND 1553584397 INTRODUCE 35 14782
SEND 1553584397 INTRODUCE 35 20263
SEND 1553584397 INTRODUCE 35 15679
SEND 1553584397 INTRODUCE 35 19708
SEND 1553584397 INTRODUCE 35 38030
SEND 1553584397 INTRODUCE 35 28711
SEND 1553584397 INTRODUCE 35 18806
SEND 1553584397 INTRODUCE 35 22647
# recieved string JOIN node7 172.22.94.217 8007

SEND 1553584397 INTRODUCE 35 16624
SEND 1553584397 INTRODUCE 35 23399
SEND 1553584397 INTRODUCE 35 17094
SEND 1553584397 INTRODUCE 35 15226
SEND 1553584397 INTRODUCE 35 21632
SEND 1553584397 INTRODUCE 35 26940
SEND 1553584397 INTRODUCE 35 15446
SEND 1553584397 INTRODUCE 35 16074
SEND 1553584397 JOIN 30 14218
RECIEVED 1553584397 INTRODUCE 35 22 0
RECIEVED 1553584397 INTRODUCE 35 22 0
RECIEVED 1553584397 INTRODUCE 36 22 0
RECIEVED 1553584397 INTRODUCE 36 22 0
RECIEVED 1553584397 INTRODUCE 37 22 0
RECIEVED 1553584397 INTRODUCE 37 22 0
RECIEVED 1553584397 INTRODUCE 35 22 0
RECIEVED 1553584397 INTRODUCE 36 22 0
RECIEVED 1553584397 INTRODUCE 37 22 0
RECIEVED 1553584397 JOIN 30 22 0
RECIEVED 1553584397 INTRODUCE 35 22 0
RECIEVED 1553584397 INTRODUCE 35 22 0
RECIEVED 1553584397 INTRODUCE 35 22 0
RECIEVED 1553584397 INTRODUCE 36 22 0
RECIEVED 1553584397 INTRODUCE 37 22 0
RECIEVED 1553584397 INTRODUCE 35 22 0
RECIEVED 1553584397 INTRODUCE 36 22 0
RECIEVED 1553584397 INTRODUCE 36 22 0
RECIEVED 1553584397 INTRODUCE 37 22 0
RECIEVED 1553584397 JOIN 31 22 0
RECIEVED 1553584397 INTRODUCE 36 22 0
RECIEVED 1553584397 INTRODUCE 35 22 0
RECIEVED 1553584397 JOIN 30 22 0
SEND 1553584397 INTRODUCE 36 14537
SEND 1553584397 INTRODUCE 37 12510
SEND 1553584397 INTRODUCE 36 11690
SEND 1553584397 INTRODUCE 36 12234
SEND 1553584397 INTRODUCE 35 12792
SEND 1553584397 INTRODUCE 35 13076
SEND 1553584397 INTRODUCE 36 12455
SEND 1553584397 INTRODUCE 36 11629
SEND 1553584397 INTRODUCE 35 13059
SEND 1553584397 INTRODUCE 35 23273
SEND 1553584397 INTRODUCE 35 12241
SEND 1553584397 INTRODUCE 36 17775
SEND 1553584397 INTRODUCE 37 18446
SEND 1553584397 INTRODUCE 35 14044
SEND 1553584397 INTRODUCE 37 18503
SEND 1553584397 INTRODUCE 36 13009
SEND 1553584397 INTRODUCE 36 12073
SEND 1553584397 INTRODUCE 36 11816
SEND 1553584397 INTRODUCE 35 9851
SEND 1553584397 INTRODUCE 35 11658
SEND 1553584397 INTRODUCE 37 11388
SEND 1553584397 INTRODUCE 36 11753
RECIEVED 1553584397 INTRODUCE 35 23 0
RECIEVED 1553584397 INTRODUCE 35 23 0
RECIEVED 1553584397 JOIN 31 23 0
RECIEVED 1553584397 INTRODUCE 35 23 0
RECIEVED 1553584397 JOIN 30 23 0
RECIEVED 1553584397 INTRODUCE 36 23 0
RECIEVED 1553584397 INTRODUCE 35 23 0
RECIEVED 1553584397 INTRODUCE 36 23 0
RECIEVED 1553584397 INTRODUCE 36 23 0
RECIEVED 1553584397 INTRODUCE 35 23 0
RECIEVED 1553584397 INTRODUCE 35 23 0
RECIEVED 1553584397 INTRODUCE 35 23 0
RECIEVED 1553584397 INTRODUCE 37 23 0
RECIEVED 1553584397 INTRODUCE 36 23 0
RECIEVED 1553584397 INTRODUCE 36 23 0
RECIEVED 1553584397 INTRODUCE 36 23 0
RECIEVED 1553584397 INTRODUCE 37 23 0
RECIEVED 1553584397 INTRODUCE 37 23 0
RECIEVED 1553584397 INTRODUCE 36 23 0
RECIEVED 1553584397 INTRODUCE 36 23 0
RECIEVED 1553584397 INTRODUCE 36 23 0
RECIEVED 1553584397 JOIN 30 23 0
RECIEVED 1553584397 INTRODUCE 36 23 0
RECIEVED 1553584397 INTRODUCE 37 23 0
RECIEVED 1553584397 INTRODUCE 35 23 0
RECIEVED 1553584397 INTRODUCE 35 23 0
RECIEVED 1553584397 TRANSACTION 81 23 0
UPDATE 1553584397 TRANSACTION 15e12a5a878c40c2709eda3c5ac81db2
SEND 1553584397 TRANSACTION 81 22233 15e12a5a878c40c2709eda3c5ac81db2
SEND 1553584397 TRANSACTION 81 14901 15e12a5a878c40c2709eda3c5ac81db2
SEND 1553584397 TRANSACTION 81 23179 15e12a5a878c40c2709eda3c5ac81db2
SEND 1553584397 TRANSACTION 81 21885 15e12a5a878c40c2709eda3c5ac81db2
SEND 1553584397 TRANSACTION 81 44485 15e12a5a878c40c2709eda3c5ac81db2
SEND 1553584397 TRANSACTION 81 18112 15e12a5a878c40c2709eda3c5ac81db2
RECIEVED 1553584397 INTRODUCE 35 23 1
RECIEVED 1553584397 INTRODUCE 35 23 1
RECIEVED 1553584397 JOIN 30 23 1
RECIEVED 1553584397 INTRODUCE 35 23 1
RECIEVED 1553584397 INTRODUCE 35 23 1
RECIEVED 1553584397 TRANSACTION 81 23 1
RECIEVED 1553584397 INTRODUCE 35 23 1
RECIEVED 1553584397 INTRODUCE 35 23 1
RECIEVED 1553584397 TRANSACTION 81 23 1
RECIEVED 1553584397 TRANSACTION 81 23 1
RECIEVED 1553584397 JOIN 30 23 1
RECIEVED 1553584397 TRANSACTION 81 23 1
RECIEVED 1553584397 INTRODUCE 36 23 1
RECIEVED 1553584397 INTRODUCE 35 23 1
RECIEVED 1553584397 INTRODUCE 36 23 1
RECIEVED 1553584397 TRANSACTION 81 23 1
RECIEVED 1553584397 INTRODUCE 35 23 1
# recieved string JOIN node10 172.22.94.217 8010

RECIEVED 1553584397 JOIN 31 23 1
SEND 1553584397 INTRODUCE 37 12507
SEND 1553584397 INTRODUCE 36 46024
SEND 1553584397 INTRODUCE 36 13047
SEND 1553584397 INTRODUCE 36 35868
SEND 1553584397 INTRODUCE 35 15282
SEND 1553584397 INTRODUCE 35 11680
SEND 1553584397 INTRODUCE 37 10501
SEND 1553584397 INTRODUCE 36 10750
SEND 1553584397 INTRODUCE 35 10521
SEND 1553584397 INTRODUCE 36 10966
SEND 1553584397 INTRODUCE 37 10115
SEND 1553584397 INTRODUCE 36 26769
SEND 1553584397 INTRODUCE 36 10306
SEND 1553584397 INTRODUCE 35 10407
SEND 1553584397 INTRODUCE 35 14251
SEND 1553584397 INTRODUCE 36 11038
SEND 1553584397 INTRODUCE 36 12623
SEND 1553584397 INTRODUCE 35 11376
SEND 1553584397 INTRODUCE 35 10202
SEND 1553584397 INTRODUCE 35 10533
SEND 1553584397 INTRODUCE 36 10421
SEND 1553584397 INTRODUCE 37 17264
SEND 1553584397 INTRODUCE 35 10666
RECIEVED 1553584397 INTRODUCE 35 24 1
RECIEVED 1553584397 INTRODUCE 35 24 1
RECIEVED 1553584397 INTRODUCE 35 24 1
RECIEVED 1553584397 TRANSACTION 81 24 1
UPDATE 1553584397 TRANSACTION 534e6db543fef336ed5a090881d34f7f
SEND 1553584397 TRANSACTION 81 14116 534e6db543fef336ed5a090881d34f7f
SEND 1553584397 TRANSACTION 81 10888 534e6db543fef336ed5a090881d34f7f
SEND 1553584397 TRANSACTION 81 15818 534e6db543fef336ed5a090881d34f7f
SEND 1553584397 TRANSACTION 81 15161 534e6db543fef336ed5a090881d34f7f
SEND 1553584397 TRANSACTION 81 46284 534e6db543fef336ed5a090881d34f7f
SEND 1553584397 TRANSACTION 81 45683 534e6db543fef336ed5a090881d34f7f
SEND 1553584397 TRANSACTION 81 29020 534e6db543fef336ed5a090881d34f7f
SEND 1553584397 TRANSACTION 81 21867 534e6db543fef336ed5a090881d34f7f
SEND 1553584397 TRANSACTION 81 20969 534e6db543fef336ed5a090881d34f7f
RECIEVED 1553584397 TRANSACTION 81 24 2
RECIEVED 1553584397 INTRODUCE 35 24 2
RECIEVED 1553584397 TRANSACTION 81 24 2
RECIEVED 1553584397 INTRODUCE 36 24 2
RECIEVED 1553584397 INTRODUCE 36 24 2
RECIEVED 1553584397 INTRODUCE 36 24 2
RECIEVED 1553584397 INTRODUCE 36 24 2
RECIEVED 1553584397 INTRODUCE 35 24 2
RECIEVED 1553584397 INTRODUCE 36 24 2
RECIEVED 1553584397 INTRODUCE 36 24 2
RECIEVED 1553584397 INTRODUCE 37 24 2
# recieved string JOIN node9 172.22.94.217 8009

RECIEVED 1553584397 JOIN 30 24 2
RECIEVED 1553584397 TRANSACTION 82 24 2
UPDATE 1553584397 TRANSACTION fd4ebfeb24179ff15328d39c63a66c03
SEND 1553584397 TRANSACTION 82 16246 fd4ebfeb24179ff15328d39c63a66c03
SEND 1553584397 TRANSACTION 82 21938 fd4ebfeb24179ff15328d39c63a66c03
SEND 1553584397 TRANSACTION 82 44510 fd4ebfeb24179ff15328d39c63a66c03
SEND 1553584397 TRANSACTION 82 38611 fd4ebfeb24179ff15328d39c63a66c03
SEND 1553584397 TRANSACTION 82 34392 fd4ebfeb24179ff15328d39c63a66c03
SEND 1553584397 TRANSACTION 82 14639 fd4ebfeb24179ff15328d39c63a66c03
SEND 1553584397 TRANSACTION 82 20000 fd4ebfeb24179ff15328d39c63a66c03
SEND 1553584397 TRANSACTION 82 25167 fd4ebfeb24179ff15328d39c63a66c03
SEND 1553584397 TRANSACTION 82 10978 fd4ebfeb24179ff15328d39c63a66c03
RECIEVED 1553584397 TRANSACTION 82 24 3
RECIEVED 1553584397 INTRODUCE 35 24 3
RECIEVED 1553584397 TRANSACTION 82 24 3
RECIEVED 1553584397 TRANSACTION 82 24 3
RECIEVED 1553584397 TRANSACTION 82 24 3
RECIEVED 1553584397 INTRODUCE 36 24 3
RECIEVED 1553584397 TRANSACTION 82 24 3
RECIEVED 1553584397 TRANSACTION 82 24 3
RECIEVED 1553584397 INTRODUCE 35 24 3
RECIEVED 1553584397 INTRODUCE 35 24 3
RECIEVED 1553584397 TRANSACTION 82 24 3
# recieved string JOIN node11 172.22.94.217 8011

RECIEVED 1553584397 JOIN 31 24 3
SEND 1553584397 INTRODUCE 35 18925
SEND 1553584397 INTRODUCE 36 23921
SEND 1553584397 INTRODUCE 36 15275
SEND 1553584397 INTRODUCE 35 14000
SEND 1553584397 INTRODUCE 35 12315
SEND 1553584397 INTRODUCE 37 11760
SEND 1553584397 INTRODUCE 36 26150
SEND 1553584397 INTRODUCE 37 18264
SEND 1553584397 INTRODUCE 36 17022
SEND 1553584397 INTRODUCE 35 13676
SEND 1553584397 INTRODUCE 36 13222
SEND 1553584397 INTRODUCE 36 12020
SEND 1553584397 INTRODUCE 36 12376
SEND 1553584397 INTRODUCE 35 13351
SEND 1553584397 INTRODUCE 35 13986
SEND 1553584397 INTRODUCE 36 12612
SEND 1553584397 INTRODUCE 36 10704
SEND 1553584397 INTRODUCE 37 11501
SEND 1553584397 INTRODUCE 35 11942
SEND 1553584397 INTRODUCE 35 10612
SEND 1553584397 INTRODUCE 36 10236
SEND 1553584397 INTRODUCE 37 16900
SEND 1553584397 INTRODUCE 36 9868
SEND 1553584397 INTRODUCE 35 21214
RECIEVED 1553584397 INTRODUCE 35 25 3
RECIEVED 1553584397 INTRODUCE 36 25 3
RECIEVED 1553584397 INTRODUCE 35 25 3
RECIEVED 1553584397 INTRODUCE 35 25 3
RECIEVED 1553584397 INTRODUCE 36 25 3
RECIEVED 1553584397 INTRODUCE 36 25 3
RECIEVED 1553584397 INTRODUCE 37 25 3
RECIEVED 1553584397 INTRODUCE 36 25 3
RECIEVED 1553584397 INTRODUCE 35 25 3
RECIEVED 1553584397 INTRODUCE 36 25 3
RECIEVED 1553584397 TRANSACTION 81 25 3
RECIEVED 1553584397 INTRODUCE 36 25 3
RECIEVED 1553584397 TRANSACTION 81 25 3
# recieved string JOIN node13 172.22.94.217 8013

RECIEVED 1553584397 JOIN 31 25 3
SEND 1553584397 INTRODUCE 35 13182
SEND 1553584397 INTRODUCE 35 14813
SEND 1553584397 INTRODUCE 35 14349
SEND 1553584397 INTRODUCE 37 13662
SEND 1553584397 INTRODUCE 36 12865
SEND 1553584397 INTRODUCE 37 13428
SEND 1553584397 INTRODUCE 36 13080
SEND 1553584397 INTRODUCE 36 17118
SEND 1553584397 INTRODUCE 36 14410
SEND 1553584397 INTRODUCE 35 35289
SEND 1553584397 INTRODUCE 36 17700
SEND 1553584397 INTRODUCE 36 16208
SEND 1553584397 INTRODUCE 35 17783
SEND 1553584397 INTRODUCE 35 17284
SEND 1553584397 INTRODUCE 36 27688
SEND 1553584397 INTRODUCE 36 10956
SEND 1553584397 INTRODUCE 37 10543
SEND 1553584397 INTRODUCE 36 16801
SEND 1553584397 INTRODUCE 36 11969
SEND 1553584397 INTRODUCE 36 16181
SEND 1553584397 INTRODUCE 37 10927
SEND 1553584397 INTRODUCE 36 9936
SEND 1553584397 INTRODUCE 35 11336
SEND 1553584397 INTRODUCE 35 15925
SEND 1553584397 INTRODUCE 35 10137
RECIEVED 1553584397 INTRODUCE 36 26 3
SEND 1553584397 INTRODUCE 36 9049
SEND 1553584397 INTRODUCE 36 14906
SEND 1553584397 INTRODUCE 36 32058
SEND 1553584397 INTRODUCE 36 16135
SEND 1553584397 INTRODUCE 36 11551
SEND 1553584397 INTRODUCE 36 11717
SEND 1553584397 INTRODUCE 36 17087
SEND 1553584397 INTRODUCE 36 16092
SEND 1553584397 INTRODUCE 36 15574
SEND 1553584397 INTRODUCE 36 12060
SEND 1553584397 INTRODUCE 36 12523
SEND 1553584397 INTRODUCE 36 12258
SEND 1553584397 INTRODUCE 36 12285
SEND 1553584397 INTRODUCE 36 12049
# recieved string JOIN node14 172.22.156.206 8014

SEND 1553584397 INTRODUCE 36 11605
SEND 1553584397 INTRODUCE 36 17056
SEND 1553584397 INTRODUCE 36 11840
SEND 1553584397 INTRODUCE 36 15788
SEND 1553584397 INTRODUCE 36 14753
SEND 1553584397 INTRODUCE 36 10300
SEND 1553584397 INTRODUCE 36 10781
SEND 1553584397 INTRODUCE 36 11416
SEND 1553584397 INTRODUCE 36 15670
SEND 1553584397 INTRODUCE 36 15897
SEND 1553584397 INTRODUCE 36 21252
SEND 1553584397 INTRODUCE 36 14941
SEND 1553584397 JOIN 30 13640
RECIEVED 1553584397 INTRODUCE 36 27 3
RECIEVED 1553584397 INTRODUCE 36 27 3
RECIEVED 1553584397 TRANSACTION 81 27 3
RECIEVED 1553584397 INTRODUCE 35 27 3
RECIEVED 1553584397 INTRODUCE 36 27 3
RECIEVED 1553584397 INTRODUCE 36 27 3
RECIEVED 1553584397 INTRODUCE 36 27 3
RECIEVED 1553584397 INTRODUCE 36 27 3
RECIEVED 1553584397 INTRODUCE 36 27 3
RECIEVED 1553584397 INTRODUCE 35 27 3
RECIEVED 1553584397 JOIN 32 27 3
SEND 1553584397 INTRODUCE 37 17052
SEND 1553584397 INTRODUCE 36 10138
SEND 1553584397 INTRODUCE 36 11749
SEND 1553584397 INTRODUCE 36 16184
SEND 1553584397 INTRODUCE 35 28600
SEND 1553584397 INTRODUCE 36 15888
SEND 1553584397 INTRODUCE 36 14675
SEND 1553584397 INTRODUCE 37 10449
SEND 1553584397 INTRODUCE 36 10929
SEND 1553584397 INTRODUCE 36 16106
SEND 1553584397 INTRODUCE 36 11216
SEND 1553584397 INTRODUCE 35 24845
SEND 1553584397 INTRODUCE 35 11704
SEND 1553584397 INTRODUCE 36 11110
SEND 1553584397 INTRODUCE 36 14982
SEND 1553584397 INTRODUCE 36 16353
SEND 1553584397 INTRODUCE 37 10400
SEND 1553584397 INTRODUCE 36 11027
SEND 1553584397 INTRODUCE 35 10621
SEND 1553584397 INTRODUCE 35 10883
SEND 1553584397 INTRODUCE 35 15807
SEND 1553584397 INTRODUCE 35 11607
SEND 1553584397 INTRODUCE 36 24653
SEND 1553584397 INTRODUCE 37 11135
SEND 1553584397 INTRODUCE 35 16893
SEND 1553584397 INTRODUCE 35 11488
SEND 1553584397 INTRODUCE 36 15490
RECIEVED 1553584397 INTRODUCE 36 28 3
RECIEVED 1553584397 INTRODUCE 36 28 3
RECIEVED 1553584397 INTRODUCE 36 28 3
RECIEVED 1553584397 INTRODUCE 36 28 3
RECIEVED 1553584397 INTRODUCE 36 28 3
RECIEVED 1553584397 INTRODUCE 36 28 3
RECIEVED 1553584397 INTRODUCE 36 28 3
RECIEVED 1553584397 INTRODUCE 35 28 3
RECIEVED 1553584397 INTRODUCE 36 28 3
RECIEVED 1553584397 INTRODUCE 36 28 3
RECIEVED 1553584397 INTRODUCE 36 28 3
RECIEVED 1553584397 INTRODUCE 37 28 3
RECIEVED 1553584397 INTRODUCE 37 28 3
RECIEVED 1553584397 INTRODUCE 35 28 3
# recieved string JOIN node12 172.22.94.217 8012

RECIEVED 1553584397 JOIN 31 28 3
RECIEVED 1553584397 INTRODUCE 37 28 3
RECIEVED 1553584397 INTRODUCE 35 28 3
RECIEVED 1553584397 INTRODUCE 37 28 3
RECIEVED 1553584397 INTRODUCE 36 28 3
# recieved string JOIN node3 172.22.156.208 8003

RECIEVED 1553584397 JOIN 31 28 3
SEND 1553584397 INTRODUCE 36 16220
SEND 1553584397 INTRODUCE 37 11377
SEND 1553584397 INTRODUCE 35 11487
SEND 1553584397 INTRODUCE 35 10634
SEND 1553584397 INTRODUCE 36 40841
SEND 1553584397 INTRODUCE 37 16456
SEND 1553584397 INTRODUCE 37 14167
SEND 1553584397 INTRODUCE 36 19801
SEND 1553584397 INTRODUCE 36 16221
SEND 1553584397 INTRODUCE 36 22632
SEND 1553584397 INTRODUCE 36 15140
SEND 1553584397 INTRODUCE 36 14175
SEND 1553584397 INTRODUCE 37 16237
SEND 1553584397 INTRODUCE 36 16376
SEND 1553584397 INTRODUCE 36 12540
SEND 1553584397 INTRODUCE 35 16379
SEND 1553584397 INTRODUCE 36 14309
SEND 1553584397 INTRODUCE 35 12292
SEND 1553584397 INTRODUCE 35 11158
SEND 1553584397 INTRODUCE 36 11587
SEND 1553584397 INTRODUCE 36 14796
SEND 1553584397 INTRODUCE 37 11603
SEND 1553584397 INTRODUCE 36 11073
SEND 1553584397 INTRODUCE 35 9928
SEND 1553584397 INTRODUCE 35 12081
SEND 1553584397 INTRODUCE 35 10699
SEND 1553584397 INTRODUCE 36 28909
SEND 1553584397 INTRODUCE 35 34859
RECIEVED 1553584397 INTRODUCE 35 29 3
RECIEVED 1553584397 INTRODUCE 36 29 3
RECIEVED 1553584397 INTRODUCE 36 29 3
RECIEVED 1553584397 INTRODUCE 36 29 3
RECIEVED 1553584397 INTRODUCE 36 29 3
RECIEVED 1553584397 INTRODUCE 35 29 3
RECIEVED 1553584397 INTRODUCE 35 29 3
# recieved string JOIN node4 172.22.156.208 8004

RECIEVED 1553584397 JOIN 31 29 3
SEND 1553584397 INTRODUCE 36 12763
SEND 1553584397 INTRODUCE 37 12366
SEND 1553584397 INTRODUCE 36 11405
SEND 1553584397 INTRODUCE 36 11365
SEND 1553584397 INTRODUCE 36 11450
SEND 1553584397 INTRODUCE 37 10953
SEND 1553584397 INTRODUCE 36 15572
SEND 1553584397 INTRODUCE 37 17062
SEND 1553584397 INTRODUCE 36 19233
SEND 1553584397 INTRODUCE 36 15506
SEND 1553584397 INTRODUCE 35 16816
SEND 1553584397 INTRODUCE 36 15864
SEND 1553584397 INTRODUCE 35 22044
SEND 1553584397 INTRODUCE 36 16039
SEND 1553584397 INTRODUCE 36 11320
SEND 1553584397 INTRODUCE 35 30345
SEND 1553584397 INTRODUCE 37 15083
SEND 1553584397 INTRODUCE 36 11007
SEND 1553584397 INTRODUCE 35 10217
SEND 1553584397 INTRODUCE 35 10364
SEND 1553584397 INTRODUCE 35 16322
SEND 1553584397 INTRODUCE 36 10939
SEND 1553584397 INTRODUCE 36 10857
SEND 1553584397 INTRODUCE 35 11049
SEND 1553584397 INTRODUCE 37 10590
SEND 1553584397 INTRODUCE 35 31217
SEND 1553584397 INTRODUCE 35 23714
SEND 1553584397 INTRODUCE 36 11189
SEND 1553584397 INTRODUCE 36 13931
RECIEVED 1553584397 INTRODUCE 37 30 3
RECIEVED 1553584397 INTRODUCE 36 30 3
RECIEVED 1553584397 INTRODUCE 36 30 3
RECIEVED 1553584397 INTRODUCE 35 30 3
RECIEVED 1553584397 INTRODUCE 36 30 3
RECIEVED 1553584397 INTRODUCE 35 30 3
RECIEVED 1553584397 INTRODUCE 36 30 3
RECIEVED 1553584397 INTRODUCE 36 30 3
RECIEVED 1553584397 INTRODUCE 37 30 3
SEND 1553584397 INTRODUCE 37 14275
SEND 1553584397 INTRODUCE 37 11139
SEND 1553584397 INTRODUCE 37 16379
SEND 1553584397 INTRODUCE 37 16501
SEND 1553584397 INTRODUCE 37 14574
SEND 1553584397 INTRODUCE 37 15450
SEND 1553584397 INTRODUCE 37 17582
SEND 1553584397 INTRODUCE 37 17608
SEND 1553584397 INTRODUCE 37 43549
SEND 1553584397 INTRODUCE 37 53023
# recieved string JOIN node6 172.22.156.208 8006

SEND 1553584397 INTRODUCE 37 11306
SEND 1553584397 INTRODUCE 37 10162
SEND 1553584397 INTRODUCE 37 21118
SEND 1553584397 INTRODUCE 37 15168
SEND 1553584397 INTRODUCE 37 15245
SEND 1553584397 INTRODUCE 37 11234
SEND 1553584397 INTRODUCE 37 28052
SEND 1553584397 INTRODUCE 37 11267
# recieved string JOIN node5 172.22.156.208 8005

SEND 1553584397 INTRODUCE 37 30534
SEND 1553584397 INTRODUCE 37 22072
SEND 1553584397 INTRODUCE 37 14895
SEND 1553584397 INTRODUCE 37 13698
SEND 1553584397 INTRODUCE 37 16239
SEND 1553584397 INTRODUCE 37 13493
SEND 1553584397 INTRODUCE 37 28105
SEND 1553584397 INTRODUCE 37 18366
SEND 1553584397 INTRODUCE 37 23013
SEND 1553584397 INTRODUCE 37 12403
SEND 1553584397 INTRODUCE 37 16038
SEND 1553584397 INTRODUCE 37 15009
SEND 1553584397 JOIN 30 11231
RECIEVED 1553584397 INTRODUCE 37 31 3
RECIEVED 1553584397 INTRODUCE 36 31 3
RECIEVED 1553584397 INTRODUCE 36 31 3
RECIEVED 1553584397 INTRODUCE 37 31 3
RECIEVED 1553584397 INTRODUCE 35 31 3
RECIEVED 1553584397 INTRODUCE 37 31 3
RECIEVED 1553584397 INTRODUCE 37 31 3
RECIEVED 1553584397 JOIN 31 31 3
SEND 1553584397 INTRODUCE 36 11308
SEND 1553584397 INTRODUCE 37 32827
SEND 1553584397 INTRODUCE 35 9914
SEND 1553584397 INTRODUCE 35 22459
SEND 1553584397 INTRODUCE 36 10710
SEND 1553584397 INTRODUCE 36 15747
SEND 1553584397 INTRODUCE 37 10916
SEND 1553584397 INTRODUCE 36 33628
SEND 1553584397 INTRODUCE 37 11257
SEND 1553584397 INTRODUCE 36 10668
SEND 1553584397 INTRODUCE 36 10603
SEND 1553584397 INTRODUCE 36 15224
SEND 1553584397 INTRODUCE 36 13730
SEND 1553584397 INTRODUCE 36 9845
SEND 1553584397 INTRODUCE 37 10782
SEND 1553584397 INTRODUCE 36 37564
SEND 1553584397 INTRODUCE 36 66897
SEND 1553584397 INTRODUCE 35 15702
SEND 1553584397 INTRODUCE 36 29946
SEND 1553584397 INTRODUCE 35 15458
SEND 1553584397 INTRODUCE 35 14053
SEND 1553584397 INTRODUCE 36 13169
SEND 1553584397 INTRODUCE 37 15243
SEND 1553584397 INTRODUCE 36 10697
SEND 1553584397 INTRODUCE 37 13980
SEND 1553584397 INTRODUCE 36 11205
SEND 1553584397 INTRODUCE 35 34232
SEND 1553584397 INTRODUCE 35 21067
SEND 1553584397 INTRODUCE 35 22448
# recieved string JOIN node2 172.22.156.208 8002

SEND 1553584397 INTRODUCE 36 16779
SEND 1553584397 INTRODUCE 35 11139
RECIEVED 1553584397 INTRODUCE 35 32 3
RECIEVED 1553584397 INTRODUCE 37 32 3
RECIEVED 1553584397 INTRODUCE 36 32 3
RECIEVED 1553584397 INTRODUCE 37 32 3
RECIEVED 1553584397 JOIN 31 32 3
SEND 1553584397 INTRODUCE 35 9414
SEND 1553584397 INTRODUCE 36 13419
SEND 1553584397 INTRODUCE 36 14196
SEND 1553584397 INTRODUCE 37 11161
SEND 1553584397 INTRODUCE 36 10256
SEND 1553584397 INTRODUCE 36 28868
SEND 1553584397 INTRODUCE 36 14735
SEND 1553584397 INTRODUCE 35 10537
SEND 1553584397 INTRODUCE 35 12401
SEND 1553584397 INTRODUCE 36 10134
SEND 1553584397 INTRODUCE 37 11703
SEND 1553584397 INTRODUCE 36 24219
SEND 1553584397 INTRODUCE 35 10633
SEND 1553584397 INTRODUCE 36 10998
SEND 1553584397 INTRODUCE 36 21938
SEND 1553584397 INTRODUCE 37 53080
SEND 1553584397 INTRODUCE 36 13994
SEND 1553584397 INTRODUCE 35 10099
SEND 1553584397 INTRODUCE 35 10475
SEND 1553584397 INTRODUCE 35 11323
SEND 1553584397 INTRODUCE 36 29519
SEND 1553584397 INTRODUCE 36 10077
SEND 1553584397 INTRODUCE 37 35826
SEND 1553584397 INTRODUCE 35 47319
SEND 1553584397 INTRODUCE 35 15048
SEND 1553584397 INTRODUCE 36 37553
SEND 1553584397 INTRODUCE 37 27029
SEND 1553584397 INTRODUCE 36 27211
SEND 1553584397 INTRODUCE 37 10011
SEND 1553584397 INTRODUCE 36 13922
SEND 1553584397 INTRODUCE 36 15699
SEND 1553584397 INTRODUCE 36 42185
RECIEVED 1553584397 INTRODUCE 35 33 3
RECIEVED 1553584397 INTRODUCE 37 33 3
RECIEVED 1553584397 INTRODUCE 37 33 3
RECIEVED 1553584397 INTRODUCE 37 33 3
RECIEVED 1553584397 INTRODUCE 35 33 3
RECIEVED 1553584397 INTRODUCE 37 33 3
RECIEVED 1553584397 INTRODUCE 37 33 3
RECIEVED 1553584397 INTRODUCE 36 33 3
RECIEVED 1553584397 INTRODUCE 36 33 3
RECIEVED 1553584397 INTRODUCE 36 33 3
RECIEVED 1553584397 INTRODUCE 36 33 3
RECIEVED 1553584397 INTRODUCE 37 33 3
RECIEVED 1553584397 INTRODUCE 35 33 3
RECIEVED 1553584397 INTRODUCE 36 33 3
RECIEVED 1553584397 INTRODUCE 36 33 3
RECIEVED 1553584397 INTRODUCE 37 33 3
RECIEVED 1553584397 JOIN 31 33 3
SEND 1553584397 INTRODUCE 35 15659
SEND 1553584397 INTRODUCE 36 36593
SEND 1553584397 INTRODUCE 37 11517
SEND 1553584397 INTRODUCE 36 11549
SEND 1553584397 INTRODUCE 35 10686
SEND 1553584397 INTRODUCE 35 21487
SEND 1553584397 INTRODUCE 36 14923
SEND 1553584397 INTRODUCE 36 20925
SEND 1553584397 INTRODUCE 37 15167
SEND 1553584397 INTRODUCE 36 12118
SEND 1553584397 INTRODUCE 35 39990
SEND 1553584397 INTRODUCE 35 45895
SEND 1553584397 INTRODUCE 36 12500
SEND 1553584397 INTRODUCE 36 11753
SEND 1553584397 INTRODUCE 36 10734
SEND 1553584397 INTRODUCE 37 14938
SEND 1553584397 INTRODUCE 35 10641
SEND 1553584397 INTRODUCE 35 33021
SEND 1553584397 INTRODUCE 37 20167
SEND 1553584397 INTRODUCE 36 11282
SEND 1553584397 INTRODUCE 37 21023
SEND 1553584397 INTRODUCE 36 26213
SEND 1553584397 INTRODUCE 36 12516
SEND 1553584397 INTRODUCE 36 101356
SEND 1553584397 INTRODUCE 36 17340
SEND 1553584397 INTRODUCE 35 17006
SEND 1553584397 INTRODUCE 36 10936
SEND 1553584397 INTRODUCE 36 17296
SEND 1553584397 INTRODUCE 37 11415
SEND 1553584397 INTRODUCE 36 12066
SEND 1553584397 INTRODUCE 36 12169
SEND 1553584397 INTRODUCE 35 20083
SEND 1553584397 INTRODUCE 36 10164
RECIEVED 1553584397 INTRODUCE 36 34 3
RECIEVED 1553584397 INTRODUCE 37 34 3
RECIEVED 1553584397 INTRODUCE 37 34 3
RECIEVED 1553584397 INTRODUCE 35 34 3
RECIEVED 1553584397 INTRODUCE 37 34 3
RECIEVED 1553584397 INTRODUCE 36 34 3
RECIEVED 1553584397 INTRODUCE 37 34 3
RECIEVED 1553584397 INTRODUCE 37 34 3
RECIEVED 1553584397 INTRODUCE 35 34 3
RECIEVED 1553584397 INTRODUCE 36 34 3
RECIEVED 1553584397 INTRODUCE 35 34 3
RECIEVED 1553584397 INTRODUCE 37 34 3
RECIEVED 1553584397 INTRODUCE 35 34 3
RECIEVED 1553584397 INTRODUCE 35 34 3
RECIEVED 1553584397 INTRODUCE 36 34 3
RECIEVED 1553584397 INTRODUCE 35 34 3
RECIEVED 1553584397 INTRODUCE 35 34 3
RECIEVED 1553584397 INTRODUCE 36 34 3
RECIEVED 1553584397 INTRODUCE 35 34 3
RECIEVED 1553584397 INTRODUCE 36 34 3
RECIEVED 1553584397 INTRODUCE 37 34 3
RECIEVED 1553584397 INTRODUCE 36 34 3
RECIEVED 1553584397 INTRODUCE 37 34 3
RECIEVED 1553584397 INTRODUCE 36 34 3
RECIEVED 1553584397 INTRODUCE 36 34 3
SEND 1553584397 INTRODUCE 36 16544
SEND 1553584397 INTRODUCE 36 15705
SEND 1553584397 INTRODUCE 36 13134
SEND 1553584397 INTRODUCE 36 10460
SEND 1553584397 INTRODUCE 36 30102
SEND 1553584397 INTRODUCE 36 21110
SEND 1553584397 INTRODUCE 36 15713
SEND 1553584397 INTRODUCE 36 18652
SEND 1553584397 INTRODUCE 36 14521
SEND 1553584397 INTRODUCE 36 9713
SEND 1553584397 INTRODUCE 36 10853
SEND 1553584397 INTRODUCE 36 21127
SEND 1553584397 INTRODUCE 36 58958
SEND 1553584397 INTRODUCE 36 17092
SEND 1553584397 INTRODUCE 36 10238
SEND 1553584397 INTRODUCE 36 8577
SEND 1553584397 INTRODUCE 36 10157
SEND 1553584397 INTRODUCE 36 11096
SEND 1553584397 INTRODUCE 36 10107
SEND 1553584397 INTRODUCE 36 10762
SEND 1553584397 INTRODUCE 36 13739
SEND 1553584397 INTRODUCE 36 15471
SEND 1553584397 INTRODUCE 36 15402
SEND 1553584397 INTRODUCE 36 16554
SEND 1553584397 INTRODUCE 36 14644
SEND 1553584397 INTRODUCE 36 11083
SEND 1553584397 INTRODUCE 36 20932
SEND 1553584397 INTRODUCE 36 15540
SEND 1553584397 INTRODUCE 36 13760
SEND 1553584397 INTRODUCE 36 14044
SEND 1553584397 INTRODUCE 36 14477
SEND 1553584397 INTRODUCE 36 14694
SEND 1553584397 INTRODUCE 36 12048
SEND 1553584397 INTRODUCE 36 10857
SEND 1553584397 JOIN 30 16605
RECIEVED 1553584397 INTRODUCE 37 35 3
RECIEVED 1553584397 INTRODUCE 35 35 3
RECIEVED 1553584397 INTRODUCE 35 35 3
RECIEVED 1553584397 INTRODUCE 35 35 3
RECIEVED 1553584397 INTRODUCE 35 35 3
RECIEVED 1553584397 INTRODUCE 37 35 3
RECIEVED 1553584397 INTRODUCE 37 35 3
RECIEVED 1553584397 INTRODUCE 36 35 3
RECIEVED 1553584397 INTRODUCE 36 35 3
SEND 1553584397 INTRODUCE 36 15107
SEND 1553584397 INTRODUCE 36 14875
SEND 1553584397 INTRODUCE 36 10621
SEND 1553584397 INTRODUCE 36 25223
SEND 1553584397 INTRODUCE 36 16401
SEND 1553584397 INTRODUCE 36 37787
SEND 1553584397 INTRODUCE 36 12984
SEND 1553584397 INTRODUCE 36 19443
SEND 1553584397 INTRODUCE 36 429941
SEND 1553584397 INTRODUCE 36 22900
SEND 1553584397 INTRODUCE 36 20157
SEND 1553584397 INTRODUCE 36 13900
SEND 1553584397 INTRODUCE 36 13529
SEND 1553584397 INTRODUCE 36 10439
SEND 1553584397 INTRODUCE 36 10728
SEND 1553584397 INTRODUCE 36 15196
SEND 1553584397 INTRODUCE 36 46969
SEND 1553584397 INTRODUCE 36 14905
# recieved string JOIN node0 172.22.156.208 8000

# recieved string JOIN node8 172.22.156.208 8008

SEND 1553584397 INTRODUCE 36 11704
SEND 1553584397 INTRODUCE 36 11095
SEND 1553584397 INTRODUCE 36 10333
SEND 1553584397 INTRODUCE 36 16390
SEND 1553584397 INTRODUCE 36 16153
SEND 1553584397 INTRODUCE 36 11554
SEND 1553584397 INTRODUCE 36 14918
SEND 1553584397 INTRODUCE 36 23226
SEND 1553584397 INTRODUCE 36 21864
SEND 1553584397 INTRODUCE 36 31244
SEND 1553584397 INTRODUCE 36 10917
SEND 1553584397 INTRODUCE 36 22580
SEND 1553584397 INTRODUCE 36 18855
SEND 1553584397 INTRODUCE 36 11520
SEND 1553584397 INTRODUCE 36 10258
SEND 1553584397 INTRODUCE 36 14133
SEND 1553584397 INTRODUCE 36 9953
SEND 1553584397 JOIN 30 25731
RECIEVED 1553584397 INTRODUCE 37 36 3
RECIEVED 1553584397 INTRODUCE 36 36 3
RECIEVED 1553584397 INTRODUCE 37 36 3
RECIEVED 1553584397 INTRODUCE 36 36 3
RECIEVED 1553584397 INTRODUCE 36 36 3
RECIEVED 1553584397 INTRODUCE 36 36 3
RECIEVED 1553584397 INTRODUCE 36 36 3
RECIEVED 1553584397 INTRODUCE 36 36 3
RECIEVED 1553584397 INTRODUCE 36 36 3
RECIEVED 1553584397 INTRODUCE 36 36 3
SEND 1553584397 INTRODUCE 36 12543
SEND 1553584397 INTRODUCE 36 22474
SEND 1553584397 INTRODUCE 36 15887
SEND 1553584397 INTRODUCE 36 21904
SEND 1553584397 INTRODUCE 36 18081
SEND 1553584397 INTRODUCE 36 21693
SEND 1553584397 INTRODUCE 36 11241
SEND 1553584397 INTRODUCE 36 11116
SEND 1553584397 INTRODUCE 36 16772
SEND 1553584397 INTRODUCE 36 14484
SEND 1553584397 INTRODUCE 36 22561
SEND 1553584397 INTRODUCE 36 10792
SEND 1553584397 INTRODUCE 36 33327
SEND 1553584397 INTRODUCE 36 17562
SEND 1553584398 INTRODUCE 36 35269
# recieved string JOIN node9 172.22.156.208 8009

SEND 1553584398 INTRODUCE 36 10173
SEND 1553584398 INTRODUCE 36 12637
SEND 1553584398 INTRODUCE 36 14280
SEND 1553584398 INTRODUCE 36 16443
SEND 1553584398 INTRODUCE 36 16267
SEND 1553584398 INTRODUCE 36 20253
SEND 1553584398 INTRODUCE 36 11109
SEND 1553584398 INTRODUCE 36 20923
SEND 1553584398 INTRODUCE 36 356680
SEND 1553584398 INTRODUCE 36 25740
# recieved string JOIN node11 172.22.156.208 8011

SEND 1553584398 INTRODUCE 36 26599
SEND 1553584398 INTRODUCE 36 10379
SEND 1553584398 INTRODUCE 36 16851
SEND 1553584398 INTRODUCE 36 11132
SEND 1553584398 INTRODUCE 36 10584
SEND 1553584398 INTRODUCE 36 14297
SEND 1553584398 INTRODUCE 36 21669
SEND 1553584398 INTRODUCE 36 12149
SEND 1553584398 INTRODUCE 36 23960
SEND 1553584398 INTRODUCE 36 12239
SEND 1553584398 INTRODUCE 36 14991
SEND 1553584398 JOIN 30 14793
RECIEVED 1553584398 INTRODUCE 36 37 3
RECIEVED 1553584398 INTRODUCE 37 37 3
RECIEVED 1553584398 INTRODUCE 35 37 3
RECIEVED 1553584398 INTRODUCE 36 37 3
RECIEVED 1553584398 INTRODUCE 36 37 3
RECIEVED 1553584398 INTRODUCE 36 37 3
RECIEVED 1553584398 INTRODUCE 36 37 3
RECIEVED 1553584398 INTRODUCE 37 37 3
RECIEVED 1553584398 INTRODUCE 36 37 3
RECIEVED 1553584398 INTRODUCE 36 37 3
RECIEVED 1553584398 JOIN 31 37 3
RECIEVED 1553584398 JOIN 31 37 3
SEND 1553584398 INTRODUCE 37 11075
# recieved string JOIN node7 172.22.156.208 8007

SEND 1553584398 INTRODUCE 36 8750
SEND 1553584398 INTRODUCE 36 18229
SEND 1553584398 INTRODUCE 37 34473
SEND 1553584398 INTRODUCE 36 10774
SEND 1553584398 INTRODUCE 36 13555
SEND 1553584398 INTRODUCE 36 13762
SEND 1553584398 INTRODUCE 36 35342
SEND 1553584398 INTRODUCE 36 15286
SEND 1553584398 INTRODUCE 36 10938
SEND 1553584398 INTRODUCE 37 10192
SEND 1553584398 INTRODUCE 36 9738
SEND 1553584398 INTRODUCE 36 10536
SEND 1553584398 INTRODUCE 35 15080
SEND 1553584398 INTRODUCE 36 10591
SEND 1553584398 INTRODUCE 36 17982
SEND 1553584398 INTRODUCE 35 8785
SEND 1553584398 INTRODUCE 36 11900
SEND 1553584398 INTRODUCE 36 14327
SEND 1553584398 INTRODUCE 35 14849
SEND 1553584398 INTRODUCE 36 10963
SEND 1553584398 INTRODUCE 37 14027
SEND 1553584398 INTRODUCE 36 18575
SEND 1553584398 INTRODUCE 36 10241
SEND 1553584398 INTRODUCE 37 11792
SEND 1553584398 INTRODUCE 36 33809
SEND 1553584398 INTRODUCE 35 25620
SEND 1553584398 INTRODUCE 35 28717
SEND 1553584398 INTRODUCE 35 47148
SEND 1553584398 INTRODUCE 36 10037
SEND 1553584398 INTRODUCE 35 48347
SEND 1553584398 INTRODUCE 36 17760
SEND 1553584398 INTRODUCE 37 50660
SEND 1553584398 INTRODUCE 35 13497
SEND 1553584398 INTRODUCE 35 9569
SEND 1553584398 INTRODUCE 36 10672
SEND 1553584398 INTRODUCE 36 11084
RECIEVED 1553584398 INTRODUCE 36 38 3
RECIEVED 1553584398 INTRODUCE 36 38 3
RECIEVED 1553584398 INTRODUCE 37 38 3
RECIEVED 1553584398 INTRODUCE 36 38 3
RECIEVED 1553584398 INTRODUCE 36 38 3
RECIEVED 1553584398 INTRODUCE 35 38 3
RECIEVED 1553584398 INTRODUCE 36 38 3
RECIEVED 1553584398 INTRODUCE 35 38 3
RECIEVED 1553584398 INTRODUCE 35 38 3
RECIEVED 1553584398 INTRODUCE 36 38 3
RECIEVED 1553584398 INTRODUCE 36 38 3
RECIEVED 1553584398 INTRODUCE 37 38 3
RECIEVED 1553584398 INTRODUCE 36 38 3
RECIEVED 1553584398 INTRODUCE 36 38 3
RECIEVED 1553584398 INTRODUCE 36 38 3
RECIEVED 1553584398 INTRODUCE 36 38 3
RECIEVED 1553584398 INTRODUCE 36 38 3
RECIEVED 1553584398 INTRODUCE 35 38 3
RECIEVED 1553584398 INTRODUCE 37 38 3
RECIEVED 1553584398 INTRODUCE 36 38 3
RECIEVED 1553584398 INTRODUCE 35 38 3
RECIEVED 1553584398 INTRODUCE 35 38 3
RECIEVED 1553584398 INTRODUCE 36 38 3
RECIEVED 1553584398 INTRODUCE 35 38 3
RECIEVED 1553584398 INTRODUCE 36 38 3
RECIEVED 1553584398 INTRODUCE 36 38 3
RECIEVED 1553584398 JOIN 31 38 3
SEND 1553584398 INTRODUCE 35 10352
SEND 1553584398 INTRODUCE 36 9023
SEND 1553584398 INTRODUCE 37 20819
SEND 1553584398 INTRODUCE 36 14635
SEND 1553584398 INTRODUCE 36 10489
SEND 1553584398 INTRODUCE 36 9816
SEND 1553584398 INTRODUCE 37 10748
SEND 1553584398 INTRODUCE 36 10762
SEND 1553584398 INTRODUCE 35 16238
SEND 1553584398 INTRODUCE 35 10704
SEND 1553584398 INTRODUCE 35 10344
SEND 1553584398 INTRODUCE 36 13789
SEND 1553584398 INTRODUCE 35 9683
SEND 1553584398 INTRODUCE 36 28088
SEND 1553584398 INTRODUCE 37 155556
SEND 1553584398 INTRODUCE 35 57452
SEND 1553584398 INTRODUCE 35 172137
SEND 1553584398 INTRODUCE 36 14837
SEND 1553584398 INTRODUCE 36 9579
SEND 1553584398 INTRODUCE 37 33587
SEND 1553584398 INTRODUCE 36 14520
SEND 1553584398 INTRODUCE 36 11687
SEND 1553584398 INTRODUCE 37 10909
SEND 1553584398 INTRODUCE 36 10821
SEND 1553584398 INTRODUCE 36 10179
SEND 1553584398 INTRODUCE 36 10836
SEND 1553584398 INTRODUCE 36 4100
SEND 1553584398 INTRODUCE 36 4118
SEND 1553584398 INTRODUCE 36 10484
SEND 1553584398 INTRODUCE 37 10563
SEND 1553584398 INTRODUCE 36 15660
SEND 1553584398 INTRODUCE 36 14516
SEND 1553584398 INTRODUCE 35 14707
SEND 1553584398 INTRODUCE 36 16475
SEND 1553584398 INTRODUCE 36 10779
SEND 1553584398 INTRODUCE 35 14536
SEND 1553584398 INTRODUCE 36 10878
SEND 1553584398 INTRODUCE 36 12882
RECIEVED 1553584398 INTRODUCE 36 39 3
RECIEVED 1553584398 INTRODUCE 36 39 3
RECIEVED 1553584398 INTRODUCE 35 39 3
RECIEVED 1553584398 INTRODUCE 36 39 3
RECIEVED 1553584398 INTRODUCE 36 39 3
RECIEVED 1553584398 JOIN 32 39 3
SEND 1553584398 INTRODUCE 36 13952
SEND 1553584398 INTRODUCE 37 13953
SEND 1553584398 INTRODUCE 35 12894
SEND 1553584398 INTRODUCE 35 10651
SEND 1553584398 INTRODUCE 36 27797
SEND 1553584398 INTRODUCE 36 39688
SEND 1553584398 INTRODUCE 37 13632
SEND 1553584398 INTRODUCE 36 17100
SEND 1553584398 INTRODUCE 36 11360
SEND 1553584398 INTRODUCE 37 11054
SEND 1553584398 INTRODUCE 36 41464
SEND 1553584398 INTRODUCE 36 10345
SEND 1553584398 INTRODUCE 36 9240
SEND 1553584398 INTRODUCE 36 15094
SEND 1553584398 INTRODUCE 36 9839
SEND 1553584398 INTRODUCE 36 11005
SEND 1553584398 INTRODUCE 36 14108
SEND 1553584398 INTRODUCE 37 21741
SEND 1553584398 INTRODUCE 36 10054
SEND 1553584398 INTRODUCE 36 21639
SEND 1553584398 INTRODUCE 35 16225
SEND 1553584398 INTRODUCE 36 16863
SEND 1553584398 INTRODUCE 35 15552
SEND 1553584398 INTRODUCE 36 12220
SEND 1553584398 INTRODUCE 36 14219
SEND 1553584398 INTRODUCE 35 10587
SEND 1553584398 INTRODUCE 36 17860
SEND 1553584398 INTRODUCE 37 12059
SEND 1553584398 INTRODUCE 36 13448
SEND 1553584398 INTRODUCE 36 27514
# recieved string JOIN node14 172.22.94.217 8014

SEND 1553584398 INTRODUCE 36 16034
SEND 1553584398 INTRODUCE 36 10117
SEND 1553584398 INTRODUCE 36 15427
SEND 1553584398 INTRODUCE 37 29122
SEND 1553584398 INTRODUCE 36 28124
SEND 1553584398 INTRODUCE 35 10283
SEND 1553584398 INTRODUCE 35 14582
SEND 1553584398 INTRODUCE 35 15651
SEND 1553584398 INTRODUCE 35 31095
RECIEVED 1553584398 INTRODUCE 36 40 3
RECIEVED 1553584398 INTRODUCE 36 40 3
RECIEVED 1553584398 INTRODUCE 35 40 3
RECIEVED 1553584398 INTRODUCE 36 40 3
RECIEVED 1553584398 INTRODUCE 36 40 3
RECIEVED 1553584398 INTRODUCE 36 40 3
RECIEVED 1553584398 JOIN 31 40 3
SEND 1553584398 INTRODUCE 36 16822
SEND 1553584398 INTRODUCE 37 9160
SEND 1553584398 INTRODUCE 35 10604
SEND 1553584398 INTRODUCE 35 36464
SEND 1553584398 INTRODUCE 36 21654
SEND 1553584398 INTRODUCE 36 44211
SEND 1553584398 INTRODUCE 37 10580
SEND 1553584398 INTRODUCE 36 32684
SEND 1553584398 INTRODUCE 36 16027
SEND 1553584398 INTRODUCE 37 33869
SEND 1553584398 INTRODUCE 36 13384
SEND 1553584398 INTRODUCE 36 10393
SEND 1553584398 INTRODUCE 36 29499
SEND 1553584398 INTRODUCE 36 28919
SEND 1553584398 INTRODUCE 36 17014
SEND 1553584398 INTRODUCE 37 47364
SEND 1553584398 INTRODUCE 36 10840
SEND 1553584398 INTRODUCE 36 14761
SEND 1553584398 INTRODUCE 35 40032
SEND 1553584398 INTRODUCE 36 15024
SEND 1553584398 INTRODUCE 36 13020
SEND 1553584398 INTRODUCE 36 21718
SEND 1553584398 INTRODUCE 35 24620
SEND 1553584398 INTRODUCE 36 33837
SEND 1553584398 INTRODUCE 36 27851
SEND 1553584398 INTRODUCE 35 46903
SEND 1553584398 INTRODUCE 36 9669
SEND 1553584398 INTRODUCE 37 23098
SEND 1553584398 INTRODUCE 36 10526
SEND 1553584398 INTRODUCE 36 10187
SEND 1553584398 INTRODUCE 36 33820
SEND 1553584398 INTRODUCE 37 17159
SEND 1553584398 INTRODUCE 36 14734
SEND 1553584398 INTRODUCE 35 13514
SEND 1553584398 INTRODUCE 35 10695
SEND 1553584398 INTRODUCE 35 4737
SEND 1553584398 INTRODUCE 36 3885
SEND 1553584398 INTRODUCE 36 22949
SEND 1553584398 INTRODUCE 35 12926
SEND 1553584398 INTRODUCE 37 10264
RECIEVED 1553584398 INTRODUCE 36 41 3
RECIEVED 1553584398 INTRODUCE 36 41 3
RECIEVED 1553584398 INTRODUCE 36 41 3
RECIEVED 1553584398 INTRODUCE 37 41 3
RECIEVED 1553584398 INTRODUCE 36 41 3
RECIEVED 1553584398 INTRODUCE 35 41 3
RECIEVED 1553584398 INTRODUCE 36 41 3
RECIEVED 1553584398 INTRODUCE 36 41 3
RECIEVED 1553584398 INTRODUCE 36 41 3
RECIEVED 1553584398 INTRODUCE 37 41 3
RECIEVED 1553584398 INTRODUCE 36 41 3
RECIEVED 1553584398 INTRODUCE 35 41 3
RECIEVED 1553584398 INTRODUCE 35 41 3
RECIEVED 1553584398 INTRODUCE 36 41 3
RECIEVED 1553584398 INTRODUCE 36 41 3
RECIEVED 1553584398 INTRODUCE 36 41 3
RECIEVED 1553584398 INTRODUCE 35 41 3
RECIEVED 1553584398 INTRODUCE 36 41 3
RECIEVED 1553584398 INTRODUCE 35 41 3
RECIEVED 1553584398 INTRODUCE 36 41 3
RECIEVED 1553584398 INTRODUCE 36 41 3
RECIEVED 1553584398 INTRODUCE 37 41 3
RECIEVED 1553584398 INTRODUCE 35 41 3
RECIEVED 1553584398 INTRODUCE 36 41 3
RECIEVED 1553584398 INTRODUCE 36 41 3
RECIEVED 1553584398 INTRODUCE 37 41 3
RECIEVED 1553584398 INTRODUCE 37 41 3
RECIEVED 1553584398 INTRODUCE 36 41 3
RECIEVED 1553584398 INTRODUCE 36 41 3
RECIEVED 1553584398 INTRODUCE 36 41 3
RECIEVED 1553584398 INTRODUCE 35 41 3
RECIEVED 1553584398 INTRODUCE 37 41 3
RECIEVED 1553584398 INTRODUCE 36 41 3
RECIEVED 1553584398 INTRODUCE 37 41 3
SEND 1553584398 INTRODUCE 37 10611
SEND 1553584398 INTRODUCE 37 14244
SEND 1553584398 INTRODUCE 37 10826
SEND 1553584398 INTRODUCE 37 14436
SEND 1553584398 INTRODUCE 37 61322
SEND 1553584398 INTRODUCE 37 17137
SEND 1553584398 INTRODUCE 37 45830
SEND 1553584398 INTRODUCE 37 11248
SEND 1553584398 INTRODUCE 37 15356
SEND 1553584398 INTRODUCE 37 28944
SEND 1553584398 INTRODUCE 37 11530
SEND 1553584398 INTRODUCE 37 14453
# recieved string JOIN node16 172.22.156.206 8016

SEND 1553584398 INTRODUCE 37 15572
SEND 1553584398 INTRODUCE 37 21276
SEND 1553584398 INTRODUCE 37 15886
SEND 1553584398 INTRODUCE 37 13141
SEND 1553584398 INTRODUCE 37 19862
# recieved string JOIN node1 172.22.156.208 8001

SEND 1553584398 INTRODUCE 37 20566
SEND 1553584398 INTRODUCE 37 34568
SEND 1553584398 INTRODUCE 37 26267
SEND 1553584398 INTRODUCE 37 28671
SEND 1553584398 INTRODUCE 37 21102
SEND 1553584398 INTRODUCE 37 13836
SEND 1553584398 INTRODUCE 37 23823
SEND 1553584398 INTRODUCE 37 14841
SEND 1553584398 INTRODUCE 37 11544
SEND 1553584398 INTRODUCE 37 16945
SEND 1553584398 INTRODUCE 37 15533
SEND 1553584398 INTRODUCE 37 48874
SEND 1553584398 INTRODUCE 37 12038
SEND 1553584398 INTRODUCE 37 11053
SEND 1553584398 INTRODUCE 37 44028
SEND 1553584398 INTRODUCE 37 14769
SEND 1553584398 INTRODUCE 37 11980
SEND 1553584398 INTRODUCE 37 49380
SEND 1553584398 INTRODUCE 37 41890
SEND 1553584398 INTRODUCE 37 34534
SEND 1553584398 INTRODUCE 37 15446
SEND 1553584398 INTRODUCE 37 18769
SEND 1553584398 INTRODUCE 37 21084
SEND 1553584398 INTRODUCE 37 23576
SEND 1553584398 JOIN 30 14499
RECIEVED 1553584398 INTRODUCE 36 42 3
RECIEVED 1553584398 INTRODUCE 36 42 3
RECIEVED 1553584398 INTRODUCE 36 42 3
RECIEVED 1553584398 INTRODUCE 36 42 3
RECIEVED 1553584398 INTRODUCE 36 42 3
RECIEVED 1553584398 INTRODUCE 35 42 3
RECIEVED 1553584398 INTRODUCE 37 42 3
RECIEVED 1553584398 INTRODUCE 36 42 3
RECIEVED 1553584398 INTRODUCE 37 42 3
RECIEVED 1553584398 INTRODUCE 35 42 3
RECIEVED 1553584398 INTRODUCE 36 42 3
RECIEVED 1553584398 JOIN 31 42 3
RECIEVED 1553584398 INTRODUCE 36 42 3
RECIEVED 1553584398 INTRODUCE 37 42 3
RECIEVED 1553584398 INTRODUCE 37 42 3
RECIEVED 1553584398 INTRODUCE 37 42 3
RECIEVED 1553584398 INTRODUCE 37 42 3
RECIEVED 1553584398 INTRODUCE 36 42 3
RECIEVED 1553584398 INTRODUCE 37 42 3
RECIEVED 1553584398 INTRODUCE 37 42 3
SEND 1553584398 INTRODUCE 37 10276
SEND 1553584398 INTRODUCE 37 14289
SEND 1553584398 INTRODUCE 37 38825
SEND 1553584398 INTRODUCE 37 35572
SEND 1553584398 INTRODUCE 37 15429
SEND 1553584398 INTRODUCE 37 78842
SEND 1553584398 INTRODUCE 37 11293
SEND 1553584398 INTRODUCE 37 10996
SEND 1553584398 INTRODUCE 37 47413
SEND 1553584398 INTRODUCE 37 52051
SEND 1553584398 INTRODUCE 37 9910
SEND 1553584398 INTRODUCE 37 11404
SEND 1553584398 INTRODUCE 37 15997
SEND 1553584398 INTRODUCE 37 13716
SEND 1553584398 INTRODUCE 37 13474
SEND 1553584398 INTRODUCE 37 14712
SEND 1553584398 INTRODUCE 37 15944
SEND 1553584398 INTRODUCE 37 21270
SEND 1553584398 INTRODUCE 37 50766
SEND 1553584398 INTRODUCE 37 10793
SEND 1553584398 INTRODUCE 37 11007
SEND 1553584398 INTRODUCE 37 20747
SEND 1553584398 INTRODUCE 37 14829
SEND 1553584398 INTRODUCE 37 16297
SEND 1553584398 INTRODUCE 37 36559
SEND 1553584398 INTRODUCE 37 10681
SEND 1553584398 INTRODUCE 37 22520
SEND 1553584398 INTRODUCE 37 14822
SEND 1553584398 INTRODUCE 37 13396
SEND 1553584398 INTRODUCE 37 13214
SEND 1553584398 INTRODUCE 37 16520
SEND 1553584398 INTRODUCE 37 33526
SEND 1553584398 INTRODUCE 37 27490
SEND 1553584398 INTRODUCE 37 76875
SEND 1553584398 INTRODUCE 37 10491
SEND 1553584398 INTRODUCE 37 9921
# recieved string JOIN node13 172.22.156.208 8013

SEND 1553584398 INTRODUCE 37 22495
SEND 1553584398 INTRODUCE 37 15825
SEND 1553584398 INTRODUCE 37 13268
SEND 1553584398 INTRODUCE 37 16548
SEND 1553584398 INTRODUCE 37 9707
SEND 1553584398 INTRODUCE 37 15269
SEND 1553584398 JOIN 30 17280
RECIEVED 1553584398 INTRODUCE 36 43 3
RECIEVED 1553584398 INTRODUCE 36 43 3
RECIEVED 1553584398 INTRODUCE 36 43 3
RECIEVED 1553584398 INTRODUCE 35 43 3
RECIEVED 1553584398 INTRODUCE 37 43 3
RECIEVED 1553584398 INTRODUCE 36 43 3
RECIEVED 1553584398 INTRODUCE 35 43 3
RECIEVED 1553584398 INTRODUCE 37 43 3
RECIEVED 1553584398 INTRODUCE 35 43 3
RECIEVED 1553584398 INTRODUCE 36 43 3
RECIEVED 1553584398 INTRODUCE 37 43 3
RECIEVED 1553584398 INTRODUCE 36 43 3
RECIEVED 1553584398 INTRODUCE 36 43 3
RECIEVED 1553584398 INTRODUCE 37 43 3
RECIEVED 1553584398 TRANSACTION 81 43 3
UPDATE 1553584398 TRANSACTION bd17be299693f7774830a3d8087991a5
SEND 1553584398 TRANSACTION 81 12229 bd17be299693f7774830a3d8087991a5
SEND 1553584398 TRANSACTION 81 17148 bd17be299693f7774830a3d8087991a5
SEND 1553584398 TRANSACTION 81 10347 bd17be299693f7774830a3d8087991a5
SEND 1553584398 TRANSACTION 81 10662 bd17be299693f7774830a3d8087991a5
SEND 1553584398 TRANSACTION 81 10557 bd17be299693f7774830a3d8087991a5
SEND 1553584398 TRANSACTION 81 15565 bd17be299693f7774830a3d8087991a5
SEND 1553584398 TRANSACTION 81 10091 bd17be299693f7774830a3d8087991a5
SEND 1553584398 TRANSACTION 81 14661 bd17be299693f7774830a3d8087991a5
SEND 1553584398 TRANSACTION 81 14289 bd17be299693f7774830a3d8087991a5
SEND 1553584398 TRANSACTION 81 10382 bd17be299693f7774830a3d8087991a5
SEND 1553584398 TRANSACTION 81 13982 bd17be299693f7774830a3d8087991a5
SEND 1553584398 TRANSACTION 81 10473 bd17be299693f7774830a3d8087991a5
SEND 1553584398 TRANSACTION 81 9701 bd17be299693f7774830a3d8087991a5
RECIEVED 1553584398 INTRODUCE 36 43 4
RECIEVED 1553584398 INTRODUCE 36 43 4
RECIEVED 1553584398 INTRODUCE 37 43 4
RECIEVED 1553584398 INTRODUCE 36 43 4
RECIEVED 1553584398 JOIN 32 43 4
RECIEVED 1553584398 INTRODUCE 37 43 4
RECIEVED 1553584398 INTRODUCE 36 43 4
RECIEVED 1553584398 INTRODUCE 37 43 4
RECIEVED 1553584398 JOIN 31 43 4
RECIEVED 1553584398 INTRODUCE 36 43 4
RECIEVED 1553584398 INTRODUCE 36 43 4
RECIEVED 1553584398 TRANSACTION 81 43 4
RECIEVED 1553584398 INTRODUCE 37 43 4
RECIEVED 1553584398 INTRODUCE 37 43 4
RECIEVED 1553584398 INTRODUCE 37 43 4
RECIEVED 1553584398 INTRODUCE 36 43 4
RECIEVED 1553584398 INTRODUCE 36 43 4
RECIEVED 1553584398 INTRODUCE 36 43 4
RECIEVED 1553584398 INTRODUCE 36 43 4
RECIEVED 1553584398 INTRODUCE 37 43 4
RECIEVED 1553584398 INTRODUCE 37 43 4
RECIEVED 1553584398 INTRODUCE 36 43 4
RECIEVED 1553584398 INTRODUCE 36 43 4
RECIEVED 1553584398 TRANSACTION 81 43 4
RECIEVED 1553584398 INTRODUCE 36 43 4
RECIEVED 1553584398 INTRODUCE 36 43 4
RECIEVED 1553584398 INTRODUCE 37 43 4
RECIEVED 1553584398 INTRODUCE 36 43 4
RECIEVED 1553584398 INTRODUCE 35 43 4
RECIEVED 1553584398 INTRODUCE 36 43 4
RECIEVED 1553584398 TRANSACTION 80 43 4
UPDATE 1553584398 TRANSACTION 237d4725adf047a1ba9022223390c62a
SEND 1553584398 TRANSACTION 80 8707 237d4725adf047a1ba9022223390c62a
SEND 1553584398 TRANSACTION 80 14562 237d4725adf047a1ba9022223390c62a
SEND 1553584398 TRANSACTION 80 10124 237d4725adf047a1ba9022223390c62a
SEND 1553584398 TRANSACTION 80 10203 237d4725adf047a1ba9022223390c62a
SEND 1553584398 TRANSACTION 80 15912 237d4725adf047a1ba9022223390c62a
SEND 1553584398 TRANSACTION 80 14635 237d4725adf047a1ba9022223390c62a
SEND 1553584398 TRANSACTION 80 11529 237d4725adf047a1ba9022223390c62a
SEND 1553584398 TRANSACTION 80 15732 237d4725adf047a1ba9022223390c62a
SEND 1553584398 TRANSACTION 80 15084 237d4725adf047a1ba9022223390c62a
SEND 1553584398 TRANSACTION 80 15539 237d4725adf047a1ba9022223390c62a
SEND 1553584398 TRANSACTION 80 11382 237d4725adf047a1ba9022223390c62a
SEND 1553584398 TRANSACTION 80 14626 237d4725adf047a1ba9022223390c62a
SEND 1553584398 TRANSACTION 80 14310 237d4725adf047a1ba9022223390c62a
SEND 1553584398 TRANSACTION 80 10620 237d4725adf047a1ba9022223390c62a
RECIEVED 1553584398 TRANSACTION 80 43 5
RECIEVED 1553584398 INTRODUCE 36 43 5
RECIEVED 1553584398 INTRODUCE 37 43 5
RECIEVED 1553584398 INTRODUCE 36 43 5
RECIEVED 1553584398 JOIN 32 43 5
SEND 1553584398 INTRODUCE 36 10000
SEND 1553584398 INTRODUCE 35 9711
SEND 1553584398 INTRODUCE 36 28185
SEND 1553584398 INTRODUCE 36 65076
SEND 1553584398 INTRODUCE 35 12086
SEND 1553584398 INTRODUCE 36 11344
SEND 1553584398 INTRODUCE 37 9645
SEND 1553584398 INTRODUCE 36 31936
SEND 1553584398 INTRODUCE 36 10667
SEND 1553584398 INTRODUCE 35 9932
SEND 1553584398 INTRODUCE 36 10843
SEND 1553584398 INTRODUCE 36 10465
SEND 1553584398 INTRODUCE 36 10129
SEND 1553584398 INTRODUCE 37 10554
SEND 1553584398 INTRODUCE 36 18760
SEND 1553584398 INTRODUCE 35 43369
SEND 1553584398 INTRODUCE 35 11128
SEND 1553584398 INTRODUCE 35 15131
SEND 1553584398 INTRODUCE 37 10606
SEND 1553584398 INTRODUCE 36 10539
SEND 1553584398 INTRODUCE 37 15140
SEND 1553584398 INTRODUCE 36 9839
SEND 1553584398 INTRODUCE 37 9668
SEND 1553584398 INTRODUCE 36 20336
SEND 1553584398 INTRODUCE 37 13417
SEND 1553584398 INTRODUCE 35 9660
SEND 1553584398 INTRODUCE 35 10759
SEND 1553584398 INTRODUCE 36 9887
SEND 1553584398 INTRODUCE 37 10695
SEND 1553584398 INTRODUCE 36 15534
SEND 1553584398 INTRODUCE 36 10160
SEND 1553584398 INTRODUCE 37 9633
SEND 1553584398 INTRODUCE 36 10664
SEND 1553584398 INTRODUCE 36 9416
SEND 1553584398 INTRODUCE 36 21153
SEND 1553584398 INTRODUCE 35 14995
SEND 1553584398 INTRODUCE 36 9819
SEND 1553584398 INTRODUCE 36 14505
SEND 1553584398 INTRODUCE 36 17336
SEND 1553584398 INTRODUCE 36 10955
SEND 1553584398 INTRODUCE 37 10780
SEND 1553584398 INTRODUCE 36 8228
SEND 1553584398 INTRODUCE 36 13915
RECIEVED 1553584398 INTRODUCE 36 44 5
RECIEVED 1553584398 INTRODUCE 36 44 5
RECIEVED 1553584398 INTRODUCE 37 44 5
RECIEVED 1553584398 INTRODUCE 36 44 5
RECIEVED 1553584398 INTRODUCE 35 44 5
RECIEVED 1553584398 INTRODUCE 36 44 5
RECIEVED 1553584398 INTRODUCE 36 44 5
RECIEVED 1553584398 INTRODUCE 37 44 5
RECIEVED 1553584398 INTRODUCE 37 44 5
RECIEVED 1553584398 INTRODUCE 35 44 5
RECIEVED 1553584398 INTRODUCE 35 44 5
RECIEVED 1553584398 TRANSACTION 80 44 5
RECIEVED 1553584398 INTRODUCE 36 44 5
RECIEVED 1553584398 INTRODUCE 37 44 5
RECIEVED 1553584398 INTRODUCE 37 44 5
RECIEVED 1553584398 INTRODUCE 35 44 5
RECIEVED 1553584398 INTRODUCE 37 44 5
RECIEVED 1553584398 INTRODUCE 37 44 5
RECIEVED 1553584398 INTRODUCE 35 44 5
RECIEVED 1553584398 INTRODUCE 35 44 5
RECIEVED 1553584398 INTRODUCE 37 44 5
RECIEVED 1553584398 INTRODUCE 35 44 5
RECIEVED 1553584398 INTRODUCE 37 44 5
RECIEVED 1553584398 INTRODUCE 36 44 5
RECIEVED 1553584398 INTRODUCE 36 44 5
RECIEVED 1553584398 INTRODUCE 36 44 5
RECIEVED 1553584398 INTRODUCE 37 44 5
# recieved string {"Type":"JOIN","Name":"node8","Ip":"172.22.156.207","Port":8008,"Source":0,"Dest":0,"Amount":0,"TID":"","TimeStamp":"","Friends":null,"HashTable":null,"Sock":null}

CANNOT PARSE STRING. RECIEVED {"Type":"JOIN","Name":"node8","Ip":"172.22.156.207","Port":8008,"Source":0,"Dest":0,"Amount":0,"TID":"","TimeStamp":"","Friends":null,"HashTable":null,"Sock":null}
RECIEVED 1553584398 {"Type":"JOIN","Name":"node8","Ip":"172.22.156.207","Port":8008,"Source":0,"Dest":0,"Amount":0,"TID":"","TimeStamp":"","Friends":null,"HashTable":null,"Sock":null} 164 44 5
# CANNOT PARSE MESSAGE. RECIEVED {Type:{"Type":"JOIN","Name":"node8","Ip":"172.22.156.207","Port":8008,"Source":0,"Dest":0,"Amount":0,"TID":"","TimeStamp":"","Friends":null,"HashTable":null,"Sock":null} Name: Ip: Port:0 Source:0 Dest:0 Amount:0 TID: TimeStamp: Friends:[] HashTable:[] Sock:0xc00000e250 Data:{"Type":"JOIN","Name":"node8","Ip":"172.22.156.207","Port":8008,"Source":0,"Dest":0,"Amount":0,"TID":"","TimeStamp":"","Friends":null,"HashTable":null,"Sock":null}
}
RECIEVED 1553584398 INTRODUCE 35 44 5
RECIEVED 1553584398 INTRODUCE 35 44 5
RECIEVED 1553584398 INTRODUCE 35 44 5
RECIEVED 1553584398 INTRODUCE 37 44 5
RECIEVED 1553584398 INTRODUCE 37 44 5
RECIEVED 1553584398 INTRODUCE 37 44 5
# recieved string JOIN node12 172.22.156.208 8012

RECIEVED 1553584398 JOIN 32 44 5
SEND 1553584398 INTRODUCE 37 10604
SEND 1553584398 INTRODUCE 36 11540
SEND 1553584398 INTRODUCE 36 11711
SEND 1553584398 INTRODUCE 36 11285
SEND 1553584398 INTRODUCE 36 12804
SEND 1553584398 INTRODUCE 36 11524
SEND 1553584398 INTRODUCE 37 16277
SEND 1553584398 INTRODUCE 36 15326
SEND 1553584398 INTRODUCE 36 10801
SEND 1553584398 INTRODUCE 35 11166
SEND 1553584398 INTRODUCE 36 11360
SEND 1553584398 INTRODUCE 36 9996
SEND 1553584398 INTRODUCE 36 10508
SEND 1553584398 INTRODUCE 35 10708
SEND 1553584398 INTRODUCE 36 18299
SEND 1553584398 INTRODUCE 36 21608
SEND 1553584398 INTRODUCE 35 12323
SEND 1553584398 INTRODUCE 36 9443
SEND 1553584398 INTRODUCE 37 10575
SEND 1553584398 INTRODUCE 36 10085
SEND 1553584398 INTRODUCE 36 16078
SEND 1553584398 INTRODUCE 36 10735
SEND 1553584398 INTRODUCE 37 10813
SEND 1553584398 INTRODUCE 36 10667
SEND 1553584398 INTRODUCE 35 9883
SEND 1553584398 INTRODUCE 35 9367
SEND 1553584398 INTRODUCE 35 9983
SEND 1553584398 INTRODUCE 36 10780
SEND 1553584398 INTRODUCE 36 10812
SEND 1553584398 INTRODUCE 37 15776
SEND 1553584398 INTRODUCE 35 43945
SEND 1553584398 INTRODUCE 37 13143
# recieved string JOIN node17 172.22.156.206 8017

# recieved string JOIN node14 172.22.156.208 8014

# recieved string JOIN node10 172.22.156.208 8010

SEND 1553584398 INTRODUCE 36 10457
SEND 1553584398 INTRODUCE 37 9652
SEND 1553584398 INTRODUCE 36 11400
SEND 1553584398 INTRODUCE 37 10405
SEND 1553584398 INTRODUCE 35 10866
SEND 1553584398 INTRODUCE 35 11441
SEND 1553584398 INTRODUCE 36 10499
SEND 1553584398 INTRODUCE 36 15593
SEND 1553584398 INTRODUCE 37 9884
SEND 1553584398 INTRODUCE 37 34303
# Failed listening 
%!(EXTRA string=node0)# ERROR: read tcp 172.22.94.217:41662->172.22.94.217:8000: read: connection reset by peer
SEND 1553584398 INTRODUCE 36 11019
SEND 1553584398 INTRODUCE 36 15766
RECIEVED 1553584398 INTRODUCE 36 45 5
RECIEVED 1553584398 INTRODUCE 37 45 5
RECIEVED 1553584398 INTRODUCE 37 45 5
RECIEVED 1553584398 INTRODUCE 35 45 5
RECIEVED 1553584398 INTRODUCE 36 45 5
RECIEVED 1553584398 INTRODUCE 36 45 5
RECIEVED 1553584398 INTRODUCE 37 45 5
RECIEVED 1553584398 INTRODUCE 35 45 5
RECIEVED 1553584398 INTRODUCE 36 45 5
RECIEVED 1553584398 INTRODUCE 36 45 5
RECIEVED 1553584398 INTRODUCE 36 45 5
RECIEVED 1553584398 INTRODUCE 36 45 5
RECIEVED 1553584398 INTRODUCE 36 45 5
RECIEVED 1553584398 JOIN 32 45 5
SEND 1553584398 INTRODUCE 35 16887
SEND 1553584398 INTRODUCE 37 24890
SEND 1553584398 INTRODUCE 36 10555
SEND 1553584398 INTRODUCE 37 11262
SEND 1553584398 INTRODUCE 36 11208
SEND 1553584398 INTRODUCE 37 9787
SEND 1553584398 INTRODUCE 36 9922
SEND 1553584398 INTRODUCE 37 8828
SEND 1553584398 INTRODUCE 35 11262
SEND 1553584398 INTRODUCE 35 24853
SEND 1553584398 INTRODUCE 36 10688
SEND 1553584398 INTRODUCE 37 10923
SEND 1553584398 INTRODUCE 36 10760
SEND 1553584398 INTRODUCE 36 10732
SEND 1553584398 INTRODUCE 37 10026
SEND 1553584398 INTRODUCE 36 10023
SEND 1553584398 INTRODUCE 36 10359
SEND 1553584398 INTRODUCE 36 46675
SEND 1553584398 INTRODUCE 35 35734
SEND 1553584398 INTRODUCE 36 13101
SEND 1553584398 INTRODUCE 36 13073
SEND 1553584398 INTRODUCE 36 10952
SEND 1553584398 INTRODUCE 36 10692
SEND 1553584398 INTRODUCE 37 15328
SEND 1553584398 INTRODUCE 36 14168
SEND 1553584398 INTRODUCE 36 10977
SEND 1553584398 INTRODUCE 36 10537
SEND 1553584398 INTRODUCE 35 10159
SEND 1553584398 INTRODUCE 36 10337
SEND 1553584398 INTRODUCE 36 30880
SEND 1553584398 INTRODUCE 37 11259
SEND 1553584398 INTRODUCE 35 17846
SEND 1553584398 INTRODUCE 36 11064
SEND 1553584398 INTRODUCE 37 10108
SEND 1553584398 INTRODUCE 36 26000
SEND 1553584398 INTRODUCE 36 10216
SEND 1553584398 INTRODUCE 35 9819
SEND 1553584398 INTRODUCE 36 10932
SEND 1553584398 INTRODUCE 36 10376
SEND 1553584398 INTRODUCE 36 10422
SEND 1553584398 INTRODUCE 37 10493
SEND 1553584398 INTRODUCE 36 11212
SEND 1553584398 INTRODUCE 35 10470
SEND 1553584398 INTRODUCE 35 12294
SEND 1553584398 INTRODUCE 37 12173
RECIEVED 1553584398 JOIN 32 46 5
SEND 1553584398 INTRODUCE 36 11976
SEND 1553584398 INTRODUCE 37 8981
SEND 1553584398 INTRODUCE 36 11162
SEND 1553584398 INTRODUCE 36 41868
SEND 1553584398 INTRODUCE 35 12235
SEND 1553584398 INTRODUCE 36 15896
SEND 1553584398 INTRODUCE 36 16050
SEND 1553584398 INTRODUCE 36 10281
SEND 1553584398 INTRODUCE 35 10941
SEND 1553584398 INTRODUCE 36 10640
SEND 1553584398 INTRODUCE 36 11470
SEND 1553584398 INTRODUCE 36 10843
SEND 1553584398 INTRODUCE 36 11301
# recieved string JOIN node16 172.22.94.217 8016

SEND 1553584398 INTRODUCE 37 12191
SEND 1553584398 INTRODUCE 36 9409
SEND 1553584398 INTRODUCE 36 11696
SEND 1553584398 INTRODUCE 37 10451
SEND 1553584398 INTRODUCE 35 11216
SEND 1553584398 INTRODUCE 37 10220
SEND 1553584398 INTRODUCE 36 10680
SEND 1553584398 INTRODUCE 35 10779
SEND 1553584398 INTRODUCE 35 13546
SEND 1553584398 INTRODUCE 35 11357
SEND 1553584398 INTRODUCE 36 10772
SEND 1553584398 INTRODUCE 36 10759
SEND 1553584398 INTRODUCE 36 10720
SEND 1553584398 INTRODUCE 37 9937
SEND 1553584398 INTRODUCE 37 10407
SEND 1553584398 INTRODUCE 36 10284
SEND 1553584398 INTRODUCE 37 10573
SEND 1553584398 INTRODUCE 37 12016
SEND 1553584398 INTRODUCE 35 10318
SEND 1553584398 INTRODUCE 37 15109
SEND 1553584398 INTRODUCE 35 10953
SEND 1553584398 INTRODUCE 35 10970
SEND 1553584398 INTRODUCE 36 10282
SEND 1553584398 INTRODUCE 36 10890
SEND 1553584398 INTRODUCE 37 10789
SEND 1553584398 INTRODUCE 36 12060
SEND 1553584398 INTRODUCE 36 10974
SEND 1553584398 INTRODUCE 36 10540
SEND 1553584398 INTRODUCE 37 10306
SEND 1553584398 INTRODUCE 36 15226
SEND 1553584398 INTRODUCE 36 10607
SEND 1553584398 INTRODUCE 36 10635
SEND 1553584398 INTRODUCE 37 11210
RECIEVED 1553584398 JOIN 32 47 5
RECIEVED 1553584398 INTRODUCE 36 47 5
RECIEVED 1553584398 INTRODUCE 36 47 5
RECIEVED 1553584398 INTRODUCE 37 47 5
RECIEVED 1553584398 INTRODUCE 36 47 5
RECIEVED 1553584398 INTRODUCE 35 47 5
RECIEVED 1553584398 INTRODUCE 35 47 5
RECIEVED 1553584398 INTRODUCE 36 47 5
RECIEVED 1553584398 INTRODUCE 36 47 5
RECIEVED 1553584398 INTRODUCE 35 47 5
RECIEVED 1553584398 INTRODUCE 36 47 5
RECIEVED 1553584398 INTRODUCE 36 47 5
RECIEVED 1553584398 TRANSACTION 80 47 5
RECIEVED 1553584398 INTRODUCE 36 47 5
RECIEVED 1553584398 INTRODUCE 36 47 5
RECIEVED 1553584398 INTRODUCE 37 47 5
RECIEVED 1553584398 INTRODUCE 36 47 5
RECIEVED 1553584398 INTRODUCE 37 47 5
RECIEVED 1553584398 INTRODUCE 35 47 5
RECIEVED 1553584398 INTRODUCE 35 47 5
RECIEVED 1553584398 INTRODUCE 36 47 5
RECIEVED 1553584398 INTRODUCE 36 47 5
RECIEVED 1553584398 INTRODUCE 36 47 5
RECIEVED 1553584398 INTRODUCE 36 47 5
RECIEVED 1553584398 INTRODUCE 36 47 5
RECIEVED 1553584398 INTRODUCE 36 47 5
RECIEVED 1553584398 INTRODUCE 37 47 5
RECIEVED 1553584398 INTRODUCE 36 47 5
RECIEVED 1553584398 INTRODUCE 37 47 5
RECIEVED 1553584398 INTRODUCE 37 47 5
RECIEVED 1553584398 INTRODUCE 36 47 5
RECIEVED 1553584398 INTRODUCE 36 47 5
RECIEVED 1553584398 INTRODUCE 36 47 5
RECIEVED 1553584398 INTRODUCE 35 47 5
RECIEVED 1553584398 INTRODUCE 36 47 5
RECIEVED 1553584398 INTRODUCE 37 47 5
RECIEVED 1553584398 INTRODUCE 35 47 5
RECIEVED 1553584398 INTRODUCE 37 47 5
RECIEVED 1553584398 JOIN 31 47 5
SEND 1553584398 INTRODUCE 36 15226
SEND 1553584398 INTRODUCE 37 12129
SEND 1553584398 INTRODUCE 35 11292
SEND 1553584398 INTRODUCE 36 16341
SEND 1553584398 INTRODUCE 37 13405
SEND 1553584398 INTRODUCE 36 13148
SEND 1553584398 INTRODUCE 35 21816
SEND 1553584398 INTRODUCE 35 12800
SEND 1553584398 INTRODUCE 36 14326
SEND 1553584398 INTRODUCE 36 12464
SEND 1553584398 INTRODUCE 36 13480
SEND 1553584398 INTRODUCE 37 12445
SEND 1553584398 INTRODUCE 36 11480
SEND 1553584398 INTRODUCE 35 10939
SEND 1553584398 INTRODUCE 37 11877
SEND 1553584398 INTRODUCE 37 11533
SEND 1553584398 INTRODUCE 35 11801
SEND 1553584398 INTRODUCE 37 12314
SEND 1553584398 INTRODUCE 36 11929
SEND 1553584398 INTRODUCE 37 11380
SEND 1553584398 INTRODUCE 36 10478
SEND 1553584398 INTRODUCE 36 12439
SEND 1553584398 INTRODUCE 37 12005
# Failed listening 
%!(EXTRA string=node7)# ERROR: read tcp 172.22.94.217:48726->172.22.94.217:8007: read: connection reset by peer
SEND 1553584398 INTRODUCE 36 11371
SEND 1553584398 INTRODUCE 37 10057
# Failed listening 
%!(EXTRA string=node9)# ERROR: read tcp 172.22.94.217:36638->172.22.156.206:8009: read: connection reset by peer
SEND 1553584398 INTRODUCE 35 11734
SEND 1553584398 INTRODUCE 35 10968
# recieved string JOIN node17 172.22.94.217 8017

SEND 1553584398 INTRODUCE 37 10581
SEND 1553584398 INTRODUCE 36 11167
SEND 1553584398 INTRODUCE 36 11240
SEND 1553584398 INTRODUCE 37 11600
SEND 1553584398 INTRODUCE 36 11090
SEND 1553584398 INTRODUCE 36 10519
SEND 1553584398 INTRODUCE 36 10427
SEND 1553584398 INTRODUCE 36 11063
SEND 1553584398 INTRODUCE 35 10748
SEND 1553584399 INTRODUCE 36 11833
SEND 1553584399 INTRODUCE 36 11315
SEND 1553584399 INTRODUCE 36 11530
SEND 1553584399 INTRODUCE 36 10643
SEND 1553584399 INTRODUCE 37 10017
SEND 1553584399 INTRODUCE 36 11110
SEND 1553584399 INTRODUCE 37 12035
SEND 1553584399 INTRODUCE 36 10459
SEND 1553584399 INTRODUCE 35 17852
SEND 1553584399 INTRODUCE 36 21493
SEND 1553584399 INTRODUCE 36 10431
RECIEVED 1553584399 INTRODUCE 36 48 5
RECIEVED 1553584399 INTRODUCE 36 48 5
RECIEVED 1553584399 INTRODUCE 36 48 5
RECIEVED 1553584399 INTRODUCE 36 48 5
RECIEVED 1553584399 INTRODUCE 36 48 5
RECIEVED 1553584399 INTRODUCE 36 48 5
RECIEVED 1553584399 INTRODUCE 36 48 5
RECIEVED 1553584399 INTRODUCE 37 48 5
RECIEVED 1553584399 INTRODUCE 36 48 5
RECIEVED 1553584399 INTRODUCE 36 48 5
RECIEVED 1553584399 INTRODUCE 36 48 5
RECIEVED 1553584399 INTRODUCE 35 48 5
RECIEVED 1553584399 INTRODUCE 37 48 5
RECIEVED 1553584399 INTRODUCE 36 48 5
RECIEVED 1553584399 TRANSACTION 80 48 5
RECIEVED 1553584399 INTRODUCE 36 48 5
RECIEVED 1553584399 INTRODUCE 35 48 5
RECIEVED 1553584399 INTRODUCE 35 48 5
RECIEVED 1553584399 INTRODUCE 36 48 5
RECIEVED 1553584399 INTRODUCE 35 48 5
RECIEVED 1553584399 JOIN 31 48 5
SEND 1553584399 INTRODUCE 37 14110
SEND 1553584399 INTRODUCE 36 18666
SEND 1553584399 INTRODUCE 35 13520
SEND 1553584399 INTRODUCE 35 13140
SEND 1553584399 INTRODUCE 35 45591
SEND 1553584399 INTRODUCE 36 25610
SEND 1553584399 INTRODUCE 36 43362
SEND 1553584399 INTRODUCE 36 12909
SEND 1553584399 INTRODUCE 36 12552
SEND 1553584399 INTRODUCE 37 11281
SEND 1553584399 INTRODUCE 37 17910
# Failed listening 
%!(EXTRA string=node9)# ERROR: read tcp 172.22.94.217:35268->172.22.94.217:8009: read: connection reset by peer
SEND 1553584399 INTRODUCE 36 11047
SEND 1553584399 INTRODUCE 37 11757
SEND 1553584399 INTRODUCE 37 15926
SEND 1553584399 INTRODUCE 35 18483
SEND 1553584399 INTRODUCE 37 14330
SEND 1553584399 INTRODUCE 35 11261
SEND 1553584399 INTRODUCE 35 42020
SEND 1553584399 INTRODUCE 36 79047
SEND 1553584399 INTRODUCE 36 14289
SEND 1553584399 INTRODUCE 37 11423
SEND 1553584399 INTRODUCE 36 10416
SEND 1553584399 INTRODUCE 36 12403
SEND 1553584399 INTRODUCE 36 9184
# Failed listening 
%!(EXTRA string=node3)# ERROR: read tcp 172.22.94.217:53828->172.22.94.217:8003: read: connection reset by peer
SEND 1553584399 INTRODUCE 37 13132
SEND 1553584399 INTRODUCE 36 11663
SEND 1553584399 INTRODUCE 36 10766
SEND 1553584399 INTRODUCE 36 11035
SEND 1553584399 INTRODUCE 37 11927
SEND 1553584399 INTRODUCE 36 11006
SEND 1553584399 INTRODUCE 37 10044
SEND 1553584399 INTRODUCE 36 10838
SEND 1553584399 INTRODUCE 36 11956
SEND 1553584399 INTRODUCE 35 10714
SEND 1553584399 INTRODUCE 36 11070
SEND 1553584399 INTRODUCE 36 11416
SEND 1553584399 INTRODUCE 36 11039
SEND 1553584399 INTRODUCE 35 13046
SEND 1553584399 INTRODUCE 36 11581
SEND 1553584399 INTRODUCE 36 18211
SEND 1553584399 INTRODUCE 37 11554
SEND 1553584399 INTRODUCE 36 10304
SEND 1553584399 INTRODUCE 36 11184
SEND 1553584399 INTRODUCE 37 11207
SEND 1553584399 INTRODUCE 36 18036
SEND 1553584399 INTRODUCE 36 12336
SEND 1553584399 INTRODUCE 37 11317
SEND 1553584399 INTRODUCE 35 13844
RECIEVED 1553584399 INTRODUCE 36 49 5
RECIEVED 1553584399 INTRODUCE 36 49 5
RECIEVED 1553584399 INTRODUCE 37 49 5
RECIEVED 1553584399 INTRODUCE 36 49 5
SEND 1553584399 INTRODUCE 36 16058
SEND 1553584399 INTRODUCE 36 11742
SEND 1553584399 INTRODUCE 36 10370
SEND 1553584399 INTRODUCE 36 12922
SEND 1553584399 INTRODUCE 36 11739
SEND 1553584399 INTRODUCE 36 11877
SEND 1553584399 INTRODUCE 36 16416
SEND 1553584399 INTRODUCE 36 45500
SEND 1553584399 INTRODUCE 36 13801
# Failed sending to node node3
# ERROR: write tcp 172.22.94.217:53828->172.22.94.217:8003: write: broken pipe
SEND 1553584399 INTRODUCE 36 23859
SEND 1553584399 INTRODUCE 36 11375
# Failed sending to node node0
# ERROR: write tcp 172.22.94.217:41662->172.22.94.217:8000: write: broken pipe
# Failed sending to node node7
# ERROR: write tcp 172.22.94.217:48726->172.22.94.217:8007: write: broken pipe
SEND 1553584399 INTRODUCE 36 22245
SEND 1553584399 INTRODUCE 36 15065
SEND 1553584399 INTRODUCE 36 17390
SEND 1553584399 INTRODUCE 36 13122
SEND 1553584399 INTRODUCE 36 25672
SEND 1553584399 INTRODUCE 36 11121
SEND 1553584399 INTRODUCE 36 10778
SEND 1553584399 INTRODUCE 36 13447
SEND 1553584399 INTRODUCE 36 9585
SEND 1553584399 INTRODUCE 36 12358
SEND 1553584399 INTRODUCE 36 14371
SEND 1553584399 INTRODUCE 36 10507
SEND 1553584399 INTRODUCE 36 16331
# Failed sending to node node9
# ERROR: write tcp 172.22.94.217:35268->172.22.94.217:8009: write: broken pipe
SEND 1553584399 INTRODUCE 36 14891
SEND 1553584399 INTRODUCE 36 18507
SEND 1553584399 INTRODUCE 36 10306
SEND 1553584399 INTRODUCE 36 59940
SEND 1553584399 INTRODUCE 36 15956
# Failed listening 
%!(EXTRA string=node12)# ERROR: read tcp 172.22.94.217:43996->172.22.94.217:8012: read: connection reset by peer
SEND 1553584399 INTRODUCE 36 25603
SEND 1553584399 INTRODUCE 36 16380
SEND 1553584399 INTRODUCE 36 18201
SEND 1553584399 INTRODUCE 36 21902
SEND 1553584399 INTRODUCE 36 15552
SEND 1553584399 INTRODUCE 36 11172
SEND 1553584399 INTRODUCE 36 12031
SEND 1553584399 INTRODUCE 36 10707
SEND 1553584399 INTRODUCE 36 12056
# Failed sending to node node9
# ERROR: write tcp 172.22.94.217:36638->172.22.156.206:8009: write: broken pipe
SEND 1553584399 INTRODUCE 36 21701
SEND 1553584399 INTRODUCE 36 11671
SEND 1553584399 INTRODUCE 36 10996
SEND 1553584399 INTRODUCE 36 11727
SEND 1553584399 INTRODUCE 36 11480
SEND 1553584399 INTRODUCE 36 10297
SEND 1553584399 JOIN 30 15378
RECIEVED 1553584399 INTRODUCE 36 50 5
RECIEVED 1553584399 INTRODUCE 36 50 5
RECIEVED 1553584399 INTRODUCE 37 50 5
RECIEVED 1553584399 INTRODUCE 36 50 5
RECIEVED 1553584399 INTRODUCE 36 50 5
RECIEVED 1553584399 INTRODUCE 36 50 5
RECIEVED 1553584399 INTRODUCE 35 50 5
RECIEVED 1553584399 INTRODUCE 36 50 5
SEND 1553584399 INTRODUCE 36 14964
SEND 1553584399 INTRODUCE 36 11264
SEND 1553584399 INTRODUCE 36 11460
SEND 1553584399 INTRODUCE 36 15052
SEND 1553584399 INTRODUCE 36 12163
SEND 1553584399 INTRODUCE 36 10657
# recieved string JOIN node15 172.22.94.217 8015

SEND 1553584399 INTRODUCE 36 10989
SEND 1553584399 INTRODUCE 36 16554
SEND 1553584399 INTRODUCE 36 14289
# Failed sending to node node3
# ERROR: write tcp 172.22.94.217:53828->172.22.94.217:8003: write: broken pipe
# recieved string JOIN node18 172.22.156.206 8018

# Failed listening 
%!(EXTRA string=node7)# ERROR: read tcp 172.22.94.217:50728->172.22.156.206:8007: read: connection reset by peer
# recieved string JOIN node17 172.22.156.208 8017

# recieved string JOIN node15 172.22.156.208 8015

# recieved string JOIN node18 172.22.156.208 8018

# recieved string JOIN node16 172.22.156.208 8016

# recieved string JOIN node19 172.22.156.208 8019

# recieved string JOIN node18 172.22.94.217 8018

# Failed listening 
%!(EXTRA string=node17)# ERROR: EOF
# Failed listening 
%!(EXTRA string=node6)# ERROR: read tcp 172.22.94.217:49364->172.22.94.217:8006: read: connection reset by peer
# Failed listening 
%!(EXTRA string=node1)# ERROR: read tcp 172.22.94.217:34620->172.22.94.217:8001: read: connection reset by peer
# Failed listening 
%!(EXTRA string=node15)# ERROR: EOF
# Failed listening 
%!(EXTRA string=node0)# ERROR: EOF
# Failed listening 
%!(EXTRA string=node4)# ERROR: EOF
# Failed listening 
%!(EXTRA string=node5)# ERROR: EOF
# Failed listening 
%!(EXTRA string=node6)# ERROR: EOF
# Failed listening 
%!(EXTRA string=node13)# ERROR: EOF
# Failed listening 
%!(EXTRA string=node12)# ERROR: EOF
# Failed listening 
%!(EXTRA string=node16)# ERROR: read tcp 172.22.94.217:37288->172.22.156.206:8016: read: connection reset by peer
# Failed listening 
%!(EXTRA string=node1)# ERROR: EOF
# Failed listening 
%!(EXTRA string=node2)# ERROR: EOF
# Failed listening 
%!(EXTRA string=node14)# ERROR: EOF
# Failed listening 
%!(EXTRA string=node8)# ERROR: EOF
# Failed listening 
%!(EXTRA string=node10)# ERROR: EOF
# Failed listening 
%!(EXTRA string=node11)# ERROR: EOF
# Failed listening 
%!(EXTRA string=node3)# ERROR: EOF
