RECIEVED 1553584994 INTRODUCE 35 0 0
SEND 1553584994 JOIN 30 14957
RECIEVED 1553584994 INTRODUCE 36 1 0
SEND 1553584994 INTRODUCE 36 13735
SEND 1553584994 JOIN 30 36889
RECIEVED 1553584994 INTRODUCE 35 2 0
SEND 1553584994 INTRODUCE 35 15825
SEND 1553584994 INTRODUCE 35 29615
SEND 1553584994 JOIN 30 21559
RECIEVED 1553584994 INTRODUCE 35 3 0
SEND 1553584994 INTRODUCE 35 32391
SEND 1553584994 INTRODUCE 35 18740
SEND 1553584994 INTRODUCE 35 24848
SEND 1553584994 JOIN 30 14505
RECIEVED 1553584994 INTRODUCE 35 4 0
SEND 1553584994 INTRODUCE 35 14220
SEND 1553584994 INTRODUCE 35 28769
SEND 1553584994 INTRODUCE 35 11884
SEND 1553584994 INTRODUCE 35 15115
SEND 1553584994 JOIN 30 16960
RECIEVED 1553584994 INTRODUCE 35 5 0
RECIEVED 1553584994 INTRODUCE 36 5 0
SEND 1553584994 INTRODUCE 36 12474
SEND 1553584994 INTRODUCE 36 21268
SEND 1553584994 INTRODUCE 36 17858
SEND 1553584994 INTRODUCE 36 23656
SEND 1553584994 INTRODUCE 36 21560
SEND 1553584994 JOIN 30 23972
RECIEVED 1553584994 INTRODUCE 36 6 0
SEND 1553584994 INTRODUCE 36 14622
SEND 1553584994 INTRODUCE 36 16540
SEND 1553584994 INTRODUCE 36 17157
SEND 1553584994 INTRODUCE 36 16413
SEND 1553584994 INTRODUCE 36 31008
SEND 1553584994 INTRODUCE 36 14160
SEND 1553584994 JOIN 30 28971
RECIEVED 1553584994 INTRODUCE 35 7 0
SEND 1553584994 INTRODUCE 35 22932
SEND 1553584994 INTRODUCE 35 23341
SEND 1553584994 INTRODUCE 35 16592
SEND 1553584994 INTRODUCE 35 47810
SEND 1553584994 INTRODUCE 35 14333
SEND 1553584994 INTRODUCE 35 21760
SEND 1553584994 INTRODUCE 35 16380
SEND 1553584994 JOIN 30 37291
RECIEVED 1553584994 INTRODUCE 35 8 0
RECIEVED 1553584994 INTRODUCE 36 8 0
SEND 1553584994 INTRODUCE 36 15136
SEND 1553584994 INTRODUCE 36 22955
SEND 1553584994 INTRODUCE 36 16540
SEND 1553584994 INTRODUCE 36 13799
SEND 1553584994 INTRODUCE 36 15507
SEND 1553584994 INTRODUCE 36 29478
SEND 1553584994 INTRODUCE 36 17223
SEND 1553584994 INTRODUCE 36 14893
SEND 1553584994 JOIN 30 41850
RECIEVED 1553584994 INTRODUCE 36 9 0
SEND 1553584994 INTRODUCE 36 35661
SEND 1553584994 INTRODUCE 36 15999
SEND 1553584994 INTRODUCE 36 16100
SEND 1553584994 INTRODUCE 36 12960
SEND 1553584994 INTRODUCE 36 13499
SEND 1553584994 INTRODUCE 36 16330
SEND 1553584994 INTRODUCE 36 44668
SEND 1553584994 INTRODUCE 36 33083
SEND 1553584994 INTRODUCE 36 48260
SEND 1553584994 JOIN 30 44007
RECIEVED 1553584994 INTRODUCE 36 10 0
# recieved string JOIN node9 172.22.94.217 8009

SEND 1553584994 INTRODUCE 36 51347
SEND 1553584994 INTRODUCE 36 13284
SEND 1553584994 INTRODUCE 36 14591
SEND 1553584994 INTRODUCE 36 26040
SEND 1553584994 INTRODUCE 36 20814
SEND 1553584994 INTRODUCE 36 10552
SEND 1553584994 INTRODUCE 36 11109
SEND 1553584994 INTRODUCE 36 11292
SEND 1553584994 INTRODUCE 36 16386
SEND 1553584994 INTRODUCE 36 21158
SEND 1553584994 JOIN 30 29908
RECIEVED 1553584994 INTRODUCE 36 11 0
SEND 1553584994 INTRODUCE 36 19767
SEND 1553584994 INTRODUCE 36 14094
SEND 1553584994 INTRODUCE 36 20117
SEND 1553584994 INTRODUCE 36 19566
SEND 1553584994 INTRODUCE 36 12965
SEND 1553584994 INTRODUCE 36 11141
SEND 1553584994 INTRODUCE 36 19176
SEND 1553584994 INTRODUCE 36 20437
SEND 1553584994 INTRODUCE 36 34261
SEND 1553584994 INTRODUCE 36 14528
SEND 1553584994 INTRODUCE 36 12476
SEND 1553584994 JOIN 30 30927
RECIEVED 1553584994 INTRODUCE 35 12 0
SEND 1553584994 INTRODUCE 35 22276
SEND 1553584994 INTRODUCE 35 12005
SEND 1553584994 INTRODUCE 35 10220
SEND 1553584994 INTRODUCE 35 24168
SEND 1553584994 INTRODUCE 35 19883
SEND 1553584994 INTRODUCE 35 14892
# recieved string JOIN node11 172.22.156.208 8011

SEND 1553584994 INTRODUCE 35 16244
SEND 1553584994 INTRODUCE 35 27119
SEND 1553584994 INTRODUCE 35 12394
SEND 1553584994 INTRODUCE 35 10640
SEND 1553584994 INTRODUCE 35 13898
SEND 1553584994 INTRODUCE 35 27160
SEND 1553584994 JOIN 30 13752
RECIEVED 1553584994 INTRODUCE 36 13 0
SEND 1553584994 INTRODUCE 36 12581
SEND 1553584994 INTRODUCE 36 49980
SEND 1553584994 INTRODUCE 36 14162
# recieved string JOIN node10 172.22.94.217 8010

SEND 1553584994 INTRODUCE 36 21174
SEND 1553584994 INTRODUCE 36 22518
SEND 1553584994 INTRODUCE 36 19956
SEND 1553584994 INTRODUCE 36 12189
SEND 1553584994 INTRODUCE 36 32347
SEND 1553584994 INTRODUCE 36 13851
SEND 1553584994 INTRODUCE 36 13345
SEND 1553584994 INTRODUCE 36 39558
SEND 1553584994 INTRODUCE 36 28811
SEND 1553584994 INTRODUCE 36 11554
SEND 1553584994 JOIN 30 26757
RECIEVED 1553584994 INTRODUCE 36 14 0
RECIEVED 1553584994 INTRODUCE 36 14 0
SEND 1553584994 INTRODUCE 36 18022
SEND 1553584994 INTRODUCE 36 14112
SEND 1553584994 INTRODUCE 36 30640
SEND 1553584994 INTRODUCE 36 31347
SEND 1553584994 INTRODUCE 36 22324
SEND 1553584994 INTRODUCE 36 20399
SEND 1553584994 INTRODUCE 36 25565
SEND 1553584994 INTRODUCE 36 14088
SEND 1553584994 INTRODUCE 36 63809
SEND 1553584994 INTRODUCE 36 43180
SEND 1553584994 INTRODUCE 36 38656
SEND 1553584994 INTRODUCE 36 16875
SEND 1553584994 INTRODUCE 36 11980
SEND 1553584994 INTRODUCE 36 18938
SEND 1553584994 JOIN 30 24835
RECIEVED 1553584994 INTRODUCE 36 15 0
RECIEVED 1553584994 INTRODUCE 36 15 0
RECIEVED 1553584994 INTRODUCE 36 15 0
RECIEVED 1553584994 INTRODUCE 36 15 0
SEND 1553584994 INTRODUCE 36 14466
SEND 1553584994 INTRODUCE 36 18069
SEND 1553584994 INTRODUCE 36 14899
SEND 1553584994 INTRODUCE 36 19069
# recieved string JOIN node7 172.22.156.208 8007

SEND 1553584994 INTRODUCE 36 44723
SEND 1553584994 INTRODUCE 36 48018
SEND 1553584994 INTRODUCE 36 25470
SEND 1553584994 INTRODUCE 36 27448
SEND 1553584994 INTRODUCE 36 49937
SEND 1553584994 INTRODUCE 36 21759
SEND 1553584994 INTRODUCE 36 12061
SEND 1553584994 INTRODUCE 36 12412
SEND 1553584994 INTRODUCE 36 19272
SEND 1553584994 INTRODUCE 36 22927
SEND 1553584994 INTRODUCE 36 16069
SEND 1553584994 JOIN 30 28030
RECIEVED 1553584994 INTRODUCE 36 16 0
RECIEVED 1553584994 INTRODUCE 36 16 0
RECIEVED 1553584994 INTRODUCE 35 16 0
RECIEVED 1553584994 INTRODUCE 36 16 0
RECIEVED 1553584994 INTRODUCE 36 16 0
RECIEVED 1553584994 INTRODUCE 35 16 0
RECIEVED 1553584994 INTRODUCE 36 16 0
RECIEVED 1553584994 INTRODUCE 36 16 0
RECIEVED 1553584994 INTRODUCE 36 16 0
RECIEVED 1553584994 INTRODUCE 36 16 0
RECIEVED 1553584994 INTRODUCE 36 16 0
RECIEVED 1553584994 INTRODUCE 35 16 0
RECIEVED 1553584994 INTRODUCE 35 16 0
RECIEVED 1553584994 INTRODUCE 36 16 0
RECIEVED 1553584994 INTRODUCE 36 16 0
RECIEVED 1553584994 INTRODUCE 36 16 0
RECIEVED 1553584994 INTRODUCE 36 16 0
RECIEVED 1553584994 INTRODUCE 36 16 0
RECIEVED 1553584994 INTRODUCE 35 16 0
RECIEVED 1553584994 JOIN 30 16 0
SEND 1553584994 INTRODUCE 36 13516
SEND 1553584994 INTRODUCE 35 16240
SEND 1553584994 INTRODUCE 36 10990
SEND 1553584994 INTRODUCE 36 11626
SEND 1553584994 INTRODUCE 35 10083
SEND 1553584994 INTRODUCE 35 17167
SEND 1553584994 INTRODUCE 36 8885
SEND 1553584994 INTRODUCE 36 21563
# recieved string JOIN node3 172.22.156.208 8003

SEND 1553584994 INTRODUCE 36 10958
SEND 1553584994 INTRODUCE 36 9780
SEND 1553584994 INTRODUCE 35 11992
SEND 1553584994 INTRODUCE 35 14299
SEND 1553584994 INTRODUCE 35 12672
SEND 1553584994 INTRODUCE 36 12213
SEND 1553584994 INTRODUCE 36 17705
SEND 1553584994 INTRODUCE 36 21845
RECIEVED 1553584994 INTRODUCE 36 17 0
RECIEVED 1553584994 INTRODUCE 36 17 0
RECIEVED 1553584994 INTRODUCE 36 17 0
RECIEVED 1553584994 INTRODUCE 36 17 0
RECIEVED 1553584994 INTRODUCE 36 17 0
RECIEVED 1553584994 INTRODUCE 36 17 0
RECIEVED 1553584994 INTRODUCE 36 17 0
RECIEVED 1553584994 INTRODUCE 35 17 0
RECIEVED 1553584994 INTRODUCE 36 17 0
RECIEVED 1553584994 INTRODUCE 36 17 0
RECIEVED 1553584994 INTRODUCE 36 17 0
RECIEVED 1553584994 INTRODUCE 36 17 0
RECIEVED 1553584994 INTRODUCE 35 17 0
RECIEVED 1553584994 INTRODUCE 35 17 0
RECIEVED 1553584994 INTRODUCE 36 17 0
RECIEVED 1553584994 INTRODUCE 35 17 0
RECIEVED 1553584994 INTRODUCE 36 17 0
RECIEVED 1553584994 INTRODUCE 36 17 0
RECIEVED 1553584994 INTRODUCE 36 17 0
RECIEVED 1553584994 INTRODUCE 36 17 0
RECIEVED 1553584994 INTRODUCE 36 17 0
RECIEVED 1553584994 INTRODUCE 36 17 0
RECIEVED 1553584994 INTRODUCE 35 17 0
RECIEVED 1553584994 INTRODUCE 36 17 0
RECIEVED 1553584994 INTRODUCE 36 17 0
RECIEVED 1553584994 INTRODUCE 36 17 0
RECIEVED 1553584994 INTRODUCE 35 17 0
RECIEVED 1553584994 INTRODUCE 36 17 0
RECIEVED 1553584994 INTRODUCE 36 17 0
RECIEVED 1553584994 INTRODUCE 36 17 0
RECIEVED 1553584994 INTRODUCE 36 17 0
RECIEVED 1553584994 INTRODUCE 36 17 0
RECIEVED 1553584994 INTRODUCE 36 17 0
RECIEVED 1553584994 INTRODUCE 36 17 0
RECIEVED 1553584994 INTRODUCE 35 17 0
RECIEVED 1553584994 INTRODUCE 35 17 0
RECIEVED 1553584994 INTRODUCE 35 17 0
RECIEVED 1553584994 INTRODUCE 36 17 0
RECIEVED 1553584994 INTRODUCE 36 17 0
RECIEVED 1553584994 INTRODUCE 35 17 0
RECIEVED 1553584994 INTRODUCE 35 17 0
RECIEVED 1553584994 INTRODUCE 36 17 0
RECIEVED 1553584994 INTRODUCE 36 17 0
RECIEVED 1553584994 INTRODUCE 35 17 0
RECIEVED 1553584994 INTRODUCE 36 17 0
RECIEVED 1553584994 INTRODUCE 36 17 0
RECIEVED 1553584994 INTRODUCE 35 17 0
RECIEVED 1553584994 INTRODUCE 36 17 0
RECIEVED 1553584994 INTRODUCE 36 17 0
RECIEVED 1553584994 INTRODUCE 36 17 0
RECIEVED 1553584994 INTRODUCE 35 17 0
RECIEVED 1553584994 INTRODUCE 36 17 0
RECIEVED 1553584994 INTRODUCE 35 17 0
RECIEVED 1553584994 INTRODUCE 35 17 0
RECIEVED 1553584994 INTRODUCE 36 17 0
RECIEVED 1553584994 INTRODUCE 35 17 0
RECIEVED 1553584994 JOIN 32 17 0
SEND 1553584994 INTRODUCE 35 17318
SEND 1553584994 INTRODUCE 36 15144
SEND 1553584994 INTRODUCE 36 20313
SEND 1553584994 INTRODUCE 36 35984
SEND 1553584994 INTRODUCE 36 39936
SEND 1553584994 INTRODUCE 36 29505
SEND 1553584994 INTRODUCE 35 15148
SEND 1553584994 INTRODUCE 35 14150
SEND 1553584994 INTRODUCE 36 27322
SEND 1553584994 INTRODUCE 36 17473
SEND 1553584994 INTRODUCE 35 49958
SEND 1553584994 INTRODUCE 35 17012
SEND 1553584994 INTRODUCE 35 20178
SEND 1553584994 INTRODUCE 36 27696
SEND 1553584994 INTRODUCE 36 26731
SEND 1553584994 INTRODUCE 35 15094
SEND 1553584994 INTRODUCE 36 28306
RECIEVED 1553584994 INTRODUCE 35 18 0
RECIEVED 1553584994 INTRODUCE 35 18 0
RECIEVED 1553584994 INTRODUCE 36 18 0
RECIEVED 1553584994 INTRODUCE 35 18 0
RECIEVED 1553584994 INTRODUCE 36 18 0
RECIEVED 1553584994 INTRODUCE 35 18 0
RECIEVED 1553584994 INTRODUCE 35 18 0
RECIEVED 1553584994 INTRODUCE 35 18 0
RECIEVED 1553584994 INTRODUCE 35 18 0
RECIEVED 1553584994 INTRODUCE 36 18 0
RECIEVED 1553584994 INTRODUCE 35 18 0
RECIEVED 1553584994 JOIN 31 18 0
SEND 1553584994 INTRODUCE 37 14476
SEND 1553584994 INTRODUCE 36 31896
SEND 1553584994 INTRODUCE 36 18518
SEND 1553584994 INTRODUCE 35 34139
SEND 1553584994 INTRODUCE 35 10146
SEND 1553584994 INTRODUCE 35 33966
SEND 1553584994 INTRODUCE 36 10960
SEND 1553584994 INTRODUCE 36 11256
SEND 1553584994 INTRODUCE 36 11386
SEND 1553584994 INTRODUCE 36 10760
SEND 1553584994 INTRODUCE 36 10933
SEND 1553584994 INTRODUCE 35 11461
SEND 1553584994 INTRODUCE 35 10194
SEND 1553584994 INTRODUCE 35 12437
SEND 1553584994 INTRODUCE 36 20889
SEND 1553584994 INTRODUCE 36 11361
SEND 1553584994 INTRODUCE 36 10028
SEND 1553584994 INTRODUCE 35 10443
RECIEVED 1553584994 INTRODUCE 35 19 0
RECIEVED 1553584994 INTRODUCE 35 19 0
SEND 1553584994 INTRODUCE 35 26207
SEND 1553584994 INTRODUCE 35 23729
SEND 1553584994 INTRODUCE 35 23884
SEND 1553584994 INTRODUCE 35 18172
SEND 1553584994 INTRODUCE 35 31802
SEND 1553584994 INTRODUCE 35 11906
SEND 1553584994 INTRODUCE 35 13673
SEND 1553584994 INTRODUCE 35 35704
SEND 1553584994 INTRODUCE 35 29140
SEND 1553584994 INTRODUCE 35 27745
SEND 1553584994 INTRODUCE 35 93964
SEND 1553584994 INTRODUCE 35 16124
# recieved string JOIN node12 172.22.156.208 8012

SEND 1553584994 INTRODUCE 35 11135
SEND 1553584994 INTRODUCE 35 12185
SEND 1553584994 INTRODUCE 35 24596
SEND 1553584994 INTRODUCE 35 16561
SEND 1553584994 INTRODUCE 35 21419
SEND 1553584994 INTRODUCE 35 12163
SEND 1553584994 INTRODUCE 35 16101
SEND 1553584994 JOIN 30 15416
RECIEVED 1553584994 INTRODUCE 36 20 0
RECIEVED 1553584994 INTRODUCE 36 20 0
RECIEVED 1553584994 INTRODUCE 35 20 0
RECIEVED 1553584994 INTRODUCE 36 20 0
RECIEVED 1553584994 INTRODUCE 36 20 0
RECIEVED 1553584994 INTRODUCE 36 20 0
RECIEVED 1553584994 INTRODUCE 35 20 0
RECIEVED 1553584994 INTRODUCE 35 20 0
RECIEVED 1553584994 INTRODUCE 36 20 0
RECIEVED 1553584994 INTRODUCE 35 20 0
RECIEVED 1553584994 INTRODUCE 35 20 0
RECIEVED 1553584994 INTRODUCE 35 20 0
RECIEVED 1553584994 INTRODUCE 35 20 0
RECIEVED 1553584994 INTRODUCE 35 20 0
RECIEVED 1553584994 INTRODUCE 36 20 0
RECIEVED 1553584994 INTRODUCE 36 20 0
RECIEVED 1553584994 INTRODUCE 35 20 0
RECIEVED 1553584994 INTRODUCE 35 20 0
RECIEVED 1553584994 INTRODUCE 35 20 0
RECIEVED 1553584994 INTRODUCE 36 20 0
RECIEVED 1553584994 INTRODUCE 35 20 0
RECIEVED 1553584994 INTRODUCE 35 20 0
RECIEVED 1553584994 INTRODUCE 35 20 0
RECIEVED 1553584994 INTRODUCE 36 20 0
RECIEVED 1553584994 INTRODUCE 36 20 0
RECIEVED 1553584994 INTRODUCE 36 20 0
RECIEVED 1553584994 INTRODUCE 36 20 0
RECIEVED 1553584994 INTRODUCE 35 20 0
RECIEVED 1553584994 INTRODUCE 35 20 0
SEND 1553584994 INTRODUCE 35 20581
SEND 1553584994 INTRODUCE 35 47156
SEND 1553584994 INTRODUCE 35 18571
SEND 1553584994 INTRODUCE 35 18805
# recieved string JOIN node7 172.22.94.217 8007

SEND 1553584994 INTRODUCE 35 12417
SEND 1553584994 INTRODUCE 35 13713
SEND 1553584994 INTRODUCE 35 20156
SEND 1553584994 INTRODUCE 35 20464
SEND 1553584994 INTRODUCE 35 11793
SEND 1553584994 INTRODUCE 35 12101
SEND 1553584994 INTRODUCE 35 27196
# recieved string JOIN node11 172.22.94.217 8011

SEND 1553584994 INTRODUCE 35 20396
SEND 1553584994 INTRODUCE 35 29029
# recieved string JOIN node10 172.22.156.208 8010

SEND 1553584994 INTRODUCE 35 15210
SEND 1553584994 INTRODUCE 35 54225
SEND 1553584994 INTRODUCE 35 22369
SEND 1553584994 INTRODUCE 35 11815
SEND 1553584994 INTRODUCE 35 19599
SEND 1553584994 INTRODUCE 35 12338
SEND 1553584994 INTRODUCE 35 15604
SEND 1553584994 JOIN 30 14925
RECIEVED 1553584994 INTRODUCE 35 21 0
RECIEVED 1553584994 INTRODUCE 36 21 0
RECIEVED 1553584994 INTRODUCE 36 21 0
RECIEVED 1553584994 INTRODUCE 35 21 0
RECIEVED 1553584994 INTRODUCE 36 21 0
RECIEVED 1553584994 INTRODUCE 36 21 0
RECIEVED 1553584994 INTRODUCE 36 21 0
RECIEVED 1553584994 INTRODUCE 36 21 0
RECIEVED 1553584994 INTRODUCE 35 21 0
RECIEVED 1553584994 INTRODUCE 35 21 0
RECIEVED 1553584994 JOIN 31 21 0
RECIEVED 1553584994 INTRODUCE 35 21 0
RECIEVED 1553584994 INTRODUCE 35 21 0
RECIEVED 1553584994 INTRODUCE 35 21 0
RECIEVED 1553584994 INTRODUCE 36 21 0
RECIEVED 1553584994 INTRODUCE 36 21 0
RECIEVED 1553584994 INTRODUCE 36 21 0
RECIEVED 1553584994 INTRODUCE 35 21 0
RECIEVED 1553584994 INTRODUCE 35 21 0
RECIEVED 1553584994 INTRODUCE 36 21 0
RECIEVED 1553584994 INTRODUCE 35 21 0
RECIEVED 1553584994 INTRODUCE 35 21 0
RECIEVED 1553584994 INTRODUCE 36 21 0
RECIEVED 1553584994 INTRODUCE 35 21 0
RECIEVED 1553584994 INTRODUCE 36 21 0
RECIEVED 1553584994 INTRODUCE 35 21 0
RECIEVED 1553584994 INTRODUCE 35 21 0
RECIEVED 1553584994 JOIN 31 21 0
RECIEVED 1553584994 INTRODUCE 35 21 0
RECIEVED 1553584994 INTRODUCE 35 21 0
RECIEVED 1553584994 INTRODUCE 35 21 0
RECIEVED 1553584994 INTRODUCE 36 21 0
RECIEVED 1553584994 INTRODUCE 35 21 0
RECIEVED 1553584994 INTRODUCE 36 21 0
RECIEVED 1553584994 INTRODUCE 36 21 0
RECIEVED 1553584994 INTRODUCE 35 21 0
RECIEVED 1553584994 INTRODUCE 36 21 0
RECIEVED 1553584994 INTRODUCE 37 21 0
SEND 1553584994 INTRODUCE 37 19419
SEND 1553584994 INTRODUCE 37 17532
SEND 1553584994 INTRODUCE 37 25863
SEND 1553584994 INTRODUCE 37 20587
SEND 1553584994 INTRODUCE 37 25861
SEND 1553584994 INTRODUCE 37 12722
SEND 1553584994 INTRODUCE 37 16368
SEND 1553584994 INTRODUCE 37 12801
SEND 1553584994 INTRODUCE 37 42791
SEND 1553584994 INTRODUCE 37 16429
SEND 1553584994 INTRODUCE 37 20389
SEND 1553584994 INTRODUCE 37 13471
SEND 1553584994 INTRODUCE 37 12273
SEND 1553584994 INTRODUCE 37 13596
SEND 1553584994 INTRODUCE 37 58776
SEND 1553584994 INTRODUCE 37 38424
SEND 1553584994 INTRODUCE 37 15841
# recieved string JOIN node8 172.22.94.217 8008

SEND 1553584994 INTRODUCE 37 27848
SEND 1553584994 INTRODUCE 37 22251
SEND 1553584994 INTRODUCE 37 11498
SEND 1553584994 INTRODUCE 37 29133
SEND 1553584994 JOIN 30 26048
RECIEVED 1553584994 INTRODUCE 37 22 0
RECIEVED 1553584994 INTRODUCE 36 22 0
RECIEVED 1553584994 INTRODUCE 36 22 0
RECIEVED 1553584994 INTRODUCE 36 22 0
RECIEVED 1553584994 INTRODUCE 36 22 0
RECIEVED 1553584994 INTRODUCE 35 22 0
RECIEVED 1553584994 INTRODUCE 36 22 0
RECIEVED 1553584994 INTRODUCE 36 22 0
RECIEVED 1553584994 INTRODUCE 36 22 0
RECIEVED 1553584994 INTRODUCE 37 22 0
RECIEVED 1553584994 INTRODUCE 35 22 0
RECIEVED 1553584994 INTRODUCE 36 22 0
RECIEVED 1553584994 INTRODUCE 36 22 0
RECIEVED 1553584994 INTRODUCE 35 22 0
RECIEVED 1553584994 INTRODUCE 36 22 0
RECIEVED 1553584994 INTRODUCE 35 22 0
RECIEVED 1553584994 INTRODUCE 35 22 0
RECIEVED 1553584994 INTRODUCE 35 22 0
RECIEVED 1553584994 INTRODUCE 36 22 0
RECIEVED 1553584994 INTRODUCE 35 22 0
RECIEVED 1553584994 INTRODUCE 35 22 0
RECIEVED 1553584994 INTRODUCE 36 22 0
RECIEVED 1553584994 INTRODUCE 36 22 0
RECIEVED 1553584994 INTRODUCE 35 22 0
RECIEVED 1553584994 INTRODUCE 35 22 0
RECIEVED 1553584994 INTRODUCE 36 22 0
RECIEVED 1553584994 INTRODUCE 35 22 0
RECIEVED 1553584994 JOIN 32 22 0
SEND 1553584994 INTRODUCE 36 25719
SEND 1553584994 INTRODUCE 35 52162
SEND 1553584994 INTRODUCE 35 20848
SEND 1553584994 INTRODUCE 36 31402
SEND 1553584994 INTRODUCE 36 77433
SEND 1553584994 INTRODUCE 35 20819
SEND 1553584994 INTRODUCE 35 29364
SEND 1553584994 INTRODUCE 37 16216
SEND 1553584994 INTRODUCE 36 15926
SEND 1553584994 INTRODUCE 35 14346
SEND 1553584994 INTRODUCE 37 16256
SEND 1553584994 INTRODUCE 35 41225
SEND 1553584994 INTRODUCE 36 49419
SEND 1553584994 INTRODUCE 35 26384
SEND 1553584994 INTRODUCE 35 15252
SEND 1553584994 INTRODUCE 35 21108
SEND 1553584994 INTRODUCE 36 20023
SEND 1553584994 INTRODUCE 36 27945
SEND 1553584994 INTRODUCE 36 31166
SEND 1553584994 INTRODUCE 36 28854
SEND 1553584994 INTRODUCE 36 38387
SEND 1553584994 INTRODUCE 36 20679
RECIEVED 1553584994 INTRODUCE 37 23 0
RECIEVED 1553584994 INTRODUCE 35 23 0
RECIEVED 1553584994 INTRODUCE 36 23 0
RECIEVED 1553584994 INTRODUCE 36 23 0
RECIEVED 1553584994 INTRODUCE 36 23 0
RECIEVED 1553584994 INTRODUCE 36 23 0
RECIEVED 1553584994 INTRODUCE 36 23 0
RECIEVED 1553584994 JOIN 30 23 0
RECIEVED 1553584994 JOIN 31 23 0
SEND 1553584994 INTRODUCE 36 14416
SEND 1553584994 INTRODUCE 35 11824
SEND 1553584994 INTRODUCE 35 12414
SEND 1553584994 INTRODUCE 37 12387
SEND 1553584994 INTRODUCE 35 12759
SEND 1553584994 INTRODUCE 37 13532
SEND 1553584994 INTRODUCE 36 12369
SEND 1553584994 INTRODUCE 36 20976
SEND 1553584994 INTRODUCE 35 31420
SEND 1553584994 INTRODUCE 35 13772
SEND 1553584994 INTRODUCE 37 14389
SEND 1553584994 INTRODUCE 36 12959
SEND 1553584994 INTRODUCE 35 12352
SEND 1553584994 INTRODUCE 36 19888
SEND 1553584994 INTRODUCE 36 17625
SEND 1553584994 INTRODUCE 36 11246
SEND 1553584994 INTRODUCE 35 9150
SEND 1553584994 INTRODUCE 35 11376
SEND 1553584994 INTRODUCE 35 16258
SEND 1553584994 INTRODUCE 36 11629
SEND 1553584994 INTRODUCE 36 11216
SEND 1553584994 INTRODUCE 36 10063
SEND 1553584994 INTRODUCE 36 21253
RECIEVED 1553584994 INTRODUCE 36 24 0
RECIEVED 1553584994 JOIN 32 24 0
RECIEVED 1553584994 INTRODUCE 36 24 0
RECIEVED 1553584994 INTRODUCE 36 24 0
RECIEVED 1553584994 INTRODUCE 37 24 0
RECIEVED 1553584994 INTRODUCE 36 24 0
RECIEVED 1553584994 INTRODUCE 36 24 0
RECIEVED 1553584994 INTRODUCE 36 24 0
RECIEVED 1553584994 INTRODUCE 35 24 0
RECIEVED 1553584994 INTRODUCE 36 24 0
RECIEVED 1553584994 JOIN 30 24 0
RECIEVED 1553584994 INTRODUCE 36 24 0
RECIEVED 1553584994 INTRODUCE 37 24 0
SEND 1553584994 INTRODUCE 37 13490
SEND 1553584994 INTRODUCE 37 25018
SEND 1553584994 INTRODUCE 37 10881
SEND 1553584994 INTRODUCE 37 16467
SEND 1553584994 INTRODUCE 37 10956
SEND 1553584994 INTRODUCE 37 11994
SEND 1553584994 INTRODUCE 37 20829
SEND 1553584994 INTRODUCE 37 30343
# recieved string JOIN node13 172.22.94.217 8013

SEND 1553584994 INTRODUCE 37 20530
SEND 1553584994 INTRODUCE 37 37531
SEND 1553584994 INTRODUCE 37 30831
SEND 1553584994 INTRODUCE 37 27061
SEND 1553584994 INTRODUCE 37 36437
SEND 1553584994 INTRODUCE 37 19180
SEND 1553584994 INTRODUCE 37 15954
SEND 1553584994 INTRODUCE 37 48224
SEND 1553584994 INTRODUCE 37 20641
SEND 1553584994 INTRODUCE 37 28009
SEND 1553584994 INTRODUCE 37 28975
SEND 1553584994 INTRODUCE 37 11058
SEND 1553584994 INTRODUCE 37 20313
SEND 1553584994 INTRODUCE 37 19726
SEND 1553584994 INTRODUCE 37 15167
SEND 1553584994 INTRODUCE 37 15278
SEND 1553584994 JOIN 30 16415
RECIEVED 1553584994 INTRODUCE 36 25 0
RECIEVED 1553584994 INTRODUCE 36 25 0
RECIEVED 1553584994 INTRODUCE 37 25 0
RECIEVED 1553584994 INTRODUCE 37 25 0
RECIEVED 1553584994 INTRODUCE 35 25 0
RECIEVED 1553584994 INTRODUCE 35 25 0
RECIEVED 1553584994 INTRODUCE 37 25 0
RECIEVED 1553584994 INTRODUCE 36 25 0
RECIEVED 1553584994 INTRODUCE 37 25 0
RECIEVED 1553584994 INTRODUCE 37 25 0
RECIEVED 1553584994 INTRODUCE 36 25 0
RECIEVED 1553584994 INTRODUCE 36 25 0
RECIEVED 1553584994 INTRODUCE 35 25 0
RECIEVED 1553584994 INTRODUCE 37 25 0
RECIEVED 1553584994 INTRODUCE 36 25 0
RECIEVED 1553584994 INTRODUCE 35 25 0
RECIEVED 1553584994 INTRODUCE 37 25 0
RECIEVED 1553584994 INTRODUCE 35 25 0
RECIEVED 1553584994 INTRODUCE 37 25 0
RECIEVED 1553584994 INTRODUCE 35 25 0
RECIEVED 1553584994 INTRODUCE 37 25 0
RECIEVED 1553584994 INTRODUCE 36 25 0
RECIEVED 1553584994 INTRODUCE 37 25 0
RECIEVED 1553584994 INTRODUCE 36 25 0
RECIEVED 1553584994 INTRODUCE 36 25 0
RECIEVED 1553584994 JOIN 31 25 0
SEND 1553584994 INTRODUCE 36 13421
SEND 1553584994 INTRODUCE 36 13875
SEND 1553584994 INTRODUCE 36 14440
SEND 1553584994 INTRODUCE 35 13506
SEND 1553584994 INTRODUCE 35 18400
SEND 1553584994 INTRODUCE 35 12450
SEND 1553584994 INTRODUCE 36 11235
SEND 1553584994 INTRODUCE 36 13862
SEND 1553584994 INTRODUCE 36 12745
SEND 1553584994 INTRODUCE 36 12184
SEND 1553584994 INTRODUCE 35 12003
SEND 1553584994 INTRODUCE 35 10525
SEND 1553584994 INTRODUCE 37 14828
SEND 1553584994 INTRODUCE 36 11578
SEND 1553584994 INTRODUCE 35 9205
SEND 1553584994 INTRODUCE 37 9864
SEND 1553584994 INTRODUCE 36 11798
SEND 1553584994 INTRODUCE 36 11102
SEND 1553584994 INTRODUCE 35 11183
SEND 1553584994 INTRODUCE 35 9844
SEND 1553584994 INTRODUCE 37 9675
SEND 1553584994 INTRODUCE 35 11652
SEND 1553584994 INTRODUCE 36 9812
SEND 1553584994 INTRODUCE 36 34166
SEND 1553584994 INTRODUCE 37 10950
RECIEVED 1553584994 INTRODUCE 37 26 0
RECIEVED 1553584994 INTRODUCE 35 26 0
RECIEVED 1553584994 INTRODUCE 35 26 0
RECIEVED 1553584994 TRANSACTION 80 26 0
UPDATE 1553584994 TRANSACTION 889cc13d694a2dcb10ff22d5068c6217
SEND 1553584994 TRANSACTION 80 21985 889cc13d694a2dcb10ff22d5068c6217
SEND 1553584994 TRANSACTION 80 26379 889cc13d694a2dcb10ff22d5068c6217
SEND 1553584994 TRANSACTION 80 17270 889cc13d694a2dcb10ff22d5068c6217
# recieved string JOIN node12 172.22.94.217 8012

SEND 1553584994 TRANSACTION 80 13306 889cc13d694a2dcb10ff22d5068c6217
SEND 1553584994 TRANSACTION 80 14245 889cc13d694a2dcb10ff22d5068c6217
SEND 1553584994 TRANSACTION 80 12075 889cc13d694a2dcb10ff22d5068c6217
RECIEVED 1553584994 INTRODUCE 35 26 1
RECIEVED 1553584994 INTRODUCE 36 26 1
RECIEVED 1553584994 INTRODUCE 36 26 1
RECIEVED 1553584994 INTRODUCE 35 26 1
RECIEVED 1553584994 INTRODUCE 36 26 1
RECIEVED 1553584994 INTRODUCE 37 26 1
RECIEVED 1553584994 INTRODUCE 36 26 1
RECIEVED 1553584994 INTRODUCE 35 26 1
RECIEVED 1553584994 INTRODUCE 36 26 1
RECIEVED 1553584994 INTRODUCE 36 26 1
RECIEVED 1553584994 INTRODUCE 36 26 1
RECIEVED 1553584994 INTRODUCE 37 26 1
RECIEVED 1553584994 INTRODUCE 35 26 1
RECIEVED 1553584994 INTRODUCE 37 26 1
RECIEVED 1553584994 JOIN 31 26 1
SEND 1553584994 INTRODUCE 36 21905
SEND 1553584994 INTRODUCE 36 13080
SEND 1553584994 INTRODUCE 36 13295
SEND 1553584994 INTRODUCE 35 13630
SEND 1553584994 INTRODUCE 35 13532
SEND 1553584994 INTRODUCE 35 25257
SEND 1553584994 INTRODUCE 36 13493
SEND 1553584994 INTRODUCE 36 12188
SEND 1553584994 INTRODUCE 36 12318
SEND 1553584994 INTRODUCE 36 12102
SEND 1553584994 INTRODUCE 35 12966
SEND 1553584994 INTRODUCE 35 12958
SEND 1553584994 INTRODUCE 37 14545
SEND 1553584994 INTRODUCE 36 13459
SEND 1553584994 INTRODUCE 35 11989
SEND 1553584994 INTRODUCE 37 10244
SEND 1553584994 INTRODUCE 36 9788
SEND 1553584994 INTRODUCE 36 11050
SEND 1553584994 INTRODUCE 35 10692
SEND 1553584994 INTRODUCE 35 10706
SEND 1553584994 INTRODUCE 37 9773
SEND 1553584994 INTRODUCE 36 10660
SEND 1553584994 INTRODUCE 35 136104
SEND 1553584994 INTRODUCE 36 16463
SEND 1553584994 INTRODUCE 36 12056
SEND 1553584994 INTRODUCE 37 10461
RECIEVED 1553584994 INTRODUCE 35 27 1
RECIEVED 1553584994 INTRODUCE 35 27 1
RECIEVED 1553584994 INTRODUCE 36 27 1
RECIEVED 1553584994 INTRODUCE 37 27 1
RECIEVED 1553584994 INTRODUCE 36 27 1
RECIEVED 1553584994 INTRODUCE 35 27 1
RECIEVED 1553584994 INTRODUCE 36 27 1
RECIEVED 1553584994 INTRODUCE 35 27 1
RECIEVED 1553584994 INTRODUCE 37 27 1
RECIEVED 1553584994 INTRODUCE 36 27 1
RECIEVED 1553584994 INTRODUCE 37 27 1
RECIEVED 1553584994 INTRODUCE 35 27 1
RECIEVED 1553584994 INTRODUCE 36 27 1
RECIEVED 1553584994 INTRODUCE 36 27 1
RECIEVED 1553584994 INTRODUCE 37 27 1
RECIEVED 1553584994 INTRODUCE 35 27 1
RECIEVED 1553584994 INTRODUCE 36 27 1
RECIEVED 1553584994 INTRODUCE 37 27 1
RECIEVED 1553584994 INTRODUCE 36 27 1
RECIEVED 1553584994 INTRODUCE 36 27 1
RECIEVED 1553584994 INTRODUCE 37 27 1
RECIEVED 1553584994 INTRODUCE 37 27 1
RECIEVED 1553584994 INTRODUCE 35 27 1
RECIEVED 1553584994 INTRODUCE 36 27 1
RECIEVED 1553584994 INTRODUCE 36 27 1
RECIEVED 1553584994 INTRODUCE 36 27 1
RECIEVED 1553584994 INTRODUCE 37 27 1
RECIEVED 1553584994 INTRODUCE 37 27 1
RECIEVED 1553584994 INTRODUCE 35 27 1
RECIEVED 1553584994 INTRODUCE 37 27 1
RECIEVED 1553584994 INTRODUCE 35 27 1
RECIEVED 1553584994 INTRODUCE 36 27 1
RECIEVED 1553584994 INTRODUCE 35 27 1
RECIEVED 1553584994 INTRODUCE 36 27 1
RECIEVED 1553584994 INTRODUCE 35 27 1
RECIEVED 1553584994 INTRODUCE 36 27 1
RECIEVED 1553584994 INTRODUCE 36 27 1
RECIEVED 1553584994 INTRODUCE 36 27 1
RECIEVED 1553584994 INTRODUCE 37 27 1
RECIEVED 1553584994 INTRODUCE 36 27 1
RECIEVED 1553584994 INTRODUCE 36 27 1
# recieved string JOIN node1 172.22.156.206 8001

RECIEVED 1553584994 JOIN 31 27 1
SEND 1553584994 INTRODUCE 36 16795
SEND 1553584994 INTRODUCE 35 15776
SEND 1553584994 INTRODUCE 36 20053
SEND 1553584994 INTRODUCE 36 15602
SEND 1553584994 INTRODUCE 35 16745
SEND 1553584994 INTRODUCE 37 15666
SEND 1553584994 INTRODUCE 36 19711
SEND 1553584994 INTRODUCE 35 17184
SEND 1553584994 INTRODUCE 36 22285
SEND 1553584994 INTRODUCE 36 17773
SEND 1553584994 INTRODUCE 37 36484
SEND 1553584994 INTRODUCE 36 32271
SEND 1553584994 INTRODUCE 35 28253
SEND 1553584994 INTRODUCE 35 25757
SEND 1553584994 INTRODUCE 35 24226
SEND 1553584994 INTRODUCE 37 15891
SEND 1553584994 INTRODUCE 37 35436
SEND 1553584994 INTRODUCE 35 16564
# recieved string JOIN node3 172.22.156.206 8003

SEND 1553584994 INTRODUCE 36 26430
SEND 1553584994 INTRODUCE 36 16692
SEND 1553584994 INTRODUCE 36 22442
SEND 1553584994 INTRODUCE 36 16409
SEND 1553584994 INTRODUCE 36 28989
SEND 1553584994 INTRODUCE 36 23385
SEND 1553584994 INTRODUCE 35 27391
SEND 1553584994 INTRODUCE 35 26995
SEND 1553584994 INTRODUCE 36 17858
RECIEVED 1553584994 INTRODUCE 36 28 1
RECIEVED 1553584994 INTRODUCE 37 28 1
SEND 1553584994 INTRODUCE 37 11979
SEND 1553584994 INTRODUCE 37 16030
SEND 1553584994 INTRODUCE 37 13137
SEND 1553584994 INTRODUCE 37 32574
SEND 1553584994 INTRODUCE 37 21400
SEND 1553584995 INTRODUCE 37 40940
SEND 1553584995 INTRODUCE 37 45679
SEND 1553584995 INTRODUCE 37 42760
SEND 1553584995 INTRODUCE 37 14731
SEND 1553584995 INTRODUCE 37 16158
SEND 1553584995 INTRODUCE 37 15806
SEND 1553584995 INTRODUCE 37 18599
SEND 1553584995 INTRODUCE 37 15494
SEND 1553584995 INTRODUCE 37 10755
SEND 1553584995 INTRODUCE 37 15714
SEND 1553584995 INTRODUCE 37 57511
SEND 1553584995 INTRODUCE 37 11130
SEND 1553584995 INTRODUCE 37 43991
SEND 1553584995 INTRODUCE 37 15164
SEND 1553584995 INTRODUCE 37 21899
SEND 1553584995 INTRODUCE 37 56253
SEND 1553584995 INTRODUCE 37 21059
SEND 1553584995 INTRODUCE 37 69574
SEND 1553584995 INTRODUCE 37 15000
SEND 1553584995 INTRODUCE 37 16040
SEND 1553584995 INTRODUCE 37 16319
SEND 1553584995 INTRODUCE 37 16111
SEND 1553584995 INTRODUCE 37 13955
SEND 1553584995 JOIN 30 17408
RECIEVED 1553584995 INTRODUCE 35 29 1
RECIEVED 1553584995 INTRODUCE 36 29 1
RECIEVED 1553584995 INTRODUCE 36 29 1
RECIEVED 1553584995 INTRODUCE 36 29 1
RECIEVED 1553584995 INTRODUCE 36 29 1
RECIEVED 1553584995 INTRODUCE 36 29 1
RECIEVED 1553584995 JOIN 31 29 1
SEND 1553584995 INTRODUCE 36 41120
SEND 1553584995 INTRODUCE 36 15958
SEND 1553584995 INTRODUCE 35 30068
SEND 1553584995 INTRODUCE 35 15267
SEND 1553584995 INTRODUCE 36 16372
SEND 1553584995 INTRODUCE 36 46797
SEND 1553584995 INTRODUCE 36 45265
SEND 1553584995 INTRODUCE 36 15775
SEND 1553584995 INTRODUCE 37 70157
SEND 1553584995 INTRODUCE 36 14325
SEND 1553584995 INTRODUCE 36 38056
SEND 1553584995 INTRODUCE 36 14229
SEND 1553584995 INTRODUCE 35 26080
SEND 1553584995 INTRODUCE 36 45656
SEND 1553584995 INTRODUCE 35 14590
SEND 1553584995 INTRODUCE 37 19837
SEND 1553584995 INTRODUCE 35 19898
# recieved string JOIN node4 172.22.156.206 8004

SEND 1553584995 INTRODUCE 36 24328
SEND 1553584995 INTRODUCE 36 30520
SEND 1553584995 INTRODUCE 36 15074
SEND 1553584995 INTRODUCE 36 10153
SEND 1553584995 INTRODUCE 35 33865
SEND 1553584995 INTRODUCE 35 26148
SEND 1553584995 INTRODUCE 37 14781
SEND 1553584995 INTRODUCE 35 33339
SEND 1553584995 INTRODUCE 35 21421
SEND 1553584995 INTRODUCE 37 21984
SEND 1553584995 INTRODUCE 37 26262
SEND 1553584995 INTRODUCE 36 21350
RECIEVED 1553584995 INTRODUCE 36 30 1
RECIEVED 1553584995 INTRODUCE 37 30 1
RECIEVED 1553584995 INTRODUCE 37 30 1
RECIEVED 1553584995 INTRODUCE 35 30 1
RECIEVED 1553584995 INTRODUCE 35 30 1
RECIEVED 1553584995 INTRODUCE 36 30 1
RECIEVED 1553584995 INTRODUCE 37 30 1
RECIEVED 1553584995 INTRODUCE 35 30 1
RECIEVED 1553584995 INTRODUCE 36 30 1
RECIEVED 1553584995 INTRODUCE 37 30 1
# recieved string JOIN node6 172.22.156.206 8006

SEND 1553584995 INTRODUCE 37 13238
SEND 1553584995 INTRODUCE 37 13469
SEND 1553584995 INTRODUCE 37 15779
SEND 1553584995 INTRODUCE 37 14521
SEND 1553584995 INTRODUCE 37 20211
SEND 1553584995 INTRODUCE 37 12833
SEND 1553584995 INTRODUCE 37 27777
SEND 1553584995 INTRODUCE 37 12635
SEND 1553584995 INTRODUCE 37 14903
SEND 1553584995 INTRODUCE 37 51078
SEND 1553584995 INTRODUCE 37 12675
SEND 1553584995 INTRODUCE 37 20828
SEND 1553584995 INTRODUCE 37 15897
SEND 1553584995 INTRODUCE 37 14272
SEND 1553584995 INTRODUCE 37 15953
SEND 1553584995 INTRODUCE 37 20951
SEND 1553584995 INTRODUCE 37 11705
SEND 1553584995 INTRODUCE 37 12624
SEND 1553584995 INTRODUCE 37 15982
SEND 1553584995 INTRODUCE 37 16731
SEND 1553584995 INTRODUCE 37 14893
SEND 1553584995 INTRODUCE 37 36980
SEND 1553584995 INTRODUCE 37 20919
SEND 1553584995 INTRODUCE 37 25736
SEND 1553584995 INTRODUCE 37 14407
SEND 1553584995 INTRODUCE 37 47602
SEND 1553584995 INTRODUCE 37 19542
SEND 1553584995 INTRODUCE 37 13886
SEND 1553584995 INTRODUCE 37 36069
SEND 1553584995 INTRODUCE 37 15761
SEND 1553584995 JOIN 30 34994
RECIEVED 1553584995 INTRODUCE 37 31 1
RECIEVED 1553584995 TRANSACTION 81 31 1
UPDATE 1553584995 TRANSACTION ac3340af900ee440b14a98c1b026dc73
SEND 1553584995 TRANSACTION 81 38380 ac3340af900ee440b14a98c1b026dc73
SEND 1553584995 TRANSACTION 81 19812 ac3340af900ee440b14a98c1b026dc73
SEND 1553584995 TRANSACTION 81 14429 ac3340af900ee440b14a98c1b026dc73
SEND 1553584995 TRANSACTION 81 11018 ac3340af900ee440b14a98c1b026dc73
SEND 1553584995 TRANSACTION 81 29770 ac3340af900ee440b14a98c1b026dc73
SEND 1553584995 TRANSACTION 81 20308 ac3340af900ee440b14a98c1b026dc73
SEND 1553584995 TRANSACTION 81 45171 ac3340af900ee440b14a98c1b026dc73
SEND 1553584995 TRANSACTION 81 16297 ac3340af900ee440b14a98c1b026dc73
SEND 1553584995 TRANSACTION 81 39711 ac3340af900ee440b14a98c1b026dc73
SEND 1553584995 TRANSACTION 81 42408 ac3340af900ee440b14a98c1b026dc73
SEND 1553584995 TRANSACTION 81 13898 ac3340af900ee440b14a98c1b026dc73
SEND 1553584995 TRANSACTION 81 21815 ac3340af900ee440b14a98c1b026dc73
SEND 1553584995 TRANSACTION 81 28333 ac3340af900ee440b14a98c1b026dc73
SEND 1553584995 TRANSACTION 81 15539 ac3340af900ee440b14a98c1b026dc73
RECIEVED 1553584995 INTRODUCE 37 31 2
RECIEVED 1553584995 INTRODUCE 37 31 2
RECIEVED 1553584995 INTRODUCE 37 31 2
RECIEVED 1553584995 INTRODUCE 37 31 2
RECIEVED 1553584995 INTRODUCE 37 31 2
RECIEVED 1553584995 INTRODUCE 37 31 2
RECIEVED 1553584995 INTRODUCE 37 31 2
RECIEVED 1553584995 INTRODUCE 37 31 2
RECIEVED 1553584995 INTRODUCE 37 31 2
RECIEVED 1553584995 INTRODUCE 35 31 2
RECIEVED 1553584995 INTRODUCE 37 31 2
RECIEVED 1553584995 INTRODUCE 37 31 2
RECIEVED 1553584995 INTRODUCE 37 31 2
RECIEVED 1553584995 INTRODUCE 36 31 2
RECIEVED 1553584995 INTRODUCE 36 31 2
RECIEVED 1553584995 JOIN 31 31 2
SEND 1553584995 INTRODUCE 35 15449
SEND 1553584995 INTRODUCE 36 34758
SEND 1553584995 INTRODUCE 36 15692
SEND 1553584995 INTRODUCE 36 14960
SEND 1553584995 INTRODUCE 36 21352
SEND 1553584995 INTRODUCE 36 20120
SEND 1553584995 INTRODUCE 35 13494
SEND 1553584995 INTRODUCE 35 44566
SEND 1553584995 INTRODUCE 37 27423
SEND 1553584995 INTRODUCE 35 27225
SEND 1553584995 INTRODUCE 35 58160
SEND 1553584995 INTRODUCE 37 17607
SEND 1553584995 INTRODUCE 37 14970
SEND 1553584995 INTRODUCE 36 31677
SEND 1553584995 INTRODUCE 36 27483
SEND 1553584995 INTRODUCE 36 21088
SEND 1553584995 INTRODUCE 37 18426
SEND 1553584995 INTRODUCE 35 28061
SEND 1553584995 INTRODUCE 35 30624
SEND 1553584995 INTRODUCE 36 19940
SEND 1553584995 INTRODUCE 36 31115
SEND 1553584995 INTRODUCE 36 57524
SEND 1553584995 INTRODUCE 36 20624
SEND 1553584995 INTRODUCE 37 20042
SEND 1553584995 INTRODUCE 36 15633
SEND 1553584995 INTRODUCE 36 14854
SEND 1553584995 INTRODUCE 36 14299
SEND 1553584995 INTRODUCE 35 21295
SEND 1553584995 INTRODUCE 36 24480
SEND 1553584995 INTRODUCE 35 15624
SEND 1553584995 INTRODUCE 37 25803
RECIEVED 1553584995 INTRODUCE 37 32 2
RECIEVED 1553584995 INTRODUCE 37 32 2
RECIEVED 1553584995 INTRODUCE 36 32 2
RECIEVED 1553584995 INTRODUCE 36 32 2
RECIEVED 1553584995 INTRODUCE 36 32 2
RECIEVED 1553584995 INTRODUCE 37 32 2
RECIEVED 1553584995 INTRODUCE 37 32 2
RECIEVED 1553584995 INTRODUCE 37 32 2
RECIEVED 1553584995 INTRODUCE 36 32 2
RECIEVED 1553584995 INTRODUCE 37 32 2
RECIEVED 1553584995 INTRODUCE 37 32 2
RECIEVED 1553584995 INTRODUCE 37 32 2
RECIEVED 1553584995 INTRODUCE 37 32 2
RECIEVED 1553584995 INTRODUCE 36 32 2
RECIEVED 1553584995 INTRODUCE 37 32 2
RECIEVED 1553584995 INTRODUCE 35 32 2
RECIEVED 1553584995 INTRODUCE 37 32 2
RECIEVED 1553584995 INTRODUCE 36 32 2
RECIEVED 1553584995 JOIN 31 32 2
SEND 1553584995 INTRODUCE 35 16487
# recieved string JOIN node0 172.22.156.206 8000

SEND 1553584995 INTRODUCE 35 13692
SEND 1553584995 INTRODUCE 37 48859
SEND 1553584995 INTRODUCE 37 18661
SEND 1553584995 INTRODUCE 36 36297
SEND 1553584995 INTRODUCE 36 35165
# recieved string JOIN node7 172.22.156.206 8007

SEND 1553584995 INTRODUCE 36 27504
SEND 1553584995 INTRODUCE 37 14518
SEND 1553584995 INTRODUCE 35 26818
SEND 1553584995 INTRODUCE 35 15068
SEND 1553584995 INTRODUCE 36 43097
SEND 1553584995 INTRODUCE 36 18347
SEND 1553584995 INTRODUCE 36 54741
SEND 1553584995 INTRODUCE 36 21612
SEND 1553584995 INTRODUCE 37 23284
SEND 1553584995 INTRODUCE 36 15586
SEND 1553584995 INTRODUCE 36 20672
SEND 1553584995 INTRODUCE 36 16043
SEND 1553584995 INTRODUCE 35 20396
SEND 1553584995 INTRODUCE 36 36729
SEND 1553584995 INTRODUCE 35 42274
SEND 1553584995 INTRODUCE 37 15136
SEND 1553584995 INTRODUCE 35 14614
SEND 1553584995 INTRODUCE 36 30384
SEND 1553584995 INTRODUCE 36 15858
SEND 1553584995 INTRODUCE 36 25968
SEND 1553584995 INTRODUCE 36 28378
SEND 1553584995 INTRODUCE 36 21600
SEND 1553584995 INTRODUCE 36 30007
SEND 1553584995 INTRODUCE 35 17562
SEND 1553584995 INTRODUCE 35 21181
SEND 1553584995 INTRODUCE 37 26893
RECIEVED 1553584995 INTRODUCE 37 33 2
RECIEVED 1553584995 INTRODUCE 37 33 2
RECIEVED 1553584995 TRANSACTION 81 33 2
RECIEVED 1553584995 INTRODUCE 37 33 2
RECIEVED 1553584995 INTRODUCE 37 33 2
RECIEVED 1553584995 INTRODUCE 37 33 2
RECIEVED 1553584995 INTRODUCE 37 33 2
RECIEVED 1553584995 INTRODUCE 36 33 2
RECIEVED 1553584995 INTRODUCE 37 33 2
RECIEVED 1553584995 INTRODUCE 37 33 2
RECIEVED 1553584995 INTRODUCE 35 33 2
RECIEVED 1553584995 INTRODUCE 36 33 2
RECIEVED 1553584995 INTRODUCE 37 33 2
RECIEVED 1553584995 INTRODUCE 37 33 2
RECIEVED 1553584995 INTRODUCE 37 33 2
RECIEVED 1553584995 INTRODUCE 36 33 2
RECIEVED 1553584995 INTRODUCE 36 33 2
RECIEVED 1553584995 INTRODUCE 36 33 2
RECIEVED 1553584995 INTRODUCE 36 33 2
RECIEVED 1553584995 INTRODUCE 36 33 2
RECIEVED 1553584995 INTRODUCE 37 33 2
RECIEVED 1553584995 INTRODUCE 36 33 2
RECIEVED 1553584995 INTRODUCE 36 33 2
RECIEVED 1553584995 TRANSACTION 81 33 2
RECIEVED 1553584995 INTRODUCE 35 33 2
RECIEVED 1553584995 INTRODUCE 36 33 2
RECIEVED 1553584995 INTRODUCE 37 33 2
RECIEVED 1553584995 INTRODUCE 37 33 2
RECIEVED 1553584995 INTRODUCE 36 33 2
RECIEVED 1553584995 INTRODUCE 35 33 2
RECIEVED 1553584995 INTRODUCE 35 33 2
RECIEVED 1553584995 INTRODUCE 36 33 2
RECIEVED 1553584995 INTRODUCE 36 33 2
RECIEVED 1553584995 INTRODUCE 36 33 2
RECIEVED 1553584995 INTRODUCE 37 33 2
RECIEVED 1553584995 INTRODUCE 35 33 2
RECIEVED 1553584995 INTRODUCE 35 33 2
RECIEVED 1553584995 INTRODUCE 36 33 2
RECIEVED 1553584995 INTRODUCE 37 33 2
RECIEVED 1553584995 INTRODUCE 36 33 2
RECIEVED 1553584995 INTRODUCE 37 33 2
RECIEVED 1553584995 TRANSACTION 81 33 2
RECIEVED 1553584995 TRANSACTION 81 33 2
RECIEVED 1553584995 TRANSACTION 81 33 2
RECIEVED 1553584995 JOIN 31 33 2
SEND 1553584995 INTRODUCE 36 15026
SEND 1553584995 INTRODUCE 36 15058
SEND 1553584995 INTRODUCE 36 37643
SEND 1553584995 INTRODUCE 35 59156
SEND 1553584995 INTRODUCE 36 35608
SEND 1553584995 INTRODUCE 35 38920
SEND 1553584995 INTRODUCE 37 14912
SEND 1553584995 INTRODUCE 35 35063
SEND 1553584995 INTRODUCE 36 22793
SEND 1553584995 INTRODUCE 36 39684
SEND 1553584995 INTRODUCE 36 33356
SEND 1553584995 INTRODUCE 36 41336
SEND 1553584995 INTRODUCE 36 19860
SEND 1553584995 INTRODUCE 36 22102
SEND 1553584995 INTRODUCE 35 19615
SEND 1553584995 INTRODUCE 35 14605
SEND 1553584995 INTRODUCE 37 16898
SEND 1553584995 INTRODUCE 36 27511
SEND 1553584995 INTRODUCE 35 26254
SEND 1553584995 INTRODUCE 35 14706
SEND 1553584995 INTRODUCE 37 15763
SEND 1553584995 INTRODUCE 37 27276
SEND 1553584995 INTRODUCE 36 21263
SEND 1553584995 INTRODUCE 36 58040
SEND 1553584995 INTRODUCE 36 52371
SEND 1553584995 INTRODUCE 35 41376
SEND 1553584995 INTRODUCE 35 14202
SEND 1553584995 INTRODUCE 36 62014
SEND 1553584995 INTRODUCE 36 21851
SEND 1553584995 INTRODUCE 36 35984
SEND 1553584995 INTRODUCE 36 29535
SEND 1553584995 INTRODUCE 37 33091
SEND 1553584995 INTRODUCE 37 16136
RECIEVED 1553584995 INTRODUCE 36 34 2
RECIEVED 1553584995 INTRODUCE 36 34 2
RECIEVED 1553584995 JOIN 31 34 2
SEND 1553584995 INTRODUCE 36 22838
SEND 1553584995 INTRODUCE 36 23601
SEND 1553584995 INTRODUCE 37 21381
SEND 1553584995 INTRODUCE 37 22305
SEND 1553584995 INTRODUCE 35 50587
SEND 1553584995 INTRODUCE 35 56918
# recieved string JOIN node9 172.22.156.206 8009

SEND 1553584995 INTRODUCE 36 16650
SEND 1553584995 INTRODUCE 36 14640
SEND 1553584995 INTRODUCE 36 24826
SEND 1553584995 INTRODUCE 36 39903
SEND 1553584995 INTRODUCE 36 18725
SEND 1553584995 INTRODUCE 36 15407
SEND 1553584995 INTRODUCE 35 34184
SEND 1553584995 INTRODUCE 35 25379
SEND 1553584995 INTRODUCE 37 14394
SEND 1553584995 INTRODUCE 36 35960
# recieved string JOIN node8 172.22.156.206 8008

SEND 1553584995 INTRODUCE 36 67009
SEND 1553584995 INTRODUCE 36 35399
SEND 1553584995 INTRODUCE 35 18615
SEND 1553584995 INTRODUCE 36 38658
SEND 1553584995 INTRODUCE 36 16100
SEND 1553584995 INTRODUCE 36 58127
SEND 1553584995 INTRODUCE 36 20896
SEND 1553584995 INTRODUCE 36 21800
SEND 1553584995 INTRODUCE 35 16245
SEND 1553584995 INTRODUCE 35 15669
SEND 1553584995 INTRODUCE 37 31099
SEND 1553584995 INTRODUCE 36 14877
SEND 1553584995 INTRODUCE 35 16646
SEND 1553584995 INTRODUCE 35 75782
SEND 1553584995 INTRODUCE 37 73386
SEND 1553584995 INTRODUCE 37 30243
SEND 1553584995 INTRODUCE 36 41565
SEND 1553584995 INTRODUCE 36 17716
# recieved string JOIN node14 172.22.94.217 8014

RECIEVED 1553584995 INTRODUCE 37 35 2
RECIEVED 1553584995 INTRODUCE 36 35 2
RECIEVED 1553584995 INTRODUCE 37 35 2
RECIEVED 1553584995 INTRODUCE 37 35 2
RECIEVED 1553584995 INTRODUCE 35 35 2
RECIEVED 1553584995 TRANSACTION 81 35 2
RECIEVED 1553584995 INTRODUCE 36 35 2
RECIEVED 1553584995 INTRODUCE 36 35 2
RECIEVED 1553584995 INTRODUCE 35 35 2
RECIEVED 1553584995 INTRODUCE 37 35 2
RECIEVED 1553584995 INTRODUCE 35 35 2
RECIEVED 1553584995 INTRODUCE 36 35 2
RECIEVED 1553584995 INTRODUCE 37 35 2
RECIEVED 1553584995 INTRODUCE 35 35 2
RECIEVED 1553584995 INTRODUCE 37 35 2
RECIEVED 1553584995 INTRODUCE 37 35 2
RECIEVED 1553584995 INTRODUCE 36 35 2
RECIEVED 1553584995 INTRODUCE 36 35 2
RECIEVED 1553584995 INTRODUCE 36 35 2
RECIEVED 1553584995 INTRODUCE 37 35 2
RECIEVED 1553584995 TRANSACTION 81 35 2
RECIEVED 1553584995 INTRODUCE 37 35 2
RECIEVED 1553584995 INTRODUCE 36 35 2
RECIEVED 1553584995 INTRODUCE 36 35 2
SEND 1553584995 INTRODUCE 36 19007
SEND 1553584995 INTRODUCE 36 22410
SEND 1553584995 INTRODUCE 36 16137
SEND 1553584995 INTRODUCE 36 17809
SEND 1553584995 INTRODUCE 36 21681
SEND 1553584995 INTRODUCE 36 15729
SEND 1553584995 INTRODUCE 36 21663
SEND 1553584995 INTRODUCE 36 19064
SEND 1553584995 INTRODUCE 36 14053
SEND 1553584995 INTRODUCE 36 47502
SEND 1553584995 INTRODUCE 36 37740
SEND 1553584995 INTRODUCE 36 10406
SEND 1553584995 INTRODUCE 36 20190
SEND 1553584995 INTRODUCE 36 83158
SEND 1553584995 INTRODUCE 36 45840
SEND 1553584995 INTRODUCE 36 15095
SEND 1553584995 INTRODUCE 36 16298
SEND 1553584995 INTRODUCE 36 13898
SEND 1553584995 INTRODUCE 36 75793
SEND 1553584995 INTRODUCE 36 45815
SEND 1553584995 INTRODUCE 36 12762
SEND 1553584995 INTRODUCE 36 22316
SEND 1553584995 INTRODUCE 36 32266
SEND 1553584995 INTRODUCE 36 37172
SEND 1553584995 INTRODUCE 36 18780
SEND 1553584995 INTRODUCE 36 52800
SEND 1553584995 INTRODUCE 36 12549
SEND 1553584995 INTRODUCE 36 27686
SEND 1553584995 INTRODUCE 36 21796
SEND 1553584995 INTRODUCE 36 28808
SEND 1553584995 INTRODUCE 36 53964
SEND 1553584995 INTRODUCE 36 16334
SEND 1553584995 INTRODUCE 36 51423
SEND 1553584995 INTRODUCE 36 13502
SEND 1553584995 INTRODUCE 36 68303
SEND 1553584995 JOIN 30 49627
RECIEVED 1553584995 INTRODUCE 35 36 2
RECIEVED 1553584995 INTRODUCE 36 36 2
RECIEVED 1553584995 INTRODUCE 36 36 2
RECIEVED 1553584995 INTRODUCE 36 36 2
RECIEVED 1553584995 INTRODUCE 36 36 2
RECIEVED 1553584995 INTRODUCE 36 36 2
RECIEVED 1553584995 INTRODUCE 36 36 2
RECIEVED 1553584995 INTRODUCE 35 36 2
RECIEVED 1553584995 INTRODUCE 36 36 2
RECIEVED 1553584995 INTRODUCE 36 36 2
RECIEVED 1553584995 INTRODUCE 36 36 2
RECIEVED 1553584995 INTRODUCE 36 36 2
RECIEVED 1553584995 INTRODUCE 36 36 2
RECIEVED 1553584995 INTRODUCE 36 36 2
RECIEVED 1553584995 INTRODUCE 36 36 2
RECIEVED 1553584995 INTRODUCE 36 36 2
RECIEVED 1553584995 INTRODUCE 36 36 2
RECIEVED 1553584995 INTRODUCE 37 36 2
RECIEVED 1553584995 INTRODUCE 35 36 2
RECIEVED 1553584995 INTRODUCE 35 36 2
RECIEVED 1553584995 INTRODUCE 36 36 2
RECIEVED 1553584995 JOIN 31 36 2
SEND 1553584995 INTRODUCE 36 18306
SEND 1553584995 INTRODUCE 35 21271
SEND 1553584995 INTRODUCE 35 49051
SEND 1553584995 INTRODUCE 37 27351
SEND 1553584995 INTRODUCE 36 15423
SEND 1553584995 INTRODUCE 36 34146
SEND 1553584995 INTRODUCE 35 26613
SEND 1553584995 INTRODUCE 35 18147
SEND 1553584995 INTRODUCE 37 21120
SEND 1553584995 INTRODUCE 37 46378
SEND 1553584995 INTRODUCE 36 19977
SEND 1553584995 INTRODUCE 36 15017
SEND 1553584995 INTRODUCE 36 18689
SEND 1553584995 INTRODUCE 36 45276
SEND 1553584995 INTRODUCE 35 14595
SEND 1553584995 INTRODUCE 35 39285
SEND 1553584995 INTRODUCE 36 26544
SEND 1553584995 INTRODUCE 36 14248
SEND 1553584995 INTRODUCE 36 46174
SEND 1553584995 INTRODUCE 36 15493
SEND 1553584995 INTRODUCE 37 14815
SEND 1553584995 INTRODUCE 37 14612
SEND 1553584995 INTRODUCE 36 13575
SEND 1553584995 INTRODUCE 36 45548
SEND 1553584995 INTRODUCE 36 19576
SEND 1553584995 INTRODUCE 35 55757
SEND 1553584995 INTRODUCE 36 14898
SEND 1553584995 INTRODUCE 35 27675
SEND 1553584995 INTRODUCE 37 14539
SEND 1553584995 INTRODUCE 36 14483
SEND 1553584995 INTRODUCE 35 41124
SEND 1553584995 INTRODUCE 36 15140
SEND 1553584995 INTRODUCE 36 26682
SEND 1553584995 INTRODUCE 36 14377
SEND 1553584995 INTRODUCE 36 19049
SEND 1553584995 INTRODUCE 36 25038
RECIEVED 1553584995 INTRODUCE 35 37 2
RECIEVED 1553584995 INTRODUCE 37 37 2
RECIEVED 1553584995 INTRODUCE 37 37 2
RECIEVED 1553584995 JOIN 31 37 2
RECIEVED 1553584995 INTRODUCE 36 37 2
RECIEVED 1553584995 INTRODUCE 36 37 2
RECIEVED 1553584995 INTRODUCE 36 37 2
RECIEVED 1553584995 INTRODUCE 36 37 2
RECIEVED 1553584995 INTRODUCE 35 37 2
RECIEVED 1553584995 INTRODUCE 36 37 2
RECIEVED 1553584995 INTRODUCE 36 37 2
RECIEVED 1553584995 INTRODUCE 36 37 2
RECIEVED 1553584995 TRANSACTION 80 37 2
UPDATE 1553584995 TRANSACTION a318cdb978964975d202e2290bc716a7
SEND 1553584995 TRANSACTION 80 16932 a318cdb978964975d202e2290bc716a7
SEND 1553584995 TRANSACTION 80 13887 a318cdb978964975d202e2290bc716a7
SEND 1553584995 TRANSACTION 80 16372 a318cdb978964975d202e2290bc716a7
SEND 1553584995 TRANSACTION 80 39067 a318cdb978964975d202e2290bc716a7
SEND 1553584995 TRANSACTION 80 19440 a318cdb978964975d202e2290bc716a7
SEND 1553584995 TRANSACTION 80 19323 a318cdb978964975d202e2290bc716a7
SEND 1553584995 TRANSACTION 80 14892 a318cdb978964975d202e2290bc716a7
SEND 1553584995 TRANSACTION 80 15026 a318cdb978964975d202e2290bc716a7
SEND 1553584995 TRANSACTION 80 23340 a318cdb978964975d202e2290bc716a7
SEND 1553584995 TRANSACTION 80 31680 a318cdb978964975d202e2290bc716a7
RECIEVED 1553584995 INTRODUCE 36 37 3
RECIEVED 1553584995 INTRODUCE 36 37 3
RECIEVED 1553584995 INTRODUCE 36 37 3
RECIEVED 1553584995 INTRODUCE 36 37 3
RECIEVED 1553584995 JOIN 31 37 3
SEND 1553584995 INTRODUCE 36 16269
SEND 1553584995 INTRODUCE 36 11892
SEND 1553584995 INTRODUCE 36 13381
SEND 1553584995 INTRODUCE 36 12884
SEND 1553584995 INTRODUCE 37 13271
SEND 1553584995 INTRODUCE 37 50906
SEND 1553584995 INTRODUCE 35 12947
SEND 1553584995 INTRODUCE 35 15299
SEND 1553584995 INTRODUCE 36 37244
SEND 1553584995 INTRODUCE 35 11569
SEND 1553584995 INTRODUCE 36 14169
SEND 1553584995 INTRODUCE 36 12461
SEND 1553584995 INTRODUCE 36 15198
# recieved string JOIN node2 172.22.156.206 8002

SEND 1553584995 INTRODUCE 36 13415
SEND 1553584995 INTRODUCE 35 26045
SEND 1553584995 INTRODUCE 37 13348
SEND 1553584995 INTRODUCE 36 32459
SEND 1553584995 INTRODUCE 36 12184
SEND 1553584995 INTRODUCE 36 11767
SEND 1553584995 INTRODUCE 36 10695
SEND 1553584995 INTRODUCE 35 11105
SEND 1553584995 INTRODUCE 36 12252
# recieved string JOIN node5 172.22.156.206 8005

SEND 1553584995 INTRODUCE 35 13315
SEND 1553584995 INTRODUCE 37 11932
SEND 1553584995 INTRODUCE 36 20120
SEND 1553584995 INTRODUCE 36 11979
SEND 1553584995 INTRODUCE 36 11098
SEND 1553584995 INTRODUCE 35 12260
SEND 1553584995 INTRODUCE 37 11067
SEND 1553584995 INTRODUCE 37 11399
SEND 1553584995 INTRODUCE 36 18099
SEND 1553584995 INTRODUCE 36 11907
SEND 1553584995 INTRODUCE 35 11228
SEND 1553584995 INTRODUCE 35 11208
SEND 1553584995 INTRODUCE 36 10988
SEND 1553584995 INTRODUCE 36 12536
SEND 1553584995 INTRODUCE 36 17995
RECIEVED 1553584995 INTRODUCE 37 38 3
SEND 1553584995 INTRODUCE 37 13109
SEND 1553584995 INTRODUCE 37 14470
SEND 1553584995 INTRODUCE 37 11732
SEND 1553584995 INTRODUCE 37 31487
SEND 1553584995 INTRODUCE 37 12076
SEND 1553584995 INTRODUCE 37 11436
SEND 1553584995 INTRODUCE 37 14714
SEND 1553584995 INTRODUCE 37 27700
SEND 1553584995 INTRODUCE 37 37146
SEND 1553584995 INTRODUCE 37 13928
SEND 1553584995 INTRODUCE 37 14885
SEND 1553584995 INTRODUCE 37 20635
SEND 1553584995 INTRODUCE 37 18553
SEND 1553584995 INTRODUCE 37 31045
SEND 1553584995 INTRODUCE 37 24594
SEND 1553584995 INTRODUCE 37 15689
SEND 1553584995 INTRODUCE 37 11290
SEND 1553584995 INTRODUCE 37 18406
SEND 1553584995 INTRODUCE 37 15952
SEND 1553584995 INTRODUCE 37 30082
SEND 1553584995 INTRODUCE 37 34094
SEND 1553584995 INTRODUCE 37 34917
SEND 1553584995 INTRODUCE 37 48060
SEND 1553584995 INTRODUCE 37 13408
SEND 1553584995 INTRODUCE 37 15924
SEND 1553584995 INTRODUCE 37 21672
SEND 1553584995 INTRODUCE 37 43504
SEND 1553584995 INTRODUCE 37 26483
SEND 1553584995 INTRODUCE 37 21663
SEND 1553584995 INTRODUCE 37 15014
SEND 1553584995 INTRODUCE 37 31800
SEND 1553584995 INTRODUCE 37 15321
SEND 1553584995 INTRODUCE 37 14616
SEND 1553584995 INTRODUCE 37 32029
SEND 1553584995 INTRODUCE 37 23418
SEND 1553584995 INTRODUCE 37 44419
SEND 1553584995 INTRODUCE 37 16242
SEND 1553584995 INTRODUCE 37 14522
SEND 1553584995 JOIN 30 18279
RECIEVED 1553584995 INTRODUCE 36 39 3
RECIEVED 1553584995 INTRODUCE 35 39 3
RECIEVED 1553584995 INTRODUCE 37 39 3
RECIEVED 1553584995 INTRODUCE 36 39 3
RECIEVED 1553584995 INTRODUCE 36 39 3
RECIEVED 1553584995 INTRODUCE 35 39 3
RECIEVED 1553584995 INTRODUCE 36 39 3
RECIEVED 1553584995 INTRODUCE 36 39 3
RECIEVED 1553584995 INTRODUCE 35 39 3
RECIEVED 1553584995 INTRODUCE 37 39 3
RECIEVED 1553584995 INTRODUCE 36 39 3
RECIEVED 1553584995 INTRODUCE 37 39 3
RECIEVED 1553584995 INTRODUCE 36 39 3
RECIEVED 1553584995 INTRODUCE 36 39 3
RECIEVED 1553584995 INTRODUCE 36 39 3
RECIEVED 1553584995 INTRODUCE 36 39 3
RECIEVED 1553584995 INTRODUCE 37 39 3
RECIEVED 1553584995 INTRODUCE 36 39 3
RECIEVED 1553584995 INTRODUCE 36 39 3
RECIEVED 1553584995 INTRODUCE 37 39 3
RECIEVED 1553584995 INTRODUCE 37 39 3
RECIEVED 1553584995 INTRODUCE 37 39 3
RECIEVED 1553584995 INTRODUCE 36 39 3
RECIEVED 1553584995 INTRODUCE 36 39 3
RECIEVED 1553584995 INTRODUCE 37 39 3
RECIEVED 1553584995 INTRODUCE 37 39 3
RECIEVED 1553584995 INTRODUCE 36 39 3
RECIEVED 1553584995 INTRODUCE 37 39 3
RECIEVED 1553584995 INTRODUCE 36 39 3
RECIEVED 1553584995 INTRODUCE 36 39 3
RECIEVED 1553584995 INTRODUCE 37 39 3
RECIEVED 1553584995 INTRODUCE 37 39 3
RECIEVED 1553584995 INTRODUCE 36 39 3
SEND 1553584995 INTRODUCE 36 14196
SEND 1553584995 INTRODUCE 36 17384
SEND 1553584995 INTRODUCE 36 38500
SEND 1553584995 INTRODUCE 36 19050
SEND 1553584995 INTRODUCE 36 15423
SEND 1553584995 INTRODUCE 36 19606
SEND 1553584995 INTRODUCE 36 13657
SEND 1553584995 INTRODUCE 36 42793
SEND 1553584995 INTRODUCE 36 39124
SEND 1553584995 INTRODUCE 36 11299
SEND 1553584995 INTRODUCE 36 14461
SEND 1553584995 INTRODUCE 36 15240
SEND 1553584995 INTRODUCE 36 16202
# recieved string JOIN node10 172.22.156.206 8010

SEND 1553584995 INTRODUCE 36 14607
SEND 1553584995 INTRODUCE 36 19466
SEND 1553584995 INTRODUCE 36 20553
SEND 1553584995 INTRODUCE 36 28370
SEND 1553584995 INTRODUCE 36 15212
SEND 1553584995 INTRODUCE 36 18583
SEND 1553584995 INTRODUCE 36 35578
SEND 1553584995 INTRODUCE 36 25470
SEND 1553584995 INTRODUCE 36 43112
SEND 1553584995 INTRODUCE 36 15009
SEND 1553584995 INTRODUCE 36 15268
SEND 1553584995 INTRODUCE 36 29277
SEND 1553584995 INTRODUCE 36 27827
SEND 1553584995 INTRODUCE 36 14980
SEND 1553584995 INTRODUCE 36 29570
SEND 1553584995 INTRODUCE 36 15097
SEND 1553584995 INTRODUCE 36 10488
SEND 1553584995 INTRODUCE 36 10665
SEND 1553584995 INTRODUCE 36 15909
SEND 1553584995 INTRODUCE 36 12520
SEND 1553584995 INTRODUCE 36 12056
SEND 1553584995 INTRODUCE 36 11027
SEND 1553584995 INTRODUCE 36 12383
SEND 1553584995 INTRODUCE 36 19683
SEND 1553584995 INTRODUCE 36 10756
SEND 1553584995 INTRODUCE 36 11881
SEND 1553584995 JOIN 30 19472
RECIEVED 1553584995 INTRODUCE 37 40 3
RECIEVED 1553584995 INTRODUCE 37 40 3
RECIEVED 1553584995 INTRODUCE 37 40 3
RECIEVED 1553584995 INTRODUCE 36 40 3
RECIEVED 1553584995 INTRODUCE 37 40 3
RECIEVED 1553584995 INTRODUCE 35 40 3
RECIEVED 1553584995 INTRODUCE 36 40 3
RECIEVED 1553584995 INTRODUCE 36 40 3
RECIEVED 1553584995 TRANSACTION 81 40 3
RECIEVED 1553584995 INTRODUCE 37 40 3
RECIEVED 1553584995 INTRODUCE 37 40 3
RECIEVED 1553584995 INTRODUCE 35 40 3
RECIEVED 1553584995 INTRODUCE 36 40 3
RECIEVED 1553584995 INTRODUCE 37 40 3
RECIEVED 1553584995 INTRODUCE 36 40 3
RECIEVED 1553584995 INTRODUCE 36 40 3
RECIEVED 1553584995 INTRODUCE 36 40 3
RECIEVED 1553584995 INTRODUCE 35 40 3
RECIEVED 1553584995 INTRODUCE 37 40 3
RECIEVED 1553584995 INTRODUCE 36 40 3
RECIEVED 1553584995 INTRODUCE 36 40 3
RECIEVED 1553584995 TRANSACTION 80 40 3
RECIEVED 1553584995 INTRODUCE 36 40 3
RECIEVED 1553584995 INTRODUCE 35 40 3
RECIEVED 1553584995 INTRODUCE 35 40 3
RECIEVED 1553584995 INTRODUCE 36 40 3
RECIEVED 1553584995 INTRODUCE 35 40 3
RECIEVED 1553584995 INTRODUCE 37 40 3
RECIEVED 1553584995 INTRODUCE 36 40 3
RECIEVED 1553584995 INTRODUCE 37 40 3
RECIEVED 1553584995 INTRODUCE 35 40 3
RECIEVED 1553584995 INTRODUCE 37 40 3
RECIEVED 1553584995 INTRODUCE 36 40 3
RECIEVED 1553584995 INTRODUCE 36 40 3
RECIEVED 1553584995 INTRODUCE 36 40 3
RECIEVED 1553584995 INTRODUCE 35 40 3
RECIEVED 1553584995 INTRODUCE 36 40 3
RECIEVED 1553584995 INTRODUCE 37 40 3
RECIEVED 1553584995 JOIN 31 40 3
RECIEVED 1553584995 INTRODUCE 35 40 3
RECIEVED 1553584995 INTRODUCE 36 40 3
RECIEVED 1553584995 INTRODUCE 36 40 3
RECIEVED 1553584995 INTRODUCE 36 40 3
RECIEVED 1553584995 JOIN 31 40 3
SEND 1553584995 INTRODUCE 36 12274
SEND 1553584995 INTRODUCE 36 9883
SEND 1553584995 INTRODUCE 36 10791
SEND 1553584995 INTRODUCE 35 11616
SEND 1553584995 INTRODUCE 36 9040
SEND 1553584995 INTRODUCE 35 13043
SEND 1553584995 INTRODUCE 37 16672
SEND 1553584995 INTRODUCE 36 18255
SEND 1553584995 INTRODUCE 36 16182
SEND 1553584995 INTRODUCE 35 63941
SEND 1553584995 INTRODUCE 36 60886
SEND 1553584995 INTRODUCE 36 9897
SEND 1553584995 INTRODUCE 36 14935
SEND 1553584995 INTRODUCE 36 10919
SEND 1553584995 INTRODUCE 36 10946
SEND 1553584995 INTRODUCE 36 13491
SEND 1553584995 INTRODUCE 36 13064
SEND 1553584995 INTRODUCE 35 17954
SEND 1553584995 INTRODUCE 35 11081
SEND 1553584995 INTRODUCE 37 22829
SEND 1553584995 INTRODUCE 36 508277
SEND 1553584995 INTRODUCE 36 73788
SEND 1553584995 INTRODUCE 35 11011
SEND 1553584995 INTRODUCE 35 9067
SEND 1553584995 INTRODUCE 37 7773
SEND 1553584995 INTRODUCE 37 15928
SEND 1553584995 INTRODUCE 36 9802
SEND 1553584995 INTRODUCE 36 10342
SEND 1553584995 INTRODUCE 36 45203
SEND 1553584995 INTRODUCE 36 10306
SEND 1553584995 INTRODUCE 36 13684
SEND 1553584995 INTRODUCE 37 10150
SEND 1553584995 INTRODUCE 35 55070
SEND 1553584995 INTRODUCE 35 37551
SEND 1553584995 INTRODUCE 36 34387
SEND 1553584995 INTRODUCE 36 15899
SEND 1553584995 INTRODUCE 36 10341
SEND 1553584995 INTRODUCE 36 13114
SEND 1553584995 INTRODUCE 37 69615
SEND 1553584995 INTRODUCE 37 13101
RECIEVED 1553584995 INTRODUCE 36 41 3
RECIEVED 1553584995 INTRODUCE 36 41 3
RECIEVED 1553584995 INTRODUCE 36 41 3
RECIEVED 1553584995 TRANSACTION 79 41 3
UPDATE 1553584995 TRANSACTION 488f7ddb81dfc547a7395d06c441f87f
SEND 1553584995 TRANSACTION 79 9068 488f7ddb81dfc547a7395d06c441f87f
SEND 1553584995 TRANSACTION 79 11275 488f7ddb81dfc547a7395d06c441f87f
SEND 1553584995 TRANSACTION 79 11244 488f7ddb81dfc547a7395d06c441f87f
SEND 1553584995 TRANSACTION 79 11808 488f7ddb81dfc547a7395d06c441f87f
SEND 1553584995 TRANSACTION 79 22487 488f7ddb81dfc547a7395d06c441f87f
SEND 1553584995 TRANSACTION 79 16996 488f7ddb81dfc547a7395d06c441f87f
SEND 1553584995 TRANSACTION 79 10892 488f7ddb81dfc547a7395d06c441f87f
SEND 1553584995 TRANSACTION 79 16201 488f7ddb81dfc547a7395d06c441f87f
SEND 1553584995 TRANSACTION 79 21734 488f7ddb81dfc547a7395d06c441f87f
SEND 1553584995 TRANSACTION 79 15167 488f7ddb81dfc547a7395d06c441f87f
SEND 1553584995 TRANSACTION 79 39048 488f7ddb81dfc547a7395d06c441f87f
SEND 1553584995 TRANSACTION 79 10796 488f7ddb81dfc547a7395d06c441f87f
SEND 1553584995 TRANSACTION 79 14608 488f7ddb81dfc547a7395d06c441f87f
SEND 1553584995 TRANSACTION 79 10512 488f7ddb81dfc547a7395d06c441f87f
SEND 1553584995 TRANSACTION 79 15275 488f7ddb81dfc547a7395d06c441f87f
SEND 1553584995 TRANSACTION 79 14816 488f7ddb81dfc547a7395d06c441f87f
RECIEVED 1553584995 INTRODUCE 37 41 4
RECIEVED 1553584995 INTRODUCE 36 41 4
RECIEVED 1553584995 INTRODUCE 36 41 4
RECIEVED 1553584995 INTRODUCE 37 41 4
RECIEVED 1553584995 INTRODUCE 36 41 4
RECIEVED 1553584995 INTRODUCE 35 41 4
RECIEVED 1553584995 TRANSACTION 80 41 4
RECIEVED 1553584995 INTRODUCE 36 41 4
RECIEVED 1553584995 INTRODUCE 36 41 4
RECIEVED 1553584995 INTRODUCE 36 41 4
RECIEVED 1553584995 INTRODUCE 37 41 4
RECIEVED 1553584995 INTRODUCE 37 41 4
RECIEVED 1553584995 INTRODUCE 35 41 4
RECIEVED 1553584995 INTRODUCE 37 41 4
RECIEVED 1553584995 INTRODUCE 36 41 4
RECIEVED 1553584995 INTRODUCE 37 41 4
RECIEVED 1553584995 INTRODUCE 36 41 4
RECIEVED 1553584995 INTRODUCE 36 41 4
RECIEVED 1553584995 INTRODUCE 37 41 4
RECIEVED 1553584995 INTRODUCE 36 41 4
RECIEVED 1553584995 INTRODUCE 35 41 4
RECIEVED 1553584995 INTRODUCE 36 41 4
RECIEVED 1553584995 INTRODUCE 36 41 4
RECIEVED 1553584995 INTRODUCE 37 41 4
RECIEVED 1553584995 INTRODUCE 37 41 4
RECIEVED 1553584995 INTRODUCE 36 41 4
RECIEVED 1553584995 INTRODUCE 36 41 4
RECIEVED 1553584995 INTRODUCE 36 41 4
RECIEVED 1553584995 INTRODUCE 35 41 4
RECIEVED 1553584995 JOIN 32 41 4
RECIEVED 1553584995 INTRODUCE 36 41 4
RECIEVED 1553584995 INTRODUCE 36 41 4
RECIEVED 1553584995 TRANSACTION 80 41 4
RECIEVED 1553584995 TRANSACTION 79 41 4
RECIEVED 1553584995 INTRODUCE 35 41 4
RECIEVED 1553584995 INTRODUCE 36 41 4
RECIEVED 1553584995 INTRODUCE 37 41 4
RECIEVED 1553584995 INTRODUCE 36 41 4
RECIEVED 1553584995 INTRODUCE 35 41 4
RECIEVED 1553584995 INTRODUCE 35 41 4
RECIEVED 1553584995 INTRODUCE 36 41 4
RECIEVED 1553584995 INTRODUCE 35 41 4
RECIEVED 1553584995 TRANSACTION 80 41 4
RECIEVED 1553584995 INTRODUCE 36 41 4
RECIEVED 1553584995 INTRODUCE 36 41 4
RECIEVED 1553584995 INTRODUCE 36 41 4
RECIEVED 1553584995 INTRODUCE 36 41 4
RECIEVED 1553584995 INTRODUCE 35 41 4
RECIEVED 1553584995 INTRODUCE 36 41 4
RECIEVED 1553584995 INTRODUCE 35 41 4
RECIEVED 1553584995 INTRODUCE 36 41 4
RECIEVED 1553584995 INTRODUCE 36 41 4
RECIEVED 1553584995 TRANSACTION 81 41 4
UPDATE 1553584995 TRANSACTION dba65a4a352a874d898423793b51c4f4
SEND 1553584995 TRANSACTION 81 16848 dba65a4a352a874d898423793b51c4f4
SEND 1553584995 TRANSACTION 81 15425 dba65a4a352a874d898423793b51c4f4
SEND 1553584995 TRANSACTION 81 10517 dba65a4a352a874d898423793b51c4f4
SEND 1553584995 TRANSACTION 81 18379 dba65a4a352a874d898423793b51c4f4
SEND 1553584995 TRANSACTION 81 17756 dba65a4a352a874d898423793b51c4f4
SEND 1553584995 TRANSACTION 81 11832 dba65a4a352a874d898423793b51c4f4
SEND 1553584995 TRANSACTION 81 61765 dba65a4a352a874d898423793b51c4f4
SEND 1553584995 TRANSACTION 81 23273 dba65a4a352a874d898423793b51c4f4
SEND 1553584995 TRANSACTION 81 16577 dba65a4a352a874d898423793b51c4f4
SEND 1553584995 TRANSACTION 81 18065 dba65a4a352a874d898423793b51c4f4
SEND 1553584995 TRANSACTION 81 12500 dba65a4a352a874d898423793b51c4f4
SEND 1553584995 TRANSACTION 81 80269 dba65a4a352a874d898423793b51c4f4
SEND 1553584995 TRANSACTION 81 11696 dba65a4a352a874d898423793b51c4f4
SEND 1553584996 TRANSACTION 81 12044 dba65a4a352a874d898423793b51c4f4
# recieved string JOIN node13 172.22.156.206 8013

# recieved string JOIN node16 172.22.156.208 8016

# recieved string JOIN node14 172.22.156.206 8014

# recieved string JOIN node15 172.22.94.217 8015

SEND 1553584996 TRANSACTION 81 18047 dba65a4a352a874d898423793b51c4f4
SEND 1553584996 TRANSACTION 81 14582 dba65a4a352a874d898423793b51c4f4
RECIEVED 1553584996 TRANSACTION 81 41 5
RECIEVED 1553584996 INTRODUCE 36 41 5
RECIEVED 1553584996 INTRODUCE 36 41 5
RECIEVED 1553584996 INTRODUCE 36 41 5
RECIEVED 1553584996 INTRODUCE 36 41 5
RECIEVED 1553584996 INTRODUCE 36 41 5
RECIEVED 1553584996 TRANSACTION 81 41 5
RECIEVED 1553584996 TRANSACTION 81 41 5
UPDATE 1553584996 TRANSACTION 1ba51fcf5e7be55d3c151e5d2c4837b1
SEND 1553584996 TRANSACTION 81 34335 1ba51fcf5e7be55d3c151e5d2c4837b1
SEND 1553584996 TRANSACTION 81 14527 1ba51fcf5e7be55d3c151e5d2c4837b1
SEND 1553584996 TRANSACTION 81 10278 1ba51fcf5e7be55d3c151e5d2c4837b1
SEND 1553584996 TRANSACTION 81 11475 1ba51fcf5e7be55d3c151e5d2c4837b1
SEND 1553584996 TRANSACTION 81 11042 1ba51fcf5e7be55d3c151e5d2c4837b1
SEND 1553584996 TRANSACTION 81 20399 1ba51fcf5e7be55d3c151e5d2c4837b1
SEND 1553584996 TRANSACTION 81 11032 1ba51fcf5e7be55d3c151e5d2c4837b1
SEND 1553584996 TRANSACTION 81 15315 1ba51fcf5e7be55d3c151e5d2c4837b1
SEND 1553584996 TRANSACTION 81 55244 1ba51fcf5e7be55d3c151e5d2c4837b1
SEND 1553584996 TRANSACTION 81 43204 1ba51fcf5e7be55d3c151e5d2c4837b1
SEND 1553584996 TRANSACTION 81 12267 1ba51fcf5e7be55d3c151e5d2c4837b1
SEND 1553584996 TRANSACTION 81 47298 1ba51fcf5e7be55d3c151e5d2c4837b1
SEND 1553584996 TRANSACTION 81 17977 1ba51fcf5e7be55d3c151e5d2c4837b1
SEND 1553584996 TRANSACTION 81 18262 1ba51fcf5e7be55d3c151e5d2c4837b1
SEND 1553584996 TRANSACTION 81 11065 1ba51fcf5e7be55d3c151e5d2c4837b1
SEND 1553584996 TRANSACTION 81 17450 1ba51fcf5e7be55d3c151e5d2c4837b1
RECIEVED 1553584996 INTRODUCE 36 41 6
RECIEVED 1553584996 INTRODUCE 36 41 6
RECIEVED 1553584996 INTRODUCE 36 41 6
RECIEVED 1553584996 INTRODUCE 36 41 6
RECIEVED 1553584996 INTRODUCE 36 41 6
RECIEVED 1553584996 TRANSACTION 80 41 6
RECIEVED 1553584996 INTRODUCE 35 41 6
RECIEVED 1553584996 INTRODUCE 37 41 6
RECIEVED 1553584996 TRANSACTION 80 41 6
RECIEVED 1553584996 INTRODUCE 36 41 6
RECIEVED 1553584996 TRANSACTION 81 41 6
RECIEVED 1553584996 INTRODUCE 36 41 6
RECIEVED 1553584996 INTRODUCE 36 41 6
RECIEVED 1553584996 INTRODUCE 36 41 6
RECIEVED 1553584996 JOIN 32 41 6
SEND 1553584996 INTRODUCE 36 12576
SEND 1553584996 INTRODUCE 36 11131
SEND 1553584996 INTRODUCE 36 15973
SEND 1553584996 INTRODUCE 36 10872
SEND 1553584996 INTRODUCE 37 10712
SEND 1553584996 INTRODUCE 37 11740
SEND 1553584996 INTRODUCE 35 13195
SEND 1553584996 INTRODUCE 35 51162
SEND 1553584996 INTRODUCE 36 10989
SEND 1553584996 INTRODUCE 36 11290
SEND 1553584996 INTRODUCE 36 11210
SEND 1553584996 INTRODUCE 37 10891
SEND 1553584996 INTRODUCE 36 15304
SEND 1553584996 INTRODUCE 36 11842
SEND 1553584996 INTRODUCE 36 14578
SEND 1553584996 INTRODUCE 35 10267
SEND 1553584996 INTRODUCE 36 9865
SEND 1553584996 INTRODUCE 35 15481
SEND 1553584996 INTRODUCE 37 10567
SEND 1553584996 INTRODUCE 36 15805
SEND 1553584996 INTRODUCE 36 15871
SEND 1553584996 INTRODUCE 36 11104
SEND 1553584996 INTRODUCE 36 10489
# Failed listening 
%!(EXTRA string=node7)# ERROR: read tcp 172.22.94.217:46068->172.22.156.208:8007: read: connection reset by peer
SEND 1553584996 INTRODUCE 35 11555
SEND 1553584996 INTRODUCE 36 12100
SEND 1553584996 INTRODUCE 36 11419
SEND 1553584996 INTRODUCE 36 16350
SEND 1553584996 INTRODUCE 36 10002
SEND 1553584996 INTRODUCE 36 17420
# Failed listening 
%!(EXTRA string=node10)# ERROR: read tcp 172.22.94.217:38438->172.22.156.208:8010: read: connection reset by peer
SEND 1553584996 INTRODUCE 36 46080
SEND 1553584996 INTRODUCE 35 10222
SEND 1553584996 INTRODUCE 35 11756
SEND 1553584996 INTRODUCE 37 13640
SEND 1553584996 INTRODUCE 36 11685
SEND 1553584996 INTRODUCE 36 11111
SEND 1553584996 INTRODUCE 36 15337
SEND 1553584996 INTRODUCE 35 11037
SEND 1553584996 INTRODUCE 35 11321
SEND 1553584996 INTRODUCE 37 12635
SEND 1553584996 INTRODUCE 37 59690
SEND 1553584996 INTRODUCE 36 10940
RECIEVED 1553584996 JOIN 32 42 6
SEND 1553584996 INTRODUCE 37 10642
SEND 1553584996 INTRODUCE 37 9464
SEND 1553584996 INTRODUCE 36 16019
SEND 1553584996 INTRODUCE 36 17845
SEND 1553584996 INTRODUCE 36 11487
SEND 1553584996 INTRODUCE 35 10876
SEND 1553584996 INTRODUCE 35 20024
SEND 1553584996 INTRODUCE 36 46419
# recieved string JOIN node8 172.22.94.217 8008

SEND 1553584996 INTRODUCE 36 12121
SEND 1553584996 INTRODUCE 36 14119
SEND 1553584996 INTRODUCE 36 10242
SEND 1553584996 INTRODUCE 36 12599
SEND 1553584996 INTRODUCE 36 9860
SEND 1553584996 INTRODUCE 36 12016
SEND 1553584996 INTRODUCE 37 170440
SEND 1553584996 INTRODUCE 37 10251
SEND 1553584996 INTRODUCE 35 10339
SEND 1553584996 INTRODUCE 35 9570
SEND 1553584996 INTRODUCE 37 10386
SEND 1553584996 INTRODUCE 36 15209
SEND 1553584996 INTRODUCE 35 44755
SEND 1553584996 INTRODUCE 36 15399
SEND 1553584996 INTRODUCE 36 15758
SEND 1553584996 INTRODUCE 36 17472
SEND 1553584996 INTRODUCE 36 55031
SEND 1553584996 INTRODUCE 36 52600
SEND 1553584996 INTRODUCE 35 10268
SEND 1553584996 INTRODUCE 37 14727
SEND 1553584996 INTRODUCE 36 15416
SEND 1553584996 INTRODUCE 36 12286
SEND 1553584996 INTRODUCE 36 14490
SEND 1553584996 INTRODUCE 36 11290
SEND 1553584996 INTRODUCE 36 11381
SEND 1553584996 INTRODUCE 37 49984
SEND 1553584996 INTRODUCE 35 10416
SEND 1553584996 INTRODUCE 36 11160
SEND 1553584996 INTRODUCE 35 24143
SEND 1553584996 INTRODUCE 37 10799
SEND 1553584996 INTRODUCE 36 13547
SEND 1553584996 INTRODUCE 36 16015
SEND 1553584996 INTRODUCE 36 10811
SEND 1553584996 INTRODUCE 35 15674
RECIEVED 1553584996 JOIN 32 43 6
SEND 1553584996 INTRODUCE 37 11140
SEND 1553584996 INTRODUCE 36 11935
SEND 1553584996 INTRODUCE 36 11442
SEND 1553584996 INTRODUCE 36 11132
SEND 1553584996 INTRODUCE 35 15956
SEND 1553584996 INTRODUCE 36 10649
SEND 1553584996 INTRODUCE 35 10628
SEND 1553584996 INTRODUCE 37 10622
SEND 1553584996 INTRODUCE 36 10878
SEND 1553584996 INTRODUCE 36 15897
SEND 1553584996 INTRODUCE 36 10993
SEND 1553584996 INTRODUCE 37 10905
SEND 1553584996 INTRODUCE 35 11358
SEND 1553584996 INTRODUCE 36 9790
SEND 1553584996 INTRODUCE 36 10613
SEND 1553584996 INTRODUCE 36 10779
SEND 1553584996 INTRODUCE 36 10311
SEND 1553584996 INTRODUCE 36 10120
SEND 1553584996 INTRODUCE 37 10676
SEND 1553584996 INTRODUCE 36 9766
# recieved string JOIN node12 172.22.156.206 8012

SEND 1553584996 INTRODUCE 35 9984
SEND 1553584996 INTRODUCE 35 10375
SEND 1553584996 INTRODUCE 37 11283
SEND 1553584996 INTRODUCE 36 25740
SEND 1553584996 INTRODUCE 36 17879
SEND 1553584996 INTRODUCE 36 10520
SEND 1553584996 INTRODUCE 35 30090
SEND 1553584996 INTRODUCE 35 10159
SEND 1553584996 INTRODUCE 37 10335
SEND 1553584996 INTRODUCE 37 10631
SEND 1553584996 INTRODUCE 36 37758
SEND 1553584996 INTRODUCE 36 14262
SEND 1553584996 INTRODUCE 36 11520
SEND 1553584996 INTRODUCE 36 10507
SEND 1553584996 INTRODUCE 36 12680
SEND 1553584996 INTRODUCE 37 12390
SEND 1553584996 INTRODUCE 37 12447
# Failed listening 
%!(EXTRA string=node3)# ERROR: read tcp 172.22.94.217:45482->172.22.156.208:8003: read: connection reset by peer
SEND 1553584996 INTRODUCE 35 19680
SEND 1553584996 INTRODUCE 35 135868
SEND 1553584996 INTRODUCE 36 15704
SEND 1553584996 INTRODUCE 36 16905
SEND 1553584996 INTRODUCE 36 11096
SEND 1553584996 INTRODUCE 36 24291
RECIEVED 1553584996 JOIN 31 44 6
SEND 1553584996 INTRODUCE 35 17171
SEND 1553584996 INTRODUCE 37 14360
SEND 1553584996 INTRODUCE 36 17059
SEND 1553584996 INTRODUCE 36 10429
SEND 1553584996 INTRODUCE 36 19727
SEND 1553584996 INTRODUCE 35 15264
SEND 1553584996 INTRODUCE 37 27271
SEND 1553584996 INTRODUCE 37 10836
SEND 1553584996 INTRODUCE 36 15889
SEND 1553584996 INTRODUCE 36 10792
SEND 1553584996 INTRODUCE 36 10804
SEND 1553584996 INTRODUCE 35 10318
SEND 1553584996 INTRODUCE 35 11979
SEND 1553584996 INTRODUCE 36 19871
SEND 1553584996 INTRODUCE 36 10321
SEND 1553584996 INTRODUCE 36 12294
SEND 1553584996 INTRODUCE 36 10709
SEND 1553584996 INTRODUCE 36 12055
SEND 1553584996 INTRODUCE 36 10910
SEND 1553584996 INTRODUCE 36 11839
SEND 1553584996 INTRODUCE 37 10591
SEND 1553584996 INTRODUCE 37 13380
SEND 1553584996 INTRODUCE 35 11316
SEND 1553584996 INTRODUCE 35 12128
SEND 1553584996 INTRODUCE 37 15414
SEND 1553584996 INTRODUCE 36 10643
SEND 1553584996 INTRODUCE 35 10776
SEND 1553584996 INTRODUCE 36 17066
SEND 1553584996 INTRODUCE 37 10378
SEND 1553584996 INTRODUCE 36 11884
SEND 1553584996 INTRODUCE 36 10376
SEND 1553584996 INTRODUCE 36 11155
SEND 1553584996 INTRODUCE 36 10152
SEND 1553584996 INTRODUCE 35 11129
SEND 1553584996 INTRODUCE 37 11454
SEND 1553584996 INTRODUCE 36 10750
SEND 1553584996 INTRODUCE 36 11805
SEND 1553584996 INTRODUCE 36 11701
SEND 1553584996 INTRODUCE 36 11291
SEND 1553584996 INTRODUCE 36 11736
SEND 1553584996 INTRODUCE 37 10766
SEND 1553584996 INTRODUCE 35 9761
SEND 1553584996 INTRODUCE 36 9807
SEND 1553584996 INTRODUCE 37 10596
RECIEVED 1553584996 INTRODUCE 36 45 6
RECIEVED 1553584996 INTRODUCE 36 45 6
RECIEVED 1553584996 INTRODUCE 36 45 6
RECIEVED 1553584996 INTRODUCE 36 45 6
RECIEVED 1553584996 INTRODUCE 36 45 6
RECIEVED 1553584996 TRANSACTION 81 45 6
RECIEVED 1553584996 INTRODUCE 36 45 6
RECIEVED 1553584996 INTRODUCE 36 45 6
RECIEVED 1553584996 INTRODUCE 36 45 6
RECIEVED 1553584996 INTRODUCE 36 45 6
RECIEVED 1553584996 INTRODUCE 36 45 6
RECIEVED 1553584996 INTRODUCE 37 45 6
RECIEVED 1553584996 INTRODUCE 36 45 6
RECIEVED 1553584996 TRANSACTION 81 45 6
RECIEVED 1553584996 INTRODUCE 36 45 6
RECIEVED 1553584996 TRANSACTION 81 45 6
RECIEVED 1553584996 TRANSACTION 81 45 6
RECIEVED 1553584996 INTRODUCE 36 45 6
RECIEVED 1553584996 INTRODUCE 37 45 6
SEND 1553584996 INTRODUCE 37 18646
SEND 1553584996 INTRODUCE 37 13867
SEND 1553584996 INTRODUCE 37 17840
SEND 1553584996 INTRODUCE 37 15403
SEND 1553584996 INTRODUCE 37 14686
SEND 1553584996 INTRODUCE 37 13056
# Failed sending to node node3
# ERROR: write tcp 172.22.94.217:45482->172.22.156.208:8003: write: broken pipe
# Failed sending to node node7
# ERROR: write tcp 172.22.94.217:46068->172.22.156.208:8007: write: broken pipe
SEND 1553584996 INTRODUCE 37 10767
SEND 1553584996 INTRODUCE 37 14651
SEND 1553584996 INTRODUCE 37 14407
SEND 1553584996 INTRODUCE 37 12669
SEND 1553584996 INTRODUCE 37 16926
SEND 1553584996 INTRODUCE 37 16686
SEND 1553584996 INTRODUCE 37 11413
SEND 1553584996 INTRODUCE 37 14649
SEND 1553584996 INTRODUCE 37 15601
SEND 1553584996 INTRODUCE 37 17415
SEND 1553584996 INTRODUCE 37 11035
SEND 1553584996 INTRODUCE 37 13489
SEND 1553584996 INTRODUCE 37 11771
SEND 1553584996 INTRODUCE 37 12032
SEND 1553584996 INTRODUCE 37 16740
SEND 1553584996 INTRODUCE 37 11961
SEND 1553584996 INTRODUCE 37 11579
SEND 1553584996 INTRODUCE 37 15148
SEND 1553584996 INTRODUCE 37 11221
SEND 1553584996 INTRODUCE 37 11769
SEND 1553584996 INTRODUCE 37 17592
SEND 1553584996 INTRODUCE 37 11528
SEND 1553584996 INTRODUCE 37 20720
SEND 1553584996 INTRODUCE 37 16351
SEND 1553584996 INTRODUCE 37 10757
SEND 1553584996 INTRODUCE 37 11220
SEND 1553584996 INTRODUCE 37 11607
SEND 1553584996 INTRODUCE 37 16056
SEND 1553584996 INTRODUCE 37 24919
SEND 1553584996 INTRODUCE 37 19133
SEND 1553584996 INTRODUCE 37 16968
# Failed sending to node node10
# ERROR: write tcp 172.22.94.217:38438->172.22.156.208:8010: write: broken pipe
SEND 1553584996 INTRODUCE 37 15542
SEND 1553584996 INTRODUCE 37 13513
SEND 1553584996 INTRODUCE 37 20236
SEND 1553584996 INTRODUCE 37 13436
SEND 1553584996 INTRODUCE 37 10860
SEND 1553584996 JOIN 30 11021
RECIEVED 1553584996 INTRODUCE 35 46 6
RECIEVED 1553584996 INTRODUCE 37 46 6
RECIEVED 1553584996 INTRODUCE 36 46 6
RECIEVED 1553584996 INTRODUCE 36 46 6
RECIEVED 1553584996 INTRODUCE 36 46 6
RECIEVED 1553584996 TRANSACTION 80 46 6
RECIEVED 1553584996 INTRODUCE 36 46 6
RECIEVED 1553584996 TRANSACTION 79 46 6
UPDATE 1553584996 TRANSACTION 965550deb6cc561e2a757179e13b788e
# Failed sending to node node10
# ERROR: write tcp 172.22.94.217:38438->172.22.156.208:8010: write: broken pipe
# Failed listening 
%!(EXTRA string=node8)# ERROR: read tcp 172.22.94.217:57190->172.22.94.217:8008: read: connection reset by peer
# recieved string JOIN node18 172.22.156.206 8018

# recieved string JOIN node18 172.22.156.208 8018

# recieved string JOIN node17 172.22.94.217 8017

# recieved string JOIN node19 172.22.156.206 8019

# Failed listening 
%!(EXTRA string=node7)# ERROR: read tcp 172.22.94.217:50052->172.22.94.217:8007: read: connection reset by peer
# recieved string JOIN node17 172.22.156.208 8017

# recieved string JOIN node16 172.22.94.217 8016

# recieved string JOIN node19 172.22.94.217 8019

# recieved string JOIN node16 172.22.156.206 8016

# recieved string JOIN node7 172.22.156.208 8007

# recieved string JOIN node18 172.22.94.217 8018

# recieved string JOIN node17 172.22.156.206 8017

# recieved string JOIN node15 172.22.156.206 8015

# Failed listening 
%!(EXTRA string=node9)# ERROR: EOF
# Failed listening 
%!(EXTRA string=node11)# ERROR: EOF
# Failed listening 
%!(EXTRA string=node5)# ERROR: EOF
# Failed listening 
%!(EXTRA string=node7)# ERROR: EOF
# Failed listening 
%!(EXTRA string=node8)# ERROR: read tcp 172.22.94.217:52606->172.22.156.206:8008: read: connection reset by peer
# Failed listening 
%!(EXTRA string=node4)# ERROR: EOF
# Failed listening 
%!(EXTRA string=node0)# ERROR: EOF
# Failed listening 
%!(EXTRA string=node1)# ERROR: EOF
# Failed listening 
%!(EXTRA string=node13)# ERROR: EOF
# Failed listening 
%!(EXTRA string=node14)# ERROR: EOF
# Failed listening 
%!(EXTRA string=node6)# ERROR: EOF
# Failed listening 
%!(EXTRA string=node3)# ERROR: EOF
# Failed listening 
%!(EXTRA string=node2)# ERROR: read tcp 172.22.94.217:48392->172.22.156.206:8002: read: connection reset by peer
# Failed listening 
%!(EXTRA string=node10)# ERROR: read tcp 172.22.94.217:56240->172.22.156.206:8010: read: connection reset by peer
