RECIEVED 1554057492 INTRODUCE 36 0 0
SEND 1554057492 JOIN 32 10915
RECIEVED 1554057492 INTRODUCE 36 1 0
SEND 1554057492 INTRODUCE 36 42105
SEND 1554057492 JOIN 32 11495
RECIEVED 1554057492 INTRODUCE 37 2 0
SEND 1554057492 INTRODUCE 37 9663
SEND 1554057492 INTRODUCE 37 10526
SEND 1554057492 JOIN 32 10594
RECIEVED 1554057492 INTRODUCE 36 3 0
SEND 1554057492 INTRODUCE 36 12043
SEND 1554057492 INTRODUCE 36 10488
SEND 1554057492 INTRODUCE 36 10899
SEND 1554057492 JOIN 32 15422
RECIEVED 1554057492 INTRODUCE 36 4 0
RECIEVED 1554057492 INTRODUCE 35 5 0
RECIEVED 1554057492 INTRODUCE 35 6 0
RECIEVED 1554057492 INTRODUCE 36 7 0
RECIEVED 1554057492 INTRODUCE 36 8 0
RECIEVED 1554057492 INTRODUCE 36 9 0
RECIEVED 1554057492 INTRODUCE 35 10 0
RECIEVED 1554057492 INTRODUCE 36 11 0
RECIEVED 1554057492 INTRODUCE 35 12 0
RECIEVED 1554057492 INTRODUCE 35 13 0
RECIEVED 1554057492 INTRODUCE 35 14 0
RECIEVED 1554057492 INTRODUCE 37 15 0
RECIEVED 1554057492 INTRODUCE 36 16 0
RECIEVED 1554057492 INTRODUCE 36 17 0
RECIEVED 1554057492 INTRODUCE 35 18 0
RECIEVED 1554057492 INTRODUCE 36 19 0
RECIEVED 1554057492 INTRODUCE 37 20 0
RECIEVED 1554057492 INTRODUCE 37 21 0
RECIEVED 1554057492 INTRODUCE 36 22 0
RECIEVED 1554057492 INTRODUCE 37 23 0
RECIEVED 1554057492 INTRODUCE 37 24 0
RECIEVED 1554057492 INTRODUCE 35 25 0
RECIEVED 1554057492 INTRODUCE 37 25 0
RECIEVED 1554057492 INTRODUCE 36 26 0
RECIEVED 1554057492 INTRODUCE 36 27 0
RECIEVED 1554057492 INTRODUCE 36 28 0
RECIEVED 1554057492 INTRODUCE 36 29 0
RECIEVED 1554057492 INTRODUCE 37 30 0
RECIEVED 1554057492 INTRODUCE 36 31 0
RECIEVED 1554057492 INTRODUCE 36 31 0
RECIEVED 1554057492 INTRODUCE 37 32 0
RECIEVED 1554057492 INTRODUCE 36 33 0
RECIEVED 1554057492 INTRODUCE 36 34 0
RECIEVED 1554057492 INTRODUCE 35 35 0
RECIEVED 1554057492 INTRODUCE 37 36 0
RECIEVED 1554057492 INTRODUCE 36 37 0
RECIEVED 1554057492 INTRODUCE 36 38 0
RECIEVED 1554057492 INTRODUCE 35 38 0
RECIEVED 1554057492 INTRODUCE 35 39 0
RECIEVED 1554057492 INTRODUCE 36 40 0
RECIEVED 1554057492 INTRODUCE 35 41 0
RECIEVED 1554057492 INTRODUCE 36 42 0
RECIEVED 1554057492 INTRODUCE 35 43 0
RECIEVED 1554057492 INTRODUCE 35 43 0
RECIEVED 1554057492 INTRODUCE 35 43 0
RECIEVED 1554057492 INTRODUCE 36 43 0
RECIEVED 1554057492 INTRODUCE 36 43 0
RECIEVED 1554057492 INTRODUCE 36 44 0
RECIEVED 1554057492 INTRODUCE 37 44 0
RECIEVED 1554057492 INTRODUCE 36 45 0
RECIEVED 1554057492 INTRODUCE 36 46 0
RECIEVED 1554057492 INTRODUCE 35 47 0
RECIEVED 1554057492 INTRODUCE 35 47 0
RECIEVED 1554057492 INTRODUCE 36 48 0
RECIEVED 1554057492 INTRODUCE 37 48 0
RECIEVED 1554057492 INTRODUCE 37 48 0
RECIEVED 1554057492 INTRODUCE 35 49 0
RECIEVED 1554057492 INTRODUCE 35 49 0
RECIEVED 1554057492 INTRODUCE 37 49 0
RECIEVED 1554057492 INTRODUCE 36 49 0
RECIEVED 1554057492 INTRODUCE 36 50 0
RECIEVED 1554057492 INTRODUCE 37 50 0
RECIEVED 1554057492 INTRODUCE 37 51 0
RECIEVED 1554057492 INTRODUCE 36 52 0
RECIEVED 1554057492 INTRODUCE 36 53 0
RECIEVED 1554057492 INTRODUCE 36 54 0
RECIEVED 1554057492 INTRODUCE 36 55 0
RECIEVED 1554057492 INTRODUCE 36 56 0
RECIEVED 1554057492 INTRODUCE 36 56 0
RECIEVED 1554057492 TRANSACTION 81 57 0
UPDATE 1554057492 TRANSACTION cd10499ad284ab74f9fa548dcceca7ba
SEND 1554057492 TRANSACTION 81 47240 cd10499ad284ab74f9fa548dcceca7ba
RECIEVED 1554057492 TRANSACTION 81 57 1
UPDATE 1554057492 TRANSACTION 348b999e9860c69a1cf462c16b5509a9
RECIEVED 1554057493 TRANSACTION 79 57 2
UPDATE 1554057493 TRANSACTION a9439250997f7d5f98c7e392f3f133e1
SEND 1554057493 TRANSACTION 79 38365 a9439250997f7d5f98c7e392f3f133e1
RECIEVED 1554057493 TRANSACTION 81 57 3
UPDATE 1554057493 TRANSACTION 3f47193837e646735e513bac0eb6c8bf
SEND 1554057493 TRANSACTION 81 24985 3f47193837e646735e513bac0eb6c8bf
RECIEVED 1554057493 TRANSACTION 81 57 4
UPDATE 1554057493 TRANSACTION 5f1669a4aab2a173d6123b547b4f867e
SEND 1554057493 TRANSACTION 81 8822 5f1669a4aab2a173d6123b547b4f867e
SEND 1554057493 TRANSACTION 81 15672 5f1669a4aab2a173d6123b547b4f867e
RECIEVED 1554057493 TRANSACTION 81 57 5
RECIEVED 1554057493 TRANSACTION 79 57 5
RECIEVED 1554057493 TRANSACTION 80 57 5
UPDATE 1554057493 TRANSACTION 48a7ccd9cfde9c46ece51e8953904cfd
SEND 1554057493 TRANSACTION 80 9990 48a7ccd9cfde9c46ece51e8953904cfd
SEND 1554057493 TRANSACTION 80 38324 48a7ccd9cfde9c46ece51e8953904cfd
RECIEVED 1554057493 TRANSACTION 81 57 6
UPDATE 1554057493 TRANSACTION 355917c98e7f646e65cc43dd84a139e7
SEND 1554057493 TRANSACTION 81 10616 355917c98e7f646e65cc43dd84a139e7
SEND 1554057493 TRANSACTION 81 14264 355917c98e7f646e65cc43dd84a139e7
RECIEVED 1554057493 TRANSACTION 81 57 7
UPDATE 1554057493 TRANSACTION 484cfebd3112103881ac94450b669428
RECIEVED 1554057493 TRANSACTION 81 57 8
UPDATE 1554057493 TRANSACTION 9174d5d7f639a2f410e05fc5ead8e113
SEND 1554057493 TRANSACTION 81 9454 9174d5d7f639a2f410e05fc5ead8e113
SEND 1554057493 TRANSACTION 81 20141 9174d5d7f639a2f410e05fc5ead8e113
RECIEVED 1554057493 TRANSACTION 81 57 9
UPDATE 1554057493 TRANSACTION 2a6efb9f6f4ce5f94f179ac357e90686
SEND 1554057493 TRANSACTION 81 12988 2a6efb9f6f4ce5f94f179ac357e90686
SEND 1554057493 TRANSACTION 81 10866 2a6efb9f6f4ce5f94f179ac357e90686
RECIEVED 1554057493 TRANSACTION 81 57 10
RECIEVED 1554057493 TRANSACTION 82 57 10
UPDATE 1554057493 TRANSACTION dc7dc02b2f22c30f4e97852157b7764d
SEND 1554057493 TRANSACTION 82 32241 dc7dc02b2f22c30f4e97852157b7764d
RECIEVED 1554057493 TRANSACTION 80 57 11
UPDATE 1554057493 TRANSACTION 197404c64604a7c73ca3a80740d30749
SEND 1554057493 TRANSACTION 80 9223 197404c64604a7c73ca3a80740d30749
RECIEVED 1554057493 TRANSACTION 81 57 12
RECIEVED 1554057493 TRANSACTION 80 57 12
UPDATE 1554057493 TRANSACTION 68b5f465071bd7c783d7c884febab9a7
SEND 1554057493 TRANSACTION 80 9840 68b5f465071bd7c783d7c884febab9a7
RECIEVED 1554057493 TRANSACTION 81 57 13
UPDATE 1554057493 TRANSACTION e2608e2201e5375f339a96590ff13a00
SEND 1554057493 TRANSACTION 81 21358 e2608e2201e5375f339a96590ff13a00
RECIEVED 1554057493 TRANSACTION 81 57 14
RECIEVED 1554057493 TRANSACTION 82 57 14
UPDATE 1554057493 TRANSACTION ca0996d518aca41b914661195625aa07
SEND 1554057493 TRANSACTION 82 51922 ca0996d518aca41b914661195625aa07
RECIEVED 1554057493 TRANSACTION 81 57 15
UPDATE 1554057493 TRANSACTION a593fd0fdf9cbc5299387ae88605584d
RECIEVED 1554057493 TRANSACTION 81 57 16
RECIEVED 1554057493 TRANSACTION 81 57 16
UPDATE 1554057493 TRANSACTION 1184b7a175981f792461c53a44c05027
RECIEVED 1554057493 TRANSACTION 81 57 17
UPDATE 1554057493 TRANSACTION 01fb6009f2bad0c2bec13f171105dac8
SEND 1554057493 TRANSACTION 81 10436 01fb6009f2bad0c2bec13f171105dac8
RECIEVED 1554057493 TRANSACTION 81 57 18
UPDATE 1554057493 TRANSACTION 37b88de08d32ed90eed631887d92f95d
SEND 1554057493 TRANSACTION 81 9154 37b88de08d32ed90eed631887d92f95d
SEND 1554057493 TRANSACTION 81 87138 37b88de08d32ed90eed631887d92f95d
RECIEVED 1554057493 TRANSACTION 80 57 19
UPDATE 1554057493 TRANSACTION 6a3a2bf34b9d1192696e06694cd2d39f
SEND 1554057493 TRANSACTION 80 10382 6a3a2bf34b9d1192696e06694cd2d39f
SEND 1554057493 TRANSACTION 80 22732 6a3a2bf34b9d1192696e06694cd2d39f
RECIEVED 1554057493 TRANSACTION 80 57 20
UPDATE 1554057493 TRANSACTION 2c2c5e9769d6f6a919b94fdd3bed0fe8
SEND 1554057493 TRANSACTION 80 15555 2c2c5e9769d6f6a919b94fdd3bed0fe8
RECIEVED 1554057493 TRANSACTION 80 57 21
RECIEVED 1554057493 TRANSACTION 80 57 21
RECIEVED 1554057493 TRANSACTION 80 57 21
RECIEVED 1554057493 TRANSACTION 82 57 21
UPDATE 1554057493 TRANSACTION 6f7c239a8fa7538b071cc752575dd6ac
SEND 1554057493 TRANSACTION 82 10282 6f7c239a8fa7538b071cc752575dd6ac
RECIEVED 1554057494 TRANSACTION 81 57 22
UPDATE 1554057494 TRANSACTION 1eb64d661671c74119e86662bf0ce99e
SEND 1554057494 TRANSACTION 81 10272 1eb64d661671c74119e86662bf0ce99e
RECIEVED 1554057494 TRANSACTION 80 57 23
UPDATE 1554057494 TRANSACTION f449da30c529a5ddde34fd26538c85ee
SEND 1554057494 TRANSACTION 80 15085 f449da30c529a5ddde34fd26538c85ee
RECIEVED 1554057494 TRANSACTION 80 57 24
UPDATE 1554057494 TRANSACTION fd6fe7c701b69c324dec718002434088
SEND 1554057494 TRANSACTION 80 31651 fd6fe7c701b69c324dec718002434088
RECIEVED 1554057494 TRANSACTION 82 57 25
RECIEVED 1554057494 TRANSACTION 80 57 25
UPDATE 1554057494 TRANSACTION 714ab66207c27c05fb6bbc59b20fbaf3
SEND 1554057494 TRANSACTION 80 13037 714ab66207c27c05fb6bbc59b20fbaf3
RECIEVED 1554057494 TRANSACTION 81 57 26
UPDATE 1554057494 TRANSACTION ab4475bb25cba1c4f9026ccf6c545624
RECIEVED 1554057494 TRANSACTION 81 57 27
UPDATE 1554057494 TRANSACTION b48d3839d71b7922b5e482a7607a926d
SEND 1554057494 TRANSACTION 81 10640 b48d3839d71b7922b5e482a7607a926d
RECIEVED 1554057494 TRANSACTION 82 57 28
UPDATE 1554057494 TRANSACTION 746c0e41ff1d757263004698832e8e8d
SEND 1554057494 TRANSACTION 82 13983 746c0e41ff1d757263004698832e8e8d
SEND 1554057494 TRANSACTION 82 10530 746c0e41ff1d757263004698832e8e8d
RECIEVED 1554057494 TRANSACTION 81 57 29
UPDATE 1554057494 TRANSACTION 0c318c148b5340d07b648df2fcb25fc6
SEND 1554057494 TRANSACTION 81 13383 0c318c148b5340d07b648df2fcb25fc6
RECIEVED 1554057494 TRANSACTION 80 57 30
UPDATE 1554057494 TRANSACTION 42b8af3456d77016beb3265a68546d9c
SEND 1554057494 TRANSACTION 80 10310 42b8af3456d77016beb3265a68546d9c
RECIEVED 1554057495 TRANSACTION 79 57 31
UPDATE 1554057495 TRANSACTION 50d5854c801090dff21716e79c443999
SEND 1554057495 TRANSACTION 79 13435 50d5854c801090dff21716e79c443999
SEND 1554057495 TRANSACTION 79 40189 50d5854c801090dff21716e79c443999
RECIEVED 1554057495 TRANSACTION 81 57 32
UPDATE 1554057495 TRANSACTION a6d1b4fef7838ed4133490c191eeef13
RECIEVED 1554057495 TRANSACTION 81 57 33
UPDATE 1554057495 TRANSACTION d92c3aeed4cc1a102e2b664920343a64
RECIEVED 1554057495 TRANSACTION 81 57 34
UPDATE 1554057495 TRANSACTION 2370b45fc0cc0775d6294897a664dc4b
RECIEVED 1554057495 TRANSACTION 81 57 35
UPDATE 1554057495 TRANSACTION 49e9181e5ab0af708b62b8f28b7d61b4
SEND 1554057495 TRANSACTION 81 13978 49e9181e5ab0af708b62b8f28b7d61b4
SEND 1554057495 TRANSACTION 81 41176 49e9181e5ab0af708b62b8f28b7d61b4
SEND 1554057495 TRANSACTION 81 39686 49e9181e5ab0af708b62b8f28b7d61b4
RECIEVED 1554057495 TRANSACTION 81 57 36
RECIEVED 1554057495 TRANSACTION 81 57 36
UPDATE 1554057495 TRANSACTION ae5b73d6a1fd0f13344f9137f6f4ab94
SEND 1554057495 TRANSACTION 81 12495 ae5b73d6a1fd0f13344f9137f6f4ab94
RECIEVED 1554057495 INTRODUCE 36 57 37
RECIEVED 1554057495 INTRODUCE 35 57 37
RECIEVED 1554057495 INTRODUCE 35 57 37
RECIEVED 1554057495 INTRODUCE 37 57 37
RECIEVED 1554057495 INTRODUCE 36 58 37
RECIEVED 1554057495 INTRODUCE 37 58 37
RECIEVED 1554057495 INTRODUCE 36 59 37
RECIEVED 1554057495 INTRODUCE 37 59 37
RECIEVED 1554057495 INTRODUCE 36 59 37
RECIEVED 1554057495 INTRODUCE 35 59 37
RECIEVED 1554057495 INTRODUCE 36 59 37
RECIEVED 1554057495 INTRODUCE 35 60 37
RECIEVED 1554057495 INTRODUCE 36 60 37
RECIEVED 1554057495 INTRODUCE 36 61 37
RECIEVED 1554057495 INTRODUCE 36 61 37
RECIEVED 1554057495 INTRODUCE 36 61 37
RECIEVED 1554057495 INTRODUCE 36 61 37
RECIEVED 1554057495 INTRODUCE 36 62 37
RECIEVED 1554057495 INTRODUCE 36 62 37
RECIEVED 1554057495 INTRODUCE 37 63 37
RECIEVED 1554057495 INTRODUCE 36 64 37
RECIEVED 1554057495 INTRODUCE 36 64 37
RECIEVED 1554057495 INTRODUCE 36 65 37
RECIEVED 1554057495 INTRODUCE 37 65 37
RECIEVED 1554057495 INTRODUCE 37 66 37
RECIEVED 1554057495 INTRODUCE 35 67 37
RECIEVED 1554057495 INTRODUCE 35 68 37
RECIEVED 1554057495 INTRODUCE 36 68 37
RECIEVED 1554057495 TRANSACTION 81 69 37
UPDATE 1554057495 TRANSACTION 25b155793303c7f275d0b48d733afd4e
SEND 1554057495 TRANSACTION 81 17655 25b155793303c7f275d0b48d733afd4e
RECIEVED 1554057495 INTRODUCE 36 69 38
RECIEVED 1554057495 INTRODUCE 36 70 38
RECIEVED 1554057495 TRANSACTION 81 71 38
RECIEVED 1554057495 TRANSACTION 81 71 38
UPDATE 1554057495 TRANSACTION 351e51abbacb897978dc8c9230ee12fe
SEND 1554057495 TRANSACTION 81 13699 351e51abbacb897978dc8c9230ee12fe
RECIEVED 1554057495 TRANSACTION 81 71 39
UPDATE 1554057495 TRANSACTION 4d76dadf800f1d8a3175faabdcfe4e47
SEND 1554057495 TRANSACTION 81 13466 4d76dadf800f1d8a3175faabdcfe4e47
RECIEVED 1554057495 TRANSACTION 81 71 40
UPDATE 1554057495 TRANSACTION 411323fb64d047b3849e9161b22e70bd
SEND 1554057495 TRANSACTION 81 13458 411323fb64d047b3849e9161b22e70bd
SEND 1554057495 TRANSACTION 81 13586 411323fb64d047b3849e9161b22e70bd
SEND 1554057495 TRANSACTION 81 14950 411323fb64d047b3849e9161b22e70bd
RECIEVED 1554057495 TRANSACTION 81 71 41
RECIEVED 1554057495 TRANSACTION 81 71 41
UPDATE 1554057495 TRANSACTION dc255d0e23bd8d1942409bf27335ad61
SEND 1554057495 TRANSACTION 81 27685 dc255d0e23bd8d1942409bf27335ad61
RECIEVED 1554057495 TRANSACTION 81 71 42
UPDATE 1554057495 TRANSACTION 4eec59897b33b6edb84103fd9239ed10
SEND 1554057495 TRANSACTION 81 12180 4eec59897b33b6edb84103fd9239ed10
RECIEVED 1554057495 TRANSACTION 81 71 43
UPDATE 1554057495 TRANSACTION 8f6215eb3500c0a9228b4fe87f4c6fdd
RECIEVED 1554057495 TRANSACTION 81 71 44
RECIEVED 1554057496 TRANSACTION 81 71 44
UPDATE 1554057496 TRANSACTION a92ceb06b2f564c5fd968b760e32cc3c
SEND 1554057496 TRANSACTION 81 13715 a92ceb06b2f564c5fd968b760e32cc3c
SEND 1554057496 TRANSACTION 81 14514 a92ceb06b2f564c5fd968b760e32cc3c
SEND 1554057496 TRANSACTION 81 19639 a92ceb06b2f564c5fd968b760e32cc3c
RECIEVED 1554057496 TRANSACTION 80 71 45
UPDATE 1554057496 TRANSACTION 6a47a13a734f57c4ced93de286f16cf5
RECIEVED 1554057496 TRANSACTION 81 71 46
UPDATE 1554057496 TRANSACTION 209527ed9e7e7667eeb292418d2d4d54
SEND 1554057496 TRANSACTION 81 21010 209527ed9e7e7667eeb292418d2d4d54
SEND 1554057496 TRANSACTION 81 22363 209527ed9e7e7667eeb292418d2d4d54
RECIEVED 1554057496 TRANSACTION 81 71 47
RECIEVED 1554057496 TRANSACTION 80 71 47
UPDATE 1554057496 TRANSACTION 8d5604e91fe9005021fb197e153fe339
SEND 1554057496 TRANSACTION 80 32539 8d5604e91fe9005021fb197e153fe339
RECIEVED 1554057496 TRANSACTION 80 71 48
RECIEVED 1554057496 TRANSACTION 80 71 48
RECIEVED 1554057496 TRANSACTION 81 71 48
UPDATE 1554057496 TRANSACTION 165ef125e9c4364e34c175ce9c99d553
SEND 1554057496 TRANSACTION 81 19213 165ef125e9c4364e34c175ce9c99d553
RECIEVED 1554057496 TRANSACTION 80 71 49
UPDATE 1554057496 TRANSACTION a2fa01ec826023be5dc81b8dccfb8128
SEND 1554057496 TRANSACTION 80 14326 a2fa01ec826023be5dc81b8dccfb8128
RECIEVED 1554057496 TRANSACTION 82 71 50
UPDATE 1554057496 TRANSACTION b152b164a36e4b14466b34054e5a2254
RECIEVED 1554057496 TRANSACTION 81 71 51
UPDATE 1554057496 TRANSACTION 12d0b03b05dba721a242f86d402a7341
SEND 1554057496 TRANSACTION 81 16247 12d0b03b05dba721a242f86d402a7341
RECIEVED 1554057496 TRANSACTION 81 71 52
RECIEVED 1554057496 TRANSACTION 81 71 52
UPDATE 1554057496 TRANSACTION 13537be4cd818661043fcb3ba7f5848f
RECIEVED 1554057497 TRANSACTION 81 71 53
UPDATE 1554057497 TRANSACTION b96891c96ad6cc6db8dafb8ab8ae5a4e
RECIEVED 1554057497 TRANSACTION 82 71 54
UPDATE 1554057497 TRANSACTION 473055b8650f7bf8b8dbd33dc0004497
SEND 1554057497 TRANSACTION 82 37559 473055b8650f7bf8b8dbd33dc0004497
RECIEVED 1554057497 TRANSACTION 81 71 55
UPDATE 1554057497 TRANSACTION efee4b5db89be90a53b8b31b0f998aa3
SEND 1554057497 TRANSACTION 81 38680 efee4b5db89be90a53b8b31b0f998aa3
RECIEVED 1554057497 TRANSACTION 81 71 56
RECIEVED 1554057497 TRANSACTION 81 71 56
UPDATE 1554057497 TRANSACTION 75c18add68304a80083be9884ac1289a
SEND 1554057497 TRANSACTION 81 22791 75c18add68304a80083be9884ac1289a
RECIEVED 1554057497 TRANSACTION 81 71 57
RECIEVED 1554057497 TRANSACTION 81 71 57
UPDATE 1554057497 TRANSACTION b353ca956789d846633fc1d8fb7166d4
SEND 1554057497 TRANSACTION 81 14647 b353ca956789d846633fc1d8fb7166d4
RECIEVED 1554057497 TRANSACTION 81 71 58
RECIEVED 1554057497 TRANSACTION 81 71 58
UPDATE 1554057497 TRANSACTION 10ee1fcaada2a9bed0cd645fcb0587ae
RECIEVED 1554057497 TRANSACTION 81 71 59
UPDATE 1554057497 TRANSACTION 80f4a99f2b1b6a2cbae82f29a97956cc
SEND 1554057497 TRANSACTION 81 9236 80f4a99f2b1b6a2cbae82f29a97956cc
RECIEVED 1554057497 TRANSACTION 81 71 60
RECIEVED 1554057497 TRANSACTION 81 71 60
UPDATE 1554057497 TRANSACTION 41bf10c349ce0b36e1eefe7615860149
SEND 1554057497 TRANSACTION 81 21956 41bf10c349ce0b36e1eefe7615860149
SEND 1554057497 TRANSACTION 81 19872 41bf10c349ce0b36e1eefe7615860149
RECIEVED 1554057497 TRANSACTION 81 71 61
UPDATE 1554057497 TRANSACTION 91ecaaf8e5d063798ed4f2968de0340d
SEND 1554057497 TRANSACTION 81 41670 91ecaaf8e5d063798ed4f2968de0340d
RECIEVED 1554057497 TRANSACTION 81 71 62
UPDATE 1554057497 TRANSACTION 216b9f99e46e104d3162386a2391ea6d
SEND 1554057497 TRANSACTION 81 26417 216b9f99e46e104d3162386a2391ea6d
RECIEVED 1554057497 TRANSACTION 79 71 63
UPDATE 1554057497 TRANSACTION 89a4468641a7f98d0876766b348387d0
SEND 1554057497 TRANSACTION 79 14049 89a4468641a7f98d0876766b348387d0
RECIEVED 1554057497 TRANSACTION 81 71 64
UPDATE 1554057497 TRANSACTION a10b9b065836186b7eb3217eb7f18bfd
SEND 1554057497 TRANSACTION 81 13097 a10b9b065836186b7eb3217eb7f18bfd
RECIEVED 1554057497 TRANSACTION 81 71 65
RECIEVED 1554057497 TRANSACTION 81 71 65
RECIEVED 1554057497 TRANSACTION 81 71 65
UPDATE 1554057497 TRANSACTION 10f592cf0ea80712c6e7788ce65c4b87
RECIEVED 1554057497 TRANSACTION 80 71 66
UPDATE 1554057497 TRANSACTION 28f26f0a9ff70b7c42e11df91049a0c6
SEND 1554057497 TRANSACTION 80 20190 28f26f0a9ff70b7c42e11df91049a0c6
RECIEVED 1554057497 TRANSACTION 82 71 67
UPDATE 1554057497 TRANSACTION 0e21d4340a54696f4e04b3e0bc93a98d
SEND 1554057497 TRANSACTION 82 20762 0e21d4340a54696f4e04b3e0bc93a98d
RECIEVED 1554057497 TRANSACTION 82 71 68
RECIEVED 1554057497 TRANSACTION 81 71 68
RECIEVED 1554057498 TRANSACTION 83 71 68
UPDATE 1554057498 TRANSACTION f5f41c463b3d9aeebf1ace457a1aadfe
SEND 1554057498 TRANSACTION 83 51962 f5f41c463b3d9aeebf1ace457a1aadfe
SEND 1554057498 TRANSACTION 83 17017 f5f41c463b3d9aeebf1ace457a1aadfe
RECIEVED 1554057498 TRANSACTION 82 71 69
UPDATE 1554057498 TRANSACTION 6ae70cfa1dee6b05cc8da7065ee17eb7
RECIEVED 1554057498 TRANSACTION 80 71 70
UPDATE 1554057498 TRANSACTION d238bbc13b601ae8e2e45f1874c72d88
SEND 1554057498 TRANSACTION 80 14379 d238bbc13b601ae8e2e45f1874c72d88
RECIEVED 1554057498 TRANSACTION 81 71 71
UPDATE 1554057498 TRANSACTION 1275bf04ec078494a535d1528015c2d5
RECIEVED 1554057498 TRANSACTION 80 71 72
UPDATE 1554057498 TRANSACTION 43323225e099f5431643e247a49159e2
SEND 1554057498 TRANSACTION 80 14701 43323225e099f5431643e247a49159e2
SEND 1554057498 TRANSACTION 80 19507 43323225e099f5431643e247a49159e2
SEND 1554057498 TRANSACTION 80 38363 43323225e099f5431643e247a49159e2
RECIEVED 1554057498 TRANSACTION 80 71 73
RECIEVED 1554057498 TRANSACTION 80 71 73
UPDATE 1554057498 TRANSACTION ddb574c57a22197fd62920cf619aa08e
SEND 1554057498 TRANSACTION 80 15811 ddb574c57a22197fd62920cf619aa08e
SEND 1554057498 TRANSACTION 80 21169 ddb574c57a22197fd62920cf619aa08e
RECIEVED 1554057498 TRANSACTION 79 71 74
UPDATE 1554057498 TRANSACTION 370e2569be1675b0b8e0ceb6f2b41c41
SEND 1554057498 TRANSACTION 79 13484 370e2569be1675b0b8e0ceb6f2b41c41
RECIEVED 1554057498 TRANSACTION 80 71 75
RECIEVED 1554057498 TRANSACTION 82 71 75
UPDATE 1554057498 TRANSACTION 03fc134dff3884a985b7ae6096ba59ac
SEND 1554057498 TRANSACTION 82 13224 03fc134dff3884a985b7ae6096ba59ac
SEND 1554057498 TRANSACTION 82 20193 03fc134dff3884a985b7ae6096ba59ac
RECIEVED 1554057498 TRANSACTION 82 71 76
RECIEVED 1554057498 TRANSACTION 81 71 76
UPDATE 1554057498 TRANSACTION 0b6d0bc889bf1b926c9bca6c1b4867cb
SEND 1554057498 TRANSACTION 81 26058 0b6d0bc889bf1b926c9bca6c1b4867cb
SEND 1554057498 TRANSACTION 81 24520 0b6d0bc889bf1b926c9bca6c1b4867cb
SEND 1554057498 TRANSACTION 81 34083 0b6d0bc889bf1b926c9bca6c1b4867cb
RECIEVED 1554057498 TRANSACTION 82 71 77
UPDATE 1554057498 TRANSACTION d7fc540f68ed2f0b2bc257ce63fe53f5
SEND 1554057498 TRANSACTION 82 14175 d7fc540f68ed2f0b2bc257ce63fe53f5
RECIEVED 1554057498 TRANSACTION 81 71 78
UPDATE 1554057498 TRANSACTION 1f643b861569e909da1f0fcb73cd5614
SEND 1554057498 TRANSACTION 81 20714 1f643b861569e909da1f0fcb73cd5614
RECIEVED 1554057498 TRANSACTION 81 71 79
UPDATE 1554057498 TRANSACTION cb75982ee93688b812d4028c91d8005e
SEND 1554057498 TRANSACTION 81 14053 cb75982ee93688b812d4028c91d8005e
SEND 1554057498 TRANSACTION 81 15798 cb75982ee93688b812d4028c91d8005e
RECIEVED 1554057498 TRANSACTION 81 71 80
RECIEVED 1554057498 TRANSACTION 81 71 80
UPDATE 1554057498 TRANSACTION 2bb63c63b7c0503a397ef40fde5e2ad5
RECIEVED 1554057498 TRANSACTION 82 71 81
UPDATE 1554057498 TRANSACTION 31ce1a2d5b01c3c8e3bedbb70246224a
SEND 1554057498 TRANSACTION 82 23993 31ce1a2d5b01c3c8e3bedbb70246224a
SEND 1554057498 TRANSACTION 82 15667 31ce1a2d5b01c3c8e3bedbb70246224a
RECIEVED 1554057498 TRANSACTION 80 71 82
UPDATE 1554057498 TRANSACTION 8c1ae8c53929b0b0867fdbc57c08ebfe
RECIEVED 1554057498 TRANSACTION 80 71 83
RECIEVED 1554057498 TRANSACTION 80 71 83
RECIEVED 1554057498 TRANSACTION 81 71 83
UPDATE 1554057498 TRANSACTION b5dd40744b4ec86dcf62aa10dc66a1f9
RECIEVED 1554057499 TRANSACTION 81 71 84
UPDATE 1554057499 TRANSACTION eb7b220cc770a45e62ae5ca814f0b36b
RECIEVED 1554057499 TRANSACTION 81 71 85
UPDATE 1554057499 TRANSACTION d30b89a1c99d2aabfe513f9f6feee1b5
SEND 1554057499 TRANSACTION 81 18975 d30b89a1c99d2aabfe513f9f6feee1b5
RECIEVED 1554057499 TRANSACTION 81 71 86
UPDATE 1554057499 TRANSACTION a348ebfbb690a1743de73c508557a59f
SEND 1554057499 TRANSACTION 81 15048 a348ebfbb690a1743de73c508557a59f
SEND 1554057499 TRANSACTION 81 54422 a348ebfbb690a1743de73c508557a59f
RECIEVED 1554057499 TRANSACTION 81 71 87
RECIEVED 1554057499 TRANSACTION 81 71 87
UPDATE 1554057499 TRANSACTION 957e6e8cd04549f0bad18bbb3ab438fe
SEND 1554057499 TRANSACTION 81 34503 957e6e8cd04549f0bad18bbb3ab438fe
SEND 1554057499 TRANSACTION 81 35391 957e6e8cd04549f0bad18bbb3ab438fe
RECIEVED 1554057499 TRANSACTION 81 71 88
UPDATE 1554057499 TRANSACTION f0b0e33d938f35982f4fac1d32fd1716
SEND 1554057499 TRANSACTION 81 21795 f0b0e33d938f35982f4fac1d32fd1716
RECIEVED 1554057499 TRANSACTION 81 71 89
RECIEVED 1554057499 TRANSACTION 81 71 89
UPDATE 1554057499 TRANSACTION 8e5306edac2605d398bef0f284cb7d40
SEND 1554057499 TRANSACTION 81 14290 8e5306edac2605d398bef0f284cb7d40
RECIEVED 1554057499 TRANSACTION 81 71 90
RECIEVED 1554057499 TRANSACTION 81 71 90
UPDATE 1554057499 TRANSACTION d81493d4048a5949a7fc2932a030620d
SEND 1554057499 TRANSACTION 81 13725 d81493d4048a5949a7fc2932a030620d
RECIEVED 1554057499 TRANSACTION 81 71 91
RECIEVED 1554057499 TRANSACTION 81 71 91
UPDATE 1554057499 TRANSACTION 6b89473687b587a57c8904ffb85e18d6
SEND 1554057499 TRANSACTION 81 13988 6b89473687b587a57c8904ffb85e18d6
SEND 1554057499 TRANSACTION 81 10390 6b89473687b587a57c8904ffb85e18d6
RECIEVED 1554057499 TRANSACTION 81 71 92
UPDATE 1554057499 TRANSACTION 24b9e49f0c96b18b5095e6365b013cdd
SEND 1554057499 TRANSACTION 81 9044 24b9e49f0c96b18b5095e6365b013cdd
RECIEVED 1554057499 TRANSACTION 81 71 93
RECIEVED 1554057499 TRANSACTION 81 71 93
RECIEVED 1554057499 TRANSACTION 81 71 93
UPDATE 1554057499 TRANSACTION 17a90b7ada4d7019df6d1bdc64da917b
SEND 1554057499 TRANSACTION 81 15699 17a90b7ada4d7019df6d1bdc64da917b
RECIEVED 1554057499 TRANSACTION 79 71 94
UPDATE 1554057499 TRANSACTION aca576b695c01f955a044f3441f450cb
SEND 1554057499 TRANSACTION 79 9762 aca576b695c01f955a044f3441f450cb
RECIEVED 1554057499 TRANSACTION 81 71 95
UPDATE 1554057499 TRANSACTION 2e794a759c92f09c41736f4d13bd27f7
SEND 1554057499 TRANSACTION 81 11156 2e794a759c92f09c41736f4d13bd27f7
SEND 1554057499 TRANSACTION 81 14240 2e794a759c92f09c41736f4d13bd27f7
RECIEVED 1554057499 TRANSACTION 81 71 96
RECIEVED 1554057499 TRANSACTION 79 71 96
RECIEVED 1554057499 TRANSACTION 80 71 96
UPDATE 1554057499 TRANSACTION 243f75e6d831d29e56cc0e004c05168c
SEND 1554057499 TRANSACTION 80 10867 243f75e6d831d29e56cc0e004c05168c
SEND 1554057499 TRANSACTION 80 14398 243f75e6d831d29e56cc0e004c05168c
RECIEVED 1554057499 TRANSACTION 81 71 97
UPDATE 1554057499 TRANSACTION ad321a6fdea897c7affbfeb739293664
RECIEVED 1554057499 TRANSACTION 79 71 98
RECIEVED 1554057499 TRANSACTION 81 71 98
UPDATE 1554057499 TRANSACTION 7313e848529b810eb016fc2ee969f533
SEND 1554057499 TRANSACTION 81 14217 7313e848529b810eb016fc2ee969f533
RECIEVED 1554057499 TRANSACTION 81 71 99
UPDATE 1554057499 TRANSACTION b57a1990978bd6ae91f4bdfb469fc6f1
SEND 1554057499 TRANSACTION 81 22260 b57a1990978bd6ae91f4bdfb469fc6f1
RECIEVED 1554057500 TRANSACTION 80 71 100
UPDATE 1554057500 TRANSACTION a89123f719573cc1266da1ec88ec12f8
SEND 1554057500 TRANSACTION 80 9427 a89123f719573cc1266da1ec88ec12f8
RECIEVED 1554057500 TRANSACTION 81 71 101
UPDATE 1554057500 TRANSACTION e0eafca57f22e26304153c8e7fdd431a
SEND 1554057500 TRANSACTION 81 13220 e0eafca57f22e26304153c8e7fdd431a
SEND 1554057500 TRANSACTION 81 10737 e0eafca57f22e26304153c8e7fdd431a
RECIEVED 1554057500 TRANSACTION 81 71 102
UPDATE 1554057500 TRANSACTION 00a56badccf25bca015305d6abb19cd7
SEND 1554057500 TRANSACTION 81 9825 00a56badccf25bca015305d6abb19cd7
SEND 1554057500 TRANSACTION 81 27113 00a56badccf25bca015305d6abb19cd7
RECIEVED 1554057500 TRANSACTION 81 71 103
UPDATE 1554057500 TRANSACTION d4fa3586aa4fa67cfd9c874aca71add4
SEND 1554057500 TRANSACTION 81 39960 d4fa3586aa4fa67cfd9c874aca71add4
SEND 1554057500 TRANSACTION 81 9565 d4fa3586aa4fa67cfd9c874aca71add4
RECIEVED 1554057500 TRANSACTION 81 71 104
RECIEVED 1554057500 TRANSACTION 81 71 104
RECIEVED 1554057500 TRANSACTION 81 71 104
RECIEVED 1554057500 TRANSACTION 80 71 104
RECIEVED 1554057500 TRANSACTION 82 71 104
UPDATE 1554057500 TRANSACTION 79ab11c6ea2ca023560c643d9a1f594a
SEND 1554057500 TRANSACTION 82 16103 79ab11c6ea2ca023560c643d9a1f594a
SEND 1554057500 TRANSACTION 82 10233 79ab11c6ea2ca023560c643d9a1f594a
RECIEVED 1554057500 TRANSACTION 81 71 105
UPDATE 1554057500 TRANSACTION a2a06eddbe1a52e3e05ecc130f8c25fb
RECIEVED 1554057500 HB 3 71 106
RECIEVED 1554057500 TRANSACTION 81 71 106
UPDATE 1554057500 TRANSACTION e2b75dbced551503a7edcf13b89a335d
SEND 1554057500 TRANSACTION 81 9841 e2b75dbced551503a7edcf13b89a335d
RECIEVED 1554057500 TRANSACTION 81 71 107
RECIEVED 1554057500 TRANSACTION 81 71 107
UPDATE 1554057500 TRANSACTION 2fb5fa6e638585855c27909b4c9e78ca
SEND 1554057500 TRANSACTION 81 14119 2fb5fa6e638585855c27909b4c9e78ca
SEND 1554057500 TRANSACTION 81 10846 2fb5fa6e638585855c27909b4c9e78ca
RECIEVED 1554057500 TRANSACTION 81 71 108
UPDATE 1554057500 TRANSACTION 4d49bfe3ed8328dacf57f8abece6d6ae
RECIEVED 1554057500 TRANSACTION 80 71 109
UPDATE 1554057500 TRANSACTION 80700776c597fc9aa44a0f4f92515e1a
SEND 1554057500 TRANSACTION 80 15455 80700776c597fc9aa44a0f4f92515e1a
RECIEVED 1554057500 TRANSACTION 81 71 110
UPDATE 1554057500 TRANSACTION ec8e87d8d39417a34a661751b1d14f6d
SEND 1554057500 TRANSACTION 81 8983 ec8e87d8d39417a34a661751b1d14f6d
RECIEVED 1554057500 TRANSACTION 81 71 111
UPDATE 1554057500 TRANSACTION da84bf0a63df25380f1cb8a4a6c109a2
SEND 1554057500 TRANSACTION 81 17116 da84bf0a63df25380f1cb8a4a6c109a2
SEND 1554057500 TRANSACTION 81 10516 da84bf0a63df25380f1cb8a4a6c109a2
RECIEVED 1554057500 TRANSACTION 81 71 112
UPDATE 1554057500 TRANSACTION b9fd7060e28dd28d35c6fe013e2f1fef
RECIEVED 1554057500 TRANSACTION 81 71 113
UPDATE 1554057500 TRANSACTION a0170dc9c26e20075b0c4042b59bdbf6
SEND 1554057500 TRANSACTION 81 15668 a0170dc9c26e20075b0c4042b59bdbf6
RECIEVED 1554057500 TRANSACTION 81 71 114
UPDATE 1554057500 TRANSACTION ddb6f222dd33d69ad8cdde9bacc4c8f7
RECIEVED 1554057500 TRANSACTION 81 71 115
UPDATE 1554057500 TRANSACTION f6712dd40c3bab30b0188f2157e97ae1
SEND 1554057500 TRANSACTION 81 9603 f6712dd40c3bab30b0188f2157e97ae1
SEND 1554057500 TRANSACTION 81 15079 f6712dd40c3bab30b0188f2157e97ae1
RECIEVED 1554057500 TRANSACTION 81 71 116
RECIEVED 1554057501 TRANSACTION 80 71 116
UPDATE 1554057501 TRANSACTION 0ea73a4e331016a3253ffb956453596b
SEND 1554057501 TRANSACTION 80 19365 0ea73a4e331016a3253ffb956453596b
RECIEVED 1554057501 TRANSACTION 81 71 117
UPDATE 1554057501 TRANSACTION 3ce92a51dbddab39f89022913c4ce453
SEND 1554057501 TRANSACTION 81 15291 3ce92a51dbddab39f89022913c4ce453
RECIEVED 1554057501 TRANSACTION 80 71 118
UPDATE 1554057501 TRANSACTION 5a44ae9bcb9d09043697f7b524196b84
SEND 1554057501 TRANSACTION 80 16207 5a44ae9bcb9d09043697f7b524196b84
RECIEVED 1554057501 TRANSACTION 81 71 119
RECIEVED 1554057501 TRANSACTION 81 71 119
UPDATE 1554057501 TRANSACTION 263091a14ff7b8a38d1f707799dd4007
SEND 1554057501 TRANSACTION 81 10102 263091a14ff7b8a38d1f707799dd4007
RECIEVED 1554057501 TRANSACTION 81 71 120
RECIEVED 1554057501 TRANSACTION 80 71 120
RECIEVED 1554057501 TRANSACTION 80 71 120
UPDATE 1554057501 TRANSACTION d643e6b02867bdf3e1d294c54173557d
RECIEVED 1554057501 TRANSACTION 81 71 121
UPDATE 1554057501 TRANSACTION 67abc7772cee4f3ad63afddf7c5234e0
SEND 1554057501 TRANSACTION 81 19627 67abc7772cee4f3ad63afddf7c5234e0
SEND 1554057501 TRANSACTION 81 15059 67abc7772cee4f3ad63afddf7c5234e0
RECIEVED 1554057501 TRANSACTION 81 71 122
UPDATE 1554057501 TRANSACTION 4aa59f7cf51f46e70134b9df3082e86c
SEND 1554057501 TRANSACTION 81 27285 4aa59f7cf51f46e70134b9df3082e86c
RECIEVED 1554057501 TRANSACTION 81 71 123
RECIEVED 1554057501 TRANSACTION 81 71 123
RECIEVED 1554057501 TRANSACTION 81 71 123
UPDATE 1554057501 TRANSACTION 31da70ae1ae9172b65b7dd2641938c3b
SEND 1554057501 TRANSACTION 81 19559 31da70ae1ae9172b65b7dd2641938c3b
RECIEVED 1554057501 TRANSACTION 81 71 124
UPDATE 1554057501 TRANSACTION 6644be5b9ead8b36604e7103e630bc07
SEND 1554057501 TRANSACTION 81 28142 6644be5b9ead8b36604e7103e630bc07
RECIEVED 1554057501 TRANSACTION 81 71 125
UPDATE 1554057501 TRANSACTION 457c2a14f730824710cd83d2e3724266
RECIEVED 1554057501 TRANSACTION 81 71 126
RECIEVED 1554057501 TRANSACTION 81 71 126
UPDATE 1554057501 TRANSACTION 2dbf47f5ec749ae259708e81a816989a
SEND 1554057501 TRANSACTION 81 13508 2dbf47f5ec749ae259708e81a816989a
SEND 1554057501 TRANSACTION 81 18125 2dbf47f5ec749ae259708e81a816989a
RECIEVED 1554057502 TRANSACTION 81 71 127
RECIEVED 1554057502 TRANSACTION 80 71 127
UPDATE 1554057502 TRANSACTION 6c389317a033501e91e25c9f879574df
SEND 1554057502 TRANSACTION 80 14757 6c389317a033501e91e25c9f879574df
SEND 1554057502 TRANSACTION 80 31840 6c389317a033501e91e25c9f879574df
RECIEVED 1554057502 TRANSACTION 81 71 128
UPDATE 1554057502 TRANSACTION 3415c2bd3e9adb2110a79d2e6961ee3e
SEND 1554057502 TRANSACTION 81 32689 3415c2bd3e9adb2110a79d2e6961ee3e
SEND 1554057502 TRANSACTION 81 37474 3415c2bd3e9adb2110a79d2e6961ee3e
RECIEVED 1554057502 TRANSACTION 81 71 129
UPDATE 1554057502 TRANSACTION ca78255f634d0369dcca9c8fe3d290df
SEND 1554057502 TRANSACTION 81 13779 ca78255f634d0369dcca9c8fe3d290df
RECIEVED 1554057502 TRANSACTION 81 71 130
UPDATE 1554057502 TRANSACTION e32df29925bd4de9d5a021563a11d977
SEND 1554057502 TRANSACTION 81 46322 e32df29925bd4de9d5a021563a11d977
RECIEVED 1554057502 TRANSACTION 80 71 131
UPDATE 1554057502 TRANSACTION 1399d5547e397d75ae60679f5de1e895
SEND 1554057502 TRANSACTION 80 13327 1399d5547e397d75ae60679f5de1e895
RECIEVED 1554057502 TRANSACTION 80 71 132
RECIEVED 1554057502 TRANSACTION 82 71 132
UPDATE 1554057502 TRANSACTION d2f8426abde7fa240079f56572934df5
RECIEVED 1554057502 TRANSACTION 81 71 133
UPDATE 1554057502 TRANSACTION 63610c184f4caf9b3ddeee3c4ac4c9bc
SEND 1554057502 TRANSACTION 81 9531 63610c184f4caf9b3ddeee3c4ac4c9bc
RECIEVED 1554057502 TRANSACTION 81 71 134
UPDATE 1554057502 TRANSACTION dfa122090aca92a4cd6ea15147ad80e2
RECIEVED 1554057502 TRANSACTION 80 71 135
UPDATE 1554057502 TRANSACTION b3c9d0d8814b1959fde35a705c7f6b96
SEND 1554057502 TRANSACTION 80 10855 b3c9d0d8814b1959fde35a705c7f6b96
SEND 1554057502 TRANSACTION 80 19465 b3c9d0d8814b1959fde35a705c7f6b96
RECIEVED 1554057502 TRANSACTION 81 71 136
RECIEVED 1554057502 TRANSACTION 80 71 136
UPDATE 1554057502 TRANSACTION ab6302571b359f8737d34a090a7d98b6
SEND 1554057502 TRANSACTION 80 10482 ab6302571b359f8737d34a090a7d98b6
SEND 1554057502 TRANSACTION 80 14035 ab6302571b359f8737d34a090a7d98b6
SEND 1554057502 TRANSACTION 80 19715 ab6302571b359f8737d34a090a7d98b6
RECIEVED 1554057502 TRANSACTION 81 71 137
UPDATE 1554057502 TRANSACTION cebc5225bded12b7c7ea99182cc1b63f
SEND 1554057502 TRANSACTION 81 14158 cebc5225bded12b7c7ea99182cc1b63f
SEND 1554057502 TRANSACTION 81 10776 cebc5225bded12b7c7ea99182cc1b63f
RECIEVED 1554057502 TRANSACTION 81 71 138
UPDATE 1554057502 TRANSACTION 59eab804ce530a77aaaa66c1d3a2f65d
SEND 1554057502 TRANSACTION 81 9657 59eab804ce530a77aaaa66c1d3a2f65d
RECIEVED 1554057502 TRANSACTION 81 71 139
UPDATE 1554057502 TRANSACTION 434b15970eeba0d3e77e1e75ffb38ef2
RECIEVED 1554057502 TRANSACTION 80 71 140
RECIEVED 1554057502 TRANSACTION 81 71 140
UPDATE 1554057502 TRANSACTION 4e7c272e92b58297b02ef0cb6e179cde
SEND 1554057502 TRANSACTION 81 15838 4e7c272e92b58297b02ef0cb6e179cde
SEND 1554057502 TRANSACTION 81 9678 4e7c272e92b58297b02ef0cb6e179cde
RECIEVED 1554057502 TRANSACTION 81 71 141
UPDATE 1554057502 TRANSACTION 1038344442a69fcad7a03d4334e83aa7
SEND 1554057502 TRANSACTION 81 10436 1038344442a69fcad7a03d4334e83aa7
SEND 1554057502 TRANSACTION 81 12720 1038344442a69fcad7a03d4334e83aa7
RECIEVED 1554057502 TRANSACTION 81 71 142
RECIEVED 1554057502 TRANSACTION 81 71 142
UPDATE 1554057502 TRANSACTION 4fd0b01a2227f092a83863d36d56910e
SEND 1554057502 TRANSACTION 81 13246 4fd0b01a2227f092a83863d36d56910e
SEND 1554057502 TRANSACTION 81 9280 4fd0b01a2227f092a83863d36d56910e
RECIEVED 1554057502 TRANSACTION 80 71 143
UPDATE 1554057502 TRANSACTION ab15eaf891a7e26fe136524274033b36
SEND 1554057502 TRANSACTION 80 13811 ab15eaf891a7e26fe136524274033b36
SEND 1554057502 TRANSACTION 80 14079 ab15eaf891a7e26fe136524274033b36
RECIEVED 1554057502 TRANSACTION 80 71 144
UPDATE 1554057502 TRANSACTION f2704e20b7bdcfe6d4b1c60a5d9faf9d
SEND 1554057502 TRANSACTION 80 13901 f2704e20b7bdcfe6d4b1c60a5d9faf9d
RECIEVED 1554057503 TRANSACTION 81 71 145
RECIEVED 1554057503 TRANSACTION 80 71 145
UPDATE 1554057503 TRANSACTION 08edde933532fbecddc7b03df2573030
SEND 1554057503 TRANSACTION 80 19327 08edde933532fbecddc7b03df2573030
RECIEVED 1554057503 TRANSACTION 80 71 146
RECIEVED 1554057503 TRANSACTION 81 71 146
UPDATE 1554057503 TRANSACTION 0c88a1502e739d93b8c23a90412c382a
SEND 1554057503 TRANSACTION 81 29798 0c88a1502e739d93b8c23a90412c382a
RECIEVED 1554057503 TRANSACTION 81 71 147
UPDATE 1554057503 TRANSACTION 78265a4f82bee79b6308f333458ca244
RECIEVED 1554057503 TRANSACTION 81 71 148
UPDATE 1554057503 TRANSACTION 3a0f489df5c75fc3faaff16742817e04
SEND 1554057503 TRANSACTION 81 9276 3a0f489df5c75fc3faaff16742817e04
RECIEVED 1554057503 TRANSACTION 81 71 149
RECIEVED 1554057503 TRANSACTION 81 71 149
UPDATE 1554057503 TRANSACTION c6ae26521dc77fa728c7cd98334ebe06
SEND 1554057503 TRANSACTION 81 9265 c6ae26521dc77fa728c7cd98334ebe06
RECIEVED 1554057503 TRANSACTION 80 71 150
UPDATE 1554057503 TRANSACTION 0480eaa916a21097b65c340ac5868520
SEND 1554057503 TRANSACTION 80 14899 0480eaa916a21097b65c340ac5868520
RECIEVED 1554057503 TRANSACTION 81 71 151
UPDATE 1554057503 TRANSACTION a96301d0223a6618b70ce48df8f7fb36
SEND 1554057503 TRANSACTION 81 18879 a96301d0223a6618b70ce48df8f7fb36
RECIEVED 1554057503 TRANSACTION 81 71 152
RECIEVED 1554057503 TRANSACTION 82 71 152
UPDATE 1554057503 TRANSACTION a3f59e8bd9a792cb16235785625e6f16
SEND 1554057503 TRANSACTION 82 21227 a3f59e8bd9a792cb16235785625e6f16
RECIEVED 1554057503 TRANSACTION 81 71 153
UPDATE 1554057503 TRANSACTION 6057f4b503a8dfe3e33855b19f1996a2
SEND 1554057503 TRANSACTION 81 10234 6057f4b503a8dfe3e33855b19f1996a2
SEND 1554057503 TRANSACTION 81 11107 6057f4b503a8dfe3e33855b19f1996a2
SEND 1554057503 TRANSACTION 81 21822 6057f4b503a8dfe3e33855b19f1996a2
SEND 1554057503 TRANSACTION 81 28089 6057f4b503a8dfe3e33855b19f1996a2
RECIEVED 1554057503 TRANSACTION 81 71 154
UPDATE 1554057503 TRANSACTION 7c3c4aef266784a8af190d36921d3e4f
SEND 1554057503 TRANSACTION 81 14240 7c3c4aef266784a8af190d36921d3e4f
SEND 1554057503 TRANSACTION 81 24379 7c3c4aef266784a8af190d36921d3e4f
SEND 1554057503 TRANSACTION 81 17575 7c3c4aef266784a8af190d36921d3e4f
RECIEVED 1554057503 TRANSACTION 81 71 155
RECIEVED 1554057503 TRANSACTION 81 71 155
RECIEVED 1554057503 TRANSACTION 81 71 155
RECIEVED 1554057503 TRANSACTION 81 71 155
UPDATE 1554057503 TRANSACTION 7b9b107386846fadbd98d31aa1e7dc6e
SEND 1554057503 TRANSACTION 81 13922 7b9b107386846fadbd98d31aa1e7dc6e
RECIEVED 1554057503 TRANSACTION 81 71 156
UPDATE 1554057503 TRANSACTION e2fcd08b8dcf07922919ec0217553de8
SEND 1554057503 TRANSACTION 81 31072 e2fcd08b8dcf07922919ec0217553de8
SEND 1554057503 TRANSACTION 81 15363 e2fcd08b8dcf07922919ec0217553de8
SEND 1554057503 TRANSACTION 81 9781 e2fcd08b8dcf07922919ec0217553de8
RECIEVED 1554057503 TRANSACTION 80 71 157
UPDATE 1554057503 TRANSACTION 17d088c00c4502ca09ddf0d52864fcb7
SEND 1554057503 TRANSACTION 80 9347 17d088c00c4502ca09ddf0d52864fcb7
RECIEVED 1554057503 TRANSACTION 80 71 158
RECIEVED 1554057503 TRANSACTION 81 71 158
UPDATE 1554057503 TRANSACTION 4adaf35eeffc6d5f463731a61385df3f
SEND 1554057503 TRANSACTION 81 10419 4adaf35eeffc6d5f463731a61385df3f
SEND 1554057503 TRANSACTION 81 10795 4adaf35eeffc6d5f463731a61385df3f
RECIEVED 1554057504 TRANSACTION 81 71 159
UPDATE 1554057504 TRANSACTION 95cb92db2e6feba236ea70c8036f1bb2
SEND 1554057504 TRANSACTION 81 9549 95cb92db2e6feba236ea70c8036f1bb2
SEND 1554057504 TRANSACTION 81 19980 95cb92db2e6feba236ea70c8036f1bb2
RECIEVED 1554057504 TRANSACTION 80 71 160
UPDATE 1554057504 TRANSACTION 36573368fe2ade8b25a4095682d64c88
SEND 1554057504 TRANSACTION 80 31106 36573368fe2ade8b25a4095682d64c88
SEND 1554057504 TRANSACTION 80 9849 36573368fe2ade8b25a4095682d64c88
RECIEVED 1554057504 TRANSACTION 81 71 161
UPDATE 1554057504 TRANSACTION 51f6dc4a097ece18518209bb803161a4
RECIEVED 1554057504 TRANSACTION 81 71 162
UPDATE 1554057504 TRANSACTION 05dbdfdcde49c1aeafa9b109603b905e
RECIEVED 1554057504 TRANSACTION 81 71 163
RECIEVED 1554057504 TRANSACTION 80 71 163
UPDATE 1554057504 TRANSACTION 3088341ec1cc278b2e79b4cbff49fcd8
RECIEVED 1554057504 TRANSACTION 82 71 164
UPDATE 1554057504 TRANSACTION 4ace7c6d8352994f480a0f09877eb24a
SEND 1554057504 TRANSACTION 82 10359 4ace7c6d8352994f480a0f09877eb24a
RECIEVED 1554057504 TRANSACTION 82 71 165
RECIEVED 1554057504 TRANSACTION 82 71 165
UPDATE 1554057504 TRANSACTION 4c0285a241acfb076d57b0bb1e2b6f68
SEND 1554057504 TRANSACTION 82 22312 4c0285a241acfb076d57b0bb1e2b6f68
RECIEVED 1554057504 TRANSACTION 80 71 166
UPDATE 1554057504 TRANSACTION e8580d90b029582f907b565365b6915e
SEND 1554057504 TRANSACTION 80 16447 e8580d90b029582f907b565365b6915e
SEND 1554057504 TRANSACTION 80 14136 e8580d90b029582f907b565365b6915e
RECIEVED 1554057504 TRANSACTION 80 71 167
RECIEVED 1554057504 TRANSACTION 80 71 167
UPDATE 1554057504 TRANSACTION 8ce98b9953c9171308817bc01754a082
SEND 1554057504 TRANSACTION 80 53165 8ce98b9953c9171308817bc01754a082
SEND 1554057504 TRANSACTION 80 9154 8ce98b9953c9171308817bc01754a082
RECIEVED 1554057504 TRANSACTION 80 71 168
UPDATE 1554057504 TRANSACTION 364e4a468c1399e6b1adc530cfdeeace
RECIEVED 1554057504 TRANSACTION 80 71 169
RECIEVED 1554057504 TRANSACTION 80 71 169
RECIEVED 1554057504 TRANSACTION 81 71 169
UPDATE 1554057504 TRANSACTION 56b0c4490bc2f735f9fed04d91e19a32
SEND 1554057504 TRANSACTION 81 14652 56b0c4490bc2f735f9fed04d91e19a32
RECIEVED 1554057504 TRANSACTION 81 71 170
UPDATE 1554057504 TRANSACTION 90694e05926fba2b47cb90bdadd9b58a
SEND 1554057504 TRANSACTION 81 9837 90694e05926fba2b47cb90bdadd9b58a
RECIEVED 1554057504 TRANSACTION 80 71 171
UPDATE 1554057504 TRANSACTION fb98c2411a0aaf83904e68dfe7920814
SEND 1554057504 TRANSACTION 80 37640 fb98c2411a0aaf83904e68dfe7920814
RECIEVED 1554057504 TRANSACTION 81 71 172
UPDATE 1554057504 TRANSACTION 17909ed222a961a787424816409bffe5
SEND 1554057504 TRANSACTION 81 9275 17909ed222a961a787424816409bffe5
RECIEVED 1554057504 TRANSACTION 81 71 173
UPDATE 1554057504 TRANSACTION 972153fcd48efcc31b44394810407ef8
SEND 1554057504 TRANSACTION 81 21073 972153fcd48efcc31b44394810407ef8
SEND 1554057504 TRANSACTION 81 10445 972153fcd48efcc31b44394810407ef8
RECIEVED 1554057504 TRANSACTION 80 71 174
UPDATE 1554057504 TRANSACTION 913c624be22e3d8f0b782eac0ee7d7c6
SEND 1554057504 TRANSACTION 80 7947 913c624be22e3d8f0b782eac0ee7d7c6
SEND 1554057504 TRANSACTION 80 37688 913c624be22e3d8f0b782eac0ee7d7c6
RECIEVED 1554057504 TRANSACTION 81 71 175
UPDATE 1554057504 TRANSACTION f4bfbcb1704d3f3e7b3aa8f614357f1f
SEND 1554057504 TRANSACTION 81 14154 f4bfbcb1704d3f3e7b3aa8f614357f1f
RECIEVED 1554057504 TRANSACTION 80 71 176
RECIEVED 1554057504 TRANSACTION 81 71 176
RECIEVED 1554057504 TRANSACTION 81 71 176
UPDATE 1554057504 TRANSACTION 2265bd9de3f49d6c4f8f8437ee5655a3
SEND 1554057504 TRANSACTION 81 9393 2265bd9de3f49d6c4f8f8437ee5655a3
SEND 1554057504 TRANSACTION 81 35543 2265bd9de3f49d6c4f8f8437ee5655a3
SEND 1554057504 TRANSACTION 81 19723 2265bd9de3f49d6c4f8f8437ee5655a3
RECIEVED 1554057504 TRANSACTION 81 71 177
RECIEVED 1554057504 TRANSACTION 81 71 177
RECIEVED 1554057504 TRANSACTION 80 71 177
UPDATE 1554057504 TRANSACTION 391ca84f885cb59ff5facddac52de350
SEND 1554057504 TRANSACTION 80 14586 391ca84f885cb59ff5facddac52de350
RECIEVED 1554057504 TRANSACTION 81 71 178
RECIEVED 1554057504 TRANSACTION 80 71 178
UPDATE 1554057504 TRANSACTION 881a2acc50ab5df512756505c6a5aa45
SEND 1554057504 TRANSACTION 80 21750 881a2acc50ab5df512756505c6a5aa45
SEND 1554057504 TRANSACTION 80 10230 881a2acc50ab5df512756505c6a5aa45
RECIEVED 1554057504 TRANSACTION 80 71 179
RECIEVED 1554057505 TRANSACTION 81 71 179
UPDATE 1554057505 TRANSACTION 1134f29ea8f29daaad18eb1f63e1ae75
SEND 1554057505 TRANSACTION 81 33141 1134f29ea8f29daaad18eb1f63e1ae75
RECIEVED 1554057505 TRANSACTION 80 71 180
RECIEVED 1554057505 TRANSACTION 81 71 180
UPDATE 1554057505 TRANSACTION 1a21284a37aa4414a3b8f19e5fe2560b
SEND 1554057505 TRANSACTION 81 33324 1a21284a37aa4414a3b8f19e5fe2560b
SEND 1554057505 TRANSACTION 81 11224 1a21284a37aa4414a3b8f19e5fe2560b
SEND 1554057505 TRANSACTION 81 15943 1a21284a37aa4414a3b8f19e5fe2560b
RECIEVED 1554057505 TRANSACTION 80 71 181
UPDATE 1554057505 TRANSACTION e4fb0ee8f635e297a5ee63345d21e61b
SEND 1554057505 TRANSACTION 80 12417 e4fb0ee8f635e297a5ee63345d21e61b
RECIEVED 1554057505 TRANSACTION 81 71 182
UPDATE 1554057505 TRANSACTION 95883ad8549e707f53d4f475d59ae545
SEND 1554057505 TRANSACTION 81 9791 95883ad8549e707f53d4f475d59ae545
SEND 1554057505 TRANSACTION 81 31203 95883ad8549e707f53d4f475d59ae545
RECIEVED 1554057505 TRANSACTION 81 71 183
UPDATE 1554057505 TRANSACTION e93e974fe6a8aaf1777e3ed83dcb7486
SEND 1554057505 TRANSACTION 81 9582 e93e974fe6a8aaf1777e3ed83dcb7486
RECIEVED 1554057505 TRANSACTION 80 71 184
UPDATE 1554057505 TRANSACTION dbb2f4ee60cced1466a57a13e847ebb1
RECIEVED 1554057505 TRANSACTION 81 71 185
RECIEVED 1554057505 TRANSACTION 81 71 185
UPDATE 1554057505 TRANSACTION 5de342f5ae9364709f6b5ef06976100f
SEND 1554057505 TRANSACTION 81 15090 5de342f5ae9364709f6b5ef06976100f
SEND 1554057505 TRANSACTION 81 21890 5de342f5ae9364709f6b5ef06976100f
RECIEVED 1554057505 TRANSACTION 82 71 186
UPDATE 1554057505 TRANSACTION 1cdb5a01effca886f83cb7cc93cc5fd5
SEND 1554057505 TRANSACTION 82 13411 1cdb5a01effca886f83cb7cc93cc5fd5
RECIEVED 1554057505 TRANSACTION 81 71 187
UPDATE 1554057505 TRANSACTION 40d43bde64db2947812a8dcb62880352
SEND 1554057505 TRANSACTION 81 9882 40d43bde64db2947812a8dcb62880352
RECIEVED 1554057505 TRANSACTION 81 71 188
RECIEVED 1554057505 TRANSACTION 82 71 188
UPDATE 1554057505 TRANSACTION 05993c8fcb9b0ae1c0585552dcdab447
SEND 1554057505 TRANSACTION 82 29319 05993c8fcb9b0ae1c0585552dcdab447
SEND 1554057505 TRANSACTION 82 10445 05993c8fcb9b0ae1c0585552dcdab447
RECIEVED 1554057505 TRANSACTION 81 71 189
RECIEVED 1554057505 TRANSACTION 80 71 189
UPDATE 1554057505 TRANSACTION 88b49bfa98c15749ca395df6089b8f9c
RECIEVED 1554057505 TRANSACTION 80 71 190
RECIEVED 1554057505 TRANSACTION 81 71 190
UPDATE 1554057505 TRANSACTION ff12bc75dfe9df0f3777e60fb61c45e3
RECIEVED 1554057505 TRANSACTION 81 71 191
UPDATE 1554057505 TRANSACTION fa461b914d3f58baf860a4a2e9cce5d0
SEND 1554057505 TRANSACTION 81 9660 fa461b914d3f58baf860a4a2e9cce5d0
SEND 1554057505 TRANSACTION 81 10144 fa461b914d3f58baf860a4a2e9cce5d0
RECIEVED 1554057505 TRANSACTION 81 71 192
RECIEVED 1554057506 TRANSACTION 80 71 192
UPDATE 1554057506 TRANSACTION 0bcc041f9f297d534ff6e2c075daffc4
SEND 1554057506 TRANSACTION 80 8253 0bcc041f9f297d534ff6e2c075daffc4
SEND 1554057506 TRANSACTION 80 14280 0bcc041f9f297d534ff6e2c075daffc4
RECIEVED 1554057506 TRANSACTION 81 71 193
UPDATE 1554057506 TRANSACTION f67f061a705762af21436610c4454142
SEND 1554057506 TRANSACTION 81 10016 f67f061a705762af21436610c4454142
SEND 1554057506 TRANSACTION 81 16368 f67f061a705762af21436610c4454142
RECIEVED 1554057506 TRANSACTION 81 71 194
UPDATE 1554057506 TRANSACTION 40930570110ef3166fc20a5553261b5b
RECIEVED 1554057506 TRANSACTION 82 71 195
RECIEVED 1554057506 TRANSACTION 81 71 195
UPDATE 1554057506 TRANSACTION c6554314f120025f06b695329fdbcb6c
RECIEVED 1554057506 TRANSACTION 81 71 196
RECIEVED 1554057506 TRANSACTION 81 71 196
UPDATE 1554057506 TRANSACTION 7c90e02c485e04280ee936c0c5293582
SEND 1554057506 TRANSACTION 81 25928 7c90e02c485e04280ee936c0c5293582
SEND 1554057506 TRANSACTION 81 10824 7c90e02c485e04280ee936c0c5293582
RECIEVED 1554057506 TRANSACTION 81 71 197
UPDATE 1554057506 TRANSACTION 996b7a5a51b929bc11bb70777fb1e66b
RECIEVED 1554057506 TRANSACTION 82 71 198
UPDATE 1554057506 TRANSACTION a85298b2c1b2d30802375c19f9ccfc8f
SEND 1554057506 TRANSACTION 82 11086 a85298b2c1b2d30802375c19f9ccfc8f
SEND 1554057506 TRANSACTION 82 10801 a85298b2c1b2d30802375c19f9ccfc8f
RECIEVED 1554057506 TRANSACTION 81 71 199
UPDATE 1554057506 TRANSACTION 613be97b88c653fe2dc7426da8f45d48
SEND 1554057506 TRANSACTION 81 14164 613be97b88c653fe2dc7426da8f45d48
RECIEVED 1554057506 TRANSACTION 81 71 200
UPDATE 1554057506 TRANSACTION b0939888da47f2eee4ccf7db93cbc5ab
SEND 1554057506 TRANSACTION 81 9224 b0939888da47f2eee4ccf7db93cbc5ab
SEND 1554057506 TRANSACTION 81 10275 b0939888da47f2eee4ccf7db93cbc5ab
SEND 1554057506 TRANSACTION 81 27298 b0939888da47f2eee4ccf7db93cbc5ab
SEND 1554057506 TRANSACTION 81 9634 b0939888da47f2eee4ccf7db93cbc5ab
RECIEVED 1554057506 TRANSACTION 81 71 201
RECIEVED 1554057506 TRANSACTION 81 71 201
UPDATE 1554057506 TRANSACTION 73ace3f8bc40df6159b7648e8accf8be
SEND 1554057506 TRANSACTION 81 17709 73ace3f8bc40df6159b7648e8accf8be
SEND 1554057506 TRANSACTION 81 14549 73ace3f8bc40df6159b7648e8accf8be
SEND 1554057506 TRANSACTION 81 223454 73ace3f8bc40df6159b7648e8accf8be
RECIEVED 1554057506 TRANSACTION 81 71 202
RECIEVED 1554057506 TRANSACTION 81 71 202
UPDATE 1554057506 TRANSACTION 68be9c6c6f4232b0c08d57e1002a5253
RECIEVED 1554057506 TRANSACTION 81 71 203
UPDATE 1554057506 TRANSACTION bfc9e57592399980c7d3520c451a4512
SEND 1554057506 TRANSACTION 81 13185 bfc9e57592399980c7d3520c451a4512
SEND 1554057506 TRANSACTION 81 19232 bfc9e57592399980c7d3520c451a4512
RECIEVED 1554057506 TRANSACTION 81 71 204
RECIEVED 1554057506 TRANSACTION 81 71 204
UPDATE 1554057506 TRANSACTION 32ef2eac77a2065ed3a845130f617470
SEND 1554057506 TRANSACTION 81 14426 32ef2eac77a2065ed3a845130f617470
RECIEVED 1554057506 TRANSACTION 81 71 205
RECIEVED 1554057506 TRANSACTION 81 71 205
UPDATE 1554057506 TRANSACTION 2fd4e41a163edd667f7ff16be11a0f24
RECIEVED 1554057506 TRANSACTION 81 71 206
RECIEVED 1554057506 TRANSACTION 81 71 206
UPDATE 1554057506 TRANSACTION 587545ac866958a344131a93c31a6a72
SEND 1554057506 TRANSACTION 81 15986 587545ac866958a344131a93c31a6a72
RECIEVED 1554057506 TRANSACTION 80 71 207
UPDATE 1554057506 TRANSACTION 28c2f6580b4c810308dfbc3f69bf7158
SEND 1554057506 TRANSACTION 80 20483 28c2f6580b4c810308dfbc3f69bf7158
RECIEVED 1554057506 TRANSACTION 80 71 208
RECIEVED 1554057506 TRANSACTION 81 71 208
RECIEVED 1554057506 TRANSACTION 81 71 208
UPDATE 1554057506 TRANSACTION 91764f8a75c3b9e98febeb4e171d09fa
SEND 1554057506 TRANSACTION 81 12200 91764f8a75c3b9e98febeb4e171d09fa
RECIEVED 1554057506 TRANSACTION 81 71 209
UPDATE 1554057506 TRANSACTION 116b887d84dd69c17cd96f36b35019cc
SEND 1554057506 TRANSACTION 81 14020 116b887d84dd69c17cd96f36b35019cc
SEND 1554057506 TRANSACTION 81 10173 116b887d84dd69c17cd96f36b35019cc
RECIEVED 1554057506 TRANSACTION 82 71 210
UPDATE 1554057506 TRANSACTION ae625a6e5d992e51978e68eac6099bed
SEND 1554057506 TRANSACTION 82 10540 ae625a6e5d992e51978e68eac6099bed
RECIEVED 1554057506 TRANSACTION 82 71 211
RECIEVED 1554057506 TRANSACTION 81 71 211
UPDATE 1554057506 TRANSACTION 7413f626943386d8b85f679bfd44865a
SEND 1554057506 TRANSACTION 81 44698 7413f626943386d8b85f679bfd44865a
SEND 1554057506 TRANSACTION 81 20239 7413f626943386d8b85f679bfd44865a
RECIEVED 1554057506 TRANSACTION 81 71 212
RECIEVED 1554057506 TRANSACTION 81 71 212
UPDATE 1554057506 TRANSACTION 37f5c534c0a385883cd91086848c409d
RECIEVED 1554057506 TRANSACTION 81 71 213
RECIEVED 1554057507 TRANSACTION 81 71 213
RECIEVED 1554057507 TRANSACTION 81 71 213
UPDATE 1554057507 TRANSACTION 7e4d5fc0e4dc533e928652a1beb0cf17
SEND 1554057507 TRANSACTION 81 14144 7e4d5fc0e4dc533e928652a1beb0cf17
RECIEVED 1554057507 TRANSACTION 81 71 214
UPDATE 1554057507 TRANSACTION 07973320c97a476a22f3a0e5511c8b67
SEND 1554057507 TRANSACTION 81 9460 07973320c97a476a22f3a0e5511c8b67
SEND 1554057507 TRANSACTION 81 23350 07973320c97a476a22f3a0e5511c8b67
RECIEVED 1554057507 TRANSACTION 81 71 215
UPDATE 1554057507 TRANSACTION 86426b4dacf109a61e0f96ff9de41bff
SEND 1554057507 TRANSACTION 81 8977 86426b4dacf109a61e0f96ff9de41bff
RECIEVED 1554057507 TRANSACTION 81 71 216
UPDATE 1554057507 TRANSACTION 68c9a45dc2edd966a146ba151088dc01
SEND 1554057507 TRANSACTION 81 10456 68c9a45dc2edd966a146ba151088dc01
SEND 1554057507 TRANSACTION 81 30279 68c9a45dc2edd966a146ba151088dc01
RECIEVED 1554057507 TRANSACTION 81 71 217
UPDATE 1554057507 TRANSACTION 197d3aabb56d7f1fd6dd3e12d92a76a2
RECIEVED 1554057507 TRANSACTION 81 71 218
RECIEVED 1554057507 TRANSACTION 80 71 218
UPDATE 1554057507 TRANSACTION 9c6d9aadc92471a855cbc253da8a81ed
SEND 1554057507 TRANSACTION 80 10050 9c6d9aadc92471a855cbc253da8a81ed
SEND 1554057507 TRANSACTION 80 20482 9c6d9aadc92471a855cbc253da8a81ed
SEND 1554057507 TRANSACTION 80 14971 9c6d9aadc92471a855cbc253da8a81ed
RECIEVED 1554057507 TRANSACTION 80 71 219
UPDATE 1554057507 TRANSACTION 11ce92763257a74377a3decc9226f0b7
SEND 1554057507 TRANSACTION 80 14682 11ce92763257a74377a3decc9226f0b7
SEND 1554057507 TRANSACTION 80 10362 11ce92763257a74377a3decc9226f0b7
RECIEVED 1554057507 TRANSACTION 80 71 220
RECIEVED 1554057507 TRANSACTION 80 71 220
RECIEVED 1554057507 TRANSACTION 80 71 220
RECIEVED 1554057507 TRANSACTION 80 71 220
UPDATE 1554057507 TRANSACTION c2550b2cdf09288630ebfa77c8ac0972
SEND 1554057507 TRANSACTION 80 19907 c2550b2cdf09288630ebfa77c8ac0972
RECIEVED 1554057507 TRANSACTION 81 71 221
UPDATE 1554057507 TRANSACTION e0c685b72bacf8e65b4a9640abbdd161
SEND 1554057507 TRANSACTION 81 9530 e0c685b72bacf8e65b4a9640abbdd161
RECIEVED 1554057507 TRANSACTION 80 71 222
UPDATE 1554057507 TRANSACTION 2546ec618e0de3b1f7c269c13a1f65fd
SEND 1554057507 TRANSACTION 80 16253 2546ec618e0de3b1f7c269c13a1f65fd
SEND 1554057507 TRANSACTION 80 16240 2546ec618e0de3b1f7c269c13a1f65fd
SEND 1554057507 TRANSACTION 80 12991 2546ec618e0de3b1f7c269c13a1f65fd
RECIEVED 1554057507 TRANSACTION 81 71 223
UPDATE 1554057507 TRANSACTION aca68786c312f5184e54a4f8c221a944
SEND 1554057507 TRANSACTION 81 9796 aca68786c312f5184e54a4f8c221a944
RECIEVED 1554057507 TRANSACTION 80 71 224
UPDATE 1554057507 TRANSACTION 354bbc1d29fbf46f80f1f0c5ee8a196c
SEND 1554057507 TRANSACTION 80 15530 354bbc1d29fbf46f80f1f0c5ee8a196c
SEND 1554057507 TRANSACTION 80 10094 354bbc1d29fbf46f80f1f0c5ee8a196c
RECIEVED 1554057507 TRANSACTION 80 71 225
RECIEVED 1554057507 TRANSACTION 80 71 225
RECIEVED 1554057507 TRANSACTION 81 71 225
RECIEVED 1554057507 TRANSACTION 80 71 225
RECIEVED 1554057507 TRANSACTION 81 71 225
UPDATE 1554057507 TRANSACTION a12921c8dea6aaac720a42e0f56e452d
SEND 1554057507 TRANSACTION 81 18283 a12921c8dea6aaac720a42e0f56e452d
RECIEVED 1554057507 TRANSACTION 79 71 226
UPDATE 1554057507 TRANSACTION 0c52cc54330687e1803feb867f1ca5c2
SEND 1554057507 TRANSACTION 79 14615 0c52cc54330687e1803feb867f1ca5c2
SEND 1554057507 TRANSACTION 79 12012 0c52cc54330687e1803feb867f1ca5c2
RECIEVED 1554057507 TRANSACTION 81 71 227
RECIEVED 1554057507 TRANSACTION 81 71 227
UPDATE 1554057507 TRANSACTION 44f2656f2ed6d9438ee55eddd7c1e665
RECIEVED 1554057507 TRANSACTION 81 71 228
UPDATE 1554057507 TRANSACTION 106b948ff25238c9d763ba2ea7f529e9
SEND 1554057507 TRANSACTION 81 15502 106b948ff25238c9d763ba2ea7f529e9
RECIEVED 1554057507 TRANSACTION 80 71 229
UPDATE 1554057507 TRANSACTION 9a57b7e2a7f6edee4a9659c9e99abddd
RECIEVED 1554057508 TRANSACTION 81 71 230
RECIEVED 1554057508 TRANSACTION 81 71 230
UPDATE 1554057508 TRANSACTION b5ba6ab3eb4361659505f50822f71c11
SEND 1554057508 TRANSACTION 81 10374 b5ba6ab3eb4361659505f50822f71c11
RECIEVED 1554057508 TRANSACTION 81 71 231
UPDATE 1554057508 TRANSACTION a5a09f9b41ee281a74a7b0977289d980
SEND 1554057508 TRANSACTION 81 9880 a5a09f9b41ee281a74a7b0977289d980
SEND 1554057508 TRANSACTION 81 9401 a5a09f9b41ee281a74a7b0977289d980
SEND 1554057508 TRANSACTION 81 14342 a5a09f9b41ee281a74a7b0977289d980
RECIEVED 1554057508 TRANSACTION 81 71 232
RECIEVED 1554057508 TRANSACTION 80 71 232
UPDATE 1554057508 TRANSACTION 3bf707668a0c7d9a8383b7d4457e92b3
SEND 1554057508 TRANSACTION 80 21490 3bf707668a0c7d9a8383b7d4457e92b3
SEND 1554057508 TRANSACTION 80 10408 3bf707668a0c7d9a8383b7d4457e92b3
RECIEVED 1554057508 TRANSACTION 80 71 233
UPDATE 1554057508 TRANSACTION 796eebcf7dd5767eefa9978ded2addbc
SEND 1554057508 TRANSACTION 80 9839 796eebcf7dd5767eefa9978ded2addbc
RECIEVED 1554057508 TRANSACTION 81 71 234
UPDATE 1554057508 TRANSACTION 3fc66ad6fec153b2d4a8e68015d73997
SEND 1554057508 TRANSACTION 81 8957 3fc66ad6fec153b2d4a8e68015d73997
RECIEVED 1554057508 TRANSACTION 81 71 235
UPDATE 1554057508 TRANSACTION 5301898091cf48f1f214c9b55c6c3ae7
SEND 1554057508 TRANSACTION 81 23042 5301898091cf48f1f214c9b55c6c3ae7
RECIEVED 1554057508 TRANSACTION 82 71 236
UPDATE 1554057508 TRANSACTION 74a55a4c3ed7d9a543f3e8ccd4ca5c3c
SEND 1554057508 TRANSACTION 82 13689 74a55a4c3ed7d9a543f3e8ccd4ca5c3c
RECIEVED 1554057508 TRANSACTION 82 71 237
RECIEVED 1554057508 TRANSACTION 82 71 237
RECIEVED 1554057508 TRANSACTION 81 71 237
UPDATE 1554057508 TRANSACTION 16f5c46a7b48741c0cd4755eabf30af4
RECIEVED 1554057509 TRANSACTION 81 71 238
UPDATE 1554057509 TRANSACTION 444c7ea62b6b8c65fbfb81dd429d412e
SEND 1554057509 TRANSACTION 81 41660 444c7ea62b6b8c65fbfb81dd429d412e
SEND 1554057509 TRANSACTION 81 15612 444c7ea62b6b8c65fbfb81dd429d412e
RECIEVED 1554057509 TRANSACTION 81 71 239
RECIEVED 1554057509 TRANSACTION 81 71 239
RECIEVED 1554057509 TRANSACTION 79 71 239
UPDATE 1554057509 TRANSACTION 28074a14b8dee088c37108012c16f453
SEND 1554057509 TRANSACTION 79 15018 28074a14b8dee088c37108012c16f453
RECIEVED 1554057509 TRANSACTION 81 71 240
UPDATE 1554057509 TRANSACTION 33191499971f3315926757c6b5acce3e
SEND 1554057509 TRANSACTION 81 9440 33191499971f3315926757c6b5acce3e
RECIEVED 1554057509 TRANSACTION 82 71 241
UPDATE 1554057509 TRANSACTION 2f894f2d1ce86f43826eed2945576f82
SEND 1554057509 TRANSACTION 82 14906 2f894f2d1ce86f43826eed2945576f82
SEND 1554057509 TRANSACTION 82 10956 2f894f2d1ce86f43826eed2945576f82
RECIEVED 1554057509 TRANSACTION 82 71 242
RECIEVED 1554057509 TRANSACTION 80 71 242
UPDATE 1554057509 TRANSACTION e9708a8f26964ebbb7912f8d9c50e022
SEND 1554057509 TRANSACTION 80 10803 e9708a8f26964ebbb7912f8d9c50e022
SEND 1554057509 TRANSACTION 80 11172 e9708a8f26964ebbb7912f8d9c50e022
RECIEVED 1554057509 TRANSACTION 81 71 243
RECIEVED 1554057509 TRANSACTION 80 71 243
RECIEVED 1554057509 TRANSACTION 81 71 243
UPDATE 1554057509 TRANSACTION b2548b7776c9690dc46deef8de69df22
RECIEVED 1554057509 TRANSACTION 79 71 244
UPDATE 1554057509 TRANSACTION 6f49dc59f801b8f0930f7b3cccdf4524
SEND 1554057509 TRANSACTION 79 10168 6f49dc59f801b8f0930f7b3cccdf4524
SEND 1554057509 TRANSACTION 79 11401 6f49dc59f801b8f0930f7b3cccdf4524
RECIEVED 1554057509 TRANSACTION 79 71 245
RECIEVED 1554057509 TRANSACTION 81 71 245
RECIEVED 1554057509 TRANSACTION 81 71 245
UPDATE 1554057509 TRANSACTION b344dc36cdfec908cc735072a4ba0bd3
SEND 1554057509 TRANSACTION 81 20245 b344dc36cdfec908cc735072a4ba0bd3
SEND 1554057509 TRANSACTION 81 45973 b344dc36cdfec908cc735072a4ba0bd3
RECIEVED 1554057509 TRANSACTION 81 71 246
UPDATE 1554057509 TRANSACTION 5457bfc550af06ec8416097a0c312b06
SEND 1554057509 TRANSACTION 81 15004 5457bfc550af06ec8416097a0c312b06
RECIEVED 1554057509 TRANSACTION 81 71 247
RECIEVED 1554057509 TRANSACTION 81 71 247
RECIEVED 1554057509 TRANSACTION 81 71 247
UPDATE 1554057509 TRANSACTION 6e852646f6b0742ecfaa2f537e1ea252
SEND 1554057509 TRANSACTION 81 34283 6e852646f6b0742ecfaa2f537e1ea252
SEND 1554057509 TRANSACTION 81 31279 6e852646f6b0742ecfaa2f537e1ea252
SEND 1554057509 TRANSACTION 81 26839 6e852646f6b0742ecfaa2f537e1ea252
RECIEVED 1554057509 TRANSACTION 81 71 248
RECIEVED 1554057509 TRANSACTION 81 71 248
UPDATE 1554057509 TRANSACTION 1a23029866b7f935d44a99a54bcf1c65
SEND 1554057509 TRANSACTION 81 19344 1a23029866b7f935d44a99a54bcf1c65
SEND 1554057509 TRANSACTION 81 59346 1a23029866b7f935d44a99a54bcf1c65
RECIEVED 1554057509 TRANSACTION 81 71 249
RECIEVED 1554057509 TRANSACTION 81 71 249
UPDATE 1554057509 TRANSACTION 70b60534c0897b45eb85279b0cee4903
SEND 1554057509 TRANSACTION 81 25259 70b60534c0897b45eb85279b0cee4903
SEND 1554057509 TRANSACTION 81 13116 70b60534c0897b45eb85279b0cee4903
RECIEVED 1554057510 TRANSACTION 80 71 250
UPDATE 1554057510 TRANSACTION 6e15fb13d8509f2804443ee501504d48
SEND 1554057510 TRANSACTION 80 20937 6e15fb13d8509f2804443ee501504d48
RECIEVED 1554057510 TRANSACTION 79 71 251
UPDATE 1554057510 TRANSACTION e0d28b431475624d085b50b94554cd09
RECIEVED 1554057510 TRANSACTION 79 71 252
RECIEVED 1554057510 TRANSACTION 81 71 252
UPDATE 1554057510 TRANSACTION 186fffe29b52462f2bbf0ba81b32991f
RECIEVED 1554057510 TRANSACTION 80 71 253
UPDATE 1554057510 TRANSACTION 5b909a4d0f3c5fe6c4ec517b40594a21
RECIEVED 1554057510 TRANSACTION 81 71 254
UPDATE 1554057510 TRANSACTION dd8c354a6886f52c3aeaf6039e011b0e
SEND 1554057510 TRANSACTION 81 18614 dd8c354a6886f52c3aeaf6039e011b0e
SEND 1554057510 TRANSACTION 81 21124 dd8c354a6886f52c3aeaf6039e011b0e
RECIEVED 1554057510 TRANSACTION 80 71 255
RECIEVED 1554057510 TRANSACTION 81 71 255
RECIEVED 1554057510 HB 3 71 255
RECIEVED 1554057510 TRANSACTION 80 71 255
UPDATE 1554057510 TRANSACTION 82e87cf722238bc5b86bba49c9f586e1
SEND 1554057510 TRANSACTION 80 16687 82e87cf722238bc5b86bba49c9f586e1
RECIEVED 1554057510 TRANSACTION 80 71 256
RECIEVED 1554057510 TRANSACTION 80 71 256
UPDATE 1554057510 TRANSACTION 7fbdedf6ccf0310deaa95496597d7141
RECIEVED 1554057510 TRANSACTION 81 71 257
UPDATE 1554057510 TRANSACTION c93fa1f4d43501e22e26d987723008e7
SEND 1554057510 TRANSACTION 81 32290 c93fa1f4d43501e22e26d987723008e7
RECIEVED 1554057511 TRANSACTION 82 71 258
UPDATE 1554057511 TRANSACTION 854e8d7be0a46fa3e73d46f37951b8fd
SEND 1554057511 TRANSACTION 82 9409 854e8d7be0a46fa3e73d46f37951b8fd
RECIEVED 1554057511 TRANSACTION 81 71 259
UPDATE 1554057511 TRANSACTION 18577ff9932621328012fa198f980933
SEND 1554057511 TRANSACTION 81 14493 18577ff9932621328012fa198f980933
SEND 1554057511 TRANSACTION 81 18581 18577ff9932621328012fa198f980933
RECIEVED 1554057511 TRANSACTION 81 71 260
UPDATE 1554057511 TRANSACTION 495aff65e78f6c69ade53b2fd59c9aee
SEND 1554057511 TRANSACTION 81 15684 495aff65e78f6c69ade53b2fd59c9aee
SEND 1554057511 TRANSACTION 81 19499 495aff65e78f6c69ade53b2fd59c9aee
RECIEVED 1554057511 TRANSACTION 81 71 261
RECIEVED 1554057511 TRANSACTION 81 71 261
RECIEVED 1554057511 TRANSACTION 81 71 261
RECIEVED 1554057511 TRANSACTION 81 71 261
UPDATE 1554057511 TRANSACTION acb3ae5d88246c42c232fbebc4c4afaa
RECIEVED 1554057511 TRANSACTION 81 71 262
UPDATE 1554057511 TRANSACTION 5e420dbd3144aab78185eba8eb4d6832
RECIEVED 1554057511 TRANSACTION 82 71 263
RECIEVED 1554057511 TRANSACTION 81 71 263
RECIEVED 1554057511 TRANSACTION 81 71 263
UPDATE 1554057511 TRANSACTION 5cffa9bd827f2137fdd4f05e30ee1f24
SEND 1554057511 TRANSACTION 81 10208 5cffa9bd827f2137fdd4f05e30ee1f24
SEND 1554057511 TRANSACTION 81 10668 5cffa9bd827f2137fdd4f05e30ee1f24
RECIEVED 1554057511 TRANSACTION 82 71 264
UPDATE 1554057511 TRANSACTION 8cb430c978449241a7dae2dbe3e9d28d
SEND 1554057511 TRANSACTION 82 16273 8cb430c978449241a7dae2dbe3e9d28d
SEND 1554057511 TRANSACTION 82 10069 8cb430c978449241a7dae2dbe3e9d28d
RECIEVED 1554057511 TRANSACTION 81 71 265
UPDATE 1554057511 TRANSACTION 23a1553be98a86ac947ba85945316b6a
SEND 1554057511 TRANSACTION 81 14460 23a1553be98a86ac947ba85945316b6a
RECIEVED 1554057511 TRANSACTION 78 71 266
UPDATE 1554057511 TRANSACTION 9562e145e521b8741c377c63e58e4525
SEND 1554057511 TRANSACTION 78 11915 9562e145e521b8741c377c63e58e4525
RECIEVED 1554057511 TRANSACTION 80 71 267
UPDATE 1554057511 TRANSACTION f0ce6697ab561aa0b5b1be009f556afb
RECIEVED 1554057511 TRANSACTION 80 71 268
RECIEVED 1554057511 TRANSACTION 80 71 268
UPDATE 1554057511 TRANSACTION 982af8234d5aab5159495191b91ab2f2
SEND 1554057511 TRANSACTION 80 10230 982af8234d5aab5159495191b91ab2f2
SEND 1554057511 TRANSACTION 80 30382 982af8234d5aab5159495191b91ab2f2
RECIEVED 1554057511 TRANSACTION 80 71 269
RECIEVED 1554057511 TRANSACTION 80 71 269
UPDATE 1554057511 TRANSACTION dbc15bbff4ec7f02016a5ef19cfef948
SEND 1554057511 TRANSACTION 80 15390 dbc15bbff4ec7f02016a5ef19cfef948
SEND 1554057511 TRANSACTION 80 9920 dbc15bbff4ec7f02016a5ef19cfef948
SEND 1554057511 TRANSACTION 80 9919 dbc15bbff4ec7f02016a5ef19cfef948
RECIEVED 1554057511 TRANSACTION 80 71 270
UPDATE 1554057511 TRANSACTION 29f7330b5bb75d59837e90628d461445
SEND 1554057511 TRANSACTION 80 9528 29f7330b5bb75d59837e90628d461445
RECIEVED 1554057511 TRANSACTION 80 71 271
RECIEVED 1554057512 TRANSACTION 80 71 271
UPDATE 1554057512 TRANSACTION 97e60a24a61733fd873d7a1d89478597
SEND 1554057512 TRANSACTION 80 9660 97e60a24a61733fd873d7a1d89478597
SEND 1554057512 TRANSACTION 80 37891 97e60a24a61733fd873d7a1d89478597
RECIEVED 1554057512 TRANSACTION 81 71 272
UPDATE 1554057512 TRANSACTION d786b1035b78ba1182ba169de3398ff1
SEND 1554057512 TRANSACTION 81 10703 d786b1035b78ba1182ba169de3398ff1
RECIEVED 1554057512 TRANSACTION 82 71 273
UPDATE 1554057512 TRANSACTION dd12008cbf8363d5e1212d2f76caa1f7
SEND 1554057512 TRANSACTION 82 11048 dd12008cbf8363d5e1212d2f76caa1f7
SEND 1554057512 TRANSACTION 82 10037 dd12008cbf8363d5e1212d2f76caa1f7
SEND 1554057512 TRANSACTION 82 14098 dd12008cbf8363d5e1212d2f76caa1f7
RECIEVED 1554057512 TRANSACTION 81 71 274
UPDATE 1554057512 TRANSACTION e18423d9ef91e96e0a4cb47f1b9452d1
SEND 1554057512 TRANSACTION 81 9760 e18423d9ef91e96e0a4cb47f1b9452d1
SEND 1554057512 TRANSACTION 81 12933 e18423d9ef91e96e0a4cb47f1b9452d1
RECIEVED 1554057512 TRANSACTION 81 71 275
RECIEVED 1554057512 TRANSACTION 81 71 275
UPDATE 1554057512 TRANSACTION 892bbadf72fbf05021c54c16f8a2cdff
RECIEVED 1554057512 TRANSACTION 81 71 276
RECIEVED 1554057512 TRANSACTION 81 71 276
UPDATE 1554057512 TRANSACTION ebe2d7a64e741a82b86a3ca62e226149
RECIEVED 1554057512 TRANSACTION 80 71 277
UPDATE 1554057512 TRANSACTION 7f7748e91ad91f42d270d2a87aa1d50c
SEND 1554057512 TRANSACTION 80 27043 7f7748e91ad91f42d270d2a87aa1d50c
RECIEVED 1554057512 TRANSACTION 81 71 278
UPDATE 1554057512 TRANSACTION a106bee7c85a30d7dbfedea3c7735aba
SEND 1554057512 TRANSACTION 81 13814 a106bee7c85a30d7dbfedea3c7735aba
RECIEVED 1554057512 TRANSACTION 81 71 279
UPDATE 1554057512 TRANSACTION 1abcf5d6e0a92f54d1c1cd7fdd2db231
SEND 1554057512 TRANSACTION 81 20759 1abcf5d6e0a92f54d1c1cd7fdd2db231
SEND 1554057512 TRANSACTION 81 9603 1abcf5d6e0a92f54d1c1cd7fdd2db231
RECIEVED 1554057512 TRANSACTION 80 71 280
RECIEVED 1554057512 TRANSACTION 79 71 280
UPDATE 1554057512 TRANSACTION ae034e2ec5372ed27fd16cb996e2ae55
SEND 1554057512 TRANSACTION 79 13548 ae034e2ec5372ed27fd16cb996e2ae55
RECIEVED 1554057512 TRANSACTION 81 71 281
UPDATE 1554057512 TRANSACTION 032feddffd67c737ad7304922cbe9bb2
SEND 1554057512 TRANSACTION 81 14863 032feddffd67c737ad7304922cbe9bb2
SEND 1554057512 TRANSACTION 81 11149 032feddffd67c737ad7304922cbe9bb2
SEND 1554057512 TRANSACTION 81 10641 032feddffd67c737ad7304922cbe9bb2
RECIEVED 1554057512 TRANSACTION 82 71 282
UPDATE 1554057512 TRANSACTION 8989eaa193bcb3811956cfbfd813babf
SEND 1554057512 TRANSACTION 82 10050 8989eaa193bcb3811956cfbfd813babf
SEND 1554057512 TRANSACTION 82 10406 8989eaa193bcb3811956cfbfd813babf
SEND 1554057512 TRANSACTION 82 15588 8989eaa193bcb3811956cfbfd813babf
SEND 1554057512 TRANSACTION 82 20559 8989eaa193bcb3811956cfbfd813babf
RECIEVED 1554057512 TRANSACTION 82 71 283
RECIEVED 1554057512 TRANSACTION 81 71 283
UPDATE 1554057512 TRANSACTION f9d40aaf063eaaa3849283aa9b018845
SEND 1554057512 TRANSACTION 81 8626 f9d40aaf063eaaa3849283aa9b018845
SEND 1554057512 TRANSACTION 81 9267 f9d40aaf063eaaa3849283aa9b018845
RECIEVED 1554057512 TRANSACTION 80 71 284
UPDATE 1554057512 TRANSACTION 38a5fbc06b83181df3dbd6de0615d5f5
RECIEVED 1554057512 TRANSACTION 81 71 285
UPDATE 1554057512 TRANSACTION d96529a4ed31a094fdeaf233b88b77dc
SEND 1554057512 TRANSACTION 81 8404 d96529a4ed31a094fdeaf233b88b77dc
SEND 1554057512 TRANSACTION 81 10523 d96529a4ed31a094fdeaf233b88b77dc
RECIEVED 1554057512 TRANSACTION 81 71 286
RECIEVED 1554057512 TRANSACTION 81 71 286
UPDATE 1554057512 TRANSACTION 198d9dc103c926114431731f99cf6d80
SEND 1554057512 TRANSACTION 81 10186 198d9dc103c926114431731f99cf6d80
SEND 1554057512 TRANSACTION 81 13539 198d9dc103c926114431731f99cf6d80
SEND 1554057512 TRANSACTION 81 23626 198d9dc103c926114431731f99cf6d80
RECIEVED 1554057512 TRANSACTION 81 71 287
RECIEVED 1554057513 TRANSACTION 81 71 287
UPDATE 1554057513 TRANSACTION dc493f311bab37683277e4cfdd3cb05c
SEND 1554057513 TRANSACTION 81 14817 dc493f311bab37683277e4cfdd3cb05c
SEND 1554057513 TRANSACTION 81 9944 dc493f311bab37683277e4cfdd3cb05c
RECIEVED 1554057513 TRANSACTION 81 71 288
UPDATE 1554057513 TRANSACTION 7b8f2409393311c4d6502877b171ee14
RECIEVED 1554057513 TRANSACTION 81 71 289
RECIEVED 1554057513 TRANSACTION 81 71 289
UPDATE 1554057513 TRANSACTION 5146fc558679949fa9cb9673b79d8a39
RECIEVED 1554057513 TRANSACTION 81 71 290
UPDATE 1554057513 TRANSACTION 2598ddb26cd7eb0167bdef2b9ca71b25
SEND 1554057513 TRANSACTION 81 10723 2598ddb26cd7eb0167bdef2b9ca71b25
SEND 1554057513 TRANSACTION 81 10635 2598ddb26cd7eb0167bdef2b9ca71b25
RECIEVED 1554057513 TRANSACTION 81 71 291
UPDATE 1554057513 TRANSACTION c849a5cb255887ddd2e6f06d5ae0584d
SEND 1554057513 TRANSACTION 81 9246 c849a5cb255887ddd2e6f06d5ae0584d
SEND 1554057513 TRANSACTION 81 9799 c849a5cb255887ddd2e6f06d5ae0584d
SEND 1554057513 TRANSACTION 81 9942 c849a5cb255887ddd2e6f06d5ae0584d
RECIEVED 1554057513 TRANSACTION 79 71 292
UPDATE 1554057513 TRANSACTION bb29a53fc1755a71d995a84d4c358558
SEND 1554057513 TRANSACTION 79 40063 bb29a53fc1755a71d995a84d4c358558
SEND 1554057513 TRANSACTION 79 9459 bb29a53fc1755a71d995a84d4c358558
SEND 1554057513 TRANSACTION 79 19833 bb29a53fc1755a71d995a84d4c358558
RECIEVED 1554057513 TRANSACTION 79 71 293
RECIEVED 1554057513 TRANSACTION 81 71 293
UPDATE 1554057513 TRANSACTION 4be76e92c8ded15b2b9ddfee19f76fe7
SEND 1554057513 TRANSACTION 81 8843 4be76e92c8ded15b2b9ddfee19f76fe7
SEND 1554057513 TRANSACTION 81 10848 4be76e92c8ded15b2b9ddfee19f76fe7
RECIEVED 1554057513 TRANSACTION 79 71 294
UPDATE 1554057513 TRANSACTION a734b5ea157314d1cb6109cb05d97796
SEND 1554057513 TRANSACTION 79 10934 a734b5ea157314d1cb6109cb05d97796
RECIEVED 1554057513 TRANSACTION 79 71 295
RECIEVED 1554057513 TRANSACTION 81 71 295
UPDATE 1554057513 TRANSACTION a56cb97df7d17eedfc8e1c5a51086a2f
SEND 1554057513 TRANSACTION 81 20926 a56cb97df7d17eedfc8e1c5a51086a2f
SEND 1554057513 TRANSACTION 81 9575 a56cb97df7d17eedfc8e1c5a51086a2f
RECIEVED 1554057513 TRANSACTION 79 71 296
UPDATE 1554057513 TRANSACTION 7ce8d649bdc53fe77b9074ce1b5bfc87
SEND 1554057513 TRANSACTION 79 9401 7ce8d649bdc53fe77b9074ce1b5bfc87
SEND 1554057513 TRANSACTION 79 9359 7ce8d649bdc53fe77b9074ce1b5bfc87
SEND 1554057513 TRANSACTION 79 9901 7ce8d649bdc53fe77b9074ce1b5bfc87
RECIEVED 1554057513 TRANSACTION 79 71 297
RECIEVED 1554057513 TRANSACTION 81 71 297
UPDATE 1554057513 TRANSACTION 5d4680c5ff114f58bd92561708db0bcb
SEND 1554057513 TRANSACTION 81 51690 5d4680c5ff114f58bd92561708db0bcb
SEND 1554057513 TRANSACTION 81 38625 5d4680c5ff114f58bd92561708db0bcb
RECIEVED 1554057513 TRANSACTION 79 71 298
UPDATE 1554057513 TRANSACTION f3c9432e9c8d5268c5fa4d6e1d342c97
SEND 1554057513 TRANSACTION 79 30730 f3c9432e9c8d5268c5fa4d6e1d342c97
SEND 1554057513 TRANSACTION 79 9629 f3c9432e9c8d5268c5fa4d6e1d342c97
RECIEVED 1554057513 TRANSACTION 79 71 299
RECIEVED 1554057513 TRANSACTION 81 71 299
# Failed listening 
%!(EXTRA string=node11)# ERROR: EOF
# Failed listening 
%!(EXTRA string=node23)# ERROR: EOF
# Failed listening 
%!(EXTRA string=node64)# ERROR: EOF
RECIEVED 1554057515 TRANSACTION 81 71 299
RECIEVED 1554057515 TRANSACTION 81 71 299
UPDATE 1554057515 TRANSACTION f7fdb6eb7a5ad23aff446f59ae787dc6
SEND 1554057515 TRANSACTION 81 12193 f7fdb6eb7a5ad23aff446f59ae787dc6
RECIEVED 1554057520 HB 3 71 300
RECIEVED 1554057529 TRANSACTION 80 71 300
UPDATE 1554057529 TRANSACTION 4a2a6b1ac1bcef6508120e7154a97071
SEND 1554057529 TRANSACTION 80 32172 4a2a6b1ac1bcef6508120e7154a97071
SEND 1554057529 TRANSACTION 80 22040 4a2a6b1ac1bcef6508120e7154a97071
RECIEVED 1554057530 HB 3 71 301
RECIEVED 1554057543 HB 3 71 301
# Failed sending to node node23
# ERROR: write tcp 172.22.156.207:58808->172.22.158.207:8023: write: broken pipe
# Failed sending to node node23
# ERROR: write tcp 172.22.156.207:58808->172.22.158.207:8023: write: broken pipe
# Failed listening 
%!(EXTRA string=node94)# ERROR: EOF
