RECIEVED 1554057481 INTRODUCE 37 0 0
SEND 1554057481 JOIN 32 15236
RECIEVED 1554057481 INTRODUCE 37 1 0
SEND 1554057481 INTRODUCE 37 21959
SEND 1554057481 JOIN 32 16086
RECIEVED 1554057481 INTRODUCE 37 2 0
SEND 1554057481 INTRODUCE 37 21583
SEND 1554057481 INTRODUCE 37 13778
SEND 1554057481 JOIN 32 14123
RECIEVED 1554057481 INTRODUCE 36 3 0
SEND 1554057481 INTRODUCE 36 20602
SEND 1554057481 INTRODUCE 36 55246
SEND 1554057481 INTRODUCE 36 42946
SEND 1554057481 JOIN 32 14981
RECIEVED 1554057481 INTRODUCE 35 4 0
RECIEVED 1554057481 INTRODUCE 36 5 0
RECIEVED 1554057481 INTRODUCE 36 6 0
RECIEVED 1554057481 INTRODUCE 36 7 0
RECIEVED 1554057481 INTRODUCE 37 8 0
RECIEVED 1554057481 INTRODUCE 37 9 0
RECIEVED 1554057481 INTRODUCE 36 10 0
RECIEVED 1554057481 INTRODUCE 37 11 0
RECIEVED 1554057481 INTRODUCE 36 11 0
RECIEVED 1554057481 INTRODUCE 35 12 0
RECIEVED 1554057481 INTRODUCE 36 12 0
RECIEVED 1554057481 INTRODUCE 35 13 0
RECIEVED 1554057481 INTRODUCE 37 14 0
RECIEVED 1554057481 INTRODUCE 35 15 0
RECIEVED 1554057481 INTRODUCE 36 16 0
RECIEVED 1554057481 INTRODUCE 36 17 0
RECIEVED 1554057481 INTRODUCE 36 18 0
RECIEVED 1554057481 INTRODUCE 36 19 0
RECIEVED 1554057481 INTRODUCE 35 20 0
RECIEVED 1554057481 INTRODUCE 36 21 0
RECIEVED 1554057481 INTRODUCE 36 21 0
RECIEVED 1554057481 INTRODUCE 35 22 0
RECIEVED 1554057481 INTRODUCE 35 23 0
RECIEVED 1554057481 INTRODUCE 37 24 0
RECIEVED 1554057481 INTRODUCE 35 25 0
RECIEVED 1554057481 INTRODUCE 36 25 0
RECIEVED 1554057481 INTRODUCE 36 26 0
RECIEVED 1554057481 INTRODUCE 36 26 0
RECIEVED 1554057481 INTRODUCE 36 27 0
RECIEVED 1554057481 INTRODUCE 37 28 0
RECIEVED 1554057481 INTRODUCE 36 29 0
RECIEVED 1554057481 INTRODUCE 37 30 0
RECIEVED 1554057481 INTRODUCE 36 31 0
RECIEVED 1554057481 INTRODUCE 37 32 0
RECIEVED 1554057482 INTRODUCE 36 33 0
RECIEVED 1554057482 INTRODUCE 37 34 0
RECIEVED 1554057482 INTRODUCE 36 35 0
RECIEVED 1554057482 INTRODUCE 37 36 0
RECIEVED 1554057482 INTRODUCE 36 37 0
RECIEVED 1554057482 INTRODUCE 36 38 0
RECIEVED 1554057482 INTRODUCE 37 39 0
RECIEVED 1554057482 INTRODUCE 35 40 0
RECIEVED 1554057482 INTRODUCE 37 40 0
RECIEVED 1554057482 INTRODUCE 37 41 0
RECIEVED 1554057482 INTRODUCE 37 41 0
RECIEVED 1554057482 INTRODUCE 36 42 0
RECIEVED 1554057482 INTRODUCE 36 43 0
RECIEVED 1554057482 INTRODUCE 37 44 0
RECIEVED 1554057482 INTRODUCE 35 45 0
RECIEVED 1554057482 INTRODUCE 37 45 0
RECIEVED 1554057482 INTRODUCE 36 46 0
RECIEVED 1554057482 INTRODUCE 35 47 0
RECIEVED 1554057482 INTRODUCE 36 48 0
RECIEVED 1554057482 INTRODUCE 36 48 0
RECIEVED 1554057482 INTRODUCE 36 49 0
RECIEVED 1554057482 INTRODUCE 37 49 0
RECIEVED 1554057482 INTRODUCE 36 50 0
RECIEVED 1554057482 INTRODUCE 36 51 0
RECIEVED 1554057482 INTRODUCE 36 52 0
RECIEVED 1554057482 INTRODUCE 36 52 0
RECIEVED 1554057482 INTRODUCE 36 53 0
RECIEVED 1554057482 INTRODUCE 35 54 0
RECIEVED 1554057482 INTRODUCE 37 55 0
RECIEVED 1554057482 INTRODUCE 36 56 0
RECIEVED 1554057482 INTRODUCE 37 56 0
RECIEVED 1554057482 INTRODUCE 36 57 0
RECIEVED 1554057482 TRANSACTION 81 58 0
UPDATE 1554057482 TRANSACTION 4b6f4e312db239ad25b57e298ac8b411
SEND 1554057482 TRANSACTION 81 20983 4b6f4e312db239ad25b57e298ac8b411
RECIEVED 1554057482 INTRODUCE 36 58 1
RECIEVED 1554057482 INTRODUCE 35 59 1
RECIEVED 1554057482 INTRODUCE 37 59 1
RECIEVED 1554057482 INTRODUCE 36 60 1
RECIEVED 1554057482 INTRODUCE 36 61 1
RECIEVED 1554057482 INTRODUCE 36 61 1
RECIEVED 1554057482 INTRODUCE 35 62 1
RECIEVED 1554057482 INTRODUCE 35 63 1
RECIEVED 1554057482 INTRODUCE 36 63 1
RECIEVED 1554057482 INTRODUCE 37 63 1
RECIEVED 1554057482 INTRODUCE 36 64 1
RECIEVED 1554057482 INTRODUCE 35 65 1
RECIEVED 1554057482 INTRODUCE 36 65 1
RECIEVED 1554057482 INTRODUCE 36 65 1
RECIEVED 1554057482 INTRODUCE 36 66 1
RECIEVED 1554057482 TRANSACTION 81 67 1
UPDATE 1554057482 TRANSACTION 93dd2fc40e256eb6797d5032566af932
SEND 1554057482 TRANSACTION 81 14553 93dd2fc40e256eb6797d5032566af932
SEND 1554057482 TRANSACTION 81 21562 93dd2fc40e256eb6797d5032566af932
SEND 1554057482 TRANSACTION 81 47751 93dd2fc40e256eb6797d5032566af932
RECIEVED 1554057482 INTRODUCE 36 67 2
RECIEVED 1554057482 TRANSACTION 81 68 2
UPDATE 1554057482 TRANSACTION e1f89ca001792f56c346766e0f826322
SEND 1554057482 TRANSACTION 81 30095 e1f89ca001792f56c346766e0f826322
SEND 1554057482 TRANSACTION 81 17286 e1f89ca001792f56c346766e0f826322
RECIEVED 1554057482 INTRODUCE 37 68 3
RECIEVED 1554057482 INTRODUCE 36 68 3
RECIEVED 1554057482 TRANSACTION 81 68 3
UPDATE 1554057482 TRANSACTION b936ca4c6ef7a2f3b3ed25ffc23a6f53
SEND 1554057482 TRANSACTION 81 14549 b936ca4c6ef7a2f3b3ed25ffc23a6f53
SEND 1554057482 TRANSACTION 81 16723 b936ca4c6ef7a2f3b3ed25ffc23a6f53
RECIEVED 1554057482 TRANSACTION 81 68 4
RECIEVED 1554057482 TRANSACTION 81 68 4
UPDATE 1554057482 TRANSACTION 644c450f4e3092b1bda3579130483fe2
SEND 1554057482 TRANSACTION 81 50315 644c450f4e3092b1bda3579130483fe2
SEND 1554057482 TRANSACTION 81 27559 644c450f4e3092b1bda3579130483fe2
RECIEVED 1554057482 TRANSACTION 81 68 5
RECIEVED 1554057482 TRANSACTION 81 68 5
UPDATE 1554057482 TRANSACTION dc4d7f4c0c8ab737e7275fff18a57049
SEND 1554057482 TRANSACTION 81 14916 dc4d7f4c0c8ab737e7275fff18a57049
SEND 1554057482 TRANSACTION 81 15734 dc4d7f4c0c8ab737e7275fff18a57049
RECIEVED 1554057482 TRANSACTION 81 68 6
UPDATE 1554057482 TRANSACTION ecadc0dd1f8355ecc1c2ae2dcb97b80a
SEND 1554057482 TRANSACTION 81 25807 ecadc0dd1f8355ecc1c2ae2dcb97b80a
SEND 1554057482 TRANSACTION 81 14414 ecadc0dd1f8355ecc1c2ae2dcb97b80a
RECIEVED 1554057482 TRANSACTION 81 68 7
RECIEVED 1554057482 TRANSACTION 81 68 7
UPDATE 1554057482 TRANSACTION 15c4529904abc7c6c31870c0429daf57
RECIEVED 1554057482 TRANSACTION 82 68 8
UPDATE 1554057482 TRANSACTION f0fbd5633347ab818349a7b5001bd4e1
SEND 1554057482 TRANSACTION 82 10834 f0fbd5633347ab818349a7b5001bd4e1
SEND 1554057482 TRANSACTION 82 14159 f0fbd5633347ab818349a7b5001bd4e1
RECIEVED 1554057482 TRANSACTION 81 68 9
UPDATE 1554057482 TRANSACTION 232a7201bdd10dd04d5e883217deab3a
SEND 1554057482 TRANSACTION 81 22087 232a7201bdd10dd04d5e883217deab3a
RECIEVED 1554057482 TRANSACTION 82 68 10
RECIEVED 1554057482 TRANSACTION 81 68 10
RECIEVED 1554057482 TRANSACTION 81 68 10
UPDATE 1554057482 TRANSACTION f7e8634ec95cba07dbc8a5b1c0293049
SEND 1554057482 TRANSACTION 81 20793 f7e8634ec95cba07dbc8a5b1c0293049
SEND 1554057482 TRANSACTION 81 11054 f7e8634ec95cba07dbc8a5b1c0293049
RECIEVED 1554057482 TRANSACTION 82 68 11
RECIEVED 1554057482 TRANSACTION 81 68 11
UPDATE 1554057482 TRANSACTION 3244acb12b93e355de392c33e8ac4dc5
SEND 1554057482 TRANSACTION 81 9806 3244acb12b93e355de392c33e8ac4dc5
RECIEVED 1554057482 TRANSACTION 81 68 12
RECIEVED 1554057482 TRANSACTION 81 68 12
RECIEVED 1554057482 TRANSACTION 81 68 12
RECIEVED 1554057482 TRANSACTION 80 68 12
UPDATE 1554057482 TRANSACTION 48b27ce16806c97bda4ca0d24d3e7f33
SEND 1554057482 TRANSACTION 80 9843 48b27ce16806c97bda4ca0d24d3e7f33
SEND 1554057482 TRANSACTION 80 23387 48b27ce16806c97bda4ca0d24d3e7f33
SEND 1554057482 TRANSACTION 80 10273 48b27ce16806c97bda4ca0d24d3e7f33
RECIEVED 1554057482 TRANSACTION 81 68 13
UPDATE 1554057482 TRANSACTION 599786b08ef501badf68e14bdf9dde3f
SEND 1554057482 TRANSACTION 81 18655 599786b08ef501badf68e14bdf9dde3f
RECIEVED 1554057482 TRANSACTION 81 68 14
RECIEVED 1554057482 TRANSACTION 81 68 14
UPDATE 1554057482 TRANSACTION 3a8f85db9a938f8f5949e3d50260e654
SEND 1554057482 TRANSACTION 81 36747 3a8f85db9a938f8f5949e3d50260e654
SEND 1554057482 TRANSACTION 81 32743 3a8f85db9a938f8f5949e3d50260e654
SEND 1554057482 TRANSACTION 81 14468 3a8f85db9a938f8f5949e3d50260e654
RECIEVED 1554057482 TRANSACTION 81 68 15
RECIEVED 1554057483 TRANSACTION 80 68 15
UPDATE 1554057483 TRANSACTION 10fb4c916e3f42b2e399ae1dca79ce6b
RECIEVED 1554057483 TRANSACTION 81 68 16
UPDATE 1554057483 TRANSACTION a643552075c6a80c157282a426ec4263
SEND 1554057483 TRANSACTION 81 9547 a643552075c6a80c157282a426ec4263
SEND 1554057483 TRANSACTION 81 17100 a643552075c6a80c157282a426ec4263
RECIEVED 1554057483 TRANSACTION 81 68 17
UPDATE 1554057483 TRANSACTION e46fdf2cc4f4bdfaa47d19e060cbe929
SEND 1554057483 TRANSACTION 81 12292 e46fdf2cc4f4bdfaa47d19e060cbe929
RECIEVED 1554057483 TRANSACTION 81 68 18
UPDATE 1554057483 TRANSACTION 3bc0b5b88d0906cd3974cec84f0206ad
SEND 1554057483 TRANSACTION 81 26071 3bc0b5b88d0906cd3974cec84f0206ad
SEND 1554057483 TRANSACTION 81 10990 3bc0b5b88d0906cd3974cec84f0206ad
RECIEVED 1554057483 TRANSACTION 80 68 19
UPDATE 1554057483 TRANSACTION 2658e2675eda69a8896b0b7a470749dd
SEND 1554057483 TRANSACTION 80 16979 2658e2675eda69a8896b0b7a470749dd
SEND 1554057483 TRANSACTION 80 21614 2658e2675eda69a8896b0b7a470749dd
RECIEVED 1554057483 TRANSACTION 80 68 20
RECIEVED 1554057483 TRANSACTION 80 68 20
RECIEVED 1554057483 TRANSACTION 80 68 20
RECIEVED 1554057483 TRANSACTION 81 68 20
UPDATE 1554057483 TRANSACTION f72434e32be831e2e12e48934cebf2ec
SEND 1554057483 TRANSACTION 81 19696 f72434e32be831e2e12e48934cebf2ec
SEND 1554057483 TRANSACTION 81 16273 f72434e32be831e2e12e48934cebf2ec
RECIEVED 1554057483 TRANSACTION 81 68 21
UPDATE 1554057483 TRANSACTION c346026337545aa95d7f1e6b813d6323
SEND 1554057483 TRANSACTION 81 28221 c346026337545aa95d7f1e6b813d6323
SEND 1554057483 TRANSACTION 81 15042 c346026337545aa95d7f1e6b813d6323
RECIEVED 1554057483 TRANSACTION 81 68 22
RECIEVED 1554057483 TRANSACTION 81 68 22
RECIEVED 1554057483 TRANSACTION 81 68 22
RECIEVED 1554057483 TRANSACTION 81 68 22
UPDATE 1554057483 TRANSACTION 217c4e8b6ee33f91292a854daef30417
SEND 1554057483 TRANSACTION 81 26466 217c4e8b6ee33f91292a854daef30417
SEND 1554057483 TRANSACTION 81 22966 217c4e8b6ee33f91292a854daef30417
SEND 1554057483 TRANSACTION 81 21375 217c4e8b6ee33f91292a854daef30417
RECIEVED 1554057483 TRANSACTION 81 68 23
RECIEVED 1554057483 TRANSACTION 81 68 23
RECIEVED 1554057483 TRANSACTION 81 68 23
RECIEVED 1554057483 TRANSACTION 81 68 23
RECIEVED 1554057483 TRANSACTION 81 68 23
UPDATE 1554057483 TRANSACTION 599adfeb8468bdcdc69ccbebf64ac76d
SEND 1554057483 TRANSACTION 81 25474 599adfeb8468bdcdc69ccbebf64ac76d
SEND 1554057483 TRANSACTION 81 14312 599adfeb8468bdcdc69ccbebf64ac76d
RECIEVED 1554057483 TRANSACTION 81 68 24
RECIEVED 1554057483 TRANSACTION 81 68 24
UPDATE 1554057483 TRANSACTION 8a6d52bbe1d9923302cecc339d543340
SEND 1554057483 TRANSACTION 81 15514 8a6d52bbe1d9923302cecc339d543340
SEND 1554057483 TRANSACTION 81 15725 8a6d52bbe1d9923302cecc339d543340
SEND 1554057483 TRANSACTION 81 12022 8a6d52bbe1d9923302cecc339d543340
SEND 1554057483 TRANSACTION 81 26410 8a6d52bbe1d9923302cecc339d543340
RECIEVED 1554057483 TRANSACTION 81 68 25
UPDATE 1554057483 TRANSACTION 4281b8b8b1564338b316921afdc1092e
SEND 1554057483 TRANSACTION 81 14688 4281b8b8b1564338b316921afdc1092e
RECIEVED 1554057483 TRANSACTION 81 68 26
RECIEVED 1554057483 TRANSACTION 82 68 26
UPDATE 1554057483 TRANSACTION 70b90a0d99f24c5027d35b88ed328c50
SEND 1554057483 TRANSACTION 82 14545 70b90a0d99f24c5027d35b88ed328c50
SEND 1554057483 TRANSACTION 82 14767 70b90a0d99f24c5027d35b88ed328c50
SEND 1554057483 TRANSACTION 82 21732 70b90a0d99f24c5027d35b88ed328c50
RECIEVED 1554057483 INTRODUCE 36 68 27
RECIEVED 1554057483 INTRODUCE 36 68 27
RECIEVED 1554057483 INTRODUCE 36 68 27
RECIEVED 1554057483 INTRODUCE 36 68 27
RECIEVED 1554057483 TRANSACTION 80 68 27
UPDATE 1554057483 TRANSACTION bfdc5bda238eaae3e68f212bc7bf09c5
SEND 1554057483 TRANSACTION 80 37459 bfdc5bda238eaae3e68f212bc7bf09c5
SEND 1554057483 TRANSACTION 80 20339 bfdc5bda238eaae3e68f212bc7bf09c5
RECIEVED 1554057483 TRANSACTION 80 68 28
UPDATE 1554057483 TRANSACTION 2ba1c13e38e29202bc1dcf923fb7c7a9
RECIEVED 1554057484 TRANSACTION 80 68 29
RECIEVED 1554057484 TRANSACTION 80 68 29
UPDATE 1554057484 TRANSACTION 197404c64604a7c73ca3a80740d30749
SEND 1554057484 TRANSACTION 80 14685 197404c64604a7c73ca3a80740d30749
SEND 1554057484 TRANSACTION 80 19000 197404c64604a7c73ca3a80740d30749
SEND 1554057484 TRANSACTION 80 15349 197404c64604a7c73ca3a80740d30749
RECIEVED 1554057484 TRANSACTION 81 68 30
UPDATE 1554057484 TRANSACTION 1f43936ad3c5e0dc25e561d991511e98
SEND 1554057484 TRANSACTION 81 26021 1f43936ad3c5e0dc25e561d991511e98
RECIEVED 1554057484 TRANSACTION 81 68 31
RECIEVED 1554057484 TRANSACTION 81 68 31
UPDATE 1554057484 TRANSACTION b6adebf7f4a70f7036003084970c79f6
RECIEVED 1554057484 TRANSACTION 81 68 32
UPDATE 1554057484 TRANSACTION 0683b64943945dec0947bb88c9207878
SEND 1554057484 TRANSACTION 81 20771 0683b64943945dec0947bb88c9207878
SEND 1554057484 TRANSACTION 81 14916 0683b64943945dec0947bb88c9207878
SEND 1554057484 TRANSACTION 81 14523 0683b64943945dec0947bb88c9207878
RECIEVED 1554057484 TRANSACTION 81 68 33
UPDATE 1554057484 TRANSACTION 3d5c75267abba247901b80075da0febf
RECIEVED 1554057484 TRANSACTION 81 68 34
RECIEVED 1554057484 TRANSACTION 82 68 34
UPDATE 1554057484 TRANSACTION d2f8d7f981a8a138d42859e1e871c0f2
RECIEVED 1554057484 TRANSACTION 81 68 35
UPDATE 1554057484 TRANSACTION 9e9d3cbc8753e90c77380d0e16a715ba
SEND 1554057484 TRANSACTION 81 26741 9e9d3cbc8753e90c77380d0e16a715ba
RECIEVED 1554057484 TRANSACTION 80 68 36
UPDATE 1554057484 TRANSACTION 37c5d390443ba2acec158ccab9938246
SEND 1554057484 TRANSACTION 80 14606 37c5d390443ba2acec158ccab9938246
RECIEVED 1554057484 TRANSACTION 80 68 37
RECIEVED 1554057484 TRANSACTION 81 68 37
UPDATE 1554057484 TRANSACTION c1a3c2fccfa54d2965aab4d6258e09f5
SEND 1554057484 TRANSACTION 81 13251 c1a3c2fccfa54d2965aab4d6258e09f5
RECIEVED 1554057484 TRANSACTION 79 68 38
UPDATE 1554057484 TRANSACTION 72d6f438ff44957f40b60efe148d6465
SEND 1554057484 TRANSACTION 79 12405 72d6f438ff44957f40b60efe148d6465
SEND 1554057484 TRANSACTION 79 56939 72d6f438ff44957f40b60efe148d6465
RECIEVED 1554057484 TRANSACTION 81 68 39
UPDATE 1554057484 TRANSACTION 657422b2f145427a1e0e7e60b223dfa4
SEND 1554057484 TRANSACTION 81 11523 657422b2f145427a1e0e7e60b223dfa4
SEND 1554057484 TRANSACTION 81 11696 657422b2f145427a1e0e7e60b223dfa4
RECIEVED 1554057484 TRANSACTION 80 68 40
UPDATE 1554057484 TRANSACTION e32c890ae12214ba624f68c55cb361b3
RECIEVED 1554057484 TRANSACTION 81 68 41
UPDATE 1554057484 TRANSACTION b19cd36f085ef4a647b4186fc831b95e
SEND 1554057484 TRANSACTION 81 22840 b19cd36f085ef4a647b4186fc831b95e
SEND 1554057484 TRANSACTION 81 15927 b19cd36f085ef4a647b4186fc831b95e
RECIEVED 1554057484 TRANSACTION 81 68 42
RECIEVED 1554057484 TRANSACTION 81 68 42
UPDATE 1554057484 TRANSACTION 15cb6fe5f029b230a5d95c31490fa98c
SEND 1554057484 TRANSACTION 81 15121 15cb6fe5f029b230a5d95c31490fa98c
RECIEVED 1554057484 TRANSACTION 81 68 43
RECIEVED 1554057484 TRANSACTION 81 68 43
RECIEVED 1554057484 TRANSACTION 82 68 43
UPDATE 1554057484 TRANSACTION 4ed30325b1e6d4249d99a310b2d466a6
SEND 1554057484 TRANSACTION 82 11216 4ed30325b1e6d4249d99a310b2d466a6
RECIEVED 1554057484 TRANSACTION 80 68 44
UPDATE 1554057484 TRANSACTION 4e22daa816abac8c455f6246f3514c07
SEND 1554057484 TRANSACTION 80 22650 4e22daa816abac8c455f6246f3514c07
RECIEVED 1554057484 TRANSACTION 81 68 45
UPDATE 1554057484 TRANSACTION 55e406a4ab51734dafcd3f2b806bcb3e
SEND 1554057484 TRANSACTION 81 9765 55e406a4ab51734dafcd3f2b806bcb3e
SEND 1554057484 TRANSACTION 81 12533 55e406a4ab51734dafcd3f2b806bcb3e
RECIEVED 1554057484 TRANSACTION 81 68 46
RECIEVED 1554057484 TRANSACTION 81 68 46
RECIEVED 1554057485 TRANSACTION 81 68 46
UPDATE 1554057485 TRANSACTION 8eb00bd88c0658e39ff4f4a5c5fcbcfd
RECIEVED 1554057485 TRANSACTION 81 68 47
UPDATE 1554057485 TRANSACTION c8126509d6ff178644247db33d889278
RECIEVED 1554057485 TRANSACTION 81 68 48
RECIEVED 1554057485 TRANSACTION 80 68 48
UPDATE 1554057485 TRANSACTION b64faf0d1511b380842b2abc1cd8af97
SEND 1554057485 TRANSACTION 80 13689 b64faf0d1511b380842b2abc1cd8af97
RECIEVED 1554057485 TRANSACTION 81 68 49
UPDATE 1554057485 TRANSACTION 94ce0a093ab7b516add5f7b0b4f2f6b3
SEND 1554057485 TRANSACTION 81 35539 94ce0a093ab7b516add5f7b0b4f2f6b3
SEND 1554057485 TRANSACTION 81 10914 94ce0a093ab7b516add5f7b0b4f2f6b3
SEND 1554057485 TRANSACTION 81 14787 94ce0a093ab7b516add5f7b0b4f2f6b3
RECIEVED 1554057485 TRANSACTION 81 68 50
RECIEVED 1554057485 TRANSACTION 81 68 50
RECIEVED 1554057485 TRANSACTION 80 68 50
UPDATE 1554057485 TRANSACTION b363ba8ee545dfad036f371e5573a03d
SEND 1554057485 TRANSACTION 80 39703 b363ba8ee545dfad036f371e5573a03d
RECIEVED 1554057485 TRANSACTION 79 68 51
UPDATE 1554057485 TRANSACTION a1c720c97a9c83980fb26cc0b42ca4aa
RECIEVED 1554057485 TRANSACTION 79 68 52
RECIEVED 1554057485 TRANSACTION 81 68 52
UPDATE 1554057485 TRANSACTION bcd32f792c3e66f8feedf8f53a65bea3
SEND 1554057485 TRANSACTION 81 9641 bcd32f792c3e66f8feedf8f53a65bea3
SEND 1554057485 TRANSACTION 81 16161 bcd32f792c3e66f8feedf8f53a65bea3
RECIEVED 1554057485 TRANSACTION 81 68 53
UPDATE 1554057485 TRANSACTION 2a3116d3acd563097e35d04fa0db819b
SEND 1554057485 TRANSACTION 81 10981 2a3116d3acd563097e35d04fa0db819b
RECIEVED 1554057485 TRANSACTION 81 68 54
RECIEVED 1554057485 TRANSACTION 81 68 54
UPDATE 1554057485 TRANSACTION f3f604f81840a38f5fd9413cfa51d8b7
RECIEVED 1554057485 TRANSACTION 81 68 55
RECIEVED 1554057485 TRANSACTION 80 68 55
UPDATE 1554057485 TRANSACTION 28937f9e188e7cfefb6cb7f10c1faa98
SEND 1554057485 TRANSACTION 80 10242 28937f9e188e7cfefb6cb7f10c1faa98
RECIEVED 1554057485 TRANSACTION 82 68 56
UPDATE 1554057485 TRANSACTION bd797edd4cba6f5bf5fffbe6f0727503
SEND 1554057485 TRANSACTION 82 10397 bd797edd4cba6f5bf5fffbe6f0727503
SEND 1554057485 TRANSACTION 82 45395 bd797edd4cba6f5bf5fffbe6f0727503
RECIEVED 1554057485 TRANSACTION 80 68 57
UPDATE 1554057485 TRANSACTION a37b76b019ab6122bad91a267ab36c57
SEND 1554057485 TRANSACTION 80 10050 a37b76b019ab6122bad91a267ab36c57
RECIEVED 1554057485 TRANSACTION 80 68 58
RECIEVED 1554057485 TRANSACTION 80 68 58
RECIEVED 1554057485 TRANSACTION 80 68 58
UPDATE 1554057485 TRANSACTION e1e4603cf663416784ba82c04c6781ab
SEND 1554057485 TRANSACTION 80 10037 e1e4603cf663416784ba82c04c6781ab
SEND 1554057485 TRANSACTION 80 14016 e1e4603cf663416784ba82c04c6781ab
RECIEVED 1554057485 TRANSACTION 81 68 59
UPDATE 1554057485 TRANSACTION 10ee1fcaada2a9bed0cd645fcb0587ae
SEND 1554057485 TRANSACTION 81 13198 10ee1fcaada2a9bed0cd645fcb0587ae
RECIEVED 1554057485 TRANSACTION 81 68 60
UPDATE 1554057485 TRANSACTION 02a836485c94c86076cfad1c7108b8ec
SEND 1554057485 TRANSACTION 81 10150 02a836485c94c86076cfad1c7108b8ec
SEND 1554057485 TRANSACTION 81 11457 02a836485c94c86076cfad1c7108b8ec
RECIEVED 1554057485 TRANSACTION 81 68 61
RECIEVED 1554057486 TRANSACTION 81 68 61
UPDATE 1554057486 TRANSACTION 901921dfc614539c72a3c273879ed4d4
SEND 1554057486 TRANSACTION 81 10454 901921dfc614539c72a3c273879ed4d4
SEND 1554057486 TRANSACTION 81 15105 901921dfc614539c72a3c273879ed4d4
RECIEVED 1554057486 TRANSACTION 81 68 62
UPDATE 1554057486 TRANSACTION a90c05ad553c79d1a71cbf607def40e8
SEND 1554057486 TRANSACTION 81 9574 a90c05ad553c79d1a71cbf607def40e8
SEND 1554057486 TRANSACTION 81 16120 a90c05ad553c79d1a71cbf607def40e8
RECIEVED 1554057486 TRANSACTION 81 68 63
RECIEVED 1554057486 TRANSACTION 81 68 63
RECIEVED 1554057486 TRANSACTION 80 68 63
UPDATE 1554057486 TRANSACTION d76ccc4b3c7709e0fdd98565158aeb94
SEND 1554057486 TRANSACTION 80 21164 d76ccc4b3c7709e0fdd98565158aeb94
RECIEVED 1554057486 TRANSACTION 80 68 64
UPDATE 1554057486 TRANSACTION 94634630a3da46968ce253486f4227f0
RECIEVED 1554057486 TRANSACTION 78 68 65
UPDATE 1554057486 TRANSACTION 315181d9e86c451234e61e98a92b4c2d
SEND 1554057486 TRANSACTION 78 15691 315181d9e86c451234e61e98a92b4c2d
SEND 1554057486 TRANSACTION 78 11348 315181d9e86c451234e61e98a92b4c2d
RECIEVED 1554057486 TRANSACTION 78 68 66
RECIEVED 1554057486 TRANSACTION 83 68 66
UPDATE 1554057486 TRANSACTION f5f41c463b3d9aeebf1ace457a1aadfe
SEND 1554057486 TRANSACTION 83 15309 f5f41c463b3d9aeebf1ace457a1aadfe
SEND 1554057486 TRANSACTION 83 11284 f5f41c463b3d9aeebf1ace457a1aadfe
RECIEVED 1554057486 TRANSACTION 80 68 67
UPDATE 1554057486 TRANSACTION b39789620a435dac4ec9148e971944e1
SEND 1554057486 TRANSACTION 80 9896 b39789620a435dac4ec9148e971944e1
SEND 1554057486 TRANSACTION 80 19127 b39789620a435dac4ec9148e971944e1
SEND 1554057486 TRANSACTION 80 12212 b39789620a435dac4ec9148e971944e1
RECIEVED 1554057486 TRANSACTION 83 68 68
RECIEVED 1554057486 TRANSACTION 81 68 68
UPDATE 1554057486 TRANSACTION 8b2456085782e3cfc63eaa1e4f176e33
RECIEVED 1554057486 TRANSACTION 80 68 69
UPDATE 1554057486 TRANSACTION c2335cebe0d11d27b5c70530ddd11531
SEND 1554057486 TRANSACTION 80 15512 c2335cebe0d11d27b5c70530ddd11531
SEND 1554057486 TRANSACTION 80 19515 c2335cebe0d11d27b5c70530ddd11531
RECIEVED 1554057486 TRANSACTION 80 68 70
RECIEVED 1554057486 TRANSACTION 81 68 70
UPDATE 1554057486 TRANSACTION 1884a5e2b71d6274663b5199f292991e
SEND 1554057486 TRANSACTION 81 15065 1884a5e2b71d6274663b5199f292991e
RECIEVED 1554057486 TRANSACTION 82 68 71
UPDATE 1554057486 TRANSACTION d7fc540f68ed2f0b2bc257ce63fe53f5
SEND 1554057486 TRANSACTION 82 15152 d7fc540f68ed2f0b2bc257ce63fe53f5
SEND 1554057486 TRANSACTION 82 15361 d7fc540f68ed2f0b2bc257ce63fe53f5
RECIEVED 1554057487 TRANSACTION 81 68 72
UPDATE 1554057487 TRANSACTION 168425109248c21a830bcf104e031a16
SEND 1554057487 TRANSACTION 81 11597 168425109248c21a830bcf104e031a16
SEND 1554057487 TRANSACTION 81 11380 168425109248c21a830bcf104e031a16
RECIEVED 1554057487 TRANSACTION 80 68 73
UPDATE 1554057487 TRANSACTION d9fe000d0353d230fc7027df1eb4c321
SEND 1554057487 TRANSACTION 80 12800 d9fe000d0353d230fc7027df1eb4c321
RECIEVED 1554057487 TRANSACTION 81 68 74
UPDATE 1554057487 TRANSACTION eb7b220cc770a45e62ae5ca814f0b36b
SEND 1554057487 TRANSACTION 81 15881 eb7b220cc770a45e62ae5ca814f0b36b
RECIEVED 1554057487 TRANSACTION 81 68 75
UPDATE 1554057487 TRANSACTION 7a9ac0502d9bbf5653cfb4ce5c35799c
SEND 1554057487 TRANSACTION 81 13183 7a9ac0502d9bbf5653cfb4ce5c35799c
SEND 1554057487 TRANSACTION 81 27270 7a9ac0502d9bbf5653cfb4ce5c35799c
RECIEVED 1554057487 TRANSACTION 81 68 76
UPDATE 1554057487 TRANSACTION 8f4d08f186ddbb8c56a105176e603b26
SEND 1554057487 TRANSACTION 81 20215 8f4d08f186ddbb8c56a105176e603b26
RECIEVED 1554057487 TRANSACTION 81 68 77
UPDATE 1554057487 TRANSACTION b4ebad844e1d2dd412efe176ef519170
SEND 1554057487 TRANSACTION 81 14200 b4ebad844e1d2dd412efe176ef519170
SEND 1554057487 TRANSACTION 81 15262 b4ebad844e1d2dd412efe176ef519170
SEND 1554057487 TRANSACTION 81 16310 b4ebad844e1d2dd412efe176ef519170
RECIEVED 1554057487 TRANSACTION 81 68 78
RECIEVED 1554057487 TRANSACTION 81 68 78
RECIEVED 1554057487 TRANSACTION 81 68 78
UPDATE 1554057487 TRANSACTION baf892d00d032cf5075c8dc7a2e7530f
SEND 1554057487 TRANSACTION 81 15118 baf892d00d032cf5075c8dc7a2e7530f
SEND 1554057487 TRANSACTION 81 14906 baf892d00d032cf5075c8dc7a2e7530f
RECIEVED 1554057487 TRANSACTION 81 68 79
RECIEVED 1554057487 TRANSACTION 81 68 79
UPDATE 1554057487 TRANSACTION 8d12c7178ec4a7c5634869821ee4b1fb
SEND 1554057487 TRANSACTION 81 15650 8d12c7178ec4a7c5634869821ee4b1fb
RECIEVED 1554057487 TRANSACTION 81 68 80
UPDATE 1554057487 TRANSACTION 7313e848529b810eb016fc2ee969f533
SEND 1554057487 TRANSACTION 81 14375 7313e848529b810eb016fc2ee969f533
RECIEVED 1554057487 TRANSACTION 81 68 81
RECIEVED 1554057487 TRANSACTION 82 68 81
UPDATE 1554057487 TRANSACTION 03da03ce1f6ec501cc537bb768281fb4
SEND 1554057487 TRANSACTION 82 13175 03da03ce1f6ec501cc537bb768281fb4
SEND 1554057487 TRANSACTION 82 16324 03da03ce1f6ec501cc537bb768281fb4
RECIEVED 1554057487 TRANSACTION 82 68 82
RECIEVED 1554057487 TRANSACTION 81 68 82
UPDATE 1554057487 TRANSACTION 92574218194a350f696eaa1f5ba03312
RECIEVED 1554057488 TRANSACTION 81 68 83
UPDATE 1554057488 TRANSACTION ae914210949fcc837df9046d520d94f5
SEND 1554057488 TRANSACTION 81 13756 ae914210949fcc837df9046d520d94f5
SEND 1554057488 TRANSACTION 81 16257 ae914210949fcc837df9046d520d94f5
RECIEVED 1554057488 TRANSACTION 81 68 84
RECIEVED 1554057488 TRANSACTION 81 68 84
RECIEVED 1554057488 TRANSACTION 81 68 84
UPDATE 1554057488 TRANSACTION d0a52f9bbe53f582c93180b91a9787a8
RECIEVED 1554057488 TRANSACTION 81 68 85
RECIEVED 1554057488 TRANSACTION 81 68 85
RECIEVED 1554057488 TRANSACTION 80 68 85
UPDATE 1554057488 TRANSACTION 44dab857aa68a1794e572abde360f8a5
SEND 1554057488 TRANSACTION 80 36186 44dab857aa68a1794e572abde360f8a5
SEND 1554057488 TRANSACTION 80 24838 44dab857aa68a1794e572abde360f8a5
RECIEVED 1554057488 TRANSACTION 80 68 86
RECIEVED 1554057488 TRANSACTION 80 68 86
RECIEVED 1554057488 TRANSACTION 80 68 86
UPDATE 1554057488 TRANSACTION 2456db0f970b605eca3a266ff4b71116
SEND 1554057488 TRANSACTION 80 15003 2456db0f970b605eca3a266ff4b71116
SEND 1554057488 TRANSACTION 80 12775 2456db0f970b605eca3a266ff4b71116
RECIEVED 1554057488 TRANSACTION 81 68 87
UPDATE 1554057488 TRANSACTION cb7e8eba513c0b7f3eab362588599e87
RECIEVED 1554057488 TRANSACTION 81 68 88
RECIEVED 1554057488 TRANSACTION 81 68 88
UPDATE 1554057488 TRANSACTION dd4180ad06dd72219476841726d75875
SEND 1554057488 TRANSACTION 81 14069 dd4180ad06dd72219476841726d75875
SEND 1554057488 TRANSACTION 81 33118 dd4180ad06dd72219476841726d75875
SEND 1554057488 TRANSACTION 81 21182 dd4180ad06dd72219476841726d75875
RECIEVED 1554057488 TRANSACTION 81 68 89
RECIEVED 1554057488 TRANSACTION 81 68 89
RECIEVED 1554057488 TRANSACTION 80 68 89
UPDATE 1554057488 TRANSACTION 3752dd986eeba5626fca645519ccc49e
RECIEVED 1554057488 TRANSACTION 80 68 90
RECIEVED 1554057488 TRANSACTION 81 68 90
RECIEVED 1554057488 TRANSACTION 80 68 90
UPDATE 1554057488 TRANSACTION 8599aeb726bb65cd44d1e5054a7b6219
SEND 1554057488 TRANSACTION 80 21990 8599aeb726bb65cd44d1e5054a7b6219
SEND 1554057488 TRANSACTION 80 13865 8599aeb726bb65cd44d1e5054a7b6219
RECIEVED 1554057488 TRANSACTION 81 68 91
UPDATE 1554057488 TRANSACTION 52a577e3e318c4379cdf81696704d837
SEND 1554057488 TRANSACTION 81 14178 52a577e3e318c4379cdf81696704d837
RECIEVED 1554057488 TRANSACTION 81 68 92
RECIEVED 1554057489 TRANSACTION 81 68 92
UPDATE 1554057489 TRANSACTION c53a95a532d98b3eaa7ba459592fd246
SEND 1554057489 TRANSACTION 81 20428 c53a95a532d98b3eaa7ba459592fd246
SEND 1554057489 TRANSACTION 81 64959 c53a95a532d98b3eaa7ba459592fd246
RECIEVED 1554057489 TRANSACTION 81 68 93
UPDATE 1554057489 TRANSACTION 508f5c5bd4a548100747305697c5f1e7
SEND 1554057489 TRANSACTION 81 13094 508f5c5bd4a548100747305697c5f1e7
SEND 1554057489 TRANSACTION 81 15803 508f5c5bd4a548100747305697c5f1e7
RECIEVED 1554057489 TRANSACTION 80 68 94
UPDATE 1554057489 TRANSACTION dd2a228bd12d68860b89909b451cf047
SEND 1554057489 TRANSACTION 80 15450 dd2a228bd12d68860b89909b451cf047
SEND 1554057489 TRANSACTION 80 15310 dd2a228bd12d68860b89909b451cf047
RECIEVED 1554057489 TRANSACTION 81 68 95
UPDATE 1554057489 TRANSACTION ee4f5137a4052dc9ab648197c72ace8b
SEND 1554057489 TRANSACTION 81 14449 ee4f5137a4052dc9ab648197c72ace8b
SEND 1554057489 TRANSACTION 81 24277 ee4f5137a4052dc9ab648197c72ace8b
RECIEVED 1554057489 TRANSACTION 81 68 96
RECIEVED 1554057489 TRANSACTION 81 68 96
UPDATE 1554057489 TRANSACTION 1a34bac2bd2c4571f79f6f91a7875672
SEND 1554057489 TRANSACTION 81 15717 1a34bac2bd2c4571f79f6f91a7875672
RECIEVED 1554057489 TRANSACTION 81 68 97
UPDATE 1554057489 TRANSACTION f0a084d16752c0fbb5ffaa6e86ab0f4d
SEND 1554057489 TRANSACTION 81 34305 f0a084d16752c0fbb5ffaa6e86ab0f4d
SEND 1554057489 TRANSACTION 81 15733 f0a084d16752c0fbb5ffaa6e86ab0f4d
RECIEVED 1554057489 TRANSACTION 81 68 98
UPDATE 1554057489 TRANSACTION 708af586f3d5303d13f848f1b90efc69
SEND 1554057489 TRANSACTION 81 10315 708af586f3d5303d13f848f1b90efc69
RECIEVED 1554057489 TRANSACTION 81 68 99
RECIEVED 1554057489 TRANSACTION 81 68 99
UPDATE 1554057489 TRANSACTION a979f01cfffb0f920f1c32c7c7148cc4
RECIEVED 1554057489 TRANSACTION 81 68 100
RECIEVED 1554057489 TRANSACTION 81 68 100
RECIEVED 1554057489 TRANSACTION 81 68 100
UPDATE 1554057489 TRANSACTION 3796dd4cfffcf7bc8a5069a8fb6c8d48
SEND 1554057489 TRANSACTION 81 15071 3796dd4cfffcf7bc8a5069a8fb6c8d48
RECIEVED 1554057489 TRANSACTION 81 68 101
RECIEVED 1554057489 TRANSACTION 81 68 101
UPDATE 1554057489 TRANSACTION 2b06fa0025aa9a444c64ac6a73c84936
SEND 1554057489 TRANSACTION 81 12894 2b06fa0025aa9a444c64ac6a73c84936
SEND 1554057489 TRANSACTION 81 11028 2b06fa0025aa9a444c64ac6a73c84936
RECIEVED 1554057489 TRANSACTION 80 68 102
UPDATE 1554057489 TRANSACTION 67f369123fd56db66dde0fd12148ff4e
SEND 1554057489 TRANSACTION 80 20350 67f369123fd56db66dde0fd12148ff4e
SEND 1554057489 TRANSACTION 80 20563 67f369123fd56db66dde0fd12148ff4e
RECIEVED 1554057489 TRANSACTION 81 68 103
UPDATE 1554057489 TRANSACTION 3bf489a94a648ec99a739b6f919fe189
SEND 1554057489 TRANSACTION 81 10208 3bf489a94a648ec99a739b6f919fe189
SEND 1554057489 TRANSACTION 81 16005 3bf489a94a648ec99a739b6f919fe189
RECIEVED 1554057489 TRANSACTION 81 68 104
RECIEVED 1554057489 TRANSACTION 81 68 104
RECIEVED 1554057489 TRANSACTION 81 68 104
RECIEVED 1554057489 TRANSACTION 81 68 104
UPDATE 1554057489 TRANSACTION f4757eea4505fe7c278eeb056f8454ed
SEND 1554057489 TRANSACTION 81 14967 f4757eea4505fe7c278eeb056f8454ed
SEND 1554057489 TRANSACTION 81 43027 f4757eea4505fe7c278eeb056f8454ed
RECIEVED 1554057489 TRANSACTION 80 68 105
UPDATE 1554057489 TRANSACTION 3531fa5ac58ba8e02eb309084aff85d7
SEND 1554057489 TRANSACTION 80 17427 3531fa5ac58ba8e02eb309084aff85d7
RECIEVED 1554057489 TRANSACTION 82 68 106
UPDATE 1554057489 TRANSACTION 94d3d4784e131fe1f82e883cdfdeaffa
RECIEVED 1554057489 TRANSACTION 82 68 107
RECIEVED 1554057489 TRANSACTION 81 68 107
UPDATE 1554057489 TRANSACTION d285e58aa46cb812f475685082704925
SEND 1554057489 TRANSACTION 81 10406 d285e58aa46cb812f475685082704925
RECIEVED 1554057489 TRANSACTION 81 68 108
UPDATE 1554057489 TRANSACTION fd09c8639a9b282526479d1617b02504
SEND 1554057489 TRANSACTION 81 9015 fd09c8639a9b282526479d1617b02504
RECIEVED 1554057490 TRANSACTION 81 68 109
UPDATE 1554057490 TRANSACTION a46b0a8fc2ccee92ded2de5a4f9af2ee
SEND 1554057490 TRANSACTION 81 13268 a46b0a8fc2ccee92ded2de5a4f9af2ee
RECIEVED 1554057490 HB 3 68 110
RECIEVED 1554057490 TRANSACTION 81 68 110
UPDATE 1554057490 TRANSACTION 99b5f618cb850e86b66e849ce9c80850
RECIEVED 1554057490 TRANSACTION 81 68 111
UPDATE 1554057490 TRANSACTION eba8aca946e8385cb20f9f640e0e500c
SEND 1554057490 TRANSACTION 81 9906 eba8aca946e8385cb20f9f640e0e500c
RECIEVED 1554057490 TRANSACTION 80 68 112
UPDATE 1554057490 TRANSACTION 6afde72e0e04546923ba1127dfe1d4c0
SEND 1554057490 TRANSACTION 80 10005 6afde72e0e04546923ba1127dfe1d4c0
RECIEVED 1554057490 TRANSACTION 80 68 113
RECIEVED 1554057490 TRANSACTION 81 68 113
UPDATE 1554057490 TRANSACTION 91ecaaf8e5d063798ed4f2968de0340d
SEND 1554057490 TRANSACTION 81 26072 91ecaaf8e5d063798ed4f2968de0340d
RECIEVED 1554057490 TRANSACTION 81 68 114
RECIEVED 1554057490 TRANSACTION 81 68 114
UPDATE 1554057490 TRANSACTION 6666c6881ac65638f596ad77f7cb4a29
SEND 1554057490 TRANSACTION 81 16936 6666c6881ac65638f596ad77f7cb4a29
SEND 1554057490 TRANSACTION 81 21120 6666c6881ac65638f596ad77f7cb4a29
RECIEVED 1554057490 TRANSACTION 82 68 115
UPDATE 1554057490 TRANSACTION 0a51c40173a4853f0e9f654e5138aa10
SEND 1554057490 TRANSACTION 82 31041 0a51c40173a4853f0e9f654e5138aa10
SEND 1554057490 TRANSACTION 82 23272 0a51c40173a4853f0e9f654e5138aa10
RECIEVED 1554057490 TRANSACTION 82 68 116
RECIEVED 1554057490 TRANSACTION 82 68 116
RECIEVED 1554057490 TRANSACTION 81 68 116
UPDATE 1554057490 TRANSACTION d3144e978891244934e91dcbd8eee2d3
SEND 1554057490 TRANSACTION 81 13021 d3144e978891244934e91dcbd8eee2d3
RECIEVED 1554057490 TRANSACTION 79 68 117
UPDATE 1554057490 TRANSACTION 88b30a996650624f958dec5c924cfda7
RECIEVED 1554057490 TRANSACTION 80 68 118
UPDATE 1554057490 TRANSACTION b1609a92475254fe7ef7ca9c7abcded9
RECIEVED 1554057490 TRANSACTION 79 68 119
RECIEVED 1554057490 TRANSACTION 81 68 119
UPDATE 1554057490 TRANSACTION 892ab886ba33655b8f44d30cbcad25a6
SEND 1554057490 TRANSACTION 81 19589 892ab886ba33655b8f44d30cbcad25a6
SEND 1554057490 TRANSACTION 81 32900 892ab886ba33655b8f44d30cbcad25a6
SEND 1554057490 TRANSACTION 81 13507 892ab886ba33655b8f44d30cbcad25a6
RECIEVED 1554057490 TRANSACTION 81 68 120
RECIEVED 1554057490 TRANSACTION 81 68 120
UPDATE 1554057490 TRANSACTION dc56707c3bf737627113c693ef2b6bb5
SEND 1554057490 TRANSACTION 81 12888 dc56707c3bf737627113c693ef2b6bb5
RECIEVED 1554057491 TRANSACTION 82 68 121
UPDATE 1554057491 TRANSACTION 6ae70cfa1dee6b05cc8da7065ee17eb7
SEND 1554057491 TRANSACTION 82 33379 6ae70cfa1dee6b05cc8da7065ee17eb7
RECIEVED 1554057491 TRANSACTION 81 68 122
UPDATE 1554057491 TRANSACTION 75469e14fa22823ae8bd94e9c0531e92
SEND 1554057491 TRANSACTION 81 42148 75469e14fa22823ae8bd94e9c0531e92
RECIEVED 1554057491 TRANSACTION 81 68 123
RECIEVED 1554057491 TRANSACTION 81 68 123
UPDATE 1554057491 TRANSACTION ea922ed9cc4171b44b5c6caa76ec90a0
SEND 1554057491 TRANSACTION 81 15206 ea922ed9cc4171b44b5c6caa76ec90a0
SEND 1554057491 TRANSACTION 81 41516 ea922ed9cc4171b44b5c6caa76ec90a0
RECIEVED 1554057491 TRANSACTION 83 68 124
UPDATE 1554057491 TRANSACTION 757b909064de864970df7580e99a2326
SEND 1554057491 TRANSACTION 83 14262 757b909064de864970df7580e99a2326
RECIEVED 1554057491 TRANSACTION 81 68 125
UPDATE 1554057491 TRANSACTION 2c46e52b3b83ded09d3372dcc2698152
SEND 1554057491 TRANSACTION 81 15807 2c46e52b3b83ded09d3372dcc2698152
RECIEVED 1554057491 TRANSACTION 81 68 126
UPDATE 1554057491 TRANSACTION fe027317d2433368a22bffd79e226550
SEND 1554057491 TRANSACTION 81 13826 fe027317d2433368a22bffd79e226550
SEND 1554057491 TRANSACTION 81 32681 fe027317d2433368a22bffd79e226550
RECIEVED 1554057491 TRANSACTION 81 68 127
UPDATE 1554057491 TRANSACTION 3d3cdf0725296f6afe024a8ddc209b34
SEND 1554057491 TRANSACTION 81 13164 3d3cdf0725296f6afe024a8ddc209b34
RECIEVED 1554057491 TRANSACTION 80 68 128
UPDATE 1554057491 TRANSACTION 865411b736cc36ee71fc3982938062c1
SEND 1554057491 TRANSACTION 80 43974 865411b736cc36ee71fc3982938062c1
RECIEVED 1554057491 TRANSACTION 81 68 129
UPDATE 1554057491 TRANSACTION ae9b51196a53e24acbb909086d82a2e3
SEND 1554057491 TRANSACTION 81 15275 ae9b51196a53e24acbb909086d82a2e3
RECIEVED 1554057491 TRANSACTION 80 68 130
RECIEVED 1554057491 TRANSACTION 81 68 130
RECIEVED 1554057491 TRANSACTION 79 68 130
UPDATE 1554057491 TRANSACTION 05e1d4d0640f0f3acad15eaa9a4e4fc9
SEND 1554057491 TRANSACTION 79 14678 05e1d4d0640f0f3acad15eaa9a4e4fc9
RECIEVED 1554057491 TRANSACTION 81 68 131
UPDATE 1554057491 TRANSACTION 413c28dbd31bef8bdf32cb60845a0556
SEND 1554057491 TRANSACTION 81 14618 413c28dbd31bef8bdf32cb60845a0556
RECIEVED 1554057491 TRANSACTION 81 68 132
RECIEVED 1554057491 TRANSACTION 80 68 132
UPDATE 1554057491 TRANSACTION 3474286dc49329e2369476d7af64074f
SEND 1554057491 TRANSACTION 80 9620 3474286dc49329e2369476d7af64074f
SEND 1554057491 TRANSACTION 80 10107 3474286dc49329e2369476d7af64074f
SEND 1554057491 TRANSACTION 80 18703 3474286dc49329e2369476d7af64074f
RECIEVED 1554057491 TRANSACTION 81 68 133
UPDATE 1554057491 TRANSACTION 27563c1744cf1751a0d57e1b323bef05
SEND 1554057491 TRANSACTION 81 12009 27563c1744cf1751a0d57e1b323bef05
RECIEVED 1554057491 TRANSACTION 81 68 134
RECIEVED 1554057492 TRANSACTION 81 68 134
UPDATE 1554057492 TRANSACTION 2064cd67155a99c21971069db59b62fa
SEND 1554057492 TRANSACTION 81 13186 2064cd67155a99c21971069db59b62fa
RECIEVED 1554057492 TRANSACTION 82 68 135
UPDATE 1554057492 TRANSACTION fd0b434c89dad807d0372b47545d019a
SEND 1554057492 TRANSACTION 82 9551 fd0b434c89dad807d0372b47545d019a
RECIEVED 1554057492 TRANSACTION 82 68 136
RECIEVED 1554057492 TRANSACTION 81 68 136
UPDATE 1554057492 TRANSACTION 1669af4f60b353e03dfdc58c4c9c0fde
SEND 1554057492 TRANSACTION 81 10049 1669af4f60b353e03dfdc58c4c9c0fde
SEND 1554057492 TRANSACTION 81 14947 1669af4f60b353e03dfdc58c4c9c0fde
RECIEVED 1554057492 TRANSACTION 81 68 137
UPDATE 1554057492 TRANSACTION a5a09f9b41ee281a74a7b0977289d980
SEND 1554057492 TRANSACTION 81 9164 a5a09f9b41ee281a74a7b0977289d980
SEND 1554057492 TRANSACTION 81 13715 a5a09f9b41ee281a74a7b0977289d980
RECIEVED 1554057492 TRANSACTION 81 68 138
UPDATE 1554057492 TRANSACTION f459662900e1cf0df6804d3a8409a75d
SEND 1554057492 TRANSACTION 81 9419 f459662900e1cf0df6804d3a8409a75d
RECIEVED 1554057492 TRANSACTION 81 68 139
UPDATE 1554057492 TRANSACTION 348b999e9860c69a1cf462c16b5509a9
RECIEVED 1554057492 TRANSACTION 81 68 140
UPDATE 1554057492 TRANSACTION 5f1669a4aab2a173d6123b547b4f867e
SEND 1554057492 TRANSACTION 81 33223 5f1669a4aab2a173d6123b547b4f867e
SEND 1554057492 TRANSACTION 81 13218 5f1669a4aab2a173d6123b547b4f867e
RECIEVED 1554057493 TRANSACTION 81 68 141
UPDATE 1554057493 TRANSACTION 49bb585acb5b35939945f2155d132961
SEND 1554057493 TRANSACTION 81 12696 49bb585acb5b35939945f2155d132961
SEND 1554057493 TRANSACTION 81 14308 49bb585acb5b35939945f2155d132961
RECIEVED 1554057493 TRANSACTION 80 68 142
UPDATE 1554057493 TRANSACTION 48a7ccd9cfde9c46ece51e8953904cfd
SEND 1554057493 TRANSACTION 80 20896 48a7ccd9cfde9c46ece51e8953904cfd
RECIEVED 1554057493 TRANSACTION 81 68 143
UPDATE 1554057493 TRANSACTION 501a0198c805593d91a03bf7a3d03dd1
SEND 1554057493 TRANSACTION 81 9997 501a0198c805593d91a03bf7a3d03dd1
RECIEVED 1554057493 TRANSACTION 81 68 144
UPDATE 1554057493 TRANSACTION 355917c98e7f646e65cc43dd84a139e7
SEND 1554057493 TRANSACTION 81 15595 355917c98e7f646e65cc43dd84a139e7
RECIEVED 1554057493 TRANSACTION 81 68 145
UPDATE 1554057493 TRANSACTION 484cfebd3112103881ac94450b669428
SEND 1554057493 TRANSACTION 81 8046 484cfebd3112103881ac94450b669428
RECIEVED 1554057493 TRANSACTION 81 68 146
RECIEVED 1554057493 TRANSACTION 80 68 146
UPDATE 1554057493 TRANSACTION d753bf9131466c19efc29693af39be55
SEND 1554057493 TRANSACTION 80 25577 d753bf9131466c19efc29693af39be55
RECIEVED 1554057493 TRANSACTION 81 68 147
UPDATE 1554057493 TRANSACTION e2608e2201e5375f339a96590ff13a00
SEND 1554057493 TRANSACTION 81 9533 e2608e2201e5375f339a96590ff13a00
SEND 1554057493 TRANSACTION 81 10769 e2608e2201e5375f339a96590ff13a00
RECIEVED 1554057493 TRANSACTION 81 68 148
RECIEVED 1554057493 TRANSACTION 81 68 148
UPDATE 1554057493 TRANSACTION ec8db1bd85b9049f81ef4c024b89d04b
SEND 1554057493 TRANSACTION 81 10129 ec8db1bd85b9049f81ef4c024b89d04b
RECIEVED 1554057493 TRANSACTION 81 68 149
RECIEVED 1554057493 TRANSACTION 82 68 149
UPDATE 1554057493 TRANSACTION ca0996d518aca41b914661195625aa07
RECIEVED 1554057493 TRANSACTION 82 68 150
RECIEVED 1554057493 TRANSACTION 81 68 150
UPDATE 1554057493 TRANSACTION 1184b7a175981f792461c53a44c05027
SEND 1554057493 TRANSACTION 81 16413 1184b7a175981f792461c53a44c05027
SEND 1554057493 TRANSACTION 81 11484 1184b7a175981f792461c53a44c05027
SEND 1554057493 TRANSACTION 81 34650 1184b7a175981f792461c53a44c05027
RECIEVED 1554057493 TRANSACTION 81 68 151
UPDATE 1554057493 TRANSACTION a593fd0fdf9cbc5299387ae88605584d
SEND 1554057493 TRANSACTION 81 10338 a593fd0fdf9cbc5299387ae88605584d
RECIEVED 1554057493 TRANSACTION 80 68 152
UPDATE 1554057493 TRANSACTION 2c2c5e9769d6f6a919b94fdd3bed0fe8
SEND 1554057493 TRANSACTION 80 20772 2c2c5e9769d6f6a919b94fdd3bed0fe8
RECIEVED 1554057493 TRANSACTION 80 68 153
RECIEVED 1554057493 TRANSACTION 80 68 153
UPDATE 1554057493 TRANSACTION 6a3a2bf34b9d1192696e06694cd2d39f
SEND 1554057493 TRANSACTION 80 10609 6a3a2bf34b9d1192696e06694cd2d39f
SEND 1554057493 TRANSACTION 80 19952 6a3a2bf34b9d1192696e06694cd2d39f
RECIEVED 1554057493 TRANSACTION 81 68 154
UPDATE 1554057493 TRANSACTION 37b88de08d32ed90eed631887d92f95d
RECIEVED 1554057493 TRANSACTION 82 68 155
UPDATE 1554057493 TRANSACTION 6f7c239a8fa7538b071cc752575dd6ac
SEND 1554057493 TRANSACTION 82 8738 6f7c239a8fa7538b071cc752575dd6ac
SEND 1554057493 TRANSACTION 82 11244 6f7c239a8fa7538b071cc752575dd6ac
RECIEVED 1554057493 TRANSACTION 80 68 156
RECIEVED 1554057494 TRANSACTION 81 68 156
UPDATE 1554057494 TRANSACTION 3ce92a51dbddab39f89022913c4ce453
SEND 1554057494 TRANSACTION 81 10156 3ce92a51dbddab39f89022913c4ce453
RECIEVED 1554057494 TRANSACTION 81 68 157
UPDATE 1554057494 TRANSACTION d60ef5330fbf2bbadbfd99833bed5142
RECIEVED 1554057494 TRANSACTION 80 68 158
UPDATE 1554057494 TRANSACTION f449da30c529a5ddde34fd26538c85ee
SEND 1554057494 TRANSACTION 80 19980 f449da30c529a5ddde34fd26538c85ee
SEND 1554057494 TRANSACTION 80 16794 f449da30c529a5ddde34fd26538c85ee
RECIEVED 1554057494 TRANSACTION 80 68 159
RECIEVED 1554057494 TRANSACTION 80 68 159
RECIEVED 1554057494 TRANSACTION 80 68 159
UPDATE 1554057494 TRANSACTION 714ab66207c27c05fb6bbc59b20fbaf3
SEND 1554057494 TRANSACTION 80 14481 714ab66207c27c05fb6bbc59b20fbaf3
SEND 1554057494 TRANSACTION 80 24127 714ab66207c27c05fb6bbc59b20fbaf3
RECIEVED 1554057494 TRANSACTION 81 68 160
UPDATE 1554057494 TRANSACTION 1134f29ea8f29daaad18eb1f63e1ae75
SEND 1554057494 TRANSACTION 81 10443 1134f29ea8f29daaad18eb1f63e1ae75
SEND 1554057494 TRANSACTION 81 10585 1134f29ea8f29daaad18eb1f63e1ae75
RECIEVED 1554057494 TRANSACTION 80 68 161
UPDATE 1554057494 TRANSACTION 9c17db9e56d89907c554613be7a124e6
SEND 1554057494 TRANSACTION 80 10513 9c17db9e56d89907c554613be7a124e6
RECIEVED 1554057494 TRANSACTION 81 68 162
UPDATE 1554057494 TRANSACTION aa71ecb24db3f870abc0ff31a5b2c48d
RECIEVED 1554057494 TRANSACTION 81 68 163
UPDATE 1554057494 TRANSACTION ab4475bb25cba1c4f9026ccf6c545624
SEND 1554057494 TRANSACTION 81 35386 ab4475bb25cba1c4f9026ccf6c545624
RECIEVED 1554057494 TRANSACTION 81 68 164
RECIEVED 1554057494 TRANSACTION 80 68 164
UPDATE 1554057494 TRANSACTION ae38544f40cdd7c1d9877f7988b8ce2f
SEND 1554057494 TRANSACTION 80 14209 ae38544f40cdd7c1d9877f7988b8ce2f
RECIEVED 1554057494 TRANSACTION 80 68 165
RECIEVED 1554057494 TRANSACTION 80 68 165
RECIEVED 1554057494 TRANSACTION 80 68 165
UPDATE 1554057494 TRANSACTION c4f9257bf00311e7c45e6a9a749f821a
SEND 1554057494 TRANSACTION 80 10623 c4f9257bf00311e7c45e6a9a749f821a
RECIEVED 1554057494 TRANSACTION 81 68 166
UPDATE 1554057494 TRANSACTION b48d3839d71b7922b5e482a7607a926d
SEND 1554057494 TRANSACTION 81 10083 b48d3839d71b7922b5e482a7607a926d
RECIEVED 1554057494 TRANSACTION 81 68 167
UPDATE 1554057494 TRANSACTION 0c318c148b5340d07b648df2fcb25fc6
SEND 1554057494 TRANSACTION 81 22301 0c318c148b5340d07b648df2fcb25fc6
RECIEVED 1554057494 TRANSACTION 81 68 168
UPDATE 1554057494 TRANSACTION efaf812a94d8d37080ff4f6065d3ef7e
SEND 1554057494 TRANSACTION 81 42329 efaf812a94d8d37080ff4f6065d3ef7e
RECIEVED 1554057494 TRANSACTION 81 68 169
RECIEVED 1554057494 TRANSACTION 81 68 169
UPDATE 1554057494 TRANSACTION 44879c01aa6beeafdf3b21a3a728ac60
SEND 1554057494 TRANSACTION 81 12484 44879c01aa6beeafdf3b21a3a728ac60
RECIEVED 1554057494 TRANSACTION 81 68 170
UPDATE 1554057494 TRANSACTION 434b15970eeba0d3e77e1e75ffb38ef2
SEND 1554057494 TRANSACTION 81 9732 434b15970eeba0d3e77e1e75ffb38ef2
RECIEVED 1554057494 TRANSACTION 81 68 171
RECIEVED 1554057494 TRANSACTION 81 68 171
RECIEVED 1554057494 TRANSACTION 80 68 171
UPDATE 1554057494 TRANSACTION 42b8af3456d77016beb3265a68546d9c
SEND 1554057494 TRANSACTION 80 22776 42b8af3456d77016beb3265a68546d9c
SEND 1554057494 TRANSACTION 80 15591 42b8af3456d77016beb3265a68546d9c
SEND 1554057494 TRANSACTION 80 11892 42b8af3456d77016beb3265a68546d9c
RECIEVED 1554057495 TRANSACTION 79 68 172
UPDATE 1554057495 TRANSACTION 50d5854c801090dff21716e79c443999
SEND 1554057495 TRANSACTION 79 33830 50d5854c801090dff21716e79c443999
RECIEVED 1554057495 TRANSACTION 81 68 173
UPDATE 1554057495 TRANSACTION a6d1b4fef7838ed4133490c191eeef13
SEND 1554057495 TRANSACTION 81 9803 a6d1b4fef7838ed4133490c191eeef13
SEND 1554057495 TRANSACTION 81 9880 a6d1b4fef7838ed4133490c191eeef13
RECIEVED 1554057495 TRANSACTION 81 68 174
RECIEVED 1554057495 TRANSACTION 81 68 174
UPDATE 1554057495 TRANSACTION 2370b45fc0cc0775d6294897a664dc4b
SEND 1554057495 TRANSACTION 81 13574 2370b45fc0cc0775d6294897a664dc4b
SEND 1554057495 TRANSACTION 81 9863 2370b45fc0cc0775d6294897a664dc4b
RECIEVED 1554057495 TRANSACTION 81 68 175
UPDATE 1554057495 TRANSACTION 49e9181e5ab0af708b62b8f28b7d61b4
SEND 1554057495 TRANSACTION 81 13499 49e9181e5ab0af708b62b8f28b7d61b4
SEND 1554057495 TRANSACTION 81 14043 49e9181e5ab0af708b62b8f28b7d61b4
RECIEVED 1554057495 TRANSACTION 80 68 176
UPDATE 1554057495 TRANSACTION f052a91c14b72c69433fd71dd4f01880
SEND 1554057495 TRANSACTION 80 31564 f052a91c14b72c69433fd71dd4f01880
RECIEVED 1554057495 TRANSACTION 81 68 177
UPDATE 1554057495 TRANSACTION 88d776f3184cbba0e9fb74cae268df5a
SEND 1554057495 TRANSACTION 81 41538 88d776f3184cbba0e9fb74cae268df5a
SEND 1554057495 TRANSACTION 81 50619 88d776f3184cbba0e9fb74cae268df5a
RECIEVED 1554057495 TRANSACTION 81 68 178
RECIEVED 1554057495 TRANSACTION 81 68 178
UPDATE 1554057495 TRANSACTION ae5b73d6a1fd0f13344f9137f6f4ab94
SEND 1554057495 TRANSACTION 81 45616 ae5b73d6a1fd0f13344f9137f6f4ab94
RECIEVED 1554057495 TRANSACTION 81 68 179
UPDATE 1554057495 TRANSACTION 4d76dadf800f1d8a3175faabdcfe4e47
SEND 1554057495 TRANSACTION 81 18670 4d76dadf800f1d8a3175faabdcfe4e47
RECIEVED 1554057495 TRANSACTION 81 68 180
UPDATE 1554057495 TRANSACTION 1b1d0fcd9664f6e0f561f59c77d24178
SEND 1554057495 TRANSACTION 81 13915 1b1d0fcd9664f6e0f561f59c77d24178
SEND 1554057495 TRANSACTION 81 40394 1b1d0fcd9664f6e0f561f59c77d24178
SEND 1554057495 TRANSACTION 81 14215 1b1d0fcd9664f6e0f561f59c77d24178
RECIEVED 1554057495 TRANSACTION 81 68 181
UPDATE 1554057495 TRANSACTION 25b155793303c7f275d0b48d733afd4e
SEND 1554057495 TRANSACTION 81 9789 25b155793303c7f275d0b48d733afd4e
RECIEVED 1554057495 TRANSACTION 81 68 182
RECIEVED 1554057495 TRANSACTION 81 68 182
UPDATE 1554057495 TRANSACTION 351e51abbacb897978dc8c9230ee12fe
SEND 1554057495 TRANSACTION 81 14313 351e51abbacb897978dc8c9230ee12fe
SEND 1554057495 TRANSACTION 81 26457 351e51abbacb897978dc8c9230ee12fe
RECIEVED 1554057495 TRANSACTION 81 68 183
RECIEVED 1554057495 TRANSACTION 81 68 183
RECIEVED 1554057495 TRANSACTION 82 68 183
UPDATE 1554057495 TRANSACTION e079925381c08eb21045951c59ce0fab
SEND 1554057495 TRANSACTION 82 41051 e079925381c08eb21045951c59ce0fab
RECIEVED 1554057495 TRANSACTION 82 68 184
RECIEVED 1554057495 TRANSACTION 81 68 184
UPDATE 1554057495 TRANSACTION 411323fb64d047b3849e9161b22e70bd
SEND 1554057495 TRANSACTION 81 14816 411323fb64d047b3849e9161b22e70bd
RECIEVED 1554057495 TRANSACTION 81 68 185
UPDATE 1554057495 TRANSACTION a241a0830eb331360743f14d6759e493
SEND 1554057495 TRANSACTION 81 24397 a241a0830eb331360743f14d6759e493
SEND 1554057495 TRANSACTION 81 19013 a241a0830eb331360743f14d6759e493
RECIEVED 1554057495 TRANSACTION 81 68 186
UPDATE 1554057495 TRANSACTION dc255d0e23bd8d1942409bf27335ad61
RECIEVED 1554057495 TRANSACTION 81 68 187
UPDATE 1554057495 TRANSACTION 8f6215eb3500c0a9228b4fe87f4c6fdd
SEND 1554057495 TRANSACTION 81 12610 8f6215eb3500c0a9228b4fe87f4c6fdd
SEND 1554057495 TRANSACTION 81 15867 8f6215eb3500c0a9228b4fe87f4c6fdd
RECIEVED 1554057495 TRANSACTION 81 68 188
UPDATE 1554057495 TRANSACTION 4eec59897b33b6edb84103fd9239ed10
SEND 1554057495 TRANSACTION 81 27511 4eec59897b33b6edb84103fd9239ed10
SEND 1554057495 TRANSACTION 81 18028 4eec59897b33b6edb84103fd9239ed10
SEND 1554057495 TRANSACTION 81 44706 4eec59897b33b6edb84103fd9239ed10
RECIEVED 1554057495 TRANSACTION 81 68 189
RECIEVED 1554057496 TRANSACTION 81 68 189
RECIEVED 1554057496 TRANSACTION 82 68 189
RECIEVED 1554057496 TRANSACTION 80 68 189
UPDATE 1554057496 TRANSACTION 6a47a13a734f57c4ced93de286f16cf5
SEND 1554057496 TRANSACTION 80 27072 6a47a13a734f57c4ced93de286f16cf5
RECIEVED 1554057496 TRANSACTION 81 68 190
UPDATE 1554057496 TRANSACTION 09de7b73cb7fd9e8c4f29427be59c7b3
SEND 1554057496 TRANSACTION 81 25747 09de7b73cb7fd9e8c4f29427be59c7b3
SEND 1554057496 TRANSACTION 81 16719 09de7b73cb7fd9e8c4f29427be59c7b3
SEND 1554057496 TRANSACTION 81 31318 09de7b73cb7fd9e8c4f29427be59c7b3
RECIEVED 1554057496 TRANSACTION 81 68 191
UPDATE 1554057496 TRANSACTION 209527ed9e7e7667eeb292418d2d4d54
SEND 1554057496 TRANSACTION 81 12783 209527ed9e7e7667eeb292418d2d4d54
RECIEVED 1554057496 TRANSACTION 81 68 192
RECIEVED 1554057496 TRANSACTION 81 68 192
UPDATE 1554057496 TRANSACTION 165ef125e9c4364e34c175ce9c99d553
RECIEVED 1554057496 TRANSACTION 80 68 193
UPDATE 1554057496 TRANSACTION 8d5604e91fe9005021fb197e153fe339
SEND 1554057496 TRANSACTION 80 14001 8d5604e91fe9005021fb197e153fe339
RECIEVED 1554057496 TRANSACTION 80 68 194
UPDATE 1554057496 TRANSACTION af7baac2774805ecc58c4b4d08266666
SEND 1554057496 TRANSACTION 80 21474 af7baac2774805ecc58c4b4d08266666
SEND 1554057496 TRANSACTION 80 33510 af7baac2774805ecc58c4b4d08266666
SEND 1554057496 TRANSACTION 80 13863 af7baac2774805ecc58c4b4d08266666
RECIEVED 1554057496 TRANSACTION 80 68 195
RECIEVED 1554057496 TRANSACTION 81 68 195
RECIEVED 1554057496 TRANSACTION 80 68 195
RECIEVED 1554057496 TRANSACTION 81 68 195
UPDATE 1554057496 TRANSACTION 8ed40c93092a85752c1002ecde037eae
SEND 1554057496 TRANSACTION 81 10135 8ed40c93092a85752c1002ecde037eae
SEND 1554057496 TRANSACTION 81 29799 8ed40c93092a85752c1002ecde037eae
SEND 1554057496 TRANSACTION 81 10611 8ed40c93092a85752c1002ecde037eae
SEND 1554057496 TRANSACTION 81 20690 8ed40c93092a85752c1002ecde037eae
RECIEVED 1554057496 TRANSACTION 81 68 196
UPDATE 1554057496 TRANSACTION 13537be4cd818661043fcb3ba7f5848f
SEND 1554057496 TRANSACTION 81 48439 13537be4cd818661043fcb3ba7f5848f
RECIEVED 1554057496 TRANSACTION 81 68 197
UPDATE 1554057496 TRANSACTION efee4b5db89be90a53b8b31b0f998aa3
SEND 1554057496 TRANSACTION 81 12800 efee4b5db89be90a53b8b31b0f998aa3
RECIEVED 1554057497 TRANSACTION 81 68 198
RECIEVED 1554057497 TRANSACTION 81 68 198
UPDATE 1554057497 TRANSACTION b96891c96ad6cc6db8dafb8ab8ae5a4e
SEND 1554057497 TRANSACTION 81 10292 b96891c96ad6cc6db8dafb8ab8ae5a4e
RECIEVED 1554057497 TRANSACTION 81 68 199
RECIEVED 1554057497 TRANSACTION 82 68 199
UPDATE 1554057497 TRANSACTION 473055b8650f7bf8b8dbd33dc0004497
SEND 1554057497 TRANSACTION 82 10885 473055b8650f7bf8b8dbd33dc0004497
SEND 1554057497 TRANSACTION 82 9894 473055b8650f7bf8b8dbd33dc0004497
RECIEVED 1554057497 TRANSACTION 81 68 200
UPDATE 1554057497 TRANSACTION 75c18add68304a80083be9884ac1289a
RECIEVED 1554057497 TRANSACTION 81 68 201
UPDATE 1554057497 TRANSACTION b353ca956789d846633fc1d8fb7166d4
SEND 1554057497 TRANSACTION 81 15658 b353ca956789d846633fc1d8fb7166d4
RECIEVED 1554057497 TRANSACTION 81 68 202
UPDATE 1554057497 TRANSACTION f9e3b499113c7321230aec5fd6ee30d3
SEND 1554057497 TRANSACTION 81 10544 f9e3b499113c7321230aec5fd6ee30d3
SEND 1554057497 TRANSACTION 81 14544 f9e3b499113c7321230aec5fd6ee30d3
RECIEVED 1554057497 TRANSACTION 81 68 203
UPDATE 1554057497 TRANSACTION 3f47193837e646735e513bac0eb6c8bf
SEND 1554057497 TRANSACTION 81 9051 3f47193837e646735e513bac0eb6c8bf
RECIEVED 1554057497 TRANSACTION 81 68 204
UPDATE 1554057497 TRANSACTION 80f4a99f2b1b6a2cbae82f29a97956cc
SEND 1554057497 TRANSACTION 81 13300 80f4a99f2b1b6a2cbae82f29a97956cc
SEND 1554057497 TRANSACTION 81 20460 80f4a99f2b1b6a2cbae82f29a97956cc
RECIEVED 1554057497 TRANSACTION 81 68 205
RECIEVED 1554057497 TRANSACTION 81 68 205
UPDATE 1554057497 TRANSACTION 41bf10c349ce0b36e1eefe7615860149
SEND 1554057497 TRANSACTION 81 22333 41bf10c349ce0b36e1eefe7615860149
RECIEVED 1554057497 TRANSACTION 81 68 206
RECIEVED 1554057497 TRANSACTION 81 68 206
UPDATE 1554057497 TRANSACTION 216b9f99e46e104d3162386a2391ea6d
RECIEVED 1554057497 TRANSACTION 79 68 207
UPDATE 1554057497 TRANSACTION 89a4468641a7f98d0876766b348387d0
SEND 1554057497 TRANSACTION 79 16368 89a4468641a7f98d0876766b348387d0
RECIEVED 1554057497 TRANSACTION 81 68 208
UPDATE 1554057497 TRANSACTION a10b9b065836186b7eb3217eb7f18bfd
SEND 1554057497 TRANSACTION 81 14957 a10b9b065836186b7eb3217eb7f18bfd
SEND 1554057497 TRANSACTION 81 31649 a10b9b065836186b7eb3217eb7f18bfd
RECIEVED 1554057497 TRANSACTION 81 68 209
UPDATE 1554057497 TRANSACTION 10f592cf0ea80712c6e7788ce65c4b87
SEND 1554057497 TRANSACTION 81 43624 10f592cf0ea80712c6e7788ce65c4b87
SEND 1554057497 TRANSACTION 81 14192 10f592cf0ea80712c6e7788ce65c4b87
RECIEVED 1554057497 TRANSACTION 81 68 210
UPDATE 1554057497 TRANSACTION 87e24737976f6a064098ceba6cb8e9f4
SEND 1554057497 TRANSACTION 81 15290 87e24737976f6a064098ceba6cb8e9f4
SEND 1554057497 TRANSACTION 81 21520 87e24737976f6a064098ceba6cb8e9f4
SEND 1554057497 TRANSACTION 81 16055 87e24737976f6a064098ceba6cb8e9f4
RECIEVED 1554057497 TRANSACTION 81 68 211
RECIEVED 1554057497 TRANSACTION 81 68 211
UPDATE 1554057497 TRANSACTION 13a61e4cac0e68b52e534faa7e5a28e6
SEND 1554057497 TRANSACTION 81 15123 13a61e4cac0e68b52e534faa7e5a28e6
RECIEVED 1554057497 TRANSACTION 82 68 212
UPDATE 1554057497 TRANSACTION 0e21d4340a54696f4e04b3e0bc93a98d
SEND 1554057497 TRANSACTION 82 14756 0e21d4340a54696f4e04b3e0bc93a98d
SEND 1554057497 TRANSACTION 82 13915 0e21d4340a54696f4e04b3e0bc93a98d
RECIEVED 1554057497 TRANSACTION 80 68 213
RECIEVED 1554057498 TRANSACTION 81 68 213
UPDATE 1554057498 TRANSACTION 2a51d4ab6063f28d580859580aca2666
SEND 1554057498 TRANSACTION 81 24696 2a51d4ab6063f28d580859580aca2666
SEND 1554057498 TRANSACTION 81 18762 2a51d4ab6063f28d580859580aca2666
SEND 1554057498 TRANSACTION 81 21219 2a51d4ab6063f28d580859580aca2666
RECIEVED 1554057498 TRANSACTION 81 68 214
RECIEVED 1554057498 TRANSACTION 79 68 214
UPDATE 1554057498 TRANSACTION 370e2569be1675b0b8e0ceb6f2b41c41
SEND 1554057498 TRANSACTION 79 26182 370e2569be1675b0b8e0ceb6f2b41c41
SEND 1554057498 TRANSACTION 79 14544 370e2569be1675b0b8e0ceb6f2b41c41
RECIEVED 1554057498 TRANSACTION 79 68 215
RECIEVED 1554057498 TRANSACTION 81 68 215
UPDATE 1554057498 TRANSACTION dc4c89eaebb5a736e739c011d27d1583
SEND 1554057498 TRANSACTION 81 13348 dc4c89eaebb5a736e739c011d27d1583
SEND 1554057498 TRANSACTION 81 15161 dc4c89eaebb5a736e739c011d27d1583
RECIEVED 1554057498 TRANSACTION 81 68 216
UPDATE 1554057498 TRANSACTION 1275bf04ec078494a535d1528015c2d5
RECIEVED 1554057498 TRANSACTION 82 68 217
UPDATE 1554057498 TRANSACTION dc7dc02b2f22c30f4e97852157b7764d
SEND 1554057498 TRANSACTION 82 49508 dc7dc02b2f22c30f4e97852157b7764d
SEND 1554057498 TRANSACTION 82 30511 dc7dc02b2f22c30f4e97852157b7764d
RECIEVED 1554057498 TRANSACTION 81 68 218
RECIEVED 1554057498 TRANSACTION 81 68 218
RECIEVED 1554057498 TRANSACTION 81 68 218
RECIEVED 1554057498 TRANSACTION 82 68 218
UPDATE 1554057498 TRANSACTION e9254667abea277754abd8bfafa5d4f8
SEND 1554057498 TRANSACTION 82 14698 e9254667abea277754abd8bfafa5d4f8
RECIEVED 1554057498 TRANSACTION 81 68 219
UPDATE 1554057498 TRANSACTION 87e334a3ebc85da3bc51b229da7fa5ff
SEND 1554057498 TRANSACTION 81 14716 87e334a3ebc85da3bc51b229da7fa5ff
SEND 1554057498 TRANSACTION 81 22980 87e334a3ebc85da3bc51b229da7fa5ff
SEND 1554057498 TRANSACTION 81 32960 87e334a3ebc85da3bc51b229da7fa5ff
RECIEVED 1554057498 TRANSACTION 82 68 220
UPDATE 1554057498 TRANSACTION 03fc134dff3884a985b7ae6096ba59ac
SEND 1554057498 TRANSACTION 82 13972 03fc134dff3884a985b7ae6096ba59ac
RECIEVED 1554057498 TRANSACTION 81 68 221
UPDATE 1554057498 TRANSACTION 1f643b861569e909da1f0fcb73cd5614
SEND 1554057498 TRANSACTION 81 21019 1f643b861569e909da1f0fcb73cd5614
SEND 1554057498 TRANSACTION 81 16110 1f643b861569e909da1f0fcb73cd5614
RECIEVED 1554057498 TRANSACTION 81 68 222
UPDATE 1554057498 TRANSACTION 2bb63c63b7c0503a397ef40fde5e2ad5
RECIEVED 1554057498 TRANSACTION 81 68 223
RECIEVED 1554057498 TRANSACTION 82 68 223
UPDATE 1554057498 TRANSACTION 31ce1a2d5b01c3c8e3bedbb70246224a
RECIEVED 1554057498 TRANSACTION 81 68 224
UPDATE 1554057498 TRANSACTION b5dd40744b4ec86dcf62aa10dc66a1f9
SEND 1554057498 TRANSACTION 81 13615 b5dd40744b4ec86dcf62aa10dc66a1f9
RECIEVED 1554057499 TRANSACTION 81 68 225
UPDATE 1554057499 TRANSACTION 61598d2e5aeb31439685b17eb7ba12ac
SEND 1554057499 TRANSACTION 81 18786 61598d2e5aeb31439685b17eb7ba12ac
SEND 1554057499 TRANSACTION 81 36403 61598d2e5aeb31439685b17eb7ba12ac
RECIEVED 1554057499 TRANSACTION 81 68 226
UPDATE 1554057499 TRANSACTION a348ebfbb690a1743de73c508557a59f
SEND 1554057499 TRANSACTION 81 21977 a348ebfbb690a1743de73c508557a59f
SEND 1554057499 TRANSACTION 81 38190 a348ebfbb690a1743de73c508557a59f
RECIEVED 1554057499 TRANSACTION 81 68 227
UPDATE 1554057499 TRANSACTION 733da7916c93a141f5265f830f427759
SEND 1554057499 TRANSACTION 81 26846 733da7916c93a141f5265f830f427759
SEND 1554057499 TRANSACTION 81 13036 733da7916c93a141f5265f830f427759
SEND 1554057499 TRANSACTION 81 36023 733da7916c93a141f5265f830f427759
RECIEVED 1554057499 TRANSACTION 81 68 228
UPDATE 1554057499 TRANSACTION f0b0e33d938f35982f4fac1d32fd1716
SEND 1554057499 TRANSACTION 81 14343 f0b0e33d938f35982f4fac1d32fd1716
RECIEVED 1554057499 TRANSACTION 81 68 229
UPDATE 1554057499 TRANSACTION 8e5306edac2605d398bef0f284cb7d40
SEND 1554057499 TRANSACTION 81 14697 8e5306edac2605d398bef0f284cb7d40
RECIEVED 1554057499 TRANSACTION 81 68 230
RECIEVED 1554057499 TRANSACTION 81 68 230
UPDATE 1554057499 TRANSACTION 4537fcc9bb3726d91ebebece856ec59e
SEND 1554057499 TRANSACTION 81 13553 4537fcc9bb3726d91ebebece856ec59e
SEND 1554057499 TRANSACTION 81 38191 4537fcc9bb3726d91ebebece856ec59e
SEND 1554057499 TRANSACTION 81 14614 4537fcc9bb3726d91ebebece856ec59e
RECIEVED 1554057499 TRANSACTION 81 68 231
RECIEVED 1554057499 TRANSACTION 81 68 231
UPDATE 1554057499 TRANSACTION 6b89473687b587a57c8904ffb85e18d6
SEND 1554057499 TRANSACTION 81 14003 6b89473687b587a57c8904ffb85e18d6
RECIEVED 1554057499 TRANSACTION 81 68 232
UPDATE 1554057499 TRANSACTION 24b9e49f0c96b18b5095e6365b013cdd
SEND 1554057499 TRANSACTION 81 34804 24b9e49f0c96b18b5095e6365b013cdd
RECIEVED 1554057499 TRANSACTION 80 68 233
UPDATE 1554057499 TRANSACTION 96ece026beab2412d079947d75dafdbe
SEND 1554057499 TRANSACTION 80 21924 96ece026beab2412d079947d75dafdbe
RECIEVED 1554057499 TRANSACTION 81 68 234
UPDATE 1554057499 TRANSACTION 17a90b7ada4d7019df6d1bdc64da917b
SEND 1554057499 TRANSACTION 81 38754 17a90b7ada4d7019df6d1bdc64da917b
SEND 1554057499 TRANSACTION 81 12123 17a90b7ada4d7019df6d1bdc64da917b
RECIEVED 1554057499 TRANSACTION 79 68 235
UPDATE 1554057499 TRANSACTION 1c3508a8f645cf374be5a94cf5679454
SEND 1554057499 TRANSACTION 79 9354 1c3508a8f645cf374be5a94cf5679454
RECIEVED 1554057499 TRANSACTION 81 68 236
UPDATE 1554057499 TRANSACTION ad321a6fdea897c7affbfeb739293664
SEND 1554057499 TRANSACTION 81 17257 ad321a6fdea897c7affbfeb739293664
RECIEVED 1554057500 TRANSACTION 82 68 237
RECIEVED 1554057500 TRANSACTION 81 68 237
UPDATE 1554057500 TRANSACTION 00a56badccf25bca015305d6abb19cd7
SEND 1554057500 TRANSACTION 81 9928 00a56badccf25bca015305d6abb19cd7
SEND 1554057500 TRANSACTION 81 19767 00a56badccf25bca015305d6abb19cd7
RECIEVED 1554057500 TRANSACTION 82 68 238
UPDATE 1554057500 TRANSACTION f4297b9bbe8081f47813dfeaecb4563b
SEND 1554057500 TRANSACTION 82 16585 f4297b9bbe8081f47813dfeaecb4563b
RECIEVED 1554057500 TRANSACTION 81 68 239
RECIEVED 1554057500 TRANSACTION 82 68 239
RECIEVED 1554057500 TRANSACTION 82 68 239
RECIEVED 1554057500 TRANSACTION 80 68 239
UPDATE 1554057500 TRANSACTION 7fbdedf6ccf0310deaa95496597d7141
SEND 1554057500 TRANSACTION 80 13858 7fbdedf6ccf0310deaa95496597d7141
RECIEVED 1554057500 HB 3 68 240
SEND 1554057500 INTRODUCE 36 14072
SEND 1554057500 INTRODUCE 36 11384
SEND 1554057500 INTRODUCE 36 4760
SEND 1554057500 INTRODUCE 35 11182
RECIEVED 1554057500 TRANSACTION 81 68 240
RECIEVED 1554057500 TRANSACTION 82 68 240
UPDATE 1554057500 TRANSACTION 79ab11c6ea2ca023560c643d9a1f594a
SEND 1554057500 TRANSACTION 82 12860 79ab11c6ea2ca023560c643d9a1f594a
SEND 1554057500 TRANSACTION 82 10629 79ab11c6ea2ca023560c643d9a1f594a
RECIEVED 1554057500 TRANSACTION 82 68 241
RECIEVED 1554057500 TRANSACTION 81 68 241
UPDATE 1554057500 TRANSACTION a2a06eddbe1a52e3e05ecc130f8c25fb
SEND 1554057500 TRANSACTION 81 36081 a2a06eddbe1a52e3e05ecc130f8c25fb
RECIEVED 1554057500 TRANSACTION 81 68 242
RECIEVED 1554057500 TRANSACTION 81 68 242
UPDATE 1554057500 TRANSACTION e2b75dbced551503a7edcf13b89a335d
SEND 1554057500 TRANSACTION 81 9664 e2b75dbced551503a7edcf13b89a335d
RECIEVED 1554057500 TRANSACTION 81 68 243
RECIEVED 1554057500 TRANSACTION 81 68 243
UPDATE 1554057500 TRANSACTION 1d3c12a40f33b3dae0a82941aad69ff8
SEND 1554057500 TRANSACTION 81 11147 1d3c12a40f33b3dae0a82941aad69ff8
RECIEVED 1554057500 TRANSACTION 81 68 244
RECIEVED 1554057500 TRANSACTION 81 68 244
RECIEVED 1554057500 TRANSACTION 81 68 244
UPDATE 1554057500 TRANSACTION 2fb5fa6e638585855c27909b4c9e78ca
RECIEVED 1554057500 TRANSACTION 81 68 245
UPDATE 1554057500 TRANSACTION 5cffa9bd827f2137fdd4f05e30ee1f24
SEND 1554057500 TRANSACTION 81 10994 5cffa9bd827f2137fdd4f05e30ee1f24
RECIEVED 1554057500 TRANSACTION 81 68 246
UPDATE 1554057500 TRANSACTION da84bf0a63df25380f1cb8a4a6c109a2
SEND 1554057500 TRANSACTION 81 13323 da84bf0a63df25380f1cb8a4a6c109a2
RECIEVED 1554057500 TRANSACTION 80 68 247
UPDATE 1554057500 TRANSACTION 80700776c597fc9aa44a0f4f92515e1a
SEND 1554057500 TRANSACTION 80 9995 80700776c597fc9aa44a0f4f92515e1a
RECIEVED 1554057500 TRANSACTION 80 68 248
UPDATE 1554057500 TRANSACTION f0ce6697ab561aa0b5b1be009f556afb
RECIEVED 1554057500 TRANSACTION 81 68 249
UPDATE 1554057500 TRANSACTION 30ffa0bc656344291a525af1a088db02
SEND 1554057500 TRANSACTION 81 13151 30ffa0bc656344291a525af1a088db02
RECIEVED 1554057500 TRANSACTION 81 68 250
RECIEVED 1554057500 TRANSACTION 81 68 250
UPDATE 1554057500 TRANSACTION a0170dc9c26e20075b0c4042b59bdbf6
SEND 1554057500 TRANSACTION 81 17195 a0170dc9c26e20075b0c4042b59bdbf6
SEND 1554057500 TRANSACTION 81 16806 a0170dc9c26e20075b0c4042b59bdbf6
SEND 1554057500 TRANSACTION 81 14571 a0170dc9c26e20075b0c4042b59bdbf6
RECIEVED 1554057500 TRANSACTION 81 68 251
RECIEVED 1554057500 TRANSACTION 81 68 251
RECIEVED 1554057500 TRANSACTION 81 68 251
UPDATE 1554057500 TRANSACTION f6712dd40c3bab30b0188f2157e97ae1
RECIEVED 1554057500 TRANSACTION 80 68 252
RECIEVED 1554057501 TRANSACTION 80 68 252
UPDATE 1554057501 TRANSACTION 0ea73a4e331016a3253ffb956453596b
SEND 1554057501 TRANSACTION 80 15607 0ea73a4e331016a3253ffb956453596b
RECIEVED 1554057501 TRANSACTION 81 68 253
UPDATE 1554057501 TRANSACTION 263091a14ff7b8a38d1f707799dd4007
SEND 1554057501 TRANSACTION 81 16276 263091a14ff7b8a38d1f707799dd4007
SEND 1554057501 TRANSACTION 81 50007 263091a14ff7b8a38d1f707799dd4007
RECIEVED 1554057501 TRANSACTION 80 68 254
UPDATE 1554057501 TRANSACTION 5a44ae9bcb9d09043697f7b524196b84
SEND 1554057501 TRANSACTION 80 14072 5a44ae9bcb9d09043697f7b524196b84
SEND 1554057501 TRANSACTION 80 9865 5a44ae9bcb9d09043697f7b524196b84
SEND 1554057501 TRANSACTION 80 10572 5a44ae9bcb9d09043697f7b524196b84
RECIEVED 1554057501 TRANSACTION 80 68 255
RECIEVED 1554057501 TRANSACTION 81 68 255
UPDATE 1554057501 TRANSACTION 201e652a9d3626900424fc585e355399
SEND 1554057501 TRANSACTION 81 14267 201e652a9d3626900424fc585e355399
SEND 1554057501 TRANSACTION 81 24328 201e652a9d3626900424fc585e355399
RECIEVED 1554057501 TRANSACTION 81 68 256
UPDATE 1554057501 TRANSACTION 6bace1a3c7eae87ca2cc94fcb48a6d22
RECIEVED 1554057501 TRANSACTION 80 68 257
UPDATE 1554057501 TRANSACTION d643e6b02867bdf3e1d294c54173557d
SEND 1554057501 TRANSACTION 80 20045 d643e6b02867bdf3e1d294c54173557d
RECIEVED 1554057501 TRANSACTION 80 68 258
RECIEVED 1554057501 TRANSACTION 81 68 258
UPDATE 1554057501 TRANSACTION e1568f8e7b208a88f35bc4e8211ee1d8
SEND 1554057501 TRANSACTION 81 15124 e1568f8e7b208a88f35bc4e8211ee1d8
RECIEVED 1554057501 TRANSACTION 81 68 259
UPDATE 1554057501 TRANSACTION 67abc7772cee4f3ad63afddf7c5234e0
SEND 1554057501 TRANSACTION 81 19468 67abc7772cee4f3ad63afddf7c5234e0
SEND 1554057501 TRANSACTION 81 13884 67abc7772cee4f3ad63afddf7c5234e0
RECIEVED 1554057501 TRANSACTION 81 68 260
UPDATE 1554057501 TRANSACTION 31da70ae1ae9172b65b7dd2641938c3b
SEND 1554057501 TRANSACTION 81 13470 31da70ae1ae9172b65b7dd2641938c3b
SEND 1554057501 TRANSACTION 81 14438 31da70ae1ae9172b65b7dd2641938c3b
RECIEVED 1554057501 TRANSACTION 80 68 261
UPDATE 1554057501 TRANSACTION dbeb9a3b2c3af5bdde8ea4e8f7a75f1b
SEND 1554057501 TRANSACTION 80 21249 dbeb9a3b2c3af5bdde8ea4e8f7a75f1b
SEND 1554057501 TRANSACTION 80 14792 dbeb9a3b2c3af5bdde8ea4e8f7a75f1b
RECIEVED 1554057501 TRANSACTION 81 68 262
UPDATE 1554057501 TRANSACTION 4249609a26c5a1ff2c472ee2cd4dc1ec
RECIEVED 1554057501 TRANSACTION 81 68 263
UPDATE 1554057501 TRANSACTION 3415c2bd3e9adb2110a79d2e6961ee3e
SEND 1554057501 TRANSACTION 81 14895 3415c2bd3e9adb2110a79d2e6961ee3e
SEND 1554057501 TRANSACTION 81 19115 3415c2bd3e9adb2110a79d2e6961ee3e
RECIEVED 1554057501 TRANSACTION 81 68 264
RECIEVED 1554057501 TRANSACTION 81 68 264
UPDATE 1554057501 TRANSACTION 9f3775c6048c7aee9e4fbdf75e990b4b
RECIEVED 1554057501 TRANSACTION 81 68 265
RECIEVED 1554057502 TRANSACTION 81 68 265
UPDATE 1554057502 TRANSACTION ec8e87d8d39417a34a661751b1d14f6d
RECIEVED 1554057502 TRANSACTION 80 68 266
UPDATE 1554057502 TRANSACTION 6c389317a033501e91e25c9f879574df
SEND 1554057502 TRANSACTION 80 23202 6c389317a033501e91e25c9f879574df
RECIEVED 1554057502 TRANSACTION 80 68 267
RECIEVED 1554057502 TRANSACTION 81 68 267
UPDATE 1554057502 TRANSACTION e32df29925bd4de9d5a021563a11d977
SEND 1554057502 TRANSACTION 81 13946 e32df29925bd4de9d5a021563a11d977
RECIEVED 1554057502 TRANSACTION 81 68 268
RECIEVED 1554057502 TRANSACTION 82 68 268
UPDATE 1554057502 TRANSACTION d2f8426abde7fa240079f56572934df5
RECIEVED 1554057502 TRANSACTION 81 68 269
UPDATE 1554057502 TRANSACTION 63610c184f4caf9b3ddeee3c4ac4c9bc
RECIEVED 1554057502 TRANSACTION 81 68 270
UPDATE 1554057502 TRANSACTION 82b0f37d361462bd999ec53b4d4c9f5a
SEND 1554057502 TRANSACTION 81 13339 82b0f37d361462bd999ec53b4d4c9f5a
RECIEVED 1554057502 TRANSACTION 81 68 271
RECIEVED 1554057502 TRANSACTION 81 68 271
UPDATE 1554057502 TRANSACTION 2b1da95b089fab5ac14843546f3c4ef5
SEND 1554057502 TRANSACTION 81 13621 2b1da95b089fab5ac14843546f3c4ef5
SEND 1554057502 TRANSACTION 81 15132 2b1da95b089fab5ac14843546f3c4ef5
RECIEVED 1554057502 TRANSACTION 81 68 272
UPDATE 1554057502 TRANSACTION 687b3f7286fd8596ee6414789c2dca4a
SEND 1554057502 TRANSACTION 81 13885 687b3f7286fd8596ee6414789c2dca4a
SEND 1554057502 TRANSACTION 81 22412 687b3f7286fd8596ee6414789c2dca4a
SEND 1554057502 TRANSACTION 81 28009 687b3f7286fd8596ee6414789c2dca4a
RECIEVED 1554057502 TRANSACTION 82 68 273
UPDATE 1554057502 TRANSACTION 51d682103020d9f8013b773a7c89198a
RECIEVED 1554057502 TRANSACTION 81 68 274
UPDATE 1554057502 TRANSACTION 59eab804ce530a77aaaa66c1d3a2f65d
SEND 1554057502 TRANSACTION 81 10099 59eab804ce530a77aaaa66c1d3a2f65d
SEND 1554057502 TRANSACTION 81 23176 59eab804ce530a77aaaa66c1d3a2f65d
SEND 1554057502 TRANSACTION 81 15770 59eab804ce530a77aaaa66c1d3a2f65d
RECIEVED 1554057502 TRANSACTION 81 68 275
RECIEVED 1554057502 TRANSACTION 81 68 275
RECIEVED 1554057502 TRANSACTION 81 68 275
UPDATE 1554057502 TRANSACTION cebc5225bded12b7c7ea99182cc1b63f
SEND 1554057502 TRANSACTION 81 9458 cebc5225bded12b7c7ea99182cc1b63f
SEND 1554057502 TRANSACTION 81 15049 cebc5225bded12b7c7ea99182cc1b63f
RECIEVED 1554057502 TRANSACTION 81 68 276
UPDATE 1554057502 TRANSACTION 6dd682572d085e3defd2ff299fb9b1a0
SEND 1554057502 TRANSACTION 81 11703 6dd682572d085e3defd2ff299fb9b1a0
RECIEVED 1554057502 TRANSACTION 81 68 277
RECIEVED 1554057502 TRANSACTION 81 68 277
UPDATE 1554057502 TRANSACTION 4e7c272e92b58297b02ef0cb6e179cde
SEND 1554057502 TRANSACTION 81 30469 4e7c272e92b58297b02ef0cb6e179cde
RECIEVED 1554057502 TRANSACTION 80 68 278
UPDATE 1554057502 TRANSACTION f2704e20b7bdcfe6d4b1c60a5d9faf9d
SEND 1554057502 TRANSACTION 80 14077 f2704e20b7bdcfe6d4b1c60a5d9faf9d
SEND 1554057502 TRANSACTION 80 15281 f2704e20b7bdcfe6d4b1c60a5d9faf9d
SEND 1554057502 TRANSACTION 80 45440 f2704e20b7bdcfe6d4b1c60a5d9faf9d
RECIEVED 1554057502 TRANSACTION 81 68 279
UPDATE 1554057502 TRANSACTION 17e7b0d8c89f09d1348ecc734eb84f98
SEND 1554057502 TRANSACTION 81 10492 17e7b0d8c89f09d1348ecc734eb84f98
RECIEVED 1554057502 TRANSACTION 80 68 280
RECIEVED 1554057502 TRANSACTION 81 68 280
UPDATE 1554057502 TRANSACTION 0c88a1502e739d93b8c23a90412c382a
SEND 1554057502 TRANSACTION 81 10316 0c88a1502e739d93b8c23a90412c382a
RECIEVED 1554057502 TRANSACTION 81 68 281
UPDATE 1554057502 TRANSACTION 1038344442a69fcad7a03d4334e83aa7
RECIEVED 1554057503 TRANSACTION 79 68 282
UPDATE 1554057503 TRANSACTION aca576b695c01f955a044f3441f450cb
SEND 1554057503 TRANSACTION 79 16312 aca576b695c01f955a044f3441f450cb
SEND 1554057503 TRANSACTION 79 11741 aca576b695c01f955a044f3441f450cb
RECIEVED 1554057503 TRANSACTION 80 68 283
UPDATE 1554057503 TRANSACTION 08edde933532fbecddc7b03df2573030
SEND 1554057503 TRANSACTION 80 9573 08edde933532fbecddc7b03df2573030
RECIEVED 1554057503 TRANSACTION 81 68 284
UPDATE 1554057503 TRANSACTION 3a0f489df5c75fc3faaff16742817e04
SEND 1554057503 TRANSACTION 81 14474 3a0f489df5c75fc3faaff16742817e04
SEND 1554057503 TRANSACTION 81 25043 3a0f489df5c75fc3faaff16742817e04
RECIEVED 1554057503 TRANSACTION 81 68 285
UPDATE 1554057503 TRANSACTION 8f259208f250104103d84adebe066109
SEND 1554057503 TRANSACTION 81 10035 8f259208f250104103d84adebe066109
SEND 1554057503 TRANSACTION 81 11148 8f259208f250104103d84adebe066109
RECIEVED 1554057503 TRANSACTION 81 68 286
RECIEVED 1554057503 TRANSACTION 81 68 286
UPDATE 1554057503 TRANSACTION 97dd15516e0dd45d22b14a8734bf2cd6
RECIEVED 1554057503 TRANSACTION 81 68 287
RECIEVED 1554057503 TRANSACTION 81 68 287
RECIEVED 1554057503 TRANSACTION 81 68 287
UPDATE 1554057503 TRANSACTION c6ae26521dc77fa728c7cd98334ebe06
SEND 1554057503 TRANSACTION 81 14308 c6ae26521dc77fa728c7cd98334ebe06
RECIEVED 1554057503 TRANSACTION 80 68 288
UPDATE 1554057503 TRANSACTION 0480eaa916a21097b65c340ac5868520
RECIEVED 1554057503 TRANSACTION 82 68 289
UPDATE 1554057503 TRANSACTION a3f59e8bd9a792cb16235785625e6f16
SEND 1554057503 TRANSACTION 82 10047 a3f59e8bd9a792cb16235785625e6f16
RECIEVED 1554057503 TRANSACTION 81 68 290
UPDATE 1554057503 TRANSACTION 7c3c4aef266784a8af190d36921d3e4f
SEND 1554057503 TRANSACTION 81 9784 7c3c4aef266784a8af190d36921d3e4f
RECIEVED 1554057503 TRANSACTION 82 68 291
RECIEVED 1554057503 TRANSACTION 81 68 291
UPDATE 1554057503 TRANSACTION 783bd914b639f0512d328d9a2c9d185e
SEND 1554057503 TRANSACTION 81 12142 783bd914b639f0512d328d9a2c9d185e
RECIEVED 1554057503 TRANSACTION 81 68 292
UPDATE 1554057503 TRANSACTION 4b19268e5f2b793299fa2907bd4d4962
SEND 1554057503 TRANSACTION 81 10309 4b19268e5f2b793299fa2907bd4d4962
RECIEVED 1554057504 TRANSACTION 81 68 293
UPDATE 1554057504 TRANSACTION 51f6dc4a097ece18518209bb803161a4
SEND 1554057504 TRANSACTION 81 29202 51f6dc4a097ece18518209bb803161a4
SEND 1554057504 TRANSACTION 81 9771 51f6dc4a097ece18518209bb803161a4
RECIEVED 1554057504 TRANSACTION 81 68 294
UPDATE 1554057504 TRANSACTION 41adbaa5cd3fa5ea599eab8b2f8cfe39
SEND 1554057504 TRANSACTION 81 8680 41adbaa5cd3fa5ea599eab8b2f8cfe39
RECIEVED 1554057504 TRANSACTION 81 68 295
RECIEVED 1554057504 TRANSACTION 81 68 295
RECIEVED 1554057504 TRANSACTION 81 68 295
UPDATE 1554057504 TRANSACTION 05dbdfdcde49c1aeafa9b109603b905e
SEND 1554057504 TRANSACTION 81 13283 05dbdfdcde49c1aeafa9b109603b905e
SEND 1554057504 TRANSACTION 81 10102 05dbdfdcde49c1aeafa9b109603b905e
SEND 1554057504 TRANSACTION 81 42204 05dbdfdcde49c1aeafa9b109603b905e
RECIEVED 1554057504 TRANSACTION 80 68 296
UPDATE 1554057504 TRANSACTION 3088341ec1cc278b2e79b4cbff49fcd8
SEND 1554057504 TRANSACTION 80 9767 3088341ec1cc278b2e79b4cbff49fcd8
RECIEVED 1554057504 TRANSACTION 81 68 297
UPDATE 1554057504 TRANSACTION f7fdb6eb7a5ad23aff446f59ae787dc6
SEND 1554057504 TRANSACTION 81 48109 f7fdb6eb7a5ad23aff446f59ae787dc6
SEND 1554057504 TRANSACTION 81 9971 f7fdb6eb7a5ad23aff446f59ae787dc6
SEND 1554057504 TRANSACTION 81 19545 f7fdb6eb7a5ad23aff446f59ae787dc6
RECIEVED 1554057504 TRANSACTION 80 68 298
UPDATE 1554057504 TRANSACTION 364e4a468c1399e6b1adc530cfdeeace
SEND 1554057504 TRANSACTION 80 19710 364e4a468c1399e6b1adc530cfdeeace
SEND 1554057504 TRANSACTION 80 22150 364e4a468c1399e6b1adc530cfdeeace
RECIEVED 1554057504 TRANSACTION 81 68 299
RECIEVED 1554057504 TRANSACTION 81 68 299
UPDATE 1554057504 TRANSACTION ad166a448fb23774505b39c5a16ac338
SEND 1554057504 TRANSACTION 81 29471 ad166a448fb23774505b39c5a16ac338
RECIEVED 1554057504 TRANSACTION 81 68 300
RECIEVED 1554057504 TRANSACTION 82 68 300
UPDATE 1554057504 TRANSACTION 4ace7c6d8352994f480a0f09877eb24a
SEND 1554057504 TRANSACTION 82 10212 4ace7c6d8352994f480a0f09877eb24a
SEND 1554057504 TRANSACTION 82 14751 4ace7c6d8352994f480a0f09877eb24a
RECIEVED 1554057504 TRANSACTION 81 68 301
UPDATE 1554057504 TRANSACTION 1a850a7cf02a070983d0689f16f828f2
RECIEVED 1554057504 TRANSACTION 80 68 302
UPDATE 1554057504 TRANSACTION 28f26f0a9ff70b7c42e11df91049a0c6
SEND 1554057504 TRANSACTION 80 15102 28f26f0a9ff70b7c42e11df91049a0c6
SEND 1554057504 TRANSACTION 80 15019 28f26f0a9ff70b7c42e11df91049a0c6
RECIEVED 1554057504 TRANSACTION 80 68 303
UPDATE 1554057504 TRANSACTION 913c624be22e3d8f0b782eac0ee7d7c6
RECIEVED 1554057504 TRANSACTION 81 68 304
UPDATE 1554057504 TRANSACTION f4bfbcb1704d3f3e7b3aa8f614357f1f
RECIEVED 1554057504 TRANSACTION 81 68 305
RECIEVED 1554057504 TRANSACTION 81 68 305
UPDATE 1554057504 TRANSACTION 95883ad8549e707f53d4f475d59ae545
RECIEVED 1554057505 TRANSACTION 80 68 306
UPDATE 1554057505 TRANSACTION e4fb0ee8f635e297a5ee63345d21e61b
SEND 1554057505 TRANSACTION 80 14046 e4fb0ee8f635e297a5ee63345d21e61b
RECIEVED 1554057505 TRANSACTION 80 68 307
UPDATE 1554057505 TRANSACTION e2f0daff769ce0ac34e00d8708b87299
SEND 1554057505 TRANSACTION 80 8873 e2f0daff769ce0ac34e00d8708b87299
SEND 1554057505 TRANSACTION 80 19505 e2f0daff769ce0ac34e00d8708b87299
RECIEVED 1554057505 TRANSACTION 79 68 308
UPDATE 1554057505 TRANSACTION 1a9192fc2468c26ffcc5d1cd1b0280b1
SEND 1554057505 TRANSACTION 79 9329 1a9192fc2468c26ffcc5d1cd1b0280b1
RECIEVED 1554057505 TRANSACTION 82 68 309
UPDATE 1554057505 TRANSACTION 1cdb5a01effca886f83cb7cc93cc5fd5
SEND 1554057505 TRANSACTION 82 19454 1cdb5a01effca886f83cb7cc93cc5fd5
RECIEVED 1554057505 TRANSACTION 82 68 310
RECIEVED 1554057505 TRANSACTION 81 68 310
UPDATE 1554057505 TRANSACTION 90694e05926fba2b47cb90bdadd9b58a
SEND 1554057505 TRANSACTION 81 9838 90694e05926fba2b47cb90bdadd9b58a
RECIEVED 1554057505 TRANSACTION 80 68 311
RECIEVED 1554057505 TRANSACTION 80 68 311
UPDATE 1554057505 TRANSACTION e8580d90b029582f907b565365b6915e
SEND 1554057505 TRANSACTION 80 14549 e8580d90b029582f907b565365b6915e
RECIEVED 1554057505 TRANSACTION 80 68 312
UPDATE 1554057505 TRANSACTION 391ca84f885cb59ff5facddac52de350
SEND 1554057505 TRANSACTION 80 9716 391ca84f885cb59ff5facddac52de350
RECIEVED 1554057505 TRANSACTION 81 68 313
UPDATE 1554057505 TRANSACTION e93e974fe6a8aaf1777e3ed83dcb7486
SEND 1554057505 TRANSACTION 81 9740 e93e974fe6a8aaf1777e3ed83dcb7486
RECIEVED 1554057505 TRANSACTION 81 68 314
UPDATE 1554057505 TRANSACTION f320fb1df28a9bee259f10a64af64c22
SEND 1554057505 TRANSACTION 81 16308 f320fb1df28a9bee259f10a64af64c22
RECIEVED 1554057505 TRANSACTION 80 68 315
UPDATE 1554057505 TRANSACTION dbb2f4ee60cced1466a57a13e847ebb1
SEND 1554057505 TRANSACTION 80 12520 dbb2f4ee60cced1466a57a13e847ebb1
RECIEVED 1554057505 TRANSACTION 81 68 316
UPDATE 1554057505 TRANSACTION 5de342f5ae9364709f6b5ef06976100f
SEND 1554057505 TRANSACTION 81 17718 5de342f5ae9364709f6b5ef06976100f
SEND 1554057505 TRANSACTION 81 14118 5de342f5ae9364709f6b5ef06976100f
RECIEVED 1554057505 TRANSACTION 81 68 317
UPDATE 1554057505 TRANSACTION 996b7a5a51b929bc11bb70777fb1e66b
SEND 1554057505 TRANSACTION 81 13464 996b7a5a51b929bc11bb70777fb1e66b
SEND 1554057505 TRANSACTION 81 19482 996b7a5a51b929bc11bb70777fb1e66b
RECIEVED 1554057505 TRANSACTION 80 68 318
RECIEVED 1554057505 TRANSACTION 80 68 318
UPDATE 1554057505 TRANSACTION 8c1ae8c53929b0b0867fdbc57c08ebfe
SEND 1554057505 TRANSACTION 80 9821 8c1ae8c53929b0b0867fdbc57c08ebfe
SEND 1554057505 TRANSACTION 80 14725 8c1ae8c53929b0b0867fdbc57c08ebfe
SEND 1554057505 TRANSACTION 80 10306 8c1ae8c53929b0b0867fdbc57c08ebfe
RECIEVED 1554057505 TRANSACTION 81 68 319
UPDATE 1554057505 TRANSACTION 40d43bde64db2947812a8dcb62880352
RECIEVED 1554057505 TRANSACTION 80 68 320
UPDATE 1554057505 TRANSACTION 88b49bfa98c15749ca395df6089b8f9c
SEND 1554057505 TRANSACTION 80 12398 88b49bfa98c15749ca395df6089b8f9c
SEND 1554057505 TRANSACTION 80 15676 88b49bfa98c15749ca395df6089b8f9c
RECIEVED 1554057505 TRANSACTION 82 68 321
RECIEVED 1554057505 TRANSACTION 81 68 321
UPDATE 1554057505 TRANSACTION ff12bc75dfe9df0f3777e60fb61c45e3
RECIEVED 1554057505 TRANSACTION 81 68 322
UPDATE 1554057505 TRANSACTION fa461b914d3f58baf860a4a2e9cce5d0
SEND 1554057505 TRANSACTION 81 9869 fa461b914d3f58baf860a4a2e9cce5d0
RECIEVED 1554057505 TRANSACTION 81 68 323
RECIEVED 1554057505 TRANSACTION 82 68 323
UPDATE 1554057505 TRANSACTION f4cae7df1dc8840e0033af4de502ebaf
SEND 1554057505 TRANSACTION 82 13462 f4cae7df1dc8840e0033af4de502ebaf
SEND 1554057505 TRANSACTION 82 21031 f4cae7df1dc8840e0033af4de502ebaf
RECIEVED 1554057505 TRANSACTION 80 68 324
RECIEVED 1554057505 TRANSACTION 81 68 324
UPDATE 1554057505 TRANSACTION f67f061a705762af21436610c4454142
RECIEVED 1554057505 TRANSACTION 81 68 325
RECIEVED 1554057505 TRANSACTION 81 68 325
RECIEVED 1554057505 TRANSACTION 82 68 325
UPDATE 1554057505 TRANSACTION f2a4bb4fe0ace0a04197649102b56d5e
SEND 1554057505 TRANSACTION 82 9049 f2a4bb4fe0ace0a04197649102b56d5e
RECIEVED 1554057505 TRANSACTION 81 68 326
RECIEVED 1554057505 TRANSACTION 82 68 326
RECIEVED 1554057506 TRANSACTION 81 68 326
UPDATE 1554057506 TRANSACTION 40930570110ef3166fc20a5553261b5b
SEND 1554057506 TRANSACTION 81 9420 40930570110ef3166fc20a5553261b5b
RECIEVED 1554057506 TRANSACTION 81 68 327
UPDATE 1554057506 TRANSACTION c6554314f120025f06b695329fdbcb6c
SEND 1554057506 TRANSACTION 81 27391 c6554314f120025f06b695329fdbcb6c
SEND 1554057506 TRANSACTION 81 15473 c6554314f120025f06b695329fdbcb6c
SEND 1554057506 TRANSACTION 81 26309 c6554314f120025f06b695329fdbcb6c
RECIEVED 1554057506 TRANSACTION 81 68 328
UPDATE 1554057506 TRANSACTION 7c90e02c485e04280ee936c0c5293582
RECIEVED 1554057506 TRANSACTION 81 68 329
UPDATE 1554057506 TRANSACTION 613be97b88c653fe2dc7426da8f45d48
SEND 1554057506 TRANSACTION 81 16281 613be97b88c653fe2dc7426da8f45d48
SEND 1554057506 TRANSACTION 81 14061 613be97b88c653fe2dc7426da8f45d48
RECIEVED 1554057506 TRANSACTION 81 68 330
RECIEVED 1554057506 TRANSACTION 81 68 330
RECIEVED 1554057506 TRANSACTION 81 68 330
RECIEVED 1554057506 TRANSACTION 81 68 330
UPDATE 1554057506 TRANSACTION b0939888da47f2eee4ccf7db93cbc5ab
SEND 1554057506 TRANSACTION 81 13966 b0939888da47f2eee4ccf7db93cbc5ab
SEND 1554057506 TRANSACTION 81 9787 b0939888da47f2eee4ccf7db93cbc5ab
RECIEVED 1554057506 TRANSACTION 81 68 331
RECIEVED 1554057506 TRANSACTION 81 68 331
RECIEVED 1554057506 TRANSACTION 81 68 331
UPDATE 1554057506 TRANSACTION bfc9e57592399980c7d3520c451a4512
RECIEVED 1554057506 TRANSACTION 81 68 332
UPDATE 1554057506 TRANSACTION 32ef2eac77a2065ed3a845130f617470
SEND 1554057506 TRANSACTION 81 15761 32ef2eac77a2065ed3a845130f617470
RECIEVED 1554057506 TRANSACTION 81 68 333
RECIEVED 1554057506 TRANSACTION 81 68 333
RECIEVED 1554057506 TRANSACTION 81 68 333
UPDATE 1554057506 TRANSACTION 9bcd950f2564df94992c637267198e16
SEND 1554057506 TRANSACTION 81 9943 9bcd950f2564df94992c637267198e16
RECIEVED 1554057506 TRANSACTION 81 68 334
RECIEVED 1554057506 TRANSACTION 79 68 334
RECIEVED 1554057506 TRANSACTION 81 68 334
UPDATE 1554057506 TRANSACTION 91764f8a75c3b9e98febeb4e171d09fa
SEND 1554057506 TRANSACTION 81 15153 91764f8a75c3b9e98febeb4e171d09fa
RECIEVED 1554057506 TRANSACTION 81 68 335
UPDATE 1554057506 TRANSACTION 37f5c534c0a385883cd91086848c409d
SEND 1554057506 TRANSACTION 81 9304 37f5c534c0a385883cd91086848c409d
RECIEVED 1554057506 TRANSACTION 82 68 336
UPDATE 1554057506 TRANSACTION 2a9d1aa4b2cc5c3220cac647eb1b2e62
SEND 1554057506 TRANSACTION 82 38924 2a9d1aa4b2cc5c3220cac647eb1b2e62
RECIEVED 1554057506 TRANSACTION 81 68 337
UPDATE 1554057506 TRANSACTION 116b887d84dd69c17cd96f36b35019cc
SEND 1554057506 TRANSACTION 81 19004 116b887d84dd69c17cd96f36b35019cc
RECIEVED 1554057506 TRANSACTION 81 68 338
UPDATE 1554057506 TRANSACTION 7413f626943386d8b85f679bfd44865a
SEND 1554057506 TRANSACTION 81 9511 7413f626943386d8b85f679bfd44865a
SEND 1554057506 TRANSACTION 81 12886 7413f626943386d8b85f679bfd44865a
RECIEVED 1554057506 TRANSACTION 81 68 339
RECIEVED 1554057506 TRANSACTION 82 68 339
RECIEVED 1554057507 TRANSACTION 81 68 339
RECIEVED 1554057507 TRANSACTION 81 68 339
UPDATE 1554057507 TRANSACTION 646719786e364fab04719c84441d0520
SEND 1554057507 TRANSACTION 81 28023 646719786e364fab04719c84441d0520
RECIEVED 1554057507 TRANSACTION 81 68 340
UPDATE 1554057507 TRANSACTION 7e4d5fc0e4dc533e928652a1beb0cf17
SEND 1554057507 TRANSACTION 81 9922 7e4d5fc0e4dc533e928652a1beb0cf17
SEND 1554057507 TRANSACTION 81 9754 7e4d5fc0e4dc533e928652a1beb0cf17
RECIEVED 1554057507 TRANSACTION 81 68 341
RECIEVED 1554057507 TRANSACTION 81 68 341
RECIEVED 1554057507 TRANSACTION 81 68 341
UPDATE 1554057507 TRANSACTION 86426b4dacf109a61e0f96ff9de41bff
SEND 1554057507 TRANSACTION 81 13458 86426b4dacf109a61e0f96ff9de41bff
SEND 1554057507 TRANSACTION 81 31361 86426b4dacf109a61e0f96ff9de41bff
SEND 1554057507 TRANSACTION 81 24198 86426b4dacf109a61e0f96ff9de41bff
RECIEVED 1554057507 TRANSACTION 81 68 342
RECIEVED 1554057507 TRANSACTION 81 68 342
UPDATE 1554057507 TRANSACTION a241451f30edc28334d583f38fe558e2
SEND 1554057507 TRANSACTION 81 9442 a241451f30edc28334d583f38fe558e2
SEND 1554057507 TRANSACTION 81 12695 a241451f30edc28334d583f38fe558e2
RECIEVED 1554057507 TRANSACTION 81 68 343
UPDATE 1554057507 TRANSACTION 68c9a45dc2edd966a146ba151088dc01
SEND 1554057507 TRANSACTION 81 17542 68c9a45dc2edd966a146ba151088dc01
RECIEVED 1554057507 TRANSACTION 81 68 344
RECIEVED 1554057507 TRANSACTION 80 68 344
UPDATE 1554057507 TRANSACTION 2546ec618e0de3b1f7c269c13a1f65fd
SEND 1554057507 TRANSACTION 80 9341 2546ec618e0de3b1f7c269c13a1f65fd
RECIEVED 1554057507 TRANSACTION 80 68 345
RECIEVED 1554057507 TRANSACTION 81 68 345
UPDATE 1554057507 TRANSACTION aca68786c312f5184e54a4f8c221a944
SEND 1554057507 TRANSACTION 81 14586 aca68786c312f5184e54a4f8c221a944
RECIEVED 1554057507 TRANSACTION 81 68 346
RECIEVED 1554057507 TRANSACTION 81 68 346
RECIEVED 1554057507 TRANSACTION 80 68 346
RECIEVED 1554057507 TRANSACTION 80 68 346
UPDATE 1554057507 TRANSACTION 354bbc1d29fbf46f80f1f0c5ee8a196c
SEND 1554057507 TRANSACTION 80 20599 354bbc1d29fbf46f80f1f0c5ee8a196c
RECIEVED 1554057507 TRANSACTION 80 68 347
RECIEVED 1554057507 INTRODUCE 35 68 347
RECIEVED 1554057507 INTRODUCE 37 69 347
RECIEVED 1554057507 INTRODUCE 37 70 347
RECIEVED 1554057507 INTRODUCE 37 70 347
RECIEVED 1554057507 TRANSACTION 79 71 347
UPDATE 1554057507 TRANSACTION 0c52cc54330687e1803feb867f1ca5c2
SEND 1554057507 TRANSACTION 79 10340 0c52cc54330687e1803feb867f1ca5c2
SEND 1554057507 TRANSACTION 79 27291 0c52cc54330687e1803feb867f1ca5c2
RECIEVED 1554057507 TRANSACTION 81 71 348
UPDATE 1554057507 TRANSACTION a12921c8dea6aaac720a42e0f56e452d
SEND 1554057507 TRANSACTION 81 11305 a12921c8dea6aaac720a42e0f56e452d
SEND 1554057507 TRANSACTION 81 21714 a12921c8dea6aaac720a42e0f56e452d
SEND 1554057507 TRANSACTION 81 17115 a12921c8dea6aaac720a42e0f56e452d
RECIEVED 1554057507 TRANSACTION 79 71 349
RECIEVED 1554057507 TRANSACTION 81 71 349
RECIEVED 1554057507 TRANSACTION 81 71 349
UPDATE 1554057507 TRANSACTION 4453ba3cac20e62d01c4ce6d81935516
SEND 1554057507 TRANSACTION 81 15115 4453ba3cac20e62d01c4ce6d81935516
SEND 1554057507 TRANSACTION 81 15574 4453ba3cac20e62d01c4ce6d81935516
RECIEVED 1554057507 TRANSACTION 81 71 350
UPDATE 1554057507 TRANSACTION d608f81f89bbbfc6bd49b2334addfc1c
SEND 1554057507 TRANSACTION 81 9116 d608f81f89bbbfc6bd49b2334addfc1c
RECIEVED 1554057507 TRANSACTION 81 71 351
RECIEVED 1554057507 TRANSACTION 81 71 351
RECIEVED 1554057507 TRANSACTION 81 71 351
UPDATE 1554057507 TRANSACTION 44f2656f2ed6d9438ee55eddd7c1e665
SEND 1554057507 TRANSACTION 81 31115 44f2656f2ed6d9438ee55eddd7c1e665
SEND 1554057507 TRANSACTION 81 15488 44f2656f2ed6d9438ee55eddd7c1e665
SEND 1554057507 TRANSACTION 81 10151 44f2656f2ed6d9438ee55eddd7c1e665
RECIEVED 1554057508 TRANSACTION 81 71 352
UPDATE 1554057508 TRANSACTION 106b948ff25238c9d763ba2ea7f529e9
SEND 1554057508 TRANSACTION 81 14864 106b948ff25238c9d763ba2ea7f529e9
RECIEVED 1554057508 TRANSACTION 81 71 353
RECIEVED 1554057508 TRANSACTION 81 71 353
UPDATE 1554057508 TRANSACTION 1ed93edd7b9d316e7ab2d0088c832a84
SEND 1554057508 TRANSACTION 81 14347 1ed93edd7b9d316e7ab2d0088c832a84
SEND 1554057508 TRANSACTION 81 11127 1ed93edd7b9d316e7ab2d0088c832a84
RECIEVED 1554057508 TRANSACTION 81 71 354
RECIEVED 1554057508 TRANSACTION 81 71 354
UPDATE 1554057508 TRANSACTION b5ba6ab3eb4361659505f50822f71c11
SEND 1554057508 TRANSACTION 81 17402 b5ba6ab3eb4361659505f50822f71c11
SEND 1554057508 TRANSACTION 81 13725 b5ba6ab3eb4361659505f50822f71c11
SEND 1554057508 TRANSACTION 81 13716 b5ba6ab3eb4361659505f50822f71c11
RECIEVED 1554057508 TRANSACTION 81 71 355
RECIEVED 1554057508 TRANSACTION 80 71 355
UPDATE 1554057508 TRANSACTION 3bf707668a0c7d9a8383b7d4457e92b3
SEND 1554057508 TRANSACTION 80 15555 3bf707668a0c7d9a8383b7d4457e92b3
SEND 1554057508 TRANSACTION 80 15228 3bf707668a0c7d9a8383b7d4457e92b3
RECIEVED 1554057508 TRANSACTION 80 71 356
RECIEVED 1554057510 HB 3 71 356
SEND 1554057510 INTRODUCE 37 16528
SEND 1554057510 INTRODUCE 36 15142
SEND 1554057510 INTRODUCE 37 49067
SEND 1554057510 INTRODUCE 35 25255
RECIEVED 1554057510 TRANSACTION 81 71 356
UPDATE 1554057510 TRANSACTION 16f5c46a7b48741c0cd4755eabf30af4
SEND 1554057510 TRANSACTION 81 39869 16f5c46a7b48741c0cd4755eabf30af4
SEND 1554057510 TRANSACTION 81 16470 16f5c46a7b48741c0cd4755eabf30af4
SEND 1554057510 TRANSACTION 81 43562 16f5c46a7b48741c0cd4755eabf30af4
RECIEVED 1554057510 TRANSACTION 81 71 357
UPDATE 1554057510 TRANSACTION 5301898091cf48f1f214c9b55c6c3ae7
SEND 1554057510 TRANSACTION 81 12990 5301898091cf48f1f214c9b55c6c3ae7
RECIEVED 1554057510 TRANSACTION 81 71 358
UPDATE 1554057510 TRANSACTION 2265bd9de3f49d6c4f8f8437ee5655a3
SEND 1554057510 TRANSACTION 81 22065 2265bd9de3f49d6c4f8f8437ee5655a3
SEND 1554057510 TRANSACTION 81 20259 2265bd9de3f49d6c4f8f8437ee5655a3
RECIEVED 1554057510 TRANSACTION 81 71 359
UPDATE 1554057510 TRANSACTION 6ed77468847db9917035d4a143779bf8
SEND 1554057510 TRANSACTION 81 19441 6ed77468847db9917035d4a143779bf8
SEND 1554057510 TRANSACTION 81 26085 6ed77468847db9917035d4a143779bf8
RECIEVED 1554057510 TRANSACTION 81 71 360
UPDATE 1554057510 TRANSACTION c9b469ae0ee937c4365d5ce227cbcb94
SEND 1554057510 TRANSACTION 81 17847 c9b469ae0ee937c4365d5ce227cbcb94
RECIEVED 1554057510 TRANSACTION 81 71 361
RECIEVED 1554057510 TRANSACTION 81 71 361
UPDATE 1554057510 TRANSACTION bcd530629ec713f58ee299759822027f
SEND 1554057510 TRANSACTION 81 24183 bcd530629ec713f58ee299759822027f
RECIEVED 1554057510 TRANSACTION 81 71 362
RECIEVED 1554057510 TRANSACTION 79 71 362
UPDATE 1554057510 TRANSACTION e0d28b431475624d085b50b94554cd09
SEND 1554057510 TRANSACTION 79 11523 e0d28b431475624d085b50b94554cd09
SEND 1554057510 TRANSACTION 79 18644 e0d28b431475624d085b50b94554cd09
RECIEVED 1554057510 TRANSACTION 81 71 363
UPDATE 1554057510 TRANSACTION b19a0c1ac4ab2f2ddcfc212df4de7713
SEND 1554057510 TRANSACTION 81 13140 b19a0c1ac4ab2f2ddcfc212df4de7713
SEND 1554057510 TRANSACTION 81 32230 b19a0c1ac4ab2f2ddcfc212df4de7713
RECIEVED 1554057510 TRANSACTION 81 71 364
UPDATE 1554057510 TRANSACTION c3a54fac00409c7efc4a7f3d97b32f64
SEND 1554057510 TRANSACTION 81 21268 c3a54fac00409c7efc4a7f3d97b32f64
RECIEVED 1554057510 TRANSACTION 81 71 365
RECIEVED 1554057510 TRANSACTION 81 71 365
RECIEVED 1554057510 TRANSACTION 81 71 365
UPDATE 1554057510 TRANSACTION c93fa1f4d43501e22e26d987723008e7
SEND 1554057510 TRANSACTION 81 14784 c93fa1f4d43501e22e26d987723008e7
SEND 1554057510 TRANSACTION 81 9344 c93fa1f4d43501e22e26d987723008e7
RECIEVED 1554057510 TRANSACTION 81 71 366
UPDATE 1554057510 TRANSACTION 082bb1f7e448f19505bcf817c7951e9a
SEND 1554057510 TRANSACTION 81 9336 082bb1f7e448f19505bcf817c7951e9a
SEND 1554057510 TRANSACTION 81 9536 082bb1f7e448f19505bcf817c7951e9a
RECIEVED 1554057510 TRANSACTION 81 71 367
RECIEVED 1554057510 TRANSACTION 81 71 367
UPDATE 1554057510 TRANSACTION 56b0c4490bc2f735f9fed04d91e19a32
SEND 1554057510 TRANSACTION 81 21402 56b0c4490bc2f735f9fed04d91e19a32
SEND 1554057510 TRANSACTION 81 20839 56b0c4490bc2f735f9fed04d91e19a32
SEND 1554057510 TRANSACTION 81 15659 56b0c4490bc2f735f9fed04d91e19a32
RECIEVED 1554057511 TRANSACTION 81 71 368
UPDATE 1554057511 TRANSACTION a2571f850d17c3d9eea812905ea869c6
SEND 1554057511 TRANSACTION 81 9142 a2571f850d17c3d9eea812905ea869c6
SEND 1554057511 TRANSACTION 81 19209 a2571f850d17c3d9eea812905ea869c6
SEND 1554057511 TRANSACTION 81 16255 a2571f850d17c3d9eea812905ea869c6
RECIEVED 1554057511 TRANSACTION 81 71 369
RECIEVED 1554057511 TRANSACTION 82 71 369
UPDATE 1554057511 TRANSACTION 854e8d7be0a46fa3e73d46f37951b8fd
SEND 1554057511 TRANSACTION 82 13168 854e8d7be0a46fa3e73d46f37951b8fd
SEND 1554057511 TRANSACTION 82 21474 854e8d7be0a46fa3e73d46f37951b8fd
SEND 1554057511 TRANSACTION 82 10425 854e8d7be0a46fa3e73d46f37951b8fd
RECIEVED 1554057511 TRANSACTION 81 71 370
UPDATE 1554057511 TRANSACTION 18577ff9932621328012fa198f980933
SEND 1554057511 TRANSACTION 81 8437 18577ff9932621328012fa198f980933
RECIEVED 1554057511 TRANSACTION 81 71 371
RECIEVED 1554057511 TRANSACTION 81 71 371
UPDATE 1554057511 TRANSACTION 495aff65e78f6c69ade53b2fd59c9aee
SEND 1554057511 TRANSACTION 81 14160 495aff65e78f6c69ade53b2fd59c9aee
SEND 1554057511 TRANSACTION 81 10400 495aff65e78f6c69ade53b2fd59c9aee
SEND 1554057511 TRANSACTION 81 52106 495aff65e78f6c69ade53b2fd59c9aee
RECIEVED 1554057511 TRANSACTION 81 71 372
RECIEVED 1554057511 TRANSACTION 81 71 372
RECIEVED 1554057511 TRANSACTION 81 71 372
UPDATE 1554057511 TRANSACTION 1a1c41141930d3debb94f10042130a1a
SEND 1554057511 TRANSACTION 81 13996 1a1c41141930d3debb94f10042130a1a
RECIEVED 1554057511 TRANSACTION 81 71 373
RECIEVED 1554057511 TRANSACTION 81 71 373
UPDATE 1554057511 TRANSACTION b8d336ca645c461a13b6cda5d0ec18c7
SEND 1554057511 TRANSACTION 81 40934 b8d336ca645c461a13b6cda5d0ec18c7
SEND 1554057511 TRANSACTION 81 9359 b8d336ca645c461a13b6cda5d0ec18c7
RECIEVED 1554057511 TRANSACTION 81 71 374
RECIEVED 1554057511 TRANSACTION 81 71 374
UPDATE 1554057511 TRANSACTION 5e420dbd3144aab78185eba8eb4d6832
SEND 1554057511 TRANSACTION 81 9308 5e420dbd3144aab78185eba8eb4d6832
RECIEVED 1554057511 TRANSACTION 81 71 375
UPDATE 1554057511 TRANSACTION 0585d2ea6aab85b0b55caf395e5b49ca
SEND 1554057511 TRANSACTION 81 14215 0585d2ea6aab85b0b55caf395e5b49ca
SEND 1554057511 TRANSACTION 81 16023 0585d2ea6aab85b0b55caf395e5b49ca
RECIEVED 1554057511 TRANSACTION 78 71 376
UPDATE 1554057511 TRANSACTION 9562e145e521b8741c377c63e58e4525
SEND 1554057511 TRANSACTION 78 13909 9562e145e521b8741c377c63e58e4525
RECIEVED 1554057511 TRANSACTION 80 71 377
UPDATE 1554057511 TRANSACTION 982af8234d5aab5159495191b91ab2f2
SEND 1554057511 TRANSACTION 80 14383 982af8234d5aab5159495191b91ab2f2
SEND 1554057511 TRANSACTION 80 10360 982af8234d5aab5159495191b91ab2f2
RECIEVED 1554057511 TRANSACTION 80 71 378
UPDATE 1554057511 TRANSACTION ba3fdf35fe73441e2864176654c25f6d
SEND 1554057511 TRANSACTION 80 16783 ba3fdf35fe73441e2864176654c25f6d
SEND 1554057511 TRANSACTION 80 10924 ba3fdf35fe73441e2864176654c25f6d
RECIEVED 1554057511 TRANSACTION 81 71 379
UPDATE 1554057511 TRANSACTION c7b220ae3c3de63537d0963991438a03
SEND 1554057511 TRANSACTION 81 16045 c7b220ae3c3de63537d0963991438a03
SEND 1554057511 TRANSACTION 81 10014 c7b220ae3c3de63537d0963991438a03
RECIEVED 1554057511 TRANSACTION 81 71 380
RECIEVED 1554057511 TRANSACTION 80 71 380
UPDATE 1554057511 TRANSACTION dbc15bbff4ec7f02016a5ef19cfef948
RECIEVED 1554057511 TRANSACTION 80 71 381
UPDATE 1554057511 TRANSACTION 29f7330b5bb75d59837e90628d461445
SEND 1554057511 TRANSACTION 80 38704 29f7330b5bb75d59837e90628d461445
RECIEVED 1554057511 TRANSACTION 80 71 382
RECIEVED 1554057512 TRANSACTION 80 71 382
UPDATE 1554057512 TRANSACTION 97e60a24a61733fd873d7a1d89478597
RECIEVED 1554057512 TRANSACTION 80 71 383
RECIEVED 1554057512 TRANSACTION 81 71 383
UPDATE 1554057512 TRANSACTION d786b1035b78ba1182ba169de3398ff1
RECIEVED 1554057512 TRANSACTION 81 71 384
RECIEVED 1554057512 TRANSACTION 81 71 384
RECIEVED 1554057512 TRANSACTION 81 71 384
UPDATE 1554057512 TRANSACTION e18423d9ef91e96e0a4cb47f1b9452d1
SEND 1554057512 TRANSACTION 81 15225 e18423d9ef91e96e0a4cb47f1b9452d1
RECIEVED 1554057512 TRANSACTION 81 71 385
UPDATE 1554057512 TRANSACTION ebe2d7a64e741a82b86a3ca62e226149
SEND 1554057512 TRANSACTION 81 9156 ebe2d7a64e741a82b86a3ca62e226149
RECIEVED 1554057512 TRANSACTION 81 71 386
RECIEVED 1554057512 TRANSACTION 81 71 386
UPDATE 1554057512 TRANSACTION 7b04f8b66e203ac3849e78ed5b956b94
RECIEVED 1554057512 TRANSACTION 81 71 387
UPDATE 1554057512 TRANSACTION 7310390b7891d6ed88d7dd3d4d1e799b
SEND 1554057512 TRANSACTION 81 46092 7310390b7891d6ed88d7dd3d4d1e799b
SEND 1554057512 TRANSACTION 81 10161 7310390b7891d6ed88d7dd3d4d1e799b
RECIEVED 1554057512 TRANSACTION 81 71 388
RECIEVED 1554057512 TRANSACTION 81 71 388
RECIEVED 1554057512 TRANSACTION 80 71 388
UPDATE 1554057512 TRANSACTION 7f7748e91ad91f42d270d2a87aa1d50c
SEND 1554057512 TRANSACTION 80 19558 7f7748e91ad91f42d270d2a87aa1d50c
SEND 1554057512 TRANSACTION 80 10136 7f7748e91ad91f42d270d2a87aa1d50c
RECIEVED 1554057512 TRANSACTION 81 71 389
UPDATE 1554057512 TRANSACTION 8f30360fb960fa5f809cea9dfbfaa123
SEND 1554057512 TRANSACTION 81 16868 8f30360fb960fa5f809cea9dfbfaa123
SEND 1554057512 TRANSACTION 81 10062 8f30360fb960fa5f809cea9dfbfaa123
SEND 1554057512 TRANSACTION 81 10254 8f30360fb960fa5f809cea9dfbfaa123
RECIEVED 1554057512 TRANSACTION 81 71 390
RECIEVED 1554057512 TRANSACTION 80 71 390
RECIEVED 1554057512 TRANSACTION 81 71 390
UPDATE 1554057512 TRANSACTION 1abcf5d6e0a92f54d1c1cd7fdd2db231
SEND 1554057512 TRANSACTION 81 9089 1abcf5d6e0a92f54d1c1cd7fdd2db231
RECIEVED 1554057512 TRANSACTION 81 71 391
RECIEVED 1554057512 TRANSACTION 79 71 391
UPDATE 1554057512 TRANSACTION ae034e2ec5372ed27fd16cb996e2ae55
SEND 1554057512 TRANSACTION 79 15655 ae034e2ec5372ed27fd16cb996e2ae55
RECIEVED 1554057512 TRANSACTION 79 71 392
RECIEVED 1554057512 TRANSACTION 79 71 392
RECIEVED 1554057512 TRANSACTION 80 71 392
UPDATE 1554057512 TRANSACTION 4cb54d7cb4df9973b07b74dcce232efa
SEND 1554057512 TRANSACTION 80 9985 4cb54d7cb4df9973b07b74dcce232efa
SEND 1554057512 TRANSACTION 80 10627 4cb54d7cb4df9973b07b74dcce232efa
SEND 1554057512 TRANSACTION 80 25565 4cb54d7cb4df9973b07b74dcce232efa
RECIEVED 1554057512 TRANSACTION 81 71 393
UPDATE 1554057512 TRANSACTION 329d2d2e48ba678952fa9d88e5ed138a
RECIEVED 1554057512 TRANSACTION 81 71 394
UPDATE 1554057512 TRANSACTION 032feddffd67c737ad7304922cbe9bb2
SEND 1554057512 TRANSACTION 81 9276 032feddffd67c737ad7304922cbe9bb2
SEND 1554057512 TRANSACTION 81 9955 032feddffd67c737ad7304922cbe9bb2
RECIEVED 1554057512 TRANSACTION 82 71 395
UPDATE 1554057512 TRANSACTION 8989eaa193bcb3811956cfbfd813babf
SEND 1554057512 TRANSACTION 82 9594 8989eaa193bcb3811956cfbfd813babf
RECIEVED 1554057512 TRANSACTION 82 71 396
RECIEVED 1554057512 TRANSACTION 80 71 396
RECIEVED 1554057512 TRANSACTION 82 71 396
RECIEVED 1554057512 TRANSACTION 80 71 396
UPDATE 1554057512 TRANSACTION 38a5fbc06b83181df3dbd6de0615d5f5
SEND 1554057512 TRANSACTION 80 33107 38a5fbc06b83181df3dbd6de0615d5f5
RECIEVED 1554057512 TRANSACTION 81 71 397
UPDATE 1554057512 TRANSACTION f9d40aaf063eaaa3849283aa9b018845
SEND 1554057512 TRANSACTION 81 17214 f9d40aaf063eaaa3849283aa9b018845
RECIEVED 1554057512 TRANSACTION 81 71 398
UPDATE 1554057512 TRANSACTION 198d9dc103c926114431731f99cf6d80
RECIEVED 1554057512 TRANSACTION 81 71 399
RECIEVED 1554057513 TRANSACTION 81 71 399
UPDATE 1554057513 TRANSACTION 7b8f2409393311c4d6502877b171ee14
SEND 1554057513 TRANSACTION 81 12970 7b8f2409393311c4d6502877b171ee14
RECIEVED 1554057513 TRANSACTION 81 71 400
RECIEVED 1554057513 TRANSACTION 81 71 400
UPDATE 1554057513 TRANSACTION 5d4680c5ff114f58bd92561708db0bcb
SEND 1554057513 TRANSACTION 81 11068 5d4680c5ff114f58bd92561708db0bcb
SEND 1554057513 TRANSACTION 81 21083 5d4680c5ff114f58bd92561708db0bcb
RECIEVED 1554057513 TRANSACTION 81 71 401
RECIEVED 1554057513 TRANSACTION 81 71 401
UPDATE 1554057513 TRANSACTION dc493f311bab37683277e4cfdd3cb05c
SEND 1554057513 TRANSACTION 81 8576 dc493f311bab37683277e4cfdd3cb05c
SEND 1554057513 TRANSACTION 81 11445 dc493f311bab37683277e4cfdd3cb05c
RECIEVED 1554057513 TRANSACTION 81 71 402
RECIEVED 1554057513 TRANSACTION 81 71 402
UPDATE 1554057513 TRANSACTION d7618babe791b92ed48c99a8e9bcba4f
RECIEVED 1554057513 TRANSACTION 81 71 403
UPDATE 1554057513 TRANSACTION 2598ddb26cd7eb0167bdef2b9ca71b25
SEND 1554057513 TRANSACTION 81 8966 2598ddb26cd7eb0167bdef2b9ca71b25
SEND 1554057513 TRANSACTION 81 18962 2598ddb26cd7eb0167bdef2b9ca71b25
RECIEVED 1554057513 TRANSACTION 81 71 404
UPDATE 1554057513 TRANSACTION 5146fc558679949fa9cb9673b79d8a39
SEND 1554057513 TRANSACTION 81 9375 5146fc558679949fa9cb9673b79d8a39
RECIEVED 1554057513 TRANSACTION 81 71 405
RECIEVED 1554057513 TRANSACTION 79 71 405
UPDATE 1554057513 TRANSACTION fdda0d352143e2e53b18bdf63db1f3ec
SEND 1554057513 TRANSACTION 79 15572 fdda0d352143e2e53b18bdf63db1f3ec
SEND 1554057513 TRANSACTION 79 12076 fdda0d352143e2e53b18bdf63db1f3ec
RECIEVED 1554057513 TRANSACTION 79 71 406
RECIEVED 1554057513 TRANSACTION 79 71 406
UPDATE 1554057513 TRANSACTION bb29a53fc1755a71d995a84d4c358558
SEND 1554057513 TRANSACTION 79 8688 bb29a53fc1755a71d995a84d4c358558
RECIEVED 1554057513 TRANSACTION 81 71 407
UPDATE 1554057513 TRANSACTION 4be76e92c8ded15b2b9ddfee19f76fe7
SEND 1554057513 TRANSACTION 81 15900 4be76e92c8ded15b2b9ddfee19f76fe7
RECIEVED 1554057513 TRANSACTION 81 71 408
UPDATE 1554057513 TRANSACTION 5cac780e91dfb6138133b44fec285a0d
SEND 1554057513 TRANSACTION 81 28368 5cac780e91dfb6138133b44fec285a0d
SEND 1554057513 TRANSACTION 81 34398 5cac780e91dfb6138133b44fec285a0d
RECIEVED 1554057513 TRANSACTION 81 71 409
RECIEVED 1554057513 TRANSACTION 81 71 409
UPDATE 1554057513 TRANSACTION c60fe1fcbda254c0947334ef1f9feebf
SEND 1554057513 TRANSACTION 81 8909 c60fe1fcbda254c0947334ef1f9feebf
RECIEVED 1554057513 TRANSACTION 79 71 410
UPDATE 1554057513 TRANSACTION a734b5ea157314d1cb6109cb05d97796
SEND 1554057513 TRANSACTION 79 8750 a734b5ea157314d1cb6109cb05d97796
RECIEVED 1554057513 TRANSACTION 79 71 411
RECIEVED 1554057513 TRANSACTION 81 71 411
RECIEVED 1554057513 TRANSACTION 81 71 411
UPDATE 1554057513 TRANSACTION a56cb97df7d17eedfc8e1c5a51086a2f
SEND 1554057513 TRANSACTION 81 20460 a56cb97df7d17eedfc8e1c5a51086a2f
SEND 1554057513 TRANSACTION 81 11270 a56cb97df7d17eedfc8e1c5a51086a2f
RECIEVED 1554057513 TRANSACTION 81 71 412
UPDATE 1554057513 TRANSACTION 266a461095495ddbd9b798a43817ec10
SEND 1554057513 TRANSACTION 81 10226 266a461095495ddbd9b798a43817ec10
RECIEVED 1554057513 TRANSACTION 81 71 413
RECIEVED 1554057513 TRANSACTION 81 71 413
RECIEVED 1554057513 TRANSACTION 80 71 413
UPDATE 1554057513 TRANSACTION e497047ce4357948cbb763312831d0c7
RECIEVED 1554057513 TRANSACTION 81 71 414
UPDATE 1554057513 TRANSACTION 566707adc6602bed9e2e79c90f0b9d68
SEND 1554057513 TRANSACTION 81 10555 566707adc6602bed9e2e79c90f0b9d68
RECIEVED 1554057513 TRANSACTION 81 71 415
RECIEVED 1554057513 TRANSACTION 79 71 415
UPDATE 1554057513 TRANSACTION f3c9432e9c8d5268c5fa4d6e1d342c97
SEND 1554057513 TRANSACTION 79 15485 f3c9432e9c8d5268c5fa4d6e1d342c97
SEND 1554057513 TRANSACTION 79 12097 f3c9432e9c8d5268c5fa4d6e1d342c97
RECIEVED 1554057513 TRANSACTION 81 71 416
UPDATE 1554057513 TRANSACTION b2548b7776c9690dc46deef8de69df22
SEND 1554057513 TRANSACTION 81 14571 b2548b7776c9690dc46deef8de69df22
RECIEVED 1554057513 TRANSACTION 79 71 417
RECIEVED 1554057514 TRANSACTION 81 71 417
UPDATE 1554057514 TRANSACTION 5457bfc550af06ec8416097a0c312b06
SEND 1554057514 TRANSACTION 81 40391 5457bfc550af06ec8416097a0c312b06
RECIEVED 1554057514 DIE 4 71 418
