RECIEVED 1553584995 INTRODUCE 36 0 0
SEND 1553584995 JOIN 31 21239
RECIEVED 1553584995 INTRODUCE 36 1 0
SEND 1553584995 INTRODUCE 36 20457
SEND 1553584995 JOIN 31 53628
RECIEVED 1553584995 INTRODUCE 36 2 0
SEND 1553584995 INTRODUCE 36 27817
SEND 1553584995 INTRODUCE 36 27067
SEND 1553584995 JOIN 31 16563
RECIEVED 1553584995 INTRODUCE 35 3 0
SEND 1553584995 INTRODUCE 35 31127
SEND 1553584995 INTRODUCE 35 21180
SEND 1553584995 INTRODUCE 35 19882
SEND 1553584995 JOIN 31 30425
RECIEVED 1553584995 INTRODUCE 35 4 0
SEND 1553584995 INTRODUCE 35 15936
SEND 1553584995 INTRODUCE 35 52516
SEND 1553584995 INTRODUCE 35 19901
SEND 1553584995 INTRODUCE 35 21584
SEND 1553584995 JOIN 31 21176
RECIEVED 1553584995 INTRODUCE 36 5 0
SEND 1553584995 INTRODUCE 36 27247
SEND 1553584995 INTRODUCE 36 15998
SEND 1553584995 INTRODUCE 36 35419
SEND 1553584995 INTRODUCE 36 37111
SEND 1553584995 INTRODUCE 36 15755
SEND 1553584995 JOIN 31 28909
RECIEVED 1553584995 INTRODUCE 35 6 0
SEND 1553584995 INTRODUCE 35 31018
SEND 1553584995 INTRODUCE 35 21869
SEND 1553584995 INTRODUCE 35 27068
SEND 1553584995 INTRODUCE 35 22129
SEND 1553584995 INTRODUCE 35 34618
SEND 1553584995 INTRODUCE 35 25903
SEND 1553584995 JOIN 31 28734
RECIEVED 1553584995 INTRODUCE 35 7 0
SEND 1553584995 INTRODUCE 35 21282
SEND 1553584995 INTRODUCE 35 36715
SEND 1553584995 INTRODUCE 35 20495
SEND 1553584995 INTRODUCE 35 64107
SEND 1553584995 INTRODUCE 35 46696
SEND 1553584995 INTRODUCE 35 31827
SEND 1553584995 INTRODUCE 35 26043
SEND 1553584995 JOIN 31 64866
RECIEVED 1553584995 INTRODUCE 36 8 0
SEND 1553584995 INTRODUCE 36 20962
SEND 1553584995 INTRODUCE 36 21723
SEND 1553584995 INTRODUCE 36 27770
SEND 1553584995 INTRODUCE 36 23084
SEND 1553584995 INTRODUCE 36 20332
SEND 1553584995 INTRODUCE 36 16720
SEND 1553584995 INTRODUCE 36 52705
SEND 1553584995 INTRODUCE 36 50961
SEND 1553584995 JOIN 31 34957
RECIEVED 1553584995 INTRODUCE 36 9 0
SEND 1553584995 INTRODUCE 36 25359
SEND 1553584995 INTRODUCE 36 26314
SEND 1553584995 INTRODUCE 36 27567
SEND 1553584995 INTRODUCE 36 30046
SEND 1553584995 INTRODUCE 36 37595
SEND 1553584995 INTRODUCE 36 83964
SEND 1553584995 INTRODUCE 36 50160
SEND 1553584995 INTRODUCE 36 72702
SEND 1553584995 INTRODUCE 36 15638
SEND 1553584995 JOIN 31 21520
RECIEVED 1553584995 INTRODUCE 35 10 0
SEND 1553584995 INTRODUCE 35 30221
SEND 1553584995 INTRODUCE 35 25105
SEND 1553584995 INTRODUCE 35 16161
SEND 1553584995 INTRODUCE 35 14734
SEND 1553584995 INTRODUCE 35 23650
SEND 1553584995 INTRODUCE 35 17272
SEND 1553584995 INTRODUCE 35 48539
SEND 1553584995 INTRODUCE 35 20750
SEND 1553584995 INTRODUCE 35 26003
SEND 1553584995 INTRODUCE 35 48752
SEND 1553584995 JOIN 31 17149
RECIEVED 1553584995 INTRODUCE 36 11 0
SEND 1553584995 INTRODUCE 36 19462
SEND 1553584995 INTRODUCE 36 14913
SEND 1553584995 INTRODUCE 36 24017
SEND 1553584995 INTRODUCE 36 28577
SEND 1553584995 INTRODUCE 36 14851
SEND 1553584995 INTRODUCE 36 20559
SEND 1553584995 INTRODUCE 36 27912
SEND 1553584995 INTRODUCE 36 29992
SEND 1553584995 INTRODUCE 36 17734
SEND 1553584995 INTRODUCE 36 28571
SEND 1553584995 INTRODUCE 36 16911
SEND 1553584995 JOIN 31 30554
RECIEVED 1553584995 INTRODUCE 37 12 0
SEND 1553584995 INTRODUCE 37 17617
SEND 1553584995 INTRODUCE 37 15369
SEND 1553584995 INTRODUCE 37 23042
SEND 1553584995 INTRODUCE 37 21904
SEND 1553584995 INTRODUCE 37 27834
SEND 1553584995 INTRODUCE 37 37785
SEND 1553584995 INTRODUCE 37 19308
SEND 1553584995 INTRODUCE 37 20696
SEND 1553584995 INTRODUCE 37 18879
SEND 1553584995 INTRODUCE 37 19873
SEND 1553584995 INTRODUCE 37 28810
SEND 1553584995 INTRODUCE 37 25603
SEND 1553584995 JOIN 31 30394
RECIEVED 1553584995 INTRODUCE 35 13 0
SEND 1553584995 INTRODUCE 35 20096
SEND 1553584995 INTRODUCE 35 15881
SEND 1553584995 INTRODUCE 35 20382
SEND 1553584995 INTRODUCE 35 20499
SEND 1553584995 INTRODUCE 35 23351
SEND 1553584995 INTRODUCE 35 15429
SEND 1553584995 INTRODUCE 35 20989
SEND 1553584995 INTRODUCE 35 24417
SEND 1553584995 INTRODUCE 35 26850
SEND 1553584995 INTRODUCE 35 25754
SEND 1553584995 INTRODUCE 35 38403
SEND 1553584995 INTRODUCE 35 20714
SEND 1553584995 INTRODUCE 35 17288
SEND 1553584995 JOIN 31 20557
RECIEVED 1553584995 INTRODUCE 35 14 0
SEND 1553584995 INTRODUCE 35 16531
SEND 1553584995 INTRODUCE 35 20435
SEND 1553584995 INTRODUCE 35 26740
SEND 1553584995 INTRODUCE 35 20239
SEND 1553584995 INTRODUCE 35 25659
SEND 1553584995 INTRODUCE 35 33021
SEND 1553584995 INTRODUCE 35 30406
SEND 1553584995 INTRODUCE 35 21674
SEND 1553584995 INTRODUCE 35 12308
SEND 1553584995 INTRODUCE 35 22193
SEND 1553584995 INTRODUCE 35 26388
SEND 1553584995 INTRODUCE 35 49658
SEND 1553584995 INTRODUCE 35 17528
SEND 1553584995 INTRODUCE 35 15693
SEND 1553584995 JOIN 31 22578
RECIEVED 1553584995 INTRODUCE 37 15 0
SEND 1553584995 INTRODUCE 37 19064
SEND 1553584995 INTRODUCE 37 32976
SEND 1553584995 INTRODUCE 37 28169
SEND 1553584995 INTRODUCE 37 37628
SEND 1553584995 INTRODUCE 37 13600
SEND 1553584995 INTRODUCE 37 21661
SEND 1553584995 INTRODUCE 37 16387
SEND 1553584995 INTRODUCE 37 19668
SEND 1553584995 INTRODUCE 37 24647
SEND 1553584995 INTRODUCE 37 15507
SEND 1553584995 INTRODUCE 37 24161
SEND 1553584995 INTRODUCE 37 42696
SEND 1553584995 INTRODUCE 37 21129
SEND 1553584995 INTRODUCE 37 25448
# recieved string JOIN node14 172.22.94.217 8014

SEND 1553584995 INTRODUCE 37 23229
SEND 1553584995 JOIN 31 16012
RECIEVED 1553584995 INTRODUCE 36 16 0
SEND 1553584995 INTRODUCE 36 16769
SEND 1553584995 INTRODUCE 36 34083
SEND 1553584995 INTRODUCE 36 16728
SEND 1553584995 INTRODUCE 36 23197
SEND 1553584995 INTRODUCE 36 22659
SEND 1553584995 INTRODUCE 36 33834
SEND 1553584995 INTRODUCE 36 23529
SEND 1553584995 INTRODUCE 36 22053
SEND 1553584995 INTRODUCE 36 27090
SEND 1553584995 INTRODUCE 36 34136
SEND 1553584995 INTRODUCE 36 18783
SEND 1553584995 INTRODUCE 36 18147
SEND 1553584995 INTRODUCE 36 21535
SEND 1553584995 INTRODUCE 36 64674
SEND 1553584995 INTRODUCE 36 48328
SEND 1553584995 INTRODUCE 36 31868
SEND 1553584995 JOIN 31 25628
RECIEVED 1553584995 INTRODUCE 37 17 0
SEND 1553584995 INTRODUCE 37 20757
SEND 1553584995 INTRODUCE 37 50897
SEND 1553584995 INTRODUCE 37 22219
SEND 1553584995 INTRODUCE 37 14608
SEND 1553584995 INTRODUCE 37 31038
SEND 1553584995 INTRODUCE 37 20244
SEND 1553584995 INTRODUCE 37 41632
SEND 1553584995 INTRODUCE 37 15682
SEND 1553584995 INTRODUCE 37 21083
SEND 1553584995 INTRODUCE 37 20544
SEND 1553584995 INTRODUCE 37 28046
SEND 1553584995 INTRODUCE 37 17104
SEND 1553584995 INTRODUCE 37 17359
SEND 1553584995 INTRODUCE 37 16225
SEND 1553584995 INTRODUCE 37 25863
SEND 1553584995 INTRODUCE 37 15106
SEND 1553584995 INTRODUCE 37 17356
SEND 1553584995 JOIN 31 27449
RECIEVED 1553584995 INTRODUCE 36 18 0
SEND 1553584995 INTRODUCE 36 38362
SEND 1553584995 INTRODUCE 36 24895
SEND 1553584995 INTRODUCE 36 25263
SEND 1553584995 INTRODUCE 36 16272
SEND 1553584995 INTRODUCE 36 34153
SEND 1553584995 INTRODUCE 36 19738
SEND 1553584995 INTRODUCE 36 29267
SEND 1553584995 INTRODUCE 36 36087
SEND 1553584995 INTRODUCE 36 65351
SEND 1553584995 INTRODUCE 36 39562
SEND 1553584995 INTRODUCE 36 11963
SEND 1553584995 INTRODUCE 36 26410
SEND 1553584995 INTRODUCE 36 31949
SEND 1553584995 INTRODUCE 36 36546
SEND 1553584995 INTRODUCE 36 29039
SEND 1553584995 INTRODUCE 36 37483
SEND 1553584995 INTRODUCE 36 24161
SEND 1553584995 INTRODUCE 36 26626
SEND 1553584995 JOIN 31 17622
RECIEVED 1553584995 INTRODUCE 36 19 0
SEND 1553584995 INTRODUCE 36 25803
SEND 1553584995 INTRODUCE 36 31665
SEND 1553584995 INTRODUCE 36 19845
SEND 1553584995 INTRODUCE 36 39864
SEND 1553584995 INTRODUCE 36 22511
SEND 1553584995 INTRODUCE 36 31560
SEND 1553584995 INTRODUCE 36 21407
SEND 1553584995 INTRODUCE 36 27483
SEND 1553584995 INTRODUCE 36 48343
SEND 1553584995 INTRODUCE 36 27993
SEND 1553584995 INTRODUCE 36 16505
SEND 1553584995 INTRODUCE 36 21960
SEND 1553584995 INTRODUCE 36 37372
SEND 1553584995 INTRODUCE 36 16030
SEND 1553584995 INTRODUCE 36 38782
SEND 1553584995 INTRODUCE 36 22468
# recieved string JOIN node4 172.22.94.217 8004

SEND 1553584995 INTRODUCE 36 34236
SEND 1553584995 INTRODUCE 36 15758
SEND 1553584995 INTRODUCE 36 34186
SEND 1553584995 JOIN 31 21107
RECIEVED 1553584995 INTRODUCE 37 20 0
SEND 1553584995 INTRODUCE 37 28628
SEND 1553584995 INTRODUCE 37 26831
SEND 1553584995 INTRODUCE 37 42592
SEND 1553584995 INTRODUCE 37 38560
SEND 1553584995 INTRODUCE 37 17459
SEND 1553584995 INTRODUCE 37 32332
SEND 1553584995 INTRODUCE 37 27275
SEND 1553584995 INTRODUCE 37 43829
SEND 1553584995 INTRODUCE 37 14422
SEND 1553584995 INTRODUCE 37 22833
SEND 1553584995 INTRODUCE 37 20608
SEND 1553584995 INTRODUCE 37 21128
SEND 1553584995 INTRODUCE 37 56416
SEND 1553584995 INTRODUCE 37 37176
SEND 1553584995 INTRODUCE 37 20712
SEND 1553584995 INTRODUCE 37 60700
SEND 1553584995 INTRODUCE 37 56202
SEND 1553584995 INTRODUCE 37 16875
# recieved string JOIN node1 172.22.156.208 8001

SEND 1553584995 INTRODUCE 37 31030
SEND 1553584995 INTRODUCE 37 15626
SEND 1553584995 JOIN 31 44489
RECIEVED 1553584995 INTRODUCE 37 21 0
SEND 1553584995 INTRODUCE 37 17568
SEND 1553584995 INTRODUCE 37 19723
SEND 1553584995 INTRODUCE 37 20598
SEND 1553584995 INTRODUCE 37 21626
SEND 1553584995 INTRODUCE 37 12943
SEND 1553584995 INTRODUCE 37 21378
# recieved string JOIN node4 172.22.156.208 8004

SEND 1553584995 INTRODUCE 37 25622
SEND 1553584995 INTRODUCE 37 30322
SEND 1553584995 INTRODUCE 37 43572
SEND 1553584995 INTRODUCE 37 33873
SEND 1553584995 INTRODUCE 37 17494
SEND 1553584995 INTRODUCE 37 13635
SEND 1553584995 INTRODUCE 37 22420
SEND 1553584995 INTRODUCE 37 36966
SEND 1553584995 INTRODUCE 37 21687
SEND 1553584995 INTRODUCE 37 32751
SEND 1553584995 INTRODUCE 37 27109
SEND 1553584995 INTRODUCE 37 35714
SEND 1553584995 INTRODUCE 37 37296
SEND 1553584995 INTRODUCE 37 21017
SEND 1553584995 INTRODUCE 37 20411
SEND 1553584995 JOIN 31 20583
RECIEVED 1553584995 INTRODUCE 36 22 0
RECIEVED 1553584995 INTRODUCE 36 22 0
SEND 1553584995 INTRODUCE 36 21674
SEND 1553584995 INTRODUCE 36 29825
SEND 1553584995 INTRODUCE 36 27662
SEND 1553584995 INTRODUCE 36 22038
SEND 1553584995 INTRODUCE 36 27520
SEND 1553584995 INTRODUCE 36 20944
SEND 1553584995 INTRODUCE 36 24259
SEND 1553584995 INTRODUCE 36 21749
# recieved string JOIN node6 172.22.156.208 8006

SEND 1553584995 INTRODUCE 36 27076
SEND 1553584995 INTRODUCE 36 33381
SEND 1553584995 INTRODUCE 36 16560
SEND 1553584995 INTRODUCE 36 30801
SEND 1553584995 INTRODUCE 36 24085
SEND 1553584995 INTRODUCE 36 21366
SEND 1553584995 INTRODUCE 36 22223
SEND 1553584995 INTRODUCE 36 30974
SEND 1553584995 INTRODUCE 36 16984
SEND 1553584995 INTRODUCE 36 84542
SEND 1553584995 INTRODUCE 36 19912
SEND 1553584995 INTRODUCE 36 39782
SEND 1553584995 INTRODUCE 36 22642
SEND 1553584995 INTRODUCE 36 38231
SEND 1553584995 JOIN 31 30558
RECIEVED 1553584995 INTRODUCE 35 23 0
RECIEVED 1553584995 INTRODUCE 35 23 0
SEND 1553584995 INTRODUCE 35 20479
SEND 1553584995 INTRODUCE 35 30753
SEND 1553584995 INTRODUCE 35 29790
SEND 1553584995 INTRODUCE 35 17912
SEND 1553584995 INTRODUCE 35 26648
SEND 1553584995 INTRODUCE 35 25316
SEND 1553584995 INTRODUCE 35 21908
SEND 1553584995 INTRODUCE 35 15450
SEND 1553584995 INTRODUCE 35 22159
SEND 1553584995 INTRODUCE 35 29443
SEND 1553584995 INTRODUCE 35 21186
SEND 1553584995 INTRODUCE 35 17515
SEND 1553584995 INTRODUCE 35 16690
SEND 1553584995 INTRODUCE 35 45269
SEND 1553584995 INTRODUCE 35 23861
SEND 1553584995 INTRODUCE 35 21697
SEND 1553584995 INTRODUCE 35 40135
SEND 1553584995 INTRODUCE 35 16572
SEND 1553584995 INTRODUCE 35 28002
SEND 1553584995 INTRODUCE 35 24119
SEND 1553584995 INTRODUCE 35 25803
SEND 1553584995 INTRODUCE 35 16295
SEND 1553584995 INTRODUCE 35 16852
SEND 1553584995 JOIN 31 44887
RECIEVED 1553584995 INTRODUCE 37 24 0
RECIEVED 1553584995 INTRODUCE 37 24 0
SEND 1553584995 INTRODUCE 37 21481
SEND 1553584995 INTRODUCE 37 22301
SEND 1553584995 INTRODUCE 37 48650
SEND 1553584995 INTRODUCE 37 20803
SEND 1553584995 INTRODUCE 37 29130
SEND 1553584995 INTRODUCE 37 35686
SEND 1553584995 INTRODUCE 37 21605
SEND 1553584995 INTRODUCE 37 21842
SEND 1553584995 INTRODUCE 37 31965
SEND 1553584995 INTRODUCE 37 21635
SEND 1553584995 INTRODUCE 37 26539
SEND 1553584995 INTRODUCE 37 19757
SEND 1553584995 INTRODUCE 37 20036
SEND 1553584995 INTRODUCE 37 37935
SEND 1553584995 INTRODUCE 37 28350
SEND 1553584995 INTRODUCE 37 20471
SEND 1553584995 INTRODUCE 37 40697
SEND 1553584995 INTRODUCE 37 15164
SEND 1553584995 INTRODUCE 37 21046
SEND 1553584995 INTRODUCE 37 15196
SEND 1553584995 INTRODUCE 37 28964
SEND 1553584995 INTRODUCE 37 44855
SEND 1553584995 INTRODUCE 37 32045
SEND 1553584995 INTRODUCE 37 20744
SEND 1553584995 JOIN 31 35298
RECIEVED 1553584995 INTRODUCE 36 25 0
RECIEVED 1553584995 INTRODUCE 36 25 0
SEND 1553584995 INTRODUCE 36 40214
SEND 1553584995 INTRODUCE 36 16903
SEND 1553584995 INTRODUCE 36 17207
SEND 1553584995 INTRODUCE 36 22487
SEND 1553584995 INTRODUCE 36 14615
SEND 1553584995 INTRODUCE 36 33804
SEND 1553584995 INTRODUCE 36 17568
SEND 1553584995 INTRODUCE 36 19980
SEND 1553584995 INTRODUCE 36 16904
SEND 1553584995 INTRODUCE 36 87396
SEND 1553584995 INTRODUCE 36 23106
SEND 1553584995 INTRODUCE 36 28837
SEND 1553584995 INTRODUCE 36 16194
SEND 1553584995 INTRODUCE 36 28458
# recieved string JOIN node5 172.22.156.208 8005

SEND 1553584995 INTRODUCE 36 26761
SEND 1553584995 INTRODUCE 36 27103
SEND 1553584995 INTRODUCE 36 29867
SEND 1553584995 INTRODUCE 36 22550
SEND 1553584995 INTRODUCE 36 35227
SEND 1553584995 INTRODUCE 36 20226
SEND 1553584995 INTRODUCE 36 21101
SEND 1553584995 INTRODUCE 36 36474
# recieved string JOIN node8 172.22.94.217 8008

SEND 1553584995 INTRODUCE 36 16744
SEND 1553584995 INTRODUCE 36 30236
SEND 1553584995 INTRODUCE 36 19539
SEND 1553584995 JOIN 31 20751
RECIEVED 1553584995 INTRODUCE 37 26 0
RECIEVED 1553584995 INTRODUCE 36 26 0
RECIEVED 1553584995 INTRODUCE 37 26 0
RECIEVED 1553584995 INTRODUCE 36 26 0
RECIEVED 1553584995 INTRODUCE 36 26 0
RECIEVED 1553584995 INTRODUCE 35 26 0
RECIEVED 1553584995 INTRODUCE 36 26 0
RECIEVED 1553584995 INTRODUCE 37 26 0
RECIEVED 1553584995 INTRODUCE 35 26 0
RECIEVED 1553584995 INTRODUCE 35 26 0
RECIEVED 1553584995 INTRODUCE 36 26 0
RECIEVED 1553584995 INTRODUCE 35 26 0
RECIEVED 1553584995 INTRODUCE 35 26 0
SEND 1553584995 INTRODUCE 35 19584
SEND 1553584995 INTRODUCE 35 38856
SEND 1553584995 INTRODUCE 35 45912
SEND 1553584995 INTRODUCE 35 21166
SEND 1553584995 INTRODUCE 35 21639
SEND 1553584995 INTRODUCE 35 28411
SEND 1553584995 INTRODUCE 35 37396
SEND 1553584995 INTRODUCE 35 18896
# recieved string JOIN node2 172.22.94.217 8002

SEND 1553584995 INTRODUCE 35 21348
SEND 1553584995 INTRODUCE 35 31958
SEND 1553584995 INTRODUCE 35 29692
SEND 1553584995 INTRODUCE 35 32499
SEND 1553584995 INTRODUCE 35 15392
SEND 1553584995 INTRODUCE 35 35022
SEND 1553584995 INTRODUCE 35 43305
SEND 1553584995 INTRODUCE 35 29488
SEND 1553584995 INTRODUCE 35 27225
SEND 1553584995 INTRODUCE 35 33922
SEND 1553584995 INTRODUCE 35 42608
SEND 1553584995 INTRODUCE 35 20289
SEND 1553584995 INTRODUCE 35 37923
SEND 1553584995 INTRODUCE 35 26853
SEND 1553584995 INTRODUCE 35 29359
SEND 1553584995 INTRODUCE 35 33105
SEND 1553584995 INTRODUCE 35 22079
SEND 1553584995 INTRODUCE 35 60583
SEND 1553584995 JOIN 31 16839
RECIEVED 1553584995 INTRODUCE 37 27 0
RECIEVED 1553584995 INTRODUCE 36 27 0
SEND 1553584995 INTRODUCE 36 39389
SEND 1553584995 INTRODUCE 36 48194
SEND 1553584995 INTRODUCE 36 36220
SEND 1553584995 INTRODUCE 36 21169
SEND 1553584995 INTRODUCE 36 23560
SEND 1553584995 INTRODUCE 36 54430
SEND 1553584995 INTRODUCE 36 26642
SEND 1553584995 INTRODUCE 36 15664
# recieved string JOIN node10 172.22.94.217 8010

SEND 1553584995 INTRODUCE 36 20199
SEND 1553584995 INTRODUCE 36 21123
SEND 1553584995 INTRODUCE 36 23778
SEND 1553584995 INTRODUCE 36 15921
SEND 1553584995 INTRODUCE 36 50873
SEND 1553584995 INTRODUCE 36 20828
SEND 1553584995 INTRODUCE 36 20869
SEND 1553584995 INTRODUCE 36 28489
SEND 1553584995 INTRODUCE 36 35627
SEND 1553584995 INTRODUCE 36 53764
SEND 1553584995 INTRODUCE 36 22557
SEND 1553584995 INTRODUCE 36 22291
SEND 1553584995 INTRODUCE 36 43210
SEND 1553584995 INTRODUCE 36 20196
SEND 1553584995 INTRODUCE 36 21778
SEND 1553584995 INTRODUCE 36 36580
SEND 1553584995 INTRODUCE 36 31646
SEND 1553584995 INTRODUCE 36 26645
SEND 1553584995 INTRODUCE 36 37834
SEND 1553584995 JOIN 31 25506
RECIEVED 1553584995 INTRODUCE 36 28 0
RECIEVED 1553584995 INTRODUCE 35 28 0
RECIEVED 1553584995 INTRODUCE 35 28 0
RECIEVED 1553584995 INTRODUCE 35 28 0
SEND 1553584995 INTRODUCE 35 29052
SEND 1553584995 INTRODUCE 35 25995
SEND 1553584995 INTRODUCE 35 34767
SEND 1553584995 INTRODUCE 35 29623
SEND 1553584995 INTRODUCE 35 16064
SEND 1553584995 INTRODUCE 35 35351
SEND 1553584995 INTRODUCE 35 21184
SEND 1553584995 INTRODUCE 35 27915
SEND 1553584995 INTRODUCE 35 72546
SEND 1553584995 INTRODUCE 35 28604
SEND 1553584995 INTRODUCE 35 52456
SEND 1553584995 INTRODUCE 35 21973
SEND 1553584995 INTRODUCE 35 16510
SEND 1553584995 INTRODUCE 35 21815
SEND 1553584995 INTRODUCE 35 37939
SEND 1553584995 INTRODUCE 35 28679
SEND 1553584995 INTRODUCE 35 20160
SEND 1553584995 INTRODUCE 35 27331
SEND 1553584995 INTRODUCE 35 16925
SEND 1553584995 INTRODUCE 35 20238
SEND 1553584995 INTRODUCE 35 40099
SEND 1553584995 INTRODUCE 35 21541
SEND 1553584995 INTRODUCE 35 37211
SEND 1553584995 INTRODUCE 35 20798
SEND 1553584995 INTRODUCE 35 20774
SEND 1553584995 INTRODUCE 35 26145
SEND 1553584995 INTRODUCE 35 23761
SEND 1553584995 INTRODUCE 35 32969
SEND 1553584995 JOIN 31 22134
RECIEVED 1553584995 INTRODUCE 36 29 0
RECIEVED 1553584995 INTRODUCE 36 29 0
RECIEVED 1553584995 INTRODUCE 35 29 0
RECIEVED 1553584995 INTRODUCE 36 29 0
RECIEVED 1553584995 INTRODUCE 37 29 0
RECIEVED 1553584995 INTRODUCE 36 29 0
RECIEVED 1553584995 INTRODUCE 37 29 0
RECIEVED 1553584995 INTRODUCE 37 29 0
RECIEVED 1553584995 INTRODUCE 35 29 0
RECIEVED 1553584995 INTRODUCE 37 29 0
RECIEVED 1553584995 INTRODUCE 35 29 0
RECIEVED 1553584995 INTRODUCE 36 29 0
RECIEVED 1553584995 INTRODUCE 35 29 0
RECIEVED 1553584995 INTRODUCE 35 29 0
RECIEVED 1553584995 INTRODUCE 35 29 0
RECIEVED 1553584995 INTRODUCE 36 29 0
RECIEVED 1553584995 INTRODUCE 36 29 0
RECIEVED 1553584995 INTRODUCE 35 29 0
RECIEVED 1553584995 INTRODUCE 36 29 0
RECIEVED 1553584995 INTRODUCE 36 29 0
SEND 1553584995 INTRODUCE 36 15955
SEND 1553584995 INTRODUCE 36 21834
SEND 1553584995 INTRODUCE 36 42723
SEND 1553584995 INTRODUCE 36 41848
SEND 1553584995 INTRODUCE 36 24130
SEND 1553584995 INTRODUCE 36 20522
SEND 1553584995 INTRODUCE 36 25043
SEND 1553584995 INTRODUCE 36 25690
SEND 1553584995 INTRODUCE 36 21658
SEND 1553584995 INTRODUCE 36 16488
SEND 1553584995 INTRODUCE 36 16149
SEND 1553584995 INTRODUCE 36 27968
SEND 1553584995 INTRODUCE 36 27060
SEND 1553584995 INTRODUCE 36 41833
SEND 1553584995 INTRODUCE 36 21771
SEND 1553584995 INTRODUCE 36 46289
SEND 1553584995 INTRODUCE 36 35729
SEND 1553584995 INTRODUCE 36 25618
SEND 1553584995 INTRODUCE 36 21081
SEND 1553584995 INTRODUCE 36 33410
SEND 1553584995 INTRODUCE 36 16971
SEND 1553584995 INTRODUCE 36 29480
SEND 1553584995 INTRODUCE 36 21044
SEND 1553584995 INTRODUCE 36 29621
SEND 1553584995 INTRODUCE 36 26019
SEND 1553584995 INTRODUCE 36 14675
SEND 1553584995 INTRODUCE 36 33338
SEND 1553584995 INTRODUCE 36 28038
SEND 1553584995 INTRODUCE 36 22337
SEND 1553584995 JOIN 31 28936
RECIEVED 1553584995 INTRODUCE 36 30 0
RECIEVED 1553584995 INTRODUCE 35 30 0
RECIEVED 1553584995 INTRODUCE 36 30 0
SEND 1553584995 INTRODUCE 36 180886
SEND 1553584995 INTRODUCE 36 28033
SEND 1553584995 INTRODUCE 36 16331
SEND 1553584995 INTRODUCE 36 18741
SEND 1553584995 INTRODUCE 36 31716
SEND 1553584995 INTRODUCE 36 18623
SEND 1553584995 INTRODUCE 36 24817
SEND 1553584995 INTRODUCE 36 24511
SEND 1553584995 INTRODUCE 36 20759
SEND 1553584995 INTRODUCE 36 41056
SEND 1553584995 INTRODUCE 36 19931
SEND 1553584995 INTRODUCE 36 28387
SEND 1553584995 INTRODUCE 36 21831
SEND 1553584995 INTRODUCE 36 13055
SEND 1553584995 INTRODUCE 36 17529
SEND 1553584995 INTRODUCE 36 48678
SEND 1553584995 INTRODUCE 36 13259
SEND 1553584995 INTRODUCE 36 11561
SEND 1553584995 INTRODUCE 36 11197
SEND 1553584995 INTRODUCE 36 11107
SEND 1553584995 INTRODUCE 36 11114
SEND 1553584995 INTRODUCE 36 9962
# recieved string JOIN node0 172.22.156.206 8000

SEND 1553584995 INTRODUCE 36 10941
SEND 1553584995 INTRODUCE 36 11528
SEND 1553584995 INTRODUCE 36 14477
SEND 1553584995 INTRODUCE 36 12113
SEND 1553584995 INTRODUCE 36 11851
SEND 1553584995 INTRODUCE 36 14457
SEND 1553584995 INTRODUCE 36 18152
SEND 1553584995 INTRODUCE 36 15864
SEND 1553584995 JOIN 31 16008
RECIEVED 1553584995 INTRODUCE 36 31 0
RECIEVED 1553584995 INTRODUCE 36 31 0
RECIEVED 1553584995 INTRODUCE 36 31 0
RECIEVED 1553584995 INTRODUCE 36 31 0
RECIEVED 1553584995 INTRODUCE 37 31 0
RECIEVED 1553584995 INTRODUCE 37 31 0
RECIEVED 1553584995 INTRODUCE 35 31 0
RECIEVED 1553584995 INTRODUCE 35 31 0
RECIEVED 1553584995 INTRODUCE 37 31 0
RECIEVED 1553584995 INTRODUCE 35 31 0
RECIEVED 1553584995 INTRODUCE 37 31 0
RECIEVED 1553584995 INTRODUCE 36 31 0
SEND 1553584995 INTRODUCE 36 11644
SEND 1553584995 INTRODUCE 36 16878
SEND 1553584995 INTRODUCE 36 42988
SEND 1553584995 INTRODUCE 36 10967
SEND 1553584995 INTRODUCE 36 11022
SEND 1553584995 INTRODUCE 36 10968
SEND 1553584995 INTRODUCE 36 15217
SEND 1553584995 INTRODUCE 36 12301
SEND 1553584995 INTRODUCE 36 11218
SEND 1553584995 INTRODUCE 36 12626
SEND 1553584995 INTRODUCE 36 11735
SEND 1553584995 INTRODUCE 36 16448
SEND 1553584995 INTRODUCE 36 15401
SEND 1553584995 INTRODUCE 36 11639
SEND 1553584995 INTRODUCE 36 18280
SEND 1553584995 INTRODUCE 36 12377
SEND 1553584995 INTRODUCE 36 16020
SEND 1553584995 INTRODUCE 36 20141
SEND 1553584995 INTRODUCE 36 11969
SEND 1553584995 INTRODUCE 36 10376
SEND 1553584995 INTRODUCE 36 26090
SEND 1553584995 INTRODUCE 36 15254
SEND 1553584995 INTRODUCE 36 11160
SEND 1553584995 INTRODUCE 36 14318
SEND 1553584995 INTRODUCE 36 10749
SEND 1553584995 INTRODUCE 36 13115
SEND 1553584995 INTRODUCE 36 11320
SEND 1553584995 INTRODUCE 36 25866
SEND 1553584995 INTRODUCE 36 10560
# recieved string JOIN node4 172.22.156.206 8004

SEND 1553584995 INTRODUCE 36 65332
SEND 1553584995 INTRODUCE 36 41806
SEND 1553584995 JOIN 31 11736
RECIEVED 1553584995 INTRODUCE 35 32 0
RECIEVED 1553584995 INTRODUCE 36 32 0
RECIEVED 1553584995 INTRODUCE 37 32 0
RECIEVED 1553584995 INTRODUCE 35 32 0
RECIEVED 1553584995 INTRODUCE 35 32 0
RECIEVED 1553584995 INTRODUCE 36 32 0
RECIEVED 1553584995 INTRODUCE 37 32 0
RECIEVED 1553584995 TRANSACTION 81 32 0
UPDATE 1553584995 TRANSACTION ac3340af900ee440b14a98c1b026dc73
SEND 1553584995 TRANSACTION 81 11599 ac3340af900ee440b14a98c1b026dc73
# recieved string JOIN node15 172.22.156.208 8015

SEND 1553584995 TRANSACTION 81 16171 ac3340af900ee440b14a98c1b026dc73
SEND 1553584995 TRANSACTION 81 10942 ac3340af900ee440b14a98c1b026dc73
SEND 1553584995 TRANSACTION 81 11235 ac3340af900ee440b14a98c1b026dc73
SEND 1553584995 TRANSACTION 81 12384 ac3340af900ee440b14a98c1b026dc73
# recieved string JOIN node5 172.22.156.206 8005

SEND 1553584995 TRANSACTION 81 17165 ac3340af900ee440b14a98c1b026dc73
SEND 1553584995 TRANSACTION 81 17095 ac3340af900ee440b14a98c1b026dc73
SEND 1553584995 TRANSACTION 81 11675 ac3340af900ee440b14a98c1b026dc73
SEND 1553584995 TRANSACTION 81 12087 ac3340af900ee440b14a98c1b026dc73
RECIEVED 1553584995 INTRODUCE 37 32 1
RECIEVED 1553584995 INTRODUCE 35 32 1
RECIEVED 1553584995 INTRODUCE 35 32 1
RECIEVED 1553584995 INTRODUCE 36 32 1
RECIEVED 1553584995 INTRODUCE 35 32 1
RECIEVED 1553584995 INTRODUCE 36 32 1
RECIEVED 1553584995 INTRODUCE 35 32 1
RECIEVED 1553584995 INTRODUCE 36 32 1
RECIEVED 1553584995 INTRODUCE 36 32 1
RECIEVED 1553584995 INTRODUCE 36 32 1
RECIEVED 1553584995 INTRODUCE 35 32 1
RECIEVED 1553584995 INTRODUCE 37 32 1
RECIEVED 1553584995 INTRODUCE 35 32 1
RECIEVED 1553584995 INTRODUCE 37 32 1
RECIEVED 1553584995 INTRODUCE 36 32 1
RECIEVED 1553584995 INTRODUCE 36 32 1
RECIEVED 1553584995 INTRODUCE 36 32 1
RECIEVED 1553584995 INTRODUCE 36 32 1
RECIEVED 1553584995 INTRODUCE 35 32 1
RECIEVED 1553584995 INTRODUCE 36 32 1
RECIEVED 1553584995 INTRODUCE 35 32 1
RECIEVED 1553584995 INTRODUCE 35 32 1
RECIEVED 1553584995 INTRODUCE 36 32 1
RECIEVED 1553584995 INTRODUCE 37 32 1
RECIEVED 1553584995 INTRODUCE 36 32 1
SEND 1553584995 INTRODUCE 36 18310
SEND 1553584995 INTRODUCE 36 46901
SEND 1553584995 INTRODUCE 36 11871
SEND 1553584995 INTRODUCE 36 10724
SEND 1553584995 INTRODUCE 36 16188
SEND 1553584996 INTRODUCE 36 14301
SEND 1553584996 INTRODUCE 36 12606
SEND 1553584996 INTRODUCE 36 10587
SEND 1553584996 INTRODUCE 36 16904
SEND 1553584996 INTRODUCE 36 16301
SEND 1553584996 INTRODUCE 36 23716
SEND 1553584996 INTRODUCE 36 20930
SEND 1553584996 INTRODUCE 36 14042
SEND 1553584996 INTRODUCE 36 11395
SEND 1553584996 INTRODUCE 36 12725
SEND 1553584996 INTRODUCE 36 17100
SEND 1553584996 INTRODUCE 36 12812
SEND 1553584996 INTRODUCE 36 16275
SEND 1553584996 INTRODUCE 36 17305
SEND 1553584996 INTRODUCE 36 11915
SEND 1553584996 INTRODUCE 36 11516
SEND 1553584996 INTRODUCE 36 11519
SEND 1553584996 INTRODUCE 36 34580
SEND 1553584996 INTRODUCE 36 14425
SEND 1553584996 INTRODUCE 36 32183
# recieved string JOIN node12 172.22.156.206 8012

SEND 1553584996 INTRODUCE 36 16116
SEND 1553584996 INTRODUCE 36 15081
SEND 1553584996 INTRODUCE 36 15302
SEND 1553584996 INTRODUCE 36 12334
SEND 1553584996 INTRODUCE 36 14424
SEND 1553584996 INTRODUCE 36 16750
SEND 1553584996 INTRODUCE 36 12194
SEND 1553584996 JOIN 31 24474
RECIEVED 1553584996 INTRODUCE 36 33 1
RECIEVED 1553584996 INTRODUCE 37 33 1
RECIEVED 1553584996 INTRODUCE 36 33 1
RECIEVED 1553584996 INTRODUCE 36 33 1
RECIEVED 1553584996 INTRODUCE 36 33 1
RECIEVED 1553584996 INTRODUCE 36 33 1
RECIEVED 1553584996 INTRODUCE 36 33 1
RECIEVED 1553584996 INTRODUCE 37 33 1
RECIEVED 1553584996 INTRODUCE 35 33 1
RECIEVED 1553584996 INTRODUCE 36 33 1
RECIEVED 1553584996 INTRODUCE 37 33 1
RECIEVED 1553584996 INTRODUCE 36 33 1
RECIEVED 1553584996 INTRODUCE 37 33 1
RECIEVED 1553584996 INTRODUCE 36 33 1
RECIEVED 1553584996 INTRODUCE 36 33 1
RECIEVED 1553584996 INTRODUCE 35 33 1
RECIEVED 1553584996 INTRODUCE 35 33 1
RECIEVED 1553584996 INTRODUCE 35 33 1
RECIEVED 1553584996 INTRODUCE 36 33 1
RECIEVED 1553584996 INTRODUCE 36 33 1
RECIEVED 1553584996 INTRODUCE 36 33 1
RECIEVED 1553584996 INTRODUCE 36 33 1
RECIEVED 1553584996 INTRODUCE 35 33 1
RECIEVED 1553584996 INTRODUCE 37 33 1
RECIEVED 1553584996 INTRODUCE 36 33 1
RECIEVED 1553584996 INTRODUCE 37 33 1
RECIEVED 1553584996 INTRODUCE 35 33 1
RECIEVED 1553584996 INTRODUCE 37 33 1
RECIEVED 1553584996 INTRODUCE 37 33 1
RECIEVED 1553584996 INTRODUCE 35 33 1
RECIEVED 1553584996 INTRODUCE 35 33 1
RECIEVED 1553584996 INTRODUCE 36 33 1
RECIEVED 1553584996 INTRODUCE 36 33 1
SEND 1553584996 INTRODUCE 36 10865
SEND 1553584996 INTRODUCE 36 17310
# recieved string JOIN node3 172.22.156.206 8003

SEND 1553584996 INTRODUCE 36 18175
SEND 1553584996 INTRODUCE 36 17009
SEND 1553584996 INTRODUCE 36 16040
SEND 1553584996 INTRODUCE 36 19415
SEND 1553584996 INTRODUCE 36 11934
SEND 1553584996 INTRODUCE 36 10609
SEND 1553584996 INTRODUCE 36 11200
SEND 1553584996 INTRODUCE 36 30600
# recieved string JOIN node16 172.22.156.208 8016

SEND 1553584996 INTRODUCE 36 14939
SEND 1553584996 INTRODUCE 36 12219
SEND 1553584996 INTRODUCE 36 16685
SEND 1553584996 INTRODUCE 36 22015
SEND 1553584996 INTRODUCE 36 52741
SEND 1553584996 INTRODUCE 36 11871
SEND 1553584996 INTRODUCE 36 12475
SEND 1553584996 INTRODUCE 36 10513
SEND 1553584996 INTRODUCE 36 20431
SEND 1553584996 INTRODUCE 36 11056
SEND 1553584996 INTRODUCE 36 12097
SEND 1553584996 INTRODUCE 36 11537
SEND 1553584996 INTRODUCE 36 15888
SEND 1553584996 INTRODUCE 36 16908
SEND 1553584996 INTRODUCE 36 10693
SEND 1553584996 INTRODUCE 36 15623
SEND 1553584996 INTRODUCE 36 10788
SEND 1553584996 INTRODUCE 36 12157
SEND 1553584996 INTRODUCE 36 12151
SEND 1553584996 INTRODUCE 36 18615
# recieved string JOIN node13 172.22.156.208 8013

SEND 1553584996 INTRODUCE 36 10845
# recieved string JOIN node13 172.22.156.206 8013

SEND 1553584996 INTRODUCE 36 11046
SEND 1553584996 INTRODUCE 36 23910
SEND 1553584996 JOIN 31 56053
# Failed listening 
%!(EXTRA string=node5)# ERROR: read tcp 172.22.156.206:49312->172.22.156.208:8005: read: connection reset by peer
RECIEVED 1553584996 INTRODUCE 36 34 1
RECIEVED 1553584996 INTRODUCE 36 34 1
RECIEVED 1553584996 INTRODUCE 36 34 1
RECIEVED 1553584996 INTRODUCE 35 34 1
RECIEVED 1553584996 INTRODUCE 37 34 1
RECIEVED 1553584996 INTRODUCE 36 34 1
RECIEVED 1553584996 INTRODUCE 36 34 1
RECIEVED 1553584996 INTRODUCE 36 34 1
RECIEVED 1553584996 INTRODUCE 37 34 1
RECIEVED 1553584996 INTRODUCE 36 34 1
RECIEVED 1553584996 INTRODUCE 35 34 1
RECIEVED 1553584996 INTRODUCE 36 34 1
RECIEVED 1553584996 INTRODUCE 36 34 1
RECIEVED 1553584996 INTRODUCE 37 34 1
RECIEVED 1553584996 INTRODUCE 36 34 1
RECIEVED 1553584996 INTRODUCE 35 34 1
RECIEVED 1553584996 INTRODUCE 37 34 1
RECIEVED 1553584996 INTRODUCE 36 34 1
RECIEVED 1553584996 INTRODUCE 36 34 1
RECIEVED 1553584996 INTRODUCE 36 34 1
RECIEVED 1553584996 INTRODUCE 36 34 1
SEND 1553584996 INTRODUCE 36 13528
SEND 1553584996 INTRODUCE 36 10509
# recieved string JOIN node1 172.22.156.206 8001

SEND 1553584996 INTRODUCE 36 20316
SEND 1553584996 INTRODUCE 36 15578
SEND 1553584996 INTRODUCE 36 17650
# Failed sending to node node5
# ERROR: write tcp 172.22.156.206:49312->172.22.156.208:8005: write: broken pipe
SEND 1553584996 INTRODUCE 36 10921
SEND 1553584996 INTRODUCE 36 23336
SEND 1553584996 INTRODUCE 36 42906
SEND 1553584996 INTRODUCE 36 11777
SEND 1553584996 INTRODUCE 36 10956
SEND 1553584996 INTRODUCE 36 12167
SEND 1553584996 INTRODUCE 36 20149
SEND 1553584996 INTRODUCE 36 11448
SEND 1553584996 INTRODUCE 36 14628
SEND 1553584996 INTRODUCE 36 10978
SEND 1553584996 INTRODUCE 36 12287
SEND 1553584996 INTRODUCE 36 15032
SEND 1553584996 INTRODUCE 36 11842
SEND 1553584996 INTRODUCE 36 11371
SEND 1553584996 INTRODUCE 36 38448
SEND 1553584996 INTRODUCE 36 12193
SEND 1553584996 INTRODUCE 36 9618
SEND 1553584996 INTRODUCE 36 18666
SEND 1553584996 INTRODUCE 36 9493
SEND 1553584996 INTRODUCE 36 14287
SEND 1553584996 INTRODUCE 36 36024
SEND 1553584996 INTRODUCE 36 10569
SEND 1553584996 INTRODUCE 36 10772
SEND 1553584996 INTRODUCE 36 11295
SEND 1553584996 INTRODUCE 36 12110
SEND 1553584996 INTRODUCE 36 16356
SEND 1553584996 INTRODUCE 36 42737
SEND 1553584996 INTRODUCE 36 10755
SEND 1553584996 JOIN 31 16938
RECIEVED 1553584996 INTRODUCE 37 35 1
RECIEVED 1553584996 INTRODUCE 35 35 1
RECIEVED 1553584996 INTRODUCE 35 35 1
RECIEVED 1553584996 INTRODUCE 35 35 1
RECIEVED 1553584996 INTRODUCE 36 35 1
RECIEVED 1553584996 INTRODUCE 36 35 1
RECIEVED 1553584996 INTRODUCE 35 35 1
RECIEVED 1553584996 INTRODUCE 36 35 1
RECIEVED 1553584996 INTRODUCE 37 35 1
RECIEVED 1553584996 INTRODUCE 36 35 1
RECIEVED 1553584996 INTRODUCE 35 35 1
RECIEVED 1553584996 INTRODUCE 35 35 1
RECIEVED 1553584996 INTRODUCE 36 35 1
RECIEVED 1553584996 INTRODUCE 35 35 1
RECIEVED 1553584996 INTRODUCE 36 35 1
RECIEVED 1553584996 INTRODUCE 35 35 1
RECIEVED 1553584996 INTRODUCE 35 35 1
RECIEVED 1553584996 INTRODUCE 37 35 1
RECIEVED 1553584996 INTRODUCE 35 35 1
RECIEVED 1553584996 INTRODUCE 37 35 1
RECIEVED 1553584996 INTRODUCE 35 35 1
RECIEVED 1553584996 INTRODUCE 36 35 1
RECIEVED 1553584996 INTRODUCE 36 35 1
SEND 1553584996 INTRODUCE 36 10776
SEND 1553584996 INTRODUCE 36 17300
SEND 1553584996 INTRODUCE 36 17254
SEND 1553584996 INTRODUCE 36 14758
SEND 1553584996 INTRODUCE 36 12069
SEND 1553584996 INTRODUCE 36 18178
SEND 1553584996 INTRODUCE 36 16569
SEND 1553584996 INTRODUCE 36 11219
SEND 1553584996 INTRODUCE 36 17670
SEND 1553584996 INTRODUCE 36 11575
SEND 1553584996 INTRODUCE 36 26263
SEND 1553584996 INTRODUCE 36 11303
SEND 1553584996 INTRODUCE 36 16891
SEND 1553584996 INTRODUCE 36 11011
SEND 1553584996 INTRODUCE 36 10058
SEND 1553584996 INTRODUCE 36 13597
SEND 1553584996 INTRODUCE 36 19581
SEND 1553584996 INTRODUCE 36 11259
SEND 1553584996 INTRODUCE 36 14326
SEND 1553584996 INTRODUCE 36 12105
SEND 1553584996 INTRODUCE 36 21322
SEND 1553584996 INTRODUCE 36 16048
SEND 1553584996 INTRODUCE 36 9616
SEND 1553584996 INTRODUCE 36 10985
SEND 1553584996 INTRODUCE 36 11846
SEND 1553584996 INTRODUCE 36 11490
SEND 1553584996 INTRODUCE 36 26835
SEND 1553584996 INTRODUCE 36 11127
SEND 1553584996 INTRODUCE 36 11698
SEND 1553584996 INTRODUCE 36 10959
SEND 1553584996 INTRODUCE 36 11596
SEND 1553584996 INTRODUCE 36 14514
SEND 1553584996 INTRODUCE 36 15622
SEND 1553584996 INTRODUCE 36 11157
# Failed sending to node node5
# ERROR: write tcp 172.22.156.206:49312->172.22.156.208:8005: write: broken pipe
# Failed listening 
%!(EXTRA string=node2)# ERROR: read tcp 172.22.156.206:37400->172.22.94.217:8002: read: connection reset by peer
# Failed listening 
%!(EXTRA string=node4)# ERROR: read tcp 172.22.156.206:47414->172.22.156.208:8004: read: connection reset by peer
# recieved string JOIN node6 172.22.156.206 8006

# Failed listening 
%!(EXTRA string=node6)# ERROR: read tcp 172.22.156.206:44602->172.22.156.208:8006: read: connection reset by peer
# recieved string JOIN node9 172.22.156.206 8009

# recieved string JOIN node15 172.22.94.217 8015

# recieved string JOIN node17 172.22.156.206 8017

# recieved string JOIN node18 172.22.156.206 8018

# recieved string JOIN node19 172.22.156.208 8019

# Failed listening 
%!(EXTRA string=node8)# ERROR: read tcp 172.22.156.206:59566->172.22.94.217:8008: read: connection reset by peer
# Failed listening 
%!(EXTRA string=node4)# ERROR: read tcp 172.22.156.206:52446->172.22.94.217:8004: read: connection reset by peer
# recieved string JOIN node16 172.22.156.206 8016

# recieved string JOIN node18 172.22.156.208 8018

# recieved string JOIN node17 172.22.94.217 8017

# recieved string JOIN node19 172.22.156.206 8019

# recieved string JOIN node19 172.22.94.217 8019

# recieved string JOIN node17 172.22.156.208 8017

# recieved string JOIN node14 172.22.156.206 8014

# recieved string JOIN node15 172.22.156.206 8015

# Failed listening 
%!(EXTRA string=node10)# ERROR: read tcp 172.22.156.206:35644->172.22.94.217:8010: read: connection reset by peer
# recieved string JOIN node18 172.22.94.217 8018

# recieved string JOIN node16 172.22.94.217 8016

# Failed listening 
%!(EXTRA string=node1)# ERROR: read tcp 172.22.156.206:55882->172.22.156.208:8001: read: connection reset by peer
# Failed listening 
%!(EXTRA string=node15)# ERROR: read tcp 172.22.156.206:33260->172.22.156.208:8015: read: connection reset by peer
