RECIEVED 1553584994 INTRODUCE 36 0 0
SEND 1553584994 JOIN 30 24712
RECIEVED 1553584994 INTRODUCE 36 1 0
SEND 1553584994 INTRODUCE 36 37871
SEND 1553584994 JOIN 30 49719
RECIEVED 1553584994 INTRODUCE 36 2 0
SEND 1553584994 INTRODUCE 36 18648
SEND 1553584994 INTRODUCE 36 22753
SEND 1553584994 JOIN 30 27151
RECIEVED 1553584994 INTRODUCE 36 3 0
SEND 1553584994 INTRODUCE 36 20829
SEND 1553584994 INTRODUCE 36 33293
SEND 1553584994 INTRODUCE 36 16025
SEND 1553584994 JOIN 30 30494
RECIEVED 1553584994 INTRODUCE 36 4 0
SEND 1553584994 INTRODUCE 36 23728
SEND 1553584994 INTRODUCE 36 38837
SEND 1553584994 INTRODUCE 36 20234
SEND 1553584994 INTRODUCE 36 22657
SEND 1553584994 JOIN 30 18673
RECIEVED 1553584994 INTRODUCE 35 5 0
SEND 1553584994 INTRODUCE 35 18272
SEND 1553584994 INTRODUCE 35 31376
SEND 1553584994 INTRODUCE 35 22197
SEND 1553584994 INTRODUCE 35 36864
SEND 1553584994 INTRODUCE 35 38510
SEND 1553584994 JOIN 30 17964
RECIEVED 1553584994 INTRODUCE 36 6 0
RECIEVED 1553584994 INTRODUCE 36 6 0
SEND 1553584994 INTRODUCE 36 22875
SEND 1553584994 INTRODUCE 36 31091
SEND 1553584994 INTRODUCE 36 24600
SEND 1553584994 INTRODUCE 36 22255
SEND 1553584994 INTRODUCE 36 61816
SEND 1553584994 INTRODUCE 36 15858
SEND 1553584994 JOIN 30 23365
RECIEVED 1553584994 INTRODUCE 35 7 0
RECIEVED 1553584994 INTRODUCE 36 7 0
RECIEVED 1553584994 INTRODUCE 36 7 0
SEND 1553584994 INTRODUCE 36 22455
SEND 1553584994 INTRODUCE 36 20958
SEND 1553584994 INTRODUCE 36 24927
SEND 1553584994 INTRODUCE 36 26018
# recieved string JOIN node8 172.22.156.208 8008

SEND 1553584994 INTRODUCE 36 22361
SEND 1553584994 INTRODUCE 36 28288
SEND 1553584994 INTRODUCE 36 23010
SEND 1553584994 JOIN 30 24230
# recieved string JOIN node4 172.22.94.217 8004

RECIEVED 1553584994 INTRODUCE 36 8 0
RECIEVED 1553584994 INTRODUCE 36 8 0
SEND 1553584994 INTRODUCE 36 15384
SEND 1553584994 INTRODUCE 36 23517
# recieved string JOIN node6 172.22.94.217 8006

SEND 1553584994 INTRODUCE 36 19155
SEND 1553584994 INTRODUCE 36 23236
SEND 1553584994 INTRODUCE 36 23907
# recieved string JOIN node8 172.22.94.217 8008

SEND 1553584994 INTRODUCE 36 27444
SEND 1553584994 INTRODUCE 36 23499
SEND 1553584994 INTRODUCE 36 33343
SEND 1553584994 JOIN 30 27168
RECIEVED 1553584994 INTRODUCE 36 9 0
RECIEVED 1553584994 INTRODUCE 36 9 0
RECIEVED 1553584994 INTRODUCE 36 9 0
RECIEVED 1553584994 INTRODUCE 36 9 0
SEND 1553584994 INTRODUCE 36 21619
SEND 1553584994 INTRODUCE 36 29802
SEND 1553584994 INTRODUCE 36 33780
SEND 1553584994 INTRODUCE 36 30480
SEND 1553584994 INTRODUCE 36 17009
SEND 1553584994 INTRODUCE 36 30668
SEND 1553584994 INTRODUCE 36 33356
SEND 1553584994 INTRODUCE 36 27751
SEND 1553584994 INTRODUCE 36 17320
SEND 1553584994 JOIN 30 35926
RECIEVED 1553584994 INTRODUCE 36 10 0
RECIEVED 1553584994 INTRODUCE 36 10 0
RECIEVED 1553584994 INTRODUCE 35 10 0
RECIEVED 1553584994 INTRODUCE 35 10 0
RECIEVED 1553584994 INTRODUCE 36 10 0
RECIEVED 1553584994 INTRODUCE 36 10 0
RECIEVED 1553584994 INTRODUCE 36 10 0
RECIEVED 1553584994 INTRODUCE 36 10 0
RECIEVED 1553584994 INTRODUCE 36 10 0
SEND 1553584994 INTRODUCE 36 17217
SEND 1553584994 INTRODUCE 36 16959
SEND 1553584994 INTRODUCE 36 20791
SEND 1553584994 INTRODUCE 36 35180
SEND 1553584994 INTRODUCE 36 30688
# recieved string JOIN node2 172.22.94.217 8002

SEND 1553584994 INTRODUCE 36 22815
SEND 1553584994 INTRODUCE 36 20267
SEND 1553584994 INTRODUCE 36 10508
SEND 1553584994 INTRODUCE 36 21841
SEND 1553584994 INTRODUCE 36 16673
SEND 1553584994 JOIN 30 41024
RECIEVED 1553584994 INTRODUCE 36 11 0
RECIEVED 1553584994 INTRODUCE 35 11 0
RECIEVED 1553584994 JOIN 31 11 0
RECIEVED 1553584994 INTRODUCE 35 11 0
SEND 1553584994 INTRODUCE 35 23613
SEND 1553584994 INTRODUCE 35 22100
SEND 1553584994 INTRODUCE 35 20860
# recieved string JOIN node1 172.22.156.208 8001

SEND 1553584994 INTRODUCE 35 15071
SEND 1553584994 INTRODUCE 35 24791
SEND 1553584994 INTRODUCE 35 23492
# recieved string JOIN node3 172.22.94.217 8003

SEND 1553584994 INTRODUCE 35 24870
SEND 1553584994 INTRODUCE 35 14706
SEND 1553584994 INTRODUCE 35 52677
SEND 1553584994 INTRODUCE 35 61967
SEND 1553584994 INTRODUCE 35 44586
SEND 1553584994 JOIN 30 19612
RECIEVED 1553584994 INTRODUCE 36 12 0
RECIEVED 1553584994 JOIN 30 12 0
RECIEVED 1553584994 INTRODUCE 36 12 0
RECIEVED 1553584994 JOIN 30 12 0
SEND 1553584994 INTRODUCE 35 16440
SEND 1553584994 INTRODUCE 36 21221
SEND 1553584994 INTRODUCE 36 16296
SEND 1553584994 INTRODUCE 36 12684
SEND 1553584994 INTRODUCE 36 16565
SEND 1553584994 INTRODUCE 36 23628
SEND 1553584994 INTRODUCE 36 13904
SEND 1553584994 INTRODUCE 36 13833
SEND 1553584994 INTRODUCE 36 14042
SEND 1553584994 INTRODUCE 36 11423
# recieved string JOIN node5 172.22.94.217 8005

SEND 1553584994 INTRODUCE 36 13027
SEND 1553584994 INTRODUCE 35 12258
RECIEVED 1553584994 INTRODUCE 36 13 0
RECIEVED 1553584994 JOIN 30 13 0
SEND 1553584994 INTRODUCE 36 14987
SEND 1553584994 INTRODUCE 35 12488
SEND 1553584994 INTRODUCE 36 12014
SEND 1553584994 INTRODUCE 36 12892
SEND 1553584994 INTRODUCE 36 22964
SEND 1553584994 INTRODUCE 35 40427
SEND 1553584994 INTRODUCE 36 13433
SEND 1553584994 INTRODUCE 36 21255
SEND 1553584994 INTRODUCE 36 13569
SEND 1553584994 INTRODUCE 35 15248
SEND 1553584994 INTRODUCE 36 14861
SEND 1553584994 INTRODUCE 36 11375
# recieved string JOIN node9 172.22.156.208 8009

SEND 1553584994 INTRODUCE 36 9860
# recieved string JOIN node7 172.22.94.217 8007

RECIEVED 1553584994 INTRODUCE 36 14 0
RECIEVED 1553584994 INTRODUCE 36 14 0
RECIEVED 1553584994 INTRODUCE 35 14 0
SEND 1553584994 INTRODUCE 35 18034
SEND 1553584994 INTRODUCE 35 20633
SEND 1553584994 INTRODUCE 35 12768
SEND 1553584994 INTRODUCE 35 14422
SEND 1553584994 INTRODUCE 35 34311
SEND 1553584994 INTRODUCE 35 21819
# recieved string JOIN node10 172.22.156.208 8010

SEND 1553584994 INTRODUCE 35 20432
SEND 1553584994 INTRODUCE 35 23223
SEND 1553584994 INTRODUCE 35 14728
SEND 1553584994 INTRODUCE 35 10556
SEND 1553584994 INTRODUCE 35 14894
SEND 1553584994 INTRODUCE 35 20329
SEND 1553584994 INTRODUCE 35 21074
SEND 1553584994 INTRODUCE 35 10524
# recieved string JOIN node9 172.22.94.217 8009

SEND 1553584994 JOIN 30 14752
RECIEVED 1553584994 INTRODUCE 36 15 0
RECIEVED 1553584994 INTRODUCE 35 15 0
RECIEVED 1553584994 INTRODUCE 36 15 0
RECIEVED 1553584994 INTRODUCE 35 15 0
RECIEVED 1553584994 INTRODUCE 36 15 0
RECIEVED 1553584994 INTRODUCE 36 15 0
RECIEVED 1553584994 INTRODUCE 36 15 0
RECIEVED 1553584994 INTRODUCE 36 15 0
RECIEVED 1553584994 INTRODUCE 36 15 0
RECIEVED 1553584994 INTRODUCE 36 15 0
RECIEVED 1553584994 INTRODUCE 36 15 0
RECIEVED 1553584994 INTRODUCE 35 15 0
RECIEVED 1553584994 INTRODUCE 36 15 0
RECIEVED 1553584994 JOIN 30 15 0
SEND 1553584994 INTRODUCE 36 49052
SEND 1553584994 INTRODUCE 36 13313
SEND 1553584994 INTRODUCE 36 13711
SEND 1553584994 INTRODUCE 36 13117
SEND 1553584994 INTRODUCE 36 21863
SEND 1553584994 INTRODUCE 35 13074
# recieved string JOIN node11 172.22.156.208 8011

SEND 1553584994 INTRODUCE 36 11354
SEND 1553584994 INTRODUCE 36 23947
SEND 1553584994 INTRODUCE 36 22675
SEND 1553584994 INTRODUCE 35 12428
SEND 1553584994 INTRODUCE 36 27865
SEND 1553584994 INTRODUCE 36 14567
SEND 1553584994 INTRODUCE 35 13675
SEND 1553584994 INTRODUCE 35 13680
SEND 1553584994 INTRODUCE 35 11315
RECIEVED 1553584994 INTRODUCE 36 16 0
RECIEVED 1553584994 INTRODUCE 36 16 0
RECIEVED 1553584994 INTRODUCE 36 16 0
RECIEVED 1553584994 INTRODUCE 36 16 0
RECIEVED 1553584994 INTRODUCE 35 16 0
RECIEVED 1553584994 INTRODUCE 35 16 0
RECIEVED 1553584994 INTRODUCE 36 16 0
RECIEVED 1553584994 INTRODUCE 36 16 0
RECIEVED 1553584994 INTRODUCE 36 16 0
RECIEVED 1553584994 INTRODUCE 36 16 0
RECIEVED 1553584994 INTRODUCE 35 16 0
RECIEVED 1553584994 INTRODUCE 36 16 0
RECIEVED 1553584994 INTRODUCE 35 16 0
RECIEVED 1553584994 INTRODUCE 36 16 0
RECIEVED 1553584994 INTRODUCE 36 16 0
RECIEVED 1553584994 JOIN 31 16 0
RECIEVED 1553584994 INTRODUCE 36 16 0
RECIEVED 1553584994 INTRODUCE 36 16 0
RECIEVED 1553584994 INTRODUCE 36 16 0
RECIEVED 1553584994 JOIN 30 16 0
RECIEVED 1553584994 INTRODUCE 36 16 0
RECIEVED 1553584994 INTRODUCE 36 16 0
RECIEVED 1553584994 INTRODUCE 36 16 0
RECIEVED 1553584994 INTRODUCE 36 16 0
RECIEVED 1553584994 INTRODUCE 35 16 0
SEND 1553584994 INTRODUCE 35 30976
SEND 1553584994 INTRODUCE 35 26574
SEND 1553584994 INTRODUCE 35 18777
SEND 1553584994 INTRODUCE 35 28997
SEND 1553584994 INTRODUCE 35 18439
SEND 1553584994 INTRODUCE 35 28145
SEND 1553584994 INTRODUCE 35 27509
SEND 1553584994 INTRODUCE 35 26163
SEND 1553584994 INTRODUCE 35 33546
SEND 1553584994 INTRODUCE 35 12394
# recieved string JOIN node10 172.22.94.217 8010

SEND 1553584994 INTRODUCE 35 25125
SEND 1553584994 INTRODUCE 35 15830
SEND 1553584994 INTRODUCE 35 15090
SEND 1553584994 INTRODUCE 35 24805
SEND 1553584994 INTRODUCE 35 64149
SEND 1553584994 INTRODUCE 35 61424
SEND 1553584994 JOIN 30 19075
RECIEVED 1553584994 INTRODUCE 36 17 0
RECIEVED 1553584994 JOIN 30 17 0
RECIEVED 1553584994 INTRODUCE 35 17 0
RECIEVED 1553584994 INTRODUCE 36 17 0
RECIEVED 1553584994 INTRODUCE 36 17 0
RECIEVED 1553584994 JOIN 31 17 0
RECIEVED 1553584994 INTRODUCE 36 17 0
RECIEVED 1553584994 JOIN 30 17 0
SEND 1553584994 INTRODUCE 35 14891
SEND 1553584994 INTRODUCE 35 12541
SEND 1553584994 INTRODUCE 36 13950
SEND 1553584994 INTRODUCE 36 16184
SEND 1553584994 INTRODUCE 35 31377
SEND 1553584994 INTRODUCE 35 18564
SEND 1553584994 INTRODUCE 36 13583
SEND 1553584994 INTRODUCE 35 15412
SEND 1553584994 INTRODUCE 35 14871
SEND 1553584994 INTRODUCE 36 32113
SEND 1553584994 INTRODUCE 36 47439
SEND 1553584994 INTRODUCE 36 21110
SEND 1553584994 INTRODUCE 36 68689
SEND 1553584994 INTRODUCE 36 21193
SEND 1553584994 INTRODUCE 36 13200
SEND 1553584994 INTRODUCE 36 8953
SEND 1553584994 INTRODUCE 35 16948
RECIEVED 1553584994 INTRODUCE 36 18 0
RECIEVED 1553584994 JOIN 32 18 0
SEND 1553584994 INTRODUCE 36 17010
SEND 1553584994 INTRODUCE 35 19599
SEND 1553584994 INTRODUCE 35 27896
SEND 1553584994 INTRODUCE 35 22009
SEND 1553584994 INTRODUCE 35 21911
SEND 1553584994 INTRODUCE 35 20335
SEND 1553584994 INTRODUCE 35 27914
SEND 1553584994 INTRODUCE 36 73142
SEND 1553584994 INTRODUCE 36 32141
SEND 1553584994 INTRODUCE 36 16879
SEND 1553584994 INTRODUCE 36 29255
SEND 1553584994 INTRODUCE 36 21331
SEND 1553584994 INTRODUCE 35 29324
SEND 1553584994 INTRODUCE 35 15630
SEND 1553584994 INTRODUCE 36 30795
SEND 1553584994 INTRODUCE 36 15744
SEND 1553584994 INTRODUCE 36 32773
SEND 1553584994 INTRODUCE 36 102161
RECIEVED 1553584994 INTRODUCE 35 19 0
RECIEVED 1553584994 INTRODUCE 35 19 0
RECIEVED 1553584994 INTRODUCE 36 19 0
RECIEVED 1553584994 INTRODUCE 35 19 0
RECIEVED 1553584994 INTRODUCE 35 19 0
RECIEVED 1553584994 JOIN 30 19 0
SEND 1553584994 INTRODUCE 35 12836
SEND 1553584994 INTRODUCE 35 15432
SEND 1553584994 INTRODUCE 35 14774
SEND 1553584994 INTRODUCE 35 14122
SEND 1553584994 INTRODUCE 36 20932
SEND 1553584994 INTRODUCE 36 12864
SEND 1553584994 INTRODUCE 35 13186
SEND 1553584994 INTRODUCE 36 12050
SEND 1553584994 INTRODUCE 36 12502
SEND 1553584994 INTRODUCE 35 14288
SEND 1553584994 INTRODUCE 35 12540
SEND 1553584994 INTRODUCE 36 15123
SEND 1553584994 INTRODUCE 36 11671
SEND 1553584994 INTRODUCE 36 17100
SEND 1553584994 INTRODUCE 36 11676
SEND 1553584994 INTRODUCE 36 24987
SEND 1553584994 INTRODUCE 36 9361
SEND 1553584994 INTRODUCE 35 9641
SEND 1553584994 INTRODUCE 37 13168
RECIEVED 1553584994 INTRODUCE 36 20 0
RECIEVED 1553584994 INTRODUCE 36 20 0
RECIEVED 1553584994 INTRODUCE 35 20 0
RECIEVED 1553584994 INTRODUCE 36 20 0
RECIEVED 1553584994 INTRODUCE 35 20 0
RECIEVED 1553584994 JOIN 32 20 0
SEND 1553584994 INTRODUCE 35 16804
SEND 1553584994 INTRODUCE 36 23188
SEND 1553584994 INTRODUCE 36 23105
SEND 1553584994 INTRODUCE 36 14889
SEND 1553584994 INTRODUCE 36 20469
SEND 1553584994 INTRODUCE 36 36687
SEND 1553584994 INTRODUCE 35 18567
SEND 1553584994 INTRODUCE 36 24512
SEND 1553584994 INTRODUCE 36 18865
SEND 1553584994 INTRODUCE 36 20576
SEND 1553584994 INTRODUCE 35 17788
SEND 1553584994 INTRODUCE 37 45026
SEND 1553584994 INTRODUCE 35 57020
SEND 1553584994 INTRODUCE 35 28902
SEND 1553584994 INTRODUCE 36 38832
SEND 1553584994 INTRODUCE 36 20699
SEND 1553584994 INTRODUCE 35 15906
SEND 1553584994 INTRODUCE 35 28900
SEND 1553584994 INTRODUCE 35 22248
SEND 1553584994 INTRODUCE 35 17883
RECIEVED 1553584994 INTRODUCE 35 21 0
RECIEVED 1553584994 INTRODUCE 36 21 0
RECIEVED 1553584994 INTRODUCE 35 21 0
RECIEVED 1553584994 INTRODUCE 36 21 0
RECIEVED 1553584994 INTRODUCE 35 21 0
RECIEVED 1553584994 INTRODUCE 35 21 0
RECIEVED 1553584994 INTRODUCE 35 21 0
RECIEVED 1553584994 INTRODUCE 36 21 0
RECIEVED 1553584994 JOIN 31 21 0
SEND 1553584994 INTRODUCE 36 13237
SEND 1553584994 INTRODUCE 36 12749
SEND 1553584994 INTRODUCE 36 12866
SEND 1553584994 INTRODUCE 36 16849
SEND 1553584994 INTRODUCE 36 12299
SEND 1553584994 INTRODUCE 35 12729
SEND 1553584994 INTRODUCE 35 13312
SEND 1553584994 INTRODUCE 36 11818
SEND 1553584994 INTRODUCE 36 12564
SEND 1553584994 INTRODUCE 36 13660
SEND 1553584994 INTRODUCE 35 20873
SEND 1553584994 INTRODUCE 37 45908
SEND 1553584994 INTRODUCE 37 23380
SEND 1553584994 INTRODUCE 35 17996
SEND 1553584994 INTRODUCE 36 12278
SEND 1553584994 INTRODUCE 36 39793
SEND 1553584994 INTRODUCE 35 19746
# recieved string JOIN node11 172.22.94.217 8011

SEND 1553584994 INTRODUCE 35 10198
SEND 1553584994 INTRODUCE 35 45951
SEND 1553584994 INTRODUCE 35 11358
SEND 1553584994 INTRODUCE 35 9057
RECIEVED 1553584994 INTRODUCE 35 22 0
RECIEVED 1553584994 INTRODUCE 36 22 0
RECIEVED 1553584994 INTRODUCE 35 22 0
RECIEVED 1553584994 INTRODUCE 36 22 0
RECIEVED 1553584994 INTRODUCE 36 22 0
RECIEVED 1553584994 INTRODUCE 36 22 0
RECIEVED 1553584994 INTRODUCE 35 22 0
RECIEVED 1553584994 INTRODUCE 35 22 0
RECIEVED 1553584994 INTRODUCE 36 22 0
RECIEVED 1553584994 INTRODUCE 36 22 0
RECIEVED 1553584994 INTRODUCE 36 22 0
RECIEVED 1553584994 INTRODUCE 35 22 0
RECIEVED 1553584994 INTRODUCE 35 22 0
RECIEVED 1553584994 INTRODUCE 36 22 0
RECIEVED 1553584994 INTRODUCE 36 22 0
RECIEVED 1553584994 INTRODUCE 36 22 0
RECIEVED 1553584994 INTRODUCE 36 22 0
RECIEVED 1553584994 INTRODUCE 35 22 0
RECIEVED 1553584994 INTRODUCE 36 22 0
RECIEVED 1553584994 INTRODUCE 36 22 0
RECIEVED 1553584994 INTRODUCE 35 22 0
RECIEVED 1553584994 INTRODUCE 36 22 0
RECIEVED 1553584994 INTRODUCE 35 22 0
RECIEVED 1553584994 INTRODUCE 36 22 0
RECIEVED 1553584994 INTRODUCE 36 22 0
RECIEVED 1553584994 INTRODUCE 36 22 0
RECIEVED 1553584994 INTRODUCE 36 22 0
RECIEVED 1553584994 INTRODUCE 36 22 0
RECIEVED 1553584994 INTRODUCE 35 22 0
RECIEVED 1553584994 INTRODUCE 35 22 0
RECIEVED 1553584994 INTRODUCE 36 22 0
RECIEVED 1553584994 INTRODUCE 35 22 0
RECIEVED 1553584994 INTRODUCE 35 22 0
RECIEVED 1553584994 INTRODUCE 36 22 0
RECIEVED 1553584994 INTRODUCE 35 22 0
RECIEVED 1553584994 INTRODUCE 35 22 0
RECIEVED 1553584994 INTRODUCE 36 22 0
RECIEVED 1553584994 INTRODUCE 35 22 0
RECIEVED 1553584994 INTRODUCE 35 22 0
RECIEVED 1553584994 JOIN 31 22 0
SEND 1553584994 INTRODUCE 36 13529
SEND 1553584994 INTRODUCE 35 13814
SEND 1553584994 INTRODUCE 37 20769
SEND 1553584994 INTRODUCE 37 13064
SEND 1553584994 INTRODUCE 35 14050
SEND 1553584994 INTRODUCE 36 14929
SEND 1553584994 INTRODUCE 36 18260
SEND 1553584994 INTRODUCE 35 49283
SEND 1553584994 INTRODUCE 35 12777
SEND 1553584994 INTRODUCE 35 19969
SEND 1553584994 INTRODUCE 35 12739
SEND 1553584994 INTRODUCE 35 12566
SEND 1553584994 INTRODUCE 36 12691
SEND 1553584994 INTRODUCE 36 9582
SEND 1553584994 INTRODUCE 36 11044
SEND 1553584994 INTRODUCE 36 58341
SEND 1553584994 INTRODUCE 36 10697
SEND 1553584994 INTRODUCE 36 11594
SEND 1553584994 INTRODUCE 35 11874
SEND 1553584994 INTRODUCE 35 16124
SEND 1553584994 INTRODUCE 36 16600
SEND 1553584994 INTRODUCE 36 11093
RECIEVED 1553584994 INTRODUCE 36 23 0
RECIEVED 1553584994 INTRODUCE 35 23 0
RECIEVED 1553584994 INTRODUCE 35 23 0
RECIEVED 1553584994 INTRODUCE 36 23 0
RECIEVED 1553584994 INTRODUCE 36 23 0
RECIEVED 1553584994 INTRODUCE 37 23 0
RECIEVED 1553584994 INTRODUCE 35 23 0
RECIEVED 1553584994 INTRODUCE 35 23 0
RECIEVED 1553584994 INTRODUCE 37 23 0
RECIEVED 1553584994 INTRODUCE 36 23 0
RECIEVED 1553584994 INTRODUCE 35 23 0
RECIEVED 1553584994 INTRODUCE 37 23 0
RECIEVED 1553584994 INTRODUCE 36 23 0
RECIEVED 1553584994 INTRODUCE 36 23 0
RECIEVED 1553584994 INTRODUCE 35 23 0
RECIEVED 1553584994 INTRODUCE 36 23 0
RECIEVED 1553584994 INTRODUCE 35 23 0
RECIEVED 1553584994 INTRODUCE 36 23 0
RECIEVED 1553584994 INTRODUCE 35 23 0
RECIEVED 1553584994 INTRODUCE 36 23 0
RECIEVED 1553584994 INTRODUCE 35 23 0
RECIEVED 1553584994 INTRODUCE 36 23 0
RECIEVED 1553584994 INTRODUCE 36 23 0
RECIEVED 1553584994 INTRODUCE 36 23 0
RECIEVED 1553584994 INTRODUCE 37 23 0
RECIEVED 1553584994 INTRODUCE 36 23 0
RECIEVED 1553584994 INTRODUCE 35 23 0
RECIEVED 1553584994 INTRODUCE 36 23 0
# recieved string JOIN node12 172.22.94.217 8012

RECIEVED 1553584994 JOIN 31 23 0
SEND 1553584994 INTRODUCE 35 14360
SEND 1553584994 INTRODUCE 36 14322
SEND 1553584994 INTRODUCE 36 15289
SEND 1553584994 INTRODUCE 36 13312
SEND 1553584994 INTRODUCE 36 13062
SEND 1553584994 INTRODUCE 36 13099
SEND 1553584994 INTRODUCE 36 13787
SEND 1553584994 INTRODUCE 35 13323
SEND 1553584994 INTRODUCE 36 23340
SEND 1553584994 INTRODUCE 36 13034
SEND 1553584994 INTRODUCE 36 19386
SEND 1553584994 INTRODUCE 35 11339
SEND 1553584994 INTRODUCE 37 11702
SEND 1553584994 INTRODUCE 37 26792
SEND 1553584994 INTRODUCE 35 10166
SEND 1553584994 INTRODUCE 35 11513
SEND 1553584994 INTRODUCE 36 9673
SEND 1553584994 INTRODUCE 36 10669
SEND 1553584994 INTRODUCE 35 11098
SEND 1553584994 INTRODUCE 35 9929
SEND 1553584994 INTRODUCE 35 44508
SEND 1553584994 INTRODUCE 35 11977
SEND 1553584994 INTRODUCE 36 11799
RECIEVED 1553584994 INTRODUCE 37 24 0
RECIEVED 1553584994 INTRODUCE 37 24 0
SEND 1553584994 INTRODUCE 37 15154
SEND 1553584994 INTRODUCE 37 16320
SEND 1553584994 INTRODUCE 37 15312
SEND 1553584994 INTRODUCE 37 27808
SEND 1553584994 INTRODUCE 37 16567
SEND 1553584994 INTRODUCE 37 15353
SEND 1553584994 INTRODUCE 37 9887
SEND 1553584994 INTRODUCE 37 24934
SEND 1553584994 INTRODUCE 37 13419
SEND 1553584994 INTRODUCE 37 14263
SEND 1553584994 INTRODUCE 37 20318
SEND 1553584994 INTRODUCE 37 28756
SEND 1553584994 INTRODUCE 37 11313
SEND 1553584994 INTRODUCE 37 24216
SEND 1553584994 INTRODUCE 37 16572
SEND 1553584994 INTRODUCE 37 21178
SEND 1553584994 INTRODUCE 37 43053
SEND 1553584994 INTRODUCE 37 19487
SEND 1553584994 INTRODUCE 37 14109
SEND 1553584994 INTRODUCE 37 13527
SEND 1553584994 INTRODUCE 37 30534
SEND 1553584994 INTRODUCE 37 13377
SEND 1553584994 INTRODUCE 37 30259
SEND 1553584994 INTRODUCE 37 15885
SEND 1553584994 JOIN 30 51848
RECIEVED 1553584994 INTRODUCE 36 25 0
RECIEVED 1553584994 INTRODUCE 35 25 0
RECIEVED 1553584994 INTRODUCE 35 25 0
RECIEVED 1553584994 INTRODUCE 37 25 0
RECIEVED 1553584994 INTRODUCE 37 25 0
RECIEVED 1553584994 INTRODUCE 37 25 0
RECIEVED 1553584994 INTRODUCE 36 25 0
RECIEVED 1553584994 INTRODUCE 37 25 0
RECIEVED 1553584994 INTRODUCE 37 25 0
RECIEVED 1553584994 INTRODUCE 36 25 0
RECIEVED 1553584994 INTRODUCE 35 25 0
RECIEVED 1553584994 INTRODUCE 37 25 0
RECIEVED 1553584994 INTRODUCE 35 25 0
RECIEVED 1553584994 INTRODUCE 37 25 0
RECIEVED 1553584994 INTRODUCE 37 25 0
RECIEVED 1553584994 INTRODUCE 36 25 0
RECIEVED 1553584994 INTRODUCE 36 25 0
RECIEVED 1553584994 INTRODUCE 37 25 0
RECIEVED 1553584994 INTRODUCE 36 25 0
RECIEVED 1553584994 INTRODUCE 35 25 0
RECIEVED 1553584994 INTRODUCE 35 25 0
RECIEVED 1553584994 INTRODUCE 36 25 0
RECIEVED 1553584994 INTRODUCE 36 25 0
RECIEVED 1553584994 INTRODUCE 35 25 0
RECIEVED 1553584994 INTRODUCE 36 25 0
RECIEVED 1553584994 INTRODUCE 36 25 0
RECIEVED 1553584994 INTRODUCE 37 25 0
RECIEVED 1553584994 INTRODUCE 36 25 0
RECIEVED 1553584994 INTRODUCE 35 25 0
RECIEVED 1553584994 INTRODUCE 37 25 0
RECIEVED 1553584994 INTRODUCE 36 25 0
RECIEVED 1553584994 INTRODUCE 36 25 0
RECIEVED 1553584994 INTRODUCE 35 25 0
RECIEVED 1553584994 INTRODUCE 37 25 0
RECIEVED 1553584994 INTRODUCE 35 25 0
RECIEVED 1553584994 INTRODUCE 36 25 0
RECIEVED 1553584994 INTRODUCE 37 25 0
RECIEVED 1553584994 INTRODUCE 36 25 0
RECIEVED 1553584994 INTRODUCE 35 25 0
RECIEVED 1553584994 INTRODUCE 35 25 0
RECIEVED 1553584994 INTRODUCE 35 25 0
RECIEVED 1553584994 INTRODUCE 35 25 0
RECIEVED 1553584994 INTRODUCE 35 25 0
RECIEVED 1553584994 INTRODUCE 35 25 0
RECIEVED 1553584994 INTRODUCE 36 25 0
# recieved string JOIN node12 172.22.156.208 8012

RECIEVED 1553584994 JOIN 32 25 0
SEND 1553584994 INTRODUCE 35 15206
SEND 1553584994 INTRODUCE 35 15499
SEND 1553584994 INTRODUCE 35 15822
SEND 1553584994 INTRODUCE 35 132869
SEND 1553584994 INTRODUCE 36 16482
SEND 1553584994 INTRODUCE 36 15985
SEND 1553584994 INTRODUCE 35 14729
SEND 1553584994 INTRODUCE 35 20921
SEND 1553584994 INTRODUCE 36 16494
SEND 1553584994 INTRODUCE 36 29455
SEND 1553584994 INTRODUCE 35 15520
SEND 1553584994 INTRODUCE 35 37283
SEND 1553584994 INTRODUCE 36 15194
SEND 1553584994 INTRODUCE 36 15665
SEND 1553584994 INTRODUCE 36 15296
SEND 1553584994 INTRODUCE 36 15778
SEND 1553584994 INTRODUCE 36 15149
SEND 1553584994 INTRODUCE 36 21329
SEND 1553584994 INTRODUCE 36 15502
SEND 1553584994 INTRODUCE 36 15209
SEND 1553584994 INTRODUCE 37 14450
SEND 1553584994 INTRODUCE 36 17318
SEND 1553584994 INTRODUCE 35 17353
SEND 1553584994 INTRODUCE 37 57605
SEND 1553584994 INTRODUCE 37 16903
RECIEVED 1553584994 INTRODUCE 35 26 0
RECIEVED 1553584994 INTRODUCE 37 26 0
RECIEVED 1553584994 INTRODUCE 37 26 0
RECIEVED 1553584994 INTRODUCE 35 26 0
RECIEVED 1553584994 INTRODUCE 36 26 0
RECIEVED 1553584994 INTRODUCE 37 26 0
RECIEVED 1553584994 INTRODUCE 36 26 0
RECIEVED 1553584994 INTRODUCE 37 26 0
RECIEVED 1553584994 INTRODUCE 37 26 0
RECIEVED 1553584994 INTRODUCE 36 26 0
# recieved string JOIN node13 172.22.94.217 8013

RECIEVED 1553584994 TRANSACTION 80 26 0
UPDATE 1553584994 TRANSACTION 889cc13d694a2dcb10ff22d5068c6217
SEND 1553584994 TRANSACTION 80 15902 889cc13d694a2dcb10ff22d5068c6217
SEND 1553584994 TRANSACTION 80 50004 889cc13d694a2dcb10ff22d5068c6217
SEND 1553584994 TRANSACTION 80 17775 889cc13d694a2dcb10ff22d5068c6217
SEND 1553584994 TRANSACTION 80 28516 889cc13d694a2dcb10ff22d5068c6217
SEND 1553584994 TRANSACTION 80 16066 889cc13d694a2dcb10ff22d5068c6217
SEND 1553584994 TRANSACTION 80 15116 889cc13d694a2dcb10ff22d5068c6217
RECIEVED 1553584994 JOIN 31 26 1
SEND 1553584994 INTRODUCE 35 13754
SEND 1553584994 INTRODUCE 35 13364
SEND 1553584994 INTRODUCE 36 13113
SEND 1553584994 INTRODUCE 36 13449
SEND 1553584994 INTRODUCE 36 13419
SEND 1553584994 INTRODUCE 36 13776
SEND 1553584994 INTRODUCE 36 18551
SEND 1553584994 INTRODUCE 36 25772
SEND 1553584994 INTRODUCE 36 14000
SEND 1553584994 INTRODUCE 36 13594
SEND 1553584994 INTRODUCE 36 14205
SEND 1553584994 INTRODUCE 37 12464
SEND 1553584994 INTRODUCE 36 12065
SEND 1553584994 INTRODUCE 35 12697
SEND 1553584994 INTRODUCE 37 16071
SEND 1553584994 INTRODUCE 37 12803
SEND 1553584994 INTRODUCE 37 12789
SEND 1553584994 INTRODUCE 35 11215
SEND 1553584994 INTRODUCE 35 11820
SEND 1553584994 INTRODUCE 35 10768
SEND 1553584994 INTRODUCE 36 45236
SEND 1553584994 INTRODUCE 36 11760
SEND 1553584994 INTRODUCE 35 12288
SEND 1553584994 INTRODUCE 35 11489
SEND 1553584994 INTRODUCE 35 10698
SEND 1553584994 INTRODUCE 36 11424
RECIEVED 1553584994 INTRODUCE 37 27 1
RECIEVED 1553584994 INTRODUCE 36 27 1
RECIEVED 1553584994 INTRODUCE 35 27 1
RECIEVED 1553584994 INTRODUCE 37 27 1
RECIEVED 1553584994 INTRODUCE 36 27 1
RECIEVED 1553584994 INTRODUCE 37 27 1
RECIEVED 1553584994 INTRODUCE 36 27 1
RECIEVED 1553584994 INTRODUCE 36 27 1
RECIEVED 1553584994 INTRODUCE 37 27 1
RECIEVED 1553584994 INTRODUCE 35 27 1
RECIEVED 1553584994 INTRODUCE 36 27 1
RECIEVED 1553584994 INTRODUCE 37 27 1
RECIEVED 1553584994 INTRODUCE 36 27 1
RECIEVED 1553584994 INTRODUCE 36 27 1
RECIEVED 1553584994 INTRODUCE 36 27 1
RECIEVED 1553584994 INTRODUCE 37 27 1
RECIEVED 1553584994 INTRODUCE 37 27 1
RECIEVED 1553584994 INTRODUCE 36 27 1
RECIEVED 1553584994 INTRODUCE 35 27 1
RECIEVED 1553584994 INTRODUCE 36 27 1
RECIEVED 1553584994 INTRODUCE 37 27 1
RECIEVED 1553584994 INTRODUCE 35 27 1
# recieved string JOIN node13 172.22.156.208 8013

RECIEVED 1553584994 JOIN 32 27 1
RECIEVED 1553584994 INTRODUCE 35 27 1
RECIEVED 1553584994 INTRODUCE 35 27 1
RECIEVED 1553584994 INTRODUCE 36 27 1
RECIEVED 1553584994 INTRODUCE 36 27 1
RECIEVED 1553584994 INTRODUCE 36 27 1
RECIEVED 1553584994 INTRODUCE 36 27 1
RECIEVED 1553584994 INTRODUCE 37 27 1
RECIEVED 1553584994 INTRODUCE 36 27 1
RECIEVED 1553584994 INTRODUCE 36 27 1
RECIEVED 1553584994 INTRODUCE 36 27 1
RECIEVED 1553584994 INTRODUCE 35 27 1
# recieved string JOIN node0 172.22.156.206 8000

RECIEVED 1553584994 JOIN 31 27 1
SEND 1553584994 INTRODUCE 37 17164
SEND 1553584994 INTRODUCE 36 15443
SEND 1553584994 INTRODUCE 35 15980
SEND 1553584994 INTRODUCE 35 25772
SEND 1553584994 INTRODUCE 36 34894
SEND 1553584994 INTRODUCE 36 21916
SEND 1553584994 INTRODUCE 36 21277
SEND 1553584994 INTRODUCE 36 34295
SEND 1553584994 INTRODUCE 36 50055
SEND 1553584994 INTRODUCE 35 21051
SEND 1553584994 INTRODUCE 36 29049
SEND 1553584994 INTRODUCE 37 34408
SEND 1553584994 INTRODUCE 35 34851
SEND 1553584994 INTRODUCE 37 21291
SEND 1553584994 INTRODUCE 37 23314
SEND 1553584994 INTRODUCE 35 16128
SEND 1553584994 INTRODUCE 35 17642
SEND 1553584994 INTRODUCE 36 15651
SEND 1553584995 INTRODUCE 35 27776
SEND 1553584995 INTRODUCE 35 17126
SEND 1553584995 INTRODUCE 36 20934
SEND 1553584995 INTRODUCE 36 15815
SEND 1553584995 INTRODUCE 36 25923
SEND 1553584995 INTRODUCE 36 16148
SEND 1553584995 INTRODUCE 35 15578
SEND 1553584995 INTRODUCE 36 14974
SEND 1553584995 INTRODUCE 36 15182
RECIEVED 1553584995 INTRODUCE 36 28 1
RECIEVED 1553584995 INTRODUCE 36 28 1
RECIEVED 1553584995 INTRODUCE 36 28 1
RECIEVED 1553584995 INTRODUCE 36 28 1
RECIEVED 1553584995 INTRODUCE 37 28 1
RECIEVED 1553584995 INTRODUCE 36 28 1
RECIEVED 1553584995 INTRODUCE 37 28 1
RECIEVED 1553584995 INTRODUCE 37 28 1
RECIEVED 1553584995 INTRODUCE 36 28 1
RECIEVED 1553584995 INTRODUCE 35 28 1
RECIEVED 1553584995 INTRODUCE 37 28 1
SEND 1553584995 INTRODUCE 37 57683
SEND 1553584995 INTRODUCE 37 16462
SEND 1553584995 INTRODUCE 37 37860
SEND 1553584995 INTRODUCE 37 14752
SEND 1553584995 INTRODUCE 37 63112
SEND 1553584995 INTRODUCE 37 25504
SEND 1553584995 INTRODUCE 37 32075
SEND 1553584995 INTRODUCE 37 12596
SEND 1553584995 INTRODUCE 37 47627
SEND 1553584995 INTRODUCE 37 35364
SEND 1553584995 INTRODUCE 37 14849
SEND 1553584995 INTRODUCE 37 44663
SEND 1553584995 INTRODUCE 37 53577
SEND 1553584995 INTRODUCE 37 15691
SEND 1553584995 INTRODUCE 37 15160
SEND 1553584995 INTRODUCE 37 28372
SEND 1553584995 INTRODUCE 37 14760
SEND 1553584995 INTRODUCE 37 12141
SEND 1553584995 INTRODUCE 37 21456
SEND 1553584995 INTRODUCE 37 14979
# recieved string JOIN node3 172.22.156.206 8003

SEND 1553584995 INTRODUCE 37 17287
SEND 1553584995 INTRODUCE 37 10233
SEND 1553584995 INTRODUCE 37 11591
SEND 1553584995 INTRODUCE 37 54220
SEND 1553584995 INTRODUCE 37 14893
SEND 1553584995 INTRODUCE 37 22009
SEND 1553584995 INTRODUCE 37 22029
SEND 1553584995 INTRODUCE 37 15488
SEND 1553584995 JOIN 30 15716
RECIEVED 1553584995 INTRODUCE 37 29 1
SEND 1553584995 INTRODUCE 37 25503
SEND 1553584995 INTRODUCE 37 10114
SEND 1553584995 INTRODUCE 37 14518
SEND 1553584995 INTRODUCE 37 51649
SEND 1553584995 INTRODUCE 37 44244
SEND 1553584995 INTRODUCE 37 13774
SEND 1553584995 INTRODUCE 37 12536
SEND 1553584995 INTRODUCE 37 15057
SEND 1553584995 INTRODUCE 37 20876
SEND 1553584995 INTRODUCE 37 14370
# recieved string JOIN node2 172.22.156.206 8002

SEND 1553584995 INTRODUCE 37 21433
SEND 1553584995 INTRODUCE 37 13733
SEND 1553584995 INTRODUCE 37 13355
SEND 1553584995 INTRODUCE 37 16637
SEND 1553584995 INTRODUCE 37 67379
SEND 1553584995 INTRODUCE 37 41165
SEND 1553584995 INTRODUCE 37 14757
SEND 1553584995 INTRODUCE 37 14112
SEND 1553584995 INTRODUCE 37 18905
SEND 1553584995 INTRODUCE 37 12007
SEND 1553584995 INTRODUCE 37 47905
SEND 1553584995 INTRODUCE 37 11524
SEND 1553584995 INTRODUCE 37 48540
SEND 1553584995 INTRODUCE 37 30487
SEND 1553584995 INTRODUCE 37 14379
SEND 1553584995 INTRODUCE 37 20959
SEND 1553584995 INTRODUCE 37 13984
SEND 1553584995 INTRODUCE 37 21126
SEND 1553584995 INTRODUCE 37 18058
SEND 1553584995 JOIN 30 23969
RECIEVED 1553584995 INTRODUCE 36 30 1
RECIEVED 1553584995 INTRODUCE 37 30 1
RECIEVED 1553584995 INTRODUCE 37 30 1
RECIEVED 1553584995 JOIN 31 30 1
SEND 1553584995 INTRODUCE 36 17192
SEND 1553584995 INTRODUCE 36 11576
# recieved string JOIN node7 172.22.156.206 8007

SEND 1553584995 INTRODUCE 35 22184
SEND 1553584995 INTRODUCE 35 29061
SEND 1553584995 INTRODUCE 35 14846
SEND 1553584995 INTRODUCE 36 20294
SEND 1553584995 INTRODUCE 36 14983
SEND 1553584995 INTRODUCE 36 19171
SEND 1553584995 INTRODUCE 36 41797
SEND 1553584995 INTRODUCE 37 19805
SEND 1553584995 INTRODUCE 37 10983
SEND 1553584995 INTRODUCE 35 52026
SEND 1553584995 INTRODUCE 37 14496
# recieved string JOIN node5 172.22.156.206 8005

SEND 1553584995 INTRODUCE 37 14681
SEND 1553584995 INTRODUCE 35 23754
SEND 1553584995 INTRODUCE 35 34523
SEND 1553584995 INTRODUCE 36 50697
SEND 1553584995 INTRODUCE 35 18460
SEND 1553584995 INTRODUCE 35 15948
SEND 1553584995 INTRODUCE 36 14889
SEND 1553584995 INTRODUCE 36 16230
SEND 1553584995 INTRODUCE 36 16167
SEND 1553584995 INTRODUCE 36 15460
SEND 1553584995 INTRODUCE 36 31665
SEND 1553584995 INTRODUCE 36 51100
SEND 1553584995 INTRODUCE 35 34183
SEND 1553584995 INTRODUCE 36 15613
SEND 1553584995 INTRODUCE 37 25051
SEND 1553584995 INTRODUCE 36 15598
SEND 1553584995 INTRODUCE 37 26315
RECIEVED 1553584995 INTRODUCE 37 31 1
RECIEVED 1553584995 INTRODUCE 37 31 1
RECIEVED 1553584995 INTRODUCE 36 31 1
RECIEVED 1553584995 INTRODUCE 37 31 1
RECIEVED 1553584995 INTRODUCE 37 31 1
RECIEVED 1553584995 INTRODUCE 35 31 1
RECIEVED 1553584995 INTRODUCE 37 31 1
RECIEVED 1553584995 INTRODUCE 37 31 1
RECIEVED 1553584995 INTRODUCE 37 31 1
RECIEVED 1553584995 INTRODUCE 37 31 1
RECIEVED 1553584995 INTRODUCE 35 31 1
RECIEVED 1553584995 INTRODUCE 37 31 1
RECIEVED 1553584995 INTRODUCE 37 31 1
RECIEVED 1553584995 INTRODUCE 37 31 1
RECIEVED 1553584995 INTRODUCE 37 31 1
RECIEVED 1553584995 INTRODUCE 37 31 1
RECIEVED 1553584995 INTRODUCE 37 31 1
RECIEVED 1553584995 INTRODUCE 37 31 1
RECIEVED 1553584995 TRANSACTION 80 31 1
RECIEVED 1553584995 JOIN 31 31 1
SEND 1553584995 INTRODUCE 36 16638
SEND 1553584995 INTRODUCE 36 41458
SEND 1553584995 INTRODUCE 36 14726
SEND 1553584995 INTRODUCE 35 20788
SEND 1553584995 INTRODUCE 36 25453
SEND 1553584995 INTRODUCE 37 34140
SEND 1553584995 INTRODUCE 37 14213
SEND 1553584995 INTRODUCE 35 20249
SEND 1553584995 INTRODUCE 37 23882
SEND 1553584995 INTRODUCE 37 14822
SEND 1553584995 INTRODUCE 36 14618
SEND 1553584995 INTRODUCE 35 25132
SEND 1553584995 INTRODUCE 35 22271
SEND 1553584995 INTRODUCE 35 14446
SEND 1553584995 INTRODUCE 35 14669
SEND 1553584995 INTRODUCE 36 27214
SEND 1553584995 INTRODUCE 36 27081
SEND 1553584995 INTRODUCE 35 13768
SEND 1553584995 INTRODUCE 36 22657
SEND 1553584995 INTRODUCE 36 15534
SEND 1553584995 INTRODUCE 36 37948
SEND 1553584995 INTRODUCE 36 56894
SEND 1553584995 INTRODUCE 36 15445
SEND 1553584995 INTRODUCE 36 15570
SEND 1553584995 INTRODUCE 37 20484
SEND 1553584995 INTRODUCE 36 38063
SEND 1553584995 INTRODUCE 37 19857
SEND 1553584995 INTRODUCE 36 14635
SEND 1553584995 INTRODUCE 35 30962
SEND 1553584995 INTRODUCE 35 14400
SEND 1553584995 INTRODUCE 36 24189
RECIEVED 1553584995 INTRODUCE 36 32 1
RECIEVED 1553584995 INTRODUCE 37 32 1
RECIEVED 1553584995 INTRODUCE 37 32 1
RECIEVED 1553584995 INTRODUCE 35 32 1
RECIEVED 1553584995 INTRODUCE 37 32 1
RECIEVED 1553584995 INTRODUCE 37 32 1
RECIEVED 1553584995 INTRODUCE 37 32 1
RECIEVED 1553584995 INTRODUCE 37 32 1
RECIEVED 1553584995 INTRODUCE 36 32 1
RECIEVED 1553584995 INTRODUCE 36 32 1
RECIEVED 1553584995 INTRODUCE 37 32 1
RECIEVED 1553584995 TRANSACTION 81 32 1
UPDATE 1553584995 TRANSACTION ac3340af900ee440b14a98c1b026dc73
SEND 1553584995 TRANSACTION 81 39004 ac3340af900ee440b14a98c1b026dc73
SEND 1553584995 TRANSACTION 81 30932 ac3340af900ee440b14a98c1b026dc73
SEND 1553584995 TRANSACTION 81 14803 ac3340af900ee440b14a98c1b026dc73
SEND 1553584995 TRANSACTION 81 15452 ac3340af900ee440b14a98c1b026dc73
SEND 1553584995 TRANSACTION 81 21844 ac3340af900ee440b14a98c1b026dc73
SEND 1553584995 TRANSACTION 81 12194 ac3340af900ee440b14a98c1b026dc73
SEND 1553584995 TRANSACTION 81 12809 ac3340af900ee440b14a98c1b026dc73
SEND 1553584995 TRANSACTION 81 20507 ac3340af900ee440b14a98c1b026dc73
SEND 1553584995 TRANSACTION 81 14903 ac3340af900ee440b14a98c1b026dc73
SEND 1553584995 TRANSACTION 81 32487 ac3340af900ee440b14a98c1b026dc73
SEND 1553584995 TRANSACTION 81 33526 ac3340af900ee440b14a98c1b026dc73
SEND 1553584995 TRANSACTION 81 16450 ac3340af900ee440b14a98c1b026dc73
SEND 1553584995 TRANSACTION 81 15024 ac3340af900ee440b14a98c1b026dc73
SEND 1553584995 TRANSACTION 81 13209 ac3340af900ee440b14a98c1b026dc73
RECIEVED 1553584995 INTRODUCE 37 32 2
RECIEVED 1553584995 INTRODUCE 37 32 2
RECIEVED 1553584995 INTRODUCE 37 32 2
RECIEVED 1553584995 INTRODUCE 37 32 2
RECIEVED 1553584995 INTRODUCE 37 32 2
RECIEVED 1553584995 INTRODUCE 36 32 2
RECIEVED 1553584995 INTRODUCE 36 32 2
RECIEVED 1553584995 JOIN 31 32 2
SEND 1553584995 INTRODUCE 37 16597
SEND 1553584995 INTRODUCE 35 14300
SEND 1553584995 INTRODUCE 37 14839
SEND 1553584995 INTRODUCE 35 14699
SEND 1553584995 INTRODUCE 35 22732
SEND 1553584995 INTRODUCE 35 28928
SEND 1553584995 INTRODUCE 36 21899
SEND 1553584995 INTRODUCE 35 14706
SEND 1553584995 INTRODUCE 35 19540
SEND 1553584995 INTRODUCE 36 44934
SEND 1553584995 INTRODUCE 36 14650
SEND 1553584995 INTRODUCE 36 15565
SEND 1553584995 INTRODUCE 36 15006
SEND 1553584995 INTRODUCE 36 15191
SEND 1553584995 INTRODUCE 36 29242
SEND 1553584995 INTRODUCE 36 15397
SEND 1553584995 INTRODUCE 36 20946
SEND 1553584995 INTRODUCE 36 21215
SEND 1553584995 INTRODUCE 37 35213
SEND 1553584995 INTRODUCE 36 15148
SEND 1553584995 INTRODUCE 37 22321
SEND 1553584995 INTRODUCE 35 33725
SEND 1553584995 INTRODUCE 36 14687
SEND 1553584995 INTRODUCE 36 35900
SEND 1553584995 INTRODUCE 35 15061
SEND 1553584995 INTRODUCE 36 15251
SEND 1553584995 INTRODUCE 35 36445
SEND 1553584995 INTRODUCE 36 17552
SEND 1553584995 INTRODUCE 36 46932
SEND 1553584995 INTRODUCE 37 14504
SEND 1553584995 INTRODUCE 36 19925
SEND 1553584995 INTRODUCE 37 20237
RECIEVED 1553584995 TRANSACTION 81 33 2
RECIEVED 1553584995 INTRODUCE 37 33 2
RECIEVED 1553584995 INTRODUCE 37 33 2
RECIEVED 1553584995 TRANSACTION 81 33 2
RECIEVED 1553584995 INTRODUCE 37 33 2
RECIEVED 1553584995 INTRODUCE 36 33 2
RECIEVED 1553584995 TRANSACTION 81 33 2
RECIEVED 1553584995 INTRODUCE 37 33 2
RECIEVED 1553584995 INTRODUCE 36 33 2
RECIEVED 1553584995 JOIN 31 33 2
SEND 1553584995 INTRODUCE 35 16391
SEND 1553584995 INTRODUCE 35 39184
SEND 1553584995 INTRODUCE 36 21061
SEND 1553584995 INTRODUCE 36 20706
SEND 1553584995 INTRODUCE 36 36707
SEND 1553584995 INTRODUCE 36 13992
SEND 1553584995 INTRODUCE 36 29380
SEND 1553584995 INTRODUCE 35 33101
SEND 1553584995 INTRODUCE 36 14640
SEND 1553584995 INTRODUCE 37 14365
SEND 1553584995 INTRODUCE 37 14085
SEND 1553584995 INTRODUCE 36 15135
SEND 1553584995 INTRODUCE 37 61700
SEND 1553584995 INTRODUCE 37 23464
SEND 1553584995 INTRODUCE 35 26791
SEND 1553584995 INTRODUCE 35 14540
SEND 1553584995 INTRODUCE 35 33307
SEND 1553584995 INTRODUCE 35 31663
SEND 1553584995 INTRODUCE 35 27811
SEND 1553584995 INTRODUCE 36 33340
SEND 1553584995 INTRODUCE 36 15657
SEND 1553584995 INTRODUCE 35 39044
SEND 1553584995 INTRODUCE 36 14284
SEND 1553584995 INTRODUCE 36 34262
SEND 1553584995 INTRODUCE 36 15664
SEND 1553584995 INTRODUCE 36 37041
SEND 1553584995 INTRODUCE 36 50844
SEND 1553584995 INTRODUCE 36 15070
SEND 1553584995 INTRODUCE 36 14999
SEND 1553584995 INTRODUCE 37 28184
SEND 1553584995 INTRODUCE 36 15319
SEND 1553584995 INTRODUCE 37 98466
SEND 1553584995 INTRODUCE 36 20660
RECIEVED 1553584995 INTRODUCE 36 34 2
RECIEVED 1553584995 INTRODUCE 36 34 2
RECIEVED 1553584995 INTRODUCE 35 34 2
RECIEVED 1553584995 INTRODUCE 36 34 2
RECIEVED 1553584995 INTRODUCE 35 34 2
RECIEVED 1553584995 INTRODUCE 35 34 2
RECIEVED 1553584995 INTRODUCE 37 34 2
RECIEVED 1553584995 INTRODUCE 35 34 2
RECIEVED 1553584995 INTRODUCE 37 34 2
RECIEVED 1553584995 TRANSACTION 81 34 2
RECIEVED 1553584995 TRANSACTION 81 34 2
RECIEVED 1553584995 INTRODUCE 35 34 2
RECIEVED 1553584995 INTRODUCE 36 34 2
RECIEVED 1553584995 INTRODUCE 36 34 2
RECIEVED 1553584995 INTRODUCE 36 34 2
RECIEVED 1553584995 INTRODUCE 37 34 2
RECIEVED 1553584995 TRANSACTION 81 34 2
RECIEVED 1553584995 INTRODUCE 36 34 2
RECIEVED 1553584995 INTRODUCE 35 34 2
RECIEVED 1553584995 INTRODUCE 37 34 2
RECIEVED 1553584995 INTRODUCE 37 34 2
RECIEVED 1553584995 TRANSACTION 81 34 2
RECIEVED 1553584995 INTRODUCE 36 34 2
RECIEVED 1553584995 INTRODUCE 36 34 2
RECIEVED 1553584995 INTRODUCE 36 34 2
RECIEVED 1553584995 TRANSACTION 81 34 2
RECIEVED 1553584995 INTRODUCE 35 34 2
RECIEVED 1553584995 INTRODUCE 36 34 2
RECIEVED 1553584995 INTRODUCE 37 34 2
RECIEVED 1553584995 INTRODUCE 35 34 2
RECIEVED 1553584995 TRANSACTION 81 34 2
RECIEVED 1553584995 INTRODUCE 36 34 2
RECIEVED 1553584995 INTRODUCE 36 34 2
SEND 1553584995 INTRODUCE 36 22911
SEND 1553584995 INTRODUCE 36 55536
SEND 1553584995 INTRODUCE 36 22018
SEND 1553584995 INTRODUCE 36 41296
SEND 1553584995 INTRODUCE 36 37628
SEND 1553584995 INTRODUCE 36 32775
SEND 1553584995 INTRODUCE 36 49906
SEND 1553584995 INTRODUCE 36 15102
SEND 1553584995 INTRODUCE 36 40398
SEND 1553584995 INTRODUCE 36 106788
SEND 1553584995 INTRODUCE 36 21151
SEND 1553584995 INTRODUCE 36 15421
SEND 1553584995 INTRODUCE 36 45224
SEND 1553584995 INTRODUCE 36 34709
SEND 1553584995 INTRODUCE 36 15033
SEND 1553584995 INTRODUCE 36 23129
SEND 1553584995 INTRODUCE 36 16265
SEND 1553584995 INTRODUCE 36 38148
SEND 1553584995 INTRODUCE 36 17020
SEND 1553584995 INTRODUCE 36 16867
SEND 1553584995 INTRODUCE 36 14147
SEND 1553584995 INTRODUCE 36 11311
SEND 1553584995 INTRODUCE 36 21798
SEND 1553584995 INTRODUCE 36 15497
SEND 1553584995 INTRODUCE 36 35656
SEND 1553584995 INTRODUCE 36 16607
SEND 1553584995 INTRODUCE 36 67560
SEND 1553584995 INTRODUCE 36 21595
SEND 1553584995 INTRODUCE 36 15602
SEND 1553584995 INTRODUCE 36 15604
SEND 1553584995 INTRODUCE 36 20546
SEND 1553584995 INTRODUCE 36 11161
SEND 1553584995 INTRODUCE 36 14760
SEND 1553584995 INTRODUCE 36 32873
SEND 1553584995 JOIN 30 20860
RECIEVED 1553584995 INTRODUCE 35 35 2
RECIEVED 1553584995 INTRODUCE 35 35 2
RECIEVED 1553584995 INTRODUCE 36 35 2
RECIEVED 1553584995 INTRODUCE 36 35 2
RECIEVED 1553584995 TRANSACTION 81 35 2
RECIEVED 1553584995 INTRODUCE 37 35 2
RECIEVED 1553584995 INTRODUCE 36 35 2
RECIEVED 1553584995 INTRODUCE 36 35 2
RECIEVED 1553584995 INTRODUCE 37 35 2
RECIEVED 1553584995 INTRODUCE 36 35 2
RECIEVED 1553584995 INTRODUCE 35 35 2
RECIEVED 1553584995 INTRODUCE 36 35 2
RECIEVED 1553584995 INTRODUCE 35 35 2
RECIEVED 1553584995 INTRODUCE 36 35 2
RECIEVED 1553584995 INTRODUCE 36 35 2
RECIEVED 1553584995 INTRODUCE 36 35 2
RECIEVED 1553584995 INTRODUCE 36 35 2
RECIEVED 1553584995 INTRODUCE 36 35 2
RECIEVED 1553584995 INTRODUCE 36 35 2
RECIEVED 1553584995 INTRODUCE 37 35 2
RECIEVED 1553584995 INTRODUCE 35 35 2
RECIEVED 1553584995 INTRODUCE 36 35 2
RECIEVED 1553584995 INTRODUCE 37 35 2
RECIEVED 1553584995 INTRODUCE 36 35 2
RECIEVED 1553584995 INTRODUCE 35 35 2
RECIEVED 1553584995 INTRODUCE 36 35 2
RECIEVED 1553584995 INTRODUCE 36 35 2
RECIEVED 1553584995 INTRODUCE 35 35 2
RECIEVED 1553584995 INTRODUCE 36 35 2
RECIEVED 1553584995 INTRODUCE 37 35 2
SEND 1553584995 INTRODUCE 37 46909
SEND 1553584995 INTRODUCE 37 15794
SEND 1553584995 INTRODUCE 37 11475
SEND 1553584995 INTRODUCE 37 15669
SEND 1553584995 INTRODUCE 37 13822
SEND 1553584995 INTRODUCE 37 16342
SEND 1553584995 INTRODUCE 37 31191
SEND 1553584995 INTRODUCE 37 23370
SEND 1553584995 INTRODUCE 37 39405
SEND 1553584995 INTRODUCE 37 15698
SEND 1553584995 INTRODUCE 37 26827
SEND 1553584995 INTRODUCE 37 28912
SEND 1553584995 INTRODUCE 37 29736
SEND 1553584995 INTRODUCE 37 35003
SEND 1553584995 INTRODUCE 37 12593
SEND 1553584995 INTRODUCE 37 13674
SEND 1553584995 INTRODUCE 37 15401
SEND 1553584995 INTRODUCE 37 38841
SEND 1553584995 INTRODUCE 37 20469
SEND 1553584995 INTRODUCE 37 11398
SEND 1553584995 INTRODUCE 37 25547
SEND 1553584995 INTRODUCE 37 13871
SEND 1553584995 INTRODUCE 37 17756
SEND 1553584995 INTRODUCE 37 48757
SEND 1553584995 INTRODUCE 37 26352
SEND 1553584995 INTRODUCE 37 34134
SEND 1553584995 INTRODUCE 37 57191
SEND 1553584995 INTRODUCE 37 26888
SEND 1553584995 INTRODUCE 37 70608
SEND 1553584995 INTRODUCE 37 20784
SEND 1553584995 INTRODUCE 37 16029
SEND 1553584995 INTRODUCE 37 21813
SEND 1553584995 INTRODUCE 37 15807
SEND 1553584995 INTRODUCE 37 12662
SEND 1553584995 INTRODUCE 37 13974
SEND 1553584995 JOIN 30 48312
RECIEVED 1553584995 INTRODUCE 36 36 2
SEND 1553584995 INTRODUCE 36 13033
SEND 1553584995 INTRODUCE 36 10520
SEND 1553584995 INTRODUCE 36 40567
SEND 1553584995 INTRODUCE 36 20334
SEND 1553584995 INTRODUCE 36 14890
SEND 1553584995 INTRODUCE 36 22881
SEND 1553584995 INTRODUCE 36 20838
SEND 1553584995 INTRODUCE 36 14915
SEND 1553584995 INTRODUCE 36 50608
SEND 1553584995 INTRODUCE 36 13470
SEND 1553584995 INTRODUCE 36 14400
SEND 1553584995 INTRODUCE 36 18125
SEND 1553584995 INTRODUCE 36 21183
SEND 1553584995 INTRODUCE 36 23383
SEND 1553584995 INTRODUCE 36 65964
SEND 1553584995 INTRODUCE 36 14624
SEND 1553584995 INTRODUCE 36 34937
SEND 1553584995 INTRODUCE 36 14879
SEND 1553584995 INTRODUCE 36 11458
SEND 1553584995 INTRODUCE 36 12583
SEND 1553584995 INTRODUCE 36 28874
SEND 1553584995 INTRODUCE 36 26549
SEND 1553584995 INTRODUCE 36 20100
SEND 1553584995 INTRODUCE 36 14654
SEND 1553584995 INTRODUCE 36 15919
SEND 1553584995 INTRODUCE 36 26570
SEND 1553584995 INTRODUCE 36 16270
SEND 1553584995 INTRODUCE 36 16152
SEND 1553584995 INTRODUCE 36 15438
SEND 1553584995 INTRODUCE 36 14644
SEND 1553584995 INTRODUCE 36 36417
SEND 1553584995 INTRODUCE 36 21071
SEND 1553584995 INTRODUCE 36 13849
SEND 1553584995 INTRODUCE 36 26676
SEND 1553584995 INTRODUCE 36 16360
SEND 1553584995 INTRODUCE 36 13930
SEND 1553584995 JOIN 30 28262
RECIEVED 1553584995 INTRODUCE 37 37 2
RECIEVED 1553584995 INTRODUCE 36 37 2
RECIEVED 1553584995 INTRODUCE 36 37 2
RECIEVED 1553584995 INTRODUCE 36 37 2
RECIEVED 1553584995 INTRODUCE 36 37 2
RECIEVED 1553584995 INTRODUCE 35 37 2
RECIEVED 1553584995 INTRODUCE 36 37 2
RECIEVED 1553584995 INTRODUCE 37 37 2
RECIEVED 1553584995 TRANSACTION 79 37 2
UPDATE 1553584995 TRANSACTION 488f7ddb81dfc547a7395d06c441f87f
SEND 1553584995 TRANSACTION 79 27244 488f7ddb81dfc547a7395d06c441f87f
SEND 1553584995 TRANSACTION 79 26163 488f7ddb81dfc547a7395d06c441f87f
SEND 1553584995 TRANSACTION 79 37509 488f7ddb81dfc547a7395d06c441f87f
SEND 1553584995 TRANSACTION 79 16493 488f7ddb81dfc547a7395d06c441f87f
SEND 1553584995 TRANSACTION 79 15526 488f7ddb81dfc547a7395d06c441f87f
SEND 1553584995 TRANSACTION 79 27970 488f7ddb81dfc547a7395d06c441f87f
SEND 1553584995 TRANSACTION 79 38413 488f7ddb81dfc547a7395d06c441f87f
# recieved string JOIN node8 172.22.156.206 8008

SEND 1553584995 TRANSACTION 79 25255 488f7ddb81dfc547a7395d06c441f87f
SEND 1553584995 TRANSACTION 79 41795 488f7ddb81dfc547a7395d06c441f87f
SEND 1553584995 TRANSACTION 79 14908 488f7ddb81dfc547a7395d06c441f87f
SEND 1553584995 TRANSACTION 79 20547 488f7ddb81dfc547a7395d06c441f87f
RECIEVED 1553584995 INTRODUCE 36 37 3
RECIEVED 1553584995 INTRODUCE 36 37 3
RECIEVED 1553584995 INTRODUCE 35 37 3
RECIEVED 1553584995 TRANSACTION 79 37 3
RECIEVED 1553584995 INTRODUCE 36 37 3
RECIEVED 1553584995 INTRODUCE 35 37 3
RECIEVED 1553584995 INTRODUCE 36 37 3
RECIEVED 1553584995 INTRODUCE 37 37 3
RECIEVED 1553584995 INTRODUCE 36 37 3
RECIEVED 1553584995 INTRODUCE 36 37 3
RECIEVED 1553584995 INTRODUCE 35 37 3
RECIEVED 1553584995 INTRODUCE 37 37 3
RECIEVED 1553584995 INTRODUCE 36 37 3
RECIEVED 1553584995 INTRODUCE 36 37 3
RECIEVED 1553584995 INTRODUCE 37 37 3
RECIEVED 1553584995 INTRODUCE 37 37 3
RECIEVED 1553584995 INTRODUCE 35 37 3
RECIEVED 1553584995 INTRODUCE 35 37 3
RECIEVED 1553584995 INTRODUCE 36 37 3
RECIEVED 1553584995 INTRODUCE 35 37 3
RECIEVED 1553584995 INTRODUCE 37 37 3
RECIEVED 1553584995 INTRODUCE 36 37 3
RECIEVED 1553584995 INTRODUCE 36 37 3
RECIEVED 1553584995 INTRODUCE 36 37 3
RECIEVED 1553584995 INTRODUCE 37 37 3
RECIEVED 1553584995 INTRODUCE 36 37 3
RECIEVED 1553584995 INTRODUCE 36 37 3
RECIEVED 1553584995 INTRODUCE 36 37 3
RECIEVED 1553584995 INTRODUCE 37 37 3
RECIEVED 1553584995 INTRODUCE 36 37 3
RECIEVED 1553584995 INTRODUCE 36 37 3
RECIEVED 1553584995 INTRODUCE 37 37 3
RECIEVED 1553584995 INTRODUCE 36 37 3
RECIEVED 1553584995 INTRODUCE 37 37 3
RECIEVED 1553584995 INTRODUCE 36 37 3
RECIEVED 1553584995 INTRODUCE 36 37 3
RECIEVED 1553584995 INTRODUCE 36 37 3
RECIEVED 1553584995 INTRODUCE 36 37 3
RECIEVED 1553584995 INTRODUCE 37 37 3
RECIEVED 1553584995 INTRODUCE 36 37 3
RECIEVED 1553584995 JOIN 31 37 3
RECIEVED 1553584995 INTRODUCE 36 37 3
RECIEVED 1553584995 INTRODUCE 37 37 3
RECIEVED 1553584995 INTRODUCE 36 37 3
RECIEVED 1553584995 INTRODUCE 35 37 3
RECIEVED 1553584995 INTRODUCE 37 37 3
RECIEVED 1553584995 INTRODUCE 37 37 3
RECIEVED 1553584995 INTRODUCE 37 37 3
RECIEVED 1553584995 INTRODUCE 36 37 3
RECIEVED 1553584995 INTRODUCE 36 37 3
RECIEVED 1553584995 TRANSACTION 79 37 3
RECIEVED 1553584995 INTRODUCE 37 37 3
RECIEVED 1553584995 INTRODUCE 36 37 3
RECIEVED 1553584995 INTRODUCE 36 37 3
RECIEVED 1553584995 INTRODUCE 37 37 3
RECIEVED 1553584995 INTRODUCE 36 37 3
RECIEVED 1553584995 INTRODUCE 35 37 3
RECIEVED 1553584995 INTRODUCE 35 37 3
RECIEVED 1553584995 INTRODUCE 35 37 3
RECIEVED 1553584995 INTRODUCE 36 37 3
SEND 1553584995 INTRODUCE 36 15664
SEND 1553584995 INTRODUCE 36 33880
SEND 1553584995 INTRODUCE 36 21942
SEND 1553584995 INTRODUCE 36 13640
SEND 1553584995 INTRODUCE 36 26510
SEND 1553584995 INTRODUCE 36 15740
SEND 1553584995 INTRODUCE 36 21917
SEND 1553584995 INTRODUCE 36 20838
SEND 1553584995 INTRODUCE 36 11787
SEND 1553584995 INTRODUCE 36 21391
SEND 1553584995 INTRODUCE 36 13500
SEND 1553584995 INTRODUCE 36 15222
SEND 1553584995 INTRODUCE 36 14887
SEND 1553584995 INTRODUCE 36 15268
SEND 1553584995 INTRODUCE 36 14864
# recieved string JOIN node6 172.22.156.206 8006

SEND 1553584995 INTRODUCE 36 14068
SEND 1553584995 INTRODUCE 36 11350
SEND 1553584995 INTRODUCE 36 24262
SEND 1553584995 INTRODUCE 36 12733
SEND 1553584995 INTRODUCE 36 19718
SEND 1553584995 INTRODUCE 36 15346
SEND 1553584995 INTRODUCE 36 14800
SEND 1553584995 INTRODUCE 36 27516
SEND 1553584995 INTRODUCE 36 52838
SEND 1553584995 INTRODUCE 36 21784
SEND 1553584995 INTRODUCE 36 28064
SEND 1553584995 INTRODUCE 36 37201
SEND 1553584995 INTRODUCE 36 32638
SEND 1553584995 INTRODUCE 36 15173
SEND 1553584995 INTRODUCE 36 12015
SEND 1553584995 INTRODUCE 36 16103
SEND 1553584995 INTRODUCE 36 15185
SEND 1553584995 INTRODUCE 36 36589
SEND 1553584995 INTRODUCE 36 15467
SEND 1553584995 INTRODUCE 36 21317
SEND 1553584995 INTRODUCE 36 14522
SEND 1553584995 INTRODUCE 36 14869
SEND 1553584995 JOIN 30 15113
RECIEVED 1553584995 INTRODUCE 36 38 3
RECIEVED 1553584995 INTRODUCE 36 38 3
RECIEVED 1553584995 INTRODUCE 36 38 3
RECIEVED 1553584995 INTRODUCE 35 38 3
RECIEVED 1553584995 INTRODUCE 36 38 3
RECIEVED 1553584995 INTRODUCE 36 38 3
RECIEVED 1553584995 INTRODUCE 37 38 3
RECIEVED 1553584995 JOIN 31 38 3
SEND 1553584995 INTRODUCE 36 15728
SEND 1553584995 INTRODUCE 36 14972
SEND 1553584995 INTRODUCE 36 20419
SEND 1553584995 INTRODUCE 36 10773
SEND 1553584995 INTRODUCE 36 19947
SEND 1553584995 INTRODUCE 36 19367
SEND 1553584995 INTRODUCE 36 15118
SEND 1553584995 INTRODUCE 35 15205
SEND 1553584995 INTRODUCE 36 15609
SEND 1553584995 INTRODUCE 36 15535
SEND 1553584995 INTRODUCE 36 14846
SEND 1553584995 INTRODUCE 37 28313
SEND 1553584995 INTRODUCE 36 15225
SEND 1553584995 INTRODUCE 36 14847
SEND 1553584995 INTRODUCE 37 24739
SEND 1553584995 INTRODUCE 37 37495
SEND 1553584995 INTRODUCE 36 14810
SEND 1553584995 INTRODUCE 36 15416
SEND 1553584995 INTRODUCE 36 27710
SEND 1553584995 INTRODUCE 36 19446
SEND 1553584995 INTRODUCE 35 25705
SEND 1553584995 INTRODUCE 35 19577
SEND 1553584995 INTRODUCE 35 39949
SEND 1553584995 INTRODUCE 36 15497
SEND 1553584995 INTRODUCE 36 15890
SEND 1553584995 INTRODUCE 36 14607
SEND 1553584995 INTRODUCE 36 14802
SEND 1553584995 INTRODUCE 36 15887
SEND 1553584995 INTRODUCE 37 27016
SEND 1553584995 INTRODUCE 37 15435
SEND 1553584995 INTRODUCE 35 21093
SEND 1553584995 INTRODUCE 37 32708
SEND 1553584995 INTRODUCE 37 15400
SEND 1553584995 INTRODUCE 35 33303
SEND 1553584995 INTRODUCE 35 15432
SEND 1553584995 INTRODUCE 36 19080
SEND 1553584995 INTRODUCE 35 15805
SEND 1553584995 INTRODUCE 35 20785
RECIEVED 1553584995 INTRODUCE 36 39 3
RECIEVED 1553584995 INTRODUCE 36 39 3
RECIEVED 1553584995 TRANSACTION 79 39 3
RECIEVED 1553584995 INTRODUCE 36 39 3
RECIEVED 1553584995 INTRODUCE 36 39 3
RECIEVED 1553584995 TRANSACTION 79 39 3
RECIEVED 1553584995 INTRODUCE 37 39 3
RECIEVED 1553584995 INTRODUCE 36 39 3
RECIEVED 1553584995 INTRODUCE 37 39 3
RECIEVED 1553584995 INTRODUCE 37 39 3
RECIEVED 1553584995 INTRODUCE 35 39 3
RECIEVED 1553584995 TRANSACTION 79 39 3
RECIEVED 1553584995 INTRODUCE 36 39 3
RECIEVED 1553584995 INTRODUCE 36 39 3
RECIEVED 1553584995 INTRODUCE 37 39 3
RECIEVED 1553584995 INTRODUCE 35 39 3
RECIEVED 1553584995 INTRODUCE 35 39 3
RECIEVED 1553584995 INTRODUCE 35 39 3
RECIEVED 1553584995 INTRODUCE 36 39 3
RECIEVED 1553584995 INTRODUCE 36 39 3
RECIEVED 1553584995 INTRODUCE 35 39 3
RECIEVED 1553584995 INTRODUCE 36 39 3
RECIEVED 1553584995 INTRODUCE 37 39 3
RECIEVED 1553584995 INTRODUCE 36 39 3
RECIEVED 1553584995 INTRODUCE 36 39 3
RECIEVED 1553584995 INTRODUCE 37 39 3
RECIEVED 1553584995 TRANSACTION 80 39 3
UPDATE 1553584995 TRANSACTION a318cdb978964975d202e2290bc716a7
SEND 1553584995 TRANSACTION 80 20561 a318cdb978964975d202e2290bc716a7
SEND 1553584995 TRANSACTION 80 11843 a318cdb978964975d202e2290bc716a7
SEND 1553584995 TRANSACTION 80 14803 a318cdb978964975d202e2290bc716a7
SEND 1553584995 TRANSACTION 80 21504 a318cdb978964975d202e2290bc716a7
SEND 1553584995 TRANSACTION 80 27293 a318cdb978964975d202e2290bc716a7
SEND 1553584995 TRANSACTION 80 14681 a318cdb978964975d202e2290bc716a7
SEND 1553584995 TRANSACTION 80 29084 a318cdb978964975d202e2290bc716a7
SEND 1553584995 TRANSACTION 80 27760 a318cdb978964975d202e2290bc716a7
SEND 1553584995 TRANSACTION 80 16071 a318cdb978964975d202e2290bc716a7
SEND 1553584995 TRANSACTION 80 23108 a318cdb978964975d202e2290bc716a7
# recieved string JOIN node9 172.22.156.206 8009

SEND 1553584995 TRANSACTION 80 17953 a318cdb978964975d202e2290bc716a7
SEND 1553584995 TRANSACTION 80 26641 a318cdb978964975d202e2290bc716a7
SEND 1553584995 TRANSACTION 80 21787 a318cdb978964975d202e2290bc716a7
SEND 1553584995 TRANSACTION 80 9766 a318cdb978964975d202e2290bc716a7
SEND 1553584995 TRANSACTION 80 14259 a318cdb978964975d202e2290bc716a7
RECIEVED 1553584995 INTRODUCE 36 39 4
RECIEVED 1553584995 JOIN 31 39 4
SEND 1553584995 INTRODUCE 35 10731
SEND 1553584995 INTRODUCE 35 10247
SEND 1553584995 INTRODUCE 36 10847
SEND 1553584995 INTRODUCE 35 10899
SEND 1553584995 INTRODUCE 35 17716
SEND 1553584995 INTRODUCE 36 18407
SEND 1553584995 INTRODUCE 36 19921
SEND 1553584995 INTRODUCE 36 19247
SEND 1553584995 INTRODUCE 36 10963
SEND 1553584995 INTRODUCE 36 16156
SEND 1553584995 INTRODUCE 36 11912
SEND 1553584995 INTRODUCE 36 9897
SEND 1553584995 INTRODUCE 35 10808
SEND 1553584995 INTRODUCE 36 54298
SEND 1553584995 INTRODUCE 36 19924
SEND 1553584995 INTRODUCE 36 22103
SEND 1553584995 INTRODUCE 37 12224
SEND 1553584995 INTRODUCE 36 11947
SEND 1553584995 INTRODUCE 36 16205
SEND 1553584995 INTRODUCE 37 12351
# recieved string JOIN node1 172.22.156.206 8001

SEND 1553584995 INTRODUCE 37 14659
SEND 1553584995 INTRODUCE 36 10523
SEND 1553584995 INTRODUCE 36 10167
SEND 1553584995 INTRODUCE 36 10849
SEND 1553584995 INTRODUCE 36 15286
# recieved string JOIN node4 172.22.156.206 8004

SEND 1553584995 INTRODUCE 36 73795
SEND 1553584995 INTRODUCE 35 15806
SEND 1553584995 INTRODUCE 35 10987
SEND 1553584995 INTRODUCE 35 10521
SEND 1553584995 INTRODUCE 36 12231
SEND 1553584995 INTRODUCE 36 12226
SEND 1553584995 INTRODUCE 36 12875
SEND 1553584995 INTRODUCE 36 9699
SEND 1553584995 INTRODUCE 36 12653
SEND 1553584995 INTRODUCE 37 19225
SEND 1553584995 INTRODUCE 37 13576
SEND 1553584995 INTRODUCE 35 38638
SEND 1553584995 INTRODUCE 37 11271
SEND 1553584995 INTRODUCE 37 20630
RECIEVED 1553584995 INTRODUCE 36 40 4
RECIEVED 1553584995 INTRODUCE 36 40 4
RECIEVED 1553584995 TRANSACTION 80 40 4
RECIEVED 1553584995 INTRODUCE 36 40 4
RECIEVED 1553584995 INTRODUCE 35 40 4
RECIEVED 1553584995 INTRODUCE 35 40 4
RECIEVED 1553584995 INTRODUCE 36 40 4
RECIEVED 1553584995 TRANSACTION 79 40 4
RECIEVED 1553584995 JOIN 31 40 4
RECIEVED 1553584995 JOIN 31 40 4
RECIEVED 1553584995 INTRODUCE 35 40 4
RECIEVED 1553584995 INTRODUCE 36 40 4
RECIEVED 1553584995 INTRODUCE 36 40 4
RECIEVED 1553584995 INTRODUCE 36 40 4
RECIEVED 1553584995 TRANSACTION 81 40 4
UPDATE 1553584995 TRANSACTION dba65a4a352a874d898423793b51c4f4
SEND 1553584995 TRANSACTION 81 10756 dba65a4a352a874d898423793b51c4f4
SEND 1553584995 TRANSACTION 81 11576 dba65a4a352a874d898423793b51c4f4
SEND 1553584995 TRANSACTION 81 15131 dba65a4a352a874d898423793b51c4f4
SEND 1553584995 TRANSACTION 81 16305 dba65a4a352a874d898423793b51c4f4
SEND 1553584995 TRANSACTION 81 15230 dba65a4a352a874d898423793b51c4f4
SEND 1553584995 TRANSACTION 81 17156 dba65a4a352a874d898423793b51c4f4
SEND 1553584995 TRANSACTION 81 10318 dba65a4a352a874d898423793b51c4f4
SEND 1553584995 TRANSACTION 81 11164 dba65a4a352a874d898423793b51c4f4
SEND 1553584995 TRANSACTION 81 15505 dba65a4a352a874d898423793b51c4f4
SEND 1553584995 TRANSACTION 81 13407 dba65a4a352a874d898423793b51c4f4
SEND 1553584995 TRANSACTION 81 58369 dba65a4a352a874d898423793b51c4f4
SEND 1553584995 TRANSACTION 81 10673 dba65a4a352a874d898423793b51c4f4
SEND 1553584995 TRANSACTION 81 11524 dba65a4a352a874d898423793b51c4f4
SEND 1553584995 TRANSACTION 81 9734 dba65a4a352a874d898423793b51c4f4
SEND 1553584995 TRANSACTION 81 14890 dba65a4a352a874d898423793b51c4f4
RECIEVED 1553584995 INTRODUCE 36 40 5
RECIEVED 1553584995 INTRODUCE 36 40 5
RECIEVED 1553584995 INTRODUCE 36 40 5
RECIEVED 1553584995 INTRODUCE 36 40 5
RECIEVED 1553584995 INTRODUCE 35 40 5
RECIEVED 1553584995 INTRODUCE 36 40 5
RECIEVED 1553584995 INTRODUCE 36 40 5
RECIEVED 1553584995 INTRODUCE 36 40 5
RECIEVED 1553584995 INTRODUCE 35 40 5
RECIEVED 1553584995 INTRODUCE 36 40 5
RECIEVED 1553584995 INTRODUCE 36 40 5
RECIEVED 1553584995 INTRODUCE 36 40 5
RECIEVED 1553584995 INTRODUCE 37 40 5
RECIEVED 1553584995 INTRODUCE 37 40 5
RECIEVED 1553584995 INTRODUCE 36 40 5
RECIEVED 1553584995 INTRODUCE 36 40 5
RECIEVED 1553584995 INTRODUCE 37 40 5
RECIEVED 1553584995 INTRODUCE 36 40 5
RECIEVED 1553584995 TRANSACTION 81 40 5
RECIEVED 1553584995 INTRODUCE 36 40 5
RECIEVED 1553584995 INTRODUCE 36 40 5
RECIEVED 1553584995 INTRODUCE 36 40 5
RECIEVED 1553584995 INTRODUCE 36 40 5
RECIEVED 1553584995 TRANSACTION 80 40 5
RECIEVED 1553584995 INTRODUCE 36 40 5
RECIEVED 1553584995 INTRODUCE 36 40 5
RECIEVED 1553584995 INTRODUCE 37 40 5
RECIEVED 1553584995 INTRODUCE 36 40 5
RECIEVED 1553584995 INTRODUCE 35 40 5
RECIEVED 1553584995 INTRODUCE 36 40 5
RECIEVED 1553584995 INTRODUCE 35 40 5
RECIEVED 1553584995 INTRODUCE 36 40 5
RECIEVED 1553584995 INTRODUCE 35 40 5
RECIEVED 1553584995 INTRODUCE 36 40 5
RECIEVED 1553584995 INTRODUCE 36 40 5
RECIEVED 1553584995 INTRODUCE 37 40 5
RECIEVED 1553584995 INTRODUCE 36 40 5
RECIEVED 1553584995 INTRODUCE 36 40 5
RECIEVED 1553584995 TRANSACTION 81 40 5
RECIEVED 1553584996 INTRODUCE 35 40 5
RECIEVED 1553584996 INTRODUCE 36 40 5
RECIEVED 1553584996 TRANSACTION 81 40 5
UPDATE 1553584996 TRANSACTION 1ba51fcf5e7be55d3c151e5d2c4837b1
SEND 1553584996 TRANSACTION 81 15052 1ba51fcf5e7be55d3c151e5d2c4837b1
SEND 1553584996 TRANSACTION 81 13205 1ba51fcf5e7be55d3c151e5d2c4837b1
SEND 1553584996 TRANSACTION 81 11877 1ba51fcf5e7be55d3c151e5d2c4837b1
SEND 1553584996 TRANSACTION 81 18024 1ba51fcf5e7be55d3c151e5d2c4837b1
SEND 1553584996 TRANSACTION 81 11988 1ba51fcf5e7be55d3c151e5d2c4837b1
SEND 1553584996 TRANSACTION 81 17263 1ba51fcf5e7be55d3c151e5d2c4837b1
SEND 1553584996 TRANSACTION 81 10641 1ba51fcf5e7be55d3c151e5d2c4837b1
SEND 1553584996 TRANSACTION 81 16801 1ba51fcf5e7be55d3c151e5d2c4837b1
SEND 1553584996 TRANSACTION 81 25592 1ba51fcf5e7be55d3c151e5d2c4837b1
# recieved string JOIN node10 172.22.156.206 8010

SEND 1553584996 TRANSACTION 81 11296 1ba51fcf5e7be55d3c151e5d2c4837b1
SEND 1553584996 TRANSACTION 81 10773 1ba51fcf5e7be55d3c151e5d2c4837b1
SEND 1553584996 TRANSACTION 81 21472 1ba51fcf5e7be55d3c151e5d2c4837b1
SEND 1553584996 TRANSACTION 81 13315 1ba51fcf5e7be55d3c151e5d2c4837b1
SEND 1553584996 TRANSACTION 81 14202 1ba51fcf5e7be55d3c151e5d2c4837b1
SEND 1553584996 TRANSACTION 81 10349 1ba51fcf5e7be55d3c151e5d2c4837b1
SEND 1553584996 TRANSACTION 81 13418 1ba51fcf5e7be55d3c151e5d2c4837b1
SEND 1553584996 TRANSACTION 81 10909 1ba51fcf5e7be55d3c151e5d2c4837b1
RECIEVED 1553584996 INTRODUCE 36 40 6
RECIEVED 1553584996 JOIN 32 40 6
RECIEVED 1553584996 TRANSACTION 81 40 6
RECIEVED 1553584996 INTRODUCE 36 40 6
RECIEVED 1553584996 INTRODUCE 35 40 6
RECIEVED 1553584996 INTRODUCE 36 40 6
# Failed listening 
%!(EXTRA string=node1)# ERROR: read tcp 172.22.94.217:44468->172.22.156.208:8001: read: connection reset by peer
RECIEVED 1553584996 INTRODUCE 36 40 6
RECIEVED 1553584996 INTRODUCE 36 40 6
RECIEVED 1553584996 INTRODUCE 37 40 6
SEND 1553584996 INTRODUCE 37 10992
SEND 1553584996 INTRODUCE 37 18051
SEND 1553584996 INTRODUCE 37 10560
SEND 1553584996 INTRODUCE 37 15150
SEND 1553584996 INTRODUCE 37 159335
SEND 1553584996 INTRODUCE 37 10743
SEND 1553584996 INTRODUCE 37 11200
SEND 1553584996 INTRODUCE 37 10608
SEND 1553584996 INTRODUCE 37 10539
SEND 1553584996 INTRODUCE 37 10201
# Failed listening 
%!(EXTRA string=node9)# ERROR: read tcp 172.22.94.217:45428->172.22.156.208:8009: read: connection reset by peer
SEND 1553584996 INTRODUCE 37 14337
SEND 1553584996 INTRODUCE 37 13917
SEND 1553584996 INTRODUCE 37 16166
SEND 1553584996 INTRODUCE 37 21767
SEND 1553584996 INTRODUCE 37 20992
SEND 1553584996 INTRODUCE 37 11632
# Failed sending to node node9
# ERROR: write tcp 172.22.94.217:45428->172.22.156.208:8009: write: broken pipe
SEND 1553584996 INTRODUCE 37 11409
SEND 1553584996 INTRODUCE 37 15109
SEND 1553584996 INTRODUCE 37 12130
SEND 1553584996 INTRODUCE 37 12209
SEND 1553584996 INTRODUCE 37 20148
SEND 1553584996 INTRODUCE 37 16496
SEND 1553584996 INTRODUCE 37 19848
SEND 1553584996 INTRODUCE 37 11111
# Failed sending to node node1
# ERROR: write tcp 172.22.94.217:44468->172.22.156.208:8001: write: broken pipe
SEND 1553584996 INTRODUCE 37 22741
SEND 1553584996 INTRODUCE 37 14351
SEND 1553584996 INTRODUCE 37 15527
SEND 1553584996 INTRODUCE 37 18855
SEND 1553584996 INTRODUCE 37 13467
SEND 1553584996 INTRODUCE 37 10634
SEND 1553584996 INTRODUCE 37 18941
SEND 1553584996 INTRODUCE 37 12382
SEND 1553584996 INTRODUCE 37 15925
SEND 1553584996 INTRODUCE 37 18352
SEND 1553584996 INTRODUCE 37 11747
SEND 1553584996 INTRODUCE 37 12620
SEND 1553584996 INTRODUCE 37 14963
SEND 1553584996 INTRODUCE 37 11435
SEND 1553584996 JOIN 30 12018
RECIEVED 1553584996 INTRODUCE 36 41 6
RECIEVED 1553584996 TRANSACTION 81 41 6
RECIEVED 1553584996 INTRODUCE 36 41 6
RECIEVED 1553584996 INTRODUCE 37 41 6
RECIEVED 1553584996 TRANSACTION 81 41 6
RECIEVED 1553584996 INTRODUCE 37 41 6
RECIEVED 1553584996 TRANSACTION 79 41 6
RECIEVED 1553584996 INTRODUCE 36 41 6
RECIEVED 1553584996 INTRODUCE 36 41 6
RECIEVED 1553584996 INTRODUCE 36 41 6
RECIEVED 1553584996 INTRODUCE 36 41 6
RECIEVED 1553584996 INTRODUCE 36 41 6
RECIEVED 1553584996 INTRODUCE 36 41 6
RECIEVED 1553584996 TRANSACTION 81 41 6
RECIEVED 1553584996 INTRODUCE 36 41 6
RECIEVED 1553584996 TRANSACTION 81 41 6
RECIEVED 1553584996 INTRODUCE 36 41 6
RECIEVED 1553584996 INTRODUCE 36 41 6
# recieved string JOIN node12 172.22.156.206 8012

RECIEVED 1553584996 JOIN 32 41 6
SEND 1553584996 INTRODUCE 35 12641
SEND 1553584996 INTRODUCE 35 11894
# recieved string JOIN node14 172.22.94.217 8014

SEND 1553584996 INTRODUCE 36 9791
SEND 1553584996 INTRODUCE 36 11327
SEND 1553584996 INTRODUCE 36 12055
SEND 1553584996 INTRODUCE 36 10761
SEND 1553584996 INTRODUCE 36 10952
SEND 1553584996 INTRODUCE 36 9842
SEND 1553584996 INTRODUCE 36 56306
SEND 1553584996 INTRODUCE 36 13250
SEND 1553584996 INTRODUCE 35 10824
SEND 1553584996 INTRODUCE 36 10476
SEND 1553584996 INTRODUCE 36 11489
SEND 1553584996 INTRODUCE 37 10968
SEND 1553584996 INTRODUCE 37 14120
SEND 1553584996 INTRODUCE 36 11427
SEND 1553584996 INTRODUCE 37 19543
# Failed listening 
%!(EXTRA string=node8)# ERROR: read tcp 172.22.94.217:43158->172.22.156.208:8008: read: connection reset by peer
SEND 1553584996 INTRODUCE 37 12884
SEND 1553584996 INTRODUCE 35 11913
SEND 1553584996 INTRODUCE 35 14227
SEND 1553584996 INTRODUCE 35 17673
SEND 1553584996 INTRODUCE 35 11120
SEND 1553584996 INTRODUCE 35 9855
SEND 1553584996 INTRODUCE 36 10767
SEND 1553584996 INTRODUCE 36 10596
SEND 1553584996 INTRODUCE 35 11246
SEND 1553584996 INTRODUCE 36 12410
SEND 1553584996 INTRODUCE 36 15649
SEND 1553584996 INTRODUCE 36 10577
SEND 1553584996 INTRODUCE 36 16920
SEND 1553584996 INTRODUCE 36 17830
SEND 1553584996 INTRODUCE 36 12370
SEND 1553584996 INTRODUCE 36 11289
SEND 1553584996 INTRODUCE 37 10759
SEND 1553584996 INTRODUCE 36 11817
SEND 1553584996 INTRODUCE 37 10330
SEND 1553584996 INTRODUCE 36 10689
SEND 1553584996 INTRODUCE 36 10511
SEND 1553584996 INTRODUCE 37 16253
SEND 1553584996 INTRODUCE 37 10716
SEND 1553584996 INTRODUCE 36 11135
RECIEVED 1553584996 INTRODUCE 36 42 6
RECIEVED 1553584996 INTRODUCE 36 42 6
RECIEVED 1553584996 JOIN 31 42 6
SEND 1553584996 INTRODUCE 35 16211
SEND 1553584996 INTRODUCE 35 11396
SEND 1553584996 INTRODUCE 35 13439
SEND 1553584996 INTRODUCE 35 14833
SEND 1553584996 INTRODUCE 36 13906
SEND 1553584996 INTRODUCE 36 12617
SEND 1553584996 INTRODUCE 35 17788
SEND 1553584996 INTRODUCE 36 12467
SEND 1553584996 INTRODUCE 36 17376
SEND 1553584996 INTRODUCE 36 12904
SEND 1553584996 INTRODUCE 36 19942
SEND 1553584996 INTRODUCE 36 12113
SEND 1553584996 INTRODUCE 36 13917
SEND 1553584996 INTRODUCE 36 13636
SEND 1553584996 INTRODUCE 37 12999
SEND 1553584996 INTRODUCE 37 12191
SEND 1553584996 INTRODUCE 36 10476
SEND 1553584996 INTRODUCE 37 14769
SEND 1553584996 INTRODUCE 36 20685
SEND 1553584996 INTRODUCE 36 26179
SEND 1553584996 INTRODUCE 37 11993
SEND 1553584996 INTRODUCE 37 52776
SEND 1553584996 INTRODUCE 36 12728
SEND 1553584996 INTRODUCE 35 11795
SEND 1553584996 INTRODUCE 35 10950
SEND 1553584996 INTRODUCE 36 16351
SEND 1553584996 INTRODUCE 36 10415
SEND 1553584996 INTRODUCE 36 17241
SEND 1553584996 INTRODUCE 36 10791
SEND 1553584996 INTRODUCE 36 10187
SEND 1553584996 INTRODUCE 36 11428
SEND 1553584996 INTRODUCE 36 19963
SEND 1553584996 INTRODUCE 36 11495
SEND 1553584996 INTRODUCE 35 10739
SEND 1553584996 INTRODUCE 36 11232
SEND 1553584996 INTRODUCE 36 11696
SEND 1553584996 INTRODUCE 37 12181
SEND 1553584996 INTRODUCE 37 11354
SEND 1553584996 INTRODUCE 36 12196
SEND 1553584996 INTRODUCE 37 12219
SEND 1553584996 INTRODUCE 37 11389
SEND 1553584996 INTRODUCE 35 11248
RECIEVED 1553584996 INTRODUCE 36 43 6
RECIEVED 1553584996 INTRODUCE 36 43 6
RECIEVED 1553584996 INTRODUCE 37 43 6
RECIEVED 1553584996 INTRODUCE 36 43 6
RECIEVED 1553584996 INTRODUCE 36 43 6
RECIEVED 1553584996 INTRODUCE 37 43 6
RECIEVED 1553584996 INTRODUCE 36 43 6
RECIEVED 1553584996 INTRODUCE 36 43 6
RECIEVED 1553584996 INTRODUCE 37 43 6
RECIEVED 1553584996 TRANSACTION 79 43 6
UPDATE 1553584996 TRANSACTION 965550deb6cc561e2a757179e13b788e
# Failed sending to node node9
# ERROR: write tcp 172.22.94.217:45428->172.22.156.208:8009: write: broken pipe
# recieved string JOIN node16 172.22.156.206 8016

# recieved string JOIN node16 172.22.156.208 8016

# Failed listening 
%!(EXTRA string=node5)# ERROR: read tcp 172.22.94.217:47064->172.22.94.217:8005: read: connection reset by peer
# recieved string JOIN node18 172.22.94.217 8018

# Failed listening 
%!(EXTRA string=node3)# ERROR: read tcp 172.22.94.217:55076->172.22.94.217:8003: read: connection reset by peer
# recieved string JOIN node11 172.22.156.206 8011

# Failed listening 
%!(EXTRA string=node4)# ERROR: read tcp 172.22.94.217:47994->172.22.94.217:8004: read: connection reset by peer
# recieved string JOIN node13 172.22.156.206 8013

# recieved string JOIN node17 172.22.156.208 8017

# recieved string JOIN node15 172.22.156.206 8015

# recieved string JOIN node19 172.22.156.206 8019

# recieved string JOIN node17 172.22.94.217 8017

# recieved string JOIN node15 172.22.94.217 8015

# recieved string JOIN node19 172.22.94.217 8019

# recieved string JOIN node18 172.22.156.206 8018

# recieved string JOIN node16 172.22.94.217 8016

# recieved string JOIN node14 172.22.156.206 8014

# recieved string JOIN node18 172.22.156.208 8018

# recieved string JOIN node17 172.22.156.206 8017

# recieved string JOIN node1 172.22.156.208 8001

# Failed listening 
%!(EXTRA string=node9)# ERROR: EOF
# Failed listening 
%!(EXTRA string=node11)# ERROR: EOF
# Failed listening 
%!(EXTRA string=node12)# ERROR: EOF
# Failed listening 
%!(EXTRA string=node6)# ERROR: EOF
# Failed listening 
%!(EXTRA string=node3)# ERROR: EOF
# Failed listening 
%!(EXTRA string=node2)# ERROR: EOF
# Failed listening 
%!(EXTRA string=node10)# ERROR: read tcp 172.22.94.217:56178->172.22.156.206:8010: read: connection reset by peer
# Failed listening 
%!(EXTRA string=node0)# ERROR: EOF
# Failed listening 
%!(EXTRA string=node1)# ERROR: read tcp 172.22.94.217:43512->172.22.156.206:8001: read: connection reset by peer
# Failed listening 
%!(EXTRA string=node4)# ERROR: read tcp 172.22.94.217:42872->172.22.156.206:8004: read: connection reset by peer
# Failed listening 
%!(EXTRA string=node5)# ERROR: EOF
# Failed listening 
%!(EXTRA string=node7)# ERROR: EOF
# Failed listening 
%!(EXTRA string=node8)# ERROR: read tcp 172.22.94.217:52580->172.22.156.206:8008: read: connection reset by peer
