RECIEVED 1553584996 INTRODUCE 36 0 0
SEND 1553584996 JOIN 32 12275
RECIEVED 1553584996 INTRODUCE 36 1 0
SEND 1553584996 INTRODUCE 36 10819
SEND 1553584996 JOIN 32 11260
RECIEVED 1553584996 INTRODUCE 35 2 0
SEND 1553584996 INTRODUCE 35 11074
SEND 1553584996 INTRODUCE 35 10694
SEND 1553584996 JOIN 32 9883
RECIEVED 1553584996 INTRODUCE 37 3 0
SEND 1553584996 INTRODUCE 37 20401
SEND 1553584996 INTRODUCE 37 10920
SEND 1553584996 INTRODUCE 37 10762
SEND 1553584996 JOIN 32 10972
RECIEVED 1553584996 INTRODUCE 37 4 0
SEND 1553584996 INTRODUCE 37 10615
SEND 1553584996 INTRODUCE 37 10341
SEND 1553584996 INTRODUCE 37 9532
SEND 1553584996 INTRODUCE 37 36110
SEND 1553584996 JOIN 32 15255
RECIEVED 1553584996 INTRODUCE 36 5 0
SEND 1553584996 INTRODUCE 36 13600
SEND 1553584996 INTRODUCE 36 10092
SEND 1553584996 INTRODUCE 36 14103
SEND 1553584996 INTRODUCE 36 10155
SEND 1553584996 INTRODUCE 36 22236
SEND 1553584996 JOIN 32 20168
RECIEVED 1553584996 INTRODUCE 36 6 0
SEND 1553584996 INTRODUCE 36 12896
SEND 1553584996 INTRODUCE 36 13642
SEND 1553584996 INTRODUCE 36 11164
SEND 1553584996 INTRODUCE 36 16709
SEND 1553584996 INTRODUCE 36 10448
SEND 1553584996 INTRODUCE 36 13627
SEND 1553584996 JOIN 32 14405
RECIEVED 1553584996 INTRODUCE 36 7 0
SEND 1553584996 INTRODUCE 36 15176
SEND 1553584996 INTRODUCE 36 14526
SEND 1553584996 INTRODUCE 36 17254
SEND 1553584996 INTRODUCE 36 15631
SEND 1553584996 INTRODUCE 36 9839
SEND 1553584996 INTRODUCE 36 9884
SEND 1553584996 INTRODUCE 36 10575
SEND 1553584996 JOIN 32 15226
RECIEVED 1553584996 INTRODUCE 35 8 0
SEND 1553584996 INTRODUCE 35 9939
SEND 1553584996 INTRODUCE 35 14007
SEND 1553584996 INTRODUCE 35 22340
SEND 1553584996 INTRODUCE 35 14809
SEND 1553584996 INTRODUCE 35 14739
SEND 1553584996 INTRODUCE 35 10111
SEND 1553584996 INTRODUCE 35 7320
SEND 1553584996 INTRODUCE 35 11212
SEND 1553584996 JOIN 32 13559
RECIEVED 1553584996 INTRODUCE 35 9 0
SEND 1553584996 INTRODUCE 35 8521
SEND 1553584996 INTRODUCE 35 10852
SEND 1553584996 INTRODUCE 35 9239
SEND 1553584996 INTRODUCE 35 11196
SEND 1553584996 INTRODUCE 35 10188
SEND 1553584996 INTRODUCE 35 9969
SEND 1553584996 INTRODUCE 35 15039
SEND 1553584996 INTRODUCE 35 10234
SEND 1553584996 INTRODUCE 35 43441
SEND 1553584996 JOIN 32 15589
RECIEVED 1553584996 INTRODUCE 36 10 0
SEND 1553584996 INTRODUCE 36 9747
SEND 1553584996 INTRODUCE 36 10310
SEND 1553584996 INTRODUCE 36 9975
SEND 1553584996 INTRODUCE 36 9560
SEND 1553584996 INTRODUCE 36 11021
SEND 1553584996 INTRODUCE 36 43467
SEND 1553584996 INTRODUCE 36 18679
SEND 1553584996 INTRODUCE 36 19708
SEND 1553584996 INTRODUCE 36 14595
SEND 1553584996 INTRODUCE 36 10888
SEND 1553584996 JOIN 32 16241
RECIEVED 1553584996 INTRODUCE 37 11 0
SEND 1553584996 INTRODUCE 37 18596
SEND 1553584996 INTRODUCE 37 11116
SEND 1553584996 INTRODUCE 37 10391
SEND 1553584996 INTRODUCE 37 22291
SEND 1553584996 INTRODUCE 37 14627
SEND 1553584996 INTRODUCE 37 10852
SEND 1553584996 INTRODUCE 37 10844
SEND 1553584996 INTRODUCE 37 10785
SEND 1553584996 INTRODUCE 37 11217
SEND 1553584996 INTRODUCE 37 10440
SEND 1553584996 INTRODUCE 37 10121
SEND 1553584996 JOIN 32 15349
RECIEVED 1553584996 INTRODUCE 37 12 0
SEND 1553584996 INTRODUCE 37 11743
SEND 1553584996 INTRODUCE 37 12106
SEND 1553584996 INTRODUCE 37 11482
SEND 1553584996 INTRODUCE 37 11300
SEND 1553584996 INTRODUCE 37 10376
SEND 1553584996 INTRODUCE 37 11816
SEND 1553584996 INTRODUCE 37 11665
SEND 1553584996 INTRODUCE 37 15498
SEND 1553584996 INTRODUCE 37 10365
SEND 1553584996 INTRODUCE 37 11334
SEND 1553584996 INTRODUCE 37 27833
SEND 1553584996 INTRODUCE 37 20342
SEND 1553584996 JOIN 32 14540
RECIEVED 1553584996 INTRODUCE 36 13 0
SEND 1553584996 INTRODUCE 36 11985
SEND 1553584996 INTRODUCE 36 10564
SEND 1553584996 INTRODUCE 36 16086
SEND 1553584996 INTRODUCE 36 11652
SEND 1553584996 INTRODUCE 36 13944
SEND 1553584996 INTRODUCE 36 16091
SEND 1553584996 INTRODUCE 36 13128
SEND 1553584996 INTRODUCE 36 11340
SEND 1553584996 INTRODUCE 36 21373
SEND 1553584996 INTRODUCE 36 10512
SEND 1553584996 INTRODUCE 36 16695
SEND 1553584996 INTRODUCE 36 15099
SEND 1553584996 INTRODUCE 36 15475
SEND 1553584996 JOIN 32 31563
RECIEVED 1553584996 INTRODUCE 37 14 0
SEND 1553584996 INTRODUCE 37 12462
SEND 1553584996 INTRODUCE 37 18211
SEND 1553584996 INTRODUCE 37 15953
SEND 1553584996 INTRODUCE 37 14311
SEND 1553584996 INTRODUCE 37 17423
SEND 1553584996 INTRODUCE 37 12670
SEND 1553584996 INTRODUCE 37 10866
SEND 1553584996 INTRODUCE 37 10783
SEND 1553584996 INTRODUCE 37 18351
SEND 1553584996 INTRODUCE 37 11112
SEND 1553584996 INTRODUCE 37 14826
SEND 1553584996 INTRODUCE 37 11088
SEND 1553584996 INTRODUCE 37 27259
SEND 1553584996 INTRODUCE 37 18768
SEND 1553584996 JOIN 32 18730
RECIEVED 1553584996 INTRODUCE 37 15 0
SEND 1553584996 INTRODUCE 37 22224
SEND 1553584996 INTRODUCE 37 16743
SEND 1553584996 INTRODUCE 37 15001
SEND 1553584996 INTRODUCE 37 15475
SEND 1553584996 INTRODUCE 37 25035
SEND 1553584996 INTRODUCE 37 10237
SEND 1553584996 INTRODUCE 37 9852
SEND 1553584996 INTRODUCE 37 12359
SEND 1553584996 INTRODUCE 37 13393
SEND 1553584996 INTRODUCE 37 13605
SEND 1553584996 INTRODUCE 37 11084
SEND 1553584996 INTRODUCE 37 14401
SEND 1553584996 INTRODUCE 37 13292
SEND 1553584996 INTRODUCE 37 10397
SEND 1553584996 INTRODUCE 37 17328
SEND 1553584996 JOIN 32 11644
RECIEVED 1553584996 INTRODUCE 36 16 0
SEND 1553584996 INTRODUCE 36 11060
SEND 1553584996 INTRODUCE 36 46542
SEND 1553584996 INTRODUCE 36 15468
SEND 1553584996 INTRODUCE 36 11101
SEND 1553584996 INTRODUCE 36 11316
SEND 1553584996 INTRODUCE 36 15301
SEND 1553584996 INTRODUCE 36 11053
SEND 1553584996 INTRODUCE 36 15912
SEND 1553584996 INTRODUCE 36 12809
SEND 1553584996 INTRODUCE 36 11031
SEND 1553584996 INTRODUCE 36 15779
SEND 1553584996 INTRODUCE 36 22275
SEND 1553584996 INTRODUCE 36 11044
SEND 1553584996 INTRODUCE 36 15604
SEND 1553584996 INTRODUCE 36 22307
SEND 1553584996 INTRODUCE 36 14775
SEND 1553584996 JOIN 32 11649
RECIEVED 1553584996 INTRODUCE 37 17 0
SEND 1553584996 INTRODUCE 37 9503
SEND 1553584996 INTRODUCE 37 14102
SEND 1553584996 INTRODUCE 37 68309
SEND 1553584996 INTRODUCE 37 28485
SEND 1553584996 INTRODUCE 37 12825
SEND 1553584996 INTRODUCE 37 10708
SEND 1553584996 INTRODUCE 37 15559
SEND 1553584996 INTRODUCE 37 10575
SEND 1553584996 INTRODUCE 37 13390
SEND 1553584996 INTRODUCE 37 12209
SEND 1553584996 INTRODUCE 37 9489
SEND 1553584996 INTRODUCE 37 12433
SEND 1553584996 INTRODUCE 37 11085
SEND 1553584996 INTRODUCE 37 13661
SEND 1553584996 INTRODUCE 37 10324
SEND 1553584996 INTRODUCE 37 13677
SEND 1553584996 INTRODUCE 37 10604
SEND 1553584996 JOIN 32 16332
RECIEVED 1553584996 INTRODUCE 36 18 0
SEND 1553584996 INTRODUCE 36 15271
SEND 1553584996 INTRODUCE 36 15695
SEND 1553584996 INTRODUCE 36 11048
SEND 1553584996 INTRODUCE 36 16189
SEND 1553584996 INTRODUCE 36 15252
SEND 1553584996 INTRODUCE 36 26079
SEND 1553584996 INTRODUCE 36 19234
SEND 1553584996 INTRODUCE 36 10253
SEND 1553584996 INTRODUCE 36 9636
SEND 1553584996 INTRODUCE 36 9868
SEND 1553584996 INTRODUCE 36 10403
SEND 1553584996 INTRODUCE 36 9804
SEND 1553584996 INTRODUCE 36 11976
SEND 1553584996 INTRODUCE 36 14328
SEND 1553584996 INTRODUCE 36 19153
SEND 1553584996 INTRODUCE 36 13913
SEND 1553584996 INTRODUCE 36 15869
SEND 1553584996 INTRODUCE 36 10947
SEND 1553584996 JOIN 32 16786
RECIEVED 1553584996 INTRODUCE 36 19 0
SEND 1553584996 INTRODUCE 36 17285
SEND 1553584996 INTRODUCE 36 11127
SEND 1553584996 INTRODUCE 36 15648
SEND 1553584996 INTRODUCE 36 16617
SEND 1553584996 INTRODUCE 36 24117
SEND 1553584996 INTRODUCE 36 14238
SEND 1553584996 INTRODUCE 36 14064
SEND 1553584996 INTRODUCE 36 10796
SEND 1553584996 INTRODUCE 36 15002
SEND 1553584996 INTRODUCE 36 26385
SEND 1553584996 INTRODUCE 36 10458
SEND 1553584996 INTRODUCE 36 16056
SEND 1553584996 INTRODUCE 36 17431
SEND 1553584996 INTRODUCE 36 11573
SEND 1553584996 INTRODUCE 36 15189
SEND 1553584996 INTRODUCE 36 15928
SEND 1553584996 INTRODUCE 36 15802
SEND 1553584996 INTRODUCE 36 13710
SEND 1553584996 INTRODUCE 36 20791
SEND 1553584996 JOIN 32 27632
RECIEVED 1553584996 INTRODUCE 36 20 0
SEND 1553584996 INTRODUCE 36 13305
SEND 1553584996 INTRODUCE 36 10734
SEND 1553584996 INTRODUCE 36 16849
SEND 1553584996 INTRODUCE 36 13759
SEND 1553584996 INTRODUCE 36 16163
SEND 1553584996 INTRODUCE 36 20913
SEND 1553584996 INTRODUCE 36 21402
SEND 1553584996 INTRODUCE 36 18419
SEND 1553584996 INTRODUCE 36 10081
SEND 1553584996 INTRODUCE 36 9997
SEND 1553584996 INTRODUCE 36 9916
SEND 1553584996 INTRODUCE 36 9599
SEND 1553584996 INTRODUCE 36 20167
SEND 1553584996 INTRODUCE 36 12768
SEND 1553584996 INTRODUCE 36 14178
SEND 1553584996 INTRODUCE 36 14628
SEND 1553584996 INTRODUCE 36 18683
SEND 1553584996 INTRODUCE 36 10851
SEND 1553584996 INTRODUCE 36 17132
SEND 1553584996 INTRODUCE 36 11712
SEND 1553584996 JOIN 32 14305
RECIEVED 1553584996 INTRODUCE 36 21 0
RECIEVED 1553584996 INTRODUCE 36 21 0
SEND 1553584996 INTRODUCE 36 17503
SEND 1553584996 INTRODUCE 36 14327
SEND 1553584996 INTRODUCE 36 13219
SEND 1553584996 INTRODUCE 36 10572
SEND 1553584996 INTRODUCE 36 19425
SEND 1553584996 INTRODUCE 36 15883
SEND 1553584996 INTRODUCE 36 12682
SEND 1553584996 INTRODUCE 36 14539
SEND 1553584996 INTRODUCE 36 10471
SEND 1553584996 INTRODUCE 36 14396
SEND 1553584996 INTRODUCE 36 21672
SEND 1553584996 INTRODUCE 36 19097
SEND 1553584996 INTRODUCE 36 12775
SEND 1553584996 INTRODUCE 36 14174
SEND 1553584996 INTRODUCE 36 14621
SEND 1553584996 INTRODUCE 36 13722
SEND 1553584996 INTRODUCE 36 12377
SEND 1553584996 INTRODUCE 36 36406
SEND 1553584996 INTRODUCE 36 17645
SEND 1553584996 INTRODUCE 36 16892
SEND 1553584996 INTRODUCE 36 28900
SEND 1553584996 JOIN 32 14214
RECIEVED 1553584996 INTRODUCE 35 22 0
SEND 1553584996 INTRODUCE 35 48577
SEND 1553584996 INTRODUCE 35 17898
SEND 1553584996 INTRODUCE 35 13076
SEND 1553584996 INTRODUCE 35 14178
SEND 1553584996 INTRODUCE 35 12095
SEND 1553584996 INTRODUCE 35 9910
SEND 1553584996 INTRODUCE 35 13831
SEND 1553584996 INTRODUCE 35 10622
SEND 1553584996 INTRODUCE 35 10578
SEND 1553584996 INTRODUCE 35 12416
SEND 1553584996 INTRODUCE 35 14164
SEND 1553584996 INTRODUCE 35 10640
SEND 1553584996 INTRODUCE 35 17029
SEND 1553584996 INTRODUCE 35 12517
SEND 1553584996 INTRODUCE 35 11603
SEND 1553584996 INTRODUCE 35 21472
SEND 1553584996 INTRODUCE 35 10678
SEND 1553584996 INTRODUCE 35 16821
SEND 1553584996 INTRODUCE 35 20259
SEND 1553584996 INTRODUCE 35 22556
SEND 1553584996 INTRODUCE 35 18064
SEND 1553584996 INTRODUCE 35 15226
SEND 1553584996 JOIN 32 12119
RECIEVED 1553584996 INTRODUCE 35 23 0
SEND 1553584996 INTRODUCE 35 15951
SEND 1553584996 INTRODUCE 35 13171
SEND 1553584996 INTRODUCE 35 14268
SEND 1553584996 INTRODUCE 35 12220
SEND 1553584996 INTRODUCE 35 10271
SEND 1553584996 INTRODUCE 35 13908
SEND 1553584996 INTRODUCE 35 11791
SEND 1553584996 INTRODUCE 35 14127
SEND 1553584996 INTRODUCE 35 18543
SEND 1553584996 INTRODUCE 35 11463
SEND 1553584996 INTRODUCE 35 10736
SEND 1553584996 INTRODUCE 35 21483
SEND 1553584996 INTRODUCE 35 24668
SEND 1553584996 INTRODUCE 35 25428
SEND 1553584996 INTRODUCE 35 10429
SEND 1553584996 INTRODUCE 35 12030
SEND 1553584996 INTRODUCE 35 21435
SEND 1553584996 INTRODUCE 35 13366
SEND 1553584996 INTRODUCE 35 8429
SEND 1553584996 INTRODUCE 35 13807
SEND 1553584996 INTRODUCE 35 13712
SEND 1553584996 INTRODUCE 35 13042
SEND 1553584996 INTRODUCE 35 12899
SEND 1553584996 JOIN 32 50354
RECIEVED 1553584996 INTRODUCE 37 24 0
SEND 1553584996 INTRODUCE 37 11763
SEND 1553584996 INTRODUCE 37 19151
SEND 1553584996 INTRODUCE 37 10112
SEND 1553584996 INTRODUCE 37 16127
SEND 1553584996 INTRODUCE 37 14028
SEND 1553584996 INTRODUCE 37 12991
SEND 1553584996 INTRODUCE 37 15440
SEND 1553584996 INTRODUCE 37 14971
SEND 1553584996 INTRODUCE 37 12366
SEND 1553584996 INTRODUCE 37 12944
SEND 1553584996 INTRODUCE 37 9911
SEND 1553584996 INTRODUCE 37 10628
SEND 1553584996 INTRODUCE 37 21714
SEND 1553584996 INTRODUCE 37 10216
SEND 1553584996 INTRODUCE 37 10950
SEND 1553584996 INTRODUCE 37 11027
SEND 1553584996 INTRODUCE 37 10559
SEND 1553584996 INTRODUCE 37 10822
SEND 1553584996 INTRODUCE 37 21683
SEND 1553584996 INTRODUCE 37 17758
SEND 1553584996 INTRODUCE 37 14654
SEND 1553584996 INTRODUCE 37 18331
SEND 1553584996 INTRODUCE 37 11882
SEND 1553584996 INTRODUCE 37 25534
SEND 1553584996 JOIN 32 12304
RECIEVED 1553584996 INTRODUCE 36 25 0
SEND 1553584996 INTRODUCE 36 12643
SEND 1553584996 INTRODUCE 36 17642
SEND 1553584996 INTRODUCE 36 14884
SEND 1553584996 INTRODUCE 36 24559
SEND 1553584996 INTRODUCE 36 13272
SEND 1553584996 INTRODUCE 36 13382
SEND 1553584996 INTRODUCE 36 14505
SEND 1553584996 INTRODUCE 36 12394
SEND 1553584996 INTRODUCE 36 16544
SEND 1553584996 INTRODUCE 36 10937
SEND 1553584996 INTRODUCE 36 11612
SEND 1553584996 INTRODUCE 36 14129
SEND 1553584996 INTRODUCE 36 11809
SEND 1553584996 INTRODUCE 36 13503
SEND 1553584996 INTRODUCE 36 13648
SEND 1553584996 INTRODUCE 36 12303
SEND 1553584996 INTRODUCE 36 11695
SEND 1553584996 INTRODUCE 36 12656
SEND 1553584996 INTRODUCE 36 11309
SEND 1553584996 INTRODUCE 36 11545
SEND 1553584996 INTRODUCE 36 18389
# recieved string JOIN node19 172.22.156.206 8019

SEND 1553584996 INTRODUCE 36 13887
SEND 1553584996 INTRODUCE 36 15616
SEND 1553584996 INTRODUCE 36 10267
SEND 1553584996 INTRODUCE 36 15098
SEND 1553584996 JOIN 32 22134
RECIEVED 1553584996 INTRODUCE 37 26 0
SEND 1553584996 INTRODUCE 37 10823
SEND 1553584996 INTRODUCE 37 16044
SEND 1553584996 INTRODUCE 37 17271
SEND 1553584996 INTRODUCE 37 18123
SEND 1553584996 INTRODUCE 37 15797
SEND 1553584996 INTRODUCE 37 13568
SEND 1553584996 INTRODUCE 37 14539
SEND 1553584996 INTRODUCE 37 18611
SEND 1553584996 INTRODUCE 37 11660
SEND 1553584996 INTRODUCE 37 18687
SEND 1553584996 INTRODUCE 37 14406
SEND 1553584996 INTRODUCE 37 13624
SEND 1553584996 INTRODUCE 37 14202
SEND 1553584996 INTRODUCE 37 14170
SEND 1553584996 INTRODUCE 37 13960
SEND 1553584996 INTRODUCE 37 13329
SEND 1553584996 INTRODUCE 37 19999
SEND 1553584996 INTRODUCE 37 14180
SEND 1553584996 INTRODUCE 37 13265
SEND 1553584996 INTRODUCE 37 16860
SEND 1553584996 INTRODUCE 37 10251
SEND 1553584996 INTRODUCE 37 17741
SEND 1553584996 INTRODUCE 37 14390
SEND 1553584996 INTRODUCE 37 14868
SEND 1553584996 INTRODUCE 37 13472
SEND 1553584996 INTRODUCE 37 18783
SEND 1553584996 JOIN 32 14963
RECIEVED 1553584996 INTRODUCE 35 27 0
SEND 1553584996 INTRODUCE 35 13151
SEND 1553584996 INTRODUCE 35 19465
SEND 1553584996 INTRODUCE 35 14382
SEND 1553584996 INTRODUCE 35 13825
SEND 1553584996 INTRODUCE 35 35178
SEND 1553584996 INTRODUCE 35 22393
SEND 1553584996 INTRODUCE 35 11396
SEND 1553584996 INTRODUCE 35 11856
SEND 1553584996 INTRODUCE 35 16243
SEND 1553584996 INTRODUCE 35 48708
SEND 1553584997 INTRODUCE 35 14302
SEND 1553584997 INTRODUCE 35 14037
SEND 1553584997 INTRODUCE 35 14226
SEND 1553584997 INTRODUCE 35 13613
SEND 1553584997 INTRODUCE 35 18431
SEND 1553584997 INTRODUCE 35 24382
SEND 1553584997 INTRODUCE 35 17179
SEND 1553584997 INTRODUCE 35 11599
SEND 1553584997 INTRODUCE 35 16491
SEND 1553584997 INTRODUCE 35 18605
SEND 1553584997 INTRODUCE 35 19818
SEND 1553584997 INTRODUCE 35 10388
SEND 1553584997 INTRODUCE 35 11048
SEND 1553584997 INTRODUCE 35 13673
SEND 1553584997 INTRODUCE 35 14909
SEND 1553584997 INTRODUCE 35 17662
SEND 1553584997 INTRODUCE 35 14370
SEND 1553584997 JOIN 32 11759
RECIEVED 1553584997 INTRODUCE 35 28 0
RECIEVED 1553584997 INTRODUCE 36 28 0
SEND 1553584997 INTRODUCE 36 19849
SEND 1553584997 INTRODUCE 36 19005
SEND 1553584997 INTRODUCE 36 14588
SEND 1553584997 INTRODUCE 36 14527
SEND 1553584997 INTRODUCE 36 15123
SEND 1553584997 INTRODUCE 36 14607
SEND 1553584997 INTRODUCE 36 38042
SEND 1553584997 INTRODUCE 36 10917
SEND 1553584997 INTRODUCE 36 17911
SEND 1553584997 INTRODUCE 36 14757
SEND 1553584997 INTRODUCE 36 12007
SEND 1553584997 INTRODUCE 36 18741
SEND 1553584997 INTRODUCE 36 18184
SEND 1553584997 INTRODUCE 36 13703
SEND 1553584997 INTRODUCE 36 11278
SEND 1553584997 INTRODUCE 36 14873
SEND 1553584997 INTRODUCE 36 13863
SEND 1553584997 INTRODUCE 36 15541
SEND 1553584997 INTRODUCE 36 15706
SEND 1553584997 INTRODUCE 36 13264
SEND 1553584997 INTRODUCE 36 13074
SEND 1553584997 INTRODUCE 36 23645
SEND 1553584997 INTRODUCE 36 17005
SEND 1553584997 INTRODUCE 36 13577
SEND 1553584997 INTRODUCE 36 16000
SEND 1553584997 INTRODUCE 36 14656
SEND 1553584997 INTRODUCE 36 12047
SEND 1553584997 INTRODUCE 36 16386
SEND 1553584997 JOIN 32 17195
RECIEVED 1553584997 INTRODUCE 37 29 0
SEND 1553584997 INTRODUCE 37 15042
SEND 1553584997 INTRODUCE 37 18783
SEND 1553584997 INTRODUCE 37 14997
SEND 1553584997 INTRODUCE 37 14735
SEND 1553584997 INTRODUCE 37 14492
SEND 1553584997 INTRODUCE 37 14426
SEND 1553584997 INTRODUCE 37 14054
SEND 1553584997 INTRODUCE 37 12395
SEND 1553584997 INTRODUCE 37 10300
SEND 1553584997 INTRODUCE 37 10821
SEND 1553584997 INTRODUCE 37 14628
SEND 1553584997 INTRODUCE 37 16458
SEND 1553584997 INTRODUCE 37 55081
SEND 1553584997 INTRODUCE 37 35627
SEND 1553584997 INTRODUCE 37 14850
SEND 1553584997 INTRODUCE 37 48403
SEND 1553584997 INTRODUCE 37 13955
SEND 1553584997 INTRODUCE 37 11258
SEND 1553584997 INTRODUCE 37 14587
SEND 1553584997 INTRODUCE 37 15211
SEND 1553584997 INTRODUCE 37 11859
SEND 1553584997 INTRODUCE 37 13368
SEND 1553584997 INTRODUCE 37 16864
SEND 1553584997 INTRODUCE 37 15407
SEND 1553584997 INTRODUCE 37 35158
SEND 1553584997 INTRODUCE 37 24135
SEND 1553584997 INTRODUCE 37 14638
SEND 1553584997 INTRODUCE 37 14240
SEND 1553584997 INTRODUCE 37 18685
SEND 1553584997 JOIN 32 14885
RECIEVED 1553584997 INTRODUCE 36 30 0
SEND 1553584997 INTRODUCE 36 12916
SEND 1553584997 INTRODUCE 36 15121
SEND 1553584997 INTRODUCE 36 15130
SEND 1553584997 INTRODUCE 36 14811
SEND 1553584997 INTRODUCE 36 14425
SEND 1553584997 INTRODUCE 36 14623
SEND 1553584997 INTRODUCE 36 19473
SEND 1553584997 INTRODUCE 36 16482
SEND 1553584997 INTRODUCE 36 27184
SEND 1553584997 INTRODUCE 36 28394
SEND 1553584997 INTRODUCE 36 9871
SEND 1553584997 INTRODUCE 36 22446
SEND 1553584997 INTRODUCE 36 28837
SEND 1553584997 INTRODUCE 36 13893
SEND 1553584997 INTRODUCE 36 20115
SEND 1553584997 INTRODUCE 36 18435
SEND 1553584997 INTRODUCE 36 14150
SEND 1553584997 INTRODUCE 36 14496
SEND 1553584997 INTRODUCE 36 14604
SEND 1553584997 INTRODUCE 36 14674
SEND 1553584997 INTRODUCE 36 14676
SEND 1553584997 INTRODUCE 36 14215
SEND 1553584997 INTRODUCE 36 11597
SEND 1553584997 INTRODUCE 36 10760
SEND 1553584997 INTRODUCE 36 16705
SEND 1553584997 INTRODUCE 36 15364
SEND 1553584997 INTRODUCE 36 16579
SEND 1553584997 INTRODUCE 36 14313
SEND 1553584997 INTRODUCE 36 14849
SEND 1553584997 INTRODUCE 36 16613
SEND 1553584997 JOIN 32 15209
RECIEVED 1553584997 INTRODUCE 36 31 0
SEND 1553584997 INTRODUCE 36 13380
SEND 1553584997 INTRODUCE 36 18669
SEND 1553584997 INTRODUCE 36 17230
SEND 1553584997 INTRODUCE 36 19223
SEND 1553584997 INTRODUCE 36 11557
SEND 1553584997 INTRODUCE 36 22327
SEND 1553584997 INTRODUCE 36 16240
SEND 1553584997 INTRODUCE 36 23971
SEND 1553584997 INTRODUCE 36 10340
SEND 1553584997 INTRODUCE 36 35434
SEND 1553584997 INTRODUCE 36 15824
SEND 1553584997 INTRODUCE 36 14111
SEND 1553584997 INTRODUCE 36 11566
SEND 1553584997 INTRODUCE 36 10895
SEND 1553584997 INTRODUCE 36 64742
SEND 1553584997 INTRODUCE 36 19550
SEND 1553584997 INTRODUCE 36 10021
SEND 1553584997 INTRODUCE 36 16259
SEND 1553584997 INTRODUCE 36 11290
SEND 1553584997 INTRODUCE 36 16028
SEND 1553584997 INTRODUCE 36 9485
SEND 1553584997 INTRODUCE 36 15408
SEND 1553584997 INTRODUCE 36 16912
SEND 1553584997 INTRODUCE 36 11525
SEND 1553584997 INTRODUCE 36 13379
SEND 1553584997 INTRODUCE 36 18971
SEND 1553584997 INTRODUCE 36 14175
SEND 1553584997 INTRODUCE 36 14341
SEND 1553584997 INTRODUCE 36 13484
SEND 1553584997 INTRODUCE 36 13114
SEND 1553584997 INTRODUCE 36 12756
SEND 1553584997 JOIN 32 13550
RECIEVED 1553584997 INTRODUCE 36 32 0
SEND 1553584997 INTRODUCE 36 13025
SEND 1553584997 INTRODUCE 36 18722
SEND 1553584997 INTRODUCE 36 15035
SEND 1553584997 INTRODUCE 36 14223
SEND 1553584997 INTRODUCE 36 10833
SEND 1553584997 INTRODUCE 36 15705
SEND 1553584997 INTRODUCE 36 40654
SEND 1553584997 INTRODUCE 36 15399
SEND 1553584997 INTRODUCE 36 14842
SEND 1553584997 INTRODUCE 36 11623
SEND 1553584997 INTRODUCE 36 28676
SEND 1553584997 INTRODUCE 36 14517
SEND 1553584997 INTRODUCE 36 16621
SEND 1553584997 INTRODUCE 36 10821
SEND 1553584997 INTRODUCE 36 9726
SEND 1553584997 INTRODUCE 36 17086
SEND 1553584997 INTRODUCE 36 20955
SEND 1553584997 INTRODUCE 36 12992
SEND 1553584997 INTRODUCE 36 12066
SEND 1553584997 INTRODUCE 36 15484
SEND 1553584997 INTRODUCE 36 13865
SEND 1553584997 INTRODUCE 36 11022
SEND 1553584997 INTRODUCE 36 10967
SEND 1553584997 INTRODUCE 36 13722
SEND 1553584997 INTRODUCE 36 13643
SEND 1553584997 INTRODUCE 36 25622
SEND 1553584997 INTRODUCE 36 12128
SEND 1553584997 INTRODUCE 36 16840
SEND 1553584997 INTRODUCE 36 9200
SEND 1553584997 INTRODUCE 36 37392
SEND 1553584997 INTRODUCE 36 14879
SEND 1553584997 INTRODUCE 36 12316
SEND 1553584997 JOIN 32 14142
RECIEVED 1553584997 INTRODUCE 37 33 0
SEND 1553584997 INTRODUCE 37 18240
SEND 1553584997 INTRODUCE 37 14264
SEND 1553584997 INTRODUCE 37 19930
SEND 1553584997 INTRODUCE 37 11284
SEND 1553584997 INTRODUCE 37 21442
SEND 1553584997 INTRODUCE 37 13959
SEND 1553584997 INTRODUCE 37 37128
SEND 1553584997 INTRODUCE 37 12481
SEND 1553584997 INTRODUCE 37 11317
SEND 1553584997 INTRODUCE 37 10714
SEND 1553584997 INTRODUCE 37 15033
SEND 1553584997 INTRODUCE 37 18204
SEND 1553584997 INTRODUCE 37 23304
SEND 1553584997 INTRODUCE 37 16483
SEND 1553584997 INTRODUCE 37 16477
SEND 1553584997 INTRODUCE 37 15171
SEND 1553584997 INTRODUCE 37 15680
SEND 1553584997 INTRODUCE 37 10730
SEND 1553584997 INTRODUCE 37 12622
SEND 1553584997 INTRODUCE 37 13891
SEND 1553584997 INTRODUCE 37 22131
SEND 1553584997 INTRODUCE 37 14684
SEND 1553584997 INTRODUCE 37 14443
SEND 1553584997 INTRODUCE 37 12887
SEND 1553584997 INTRODUCE 37 10270
SEND 1553584997 INTRODUCE 37 11579
SEND 1553584997 INTRODUCE 37 10478
SEND 1553584997 INTRODUCE 37 10141
SEND 1553584997 INTRODUCE 37 20050
SEND 1553584997 INTRODUCE 37 17290
SEND 1553584997 INTRODUCE 37 12598
SEND 1553584997 INTRODUCE 37 16722
SEND 1553584997 INTRODUCE 37 14741
SEND 1553584997 JOIN 32 14959
RECIEVED 1553584997 INTRODUCE 35 34 0
SEND 1553584997 INTRODUCE 35 15696
SEND 1553584997 INTRODUCE 35 19071
SEND 1553584997 INTRODUCE 35 11453
SEND 1553584997 INTRODUCE 35 22755
SEND 1553584997 INTRODUCE 35 16535
SEND 1553584997 INTRODUCE 35 25266
SEND 1553584997 INTRODUCE 35 14841
SEND 1553584997 INTRODUCE 35 18458
SEND 1553584997 INTRODUCE 35 11981
SEND 1553584997 INTRODUCE 35 12121
SEND 1553584997 INTRODUCE 35 13158
SEND 1553584997 INTRODUCE 35 12234
SEND 1553584997 INTRODUCE 35 14733
SEND 1553584997 INTRODUCE 35 33558
SEND 1553584997 INTRODUCE 35 17064
SEND 1553584997 INTRODUCE 35 49418
SEND 1553584997 INTRODUCE 35 15278
SEND 1553584997 INTRODUCE 35 20559
SEND 1553584997 INTRODUCE 35 10222
SEND 1553584997 INTRODUCE 35 19461
SEND 1553584997 INTRODUCE 35 15842
SEND 1553584997 INTRODUCE 35 50747
SEND 1553584997 INTRODUCE 35 15906
SEND 1553584997 INTRODUCE 35 43273
SEND 1553584997 INTRODUCE 35 13588
SEND 1553584997 INTRODUCE 35 16161
SEND 1553584997 INTRODUCE 35 11598
SEND 1553584997 INTRODUCE 35 11101
SEND 1553584997 INTRODUCE 35 21416
SEND 1553584997 INTRODUCE 35 14899
SEND 1553584997 INTRODUCE 35 17320
SEND 1553584997 INTRODUCE 35 14187
SEND 1553584997 INTRODUCE 35 10121
SEND 1553584997 INTRODUCE 35 14550
SEND 1553584997 JOIN 32 16472
RECIEVED 1553584997 INTRODUCE 37 35 0
SEND 1553584997 INTRODUCE 37 17113
SEND 1553584997 INTRODUCE 37 11941
SEND 1553584997 INTRODUCE 37 22225
SEND 1553584997 INTRODUCE 37 9424
SEND 1553584997 INTRODUCE 37 17783
SEND 1553584997 INTRODUCE 37 12568
SEND 1553584997 INTRODUCE 37 10192
SEND 1553584997 INTRODUCE 37 10979
SEND 1553584997 INTRODUCE 37 10991
SEND 1553584997 INTRODUCE 37 9660
SEND 1553584997 INTRODUCE 37 17546
SEND 1553584997 INTRODUCE 37 16632
SEND 1553584997 INTRODUCE 37 61594
SEND 1553584997 INTRODUCE 37 16113
SEND 1553584997 INTRODUCE 37 17119
SEND 1553584997 INTRODUCE 37 15721
SEND 1553584997 INTRODUCE 37 9779
SEND 1553584997 INTRODUCE 37 13699
SEND 1553584997 INTRODUCE 37 12051
SEND 1553584997 INTRODUCE 37 15124
SEND 1553584997 INTRODUCE 37 14947
SEND 1553584997 INTRODUCE 37 14659
SEND 1553584997 INTRODUCE 37 15341
SEND 1553584997 INTRODUCE 37 19027
SEND 1553584997 INTRODUCE 37 14099
SEND 1553584997 INTRODUCE 37 21354
SEND 1553584997 INTRODUCE 37 14883
SEND 1553584997 INTRODUCE 37 17825
SEND 1553584997 INTRODUCE 37 14560
SEND 1553584997 INTRODUCE 37 15147
SEND 1553584997 INTRODUCE 37 15020
SEND 1553584997 INTRODUCE 37 20099
SEND 1553584997 INTRODUCE 37 15169
SEND 1553584997 INTRODUCE 37 22940
SEND 1553584997 INTRODUCE 37 15528
SEND 1553584997 JOIN 32 18720
RECIEVED 1553584997 INTRODUCE 36 36 0
SEND 1553584997 INTRODUCE 36 17515
SEND 1553584997 INTRODUCE 36 15116
SEND 1553584997 INTRODUCE 36 21979
SEND 1553584997 INTRODUCE 36 16691
SEND 1553584997 INTRODUCE 36 14302
SEND 1553584997 INTRODUCE 36 16693
SEND 1553584997 INTRODUCE 36 15224
SEND 1553584997 INTRODUCE 36 11176
SEND 1553584997 INTRODUCE 36 12183
SEND 1553584997 INTRODUCE 36 12356
SEND 1553584997 INTRODUCE 36 14231
SEND 1553584997 INTRODUCE 36 18932
SEND 1553584997 INTRODUCE 36 14417
SEND 1553584997 INTRODUCE 36 16461
SEND 1553584997 INTRODUCE 36 18677
SEND 1553584997 INTRODUCE 36 12613
SEND 1553584997 INTRODUCE 36 12041
SEND 1553584997 INTRODUCE 36 14259
SEND 1553584997 INTRODUCE 36 12924
SEND 1553584997 INTRODUCE 36 11991
SEND 1553584997 INTRODUCE 36 23791
SEND 1553584997 INTRODUCE 36 17618
SEND 1553584997 INTRODUCE 36 12864
SEND 1553584997 INTRODUCE 36 20601
SEND 1553584997 INTRODUCE 36 11316
SEND 1553584997 INTRODUCE 36 17903
SEND 1553584997 INTRODUCE 36 19135
SEND 1553584997 INTRODUCE 36 10169
SEND 1553584997 INTRODUCE 36 11316
SEND 1553584997 INTRODUCE 36 12706
SEND 1553584997 INTRODUCE 36 89414
SEND 1553584997 INTRODUCE 36 14466
SEND 1553584997 INTRODUCE 36 14870
SEND 1553584997 INTRODUCE 36 13999
SEND 1553584997 INTRODUCE 36 14755
SEND 1553584997 INTRODUCE 36 13086
SEND 1553584997 JOIN 32 12976
RECIEVED 1553584997 INTRODUCE 36 37 0
SEND 1553584997 INTRODUCE 36 13687
SEND 1553584997 INTRODUCE 36 19041
SEND 1553584997 INTRODUCE 36 14661
SEND 1553584997 INTRODUCE 36 14754
SEND 1553584997 INTRODUCE 36 14677
SEND 1553584997 INTRODUCE 36 14615
SEND 1553584997 INTRODUCE 36 12624
SEND 1553584997 INTRODUCE 36 13011
SEND 1553584997 INTRODUCE 36 12268
SEND 1553584997 INTRODUCE 36 17411
SEND 1553584997 INTRODUCE 36 15452
SEND 1553584997 INTRODUCE 36 10661
SEND 1553584997 INTRODUCE 36 13934
SEND 1553584997 INTRODUCE 36 15040
SEND 1553584997 INTRODUCE 36 20520
SEND 1553584997 INTRODUCE 36 13000
SEND 1553584997 INTRODUCE 36 13785
SEND 1553584997 INTRODUCE 36 11667
SEND 1553584997 INTRODUCE 36 16759
SEND 1553584997 INTRODUCE 36 15093
SEND 1553584997 INTRODUCE 36 32718
SEND 1553584997 INTRODUCE 36 18567
SEND 1553584997 INTRODUCE 36 14686
SEND 1553584997 INTRODUCE 36 14954
SEND 1553584997 INTRODUCE 36 14575
SEND 1553584997 INTRODUCE 36 14714
SEND 1553584997 INTRODUCE 36 14731
SEND 1553584997 INTRODUCE 36 15040
SEND 1553584997 INTRODUCE 36 14419
SEND 1553584997 INTRODUCE 36 15898
SEND 1553584997 INTRODUCE 36 15307
SEND 1553584997 INTRODUCE 36 14860
SEND 1553584997 INTRODUCE 36 13500
SEND 1553584997 INTRODUCE 36 17203
SEND 1553584997 INTRODUCE 36 19751
SEND 1553584997 INTRODUCE 36 14454
SEND 1553584997 INTRODUCE 36 14533
SEND 1553584997 JOIN 32 19406
RECIEVED 1553584997 INTRODUCE 36 38 0
SEND 1553584997 INTRODUCE 36 18051
SEND 1553584997 INTRODUCE 36 15623
SEND 1553584997 INTRODUCE 36 16903
SEND 1553584997 INTRODUCE 36 13321
SEND 1553584997 INTRODUCE 36 16002
SEND 1553584997 INTRODUCE 36 10792
SEND 1553584997 INTRODUCE 36 16458
SEND 1553584997 INTRODUCE 36 11667
SEND 1553584997 INTRODUCE 36 12154
SEND 1553584997 INTRODUCE 36 30290
SEND 1553584997 INTRODUCE 36 15995
SEND 1553584997 INTRODUCE 36 16872
SEND 1553584997 INTRODUCE 36 13321
SEND 1553584997 INTRODUCE 36 14614
SEND 1553584997 INTRODUCE 36 14535
SEND 1553584997 INTRODUCE 36 11045
SEND 1553584997 INTRODUCE 36 11147
SEND 1553584997 INTRODUCE 36 15939
SEND 1553584997 INTRODUCE 36 39645
SEND 1553584997 INTRODUCE 36 11009
SEND 1553584997 INTRODUCE 36 14309
SEND 1553584997 INTRODUCE 36 12717
SEND 1553584997 INTRODUCE 36 11322
SEND 1553584997 INTRODUCE 36 14330
SEND 1553584997 INTRODUCE 36 16386
SEND 1553584997 INTRODUCE 36 12602
SEND 1553584997 INTRODUCE 36 11115
SEND 1553584997 INTRODUCE 36 11480
SEND 1553584997 INTRODUCE 36 15397
SEND 1553584997 INTRODUCE 36 15919
SEND 1553584997 INTRODUCE 36 11626
SEND 1553584997 INTRODUCE 36 16939
SEND 1553584997 INTRODUCE 36 14376
SEND 1553584997 INTRODUCE 36 10549
SEND 1553584997 INTRODUCE 36 20621
SEND 1553584997 INTRODUCE 36 10476
SEND 1553584997 INTRODUCE 36 10128
SEND 1553584997 INTRODUCE 36 17043
SEND 1553584997 JOIN 32 12027
RECIEVED 1553584997 INTRODUCE 36 39 0
SEND 1553584997 INTRODUCE 36 15730
SEND 1553584997 INTRODUCE 36 19026
SEND 1553584997 INTRODUCE 36 14295
SEND 1553584997 INTRODUCE 36 13762
SEND 1553584997 INTRODUCE 36 32878
SEND 1553584997 INTRODUCE 36 11179
SEND 1553584997 INTRODUCE 36 11821
SEND 1553584997 INTRODUCE 36 14280
SEND 1553584997 INTRODUCE 36 12178
SEND 1553584997 INTRODUCE 36 13084
SEND 1553584997 INTRODUCE 36 11902
SEND 1553584997 INTRODUCE 36 15530
SEND 1553584997 INTRODUCE 36 14093
SEND 1553584997 INTRODUCE 36 14169
SEND 1553584997 INTRODUCE 36 14314
SEND 1553584997 INTRODUCE 36 22317
SEND 1553584997 INTRODUCE 36 18971
SEND 1553584997 INTRODUCE 36 18788
SEND 1553584997 INTRODUCE 36 14600
SEND 1553584997 INTRODUCE 36 13984
SEND 1553584997 INTRODUCE 36 14714
SEND 1553584997 INTRODUCE 36 19242
SEND 1553584997 INTRODUCE 36 18660
SEND 1553584997 INTRODUCE 36 14100
SEND 1553584997 INTRODUCE 36 22348
SEND 1553584997 INTRODUCE 36 12393
SEND 1553584997 INTRODUCE 36 14567
SEND 1553584997 INTRODUCE 36 13908
SEND 1553584997 INTRODUCE 36 15163
SEND 1553584997 INTRODUCE 36 12331
SEND 1553584997 INTRODUCE 36 15090
SEND 1553584997 INTRODUCE 36 15252
SEND 1553584997 INTRODUCE 36 18232
SEND 1553584997 INTRODUCE 36 17596
SEND 1553584997 INTRODUCE 36 13422
SEND 1553584997 INTRODUCE 36 19399
SEND 1553584997 INTRODUCE 36 12086
SEND 1553584997 INTRODUCE 36 12865
SEND 1553584997 INTRODUCE 36 10958
SEND 1553584997 JOIN 32 13590
RECIEVED 1553584997 INTRODUCE 35 40 0
SEND 1553584997 INTRODUCE 35 10217
SEND 1553584997 INTRODUCE 35 13329
SEND 1553584997 INTRODUCE 35 17469
SEND 1553584997 INTRODUCE 35 12492
SEND 1553584997 INTRODUCE 35 13408
SEND 1553584997 INTRODUCE 35 11729
SEND 1553584997 INTRODUCE 35 28519
SEND 1553584997 INTRODUCE 35 14843
SEND 1553584997 INTRODUCE 35 14763
SEND 1553584997 INTRODUCE 35 14936
SEND 1553584997 INTRODUCE 35 13880
SEND 1553584997 INTRODUCE 35 16690
SEND 1553584997 INTRODUCE 35 14488
SEND 1553584997 INTRODUCE 35 14959
SEND 1553584997 INTRODUCE 35 14331
SEND 1553584997 INTRODUCE 35 13708
SEND 1553584997 INTRODUCE 35 14043
SEND 1553584997 INTRODUCE 35 14698
SEND 1553584997 INTRODUCE 35 14214
SEND 1553584997 INTRODUCE 35 14577
SEND 1553584997 INTRODUCE 35 14150
SEND 1553584997 INTRODUCE 35 14147
SEND 1553584997 INTRODUCE 35 16599
SEND 1553584997 INTRODUCE 35 17930
SEND 1553584997 INTRODUCE 35 14333
SEND 1553584997 INTRODUCE 35 14921
SEND 1553584997 INTRODUCE 35 14044
SEND 1553584997 INTRODUCE 35 40797
SEND 1553584997 INTRODUCE 35 18547
SEND 1553584997 INTRODUCE 35 14536
SEND 1553584997 INTRODUCE 35 14450
SEND 1553584997 INTRODUCE 35 14517
SEND 1553584997 INTRODUCE 35 13605
SEND 1553584997 INTRODUCE 35 13880
SEND 1553584997 INTRODUCE 35 14272
SEND 1553584997 INTRODUCE 35 14726
SEND 1553584997 INTRODUCE 35 14533
SEND 1553584997 INTRODUCE 35 18484
SEND 1553584997 INTRODUCE 35 18019
SEND 1553584997 INTRODUCE 35 14479
SEND 1553584997 JOIN 32 14435
RECIEVED 1553584997 INTRODUCE 35 41 0
SEND 1553584997 INTRODUCE 35 24166
SEND 1553584997 INTRODUCE 35 16126
SEND 1553584997 INTRODUCE 35 20341
SEND 1553584997 INTRODUCE 35 14857
SEND 1553584997 INTRODUCE 35 14533
SEND 1553584997 INTRODUCE 35 43587
SEND 1553584997 INTRODUCE 35 18793
SEND 1553584997 INTRODUCE 35 15841
SEND 1553584997 INTRODUCE 35 14424
SEND 1553584997 INTRODUCE 35 13358
SEND 1553584997 INTRODUCE 35 12391
SEND 1553584997 INTRODUCE 35 21162
SEND 1553584997 INTRODUCE 35 11167
SEND 1553584997 INTRODUCE 35 13287
SEND 1553584997 INTRODUCE 35 11092
SEND 1553584997 INTRODUCE 35 14976
SEND 1553584997 INTRODUCE 35 14254
SEND 1553584997 INTRODUCE 35 15989
SEND 1553584997 INTRODUCE 35 15508
SEND 1553584997 INTRODUCE 35 12435
SEND 1553584997 INTRODUCE 35 17024
SEND 1553584997 INTRODUCE 35 17607
SEND 1553584997 INTRODUCE 35 14925
SEND 1553584997 INTRODUCE 35 14334
SEND 1553584997 INTRODUCE 35 12076
SEND 1553584997 INTRODUCE 35 15424
SEND 1553584997 INTRODUCE 35 11346
SEND 1553584997 INTRODUCE 35 10755
SEND 1553584997 INTRODUCE 35 11131
SEND 1553584997 INTRODUCE 35 20275
SEND 1553584997 INTRODUCE 35 17998
SEND 1553584997 INTRODUCE 35 11288
SEND 1553584997 INTRODUCE 35 13037
SEND 1553584997 INTRODUCE 35 9261
SEND 1553584997 INTRODUCE 35 14512
SEND 1553584997 INTRODUCE 35 10202
SEND 1553584997 INTRODUCE 35 13434
SEND 1553584997 INTRODUCE 35 10892
SEND 1553584997 INTRODUCE 35 13291
SEND 1553584997 INTRODUCE 35 9775
SEND 1553584997 INTRODUCE 35 14688
SEND 1553584997 JOIN 32 10024
RECIEVED 1553584997 INTRODUCE 35 42 0
SEND 1553584997 INTRODUCE 35 12670
SEND 1553584997 INTRODUCE 35 14426
SEND 1553584997 INTRODUCE 35 15072
SEND 1553584997 INTRODUCE 35 12336
SEND 1553584997 INTRODUCE 35 14653
SEND 1553584997 INTRODUCE 35 11896
SEND 1553584997 INTRODUCE 35 15193
SEND 1553584997 INTRODUCE 35 14841
SEND 1553584997 INTRODUCE 35 12903
SEND 1553584997 INTRODUCE 35 11584
SEND 1553584997 INTRODUCE 35 11081
SEND 1553584997 INTRODUCE 35 10161
SEND 1553584997 INTRODUCE 35 10004
SEND 1553584997 INTRODUCE 35 10486
SEND 1553584997 INTRODUCE 35 9300
SEND 1553584997 INTRODUCE 35 10679
SEND 1553584997 INTRODUCE 35 27088
SEND 1553584997 INTRODUCE 35 11796
SEND 1553584997 INTRODUCE 35 12476
SEND 1553584997 INTRODUCE 35 10716
SEND 1553584997 INTRODUCE 35 19143
SEND 1553584997 INTRODUCE 35 10830
SEND 1553584997 INTRODUCE 35 14519
SEND 1553584997 INTRODUCE 35 11181
SEND 1553584997 INTRODUCE 35 18813
SEND 1553584997 INTRODUCE 35 19434
SEND 1553584997 INTRODUCE 35 14429
SEND 1553584997 INTRODUCE 35 11770
SEND 1553584997 INTRODUCE 35 11987
SEND 1553584997 INTRODUCE 35 12156
SEND 1553584997 INTRODUCE 35 11709
SEND 1553584997 INTRODUCE 35 22951
SEND 1553584997 INTRODUCE 35 11852
SEND 1553584997 INTRODUCE 35 11986
SEND 1553584997 INTRODUCE 35 13147
SEND 1553584997 INTRODUCE 35 11579
SEND 1553584997 INTRODUCE 35 12044
SEND 1553584997 INTRODUCE 35 15602
SEND 1553584997 INTRODUCE 35 15559
SEND 1553584997 INTRODUCE 35 13378
SEND 1553584997 INTRODUCE 35 21894
SEND 1553584997 INTRODUCE 35 11395
SEND 1553584997 JOIN 32 15766
RECIEVED 1553584997 INTRODUCE 35 43 0
RECIEVED 1553584997 INTRODUCE 35 43 0
RECIEVED 1553584997 INTRODUCE 36 43 0
RECIEVED 1553584997 INTRODUCE 36 43 0
RECIEVED 1553584997 INTRODUCE 36 43 0
SEND 1553584997 INTRODUCE 36 10762
SEND 1553584997 INTRODUCE 36 11375
SEND 1553584997 INTRODUCE 36 11512
SEND 1553584997 INTRODUCE 36 15677
SEND 1553584997 INTRODUCE 36 10781
SEND 1553584997 INTRODUCE 36 10324
SEND 1553584997 INTRODUCE 36 11768
SEND 1553584997 INTRODUCE 36 10526
SEND 1553584997 INTRODUCE 36 15825
SEND 1553584997 INTRODUCE 36 26188
SEND 1553584997 INTRODUCE 36 15744
SEND 1553584997 INTRODUCE 36 15504
SEND 1553584997 INTRODUCE 36 11135
SEND 1553584997 INTRODUCE 36 10767
SEND 1553584997 INTRODUCE 36 16390
SEND 1553584997 INTRODUCE 36 13535
SEND 1553584997 INTRODUCE 36 14460
SEND 1553584997 INTRODUCE 36 11616
SEND 1553584997 INTRODUCE 36 11406
SEND 1553584997 INTRODUCE 36 11083
SEND 1553584997 INTRODUCE 36 11392
SEND 1553584997 INTRODUCE 36 15501
SEND 1553584997 INTRODUCE 36 11188
SEND 1553584997 INTRODUCE 36 14453
SEND 1553584997 INTRODUCE 36 10526
SEND 1553584997 INTRODUCE 36 13105
SEND 1553584997 INTRODUCE 36 12345
SEND 1553584997 INTRODUCE 36 16345
SEND 1553584997 INTRODUCE 36 10848
SEND 1553584997 INTRODUCE 36 15144
SEND 1553584997 INTRODUCE 36 16340
SEND 1553584997 INTRODUCE 36 21185
SEND 1553584997 INTRODUCE 36 12136
SEND 1553584997 INTRODUCE 36 13549
SEND 1553584997 INTRODUCE 36 13962
SEND 1553584997 INTRODUCE 36 11199
SEND 1553584997 INTRODUCE 36 11556
SEND 1553584997 INTRODUCE 36 10729
SEND 1553584997 INTRODUCE 36 15321
SEND 1553584997 INTRODUCE 36 14966
SEND 1553584997 INTRODUCE 36 10987
SEND 1553584997 INTRODUCE 36 11278
SEND 1553584997 INTRODUCE 36 11461
SEND 1553584997 JOIN 32 11458
RECIEVED 1553584997 INTRODUCE 36 44 0
RECIEVED 1553584997 INTRODUCE 37 44 0
SEND 1553584997 INTRODUCE 37 17426
SEND 1553584997 INTRODUCE 37 11260
SEND 1553584997 INTRODUCE 37 16324
SEND 1553584997 INTRODUCE 37 13192
SEND 1553584997 INTRODUCE 37 11759
SEND 1553584997 INTRODUCE 37 11411
SEND 1553584997 INTRODUCE 37 18872
SEND 1553584997 INTRODUCE 37 14791
SEND 1553584997 INTRODUCE 37 18510
SEND 1553584997 INTRODUCE 37 11898
SEND 1553584997 INTRODUCE 37 11863
SEND 1553584997 INTRODUCE 37 11455
SEND 1553584997 INTRODUCE 37 11095
SEND 1553584997 INTRODUCE 37 10591
SEND 1553584997 INTRODUCE 37 10865
SEND 1553584997 INTRODUCE 37 10535
SEND 1553584997 INTRODUCE 37 10627
SEND 1553584997 INTRODUCE 37 11184
SEND 1553584997 INTRODUCE 37 11520
SEND 1553584997 INTRODUCE 37 15675
SEND 1553584997 INTRODUCE 37 12244
SEND 1553584997 INTRODUCE 37 17264
# recieved string JOIN node19 172.22.94.217 8019

SEND 1553584997 INTRODUCE 37 15264
SEND 1553584997 INTRODUCE 37 10831
SEND 1553584997 INTRODUCE 37 12009
SEND 1553584997 INTRODUCE 37 9202
SEND 1553584997 INTRODUCE 37 13568
SEND 1553584997 INTRODUCE 37 13894
SEND 1553584997 INTRODUCE 37 9784
SEND 1553584997 INTRODUCE 37 10561
SEND 1553584997 INTRODUCE 37 11451
SEND 1553584997 INTRODUCE 37 15109
SEND 1553584997 INTRODUCE 37 15214
SEND 1553584997 INTRODUCE 37 14957
SEND 1553584997 INTRODUCE 37 9897
SEND 1553584997 INTRODUCE 37 25844
SEND 1553584997 INTRODUCE 37 16119
SEND 1553584997 INTRODUCE 37 13569
# recieved string JOIN node13 172.22.156.206 8013

SEND 1553584997 INTRODUCE 37 10392
SEND 1553584997 INTRODUCE 37 16845
SEND 1553584997 INTRODUCE 37 11144
SEND 1553584997 INTRODUCE 37 13714
SEND 1553584997 INTRODUCE 37 15767
SEND 1553584997 INTRODUCE 37 15230
SEND 1553584997 JOIN 32 15692
RECIEVED 1553584997 INTRODUCE 37 45 0
RECIEVED 1553584997 INTRODUCE 37 45 0
RECIEVED 1553584997 INTRODUCE 36 45 0
RECIEVED 1553584997 INTRODUCE 35 45 0
RECIEVED 1553584997 INTRODUCE 37 45 0
RECIEVED 1553584997 INTRODUCE 36 45 0
RECIEVED 1553584997 INTRODUCE 37 45 0
RECIEVED 1553584997 INTRODUCE 36 45 0
RECIEVED 1553584997 INTRODUCE 36 45 0
RECIEVED 1553584997 INTRODUCE 35 45 0
RECIEVED 1553584997 INTRODUCE 37 45 0
RECIEVED 1553584997 INTRODUCE 36 45 0
SEND 1553584997 INTRODUCE 36 12992
SEND 1553584997 INTRODUCE 36 15797
SEND 1553584997 INTRODUCE 36 10940
SEND 1553584997 INTRODUCE 36 67746
SEND 1553584997 INTRODUCE 36 16750
SEND 1553584997 INTRODUCE 36 14735
SEND 1553584997 INTRODUCE 36 13688
SEND 1553584997 INTRODUCE 36 11751
SEND 1553584997 INTRODUCE 36 15140
SEND 1553584997 INTRODUCE 36 15074
SEND 1553584997 INTRODUCE 36 11038
SEND 1553584997 INTRODUCE 36 21615
SEND 1553584997 INTRODUCE 36 12322
SEND 1553584997 INTRODUCE 36 11722
SEND 1553584997 INTRODUCE 36 15631
SEND 1553584997 INTRODUCE 36 11382
SEND 1553584997 INTRODUCE 36 12748
SEND 1553584997 INTRODUCE 36 14481
SEND 1553584997 INTRODUCE 36 15244
SEND 1553584997 INTRODUCE 36 14510
SEND 1553584997 INTRODUCE 36 11964
SEND 1553584997 INTRODUCE 36 11382
SEND 1553584997 INTRODUCE 36 10626
SEND 1553584997 INTRODUCE 36 14269
SEND 1553584997 INTRODUCE 36 35804
SEND 1553584997 INTRODUCE 36 12346
SEND 1553584997 INTRODUCE 36 11787
SEND 1553584997 INTRODUCE 36 14127
SEND 1553584997 INTRODUCE 36 11899
SEND 1553584997 INTRODUCE 36 13385
SEND 1553584997 INTRODUCE 36 11226
SEND 1553584997 INTRODUCE 36 9714
SEND 1553584997 INTRODUCE 36 11519
SEND 1553584997 INTRODUCE 36 11582
SEND 1553584997 INTRODUCE 36 13343
SEND 1553584997 INTRODUCE 36 10714
SEND 1553584997 INTRODUCE 36 16111
SEND 1553584997 INTRODUCE 36 11082
SEND 1553584997 INTRODUCE 36 11380
SEND 1553584997 INTRODUCE 36 46131
SEND 1553584997 INTRODUCE 36 14204
SEND 1553584997 INTRODUCE 36 15627
SEND 1553584997 INTRODUCE 36 12059
SEND 1553584997 INTRODUCE 36 15403
SEND 1553584997 INTRODUCE 36 12125
SEND 1553584997 JOIN 32 16396
RECIEVED 1553584997 INTRODUCE 36 46 0
RECIEVED 1553584997 INTRODUCE 36 46 0
RECIEVED 1553584997 INTRODUCE 36 46 0
RECIEVED 1553584997 INTRODUCE 36 46 0
SEND 1553584997 INTRODUCE 36 15359
SEND 1553584997 INTRODUCE 36 13554
SEND 1553584997 INTRODUCE 36 16291
SEND 1553584997 INTRODUCE 36 10761
SEND 1553584997 INTRODUCE 36 11231
SEND 1553584997 INTRODUCE 36 11753
SEND 1553584997 INTRODUCE 36 14716
SEND 1553584997 INTRODUCE 36 11395
SEND 1553584997 INTRODUCE 36 11359
SEND 1553584997 INTRODUCE 36 15176
SEND 1553584997 INTRODUCE 36 10758
SEND 1553584997 INTRODUCE 36 12185
SEND 1553584997 INTRODUCE 36 29907
SEND 1553584997 INTRODUCE 36 11364
SEND 1553584997 INTRODUCE 36 11662
SEND 1553584997 INTRODUCE 36 11108
SEND 1553584997 INTRODUCE 36 11367
SEND 1553584997 INTRODUCE 36 16079
SEND 1553584997 INTRODUCE 36 14924
SEND 1553584997 INTRODUCE 36 10969
SEND 1553584997 INTRODUCE 36 12590
SEND 1553584997 INTRODUCE 36 16009
SEND 1553584997 INTRODUCE 36 15056
SEND 1553584997 INTRODUCE 36 11739
SEND 1553584997 INTRODUCE 36 14819
SEND 1553584997 INTRODUCE 36 15635
SEND 1553584997 INTRODUCE 36 14186
SEND 1553584997 INTRODUCE 36 11087
SEND 1553584997 INTRODUCE 36 12219
SEND 1553584997 INTRODUCE 36 9190
SEND 1553584997 INTRODUCE 36 9378
SEND 1553584997 INTRODUCE 36 9123
SEND 1553584997 INTRODUCE 36 11764
SEND 1553584997 INTRODUCE 36 16825
SEND 1553584997 INTRODUCE 36 34927
SEND 1553584997 INTRODUCE 36 11453
SEND 1553584997 INTRODUCE 36 14850
SEND 1553584997 INTRODUCE 36 12630
SEND 1553584997 INTRODUCE 36 11151
SEND 1553584997 INTRODUCE 36 13821
# recieved string JOIN node17 172.22.94.217 8017

SEND 1553584997 INTRODUCE 36 14120
SEND 1553584997 INTRODUCE 36 14408
SEND 1553584997 INTRODUCE 36 11304
SEND 1553584997 INTRODUCE 36 11658
SEND 1553584997 INTRODUCE 36 11859
SEND 1553584997 INTRODUCE 36 15367
SEND 1553584997 JOIN 32 12682
RECIEVED 1553584997 INTRODUCE 36 47 0
RECIEVED 1553584997 INTRODUCE 37 47 0
RECIEVED 1553584997 INTRODUCE 36 47 0
SEND 1553584997 INTRODUCE 36 11586
SEND 1553584997 INTRODUCE 36 15371
SEND 1553584997 INTRODUCE 36 11277
SEND 1553584997 INTRODUCE 36 14910
SEND 1553584997 INTRODUCE 36 12353
SEND 1553584997 INTRODUCE 36 15452
SEND 1553584997 INTRODUCE 36 10097
SEND 1553584997 INTRODUCE 36 14975
SEND 1553584997 INTRODUCE 36 18597
SEND 1553584997 INTRODUCE 36 11881
SEND 1553584997 INTRODUCE 36 10995
SEND 1553584997 INTRODUCE 36 15323
SEND 1553584997 INTRODUCE 36 16744
SEND 1553584997 INTRODUCE 36 11227
SEND 1553584997 INTRODUCE 36 15434
SEND 1553584997 INTRODUCE 36 11460
SEND 1553584997 INTRODUCE 36 11294
SEND 1553584997 INTRODUCE 36 15881
SEND 1553584997 INTRODUCE 36 16690
SEND 1553584997 INTRODUCE 36 14011
SEND 1553584997 INTRODUCE 36 11339
SEND 1553584997 INTRODUCE 36 11104
SEND 1553584997 INTRODUCE 36 10341
SEND 1553584997 INTRODUCE 36 10967
SEND 1553584997 INTRODUCE 36 11757
SEND 1553584997 INTRODUCE 36 10715
SEND 1553584997 INTRODUCE 36 14119
SEND 1553584997 INTRODUCE 36 11816
SEND 1553584997 INTRODUCE 36 14110
SEND 1553584997 INTRODUCE 36 14697
SEND 1553584997 INTRODUCE 36 10911
SEND 1553584997 INTRODUCE 36 14508
SEND 1553584997 INTRODUCE 36 14314
SEND 1553584997 INTRODUCE 36 15566
SEND 1553584997 INTRODUCE 36 14814
SEND 1553584997 INTRODUCE 36 14776
SEND 1553584997 INTRODUCE 36 10280
SEND 1553584997 INTRODUCE 36 12007
SEND 1553584997 INTRODUCE 36 15789
SEND 1553584997 INTRODUCE 36 22475
SEND 1553584997 INTRODUCE 36 15248
SEND 1553584997 INTRODUCE 36 11279
SEND 1553584997 INTRODUCE 36 11141
SEND 1553584997 INTRODUCE 36 11899
SEND 1553584997 INTRODUCE 36 10767
SEND 1553584997 INTRODUCE 36 11901
SEND 1553584997 INTRODUCE 36 20484
SEND 1553584997 JOIN 32 15669
RECIEVED 1553584997 INTRODUCE 36 48 0
RECIEVED 1553584997 INTRODUCE 37 48 0
RECIEVED 1553584997 INTRODUCE 35 48 0
RECIEVED 1553584997 INTRODUCE 37 48 0
RECIEVED 1553584997 INTRODUCE 36 48 0
RECIEVED 1553584997 INTRODUCE 35 48 0
RECIEVED 1553584997 INTRODUCE 36 48 0
RECIEVED 1553584997 INTRODUCE 35 48 0
RECIEVED 1553584997 INTRODUCE 36 48 0
RECIEVED 1553584997 INTRODUCE 35 48 0
RECIEVED 1553584997 INTRODUCE 35 48 0
RECIEVED 1553584997 INTRODUCE 36 48 0
RECIEVED 1553584997 INTRODUCE 37 48 0
RECIEVED 1553584997 INTRODUCE 36 48 0
RECIEVED 1553584997 INTRODUCE 36 48 0
RECIEVED 1553584997 INTRODUCE 36 48 0
RECIEVED 1553584997 INTRODUCE 36 48 0
SEND 1553584997 INTRODUCE 36 11272
SEND 1553584997 INTRODUCE 36 15840
# recieved string JOIN node17 172.22.156.206 8017

SEND 1553584997 INTRODUCE 36 11072
SEND 1553584997 INTRODUCE 36 11261
SEND 1553584997 INTRODUCE 36 13926
SEND 1553584997 INTRODUCE 36 13623
SEND 1553584997 INTRODUCE 36 15666
SEND 1553584997 INTRODUCE 36 15548
SEND 1553584997 INTRODUCE 36 11100
SEND 1553584997 INTRODUCE 36 10502
SEND 1553584997 INTRODUCE 36 11052
SEND 1553584997 INTRODUCE 36 13960
SEND 1553584997 INTRODUCE 36 15415
SEND 1553584997 INTRODUCE 36 34059
SEND 1553584997 INTRODUCE 36 10788
SEND 1553584997 INTRODUCE 36 14995
SEND 1553584997 INTRODUCE 36 14231
SEND 1553584997 INTRODUCE 36 10898
SEND 1553584997 INTRODUCE 36 43465
SEND 1553584997 INTRODUCE 36 10812
SEND 1553584997 INTRODUCE 36 15251
SEND 1553584997 INTRODUCE 36 14728
SEND 1553584997 INTRODUCE 36 15652
SEND 1553584997 INTRODUCE 36 12414
SEND 1553584997 INTRODUCE 36 18400
SEND 1553584997 INTRODUCE 36 15428
SEND 1553584997 INTRODUCE 36 16106
SEND 1553584997 INTRODUCE 36 17062
SEND 1553584997 INTRODUCE 36 14956
SEND 1553584997 INTRODUCE 36 16082
SEND 1553584997 INTRODUCE 36 15871
SEND 1553584997 INTRODUCE 36 19572
SEND 1553584997 INTRODUCE 36 13531
SEND 1553584997 INTRODUCE 36 14986
SEND 1553584997 INTRODUCE 36 12121
SEND 1553584997 INTRODUCE 36 11626
SEND 1553584997 INTRODUCE 36 11554
SEND 1553584997 INTRODUCE 36 11221
SEND 1553584997 INTRODUCE 36 14582
SEND 1553584997 INTRODUCE 36 12945
SEND 1553584997 INTRODUCE 36 10514
SEND 1553584997 INTRODUCE 36 11811
SEND 1553584997 INTRODUCE 36 11509
SEND 1553584997 INTRODUCE 36 11168
SEND 1553584997 INTRODUCE 36 10901
SEND 1553584997 INTRODUCE 36 11384
SEND 1553584997 INTRODUCE 36 28511
SEND 1553584997 INTRODUCE 36 11120
SEND 1553584997 JOIN 32 16178
RECIEVED 1553584997 INTRODUCE 35 49 0
RECIEVED 1553584997 INTRODUCE 37 49 0
SEND 1553584997 INTRODUCE 37 12755
SEND 1553584997 INTRODUCE 37 12272
SEND 1553584997 INTRODUCE 37 16015
SEND 1553584997 INTRODUCE 37 11896
SEND 1553584997 INTRODUCE 37 20706
SEND 1553584997 INTRODUCE 37 11784
SEND 1553584997 INTRODUCE 37 11660
SEND 1553584997 INTRODUCE 37 11207
SEND 1553584997 INTRODUCE 37 12674
SEND 1553584997 INTRODUCE 37 21168
SEND 1553584997 INTRODUCE 37 12192
SEND 1553584997 INTRODUCE 37 11833
SEND 1553584997 INTRODUCE 37 11527
SEND 1553584997 INTRODUCE 37 15800
SEND 1553584997 INTRODUCE 37 11177
SEND 1553584997 INTRODUCE 37 43911
SEND 1553584997 INTRODUCE 37 11015
SEND 1553584997 INTRODUCE 37 20061
SEND 1553584997 INTRODUCE 37 12124
SEND 1553584997 INTRODUCE 37 11782
SEND 1553584997 INTRODUCE 37 15932
SEND 1553584997 INTRODUCE 37 11373
SEND 1553584997 INTRODUCE 37 12199
SEND 1553584997 INTRODUCE 37 11262
SEND 1553584998 INTRODUCE 37 11184
SEND 1553584998 INTRODUCE 37 17352
SEND 1553584998 INTRODUCE 37 13112
SEND 1553584998 INTRODUCE 37 16073
SEND 1553584998 INTRODUCE 37 12003
SEND 1553584998 INTRODUCE 37 13146
SEND 1553584998 INTRODUCE 37 15193
SEND 1553584998 INTRODUCE 37 17260
SEND 1553584998 INTRODUCE 37 21144
SEND 1553584998 INTRODUCE 37 11949
SEND 1553584998 INTRODUCE 37 44076
SEND 1553584998 INTRODUCE 37 14690
SEND 1553584998 INTRODUCE 37 11798
SEND 1553584998 INTRODUCE 37 21264
SEND 1553584998 INTRODUCE 37 12635
SEND 1553584998 INTRODUCE 37 14812
SEND 1553584998 INTRODUCE 37 11899
SEND 1553584998 INTRODUCE 37 14830
SEND 1553584998 INTRODUCE 37 12359
SEND 1553584998 INTRODUCE 37 11184
SEND 1553584998 INTRODUCE 37 12204
SEND 1553584998 INTRODUCE 37 16202
SEND 1553584998 INTRODUCE 37 14315
SEND 1553584998 INTRODUCE 37 15800
SEND 1553584998 INTRODUCE 37 12049
SEND 1553584998 JOIN 32 17087
RECIEVED 1553584998 INTRODUCE 36 50 0
RECIEVED 1553584998 INTRODUCE 35 50 0
RECIEVED 1553584998 INTRODUCE 36 50 0
RECIEVED 1553584998 INTRODUCE 36 50 0
RECIEVED 1553584998 INTRODUCE 36 50 0
RECIEVED 1553584998 INTRODUCE 37 50 0
RECIEVED 1553584998 INTRODUCE 37 50 0
RECIEVED 1553584998 INTRODUCE 36 50 0
SEND 1553584998 INTRODUCE 36 15420
SEND 1553584998 INTRODUCE 36 12499
SEND 1553584998 INTRODUCE 36 12827
SEND 1553584998 INTRODUCE 36 11466
SEND 1553584998 INTRODUCE 36 11692
SEND 1553584998 INTRODUCE 36 22655
SEND 1553584998 INTRODUCE 36 11123
SEND 1553584998 INTRODUCE 36 13411
SEND 1553584998 INTRODUCE 36 21264
SEND 1553584998 INTRODUCE 36 11775
SEND 1553584998 INTRODUCE 36 15888
SEND 1553584998 INTRODUCE 36 45377
SEND 1553584998 INTRODUCE 36 11904
SEND 1553584998 INTRODUCE 36 16244
SEND 1553584998 INTRODUCE 36 11150
SEND 1553584998 INTRODUCE 36 11709
SEND 1553584998 INTRODUCE 36 11141
SEND 1553584998 INTRODUCE 36 18688
SEND 1553584998 INTRODUCE 36 16985
SEND 1553584998 INTRODUCE 36 15601
SEND 1553584998 INTRODUCE 36 27026
SEND 1553584998 INTRODUCE 36 21021
SEND 1553584998 INTRODUCE 36 12268
SEND 1553584998 INTRODUCE 36 15397
SEND 1553584998 INTRODUCE 36 14239
SEND 1553584998 INTRODUCE 36 17121
SEND 1553584998 INTRODUCE 36 15974
SEND 1553584998 INTRODUCE 36 11643
SEND 1553584998 INTRODUCE 36 17114
SEND 1553584998 INTRODUCE 36 11209
SEND 1553584998 INTRODUCE 36 17141
SEND 1553584998 INTRODUCE 36 12108
SEND 1553584998 INTRODUCE 36 16700
SEND 1553584998 INTRODUCE 36 17859
SEND 1553584998 INTRODUCE 36 16899
SEND 1553584998 INTRODUCE 36 15232
SEND 1553584998 INTRODUCE 36 12627
SEND 1553584998 INTRODUCE 36 12345
SEND 1553584998 INTRODUCE 36 11162
SEND 1553584998 INTRODUCE 36 16801
SEND 1553584998 INTRODUCE 36 14383
SEND 1553584998 INTRODUCE 36 23126
SEND 1553584998 INTRODUCE 36 14779
SEND 1553584998 INTRODUCE 36 11172
SEND 1553584998 INTRODUCE 36 20347
SEND 1553584998 INTRODUCE 36 18885
SEND 1553584998 INTRODUCE 36 14720
SEND 1553584998 INTRODUCE 36 15975
SEND 1553584998 INTRODUCE 36 11475
SEND 1553584998 INTRODUCE 36 11882
SEND 1553584998 JOIN 32 11913
RECIEVED 1553584998 INTRODUCE 35 51 0
RECIEVED 1553584998 INTRODUCE 35 51 0
RECIEVED 1553584998 INTRODUCE 36 51 0
RECIEVED 1553584998 INTRODUCE 36 51 0
RECIEVED 1553584998 INTRODUCE 36 51 0
RECIEVED 1553584998 INTRODUCE 36 51 0
RECIEVED 1553584998 INTRODUCE 36 51 0
RECIEVED 1553584998 INTRODUCE 36 51 0
RECIEVED 1553584998 INTRODUCE 36 51 0
RECIEVED 1553584998 INTRODUCE 37 51 0
RECIEVED 1553584998 INTRODUCE 37 51 0
RECIEVED 1553584998 INTRODUCE 36 51 0
RECIEVED 1553584998 INTRODUCE 36 51 0
RECIEVED 1553584998 INTRODUCE 35 51 0
RECIEVED 1553584998 INTRODUCE 36 51 0
RECIEVED 1553584998 INTRODUCE 36 51 0
RECIEVED 1553584998 INTRODUCE 37 51 0
RECIEVED 1553584998 INTRODUCE 36 51 0
RECIEVED 1553584998 INTRODUCE 35 51 0
RECIEVED 1553584998 INTRODUCE 36 51 0
RECIEVED 1553584998 INTRODUCE 36 51 0
RECIEVED 1553584998 INTRODUCE 37 51 0
RECIEVED 1553584998 INTRODUCE 37 51 0
SEND 1553584998 INTRODUCE 37 12237
SEND 1553584998 INTRODUCE 37 14441
SEND 1553584998 INTRODUCE 37 15922
SEND 1553584998 INTRODUCE 37 45314
SEND 1553584998 INTRODUCE 37 26246
SEND 1553584998 INTRODUCE 37 15470
SEND 1553584998 INTRODUCE 37 14837
SEND 1553584998 INTRODUCE 37 15878
SEND 1553584998 INTRODUCE 37 15795
SEND 1553584998 INTRODUCE 37 16504
SEND 1553584998 INTRODUCE 37 12393
SEND 1553584998 INTRODUCE 37 12132
SEND 1553584998 INTRODUCE 37 11286
SEND 1553584998 INTRODUCE 37 21898
SEND 1553584998 INTRODUCE 37 15348
SEND 1553584998 INTRODUCE 37 12571
SEND 1553584998 INTRODUCE 37 11742
SEND 1553584998 INTRODUCE 37 22937
SEND 1553584998 INTRODUCE 37 11511
SEND 1553584998 INTRODUCE 37 19658
SEND 1553584998 INTRODUCE 37 16585
SEND 1553584998 INTRODUCE 37 11880
SEND 1553584998 INTRODUCE 37 11326
SEND 1553584998 INTRODUCE 37 11271
SEND 1553584998 INTRODUCE 37 16083
SEND 1553584998 INTRODUCE 37 11488
SEND 1553584998 INTRODUCE 37 15266
SEND 1553584998 INTRODUCE 37 12022
SEND 1553584998 INTRODUCE 37 15443
SEND 1553584998 INTRODUCE 37 9395
SEND 1553584998 INTRODUCE 37 14461
SEND 1553584998 INTRODUCE 37 13675
SEND 1553584998 INTRODUCE 37 11501
SEND 1553584998 INTRODUCE 37 12193
SEND 1553584998 INTRODUCE 37 10776
SEND 1553584998 INTRODUCE 37 15119
SEND 1553584998 INTRODUCE 37 14688
SEND 1553584998 INTRODUCE 37 10150
SEND 1553584998 INTRODUCE 37 21020
SEND 1553584998 INTRODUCE 37 11039
SEND 1553584998 INTRODUCE 37 10724
SEND 1553584998 INTRODUCE 37 10547
SEND 1553584998 INTRODUCE 37 14681
SEND 1553584998 INTRODUCE 37 26612
SEND 1553584998 INTRODUCE 37 15179
SEND 1553584998 INTRODUCE 37 11313
SEND 1553584998 INTRODUCE 37 10903
SEND 1553584998 INTRODUCE 37 20581
SEND 1553584998 INTRODUCE 37 13826
SEND 1553584998 INTRODUCE 37 11345
SEND 1553584998 INTRODUCE 37 16504
SEND 1553584998 JOIN 32 19895
RECIEVED 1553584998 INTRODUCE 37 52 0
RECIEVED 1553584998 INTRODUCE 35 52 0
RECIEVED 1553584998 INTRODUCE 35 52 0
RECIEVED 1553584998 INTRODUCE 37 52 0
RECIEVED 1553584998 INTRODUCE 36 52 0
RECIEVED 1553584998 INTRODUCE 37 52 0
RECIEVED 1553584998 INTRODUCE 35 52 0
RECIEVED 1553584998 INTRODUCE 37 52 0
RECIEVED 1553584998 INTRODUCE 36 52 0
RECIEVED 1553584998 INTRODUCE 36 52 0
RECIEVED 1553584998 INTRODUCE 36 52 0
RECIEVED 1553584998 INTRODUCE 35 52 0
RECIEVED 1553584998 INTRODUCE 36 52 0
RECIEVED 1553584998 INTRODUCE 36 52 0
RECIEVED 1553584998 INTRODUCE 37 52 0
RECIEVED 1553584998 JOIN 32 52 0
SEND 1553584998 INTRODUCE 36 13583
SEND 1553584998 INTRODUCE 36 12768
SEND 1553584998 INTRODUCE 35 13964
SEND 1553584998 INTRODUCE 36 13488
SEND 1553584998 INTRODUCE 37 13342
SEND 1553584998 INTRODUCE 36 14586
SEND 1553584998 INTRODUCE 37 13109
SEND 1553584998 INTRODUCE 37 13640
SEND 1553584998 INTRODUCE 36 12717
SEND 1553584998 INTRODUCE 36 13843
SEND 1553584998 INTRODUCE 36 30202
SEND 1553584998 INTRODUCE 35 16296
SEND 1553584998 INTRODUCE 37 19717
SEND 1553584998 INTRODUCE 37 12900
SEND 1553584998 INTRODUCE 37 13819
SEND 1553584998 INTRODUCE 36 12313
SEND 1553584998 INTRODUCE 36 10181
SEND 1553584998 INTRODUCE 36 10449
SEND 1553584998 INTRODUCE 37 12699
SEND 1553584998 INTRODUCE 36 11959
SEND 1553584998 INTRODUCE 36 10343
SEND 1553584998 INTRODUCE 37 11124
SEND 1553584998 INTRODUCE 36 9158
SEND 1553584998 INTRODUCE 36 10849
SEND 1553584998 INTRODUCE 36 17080
SEND 1553584998 INTRODUCE 36 9316
SEND 1553584998 INTRODUCE 35 5877
SEND 1553584998 INTRODUCE 36 4902
SEND 1553584998 INTRODUCE 37 4667
SEND 1553584998 INTRODUCE 36 4366
SEND 1553584998 INTRODUCE 35 4458
SEND 1553584998 INTRODUCE 36 4961
SEND 1553584998 INTRODUCE 36 4897
SEND 1553584998 INTRODUCE 35 4401
SEND 1553584998 INTRODUCE 36 12683
SEND 1553584998 INTRODUCE 37 12181
SEND 1553584998 INTRODUCE 36 13813
SEND 1553584998 INTRODUCE 35 11954
SEND 1553584998 INTRODUCE 37 10896
SEND 1553584998 INTRODUCE 36 12279
# recieved string JOIN node14 172.22.156.206 8014

SEND 1553584998 INTRODUCE 37 12058
SEND 1553584998 INTRODUCE 37 12875
SEND 1553584998 INTRODUCE 37 13789
SEND 1553584998 INTRODUCE 36 14151
SEND 1553584998 INTRODUCE 35 12592
SEND 1553584998 INTRODUCE 35 10874
SEND 1553584998 INTRODUCE 36 11628
SEND 1553584998 INTRODUCE 37 12016
SEND 1553584998 INTRODUCE 36 13501
SEND 1553584998 INTRODUCE 35 12362
SEND 1553584998 INTRODUCE 36 12368
SEND 1553584998 INTRODUCE 35 12020
RECIEVED 1553584998 INTRODUCE 37 53 0
RECIEVED 1553584998 INTRODUCE 37 53 0
RECIEVED 1553584998 INTRODUCE 37 53 0
RECIEVED 1553584998 INTRODUCE 36 53 0
RECIEVED 1553584998 INTRODUCE 36 53 0
RECIEVED 1553584998 INTRODUCE 35 53 0
RECIEVED 1553584998 INTRODUCE 36 53 0
RECIEVED 1553584998 INTRODUCE 36 53 0
RECIEVED 1553584998 INTRODUCE 36 53 0
RECIEVED 1553584998 INTRODUCE 36 53 0
RECIEVED 1553584998 INTRODUCE 35 53 0
RECIEVED 1553584998 INTRODUCE 37 53 0
SEND 1553584998 INTRODUCE 37 15526
SEND 1553584998 INTRODUCE 37 19510
SEND 1553584998 INTRODUCE 37 17020
SEND 1553584998 INTRODUCE 37 12528
SEND 1553584998 INTRODUCE 37 13532
SEND 1553584998 INTRODUCE 37 11811
SEND 1553584998 INTRODUCE 37 16920
SEND 1553584998 INTRODUCE 37 15481
SEND 1553584998 INTRODUCE 37 11597
SEND 1553584998 INTRODUCE 37 22855
SEND 1553584998 INTRODUCE 37 17044
SEND 1553584998 INTRODUCE 37 15810
SEND 1553584998 INTRODUCE 37 13949
SEND 1553584998 INTRODUCE 37 15566
SEND 1553584998 INTRODUCE 37 11280
SEND 1553584998 INTRODUCE 37 10251
SEND 1553584998 INTRODUCE 37 15548
SEND 1553584998 INTRODUCE 37 15764
SEND 1553584998 INTRODUCE 37 36315
SEND 1553584998 INTRODUCE 37 16135
SEND 1553584998 INTRODUCE 37 17220
SEND 1553584998 INTRODUCE 37 14904
SEND 1553584998 INTRODUCE 37 13182
SEND 1553584998 INTRODUCE 37 16640
SEND 1553584998 INTRODUCE 37 15729
SEND 1553584998 INTRODUCE 37 11382
SEND 1553584998 INTRODUCE 37 11199
# recieved string JOIN node15 172.22.156.206 8015

SEND 1553584998 INTRODUCE 37 11702
SEND 1553584998 INTRODUCE 37 12316
SEND 1553584998 INTRODUCE 37 25878
SEND 1553584998 INTRODUCE 37 15832
SEND 1553584998 INTRODUCE 37 14163
SEND 1553584998 INTRODUCE 37 11688
SEND 1553584998 INTRODUCE 37 14985
SEND 1553584998 INTRODUCE 37 15776
SEND 1553584998 INTRODUCE 37 16162
SEND 1553584998 INTRODUCE 37 33523
SEND 1553584998 INTRODUCE 37 14714
SEND 1553584998 INTRODUCE 37 12947
SEND 1553584998 INTRODUCE 37 14564
SEND 1553584998 INTRODUCE 37 12002
SEND 1553584998 INTRODUCE 37 11873
SEND 1553584998 INTRODUCE 37 20347
SEND 1553584998 INTRODUCE 37 17754
SEND 1553584998 INTRODUCE 37 12875
SEND 1553584998 INTRODUCE 37 14082
SEND 1553584998 INTRODUCE 37 12385
SEND 1553584998 INTRODUCE 37 12296
SEND 1553584998 INTRODUCE 37 16453
SEND 1553584998 INTRODUCE 37 12182
SEND 1553584998 INTRODUCE 37 18011
SEND 1553584998 INTRODUCE 37 16216
SEND 1553584998 INTRODUCE 37 11800
SEND 1553584998 JOIN 32 17029
RECIEVED 1553584998 INTRODUCE 36 54 0
RECIEVED 1553584998 INTRODUCE 35 54 0
RECIEVED 1553584998 INTRODUCE 36 54 0
RECIEVED 1553584998 INTRODUCE 36 54 0
RECIEVED 1553584998 INTRODUCE 36 54 0
SEND 1553584998 INTRODUCE 36 10826
SEND 1553584998 INTRODUCE 36 15217
SEND 1553584998 INTRODUCE 36 14750
SEND 1553584998 INTRODUCE 36 17075
SEND 1553584998 INTRODUCE 36 12044
SEND 1553584998 INTRODUCE 36 11877
SEND 1553584998 INTRODUCE 36 12468
SEND 1553584998 INTRODUCE 36 15948
SEND 1553584998 INTRODUCE 36 12631
SEND 1553584998 INTRODUCE 36 12476
SEND 1553584998 INTRODUCE 36 12168
SEND 1553584998 INTRODUCE 36 11520
SEND 1553584998 INTRODUCE 36 14721
SEND 1553584998 INTRODUCE 36 18443
SEND 1553584998 INTRODUCE 36 13686
SEND 1553584998 INTRODUCE 36 43291
SEND 1553584998 INTRODUCE 36 16850
SEND 1553584998 INTRODUCE 36 13295
SEND 1553584998 INTRODUCE 36 12299
SEND 1553584998 INTRODUCE 36 11630
SEND 1553584998 INTRODUCE 36 16135
SEND 1553584998 INTRODUCE 36 18320
SEND 1553584998 INTRODUCE 36 12202
SEND 1553584998 INTRODUCE 36 11675
SEND 1553584998 INTRODUCE 36 14941
SEND 1553584998 INTRODUCE 36 15991
SEND 1553584998 INTRODUCE 36 16962
SEND 1553584998 INTRODUCE 36 12584
SEND 1553584998 INTRODUCE 36 15431
SEND 1553584998 INTRODUCE 36 15738
SEND 1553584998 INTRODUCE 36 16660
SEND 1553584998 INTRODUCE 36 16436
SEND 1553584998 INTRODUCE 36 19350
SEND 1553584998 INTRODUCE 36 11680
SEND 1553584998 INTRODUCE 36 34485
SEND 1553584998 INTRODUCE 36 11609
SEND 1553584998 INTRODUCE 36 21540
SEND 1553584998 INTRODUCE 36 12660
SEND 1553584998 INTRODUCE 36 15271
SEND 1553584998 INTRODUCE 36 16211
SEND 1553584998 INTRODUCE 36 14700
SEND 1553584998 INTRODUCE 36 12485
SEND 1553584998 INTRODUCE 36 11683
SEND 1553584998 INTRODUCE 36 13600
SEND 1553584998 INTRODUCE 36 11898
SEND 1553584998 INTRODUCE 36 16039
SEND 1553584998 INTRODUCE 36 15380
SEND 1553584998 INTRODUCE 36 11586
SEND 1553584998 INTRODUCE 36 16387
SEND 1553584998 INTRODUCE 36 15139
SEND 1553584998 INTRODUCE 36 11980
SEND 1553584998 INTRODUCE 36 15957
SEND 1553584998 INTRODUCE 36 12687
SEND 1553584998 INTRODUCE 36 16400
SEND 1553584998 JOIN 32 17460
RECIEVED 1553584998 INTRODUCE 37 55 0
RECIEVED 1553584998 INTRODUCE 37 55 0
RECIEVED 1553584998 INTRODUCE 35 55 0
RECIEVED 1553584998 INTRODUCE 37 55 0
RECIEVED 1553584998 INTRODUCE 36 55 0
RECIEVED 1553584998 INTRODUCE 36 55 0
SEND 1553584998 INTRODUCE 36 14152
SEND 1553584998 INTRODUCE 36 11338
SEND 1553584998 INTRODUCE 36 10990
SEND 1553584998 INTRODUCE 36 22075
SEND 1553584998 INTRODUCE 36 11833
SEND 1553584998 INTRODUCE 36 14808
SEND 1553584998 INTRODUCE 36 14632
SEND 1553584998 INTRODUCE 36 10713
SEND 1553584998 INTRODUCE 36 15016
SEND 1553584998 INTRODUCE 36 10965
SEND 1553584998 INTRODUCE 36 18377
SEND 1553584998 INTRODUCE 36 11340
SEND 1553584998 INTRODUCE 36 15539
SEND 1553584998 INTRODUCE 36 14801
SEND 1553584998 INTRODUCE 36 10787
SEND 1553584998 INTRODUCE 36 11950
SEND 1553584998 INTRODUCE 36 13120
SEND 1553584998 INTRODUCE 36 35377
SEND 1553584998 INTRODUCE 36 15913
# recieved string JOIN node18 172.22.94.217 8018

SEND 1553584998 INTRODUCE 36 21880
SEND 1553584998 INTRODUCE 36 10015
SEND 1553584998 INTRODUCE 36 16246
SEND 1553584998 INTRODUCE 36 15592
SEND 1553584998 INTRODUCE 36 11796
SEND 1553584998 INTRODUCE 36 11500
SEND 1553584998 INTRODUCE 36 16034
SEND 1553584998 INTRODUCE 36 15507
SEND 1553584998 INTRODUCE 36 14825
SEND 1553584998 INTRODUCE 36 15520
SEND 1553584998 INTRODUCE 36 13505
SEND 1553584998 INTRODUCE 36 11371
SEND 1553584998 INTRODUCE 36 20216
SEND 1553584998 INTRODUCE 36 16095
SEND 1553584998 INTRODUCE 36 26482
SEND 1553584998 INTRODUCE 36 12278
SEND 1553584998 INTRODUCE 36 19482
SEND 1553584998 INTRODUCE 36 16692
SEND 1553584998 INTRODUCE 36 12016
SEND 1553584998 INTRODUCE 36 14243
SEND 1553584998 INTRODUCE 36 17261
SEND 1553584998 INTRODUCE 36 11144
SEND 1553584998 INTRODUCE 36 12188
SEND 1553584998 INTRODUCE 36 15548
SEND 1553584998 INTRODUCE 36 22754
SEND 1553584998 INTRODUCE 36 12287
SEND 1553584998 INTRODUCE 36 12632
SEND 1553584998 INTRODUCE 36 12167
SEND 1553584998 INTRODUCE 36 11771
SEND 1553584998 INTRODUCE 36 15993
SEND 1553584998 INTRODUCE 36 11974
SEND 1553584998 INTRODUCE 36 10988
SEND 1553584998 INTRODUCE 36 15677
SEND 1553584998 INTRODUCE 36 16292
SEND 1553584998 INTRODUCE 36 14932
SEND 1553584998 INTRODUCE 36 13514
SEND 1553584998 JOIN 32 17288
RECIEVED 1553584998 INTRODUCE 36 56 0
RECIEVED 1553584998 INTRODUCE 36 56 0
RECIEVED 1553584998 INTRODUCE 36 56 0
RECIEVED 1553584998 INTRODUCE 35 56 0
RECIEVED 1553584998 INTRODUCE 36 56 0
RECIEVED 1553584998 INTRODUCE 36 56 0
RECIEVED 1553584998 INTRODUCE 37 56 0
RECIEVED 1553584998 INTRODUCE 37 56 0
RECIEVED 1553584998 INTRODUCE 36 56 0
RECIEVED 1553584998 INTRODUCE 37 56 0
RECIEVED 1553584998 INTRODUCE 36 56 0
RECIEVED 1553584998 INTRODUCE 37 56 0
RECIEVED 1553584998 INTRODUCE 35 56 0
RECIEVED 1553584998 INTRODUCE 35 56 0
RECIEVED 1553584998 INTRODUCE 37 56 0
RECIEVED 1553584998 INTRODUCE 36 56 0
RECIEVED 1553584998 INTRODUCE 37 56 0
RECIEVED 1553584998 INTRODUCE 36 56 0
RECIEVED 1553584998 INTRODUCE 35 56 0
RECIEVED 1553584998 INTRODUCE 35 56 0
RECIEVED 1553584998 INTRODUCE 36 56 0
RECIEVED 1553584998 INTRODUCE 36 56 0
RECIEVED 1553584998 INTRODUCE 37 56 0
RECIEVED 1553584998 INTRODUCE 37 56 0
RECIEVED 1553584998 INTRODUCE 37 56 0
RECIEVED 1553584998 INTRODUCE 36 56 0
RECIEVED 1553584998 INTRODUCE 37 56 0
RECIEVED 1553584998 INTRODUCE 36 56 0
RECIEVED 1553584998 INTRODUCE 36 56 0
RECIEVED 1553584998 INTRODUCE 35 56 0
RECIEVED 1553584998 INTRODUCE 37 56 0
RECIEVED 1553584998 INTRODUCE 37 56 0
SEND 1553584998 INTRODUCE 37 15052
SEND 1553584998 INTRODUCE 37 12157
SEND 1553584998 INTRODUCE 37 14023
SEND 1553584998 INTRODUCE 37 14467
SEND 1553584998 INTRODUCE 37 12065
SEND 1553584998 INTRODUCE 37 10834
SEND 1553584998 INTRODUCE 37 28935
SEND 1553584998 INTRODUCE 37 15808
SEND 1553584998 INTRODUCE 37 16366
SEND 1553584998 INTRODUCE 37 12450
SEND 1553584998 INTRODUCE 37 11375
SEND 1553584998 INTRODUCE 37 12802
SEND 1553584998 INTRODUCE 37 16028
SEND 1553584998 INTRODUCE 37 16123
SEND 1553584998 INTRODUCE 37 16463
SEND 1553584998 INTRODUCE 37 11871
# recieved string JOIN node16 172.22.156.206 8016

SEND 1553584998 INTRODUCE 37 16111
SEND 1553584998 INTRODUCE 37 17147
SEND 1553584998 INTRODUCE 37 13923
SEND 1553584998 INTRODUCE 37 11867
SEND 1553584998 INTRODUCE 37 11116
SEND 1553584998 INTRODUCE 37 11656
SEND 1553584998 INTRODUCE 37 11343
SEND 1553584998 INTRODUCE 37 11532
SEND 1553584998 INTRODUCE 37 11748
SEND 1553584998 INTRODUCE 37 14652
SEND 1553584998 INTRODUCE 37 14871
SEND 1553584998 INTRODUCE 37 13958
SEND 1553584998 INTRODUCE 37 11452
SEND 1553584998 INTRODUCE 37 14938
SEND 1553584998 INTRODUCE 37 14710
SEND 1553584998 INTRODUCE 37 14575
SEND 1553584998 INTRODUCE 37 10690
SEND 1553584998 INTRODUCE 37 15018
SEND 1553584998 INTRODUCE 37 17709
SEND 1553584998 INTRODUCE 37 15730
SEND 1553584998 INTRODUCE 37 11404
SEND 1553584998 INTRODUCE 37 14981
SEND 1553584998 INTRODUCE 37 10944
SEND 1553584998 INTRODUCE 37 11212
SEND 1553584998 INTRODUCE 37 15108
SEND 1553584998 INTRODUCE 37 15506
SEND 1553584998 INTRODUCE 37 11564
SEND 1553584998 INTRODUCE 37 11734
SEND 1553584998 INTRODUCE 37 13955
SEND 1553584998 INTRODUCE 37 11769
SEND 1553584998 INTRODUCE 37 15555
SEND 1553584998 INTRODUCE 37 11779
SEND 1553584998 INTRODUCE 37 15490
SEND 1553584998 INTRODUCE 37 11671
SEND 1553584998 INTRODUCE 37 16518
SEND 1553584998 INTRODUCE 37 15320
SEND 1553584998 INTRODUCE 37 16380
SEND 1553584998 INTRODUCE 37 13685
SEND 1553584998 INTRODUCE 37 12807
SEND 1553584998 INTRODUCE 37 10935
SEND 1553584998 JOIN 32 19180
RECIEVED 1553584998 INTRODUCE 37 57 0
RECIEVED 1553584998 INTRODUCE 35 57 0
RECIEVED 1553584998 INTRODUCE 36 57 0
RECIEVED 1553584998 INTRODUCE 36 57 0
RECIEVED 1553584998 INTRODUCE 35 57 0
RECIEVED 1553584998 INTRODUCE 35 57 0
RECIEVED 1553584998 INTRODUCE 36 57 0
RECIEVED 1553584998 INTRODUCE 36 57 0
RECIEVED 1553584998 INTRODUCE 36 57 0
RECIEVED 1553584998 INTRODUCE 36 57 0
RECIEVED 1553584998 INTRODUCE 37 57 0
RECIEVED 1553584998 INTRODUCE 35 57 0
RECIEVED 1553584998 INTRODUCE 36 57 0
RECIEVED 1553584998 INTRODUCE 36 57 0
RECIEVED 1553584998 INTRODUCE 37 57 0
RECIEVED 1553584998 INTRODUCE 37 57 0
RECIEVED 1553584998 INTRODUCE 36 57 0
RECIEVED 1553584998 INTRODUCE 36 57 0
RECIEVED 1553584998 INTRODUCE 36 57 0
RECIEVED 1553584998 INTRODUCE 37 57 0
RECIEVED 1553584998 INTRODUCE 35 57 0
RECIEVED 1553584998 INTRODUCE 37 57 0
RECIEVED 1553584998 INTRODUCE 36 57 0
RECIEVED 1553584998 INTRODUCE 37 57 0
RECIEVED 1553584998 INTRODUCE 36 57 0
RECIEVED 1553584998 INTRODUCE 37 57 0
RECIEVED 1553584998 INTRODUCE 36 57 0
RECIEVED 1553584998 INTRODUCE 35 57 0
RECIEVED 1553584998 INTRODUCE 36 57 0
RECIEVED 1553584998 INTRODUCE 35 57 0
RECIEVED 1553584998 INTRODUCE 36 57 0
RECIEVED 1553584998 INTRODUCE 37 57 0
RECIEVED 1553584998 INTRODUCE 35 57 0
RECIEVED 1553584998 INTRODUCE 36 57 0
RECIEVED 1553584998 INTRODUCE 36 57 0
SEND 1553584998 INTRODUCE 36 15860
SEND 1553584998 INTRODUCE 36 16351
SEND 1553584998 INTRODUCE 36 16759
SEND 1553584998 INTRODUCE 36 12760
SEND 1553584998 INTRODUCE 36 15804
SEND 1553584998 INTRODUCE 36 11953
SEND 1553584998 INTRODUCE 36 16091
SEND 1553584998 INTRODUCE 36 16210
SEND 1553584998 INTRODUCE 36 11167
SEND 1553584998 INTRODUCE 36 12615
SEND 1553584998 INTRODUCE 36 13794
SEND 1553584998 INTRODUCE 36 12025
SEND 1553584998 INTRODUCE 36 11427
SEND 1553584998 INTRODUCE 36 15615
SEND 1553584998 INTRODUCE 36 16354
SEND 1553584998 INTRODUCE 36 11328
SEND 1553584998 INTRODUCE 36 16719
SEND 1553584998 INTRODUCE 36 15995
SEND 1553584998 INTRODUCE 36 15359
SEND 1553584998 INTRODUCE 36 13233
SEND 1553584998 INTRODUCE 36 13941
SEND 1553584998 INTRODUCE 36 14148
SEND 1553584998 INTRODUCE 36 17628
SEND 1553584998 INTRODUCE 36 17840
SEND 1553584998 INTRODUCE 36 14203
SEND 1553584998 INTRODUCE 36 11535
SEND 1553584998 INTRODUCE 36 13162
SEND 1553584998 INTRODUCE 36 16625
SEND 1553584998 INTRODUCE 36 11613
SEND 1553584998 INTRODUCE 36 16510
SEND 1553584998 INTRODUCE 36 16385
SEND 1553584998 INTRODUCE 36 14421
SEND 1553584998 INTRODUCE 36 12576
SEND 1553584998 INTRODUCE 36 18221
SEND 1553584998 INTRODUCE 36 11915
SEND 1553584998 INTRODUCE 36 17480
SEND 1553584998 INTRODUCE 36 15470
SEND 1553584998 INTRODUCE 36 12220
SEND 1553584998 INTRODUCE 36 19179
SEND 1553584998 INTRODUCE 36 16206
SEND 1553584998 INTRODUCE 36 15137
SEND 1553584998 INTRODUCE 36 17059
SEND 1553584998 INTRODUCE 36 12099
SEND 1553584998 INTRODUCE 36 12311
SEND 1553584998 INTRODUCE 36 11615
SEND 1553584998 INTRODUCE 36 11762
SEND 1553584998 INTRODUCE 36 10746
SEND 1553584998 INTRODUCE 36 11560
# recieved string JOIN node16 172.22.94.217 8016

SEND 1553584998 INTRODUCE 36 16550
SEND 1553584998 INTRODUCE 36 11528
SEND 1553584998 INTRODUCE 36 13664
SEND 1553584998 INTRODUCE 36 12019
SEND 1553584998 INTRODUCE 36 14438
SEND 1553584998 INTRODUCE 36 17388
SEND 1553584998 INTRODUCE 36 12381
SEND 1553584998 INTRODUCE 36 12435
SEND 1553584998 INTRODUCE 36 14679
SEND 1553584998 JOIN 32 12282
RECIEVED 1553584998 INTRODUCE 36 58 0
RECIEVED 1553584998 INTRODUCE 35 58 0
RECIEVED 1553584998 INTRODUCE 36 58 0
RECIEVED 1553584998 INTRODUCE 36 58 0
RECIEVED 1553584998 INTRODUCE 36 58 0
RECIEVED 1553584998 INTRODUCE 36 58 0
RECIEVED 1553584998 INTRODUCE 37 58 0
RECIEVED 1553584998 INTRODUCE 36 58 0
RECIEVED 1553584998 INTRODUCE 37 58 0
RECIEVED 1553584998 INTRODUCE 35 58 0
RECIEVED 1553584998 INTRODUCE 36 58 0
RECIEVED 1553584998 INTRODUCE 37 58 0
RECIEVED 1553584998 INTRODUCE 36 58 0
RECIEVED 1553584998 INTRODUCE 36 58 0
RECIEVED 1553584998 INTRODUCE 35 58 0
RECIEVED 1553584998 INTRODUCE 37 58 0
RECIEVED 1553584998 INTRODUCE 35 58 0
RECIEVED 1553584998 INTRODUCE 37 58 0
RECIEVED 1553584998 INTRODUCE 36 58 0
RECIEVED 1553584998 INTRODUCE 36 58 0
RECIEVED 1553584998 INTRODUCE 36 58 0
RECIEVED 1553584998 INTRODUCE 36 58 0
RECIEVED 1553584998 INTRODUCE 36 58 0
RECIEVED 1553584998 INTRODUCE 37 58 0
RECIEVED 1553584998 INTRODUCE 35 58 0
RECIEVED 1553584998 INTRODUCE 36 58 0
RECIEVED 1553584998 INTRODUCE 37 58 0
RECIEVED 1553584998 INTRODUCE 36 58 0
RECIEVED 1553584998 INTRODUCE 35 58 0
RECIEVED 1553584998 INTRODUCE 37 58 0
RECIEVED 1553584998 INTRODUCE 35 58 0
RECIEVED 1553584998 INTRODUCE 36 58 0
RECIEVED 1553584998 INTRODUCE 37 58 0
RECIEVED 1553584998 INTRODUCE 36 58 0
RECIEVED 1553584998 INTRODUCE 36 58 0
RECIEVED 1553584998 INTRODUCE 36 58 0
RECIEVED 1553584998 INTRODUCE 37 58 0
RECIEVED 1553584998 INTRODUCE 36 58 0
RECIEVED 1553584998 INTRODUCE 37 58 0
RECIEVED 1553584998 INTRODUCE 35 58 0
RECIEVED 1553584998 INTRODUCE 36 58 0
RECIEVED 1553584998 INTRODUCE 37 58 0
RECIEVED 1553584998 INTRODUCE 36 58 0
RECIEVED 1553584998 INTRODUCE 37 58 0
RECIEVED 1553584998 INTRODUCE 36 58 0
RECIEVED 1553584998 INTRODUCE 36 58 0
RECIEVED 1553584998 INTRODUCE 35 58 0
RECIEVED 1553584998 INTRODUCE 36 58 0
RECIEVED 1553584998 INTRODUCE 37 58 0
RECIEVED 1553584998 INTRODUCE 35 58 0
RECIEVED 1553584998 INTRODUCE 35 58 0
RECIEVED 1553584998 INTRODUCE 36 58 0
RECIEVED 1553584998 INTRODUCE 36 58 0
RECIEVED 1553584998 INTRODUCE 37 58 0
RECIEVED 1553584998 INTRODUCE 36 58 0
RECIEVED 1553584998 INTRODUCE 36 58 0
RECIEVED 1553584998 INTRODUCE 36 58 0
RECIEVED 1553584998 INTRODUCE 37 58 0
RECIEVED 1553584998 INTRODUCE 36 58 0
RECIEVED 1553584998 INTRODUCE 37 58 0
RECIEVED 1553584998 INTRODUCE 36 58 0
RECIEVED 1553584998 INTRODUCE 37 58 0
RECIEVED 1553584998 INTRODUCE 36 58 0
RECIEVED 1553584998 INTRODUCE 37 58 0
RECIEVED 1553584998 INTRODUCE 36 58 0
RECIEVED 1553584998 INTRODUCE 37 58 0
RECIEVED 1553584998 INTRODUCE 36 58 0
RECIEVED 1553584998 INTRODUCE 36 58 0
RECIEVED 1553584998 INTRODUCE 35 58 0
RECIEVED 1553584998 INTRODUCE 37 58 0
RECIEVED 1553584998 INTRODUCE 36 58 0
RECIEVED 1553584998 INTRODUCE 37 58 0
RECIEVED 1553584998 INTRODUCE 37 58 0
RECIEVED 1553584998 INTRODUCE 37 58 0
RECIEVED 1553584998 JOIN 31 58 0
RECIEVED 1553584998 JOIN 32 58 0
RECIEVED 1553584998 INTRODUCE 36 58 0
RECIEVED 1553584998 INTRODUCE 37 58 0
RECIEVED 1553584998 INTRODUCE 36 58 0
RECIEVED 1553584998 INTRODUCE 37 58 0
RECIEVED 1553584998 INTRODUCE 36 58 0
RECIEVED 1553584998 INTRODUCE 36 58 0
RECIEVED 1553584998 INTRODUCE 37 58 0
RECIEVED 1553584998 INTRODUCE 35 58 0
RECIEVED 1553584998 INTRODUCE 36 58 0
RECIEVED 1553584998 INTRODUCE 35 58 0
RECIEVED 1553584998 INTRODUCE 36 58 0
RECIEVED 1553584998 INTRODUCE 36 58 0
RECIEVED 1553584998 INTRODUCE 36 58 0
RECIEVED 1553584998 INTRODUCE 35 58 0
RECIEVED 1553584998 INTRODUCE 37 58 0
RECIEVED 1553584998 INTRODUCE 35 58 0
RECIEVED 1553584998 INTRODUCE 36 58 0
RECIEVED 1553584998 INTRODUCE 37 58 0
RECIEVED 1553584998 INTRODUCE 36 58 0
RECIEVED 1553584998 INTRODUCE 35 58 0
RECIEVED 1553584998 INTRODUCE 35 58 0
RECIEVED 1553584998 INTRODUCE 37 58 0
RECIEVED 1553584998 INTRODUCE 37 58 0
RECIEVED 1553584998 INTRODUCE 36 58 0
RECIEVED 1553584998 INTRODUCE 36 58 0
RECIEVED 1553584998 INTRODUCE 37 58 0
RECIEVED 1553584998 INTRODUCE 37 58 0
RECIEVED 1553584998 INTRODUCE 36 58 0
RECIEVED 1553584998 INTRODUCE 36 58 0
RECIEVED 1553584998 INTRODUCE 36 58 0
RECIEVED 1553584998 INTRODUCE 36 58 0
RECIEVED 1553584998 INTRODUCE 37 58 0
RECIEVED 1553584998 INTRODUCE 37 58 0
RECIEVED 1553584998 INTRODUCE 36 58 0
RECIEVED 1553584998 INTRODUCE 35 58 0
RECIEVED 1553584998 INTRODUCE 36 58 0
RECIEVED 1553584998 INTRODUCE 36 58 0
RECIEVED 1553584998 INTRODUCE 37 58 0
RECIEVED 1553584998 INTRODUCE 37 58 0
RECIEVED 1553584998 INTRODUCE 36 58 0
RECIEVED 1553584998 INTRODUCE 35 58 0
RECIEVED 1553584998 INTRODUCE 36 58 0
RECIEVED 1553584998 INTRODUCE 35 58 0
RECIEVED 1553584998 INTRODUCE 36 58 0
RECIEVED 1553584998 INTRODUCE 36 58 0
RECIEVED 1553584998 INTRODUCE 36 58 0
RECIEVED 1553584998 INTRODUCE 35 58 0
RECIEVED 1553584998 INTRODUCE 36 58 0
RECIEVED 1553584998 INTRODUCE 36 58 0
RECIEVED 1553584998 INTRODUCE 37 58 0
RECIEVED 1553584998 JOIN 31 58 0
RECIEVED 1553584998 INTRODUCE 37 58 0
RECIEVED 1553584998 INTRODUCE 36 58 0
RECIEVED 1553584998 INTRODUCE 36 58 0
RECIEVED 1553584998 JOIN 32 58 0
RECIEVED 1553584998 INTRODUCE 37 58 0
RECIEVED 1553584998 INTRODUCE 36 58 0
RECIEVED 1553584998 INTRODUCE 36 58 0
RECIEVED 1553584998 INTRODUCE 35 58 0
RECIEVED 1553584998 INTRODUCE 37 58 0
RECIEVED 1553584998 INTRODUCE 36 58 0
RECIEVED 1553584998 INTRODUCE 37 58 0
RECIEVED 1553584998 INTRODUCE 36 58 0
RECIEVED 1553584998 INTRODUCE 36 58 0
RECIEVED 1553584998 INTRODUCE 35 58 0
RECIEVED 1553584998 INTRODUCE 36 58 0
RECIEVED 1553584998 INTRODUCE 36 58 0
RECIEVED 1553584998 INTRODUCE 37 58 0
RECIEVED 1553584998 INTRODUCE 35 58 0
RECIEVED 1553584998 INTRODUCE 36 58 0
RECIEVED 1553584998 INTRODUCE 36 58 0
RECIEVED 1553584998 INTRODUCE 37 58 0
RECIEVED 1553584998 INTRODUCE 35 58 0
RECIEVED 1553584998 INTRODUCE 36 58 0
RECIEVED 1553584998 INTRODUCE 35 58 0
RECIEVED 1553584998 INTRODUCE 35 58 0
RECIEVED 1553584998 INTRODUCE 36 58 0
RECIEVED 1553584998 INTRODUCE 36 58 0
RECIEVED 1553584998 INTRODUCE 36 58 0
RECIEVED 1553584998 INTRODUCE 36 58 0
RECIEVED 1553584998 INTRODUCE 37 58 0
RECIEVED 1553584998 INTRODUCE 36 58 0
RECIEVED 1553584998 INTRODUCE 36 58 0
RECIEVED 1553584998 INTRODUCE 36 58 0
RECIEVED 1553584998 INTRODUCE 37 58 0
RECIEVED 1553584998 INTRODUCE 37 58 0
RECIEVED 1553584998 INTRODUCE 36 58 0
RECIEVED 1553584998 INTRODUCE 36 58 0
RECIEVED 1553584998 INTRODUCE 37 58 0
RECIEVED 1553584998 INTRODUCE 36 58 0
RECIEVED 1553584998 INTRODUCE 36 58 0
RECIEVED 1553584998 INTRODUCE 36 58 0
RECIEVED 1553584998 INTRODUCE 37 58 0
RECIEVED 1553584998 INTRODUCE 36 58 0
RECIEVED 1553584998 INTRODUCE 35 58 0
RECIEVED 1553584998 INTRODUCE 36 58 0
RECIEVED 1553584998 INTRODUCE 37 58 0
RECIEVED 1553584998 INTRODUCE 37 58 0
RECIEVED 1553584998 INTRODUCE 35 58 0
RECIEVED 1553584998 INTRODUCE 37 58 0
RECIEVED 1553584998 INTRODUCE 37 58 0
RECIEVED 1553584998 INTRODUCE 37 58 0
RECIEVED 1553584998 INTRODUCE 36 58 0
RECIEVED 1553584998 INTRODUCE 36 58 0
RECIEVED 1553584998 INTRODUCE 37 58 0
RECIEVED 1553584998 INTRODUCE 35 58 0
RECIEVED 1553584998 INTRODUCE 36 58 0
RECIEVED 1553584998 INTRODUCE 37 58 0
RECIEVED 1553584998 INTRODUCE 36 58 0
RECIEVED 1553584998 INTRODUCE 36 58 0
RECIEVED 1553584998 INTRODUCE 37 58 0
RECIEVED 1553584998 INTRODUCE 36 58 0
RECIEVED 1553584998 INTRODUCE 36 58 0
RECIEVED 1553584998 INTRODUCE 37 58 0
RECIEVED 1553584998 INTRODUCE 36 58 0
RECIEVED 1553584998 INTRODUCE 37 58 0
RECIEVED 1553584998 INTRODUCE 36 58 0
RECIEVED 1553584998 INTRODUCE 36 58 0
RECIEVED 1553584998 INTRODUCE 37 58 0
RECIEVED 1553584998 INTRODUCE 37 58 0
RECIEVED 1553584998 INTRODUCE 36 58 0
RECIEVED 1553584998 INTRODUCE 36 58 0
RECIEVED 1553584998 INTRODUCE 36 58 0
RECIEVED 1553584998 INTRODUCE 36 58 0
RECIEVED 1553584998 INTRODUCE 36 58 0
RECIEVED 1553584998 INTRODUCE 35 58 0
RECIEVED 1553584998 INTRODUCE 36 58 0
RECIEVED 1553584998 INTRODUCE 36 58 0
RECIEVED 1553584998 INTRODUCE 36 58 0
RECIEVED 1553584998 INTRODUCE 36 58 0
RECIEVED 1553584998 INTRODUCE 36 58 0
RECIEVED 1553584998 INTRODUCE 37 58 0
RECIEVED 1553584998 INTRODUCE 37 58 0
RECIEVED 1553584998 INTRODUCE 37 58 0
RECIEVED 1553584998 INTRODUCE 35 58 0
RECIEVED 1553584998 INTRODUCE 36 58 0
RECIEVED 1553584998 INTRODUCE 37 58 0
RECIEVED 1553584998 INTRODUCE 37 58 0
RECIEVED 1553584998 INTRODUCE 36 58 0
RECIEVED 1553584998 INTRODUCE 37 58 0
RECIEVED 1553584998 INTRODUCE 36 58 0
RECIEVED 1553584998 INTRODUCE 35 58 0
RECIEVED 1553584998 INTRODUCE 37 58 0
RECIEVED 1553584998 INTRODUCE 36 58 0
RECIEVED 1553584998 INTRODUCE 35 58 0
RECIEVED 1553584998 INTRODUCE 36 58 0
RECIEVED 1553584998 INTRODUCE 37 58 0
RECIEVED 1553584998 INTRODUCE 37 58 0
RECIEVED 1553584998 INTRODUCE 35 58 0
RECIEVED 1553584998 INTRODUCE 36 58 0
RECIEVED 1553584998 INTRODUCE 37 58 0
RECIEVED 1553584998 INTRODUCE 36 58 0
RECIEVED 1553584998 INTRODUCE 36 58 0
RECIEVED 1553584998 INTRODUCE 36 58 0
RECIEVED 1553584998 INTRODUCE 37 58 0
RECIEVED 1553584998 INTRODUCE 35 58 0
RECIEVED 1553584998 INTRODUCE 36 58 0
RECIEVED 1553584998 INTRODUCE 36 58 0
RECIEVED 1553584998 INTRODUCE 36 58 0
RECIEVED 1553584998 INTRODUCE 37 58 0
RECIEVED 1553584998 INTRODUCE 36 58 0
RECIEVED 1553584998 INTRODUCE 35 58 0
RECIEVED 1553584998 INTRODUCE 35 58 0
RECIEVED 1553584998 INTRODUCE 35 58 0
RECIEVED 1553584998 INTRODUCE 35 58 0
RECIEVED 1553584998 INTRODUCE 37 58 0
RECIEVED 1553584998 INTRODUCE 35 58 0
RECIEVED 1553584998 INTRODUCE 36 58 0
RECIEVED 1553584998 INTRODUCE 37 58 0
RECIEVED 1553584998 INTRODUCE 36 58 0
RECIEVED 1553584998 INTRODUCE 35 58 0
RECIEVED 1553584998 INTRODUCE 36 58 0
RECIEVED 1553584998 INTRODUCE 35 58 0
RECIEVED 1553584998 INTRODUCE 36 58 0
RECIEVED 1553584998 INTRODUCE 35 58 0
RECIEVED 1553584998 INTRODUCE 37 58 0
RECIEVED 1553584998 INTRODUCE 36 58 0
RECIEVED 1553584998 INTRODUCE 36 58 0
RECIEVED 1553584998 INTRODUCE 36 58 0
RECIEVED 1553584998 INTRODUCE 35 58 0
RECIEVED 1553584998 INTRODUCE 37 58 0
RECIEVED 1553584998 INTRODUCE 36 58 0
RECIEVED 1553584998 INTRODUCE 37 58 0
RECIEVED 1553584998 INTRODUCE 36 58 0
RECIEVED 1553584998 INTRODUCE 35 58 0
RECIEVED 1553584998 INTRODUCE 36 58 0
RECIEVED 1553584998 INTRODUCE 35 58 0
RECIEVED 1553584998 INTRODUCE 36 58 0
RECIEVED 1553584998 INTRODUCE 36 58 0
RECIEVED 1553584998 INTRODUCE 35 58 0
RECIEVED 1553584998 INTRODUCE 37 58 0
RECIEVED 1553584998 INTRODUCE 36 58 0
RECIEVED 1553584998 INTRODUCE 36 58 0
RECIEVED 1553584998 INTRODUCE 35 58 0
RECIEVED 1553584998 INTRODUCE 36 58 0
RECIEVED 1553584998 INTRODUCE 36 58 0
RECIEVED 1553584998 INTRODUCE 36 58 0
RECIEVED 1553584998 INTRODUCE 37 58 0
RECIEVED 1553584998 INTRODUCE 37 58 0
RECIEVED 1553584998 INTRODUCE 36 58 0
RECIEVED 1553584998 INTRODUCE 37 58 0
RECIEVED 1553584998 INTRODUCE 36 58 0
RECIEVED 1553584998 INTRODUCE 36 58 0
RECIEVED 1553584998 INTRODUCE 36 58 0
RECIEVED 1553584998 INTRODUCE 37 58 0
RECIEVED 1553584998 INTRODUCE 36 58 0
RECIEVED 1553584998 INTRODUCE 36 58 0
RECIEVED 1553584998 INTRODUCE 35 58 0
RECIEVED 1553584998 INTRODUCE 37 58 0
RECIEVED 1553584998 INTRODUCE 36 58 0
RECIEVED 1553584998 INTRODUCE 36 58 0
RECIEVED 1553584998 INTRODUCE 37 58 0
RECIEVED 1553584998 INTRODUCE 37 58 0
RECIEVED 1553584998 INTRODUCE 37 58 0
RECIEVED 1553584998 INTRODUCE 37 58 0
RECIEVED 1553584998 INTRODUCE 37 58 0
RECIEVED 1553584998 INTRODUCE 37 58 0
RECIEVED 1553584998 INTRODUCE 36 58 0
RECIEVED 1553584998 INTRODUCE 36 58 0
RECIEVED 1553584998 INTRODUCE 36 58 0
RECIEVED 1553584998 JOIN 32 58 0
RECIEVED 1553584998 INTRODUCE 36 58 0
RECIEVED 1553584998 JOIN 32 58 0
RECIEVED 1553584998 INTRODUCE 36 58 0
RECIEVED 1553584998 INTRODUCE 35 58 0
RECIEVED 1553584998 INTRODUCE 36 58 0
RECIEVED 1553584998 JOIN 31 58 0
RECIEVED 1553584998 INTRODUCE 37 58 0
RECIEVED 1553584998 JOIN 32 58 0
RECIEVED 1553584998 INTRODUCE 37 58 0
RECIEVED 1553584998 JOIN 31 58 0
RECIEVED 1553584998 INTRODUCE 37 58 0
RECIEVED 1553584998 INTRODUCE 36 58 0
RECIEVED 1553584998 INTRODUCE 36 58 0
RECIEVED 1553584998 TRANSACTION 81 58 0
UPDATE 1553584998 TRANSACTION 1c89a963eb014b3f47c841eb368536e8
SEND 1553584998 TRANSACTION 81 13459 1c89a963eb014b3f47c841eb368536e8
SEND 1553584998 TRANSACTION 81 20190 1c89a963eb014b3f47c841eb368536e8
SEND 1553584998 TRANSACTION 81 14181 1c89a963eb014b3f47c841eb368536e8
SEND 1553584998 TRANSACTION 81 16851 1c89a963eb014b3f47c841eb368536e8
SEND 1553584998 TRANSACTION 81 15481 1c89a963eb014b3f47c841eb368536e8
SEND 1553584998 TRANSACTION 81 12010 1c89a963eb014b3f47c841eb368536e8
SEND 1553584998 TRANSACTION 81 11554 1c89a963eb014b3f47c841eb368536e8
SEND 1553584998 TRANSACTION 81 16400 1c89a963eb014b3f47c841eb368536e8
SEND 1553584998 TRANSACTION 81 16831 1c89a963eb014b3f47c841eb368536e8
SEND 1553584998 TRANSACTION 81 12220 1c89a963eb014b3f47c841eb368536e8
SEND 1553584998 TRANSACTION 81 17474 1c89a963eb014b3f47c841eb368536e8
SEND 1553584998 TRANSACTION 81 16817 1c89a963eb014b3f47c841eb368536e8
SEND 1553584998 TRANSACTION 81 18152 1c89a963eb014b3f47c841eb368536e8
SEND 1553584998 TRANSACTION 81 12474 1c89a963eb014b3f47c841eb368536e8
SEND 1553584998 TRANSACTION 81 18568 1c89a963eb014b3f47c841eb368536e8
SEND 1553584998 TRANSACTION 81 16595 1c89a963eb014b3f47c841eb368536e8
SEND 1553584998 TRANSACTION 81 12762 1c89a963eb014b3f47c841eb368536e8
SEND 1553584998 TRANSACTION 81 16601 1c89a963eb014b3f47c841eb368536e8
SEND 1553584998 TRANSACTION 81 16469 1c89a963eb014b3f47c841eb368536e8
SEND 1553584998 TRANSACTION 81 17165 1c89a963eb014b3f47c841eb368536e8
# Failed listening 
%!(EXTRA string=node16)# ERROR: EOF
# Failed listening 
%!(EXTRA string=node17)# ERROR: read tcp 172.22.156.206:46936->172.22.94.217:8017: read: connection reset by peer
# Failed listening 
%!(EXTRA string=node18)# ERROR: read tcp 172.22.156.206:54072->172.22.94.217:8018: read: connection reset by peer
RECIEVED 1553585001 TRANSACTION 81 58 1
UPDATE 1553585001 TRANSACTION 6c7983181e073fb7a13a152467bb51b7
SEND 1553585001 TRANSACTION 81 14647 6c7983181e073fb7a13a152467bb51b7
SEND 1553585001 TRANSACTION 81 20346 6c7983181e073fb7a13a152467bb51b7
SEND 1553585001 TRANSACTION 81 23053 6c7983181e073fb7a13a152467bb51b7
SEND 1553585001 TRANSACTION 81 20360 6c7983181e073fb7a13a152467bb51b7
SEND 1553585001 TRANSACTION 81 15787 6c7983181e073fb7a13a152467bb51b7
SEND 1553585001 TRANSACTION 81 14683 6c7983181e073fb7a13a152467bb51b7
SEND 1553585001 TRANSACTION 81 16133 6c7983181e073fb7a13a152467bb51b7
SEND 1553585001 TRANSACTION 81 21119 6c7983181e073fb7a13a152467bb51b7
SEND 1553585001 TRANSACTION 81 20475 6c7983181e073fb7a13a152467bb51b7
SEND 1553585001 TRANSACTION 81 15105 6c7983181e073fb7a13a152467bb51b7
SEND 1553585001 TRANSACTION 81 23037 6c7983181e073fb7a13a152467bb51b7
SEND 1553585001 TRANSACTION 81 19934 6c7983181e073fb7a13a152467bb51b7
SEND 1553585001 TRANSACTION 81 16132 6c7983181e073fb7a13a152467bb51b7
SEND 1553585001 TRANSACTION 81 16082 6c7983181e073fb7a13a152467bb51b7
SEND 1553585001 TRANSACTION 81 24660 6c7983181e073fb7a13a152467bb51b7
SEND 1553585001 TRANSACTION 81 15296 6c7983181e073fb7a13a152467bb51b7
SEND 1553585001 TRANSACTION 81 26991 6c7983181e073fb7a13a152467bb51b7
RECIEVED 1553585001 TRANSACTION 81 58 2
# Failed listening 
%!(EXTRA string=node15)# ERROR: read tcp 172.22.156.206:55316->172.22.156.206:8015: read: connection reset by peer
# Failed listening 
%!(EXTRA string=node14)# ERROR: read tcp 172.22.156.206:44814->172.22.156.206:8014: read: connection reset by peer
RECIEVED 1553585005 INTRODUCE 35 58 2
RECIEVED 1553585006 HB 3 58 2
SEND 1553585006 INTRODUCE 36 35283
SEND 1553585006 INTRODUCE 36 36796
SEND 1553585006 INTRODUCE 37 22643
SEND 1553585006 INTRODUCE 36 15468
SEND 1553585006 INTRODUCE 36 20019
SEND 1553585006 INTRODUCE 36 15256
SEND 1553585006 INTRODUCE 37 13796
SEND 1553585006 INTRODUCE 36 13244
SEND 1553585006 INTRODUCE 36 24856
SEND 1553585006 INTRODUCE 36 21447
SEND 1553585006 INTRODUCE 37 15775
SEND 1553585006 INTRODUCE 36 15200
SEND 1553585006 INTRODUCE 36 25376
SEND 1553585006 INTRODUCE 36 15967
SEND 1553585006 INTRODUCE 37 16444
SEND 1553585006 INTRODUCE 36 15778
# Failed sending to node node14
# ERROR: write tcp 172.22.156.206:44814->172.22.156.206:8014: write: broken pipe
# Failed sending to node node14
# ERROR: write tcp 172.22.156.206:44814->172.22.156.206:8014: write: broken pipe
# Failed listening 
%!(EXTRA string=node19)# ERROR: read tcp 172.22.156.206:43808->172.22.94.217:8019: read: connection reset by peer
# Failed listening 
%!(EXTRA string=node13)# ERROR: read tcp 172.22.156.206:46944->172.22.156.206:8013: read: connection reset by peer
# Failed listening 
%!(EXTRA string=node16)# ERROR: read tcp 172.22.156.206:60442->172.22.156.206:8016: read: connection reset by peer
# Failed listening 
%!(EXTRA string=node9)# ERROR: EOF
