RECIEVED 1554057548 INTRODUCE 37 0 0
SEND 1554057548 JOIN 32 27331
RECIEVED 1554057548 INTRODUCE 37 1 0
SEND 1554057548 INTRODUCE 37 13088
SEND 1554057548 JOIN 32 30820
RECIEVED 1554057548 INTRODUCE 37 2 0
SEND 1554057548 INTRODUCE 37 22354
SEND 1554057548 INTRODUCE 37 14811
SEND 1554057548 JOIN 32 33674
RECIEVED 1554057548 INTRODUCE 37 3 0
SEND 1554057548 INTRODUCE 37 20940
SEND 1554057548 INTRODUCE 37 14473
SEND 1554057548 INTRODUCE 37 19076
SEND 1554057548 JOIN 32 16720
RECIEVED 1554057548 INTRODUCE 35 4 0
RECIEVED 1554057548 INTRODUCE 37 5 0
RECIEVED 1554057548 INTRODUCE 36 6 0
RECIEVED 1554057548 INTRODUCE 36 7 0
RECIEVED 1554057548 INTRODUCE 37 8 0
RECIEVED 1554057548 INTRODUCE 35 9 0
RECIEVED 1554057548 INTRODUCE 35 10 0
RECIEVED 1554057548 INTRODUCE 36 11 0
RECIEVED 1554057548 INTRODUCE 35 12 0
RECIEVED 1554057548 INTRODUCE 36 13 0
RECIEVED 1554057548 INTRODUCE 36 14 0
RECIEVED 1554057548 INTRODUCE 36 15 0
RECIEVED 1554057548 INTRODUCE 36 16 0
RECIEVED 1554057548 INTRODUCE 37 17 0
RECIEVED 1554057548 INTRODUCE 36 18 0
RECIEVED 1554057548 INTRODUCE 35 19 0
RECIEVED 1554057548 INTRODUCE 36 20 0
RECIEVED 1554057548 INTRODUCE 36 21 0
RECIEVED 1554057548 INTRODUCE 37 22 0
RECIEVED 1554057548 INTRODUCE 35 22 0
RECIEVED 1554057548 INTRODUCE 35 22 0
RECIEVED 1554057548 INTRODUCE 36 23 0
RECIEVED 1554057548 INTRODUCE 35 24 0
RECIEVED 1554057548 INTRODUCE 36 24 0
RECIEVED 1554057548 INTRODUCE 37 25 0
RECIEVED 1554057548 INTRODUCE 35 26 0
RECIEVED 1554057548 INTRODUCE 35 27 0
RECIEVED 1554057548 INTRODUCE 35 28 0
RECIEVED 1554057548 INTRODUCE 36 29 0
RECIEVED 1554057548 INTRODUCE 36 30 0
RECIEVED 1554057548 INTRODUCE 36 31 0
RECIEVED 1554057548 INTRODUCE 37 32 0
RECIEVED 1554057548 INTRODUCE 36 33 0
RECIEVED 1554057548 INTRODUCE 37 34 0
RECIEVED 1554057548 INTRODUCE 36 35 0
RECIEVED 1554057548 INTRODUCE 35 36 0
RECIEVED 1554057548 INTRODUCE 37 36 0
RECIEVED 1554057548 INTRODUCE 36 37 0
RECIEVED 1554057548 INTRODUCE 36 38 0
RECIEVED 1554057548 INTRODUCE 36 39 0
RECIEVED 1554057548 INTRODUCE 37 40 0
RECIEVED 1554057548 INTRODUCE 35 41 0
RECIEVED 1554057548 INTRODUCE 36 41 0
RECIEVED 1554057548 INTRODUCE 36 42 0
RECIEVED 1554057548 INTRODUCE 36 43 0
RECIEVED 1554057548 INTRODUCE 35 43 0
RECIEVED 1554057548 INTRODUCE 36 44 0
RECIEVED 1554057548 INTRODUCE 36 45 0
RECIEVED 1554057548 INTRODUCE 36 46 0
RECIEVED 1554057548 INTRODUCE 36 46 0
RECIEVED 1554057548 INTRODUCE 36 47 0
RECIEVED 1554057548 INTRODUCE 36 48 0
RECIEVED 1554057548 INTRODUCE 36 48 0
RECIEVED 1554057548 INTRODUCE 37 49 0
RECIEVED 1554057548 INTRODUCE 36 50 0
RECIEVED 1554057548 INTRODUCE 35 51 0
RECIEVED 1554057548 INTRODUCE 36 51 0
RECIEVED 1554057548 INTRODUCE 37 52 0
RECIEVED 1554057548 INTRODUCE 37 53 0
RECIEVED 1554057548 INTRODUCE 36 53 0
RECIEVED 1554057548 INTRODUCE 35 54 0
RECIEVED 1554057548 INTRODUCE 35 54 0
RECIEVED 1554057548 INTRODUCE 37 55 0
RECIEVED 1554057548 INTRODUCE 36 56 0
RECIEVED 1554057548 INTRODUCE 36 57 0
RECIEVED 1554057548 INTRODUCE 37 57 0
RECIEVED 1554057548 INTRODUCE 36 58 0
RECIEVED 1554057548 INTRODUCE 37 58 0
RECIEVED 1554057548 INTRODUCE 35 58 0
RECIEVED 1554057548 INTRODUCE 35 58 0
RECIEVED 1554057548 INTRODUCE 35 58 0
RECIEVED 1554057548 INTRODUCE 37 58 0
RECIEVED 1554057548 INTRODUCE 37 59 0
RECIEVED 1554057548 INTRODUCE 37 60 0
RECIEVED 1554057548 INTRODUCE 36 61 0
RECIEVED 1554057548 INTRODUCE 36 62 0
RECIEVED 1554057548 INTRODUCE 37 63 0
RECIEVED 1554057548 INTRODUCE 36 64 0
RECIEVED 1554057548 INTRODUCE 35 65 0
RECIEVED 1554057548 INTRODUCE 36 66 0
RECIEVED 1554057548 INTRODUCE 35 67 0
RECIEVED 1554057548 INTRODUCE 37 68 0
RECIEVED 1554057548 INTRODUCE 36 69 0
RECIEVED 1554057548 INTRODUCE 37 70 0
RECIEVED 1554057548 INTRODUCE 36 71 0
RECIEVED 1554057548 INTRODUCE 36 72 0
RECIEVED 1554057548 INTRODUCE 36 72 0
RECIEVED 1554057548 INTRODUCE 36 73 0
RECIEVED 1554057548 INTRODUCE 37 73 0
RECIEVED 1554057548 INTRODUCE 36 74 0
RECIEVED 1554057548 INTRODUCE 36 75 0
RECIEVED 1554057548 INTRODUCE 36 75 0
RECIEVED 1554057548 INTRODUCE 36 76 0
RECIEVED 1554057548 INTRODUCE 37 77 0
RECIEVED 1554057548 INTRODUCE 37 78 0
RECIEVED 1554057548 INTRODUCE 36 78 0
RECIEVED 1554057548 INTRODUCE 36 79 0
RECIEVED 1554057548 INTRODUCE 36 80 0
RECIEVED 1554057548 INTRODUCE 36 81 0
RECIEVED 1554057548 INTRODUCE 37 82 0
RECIEVED 1554057548 INTRODUCE 36 82 0
RECIEVED 1554057548 INTRODUCE 37 83 0
RECIEVED 1554057548 INTRODUCE 37 84 0
RECIEVED 1554057548 INTRODUCE 36 85 0
RECIEVED 1554057548 INTRODUCE 37 85 0
RECIEVED 1554057548 INTRODUCE 36 86 0
RECIEVED 1554057548 INTRODUCE 36 86 0
RECIEVED 1554057548 INTRODUCE 36 86 0
RECIEVED 1554057548 INTRODUCE 36 86 0
RECIEVED 1554057548 INTRODUCE 37 86 0
RECIEVED 1554057548 INTRODUCE 36 87 0
RECIEVED 1554057548 INTRODUCE 37 87 0
RECIEVED 1554057548 INTRODUCE 37 88 0
RECIEVED 1554057548 INTRODUCE 36 88 0
RECIEVED 1554057548 INTRODUCE 35 88 0
RECIEVED 1554057548 INTRODUCE 37 89 0
RECIEVED 1554057548 INTRODUCE 35 89 0
RECIEVED 1554057548 INTRODUCE 37 89 0
RECIEVED 1554057548 INTRODUCE 36 89 0
RECIEVED 1554057548 INTRODUCE 36 89 0
RECIEVED 1554057548 INTRODUCE 37 90 0
RECIEVED 1554057548 INTRODUCE 36 91 0
RECIEVED 1554057548 INTRODUCE 36 92 0
RECIEVED 1554057548 INTRODUCE 35 93 0
RECIEVED 1554057548 INTRODUCE 35 93 0
RECIEVED 1554057548 TRANSACTION 80 93 0
UPDATE 1554057548 TRANSACTION 53cbfcdc7f57d661dc35f39c5b722733
SEND 1554057548 TRANSACTION 80 18998 53cbfcdc7f57d661dc35f39c5b722733
SEND 1554057548 TRANSACTION 80 16219 53cbfcdc7f57d661dc35f39c5b722733
SEND 1554057548 TRANSACTION 80 17746 53cbfcdc7f57d661dc35f39c5b722733
RECIEVED 1554057548 INTRODUCE 36 93 1
RECIEVED 1554057548 INTRODUCE 36 93 1
RECIEVED 1554057548 INTRODUCE 36 94 1
RECIEVED 1554057549 TRANSACTION 81 95 1
UPDATE 1554057549 TRANSACTION eb3dfda401b35fac17ff035b07bf0caf
SEND 1554057549 TRANSACTION 81 15825 eb3dfda401b35fac17ff035b07bf0caf
RECIEVED 1554057549 TRANSACTION 81 95 2
RECIEVED 1554057549 TRANSACTION 81 95 2
UPDATE 1554057549 TRANSACTION b19e4a1ed8fecc5ed60aaa1de735bc32
RECIEVED 1554057549 TRANSACTION 81 95 3
UPDATE 1554057549 TRANSACTION 002b3b2370551c99fee4518a85d60500
SEND 1554057549 TRANSACTION 81 12781 002b3b2370551c99fee4518a85d60500
RECIEVED 1554057550 TRANSACTION 80 95 4
UPDATE 1554057550 TRANSACTION 2c43aec7b67966328210b203814e6f21
SEND 1554057550 TRANSACTION 80 25634 2c43aec7b67966328210b203814e6f21
SEND 1554057550 TRANSACTION 80 11471 2c43aec7b67966328210b203814e6f21
SEND 1554057550 TRANSACTION 80 27907 2c43aec7b67966328210b203814e6f21
RECIEVED 1554057550 TRANSACTION 80 95 5
RECIEVED 1554057550 TRANSACTION 81 95 5
UPDATE 1554057550 TRANSACTION ca6d43c5ada21305c3c611975b7e332d
RECIEVED 1554057550 TRANSACTION 81 95 6
UPDATE 1554057550 TRANSACTION ac11b6c75383194a8ecfd00f6e38c441
SEND 1554057550 TRANSACTION 81 18962 ac11b6c75383194a8ecfd00f6e38c441
RECIEVED 1554057550 TRANSACTION 81 95 7
UPDATE 1554057550 TRANSACTION 8a2f98ddc1b4d7131f76bde0b07a058d
RECIEVED 1554057550 TRANSACTION 81 95 8
UPDATE 1554057550 TRANSACTION c52a44a8cfeb1a5dcc06347f81493790
SEND 1554057550 TRANSACTION 81 16200 c52a44a8cfeb1a5dcc06347f81493790
RECIEVED 1554057551 TRANSACTION 81 95 9
UPDATE 1554057551 TRANSACTION 2efe4a561a084364232d3674bdb5dc6c
SEND 1554057551 TRANSACTION 81 18907 2efe4a561a084364232d3674bdb5dc6c
RECIEVED 1554057551 TRANSACTION 81 95 10
RECIEVED 1554057551 TRANSACTION 80 95 10
UPDATE 1554057551 TRANSACTION d988b9df407d92c8422e94dddccee791
SEND 1554057551 TRANSACTION 80 15344 d988b9df407d92c8422e94dddccee791
SEND 1554057551 TRANSACTION 80 46219 d988b9df407d92c8422e94dddccee791
RECIEVED 1554057551 TRANSACTION 80 95 11
RECIEVED 1554057551 TRANSACTION 80 95 11
UPDATE 1554057551 TRANSACTION a76d1dcc9136f9055d6abb09bed45bc9
SEND 1554057551 TRANSACTION 80 16730 a76d1dcc9136f9055d6abb09bed45bc9
RECIEVED 1554057551 TRANSACTION 81 95 12
UPDATE 1554057551 TRANSACTION ef82a4d0255524701a486293b9a50d81
SEND 1554057551 TRANSACTION 81 13779 ef82a4d0255524701a486293b9a50d81
SEND 1554057551 TRANSACTION 81 16032 ef82a4d0255524701a486293b9a50d81
RECIEVED 1554057551 TRANSACTION 81 95 13
UPDATE 1554057551 TRANSACTION 1b40f0a74d1030c56606ced4263c4b92
SEND 1554057551 TRANSACTION 81 15604 1b40f0a74d1030c56606ced4263c4b92
SEND 1554057551 TRANSACTION 81 16312 1b40f0a74d1030c56606ced4263c4b92
RECIEVED 1554057551 TRANSACTION 82 95 14
UPDATE 1554057551 TRANSACTION ee17465f97328554b5c3daa8ed16b5ab
SEND 1554057551 TRANSACTION 82 15648 ee17465f97328554b5c3daa8ed16b5ab
RECIEVED 1554057551 TRANSACTION 80 95 15
UPDATE 1554057551 TRANSACTION 8bbc0efa3e634b23813875c9a7f2f7cc
SEND 1554057551 TRANSACTION 80 16532 8bbc0efa3e634b23813875c9a7f2f7cc
SEND 1554057551 TRANSACTION 80 15549 8bbc0efa3e634b23813875c9a7f2f7cc
SEND 1554057551 TRANSACTION 80 22928 8bbc0efa3e634b23813875c9a7f2f7cc
RECIEVED 1554057551 TRANSACTION 80 95 16
RECIEVED 1554057552 TRANSACTION 81 95 16
UPDATE 1554057552 TRANSACTION 7e4d30fe635e4fbbfcbbfff75a3dbed5
SEND 1554057552 TRANSACTION 81 29579 7e4d30fe635e4fbbfcbbfff75a3dbed5
RECIEVED 1554057552 TRANSACTION 78 95 17
UPDATE 1554057552 TRANSACTION c477953be138509508583f7aaf845212
SEND 1554057552 TRANSACTION 78 15367 c477953be138509508583f7aaf845212
SEND 1554057552 TRANSACTION 78 12603 c477953be138509508583f7aaf845212
RECIEVED 1554057552 TRANSACTION 81 95 18
RECIEVED 1554057552 TRANSACTION 78 95 18
RECIEVED 1554057552 TRANSACTION 81 95 18
UPDATE 1554057552 TRANSACTION ca478ce122074b52ec6950c09f58cea0
SEND 1554057552 TRANSACTION 81 16764 ca478ce122074b52ec6950c09f58cea0
SEND 1554057552 TRANSACTION 81 21625 ca478ce122074b52ec6950c09f58cea0
SEND 1554057552 TRANSACTION 81 25460 ca478ce122074b52ec6950c09f58cea0
RECIEVED 1554057552 TRANSACTION 81 95 19
RECIEVED 1554057552 TRANSACTION 78 95 19
UPDATE 1554057552 TRANSACTION 7ee591d2071d1c39204bd844ad2dc0a7
SEND 1554057552 TRANSACTION 78 14873 7ee591d2071d1c39204bd844ad2dc0a7
SEND 1554057552 TRANSACTION 78 14293 7ee591d2071d1c39204bd844ad2dc0a7
RECIEVED 1554057552 TRANSACTION 81 95 20
UPDATE 1554057552 TRANSACTION bfd7f6b0b1bfcc39bb5935200e57d6e9
SEND 1554057552 TRANSACTION 81 16720 bfd7f6b0b1bfcc39bb5935200e57d6e9
RECIEVED 1554057553 TRANSACTION 81 95 21
UPDATE 1554057553 TRANSACTION a025e8011c9549859acc343025c27c82
SEND 1554057553 TRANSACTION 81 197873 a025e8011c9549859acc343025c27c82
SEND 1554057553 TRANSACTION 81 45700 a025e8011c9549859acc343025c27c82
RECIEVED 1554057553 TRANSACTION 81 95 22
UPDATE 1554057553 TRANSACTION 351ea503ca1cd92019c240e879d7b5ef
SEND 1554057553 TRANSACTION 81 16498 351ea503ca1cd92019c240e879d7b5ef
SEND 1554057553 TRANSACTION 81 20359 351ea503ca1cd92019c240e879d7b5ef
RECIEVED 1554057553 TRANSACTION 81 95 23
UPDATE 1554057553 TRANSACTION 0fdb213abfe8621af5c4f6b9aaeeb3b5
SEND 1554057553 TRANSACTION 81 20461 0fdb213abfe8621af5c4f6b9aaeeb3b5
SEND 1554057553 TRANSACTION 81 20450 0fdb213abfe8621af5c4f6b9aaeeb3b5
RECIEVED 1554057553 TRANSACTION 81 95 24
UPDATE 1554057553 TRANSACTION 83f676b24614cd43e84c41ef7a971150
RECIEVED 1554057554 TRANSACTION 81 95 25
UPDATE 1554057554 TRANSACTION d2d95da600b19ca2e8f4e86abb60dcee
SEND 1554057554 TRANSACTION 81 18628 d2d95da600b19ca2e8f4e86abb60dcee
SEND 1554057554 TRANSACTION 81 22039 d2d95da600b19ca2e8f4e86abb60dcee
RECIEVED 1554057554 TRANSACTION 81 95 26
RECIEVED 1554057554 TRANSACTION 81 95 26
UPDATE 1554057554 TRANSACTION 2008287949bead40e609c3ae05b04ff4
SEND 1554057554 TRANSACTION 81 14980 2008287949bead40e609c3ae05b04ff4
SEND 1554057554 TRANSACTION 81 15805 2008287949bead40e609c3ae05b04ff4
RECIEVED 1554057554 TRANSACTION 81 95 27
RECIEVED 1554057554 TRANSACTION 81 95 27
UPDATE 1554057554 TRANSACTION 051e7ef52d684ffde5e704363594741d
SEND 1554057554 TRANSACTION 81 14892 051e7ef52d684ffde5e704363594741d
SEND 1554057554 TRANSACTION 81 19305 051e7ef52d684ffde5e704363594741d
RECIEVED 1554057554 TRANSACTION 81 95 28
RECIEVED 1554057554 TRANSACTION 80 95 28
UPDATE 1554057554 TRANSACTION 28d6f1747c2dbacdc08c401ddc27cd17
RECIEVED 1554057554 TRANSACTION 81 95 29
UPDATE 1554057554 TRANSACTION ecb51b4076c7650a1e2945ad522e15c7
SEND 1554057554 TRANSACTION 81 27201 ecb51b4076c7650a1e2945ad522e15c7
RECIEVED 1554057554 TRANSACTION 81 95 30
RECIEVED 1554057554 TRANSACTION 81 95 30
UPDATE 1554057554 TRANSACTION 0cba33371d6d91fc7f14e85ed8d8b7b9
RECIEVED 1554057554 TRANSACTION 81 95 31
RECIEVED 1554057555 TRANSACTION 81 95 31
UPDATE 1554057555 TRANSACTION ffea7b1e6d54ceef06e590fbe59fc423
SEND 1554057555 TRANSACTION 81 21459 ffea7b1e6d54ceef06e590fbe59fc423
RECIEVED 1554057556 TRANSACTION 81 95 32
UPDATE 1554057556 TRANSACTION bf1d3b441836435875486633d96ea27b
SEND 1554057556 TRANSACTION 81 15582 bf1d3b441836435875486633d96ea27b
RECIEVED 1554057556 TRANSACTION 81 95 33
UPDATE 1554057556 TRANSACTION 5d46c65adae45faf3ff4d737c2b75df3
SEND 1554057556 TRANSACTION 81 15244 5d46c65adae45faf3ff4d737c2b75df3
RECIEVED 1554057556 TRANSACTION 81 95 34
RECIEVED 1554057556 TRANSACTION 81 95 34
UPDATE 1554057556 TRANSACTION 8e93a42bf842aae1d840312e241a2b67
RECIEVED 1554057556 TRANSACTION 81 95 35
RECIEVED 1554057556 TRANSACTION 81 95 35
RECIEVED 1554057556 TRANSACTION 80 95 35
UPDATE 1554057556 TRANSACTION 7ef1f5ec0b21de504a8a3e953c101906
SEND 1554057556 TRANSACTION 80 19453 7ef1f5ec0b21de504a8a3e953c101906
RECIEVED 1554057556 TRANSACTION 81 95 36
UPDATE 1554057556 TRANSACTION 7e3ea504944a72e94de8d7aafb28e730
SEND 1554057556 TRANSACTION 81 24137 7e3ea504944a72e94de8d7aafb28e730
SEND 1554057556 TRANSACTION 81 15105 7e3ea504944a72e94de8d7aafb28e730
SEND 1554057556 TRANSACTION 81 22198 7e3ea504944a72e94de8d7aafb28e730
RECIEVED 1554057556 TRANSACTION 81 95 37
UPDATE 1554057556 TRANSACTION 1ceb11ce36b5d8030b0b72ae7f543969
SEND 1554057556 TRANSACTION 81 25153 1ceb11ce36b5d8030b0b72ae7f543969
RECIEVED 1554057556 TRANSACTION 81 95 38
RECIEVED 1554057557 TRANSACTION 81 95 38
UPDATE 1554057557 TRANSACTION 49ef6de9ca2b992dfd0eb9954551029f
RECIEVED 1554057557 TRANSACTION 81 95 39
RECIEVED 1554057557 TRANSACTION 81 95 39
UPDATE 1554057557 TRANSACTION 5ef592a439b89981bac4807f35e39d04
SEND 1554057557 TRANSACTION 81 15898 5ef592a439b89981bac4807f35e39d04
SEND 1554057557 TRANSACTION 81 15496 5ef592a439b89981bac4807f35e39d04
SEND 1554057557 TRANSACTION 81 14133 5ef592a439b89981bac4807f35e39d04
RECIEVED 1554057557 TRANSACTION 81 95 40
RECIEVED 1554057557 HB 3 95 40
SEND 1554057557 INTRODUCE 35 17206
SEND 1554057557 INTRODUCE 37 15841
SEND 1554057557 INTRODUCE 36 16051
SEND 1554057557 INTRODUCE 36 15305
RECIEVED 1554057557 TRANSACTION 81 95 40
UPDATE 1554057557 TRANSACTION fafad35d4264b12a68d04aa9fdd54a63
SEND 1554057557 TRANSACTION 81 14285 fafad35d4264b12a68d04aa9fdd54a63
RECIEVED 1554057557 TRANSACTION 81 95 41
UPDATE 1554057557 TRANSACTION b613c2d089af89bc09a0a84c325459a3
SEND 1554057557 TRANSACTION 81 16794 b613c2d089af89bc09a0a84c325459a3
SEND 1554057557 TRANSACTION 81 19262 b613c2d089af89bc09a0a84c325459a3
RECIEVED 1554057558 TRANSACTION 78 95 42
UPDATE 1554057558 TRANSACTION dce3f662b7c31b3d8b9c23deff204e29
SEND 1554057558 TRANSACTION 78 20435 dce3f662b7c31b3d8b9c23deff204e29
RECIEVED 1554057558 TRANSACTION 78 95 43
RECIEVED 1554057558 TRANSACTION 81 95 43
UPDATE 1554057558 TRANSACTION a27dbe3379ba8757e96fd9f2cab9c38d
SEND 1554057558 TRANSACTION 81 11016 a27dbe3379ba8757e96fd9f2cab9c38d
SEND 1554057558 TRANSACTION 81 16180 a27dbe3379ba8757e96fd9f2cab9c38d
RECIEVED 1554057558 TRANSACTION 81 95 44
RECIEVED 1554057558 TRANSACTION 81 95 44
UPDATE 1554057558 TRANSACTION 7943ecb3ff4c1aa18c377ce93dc95ff4
SEND 1554057558 TRANSACTION 81 15255 7943ecb3ff4c1aa18c377ce93dc95ff4
RECIEVED 1554057558 TRANSACTION 81 95 45
RECIEVED 1554057558 TRANSACTION 81 95 45
UPDATE 1554057558 TRANSACTION 042af1b1ee47695b9f9a14c2cf2a3e41
SEND 1554057558 TRANSACTION 81 15755 042af1b1ee47695b9f9a14c2cf2a3e41
RECIEVED 1554057558 TRANSACTION 81 95 46
UPDATE 1554057558 TRANSACTION eb80bbf30d1a1c029ac90802026fdf0b
SEND 1554057558 TRANSACTION 81 14493 eb80bbf30d1a1c029ac90802026fdf0b
SEND 1554057558 TRANSACTION 81 17461 eb80bbf30d1a1c029ac90802026fdf0b
RECIEVED 1554057558 TRANSACTION 81 95 47
RECIEVED 1554057558 TRANSACTION 80 95 47
UPDATE 1554057558 TRANSACTION a5a07a570bb7aaa021b28cf028602484
SEND 1554057558 TRANSACTION 80 15540 a5a07a570bb7aaa021b28cf028602484
RECIEVED 1554057558 TRANSACTION 80 95 48
RECIEVED 1554057559 TRANSACTION 81 95 48
UPDATE 1554057559 TRANSACTION a41f97f15ade74ced084b01b2dbae3b8
RECIEVED 1554057559 TRANSACTION 81 95 49
RECIEVED 1554057559 TRANSACTION 81 95 49
UPDATE 1554057559 TRANSACTION 4405987c409578725a991072fc3536fe
SEND 1554057559 TRANSACTION 81 26375 4405987c409578725a991072fc3536fe
SEND 1554057559 TRANSACTION 81 13389 4405987c409578725a991072fc3536fe
RECIEVED 1554057559 TRANSACTION 79 95 50
UPDATE 1554057559 TRANSACTION 9013c1cdae8d4831ae14e9d66ced7dce
SEND 1554057559 TRANSACTION 79 16383 9013c1cdae8d4831ae14e9d66ced7dce
RECIEVED 1554057559 TRANSACTION 81 95 51
UPDATE 1554057559 TRANSACTION 1f38ba97f6983fe931c8481b31cca99d
SEND 1554057559 TRANSACTION 81 19302 1f38ba97f6983fe931c8481b31cca99d
SEND 1554057559 TRANSACTION 81 28387 1f38ba97f6983fe931c8481b31cca99d
SEND 1554057559 TRANSACTION 81 23538 1f38ba97f6983fe931c8481b31cca99d
RECIEVED 1554057559 TRANSACTION 81 95 52
RECIEVED 1554057559 TRANSACTION 81 95 52
UPDATE 1554057559 TRANSACTION cee87e282c06f683a0604f8dd2d1c179
SEND 1554057559 TRANSACTION 81 29651 cee87e282c06f683a0604f8dd2d1c179
RECIEVED 1554057559 TRANSACTION 81 95 53
RECIEVED 1554057559 TRANSACTION 80 95 53
UPDATE 1554057559 TRANSACTION 179ae81e05141e6ba3fe5db217e182a4
SEND 1554057559 TRANSACTION 80 10459 179ae81e05141e6ba3fe5db217e182a4
RECIEVED 1554057559 TRANSACTION 80 95 54
RECIEVED 1554057560 TRANSACTION 81 95 54
UPDATE 1554057560 TRANSACTION de83d2c5249452d488393ee37a0ecbed
RECIEVED 1554057560 TRANSACTION 80 95 55
UPDATE 1554057560 TRANSACTION 6e2c7274f6074f7abae2746aabdd2026
SEND 1554057560 TRANSACTION 80 15540 6e2c7274f6074f7abae2746aabdd2026
RECIEVED 1554057560 TRANSACTION 80 95 56
RECIEVED 1554057560 TRANSACTION 82 95 56
UPDATE 1554057560 TRANSACTION 04e696c77a5133d533c9511bf396cf7d
SEND 1554057560 TRANSACTION 82 13558 04e696c77a5133d533c9511bf396cf7d
RECIEVED 1554057560 TRANSACTION 82 95 57
RECIEVED 1554057560 TRANSACTION 80 95 57
UPDATE 1554057560 TRANSACTION b2af3edc7ed6a5152c1dd73dce677ee3
RECIEVED 1554057561 TRANSACTION 80 95 58
RECIEVED 1554057561 TRANSACTION 80 95 58
RECIEVED 1554057561 TRANSACTION 81 95 58
UPDATE 1554057561 TRANSACTION d9416a3c3117b2858c23b45048ee4234
RECIEVED 1554057561 TRANSACTION 80 95 59
UPDATE 1554057561 TRANSACTION f18aaa0e38156f73d079a147c100f613
SEND 1554057561 TRANSACTION 80 15409 f18aaa0e38156f73d079a147c100f613
RECIEVED 1554057561 TRANSACTION 80 95 60
RECIEVED 1554057561 TRANSACTION 81 95 60
UPDATE 1554057561 TRANSACTION 1e09d0d96087e25ca5e18f44a9294900
SEND 1554057561 TRANSACTION 81 25315 1e09d0d96087e25ca5e18f44a9294900
RECIEVED 1554057561 TRANSACTION 79 95 61
UPDATE 1554057561 TRANSACTION de0faabb84e538efd49fa4fc3d0cadc0
SEND 1554057561 TRANSACTION 79 15033 de0faabb84e538efd49fa4fc3d0cadc0
SEND 1554057561 TRANSACTION 79 20955 de0faabb84e538efd49fa4fc3d0cadc0
RECIEVED 1554057561 TRANSACTION 79 95 62
RECIEVED 1554057561 TRANSACTION 81 95 62
UPDATE 1554057561 TRANSACTION 06ca88238317c34ccc3c689246f6eaec
SEND 1554057561 TRANSACTION 81 21220 06ca88238317c34ccc3c689246f6eaec
SEND 1554057561 TRANSACTION 81 16833 06ca88238317c34ccc3c689246f6eaec
SEND 1554057561 TRANSACTION 81 15986 06ca88238317c34ccc3c689246f6eaec
RECIEVED 1554057562 TRANSACTION 80 95 63
UPDATE 1554057562 TRANSACTION 39c7b03de16bb81511f3c6dadb087e11
RECIEVED 1554057562 TRANSACTION 81 95 64
UPDATE 1554057562 TRANSACTION 37e93e74de5e0def6854b2aa95c5aa3f
SEND 1554057562 TRANSACTION 81 18253 37e93e74de5e0def6854b2aa95c5aa3f
SEND 1554057562 TRANSACTION 81 21263 37e93e74de5e0def6854b2aa95c5aa3f
RECIEVED 1554057562 TRANSACTION 81 95 65
RECIEVED 1554057562 TRANSACTION 81 95 65
UPDATE 1554057562 TRANSACTION 243be1f6b3ba995ec97b8ef337498636
SEND 1554057562 TRANSACTION 81 16690 243be1f6b3ba995ec97b8ef337498636
RECIEVED 1554057562 TRANSACTION 78 95 66
UPDATE 1554057562 TRANSACTION 1c0ddf22855938cf545338ba879eacbe
RECIEVED 1554057562 TRANSACTION 81 95 67
UPDATE 1554057562 TRANSACTION 72d578ce385c8c90049ebd204dbbad87
SEND 1554057562 TRANSACTION 81 15950 72d578ce385c8c90049ebd204dbbad87
SEND 1554057562 TRANSACTION 81 16562 72d578ce385c8c90049ebd204dbbad87
RECIEVED 1554057562 TRANSACTION 80 95 68
UPDATE 1554057562 TRANSACTION c2fa14e6f2c9ec3cef9b9c5f572c372f
SEND 1554057562 TRANSACTION 80 15444 c2fa14e6f2c9ec3cef9b9c5f572c372f
SEND 1554057562 TRANSACTION 80 20606 c2fa14e6f2c9ec3cef9b9c5f572c372f
RECIEVED 1554057562 TRANSACTION 80 95 69
RECIEVED 1554057562 TRANSACTION 80 95 69
RECIEVED 1554057562 TRANSACTION 82 95 69
UPDATE 1554057562 TRANSACTION 4452845b04d6f067bc11ac0526c7248c
SEND 1554057562 TRANSACTION 82 15663 4452845b04d6f067bc11ac0526c7248c
SEND 1554057562 TRANSACTION 82 16712 4452845b04d6f067bc11ac0526c7248c
SEND 1554057562 TRANSACTION 82 25228 4452845b04d6f067bc11ac0526c7248c
RECIEVED 1554057562 TRANSACTION 81 95 70
UPDATE 1554057562 TRANSACTION 9f48f29ec11225100f575b8e7d9570a5
RECIEVED 1554057563 TRANSACTION 81 95 71
UPDATE 1554057563 TRANSACTION 0fd83fb7d0126823065eaaa1e82fd40d
RECIEVED 1554057563 TRANSACTION 81 95 72
UPDATE 1554057563 TRANSACTION b5fde2af308f4c7c80a18b5bc591f64e
SEND 1554057563 TRANSACTION 81 24678 b5fde2af308f4c7c80a18b5bc591f64e
RECIEVED 1554057563 TRANSACTION 81 95 73
RECIEVED 1554057563 TRANSACTION 81 95 73
UPDATE 1554057563 TRANSACTION ff93dc4b38261adc5ac7043a7e2362dc
SEND 1554057563 TRANSACTION 81 13058 ff93dc4b38261adc5ac7043a7e2362dc
RECIEVED 1554057563 TRANSACTION 81 95 74
UPDATE 1554057563 TRANSACTION 80483c4f356de13f43963cd612dd3ece
SEND 1554057563 TRANSACTION 81 24396 80483c4f356de13f43963cd612dd3ece
RECIEVED 1554057563 TRANSACTION 81 95 75
UPDATE 1554057563 TRANSACTION 7394bd19ed1dcb7e4f7286a0c4323d96
SEND 1554057563 TRANSACTION 81 19951 7394bd19ed1dcb7e4f7286a0c4323d96
RECIEVED 1554057563 TRANSACTION 80 95 76
UPDATE 1554057563 TRANSACTION 5ec879675464578baff3e4b6b14af2ec
SEND 1554057563 TRANSACTION 80 21851 5ec879675464578baff3e4b6b14af2ec
SEND 1554057563 TRANSACTION 80 29883 5ec879675464578baff3e4b6b14af2ec
RECIEVED 1554057564 TRANSACTION 80 95 77
UPDATE 1554057564 TRANSACTION b1c30b5dc76350d21eec794b6a3fcd9b
SEND 1554057564 TRANSACTION 80 14231 b1c30b5dc76350d21eec794b6a3fcd9b
SEND 1554057564 TRANSACTION 80 20999 b1c30b5dc76350d21eec794b6a3fcd9b
RECIEVED 1554057564 TRANSACTION 80 95 78
UPDATE 1554057564 TRANSACTION a2dda43a85e48b7d8b4468330991e254
SEND 1554057564 TRANSACTION 80 15479 a2dda43a85e48b7d8b4468330991e254
SEND 1554057564 TRANSACTION 80 29518 a2dda43a85e48b7d8b4468330991e254
SEND 1554057564 TRANSACTION 80 15297 a2dda43a85e48b7d8b4468330991e254
RECIEVED 1554057564 TRANSACTION 80 95 79
RECIEVED 1554057564 TRANSACTION 79 95 79
UPDATE 1554057564 TRANSACTION 148aa503273b3b524937df149b6048cc
SEND 1554057564 TRANSACTION 79 15460 148aa503273b3b524937df149b6048cc
RECIEVED 1554057564 TRANSACTION 80 95 80
UPDATE 1554057564 TRANSACTION 6c6b40de72294ad9882015c7d686b3e2
SEND 1554057564 TRANSACTION 80 13068 6c6b40de72294ad9882015c7d686b3e2
SEND 1554057564 TRANSACTION 80 229331 6c6b40de72294ad9882015c7d686b3e2
RECIEVED 1554057564 TRANSACTION 79 95 81
UPDATE 1554057564 TRANSACTION ddbe20e5c33dc437acce829d4df56235
RECIEVED 1554057564 TRANSACTION 80 95 82
UPDATE 1554057564 TRANSACTION 91723bc233409dd2a081355399b20cbd
RECIEVED 1554057564 TRANSACTION 80 95 83
UPDATE 1554057564 TRANSACTION 311c2163311f01ae847e1fe6ea8074ab
SEND 1554057564 TRANSACTION 80 27825 311c2163311f01ae847e1fe6ea8074ab
SEND 1554057564 TRANSACTION 80 12100 311c2163311f01ae847e1fe6ea8074ab
RECIEVED 1554057564 TRANSACTION 80 95 84
RECIEVED 1554057564 TRANSACTION 81 95 84
UPDATE 1554057564 TRANSACTION d4d85e2b0022537239aecca2396fc590
SEND 1554057564 TRANSACTION 81 14224 d4d85e2b0022537239aecca2396fc590
SEND 1554057564 TRANSACTION 81 19870 d4d85e2b0022537239aecca2396fc590
RECIEVED 1554057564 TRANSACTION 81 95 85
UPDATE 1554057564 TRANSACTION c70c534e01e512ec3d85a38592e679bf
SEND 1554057564 TRANSACTION 81 22968 c70c534e01e512ec3d85a38592e679bf
RECIEVED 1554057564 TRANSACTION 81 95 86
RECIEVED 1554057564 TRANSACTION 80 95 86
UPDATE 1554057564 TRANSACTION 3f6e27e4d9a6f00c80cbe7badf71f8cc
RECIEVED 1554057564 TRANSACTION 80 95 87
RECIEVED 1554057564 TRANSACTION 81 95 87
UPDATE 1554057564 TRANSACTION 1e24d6e1abaa68c743947f6c388e9487
SEND 1554057564 TRANSACTION 81 20798 1e24d6e1abaa68c743947f6c388e9487
RECIEVED 1554057564 TRANSACTION 81 95 88
RECIEVED 1554057565 TRANSACTION 81 95 88
UPDATE 1554057565 TRANSACTION f934d399055ed46f5efb6120c405bebd
SEND 1554057565 TRANSACTION 81 13922 f934d399055ed46f5efb6120c405bebd
RECIEVED 1554057565 TRANSACTION 81 95 89
UPDATE 1554057565 TRANSACTION 28e099a566d112b624fa2bf1ab539e09
RECIEVED 1554057565 TRANSACTION 80 95 90
UPDATE 1554057565 TRANSACTION ebaa2e262f507e7bc80df81983b0899f
SEND 1554057565 TRANSACTION 80 16748 ebaa2e262f507e7bc80df81983b0899f
SEND 1554057565 TRANSACTION 80 21851 ebaa2e262f507e7bc80df81983b0899f
RECIEVED 1554057565 TRANSACTION 80 95 91
RECIEVED 1554057565 TRANSACTION 81 95 91
UPDATE 1554057565 TRANSACTION 61fc57f2a0a3c5fde2ffd24741811251
SEND 1554057565 TRANSACTION 81 27128 61fc57f2a0a3c5fde2ffd24741811251
RECIEVED 1554057565 TRANSACTION 81 95 92
RECIEVED 1554057565 TRANSACTION 81 95 92
RECIEVED 1554057565 TRANSACTION 79 95 92
UPDATE 1554057565 TRANSACTION 6aba79de4c53d48ec44bb0b902b250eb
SEND 1554057565 TRANSACTION 79 15450 6aba79de4c53d48ec44bb0b902b250eb
SEND 1554057565 TRANSACTION 79 17272 6aba79de4c53d48ec44bb0b902b250eb
RECIEVED 1554057565 TRANSACTION 79 95 93
RECIEVED 1554057565 TRANSACTION 81 95 93
UPDATE 1554057565 TRANSACTION 49145667a914b5c18b3b738ab300f355
SEND 1554057565 TRANSACTION 81 13910 49145667a914b5c18b3b738ab300f355
SEND 1554057565 TRANSACTION 81 16069 49145667a914b5c18b3b738ab300f355
RECIEVED 1554057565 TRANSACTION 81 95 94
RECIEVED 1554057565 TRANSACTION 81 95 94
UPDATE 1554057565 TRANSACTION 4a84aee7e9517230f59c26e16f72388f
SEND 1554057565 TRANSACTION 81 18580 4a84aee7e9517230f59c26e16f72388f
SEND 1554057565 TRANSACTION 81 19280 4a84aee7e9517230f59c26e16f72388f
RECIEVED 1554057565 TRANSACTION 81 95 95
UPDATE 1554057565 TRANSACTION a09e06c93559e0770e2643189f24566b
RECIEVED 1554057565 TRANSACTION 81 95 96
RECIEVED 1554057565 TRANSACTION 79 95 96
UPDATE 1554057565 TRANSACTION 85fc53193f2b637850f1e037d2b44d00
SEND 1554057565 TRANSACTION 79 27245 85fc53193f2b637850f1e037d2b44d00
SEND 1554057565 TRANSACTION 79 18227 85fc53193f2b637850f1e037d2b44d00
RECIEVED 1554057565 TRANSACTION 79 95 97
RECIEVED 1554057565 TRANSACTION 81 95 97
UPDATE 1554057565 TRANSACTION 6e95d43b4b201dbc5fb1dcaab6767ca4
SEND 1554057565 TRANSACTION 81 12955 6e95d43b4b201dbc5fb1dcaab6767ca4
RECIEVED 1554057566 TRANSACTION 80 95 98
UPDATE 1554057566 TRANSACTION 6f1c269455544a313f4a80409a5a1115
SEND 1554057566 TRANSACTION 80 18364 6f1c269455544a313f4a80409a5a1115
RECIEVED 1554057566 TRANSACTION 81 95 99
UPDATE 1554057566 TRANSACTION 0e9b8a10b6dd813a87f8feaf8b460b1a
RECIEVED 1554057566 TRANSACTION 80 95 100
UPDATE 1554057566 TRANSACTION 8dbb60c3c9915bf9b7d13b6f484a40f1
SEND 1554057566 TRANSACTION 80 16536 8dbb60c3c9915bf9b7d13b6f484a40f1
RECIEVED 1554057566 TRANSACTION 80 95 101
UPDATE 1554057566 TRANSACTION 4eeea3d10c36eecfc7d334aafd7213b7
SEND 1554057566 TRANSACTION 80 16034 4eeea3d10c36eecfc7d334aafd7213b7
SEND 1554057566 TRANSACTION 80 14939 4eeea3d10c36eecfc7d334aafd7213b7
SEND 1554057566 TRANSACTION 80 24638 4eeea3d10c36eecfc7d334aafd7213b7
RECIEVED 1554057566 TRANSACTION 80 95 102
RECIEVED 1554057566 TRANSACTION 81 95 102
UPDATE 1554057566 TRANSACTION 8b6ed26dbd78430f63cb749bf317a7df
SEND 1554057566 TRANSACTION 81 14707 8b6ed26dbd78430f63cb749bf317a7df
RECIEVED 1554057566 TRANSACTION 80 95 103
UPDATE 1554057566 TRANSACTION ee9bb30797b70cd33579188d13ce6a01
SEND 1554057566 TRANSACTION 80 12592 ee9bb30797b70cd33579188d13ce6a01
SEND 1554057566 TRANSACTION 80 15635 ee9bb30797b70cd33579188d13ce6a01
RECIEVED 1554057567 TRANSACTION 79 95 104
UPDATE 1554057567 TRANSACTION e9453e687e2e6fb53d209a6ebebcac15
SEND 1554057567 TRANSACTION 79 28216 e9453e687e2e6fb53d209a6ebebcac15
RECIEVED 1554057567 TRANSACTION 79 95 105
RECIEVED 1554057567 TRANSACTION 81 95 105
UPDATE 1554057567 TRANSACTION 9f21d13e963d7421c1c2edc21e096d60
RECIEVED 1554057567 TRANSACTION 81 95 106
RECIEVED 1554057567 TRANSACTION 81 95 106
UPDATE 1554057567 TRANSACTION 7142ffb125bed9d3d49429e54ef9af04
SEND 1554057567 TRANSACTION 81 12167 7142ffb125bed9d3d49429e54ef9af04
SEND 1554057567 TRANSACTION 81 18501 7142ffb125bed9d3d49429e54ef9af04
RECIEVED 1554057567 TRANSACTION 81 95 107
RECIEVED 1554057567 HB 3 95 107
RECIEVED 1554057567 TRANSACTION 81 95 107
UPDATE 1554057567 TRANSACTION 800b2cc7cce239f77094519799a98a23
SEND 1554057567 TRANSACTION 81 21627 800b2cc7cce239f77094519799a98a23
SEND 1554057567 TRANSACTION 81 25959 800b2cc7cce239f77094519799a98a23
SEND 1554057567 TRANSACTION 81 17209 800b2cc7cce239f77094519799a98a23
RECIEVED 1554057567 TRANSACTION 81 95 108
RECIEVED 1554057567 TRANSACTION 81 95 108
UPDATE 1554057567 TRANSACTION 2334c23b70f362a8760247ba30cae6f7
SEND 1554057567 TRANSACTION 81 15662 2334c23b70f362a8760247ba30cae6f7
SEND 1554057567 TRANSACTION 81 15376 2334c23b70f362a8760247ba30cae6f7
RECIEVED 1554057567 TRANSACTION 81 95 109
RECIEVED 1554057567 TRANSACTION 81 95 109
RECIEVED 1554057567 TRANSACTION 81 95 109
UPDATE 1554057567 TRANSACTION 83c8006927b519e0bdbaac8e3d5c9747
SEND 1554057567 TRANSACTION 81 13634 83c8006927b519e0bdbaac8e3d5c9747
RECIEVED 1554057567 TRANSACTION 82 95 110
UPDATE 1554057567 TRANSACTION d959b5a0f8275df669713b7294375dba
SEND 1554057567 TRANSACTION 82 20860 d959b5a0f8275df669713b7294375dba
RECIEVED 1554057567 TRANSACTION 82 95 111
RECIEVED 1554057567 TRANSACTION 81 95 111
UPDATE 1554057567 TRANSACTION 44451fff76b815936aa8c2730a33844c
SEND 1554057567 TRANSACTION 81 20519 44451fff76b815936aa8c2730a33844c
RECIEVED 1554057568 TRANSACTION 81 95 112
UPDATE 1554057568 TRANSACTION 832c07d5cd48da7ca4abbac66b23a9f6
SEND 1554057568 TRANSACTION 81 11527 832c07d5cd48da7ca4abbac66b23a9f6
SEND 1554057568 TRANSACTION 81 22838 832c07d5cd48da7ca4abbac66b23a9f6
SEND 1554057568 TRANSACTION 81 21386 832c07d5cd48da7ca4abbac66b23a9f6
RECIEVED 1554057568 TRANSACTION 82 95 113
UPDATE 1554057568 TRANSACTION c38c8b994fdf5e59a029ea0f11925940
SEND 1554057568 TRANSACTION 82 20256 c38c8b994fdf5e59a029ea0f11925940
SEND 1554057568 TRANSACTION 82 13311 c38c8b994fdf5e59a029ea0f11925940
RECIEVED 1554057568 TRANSACTION 82 95 114
RECIEVED 1554057568 TRANSACTION 78 95 114
UPDATE 1554057568 TRANSACTION e301842986bab4da21aabbe64d6ceda3
SEND 1554057568 TRANSACTION 78 14959 e301842986bab4da21aabbe64d6ceda3
RECIEVED 1554057568 TRANSACTION 81 95 115
UPDATE 1554057568 TRANSACTION 4023be619edf78b367ffe3ad6f4d940c
SEND 1554057568 TRANSACTION 81 15793 4023be619edf78b367ffe3ad6f4d940c
RECIEVED 1554057568 TRANSACTION 80 95 116
UPDATE 1554057568 TRANSACTION c4199196062e9b479fe211c0ea74a6d9
RECIEVED 1554057568 TRANSACTION 81 95 117
UPDATE 1554057568 TRANSACTION c496a10d67d97feaffe44838c1746e82
SEND 1554057568 TRANSACTION 81 20753 c496a10d67d97feaffe44838c1746e82
SEND 1554057568 TRANSACTION 81 19119 c496a10d67d97feaffe44838c1746e82
RECIEVED 1554057568 TRANSACTION 80 95 118
UPDATE 1554057568 TRANSACTION eed50dd7811d02612c2fe4625ebdd23f
RECIEVED 1554057568 TRANSACTION 80 95 119
UPDATE 1554057568 TRANSACTION 2912a3efb5b6914c4f0f2a9d2b652370
RECIEVED 1554057568 TRANSACTION 80 95 120
RECIEVED 1554057568 TRANSACTION 81 95 120
UPDATE 1554057568 TRANSACTION aa263f8723e0423b2988d986a52c7f59
SEND 1554057568 TRANSACTION 81 28058 aa263f8723e0423b2988d986a52c7f59
SEND 1554057568 TRANSACTION 81 16760 aa263f8723e0423b2988d986a52c7f59
RECIEVED 1554057569 TRANSACTION 81 95 121
UPDATE 1554057569 TRANSACTION 50218a5552ef0a06038c47dd658f06c1
SEND 1554057569 TRANSACTION 81 15998 50218a5552ef0a06038c47dd658f06c1
SEND 1554057569 TRANSACTION 81 34151 50218a5552ef0a06038c47dd658f06c1
RECIEVED 1554057569 TRANSACTION 81 95 122
UPDATE 1554057569 TRANSACTION d427f5f2dae7b2f4b737ef99fd899f9b
SEND 1554057569 TRANSACTION 81 33184 d427f5f2dae7b2f4b737ef99fd899f9b
RECIEVED 1554057569 TRANSACTION 80 95 123
UPDATE 1554057569 TRANSACTION 8b440916ee6ef979836298c2b32f38b0
SEND 1554057569 TRANSACTION 80 15723 8b440916ee6ef979836298c2b32f38b0
RECIEVED 1554057569 TRANSACTION 80 95 124
RECIEVED 1554057569 TRANSACTION 78 95 124
UPDATE 1554057569 TRANSACTION e4efdb6f4956100749aad76248a4d58c
SEND 1554057569 TRANSACTION 78 14170 e4efdb6f4956100749aad76248a4d58c
RECIEVED 1554057569 TRANSACTION 82 95 125
UPDATE 1554057569 TRANSACTION c8cff510355cd4b25db961acaa2a99dd
SEND 1554057569 TRANSACTION 82 16187 c8cff510355cd4b25db961acaa2a99dd
SEND 1554057569 TRANSACTION 82 22117 c8cff510355cd4b25db961acaa2a99dd
RECIEVED 1554057570 TRANSACTION 81 95 126
UPDATE 1554057570 TRANSACTION a632afb69fa7d7ac64e0c67222d01bc2
SEND 1554057570 TRANSACTION 81 15123 a632afb69fa7d7ac64e0c67222d01bc2
SEND 1554057570 TRANSACTION 81 21360 a632afb69fa7d7ac64e0c67222d01bc2
RECIEVED 1554057571 TRANSACTION 80 95 127
UPDATE 1554057571 TRANSACTION b6ee8c5ad9ff9819507689da96ae1a6f
RECIEVED 1554057571 TRANSACTION 79 95 128
UPDATE 1554057571 TRANSACTION 79bb3e12ff8e3ff16df9a846ffcb2736
SEND 1554057571 TRANSACTION 79 27427 79bb3e12ff8e3ff16df9a846ffcb2736
SEND 1554057571 TRANSACTION 79 13856 79bb3e12ff8e3ff16df9a846ffcb2736
RECIEVED 1554057571 TRANSACTION 81 95 129
UPDATE 1554057571 TRANSACTION 4b215e2a311a970a3da29b9eebd4884c
RECIEVED 1554057571 TRANSACTION 79 95 130
RECIEVED 1554057571 TRANSACTION 81 95 130
UPDATE 1554057571 TRANSACTION 4d3663dc6a77c97ba877ea63eda397e0
RECIEVED 1554057571 TRANSACTION 81 95 131
RECIEVED 1554057572 TRANSACTION 79 95 131
RECIEVED 1554057572 TRANSACTION 81 95 131
UPDATE 1554057572 TRANSACTION d6a3e0d84a094308bd5ea60beccf00ba
SEND 1554057572 TRANSACTION 81 16316 d6a3e0d84a094308bd5ea60beccf00ba
RECIEVED 1554057572 TRANSACTION 81 95 132
RECIEVED 1554057572 TRANSACTION 81 95 132
UPDATE 1554057572 TRANSACTION c00499c4987c2a6e6bb1f8f0a5923386
SEND 1554057572 TRANSACTION 81 16189 c00499c4987c2a6e6bb1f8f0a5923386
SEND 1554057572 TRANSACTION 81 18981 c00499c4987c2a6e6bb1f8f0a5923386
RECIEVED 1554057572 TRANSACTION 80 95 133
UPDATE 1554057572 TRANSACTION 61c09bc894c5a5ac92fac08247ae801b
SEND 1554057572 TRANSACTION 80 40071 61c09bc894c5a5ac92fac08247ae801b
RECIEVED 1554057572 TRANSACTION 80 95 134
UPDATE 1554057572 TRANSACTION 85491773f5c4eca250a9d3c9df399007
SEND 1554057572 TRANSACTION 80 19070 85491773f5c4eca250a9d3c9df399007
SEND 1554057572 TRANSACTION 80 20333 85491773f5c4eca250a9d3c9df399007
SEND 1554057572 TRANSACTION 80 25354 85491773f5c4eca250a9d3c9df399007
RECIEVED 1554057572 TRANSACTION 81 95 135
UPDATE 1554057572 TRANSACTION 9af81a2e143736b619d85487d4178f3f
RECIEVED 1554057573 TRANSACTION 81 95 136
UPDATE 1554057573 TRANSACTION 12f1757b326b56a26917fc1f2098434c
SEND 1554057573 TRANSACTION 81 17212 12f1757b326b56a26917fc1f2098434c
SEND 1554057573 TRANSACTION 81 22451 12f1757b326b56a26917fc1f2098434c
RECIEVED 1554057573 TRANSACTION 80 95 137
UPDATE 1554057573 TRANSACTION b1353b627bb7858ef4f5aad6652f8d9e
SEND 1554057573 TRANSACTION 80 15831 b1353b627bb7858ef4f5aad6652f8d9e
SEND 1554057573 TRANSACTION 80 21894 b1353b627bb7858ef4f5aad6652f8d9e
RECIEVED 1554057573 TRANSACTION 80 95 138
UPDATE 1554057573 TRANSACTION 13a0f207ab0fb0d19a916f40f5e546d5
RECIEVED 1554057573 TRANSACTION 80 95 139
UPDATE 1554057573 TRANSACTION 2c208995d51398ed8bf569c50a6c4f32
SEND 1554057573 TRANSACTION 80 15396 2c208995d51398ed8bf569c50a6c4f32
SEND 1554057573 TRANSACTION 80 27489 2c208995d51398ed8bf569c50a6c4f32
RECIEVED 1554057573 TRANSACTION 83 95 140
UPDATE 1554057573 TRANSACTION ed96cc94e2e3135a7f8af3f6c7aa1da2
RECIEVED 1554057573 TRANSACTION 83 95 141
RECIEVED 1554057573 TRANSACTION 81 95 141
UPDATE 1554057573 TRANSACTION 70b11e7a1085d46e224c05fc39fe26d9
RECIEVED 1554057574 TRANSACTION 80 95 142
UPDATE 1554057574 TRANSACTION 7c33f22ce6c1179773d7016b52db90ca
SEND 1554057574 TRANSACTION 80 16927 7c33f22ce6c1179773d7016b52db90ca
RECIEVED 1554057574 TRANSACTION 81 95 143
UPDATE 1554057574 TRANSACTION be46c517a2280f0d560c5b8106381dfc
SEND 1554057574 TRANSACTION 81 20710 be46c517a2280f0d560c5b8106381dfc
SEND 1554057574 TRANSACTION 81 16200 be46c517a2280f0d560c5b8106381dfc
RECIEVED 1554057574 TRANSACTION 81 95 144
RECIEVED 1554057574 TRANSACTION 81 95 144
UPDATE 1554057574 TRANSACTION 034c6e7fd6fdbd88dd741e83232b04e6
SEND 1554057574 TRANSACTION 81 22082 034c6e7fd6fdbd88dd741e83232b04e6
RECIEVED 1554057574 TRANSACTION 81 95 145
UPDATE 1554057574 TRANSACTION d836616d6cbfce4abdc69ce462350a1c
SEND 1554057574 TRANSACTION 81 20730 d836616d6cbfce4abdc69ce462350a1c
RECIEVED 1554057574 TRANSACTION 80 95 146
UPDATE 1554057574 TRANSACTION 287584244a21296975beb8cfa749d149
SEND 1554057574 TRANSACTION 80 15642 287584244a21296975beb8cfa749d149
SEND 1554057574 TRANSACTION 80 16392 287584244a21296975beb8cfa749d149
RECIEVED 1554057574 TRANSACTION 80 95 147
RECIEVED 1554057574 TRANSACTION 80 95 147
UPDATE 1554057574 TRANSACTION d791dd15823a913847293b81fcb5224e
SEND 1554057574 TRANSACTION 80 16983 d791dd15823a913847293b81fcb5224e
RECIEVED 1554057574 TRANSACTION 80 95 148
UPDATE 1554057574 TRANSACTION 6f81df1c8a254a0713a80580b2349253
SEND 1554057574 TRANSACTION 80 12864 6f81df1c8a254a0713a80580b2349253
SEND 1554057574 TRANSACTION 80 24381 6f81df1c8a254a0713a80580b2349253
SEND 1554057574 TRANSACTION 80 17640 6f81df1c8a254a0713a80580b2349253
RECIEVED 1554057574 TRANSACTION 80 95 149
RECIEVED 1554057574 TRANSACTION 81 95 149
UPDATE 1554057574 TRANSACTION 000bee8451af7006312d4f157a88ccdb
RECIEVED 1554057575 TRANSACTION 81 95 150
UPDATE 1554057575 TRANSACTION 2704753208778133411a00afd4b3b8ae
SEND 1554057575 TRANSACTION 81 14519 2704753208778133411a00afd4b3b8ae
RECIEVED 1554057575 TRANSACTION 81 95 151
RECIEVED 1554057575 TRANSACTION 81 95 151
UPDATE 1554057575 TRANSACTION c3a051a2d0860b451b7770807d1706ca
SEND 1554057575 TRANSACTION 81 15949 c3a051a2d0860b451b7770807d1706ca
SEND 1554057575 TRANSACTION 81 46300 c3a051a2d0860b451b7770807d1706ca
RECIEVED 1554057575 TRANSACTION 81 95 152
UPDATE 1554057575 TRANSACTION 6f46314d8ce7dfb1fe7c7cc3094fc6a5
SEND 1554057575 TRANSACTION 81 17400 6f46314d8ce7dfb1fe7c7cc3094fc6a5
SEND 1554057575 TRANSACTION 81 17073 6f46314d8ce7dfb1fe7c7cc3094fc6a5
RECIEVED 1554057575 TRANSACTION 80 95 153
UPDATE 1554057575 TRANSACTION 3b129223d14fce5aae838fb98474f818
SEND 1554057575 TRANSACTION 80 24624 3b129223d14fce5aae838fb98474f818
RECIEVED 1554057575 TRANSACTION 80 95 154
RECIEVED 1554057576 TRANSACTION 81 95 154
UPDATE 1554057576 TRANSACTION 3d74b4867ad7beaea8bfaee42e276450
SEND 1554057576 TRANSACTION 81 30015 3d74b4867ad7beaea8bfaee42e276450
SEND 1554057576 TRANSACTION 81 16968 3d74b4867ad7beaea8bfaee42e276450
RECIEVED 1554057576 TRANSACTION 81 95 155
RECIEVED 1554057576 TRANSACTION 79 95 155
UPDATE 1554057576 TRANSACTION 2ab04a980758c44938c1d6b59ffbd075
SEND 1554057576 TRANSACTION 79 15578 2ab04a980758c44938c1d6b59ffbd075
SEND 1554057576 TRANSACTION 79 15360 2ab04a980758c44938c1d6b59ffbd075
RECIEVED 1554057577 TRANSACTION 81 95 156
UPDATE 1554057577 TRANSACTION bdad56427c58c48f571b0d623cd77bc7
SEND 1554057577 TRANSACTION 81 15178 bdad56427c58c48f571b0d623cd77bc7
RECIEVED 1554057577 TRANSACTION 81 95 157
UPDATE 1554057577 TRANSACTION 41102a2bcc8c998bcf83749b910754f9
RECIEVED 1554057577 TRANSACTION 81 95 158
UPDATE 1554057577 TRANSACTION 43056dd58cf124f73cfb44973e42146b
SEND 1554057577 TRANSACTION 81 15536 43056dd58cf124f73cfb44973e42146b
SEND 1554057577 TRANSACTION 81 21029 43056dd58cf124f73cfb44973e42146b
RECIEVED 1554057577 TRANSACTION 81 95 159
RECIEVED 1554057577 TRANSACTION 81 95 159
UPDATE 1554057577 TRANSACTION c15e1d8b023ff53d2e8178fc9a1230bc
SEND 1554057577 TRANSACTION 81 25555 c15e1d8b023ff53d2e8178fc9a1230bc
SEND 1554057577 TRANSACTION 81 22136 c15e1d8b023ff53d2e8178fc9a1230bc
RECIEVED 1554057577 TRANSACTION 81 95 160
RECIEVED 1554057577 TRANSACTION 79 95 160
UPDATE 1554057577 TRANSACTION 31020071ad1a09e4fddb926c03a6ef39
SEND 1554057577 TRANSACTION 79 14334 31020071ad1a09e4fddb926c03a6ef39
SEND 1554057577 TRANSACTION 79 26688 31020071ad1a09e4fddb926c03a6ef39
SEND 1554057577 TRANSACTION 79 21553 31020071ad1a09e4fddb926c03a6ef39
RECIEVED 1554057577 HB 3 95 161
RECIEVED 1554057577 TRANSACTION 81 95 161
UPDATE 1554057577 TRANSACTION d1c186d463ca2c6daa72fd6c378d1579
SEND 1554057577 TRANSACTION 81 16602 d1c186d463ca2c6daa72fd6c378d1579
RECIEVED 1554057577 TRANSACTION 81 95 162
RECIEVED 1554057577 TRANSACTION 81 95 162
RECIEVED 1554057577 TRANSACTION 81 95 162
UPDATE 1554057577 TRANSACTION eca4945c95d245e0b5d989804cfbea9c
SEND 1554057577 TRANSACTION 81 16602 eca4945c95d245e0b5d989804cfbea9c
RECIEVED 1554057577 TRANSACTION 80 95 163
UPDATE 1554057577 TRANSACTION 103d8d46f94d5bb130a6952b730777fb
SEND 1554057577 TRANSACTION 80 49515 103d8d46f94d5bb130a6952b730777fb
SEND 1554057577 TRANSACTION 80 17887 103d8d46f94d5bb130a6952b730777fb
RECIEVED 1554057577 TRANSACTION 80 95 164
RECIEVED 1554057578 TRANSACTION 79 95 164
UPDATE 1554057578 TRANSACTION ac55c0aff21b5861a0a8ccadee7a03c8
SEND 1554057578 TRANSACTION 79 16950 ac55c0aff21b5861a0a8ccadee7a03c8
RECIEVED 1554057578 TRANSACTION 81 95 165
UPDATE 1554057578 TRANSACTION 251d5ae14d5f4f4dca0da2243f85cfa0
SEND 1554057578 TRANSACTION 81 16981 251d5ae14d5f4f4dca0da2243f85cfa0
SEND 1554057578 TRANSACTION 81 27106 251d5ae14d5f4f4dca0da2243f85cfa0
RECIEVED 1554057578 TRANSACTION 81 95 166
RECIEVED 1554057578 TRANSACTION 80 95 166
UPDATE 1554057578 TRANSACTION 27d0b645c12c264b3d886868496e1292
SEND 1554057578 TRANSACTION 80 20215 27d0b645c12c264b3d886868496e1292
SEND 1554057578 TRANSACTION 80 40455 27d0b645c12c264b3d886868496e1292
RECIEVED 1554057578 TRANSACTION 81 95 167
UPDATE 1554057578 TRANSACTION 468b55e12ae98197a52cb11ef6403914
RECIEVED 1554057578 TRANSACTION 79 95 168
UPDATE 1554057578 TRANSACTION d6f99b13978907b8a2174d27054b4748
RECIEVED 1554057579 TRANSACTION 81 95 169
UPDATE 1554057579 TRANSACTION ad2158ede222756d9fd2878b43f78546
SEND 1554057579 TRANSACTION 81 19475 ad2158ede222756d9fd2878b43f78546
SEND 1554057579 TRANSACTION 81 29983 ad2158ede222756d9fd2878b43f78546
SEND 1554057579 TRANSACTION 81 17795 ad2158ede222756d9fd2878b43f78546
RECIEVED 1554057579 TRANSACTION 81 95 170
RECIEVED 1554057579 TRANSACTION 80 95 170
UPDATE 1554057579 TRANSACTION f78a15b5b964d7a633c33a69c2d44c6a
SEND 1554057579 TRANSACTION 80 23395 f78a15b5b964d7a633c33a69c2d44c6a
RECIEVED 1554057579 TRANSACTION 80 95 171
RECIEVED 1554057579 TRANSACTION 81 95 171
UPDATE 1554057579 TRANSACTION 53064895891aea1c8a499befa3729bb4
SEND 1554057579 TRANSACTION 81 15661 53064895891aea1c8a499befa3729bb4
RECIEVED 1554057579 TRANSACTION 81 95 172
RECIEVED 1554057579 TRANSACTION 81 95 172
UPDATE 1554057579 TRANSACTION f78f9554a40c86e5f231a4483e7d15ff
SEND 1554057579 TRANSACTION 81 13678 f78f9554a40c86e5f231a4483e7d15ff
RECIEVED 1554057579 TRANSACTION 81 95 173
RECIEVED 1554057579 TRANSACTION 81 95 173
RECIEVED 1554057580 TRANSACTION 80 95 173
UPDATE 1554057580 TRANSACTION 9a71995e4da72661efadb822fbb6fb80
RECIEVED 1554057580 TRANSACTION 80 95 174
RECIEVED 1554057580 TRANSACTION 81 95 174
UPDATE 1554057580 TRANSACTION b89ae5064c506417e64562af63efbe8d
RECIEVED 1554057580 TRANSACTION 81 95 175
RECIEVED 1554057580 TRANSACTION 82 95 175
UPDATE 1554057580 TRANSACTION 90382fbee27be9b2c1d61f1c75961a44
SEND 1554057580 TRANSACTION 82 18706 90382fbee27be9b2c1d61f1c75961a44
SEND 1554057580 TRANSACTION 82 16855 90382fbee27be9b2c1d61f1c75961a44
SEND 1554057580 TRANSACTION 82 21496 90382fbee27be9b2c1d61f1c75961a44
RECIEVED 1554057580 TRANSACTION 81 95 176
UPDATE 1554057580 TRANSACTION d2972f7aa3af458365ddcd7388aec296
SEND 1554057580 TRANSACTION 81 112616 d2972f7aa3af458365ddcd7388aec296
SEND 1554057580 TRANSACTION 81 48772 d2972f7aa3af458365ddcd7388aec296
RECIEVED 1554057580 TRANSACTION 81 95 177
RECIEVED 1554057581 TRANSACTION 81 95 177
UPDATE 1554057581 TRANSACTION 715ead72f7e3ca8985d30af45661be5e
SEND 1554057581 TRANSACTION 81 16949 715ead72f7e3ca8985d30af45661be5e
SEND 1554057581 TRANSACTION 81 18373 715ead72f7e3ca8985d30af45661be5e
RECIEVED 1554057581 TRANSACTION 81 95 178
RECIEVED 1554057581 TRANSACTION 80 95 178
UPDATE 1554057581 TRANSACTION c110df595e1fb33c3beef4bd2324d831
SEND 1554057581 TRANSACTION 80 15935 c110df595e1fb33c3beef4bd2324d831
RECIEVED 1554057581 TRANSACTION 80 95 179
RECIEVED 1554057581 TRANSACTION 81 95 179
UPDATE 1554057581 TRANSACTION 8c5b0f844a4451662bd8484afd1dbee4
RECIEVED 1554057581 TRANSACTION 81 95 180
UPDATE 1554057581 TRANSACTION 5327fae743352ca364bb2c68114e820a
SEND 1554057581 TRANSACTION 81 19286 5327fae743352ca364bb2c68114e820a
SEND 1554057581 TRANSACTION 81 17009 5327fae743352ca364bb2c68114e820a
RECIEVED 1554057581 TRANSACTION 81 95 181
UPDATE 1554057581 TRANSACTION d0672aed16bfb6ce1e04b21b3a188ff1
RECIEVED 1554057581 TRANSACTION 81 95 182
RECIEVED 1554057581 TRANSACTION 81 95 182
RECIEVED 1554057581 TRANSACTION 81 95 182
UPDATE 1554057581 TRANSACTION 6ea268b64833e35369cbcba794eb754d
SEND 1554057581 TRANSACTION 81 17566 6ea268b64833e35369cbcba794eb754d
RECIEVED 1554057581 TRANSACTION 81 95 183
RECIEVED 1554057582 TRANSACTION 80 95 183
UPDATE 1554057582 TRANSACTION 62186b9646297b7543820d7b9ab4f468
SEND 1554057582 TRANSACTION 80 12143 62186b9646297b7543820d7b9ab4f468
SEND 1554057582 TRANSACTION 80 16960 62186b9646297b7543820d7b9ab4f468
RECIEVED 1554057582 TRANSACTION 80 95 184
UPDATE 1554057582 TRANSACTION b418875fc19529db1077b0416c9bcdaa
RECIEVED 1554057582 TRANSACTION 81 95 185
UPDATE 1554057582 TRANSACTION c33904cc20aa96d1e676cf9ddd6adfe8
SEND 1554057582 TRANSACTION 81 22861 c33904cc20aa96d1e676cf9ddd6adfe8
RECIEVED 1554057582 TRANSACTION 81 95 186
UPDATE 1554057582 TRANSACTION f31e9cca762af2c08f786f28171d44f3
SEND 1554057582 TRANSACTION 81 19679 f31e9cca762af2c08f786f28171d44f3
RECIEVED 1554057582 TRANSACTION 81 95 187
UPDATE 1554057582 TRANSACTION 91b8234d57e226ccfa420746ea121620
SEND 1554057582 TRANSACTION 81 19056 91b8234d57e226ccfa420746ea121620
RECIEVED 1554057583 TRANSACTION 81 95 188
UPDATE 1554057583 TRANSACTION a98c4d5c56e475630fb07265cc9678f2
RECIEVED 1554057583 TRANSACTION 81 95 189
RECIEVED 1554057583 TRANSACTION 81 95 189
UPDATE 1554057583 TRANSACTION 8714672c197248f15575d4f155abd6e7
SEND 1554057583 TRANSACTION 81 29394 8714672c197248f15575d4f155abd6e7
RECIEVED 1554057583 TRANSACTION 80 95 190
UPDATE 1554057583 TRANSACTION b71621bdd8f910cec15ae822815d7ca7
SEND 1554057583 TRANSACTION 80 21126 b71621bdd8f910cec15ae822815d7ca7
SEND 1554057583 TRANSACTION 80 15195 b71621bdd8f910cec15ae822815d7ca7
RECIEVED 1554057583 TRANSACTION 81 95 191
UPDATE 1554057583 TRANSACTION 3f15665434bf987dde698ead58b7854b
RECIEVED 1554057583 TRANSACTION 81 95 192
UPDATE 1554057583 TRANSACTION 69971c31d3af2b56574fe361d6bd4882
RECIEVED 1554057583 TRANSACTION 81 95 193
UPDATE 1554057583 TRANSACTION dbfc7ef62a6ca87030a6b52132ce35c4
SEND 1554057583 TRANSACTION 81 26540 dbfc7ef62a6ca87030a6b52132ce35c4
SEND 1554057583 TRANSACTION 81 16206 dbfc7ef62a6ca87030a6b52132ce35c4
RECIEVED 1554057584 TRANSACTION 81 95 194
UPDATE 1554057584 TRANSACTION fe0b435f3ae2574716050ad9a4e2b2c6
SEND 1554057584 TRANSACTION 81 27050 fe0b435f3ae2574716050ad9a4e2b2c6
SEND 1554057584 TRANSACTION 81 15271 fe0b435f3ae2574716050ad9a4e2b2c6
RECIEVED 1554057584 TRANSACTION 81 95 195
RECIEVED 1554057584 TRANSACTION 81 95 195
UPDATE 1554057584 TRANSACTION a97e1ea198a8aee4ade9358a7d7759b4
SEND 1554057584 TRANSACTION 81 16903 a97e1ea198a8aee4ade9358a7d7759b4
SEND 1554057584 TRANSACTION 81 18370 a97e1ea198a8aee4ade9358a7d7759b4
RECIEVED 1554057584 TRANSACTION 81 95 196
RECIEVED 1554057584 TRANSACTION 81 95 196
RECIEVED 1554057584 TRANSACTION 81 95 196
RECIEVED 1554057584 TRANSACTION 81 95 196
UPDATE 1554057584 TRANSACTION 1b5c1256fc203a1d760db1b77706468f
SEND 1554057584 TRANSACTION 81 20405 1b5c1256fc203a1d760db1b77706468f
RECIEVED 1554057584 TRANSACTION 81 95 197
UPDATE 1554057584 TRANSACTION 1c42550a5c82d788c3df6cfea742e58b
SEND 1554057584 TRANSACTION 81 15942 1c42550a5c82d788c3df6cfea742e58b
SEND 1554057584 TRANSACTION 81 20992 1c42550a5c82d788c3df6cfea742e58b
RECIEVED 1554057584 TRANSACTION 81 95 198
RECIEVED 1554057584 TRANSACTION 81 95 198
UPDATE 1554057584 TRANSACTION c12b9620a8199b23936246b1ddbab7b1
SEND 1554057584 TRANSACTION 81 15400 c12b9620a8199b23936246b1ddbab7b1
SEND 1554057584 TRANSACTION 81 13933 c12b9620a8199b23936246b1ddbab7b1
RECIEVED 1554057584 TRANSACTION 81 95 199
UPDATE 1554057584 TRANSACTION 0071c834649830a64a7104b4dc5e138b
RECIEVED 1554057584 TRANSACTION 81 95 200
UPDATE 1554057584 TRANSACTION 9f447c2b128535b49be49945524d860c
SEND 1554057584 TRANSACTION 81 14726 9f447c2b128535b49be49945524d860c
SEND 1554057584 TRANSACTION 81 26963 9f447c2b128535b49be49945524d860c
RECIEVED 1554057585 TRANSACTION 82 95 201
UPDATE 1554057585 TRANSACTION 5702faf502005da6eee2f883bc82ff9e
SEND 1554057585 TRANSACTION 82 14726 5702faf502005da6eee2f883bc82ff9e
RECIEVED 1554057585 TRANSACTION 81 95 202
UPDATE 1554057585 TRANSACTION cb698cd8fe08ee4033c270883466fd83
SEND 1554057585 TRANSACTION 81 13837 cb698cd8fe08ee4033c270883466fd83
SEND 1554057585 TRANSACTION 81 15371 cb698cd8fe08ee4033c270883466fd83
RECIEVED 1554057585 TRANSACTION 81 95 203
RECIEVED 1554057585 TRANSACTION 81 95 203
UPDATE 1554057585 TRANSACTION 1c3c405a2310f588857b2d90e95f469a
SEND 1554057585 TRANSACTION 81 19324 1c3c405a2310f588857b2d90e95f469a
SEND 1554057585 TRANSACTION 81 19426 1c3c405a2310f588857b2d90e95f469a
RECIEVED 1554057585 TRANSACTION 81 95 204
RECIEVED 1554057585 TRANSACTION 81 95 204
UPDATE 1554057585 TRANSACTION 2c9c0868160e9ca5a471999735aca4f9
RECIEVED 1554057585 TRANSACTION 81 95 205
RECIEVED 1554057585 TRANSACTION 81 95 205
UPDATE 1554057585 TRANSACTION 02542dc669db526cb22f339a6255dcc0
RECIEVED 1554057585 TRANSACTION 80 95 206
UPDATE 1554057585 TRANSACTION 12375af94f360410a15c6940d607c05a
SEND 1554057585 TRANSACTION 80 13368 12375af94f360410a15c6940d607c05a
SEND 1554057585 TRANSACTION 80 25400 12375af94f360410a15c6940d607c05a
RECIEVED 1554057585 TRANSACTION 81 95 207
UPDATE 1554057585 TRANSACTION 0c2ce769a856448e11f3dcca27c7bbd4
SEND 1554057585 TRANSACTION 81 21024 0c2ce769a856448e11f3dcca27c7bbd4
SEND 1554057585 TRANSACTION 81 12215 0c2ce769a856448e11f3dcca27c7bbd4
SEND 1554057585 TRANSACTION 81 13505 0c2ce769a856448e11f3dcca27c7bbd4
RECIEVED 1554057585 TRANSACTION 81 95 208
RECIEVED 1554057585 TRANSACTION 80 95 208
RECIEVED 1554057585 TRANSACTION 81 95 208
RECIEVED 1554057585 TRANSACTION 81 95 208
UPDATE 1554057585 TRANSACTION 70f782a10486a4330eab713829f9328f
SEND 1554057585 TRANSACTION 81 16169 70f782a10486a4330eab713829f9328f
RECIEVED 1554057585 TRANSACTION 81 95 209
UPDATE 1554057585 TRANSACTION 5aa9399896bcf3d0d0081aeaf98babfc
SEND 1554057585 TRANSACTION 81 12752 5aa9399896bcf3d0d0081aeaf98babfc
RECIEVED 1554057585 TRANSACTION 81 95 210
UPDATE 1554057585 TRANSACTION a39e66a43976af4a4ba2ba93aba05bed
SEND 1554057585 TRANSACTION 81 19804 a39e66a43976af4a4ba2ba93aba05bed
RECIEVED 1554057585 TRANSACTION 81 95 211
RECIEVED 1554057586 TRANSACTION 81 95 211
UPDATE 1554057586 TRANSACTION 501ca85cafe71222ecb29f97ca7b587f
SEND 1554057586 TRANSACTION 81 18185 501ca85cafe71222ecb29f97ca7b587f
SEND 1554057586 TRANSACTION 81 22690 501ca85cafe71222ecb29f97ca7b587f
RECIEVED 1554057586 TRANSACTION 81 95 212
RECIEVED 1554057586 TRANSACTION 82 95 212
UPDATE 1554057586 TRANSACTION fc3e9b6f292adf88074f80aec20cfc32
RECIEVED 1554057586 INTRODUCE 37 95 213
RECIEVED 1554057586 INTRODUCE 37 95 213
RECIEVED 1554057586 INTRODUCE 36 95 213
RECIEVED 1554057586 INTRODUCE 36 95 213
RECIEVED 1554057586 INTRODUCE 35 95 213
RECIEVED 1554057586 INTRODUCE 36 96 213
RECIEVED 1554057586 INTRODUCE 35 97 213
RECIEVED 1554057586 INTRODUCE 37 98 213
RECIEVED 1554057586 TRANSACTION 81 98 213
UPDATE 1554057586 TRANSACTION 88d322cd6f0ff1184163c3287abd0d6b
SEND 1554057586 TRANSACTION 81 18291 88d322cd6f0ff1184163c3287abd0d6b
RECIEVED 1554057586 TRANSACTION 81 98 214
UPDATE 1554057586 TRANSACTION 9cf559b670057e12f967853491beeaf2
SEND 1554057586 TRANSACTION 81 17307 9cf559b670057e12f967853491beeaf2
SEND 1554057586 TRANSACTION 81 16349 9cf559b670057e12f967853491beeaf2
RECIEVED 1554057586 TRANSACTION 81 98 215
RECIEVED 1554057586 TRANSACTION 81 98 215
UPDATE 1554057586 TRANSACTION ddd79eb042cecf6ac9cb06902af3f7e0
SEND 1554057586 TRANSACTION 81 20633 ddd79eb042cecf6ac9cb06902af3f7e0
SEND 1554057586 TRANSACTION 81 26240 ddd79eb042cecf6ac9cb06902af3f7e0
RECIEVED 1554057586 TRANSACTION 81 98 216
UPDATE 1554057586 TRANSACTION d88fd173d456753c67355f51372adbea
SEND 1554057586 TRANSACTION 81 14080 d88fd173d456753c67355f51372adbea
SEND 1554057586 TRANSACTION 81 25977 d88fd173d456753c67355f51372adbea
RECIEVED 1554057587 TRANSACTION 81 98 217
UPDATE 1554057587 TRANSACTION 984a828274a6b2773b76edb76f29eabd
RECIEVED 1554057587 TRANSACTION 81 98 218
UPDATE 1554057587 TRANSACTION a92b81877dc57a24e1e6df7b9f13b9d8
SEND 1554057587 TRANSACTION 81 16233 a92b81877dc57a24e1e6df7b9f13b9d8
SEND 1554057587 TRANSACTION 81 22725 a92b81877dc57a24e1e6df7b9f13b9d8
RECIEVED 1554057587 TRANSACTION 81 98 219
RECIEVED 1554057587 TRANSACTION 81 98 219
RECIEVED 1554057587 TRANSACTION 81 98 219
UPDATE 1554057587 TRANSACTION 52dff4d067cd47fb976f800270126ba1
SEND 1554057587 TRANSACTION 81 19456 52dff4d067cd47fb976f800270126ba1
RECIEVED 1554057587 HB 3 98 220
SEND 1554057587 INTRODUCE 36 29338
SEND 1554057587 INTRODUCE 35 22383
SEND 1554057587 INTRODUCE 35 16484
SEND 1554057587 INTRODUCE 37 27120
RECIEVED 1554057588 TRANSACTION 81 98 220
UPDATE 1554057588 TRANSACTION d2cc702a39bf4b0842e0955a85af3753
SEND 1554057588 TRANSACTION 81 19958 d2cc702a39bf4b0842e0955a85af3753
RECIEVED 1554057588 TRANSACTION 81 98 221
RECIEVED 1554057588 TRANSACTION 81 98 221
UPDATE 1554057588 TRANSACTION 71117f4310e658d8dede9ca2c56dca1a
SEND 1554057588 TRANSACTION 81 15805 71117f4310e658d8dede9ca2c56dca1a
SEND 1554057588 TRANSACTION 81 15543 71117f4310e658d8dede9ca2c56dca1a
RECIEVED 1554057588 TRANSACTION 81 98 222
UPDATE 1554057588 TRANSACTION 7cb594f7efc1191d7ca1da2e56e4168a
RECIEVED 1554057588 TRANSACTION 80 98 223
UPDATE 1554057588 TRANSACTION 23aaf34bbfbde358b18eae7dbbaa08e4
RECIEVED 1554057588 TRANSACTION 80 98 224
RECIEVED 1554057588 TRANSACTION 81 98 224
UPDATE 1554057588 TRANSACTION 7718bbdb75ee3163cbd2e08afa8bdc47
SEND 1554057588 TRANSACTION 81 62679 7718bbdb75ee3163cbd2e08afa8bdc47
RECIEVED 1554057588 TRANSACTION 81 98 225
UPDATE 1554057588 TRANSACTION 98989e0ce5b7895b475f4275b9c95434
SEND 1554057588 TRANSACTION 81 20659 98989e0ce5b7895b475f4275b9c95434
RECIEVED 1554057588 TRANSACTION 81 98 226
UPDATE 1554057588 TRANSACTION 4f11ca0a42d1dbd5f1ecf61e178ab711
SEND 1554057588 TRANSACTION 81 14097 4f11ca0a42d1dbd5f1ecf61e178ab711
RECIEVED 1554057588 TRANSACTION 79 98 227
UPDATE 1554057588 TRANSACTION f0aa07edfd674743949770f34188b2f7
SEND 1554057588 TRANSACTION 79 18380 f0aa07edfd674743949770f34188b2f7
SEND 1554057588 TRANSACTION 79 17684 f0aa07edfd674743949770f34188b2f7
RECIEVED 1554057589 TRANSACTION 82 98 228
UPDATE 1554057589 TRANSACTION 124d7445f3ead7e21d76014900993467
SEND 1554057589 TRANSACTION 82 15717 124d7445f3ead7e21d76014900993467
SEND 1554057589 TRANSACTION 82 22888 124d7445f3ead7e21d76014900993467
RECIEVED 1554057589 TRANSACTION 82 98 229
RECIEVED 1554057589 TRANSACTION 80 98 229
UPDATE 1554057589 TRANSACTION 4264f86f78d85294e930418ad8ab4d45
SEND 1554057589 TRANSACTION 80 13941 4264f86f78d85294e930418ad8ab4d45
RECIEVED 1554057589 TRANSACTION 81 98 230
UPDATE 1554057589 TRANSACTION 744a4848fd58317b7088c26781e690f3
SEND 1554057589 TRANSACTION 81 14631 744a4848fd58317b7088c26781e690f3
RECIEVED 1554057589 TRANSACTION 81 98 231
RECIEVED 1554057589 TRANSACTION 81 98 231
UPDATE 1554057589 TRANSACTION 2886842794421ac9b342aedf34dad0bc
SEND 1554057589 TRANSACTION 81 15392 2886842794421ac9b342aedf34dad0bc
RECIEVED 1554057589 TRANSACTION 81 98 232
RECIEVED 1554057589 TRANSACTION 81 98 232
RECIEVED 1554057589 TRANSACTION 81 98 232
UPDATE 1554057589 TRANSACTION d3e23adecf49ca81fd1d0c45b65824d1
SEND 1554057589 TRANSACTION 81 14691 d3e23adecf49ca81fd1d0c45b65824d1
RECIEVED 1554057589 TRANSACTION 81 98 233
RECIEVED 1554057589 TRANSACTION 80 98 233
UPDATE 1554057589 TRANSACTION 149e01c10dd963a2727f6b6385625c9b
RECIEVED 1554057589 TRANSACTION 81 98 234
UPDATE 1554057589 TRANSACTION 74779f9a763fa20cb49987f446a215ed
SEND 1554057589 TRANSACTION 81 26944 74779f9a763fa20cb49987f446a215ed
SEND 1554057589 TRANSACTION 81 19727 74779f9a763fa20cb49987f446a215ed
SEND 1554057589 TRANSACTION 81 19216 74779f9a763fa20cb49987f446a215ed
RECIEVED 1554057589 TRANSACTION 81 98 235
RECIEVED 1554057589 TRANSACTION 81 98 235
RECIEVED 1554057589 TRANSACTION 81 98 235
UPDATE 1554057589 TRANSACTION f980f2f5956dfeff764fda6643336576
SEND 1554057589 TRANSACTION 81 15651 f980f2f5956dfeff764fda6643336576
SEND 1554057589 TRANSACTION 81 16902 f980f2f5956dfeff764fda6643336576
SEND 1554057589 TRANSACTION 81 21305 f980f2f5956dfeff764fda6643336576
RECIEVED 1554057589 TRANSACTION 81 98 236
UPDATE 1554057589 TRANSACTION 82390265d4d265aec60bed047362351b
RECIEVED 1554057589 TRANSACTION 80 98 237
UPDATE 1554057589 TRANSACTION c85363a69b66e75da369707deddae3df
RECIEVED 1554057589 TRANSACTION 80 98 238
RECIEVED 1554057590 TRANSACTION 81 98 238
UPDATE 1554057590 TRANSACTION f090f915b0e0bf5c88520c7f37a8e202
RECIEVED 1554057590 TRANSACTION 80 98 239
UPDATE 1554057590 TRANSACTION e8bc74a09751c19a80cb656a3076c025
RECIEVED 1554057590 TRANSACTION 81 98 240
UPDATE 1554057590 TRANSACTION 596968afe526abb310efce9200a7116e
SEND 1554057590 TRANSACTION 81 15205 596968afe526abb310efce9200a7116e
RECIEVED 1554057590 TRANSACTION 81 98 241
RECIEVED 1554057590 TRANSACTION 81 98 241
UPDATE 1554057590 TRANSACTION 3ebe50251776d94ebf7aafc295a955eb
SEND 1554057590 TRANSACTION 81 16691 3ebe50251776d94ebf7aafc295a955eb
SEND 1554057590 TRANSACTION 81 15507 3ebe50251776d94ebf7aafc295a955eb
SEND 1554057590 TRANSACTION 81 20141 3ebe50251776d94ebf7aafc295a955eb
RECIEVED 1554057591 TRANSACTION 80 98 242
UPDATE 1554057591 TRANSACTION dd4c3877c253d56764a10c674ff6c588
SEND 1554057591 TRANSACTION 80 15784 dd4c3877c253d56764a10c674ff6c588
RECIEVED 1554057591 TRANSACTION 80 98 243
RECIEVED 1554057591 TRANSACTION 80 98 243
RECIEVED 1554057591 TRANSACTION 81 98 243
UPDATE 1554057591 TRANSACTION bbe00c0e80b0a21b6535030680130c45
SEND 1554057591 TRANSACTION 81 15871 bbe00c0e80b0a21b6535030680130c45
RECIEVED 1554057591 TRANSACTION 81 98 244
UPDATE 1554057591 TRANSACTION 56ec28f9325f6119e7c0a1f7a3a6acff
SEND 1554057591 TRANSACTION 81 13901 56ec28f9325f6119e7c0a1f7a3a6acff
RECIEVED 1554057592 TRANSACTION 80 98 245
UPDATE 1554057592 TRANSACTION 9abb518cdbfa05fe94dd37cc4f7d6f06
SEND 1554057592 TRANSACTION 80 28424 9abb518cdbfa05fe94dd37cc4f7d6f06
SEND 1554057592 TRANSACTION 80 16443 9abb518cdbfa05fe94dd37cc4f7d6f06
SEND 1554057592 TRANSACTION 80 23015 9abb518cdbfa05fe94dd37cc4f7d6f06
RECIEVED 1554057592 TRANSACTION 81 98 246
UPDATE 1554057592 TRANSACTION e54535220e7483680afeea63d69107b0
SEND 1554057592 TRANSACTION 81 21337 e54535220e7483680afeea63d69107b0
SEND 1554057592 TRANSACTION 81 12453 e54535220e7483680afeea63d69107b0
RECIEVED 1554057592 TRANSACTION 81 98 247
UPDATE 1554057592 TRANSACTION f22fb9f9b1043238ff243fc9220e9fb1
SEND 1554057592 TRANSACTION 81 31223 f22fb9f9b1043238ff243fc9220e9fb1
RECIEVED 1554057592 TRANSACTION 81 98 248
RECIEVED 1554057592 TRANSACTION 81 98 248
RECIEVED 1554057592 TRANSACTION 81 98 248
UPDATE 1554057592 TRANSACTION 875dc23395978801355fc3d333a896f2
SEND 1554057592 TRANSACTION 81 18256 875dc23395978801355fc3d333a896f2
SEND 1554057592 TRANSACTION 81 24067 875dc23395978801355fc3d333a896f2
RECIEVED 1554057592 TRANSACTION 81 98 249
RECIEVED 1554057592 TRANSACTION 81 98 249
UPDATE 1554057592 TRANSACTION 31a473b774daaad956748ff47328a551
SEND 1554057592 TRANSACTION 81 13555 31a473b774daaad956748ff47328a551
RECIEVED 1554057598 HB 3 98 250
SEND 1554057598 INTRODUCE 36 54430
SEND 1554057598 INTRODUCE 36 23828
SEND 1554057599 INTRODUCE 35 74090
SEND 1554057599 INTRODUCE 35 37448
RECIEVED 1554057607 INTRODUCE 37 98 250
RECIEVED 1554057607 INTRODUCE 36 99 250
RECIEVED 1554057607 INTRODUCE 37 99 250
RECIEVED 1554057608 INTRODUCE 36 99 250
RECIEVED 1554057610 HB 3 100 250
SEND 1554057610 INTRODUCE 35 50162
SEND 1554057612 INTRODUCE 36 55831
SEND 1554057612 INTRODUCE 36 45068
SEND 1554057612 INTRODUCE 36 15048
RECIEVED 1554057612 TRANSACTION 80 100 250
UPDATE 1554057612 TRANSACTION 8074df5b1b524a9e82322ade8678670f
SEND 1554057612 TRANSACTION 80 36302 8074df5b1b524a9e82322ade8678670f
SEND 1554057612 TRANSACTION 80 17295 8074df5b1b524a9e82322ade8678670f
RECIEVED 1554057614 TRANSACTION 80 100 251
RECIEVED 1554057621 HB 3 100 251
SEND 1554057621 INTRODUCE 36 45231
SEND 1554057621 INTRODUCE 37 62643
SEND 1554057621 INTRODUCE 37 34784
SEND 1554057621 INTRODUCE 36 16805
