RECIEVED 1554057504 INTRODUCE 37 0 0
SEND 1554057504 JOIN 32 10391
RECIEVED 1554057504 INTRODUCE 36 1 0
SEND 1554057504 INTRODUCE 36 28331
SEND 1554057504 JOIN 32 14804
RECIEVED 1554057504 INTRODUCE 36 2 0
SEND 1554057504 INTRODUCE 36 9123
SEND 1554057504 INTRODUCE 36 50260
SEND 1554057504 JOIN 32 10078
RECIEVED 1554057504 TRANSACTION 81 3 0
UPDATE 1554057504 TRANSACTION 14e5bbbd438beb915261af94943bf5fd
RECIEVED 1554057504 INTRODUCE 36 3 1
SEND 1554057504 INTRODUCE 36 9984
SEND 1554057504 INTRODUCE 36 16189
SEND 1554057504 INTRODUCE 36 8966
SEND 1554057504 JOIN 32 9613
RECIEVED 1554057504 INTRODUCE 35 4 1
RECIEVED 1554057504 INTRODUCE 37 5 1
RECIEVED 1554057504 INTRODUCE 36 6 1
RECIEVED 1554057504 INTRODUCE 36 7 1
RECIEVED 1554057504 INTRODUCE 36 8 1
RECIEVED 1554057504 INTRODUCE 36 9 1
RECIEVED 1554057504 INTRODUCE 36 10 1
RECIEVED 1554057504 INTRODUCE 36 11 1
RECIEVED 1554057504 INTRODUCE 36 12 1
RECIEVED 1554057504 INTRODUCE 36 13 1
RECIEVED 1554057504 INTRODUCE 36 14 1
RECIEVED 1554057504 INTRODUCE 36 15 1
RECIEVED 1554057504 INTRODUCE 36 16 1
RECIEVED 1554057504 INTRODUCE 35 17 1
RECIEVED 1554057504 INTRODUCE 36 18 1
RECIEVED 1554057504 INTRODUCE 36 19 1
RECIEVED 1554057504 INTRODUCE 36 20 1
RECIEVED 1554057504 INTRODUCE 36 21 1
RECIEVED 1554057504 INTRODUCE 37 22 1
RECIEVED 1554057504 INTRODUCE 36 23 1
RECIEVED 1554057504 INTRODUCE 37 24 1
RECIEVED 1554057504 INTRODUCE 35 25 1
RECIEVED 1554057504 INTRODUCE 37 26 1
RECIEVED 1554057504 INTRODUCE 36 27 1
RECIEVED 1554057504 INTRODUCE 35 28 1
RECIEVED 1554057504 INTRODUCE 36 29 1
RECIEVED 1554057504 INTRODUCE 35 30 1
RECIEVED 1554057504 INTRODUCE 37 31 1
RECIEVED 1554057504 INTRODUCE 36 32 1
RECIEVED 1554057504 INTRODUCE 37 32 1
RECIEVED 1554057504 INTRODUCE 36 33 1
RECIEVED 1554057504 INTRODUCE 36 34 1
RECIEVED 1554057504 INTRODUCE 35 35 1
RECIEVED 1554057504 INTRODUCE 36 36 1
RECIEVED 1554057504 INTRODUCE 35 37 1
RECIEVED 1554057504 INTRODUCE 35 38 1
RECIEVED 1554057504 INTRODUCE 36 38 1
RECIEVED 1554057504 INTRODUCE 36 39 1
RECIEVED 1554057504 INTRODUCE 36 39 1
RECIEVED 1554057504 INTRODUCE 35 40 1
RECIEVED 1554057504 INTRODUCE 37 41 1
RECIEVED 1554057504 INTRODUCE 35 42 1
RECIEVED 1554057504 INTRODUCE 37 42 1
RECIEVED 1554057504 INTRODUCE 36 43 1
RECIEVED 1554057504 INTRODUCE 36 43 1
RECIEVED 1554057504 INTRODUCE 37 44 1
RECIEVED 1554057504 INTRODUCE 36 45 1
RECIEVED 1554057504 INTRODUCE 35 46 1
RECIEVED 1554057504 INTRODUCE 36 47 1
RECIEVED 1554057504 INTRODUCE 37 48 1
RECIEVED 1554057504 INTRODUCE 37 49 1
RECIEVED 1554057504 INTRODUCE 37 50 1
RECIEVED 1554057504 TRANSACTION 80 51 1
UPDATE 1554057504 TRANSACTION e8580d90b029582f907b565365b6915e
SEND 1554057504 TRANSACTION 80 9280 e8580d90b029582f907b565365b6915e
SEND 1554057504 TRANSACTION 80 9760 e8580d90b029582f907b565365b6915e
RECIEVED 1554057504 INTRODUCE 35 51 2
RECIEVED 1554057504 INTRODUCE 36 52 2
RECIEVED 1554057504 INTRODUCE 36 53 2
RECIEVED 1554057504 INTRODUCE 35 54 2
RECIEVED 1554057504 INTRODUCE 36 55 2
RECIEVED 1554057504 INTRODUCE 35 55 2
RECIEVED 1554057504 INTRODUCE 37 56 2
RECIEVED 1554057504 INTRODUCE 35 57 2
RECIEVED 1554057504 INTRODUCE 36 57 2
RECIEVED 1554057504 INTRODUCE 37 58 2
RECIEVED 1554057504 INTRODUCE 36 59 2
RECIEVED 1554057504 INTRODUCE 36 59 2
RECIEVED 1554057504 INTRODUCE 36 59 2
RECIEVED 1554057504 TRANSACTION 81 60 2
UPDATE 1554057504 TRANSACTION 4b19268e5f2b793299fa2907bd4d4962
SEND 1554057504 TRANSACTION 81 9557 4b19268e5f2b793299fa2907bd4d4962
RECIEVED 1554057504 INTRODUCE 35 60 3
RECIEVED 1554057504 TRANSACTION 81 60 3
UPDATE 1554057504 TRANSACTION 51f6dc4a097ece18518209bb803161a4
RECIEVED 1554057504 INTRODUCE 37 60 4
RECIEVED 1554057504 TRANSACTION 81 61 4
UPDATE 1554057504 TRANSACTION 646719786e364fab04719c84441d0520
SEND 1554057504 TRANSACTION 81 13817 646719786e364fab04719c84441d0520
RECIEVED 1554057504 INTRODUCE 36 61 5
RECIEVED 1554057504 TRANSACTION 81 61 5
UPDATE 1554057504 TRANSACTION 7b9b107386846fadbd98d31aa1e7dc6e
SEND 1554057504 TRANSACTION 81 32658 7b9b107386846fadbd98d31aa1e7dc6e
SEND 1554057504 TRANSACTION 81 37611 7b9b107386846fadbd98d31aa1e7dc6e
RECIEVED 1554057504 INTRODUCE 36 61 6
RECIEVED 1554057504 INTRODUCE 37 62 6
RECIEVED 1554057504 TRANSACTION 81 63 6
UPDATE 1554057504 TRANSACTION 2370b45fc0cc0775d6294897a664dc4b
SEND 1554057504 TRANSACTION 81 29319 2370b45fc0cc0775d6294897a664dc4b
SEND 1554057504 TRANSACTION 81 17531 2370b45fc0cc0775d6294897a664dc4b
SEND 1554057504 TRANSACTION 81 10183 2370b45fc0cc0775d6294897a664dc4b
RECIEVED 1554057504 INTRODUCE 36 63 7
RECIEVED 1554057504 INTRODUCE 37 63 7
RECIEVED 1554057504 INTRODUCE 37 63 7
RECIEVED 1554057504 INTRODUCE 36 64 7
RECIEVED 1554057504 TRANSACTION 81 64 7
RECIEVED 1554057504 INTRODUCE 36 64 7
RECIEVED 1554057504 INTRODUCE 36 64 7
RECIEVED 1554057504 INTRODUCE 37 64 7
RECIEVED 1554057504 INTRODUCE 36 65 7
RECIEVED 1554057504 INTRODUCE 36 65 7
RECIEVED 1554057504 INTRODUCE 35 66 7
RECIEVED 1554057504 INTRODUCE 37 67 7
RECIEVED 1554057504 INTRODUCE 37 68 7
RECIEVED 1554057504 INTRODUCE 35 69 7
RECIEVED 1554057504 INTRODUCE 36 69 7
RECIEVED 1554057504 INTRODUCE 35 69 7
RECIEVED 1554057504 INTRODUCE 36 69 7
RECIEVED 1554057504 INTRODUCE 35 69 7
RECIEVED 1554057504 INTRODUCE 36 69 7
RECIEVED 1554057504 INTRODUCE 36 69 7
RECIEVED 1554057504 INTRODUCE 36 70 7
RECIEVED 1554057504 INTRODUCE 36 71 7
RECIEVED 1554057504 INTRODUCE 37 72 7
RECIEVED 1554057504 INTRODUCE 37 72 7
RECIEVED 1554057504 INTRODUCE 36 73 7
RECIEVED 1554057504 INTRODUCE 37 73 7
RECIEVED 1554057504 INTRODUCE 36 74 7
RECIEVED 1554057504 INTRODUCE 36 74 7
RECIEVED 1554057504 INTRODUCE 36 74 7
RECIEVED 1554057504 INTRODUCE 36 74 7
RECIEVED 1554057504 INTRODUCE 35 75 7
RECIEVED 1554057504 INTRODUCE 35 75 7
RECIEVED 1554057504 INTRODUCE 36 75 7
RECIEVED 1554057504 INTRODUCE 36 76 7
RECIEVED 1554057504 INTRODUCE 36 77 7
RECIEVED 1554057504 INTRODUCE 36 77 7
RECIEVED 1554057504 INTRODUCE 35 77 7
RECIEVED 1554057504 INTRODUCE 36 78 7
RECIEVED 1554057504 INTRODUCE 37 78 7
RECIEVED 1554057504 INTRODUCE 35 79 7
RECIEVED 1554057504 INTRODUCE 37 80 7
RECIEVED 1554057504 TRANSACTION 81 81 7
UPDATE 1554057504 TRANSACTION 56b0c4490bc2f735f9fed04d91e19a32
SEND 1554057504 TRANSACTION 81 10248 56b0c4490bc2f735f9fed04d91e19a32
RECIEVED 1554057504 INTRODUCE 35 81 8
RECIEVED 1554057504 INTRODUCE 36 81 8
RECIEVED 1554057504 INTRODUCE 36 82 8
RECIEVED 1554057504 INTRODUCE 36 82 8
RECIEVED 1554057504 INTRODUCE 36 82 8
RECIEVED 1554057504 INTRODUCE 37 83 8
RECIEVED 1554057504 INTRODUCE 37 84 8
RECIEVED 1554057504 INTRODUCE 36 85 8
RECIEVED 1554057504 INTRODUCE 35 86 8
RECIEVED 1554057504 INTRODUCE 36 86 8
RECIEVED 1554057504 TRANSACTION 81 87 8
UPDATE 1554057504 TRANSACTION ad166a448fb23774505b39c5a16ac338
SEND 1554057504 TRANSACTION 81 10569 ad166a448fb23774505b39c5a16ac338
SEND 1554057504 TRANSACTION 81 15462 ad166a448fb23774505b39c5a16ac338
RECIEVED 1554057504 TRANSACTION 81 87 9
RECIEVED 1554057504 TRANSACTION 82 87 9
UPDATE 1554057504 TRANSACTION 4ace7c6d8352994f480a0f09877eb24a
SEND 1554057504 TRANSACTION 82 21165 4ace7c6d8352994f480a0f09877eb24a
SEND 1554057504 TRANSACTION 82 10659 4ace7c6d8352994f480a0f09877eb24a
RECIEVED 1554057504 TRANSACTION 81 87 10
UPDATE 1554057504 TRANSACTION 41adbaa5cd3fa5ea599eab8b2f8cfe39
SEND 1554057504 TRANSACTION 81 35385 41adbaa5cd3fa5ea599eab8b2f8cfe39
SEND 1554057504 TRANSACTION 81 10982 41adbaa5cd3fa5ea599eab8b2f8cfe39
SEND 1554057504 TRANSACTION 81 14009 41adbaa5cd3fa5ea599eab8b2f8cfe39
RECIEVED 1554057504 TRANSACTION 81 87 11
RECIEVED 1554057504 TRANSACTION 81 87 11
UPDATE 1554057504 TRANSACTION f7fdb6eb7a5ad23aff446f59ae787dc6
SEND 1554057504 TRANSACTION 81 13846 f7fdb6eb7a5ad23aff446f59ae787dc6
SEND 1554057504 TRANSACTION 81 19625 f7fdb6eb7a5ad23aff446f59ae787dc6
RECIEVED 1554057504 TRANSACTION 80 87 12
UPDATE 1554057504 TRANSACTION 913c624be22e3d8f0b782eac0ee7d7c6
SEND 1554057504 TRANSACTION 80 8745 913c624be22e3d8f0b782eac0ee7d7c6
RECIEVED 1554057504 TRANSACTION 81 87 13
UPDATE 1554057504 TRANSACTION 816fc2a5fadedba30934b22ed89376cd
SEND 1554057504 TRANSACTION 81 9419 816fc2a5fadedba30934b22ed89376cd
SEND 1554057504 TRANSACTION 81 15165 816fc2a5fadedba30934b22ed89376cd
SEND 1554057504 TRANSACTION 81 31145 816fc2a5fadedba30934b22ed89376cd
RECIEVED 1554057504 TRANSACTION 81 87 14
UPDATE 1554057504 TRANSACTION f4bfbcb1704d3f3e7b3aa8f614357f1f
SEND 1554057504 TRANSACTION 81 14975 f4bfbcb1704d3f3e7b3aa8f614357f1f
SEND 1554057504 TRANSACTION 81 9974 f4bfbcb1704d3f3e7b3aa8f614357f1f
SEND 1554057504 TRANSACTION 81 12797 f4bfbcb1704d3f3e7b3aa8f614357f1f
SEND 1554057504 TRANSACTION 81 11326 f4bfbcb1704d3f3e7b3aa8f614357f1f
RECIEVED 1554057504 TRANSACTION 81 87 15
UPDATE 1554057504 TRANSACTION 95883ad8549e707f53d4f475d59ae545
SEND 1554057504 TRANSACTION 81 9867 95883ad8549e707f53d4f475d59ae545
RECIEVED 1554057504 TRANSACTION 80 87 16
UPDATE 1554057504 TRANSACTION e4fb0ee8f635e297a5ee63345d21e61b
RECIEVED 1554057504 TRANSACTION 80 87 17
UPDATE 1554057504 TRANSACTION e2f0daff769ce0ac34e00d8708b87299
SEND 1554057504 TRANSACTION 80 9048 e2f0daff769ce0ac34e00d8708b87299
SEND 1554057504 TRANSACTION 80 9763 e2f0daff769ce0ac34e00d8708b87299
RECIEVED 1554057504 TRANSACTION 81 87 18
UPDATE 1554057504 TRANSACTION 412310049f4fceeb509adbc18a672b11
SEND 1554057504 TRANSACTION 81 9647 412310049f4fceeb509adbc18a672b11
SEND 1554057504 TRANSACTION 81 20334 412310049f4fceeb509adbc18a672b11
RECIEVED 1554057505 TRANSACTION 81 87 19
RECIEVED 1554057505 TRANSACTION 80 87 19
RECIEVED 1554057505 TRANSACTION 82 87 19
UPDATE 1554057505 TRANSACTION 1cdb5a01effca886f83cb7cc93cc5fd5
SEND 1554057505 TRANSACTION 82 21180 1cdb5a01effca886f83cb7cc93cc5fd5
SEND 1554057505 TRANSACTION 82 30542 1cdb5a01effca886f83cb7cc93cc5fd5
RECIEVED 1554057505 TRANSACTION 81 87 20
UPDATE 1554057505 TRANSACTION 90694e05926fba2b47cb90bdadd9b58a
SEND 1554057505 TRANSACTION 81 13362 90694e05926fba2b47cb90bdadd9b58a
RECIEVED 1554057505 TRANSACTION 81 87 21
RECIEVED 1554057505 TRANSACTION 82 87 21
RECIEVED 1554057505 TRANSACTION 81 87 21
UPDATE 1554057505 TRANSACTION 2265bd9de3f49d6c4f8f8437ee5655a3
SEND 1554057505 TRANSACTION 81 9405 2265bd9de3f49d6c4f8f8437ee5655a3
SEND 1554057505 TRANSACTION 81 16752 2265bd9de3f49d6c4f8f8437ee5655a3
RECIEVED 1554057505 TRANSACTION 81 87 22
UPDATE 1554057505 TRANSACTION 69edfe5bae7ca3afc8c731d6785e8ecc
SEND 1554057505 TRANSACTION 81 8854 69edfe5bae7ca3afc8c731d6785e8ecc
SEND 1554057505 TRANSACTION 81 15808 69edfe5bae7ca3afc8c731d6785e8ecc
RECIEVED 1554057505 TRANSACTION 82 87 23
UPDATE 1554057505 TRANSACTION 05993c8fcb9b0ae1c0585552dcdab447
SEND 1554057505 TRANSACTION 82 14183 05993c8fcb9b0ae1c0585552dcdab447
SEND 1554057505 TRANSACTION 82 16023 05993c8fcb9b0ae1c0585552dcdab447
SEND 1554057505 TRANSACTION 82 31286 05993c8fcb9b0ae1c0585552dcdab447
RECIEVED 1554057505 TRANSACTION 80 87 24
RECIEVED 1554057505 TRANSACTION 81 87 24
UPDATE 1554057505 TRANSACTION e93e974fe6a8aaf1777e3ed83dcb7486
SEND 1554057505 TRANSACTION 81 15726 e93e974fe6a8aaf1777e3ed83dcb7486
RECIEVED 1554057505 TRANSACTION 81 87 25
UPDATE 1554057505 TRANSACTION 40d43bde64db2947812a8dcb62880352
SEND 1554057505 TRANSACTION 81 9230 40d43bde64db2947812a8dcb62880352
RECIEVED 1554057505 TRANSACTION 80 87 26
UPDATE 1554057505 TRANSACTION 391ca84f885cb59ff5facddac52de350
SEND 1554057505 TRANSACTION 80 14302 391ca84f885cb59ff5facddac52de350
SEND 1554057505 TRANSACTION 80 14000 391ca84f885cb59ff5facddac52de350
RECIEVED 1554057505 TRANSACTION 81 87 27
RECIEVED 1554057505 TRANSACTION 80 87 27
UPDATE 1554057505 TRANSACTION 88b49bfa98c15749ca395df6089b8f9c
SEND 1554057505 TRANSACTION 80 9470 88b49bfa98c15749ca395df6089b8f9c
SEND 1554057505 TRANSACTION 80 13760 88b49bfa98c15749ca395df6089b8f9c
SEND 1554057505 TRANSACTION 80 14562 88b49bfa98c15749ca395df6089b8f9c
RECIEVED 1554057505 TRANSACTION 80 87 28
RECIEVED 1554057505 TRANSACTION 82 87 28
RECIEVED 1554057505 TRANSACTION 79 87 28
UPDATE 1554057505 TRANSACTION 1a9192fc2468c26ffcc5d1cd1b0280b1
RECIEVED 1554057505 TRANSACTION 81 87 29
RECIEVED 1554057505 TRANSACTION 81 87 29
RECIEVED 1554057505 INTRODUCE 36 87 29
RECIEVED 1554057505 INTRODUCE 36 87 29
RECIEVED 1554057505 INTRODUCE 37 87 29
RECIEVED 1554057505 INTRODUCE 37 88 29
RECIEVED 1554057505 TRANSACTION 81 88 29
UPDATE 1554057505 TRANSACTION f67f061a705762af21436610c4454142
SEND 1554057505 TRANSACTION 81 9941 f67f061a705762af21436610c4454142
SEND 1554057505 TRANSACTION 81 13611 f67f061a705762af21436610c4454142
SEND 1554057505 TRANSACTION 81 9568 f67f061a705762af21436610c4454142
RECIEVED 1554057506 TRANSACTION 82 88 30
UPDATE 1554057506 TRANSACTION ae625a6e5d992e51978e68eac6099bed
SEND 1554057506 TRANSACTION 82 9037 ae625a6e5d992e51978e68eac6099bed
SEND 1554057506 TRANSACTION 82 42966 ae625a6e5d992e51978e68eac6099bed
RECIEVED 1554057506 TRANSACTION 81 88 31
RECIEVED 1554057506 TRANSACTION 82 88 31
RECIEVED 1554057506 TRANSACTION 81 88 31
UPDATE 1554057506 TRANSACTION 40930570110ef3166fc20a5553261b5b
SEND 1554057506 TRANSACTION 81 10476 40930570110ef3166fc20a5553261b5b
RECIEVED 1554057506 TRANSACTION 82 88 32
UPDATE 1554057506 TRANSACTION f2a4bb4fe0ace0a04197649102b56d5e
SEND 1554057506 TRANSACTION 82 9133 f2a4bb4fe0ace0a04197649102b56d5e
RECIEVED 1554057506 TRANSACTION 81 88 33
RECIEVED 1554057506 TRANSACTION 81 88 33
UPDATE 1554057506 TRANSACTION c6554314f120025f06b695329fdbcb6c
SEND 1554057506 TRANSACTION 81 28270 c6554314f120025f06b695329fdbcb6c
RECIEVED 1554057506 TRANSACTION 81 88 34
RECIEVED 1554057506 TRANSACTION 81 88 34
UPDATE 1554057506 TRANSACTION 7c90e02c485e04280ee936c0c5293582
SEND 1554057506 TRANSACTION 81 13341 7c90e02c485e04280ee936c0c5293582
RECIEVED 1554057506 TRANSACTION 81 88 35
RECIEVED 1554057506 TRANSACTION 81 88 35
RECIEVED 1554057506 TRANSACTION 82 88 35
UPDATE 1554057506 TRANSACTION a85298b2c1b2d30802375c19f9ccfc8f
SEND 1554057506 TRANSACTION 82 9660 a85298b2c1b2d30802375c19f9ccfc8f
SEND 1554057506 TRANSACTION 82 10069 a85298b2c1b2d30802375c19f9ccfc8f
RECIEVED 1554057506 TRANSACTION 81 88 36
UPDATE 1554057506 TRANSACTION 613be97b88c653fe2dc7426da8f45d48
SEND 1554057506 TRANSACTION 81 9863 613be97b88c653fe2dc7426da8f45d48
SEND 1554057506 TRANSACTION 81 9888 613be97b88c653fe2dc7426da8f45d48
SEND 1554057506 TRANSACTION 81 15307 613be97b88c653fe2dc7426da8f45d48
RECIEVED 1554057506 TRANSACTION 81 88 37
UPDATE 1554057506 TRANSACTION b0939888da47f2eee4ccf7db93cbc5ab
SEND 1554057506 TRANSACTION 81 9319 b0939888da47f2eee4ccf7db93cbc5ab
RECIEVED 1554057506 TRANSACTION 81 88 38
UPDATE 1554057506 TRANSACTION 68be9c6c6f4232b0c08d57e1002a5253
SEND 1554057506 TRANSACTION 81 32815 68be9c6c6f4232b0c08d57e1002a5253
SEND 1554057506 TRANSACTION 81 16262 68be9c6c6f4232b0c08d57e1002a5253
RECIEVED 1554057506 TRANSACTION 81 88 39
UPDATE 1554057506 TRANSACTION 32ef2eac77a2065ed3a845130f617470
RECIEVED 1554057506 TRANSACTION 81 88 40
UPDATE 1554057506 TRANSACTION 58508ea18478fe55a9ecfaf4126203c3
SEND 1554057506 TRANSACTION 81 13604 58508ea18478fe55a9ecfaf4126203c3
SEND 1554057506 TRANSACTION 81 9794 58508ea18478fe55a9ecfaf4126203c3
RECIEVED 1554057506 TRANSACTION 81 88 41
UPDATE 1554057506 TRANSACTION 2fd4e41a163edd667f7ff16be11a0f24
SEND 1554057506 TRANSACTION 81 9283 2fd4e41a163edd667f7ff16be11a0f24
RECIEVED 1554057506 TRANSACTION 81 88 42
UPDATE 1554057506 TRANSACTION 37f5c534c0a385883cd91086848c409d
SEND 1554057506 TRANSACTION 81 13667 37f5c534c0a385883cd91086848c409d
RECIEVED 1554057506 TRANSACTION 81 88 43
UPDATE 1554057506 TRANSACTION 116b887d84dd69c17cd96f36b35019cc
RECIEVED 1554057506 TRANSACTION 81 88 44
UPDATE 1554057506 TRANSACTION 587545ac866958a344131a93c31a6a72
SEND 1554057506 TRANSACTION 81 21586 587545ac866958a344131a93c31a6a72
RECIEVED 1554057507 TRANSACTION 81 88 45
RECIEVED 1554057507 TRANSACTION 81 88 45
RECIEVED 1554057507 TRANSACTION 82 88 45
UPDATE 1554057507 TRANSACTION 2a9d1aa4b2cc5c3220cac647eb1b2e62
SEND 1554057507 TRANSACTION 82 9738 2a9d1aa4b2cc5c3220cac647eb1b2e62
RECIEVED 1554057507 TRANSACTION 81 88 46
RECIEVED 1554057507 TRANSACTION 81 88 46
UPDATE 1554057507 TRANSACTION 07973320c97a476a22f3a0e5511c8b67
RECIEVED 1554057507 TRANSACTION 81 88 47
RECIEVED 1554057507 TRANSACTION 80 88 47
UPDATE 1554057507 TRANSACTION 9c6d9aadc92471a855cbc253da8a81ed
SEND 1554057507 TRANSACTION 80 8864 9c6d9aadc92471a855cbc253da8a81ed
RECIEVED 1554057507 TRANSACTION 81 88 48
UPDATE 1554057507 TRANSACTION 86426b4dacf109a61e0f96ff9de41bff
RECIEVED 1554057507 TRANSACTION 80 88 49
UPDATE 1554057507 TRANSACTION 11ce92763257a74377a3decc9226f0b7
SEND 1554057507 TRANSACTION 80 8747 11ce92763257a74377a3decc9226f0b7
SEND 1554057507 TRANSACTION 80 27442 11ce92763257a74377a3decc9226f0b7
RECIEVED 1554057507 TRANSACTION 80 88 50
RECIEVED 1554057507 TRANSACTION 81 88 50
UPDATE 1554057507 TRANSACTION 68c9a45dc2edd966a146ba151088dc01
SEND 1554057507 TRANSACTION 81 13836 68c9a45dc2edd966a146ba151088dc01
SEND 1554057507 TRANSACTION 81 13852 68c9a45dc2edd966a146ba151088dc01
SEND 1554057507 TRANSACTION 81 9460 68c9a45dc2edd966a146ba151088dc01
SEND 1554057507 TRANSACTION 81 9492 68c9a45dc2edd966a146ba151088dc01
RECIEVED 1554057507 TRANSACTION 81 88 51
RECIEVED 1554057507 TRANSACTION 81 88 51
RECIEVED 1554057507 TRANSACTION 81 88 51
UPDATE 1554057507 TRANSACTION aca68786c312f5184e54a4f8c221a944
SEND 1554057507 TRANSACTION 81 9678 aca68786c312f5184e54a4f8c221a944
SEND 1554057507 TRANSACTION 81 10880 aca68786c312f5184e54a4f8c221a944
SEND 1554057507 TRANSACTION 81 12919 aca68786c312f5184e54a4f8c221a944
SEND 1554057507 TRANSACTION 81 9808 aca68786c312f5184e54a4f8c221a944
RECIEVED 1554057507 TRANSACTION 81 88 52
RECIEVED 1554057507 TRANSACTION 81 88 52
UPDATE 1554057507 TRANSACTION a12921c8dea6aaac720a42e0f56e452d
SEND 1554057507 TRANSACTION 81 13863 a12921c8dea6aaac720a42e0f56e452d
RECIEVED 1554057507 TRANSACTION 81 88 53
RECIEVED 1554057508 TRANSACTION 81 88 53
UPDATE 1554057508 TRANSACTION 106b948ff25238c9d763ba2ea7f529e9
RECIEVED 1554057508 TRANSACTION 80 88 54
UPDATE 1554057508 TRANSACTION 43b8b39b3027f56f17e92fe343d9746a
SEND 1554057508 TRANSACTION 80 9807 43b8b39b3027f56f17e92fe343d9746a
SEND 1554057508 TRANSACTION 80 11048 43b8b39b3027f56f17e92fe343d9746a
RECIEVED 1554057508 TRANSACTION 81 88 55
RECIEVED 1554057508 TRANSACTION 80 88 55
UPDATE 1554057508 TRANSACTION 3bf707668a0c7d9a8383b7d4457e92b3
SEND 1554057508 TRANSACTION 80 15301 3bf707668a0c7d9a8383b7d4457e92b3
SEND 1554057508 TRANSACTION 80 10100 3bf707668a0c7d9a8383b7d4457e92b3
RECIEVED 1554057508 TRANSACTION 80 88 56
UPDATE 1554057508 TRANSACTION 796eebcf7dd5767eefa9978ded2addbc
SEND 1554057508 TRANSACTION 80 9145 796eebcf7dd5767eefa9978ded2addbc
RECIEVED 1554057508 TRANSACTION 81 88 57
UPDATE 1554057508 TRANSACTION 3fc66ad6fec153b2d4a8e68015d73997
SEND 1554057508 TRANSACTION 81 32800 3fc66ad6fec153b2d4a8e68015d73997
SEND 1554057508 TRANSACTION 81 15996 3fc66ad6fec153b2d4a8e68015d73997
RECIEVED 1554057508 TRANSACTION 81 88 58
RECIEVED 1554057508 TRANSACTION 81 88 58
UPDATE 1554057508 TRANSACTION 5301898091cf48f1f214c9b55c6c3ae7
SEND 1554057508 TRANSACTION 81 10400 5301898091cf48f1f214c9b55c6c3ae7
RECIEVED 1554057508 TRANSACTION 81 88 59
RECIEVED 1554057508 TRANSACTION 81 88 59
UPDATE 1554057508 TRANSACTION 6ed77468847db9917035d4a143779bf8
SEND 1554057508 TRANSACTION 81 11004 6ed77468847db9917035d4a143779bf8
SEND 1554057508 TRANSACTION 81 15414 6ed77468847db9917035d4a143779bf8
SEND 1554057508 TRANSACTION 81 11310 6ed77468847db9917035d4a143779bf8
RECIEVED 1554057508 TRANSACTION 80 88 60
UPDATE 1554057508 TRANSACTION e1e4603cf663416784ba82c04c6781ab
RECIEVED 1554057508 TRANSACTION 80 88 61
UPDATE 1554057508 TRANSACTION 40c1ff39b63b519cb8dbf2d516fc0487
SEND 1554057508 TRANSACTION 80 10309 40c1ff39b63b519cb8dbf2d516fc0487
RECIEVED 1554057509 TRANSACTION 79 88 62
UPDATE 1554057509 TRANSACTION 28074a14b8dee088c37108012c16f453
SEND 1554057509 TRANSACTION 79 14905 28074a14b8dee088c37108012c16f453
SEND 1554057509 TRANSACTION 79 9209 28074a14b8dee088c37108012c16f453
SEND 1554057509 TRANSACTION 79 14311 28074a14b8dee088c37108012c16f453
RECIEVED 1554057509 TRANSACTION 81 88 63
UPDATE 1554057509 TRANSACTION 444c7ea62b6b8c65fbfb81dd429d412e
SEND 1554057509 TRANSACTION 81 9872 444c7ea62b6b8c65fbfb81dd429d412e
SEND 1554057509 TRANSACTION 81 20635 444c7ea62b6b8c65fbfb81dd429d412e
RECIEVED 1554057509 TRANSACTION 81 88 64
RECIEVED 1554057509 TRANSACTION 81 88 64
UPDATE 1554057509 TRANSACTION 33191499971f3315926757c6b5acce3e
SEND 1554057509 TRANSACTION 81 17698 33191499971f3315926757c6b5acce3e
SEND 1554057509 TRANSACTION 81 9341 33191499971f3315926757c6b5acce3e
SEND 1554057509 TRANSACTION 81 10744 33191499971f3315926757c6b5acce3e
RECIEVED 1554057509 TRANSACTION 80 88 65
UPDATE 1554057509 TRANSACTION e9708a8f26964ebbb7912f8d9c50e022
SEND 1554057509 TRANSACTION 80 14902 e9708a8f26964ebbb7912f8d9c50e022
SEND 1554057509 TRANSACTION 80 10572 e9708a8f26964ebbb7912f8d9c50e022
RECIEVED 1554057509 TRANSACTION 82 88 66
UPDATE 1554057509 TRANSACTION 2f894f2d1ce86f43826eed2945576f82
SEND 1554057509 TRANSACTION 82 14254 2f894f2d1ce86f43826eed2945576f82
SEND 1554057509 TRANSACTION 82 13233 2f894f2d1ce86f43826eed2945576f82
RECIEVED 1554057509 TRANSACTION 82 88 67
RECIEVED 1554057509 TRANSACTION 81 88 67
UPDATE 1554057509 TRANSACTION b5dd40744b4ec86dcf62aa10dc66a1f9
SEND 1554057509 TRANSACTION 81 16335 b5dd40744b4ec86dcf62aa10dc66a1f9
RECIEVED 1554057509 TRANSACTION 80 88 68
UPDATE 1554057509 TRANSACTION 8c1ae8c53929b0b0867fdbc57c08ebfe
SEND 1554057509 TRANSACTION 80 20575 8c1ae8c53929b0b0867fdbc57c08ebfe
SEND 1554057509 TRANSACTION 80 10853 8c1ae8c53929b0b0867fdbc57c08ebfe
RECIEVED 1554057509 TRANSACTION 81 88 69
UPDATE 1554057509 TRANSACTION b344dc36cdfec908cc735072a4ba0bd3
SEND 1554057509 TRANSACTION 81 16660 b344dc36cdfec908cc735072a4ba0bd3
SEND 1554057509 TRANSACTION 81 15295 b344dc36cdfec908cc735072a4ba0bd3
SEND 1554057509 TRANSACTION 81 26025 b344dc36cdfec908cc735072a4ba0bd3
RECIEVED 1554057509 TRANSACTION 81 88 70
RECIEVED 1554057509 TRANSACTION 81 88 70
RECIEVED 1554057509 TRANSACTION 81 88 70
UPDATE 1554057509 TRANSACTION ef789a2be17214ce0e57c5c24e23937a
SEND 1554057509 TRANSACTION 81 10222 ef789a2be17214ce0e57c5c24e23937a
SEND 1554057509 TRANSACTION 81 33867 ef789a2be17214ce0e57c5c24e23937a
RECIEVED 1554057509 TRANSACTION 81 88 71
RECIEVED 1554057509 TRANSACTION 81 88 71
UPDATE 1554057509 TRANSACTION cf7aabecebae35c35bda76556d3f5362
SEND 1554057509 TRANSACTION 81 9646 cf7aabecebae35c35bda76556d3f5362
RECIEVED 1554057509 TRANSACTION 81 88 72
UPDATE 1554057509 TRANSACTION 61598d2e5aeb31439685b17eb7ba12ac
RECIEVED 1554057509 TRANSACTION 81 88 73
UPDATE 1554057509 TRANSACTION 4b2e68a7147d4374371ce36ae16d61c2
RECIEVED 1554057509 TRANSACTION 80 88 74
UPDATE 1554057509 TRANSACTION 06f2255ea0a40aa9dbadfe5f82915344
SEND 1554057509 TRANSACTION 80 20314 06f2255ea0a40aa9dbadfe5f82915344
SEND 1554057509 TRANSACTION 80 15355 06f2255ea0a40aa9dbadfe5f82915344
RECIEVED 1554057509 TRANSACTION 81 88 75
RECIEVED 1554057509 TRANSACTION 80 88 75
RECIEVED 1554057509 TRANSACTION 81 88 75
UPDATE 1554057509 TRANSACTION 6e852646f6b0742ecfaa2f537e1ea252
SEND 1554057509 TRANSACTION 81 14310 6e852646f6b0742ecfaa2f537e1ea252
RECIEVED 1554057509 TRANSACTION 81 88 76
UPDATE 1554057509 TRANSACTION 1a23029866b7f935d44a99a54bcf1c65
RECIEVED 1554057509 TRANSACTION 81 88 77
UPDATE 1554057509 TRANSACTION 70b60534c0897b45eb85279b0cee4903
SEND 1554057509 TRANSACTION 81 54004 70b60534c0897b45eb85279b0cee4903
SEND 1554057509 TRANSACTION 81 44292 70b60534c0897b45eb85279b0cee4903
RECIEVED 1554057509 TRANSACTION 81 88 78
RECIEVED 1554057510 TRANSACTION 80 88 78
UPDATE 1554057510 TRANSACTION 6e15fb13d8509f2804443ee501504d48
SEND 1554057510 TRANSACTION 80 24139 6e15fb13d8509f2804443ee501504d48
RECIEVED 1554057510 TRANSACTION 81 88 79
UPDATE 1554057510 TRANSACTION 186fffe29b52462f2bbf0ba81b32991f
RECIEVED 1554057510 TRANSACTION 81 88 80
UPDATE 1554057510 TRANSACTION dd8c354a6886f52c3aeaf6039e011b0e
SEND 1554057510 TRANSACTION 81 13311 dd8c354a6886f52c3aeaf6039e011b0e
SEND 1554057510 TRANSACTION 81 13931 dd8c354a6886f52c3aeaf6039e011b0e
RECIEVED 1554057510 TRANSACTION 81 88 81
RECIEVED 1554057510 TRANSACTION 79 88 81
UPDATE 1554057510 TRANSACTION 34706b86e7e4e8e8f2124a64909e5d4f
SEND 1554057510 TRANSACTION 79 29037 34706b86e7e4e8e8f2124a64909e5d4f
RECIEVED 1554057510 TRANSACTION 80 88 82
UPDATE 1554057510 TRANSACTION a89123f719573cc1266da1ec88ec12f8
SEND 1554057510 TRANSACTION 80 48451 a89123f719573cc1266da1ec88ec12f8
RECIEVED 1554057510 TRANSACTION 81 88 83
UPDATE 1554057510 TRANSACTION c9b469ae0ee937c4365d5ce227cbcb94
RECIEVED 1554057510 TRANSACTION 81 88 84
UPDATE 1554057510 TRANSACTION 1a21284a37aa4414a3b8f19e5fe2560b
SEND 1554057510 TRANSACTION 81 30633 1a21284a37aa4414a3b8f19e5fe2560b
RECIEVED 1554057510 TRANSACTION 80 88 85
UPDATE 1554057510 TRANSACTION 82e87cf722238bc5b86bba49c9f586e1
SEND 1554057510 TRANSACTION 80 9208 82e87cf722238bc5b86bba49c9f586e1
SEND 1554057510 TRANSACTION 80 11778 82e87cf722238bc5b86bba49c9f586e1
SEND 1554057510 TRANSACTION 80 16913 82e87cf722238bc5b86bba49c9f586e1
RECIEVED 1554057510 TRANSACTION 81 88 86
UPDATE 1554057510 TRANSACTION b19a0c1ac4ab2f2ddcfc212df4de7713
SEND 1554057510 TRANSACTION 81 13756 b19a0c1ac4ab2f2ddcfc212df4de7713
RECIEVED 1554057510 TRANSACTION 81 88 87
UPDATE 1554057510 TRANSACTION c3a54fac00409c7efc4a7f3d97b32f64
SEND 1554057510 TRANSACTION 81 9702 c3a54fac00409c7efc4a7f3d97b32f64
RECIEVED 1554057510 TRANSACTION 81 88 88
RECIEVED 1554057510 TRANSACTION 81 88 88
UPDATE 1554057510 TRANSACTION c93fa1f4d43501e22e26d987723008e7
SEND 1554057510 TRANSACTION 81 9352 c93fa1f4d43501e22e26d987723008e7
SEND 1554057510 TRANSACTION 81 9119 c93fa1f4d43501e22e26d987723008e7
RECIEVED 1554057510 TRANSACTION 81 88 89
UPDATE 1554057510 TRANSACTION 082bb1f7e448f19505bcf817c7951e9a
SEND 1554057510 TRANSACTION 81 15311 082bb1f7e448f19505bcf817c7951e9a
RECIEVED 1554057510 TRANSACTION 81 88 90
UPDATE 1554057510 TRANSACTION 97dd15516e0dd45d22b14a8734bf2cd6
SEND 1554057510 TRANSACTION 81 14355 97dd15516e0dd45d22b14a8734bf2cd6
RECIEVED 1554057511 TRANSACTION 82 88 91
UPDATE 1554057511 TRANSACTION 854e8d7be0a46fa3e73d46f37951b8fd
SEND 1554057511 TRANSACTION 82 9319 854e8d7be0a46fa3e73d46f37951b8fd
SEND 1554057511 TRANSACTION 82 15655 854e8d7be0a46fa3e73d46f37951b8fd
RECIEVED 1554057511 TRANSACTION 81 88 92
UPDATE 1554057511 TRANSACTION 1d3c12a40f33b3dae0a82941aad69ff8
SEND 1554057511 TRANSACTION 81 9612 1d3c12a40f33b3dae0a82941aad69ff8
RECIEVED 1554057511 TRANSACTION 81 88 93
UPDATE 1554057511 TRANSACTION 18577ff9932621328012fa198f980933
SEND 1554057511 TRANSACTION 81 9873 18577ff9932621328012fa198f980933
SEND 1554057511 TRANSACTION 81 9680 18577ff9932621328012fa198f980933
RECIEVED 1554057511 TRANSACTION 81 88 94
UPDATE 1554057511 TRANSACTION 1a1c41141930d3debb94f10042130a1a
SEND 1554057511 TRANSACTION 81 15279 1a1c41141930d3debb94f10042130a1a
RECIEVED 1554057511 TRANSACTION 81 88 95
RECIEVED 1554057511 TRANSACTION 81 88 95
UPDATE 1554057511 TRANSACTION 5e420dbd3144aab78185eba8eb4d6832
RECIEVED 1554057511 TRANSACTION 81 88 96
RECIEVED 1554057511 TRANSACTION 82 88 96
UPDATE 1554057511 TRANSACTION 8cb430c978449241a7dae2dbe3e9d28d
SEND 1554057511 TRANSACTION 82 9339 8cb430c978449241a7dae2dbe3e9d28d
RECIEVED 1554057511 TRANSACTION 82 88 97
RECIEVED 1554057511 TRANSACTION 82 88 97
RECIEVED 1554057511 TRANSACTION 81 88 97
UPDATE 1554057511 TRANSACTION 0585d2ea6aab85b0b55caf395e5b49ca
SEND 1554057511 TRANSACTION 81 13426 0585d2ea6aab85b0b55caf395e5b49ca
SEND 1554057511 TRANSACTION 81 10625 0585d2ea6aab85b0b55caf395e5b49ca
RECIEVED 1554057511 TRANSACTION 82 88 98
RECIEVED 1554057511 TRANSACTION 81 88 98
UPDATE 1554057511 TRANSACTION 23a1553be98a86ac947ba85945316b6a
SEND 1554057511 TRANSACTION 81 12540 23a1553be98a86ac947ba85945316b6a
RECIEVED 1554057511 TRANSACTION 78 88 99
UPDATE 1554057511 TRANSACTION 9562e145e521b8741c377c63e58e4525
SEND 1554057511 TRANSACTION 78 13690 9562e145e521b8741c377c63e58e4525
SEND 1554057511 TRANSACTION 78 11713 9562e145e521b8741c377c63e58e4525
RECIEVED 1554057511 TRANSACTION 78 88 100
RECIEVED 1554057511 TRANSACTION 78 88 100
RECIEVED 1554057511 TRANSACTION 81 88 100
UPDATE 1554057511 TRANSACTION 2fb5fa6e638585855c27909b4c9e78ca
SEND 1554057511 TRANSACTION 81 9772 2fb5fa6e638585855c27909b4c9e78ca
RECIEVED 1554057511 TRANSACTION 80 88 101
UPDATE 1554057511 TRANSACTION ba3fdf35fe73441e2864176654c25f6d
SEND 1554057511 TRANSACTION 80 14859 ba3fdf35fe73441e2864176654c25f6d
RECIEVED 1554057511 TRANSACTION 80 88 102
RECIEVED 1554057511 TRANSACTION 81 88 102
UPDATE 1554057511 TRANSACTION c7b220ae3c3de63537d0963991438a03
SEND 1554057511 TRANSACTION 81 15247 c7b220ae3c3de63537d0963991438a03
RECIEVED 1554057511 HB 3 88 103
RECIEVED 1554057511 TRANSACTION 80 88 103
UPDATE 1554057511 TRANSACTION 29f7330b5bb75d59837e90628d461445
SEND 1554057511 TRANSACTION 80 9312 29f7330b5bb75d59837e90628d461445
SEND 1554057511 TRANSACTION 80 19626 29f7330b5bb75d59837e90628d461445
RECIEVED 1554057512 TRANSACTION 80 88 104
UPDATE 1554057512 TRANSACTION 97e60a24a61733fd873d7a1d89478597
SEND 1554057512 TRANSACTION 80 10326 97e60a24a61733fd873d7a1d89478597
RECIEVED 1554057512 TRANSACTION 81 88 105
UPDATE 1554057512 TRANSACTION d786b1035b78ba1182ba169de3398ff1
SEND 1554057512 TRANSACTION 81 13084 d786b1035b78ba1182ba169de3398ff1
RECIEVED 1554057512 TRANSACTION 81 88 106
RECIEVED 1554057512 TRANSACTION 82 88 106
UPDATE 1554057512 TRANSACTION dd12008cbf8363d5e1212d2f76caa1f7
SEND 1554057512 TRANSACTION 82 16965 dd12008cbf8363d5e1212d2f76caa1f7
SEND 1554057512 TRANSACTION 82 17970 dd12008cbf8363d5e1212d2f76caa1f7
RECIEVED 1554057512 TRANSACTION 81 88 107
UPDATE 1554057512 TRANSACTION e18423d9ef91e96e0a4cb47f1b9452d1
SEND 1554057512 TRANSACTION 81 14306 e18423d9ef91e96e0a4cb47f1b9452d1
RECIEVED 1554057512 TRANSACTION 81 88 108
UPDATE 1554057512 TRANSACTION ebe2d7a64e741a82b86a3ca62e226149
SEND 1554057512 TRANSACTION 81 16143 ebe2d7a64e741a82b86a3ca62e226149
RECIEVED 1554057512 TRANSACTION 81 88 109
UPDATE 1554057512 TRANSACTION 892bbadf72fbf05021c54c16f8a2cdff
SEND 1554057512 TRANSACTION 81 8290 892bbadf72fbf05021c54c16f8a2cdff
SEND 1554057512 TRANSACTION 81 14663 892bbadf72fbf05021c54c16f8a2cdff
RECIEVED 1554057512 TRANSACTION 81 88 110
RECIEVED 1554057512 TRANSACTION 81 88 110
UPDATE 1554057512 TRANSACTION 7310390b7891d6ed88d7dd3d4d1e799b
SEND 1554057512 TRANSACTION 81 8501 7310390b7891d6ed88d7dd3d4d1e799b
RECIEVED 1554057512 TRANSACTION 81 88 111
RECIEVED 1554057512 TRANSACTION 81 88 111
UPDATE 1554057512 TRANSACTION 8f30360fb960fa5f809cea9dfbfaa123
SEND 1554057512 TRANSACTION 81 9395 8f30360fb960fa5f809cea9dfbfaa123
SEND 1554057512 TRANSACTION 81 10384 8f30360fb960fa5f809cea9dfbfaa123
SEND 1554057512 TRANSACTION 81 26797 8f30360fb960fa5f809cea9dfbfaa123
RECIEVED 1554057512 TRANSACTION 81 88 112
RECIEVED 1554057512 TRANSACTION 81 88 112
RECIEVED 1554057512 TRANSACTION 80 88 112
UPDATE 1554057512 TRANSACTION 7f7748e91ad91f42d270d2a87aa1d50c
SEND 1554057512 TRANSACTION 80 20803 7f7748e91ad91f42d270d2a87aa1d50c
SEND 1554057512 TRANSACTION 80 11712 7f7748e91ad91f42d270d2a87aa1d50c
RECIEVED 1554057512 TRANSACTION 81 88 113
UPDATE 1554057512 TRANSACTION a106bee7c85a30d7dbfedea3c7735aba
SEND 1554057512 TRANSACTION 81 16587 a106bee7c85a30d7dbfedea3c7735aba
SEND 1554057512 TRANSACTION 81 14809 a106bee7c85a30d7dbfedea3c7735aba
RECIEVED 1554057512 TRANSACTION 80 88 114
UPDATE 1554057512 TRANSACTION f0ce6697ab561aa0b5b1be009f556afb
SEND 1554057512 TRANSACTION 80 14155 f0ce6697ab561aa0b5b1be009f556afb
SEND 1554057512 TRANSACTION 80 8668 f0ce6697ab561aa0b5b1be009f556afb
SEND 1554057512 TRANSACTION 80 14636 f0ce6697ab561aa0b5b1be009f556afb
RECIEVED 1554057512 TRANSACTION 81 88 115
UPDATE 1554057512 TRANSACTION 1abcf5d6e0a92f54d1c1cd7fdd2db231
RECIEVED 1554057512 TRANSACTION 80 88 116
UPDATE 1554057512 TRANSACTION 38a5fbc06b83181df3dbd6de0615d5f5
SEND 1554057512 TRANSACTION 80 14222 38a5fbc06b83181df3dbd6de0615d5f5
RECIEVED 1554057512 TRANSACTION 81 88 117
UPDATE 1554057512 TRANSACTION dcae9b0cbf39173fd6ecd598f28eea59
SEND 1554057512 TRANSACTION 81 9019 dcae9b0cbf39173fd6ecd598f28eea59
RECIEVED 1554057512 TRANSACTION 81 88 118
UPDATE 1554057512 TRANSACTION f9d40aaf063eaaa3849283aa9b018845
SEND 1554057512 TRANSACTION 81 15177 f9d40aaf063eaaa3849283aa9b018845
SEND 1554057512 TRANSACTION 81 15331 f9d40aaf063eaaa3849283aa9b018845
RECIEVED 1554057513 TRANSACTION 81 88 119
UPDATE 1554057513 TRANSACTION 198d9dc103c926114431731f99cf6d80
SEND 1554057513 TRANSACTION 81 16751 198d9dc103c926114431731f99cf6d80
RECIEVED 1554057513 TRANSACTION 81 88 120
UPDATE 1554057513 TRANSACTION 5d4680c5ff114f58bd92561708db0bcb
SEND 1554057513 TRANSACTION 81 13672 5d4680c5ff114f58bd92561708db0bcb
SEND 1554057513 TRANSACTION 81 30959 5d4680c5ff114f58bd92561708db0bcb
RECIEVED 1554057513 TRANSACTION 81 88 121
RECIEVED 1554057513 TRANSACTION 81 88 121
RECIEVED 1554057513 TRANSACTION 81 88 121
UPDATE 1554057513 TRANSACTION dc493f311bab37683277e4cfdd3cb05c
SEND 1554057513 TRANSACTION 81 10091 dc493f311bab37683277e4cfdd3cb05c
RECIEVED 1554057513 TRANSACTION 81 88 122
UPDATE 1554057513 TRANSACTION 5146fc558679949fa9cb9673b79d8a39
RECIEVED 1554057513 TRANSACTION 81 88 123
UPDATE 1554057513 TRANSACTION 2598ddb26cd7eb0167bdef2b9ca71b25
SEND 1554057513 TRANSACTION 81 9316 2598ddb26cd7eb0167bdef2b9ca71b25
SEND 1554057513 TRANSACTION 81 24747 2598ddb26cd7eb0167bdef2b9ca71b25
RECIEVED 1554057513 TRANSACTION 81 88 124
UPDATE 1554057513 TRANSACTION 2dbf47f5ec749ae259708e81a816989a
SEND 1554057513 TRANSACTION 81 14458 2dbf47f5ec749ae259708e81a816989a
RECIEVED 1554057513 TRANSACTION 79 88 125
UPDATE 1554057513 TRANSACTION fdda0d352143e2e53b18bdf63db1f3ec
RECIEVED 1554057513 TRANSACTION 81 88 126
UPDATE 1554057513 TRANSACTION c849a5cb255887ddd2e6f06d5ae0584d
SEND 1554057513 TRANSACTION 81 10133 c849a5cb255887ddd2e6f06d5ae0584d
RECIEVED 1554057513 TRANSACTION 81 88 127
RECIEVED 1554057513 TRANSACTION 79 88 127
RECIEVED 1554057513 TRANSACTION 81 88 127
UPDATE 1554057513 TRANSACTION 5cac780e91dfb6138133b44fec285a0d
RECIEVED 1554057513 TRANSACTION 81 88 128
UPDATE 1554057513 TRANSACTION 4aa59f7cf51f46e70134b9df3082e86c
SEND 1554057513 TRANSACTION 81 11238 4aa59f7cf51f46e70134b9df3082e86c
SEND 1554057513 TRANSACTION 81 10069 4aa59f7cf51f46e70134b9df3082e86c
SEND 1554057513 TRANSACTION 81 14099 4aa59f7cf51f46e70134b9df3082e86c
SEND 1554057513 TRANSACTION 81 9510 4aa59f7cf51f46e70134b9df3082e86c
RECIEVED 1554057513 TRANSACTION 79 88 129
UPDATE 1554057513 TRANSACTION a734b5ea157314d1cb6109cb05d97796
RECIEVED 1554057513 TRANSACTION 79 88 130
RECIEVED 1554057513 TRANSACTION 81 88 130
UPDATE 1554057513 TRANSACTION c60fe1fcbda254c0947334ef1f9feebf
SEND 1554057513 TRANSACTION 81 9751 c60fe1fcbda254c0947334ef1f9feebf
SEND 1554057513 TRANSACTION 81 9757 c60fe1fcbda254c0947334ef1f9feebf
SEND 1554057513 TRANSACTION 81 12995 c60fe1fcbda254c0947334ef1f9feebf
RECIEVED 1554057513 TRANSACTION 81 88 131
RECIEVED 1554057513 TRANSACTION 81 88 131
UPDATE 1554057513 TRANSACTION a56cb97df7d17eedfc8e1c5a51086a2f
SEND 1554057513 TRANSACTION 81 13804 a56cb97df7d17eedfc8e1c5a51086a2f
SEND 1554057513 TRANSACTION 81 15751 a56cb97df7d17eedfc8e1c5a51086a2f
SEND 1554057513 TRANSACTION 81 13562 a56cb97df7d17eedfc8e1c5a51086a2f
RECIEVED 1554057513 TRANSACTION 80 88 132
UPDATE 1554057513 TRANSACTION e497047ce4357948cbb763312831d0c7
SEND 1554057513 TRANSACTION 80 13631 e497047ce4357948cbb763312831d0c7
SEND 1554057513 TRANSACTION 80 37716 e497047ce4357948cbb763312831d0c7
RECIEVED 1554057513 TRANSACTION 81 88 133
UPDATE 1554057513 TRANSACTION 4be76e92c8ded15b2b9ddfee19f76fe7
SEND 1554057513 TRANSACTION 81 13272 4be76e92c8ded15b2b9ddfee19f76fe7
SEND 1554057513 TRANSACTION 81 9528 4be76e92c8ded15b2b9ddfee19f76fe7
RECIEVED 1554057513 TRANSACTION 81 88 134
RECIEVED 1554057513 TRANSACTION 80 88 134
RECIEVED 1554057513 TRANSACTION 79 88 134
UPDATE 1554057513 TRANSACTION f3c9432e9c8d5268c5fa4d6e1d342c97
RECIEVED 1554057513 TRANSACTION 80 88 135
RECIEVED 1554057513 TRANSACTION 79 88 135
UPDATE 1554057513 TRANSACTION 7ce8d649bdc53fe77b9074ce1b5bfc87
RECIEVED 1554057514 TRANSACTION 81 88 136
UPDATE 1554057514 TRANSACTION 566707adc6602bed9e2e79c90f0b9d68
SEND 1554057514 TRANSACTION 81 9991 566707adc6602bed9e2e79c90f0b9d68
SEND 1554057514 TRANSACTION 81 10419 566707adc6602bed9e2e79c90f0b9d68
RECIEVED 1554057514 TRANSACTION 81 88 137
UPDATE 1554057514 TRANSACTION 4078c9fefc7aee0113e09f684f16c997
RECIEVED 1554057514 TRANSACTION 79 88 138
RECIEVED 1554057514 DIE 4 88 138
