RECIEVED 1554057506 INTRODUCE 37 0 0
SEND 1554057506 JOIN 31 17711
RECIEVED 1554057506 INTRODUCE 36 1 0
SEND 1554057506 INTRODUCE 36 16405
SEND 1554057506 JOIN 31 24515
RECIEVED 1554057506 INTRODUCE 37 2 0
SEND 1554057506 INTRODUCE 37 18453
SEND 1554057506 INTRODUCE 37 13440
SEND 1554057506 JOIN 31 12497
RECIEVED 1554057506 INTRODUCE 37 3 0
SEND 1554057506 INTRODUCE 37 12511
SEND 1554057506 INTRODUCE 37 9776
SEND 1554057506 INTRODUCE 37 14938
SEND 1554057506 JOIN 31 12359
RECIEVED 1554057506 INTRODUCE 37 4 0
RECIEVED 1554057506 INTRODUCE 37 5 0
RECIEVED 1554057506 INTRODUCE 35 6 0
RECIEVED 1554057506 INTRODUCE 36 7 0
RECIEVED 1554057506 INTRODUCE 35 8 0
RECIEVED 1554057506 INTRODUCE 35 9 0
RECIEVED 1554057506 INTRODUCE 35 10 0
RECIEVED 1554057506 INTRODUCE 35 11 0
RECIEVED 1554057506 INTRODUCE 36 11 0
RECIEVED 1554057506 INTRODUCE 37 12 0
RECIEVED 1554057506 INTRODUCE 37 13 0
RECIEVED 1554057506 INTRODUCE 35 14 0
RECIEVED 1554057506 INTRODUCE 37 15 0
RECIEVED 1554057506 INTRODUCE 36 16 0
RECIEVED 1554057506 INTRODUCE 36 17 0
RECIEVED 1554057506 INTRODUCE 35 18 0
RECIEVED 1554057506 INTRODUCE 36 19 0
RECIEVED 1554057506 INTRODUCE 36 20 0
RECIEVED 1554057506 INTRODUCE 36 21 0
RECIEVED 1554057506 INTRODUCE 37 22 0
RECIEVED 1554057506 INTRODUCE 36 23 0
RECIEVED 1554057506 INTRODUCE 36 24 0
RECIEVED 1554057506 INTRODUCE 36 25 0
RECIEVED 1554057506 INTRODUCE 36 26 0
RECIEVED 1554057506 INTRODUCE 37 27 0
RECIEVED 1554057506 INTRODUCE 37 28 0
RECIEVED 1554057506 INTRODUCE 36 29 0
RECIEVED 1554057506 INTRODUCE 37 30 0
RECIEVED 1554057506 INTRODUCE 36 31 0
RECIEVED 1554057506 INTRODUCE 37 32 0
RECIEVED 1554057506 INTRODUCE 37 33 0
RECIEVED 1554057506 INTRODUCE 36 34 0
RECIEVED 1554057506 INTRODUCE 35 35 0
RECIEVED 1554057506 INTRODUCE 37 35 0
RECIEVED 1554057506 INTRODUCE 37 36 0
RECIEVED 1554057506 INTRODUCE 37 37 0
RECIEVED 1554057506 INTRODUCE 36 38 0
RECIEVED 1554057506 INTRODUCE 36 39 0
RECIEVED 1554057506 INTRODUCE 36 40 0
RECIEVED 1554057506 INTRODUCE 36 41 0
RECIEVED 1554057506 INTRODUCE 36 42 0
RECIEVED 1554057506 INTRODUCE 36 42 0
RECIEVED 1554057506 INTRODUCE 36 43 0
RECIEVED 1554057506 INTRODUCE 37 44 0
RECIEVED 1554057506 INTRODUCE 36 45 0
RECIEVED 1554057506 INTRODUCE 36 46 0
RECIEVED 1554057506 INTRODUCE 37 46 0
RECIEVED 1554057506 INTRODUCE 36 46 0
RECIEVED 1554057506 INTRODUCE 36 47 0
RECIEVED 1554057506 INTRODUCE 37 48 0
RECIEVED 1554057506 INTRODUCE 36 49 0
RECIEVED 1554057506 INTRODUCE 36 50 0
RECIEVED 1554057506 INTRODUCE 35 51 0
RECIEVED 1554057506 INTRODUCE 35 52 0
RECIEVED 1554057506 INTRODUCE 35 53 0
RECIEVED 1554057506 INTRODUCE 36 54 0
RECIEVED 1554057506 INTRODUCE 37 55 0
RECIEVED 1554057506 INTRODUCE 36 56 0
RECIEVED 1554057506 INTRODUCE 35 57 0
RECIEVED 1554057506 TRANSACTION 80 58 0
UPDATE 1554057506 TRANSACTION 28c2f6580b4c810308dfbc3f69bf7158
RECIEVED 1554057506 INTRODUCE 36 58 1
RECIEVED 1554057506 INTRODUCE 36 59 1
RECIEVED 1554057506 INTRODUCE 36 60 1
RECIEVED 1554057506 INTRODUCE 35 61 1
RECIEVED 1554057506 INTRODUCE 37 62 1
RECIEVED 1554057506 INTRODUCE 36 63 1
RECIEVED 1554057506 INTRODUCE 36 64 1
RECIEVED 1554057507 INTRODUCE 36 65 1
RECIEVED 1554057507 INTRODUCE 35 66 1
RECIEVED 1554057507 INTRODUCE 35 67 1
RECIEVED 1554057507 INTRODUCE 36 67 1
RECIEVED 1554057507 INTRODUCE 36 68 1
RECIEVED 1554057507 TRANSACTION 81 68 1
UPDATE 1554057507 TRANSACTION 6dd682572d085e3defd2ff299fb9b1a0
SEND 1554057507 TRANSACTION 81 42540 6dd682572d085e3defd2ff299fb9b1a0
RECIEVED 1554057507 INTRODUCE 36 68 2
RECIEVED 1554057507 INTRODUCE 36 68 2
RECIEVED 1554057507 TRANSACTION 81 69 2
UPDATE 1554057507 TRANSACTION 587545ac866958a344131a93c31a6a72
SEND 1554057507 TRANSACTION 81 12424 587545ac866958a344131a93c31a6a72
RECIEVED 1554057507 TRANSACTION 81 69 3
UPDATE 1554057507 TRANSACTION 91764f8a75c3b9e98febeb4e171d09fa
SEND 1554057507 TRANSACTION 81 70553 91764f8a75c3b9e98febeb4e171d09fa
RECIEVED 1554057507 TRANSACTION 81 69 4
UPDATE 1554057507 TRANSACTION 07973320c97a476a22f3a0e5511c8b67
SEND 1554057507 TRANSACTION 81 11035 07973320c97a476a22f3a0e5511c8b67
SEND 1554057507 TRANSACTION 81 15655 07973320c97a476a22f3a0e5511c8b67
SEND 1554057507 TRANSACTION 81 21111 07973320c97a476a22f3a0e5511c8b67
RECIEVED 1554057507 TRANSACTION 81 69 5
UPDATE 1554057507 TRANSACTION a241451f30edc28334d583f38fe558e2
SEND 1554057507 TRANSACTION 81 13456 a241451f30edc28334d583f38fe558e2
SEND 1554057507 TRANSACTION 81 12343 a241451f30edc28334d583f38fe558e2
RECIEVED 1554057507 TRANSACTION 81 69 6
RECIEVED 1554057507 TRANSACTION 81 69 6
UPDATE 1554057507 TRANSACTION 86426b4dacf109a61e0f96ff9de41bff
SEND 1554057507 TRANSACTION 81 14121 86426b4dacf109a61e0f96ff9de41bff
SEND 1554057507 TRANSACTION 81 23391 86426b4dacf109a61e0f96ff9de41bff
RECIEVED 1554057507 TRANSACTION 81 69 7
UPDATE 1554057507 TRANSACTION 197d3aabb56d7f1fd6dd3e12d92a76a2
SEND 1554057507 TRANSACTION 81 13520 197d3aabb56d7f1fd6dd3e12d92a76a2
RECIEVED 1554057507 TRANSACTION 81 69 8
UPDATE 1554057507 TRANSACTION 68c9a45dc2edd966a146ba151088dc01
SEND 1554057507 TRANSACTION 81 11006 68c9a45dc2edd966a146ba151088dc01
RECIEVED 1554057507 TRANSACTION 80 69 9
UPDATE 1554057507 TRANSACTION 9c6d9aadc92471a855cbc253da8a81ed
SEND 1554057507 TRANSACTION 80 12071 9c6d9aadc92471a855cbc253da8a81ed
SEND 1554057507 TRANSACTION 80 20506 9c6d9aadc92471a855cbc253da8a81ed
RECIEVED 1554057507 TRANSACTION 81 69 10
UPDATE 1554057507 TRANSACTION 7e4d5fc0e4dc533e928652a1beb0cf17
SEND 1554057507 TRANSACTION 81 10880 7e4d5fc0e4dc533e928652a1beb0cf17
RECIEVED 1554057507 TRANSACTION 81 69 11
UPDATE 1554057507 TRANSACTION 7413f626943386d8b85f679bfd44865a
SEND 1554057507 TRANSACTION 81 15288 7413f626943386d8b85f679bfd44865a
RECIEVED 1554057507 TRANSACTION 81 69 12
RECIEVED 1554057507 TRANSACTION 80 69 12
RECIEVED 1554057507 TRANSACTION 80 69 12
UPDATE 1554057507 TRANSACTION 11ce92763257a74377a3decc9226f0b7
SEND 1554057507 TRANSACTION 80 10641 11ce92763257a74377a3decc9226f0b7
SEND 1554057507 TRANSACTION 80 16881 11ce92763257a74377a3decc9226f0b7
SEND 1554057507 TRANSACTION 80 21893 11ce92763257a74377a3decc9226f0b7
RECIEVED 1554057507 TRANSACTION 81 69 13
UPDATE 1554057507 TRANSACTION aca68786c312f5184e54a4f8c221a944
SEND 1554057507 TRANSACTION 81 15667 aca68786c312f5184e54a4f8c221a944
SEND 1554057507 TRANSACTION 81 17099 aca68786c312f5184e54a4f8c221a944
RECIEVED 1554057507 TRANSACTION 81 69 14
RECIEVED 1554057507 TRANSACTION 81 69 14
RECIEVED 1554057507 TRANSACTION 80 69 14
UPDATE 1554057507 TRANSACTION 2546ec618e0de3b1f7c269c13a1f65fd
SEND 1554057507 TRANSACTION 80 17859 2546ec618e0de3b1f7c269c13a1f65fd
RECIEVED 1554057507 TRANSACTION 81 69 15
RECIEVED 1554057507 TRANSACTION 80 69 15
UPDATE 1554057507 TRANSACTION 354bbc1d29fbf46f80f1f0c5ee8a196c
RECIEVED 1554057507 TRANSACTION 79 69 16
UPDATE 1554057507 TRANSACTION 0c52cc54330687e1803feb867f1ca5c2
SEND 1554057507 TRANSACTION 79 13792 0c52cc54330687e1803feb867f1ca5c2
RECIEVED 1554057507 TRANSACTION 81 69 17
UPDATE 1554057507 TRANSACTION e0c685b72bacf8e65b4a9640abbdd161
SEND 1554057507 TRANSACTION 81 9961 e0c685b72bacf8e65b4a9640abbdd161
RECIEVED 1554057507 TRANSACTION 80 69 18
RECIEVED 1554057507 TRANSACTION 81 69 18
UPDATE 1554057507 TRANSACTION 44f2656f2ed6d9438ee55eddd7c1e665
SEND 1554057507 TRANSACTION 81 26987 44f2656f2ed6d9438ee55eddd7c1e665
RECIEVED 1554057508 TRANSACTION 81 69 19
UPDATE 1554057508 TRANSACTION 106b948ff25238c9d763ba2ea7f529e9
RECIEVED 1554057508 TRANSACTION 80 69 20
RECIEVED 1554057508 TRANSACTION 81 69 20
UPDATE 1554057508 TRANSACTION b5ba6ab3eb4361659505f50822f71c11
RECIEVED 1554057508 TRANSACTION 81 69 21
RECIEVED 1554057508 TRANSACTION 80 69 21
UPDATE 1554057508 TRANSACTION 3bf707668a0c7d9a8383b7d4457e92b3
SEND 1554057508 TRANSACTION 80 53638 3bf707668a0c7d9a8383b7d4457e92b3
SEND 1554057508 TRANSACTION 80 35322 3bf707668a0c7d9a8383b7d4457e92b3
RECIEVED 1554057508 TRANSACTION 80 69 22
RECIEVED 1554057508 TRANSACTION 80 69 22
UPDATE 1554057508 TRANSACTION 796eebcf7dd5767eefa9978ded2addbc
RECIEVED 1554057508 TRANSACTION 81 69 23
UPDATE 1554057508 TRANSACTION 3fc66ad6fec153b2d4a8e68015d73997
SEND 1554057508 TRANSACTION 81 13948 3fc66ad6fec153b2d4a8e68015d73997
RECIEVED 1554057508 TRANSACTION 80 69 24
RECIEVED 1554057508 TRANSACTION 81 69 24
RECIEVED 1554057508 TRANSACTION 81 69 24
RECIEVED 1554057508 TRANSACTION 81 69 24
UPDATE 1554057508 TRANSACTION 5301898091cf48f1f214c9b55c6c3ae7
SEND 1554057508 TRANSACTION 81 19197 5301898091cf48f1f214c9b55c6c3ae7
RECIEVED 1554057508 TRANSACTION 81 69 25
UPDATE 1554057508 TRANSACTION 2265bd9de3f49d6c4f8f8437ee5655a3
SEND 1554057508 TRANSACTION 81 10980 2265bd9de3f49d6c4f8f8437ee5655a3
RECIEVED 1554057508 TRANSACTION 82 69 26
UPDATE 1554057508 TRANSACTION 1cdb5a01effca886f83cb7cc93cc5fd5
SEND 1554057508 TRANSACTION 82 12708 1cdb5a01effca886f83cb7cc93cc5fd5
RECIEVED 1554057508 TRANSACTION 81 69 27
UPDATE 1554057508 TRANSACTION 6ed77468847db9917035d4a143779bf8
SEND 1554057508 TRANSACTION 81 16983 6ed77468847db9917035d4a143779bf8
RECIEVED 1554057508 TRANSACTION 81 69 28
UPDATE 1554057508 TRANSACTION 69edfe5bae7ca3afc8c731d6785e8ecc
SEND 1554057508 TRANSACTION 81 15916 69edfe5bae7ca3afc8c731d6785e8ecc
RECIEVED 1554057508 TRANSACTION 81 69 29
UPDATE 1554057508 TRANSACTION 16f5c46a7b48741c0cd4755eabf30af4
SEND 1554057508 TRANSACTION 81 29651 16f5c46a7b48741c0cd4755eabf30af4
RECIEVED 1554057508 TRANSACTION 80 69 30
UPDATE 1554057508 TRANSACTION 40c1ff39b63b519cb8dbf2d516fc0487
SEND 1554057508 TRANSACTION 80 15404 40c1ff39b63b519cb8dbf2d516fc0487
RECIEVED 1554057508 TRANSACTION 81 69 31
UPDATE 1554057508 TRANSACTION 13537be4cd818661043fcb3ba7f5848f
RECIEVED 1554057508 TRANSACTION 81 69 32
UPDATE 1554057508 TRANSACTION acb3ae5d88246c42c232fbebc4c4afaa
SEND 1554057508 TRANSACTION 81 27956 acb3ae5d88246c42c232fbebc4c4afaa
RECIEVED 1554057508 TRANSACTION 81 69 33
RECIEVED 1554057508 TRANSACTION 81 69 33
RECIEVED 1554057509 TRANSACTION 79 69 33
UPDATE 1554057509 TRANSACTION 28074a14b8dee088c37108012c16f453
SEND 1554057509 TRANSACTION 79 21458 28074a14b8dee088c37108012c16f453
SEND 1554057509 TRANSACTION 79 15960 28074a14b8dee088c37108012c16f453
RECIEVED 1554057509 TRANSACTION 79 69 34
RECIEVED 1554057509 TRANSACTION 81 69 34
UPDATE 1554057509 TRANSACTION 444c7ea62b6b8c65fbfb81dd429d412e
RECIEVED 1554057509 TRANSACTION 81 69 35
RECIEVED 1554057509 TRANSACTION 80 69 35
UPDATE 1554057509 TRANSACTION e9708a8f26964ebbb7912f8d9c50e022
RECIEVED 1554057509 TRANSACTION 82 69 36
UPDATE 1554057509 TRANSACTION 2f894f2d1ce86f43826eed2945576f82
SEND 1554057509 TRANSACTION 82 34158 2f894f2d1ce86f43826eed2945576f82
SEND 1554057509 TRANSACTION 82 15916 2f894f2d1ce86f43826eed2945576f82
RECIEVED 1554057509 TRANSACTION 82 69 37
RECIEVED 1554057509 TRANSACTION 81 69 37
UPDATE 1554057509 TRANSACTION b344dc36cdfec908cc735072a4ba0bd3
SEND 1554057509 TRANSACTION 81 45727 b344dc36cdfec908cc735072a4ba0bd3
SEND 1554057509 TRANSACTION 81 22705 b344dc36cdfec908cc735072a4ba0bd3
RECIEVED 1554057509 TRANSACTION 81 69 38
RECIEVED 1554057509 TRANSACTION 81 69 38
RECIEVED 1554057509 TRANSACTION 79 69 38
UPDATE 1554057509 TRANSACTION 6f49dc59f801b8f0930f7b3cccdf4524
SEND 1554057509 TRANSACTION 79 29782 6f49dc59f801b8f0930f7b3cccdf4524
SEND 1554057509 TRANSACTION 79 23809 6f49dc59f801b8f0930f7b3cccdf4524
RECIEVED 1554057509 TRANSACTION 79 69 39
RECIEVED 1554057509 TRANSACTION 81 69 39
UPDATE 1554057509 TRANSACTION b2548b7776c9690dc46deef8de69df22
SEND 1554057509 TRANSACTION 81 15877 b2548b7776c9690dc46deef8de69df22
RECIEVED 1554057509 TRANSACTION 81 69 40
UPDATE 1554057509 TRANSACTION cf7aabecebae35c35bda76556d3f5362
RECIEVED 1554057509 TRANSACTION 80 69 41
UPDATE 1554057509 TRANSACTION 88b49bfa98c15749ca395df6089b8f9c
SEND 1554057509 TRANSACTION 80 41512 88b49bfa98c15749ca395df6089b8f9c
RECIEVED 1554057509 TRANSACTION 80 69 42
UPDATE 1554057509 TRANSACTION 06f2255ea0a40aa9dbadfe5f82915344
RECIEVED 1554057509 TRANSACTION 80 69 43
RECIEVED 1554057509 TRANSACTION 81 69 43
UPDATE 1554057509 TRANSACTION 6e852646f6b0742ecfaa2f537e1ea252
SEND 1554057509 TRANSACTION 81 15281 6e852646f6b0742ecfaa2f537e1ea252
SEND 1554057509 TRANSACTION 81 16981 6e852646f6b0742ecfaa2f537e1ea252
RECIEVED 1554057509 TRANSACTION 81 69 44
RECIEVED 1554057509 TRANSACTION 81 69 44
UPDATE 1554057509 TRANSACTION 4b2e68a7147d4374371ce36ae16d61c2
SEND 1554057509 TRANSACTION 81 19592 4b2e68a7147d4374371ce36ae16d61c2
SEND 1554057509 TRANSACTION 81 19711 4b2e68a7147d4374371ce36ae16d61c2
RECIEVED 1554057509 TRANSACTION 81 69 45
UPDATE 1554057509 TRANSACTION 1a23029866b7f935d44a99a54bcf1c65
SEND 1554057509 TRANSACTION 81 27644 1a23029866b7f935d44a99a54bcf1c65
RECIEVED 1554057509 TRANSACTION 81 69 46
RECIEVED 1554057509 TRANSACTION 81 69 46
UPDATE 1554057509 TRANSACTION 6a51e640237be002fb33988d6c4f4b42
SEND 1554057509 TRANSACTION 81 10424 6a51e640237be002fb33988d6c4f4b42
RECIEVED 1554057510 TRANSACTION 80 69 47
UPDATE 1554057510 TRANSACTION 10fb4c916e3f42b2e399ae1dca79ce6b
SEND 1554057510 TRANSACTION 80 15610 10fb4c916e3f42b2e399ae1dca79ce6b
SEND 1554057510 TRANSACTION 80 13599 10fb4c916e3f42b2e399ae1dca79ce6b
SEND 1554057510 TRANSACTION 80 13446 10fb4c916e3f42b2e399ae1dca79ce6b
RECIEVED 1554057510 TRANSACTION 79 69 48
UPDATE 1554057510 TRANSACTION e0d28b431475624d085b50b94554cd09
SEND 1554057510 TRANSACTION 79 15619 e0d28b431475624d085b50b94554cd09
SEND 1554057510 TRANSACTION 79 10456 e0d28b431475624d085b50b94554cd09
RECIEVED 1554057510 TRANSACTION 80 69 49
UPDATE 1554057510 TRANSACTION 6e15fb13d8509f2804443ee501504d48
SEND 1554057510 TRANSACTION 80 13770 6e15fb13d8509f2804443ee501504d48
SEND 1554057510 TRANSACTION 80 16851 6e15fb13d8509f2804443ee501504d48
SEND 1554057510 TRANSACTION 80 15152 6e15fb13d8509f2804443ee501504d48
RECIEVED 1554057510 TRANSACTION 79 69 50
UPDATE 1554057510 TRANSACTION 34706b86e7e4e8e8f2124a64909e5d4f
SEND 1554057510 TRANSACTION 79 23111 34706b86e7e4e8e8f2124a64909e5d4f
SEND 1554057510 TRANSACTION 79 16078 34706b86e7e4e8e8f2124a64909e5d4f
RECIEVED 1554057510 TRANSACTION 81 69 51
UPDATE 1554057510 TRANSACTION 186fffe29b52462f2bbf0ba81b32991f
SEND 1554057510 TRANSACTION 81 29774 186fffe29b52462f2bbf0ba81b32991f
RECIEVED 1554057510 TRANSACTION 79 69 52
RECIEVED 1554057510 TRANSACTION 80 69 52
UPDATE 1554057510 TRANSACTION 28f26f0a9ff70b7c42e11df91049a0c6
SEND 1554057510 TRANSACTION 80 49039 28f26f0a9ff70b7c42e11df91049a0c6
RECIEVED 1554057510 TRANSACTION 79 69 53
RECIEVED 1554057510 TRANSACTION 80 69 53
UPDATE 1554057510 TRANSACTION 5b909a4d0f3c5fe6c4ec517b40594a21
SEND 1554057510 TRANSACTION 80 10418 5b909a4d0f3c5fe6c4ec517b40594a21
SEND 1554057510 TRANSACTION 80 22289 5b909a4d0f3c5fe6c4ec517b40594a21
RECIEVED 1554057510 TRANSACTION 80 69 54
RECIEVED 1554057510 TRANSACTION 81 69 54
RECIEVED 1554057510 TRANSACTION 80 69 54
UPDATE 1554057510 TRANSACTION a89123f719573cc1266da1ec88ec12f8
SEND 1554057510 TRANSACTION 80 14786 a89123f719573cc1266da1ec88ec12f8
RECIEVED 1554057510 TRANSACTION 80 69 55
RECIEVED 1554057510 TRANSACTION 81 69 55
UPDATE 1554057510 TRANSACTION c9b469ae0ee937c4365d5ce227cbcb94
SEND 1554057510 TRANSACTION 81 10419 c9b469ae0ee937c4365d5ce227cbcb94
RECIEVED 1554057510 TRANSACTION 81 69 56
RECIEVED 1554057510 TRANSACTION 81 69 56
UPDATE 1554057510 TRANSACTION bcd530629ec713f58ee299759822027f
RECIEVED 1554057510 TRANSACTION 81 69 57
RECIEVED 1554057510 TRANSACTION 80 69 57
UPDATE 1554057510 TRANSACTION 82e87cf722238bc5b86bba49c9f586e1
RECIEVED 1554057510 TRANSACTION 80 69 58
UPDATE 1554057510 TRANSACTION baac9bcd6f2a503d9748e71984b276c3
RECIEVED 1554057510 TRANSACTION 81 69 59
UPDATE 1554057510 TRANSACTION b19a0c1ac4ab2f2ddcfc212df4de7713
SEND 1554057510 TRANSACTION 81 10673 b19a0c1ac4ab2f2ddcfc212df4de7713
SEND 1554057510 TRANSACTION 81 41433 b19a0c1ac4ab2f2ddcfc212df4de7713
RECIEVED 1554057510 TRANSACTION 81 69 60
RECIEVED 1554057510 TRANSACTION 81 69 60
RECIEVED 1554057510 TRANSACTION 81 69 60
UPDATE 1554057510 TRANSACTION c93fa1f4d43501e22e26d987723008e7
SEND 1554057510 TRANSACTION 81 15761 c93fa1f4d43501e22e26d987723008e7
SEND 1554057510 TRANSACTION 81 30371 c93fa1f4d43501e22e26d987723008e7
RECIEVED 1554057510 TRANSACTION 81 69 61
RECIEVED 1554057510 TRANSACTION 81 69 61
RECIEVED 1554057510 TRANSACTION 81 69 61
UPDATE 1554057510 TRANSACTION 082bb1f7e448f19505bcf817c7951e9a
SEND 1554057510 TRANSACTION 81 16578 082bb1f7e448f19505bcf817c7951e9a
SEND 1554057510 TRANSACTION 81 22057 082bb1f7e448f19505bcf817c7951e9a
RECIEVED 1554057510 TRANSACTION 81 69 62
RECIEVED 1554057511 TRANSACTION 81 69 62
UPDATE 1554057511 TRANSACTION a2571f850d17c3d9eea812905ea869c6
SEND 1554057511 TRANSACTION 81 13414 a2571f850d17c3d9eea812905ea869c6
RECIEVED 1554057511 TRANSACTION 82 69 63
UPDATE 1554057511 TRANSACTION 854e8d7be0a46fa3e73d46f37951b8fd
RECIEVED 1554057511 TRANSACTION 82 69 64
RECIEVED 1554057511 TRANSACTION 82 69 64
RECIEVED 1554057511 TRANSACTION 81 69 64
UPDATE 1554057511 TRANSACTION 495aff65e78f6c69ade53b2fd59c9aee
RECIEVED 1554057511 TRANSACTION 81 69 65
UPDATE 1554057511 TRANSACTION 18577ff9932621328012fa198f980933
SEND 1554057511 TRANSACTION 81 28487 18577ff9932621328012fa198f980933
RECIEVED 1554057511 TRANSACTION 81 69 66
UPDATE 1554057511 TRANSACTION 1a1c41141930d3debb94f10042130a1a
SEND 1554057511 TRANSACTION 81 22247 1a1c41141930d3debb94f10042130a1a
RECIEVED 1554057511 TRANSACTION 82 69 67
UPDATE 1554057511 TRANSACTION 8cb430c978449241a7dae2dbe3e9d28d
SEND 1554057511 TRANSACTION 82 22858 8cb430c978449241a7dae2dbe3e9d28d
RECIEVED 1554057511 TRANSACTION 82 69 68
RECIEVED 1554057511 TRANSACTION 81 69 68
UPDATE 1554057511 TRANSACTION 0585d2ea6aab85b0b55caf395e5b49ca
SEND 1554057511 TRANSACTION 81 35492 0585d2ea6aab85b0b55caf395e5b49ca
RECIEVED 1554057511 TRANSACTION 81 69 69
UPDATE 1554057511 TRANSACTION 23a1553be98a86ac947ba85945316b6a
SEND 1554057511 TRANSACTION 81 19527 23a1553be98a86ac947ba85945316b6a
SEND 1554057511 TRANSACTION 81 15896 23a1553be98a86ac947ba85945316b6a
SEND 1554057511 TRANSACTION 81 22558 23a1553be98a86ac947ba85945316b6a
RECIEVED 1554057511 TRANSACTION 78 69 70
UPDATE 1554057511 TRANSACTION 9562e145e521b8741c377c63e58e4525
SEND 1554057511 TRANSACTION 78 24767 9562e145e521b8741c377c63e58e4525
RECIEVED 1554057511 TRANSACTION 80 69 71
UPDATE 1554057511 TRANSACTION ba3fdf35fe73441e2864176654c25f6d
SEND 1554057511 TRANSACTION 80 22232 ba3fdf35fe73441e2864176654c25f6d
SEND 1554057511 TRANSACTION 80 43556 ba3fdf35fe73441e2864176654c25f6d
RECIEVED 1554057511 TRANSACTION 80 69 72
UPDATE 1554057511 TRANSACTION 982af8234d5aab5159495191b91ab2f2
SEND 1554057511 TRANSACTION 80 21511 982af8234d5aab5159495191b91ab2f2
SEND 1554057511 TRANSACTION 80 16320 982af8234d5aab5159495191b91ab2f2
RECIEVED 1554057511 TRANSACTION 80 69 73
RECIEVED 1554057511 TRANSACTION 80 69 73
UPDATE 1554057511 TRANSACTION 29f7330b5bb75d59837e90628d461445
SEND 1554057511 TRANSACTION 80 16570 29f7330b5bb75d59837e90628d461445
RECIEVED 1554057512 TRANSACTION 80 69 74
UPDATE 1554057512 TRANSACTION 97e60a24a61733fd873d7a1d89478597
SEND 1554057512 TRANSACTION 80 8344 97e60a24a61733fd873d7a1d89478597
RECIEVED 1554057512 TRANSACTION 81 69 75
UPDATE 1554057512 TRANSACTION 116b887d84dd69c17cd96f36b35019cc
SEND 1554057512 TRANSACTION 81 16862 116b887d84dd69c17cd96f36b35019cc
SEND 1554057512 TRANSACTION 81 16286 116b887d84dd69c17cd96f36b35019cc
RECIEVED 1554057512 TRANSACTION 81 69 76
UPDATE 1554057512 TRANSACTION d786b1035b78ba1182ba169de3398ff1
RECIEVED 1554057512 TRANSACTION 81 69 77
UPDATE 1554057512 TRANSACTION e18423d9ef91e96e0a4cb47f1b9452d1
SEND 1554057512 TRANSACTION 81 11651 e18423d9ef91e96e0a4cb47f1b9452d1
RECIEVED 1554057512 TRANSACTION 81 69 78
UPDATE 1554057512 TRANSACTION ebe2d7a64e741a82b86a3ca62e226149
SEND 1554057512 TRANSACTION 81 61415 ebe2d7a64e741a82b86a3ca62e226149
RECIEVED 1554057512 TRANSACTION 81 69 79
UPDATE 1554057512 TRANSACTION 892bbadf72fbf05021c54c16f8a2cdff
RECIEVED 1554057512 TRANSACTION 81 69 80
UPDATE 1554057512 TRANSACTION 7b04f8b66e203ac3849e78ed5b956b94
SEND 1554057512 TRANSACTION 81 10622 7b04f8b66e203ac3849e78ed5b956b94
SEND 1554057512 TRANSACTION 81 18043 7b04f8b66e203ac3849e78ed5b956b94
SEND 1554057512 TRANSACTION 81 10395 7b04f8b66e203ac3849e78ed5b956b94
RECIEVED 1554057512 TRANSACTION 81 69 81
RECIEVED 1554057512 TRANSACTION 80 69 81
RECIEVED 1554057512 TRANSACTION 81 69 81
RECIEVED 1554057512 TRANSACTION 81 69 81
UPDATE 1554057512 TRANSACTION 8f30360fb960fa5f809cea9dfbfaa123
RECIEVED 1554057512 TRANSACTION 81 69 82
UPDATE 1554057512 TRANSACTION c7b220ae3c3de63537d0963991438a03
SEND 1554057512 TRANSACTION 81 11100 c7b220ae3c3de63537d0963991438a03
SEND 1554057512 TRANSACTION 81 19196 c7b220ae3c3de63537d0963991438a03
RECIEVED 1554057512 TRANSACTION 81 69 83
RECIEVED 1554057512 TRANSACTION 81 69 83
RECIEVED 1554057512 TRANSACTION 80 69 83
UPDATE 1554057512 TRANSACTION 7f7748e91ad91f42d270d2a87aa1d50c
SEND 1554057512 TRANSACTION 80 15164 7f7748e91ad91f42d270d2a87aa1d50c
SEND 1554057512 TRANSACTION 80 23984 7f7748e91ad91f42d270d2a87aa1d50c
RECIEVED 1554057512 TRANSACTION 81 69 84
UPDATE 1554057512 TRANSACTION d96529a4ed31a094fdeaf233b88b77dc
SEND 1554057512 TRANSACTION 81 11320 d96529a4ed31a094fdeaf233b88b77dc
SEND 1554057512 TRANSACTION 81 12040 d96529a4ed31a094fdeaf233b88b77dc
RECIEVED 1554057512 TRANSACTION 81 69 85
UPDATE 1554057512 TRANSACTION a106bee7c85a30d7dbfedea3c7735aba
SEND 1554057512 TRANSACTION 81 10628 a106bee7c85a30d7dbfedea3c7735aba
RECIEVED 1554057512 TRANSACTION 81 69 86
RECIEVED 1554057512 TRANSACTION 81 69 86
RECIEVED 1554057512 TRANSACTION 80 69 86
UPDATE 1554057512 TRANSACTION 38a5fbc06b83181df3dbd6de0615d5f5
SEND 1554057512 TRANSACTION 80 57393 38a5fbc06b83181df3dbd6de0615d5f5
RECIEVED 1554057512 TRANSACTION 81 69 87
UPDATE 1554057512 TRANSACTION 7310390b7891d6ed88d7dd3d4d1e799b
SEND 1554057512 TRANSACTION 81 23152 7310390b7891d6ed88d7dd3d4d1e799b
SEND 1554057512 TRANSACTION 81 15499 7310390b7891d6ed88d7dd3d4d1e799b
RECIEVED 1554057512 TRANSACTION 79 69 88
UPDATE 1554057512 TRANSACTION ae034e2ec5372ed27fd16cb996e2ae55
SEND 1554057512 TRANSACTION 79 15184 ae034e2ec5372ed27fd16cb996e2ae55
SEND 1554057512 TRANSACTION 79 12272 ae034e2ec5372ed27fd16cb996e2ae55
RECIEVED 1554057512 TRANSACTION 81 69 89
UPDATE 1554057512 TRANSACTION 198d9dc103c926114431731f99cf6d80
SEND 1554057512 TRANSACTION 81 14153 198d9dc103c926114431731f99cf6d80
RECIEVED 1554057512 TRANSACTION 81 69 90
UPDATE 1554057512 TRANSACTION 329d2d2e48ba678952fa9d88e5ed138a
SEND 1554057512 TRANSACTION 81 15540 329d2d2e48ba678952fa9d88e5ed138a
RECIEVED 1554057512 TRANSACTION 81 69 91
UPDATE 1554057512 TRANSACTION 032feddffd67c737ad7304922cbe9bb2
SEND 1554057512 TRANSACTION 81 11025 032feddffd67c737ad7304922cbe9bb2
SEND 1554057512 TRANSACTION 81 11956 032feddffd67c737ad7304922cbe9bb2
RECIEVED 1554057512 TRANSACTION 81 69 92
UPDATE 1554057512 TRANSACTION b936ca4c6ef7a2f3b3ed25ffc23a6f53
SEND 1554057512 TRANSACTION 81 10459 b936ca4c6ef7a2f3b3ed25ffc23a6f53
SEND 1554057512 TRANSACTION 81 25281 b936ca4c6ef7a2f3b3ed25ffc23a6f53
RECIEVED 1554057513 TRANSACTION 81 69 93
UPDATE 1554057513 TRANSACTION 7b8f2409393311c4d6502877b171ee14
RECIEVED 1554057513 TRANSACTION 81 69 94
RECIEVED 1554057513 TRANSACTION 81 69 94
RECIEVED 1554057513 TRANSACTION 81 69 94
UPDATE 1554057513 TRANSACTION 80c31a0a118ac913a9cfa2b396ca1693
SEND 1554057513 TRANSACTION 81 14756 80c31a0a118ac913a9cfa2b396ca1693
RECIEVED 1554057513 TRANSACTION 81 69 95
UPDATE 1554057513 TRANSACTION dc493f311bab37683277e4cfdd3cb05c
SEND 1554057513 TRANSACTION 81 17918 dc493f311bab37683277e4cfdd3cb05c
RECIEVED 1554057513 TRANSACTION 81 69 96
RECIEVED 1554057513 TRANSACTION 81 69 96
RECIEVED 1554057513 TRANSACTION 81 69 96
UPDATE 1554057513 TRANSACTION c849a5cb255887ddd2e6f06d5ae0584d
SEND 1554057513 TRANSACTION 81 10489 c849a5cb255887ddd2e6f06d5ae0584d
RECIEVED 1554057513 TRANSACTION 81 69 97
UPDATE 1554057513 TRANSACTION d7618babe791b92ed48c99a8e9bcba4f
SEND 1554057513 TRANSACTION 81 10799 d7618babe791b92ed48c99a8e9bcba4f
SEND 1554057513 TRANSACTION 81 12029 d7618babe791b92ed48c99a8e9bcba4f
RECIEVED 1554057513 HB 3 69 98
RECIEVED 1554057513 TRANSACTION 79 69 98
UPDATE 1554057513 TRANSACTION a734b5ea157314d1cb6109cb05d97796
SEND 1554057513 TRANSACTION 79 11913 a734b5ea157314d1cb6109cb05d97796
RECIEVED 1554057513 TRANSACTION 81 69 99
UPDATE 1554057513 TRANSACTION c60fe1fcbda254c0947334ef1f9feebf
SEND 1554057513 TRANSACTION 81 11123 c60fe1fcbda254c0947334ef1f9feebf
RECIEVED 1554057513 TRANSACTION 79 69 100
RECIEVED 1554057513 TRANSACTION 81 69 100
UPDATE 1554057513 TRANSACTION 266a461095495ddbd9b798a43817ec10
RECIEVED 1554057513 TRANSACTION 79 69 101
UPDATE 1554057513 TRANSACTION bb29a53fc1755a71d995a84d4c358558
SEND 1554057513 TRANSACTION 79 15614 bb29a53fc1755a71d995a84d4c358558
SEND 1554057513 TRANSACTION 79 14119 bb29a53fc1755a71d995a84d4c358558
RECIEVED 1554057513 TRANSACTION 81 69 102
UPDATE 1554057513 TRANSACTION 4078c9fefc7aee0113e09f684f16c997
SEND 1554057513 TRANSACTION 81 16228 4078c9fefc7aee0113e09f684f16c997
SEND 1554057513 TRANSACTION 81 54029 4078c9fefc7aee0113e09f684f16c997
RECIEVED 1554057513 TRANSACTION 81 69 103
RECIEVED 1554057514 TRANSACTION 79 69 103
UPDATE 1554057514 TRANSACTION 7ce8d649bdc53fe77b9074ce1b5bfc87
SEND 1554057514 TRANSACTION 79 12924 7ce8d649bdc53fe77b9074ce1b5bfc87
SEND 1554057514 TRANSACTION 79 14968 7ce8d649bdc53fe77b9074ce1b5bfc87
RECIEVED 1554057514 TRANSACTION 79 69 104
RECIEVED 1554057514 TRANSACTION 79 69 104
RECIEVED 1554057514 TRANSACTION 81 69 104
UPDATE 1554057514 TRANSACTION 3c9d6cbb58725d44c39ee27ec796d575
SEND 1554057514 TRANSACTION 81 16204 3c9d6cbb58725d44c39ee27ec796d575
SEND 1554057514 TRANSACTION 81 12856 3c9d6cbb58725d44c39ee27ec796d575
SEND 1554057514 TRANSACTION 81 25924 3c9d6cbb58725d44c39ee27ec796d575
RECIEVED 1554057514 TRANSACTION 81 69 105
UPDATE 1554057514 TRANSACTION c058e83abe906372e89df103b1ed50c8
SEND 1554057514 TRANSACTION 81 17728 c058e83abe906372e89df103b1ed50c8
SEND 1554057514 TRANSACTION 81 17153 c058e83abe906372e89df103b1ed50c8
# Failed listening 
%!(EXTRA string=node38)# ERROR: EOF
RECIEVED 1554057514 TRANSACTION 81 69 106
UPDATE 1554057514 TRANSACTION e5f6d9cb3b2d0e382f62401307869c6b
SEND 1554057514 TRANSACTION 81 10913 e5f6d9cb3b2d0e382f62401307869c6b
RECIEVED 1554057514 TRANSACTION 81 69 107
UPDATE 1554057514 TRANSACTION 4d6a83c2ed26ce2c45212203d57bae7f
SEND 1554057514 TRANSACTION 81 22775 4d6a83c2ed26ce2c45212203d57bae7f
SEND 1554057514 TRANSACTION 81 17309 4d6a83c2ed26ce2c45212203d57bae7f
RECIEVED 1554057514 TRANSACTION 81 69 108
UPDATE 1554057514 TRANSACTION 5a29713357cf268959cf8e959cbe0ade
RECIEVED 1554057514 TRANSACTION 81 69 109
UPDATE 1554057514 TRANSACTION a56cb97df7d17eedfc8e1c5a51086a2f
# Failed sending to node node38
# ERROR: write tcp 172.22.94.217:37556->172.22.94.217:8038: write: broken pipe
# Could not send message to node38
SEND 1554057514 TRANSACTION 81 16601 a56cb97df7d17eedfc8e1c5a51086a2f
RECIEVED 1554057515 TRANSACTION 80 68 110
RECIEVED 1554057516 TRANSACTION 82 68 110
UPDATE 1554057516 TRANSACTION dd12008cbf8363d5e1212d2f76caa1f7
SEND 1554057516 TRANSACTION 82 24845 dd12008cbf8363d5e1212d2f76caa1f7
RECIEVED 1554057516 TRANSACTION 81 68 111
RECIEVED 1554057516 TRANSACTION 81 68 111
RECIEVED 1554057516 TRANSACTION 81 68 111
UPDATE 1554057516 TRANSACTION 1abcf5d6e0a92f54d1c1cd7fdd2db231
SEND 1554057516 TRANSACTION 81 22359 1abcf5d6e0a92f54d1c1cd7fdd2db231
SEND 1554057516 TRANSACTION 81 29794 1abcf5d6e0a92f54d1c1cd7fdd2db231
RECIEVED 1554057516 TRANSACTION 80 68 112
RECIEVED 1554057517 TRANSACTION 81 68 112
UPDATE 1554057517 TRANSACTION d608f81f89bbbfc6bd49b2334addfc1c
RECIEVED 1554057517 TRANSACTION 80 68 113
UPDATE 1554057517 TRANSACTION a656794af90a0bbc0d07c8e1d3fc3305
RECIEVED 1554057517 TRANSACTION 81 68 114
UPDATE 1554057517 TRANSACTION 679c9c46ec0ad533c14a11410f33f6ca
SEND 1554057517 TRANSACTION 81 23915 679c9c46ec0ad533c14a11410f33f6ca
RECIEVED 1554057517 TRANSACTION 80 68 115
UPDATE 1554057517 TRANSACTION c539324955dc5a47de90bf46fbcfb0fc
SEND 1554057517 TRANSACTION 80 14396 c539324955dc5a47de90bf46fbcfb0fc
SEND 1554057517 TRANSACTION 80 30621 c539324955dc5a47de90bf46fbcfb0fc
RECIEVED 1554057517 TRANSACTION 80 68 116
RECIEVED 1554057518 TRANSACTION 81 68 116
UPDATE 1554057518 TRANSACTION f5b7b07d59fe2d60458c90e8de2a64de
SEND 1554057518 TRANSACTION 81 16565 f5b7b07d59fe2d60458c90e8de2a64de
RECIEVED 1554057518 TRANSACTION 81 68 117
RECIEVED 1554057519 TRANSACTION 82 68 117
UPDATE 1554057519 TRANSACTION ec2a345e6fa2a5575bacbd1fd3924244
SEND 1554057519 TRANSACTION 82 16161 ec2a345e6fa2a5575bacbd1fd3924244
RECIEVED 1554057519 TRANSACTION 81 68 118
UPDATE 1554057519 TRANSACTION 53992b8e21f2cb415ce4f2feeb90bdb9
SEND 1554057519 TRANSACTION 81 24046 53992b8e21f2cb415ce4f2feeb90bdb9
SEND 1554057519 TRANSACTION 81 23532 53992b8e21f2cb415ce4f2feeb90bdb9
RECIEVED 1554057519 TRANSACTION 81 68 119
UPDATE 1554057519 TRANSACTION 49079ec65d6290d553e3f809738fa916
SEND 1554057519 TRANSACTION 81 16877 49079ec65d6290d553e3f809738fa916
RECIEVED 1554057520 TRANSACTION 80 68 120
UPDATE 1554057520 TRANSACTION 77285f453846f68d1d05be02342c2593
RECIEVED 1554057520 INTRODUCE 35 68 121
SEND 1554057520 INTRODUCE 35 29058
SEND 1554057520 INTRODUCE 35 30419
SEND 1554057520 INTRODUCE 35 15891
SEND 1554057520 JOIN 31 24492
RECIEVED 1554057520 INTRODUCE 35 69 121
RECIEVED 1554057520 INTRODUCE 36 69 121
RECIEVED 1554057520 INTRODUCE 36 70 121
RECIEVED 1554057520 INTRODUCE 36 70 121
RECIEVED 1554057520 INTRODUCE 35 71 121
RECIEVED 1554057520 INTRODUCE 37 71 121
RECIEVED 1554057520 INTRODUCE 35 72 121
RECIEVED 1554057520 INTRODUCE 37 73 121
RECIEVED 1554057520 INTRODUCE 36 74 121
RECIEVED 1554057520 INTRODUCE 35 75 121
RECIEVED 1554057520 INTRODUCE 37 76 121
RECIEVED 1554057520 INTRODUCE 37 77 121
RECIEVED 1554057520 INTRODUCE 37 78 121
RECIEVED 1554057520 INTRODUCE 36 78 121
RECIEVED 1554057520 INTRODUCE 36 78 121
RECIEVED 1554057520 INTRODUCE 35 78 121
RECIEVED 1554057520 INTRODUCE 36 78 121
RECIEVED 1554057520 INTRODUCE 35 79 121
RECIEVED 1554057520 INTRODUCE 36 79 121
RECIEVED 1554057520 INTRODUCE 36 80 121
RECIEVED 1554057520 INTRODUCE 36 80 121
RECIEVED 1554057520 INTRODUCE 35 81 121
RECIEVED 1554057520 INTRODUCE 36 81 121
RECIEVED 1554057520 INTRODUCE 36 81 121
RECIEVED 1554057520 INTRODUCE 36 81 121
RECIEVED 1554057522 TRANSACTION 81 82 121
UPDATE 1554057522 TRANSACTION 1ed6d7dc7d7c4d162d5e3367800b45d2
SEND 1554057522 TRANSACTION 81 22277 1ed6d7dc7d7c4d162d5e3367800b45d2
RECIEVED 1554057522 TRANSACTION 81 82 122
UPDATE 1554057522 TRANSACTION 81e8983f27a43ceb394f126d6ca50f10
SEND 1554057522 TRANSACTION 81 27338 81e8983f27a43ceb394f126d6ca50f10
RECIEVED 1554057522 TRANSACTION 81 82 123
RECIEVED 1554057522 TRANSACTION 81 82 123
UPDATE 1554057522 TRANSACTION 5e8aaef02dec171bab07e8d59adffa54
SEND 1554057522 TRANSACTION 81 17002 5e8aaef02dec171bab07e8d59adffa54
RECIEVED 1554057523 TRANSACTION 82 82 124
UPDATE 1554057523 TRANSACTION 23a43daddfdb7e06e1b2c570d4323216
SEND 1554057523 TRANSACTION 82 29224 23a43daddfdb7e06e1b2c570d4323216
RECIEVED 1554057523 TRANSACTION 81 82 125
UPDATE 1554057523 TRANSACTION 4c7e70ec888a9e5f4851ae18a21b7ea2
SEND 1554057523 TRANSACTION 81 17584 4c7e70ec888a9e5f4851ae18a21b7ea2
RECIEVED 1554057526 HB 3 82 126
RECIEVED 1554057526 TRANSACTION 81 82 126
UPDATE 1554057526 TRANSACTION 3149872e54e5ee2dc2dcf6b684ac9119
RECIEVED 1554057526 TRANSACTION 81 82 127
UPDATE 1554057526 TRANSACTION 0f70047ce903bea88c41b14ccbc24fa2
SEND 1554057526 TRANSACTION 81 18658 0f70047ce903bea88c41b14ccbc24fa2
RECIEVED 1554057526 TRANSACTION 81 82 128
UPDATE 1554057526 TRANSACTION cc30f2eda5b3c008b358ec1991b0cda8
SEND 1554057526 TRANSACTION 81 25591 cc30f2eda5b3c008b358ec1991b0cda8
RECIEVED 1554057526 TRANSACTION 82 82 129
UPDATE 1554057526 TRANSACTION 9504de61a457c963a4490d7f065a4b29
SEND 1554057526 TRANSACTION 82 23996 9504de61a457c963a4490d7f065a4b29
SEND 1554057526 TRANSACTION 82 31592 9504de61a457c963a4490d7f065a4b29
RECIEVED 1554057526 TRANSACTION 81 82 130
UPDATE 1554057526 TRANSACTION cfe426e7f00c165d90fe9c01b5061e76
SEND 1554057526 TRANSACTION 81 23147 cfe426e7f00c165d90fe9c01b5061e76
SEND 1554057526 TRANSACTION 81 17489 cfe426e7f00c165d90fe9c01b5061e76
RECIEVED 1554057526 TRANSACTION 81 82 131
UPDATE 1554057526 TRANSACTION b51f720c2f2737f584e9a102ad299fe8
SEND 1554057526 TRANSACTION 81 23111 b51f720c2f2737f584e9a102ad299fe8
RECIEVED 1554057526 TRANSACTION 83 82 132
UPDATE 1554057526 TRANSACTION cd2c850ee5a6338b77cf131b1cc653ea
SEND 1554057526 TRANSACTION 83 22949 cd2c850ee5a6338b77cf131b1cc653ea
SEND 1554057526 TRANSACTION 83 29659 cd2c850ee5a6338b77cf131b1cc653ea
RECIEVED 1554057526 TRANSACTION 80 82 133
UPDATE 1554057526 TRANSACTION 7bf2a9ea1051b76aaecbd6e389879eb2
SEND 1554057526 TRANSACTION 80 16787 7bf2a9ea1051b76aaecbd6e389879eb2
SEND 1554057526 TRANSACTION 80 20656 7bf2a9ea1051b76aaecbd6e389879eb2
SEND 1554057526 TRANSACTION 80 19344 7bf2a9ea1051b76aaecbd6e389879eb2
RECIEVED 1554057526 TRANSACTION 81 82 134
UPDATE 1554057526 TRANSACTION 0740965847a6ae4407d49b4c58a32682
SEND 1554057526 TRANSACTION 81 17087 0740965847a6ae4407d49b4c58a32682
RECIEVED 1554057526 TRANSACTION 81 82 135
RECIEVED 1554057526 TRANSACTION 78 82 135
UPDATE 1554057526 TRANSACTION 901351f17c14a291faba955e38e15974
RECIEVED 1554057526 TRANSACTION 81 82 136
UPDATE 1554057526 TRANSACTION 0cf2c5f66de63ed676a48ee8bc6ac9aa
SEND 1554057526 TRANSACTION 81 30489 0cf2c5f66de63ed676a48ee8bc6ac9aa
SEND 1554057526 TRANSACTION 81 24718 0cf2c5f66de63ed676a48ee8bc6ac9aa
RECIEVED 1554057526 TRANSACTION 81 82 137
RECIEVED 1554057526 TRANSACTION 80 82 137
UPDATE 1554057526 TRANSACTION 4921e444acb2d1d9d60bbb790e26de70
RECIEVED 1554057527 TRANSACTION 81 82 138
UPDATE 1554057527 TRANSACTION 4b87093b766f576ae817294a80bef234
SEND 1554057527 TRANSACTION 81 26795 4b87093b766f576ae817294a80bef234
RECIEVED 1554057527 TRANSACTION 81 82 139
UPDATE 1554057527 TRANSACTION b3373e681e18220f016e68f15f134720
SEND 1554057527 TRANSACTION 81 16392 b3373e681e18220f016e68f15f134720
RECIEVED 1554057527 TRANSACTION 81 82 140
RECIEVED 1554057528 TRANSACTION 81 82 140
UPDATE 1554057528 TRANSACTION cc2000f4238e85a4860e677eb187ed4d
SEND 1554057528 TRANSACTION 81 20425 cc2000f4238e85a4860e677eb187ed4d
RECIEVED 1554057528 TRANSACTION 81 82 141
UPDATE 1554057528 TRANSACTION 204d8cac3095b8f1d350225d824960c7
SEND 1554057528 TRANSACTION 81 34918 204d8cac3095b8f1d350225d824960c7
RECIEVED 1554057528 TRANSACTION 81 82 142
UPDATE 1554057528 TRANSACTION a1384e80b96672832c103c9c86e1b3cb
SEND 1554057528 TRANSACTION 81 16024 a1384e80b96672832c103c9c86e1b3cb
RECIEVED 1554057528 TRANSACTION 81 82 143
RECIEVED 1554057529 TRANSACTION 82 82 143
UPDATE 1554057529 TRANSACTION 5916c2cce2a8e9d500817c5633469673
SEND 1554057529 TRANSACTION 82 16355 5916c2cce2a8e9d500817c5633469673
SEND 1554057529 TRANSACTION 82 42991 5916c2cce2a8e9d500817c5633469673
RECIEVED 1554057529 TRANSACTION 81 82 144
UPDATE 1554057529 TRANSACTION 6ed876821056048574e532ee27c0cf00
SEND 1554057529 TRANSACTION 81 18895 6ed876821056048574e532ee27c0cf00
SEND 1554057529 TRANSACTION 81 20653 6ed876821056048574e532ee27c0cf00
RECIEVED 1554057529 TRANSACTION 81 82 145
UPDATE 1554057529 TRANSACTION 7dac3f2ffbfc1e7ec66686f435bb43c7
SEND 1554057529 TRANSACTION 81 24100 7dac3f2ffbfc1e7ec66686f435bb43c7
SEND 1554057529 TRANSACTION 81 42802 7dac3f2ffbfc1e7ec66686f435bb43c7
RECIEVED 1554057529 TRANSACTION 81 82 146
RECIEVED 1554057530 TRANSACTION 80 82 146
UPDATE 1554057530 TRANSACTION 0e214ca5043c453db8df81f213e4908d
SEND 1554057530 TRANSACTION 80 14684 0e214ca5043c453db8df81f213e4908d
RECIEVED 1554057531 TRANSACTION 82 82 147
UPDATE 1554057531 TRANSACTION 4642ec64ff884fb84ce781ff20ecdb54
SEND 1554057531 TRANSACTION 82 17391 4642ec64ff884fb84ce781ff20ecdb54
RECIEVED 1554057531 TRANSACTION 81 82 148
UPDATE 1554057531 TRANSACTION 8afdb9265279c49904d0cb5d53701681
SEND 1554057531 TRANSACTION 81 25915 8afdb9265279c49904d0cb5d53701681
SEND 1554057531 TRANSACTION 81 22929 8afdb9265279c49904d0cb5d53701681
RECIEVED 1554057531 TRANSACTION 79 82 149
UPDATE 1554057531 TRANSACTION eaf3e0be6d9ef02ae3bb57c8e09bbbaf
SEND 1554057531 TRANSACTION 79 22765 eaf3e0be6d9ef02ae3bb57c8e09bbbaf
SEND 1554057531 TRANSACTION 79 28336 eaf3e0be6d9ef02ae3bb57c8e09bbbaf
RECIEVED 1554057531 TRANSACTION 81 82 150
UPDATE 1554057531 TRANSACTION 65c4d41b85c05e94a001a45977077a59
SEND 1554057531 TRANSACTION 81 16580 65c4d41b85c05e94a001a45977077a59
SEND 1554057531 TRANSACTION 81 29739 65c4d41b85c05e94a001a45977077a59
RECIEVED 1554057531 TRANSACTION 80 82 151
UPDATE 1554057531 TRANSACTION 168f19c4d1e4f821a9322078b2711f84
RECIEVED 1554057531 TRANSACTION 80 82 152
UPDATE 1554057531 TRANSACTION 4193ee2925469f07e372808fbeaf2e4b
SEND 1554057531 TRANSACTION 80 27673 4193ee2925469f07e372808fbeaf2e4b
RECIEVED 1554057532 TRANSACTION 81 82 153
UPDATE 1554057532 TRANSACTION 2d2bab618735b0a749e726698fc08ef0
SEND 1554057532 TRANSACTION 81 31378 2d2bab618735b0a749e726698fc08ef0
RECIEVED 1554057532 TRANSACTION 81 82 154
UPDATE 1554057532 TRANSACTION e4e179e8062d731c80a754843e876af1
SEND 1554057532 TRANSACTION 81 16067 e4e179e8062d731c80a754843e876af1
SEND 1554057532 TRANSACTION 81 17386 e4e179e8062d731c80a754843e876af1
RECIEVED 1554057532 TRANSACTION 80 82 155
UPDATE 1554057532 TRANSACTION 4c082ebb41f5745f7e507fa7eee28741
SEND 1554057532 TRANSACTION 80 22707 4c082ebb41f5745f7e507fa7eee28741
SEND 1554057532 TRANSACTION 80 73372 4c082ebb41f5745f7e507fa7eee28741
SEND 1554057532 TRANSACTION 80 25285 4c082ebb41f5745f7e507fa7eee28741
RECIEVED 1554057533 TRANSACTION 80 82 156
UPDATE 1554057533 TRANSACTION 2c413a341cc8d951d942bc6a98884ed4
SEND 1554057533 TRANSACTION 80 22436 2c413a341cc8d951d942bc6a98884ed4
RECIEVED 1554057533 TRANSACTION 80 82 157
UPDATE 1554057533 TRANSACTION c50133371e5712e6a465299d26a5042c
SEND 1554057533 TRANSACTION 80 24000 c50133371e5712e6a465299d26a5042c
SEND 1554057533 TRANSACTION 80 22706 c50133371e5712e6a465299d26a5042c
RECIEVED 1554057533 TRANSACTION 80 82 158
RECIEVED 1554057533 TRANSACTION 81 82 158
UPDATE 1554057533 TRANSACTION 4fc61fbd805133205afc048439bf697b
RECIEVED 1554057533 TRANSACTION 80 82 159
UPDATE 1554057533 TRANSACTION 3dc4a70820a07f055c783c89e4fc8700
SEND 1554057533 TRANSACTION 80 26100 3dc4a70820a07f055c783c89e4fc8700
RECIEVED 1554057534 TRANSACTION 80 82 160
UPDATE 1554057534 TRANSACTION 0bc64a4c60b00d892e680800daa017f8
SEND 1554057534 TRANSACTION 80 15728 0bc64a4c60b00d892e680800daa017f8
SEND 1554057534 TRANSACTION 80 32562 0bc64a4c60b00d892e680800daa017f8
RECIEVED 1554057534 TRANSACTION 80 82 161
RECIEVED 1554057534 TRANSACTION 81 82 161
UPDATE 1554057534 TRANSACTION 780c58f3f1515d0bbd444a871ad1b941
RECIEVED 1554057534 TRANSACTION 81 82 162
UPDATE 1554057534 TRANSACTION c6615519f1aeb8d6c7e09095d09fb6ae
SEND 1554057534 TRANSACTION 81 23005 c6615519f1aeb8d6c7e09095d09fb6ae
RECIEVED 1554057534 TRANSACTION 81 82 163
RECIEVED 1554057535 TRANSACTION 81 82 163
UPDATE 1554057535 TRANSACTION 242837d09d676c218161c4caaa5f39e3
SEND 1554057535 TRANSACTION 81 26414 242837d09d676c218161c4caaa5f39e3
SEND 1554057535 TRANSACTION 81 35021 242837d09d676c218161c4caaa5f39e3
RECIEVED 1554057535 TRANSACTION 81 82 164
UPDATE 1554057535 TRANSACTION 74834b527a40be6ed4918a36d17fafac
SEND 1554057535 TRANSACTION 81 30194 74834b527a40be6ed4918a36d17fafac
SEND 1554057535 TRANSACTION 81 24239 74834b527a40be6ed4918a36d17fafac
RECIEVED 1554057535 TRANSACTION 81 82 165
RECIEVED 1554057535 TRANSACTION 81 82 165
UPDATE 1554057535 TRANSACTION 771e5fb62d7f0fadc75b6ee913e8e6a7
SEND 1554057535 TRANSACTION 81 23566 771e5fb62d7f0fadc75b6ee913e8e6a7
SEND 1554057535 TRANSACTION 81 21882 771e5fb62d7f0fadc75b6ee913e8e6a7
SEND 1554057535 TRANSACTION 81 26140 771e5fb62d7f0fadc75b6ee913e8e6a7
RECIEVED 1554057535 TRANSACTION 81 82 166
RECIEVED 1554057535 TRANSACTION 81 82 166
RECIEVED 1554057535 TRANSACTION 81 82 166
UPDATE 1554057535 TRANSACTION c3a584310ee42151f9aa2308c87f1648
SEND 1554057535 TRANSACTION 81 17533 c3a584310ee42151f9aa2308c87f1648
RECIEVED 1554057535 TRANSACTION 81 82 167
RECIEVED 1554057535 TRANSACTION 81 82 167
UPDATE 1554057535 TRANSACTION 50f29f0ea69b16090abda03f193c8a2a
SEND 1554057535 TRANSACTION 81 17014 50f29f0ea69b16090abda03f193c8a2a
RECIEVED 1554057535 TRANSACTION 81 82 168
RECIEVED 1554057535 TRANSACTION 81 82 168
UPDATE 1554057535 TRANSACTION 5386a0c9e4fb8d9ddcad300d3e960f0a
SEND 1554057535 TRANSACTION 81 15844 5386a0c9e4fb8d9ddcad300d3e960f0a
SEND 1554057535 TRANSACTION 81 21096 5386a0c9e4fb8d9ddcad300d3e960f0a
SEND 1554057535 TRANSACTION 81 22501 5386a0c9e4fb8d9ddcad300d3e960f0a
RECIEVED 1554057535 TRANSACTION 81 82 169
RECIEVED 1554057535 TRANSACTION 80 82 169
UPDATE 1554057535 TRANSACTION 201374ac1424bdd030f5cc11ceb4ad4b
SEND 1554057535 TRANSACTION 80 25022 201374ac1424bdd030f5cc11ceb4ad4b
RECIEVED 1554057535 HB 3 82 170
SEND 1554057535 INTRODUCE 37 18781
SEND 1554057535 INTRODUCE 36 24015
SEND 1554057535 INTRODUCE 35 24702
SEND 1554057536 INTRODUCE 37 23662
RECIEVED 1554057536 TRANSACTION 80 82 170
RECIEVED 1554057536 TRANSACTION 80 82 170
UPDATE 1554057536 TRANSACTION 0885f190142ce3e4b88389b12d53d789
SEND 1554057536 TRANSACTION 80 36412 0885f190142ce3e4b88389b12d53d789
SEND 1554057536 TRANSACTION 80 38884 0885f190142ce3e4b88389b12d53d789
SEND 1554057536 TRANSACTION 80 22185 0885f190142ce3e4b88389b12d53d789
RECIEVED 1554057536 TRANSACTION 81 82 171
UPDATE 1554057536 TRANSACTION 64d478a140a010e15373450ea0355120
SEND 1554057536 TRANSACTION 81 17685 64d478a140a010e15373450ea0355120
SEND 1554057536 TRANSACTION 81 28520 64d478a140a010e15373450ea0355120
RECIEVED 1554057536 TRANSACTION 80 82 172
UPDATE 1554057536 TRANSACTION 8726304f2cbbcb50280025dfd476575e
SEND 1554057536 TRANSACTION 80 22315 8726304f2cbbcb50280025dfd476575e
RECIEVED 1554057536 TRANSACTION 82 82 173
UPDATE 1554057536 TRANSACTION ebaa02c3f75f1427390bb2ebe4025aeb
SEND 1554057536 TRANSACTION 82 29045 ebaa02c3f75f1427390bb2ebe4025aeb
SEND 1554057536 TRANSACTION 82 31469 ebaa02c3f75f1427390bb2ebe4025aeb
RECIEVED 1554057536 TRANSACTION 82 82 174
RECIEVED 1554057536 TRANSACTION 82 82 174
RECIEVED 1554057536 TRANSACTION 81 82 174
UPDATE 1554057536 TRANSACTION 26329471b861ac431dae5f6fabe3417d
RECIEVED 1554057536 TRANSACTION 81 82 175
RECIEVED 1554057536 TRANSACTION 81 82 175
UPDATE 1554057536 TRANSACTION f81b5a6c3fbec7f9e181849788376cb2
SEND 1554057536 TRANSACTION 81 16462 f81b5a6c3fbec7f9e181849788376cb2
SEND 1554057536 TRANSACTION 81 33601 f81b5a6c3fbec7f9e181849788376cb2
RECIEVED 1554057536 TRANSACTION 81 82 176
RECIEVED 1554057536 TRANSACTION 81 82 176
UPDATE 1554057536 TRANSACTION 8768ef5050b7f34f8b96ee843e72e09e
SEND 1554057536 TRANSACTION 81 24986 8768ef5050b7f34f8b96ee843e72e09e
RECIEVED 1554057536 TRANSACTION 81 82 177
UPDATE 1554057536 TRANSACTION 7d156d35b0617b3188a41d9823af6b2a
SEND 1554057536 TRANSACTION 81 16519 7d156d35b0617b3188a41d9823af6b2a
RECIEVED 1554057536 TRANSACTION 81 82 178
RECIEVED 1554057537 TRANSACTION 79 82 178
UPDATE 1554057537 TRANSACTION 1d613d66bc17e1cc535e778fa9cbbd19
SEND 1554057537 TRANSACTION 79 23030 1d613d66bc17e1cc535e778fa9cbbd19
SEND 1554057537 TRANSACTION 79 29386 1d613d66bc17e1cc535e778fa9cbbd19
SEND 1554057537 TRANSACTION 79 17216 1d613d66bc17e1cc535e778fa9cbbd19
RECIEVED 1554057537 TRANSACTION 80 82 179
UPDATE 1554057537 TRANSACTION 18c0b89850724916b9469cdbbb655009
SEND 1554057537 TRANSACTION 80 22814 18c0b89850724916b9469cdbbb655009
SEND 1554057537 TRANSACTION 80 23238 18c0b89850724916b9469cdbbb655009
RECIEVED 1554057537 TRANSACTION 80 82 180
UPDATE 1554057537 TRANSACTION 4267cd30125a7b3bafac0c16465b7055
RECIEVED 1554057538 TRANSACTION 81 82 181
UPDATE 1554057538 TRANSACTION f90e1dc2442be523a6fa43bc34a77c1b
SEND 1554057538 TRANSACTION 81 28474 f90e1dc2442be523a6fa43bc34a77c1b
SEND 1554057538 TRANSACTION 81 17827 f90e1dc2442be523a6fa43bc34a77c1b
RECIEVED 1554057538 TRANSACTION 81 82 182
RECIEVED 1554057538 TRANSACTION 81 82 182
UPDATE 1554057538 TRANSACTION 1f572c2cc73ca82a33474b4c90850a73
RECIEVED 1554057538 TRANSACTION 80 82 183
UPDATE 1554057538 TRANSACTION edce54ea9849df6773b1e97eb38d015d
SEND 1554057538 TRANSACTION 80 17471 edce54ea9849df6773b1e97eb38d015d
SEND 1554057538 TRANSACTION 80 17452 edce54ea9849df6773b1e97eb38d015d
RECIEVED 1554057538 TRANSACTION 80 82 184
RECIEVED 1554057538 TRANSACTION 80 82 184
RECIEVED 1554057538 TRANSACTION 81 82 184
UPDATE 1554057538 TRANSACTION b3a8eb8c54e79500b8a86a195a7050d1
SEND 1554057538 TRANSACTION 81 26972 b3a8eb8c54e79500b8a86a195a7050d1
RECIEVED 1554057538 TRANSACTION 80 82 185
UPDATE 1554057538 TRANSACTION bc465c56881d66ed8630e27e8594560c
SEND 1554057538 TRANSACTION 80 21649 bc465c56881d66ed8630e27e8594560c
SEND 1554057538 TRANSACTION 80 22983 bc465c56881d66ed8630e27e8594560c
SEND 1554057538 TRANSACTION 80 22495 bc465c56881d66ed8630e27e8594560c
RECIEVED 1554057539 TRANSACTION 81 82 186
UPDATE 1554057539 TRANSACTION 71b504cd77a2eac52570549e3a5dde68
RECIEVED 1554057539 TRANSACTION 81 82 187
RECIEVED 1554057539 TRANSACTION 81 82 187
UPDATE 1554057539 TRANSACTION 5569617bdad1dab0c6b75e00363f4d99
SEND 1554057539 TRANSACTION 81 16694 5569617bdad1dab0c6b75e00363f4d99
SEND 1554057539 TRANSACTION 81 21536 5569617bdad1dab0c6b75e00363f4d99
RECIEVED 1554057539 TRANSACTION 81 82 188
RECIEVED 1554057539 TRANSACTION 80 82 188
UPDATE 1554057539 TRANSACTION 68037886e5ba7a6040192e75e9908784
RECIEVED 1554057539 TRANSACTION 79 82 189
UPDATE 1554057539 TRANSACTION b8dc3eb370398f022b26422da7c8b2b3
RECIEVED 1554057539 TRANSACTION 81 82 190
UPDATE 1554057539 TRANSACTION 30857d1ac2ee729cdf5b419525541ff8
SEND 1554057539 TRANSACTION 81 28645 30857d1ac2ee729cdf5b419525541ff8
SEND 1554057539 TRANSACTION 81 22187 30857d1ac2ee729cdf5b419525541ff8
SEND 1554057539 TRANSACTION 81 24522 30857d1ac2ee729cdf5b419525541ff8
RECIEVED 1554057539 TRANSACTION 81 82 191
UPDATE 1554057539 TRANSACTION c5fc09f2a9df2108579193ba2adbd898
RECIEVED 1554057539 TRANSACTION 81 82 192
RECIEVED 1554057539 TRANSACTION 81 82 192
UPDATE 1554057539 TRANSACTION 5b3e89a4a43291799f04be92a994ab7c
SEND 1554057539 TRANSACTION 81 22596 5b3e89a4a43291799f04be92a994ab7c
RECIEVED 1554057539 TRANSACTION 82 82 193
UPDATE 1554057539 TRANSACTION 04b34019e511d9887e681bfd1bdefcd2
SEND 1554057539 TRANSACTION 82 14740 04b34019e511d9887e681bfd1bdefcd2
SEND 1554057539 TRANSACTION 82 17329 04b34019e511d9887e681bfd1bdefcd2
SEND 1554057539 TRANSACTION 82 26432 04b34019e511d9887e681bfd1bdefcd2
RECIEVED 1554057539 TRANSACTION 82 82 194
RECIEVED 1554057540 TRANSACTION 81 82 194
UPDATE 1554057540 TRANSACTION 922437a6811e3a3c95649858375589c0
SEND 1554057540 TRANSACTION 81 28264 922437a6811e3a3c95649858375589c0
SEND 1554057540 TRANSACTION 81 25280 922437a6811e3a3c95649858375589c0
RECIEVED 1554057540 TRANSACTION 81 82 195
RECIEVED 1554057540 TRANSACTION 81 82 195
UPDATE 1554057540 TRANSACTION b6463b29a8c776b576250e0aaea10304
SEND 1554057540 TRANSACTION 81 28880 b6463b29a8c776b576250e0aaea10304
RECIEVED 1554057540 TRANSACTION 81 82 196
UPDATE 1554057540 TRANSACTION d56ff0cd8b0753586f16841e6c194bd8
SEND 1554057540 TRANSACTION 81 16748 d56ff0cd8b0753586f16841e6c194bd8
SEND 1554057540 TRANSACTION 81 30037 d56ff0cd8b0753586f16841e6c194bd8
RECIEVED 1554057540 TRANSACTION 81 82 197
RECIEVED 1554057540 TRANSACTION 81 82 197
RECIEVED 1554057541 TRANSACTION 81 82 197
UPDATE 1554057541 TRANSACTION cd05837eb4b181ebac6f97f3962ce4c2
SEND 1554057541 TRANSACTION 81 14910 cd05837eb4b181ebac6f97f3962ce4c2
RECIEVED 1554057541 TRANSACTION 81 82 198
UPDATE 1554057541 TRANSACTION 838055d50b99824de4951c75e6e7fa80
SEND 1554057541 TRANSACTION 81 17096 838055d50b99824de4951c75e6e7fa80
RECIEVED 1554057541 TRANSACTION 81 82 199
RECIEVED 1554057541 TRANSACTION 80 82 199
UPDATE 1554057541 TRANSACTION fa232416d430fab94cca543a43a95d8e
SEND 1554057541 TRANSACTION 80 46696 fa232416d430fab94cca543a43a95d8e
SEND 1554057541 TRANSACTION 80 23155 fa232416d430fab94cca543a43a95d8e
SEND 1554057541 TRANSACTION 80 15584 fa232416d430fab94cca543a43a95d8e
RECIEVED 1554057541 TRANSACTION 80 82 200
RECIEVED 1554057541 TRANSACTION 81 82 200
UPDATE 1554057541 TRANSACTION a8e5c0be2efc0fbe8e7bb2d8152b67c9
SEND 1554057541 TRANSACTION 81 29878 a8e5c0be2efc0fbe8e7bb2d8152b67c9
RECIEVED 1554057541 TRANSACTION 81 82 201
RECIEVED 1554057541 TRANSACTION 81 82 201
RECIEVED 1554057541 TRANSACTION 81 82 201
UPDATE 1554057541 TRANSACTION f822d1120bf69df4ebb091581bd751c7
SEND 1554057541 TRANSACTION 81 20887 f822d1120bf69df4ebb091581bd751c7
RECIEVED 1554057541 TRANSACTION 81 82 202
RECIEVED 1554057541 TRANSACTION 81 82 202
UPDATE 1554057541 TRANSACTION f48b3f8b0d2366abcab9974f50d71413
SEND 1554057541 TRANSACTION 81 16809 f48b3f8b0d2366abcab9974f50d71413
RECIEVED 1554057541 TRANSACTION 81 82 203
UPDATE 1554057541 TRANSACTION 6b132226a909d04548a71ceaa07c2a6f
RECIEVED 1554057541 TRANSACTION 80 82 204
UPDATE 1554057541 TRANSACTION c52368f327888a0eca2d6d5450c6becc
SEND 1554057541 TRANSACTION 80 23536 c52368f327888a0eca2d6d5450c6becc
SEND 1554057541 TRANSACTION 80 34560 c52368f327888a0eca2d6d5450c6becc
SEND 1554057541 TRANSACTION 80 37198 c52368f327888a0eca2d6d5450c6becc
RECIEVED 1554057541 TRANSACTION 82 82 205
UPDATE 1554057541 TRANSACTION fbef22ab39dde5214360c9bb52b69336
SEND 1554057541 TRANSACTION 82 29430 fbef22ab39dde5214360c9bb52b69336
RECIEVED 1554057542 TRANSACTION 81 82 206
UPDATE 1554057542 TRANSACTION c2b4c2d1f2a432d4ebc1a79a91d5dcbb
SEND 1554057542 TRANSACTION 81 24484 c2b4c2d1f2a432d4ebc1a79a91d5dcbb
RECIEVED 1554057542 TRANSACTION 80 82 207
UPDATE 1554057542 TRANSACTION 423e65caa7b7e65a9e06697607b0529b
RECIEVED 1554057542 TRANSACTION 81 82 208
UPDATE 1554057542 TRANSACTION b153b630c44b4acef3194504638fb87e
SEND 1554057542 TRANSACTION 81 18353 b153b630c44b4acef3194504638fb87e
SEND 1554057542 TRANSACTION 81 30934 b153b630c44b4acef3194504638fb87e
RECIEVED 1554057542 TRANSACTION 81 82 209
UPDATE 1554057542 TRANSACTION e9add7aad260963152424bd61af69cb1
SEND 1554057542 TRANSACTION 81 22959 e9add7aad260963152424bd61af69cb1
RECIEVED 1554057542 TRANSACTION 81 82 210
UPDATE 1554057542 TRANSACTION 2e4e99315b1adaff46d15249df8a9e8b
RECIEVED 1554057542 TRANSACTION 81 82 211
UPDATE 1554057542 TRANSACTION 3c23ac9ca62ac0eb0cb8dbe2c7e8980d
SEND 1554057542 TRANSACTION 81 17132 3c23ac9ca62ac0eb0cb8dbe2c7e8980d
SEND 1554057542 TRANSACTION 81 22302 3c23ac9ca62ac0eb0cb8dbe2c7e8980d
RECIEVED 1554057542 TRANSACTION 81 82 212
RECIEVED 1554057542 TRANSACTION 81 82 212
UPDATE 1554057542 TRANSACTION df08974738b84c007cea8afe52be1a49
SEND 1554057542 TRANSACTION 81 16602 df08974738b84c007cea8afe52be1a49
RECIEVED 1554057542 TRANSACTION 81 82 213
RECIEVED 1554057542 TRANSACTION 80 82 213
UPDATE 1554057542 TRANSACTION bd78268d2431579e3e201f5b232ccc94
RECIEVED 1554057542 TRANSACTION 80 82 214
RECIEVED 1554057543 TRANSACTION 80 82 214
UPDATE 1554057543 TRANSACTION fa6690350120c1cdd9e31c5fb2559d6b
RECIEVED 1554057543 TRANSACTION 81 82 215
UPDATE 1554057543 TRANSACTION 27c44969d9aa8f76861d8dafd3a71f93
SEND 1554057543 TRANSACTION 81 20925 27c44969d9aa8f76861d8dafd3a71f93
SEND 1554057543 TRANSACTION 81 22680 27c44969d9aa8f76861d8dafd3a71f93
SEND 1554057543 TRANSACTION 81 27300 27c44969d9aa8f76861d8dafd3a71f93
SEND 1554057543 TRANSACTION 81 29298 27c44969d9aa8f76861d8dafd3a71f93
RECIEVED 1554057543 TRANSACTION 81 82 216
RECIEVED 1554057543 TRANSACTION 81 82 216
UPDATE 1554057543 TRANSACTION f44f4656f5fe6d133d132f2717fe08dc
SEND 1554057543 TRANSACTION 81 19169 f44f4656f5fe6d133d132f2717fe08dc
SEND 1554057543 TRANSACTION 81 30397 f44f4656f5fe6d133d132f2717fe08dc
SEND 1554057543 TRANSACTION 81 41213 f44f4656f5fe6d133d132f2717fe08dc
SEND 1554057543 TRANSACTION 81 17779 f44f4656f5fe6d133d132f2717fe08dc
RECIEVED 1554057543 TRANSACTION 81 82 217
UPDATE 1554057543 TRANSACTION 00426473374656ec5140a5fa95ca1cbe
SEND 1554057543 TRANSACTION 81 22978 00426473374656ec5140a5fa95ca1cbe
RECIEVED 1554057543 TRANSACTION 82 82 218
UPDATE 1554057543 TRANSACTION fd679bdfa506e6b154fd7c23253e618c
SEND 1554057543 TRANSACTION 82 27753 fd679bdfa506e6b154fd7c23253e618c
SEND 1554057543 TRANSACTION 82 30520 fd679bdfa506e6b154fd7c23253e618c
SEND 1554057543 TRANSACTION 82 15267 fd679bdfa506e6b154fd7c23253e618c
RECIEVED 1554057543 TRANSACTION 81 82 219
RECIEVED 1554057543 TRANSACTION 82 82 219
RECIEVED 1554057543 TRANSACTION 81 82 219
UPDATE 1554057543 TRANSACTION 48627ef90c09c30247f35087ac348d72
RECIEVED 1554057543 TRANSACTION 81 82 220
UPDATE 1554057543 TRANSACTION bbbd4c14ab5951f870532674bfb83126
RECIEVED 1554057544 TRANSACTION 81 82 221
UPDATE 1554057544 TRANSACTION bb83c13c0f59c84f62f57543e53d8ad4
RECIEVED 1554057544 TRANSACTION 81 82 222
UPDATE 1554057544 TRANSACTION 9a80707e5b0faa2a68fee04344a8f117
SEND 1554057544 TRANSACTION 81 15495 9a80707e5b0faa2a68fee04344a8f117
SEND 1554057544 TRANSACTION 81 17439 9a80707e5b0faa2a68fee04344a8f117
RECIEVED 1554057544 TRANSACTION 81 82 223
UPDATE 1554057544 TRANSACTION a49fac0323cdadac2047b3cab57cc303
RECIEVED 1554057545 TRANSACTION 81 82 224
UPDATE 1554057545 TRANSACTION 2964165b98fee737e36dc5524913f197
RECIEVED 1554057545 HB 3 82 225
RECIEVED 1554057547 TRANSACTION 81 82 225
UPDATE 1554057547 TRANSACTION 8d99d7f345cd67042138e5b7d74843b6
SEND 1554057547 TRANSACTION 81 43795 8d99d7f345cd67042138e5b7d74843b6
RECIEVED 1554057547 TRANSACTION 81 82 226
UPDATE 1554057547 TRANSACTION 990b02216f16eab0946979ad18017875
SEND 1554057547 TRANSACTION 81 34316 990b02216f16eab0946979ad18017875
SEND 1554057547 TRANSACTION 81 29123 990b02216f16eab0946979ad18017875
RECIEVED 1554057547 TRANSACTION 80 82 227
UPDATE 1554057547 TRANSACTION c6a88779097678fda6770fe363968083
SEND 1554057547 TRANSACTION 80 22444 c6a88779097678fda6770fe363968083
RECIEVED 1554057552 TRANSACTION 81 82 228
UPDATE 1554057552 TRANSACTION ca478ce122074b52ec6950c09f58cea0
SEND 1554057552 TRANSACTION 81 34090 ca478ce122074b52ec6950c09f58cea0
RECIEVED 1554057552 TRANSACTION 80 82 229
UPDATE 1554057552 TRANSACTION a6159c2481c925e2a521b28de85a542d
SEND 1554057552 TRANSACTION 80 20944 a6159c2481c925e2a521b28de85a542d
SEND 1554057552 TRANSACTION 80 32367 a6159c2481c925e2a521b28de85a542d
RECIEVED 1554057552 TRANSACTION 80 82 230
UPDATE 1554057552 TRANSACTION 1c2963d4c28c552a6d731b100f685e07
SEND 1554057552 TRANSACTION 80 16486 1c2963d4c28c552a6d731b100f685e07
RECIEVED 1554057552 TRANSACTION 81 82 231
UPDATE 1554057552 TRANSACTION ec0e39af8a59565cf703ba5cae07cafd
SEND 1554057552 TRANSACTION 81 17090 ec0e39af8a59565cf703ba5cae07cafd
SEND 1554057552 TRANSACTION 81 29868 ec0e39af8a59565cf703ba5cae07cafd
RECIEVED 1554057552 TRANSACTION 81 82 232
UPDATE 1554057552 TRANSACTION 72bcbf2ce54d0f54d30bc89c25e1c308
RECIEVED 1554057552 TRANSACTION 81 82 233
RECIEVED 1554057553 TRANSACTION 81 82 233
UPDATE 1554057553 TRANSACTION 724c174c78e589a222c29155bdf6d061
SEND 1554057553 TRANSACTION 81 25480 724c174c78e589a222c29155bdf6d061
RECIEVED 1554057553 TRANSACTION 81 82 234
UPDATE 1554057553 TRANSACTION 351ea503ca1cd92019c240e879d7b5ef
SEND 1554057553 TRANSACTION 81 15466 351ea503ca1cd92019c240e879d7b5ef
RECIEVED 1554057553 TRANSACTION 81 82 235
RECIEVED 1554057553 TRANSACTION 80 82 235
UPDATE 1554057553 TRANSACTION 4281b74319bf97d3d9e114360086c48c
SEND 1554057553 TRANSACTION 80 18587 4281b74319bf97d3d9e114360086c48c
RECIEVED 1554057553 TRANSACTION 80 82 236
RECIEVED 1554057553 TRANSACTION 81 82 236
UPDATE 1554057553 TRANSACTION 0fdb213abfe8621af5c4f6b9aaeeb3b5
SEND 1554057553 TRANSACTION 81 28863 0fdb213abfe8621af5c4f6b9aaeeb3b5
RECIEVED 1554057554 TRANSACTION 80 82 237
UPDATE 1554057554 TRANSACTION 80b0c0bf184934f541fdfac8ae29b006
SEND 1554057554 TRANSACTION 80 28093 80b0c0bf184934f541fdfac8ae29b006
SEND 1554057554 TRANSACTION 80 23632 80b0c0bf184934f541fdfac8ae29b006
RECIEVED 1554057554 TRANSACTION 80 82 238
RECIEVED 1554057554 TRANSACTION 81 82 238
UPDATE 1554057554 TRANSACTION 2008287949bead40e609c3ae05b04ff4
RECIEVED 1554057554 TRANSACTION 81 82 239
UPDATE 1554057554 TRANSACTION b55258b79dd4be1c6a3112da1fe83c8c
SEND 1554057554 TRANSACTION 81 15420 b55258b79dd4be1c6a3112da1fe83c8c
RECIEVED 1554057554 TRANSACTION 81 82 240
RECIEVED 1554057554 TRANSACTION 81 82 240
UPDATE 1554057554 TRANSACTION 0cba33371d6d91fc7f14e85ed8d8b7b9
RECIEVED 1554057554 TRANSACTION 81 82 241
RECIEVED 1554057555 TRANSACTION 81 82 241
UPDATE 1554057555 TRANSACTION ce494f1621c0ca828451a224baf2343b
RECIEVED 1554057555 TRANSACTION 81 82 242
UPDATE 1554057555 TRANSACTION ffea7b1e6d54ceef06e590fbe59fc423
SEND 1554057555 TRANSACTION 81 16476 ffea7b1e6d54ceef06e590fbe59fc423
SEND 1554057555 TRANSACTION 81 30340 ffea7b1e6d54ceef06e590fbe59fc423
RECIEVED 1554057555 TRANSACTION 81 82 243
UPDATE 1554057555 TRANSACTION d9c4014fe84ff33e1cf55a9f61c1740f
SEND 1554057555 TRANSACTION 81 22187 d9c4014fe84ff33e1cf55a9f61c1740f
RECIEVED 1554057555 TRANSACTION 81 82 244
RECIEVED 1554057555 HB 3 82 244
RECIEVED 1554057556 TRANSACTION 79 82 244
UPDATE 1554057556 TRANSACTION 930ec37f3a3b66110dfaa3fba8acf04e
RECIEVED 1554057556 TRANSACTION 79 82 245
RECIEVED 1554057556 TRANSACTION 81 82 245
UPDATE 1554057556 TRANSACTION bf1d3b441836435875486633d96ea27b
SEND 1554057556 TRANSACTION 81 29528 bf1d3b441836435875486633d96ea27b
SEND 1554057556 TRANSACTION 81 37136 bf1d3b441836435875486633d96ea27b
RECIEVED 1554057556 TRANSACTION 81 82 246
RECIEVED 1554057556 TRANSACTION 81 82 246
RECIEVED 1554057556 TRANSACTION 80 82 246
UPDATE 1554057556 TRANSACTION 7ef1f5ec0b21de504a8a3e953c101906
RECIEVED 1554057556 TRANSACTION 81 82 247
UPDATE 1554057556 TRANSACTION 1ceb11ce36b5d8030b0b72ae7f543969
SEND 1554057556 TRANSACTION 81 21343 1ceb11ce36b5d8030b0b72ae7f543969
SEND 1554057556 TRANSACTION 81 23112 1ceb11ce36b5d8030b0b72ae7f543969
RECIEVED 1554057556 TRANSACTION 81 82 248
UPDATE 1554057556 TRANSACTION a345ca5b5cf3f068afa96124d9424e2d
SEND 1554057556 TRANSACTION 81 20825 a345ca5b5cf3f068afa96124d9424e2d
SEND 1554057556 TRANSACTION 81 21478 a345ca5b5cf3f068afa96124d9424e2d
RECIEVED 1554057556 TRANSACTION 81 82 249
RECIEVED 1554057557 TRANSACTION 81 82 249
UPDATE 1554057557 TRANSACTION 5ef592a439b89981bac4807f35e39d04
SEND 1554057557 TRANSACTION 81 31283 5ef592a439b89981bac4807f35e39d04
RECIEVED 1554057557 TRANSACTION 82 82 250
UPDATE 1554057557 TRANSACTION 3a31786d00a82e6d8812582f2e189e44
RECIEVED 1554057557 TRANSACTION 80 82 251
UPDATE 1554057557 TRANSACTION 4a57fd295608f414fb2c725dc9e84037
RECIEVED 1554057557 TRANSACTION 81 82 252
UPDATE 1554057557 TRANSACTION 899a2ada794b3d18f7ce77d94e54c52b
SEND 1554057557 TRANSACTION 81 33461 899a2ada794b3d18f7ce77d94e54c52b
SEND 1554057557 TRANSACTION 81 22552 899a2ada794b3d18f7ce77d94e54c52b
RECIEVED 1554057557 TRANSACTION 81 82 253
UPDATE 1554057557 TRANSACTION fafad35d4264b12a68d04aa9fdd54a63
SEND 1554057557 TRANSACTION 81 17458 fafad35d4264b12a68d04aa9fdd54a63
RECIEVED 1554057557 INTRODUCE 36 82 254
RECIEVED 1554057557 INTRODUCE 36 82 254
RECIEVED 1554057557 INTRODUCE 37 82 254
RECIEVED 1554057557 INTRODUCE 35 82 254
RECIEVED 1554057557 TRANSACTION 81 83 254
UPDATE 1554057557 TRANSACTION b613c2d089af89bc09a0a84c325459a3
SEND 1554057557 TRANSACTION 81 21808 b613c2d089af89bc09a0a84c325459a3
SEND 1554057557 TRANSACTION 81 26458 b613c2d089af89bc09a0a84c325459a3
RECIEVED 1554057557 TRANSACTION 81 83 255
UPDATE 1554057557 TRANSACTION e7c5b58fdc4a6cb9a013931fae662f5a
SEND 1554057557 TRANSACTION 81 42487 e7c5b58fdc4a6cb9a013931fae662f5a
RECIEVED 1554057558 TRANSACTION 81 83 256
UPDATE 1554057558 TRANSACTION 7943ecb3ff4c1aa18c377ce93dc95ff4
SEND 1554057558 TRANSACTION 81 32958 7943ecb3ff4c1aa18c377ce93dc95ff4
SEND 1554057558 TRANSACTION 81 16914 7943ecb3ff4c1aa18c377ce93dc95ff4
RECIEVED 1554057558 TRANSACTION 81 83 257
RECIEVED 1554057558 TRANSACTION 81 83 257
RECIEVED 1554057558 TRANSACTION 81 83 257
UPDATE 1554057558 TRANSACTION ecd4419308a849b03f3f7130eb1e335c
SEND 1554057558 TRANSACTION 81 15030 ecd4419308a849b03f3f7130eb1e335c
RECIEVED 1554057558 TRANSACTION 81 83 258
UPDATE 1554057558 TRANSACTION eb80bbf30d1a1c029ac90802026fdf0b
SEND 1554057558 TRANSACTION 81 20183 eb80bbf30d1a1c029ac90802026fdf0b
RECIEVED 1554057558 TRANSACTION 81 83 259
RECIEVED 1554057558 TRANSACTION 81 83 259
RECIEVED 1554057558 TRANSACTION 82 83 259
UPDATE 1554057558 TRANSACTION 2dbb5e8672282625f8f5ffa79b9c5892
RECIEVED 1554057558 TRANSACTION 80 83 260
UPDATE 1554057558 TRANSACTION a5a07a570bb7aaa021b28cf028602484
RECIEVED 1554057558 TRANSACTION 80 83 261
RECIEVED 1554057558 TRANSACTION 81 83 261
UPDATE 1554057558 TRANSACTION 82a70a8185bf13d0a8c99278deded697
SEND 1554057558 TRANSACTION 81 27311 82a70a8185bf13d0a8c99278deded697
SEND 1554057558 TRANSACTION 81 28724 82a70a8185bf13d0a8c99278deded697
RECIEVED 1554057559 TRANSACTION 81 83 262
UPDATE 1554057559 TRANSACTION 809f89f34631b7a4615b3bb49d696e2c
SEND 1554057559 TRANSACTION 81 29019 809f89f34631b7a4615b3bb49d696e2c
SEND 1554057559 TRANSACTION 81 22402 809f89f34631b7a4615b3bb49d696e2c
SEND 1554057559 TRANSACTION 81 22055 809f89f34631b7a4615b3bb49d696e2c
RECIEVED 1554057559 TRANSACTION 81 83 263
RECIEVED 1554057559 TRANSACTION 81 83 263
UPDATE 1554057559 TRANSACTION a41f97f15ade74ced084b01b2dbae3b8
SEND 1554057559 TRANSACTION 81 46784 a41f97f15ade74ced084b01b2dbae3b8
RECIEVED 1554057559 TRANSACTION 81 83 264
UPDATE 1554057559 TRANSACTION 4405987c409578725a991072fc3536fe
SEND 1554057559 TRANSACTION 81 15480 4405987c409578725a991072fc3536fe
RECIEVED 1554057559 TRANSACTION 81 83 265
RECIEVED 1554057559 TRANSACTION 81 83 265
RECIEVED 1554057559 TRANSACTION 79 83 265
UPDATE 1554057559 TRANSACTION 9013c1cdae8d4831ae14e9d66ced7dce
SEND 1554057559 TRANSACTION 79 28875 9013c1cdae8d4831ae14e9d66ced7dce
RECIEVED 1554057559 TRANSACTION 81 83 266
UPDATE 1554057559 TRANSACTION 0e046e3ce9f93b6052d6c8871e7e20a7
SEND 1554057559 TRANSACTION 81 24785 0e046e3ce9f93b6052d6c8871e7e20a7
SEND 1554057559 TRANSACTION 81 17238 0e046e3ce9f93b6052d6c8871e7e20a7
SEND 1554057559 TRANSACTION 81 25882 0e046e3ce9f93b6052d6c8871e7e20a7
RECIEVED 1554057559 TRANSACTION 81 83 267
UPDATE 1554057559 TRANSACTION acec6ee2aea710832a317e8ab870f66d
SEND 1554057559 TRANSACTION 81 22765 acec6ee2aea710832a317e8ab870f66d
RECIEVED 1554057559 TRANSACTION 81 83 268
UPDATE 1554057559 TRANSACTION 8df2b107a5d9f6e801abf5601283f752
SEND 1554057559 TRANSACTION 81 30655 8df2b107a5d9f6e801abf5601283f752
RECIEVED 1554057559 TRANSACTION 81 83 269
RECIEVED 1554057559 TRANSACTION 81 83 269
UPDATE 1554057559 TRANSACTION 1f38ba97f6983fe931c8481b31cca99d
SEND 1554057559 TRANSACTION 81 28536 1f38ba97f6983fe931c8481b31cca99d
RECIEVED 1554057559 TRANSACTION 81 83 270
RECIEVED 1554057559 TRANSACTION 81 83 270
UPDATE 1554057559 TRANSACTION 8a6ca4dc9db8579c5395f2d836e8532a
SEND 1554057559 TRANSACTION 81 14422 8a6ca4dc9db8579c5395f2d836e8532a
RECIEVED 1554057559 TRANSACTION 81 83 271
RECIEVED 1554057559 TRANSACTION 80 83 271
UPDATE 1554057559 TRANSACTION 179ae81e05141e6ba3fe5db217e182a4
SEND 1554057559 TRANSACTION 80 16607 179ae81e05141e6ba3fe5db217e182a4
SEND 1554057559 TRANSACTION 80 29023 179ae81e05141e6ba3fe5db217e182a4
RECIEVED 1554057559 TRANSACTION 80 83 272
RECIEVED 1554057559 TRANSACTION 81 83 272
UPDATE 1554057559 TRANSACTION cee87e282c06f683a0604f8dd2d1c179
SEND 1554057559 TRANSACTION 81 22909 cee87e282c06f683a0604f8dd2d1c179
RECIEVED 1554057560 TRANSACTION 80 83 273
UPDATE 1554057560 TRANSACTION dc9b6ad2f0cac65640a44b21aeb9e2e5
SEND 1554057560 TRANSACTION 80 23367 dc9b6ad2f0cac65640a44b21aeb9e2e5
SEND 1554057560 TRANSACTION 80 28158 dc9b6ad2f0cac65640a44b21aeb9e2e5
SEND 1554057560 TRANSACTION 80 21408 dc9b6ad2f0cac65640a44b21aeb9e2e5
RECIEVED 1554057560 TRANSACTION 81 83 274
UPDATE 1554057560 TRANSACTION 64e1afd629dd74120c2afb2105f805d5
RECIEVED 1554057560 TRANSACTION 80 83 275
UPDATE 1554057560 TRANSACTION fe52fae512dc4e7615dc0fc5c0c4c4b3
RECIEVED 1554057560 TRANSACTION 81 83 276
UPDATE 1554057560 TRANSACTION de83d2c5249452d488393ee37a0ecbed
SEND 1554057560 TRANSACTION 81 16244 de83d2c5249452d488393ee37a0ecbed
SEND 1554057560 TRANSACTION 81 36884 de83d2c5249452d488393ee37a0ecbed
SEND 1554057560 TRANSACTION 81 17224 de83d2c5249452d488393ee37a0ecbed
RECIEVED 1554057560 TRANSACTION 81 83 277
RECIEVED 1554057560 TRANSACTION 80 83 277
UPDATE 1554057560 TRANSACTION 6e2c7274f6074f7abae2746aabdd2026
SEND 1554057560 TRANSACTION 80 42533 6e2c7274f6074f7abae2746aabdd2026
SEND 1554057560 TRANSACTION 80 16774 6e2c7274f6074f7abae2746aabdd2026
SEND 1554057560 TRANSACTION 80 16213 6e2c7274f6074f7abae2746aabdd2026
RECIEVED 1554057560 TRANSACTION 82 83 278
UPDATE 1554057560 TRANSACTION 04e696c77a5133d533c9511bf396cf7d
SEND 1554057560 TRANSACTION 82 28464 04e696c77a5133d533c9511bf396cf7d
RECIEVED 1554057560 TRANSACTION 80 83 279
RECIEVED 1554057560 TRANSACTION 82 83 279
RECIEVED 1554057560 TRANSACTION 80 83 279
RECIEVED 1554057560 TRANSACTION 82 83 279
RECIEVED 1554057561 TRANSACTION 81 83 279
UPDATE 1554057561 TRANSACTION d9416a3c3117b2858c23b45048ee4234
RECIEVED 1554057561 TRANSACTION 80 83 280
UPDATE 1554057561 TRANSACTION bf8bb613c9b7ed29d11bc9f408ab04c6
SEND 1554057561 TRANSACTION 80 14744 bf8bb613c9b7ed29d11bc9f408ab04c6
RECIEVED 1554057561 TRANSACTION 80 83 281
RECIEVED 1554057561 TRANSACTION 80 83 281
RECIEVED 1554057561 TRANSACTION 80 83 281
UPDATE 1554057561 TRANSACTION 16f8c45e3ae55216c0d33f63d0e99ad8
SEND 1554057561 TRANSACTION 80 17040 16f8c45e3ae55216c0d33f63d0e99ad8
SEND 1554057561 TRANSACTION 80 21314 16f8c45e3ae55216c0d33f63d0e99ad8
RECIEVED 1554057561 TRANSACTION 81 83 282
UPDATE 1554057561 TRANSACTION 14e7e8a2b8cf6fc80795b20cb0a3007d
SEND 1554057561 TRANSACTION 81 27932 14e7e8a2b8cf6fc80795b20cb0a3007d
RECIEVED 1554057561 TRANSACTION 82 83 283
UPDATE 1554057561 TRANSACTION 26242ab0612c3961f821fc26610e396b
RECIEVED 1554057561 TRANSACTION 79 83 284
UPDATE 1554057561 TRANSACTION 1ed50a7b53562941da41eb85f7aa4105
SEND 1554057561 TRANSACTION 79 28075 1ed50a7b53562941da41eb85f7aa4105
SEND 1554057561 TRANSACTION 79 31678 1ed50a7b53562941da41eb85f7aa4105
SEND 1554057561 TRANSACTION 79 21136 1ed50a7b53562941da41eb85f7aa4105
RECIEVED 1554057561 TRANSACTION 79 83 285
RECIEVED 1554057561 TRANSACTION 81 83 285
UPDATE 1554057561 TRANSACTION 06ca88238317c34ccc3c689246f6eaec
SEND 1554057561 TRANSACTION 81 16718 06ca88238317c34ccc3c689246f6eaec
SEND 1554057561 TRANSACTION 81 23142 06ca88238317c34ccc3c689246f6eaec
SEND 1554057561 TRANSACTION 81 31188 06ca88238317c34ccc3c689246f6eaec
RECIEVED 1554057562 TRANSACTION 81 83 286
UPDATE 1554057562 TRANSACTION 37e93e74de5e0def6854b2aa95c5aa3f
SEND 1554057562 TRANSACTION 81 20144 37e93e74de5e0def6854b2aa95c5aa3f
SEND 1554057562 TRANSACTION 81 15571 37e93e74de5e0def6854b2aa95c5aa3f
RECIEVED 1554057562 TRANSACTION 80 83 287
UPDATE 1554057562 TRANSACTION 39c7b03de16bb81511f3c6dadb087e11
SEND 1554057562 TRANSACTION 80 33484 39c7b03de16bb81511f3c6dadb087e11
RECIEVED 1554057562 TRANSACTION 80 83 288
RECIEVED 1554057562 TRANSACTION 81 83 288
UPDATE 1554057562 TRANSACTION 243be1f6b3ba995ec97b8ef337498636
SEND 1554057562 TRANSACTION 81 14529 243be1f6b3ba995ec97b8ef337498636
SEND 1554057562 TRANSACTION 81 22318 243be1f6b3ba995ec97b8ef337498636
SEND 1554057562 TRANSACTION 81 16606 243be1f6b3ba995ec97b8ef337498636
RECIEVED 1554057562 TRANSACTION 81 83 289
RECIEVED 1554057562 TRANSACTION 81 83 289
RECIEVED 1554057562 TRANSACTION 81 83 289
UPDATE 1554057562 TRANSACTION 49257c88d262fada0177e0f630f282c7
SEND 1554057562 TRANSACTION 81 32322 49257c88d262fada0177e0f630f282c7
RECIEVED 1554057562 TRANSACTION 78 83 290
UPDATE 1554057562 TRANSACTION 1c0ddf22855938cf545338ba879eacbe
SEND 1554057562 TRANSACTION 78 25667 1c0ddf22855938cf545338ba879eacbe
SEND 1554057562 TRANSACTION 78 17012 1c0ddf22855938cf545338ba879eacbe
RECIEVED 1554057562 TRANSACTION 78 83 291
RECIEVED 1554057562 TRANSACTION 80 83 291
UPDATE 1554057562 TRANSACTION c2fa14e6f2c9ec3cef9b9c5f572c372f
SEND 1554057562 TRANSACTION 80 27708 c2fa14e6f2c9ec3cef9b9c5f572c372f
SEND 1554057562 TRANSACTION 80 21827 c2fa14e6f2c9ec3cef9b9c5f572c372f
RECIEVED 1554057562 TRANSACTION 80 83 292
RECIEVED 1554057562 TRANSACTION 78 83 292
UPDATE 1554057562 TRANSACTION f9918ae2dd56912b1e1c7e579ec4a1c4
SEND 1554057562 TRANSACTION 78 37656 f9918ae2dd56912b1e1c7e579ec4a1c4
SEND 1554057562 TRANSACTION 78 29235 f9918ae2dd56912b1e1c7e579ec4a1c4
SEND 1554057562 TRANSACTION 78 31146 f9918ae2dd56912b1e1c7e579ec4a1c4
RECIEVED 1554057562 TRANSACTION 78 83 293
RECIEVED 1554057562 TRANSACTION 81 83 293
UPDATE 1554057562 TRANSACTION 585cba35bee01c07e5d05264e5fc7881
SEND 1554057562 TRANSACTION 81 16060 585cba35bee01c07e5d05264e5fc7881
RECIEVED 1554057562 TRANSACTION 81 83 294
RECIEVED 1554057562 TRANSACTION 81 83 294
RECIEVED 1554057562 TRANSACTION 81 83 294
UPDATE 1554057562 TRANSACTION e446013993c9e9fb45f33ea1519db09e
RECIEVED 1554057563 TRANSACTION 81 83 295
UPDATE 1554057563 TRANSACTION 1153fe7a44f2208cb0566cc3ee3c15ca
SEND 1554057563 TRANSACTION 81 15501 1153fe7a44f2208cb0566cc3ee3c15ca
RECIEVED 1554057563 TRANSACTION 81 83 296
RECIEVED 1554057563 TRANSACTION 81 83 296
UPDATE 1554057563 TRANSACTION cad9d49159f8836da900d8dcbaa69229
SEND 1554057563 TRANSACTION 81 16144 cad9d49159f8836da900d8dcbaa69229
SEND 1554057563 TRANSACTION 81 23735 cad9d49159f8836da900d8dcbaa69229
SEND 1554057563 TRANSACTION 81 36020 cad9d49159f8836da900d8dcbaa69229
RECIEVED 1554057563 TRANSACTION 81 83 297
RECIEVED 1554057563 TRANSACTION 81 83 297
RECIEVED 1554057563 TRANSACTION 81 83 297
UPDATE 1554057563 TRANSACTION 0fd83fb7d0126823065eaaa1e82fd40d
SEND 1554057563 TRANSACTION 81 22527 0fd83fb7d0126823065eaaa1e82fd40d
SEND 1554057563 TRANSACTION 81 24333 0fd83fb7d0126823065eaaa1e82fd40d
RECIEVED 1554057563 TRANSACTION 81 83 298
RECIEVED 1554057563 TRANSACTION 82 83 298
UPDATE 1554057563 TRANSACTION 32c1eaca9c13e1969a539a7ddb25466a
SEND 1554057563 TRANSACTION 82 15810 32c1eaca9c13e1969a539a7ddb25466a
SEND 1554057563 TRANSACTION 82 27908 32c1eaca9c13e1969a539a7ddb25466a
RECIEVED 1554057563 TRANSACTION 81 83 299
UPDATE 1554057563 TRANSACTION ff93dc4b38261adc5ac7043a7e2362dc
SEND 1554057563 TRANSACTION 81 15951 ff93dc4b38261adc5ac7043a7e2362dc
SEND 1554057563 TRANSACTION 81 29642 ff93dc4b38261adc5ac7043a7e2362dc
RECIEVED 1554057563 TRANSACTION 81 83 300
UPDATE 1554057563 TRANSACTION b5fde2af308f4c7c80a18b5bc591f64e
SEND 1554057563 TRANSACTION 81 14925 b5fde2af308f4c7c80a18b5bc591f64e
SEND 1554057563 TRANSACTION 81 46908 b5fde2af308f4c7c80a18b5bc591f64e
RECIEVED 1554057563 TRANSACTION 81 83 301
RECIEVED 1554057563 TRANSACTION 81 83 301
RECIEVED 1554057563 TRANSACTION 81 83 301
UPDATE 1554057563 TRANSACTION 7394bd19ed1dcb7e4f7286a0c4323d96
SEND 1554057563 TRANSACTION 81 22511 7394bd19ed1dcb7e4f7286a0c4323d96
RECIEVED 1554057563 TRANSACTION 80 83 302
UPDATE 1554057563 TRANSACTION 5ec879675464578baff3e4b6b14af2ec
SEND 1554057563 TRANSACTION 80 17549 5ec879675464578baff3e4b6b14af2ec
SEND 1554057563 TRANSACTION 80 17744 5ec879675464578baff3e4b6b14af2ec
SEND 1554057563 TRANSACTION 80 22141 5ec879675464578baff3e4b6b14af2ec
RECIEVED 1554057564 TRANSACTION 80 83 303
UPDATE 1554057564 TRANSACTION 392d186dc00cd748820e5bb033370611
SEND 1554057564 TRANSACTION 80 21459 392d186dc00cd748820e5bb033370611
RECIEVED 1554057564 TRANSACTION 80 83 304
UPDATE 1554057564 TRANSACTION 6c6b40de72294ad9882015c7d686b3e2
SEND 1554057564 TRANSACTION 80 16762 6c6b40de72294ad9882015c7d686b3e2
RECIEVED 1554057564 TRANSACTION 80 83 305
UPDATE 1554057564 TRANSACTION 91723bc233409dd2a081355399b20cbd
SEND 1554057564 TRANSACTION 80 15731 91723bc233409dd2a081355399b20cbd
SEND 1554057564 TRANSACTION 80 20504 91723bc233409dd2a081355399b20cbd
SEND 1554057564 TRANSACTION 80 17594 91723bc233409dd2a081355399b20cbd
RECIEVED 1554057564 TRANSACTION 80 83 306
RECIEVED 1554057564 TRANSACTION 81 83 306
UPDATE 1554057564 TRANSACTION d4d85e2b0022537239aecca2396fc590
SEND 1554057564 TRANSACTION 81 15055 d4d85e2b0022537239aecca2396fc590
SEND 1554057564 TRANSACTION 81 19047 d4d85e2b0022537239aecca2396fc590
RECIEVED 1554057564 TRANSACTION 81 83 307
UPDATE 1554057564 TRANSACTION c70c534e01e512ec3d85a38592e679bf
SEND 1554057564 TRANSACTION 81 18247 c70c534e01e512ec3d85a38592e679bf
RECIEVED 1554057564 TRANSACTION 81 83 308
RECIEVED 1554057564 TRANSACTION 81 83 308
UPDATE 1554057564 TRANSACTION 1c4a3aff047cbcda48310227dd2ddc6d
RECIEVED 1554057564 TRANSACTION 81 83 309
RECIEVED 1554057564 TRANSACTION 81 83 309
UPDATE 1554057564 TRANSACTION e723dc77e6b43b0e10655cca6d85378d
SEND 1554057564 TRANSACTION 81 22826 e723dc77e6b43b0e10655cca6d85378d
RECIEVED 1554057564 TRANSACTION 81 83 310
UPDATE 1554057564 TRANSACTION 0377f39d09af64a6f02953bfc45814cd
SEND 1554057564 TRANSACTION 81 21950 0377f39d09af64a6f02953bfc45814cd
RECIEVED 1554057564 TRANSACTION 81 83 311
UPDATE 1554057564 TRANSACTION f202ca98d45a7207a70a7cc850816b3c
SEND 1554057564 TRANSACTION 81 30945 f202ca98d45a7207a70a7cc850816b3c
SEND 1554057564 TRANSACTION 81 22397 f202ca98d45a7207a70a7cc850816b3c
RECIEVED 1554057564 TRANSACTION 81 83 312
UPDATE 1554057564 TRANSACTION 1e24d6e1abaa68c743947f6c388e9487
SEND 1554057564 TRANSACTION 81 26401 1e24d6e1abaa68c743947f6c388e9487
SEND 1554057564 TRANSACTION 81 21150 1e24d6e1abaa68c743947f6c388e9487
RECIEVED 1554057564 TRANSACTION 81 83 313
UPDATE 1554057564 TRANSACTION f934d399055ed46f5efb6120c405bebd
SEND 1554057564 TRANSACTION 81 17157 f934d399055ed46f5efb6120c405bebd
SEND 1554057564 TRANSACTION 81 22674 f934d399055ed46f5efb6120c405bebd
SEND 1554057564 TRANSACTION 81 17300 f934d399055ed46f5efb6120c405bebd
RECIEVED 1554057565 TRANSACTION 81 83 314
UPDATE 1554057565 TRANSACTION 28e099a566d112b624fa2bf1ab539e09
SEND 1554057565 TRANSACTION 81 22389 28e099a566d112b624fa2bf1ab539e09
SEND 1554057565 TRANSACTION 81 27722 28e099a566d112b624fa2bf1ab539e09
RECIEVED 1554057565 TRANSACTION 80 83 315
UPDATE 1554057565 TRANSACTION ebaa2e262f507e7bc80df81983b0899f
SEND 1554057565 TRANSACTION 80 42302 ebaa2e262f507e7bc80df81983b0899f
RECIEVED 1554057565 TRANSACTION 81 83 316
UPDATE 1554057565 TRANSACTION a8e6ebb7208b78368a11c4dbbc7e6b9f
RECIEVED 1554057565 TRANSACTION 80 83 317
RECIEVED 1554057565 TRANSACTION 80 83 317
RECIEVED 1554057565 TRANSACTION 81 83 317
UPDATE 1554057565 TRANSACTION 61fc57f2a0a3c5fde2ffd24741811251
SEND 1554057565 TRANSACTION 81 22570 61fc57f2a0a3c5fde2ffd24741811251
RECIEVED 1554057565 TRANSACTION 81 83 318
UPDATE 1554057565 TRANSACTION 6280319e27db15689f19c51aae3ffec2
SEND 1554057565 TRANSACTION 81 32735 6280319e27db15689f19c51aae3ffec2
SEND 1554057565 TRANSACTION 81 17020 6280319e27db15689f19c51aae3ffec2
RECIEVED 1554057565 TRANSACTION 81 83 319
UPDATE 1554057565 TRANSACTION 49145667a914b5c18b3b738ab300f355
SEND 1554057565 TRANSACTION 81 28491 49145667a914b5c18b3b738ab300f355
SEND 1554057565 TRANSACTION 81 21108 49145667a914b5c18b3b738ab300f355
SEND 1554057565 TRANSACTION 81 42447 49145667a914b5c18b3b738ab300f355
RECIEVED 1554057565 TRANSACTION 81 83 320
RECIEVED 1554057565 TRANSACTION 81 83 320
RECIEVED 1554057565 TRANSACTION 81 83 320
UPDATE 1554057565 TRANSACTION a09e06c93559e0770e2643189f24566b
SEND 1554057565 TRANSACTION 81 16250 a09e06c93559e0770e2643189f24566b
RECIEVED 1554057565 TRANSACTION 81 83 321
RECIEVED 1554057565 TRANSACTION 81 83 321
UPDATE 1554057565 TRANSACTION 6e95d43b4b201dbc5fb1dcaab6767ca4
RECIEVED 1554057565 HB 3 83 322
RECIEVED 1554057566 TRANSACTION 81 83 322
UPDATE 1554057566 TRANSACTION 0e9b8a10b6dd813a87f8feaf8b460b1a
SEND 1554057566 TRANSACTION 81 22922 0e9b8a10b6dd813a87f8feaf8b460b1a
RECIEVED 1554057566 TRANSACTION 80 83 323
UPDATE 1554057566 TRANSACTION 8dbb60c3c9915bf9b7d13b6f484a40f1
RECIEVED 1554057566 TRANSACTION 81 83 324
RECIEVED 1554057566 TRANSACTION 80 83 324
RECIEVED 1554057566 TRANSACTION 81 83 324
UPDATE 1554057566 TRANSACTION 8b6ed26dbd78430f63cb749bf317a7df
SEND 1554057566 TRANSACTION 81 15874 8b6ed26dbd78430f63cb749bf317a7df
RECIEVED 1554057566 TRANSACTION 80 83 325
UPDATE 1554057566 TRANSACTION 41adcf841e04a73e24bfa76d0027fcc5
SEND 1554057566 TRANSACTION 80 27903 41adcf841e04a73e24bfa76d0027fcc5
RECIEVED 1554057566 TRANSACTION 80 83 326
UPDATE 1554057566 TRANSACTION ee9bb30797b70cd33579188d13ce6a01
SEND 1554057566 TRANSACTION 80 25306 ee9bb30797b70cd33579188d13ce6a01
RECIEVED 1554057567 TRANSACTION 81 83 327
UPDATE 1554057567 TRANSACTION 9f21d13e963d7421c1c2edc21e096d60
RECIEVED 1554057567 TRANSACTION 80 83 328
UPDATE 1554057567 TRANSACTION 8027001c29bb984c9a39784425849f2f
RECIEVED 1554057567 TRANSACTION 81 83 329
UPDATE 1554057567 TRANSACTION 7142ffb125bed9d3d49429e54ef9af04
SEND 1554057567 TRANSACTION 81 24682 7142ffb125bed9d3d49429e54ef9af04
RECIEVED 1554057567 TRANSACTION 81 83 330
RECIEVED 1554057567 TRANSACTION 81 83 330
UPDATE 1554057567 TRANSACTION 2334c23b70f362a8760247ba30cae6f7
RECIEVED 1554057567 TRANSACTION 81 83 331
RECIEVED 1554057567 TRANSACTION 81 83 331
UPDATE 1554057567 TRANSACTION 83c8006927b519e0bdbaac8e3d5c9747
SEND 1554057567 TRANSACTION 81 28480 83c8006927b519e0bdbaac8e3d5c9747
RECIEVED 1554057567 TRANSACTION 81 83 332
RECIEVED 1554057567 TRANSACTION 81 83 332
UPDATE 1554057567 TRANSACTION 44451fff76b815936aa8c2730a33844c
RECIEVED 1554057568 TRANSACTION 81 83 333
UPDATE 1554057568 TRANSACTION 832c07d5cd48da7ca4abbac66b23a9f6
SEND 1554057568 TRANSACTION 81 17216 832c07d5cd48da7ca4abbac66b23a9f6
RECIEVED 1554057568 TRANSACTION 81 83 334
RECIEVED 1554057568 TRANSACTION 80 83 334
UPDATE 1554057568 TRANSACTION c4199196062e9b479fe211c0ea74a6d9
SEND 1554057568 TRANSACTION 80 15716 c4199196062e9b479fe211c0ea74a6d9
SEND 1554057568 TRANSACTION 80 16896 c4199196062e9b479fe211c0ea74a6d9
SEND 1554057568 TRANSACTION 80 16366 c4199196062e9b479fe211c0ea74a6d9
RECIEVED 1554057568 TRANSACTION 80 83 335
RECIEVED 1554057568 TRANSACTION 80 83 335
RECIEVED 1554057568 TRANSACTION 79 83 335
UPDATE 1554057568 TRANSACTION 2f3667512a58d2a897aa3cad65d3b96b
SEND 1554057568 TRANSACTION 79 26909 2f3667512a58d2a897aa3cad65d3b96b
SEND 1554057568 TRANSACTION 79 30157 2f3667512a58d2a897aa3cad65d3b96b
RECIEVED 1554057568 TRANSACTION 81 83 336
UPDATE 1554057568 TRANSACTION c496a10d67d97feaffe44838c1746e82
SEND 1554057568 TRANSACTION 81 17931 c496a10d67d97feaffe44838c1746e82
SEND 1554057568 TRANSACTION 81 30393 c496a10d67d97feaffe44838c1746e82
RECIEVED 1554057568 TRANSACTION 80 83 337
UPDATE 1554057568 TRANSACTION eed50dd7811d02612c2fe4625ebdd23f
RECIEVED 1554057568 TRANSACTION 81 83 338
RECIEVED 1554057568 TRANSACTION 80 83 338
RECIEVED 1554057568 TRANSACTION 81 83 338
UPDATE 1554057568 TRANSACTION 7030010df331256e7125e3b42631c884
SEND 1554057568 TRANSACTION 81 31583 7030010df331256e7125e3b42631c884
SEND 1554057568 TRANSACTION 81 27623 7030010df331256e7125e3b42631c884
SEND 1554057568 TRANSACTION 81 27537 7030010df331256e7125e3b42631c884
SEND 1554057568 TRANSACTION 81 17123 7030010df331256e7125e3b42631c884
RECIEVED 1554057568 TRANSACTION 81 83 339
RECIEVED 1554057569 TRANSACTION 80 83 339
UPDATE 1554057569 TRANSACTION ee88ca92881d45ee74c91b2cac7937d0
SEND 1554057569 TRANSACTION 80 56086 ee88ca92881d45ee74c91b2cac7937d0
SEND 1554057569 TRANSACTION 80 23269 ee88ca92881d45ee74c91b2cac7937d0
SEND 1554057569 TRANSACTION 80 22902 ee88ca92881d45ee74c91b2cac7937d0
RECIEVED 1554057569 TRANSACTION 80 83 340
RECIEVED 1554057569 TRANSACTION 82 83 340
UPDATE 1554057569 TRANSACTION 2f031743b8ad643eeba9bab9d95edf1b
RECIEVED 1554057569 TRANSACTION 80 83 341
UPDATE 1554057569 TRANSACTION 9aac3cb172ce34a737855f735b93ecd1
SEND 1554057569 TRANSACTION 80 16360 9aac3cb172ce34a737855f735b93ecd1
SEND 1554057569 TRANSACTION 80 36710 9aac3cb172ce34a737855f735b93ecd1
RECIEVED 1554057569 TRANSACTION 81 83 342
UPDATE 1554057569 TRANSACTION 50218a5552ef0a06038c47dd658f06c1
RECIEVED 1554057569 TRANSACTION 81 83 343
UPDATE 1554057569 TRANSACTION d427f5f2dae7b2f4b737ef99fd899f9b
SEND 1554057569 TRANSACTION 81 22345 d427f5f2dae7b2f4b737ef99fd899f9b
RECIEVED 1554057569 TRANSACTION 81 83 344
RECIEVED 1554057569 TRANSACTION 80 83 344
UPDATE 1554057569 TRANSACTION 8b440916ee6ef979836298c2b32f38b0
SEND 1554057569 TRANSACTION 80 15974 8b440916ee6ef979836298c2b32f38b0
RECIEVED 1554057569 TRANSACTION 81 83 345
RECIEVED 1554057569 TRANSACTION 81 83 345
RECIEVED 1554057569 TRANSACTION 80 83 345
RECIEVED 1554057569 TRANSACTION 82 83 345
UPDATE 1554057569 TRANSACTION c8cff510355cd4b25db961acaa2a99dd
SEND 1554057569 TRANSACTION 82 26868 c8cff510355cd4b25db961acaa2a99dd
RECIEVED 1554057569 TRANSACTION 82 83 346
RECIEVED 1554057569 TRANSACTION 82 83 346
RECIEVED 1554057570 TRANSACTION 81 83 346
UPDATE 1554057570 TRANSACTION b241b8ce7aaa3f2b5ec35db679712dd5
SEND 1554057570 TRANSACTION 81 22968 b241b8ce7aaa3f2b5ec35db679712dd5
SEND 1554057570 TRANSACTION 81 16284 b241b8ce7aaa3f2b5ec35db679712dd5
RECIEVED 1554057570 TRANSACTION 81 83 347
RECIEVED 1554057570 TRANSACTION 81 83 347
UPDATE 1554057570 TRANSACTION a632afb69fa7d7ac64e0c67222d01bc2
SEND 1554057570 TRANSACTION 81 32555 a632afb69fa7d7ac64e0c67222d01bc2
RECIEVED 1554057570 TRANSACTION 81 83 348
RECIEVED 1554057570 INTRODUCE 37 83 348
RECIEVED 1554057570 INTRODUCE 37 83 348
RECIEVED 1554057570 INTRODUCE 37 84 348
RECIEVED 1554057570 INTRODUCE 37 85 348
RECIEVED 1554057570 TRANSACTION 82 86 348
UPDATE 1554057570 TRANSACTION eac752ac7d3f3f45715928ac84a5274e
SEND 1554057570 TRANSACTION 82 27971 eac752ac7d3f3f45715928ac84a5274e
RECIEVED 1554057571 TRANSACTION 83 86 349
UPDATE 1554057571 TRANSACTION 96ff0d097978548139151744ecebab37
SEND 1554057571 TRANSACTION 83 20871 96ff0d097978548139151744ecebab37
SEND 1554057571 TRANSACTION 83 21113 96ff0d097978548139151744ecebab37
RECIEVED 1554057571 TRANSACTION 80 86 350
UPDATE 1554057571 TRANSACTION b6ee8c5ad9ff9819507689da96ae1a6f
SEND 1554057571 TRANSACTION 80 21964 b6ee8c5ad9ff9819507689da96ae1a6f
RECIEVED 1554057571 TRANSACTION 81 86 351
UPDATE 1554057571 TRANSACTION 4b215e2a311a970a3da29b9eebd4884c
SEND 1554057571 TRANSACTION 81 16778 4b215e2a311a970a3da29b9eebd4884c
SEND 1554057571 TRANSACTION 81 21086 4b215e2a311a970a3da29b9eebd4884c
RECIEVED 1554057571 TRANSACTION 81 86 352
RECIEVED 1554057571 TRANSACTION 81 86 352
UPDATE 1554057571 TRANSACTION 4d3663dc6a77c97ba877ea63eda397e0
SEND 1554057571 TRANSACTION 81 37363 4d3663dc6a77c97ba877ea63eda397e0
RECIEVED 1554057571 TRANSACTION 81 86 353
UPDATE 1554057571 TRANSACTION 837f21cf67832a76eae8b4924ef4ca04
SEND 1554057571 TRANSACTION 81 20767 837f21cf67832a76eae8b4924ef4ca04
SEND 1554057571 TRANSACTION 81 21696 837f21cf67832a76eae8b4924ef4ca04
RECIEVED 1554057571 TRANSACTION 80 86 354
UPDATE 1554057571 TRANSACTION 7a4002b83ecea106005dab6cc7a5a354
SEND 1554057571 TRANSACTION 80 15489 7a4002b83ecea106005dab6cc7a5a354
SEND 1554057571 TRANSACTION 80 21747 7a4002b83ecea106005dab6cc7a5a354
SEND 1554057571 TRANSACTION 80 21421 7a4002b83ecea106005dab6cc7a5a354
RECIEVED 1554057572 TRANSACTION 81 86 355
UPDATE 1554057572 TRANSACTION d6a3e0d84a094308bd5ea60beccf00ba
SEND 1554057572 TRANSACTION 81 21025 d6a3e0d84a094308bd5ea60beccf00ba
RECIEVED 1554057572 TRANSACTION 81 86 356
RECIEVED 1554057572 TRANSACTION 81 86 356
RECIEVED 1554057572 TRANSACTION 81 86 356
UPDATE 1554057572 TRANSACTION c00499c4987c2a6e6bb1f8f0a5923386
RECIEVED 1554057572 TRANSACTION 81 86 357
RECIEVED 1554057572 TRANSACTION 80 86 357
UPDATE 1554057572 TRANSACTION 61c09bc894c5a5ac92fac08247ae801b
SEND 1554057572 TRANSACTION 80 18514 61c09bc894c5a5ac92fac08247ae801b
RECIEVED 1554057572 TRANSACTION 80 86 358
RECIEVED 1554057572 TRANSACTION 80 86 358
RECIEVED 1554057572 TRANSACTION 81 86 358
UPDATE 1554057572 TRANSACTION 9af81a2e143736b619d85487d4178f3f
SEND 1554057572 TRANSACTION 81 15416 9af81a2e143736b619d85487d4178f3f
SEND 1554057572 TRANSACTION 81 34366 9af81a2e143736b619d85487d4178f3f
RECIEVED 1554057572 TRANSACTION 81 86 359
RECIEVED 1554057572 TRANSACTION 80 86 359
UPDATE 1554057572 TRANSACTION 56593f6a35e03237b8df901a09401756
SEND 1554057572 TRANSACTION 80 29353 56593f6a35e03237b8df901a09401756
RECIEVED 1554057572 TRANSACTION 80 86 360
RECIEVED 1554057572 TRANSACTION 80 86 360
UPDATE 1554057572 TRANSACTION 265553915dd413534135bdef588daa2b
SEND 1554057572 TRANSACTION 80 20476 265553915dd413534135bdef588daa2b
SEND 1554057572 TRANSACTION 80 21730 265553915dd413534135bdef588daa2b
RECIEVED 1554057572 TRANSACTION 80 86 361
RECIEVED 1554057573 TRANSACTION 81 86 361
UPDATE 1554057573 TRANSACTION 0e1df14a46d69ca4084b9cec0ec13777
RECIEVED 1554057573 TRANSACTION 81 86 362
UPDATE 1554057573 TRANSACTION f669a180b7ff2c58948dd40049486fd2
SEND 1554057573 TRANSACTION 81 16371 f669a180b7ff2c58948dd40049486fd2
SEND 1554057573 TRANSACTION 81 20455 f669a180b7ff2c58948dd40049486fd2
RECIEVED 1554057573 TRANSACTION 81 86 363
RECIEVED 1554057573 TRANSACTION 81 86 363
UPDATE 1554057573 TRANSACTION 688f65d4f445c17a79f5a4a3011bf369
SEND 1554057573 TRANSACTION 81 18049 688f65d4f445c17a79f5a4a3011bf369
SEND 1554057573 TRANSACTION 81 15676 688f65d4f445c17a79f5a4a3011bf369
RECIEVED 1554057573 TRANSACTION 81 86 364
UPDATE 1554057573 TRANSACTION 8453759aa0731b1cde2f5a7535961974
SEND 1554057573 TRANSACTION 81 26874 8453759aa0731b1cde2f5a7535961974
RECIEVED 1554057573 TRANSACTION 81 86 365
UPDATE 1554057573 TRANSACTION 70b11e7a1085d46e224c05fc39fe26d9
SEND 1554057573 TRANSACTION 81 15574 70b11e7a1085d46e224c05fc39fe26d9
SEND 1554057573 TRANSACTION 81 24396 70b11e7a1085d46e224c05fc39fe26d9
RECIEVED 1554057573 TRANSACTION 81 86 366
RECIEVED 1554057573 TRANSACTION 81 86 366
UPDATE 1554057573 TRANSACTION 9cd2930315872ef710b9555dc9ad15ac
SEND 1554057573 TRANSACTION 81 15590 9cd2930315872ef710b9555dc9ad15ac
RECIEVED 1554057573 TRANSACTION 81 86 367
RECIEVED 1554057574 TRANSACTION 80 86 367
UPDATE 1554057574 TRANSACTION 7c33f22ce6c1179773d7016b52db90ca
SEND 1554057574 TRANSACTION 80 21391 7c33f22ce6c1179773d7016b52db90ca
RECIEVED 1554057574 TRANSACTION 80 86 368
RECIEVED 1554057574 TRANSACTION 81 86 368
UPDATE 1554057574 TRANSACTION d75c944ec221bd4cb7ccc68965e085e9
SEND 1554057574 TRANSACTION 81 13708 d75c944ec221bd4cb7ccc68965e085e9
SEND 1554057574 TRANSACTION 81 24087 d75c944ec221bd4cb7ccc68965e085e9
RECIEVED 1554057574 TRANSACTION 81 86 369
UPDATE 1554057574 TRANSACTION be46c517a2280f0d560c5b8106381dfc
SEND 1554057574 TRANSACTION 81 17781 be46c517a2280f0d560c5b8106381dfc
RECIEVED 1554057574 TRANSACTION 81 86 370
UPDATE 1554057574 TRANSACTION 034c6e7fd6fdbd88dd741e83232b04e6
SEND 1554057574 TRANSACTION 81 24800 034c6e7fd6fdbd88dd741e83232b04e6
SEND 1554057574 TRANSACTION 81 45870 034c6e7fd6fdbd88dd741e83232b04e6
SEND 1554057574 TRANSACTION 81 14688 034c6e7fd6fdbd88dd741e83232b04e6
RECIEVED 1554057574 TRANSACTION 81 86 371
UPDATE 1554057574 TRANSACTION d836616d6cbfce4abdc69ce462350a1c
SEND 1554057574 TRANSACTION 81 58594 d836616d6cbfce4abdc69ce462350a1c
RECIEVED 1554057574 TRANSACTION 81 86 372
UPDATE 1554057574 TRANSACTION 8a231f422afebab09b8d892adca71f8a
SEND 1554057574 TRANSACTION 81 27834 8a231f422afebab09b8d892adca71f8a
RECIEVED 1554057574 TRANSACTION 81 86 373
RECIEVED 1554057574 TRANSACTION 80 86 373
UPDATE 1554057574 TRANSACTION 287584244a21296975beb8cfa749d149
SEND 1554057574 TRANSACTION 80 15238 287584244a21296975beb8cfa749d149
RECIEVED 1554057574 TRANSACTION 80 86 374
RECIEVED 1554057574 TRANSACTION 80 86 374
UPDATE 1554057574 TRANSACTION 6f81df1c8a254a0713a80580b2349253
SEND 1554057574 TRANSACTION 80 20433 6f81df1c8a254a0713a80580b2349253
RECIEVED 1554057574 TRANSACTION 80 86 375
RECIEVED 1554057574 TRANSACTION 81 86 375
UPDATE 1554057574 TRANSACTION f3270fd234074880a4a1d37a15ace4f4
SEND 1554057574 TRANSACTION 81 16874 f3270fd234074880a4a1d37a15ace4f4
RECIEVED 1554057574 TRANSACTION 81 86 376
UPDATE 1554057574 TRANSACTION 000bee8451af7006312d4f157a88ccdb
SEND 1554057574 TRANSACTION 81 14568 000bee8451af7006312d4f157a88ccdb
RECIEVED 1554057575 TRANSACTION 81 86 377
UPDATE 1554057575 TRANSACTION 2704753208778133411a00afd4b3b8ae
SEND 1554057575 TRANSACTION 81 21734 2704753208778133411a00afd4b3b8ae
SEND 1554057575 TRANSACTION 81 22488 2704753208778133411a00afd4b3b8ae
RECIEVED 1554057575 TRANSACTION 81 86 378
UPDATE 1554057575 TRANSACTION c3a051a2d0860b451b7770807d1706ca
RECIEVED 1554057575 TRANSACTION 81 86 379
RECIEVED 1554057575 HB 3 86 379
RECIEVED 1554057576 TRANSACTION 80 86 379
UPDATE 1554057576 TRANSACTION 3b129223d14fce5aae838fb98474f818
SEND 1554057576 TRANSACTION 80 23069 3b129223d14fce5aae838fb98474f818
SEND 1554057576 TRANSACTION 80 23238 3b129223d14fce5aae838fb98474f818
SEND 1554057576 TRANSACTION 80 21271 3b129223d14fce5aae838fb98474f818
RECIEVED 1554057576 TRANSACTION 81 86 380
UPDATE 1554057576 TRANSACTION 5481f8ff0da4292e1846fd73235fbba8
RECIEVED 1554057576 TRANSACTION 81 86 381
UPDATE 1554057576 TRANSACTION 6e11873e28bab01744eeb7eae2eee010
SEND 1554057576 TRANSACTION 81 27384 6e11873e28bab01744eeb7eae2eee010
RECIEVED 1554057576 TRANSACTION 81 86 382
RECIEVED 1554057576 TRANSACTION 81 86 382
UPDATE 1554057576 TRANSACTION 3d74b4867ad7beaea8bfaee42e276450
SEND 1554057576 TRANSACTION 81 16465 3d74b4867ad7beaea8bfaee42e276450
SEND 1554057576 TRANSACTION 81 21675 3d74b4867ad7beaea8bfaee42e276450
SEND 1554057576 TRANSACTION 81 20790 3d74b4867ad7beaea8bfaee42e276450
RECIEVED 1554057576 TRANSACTION 81 86 383
RECIEVED 1554057576 TRANSACTION 79 86 383
UPDATE 1554057576 TRANSACTION 2ab04a980758c44938c1d6b59ffbd075
SEND 1554057576 TRANSACTION 79 22708 2ab04a980758c44938c1d6b59ffbd075
SEND 1554057576 TRANSACTION 79 21569 2ab04a980758c44938c1d6b59ffbd075
RECIEVED 1554057577 TRANSACTION 81 86 384
UPDATE 1554057577 TRANSACTION bdad56427c58c48f571b0d623cd77bc7
SEND 1554057577 TRANSACTION 81 22660 bdad56427c58c48f571b0d623cd77bc7
RECIEVED 1554057577 TRANSACTION 81 86 385
RECIEVED 1554057577 TRANSACTION 81 86 385
UPDATE 1554057577 TRANSACTION 43056dd58cf124f73cfb44973e42146b
SEND 1554057577 TRANSACTION 81 33934 43056dd58cf124f73cfb44973e42146b
SEND 1554057577 TRANSACTION 81 20063 43056dd58cf124f73cfb44973e42146b
RECIEVED 1554057577 TRANSACTION 81 86 386
UPDATE 1554057577 TRANSACTION 41102a2bcc8c998bcf83749b910754f9
SEND 1554057577 TRANSACTION 81 17459 41102a2bcc8c998bcf83749b910754f9
RECIEVED 1554057577 TRANSACTION 81 86 387
RECIEVED 1554057577 TRANSACTION 81 86 387
RECIEVED 1554057577 TRANSACTION 80 86 387
UPDATE 1554057577 TRANSACTION 82d946f8abcd28ea06093bb3bf94d933
SEND 1554057577 TRANSACTION 80 16967 82d946f8abcd28ea06093bb3bf94d933
RECIEVED 1554057577 TRANSACTION 79 86 388
UPDATE 1554057577 TRANSACTION 31020071ad1a09e4fddb926c03a6ef39
SEND 1554057577 TRANSACTION 79 21779 31020071ad1a09e4fddb926c03a6ef39
RECIEVED 1554057577 TRANSACTION 81 86 389
UPDATE 1554057577 TRANSACTION d1c186d463ca2c6daa72fd6c378d1579
SEND 1554057577 TRANSACTION 81 23337 d1c186d463ca2c6daa72fd6c378d1579
RECIEVED 1554057577 TRANSACTION 81 86 390
RECIEVED 1554057577 TRANSACTION 81 86 390
UPDATE 1554057577 TRANSACTION eca4945c95d245e0b5d989804cfbea9c
RECIEVED 1554057577 TRANSACTION 80 86 391
UPDATE 1554057577 TRANSACTION 103d8d46f94d5bb130a6952b730777fb
SEND 1554057577 TRANSACTION 80 28702 103d8d46f94d5bb130a6952b730777fb
SEND 1554057577 TRANSACTION 80 22648 103d8d46f94d5bb130a6952b730777fb
RECIEVED 1554057577 TRANSACTION 80 86 392
RECIEVED 1554057578 TRANSACTION 79 86 392
UPDATE 1554057578 TRANSACTION ac55c0aff21b5861a0a8ccadee7a03c8
RECIEVED 1554057578 TRANSACTION 79 86 393
RECIEVED 1554057578 TRANSACTION 81 86 393
UPDATE 1554057578 TRANSACTION 8ae8fd8c305d18c6b6e1c65f78b7f296
SEND 1554057578 TRANSACTION 81 22005 8ae8fd8c305d18c6b6e1c65f78b7f296
RECIEVED 1554057578 TRANSACTION 81 86 394
UPDATE 1554057578 TRANSACTION 468b55e12ae98197a52cb11ef6403914
SEND 1554057578 TRANSACTION 81 16279 468b55e12ae98197a52cb11ef6403914
RECIEVED 1554057578 TRANSACTION 79 86 395
UPDATE 1554057578 TRANSACTION d6f99b13978907b8a2174d27054b4748
RECIEVED 1554057578 TRANSACTION 79 86 396
RECIEVED 1554057578 TRANSACTION 79 86 396
RECIEVED 1554057579 TRANSACTION 81 86 396
UPDATE 1554057579 TRANSACTION 53064895891aea1c8a499befa3729bb4
SEND 1554057579 TRANSACTION 81 18400 53064895891aea1c8a499befa3729bb4
RECIEVED 1554057579 TRANSACTION 81 86 397
UPDATE 1554057579 TRANSACTION 979dcb151565c3af63180c6828a2542b
SEND 1554057579 TRANSACTION 81 21004 979dcb151565c3af63180c6828a2542b
SEND 1554057579 TRANSACTION 81 26391 979dcb151565c3af63180c6828a2542b
RECIEVED 1554057579 TRANSACTION 81 86 398
UPDATE 1554057579 TRANSACTION 2b423693219c40764ab0543928ddd8c7
SEND 1554057579 TRANSACTION 81 29411 2b423693219c40764ab0543928ddd8c7
SEND 1554057579 TRANSACTION 81 21445 2b423693219c40764ab0543928ddd8c7
SEND 1554057579 TRANSACTION 81 50780 2b423693219c40764ab0543928ddd8c7
RECIEVED 1554057579 TRANSACTION 81 86 399
RECIEVED 1554057580 TRANSACTION 80 86 399
UPDATE 1554057580 TRANSACTION 9c11a3dbd0ae391c23f40dab908d2176
RECIEVED 1554057580 TRANSACTION 81 86 400
UPDATE 1554057580 TRANSACTION 3496e2f4bba3590056d88442388c3788
SEND 1554057580 TRANSACTION 81 20728 3496e2f4bba3590056d88442388c3788
SEND 1554057580 TRANSACTION 81 22838 3496e2f4bba3590056d88442388c3788
SEND 1554057580 TRANSACTION 81 16522 3496e2f4bba3590056d88442388c3788
RECIEVED 1554057580 TRANSACTION 81 86 401
RECIEVED 1554057581 TRANSACTION 80 86 401
UPDATE 1554057581 TRANSACTION 8a1d6844856499146f4333dbe358b71e
SEND 1554057581 TRANSACTION 80 21388 8a1d6844856499146f4333dbe358b71e
RECIEVED 1554057581 TRANSACTION 80 86 402
RECIEVED 1554057581 TRANSACTION 80 86 402
RECIEVED 1554057581 TRANSACTION 81 86 402
UPDATE 1554057581 TRANSACTION 715ead72f7e3ca8985d30af45661be5e
RECIEVED 1554057581 TRANSACTION 81 86 403
RECIEVED 1554057581 TRANSACTION 81 86 403
UPDATE 1554057581 TRANSACTION c98ab91b020e0c80d980f355bf3ccaac
SEND 1554057581 TRANSACTION 81 12994 c98ab91b020e0c80d980f355bf3ccaac
RECIEVED 1554057581 TRANSACTION 81 86 404
RECIEVED 1554057581 TRANSACTION 81 86 404
RECIEVED 1554057592 HB 3 86 404
RECIEVED 1554057592 TRANSACTION 81 86 404
UPDATE 1554057592 TRANSACTION 875dc23395978801355fc3d333a896f2
SEND 1554057592 TRANSACTION 81 50665 875dc23395978801355fc3d333a896f2
RECIEVED 1554057592 TRANSACTION 81 86 405
UPDATE 1554057592 TRANSACTION 5327fae743352ca364bb2c68114e820a
SEND 1554057592 TRANSACTION 81 17400 5327fae743352ca364bb2c68114e820a
SEND 1554057592 TRANSACTION 81 23338 5327fae743352ca364bb2c68114e820a
SEND 1554057592 TRANSACTION 81 29007 5327fae743352ca364bb2c68114e820a
RECIEVED 1554057592 TRANSACTION 81 86 406
UPDATE 1554057592 TRANSACTION 31a473b774daaad956748ff47328a551
SEND 1554057592 TRANSACTION 81 18711 31a473b774daaad956748ff47328a551
SEND 1554057592 TRANSACTION 81 23755 31a473b774daaad956748ff47328a551
RECIEVED 1554057592 TRANSACTION 79 86 407
UPDATE 1554057592 TRANSACTION 4c8ec6172082ea3ca5ab3e300c15b35d
SEND 1554057592 TRANSACTION 79 15611 4c8ec6172082ea3ca5ab3e300c15b35d
SEND 1554057592 TRANSACTION 79 26769 4c8ec6172082ea3ca5ab3e300c15b35d
SEND 1554057592 TRANSACTION 79 16425 4c8ec6172082ea3ca5ab3e300c15b35d
SEND 1554057592 TRANSACTION 79 28474 4c8ec6172082ea3ca5ab3e300c15b35d
RECIEVED 1554057592 TRANSACTION 79 86 408
RECIEVED 1554057592 TRANSACTION 81 86 408
UPDATE 1554057592 TRANSACTION 6ea268b64833e35369cbcba794eb754d
RECIEVED 1554057592 TRANSACTION 81 86 409
RECIEVED 1554057597 INTRODUCE 36 86 409
RECIEVED 1554057597 INTRODUCE 36 87 409
RECIEVED 1554057597 INTRODUCE 36 88 409
RECIEVED 1554057597 INTRODUCE 36 88 409
RECIEVED 1554057603 HB 3 89 409
RECIEVED 1554057611 INTRODUCE 36 89 409
RECIEVED 1554057611 TRANSACTION 80 89 409
UPDATE 1554057611 TRANSACTION 8074df5b1b524a9e82322ade8678670f
SEND 1554057611 TRANSACTION 80 41301 8074df5b1b524a9e82322ade8678670f
SEND 1554057611 TRANSACTION 80 19350 8074df5b1b524a9e82322ade8678670f
RECIEVED 1554057611 TRANSACTION 80 89 410
RECIEVED 1554057611 TRANSACTION 80 89 410
RECIEVED 1554057613 HB 3 89 410
# Failed listening 
%!(EXTRA string=node8)# ERROR: EOF
RECIEVED 1554057623 HB 3 89 410
# Failed listening 
%!(EXTRA string=node14)# ERROR: EOF
