RECIEVED 1553584994 INTRODUCE 36 0 0
SEND 1553584994 JOIN 30 24407
RECIEVED 1553584994 INTRODUCE 36 1 0
SEND 1553584994 INTRODUCE 36 27088
SEND 1553584994 JOIN 30 44080
RECIEVED 1553584994 INTRODUCE 36 2 0
SEND 1553584994 INTRODUCE 36 23192
SEND 1553584994 INTRODUCE 36 24321
SEND 1553584994 JOIN 30 22564
RECIEVED 1553584994 INTRODUCE 35 3 0
SEND 1553584994 INTRODUCE 35 20521
SEND 1553584994 INTRODUCE 35 21331
SEND 1553584994 INTRODUCE 35 34389
SEND 1553584994 JOIN 30 40243
RECIEVED 1553584994 INTRODUCE 36 4 0
SEND 1553584994 INTRODUCE 36 33287
SEND 1553584994 INTRODUCE 36 34592
SEND 1553584994 INTRODUCE 36 11091
SEND 1553584994 INTRODUCE 36 16083
SEND 1553584994 JOIN 30 18107
RECIEVED 1553584994 INTRODUCE 36 5 0
SEND 1553584994 INTRODUCE 36 24418
SEND 1553584994 INTRODUCE 36 21424
SEND 1553584994 INTRODUCE 36 14161
SEND 1553584994 INTRODUCE 36 21825
SEND 1553584994 INTRODUCE 36 49579
SEND 1553584994 JOIN 30 40205
RECIEVED 1553584994 INTRODUCE 35 6 0
SEND 1553584994 INTRODUCE 35 15229
SEND 1553584994 INTRODUCE 35 40181
SEND 1553584994 INTRODUCE 35 36523
SEND 1553584994 INTRODUCE 35 21830
SEND 1553584994 INTRODUCE 35 38015
SEND 1553584994 INTRODUCE 35 15465
SEND 1553584994 JOIN 30 13058
RECIEVED 1553584994 INTRODUCE 35 7 0
SEND 1553584994 INTRODUCE 35 15733
SEND 1553584994 INTRODUCE 35 16896
# recieved string JOIN node3 172.22.156.208 8003

SEND 1553584994 INTRODUCE 35 15292
SEND 1553584994 INTRODUCE 35 13027
SEND 1553584994 INTRODUCE 35 30000
SEND 1553584994 INTRODUCE 35 29253
SEND 1553584994 INTRODUCE 35 28977
SEND 1553584994 JOIN 30 14768
RECIEVED 1553584994 INTRODUCE 36 8 0
RECIEVED 1553584994 INTRODUCE 36 8 0
SEND 1553584994 INTRODUCE 36 13260
SEND 1553584994 INTRODUCE 36 29274
SEND 1553584994 INTRODUCE 36 28756
SEND 1553584994 INTRODUCE 36 12435
SEND 1553584994 INTRODUCE 36 16601
SEND 1553584994 INTRODUCE 36 30034
SEND 1553584994 INTRODUCE 36 33823
# recieved string JOIN node4 172.22.156.208 8004

SEND 1553584994 INTRODUCE 36 31109
# recieved string JOIN node2 172.22.156.208 8002

SEND 1553584994 JOIN 30 31380
RECIEVED 1553584994 INTRODUCE 36 9 0
RECIEVED 1553584994 INTRODUCE 35 9 0
SEND 1553584994 INTRODUCE 35 14744
SEND 1553584994 INTRODUCE 35 41356
SEND 1553584994 INTRODUCE 35 16460
SEND 1553584994 INTRODUCE 35 17092
SEND 1553584994 INTRODUCE 35 55680
SEND 1553584994 INTRODUCE 35 41981
SEND 1553584994 INTRODUCE 35 54321
SEND 1553584994 INTRODUCE 35 30356
SEND 1553584994 INTRODUCE 35 21146
SEND 1553584994 JOIN 30 16004
RECIEVED 1553584994 INTRODUCE 36 10 0
RECIEVED 1553584994 INTRODUCE 36 10 0
SEND 1553584994 INTRODUCE 36 31485
SEND 1553584994 INTRODUCE 36 62461
SEND 1553584994 INTRODUCE 36 29462
SEND 1553584994 INTRODUCE 36 20639
SEND 1553584994 INTRODUCE 36 23009
SEND 1553584994 INTRODUCE 36 22329
SEND 1553584994 INTRODUCE 36 18537
SEND 1553584994 INTRODUCE 36 17883
SEND 1553584994 INTRODUCE 36 21144
SEND 1553584994 INTRODUCE 36 16258
SEND 1553584994 JOIN 30 17018
RECIEVED 1553584994 INTRODUCE 36 11 0
SEND 1553584994 INTRODUCE 36 13282
SEND 1553584994 INTRODUCE 36 39136
SEND 1553584994 INTRODUCE 36 18402
SEND 1553584994 INTRODUCE 36 15389
SEND 1553584994 INTRODUCE 36 34421
SEND 1553584994 INTRODUCE 36 16760
SEND 1553584994 INTRODUCE 36 20748
SEND 1553584994 INTRODUCE 36 21180
SEND 1553584994 INTRODUCE 36 38412
SEND 1553584994 INTRODUCE 36 48618
# recieved string JOIN node6 172.22.156.208 8006

SEND 1553584994 INTRODUCE 36 37297
SEND 1553584994 JOIN 30 22188
RECIEVED 1553584994 INTRODUCE 35 12 0
RECIEVED 1553584994 INTRODUCE 35 12 0
RECIEVED 1553584994 INTRODUCE 36 12 0
RECIEVED 1553584994 INTRODUCE 36 12 0
RECIEVED 1553584994 INTRODUCE 36 12 0
SEND 1553584994 INTRODUCE 36 16431
SEND 1553584994 INTRODUCE 36 15079
# recieved string JOIN node5 172.22.94.217 8005

SEND 1553584994 INTRODUCE 36 25191
SEND 1553584994 INTRODUCE 36 27447
SEND 1553584994 INTRODUCE 36 12696
SEND 1553584994 INTRODUCE 36 47054
SEND 1553584994 INTRODUCE 36 12466
# recieved string JOIN node4 172.22.94.217 8004

SEND 1553584994 INTRODUCE 36 20178
SEND 1553584994 INTRODUCE 36 22192
SEND 1553584994 INTRODUCE 36 21150
SEND 1553584994 INTRODUCE 36 20028
SEND 1553584994 INTRODUCE 36 21218
# recieved string JOIN node8 172.22.156.208 8008

SEND 1553584994 JOIN 30 23388
RECIEVED 1553584994 INTRODUCE 36 13 0
SEND 1553584994 INTRODUCE 36 28403
SEND 1553584994 INTRODUCE 36 46436
SEND 1553584994 INTRODUCE 36 11744
SEND 1553584994 INTRODUCE 36 25457
SEND 1553584994 INTRODUCE 36 11741
SEND 1553584994 INTRODUCE 36 16180
# recieved string JOIN node12 172.22.156.208 8012

SEND 1553584994 INTRODUCE 36 13393
SEND 1553584994 INTRODUCE 36 16719
# recieved string JOIN node2 172.22.94.217 8002

SEND 1553584994 INTRODUCE 36 513978
SEND 1553584994 INTRODUCE 36 16460
SEND 1553584994 INTRODUCE 36 15515
SEND 1553584994 INTRODUCE 36 23221
SEND 1553584994 INTRODUCE 36 15526
SEND 1553584994 JOIN 30 28240
RECIEVED 1553584994 INTRODUCE 36 14 0
RECIEVED 1553584994 INTRODUCE 36 14 0
RECIEVED 1553584994 INTRODUCE 35 14 0
RECIEVED 1553584994 INTRODUCE 36 14 0
RECIEVED 1553584994 INTRODUCE 35 14 0
RECIEVED 1553584994 INTRODUCE 36 14 0
RECIEVED 1553584994 INTRODUCE 36 14 0
RECIEVED 1553584994 INTRODUCE 35 14 0
RECIEVED 1553584994 INTRODUCE 36 14 0
RECIEVED 1553584994 INTRODUCE 35 14 0
RECIEVED 1553584994 INTRODUCE 36 14 0
RECIEVED 1553584994 JOIN 31 14 0
RECIEVED 1553584994 INTRODUCE 36 14 0
RECIEVED 1553584994 INTRODUCE 35 14 0
SEND 1553584994 INTRODUCE 35 18650
SEND 1553584994 INTRODUCE 35 41722
SEND 1553584994 INTRODUCE 35 14225
SEND 1553584994 INTRODUCE 35 14382
SEND 1553584994 INTRODUCE 35 27235
SEND 1553584994 INTRODUCE 35 15864
SEND 1553584994 INTRODUCE 35 32070
SEND 1553584994 INTRODUCE 35 26100
SEND 1553584994 INTRODUCE 35 22352
SEND 1553584994 INTRODUCE 35 15968
SEND 1553584994 INTRODUCE 35 29914
SEND 1553584994 INTRODUCE 35 18773
SEND 1553584994 INTRODUCE 35 13868
SEND 1553584994 INTRODUCE 35 27362
SEND 1553584994 JOIN 30 43732
RECIEVED 1553584994 INTRODUCE 36 15 0
RECIEVED 1553584994 INTRODUCE 36 15 0
RECIEVED 1553584994 INTRODUCE 35 15 0
RECIEVED 1553584994 INTRODUCE 36 15 0
RECIEVED 1553584994 INTRODUCE 35 15 0
SEND 1553584994 INTRODUCE 35 16591
# recieved string JOIN node0 172.22.94.217 8000

SEND 1553584994 INTRODUCE 35 16219
SEND 1553584994 INTRODUCE 35 16300
SEND 1553584994 INTRODUCE 35 16020
SEND 1553584994 INTRODUCE 35 20207
SEND 1553584994 INTRODUCE 35 15298
# recieved string JOIN node6 172.22.94.217 8006

SEND 1553584994 INTRODUCE 35 11422
SEND 1553584994 INTRODUCE 35 13874
SEND 1553584994 INTRODUCE 35 27980
SEND 1553584994 INTRODUCE 35 28870
SEND 1553584994 INTRODUCE 35 32456
SEND 1553584994 INTRODUCE 35 44914
# recieved string JOIN node8 172.22.94.217 8008

SEND 1553584994 INTRODUCE 35 14530
SEND 1553584994 INTRODUCE 35 14183
SEND 1553584994 INTRODUCE 35 12022
SEND 1553584994 JOIN 30 14652
RECIEVED 1553584994 INTRODUCE 35 16 0
SEND 1553584994 INTRODUCE 35 22857
SEND 1553584994 INTRODUCE 35 20935
SEND 1553584994 INTRODUCE 35 26612
SEND 1553584994 INTRODUCE 35 13196
SEND 1553584994 INTRODUCE 35 22287
SEND 1553584994 INTRODUCE 35 21297
SEND 1553584994 INTRODUCE 35 28468
SEND 1553584994 INTRODUCE 35 15486
SEND 1553584994 INTRODUCE 35 21770
SEND 1553584994 INTRODUCE 35 25936
SEND 1553584994 INTRODUCE 35 17235
SEND 1553584994 INTRODUCE 35 10834
SEND 1553584994 INTRODUCE 35 33564
SEND 1553584994 INTRODUCE 35 20736
SEND 1553584994 INTRODUCE 35 21181
SEND 1553584994 INTRODUCE 35 15452
SEND 1553584994 JOIN 30 14635
RECIEVED 1553584994 INTRODUCE 36 17 0
RECIEVED 1553584994 JOIN 31 17 0
RECIEVED 1553584994 INTRODUCE 35 17 0
RECIEVED 1553584994 JOIN 31 17 0
RECIEVED 1553584994 INTRODUCE 36 17 0
RECIEVED 1553584994 INTRODUCE 35 17 0
RECIEVED 1553584994 INTRODUCE 35 17 0
RECIEVED 1553584994 INTRODUCE 35 17 0
RECIEVED 1553584994 INTRODUCE 35 17 0
RECIEVED 1553584994 INTRODUCE 35 17 0
RECIEVED 1553584994 INTRODUCE 36 17 0
RECIEVED 1553584994 INTRODUCE 36 17 0
RECIEVED 1553584994 INTRODUCE 35 17 0
RECIEVED 1553584994 INTRODUCE 35 17 0
SEND 1553584994 INTRODUCE 35 27202
SEND 1553584994 INTRODUCE 35 14216
SEND 1553584994 INTRODUCE 35 14242
SEND 1553584994 INTRODUCE 35 21280
SEND 1553584994 INTRODUCE 35 14749
SEND 1553584994 INTRODUCE 35 13490
SEND 1553584994 INTRODUCE 35 14656
SEND 1553584994 INTRODUCE 35 37061
SEND 1553584994 INTRODUCE 35 21436
SEND 1553584994 INTRODUCE 35 56944
SEND 1553584994 INTRODUCE 35 23432
SEND 1553584994 INTRODUCE 35 20697
SEND 1553584994 INTRODUCE 35 15594
SEND 1553584994 INTRODUCE 35 60158
SEND 1553584994 INTRODUCE 35 17099
SEND 1553584994 INTRODUCE 35 24413
SEND 1553584994 INTRODUCE 35 22669
SEND 1553584994 JOIN 30 16289
RECIEVED 1553584994 INTRODUCE 36 18 0
RECIEVED 1553584994 INTRODUCE 36 18 0
RECIEVED 1553584994 INTRODUCE 36 18 0
RECIEVED 1553584994 INTRODUCE 36 18 0
RECIEVED 1553584994 INTRODUCE 36 18 0
RECIEVED 1553584994 INTRODUCE 36 18 0
RECIEVED 1553584994 INTRODUCE 36 18 0
RECIEVED 1553584994 INTRODUCE 36 18 0
RECIEVED 1553584994 INTRODUCE 36 18 0
RECIEVED 1553584994 INTRODUCE 36 18 0
RECIEVED 1553584994 INTRODUCE 36 18 0
RECIEVED 1553584994 INTRODUCE 36 18 0
RECIEVED 1553584994 INTRODUCE 36 18 0
RECIEVED 1553584994 INTRODUCE 35 18 0
RECIEVED 1553584994 INTRODUCE 36 18 0
RECIEVED 1553584994 INTRODUCE 35 18 0
RECIEVED 1553584994 INTRODUCE 35 18 0
RECIEVED 1553584994 INTRODUCE 36 18 0
RECIEVED 1553584994 INTRODUCE 35 18 0
RECIEVED 1553584994 INTRODUCE 36 18 0
RECIEVED 1553584994 JOIN 31 18 0
RECIEVED 1553584994 INTRODUCE 36 18 0
RECIEVED 1553584994 JOIN 30 18 0
RECIEVED 1553584994 INTRODUCE 36 18 0
SEND 1553584994 INTRODUCE 36 59383
SEND 1553584994 INTRODUCE 36 21844
SEND 1553584994 INTRODUCE 36 20589
SEND 1553584994 INTRODUCE 36 17816
SEND 1553584994 INTRODUCE 36 14981
SEND 1553584994 INTRODUCE 36 15880
SEND 1553584994 INTRODUCE 36 20545
SEND 1553584994 INTRODUCE 36 40793
SEND 1553584994 INTRODUCE 36 30776
SEND 1553584994 INTRODUCE 36 18523
SEND 1553584994 INTRODUCE 36 15461
SEND 1553584994 INTRODUCE 36 22263
SEND 1553584994 INTRODUCE 36 21261
SEND 1553584994 INTRODUCE 36 19179
SEND 1553584994 INTRODUCE 36 21545
SEND 1553584994 INTRODUCE 36 52904
SEND 1553584994 INTRODUCE 36 30048
SEND 1553584994 INTRODUCE 36 21005
SEND 1553584994 JOIN 30 14829
RECIEVED 1553584994 JOIN 30 19 0
RECIEVED 1553584994 JOIN 31 19 0
RECIEVED 1553584994 JOIN 32 19 0
SEND 1553584994 INTRODUCE 35 21906
# recieved string JOIN node12 172.22.94.217 8012

SEND 1553584994 INTRODUCE 35 15467
SEND 1553584994 INTRODUCE 36 16360
SEND 1553584994 INTRODUCE 36 21485
SEND 1553584994 INTRODUCE 35 26255
SEND 1553584994 INTRODUCE 35 22987
SEND 1553584994 INTRODUCE 35 20535
SEND 1553584994 INTRODUCE 35 16051
SEND 1553584994 INTRODUCE 36 28588
SEND 1553584994 INTRODUCE 36 21842
SEND 1553584994 INTRODUCE 36 25304
SEND 1553584994 INTRODUCE 36 28251
SEND 1553584994 INTRODUCE 36 26355
SEND 1553584994 INTRODUCE 36 22339
SEND 1553584994 INTRODUCE 35 22219
SEND 1553584994 INTRODUCE 35 44970
SEND 1553584994 INTRODUCE 36 15864
SEND 1553584994 INTRODUCE 36 16089
# recieved string JOIN node10 172.22.94.217 8010

SEND 1553584994 INTRODUCE 36 21037
RECIEVED 1553584994 JOIN 30 20 0
RECIEVED 1553584994 INTRODUCE 36 20 0
RECIEVED 1553584994 INTRODUCE 36 20 0
RECIEVED 1553584994 INTRODUCE 36 20 0
RECIEVED 1553584994 INTRODUCE 36 20 0
RECIEVED 1553584994 INTRODUCE 35 20 0
RECIEVED 1553584994 INTRODUCE 36 20 0
RECIEVED 1553584994 INTRODUCE 37 20 0
SEND 1553584994 INTRODUCE 37 20426
SEND 1553584994 INTRODUCE 37 16033
# recieved string JOIN node10 172.22.156.208 8010

SEND 1553584994 INTRODUCE 37 28309
SEND 1553584994 INTRODUCE 37 15705
SEND 1553584994 INTRODUCE 37 12894
SEND 1553584994 INTRODUCE 37 22270
SEND 1553584994 INTRODUCE 37 15487
SEND 1553584994 INTRODUCE 37 13635
SEND 1553584994 INTRODUCE 37 13380
SEND 1553584994 INTRODUCE 37 27275
SEND 1553584994 INTRODUCE 37 15737
SEND 1553584994 INTRODUCE 37 20956
SEND 1553584994 INTRODUCE 37 20295
SEND 1553584994 INTRODUCE 37 20508
SEND 1553584994 INTRODUCE 37 26529
SEND 1553584994 INTRODUCE 37 36293
SEND 1553584994 INTRODUCE 37 29579
SEND 1553584994 INTRODUCE 37 30680
SEND 1553584994 INTRODUCE 37 22407
SEND 1553584994 INTRODUCE 37 15161
SEND 1553584994 JOIN 30 17127
# recieved string JOIN node11 172.22.156.208 8011

RECIEVED 1553584994 JOIN 30 21 0
RECIEVED 1553584994 JOIN 30 21 0
RECIEVED 1553584994 JOIN 30 21 0
RECIEVED 1553584994 INTRODUCE 36 21 0
RECIEVED 1553584994 INTRODUCE 37 21 0
SEND 1553584994 INTRODUCE 37 35205
SEND 1553584994 INTRODUCE 37 20611
SEND 1553584994 INTRODUCE 37 23362
SEND 1553584994 INTRODUCE 37 14084
SEND 1553584994 INTRODUCE 37 24884
SEND 1553584994 INTRODUCE 37 22806
SEND 1553584994 INTRODUCE 37 21981
SEND 1553584994 INTRODUCE 37 16460
SEND 1553584994 INTRODUCE 37 14395
SEND 1553584994 INTRODUCE 37 14295
SEND 1553584994 INTRODUCE 37 10532
SEND 1553584994 INTRODUCE 37 13120
SEND 1553584994 INTRODUCE 37 15223
SEND 1553584994 INTRODUCE 37 27721
SEND 1553584994 INTRODUCE 37 26695
SEND 1553584994 INTRODUCE 37 30976
SEND 1553584994 INTRODUCE 37 21058
SEND 1553584994 INTRODUCE 37 16096
SEND 1553584994 INTRODUCE 37 15867
SEND 1553584994 INTRODUCE 37 21012
SEND 1553584994 INTRODUCE 37 16871
SEND 1553584994 JOIN 30 21102
RECIEVED 1553584994 INTRODUCE 37 22 0
RECIEVED 1553584994 JOIN 31 22 0
SEND 1553584994 INTRODUCE 36 14792
SEND 1553584994 INTRODUCE 36 10490
SEND 1553584994 INTRODUCE 36 10794
SEND 1553584994 INTRODUCE 36 10964
SEND 1553584994 INTRODUCE 36 11249
SEND 1553584994 INTRODUCE 37 10114
SEND 1553584994 INTRODUCE 37 16227
SEND 1553584994 INTRODUCE 37 11669
SEND 1553584994 INTRODUCE 36 17319
SEND 1553584994 INTRODUCE 36 12121
SEND 1553584994 INTRODUCE 36 9527
SEND 1553584994 INTRODUCE 35 10048
SEND 1553584994 INTRODUCE 35 26697
SEND 1553584994 INTRODUCE 36 10880
SEND 1553584994 INTRODUCE 36 13299
SEND 1553584994 INTRODUCE 36 9900
SEND 1553584994 INTRODUCE 35 9796
SEND 1553584994 INTRODUCE 35 10420
SEND 1553584994 INTRODUCE 35 11071
SEND 1553584994 INTRODUCE 35 9887
SEND 1553584994 INTRODUCE 35 15858
SEND 1553584994 INTRODUCE 35 10292
RECIEVED 1553584994 INTRODUCE 35 23 0
RECIEVED 1553584994 INTRODUCE 37 23 0
RECIEVED 1553584994 INTRODUCE 36 23 0
RECIEVED 1553584994 INTRODUCE 35 23 0
RECIEVED 1553584994 JOIN 31 23 0
RECIEVED 1553584994 JOIN 32 23 0
RECIEVED 1553584994 INTRODUCE 37 23 0
RECIEVED 1553584994 TRANSACTION 80 23 0
UPDATE 1553584994 TRANSACTION 889cc13d694a2dcb10ff22d5068c6217
SEND 1553584994 TRANSACTION 80 20462 889cc13d694a2dcb10ff22d5068c6217
SEND 1553584994 TRANSACTION 80 38487 889cc13d694a2dcb10ff22d5068c6217
SEND 1553584994 TRANSACTION 80 11412 889cc13d694a2dcb10ff22d5068c6217
SEND 1553584994 TRANSACTION 80 14746 889cc13d694a2dcb10ff22d5068c6217
SEND 1553584994 TRANSACTION 80 16521 889cc13d694a2dcb10ff22d5068c6217
SEND 1553584994 TRANSACTION 80 15677 889cc13d694a2dcb10ff22d5068c6217
RECIEVED 1553584994 INTRODUCE 35 23 1
RECIEVED 1553584994 JOIN 32 23 1
SEND 1553584994 INTRODUCE 35 18965
SEND 1553584994 INTRODUCE 35 14106
SEND 1553584994 INTRODUCE 35 34394
SEND 1553584994 INTRODUCE 35 15686
SEND 1553584994 INTRODUCE 37 15898
SEND 1553584994 INTRODUCE 37 21185
# recieved string JOIN node9 172.22.94.217 8009

SEND 1553584994 INTRODUCE 36 22324
SEND 1553584994 INTRODUCE 36 15858
SEND 1553584994 INTRODUCE 36 36032
SEND 1553584994 INTRODUCE 36 24265
SEND 1553584994 INTRODUCE 36 16811
SEND 1553584994 INTRODUCE 37 38937
SEND 1553584994 INTRODUCE 36 22697
SEND 1553584994 INTRODUCE 36 21565
SEND 1553584994 INTRODUCE 36 20914
SEND 1553584994 INTRODUCE 35 46752
SEND 1553584994 INTRODUCE 35 16620
SEND 1553584994 INTRODUCE 36 26267
SEND 1553584994 INTRODUCE 36 5793
SEND 1553584994 INTRODUCE 36 4734
SEND 1553584994 INTRODUCE 35 4575
SEND 1553584994 INTRODUCE 35 4812
SEND 1553584994 INTRODUCE 36 15517
RECIEVED 1553584994 INTRODUCE 36 24 1
RECIEVED 1553584994 TRANSACTION 80 24 1
RECIEVED 1553584994 INTRODUCE 37 24 1
RECIEVED 1553584994 INTRODUCE 36 24 1
RECIEVED 1553584994 INTRODUCE 36 24 1
RECIEVED 1553584994 INTRODUCE 36 24 1
RECIEVED 1553584994 TRANSACTION 80 24 1
RECIEVED 1553584994 INTRODUCE 37 24 1
RECIEVED 1553584994 INTRODUCE 35 24 1
RECIEVED 1553584994 INTRODUCE 36 24 1
RECIEVED 1553584994 JOIN 30 24 1
SEND 1553584994 INTRODUCE 35 13417
SEND 1553584994 INTRODUCE 35 12332
SEND 1553584994 INTRODUCE 35 19497
SEND 1553584994 INTRODUCE 35 14912
SEND 1553584994 INTRODUCE 37 31207
SEND 1553584994 INTRODUCE 37 12306
SEND 1553584994 INTRODUCE 37 17812
SEND 1553584994 INTRODUCE 36 12009
SEND 1553584994 INTRODUCE 36 21404
SEND 1553584994 INTRODUCE 36 11404
SEND 1553584994 INTRODUCE 36 10564
SEND 1553584994 INTRODUCE 36 11392
SEND 1553584994 INTRODUCE 37 10812
SEND 1553584994 INTRODUCE 36 11119
SEND 1553584994 INTRODUCE 36 10905
SEND 1553584994 INTRODUCE 36 16639
SEND 1553584994 INTRODUCE 35 11241
SEND 1553584994 INTRODUCE 35 10837
SEND 1553584994 INTRODUCE 36 10900
SEND 1553584994 INTRODUCE 36 11707
SEND 1553584994 INTRODUCE 36 10549
# recieved string JOIN node11 172.22.94.217 8011

SEND 1553584994 INTRODUCE 35 9322
SEND 1553584994 INTRODUCE 35 11914
SEND 1553584994 INTRODUCE 36 10782
RECIEVED 1553584994 INTRODUCE 36 25 1
SEND 1553584994 INTRODUCE 36 50195
SEND 1553584994 INTRODUCE 36 32480
SEND 1553584994 INTRODUCE 36 16167
SEND 1553584994 INTRODUCE 36 14852
SEND 1553584994 INTRODUCE 36 13695
SEND 1553584994 INTRODUCE 36 21555
SEND 1553584994 INTRODUCE 36 21202
SEND 1553584994 INTRODUCE 36 20342
SEND 1553584994 INTRODUCE 36 15928
SEND 1553584994 INTRODUCE 36 22223
SEND 1553584994 INTRODUCE 36 23591
SEND 1553584994 INTRODUCE 36 15927
SEND 1553584994 INTRODUCE 36 21591
SEND 1553584994 INTRODUCE 36 21450
SEND 1553584994 INTRODUCE 36 16304
SEND 1553584994 INTRODUCE 36 15295
SEND 1553584994 INTRODUCE 36 15139
SEND 1553584994 INTRODUCE 36 15305
SEND 1553584994 INTRODUCE 36 14314
SEND 1553584994 INTRODUCE 36 35155
SEND 1553584994 INTRODUCE 36 23405
SEND 1553584994 INTRODUCE 36 15691
SEND 1553584994 INTRODUCE 36 16005
SEND 1553584994 INTRODUCE 36 12018
SEND 1553584994 INTRODUCE 36 15070
SEND 1553584994 JOIN 30 15055
RECIEVED 1553584994 INTRODUCE 35 26 1
RECIEVED 1553584994 INTRODUCE 35 26 1
RECIEVED 1553584994 INTRODUCE 37 26 1
RECIEVED 1553584994 INTRODUCE 36 26 1
RECIEVED 1553584994 INTRODUCE 37 26 1
RECIEVED 1553584994 INTRODUCE 36 26 1
RECIEVED 1553584994 INTRODUCE 37 26 1
RECIEVED 1553584994 INTRODUCE 35 26 1
RECIEVED 1553584994 JOIN 31 26 1
RECIEVED 1553584994 INTRODUCE 37 26 1
RECIEVED 1553584994 INTRODUCE 36 26 1
RECIEVED 1553584994 INTRODUCE 35 26 1
RECIEVED 1553584994 INTRODUCE 37 26 1
RECIEVED 1553584994 INTRODUCE 37 26 1
RECIEVED 1553584994 INTRODUCE 36 26 1
RECIEVED 1553584994 INTRODUCE 36 26 1
RECIEVED 1553584994 INTRODUCE 36 26 1
RECIEVED 1553584994 INTRODUCE 36 26 1
RECIEVED 1553584994 INTRODUCE 37 26 1
RECIEVED 1553584994 INTRODUCE 37 26 1
RECIEVED 1553584994 INTRODUCE 35 26 1
RECIEVED 1553584994 INTRODUCE 35 26 1
RECIEVED 1553584994 INTRODUCE 35 26 1
RECIEVED 1553584994 INTRODUCE 36 26 1
SEND 1553584994 INTRODUCE 36 52209
SEND 1553584994 INTRODUCE 36 16519
SEND 1553584994 INTRODUCE 36 34591
SEND 1553584994 INTRODUCE 36 15067
SEND 1553584994 INTRODUCE 36 36109
SEND 1553584994 INTRODUCE 36 16175
SEND 1553584994 INTRODUCE 36 17363
SEND 1553584994 INTRODUCE 36 14809
SEND 1553584994 INTRODUCE 36 11768
SEND 1553584994 INTRODUCE 36 29309
SEND 1553584994 INTRODUCE 36 16002
SEND 1553584994 INTRODUCE 36 17537
SEND 1553584994 INTRODUCE 36 13873
SEND 1553584994 INTRODUCE 36 15544
SEND 1553584994 INTRODUCE 36 15775
SEND 1553584994 INTRODUCE 36 17458
SEND 1553584994 INTRODUCE 36 33520
SEND 1553584994 INTRODUCE 36 15725
SEND 1553584994 INTRODUCE 36 12780
SEND 1553584994 INTRODUCE 36 48741
SEND 1553584994 INTRODUCE 36 36919
SEND 1553584994 INTRODUCE 36 14659
SEND 1553584994 INTRODUCE 36 13010
# recieved string JOIN node13 172.22.94.217 8013

SEND 1553584994 INTRODUCE 36 19240
SEND 1553584994 INTRODUCE 36 15706
SEND 1553584994 INTRODUCE 36 15727
SEND 1553584994 JOIN 30 16283
RECIEVED 1553584994 INTRODUCE 37 27 1
RECIEVED 1553584994 INTRODUCE 36 27 1
RECIEVED 1553584994 INTRODUCE 36 27 1
RECIEVED 1553584994 INTRODUCE 36 27 1
RECIEVED 1553584994 INTRODUCE 36 27 1
RECIEVED 1553584994 JOIN 31 27 1
RECIEVED 1553584994 INTRODUCE 36 27 1
# recieved string JOIN node2 172.22.156.206 8002

RECIEVED 1553584994 JOIN 31 27 1
SEND 1553584994 INTRODUCE 35 21582
SEND 1553584994 INTRODUCE 35 15987
SEND 1553584994 INTRODUCE 37 27718
SEND 1553584994 INTRODUCE 37 16120
SEND 1553584994 INTRODUCE 35 16440
SEND 1553584994 INTRODUCE 35 14584
SEND 1553584994 INTRODUCE 36 15668
SEND 1553584994 INTRODUCE 36 21817
# recieved string JOIN node1 172.22.156.206 8001

SEND 1553584994 INTRODUCE 36 16575
SEND 1553584994 INTRODUCE 35 14512
SEND 1553584994 INTRODUCE 36 14553
SEND 1553584994 INTRODUCE 36 49439
SEND 1553584994 INTRODUCE 35 13896
SEND 1553584994 INTRODUCE 35 15075
SEND 1553584994 INTRODUCE 36 21104
SEND 1553584995 INTRODUCE 36 14941
SEND 1553584995 INTRODUCE 36 14479
SEND 1553584995 INTRODUCE 36 40267
SEND 1553584995 INTRODUCE 37 20203
SEND 1553584995 INTRODUCE 37 17433
SEND 1553584995 INTRODUCE 36 16022
SEND 1553584995 INTRODUCE 36 15185
SEND 1553584995 INTRODUCE 35 15580
SEND 1553584995 INTRODUCE 36 16245
SEND 1553584995 INTRODUCE 35 17012
SEND 1553584995 INTRODUCE 36 73216
SEND 1553584995 INTRODUCE 36 21723
# recieved string JOIN node4 172.22.156.206 8004

RECIEVED 1553584995 INTRODUCE 35 28 1
RECIEVED 1553584995 INTRODUCE 36 28 1
RECIEVED 1553584995 JOIN 31 28 1
SEND 1553584995 INTRODUCE 35 15082
SEND 1553584995 INTRODUCE 35 17338
SEND 1553584995 INTRODUCE 37 23380
SEND 1553584995 INTRODUCE 37 16861
SEND 1553584995 INTRODUCE 35 23491
SEND 1553584995 INTRODUCE 36 41998
SEND 1553584995 INTRODUCE 35 25846
SEND 1553584995 INTRODUCE 36 21454
SEND 1553584995 INTRODUCE 36 16164
SEND 1553584995 INTRODUCE 36 16068
SEND 1553584995 INTRODUCE 35 16137
SEND 1553584995 INTRODUCE 36 14417
SEND 1553584995 INTRODUCE 35 21609
SEND 1553584995 INTRODUCE 35 29887
SEND 1553584995 INTRODUCE 36 57034
SEND 1553584995 INTRODUCE 36 16325
SEND 1553584995 INTRODUCE 36 54577
SEND 1553584995 INTRODUCE 36 33180
SEND 1553584995 INTRODUCE 36 26814
SEND 1553584995 INTRODUCE 37 47938
SEND 1553584995 INTRODUCE 37 14164
SEND 1553584995 INTRODUCE 36 49573
SEND 1553584995 INTRODUCE 36 10644
SEND 1553584995 INTRODUCE 35 20545
SEND 1553584995 INTRODUCE 36 17423
SEND 1553584995 INTRODUCE 36 15735
SEND 1553584995 INTRODUCE 35 14139
SEND 1553584995 INTRODUCE 36 14928
RECIEVED 1553584995 INTRODUCE 35 29 1
RECIEVED 1553584995 INTRODUCE 37 29 1
RECIEVED 1553584995 INTRODUCE 37 29 1
SEND 1553584995 INTRODUCE 37 20180
SEND 1553584995 INTRODUCE 37 15470
SEND 1553584995 INTRODUCE 37 26827
SEND 1553584995 INTRODUCE 37 31435
SEND 1553584995 INTRODUCE 37 20487
SEND 1553584995 INTRODUCE 37 14126
SEND 1553584995 INTRODUCE 37 20867
SEND 1553584995 INTRODUCE 37 25920
SEND 1553584995 INTRODUCE 37 16750
SEND 1553584995 INTRODUCE 37 31244
SEND 1553584995 INTRODUCE 37 51288
# recieved string JOIN node6 172.22.156.206 8006

SEND 1553584995 INTRODUCE 37 14762
SEND 1553584995 INTRODUCE 37 34801
SEND 1553584995 INTRODUCE 37 15506
SEND 1553584995 INTRODUCE 37 14555
SEND 1553584995 INTRODUCE 37 20293
# recieved string JOIN node5 172.22.156.206 8005

SEND 1553584995 INTRODUCE 37 45890
SEND 1553584995 INTRODUCE 37 14656
SEND 1553584995 INTRODUCE 37 14883
SEND 1553584995 INTRODUCE 37 23166
SEND 1553584995 INTRODUCE 37 15122
SEND 1553584995 INTRODUCE 37 15342
SEND 1553584995 INTRODUCE 37 15017
SEND 1553584995 INTRODUCE 37 33792
SEND 1553584995 INTRODUCE 37 13296
SEND 1553584995 INTRODUCE 37 15654
SEND 1553584995 INTRODUCE 37 64519
SEND 1553584995 INTRODUCE 37 14923
SEND 1553584995 INTRODUCE 37 21808
SEND 1553584995 JOIN 30 39227
RECIEVED 1553584995 INTRODUCE 37 30 1
RECIEVED 1553584995 JOIN 31 30 1
SEND 1553584995 INTRODUCE 36 14517
SEND 1553584995 INTRODUCE 35 14637
SEND 1553584995 INTRODUCE 36 20197
SEND 1553584995 INTRODUCE 35 14303
SEND 1553584995 INTRODUCE 35 35386
SEND 1553584995 INTRODUCE 37 54741
SEND 1553584995 INTRODUCE 37 24985
SEND 1553584995 INTRODUCE 35 18916
SEND 1553584995 INTRODUCE 36 32823
SEND 1553584995 INTRODUCE 35 16006
SEND 1553584995 INTRODUCE 36 21347
SEND 1553584995 INTRODUCE 36 19940
SEND 1553584995 INTRODUCE 37 47385
SEND 1553584995 INTRODUCE 36 35983
SEND 1553584995 INTRODUCE 35 15623
SEND 1553584995 INTRODUCE 36 11907
SEND 1553584995 INTRODUCE 35 24059
SEND 1553584995 INTRODUCE 35 20007
SEND 1553584995 INTRODUCE 37 37856
SEND 1553584995 INTRODUCE 36 11903
SEND 1553584995 INTRODUCE 36 14945
SEND 1553584995 INTRODUCE 36 21462
SEND 1553584995 INTRODUCE 36 20757
SEND 1553584995 INTRODUCE 36 14202
SEND 1553584995 INTRODUCE 36 20011
SEND 1553584995 INTRODUCE 37 14443
SEND 1553584995 INTRODUCE 36 24364
# recieved string JOIN node0 172.22.156.206 8000

SEND 1553584995 INTRODUCE 36 34691
SEND 1553584995 INTRODUCE 35 72659
SEND 1553584995 INTRODUCE 36 15890
RECIEVED 1553584995 INTRODUCE 37 31 1
SEND 1553584995 INTRODUCE 37 15832
SEND 1553584995 INTRODUCE 37 14754
SEND 1553584995 INTRODUCE 37 33938
SEND 1553584995 INTRODUCE 37 14051
SEND 1553584995 INTRODUCE 37 14530
SEND 1553584995 INTRODUCE 37 15541
SEND 1553584995 INTRODUCE 37 21415
SEND 1553584995 INTRODUCE 37 20483
SEND 1553584995 INTRODUCE 37 14546
SEND 1553584995 INTRODUCE 37 33953
SEND 1553584995 INTRODUCE 37 17923
SEND 1553584995 INTRODUCE 37 11949
SEND 1553584995 INTRODUCE 37 15598
SEND 1553584995 INTRODUCE 37 22755
SEND 1553584995 INTRODUCE 37 51668
SEND 1553584995 INTRODUCE 37 33431
SEND 1553584995 INTRODUCE 37 11714
SEND 1553584995 INTRODUCE 37 15500
SEND 1553584995 INTRODUCE 37 39155
SEND 1553584995 INTRODUCE 37 24662
SEND 1553584995 INTRODUCE 37 20342
SEND 1553584995 INTRODUCE 37 29701
SEND 1553584995 INTRODUCE 37 54938
SEND 1553584995 INTRODUCE 37 17327
SEND 1553584995 INTRODUCE 37 13730
SEND 1553584995 INTRODUCE 37 44124
SEND 1553584995 INTRODUCE 37 18286
SEND 1553584995 INTRODUCE 37 13109
SEND 1553584995 INTRODUCE 37 44967
SEND 1553584995 INTRODUCE 37 37286
SEND 1553584995 INTRODUCE 37 14376
SEND 1553584995 JOIN 30 16761
RECIEVED 1553584995 INTRODUCE 36 32 1
RECIEVED 1553584995 INTRODUCE 36 32 1
RECIEVED 1553584995 INTRODUCE 37 32 1
RECIEVED 1553584995 INTRODUCE 37 32 1
RECIEVED 1553584995 INTRODUCE 37 32 1
RECIEVED 1553584995 INTRODUCE 37 32 1
RECIEVED 1553584995 INTRODUCE 35 32 1
RECIEVED 1553584995 INTRODUCE 36 32 1
RECIEVED 1553584995 INTRODUCE 37 32 1
RECIEVED 1553584995 INTRODUCE 36 32 1
RECIEVED 1553584995 INTRODUCE 37 32 1
RECIEVED 1553584995 INTRODUCE 36 32 1
RECIEVED 1553584995 INTRODUCE 36 32 1
RECIEVED 1553584995 TRANSACTION 81 32 1
UPDATE 1553584995 TRANSACTION ac3340af900ee440b14a98c1b026dc73
SEND 1553584995 TRANSACTION 81 27652 ac3340af900ee440b14a98c1b026dc73
SEND 1553584995 TRANSACTION 81 45614 ac3340af900ee440b14a98c1b026dc73
SEND 1553584995 TRANSACTION 81 15486 ac3340af900ee440b14a98c1b026dc73
SEND 1553584995 TRANSACTION 81 22135 ac3340af900ee440b14a98c1b026dc73
SEND 1553584995 TRANSACTION 81 16205 ac3340af900ee440b14a98c1b026dc73
SEND 1553584995 TRANSACTION 81 39322 ac3340af900ee440b14a98c1b026dc73
SEND 1553584995 TRANSACTION 81 23028 ac3340af900ee440b14a98c1b026dc73
SEND 1553584995 TRANSACTION 81 16317 ac3340af900ee440b14a98c1b026dc73
SEND 1553584995 TRANSACTION 81 12483 ac3340af900ee440b14a98c1b026dc73
SEND 1553584995 TRANSACTION 81 32912 ac3340af900ee440b14a98c1b026dc73
SEND 1553584995 TRANSACTION 81 40800 ac3340af900ee440b14a98c1b026dc73
SEND 1553584995 TRANSACTION 81 20477 ac3340af900ee440b14a98c1b026dc73
SEND 1553584995 TRANSACTION 81 21183 ac3340af900ee440b14a98c1b026dc73
RECIEVED 1553584995 INTRODUCE 36 32 2
RECIEVED 1553584995 INTRODUCE 37 32 2
RECIEVED 1553584995 INTRODUCE 37 32 2
RECIEVED 1553584995 INTRODUCE 37 32 2
RECIEVED 1553584995 INTRODUCE 37 32 2
RECIEVED 1553584995 INTRODUCE 35 32 2
RECIEVED 1553584995 INTRODUCE 35 32 2
RECIEVED 1553584995 INTRODUCE 35 32 2
RECIEVED 1553584995 INTRODUCE 37 32 2
RECIEVED 1553584995 INTRODUCE 37 32 2
RECIEVED 1553584995 INTRODUCE 36 32 2
RECIEVED 1553584995 INTRODUCE 37 32 2
RECIEVED 1553584995 JOIN 31 32 2
SEND 1553584995 INTRODUCE 35 22548
SEND 1553584995 INTRODUCE 37 14388
SEND 1553584995 INTRODUCE 35 15589
SEND 1553584995 INTRODUCE 35 14932
SEND 1553584995 INTRODUCE 37 49963
SEND 1553584995 INTRODUCE 37 14577
SEND 1553584995 INTRODUCE 35 21889
SEND 1553584995 INTRODUCE 36 13648
SEND 1553584995 INTRODUCE 36 54265
SEND 1553584995 INTRODUCE 37 21035
SEND 1553584995 INTRODUCE 36 15142
SEND 1553584995 INTRODUCE 35 19397
SEND 1553584995 INTRODUCE 36 14604
SEND 1553584995 INTRODUCE 36 13691
SEND 1553584995 INTRODUCE 36 41362
SEND 1553584995 INTRODUCE 35 20532
SEND 1553584995 INTRODUCE 35 20559
SEND 1553584995 INTRODUCE 36 35698
SEND 1553584995 INTRODUCE 36 15746
SEND 1553584995 INTRODUCE 36 26664
SEND 1553584995 INTRODUCE 36 48235
SEND 1553584995 INTRODUCE 37 53374
# recieved string JOIN node7 172.22.156.206 8007

SEND 1553584995 INTRODUCE 37 14453
SEND 1553584995 INTRODUCE 36 27861
SEND 1553584995 INTRODUCE 36 14511
SEND 1553584995 INTRODUCE 36 19373
SEND 1553584995 INTRODUCE 35 21353
SEND 1553584995 INTRODUCE 36 14724
SEND 1553584995 INTRODUCE 36 14641
SEND 1553584995 INTRODUCE 35 15228
# recieved string JOIN node10 172.22.156.206 8010

SEND 1553584995 INTRODUCE 36 21870
SEND 1553584995 INTRODUCE 36 18848
RECIEVED 1553584995 INTRODUCE 36 33 2
RECIEVED 1553584995 INTRODUCE 37 33 2
RECIEVED 1553584995 INTRODUCE 37 33 2
RECIEVED 1553584995 INTRODUCE 35 33 2
RECIEVED 1553584995 JOIN 31 33 2
SEND 1553584995 INTRODUCE 37 16152
SEND 1553584995 INTRODUCE 35 19119
SEND 1553584995 INTRODUCE 37 24667
SEND 1553584995 INTRODUCE 36 26481
SEND 1553584995 INTRODUCE 35 14602
SEND 1553584995 INTRODUCE 36 53268
SEND 1553584995 INTRODUCE 36 14405
SEND 1553584995 INTRODUCE 37 14940
SEND 1553584995 INTRODUCE 36 29820
SEND 1553584995 INTRODUCE 35 10652
SEND 1553584995 INTRODUCE 36 43349
SEND 1553584995 INTRODUCE 36 24214
SEND 1553584995 INTRODUCE 36 21635
SEND 1553584995 INTRODUCE 35 28819
SEND 1553584995 INTRODUCE 35 38815
SEND 1553584995 INTRODUCE 37 15157
SEND 1553584995 INTRODUCE 37 53571
SEND 1553584995 INTRODUCE 36 22538
SEND 1553584995 INTRODUCE 36 15107
SEND 1553584995 INTRODUCE 36 17102
SEND 1553584995 INTRODUCE 36 20920
SEND 1553584995 INTRODUCE 36 36607
SEND 1553584995 INTRODUCE 36 25621
SEND 1553584995 INTRODUCE 36 28232
SEND 1553584995 INTRODUCE 36 45874
SEND 1553584995 INTRODUCE 35 44473
SEND 1553584995 INTRODUCE 36 48190
SEND 1553584995 INTRODUCE 36 16479
SEND 1553584995 INTRODUCE 35 19392
SEND 1553584995 INTRODUCE 36 28836
SEND 1553584995 INTRODUCE 35 16759
SEND 1553584995 INTRODUCE 35 14582
SEND 1553584995 INTRODUCE 37 23330
RECIEVED 1553584995 INTRODUCE 35 34 2
RECIEVED 1553584995 INTRODUCE 37 34 2
RECIEVED 1553584995 INTRODUCE 37 34 2
RECIEVED 1553584995 INTRODUCE 37 34 2
RECIEVED 1553584995 INTRODUCE 36 34 2
RECIEVED 1553584995 INTRODUCE 36 34 2
RECIEVED 1553584995 TRANSACTION 81 34 2
RECIEVED 1553584995 INTRODUCE 35 34 2
RECIEVED 1553584995 INTRODUCE 35 34 2
RECIEVED 1553584995 INTRODUCE 36 34 2
RECIEVED 1553584995 INTRODUCE 35 34 2
RECIEVED 1553584995 INTRODUCE 36 34 2
RECIEVED 1553584995 INTRODUCE 36 34 2
RECIEVED 1553584995 INTRODUCE 37 34 2
RECIEVED 1553584995 INTRODUCE 35 34 2
RECIEVED 1553584995 INTRODUCE 36 34 2
RECIEVED 1553584995 INTRODUCE 36 34 2
RECIEVED 1553584995 INTRODUCE 36 34 2
RECIEVED 1553584995 INTRODUCE 36 34 2
RECIEVED 1553584995 INTRODUCE 36 34 2
RECIEVED 1553584995 INTRODUCE 35 34 2
RECIEVED 1553584995 INTRODUCE 36 34 2
RECIEVED 1553584995 INTRODUCE 36 34 2
RECIEVED 1553584995 INTRODUCE 35 34 2
RECIEVED 1553584995 INTRODUCE 36 34 2
RECIEVED 1553584995 INTRODUCE 36 34 2
RECIEVED 1553584995 INTRODUCE 35 34 2
RECIEVED 1553584995 TRANSACTION 81 34 2
RECIEVED 1553584995 JOIN 31 34 2
SEND 1553584995 INTRODUCE 35 39526
SEND 1553584995 INTRODUCE 35 36293
SEND 1553584995 INTRODUCE 37 15184
SEND 1553584995 INTRODUCE 36 40128
SEND 1553584995 INTRODUCE 36 10434
SEND 1553584995 INTRODUCE 36 15364
SEND 1553584995 INTRODUCE 36 16360
SEND 1553584995 INTRODUCE 36 11279
SEND 1553584995 INTRODUCE 36 29824
SEND 1553584995 INTRODUCE 37 34678
SEND 1553584995 INTRODUCE 36 15526
SEND 1553584995 INTRODUCE 36 15806
SEND 1553584995 INTRODUCE 35 15699
SEND 1553584995 INTRODUCE 36 18773
SEND 1553584995 INTRODUCE 36 20687
SEND 1553584995 INTRODUCE 35 15457
SEND 1553584995 INTRODUCE 36 40918
SEND 1553584995 INTRODUCE 36 19635
SEND 1553584995 INTRODUCE 35 21397
SEND 1553584995 INTRODUCE 35 30753
SEND 1553584995 INTRODUCE 37 14879
SEND 1553584995 INTRODUCE 37 15941
SEND 1553584995 INTRODUCE 35 14692
SEND 1553584995 INTRODUCE 37 26277
SEND 1553584995 INTRODUCE 36 15062
SEND 1553584995 INTRODUCE 35 22743
SEND 1553584995 INTRODUCE 36 37029
SEND 1553584995 INTRODUCE 36 18148
SEND 1553584995 INTRODUCE 37 41854
SEND 1553584995 INTRODUCE 36 112256
SEND 1553584995 INTRODUCE 35 135372
SEND 1553584995 INTRODUCE 36 15792
SEND 1553584995 INTRODUCE 36 39605
SEND 1553584995 INTRODUCE 36 16525
RECIEVED 1553584995 INTRODUCE 36 35 2
RECIEVED 1553584995 INTRODUCE 36 35 2
RECIEVED 1553584995 INTRODUCE 37 35 2
RECIEVED 1553584995 INTRODUCE 36 35 2
RECIEVED 1553584995 INTRODUCE 37 35 2
RECIEVED 1553584995 INTRODUCE 37 35 2
RECIEVED 1553584995 INTRODUCE 35 35 2
RECIEVED 1553584995 INTRODUCE 35 35 2
RECIEVED 1553584995 TRANSACTION 81 35 2
RECIEVED 1553584995 INTRODUCE 36 35 2
RECIEVED 1553584995 INTRODUCE 36 35 2
RECIEVED 1553584995 INTRODUCE 36 35 2
RECIEVED 1553584995 INTRODUCE 37 35 2
RECIEVED 1553584995 INTRODUCE 36 35 2
RECIEVED 1553584995 INTRODUCE 36 35 2
RECIEVED 1553584995 INTRODUCE 35 35 2
RECIEVED 1553584995 INTRODUCE 37 35 2
RECIEVED 1553584995 JOIN 31 35 2
SEND 1553584995 INTRODUCE 35 23127
SEND 1553584995 INTRODUCE 35 25350
SEND 1553584995 INTRODUCE 37 17498
SEND 1553584995 INTRODUCE 37 14392
SEND 1553584995 INTRODUCE 35 25764
SEND 1553584995 INTRODUCE 37 16240
SEND 1553584995 INTRODUCE 36 43970
SEND 1553584995 INTRODUCE 36 20071
SEND 1553584995 INTRODUCE 35 26255
SEND 1553584995 INTRODUCE 36 36136
# recieved string JOIN node11 172.22.156.206 8011

SEND 1553584995 INTRODUCE 36 20060
SEND 1553584995 INTRODUCE 37 15693
SEND 1553584995 INTRODUCE 36 14993
SEND 1553584995 INTRODUCE 35 40799
SEND 1553584995 INTRODUCE 36 36716
SEND 1553584995 INTRODUCE 36 14043
SEND 1553584995 INTRODUCE 36 20017
SEND 1553584995 INTRODUCE 35 34441
SEND 1553584995 INTRODUCE 35 14946
SEND 1553584995 INTRODUCE 36 14931
SEND 1553584995 INTRODUCE 36 20911
SEND 1553584995 INTRODUCE 36 23096
SEND 1553584995 INTRODUCE 36 38868
SEND 1553584995 INTRODUCE 36 46356
SEND 1553584995 INTRODUCE 36 70975
SEND 1553584995 INTRODUCE 37 31722
SEND 1553584995 INTRODUCE 37 30653
SEND 1553584995 INTRODUCE 36 84891
SEND 1553584995 INTRODUCE 36 24944
SEND 1553584995 INTRODUCE 35 15495
SEND 1553584995 INTRODUCE 36 15100
SEND 1553584995 INTRODUCE 36 47434
SEND 1553584995 INTRODUCE 35 16289
SEND 1553584995 INTRODUCE 36 48214
SEND 1553584995 INTRODUCE 36 29467
RECIEVED 1553584995 INTRODUCE 36 36 2
RECIEVED 1553584995 JOIN 32 36 2
SEND 1553584995 INTRODUCE 36 40409
SEND 1553584995 INTRODUCE 36 26116
SEND 1553584995 INTRODUCE 35 80794
SEND 1553584995 INTRODUCE 36 57634
SEND 1553584995 INTRODUCE 36 973347
SEND 1553584995 INTRODUCE 35 37624
SEND 1553584995 INTRODUCE 35 34713
SEND 1553584995 INTRODUCE 36 38898
SEND 1553584995 INTRODUCE 37 51187
SEND 1553584995 INTRODUCE 37 15215
SEND 1553584995 INTRODUCE 36 28388
SEND 1553584995 INTRODUCE 36 34958
SEND 1553584995 INTRODUCE 36 17557
SEND 1553584995 INTRODUCE 36 145158
SEND 1553584995 INTRODUCE 36 14143
SEND 1553584995 INTRODUCE 36 28413
SEND 1553584995 INTRODUCE 36 45224
SEND 1553584995 INTRODUCE 36 26000
SEND 1553584995 INTRODUCE 35 16700
SEND 1553584995 INTRODUCE 36 17549
SEND 1553584995 INTRODUCE 36 48049
SEND 1553584995 INTRODUCE 35 13431
SEND 1553584995 INTRODUCE 36 26481
SEND 1553584995 INTRODUCE 36 20428
SEND 1553584995 INTRODUCE 35 21235
SEND 1553584995 INTRODUCE 35 25190
SEND 1553584995 INTRODUCE 37 15840
SEND 1553584995 INTRODUCE 37 16230
SEND 1553584995 INTRODUCE 35 32265
SEND 1553584995 INTRODUCE 37 32033
SEND 1553584995 INTRODUCE 36 16080
SEND 1553584995 INTRODUCE 37 32600
SEND 1553584995 INTRODUCE 36 28192
SEND 1553584995 INTRODUCE 35 27311
SEND 1553584995 INTRODUCE 36 14865
SEND 1553584995 INTRODUCE 36 16043
RECIEVED 1553584995 INTRODUCE 35 37 2
RECIEVED 1553584995 INTRODUCE 37 37 2
RECIEVED 1553584995 INTRODUCE 36 37 2
RECIEVED 1553584995 INTRODUCE 36 37 2
RECIEVED 1553584995 INTRODUCE 36 37 2
RECIEVED 1553584995 INTRODUCE 36 37 2
SEND 1553584995 INTRODUCE 36 15863
SEND 1553584995 INTRODUCE 36 38564
SEND 1553584995 INTRODUCE 36 15720
SEND 1553584995 INTRODUCE 36 16239
# recieved string JOIN node9 172.22.156.206 8009

SEND 1553584995 INTRODUCE 36 15969
SEND 1553584995 INTRODUCE 36 17435
SEND 1553584995 INTRODUCE 36 13228
SEND 1553584995 INTRODUCE 36 15398
SEND 1553584995 INTRODUCE 36 27348
SEND 1553584995 INTRODUCE 36 20680
SEND 1553584995 INTRODUCE 36 35217
SEND 1553584995 INTRODUCE 36 16429
SEND 1553584995 INTRODUCE 36 28026
SEND 1553584995 INTRODUCE 36 16114
SEND 1553584995 INTRODUCE 36 29659
SEND 1553584995 INTRODUCE 36 36258
SEND 1553584995 INTRODUCE 36 28701
SEND 1553584995 INTRODUCE 36 16023
SEND 1553584995 INTRODUCE 36 15202
# recieved string JOIN node12 172.22.156.206 8012

SEND 1553584995 INTRODUCE 36 14582
SEND 1553584995 INTRODUCE 36 21456
SEND 1553584995 INTRODUCE 36 15739
SEND 1553584995 INTRODUCE 36 15700
SEND 1553584995 INTRODUCE 36 12811
SEND 1553584995 INTRODUCE 36 21807
SEND 1553584995 INTRODUCE 36 17714
SEND 1553584995 INTRODUCE 36 13355
SEND 1553584995 INTRODUCE 36 22926
SEND 1553584995 INTRODUCE 36 14502
SEND 1553584995 INTRODUCE 36 15011
SEND 1553584995 INTRODUCE 36 16231
SEND 1553584995 INTRODUCE 36 16144
SEND 1553584995 INTRODUCE 36 16339
SEND 1553584995 INTRODUCE 36 14684
SEND 1553584995 INTRODUCE 36 14628
SEND 1553584995 INTRODUCE 36 34933
SEND 1553584995 INTRODUCE 36 13461
SEND 1553584995 JOIN 30 21783
RECIEVED 1553584995 INTRODUCE 36 38 2
RECIEVED 1553584995 INTRODUCE 35 38 2
RECIEVED 1553584995 INTRODUCE 36 38 2
RECIEVED 1553584995 INTRODUCE 36 38 2
RECIEVED 1553584995 INTRODUCE 36 38 2
RECIEVED 1553584995 INTRODUCE 36 38 2
RECIEVED 1553584995 INTRODUCE 35 38 2
RECIEVED 1553584995 INTRODUCE 35 38 2
RECIEVED 1553584995 INTRODUCE 35 38 2
RECIEVED 1553584995 INTRODUCE 37 38 2
RECIEVED 1553584995 INTRODUCE 36 38 2
RECIEVED 1553584995 INTRODUCE 35 38 2
RECIEVED 1553584995 INTRODUCE 36 38 2
RECIEVED 1553584995 INTRODUCE 35 38 2
RECIEVED 1553584995 INTRODUCE 36 38 2
RECIEVED 1553584995 INTRODUCE 36 38 2
RECIEVED 1553584995 INTRODUCE 36 38 2
RECIEVED 1553584995 INTRODUCE 35 38 2
RECIEVED 1553584995 INTRODUCE 36 38 2
RECIEVED 1553584995 INTRODUCE 35 38 2
RECIEVED 1553584995 INTRODUCE 36 38 2
RECIEVED 1553584995 INTRODUCE 36 38 2
RECIEVED 1553584995 INTRODUCE 37 38 2
RECIEVED 1553584995 INTRODUCE 36 38 2
RECIEVED 1553584995 INTRODUCE 37 38 2
RECIEVED 1553584995 INTRODUCE 35 38 2
RECIEVED 1553584995 INTRODUCE 37 38 2
RECIEVED 1553584995 INTRODUCE 36 38 2
RECIEVED 1553584995 INTRODUCE 36 38 2
RECIEVED 1553584995 INTRODUCE 36 38 2
RECIEVED 1553584995 INTRODUCE 36 38 2
RECIEVED 1553584995 INTRODUCE 36 38 2
RECIEVED 1553584995 INTRODUCE 37 38 2
RECIEVED 1553584995 INTRODUCE 36 38 2
RECIEVED 1553584995 INTRODUCE 36 38 2
RECIEVED 1553584995 INTRODUCE 37 38 2
RECIEVED 1553584995 JOIN 32 38 2
SEND 1553584995 INTRODUCE 36 18659
SEND 1553584995 INTRODUCE 35 47068
SEND 1553584995 INTRODUCE 36 27056
SEND 1553584995 INTRODUCE 36 52148
SEND 1553584995 INTRODUCE 36 21303
SEND 1553584995 INTRODUCE 35 20502
SEND 1553584995 INTRODUCE 35 14312
SEND 1553584995 INTRODUCE 36 26590
SEND 1553584995 INTRODUCE 36 51985
SEND 1553584995 INTRODUCE 36 29469
SEND 1553584995 INTRODUCE 36 35973
SEND 1553584995 INTRODUCE 36 21154
SEND 1553584995 INTRODUCE 36 15250
SEND 1553584995 INTRODUCE 37 14873
SEND 1553584995 INTRODUCE 37 56769
SEND 1553584995 INTRODUCE 36 21787
SEND 1553584995 INTRODUCE 36 12985
SEND 1553584995 INTRODUCE 36 19290
SEND 1553584995 INTRODUCE 35 28487
SEND 1553584995 INTRODUCE 36 15345
SEND 1553584995 INTRODUCE 36 53536
SEND 1553584995 INTRODUCE 37 16545
SEND 1553584995 INTRODUCE 36 14442
SEND 1553584995 INTRODUCE 35 29481
SEND 1553584995 INTRODUCE 36 40188
SEND 1553584995 INTRODUCE 36 13487
SEND 1553584995 INTRODUCE 35 22931
SEND 1553584995 INTRODUCE 35 48813
SEND 1553584995 INTRODUCE 37 22572
SEND 1553584995 INTRODUCE 37 16450
SEND 1553584995 INTRODUCE 35 21663
SEND 1553584995 INTRODUCE 37 19986
SEND 1553584995 INTRODUCE 36 26422
SEND 1553584995 INTRODUCE 36 14196
SEND 1553584995 INTRODUCE 35 15902
SEND 1553584995 INTRODUCE 36 19823
SEND 1553584995 INTRODUCE 36 25220
SEND 1553584995 INTRODUCE 37 24180
RECIEVED 1553584995 INTRODUCE 37 39 2
RECIEVED 1553584995 INTRODUCE 37 39 2
RECIEVED 1553584995 INTRODUCE 37 39 2
RECIEVED 1553584995 INTRODUCE 36 39 2
RECIEVED 1553584995 INTRODUCE 36 39 2
RECIEVED 1553584995 INTRODUCE 36 39 2
RECIEVED 1553584995 INTRODUCE 37 39 2
RECIEVED 1553584995 INTRODUCE 37 39 2
RECIEVED 1553584995 INTRODUCE 37 39 2
RECIEVED 1553584995 INTRODUCE 36 39 2
SEND 1553584995 INTRODUCE 36 28532
SEND 1553584995 INTRODUCE 36 16937
SEND 1553584995 INTRODUCE 36 13612
SEND 1553584995 INTRODUCE 36 15246
SEND 1553584995 INTRODUCE 36 53044
SEND 1553584995 INTRODUCE 36 20267
SEND 1553584995 INTRODUCE 36 41268
SEND 1553584995 INTRODUCE 36 15980
SEND 1553584995 INTRODUCE 36 15941
# recieved string JOIN node3 172.22.156.206 8003

SEND 1553584995 INTRODUCE 36 24409
SEND 1553584995 INTRODUCE 36 15308
SEND 1553584995 INTRODUCE 36 22338
SEND 1553584995 INTRODUCE 36 24025
SEND 1553584995 INTRODUCE 36 14521
SEND 1553584995 INTRODUCE 36 20831
SEND 1553584995 INTRODUCE 36 29980
SEND 1553584995 INTRODUCE 36 38922
SEND 1553584995 INTRODUCE 36 22028
SEND 1553584995 INTRODUCE 36 15057
SEND 1553584995 INTRODUCE 36 19341
SEND 1553584995 INTRODUCE 36 14999
SEND 1553584995 INTRODUCE 36 21002
SEND 1553584995 INTRODUCE 36 22588
# recieved string JOIN node8 172.22.156.206 8008

SEND 1553584995 INTRODUCE 36 22446
SEND 1553584995 INTRODUCE 36 10180
SEND 1553584995 INTRODUCE 36 11069
SEND 1553584995 INTRODUCE 36 14140
SEND 1553584995 INTRODUCE 36 10939
SEND 1553584995 INTRODUCE 36 10774
SEND 1553584995 INTRODUCE 36 10711
SEND 1553584995 INTRODUCE 36 18156
SEND 1553584995 INTRODUCE 36 11112
SEND 1553584995 INTRODUCE 36 16440
SEND 1553584995 INTRODUCE 36 26251
SEND 1553584995 INTRODUCE 36 11246
SEND 1553584995 INTRODUCE 36 14652
SEND 1553584995 INTRODUCE 36 22101
SEND 1553584995 INTRODUCE 36 14899
SEND 1553584995 INTRODUCE 36 11176
SEND 1553584995 JOIN 30 9136
RECIEVED 1553584995 INTRODUCE 36 40 2
RECIEVED 1553584995 INTRODUCE 37 40 2
RECIEVED 1553584995 INTRODUCE 36 40 2
RECIEVED 1553584995 INTRODUCE 35 40 2
RECIEVED 1553584995 INTRODUCE 36 40 2
RECIEVED 1553584995 INTRODUCE 36 40 2
RECIEVED 1553584995 INTRODUCE 36 40 2
RECIEVED 1553584995 INTRODUCE 35 40 2
RECIEVED 1553584995 INTRODUCE 37 40 2
RECIEVED 1553584995 INTRODUCE 36 40 2
RECIEVED 1553584995 INTRODUCE 37 40 2
RECIEVED 1553584995 INTRODUCE 37 40 2
RECIEVED 1553584995 INTRODUCE 37 40 2
RECIEVED 1553584995 INTRODUCE 35 40 2
RECIEVED 1553584995 INTRODUCE 36 40 2
RECIEVED 1553584995 INTRODUCE 36 40 2
RECIEVED 1553584995 INTRODUCE 35 40 2
RECIEVED 1553584995 INTRODUCE 36 40 2
RECIEVED 1553584995 INTRODUCE 35 40 2
RECIEVED 1553584995 INTRODUCE 36 40 2
RECIEVED 1553584995 INTRODUCE 37 40 2
RECIEVED 1553584995 INTRODUCE 36 40 2
RECIEVED 1553584995 INTRODUCE 37 40 2
RECIEVED 1553584995 INTRODUCE 36 40 2
RECIEVED 1553584995 TRANSACTION 79 40 2
UPDATE 1553584995 TRANSACTION 488f7ddb81dfc547a7395d06c441f87f
SEND 1553584995 TRANSACTION 79 21674 488f7ddb81dfc547a7395d06c441f87f
SEND 1553584995 TRANSACTION 79 11544 488f7ddb81dfc547a7395d06c441f87f
SEND 1553584995 TRANSACTION 79 16671 488f7ddb81dfc547a7395d06c441f87f
SEND 1553584995 TRANSACTION 79 13623 488f7ddb81dfc547a7395d06c441f87f
SEND 1553584995 TRANSACTION 79 65767 488f7ddb81dfc547a7395d06c441f87f
SEND 1553584995 TRANSACTION 79 10144 488f7ddb81dfc547a7395d06c441f87f
SEND 1553584995 TRANSACTION 79 14161 488f7ddb81dfc547a7395d06c441f87f
SEND 1553584995 TRANSACTION 79 14968 488f7ddb81dfc547a7395d06c441f87f
SEND 1553584995 TRANSACTION 79 17300 488f7ddb81dfc547a7395d06c441f87f
SEND 1553584995 TRANSACTION 79 11133 488f7ddb81dfc547a7395d06c441f87f
SEND 1553584995 TRANSACTION 79 14038 488f7ddb81dfc547a7395d06c441f87f
SEND 1553584995 TRANSACTION 79 40469 488f7ddb81dfc547a7395d06c441f87f
RECIEVED 1553584995 INTRODUCE 35 40 3
RECIEVED 1553584995 INTRODUCE 37 40 3
RECIEVED 1553584995 INTRODUCE 35 40 3
RECIEVED 1553584995 INTRODUCE 36 40 3
RECIEVED 1553584995 INTRODUCE 36 40 3
RECIEVED 1553584995 INTRODUCE 36 40 3
RECIEVED 1553584995 INTRODUCE 36 40 3
RECIEVED 1553584995 INTRODUCE 35 40 3
RECIEVED 1553584995 INTRODUCE 36 40 3
RECIEVED 1553584995 INTRODUCE 36 40 3
RECIEVED 1553584995 INTRODUCE 35 40 3
RECIEVED 1553584995 INTRODUCE 36 40 3
RECIEVED 1553584995 INTRODUCE 37 40 3
RECIEVED 1553584995 INTRODUCE 35 40 3
RECIEVED 1553584995 INTRODUCE 37 40 3
RECIEVED 1553584995 INTRODUCE 36 40 3
RECIEVED 1553584995 INTRODUCE 36 40 3
RECIEVED 1553584995 INTRODUCE 35 40 3
RECIEVED 1553584995 INTRODUCE 37 40 3
RECIEVED 1553584995 INTRODUCE 35 40 3
RECIEVED 1553584995 INTRODUCE 35 40 3
RECIEVED 1553584995 INTRODUCE 36 40 3
RECIEVED 1553584995 JOIN 31 40 3
SEND 1553584995 INTRODUCE 35 10754
SEND 1553584995 INTRODUCE 36 49678
SEND 1553584995 INTRODUCE 36 12907
SEND 1553584995 INTRODUCE 37 11791
SEND 1553584995 INTRODUCE 36 14743
SEND 1553584995 INTRODUCE 35 20002
SEND 1553584995 INTRODUCE 37 12366
SEND 1553584995 INTRODUCE 36 21590
SEND 1553584995 INTRODUCE 35 10964
SEND 1553584995 INTRODUCE 35 15884
SEND 1553584995 INTRODUCE 37 11636
SEND 1553584995 INTRODUCE 36 9160
SEND 1553584995 INTRODUCE 37 12126
SEND 1553584995 INTRODUCE 35 11610
SEND 1553584995 INTRODUCE 36 11286
SEND 1553584995 INTRODUCE 36 11009
SEND 1553584995 INTRODUCE 37 20512
SEND 1553584995 INTRODUCE 36 45984
SEND 1553584995 INTRODUCE 35 10909
SEND 1553584995 INTRODUCE 36 19230
SEND 1553584995 INTRODUCE 36 17590
SEND 1553584995 INTRODUCE 36 11823
SEND 1553584995 INTRODUCE 36 16400
SEND 1553584995 INTRODUCE 35 11587
# recieved string JOIN node14 172.22.94.217 8014

SEND 1553584995 INTRODUCE 36 13234
SEND 1553584995 INTRODUCE 35 121808
SEND 1553584995 INTRODUCE 36 28916
SEND 1553584995 INTRODUCE 36 14846
SEND 1553584995 INTRODUCE 36 13385
SEND 1553584995 INTRODUCE 36 10963
SEND 1553584995 INTRODUCE 37 12063
SEND 1553584995 INTRODUCE 37 12460
SEND 1553584995 INTRODUCE 36 21898
SEND 1553584995 INTRODUCE 36 11968
SEND 1553584995 INTRODUCE 36 16056
SEND 1553584995 INTRODUCE 35 58052
SEND 1553584995 INTRODUCE 36 17965
SEND 1553584995 INTRODUCE 36 9169
SEND 1553584995 INTRODUCE 37 10369
SEND 1553584995 INTRODUCE 36 11162
RECIEVED 1553584995 INTRODUCE 37 41 3
RECIEVED 1553584995 INTRODUCE 37 41 3
RECIEVED 1553584995 INTRODUCE 36 41 3
RECIEVED 1553584995 INTRODUCE 35 41 3
RECIEVED 1553584995 JOIN 32 41 3
SEND 1553584995 INTRODUCE 36 11730
SEND 1553584995 INTRODUCE 35 17288
SEND 1553584995 INTRODUCE 36 10324
SEND 1553584995 INTRODUCE 36 9659
SEND 1553584995 INTRODUCE 37 9766
SEND 1553584995 INTRODUCE 36 10874
SEND 1553584995 INTRODUCE 35 10585
SEND 1553584995 INTRODUCE 36 10369
SEND 1553584995 INTRODUCE 36 11825
SEND 1553584995 INTRODUCE 36 20992
SEND 1553584995 INTRODUCE 35 11621
SEND 1553584995 INTRODUCE 35 11552
SEND 1553584995 INTRODUCE 36 10415
SEND 1553584995 INTRODUCE 36 10696
SEND 1553584995 INTRODUCE 36 9987
SEND 1553584995 INTRODUCE 36 18734
SEND 1553584995 INTRODUCE 36 46868
SEND 1553584995 INTRODUCE 36 10233
SEND 1553584995 INTRODUCE 36 48408
SEND 1553584995 INTRODUCE 36 11221
SEND 1553584995 INTRODUCE 37 15189
SEND 1553584995 INTRODUCE 37 12063
SEND 1553584995 INTRODUCE 36 10371
SEND 1553584995 INTRODUCE 36 9280
SEND 1553584995 INTRODUCE 35 45384
SEND 1553584995 INTRODUCE 36 41868
SEND 1553584995 INTRODUCE 36 11493
SEND 1553584995 INTRODUCE 37 15063
SEND 1553584995 INTRODUCE 36 11960
SEND 1553584995 INTRODUCE 35 11488
SEND 1553584995 INTRODUCE 36 22595
SEND 1553584995 INTRODUCE 36 15427
SEND 1553584995 INTRODUCE 37 20549
SEND 1553584995 INTRODUCE 35 12150
SEND 1553584995 INTRODUCE 35 11200
SEND 1553584995 INTRODUCE 37 53253
SEND 1553584995 INTRODUCE 36 10071
SEND 1553584995 INTRODUCE 37 12208
SEND 1553584995 INTRODUCE 35 22391
SEND 1553584995 INTRODUCE 37 11403
SEND 1553584995 INTRODUCE 36 12400
RECIEVED 1553584995 INTRODUCE 36 42 3
RECIEVED 1553584995 INTRODUCE 35 42 3
RECIEVED 1553584995 INTRODUCE 35 42 3
RECIEVED 1553584995 TRANSACTION 80 42 3
UPDATE 1553584995 TRANSACTION a318cdb978964975d202e2290bc716a7
SEND 1553584995 TRANSACTION 80 19190 a318cdb978964975d202e2290bc716a7
SEND 1553584995 TRANSACTION 80 10644 a318cdb978964975d202e2290bc716a7
SEND 1553584995 TRANSACTION 80 23067 a318cdb978964975d202e2290bc716a7
SEND 1553584995 TRANSACTION 80 16913 a318cdb978964975d202e2290bc716a7
SEND 1553584995 TRANSACTION 80 11233 a318cdb978964975d202e2290bc716a7
SEND 1553584995 TRANSACTION 80 11584 a318cdb978964975d202e2290bc716a7
SEND 1553584995 TRANSACTION 80 15946 a318cdb978964975d202e2290bc716a7
SEND 1553584995 TRANSACTION 80 17712 a318cdb978964975d202e2290bc716a7
SEND 1553584995 TRANSACTION 80 14918 a318cdb978964975d202e2290bc716a7
SEND 1553584995 TRANSACTION 80 15616 a318cdb978964975d202e2290bc716a7
SEND 1553584995 TRANSACTION 80 10558 a318cdb978964975d202e2290bc716a7
SEND 1553584995 TRANSACTION 80 10878 a318cdb978964975d202e2290bc716a7
SEND 1553584995 TRANSACTION 80 15759 a318cdb978964975d202e2290bc716a7
SEND 1553584995 TRANSACTION 80 11022 a318cdb978964975d202e2290bc716a7
SEND 1553584995 TRANSACTION 80 10596 a318cdb978964975d202e2290bc716a7
SEND 1553584995 TRANSACTION 80 16101 a318cdb978964975d202e2290bc716a7
RECIEVED 1553584995 INTRODUCE 36 42 4
RECIEVED 1553584995 INTRODUCE 36 42 4
RECIEVED 1553584995 INTRODUCE 36 42 4
RECIEVED 1553584995 INTRODUCE 36 42 4
RECIEVED 1553584995 INTRODUCE 36 42 4
RECIEVED 1553584995 INTRODUCE 37 42 4
RECIEVED 1553584995 INTRODUCE 36 42 4
RECIEVED 1553584995 INTRODUCE 36 42 4
RECIEVED 1553584995 INTRODUCE 36 42 4
RECIEVED 1553584995 INTRODUCE 36 42 4
RECIEVED 1553584995 INTRODUCE 37 42 4
RECIEVED 1553584995 TRANSACTION 79 42 4
RECIEVED 1553584995 INTRODUCE 36 42 4
RECIEVED 1553584995 INTRODUCE 35 42 4
RECIEVED 1553584995 INTRODUCE 37 42 4
RECIEVED 1553584995 INTRODUCE 35 42 4
RECIEVED 1553584995 INTRODUCE 36 42 4
RECIEVED 1553584995 INTRODUCE 37 42 4
RECIEVED 1553584995 INTRODUCE 35 42 4
RECIEVED 1553584995 INTRODUCE 36 42 4
RECIEVED 1553584995 INTRODUCE 37 42 4
RECIEVED 1553584995 INTRODUCE 36 42 4
RECIEVED 1553584995 INTRODUCE 35 42 4
RECIEVED 1553584995 INTRODUCE 37 42 4
RECIEVED 1553584995 INTRODUCE 35 42 4
RECIEVED 1553584995 INTRODUCE 35 42 4
RECIEVED 1553584995 INTRODUCE 36 42 4
RECIEVED 1553584995 JOIN 31 42 4
RECIEVED 1553584995 INTRODUCE 36 42 4
RECIEVED 1553584995 INTRODUCE 37 42 4
RECIEVED 1553584995 INTRODUCE 35 42 4
RECIEVED 1553584995 JOIN 31 42 4
RECIEVED 1553584995 INTRODUCE 36 42 4
RECIEVED 1553584995 INTRODUCE 36 42 4
RECIEVED 1553584995 INTRODUCE 35 42 4
RECIEVED 1553584995 INTRODUCE 37 42 4
RECIEVED 1553584995 INTRODUCE 35 42 4
RECIEVED 1553584995 INTRODUCE 35 42 4
RECIEVED 1553584995 INTRODUCE 36 42 4
RECIEVED 1553584995 INTRODUCE 35 42 4
RECIEVED 1553584995 INTRODUCE 35 42 4
RECIEVED 1553584995 INTRODUCE 36 42 4
RECIEVED 1553584995 INTRODUCE 36 42 4
RECIEVED 1553584995 INTRODUCE 36 42 4
RECIEVED 1553584995 INTRODUCE 36 42 4
RECIEVED 1553584995 INTRODUCE 36 42 4
RECIEVED 1553584995 INTRODUCE 36 42 4
RECIEVED 1553584995 INTRODUCE 35 42 4
RECIEVED 1553584995 INTRODUCE 35 42 4
RECIEVED 1553584995 INTRODUCE 37 42 4
RECIEVED 1553584995 INTRODUCE 36 42 4
RECIEVED 1553584995 INTRODUCE 35 42 4
RECIEVED 1553584995 INTRODUCE 35 42 4
RECIEVED 1553584995 INTRODUCE 36 42 4
RECIEVED 1553584995 JOIN 31 42 4
SEND 1553584995 INTRODUCE 36 15714
SEND 1553584995 INTRODUCE 36 14371
SEND 1553584995 INTRODUCE 36 34290
SEND 1553584995 INTRODUCE 37 15275
SEND 1553584995 INTRODUCE 37 14939
SEND 1553584995 INTRODUCE 36 13079
SEND 1553584995 INTRODUCE 36 15643
SEND 1553584995 INTRODUCE 36 42942
SEND 1553584996 INTRODUCE 35 10437
SEND 1553584996 INTRODUCE 36 11174
SEND 1553584996 INTRODUCE 36 9689
SEND 1553584996 INTRODUCE 37 10119
SEND 1553584996 INTRODUCE 36 11350
SEND 1553584996 INTRODUCE 36 11387
SEND 1553584996 INTRODUCE 36 11544
SEND 1553584996 INTRODUCE 36 10058
SEND 1553584996 INTRODUCE 37 11679
SEND 1553584996 INTRODUCE 36 10559
SEND 1553584996 INTRODUCE 35 20426
SEND 1553584996 INTRODUCE 37 12037
SEND 1553584996 INTRODUCE 36 18769
SEND 1553584996 INTRODUCE 35 8687
SEND 1553584996 INTRODUCE 35 10247
SEND 1553584996 INTRODUCE 37 25194
SEND 1553584996 INTRODUCE 36 34198
SEND 1553584996 INTRODUCE 37 9857
SEND 1553584996 INTRODUCE 35 10707
SEND 1553584996 INTRODUCE 36 11455
SEND 1553584996 INTRODUCE 36 9888
SEND 1553584996 INTRODUCE 37 18626
SEND 1553584996 INTRODUCE 36 132392
SEND 1553584996 INTRODUCE 35 13075
SEND 1553584996 INTRODUCE 36 27082
SEND 1553584996 INTRODUCE 36 18894
SEND 1553584996 INTRODUCE 36 10556
SEND 1553584996 INTRODUCE 37 11807
SEND 1553584996 INTRODUCE 36 11991
SEND 1553584996 INTRODUCE 35 13015
SEND 1553584996 INTRODUCE 36 11064
SEND 1553584996 INTRODUCE 36 16127
SEND 1553584996 INTRODUCE 35 10098
SEND 1553584996 INTRODUCE 35 10118
RECIEVED 1553584996 INTRODUCE 36 43 4
RECIEVED 1553584996 INTRODUCE 36 43 4
RECIEVED 1553584996 INTRODUCE 36 43 4
RECIEVED 1553584996 INTRODUCE 36 43 4
RECIEVED 1553584996 INTRODUCE 36 43 4
RECIEVED 1553584996 INTRODUCE 37 43 4
RECIEVED 1553584996 INTRODUCE 36 43 4
RECIEVED 1553584996 INTRODUCE 36 43 4
RECIEVED 1553584996 INTRODUCE 36 43 4
RECIEVED 1553584996 INTRODUCE 36 43 4
RECIEVED 1553584996 INTRODUCE 37 43 4
RECIEVED 1553584996 INTRODUCE 36 43 4
RECIEVED 1553584996 INTRODUCE 35 43 4
RECIEVED 1553584996 INTRODUCE 36 43 4
RECIEVED 1553584996 INTRODUCE 36 43 4
RECIEVED 1553584996 INTRODUCE 37 43 4
RECIEVED 1553584996 INTRODUCE 35 43 4
RECIEVED 1553584996 TRANSACTION 81 43 4
RECIEVED 1553584996 INTRODUCE 35 43 4
RECIEVED 1553584996 INTRODUCE 35 43 4
RECIEVED 1553584996 INTRODUCE 35 43 4
RECIEVED 1553584996 INTRODUCE 36 43 4
RECIEVED 1553584996 INTRODUCE 36 43 4
RECIEVED 1553584996 INTRODUCE 35 43 4
RECIEVED 1553584996 INTRODUCE 36 43 4
RECIEVED 1553584996 INTRODUCE 36 43 4
RECIEVED 1553584996 INTRODUCE 36 43 4
RECIEVED 1553584996 TRANSACTION 80 43 4
RECIEVED 1553584996 INTRODUCE 36 43 4
RECIEVED 1553584996 TRANSACTION 81 43 4
UPDATE 1553584996 TRANSACTION dba65a4a352a874d898423793b51c4f4
SEND 1553584996 TRANSACTION 81 13832 dba65a4a352a874d898423793b51c4f4
SEND 1553584996 TRANSACTION 81 9857 dba65a4a352a874d898423793b51c4f4
SEND 1553584996 TRANSACTION 81 11404 dba65a4a352a874d898423793b51c4f4
SEND 1553584996 TRANSACTION 81 14941 dba65a4a352a874d898423793b51c4f4
SEND 1553584996 TRANSACTION 81 10316 dba65a4a352a874d898423793b51c4f4
SEND 1553584996 TRANSACTION 81 28659 dba65a4a352a874d898423793b51c4f4
SEND 1553584996 TRANSACTION 81 13314 dba65a4a352a874d898423793b51c4f4
SEND 1553584996 TRANSACTION 81 10794 dba65a4a352a874d898423793b51c4f4
SEND 1553584996 TRANSACTION 81 11606 dba65a4a352a874d898423793b51c4f4
SEND 1553584996 TRANSACTION 81 10432 dba65a4a352a874d898423793b51c4f4
SEND 1553584996 TRANSACTION 81 15028 dba65a4a352a874d898423793b51c4f4
SEND 1553584996 TRANSACTION 81 14165 dba65a4a352a874d898423793b51c4f4
SEND 1553584996 TRANSACTION 81 15327 dba65a4a352a874d898423793b51c4f4
# Failed listening 
%!(EXTRA string=node2)# ERROR: read tcp 172.22.94.217:55106->172.22.156.208:8002: read: connection reset by peer
SEND 1553584996 TRANSACTION 81 15290 dba65a4a352a874d898423793b51c4f4
SEND 1553584996 TRANSACTION 81 16069 dba65a4a352a874d898423793b51c4f4
SEND 1553584996 TRANSACTION 81 14001 dba65a4a352a874d898423793b51c4f4
SEND 1553584996 TRANSACTION 81 19694 dba65a4a352a874d898423793b51c4f4
RECIEVED 1553584996 INTRODUCE 36 43 5
RECIEVED 1553584996 INTRODUCE 36 43 5
RECIEVED 1553584996 INTRODUCE 36 43 5
RECIEVED 1553584996 INTRODUCE 36 43 5
RECIEVED 1553584996 INTRODUCE 36 43 5
RECIEVED 1553584996 INTRODUCE 36 43 5
RECIEVED 1553584996 TRANSACTION 81 43 5
RECIEVED 1553584996 INTRODUCE 36 43 5
RECIEVED 1553584996 INTRODUCE 36 43 5
RECIEVED 1553584996 TRANSACTION 79 43 5
RECIEVED 1553584996 INTRODUCE 35 43 5
RECIEVED 1553584996 INTRODUCE 37 43 5
RECIEVED 1553584996 INTRODUCE 37 43 5
RECIEVED 1553584996 INTRODUCE 37 43 5
RECIEVED 1553584996 INTRODUCE 36 43 5
RECIEVED 1553584996 INTRODUCE 36 43 5
RECIEVED 1553584996 INTRODUCE 36 43 5
RECIEVED 1553584996 INTRODUCE 36 43 5
RECIEVED 1553584996 TRANSACTION 81 43 5
UPDATE 1553584996 TRANSACTION 1ba51fcf5e7be55d3c151e5d2c4837b1
SEND 1553584996 TRANSACTION 81 15656 1ba51fcf5e7be55d3c151e5d2c4837b1
SEND 1553584996 TRANSACTION 81 16335 1ba51fcf5e7be55d3c151e5d2c4837b1
SEND 1553584996 TRANSACTION 81 16160 1ba51fcf5e7be55d3c151e5d2c4837b1
SEND 1553584996 TRANSACTION 81 13315 1ba51fcf5e7be55d3c151e5d2c4837b1
SEND 1553584996 TRANSACTION 81 37288 1ba51fcf5e7be55d3c151e5d2c4837b1
SEND 1553584996 TRANSACTION 81 68962 1ba51fcf5e7be55d3c151e5d2c4837b1
SEND 1553584996 TRANSACTION 81 13530 1ba51fcf5e7be55d3c151e5d2c4837b1
SEND 1553584996 TRANSACTION 81 17529 1ba51fcf5e7be55d3c151e5d2c4837b1
SEND 1553584996 TRANSACTION 81 11498 1ba51fcf5e7be55d3c151e5d2c4837b1
SEND 1553584996 TRANSACTION 81 11066 1ba51fcf5e7be55d3c151e5d2c4837b1
# Failed sending to node node2
# ERROR: write tcp 172.22.94.217:55106->172.22.156.208:8002: write: broken pipe
# Could not send message to node2
SEND 1553584996 TRANSACTION 81 10072 1ba51fcf5e7be55d3c151e5d2c4837b1
SEND 1553584996 TRANSACTION 81 10148 1ba51fcf5e7be55d3c151e5d2c4837b1
SEND 1553584996 TRANSACTION 81 10954 1ba51fcf5e7be55d3c151e5d2c4837b1
SEND 1553584996 TRANSACTION 81 10286 1ba51fcf5e7be55d3c151e5d2c4837b1
SEND 1553584996 TRANSACTION 81 11827 1ba51fcf5e7be55d3c151e5d2c4837b1
RECIEVED 1553584996 TRANSACTION 80 42 6
RECIEVED 1553584996 INTRODUCE 36 42 6
RECIEVED 1553584996 INTRODUCE 36 42 6
RECIEVED 1553584996 INTRODUCE 35 42 6
RECIEVED 1553584996 INTRODUCE 36 42 6
RECIEVED 1553584996 INTRODUCE 35 42 6
RECIEVED 1553584996 INTRODUCE 36 42 6
RECIEVED 1553584996 INTRODUCE 36 42 6
RECIEVED 1553584996 INTRODUCE 36 42 6
RECIEVED 1553584996 INTRODUCE 36 42 6
RECIEVED 1553584996 INTRODUCE 36 42 6
SEND 1553584996 INTRODUCE 36 15198
SEND 1553584996 INTRODUCE 36 17618
SEND 1553584996 INTRODUCE 36 14695
SEND 1553584996 INTRODUCE 36 19321
SEND 1553584996 INTRODUCE 36 14422
SEND 1553584996 INTRODUCE 36 16654
SEND 1553584996 INTRODUCE 36 10773
SEND 1553584996 INTRODUCE 36 13119
SEND 1553584996 INTRODUCE 36 11154
SEND 1553584996 INTRODUCE 36 15524
SEND 1553584996 INTRODUCE 36 13490
SEND 1553584996 INTRODUCE 36 14584
SEND 1553584996 INTRODUCE 36 10615
SEND 1553584996 INTRODUCE 36 17140
SEND 1553584996 INTRODUCE 36 15131
SEND 1553584996 INTRODUCE 36 16556
SEND 1553584996 INTRODUCE 36 11292
SEND 1553584996 INTRODUCE 36 55547
SEND 1553584996 INTRODUCE 36 22095
SEND 1553584996 INTRODUCE 36 12580
SEND 1553584996 INTRODUCE 36 14905
SEND 1553584996 INTRODUCE 36 11566
SEND 1553584996 INTRODUCE 36 12918
SEND 1553584996 INTRODUCE 36 22479
SEND 1553584996 INTRODUCE 36 12701
SEND 1553584996 INTRODUCE 36 13481
SEND 1553584996 INTRODUCE 36 16837
SEND 1553584996 INTRODUCE 36 11308
SEND 1553584996 INTRODUCE 36 11845
SEND 1553584996 INTRODUCE 36 11457
SEND 1553584996 INTRODUCE 36 11267
SEND 1553584996 INTRODUCE 36 12104
SEND 1553584996 INTRODUCE 36 54928
SEND 1553584996 INTRODUCE 36 11812
SEND 1553584996 INTRODUCE 36 11252
SEND 1553584996 INTRODUCE 36 14736
SEND 1553584996 INTRODUCE 36 11499
SEND 1553584996 INTRODUCE 36 16252
SEND 1553584996 INTRODUCE 36 14628
SEND 1553584996 INTRODUCE 36 10684
SEND 1553584996 INTRODUCE 36 10323
SEND 1553584996 INTRODUCE 36 11553
SEND 1553584996 JOIN 30 12479
RECIEVED 1553584996 INTRODUCE 37 43 6
RECIEVED 1553584996 INTRODUCE 36 43 6
RECIEVED 1553584996 INTRODUCE 36 43 6
RECIEVED 1553584996 INTRODUCE 36 43 6
RECIEVED 1553584996 INTRODUCE 36 43 6
RECIEVED 1553584996 INTRODUCE 37 43 6
RECIEVED 1553584996 INTRODUCE 36 43 6
RECIEVED 1553584996 INTRODUCE 36 43 6
RECIEVED 1553584996 INTRODUCE 36 43 6
RECIEVED 1553584996 INTRODUCE 36 43 6
RECIEVED 1553584996 TRANSACTION 81 43 6
RECIEVED 1553584996 INTRODUCE 36 43 6
RECIEVED 1553584996 INTRODUCE 36 43 6
RECIEVED 1553584996 INTRODUCE 36 43 6
RECIEVED 1553584996 INTRODUCE 36 43 6
RECIEVED 1553584996 INTRODUCE 36 43 6
RECIEVED 1553584996 INTRODUCE 36 43 6
RECIEVED 1553584996 INTRODUCE 36 43 6
RECIEVED 1553584996 INTRODUCE 36 43 6
RECIEVED 1553584996 INTRODUCE 36 43 6
RECIEVED 1553584996 INTRODUCE 35 43 6
RECIEVED 1553584996 INTRODUCE 36 43 6
RECIEVED 1553584996 INTRODUCE 37 43 6
RECIEVED 1553584996 INTRODUCE 36 43 6
RECIEVED 1553584996 INTRODUCE 36 43 6
RECIEVED 1553584996 INTRODUCE 35 43 6
RECIEVED 1553584996 INTRODUCE 36 43 6
RECIEVED 1553584996 INTRODUCE 36 43 6
RECIEVED 1553584996 INTRODUCE 36 43 6
RECIEVED 1553584996 INTRODUCE 36 43 6
RECIEVED 1553584996 INTRODUCE 37 43 6
RECIEVED 1553584996 INTRODUCE 36 43 6
RECIEVED 1553584996 INTRODUCE 35 43 6
RECIEVED 1553584996 INTRODUCE 37 43 6
# Failed listening 
%!(EXTRA string=node8)# ERROR: read tcp 172.22.94.217:43324->172.22.156.208:8008: read: connection reset by peer
RECIEVED 1553584996 TRANSACTION 79 43 6
UPDATE 1553584996 TRANSACTION 965550deb6cc561e2a757179e13b788e
SEND 1553584996 TRANSACTION 79 11073 965550deb6cc561e2a757179e13b788e
SEND 1553584996 TRANSACTION 79 14002 965550deb6cc561e2a757179e13b788e
SEND 1553584996 TRANSACTION 79 15009 965550deb6cc561e2a757179e13b788e
SEND 1553584996 TRANSACTION 79 15302 965550deb6cc561e2a757179e13b788e
SEND 1553584996 TRANSACTION 79 11267 965550deb6cc561e2a757179e13b788e
SEND 1553584996 TRANSACTION 79 11921 965550deb6cc561e2a757179e13b788e
SEND 1553584996 TRANSACTION 79 16854 965550deb6cc561e2a757179e13b788e
SEND 1553584996 TRANSACTION 79 19573 965550deb6cc561e2a757179e13b788e
SEND 1553584996 TRANSACTION 79 12163 965550deb6cc561e2a757179e13b788e
SEND 1553584996 TRANSACTION 79 18533 965550deb6cc561e2a757179e13b788e
SEND 1553584996 TRANSACTION 79 11353 965550deb6cc561e2a757179e13b788e
SEND 1553584996 TRANSACTION 79 14418 965550deb6cc561e2a757179e13b788e
SEND 1553584996 TRANSACTION 79 11291 965550deb6cc561e2a757179e13b788e
RECIEVED 1553584996 INTRODUCE 36 43 7
RECIEVED 1553584996 INTRODUCE 36 43 7
RECIEVED 1553584996 INTRODUCE 36 43 7
RECIEVED 1553584996 INTRODUCE 35 43 7
RECIEVED 1553584996 INTRODUCE 35 43 7
RECIEVED 1553584996 INTRODUCE 37 43 7
RECIEVED 1553584996 INTRODUCE 37 43 7
RECIEVED 1553584996 TRANSACTION 81 43 7
UPDATE 1553584996 TRANSACTION 9fbbbb400fdc9913b6e5a980f0882664
SEND 1553584996 TRANSACTION 81 10156 9fbbbb400fdc9913b6e5a980f0882664
SEND 1553584996 TRANSACTION 81 19371 9fbbbb400fdc9913b6e5a980f0882664
SEND 1553584996 TRANSACTION 81 11557 9fbbbb400fdc9913b6e5a980f0882664
SEND 1553584996 TRANSACTION 81 10458 9fbbbb400fdc9913b6e5a980f0882664
SEND 1553584996 TRANSACTION 81 10631 9fbbbb400fdc9913b6e5a980f0882664
SEND 1553584996 TRANSACTION 81 11517 9fbbbb400fdc9913b6e5a980f0882664
SEND 1553584996 TRANSACTION 81 48511 9fbbbb400fdc9913b6e5a980f0882664
SEND 1553584996 TRANSACTION 81 22228 9fbbbb400fdc9913b6e5a980f0882664
# Failed listening 
%!(EXTRA string=node6)# ERROR: read tcp 172.22.94.217:50740->172.22.94.217:8006: read: connection reset by peer
SEND 1553584996 TRANSACTION 81 15216 9fbbbb400fdc9913b6e5a980f0882664
SEND 1553584996 TRANSACTION 81 15328 9fbbbb400fdc9913b6e5a980f0882664
# Failed listening 
%!(EXTRA string=node2)# ERROR: read tcp 172.22.94.217:48978->172.22.94.217:8002: read: connection reset by peer
SEND 1553584996 TRANSACTION 81 11485 9fbbbb400fdc9913b6e5a980f0882664
SEND 1553584996 TRANSACTION 81 12112 9fbbbb400fdc9913b6e5a980f0882664
SEND 1553584996 TRANSACTION 81 11497 9fbbbb400fdc9913b6e5a980f0882664
SEND 1553584996 TRANSACTION 81 10616 9fbbbb400fdc9913b6e5a980f0882664
RECIEVED 1553584996 INTRODUCE 36 43 8
RECIEVED 1553584996 INTRODUCE 36 43 8
RECIEVED 1553584996 INTRODUCE 36 43 8
RECIEVED 1553584996 INTRODUCE 36 43 8
RECIEVED 1553584996 INTRODUCE 36 43 8
RECIEVED 1553584996 INTRODUCE 37 43 8
RECIEVED 1553584996 INTRODUCE 35 43 8
RECIEVED 1553584996 INTRODUCE 36 43 8
RECIEVED 1553584996 INTRODUCE 37 43 8
RECIEVED 1553584996 INTRODUCE 37 43 8
RECIEVED 1553584996 INTRODUCE 36 43 8
RECIEVED 1553584996 INTRODUCE 37 43 8
RECIEVED 1553584996 TRANSACTION 81 43 8
RECIEVED 1553584996 INTRODUCE 37 43 8
RECIEVED 1553584996 INTRODUCE 36 43 8
RECIEVED 1553584996 INTRODUCE 36 43 8
# Failed listening 
%!(EXTRA string=node4)# ERROR: read tcp 172.22.94.217:37978->172.22.156.208:8004: read: connection reset by peer
# Failed listening 
%!(EXTRA string=node10)# ERROR: read tcp 172.22.94.217:38494->172.22.156.208:8010: read: connection reset by peer
RECIEVED 1553584996 INTRODUCE 36 43 8
RECIEVED 1553584996 INTRODUCE 37 43 8
RECIEVED 1553584996 INTRODUCE 36 43 8
RECIEVED 1553584996 INTRODUCE 35 43 8
RECIEVED 1553584996 INTRODUCE 37 43 8
RECIEVED 1553584996 INTRODUCE 36 43 8
# recieved string JOIN node17 172.22.156.206 8017

RECIEVED 1553584996 JOIN 32 43 8
SEND 1553584996 INTRODUCE 36 12004
SEND 1553584996 INTRODUCE 36 10245
SEND 1553584996 INTRODUCE 37 10907
SEND 1553584996 INTRODUCE 37 15869
SEND 1553584996 INTRODUCE 36 10391
SEND 1553584996 INTRODUCE 36 10445
# Failed listening 
%!(EXTRA string=node6)# ERROR: read tcp 172.22.94.217:36300->172.22.156.208:8006: read: connection reset by peer
SEND 1553584996 INTRODUCE 36 51453
SEND 1553584996 INTRODUCE 36 12947
SEND 1553584996 INTRODUCE 36 11393
SEND 1553584996 INTRODUCE 36 11043
SEND 1553584996 INTRODUCE 37 10896
SEND 1553584996 INTRODUCE 36 10796
SEND 1553584996 INTRODUCE 36 10812
SEND 1553584996 INTRODUCE 35 21005
# recieved string JOIN node15 172.22.94.217 8015

SEND 1553584996 INTRODUCE 36 30728
SEND 1553584996 INTRODUCE 37 17884
SEND 1553584996 INTRODUCE 36 11257
SEND 1553584996 INTRODUCE 35 16359
SEND 1553584996 INTRODUCE 36 15575
SEND 1553584996 INTRODUCE 36 10947
SEND 1553584996 INTRODUCE 35 11398
SEND 1553584996 INTRODUCE 35 10788
SEND 1553584996 INTRODUCE 37 10461
SEND 1553584996 INTRODUCE 36 11863
SEND 1553584996 INTRODUCE 36 10240
SEND 1553584996 INTRODUCE 37 10474
SEND 1553584996 INTRODUCE 35 11488
SEND 1553584996 INTRODUCE 37 19836
SEND 1553584996 INTRODUCE 36 30909
SEND 1553584996 INTRODUCE 37 20135
SEND 1553584996 INTRODUCE 36 11184
SEND 1553584996 INTRODUCE 35 9131
SEND 1553584996 INTRODUCE 36 32922
SEND 1553584996 INTRODUCE 36 15623
SEND 1553584996 INTRODUCE 36 9867
SEND 1553584996 INTRODUCE 37 35939
SEND 1553584996 INTRODUCE 36 10049
SEND 1553584996 INTRODUCE 35 10404
SEND 1553584996 INTRODUCE 36 9812
SEND 1553584996 INTRODUCE 36 15103
SEND 1553584996 INTRODUCE 35 16017
SEND 1553584996 INTRODUCE 35 136775
SEND 1553584996 INTRODUCE 36 10993
RECIEVED 1553584996 INTRODUCE 37 44 8
RECIEVED 1553584996 INTRODUCE 36 44 8
RECIEVED 1553584996 INTRODUCE 36 44 8
RECIEVED 1553584996 INTRODUCE 37 44 8
RECIEVED 1553584996 INTRODUCE 36 44 8
RECIEVED 1553584996 INTRODUCE 37 44 8
RECIEVED 1553584996 INTRODUCE 36 44 8
RECIEVED 1553584996 INTRODUCE 37 44 8
RECIEVED 1553584996 INTRODUCE 35 44 8
RECIEVED 1553584996 INTRODUCE 37 44 8
RECIEVED 1553584996 JOIN 31 44 8
SEND 1553584996 INTRODUCE 35 16225
# recieved string JOIN node16 172.22.156.208 8016

SEND 1553584996 INTRODUCE 35 11236
SEND 1553584996 INTRODUCE 37 13026
# Failed listening 
%!(EXTRA string=node3)# ERROR: read tcp 172.22.94.217:45478->172.22.156.208:8003: read: connection reset by peer
SEND 1553584996 INTRODUCE 36 18836
SEND 1553584996 INTRODUCE 37 21838
SEND 1553584996 INTRODUCE 35 11904
SEND 1553584996 INTRODUCE 37 14740
SEND 1553584996 INTRODUCE 36 12764
SEND 1553584996 INTRODUCE 36 12662
SEND 1553584996 INTRODUCE 36 22675
SEND 1553584996 INTRODUCE 35 15414
SEND 1553584996 INTRODUCE 36 14220
SEND 1553584996 INTRODUCE 36 13285
SEND 1553584996 INTRODUCE 37 13414
SEND 1553584996 INTRODUCE 36 11068
SEND 1553584996 INTRODUCE 35 12530
SEND 1553584996 INTRODUCE 36 24068
SEND 1553584996 INTRODUCE 36 11078
SEND 1553584996 INTRODUCE 36 11229
SEND 1553584996 INTRODUCE 37 10345
SEND 1553584996 INTRODUCE 35 10192
SEND 1553584996 INTRODUCE 35 10443
SEND 1553584996 INTRODUCE 36 10909
SEND 1553584996 INTRODUCE 36 10684
SEND 1553584996 INTRODUCE 36 10806
SEND 1553584996 INTRODUCE 36 10718
SEND 1553584996 INTRODUCE 36 10247
SEND 1553584996 INTRODUCE 36 10179
SEND 1553584996 INTRODUCE 36 10356
SEND 1553584996 INTRODUCE 37 10088
SEND 1553584996 INTRODUCE 37 10948
SEND 1553584996 INTRODUCE 36 10860
SEND 1553584996 INTRODUCE 36 10266
SEND 1553584996 INTRODUCE 36 10610
SEND 1553584996 INTRODUCE 35 10363
SEND 1553584996 INTRODUCE 36 10085
SEND 1553584996 INTRODUCE 36 10196
SEND 1553584996 INTRODUCE 37 10017
SEND 1553584996 INTRODUCE 36 9886
SEND 1553584996 INTRODUCE 35 8951
SEND 1553584996 INTRODUCE 36 10579
SEND 1553584996 INTRODUCE 36 10224
SEND 1553584996 INTRODUCE 37 10363
SEND 1553584996 INTRODUCE 37 9811
RECIEVED 1553584996 INTRODUCE 36 45 8
RECIEVED 1553584996 INTRODUCE 36 45 8
RECIEVED 1553584996 INTRODUCE 36 45 8
RECIEVED 1553584996 INTRODUCE 36 45 8
RECIEVED 1553584996 TRANSACTION 81 45 8
RECIEVED 1553584996 INTRODUCE 36 45 8
RECIEVED 1553584996 INTRODUCE 36 45 8
RECIEVED 1553584996 JOIN 32 45 8
SEND 1553584996 INTRODUCE 36 18125
SEND 1553584996 INTRODUCE 37 45373
SEND 1553584996 INTRODUCE 37 11435
SEND 1553584996 INTRODUCE 36 15948
SEND 1553584996 INTRODUCE 35 10633
SEND 1553584996 INTRODUCE 36 16033
SEND 1553584996 INTRODUCE 36 21939
SEND 1553584996 INTRODUCE 35 10638
SEND 1553584996 INTRODUCE 35 16296
SEND 1553584996 INTRODUCE 37 10195
SEND 1553584996 INTRODUCE 36 42952
# Failed listening 
%!(EXTRA string=node5)# ERROR: read tcp 172.22.94.217:47188->172.22.94.217:8005: read: connection reset by peer
SEND 1553584996 INTRODUCE 36 10657
SEND 1553584996 INTRODUCE 37 12918
SEND 1553584996 INTRODUCE 35 13888
SEND 1553584996 INTRODUCE 37 10555
SEND 1553584996 INTRODUCE 36 10549
SEND 1553584996 INTRODUCE 37 10070
SEND 1553584996 INTRODUCE 36 14965
SEND 1553584996 INTRODUCE 35 10282
SEND 1553584996 INTRODUCE 36 14640
SEND 1553584996 INTRODUCE 36 10092
SEND 1553584996 INTRODUCE 36 15226
SEND 1553584996 INTRODUCE 37 15716
SEND 1553584996 INTRODUCE 36 15330
SEND 1553584996 INTRODUCE 35 11247
SEND 1553584996 INTRODUCE 36 13719
SEND 1553584996 INTRODUCE 36 15721
SEND 1553584996 INTRODUCE 35 10329
SEND 1553584996 INTRODUCE 35 15189
SEND 1553584996 INTRODUCE 36 12081
SEND 1553584996 INTRODUCE 36 17511
SEND 1553584996 INTRODUCE 36 59992
SEND 1553584996 INTRODUCE 37 13456
SEND 1553584996 INTRODUCE 37 11047
SEND 1553584996 INTRODUCE 36 12742
SEND 1553584996 INTRODUCE 36 12005
SEND 1553584996 INTRODUCE 36 21738
SEND 1553584996 INTRODUCE 36 14148
SEND 1553584996 INTRODUCE 36 11675
SEND 1553584996 INTRODUCE 36 10848
SEND 1553584996 INTRODUCE 36 10758
SEND 1553584996 INTRODUCE 37 11634
SEND 1553584996 INTRODUCE 36 10538
SEND 1553584996 INTRODUCE 36 9628
SEND 1553584996 INTRODUCE 35 9922
RECIEVED 1553584996 INTRODUCE 37 46 8
RECIEVED 1553584996 INTRODUCE 36 46 8
RECIEVED 1553584996 INTRODUCE 36 46 8
RECIEVED 1553584996 INTRODUCE 36 46 8
RECIEVED 1553584996 INTRODUCE 37 46 8
RECIEVED 1553584996 INTRODUCE 36 46 8
RECIEVED 1553584996 INTRODUCE 37 46 8
RECIEVED 1553584996 INTRODUCE 36 46 8
RECIEVED 1553584996 INTRODUCE 36 46 8
RECIEVED 1553584996 INTRODUCE 36 46 8
RECIEVED 1553584996 INTRODUCE 36 46 8
RECIEVED 1553584996 TRANSACTION 81 46 8
RECIEVED 1553584996 INTRODUCE 36 46 8
RECIEVED 1553584996 INTRODUCE 36 46 8
RECIEVED 1553584996 INTRODUCE 37 46 8
RECIEVED 1553584996 INTRODUCE 36 46 8
RECIEVED 1553584996 INTRODUCE 37 46 8
RECIEVED 1553584996 INTRODUCE 35 46 8
RECIEVED 1553584996 TRANSACTION 81 46 8
RECIEVED 1553584996 INTRODUCE 35 46 8
RECIEVED 1553584996 INTRODUCE 36 46 8
RECIEVED 1553584996 TRANSACTION 81 46 8
RECIEVED 1553584996 INTRODUCE 37 46 8
RECIEVED 1553584996 INTRODUCE 37 46 8
RECIEVED 1553584996 INTRODUCE 36 46 8
RECIEVED 1553584996 INTRODUCE 36 46 8
RECIEVED 1553584996 INTRODUCE 36 46 8
RECIEVED 1553584996 INTRODUCE 36 46 8
RECIEVED 1553584996 TRANSACTION 81 46 8
RECIEVED 1553584996 INTRODUCE 36 46 8
RECIEVED 1553584996 INTRODUCE 36 46 8
RECIEVED 1553584996 INTRODUCE 35 46 8
RECIEVED 1553584996 TRANSACTION 79 46 8
RECIEVED 1553584996 INTRODUCE 36 46 8
RECIEVED 1553584996 INTRODUCE 36 46 8
RECIEVED 1553584996 INTRODUCE 36 46 8
RECIEVED 1553584996 INTRODUCE 36 46 8
RECIEVED 1553584996 INTRODUCE 36 46 8
RECIEVED 1553584996 INTRODUCE 35 46 8
RECIEVED 1553584996 TRANSACTION 79 46 8
RECIEVED 1553584996 INTRODUCE 35 46 8
RECIEVED 1553584996 INTRODUCE 37 46 8
RECIEVED 1553584996 TRANSACTION 80 46 8
RECIEVED 1553584996 INTRODUCE 37 46 8
# recieved string JOIN node14 172.22.156.206 8014

# recieved string JOIN node18 172.22.94.217 8018

# Failed listening 
%!(EXTRA string=node4)# ERROR: read tcp 172.22.94.217:48122->172.22.94.217:8004: read: connection reset by peer
RECIEVED 1553584996 JOIN 32 46 8
SEND 1553584996 INTRODUCE 36 10636
# Failed listening 
%!(EXTRA string=node8)# ERROR: read tcp 172.22.94.217:57214->172.22.94.217:8008: read: connection reset by peer
# Failed listening 
%!(EXTRA string=node3)# ERROR: read tcp 172.22.94.217:37914->172.22.156.206:8003: read: connection reset by peer
SEND 1553584996 INTRODUCE 36 9927
SEND 1553584996 INTRODUCE 37 11974
SEND 1553584996 INTRODUCE 36 11765
SEND 1553584996 INTRODUCE 36 24082
SEND 1553584996 INTRODUCE 35 10961
SEND 1553584996 INTRODUCE 36 10590
SEND 1553584996 INTRODUCE 37 11953
SEND 1553584996 INTRODUCE 37 11116
SEND 1553584996 INTRODUCE 37 10904
SEND 1553584996 INTRODUCE 36 10224
SEND 1553584996 INTRODUCE 35 10313
SEND 1553584996 INTRODUCE 36 10971
SEND 1553584996 INTRODUCE 36 9859
SEND 1553584996 INTRODUCE 35 16019
SEND 1553584996 INTRODUCE 35 9684
SEND 1553584996 INTRODUCE 37 16251
SEND 1553584996 INTRODUCE 36 11300
SEND 1553584996 INTRODUCE 36 10570
SEND 1553584996 INTRODUCE 37 12859
SEND 1553584996 INTRODUCE 35 10702
SEND 1553584996 INTRODUCE 37 10679
SEND 1553584996 INTRODUCE 36 11096
SEND 1553584996 INTRODUCE 37 10855
SEND 1553584996 INTRODUCE 36 10472
SEND 1553584996 INTRODUCE 35 10500
SEND 1553584996 INTRODUCE 36 12814
SEND 1553584996 INTRODUCE 36 10023
SEND 1553584996 INTRODUCE 36 10412
SEND 1553584996 INTRODUCE 37 9775
SEND 1553584996 INTRODUCE 36 9769
SEND 1553584996 INTRODUCE 35 12083
SEND 1553584996 INTRODUCE 36 13256
SEND 1553584996 INTRODUCE 36 9917
SEND 1553584996 INTRODUCE 35 16454
SEND 1553584996 INTRODUCE 35 14512
SEND 1553584996 INTRODUCE 36 9214
SEND 1553584996 INTRODUCE 36 14281
SEND 1553584996 INTRODUCE 36 10532
SEND 1553584996 INTRODUCE 37 9240
SEND 1553584996 INTRODUCE 37 8360
SEND 1553584996 INTRODUCE 36 9400
SEND 1553584996 INTRODUCE 36 11608
SEND 1553584996 INTRODUCE 36 15665
SEND 1553584996 INTRODUCE 36 10031
SEND 1553584996 INTRODUCE 36 18671
RECIEVED 1553584996 JOIN 31 47 8
SEND 1553584996 INTRODUCE 35 17924
SEND 1553584996 INTRODUCE 37 14462
SEND 1553584996 INTRODUCE 36 16140
SEND 1553584996 INTRODUCE 36 9543
# Failed listening 
%!(EXTRA string=node0)# ERROR: read tcp 172.22.94.217:43040->172.22.94.217:8000: read: connection reset by peer
SEND 1553584996 INTRODUCE 37 10881
SEND 1553584996 INTRODUCE 35 10909
SEND 1553584996 INTRODUCE 36 13684
SEND 1553584996 INTRODUCE 36 13628
SEND 1553584996 INTRODUCE 37 13971
SEND 1553584996 INTRODUCE 36 28415
SEND 1553584996 INTRODUCE 35 10750
SEND 1553584996 INTRODUCE 36 11964
SEND 1553584996 INTRODUCE 36 22087
SEND 1553584996 INTRODUCE 36 12647
SEND 1553584996 INTRODUCE 37 10345
SEND 1553584996 INTRODUCE 37 18731
SEND 1553584996 INTRODUCE 36 12100
SEND 1553584996 INTRODUCE 35 15076
SEND 1553584996 INTRODUCE 36 14597
SEND 1553584996 INTRODUCE 36 40149
SEND 1553584996 INTRODUCE 35 18108
SEND 1553584996 INTRODUCE 36 14072
SEND 1553584996 INTRODUCE 36 12807
SEND 1553584996 INTRODUCE 36 14346
SEND 1553584996 INTRODUCE 36 16120
SEND 1553584996 INTRODUCE 37 13919
SEND 1553584996 INTRODUCE 37 14677
SEND 1553584996 INTRODUCE 36 15950
SEND 1553584996 INTRODUCE 36 12530
SEND 1553584996 INTRODUCE 36 11625
SEND 1553584996 INTRODUCE 36 14882
SEND 1553584996 INTRODUCE 35 12104
SEND 1553584996 INTRODUCE 36 10891
SEND 1553584996 INTRODUCE 36 9613
SEND 1553584996 INTRODUCE 37 15157
SEND 1553584996 INTRODUCE 36 14460
SEND 1553584996 INTRODUCE 35 14450
SEND 1553584996 INTRODUCE 36 14429
SEND 1553584996 INTRODUCE 36 21724
SEND 1553584996 INTRODUCE 37 11620
SEND 1553584996 INTRODUCE 37 13520
SEND 1553584996 INTRODUCE 37 13762
SEND 1553584996 INTRODUCE 36 10392
SEND 1553584996 INTRODUCE 35 11255
SEND 1553584996 INTRODUCE 37 14205
SEND 1553584996 INTRODUCE 36 13815
SEND 1553584996 INTRODUCE 35 12580
RECIEVED 1553584996 INTRODUCE 36 48 8
RECIEVED 1553584996 INTRODUCE 36 48 8
RECIEVED 1553584996 TRANSACTION 81 48 8
RECIEVED 1553584996 INTRODUCE 36 48 8
RECIEVED 1553584996 INTRODUCE 36 48 8
RECIEVED 1553584996 INTRODUCE 36 48 8
RECIEVED 1553584996 INTRODUCE 37 48 8
RECIEVED 1553584996 TRANSACTION 81 48 8
RECIEVED 1553584996 INTRODUCE 36 48 8
RECIEVED 1553584996 TRANSACTION 81 48 8
RECIEVED 1553584996 INTRODUCE 36 48 8
RECIEVED 1553584996 INTRODUCE 35 48 8
RECIEVED 1553584996 INTRODUCE 36 48 8
RECIEVED 1553584996 INTRODUCE 36 48 8
RECIEVED 1553584996 INTRODUCE 36 48 8
RECIEVED 1553584996 INTRODUCE 36 48 8
RECIEVED 1553584996 INTRODUCE 36 48 8
RECIEVED 1553584996 INTRODUCE 35 48 8
RECIEVED 1553584996 INTRODUCE 36 48 8
RECIEVED 1553584996 INTRODUCE 36 48 8
RECIEVED 1553584996 INTRODUCE 36 48 8
RECIEVED 1553584996 INTRODUCE 35 48 8
RECIEVED 1553584996 INTRODUCE 35 48 8
RECIEVED 1553584996 INTRODUCE 37 48 8
RECIEVED 1553584996 INTRODUCE 37 48 8
RECIEVED 1553584996 INTRODUCE 37 48 8
RECIEVED 1553584996 INTRODUCE 36 48 8
RECIEVED 1553584996 INTRODUCE 37 48 8
RECIEVED 1553584996 INTRODUCE 37 48 8
RECIEVED 1553584996 INTRODUCE 35 48 8
RECIEVED 1553584996 INTRODUCE 35 48 8
RECIEVED 1553584996 INTRODUCE 36 48 8
RECIEVED 1553584996 INTRODUCE 36 48 8
RECIEVED 1553584996 INTRODUCE 36 48 8
RECIEVED 1553584996 INTRODUCE 37 48 8
RECIEVED 1553584996 INTRODUCE 36 48 8
RECIEVED 1553584996 INTRODUCE 37 48 8
RECIEVED 1553584996 INTRODUCE 36 48 8
RECIEVED 1553584996 INTRODUCE 37 48 8
RECIEVED 1553584996 INTRODUCE 36 48 8
RECIEVED 1553584996 INTRODUCE 36 48 8
RECIEVED 1553584996 INTRODUCE 36 48 8
RECIEVED 1553584996 INTRODUCE 36 48 8
RECIEVED 1553584996 INTRODUCE 35 48 8
RECIEVED 1553584996 INTRODUCE 37 48 8
RECIEVED 1553584996 INTRODUCE 37 48 8
RECIEVED 1553584996 INTRODUCE 36 48 8
RECIEVED 1553584996 INTRODUCE 37 48 8
RECIEVED 1553584996 INTRODUCE 37 48 8
# recieved string JOIN node18 172.22.156.206 8018

RECIEVED 1553584996 JOIN 32 48 8
SEND 1553584996 INTRODUCE 36 16333
SEND 1553584996 INTRODUCE 35 15183
SEND 1553584996 INTRODUCE 36 11474
SEND 1553584996 INTRODUCE 36 12584
SEND 1553584996 INTRODUCE 36 13176
SEND 1553584996 INTRODUCE 37 14180
SEND 1553584996 INTRODUCE 37 15684
SEND 1553584996 INTRODUCE 36 11118
SEND 1553584996 INTRODUCE 35 13070
SEND 1553584996 INTRODUCE 35 10829
SEND 1553584996 INTRODUCE 36 10459
SEND 1553584996 INTRODUCE 36 10447
SEND 1553584996 INTRODUCE 36 11438
SEND 1553584996 INTRODUCE 36 15454
SEND 1553584996 INTRODUCE 36 10531
SEND 1553584996 INTRODUCE 36 10364
SEND 1553584996 INTRODUCE 36 9960
SEND 1553584996 INTRODUCE 37 9351
SEND 1553584996 INTRODUCE 37 9835
SEND 1553584996 INTRODUCE 36 14962
SEND 1553584996 INTRODUCE 36 10575
SEND 1553584996 INTRODUCE 36 11158
SEND 1553584996 INTRODUCE 36 16956
SEND 1553584996 INTRODUCE 35 13602
SEND 1553584996 INTRODUCE 36 12734
# recieved string JOIN node13 172.22.156.206 8013

SEND 1553584996 INTRODUCE 36 11913
SEND 1553584996 INTRODUCE 37 19811
SEND 1553584996 INTRODUCE 36 41217
SEND 1553584996 INTRODUCE 35 10619
SEND 1553584996 INTRODUCE 36 51806
SEND 1553584996 INTRODUCE 36 10052
SEND 1553584996 INTRODUCE 37 13442
SEND 1553584996 INTRODUCE 37 10735
SEND 1553584996 INTRODUCE 37 17960
SEND 1553584996 INTRODUCE 35 89389
SEND 1553584996 INTRODUCE 35 11138
SEND 1553584996 INTRODUCE 37 36133
SEND 1553584996 INTRODUCE 36 65512
SEND 1553584996 INTRODUCE 37 14020
SEND 1553584996 INTRODUCE 35 10344
SEND 1553584996 INTRODUCE 37 29920
SEND 1553584996 INTRODUCE 36 13113
SEND 1553584996 INTRODUCE 36 20777
SEND 1553584996 INTRODUCE 36 89506
SEND 1553584996 INTRODUCE 35 10943
SEND 1553584996 INTRODUCE 36 36656
SEND 1553584996 INTRODUCE 36 66197
SEND 1553584996 INTRODUCE 37 11150
RECIEVED 1553584996 INTRODUCE 36 49 8
RECIEVED 1553584996 INTRODUCE 35 49 8
RECIEVED 1553584996 INTRODUCE 36 49 8
RECIEVED 1553584996 INTRODUCE 36 49 8
RECIEVED 1553584996 TRANSACTION 81 49 8
RECIEVED 1553584996 INTRODUCE 37 49 8
RECIEVED 1553584996 INTRODUCE 35 49 8
RECIEVED 1553584996 JOIN 32 49 8
SEND 1553584996 INTRODUCE 35 11700
SEND 1553584996 INTRODUCE 36 11785
SEND 1553584996 INTRODUCE 36 16732
SEND 1553584996 INTRODUCE 35 9623
SEND 1553584996 INTRODUCE 36 10122
SEND 1553584996 INTRODUCE 36 11376
SEND 1553584996 INTRODUCE 36 10858
SEND 1553584996 INTRODUCE 36 9920
SEND 1553584996 INTRODUCE 37 15291
SEND 1553584996 INTRODUCE 37 9255
SEND 1553584996 INTRODUCE 36 16332
SEND 1553584996 INTRODUCE 36 21188
SEND 1553584996 INTRODUCE 37 12851
SEND 1553584996 INTRODUCE 36 15836
SEND 1553584996 INTRODUCE 36 11795
SEND 1553584996 INTRODUCE 35 10123
SEND 1553584996 INTRODUCE 36 15491
SEND 1553584996 INTRODUCE 36 12895
SEND 1553584996 INTRODUCE 37 10957
SEND 1553584996 INTRODUCE 36 13413
SEND 1553584996 INTRODUCE 35 12275
SEND 1553584996 INTRODUCE 36 10432
SEND 1553584996 INTRODUCE 36 11917
SEND 1553584996 INTRODUCE 37 10587
SEND 1553584996 INTRODUCE 37 15430
SEND 1553584996 INTRODUCE 37 9583
SEND 1553584996 INTRODUCE 36 10136
SEND 1553584996 INTRODUCE 35 15154
SEND 1553584996 INTRODUCE 37 9807
SEND 1553584996 INTRODUCE 36 12416
SEND 1553584996 INTRODUCE 35 10560
SEND 1553584996 INTRODUCE 35 38746
SEND 1553584996 INTRODUCE 37 11978
SEND 1553584996 INTRODUCE 36 10688
SEND 1553584996 INTRODUCE 36 11288
SEND 1553584996 INTRODUCE 37 17933
SEND 1553584996 INTRODUCE 35 21636
SEND 1553584996 INTRODUCE 36 19557
SEND 1553584996 INTRODUCE 36 57198
SEND 1553584996 INTRODUCE 37 10190
SEND 1553584996 INTRODUCE 36 16631
SEND 1553584996 INTRODUCE 35 10660
SEND 1553584996 INTRODUCE 36 10941
SEND 1553584996 INTRODUCE 36 29424
SEND 1553584996 INTRODUCE 36 10363
SEND 1553584996 INTRODUCE 37 10566
SEND 1553584996 INTRODUCE 37 11742
SEND 1553584996 INTRODUCE 36 14161
SEND 1553584996 INTRODUCE 36 16868
RECIEVED 1553584996 INTRODUCE 37 50 8
RECIEVED 1553584996 INTRODUCE 37 50 8
RECIEVED 1553584996 INTRODUCE 37 50 8
RECIEVED 1553584996 INTRODUCE 35 50 8
RECIEVED 1553584996 INTRODUCE 37 50 8
RECIEVED 1553584996 INTRODUCE 36 50 8
RECIEVED 1553584996 INTRODUCE 36 50 8
RECIEVED 1553584996 INTRODUCE 36 50 8
RECIEVED 1553584996 INTRODUCE 36 50 8
RECIEVED 1553584996 INTRODUCE 35 50 8
RECIEVED 1553584996 INTRODUCE 37 50 8
SEND 1553584996 INTRODUCE 37 18092
SEND 1553584996 INTRODUCE 37 16096
SEND 1553584996 INTRODUCE 37 13504
SEND 1553584996 INTRODUCE 37 10722
SEND 1553584996 INTRODUCE 37 10317
SEND 1553584996 INTRODUCE 37 11818
# Failed sending to node node5
# ERROR: write tcp 172.22.94.217:47188->172.22.94.217:8005: write: broken pipe
SEND 1553584996 INTRODUCE 37 15994
SEND 1553584996 INTRODUCE 37 11107
SEND 1553584996 INTRODUCE 37 22127
SEND 1553584996 INTRODUCE 37 11844
SEND 1553584997 INTRODUCE 37 21871
SEND 1553584997 INTRODUCE 37 17382
# Failed sending to node node0
# ERROR: write tcp 172.22.94.217:43040->172.22.94.217:8000: write: broken pipe
SEND 1553584997 INTRODUCE 37 10657
# Failed sending to node node3
# ERROR: write tcp 172.22.94.217:37914->172.22.156.206:8003: write: broken pipe
# Failed sending to node node2
# ERROR: write tcp 172.22.94.217:48978->172.22.94.217:8002: write: broken pipe
SEND 1553584997 INTRODUCE 37 12664
SEND 1553584997 INTRODUCE 37 13393
SEND 1553584997 INTRODUCE 37 13430
SEND 1553584997 INTRODUCE 37 16001
SEND 1553584997 INTRODUCE 37 11409
# Failed sending to node node10
# ERROR: write tcp 172.22.94.217:38494->172.22.156.208:8010: write: broken pipe
# Failed sending to node node4
# ERROR: write tcp 172.22.94.217:48122->172.22.94.217:8004: write: broken pipe
# Failed sending to node node4
# ERROR: write tcp 172.22.94.217:37978->172.22.156.208:8004: write: broken pipe
SEND 1553584997 INTRODUCE 37 15696
SEND 1553584997 INTRODUCE 37 10276
SEND 1553584997 INTRODUCE 37 12100
# Failed sending to node node6
# ERROR: write tcp 172.22.94.217:50740->172.22.94.217:8006: write: broken pipe
SEND 1553584997 INTRODUCE 37 16130
SEND 1553584997 INTRODUCE 37 13136
SEND 1553584997 INTRODUCE 37 12132
SEND 1553584997 INTRODUCE 37 65658
SEND 1553584997 INTRODUCE 37 11771
SEND 1553584997 INTRODUCE 37 21009
# Failed sending to node node8
# ERROR: write tcp 172.22.94.217:43324->172.22.156.208:8008: write: broken pipe
# Failed sending to node node8
# ERROR: write tcp 172.22.94.217:57214->172.22.94.217:8008: write: broken pipe
SEND 1553584997 INTRODUCE 37 10927
SEND 1553584997 INTRODUCE 37 14148
SEND 1553584997 INTRODUCE 37 21747
# Failed sending to node node3
# ERROR: write tcp 172.22.94.217:45478->172.22.156.208:8003: write: broken pipe
# Failed sending to node node6
# ERROR: write tcp 172.22.94.217:36300->172.22.156.208:8006: write: broken pipe
SEND 1553584997 INTRODUCE 37 10102
SEND 1553584997 INTRODUCE 37 36190
SEND 1553584997 INTRODUCE 37 12667
SEND 1553584997 INTRODUCE 37 11622
SEND 1553584997 INTRODUCE 37 12157
SEND 1553584997 INTRODUCE 37 13725
SEND 1553584997 INTRODUCE 37 14208
SEND 1553584997 INTRODUCE 37 13270
SEND 1553584997 JOIN 30 13793
RECIEVED 1553584997 INTRODUCE 36 51 8
RECIEVED 1553584997 INTRODUCE 36 51 8
RECIEVED 1553584997 INTRODUCE 37 51 8
RECIEVED 1553584997 INTRODUCE 35 51 8
RECIEVED 1553584997 INTRODUCE 35 51 8
RECIEVED 1553584997 INTRODUCE 37 51 8
RECIEVED 1553584997 INTRODUCE 37 51 8
RECIEVED 1553584997 INTRODUCE 36 51 8
RECIEVED 1553584997 INTRODUCE 37 51 8
RECIEVED 1553584997 INTRODUCE 36 51 8
RECIEVED 1553584997 INTRODUCE 36 51 8
RECIEVED 1553584997 INTRODUCE 36 51 8
RECIEVED 1553584997 INTRODUCE 36 51 8
RECIEVED 1553584997 INTRODUCE 36 51 8
RECIEVED 1553584997 INTRODUCE 35 51 8
RECIEVED 1553584997 INTRODUCE 36 51 8
RECIEVED 1553584997 INTRODUCE 36 51 8
RECIEVED 1553584997 INTRODUCE 35 51 8
RECIEVED 1553584997 INTRODUCE 36 51 8
RECIEVED 1553584997 INTRODUCE 36 51 8
RECIEVED 1553584997 INTRODUCE 36 51 8
RECIEVED 1553584997 INTRODUCE 37 51 8
RECIEVED 1553584997 INTRODUCE 36 51 8
RECIEVED 1553584997 INTRODUCE 36 51 8
RECIEVED 1553584997 INTRODUCE 36 51 8
RECIEVED 1553584997 TRANSACTION 79 51 8
RECIEVED 1553584997 INTRODUCE 35 51 8
# recieved string JOIN node18 172.22.156.208 8018

RECIEVED 1553584997 JOIN 32 51 8
RECIEVED 1553584997 INTRODUCE 37 51 8
RECIEVED 1553584997 INTRODUCE 35 51 8
RECIEVED 1553584997 INTRODUCE 36 51 8
RECIEVED 1553584997 INTRODUCE 36 51 8
RECIEVED 1553584997 INTRODUCE 36 51 8
RECIEVED 1553584997 INTRODUCE 36 51 8
RECIEVED 1553584997 INTRODUCE 36 51 8
RECIEVED 1553584997 INTRODUCE 36 51 8
RECIEVED 1553584997 INTRODUCE 36 51 8
RECIEVED 1553584997 INTRODUCE 36 51 8
RECIEVED 1553584997 INTRODUCE 36 51 8
RECIEVED 1553584997 INTRODUCE 37 51 8
RECIEVED 1553584997 INTRODUCE 36 51 8
RECIEVED 1553584997 INTRODUCE 36 51 8
RECIEVED 1553584997 INTRODUCE 36 51 8
# recieved string JOIN node15 172.22.156.206 8015

RECIEVED 1553584997 JOIN 32 51 8
SEND 1553584997 INTRODUCE 35 11921
SEND 1553584997 INTRODUCE 35 12979
SEND 1553584997 INTRODUCE 37 15000
SEND 1553584997 INTRODUCE 36 10136
SEND 1553584997 INTRODUCE 37 10360
SEND 1553584997 INTRODUCE 35 45747
SEND 1553584997 INTRODUCE 37 11391
SEND 1553584997 INTRODUCE 36 11222
SEND 1553584997 INTRODUCE 36 10687
SEND 1553584997 INTRODUCE 37 10642
SEND 1553584997 INTRODUCE 36 11494
SEND 1553584997 INTRODUCE 35 12606
SEND 1553584997 INTRODUCE 36 21603
SEND 1553584997 INTRODUCE 36 13312
SEND 1553584997 INTRODUCE 37 11638
SEND 1553584997 INTRODUCE 36 10440
SEND 1553584997 INTRODUCE 35 10574
SEND 1553584997 INTRODUCE 36 10980
SEND 1553584997 INTRODUCE 36 27248
SEND 1553584997 INTRODUCE 36 12599
SEND 1553584997 INTRODUCE 37 13969
SEND 1553584997 INTRODUCE 37 12722
SEND 1553584997 INTRODUCE 36 10477
SEND 1553584997 INTRODUCE 35 10564
SEND 1553584997 INTRODUCE 35 10440
SEND 1553584997 INTRODUCE 36 15802
SEND 1553584997 INTRODUCE 36 13696
SEND 1553584997 INTRODUCE 36 11389
SEND 1553584997 INTRODUCE 36 11759
SEND 1553584997 INTRODUCE 36 11056
SEND 1553584997 INTRODUCE 36 22037
SEND 1553584997 INTRODUCE 36 11853
SEND 1553584997 INTRODUCE 37 11251
SEND 1553584997 INTRODUCE 37 39551
SEND 1553584997 INTRODUCE 36 11284
SEND 1553584997 INTRODUCE 36 10724
SEND 1553584997 INTRODUCE 37 12304
SEND 1553584997 INTRODUCE 36 9940
SEND 1553584997 INTRODUCE 36 12298
SEND 1553584997 INTRODUCE 35 13792
SEND 1553584997 INTRODUCE 36 23491
SEND 1553584997 INTRODUCE 36 12884
SEND 1553584997 INTRODUCE 37 12379
SEND 1553584997 INTRODUCE 37 10811
SEND 1553584997 INTRODUCE 36 10515
SEND 1553584997 INTRODUCE 35 9920
SEND 1553584997 INTRODUCE 36 13412
SEND 1553584997 INTRODUCE 36 12020
SEND 1553584997 INTRODUCE 37 16018
SEND 1553584997 INTRODUCE 37 16066
SEND 1553584997 INTRODUCE 37 14670
RECIEVED 1553584997 INTRODUCE 36 52 8
SEND 1553584997 INTRODUCE 36 12227
SEND 1553584997 INTRODUCE 36 17651
SEND 1553584997 INTRODUCE 36 16394
SEND 1553584997 INTRODUCE 36 17485
SEND 1553584997 INTRODUCE 36 11754
SEND 1553584997 INTRODUCE 36 14160
SEND 1553584997 INTRODUCE 36 14859
# Failed sending to node node5
# ERROR: write tcp 172.22.94.217:47188->172.22.94.217:8005: write: broken pipe
# recieved string JOIN node16 172.22.156.206 8016

# Failed listening 
%!(EXTRA string=node10)# ERROR: read tcp 172.22.94.217:46500->172.22.94.217:8010: read: connection reset by peer
# recieved string JOIN node17 172.22.94.217 8017

# recieved string JOIN node19 172.22.94.217 8019

# recieved string JOIN node17 172.22.156.208 8017

# recieved string JOIN node16 172.22.94.217 8016

# recieved string JOIN node19 172.22.156.206 8019

# Failed listening 
%!(EXTRA string=node9)# ERROR: EOF
# Failed listening 
%!(EXTRA string=node2)# ERROR: read tcp 172.22.94.217:55644->172.22.156.208:8002: read: connection reset by peer
# Failed listening 
%!(EXTRA string=node18)# ERROR: EOF
# Failed listening 
%!(EXTRA string=node17)# ERROR: EOF
# Failed listening 
%!(EXTRA string=node15)# ERROR: EOF
# Failed listening 
%!(EXTRA string=node12)# ERROR: EOF
# Failed listening 
%!(EXTRA string=node7)# ERROR: EOF
# Failed listening 
%!(EXTRA string=node8)# ERROR: read tcp 172.22.94.217:52656->172.22.156.206:8008: read: connection reset by peer
# Failed listening 
%!(EXTRA string=node11)# ERROR: EOF
# Failed listening 
%!(EXTRA string=node5)# ERROR: EOF
# Failed listening 
%!(EXTRA string=node4)# ERROR: EOF
# Failed listening 
%!(EXTRA string=node0)# ERROR: EOF
# Failed listening 
%!(EXTRA string=node1)# ERROR: EOF
# Failed listening 
%!(EXTRA string=node13)# ERROR: EOF
# Failed listening 
%!(EXTRA string=node14)# ERROR: EOF
# Failed listening 
%!(EXTRA string=node6)# ERROR: EOF
# Failed listening 
%!(EXTRA string=node2)# ERROR: EOF
# Failed listening 
%!(EXTRA string=node10)# ERROR: EOF
