RECIEVED 1553584995 INTRODUCE 35 0 0
SEND 1553584995 JOIN 32 10915
RECIEVED 1553584995 INTRODUCE 37 1 0
SEND 1553584995 INTRODUCE 37 9287
SEND 1553584995 JOIN 32 22963
RECIEVED 1553584995 INTRODUCE 35 2 0
SEND 1553584995 INTRODUCE 35 18074
SEND 1553584995 INTRODUCE 35 19275
SEND 1553584995 JOIN 32 11155
RECIEVED 1553584995 INTRODUCE 37 3 0
SEND 1553584995 INTRODUCE 37 10397
SEND 1553584995 INTRODUCE 37 31486
SEND 1553584995 INTRODUCE 37 7394
SEND 1553584996 JOIN 32 16467
RECIEVED 1553584996 INTRODUCE 36 4 0
SEND 1553584996 INTRODUCE 36 14279
SEND 1553584996 INTRODUCE 36 10360
SEND 1553584996 INTRODUCE 36 11868
SEND 1553584996 INTRODUCE 36 16919
SEND 1553584996 JOIN 32 21621
RECIEVED 1553584996 INTRODUCE 37 5 0
SEND 1553584996 INTRODUCE 37 11007
SEND 1553584996 INTRODUCE 37 45958
SEND 1553584996 INTRODUCE 37 10718
SEND 1553584996 INTRODUCE 37 14804
SEND 1553584996 INTRODUCE 37 14973
SEND 1553584996 JOIN 32 8063
RECIEVED 1553584996 INTRODUCE 36 6 0
SEND 1553584996 INTRODUCE 36 10383
SEND 1553584996 INTRODUCE 36 23672
SEND 1553584996 INTRODUCE 36 11458
SEND 1553584996 INTRODUCE 36 14971
SEND 1553584996 INTRODUCE 36 11242
SEND 1553584996 INTRODUCE 36 10760
SEND 1553584996 JOIN 32 11388
RECIEVED 1553584996 INTRODUCE 36 7 0
SEND 1553584996 INTRODUCE 36 12460
SEND 1553584996 INTRODUCE 36 18309
SEND 1553584996 INTRODUCE 36 12156
SEND 1553584996 INTRODUCE 36 17335
SEND 1553584996 INTRODUCE 36 14596
SEND 1553584996 INTRODUCE 36 9695
SEND 1553584996 INTRODUCE 36 13406
SEND 1553584996 JOIN 32 13985
RECIEVED 1553584996 INTRODUCE 37 8 0
SEND 1553584996 INTRODUCE 37 23825
SEND 1553584996 INTRODUCE 37 16106
SEND 1553584996 INTRODUCE 37 11835
SEND 1553584996 INTRODUCE 37 11267
SEND 1553584996 INTRODUCE 37 11509
SEND 1553584996 INTRODUCE 37 48761
SEND 1553584996 INTRODUCE 37 22135
SEND 1553584996 INTRODUCE 37 18833
SEND 1553584996 JOIN 32 16375
RECIEVED 1553584996 INTRODUCE 36 9 0
SEND 1553584996 INTRODUCE 36 13099
SEND 1553584996 INTRODUCE 36 19458
SEND 1553584996 INTRODUCE 36 13679
SEND 1553584996 INTRODUCE 36 9891
SEND 1553584996 INTRODUCE 36 23938
SEND 1553584996 INTRODUCE 36 14522
SEND 1553584996 INTRODUCE 36 14267
SEND 1553584996 INTRODUCE 36 17785
SEND 1553584996 INTRODUCE 36 54691
SEND 1553584996 JOIN 32 16911
RECIEVED 1553584996 INTRODUCE 36 10 0
SEND 1553584996 INTRODUCE 36 11356
SEND 1553584996 INTRODUCE 36 16183
SEND 1553584996 INTRODUCE 36 10676
SEND 1553584996 INTRODUCE 36 28122
SEND 1553584996 INTRODUCE 36 15095
SEND 1553584996 INTRODUCE 36 14398
SEND 1553584996 INTRODUCE 36 10360
SEND 1553584996 INTRODUCE 36 11714
SEND 1553584996 INTRODUCE 36 10241
SEND 1553584996 INTRODUCE 36 22465
SEND 1553584996 JOIN 32 15402
RECIEVED 1553584996 INTRODUCE 36 11 0
SEND 1553584996 INTRODUCE 36 11705
SEND 1553584996 INTRODUCE 36 22393
SEND 1553584996 INTRODUCE 36 15541
SEND 1553584996 INTRODUCE 36 11479
SEND 1553584996 INTRODUCE 36 15784
SEND 1553584996 INTRODUCE 36 15446
SEND 1553584996 INTRODUCE 36 11937
SEND 1553584996 INTRODUCE 36 15840
SEND 1553584996 INTRODUCE 36 11235
SEND 1553584996 INTRODUCE 36 14651
SEND 1553584996 INTRODUCE 36 14035
SEND 1553584996 JOIN 32 11368
RECIEVED 1553584996 INTRODUCE 35 12 0
RECIEVED 1553584996 INTRODUCE 36 12 0
SEND 1553584996 INTRODUCE 36 21724
SEND 1553584996 INTRODUCE 36 15270
SEND 1553584996 INTRODUCE 36 20805
SEND 1553584996 INTRODUCE 36 23899
SEND 1553584996 INTRODUCE 36 11505
SEND 1553584996 INTRODUCE 36 10809
SEND 1553584996 INTRODUCE 36 16331
SEND 1553584996 INTRODUCE 36 15980
SEND 1553584996 INTRODUCE 36 10314
SEND 1553584996 INTRODUCE 36 18664
SEND 1553584996 INTRODUCE 36 12031
SEND 1553584996 INTRODUCE 36 11141
SEND 1553584996 JOIN 32 8525
RECIEVED 1553584996 INTRODUCE 36 13 0
SEND 1553584996 INTRODUCE 36 10025
SEND 1553584996 INTRODUCE 36 14468
SEND 1553584996 INTRODUCE 36 10098
SEND 1553584996 INTRODUCE 36 14935
SEND 1553584996 INTRODUCE 36 10478
SEND 1553584996 INTRODUCE 36 14570
SEND 1553584996 INTRODUCE 36 11386
SEND 1553584996 INTRODUCE 36 11054
SEND 1553584996 INTRODUCE 36 15002
SEND 1553584996 INTRODUCE 36 16542
SEND 1553584996 INTRODUCE 36 15995
SEND 1553584996 INTRODUCE 36 10951
SEND 1553584996 INTRODUCE 36 62933
SEND 1553584996 JOIN 32 18430
RECIEVED 1553584996 INTRODUCE 35 14 0
SEND 1553584996 INTRODUCE 35 12791
SEND 1553584996 INTRODUCE 35 15289
SEND 1553584996 INTRODUCE 35 16189
SEND 1553584996 INTRODUCE 35 14364
SEND 1553584996 INTRODUCE 35 22357
SEND 1553584996 INTRODUCE 35 7916
SEND 1553584996 INTRODUCE 35 10702
SEND 1553584996 INTRODUCE 35 14527
SEND 1553584996 INTRODUCE 35 23519
SEND 1553584996 INTRODUCE 35 12944
SEND 1553584996 INTRODUCE 35 11090
SEND 1553584996 INTRODUCE 35 9609
SEND 1553584996 INTRODUCE 35 15549
SEND 1553584996 INTRODUCE 35 15401
SEND 1553584996 JOIN 32 11636
RECIEVED 1553584996 INTRODUCE 36 15 0
SEND 1553584996 INTRODUCE 36 9740
SEND 1553584996 INTRODUCE 36 15179
SEND 1553584996 INTRODUCE 36 43380
SEND 1553584996 INTRODUCE 36 10408
SEND 1553584996 INTRODUCE 36 11915
SEND 1553584996 INTRODUCE 36 10007
SEND 1553584996 INTRODUCE 36 14342
SEND 1553584996 INTRODUCE 36 15044
SEND 1553584996 INTRODUCE 36 10821
SEND 1553584996 INTRODUCE 36 14221
SEND 1553584996 INTRODUCE 36 14502
SEND 1553584996 INTRODUCE 36 11203
SEND 1553584996 INTRODUCE 36 15898
SEND 1553584996 INTRODUCE 36 11106
SEND 1553584996 INTRODUCE 36 10505
SEND 1553584996 JOIN 32 15024
RECIEVED 1553584996 INTRODUCE 36 16 0
SEND 1553584996 INTRODUCE 36 11924
SEND 1553584996 INTRODUCE 36 18150
SEND 1553584996 INTRODUCE 36 12188
SEND 1553584996 INTRODUCE 36 16841
SEND 1553584996 INTRODUCE 36 11519
SEND 1553584996 INTRODUCE 36 59342
SEND 1553584996 INTRODUCE 36 16944
SEND 1553584996 INTRODUCE 36 11316
SEND 1553584996 INTRODUCE 36 15356
SEND 1553584996 INTRODUCE 36 15971
SEND 1553584996 INTRODUCE 36 10872
SEND 1553584996 INTRODUCE 36 21063
SEND 1553584996 INTRODUCE 36 15721
SEND 1553584996 INTRODUCE 36 9877
SEND 1553584996 INTRODUCE 36 20331
SEND 1553584996 INTRODUCE 36 10092
SEND 1553584996 JOIN 32 11750
RECIEVED 1553584996 INTRODUCE 35 17 0
SEND 1553584996 INTRODUCE 35 17712
SEND 1553584996 INTRODUCE 35 73466
SEND 1553584996 INTRODUCE 35 14732
SEND 1553584996 INTRODUCE 35 11006
SEND 1553584996 INTRODUCE 35 59501
SEND 1553584996 INTRODUCE 35 16358
SEND 1553584996 INTRODUCE 35 13214
SEND 1553584996 INTRODUCE 35 13110
SEND 1553584996 INTRODUCE 35 17764
SEND 1553584996 INTRODUCE 35 12766
SEND 1553584996 INTRODUCE 35 34341
SEND 1553584996 INTRODUCE 35 12944
SEND 1553584996 INTRODUCE 35 15319
SEND 1553584996 INTRODUCE 35 13013
SEND 1553584996 INTRODUCE 35 12125
SEND 1553584996 INTRODUCE 35 17745
SEND 1553584996 INTRODUCE 35 13252
SEND 1553584996 JOIN 32 9028
RECIEVED 1553584996 INTRODUCE 36 18 0
SEND 1553584996 INTRODUCE 36 11324
SEND 1553584996 INTRODUCE 36 16698
SEND 1553584996 INTRODUCE 36 10455
SEND 1553584996 INTRODUCE 36 39257
SEND 1553584996 INTRODUCE 36 15423
SEND 1553584996 INTRODUCE 36 11541
SEND 1553584996 INTRODUCE 36 13414
SEND 1553584996 INTRODUCE 36 10513
SEND 1553584996 INTRODUCE 36 14063
SEND 1553584996 INTRODUCE 36 15983
SEND 1553584996 INTRODUCE 36 15172
SEND 1553584996 INTRODUCE 36 16239
SEND 1553584996 INTRODUCE 36 1351837
SEND 1553584996 INTRODUCE 36 16367
SEND 1553584996 INTRODUCE 36 38915
SEND 1553584996 INTRODUCE 36 18325
SEND 1553584996 INTRODUCE 36 8358
SEND 1553584996 INTRODUCE 36 12351
SEND 1553584996 JOIN 32 8542
RECIEVED 1553584996 INTRODUCE 36 19 0
SEND 1553584996 INTRODUCE 36 11082
SEND 1553584996 INTRODUCE 36 15104
SEND 1553584996 INTRODUCE 36 11300
SEND 1553584996 INTRODUCE 36 26624
SEND 1553584996 INTRODUCE 36 14987
SEND 1553584996 INTRODUCE 36 10763
SEND 1553584996 INTRODUCE 36 15723
SEND 1553584996 INTRODUCE 36 9389
SEND 1553584996 INTRODUCE 36 8693
SEND 1553584996 INTRODUCE 36 9635
SEND 1553584996 INTRODUCE 36 21018
SEND 1553584996 INTRODUCE 36 52086
SEND 1553584996 INTRODUCE 36 9413
SEND 1553584996 INTRODUCE 36 13157
SEND 1553584996 INTRODUCE 36 9646
SEND 1553584996 INTRODUCE 36 20437
SEND 1553584996 INTRODUCE 36 10674
SEND 1553584996 INTRODUCE 36 15882
SEND 1553584996 INTRODUCE 36 12290
SEND 1553584996 JOIN 32 8482
RECIEVED 1553584996 INTRODUCE 36 20 0
SEND 1553584996 INTRODUCE 36 16509
SEND 1553584996 INTRODUCE 36 13146
SEND 1553584996 INTRODUCE 36 11450
SEND 1553584996 INTRODUCE 36 13403
SEND 1553584996 INTRODUCE 36 15755
SEND 1553584996 INTRODUCE 36 13769
SEND 1553584996 INTRODUCE 36 14559
SEND 1553584996 INTRODUCE 36 14380
SEND 1553584996 INTRODUCE 36 8111
SEND 1553584996 INTRODUCE 36 17494
SEND 1553584996 INTRODUCE 36 17288
SEND 1553584996 INTRODUCE 36 7330
SEND 1553584996 INTRODUCE 36 14581
SEND 1553584996 INTRODUCE 36 9929
SEND 1553584996 INTRODUCE 36 14811
SEND 1553584996 INTRODUCE 36 16771
SEND 1553584996 INTRODUCE 36 10765
SEND 1553584996 INTRODUCE 36 10620
SEND 1553584996 INTRODUCE 36 15124
SEND 1553584996 INTRODUCE 36 10525
SEND 1553584996 JOIN 32 20862
RECIEVED 1553584996 INTRODUCE 36 21 0
SEND 1553584996 INTRODUCE 36 15417
SEND 1553584996 INTRODUCE 36 10382
SEND 1553584996 INTRODUCE 36 14715
SEND 1553584996 INTRODUCE 36 15444
SEND 1553584996 INTRODUCE 36 36243
SEND 1553584996 INTRODUCE 36 11580
SEND 1553584996 INTRODUCE 36 16275
SEND 1553584996 INTRODUCE 36 15032
SEND 1553584996 INTRODUCE 36 10463
SEND 1553584996 INTRODUCE 36 13817
SEND 1553584996 INTRODUCE 36 24327
SEND 1553584996 INTRODUCE 36 15311
SEND 1553584996 INTRODUCE 36 14330
SEND 1553584996 INTRODUCE 36 10711
SEND 1553584996 INTRODUCE 36 14805
SEND 1553584996 INTRODUCE 36 16376
SEND 1553584996 INTRODUCE 36 12921
SEND 1553584996 INTRODUCE 36 13202
SEND 1553584996 INTRODUCE 36 15059
SEND 1553584996 INTRODUCE 36 11261
SEND 1553584996 INTRODUCE 36 10327
SEND 1553584996 JOIN 32 14361
RECIEVED 1553584996 INTRODUCE 37 22 0
RECIEVED 1553584996 INTRODUCE 36 22 0
RECIEVED 1553584996 INTRODUCE 36 22 0
SEND 1553584996 INTRODUCE 36 12169
SEND 1553584996 INTRODUCE 36 41163
SEND 1553584996 INTRODUCE 36 10834
SEND 1553584996 INTRODUCE 36 11870
SEND 1553584996 INTRODUCE 36 18374
SEND 1553584996 INTRODUCE 36 16239
SEND 1553584996 INTRODUCE 36 18495
SEND 1553584996 INTRODUCE 36 12042
SEND 1553584996 INTRODUCE 36 16067
SEND 1553584996 INTRODUCE 36 56755
SEND 1553584996 INTRODUCE 36 14394
SEND 1553584996 INTRODUCE 36 16364
SEND 1553584996 INTRODUCE 36 29288
SEND 1553584996 INTRODUCE 36 33954
SEND 1553584996 INTRODUCE 36 14393
SEND 1553584996 INTRODUCE 36 13492
SEND 1553584996 INTRODUCE 36 13384
SEND 1553584996 INTRODUCE 36 15996
SEND 1553584996 INTRODUCE 36 10618
SEND 1553584996 INTRODUCE 36 14609
SEND 1553584996 INTRODUCE 36 12100
SEND 1553584996 INTRODUCE 36 17272
SEND 1553584996 JOIN 32 36173
RECIEVED 1553584996 INTRODUCE 36 23 0
RECIEVED 1553584996 INTRODUCE 35 23 0
RECIEVED 1553584996 INTRODUCE 37 23 0
SEND 1553584996 INTRODUCE 37 10960
SEND 1553584996 INTRODUCE 37 15758
SEND 1553584996 INTRODUCE 37 44390
SEND 1553584996 INTRODUCE 37 11539
SEND 1553584996 INTRODUCE 37 15712
SEND 1553584996 INTRODUCE 37 28751
SEND 1553584996 INTRODUCE 37 11273
SEND 1553584996 INTRODUCE 37 15100
SEND 1553584996 INTRODUCE 37 10268
SEND 1553584996 INTRODUCE 37 20899
SEND 1553584996 INTRODUCE 37 11284
SEND 1553584996 INTRODUCE 37 20975
SEND 1553584996 INTRODUCE 37 10920
SEND 1553584996 INTRODUCE 37 15656
SEND 1553584996 INTRODUCE 37 20786
SEND 1553584996 INTRODUCE 37 10485
SEND 1553584996 INTRODUCE 37 16048
SEND 1553584996 INTRODUCE 37 16251
SEND 1553584996 INTRODUCE 37 18315
SEND 1553584996 INTRODUCE 37 11321
SEND 1553584996 INTRODUCE 37 16751
SEND 1553584996 INTRODUCE 37 12698
SEND 1553584996 INTRODUCE 37 15368
SEND 1553584996 JOIN 32 10853
RECIEVED 1553584996 INTRODUCE 36 24 0
RECIEVED 1553584996 INTRODUCE 36 24 0
SEND 1553584996 INTRODUCE 36 11659
SEND 1553584996 INTRODUCE 36 17674
SEND 1553584996 INTRODUCE 36 10624
SEND 1553584996 INTRODUCE 36 15631
SEND 1553584996 INTRODUCE 36 9516
SEND 1553584996 INTRODUCE 36 10028
SEND 1553584996 INTRODUCE 36 13957
SEND 1553584996 INTRODUCE 36 11415
SEND 1553584996 INTRODUCE 36 15743
SEND 1553584996 INTRODUCE 36 15958
SEND 1553584996 INTRODUCE 36 14771
SEND 1553584996 INTRODUCE 36 11687
SEND 1553584996 INTRODUCE 36 11498
SEND 1553584996 INTRODUCE 36 12012
SEND 1553584996 INTRODUCE 36 15394
SEND 1553584996 INTRODUCE 36 12908
SEND 1553584996 INTRODUCE 36 11533
SEND 1553584996 INTRODUCE 36 14411
SEND 1553584996 INTRODUCE 36 10947
SEND 1553584996 INTRODUCE 36 36205
SEND 1553584996 INTRODUCE 36 10565
SEND 1553584996 INTRODUCE 36 15235
SEND 1553584996 INTRODUCE 36 11980
SEND 1553584996 INTRODUCE 36 10496
SEND 1553584996 JOIN 32 14663
RECIEVED 1553584996 INTRODUCE 36 25 0
SEND 1553584996 INTRODUCE 36 14379
SEND 1553584996 INTRODUCE 36 15132
SEND 1553584996 INTRODUCE 36 11630
SEND 1553584996 INTRODUCE 36 26256
SEND 1553584996 INTRODUCE 36 45110
SEND 1553584996 INTRODUCE 36 13486
SEND 1553584996 INTRODUCE 36 11460
SEND 1553584996 INTRODUCE 36 11590
SEND 1553584996 INTRODUCE 36 11450
SEND 1553584996 INTRODUCE 36 9919
SEND 1553584996 INTRODUCE 36 10050
SEND 1553584996 INTRODUCE 36 20236
SEND 1553584996 INTRODUCE 36 55358
SEND 1553584996 INTRODUCE 36 10476
SEND 1553584996 INTRODUCE 36 16475
SEND 1553584996 INTRODUCE 36 10873
SEND 1553584996 INTRODUCE 36 15265
SEND 1553584996 INTRODUCE 36 17800
SEND 1553584996 INTRODUCE 36 11651
SEND 1553584996 INTRODUCE 36 26180
SEND 1553584996 INTRODUCE 36 14733
SEND 1553584996 INTRODUCE 36 14921
SEND 1553584996 INTRODUCE 36 15100
SEND 1553584996 INTRODUCE 36 14748
SEND 1553584996 INTRODUCE 36 16619
SEND 1553584996 JOIN 32 12526
RECIEVED 1553584996 INTRODUCE 36 26 0
SEND 1553584996 INTRODUCE 36 10988
SEND 1553584996 INTRODUCE 36 13510
SEND 1553584996 INTRODUCE 36 10713
SEND 1553584996 INTRODUCE 36 10256
SEND 1553584996 INTRODUCE 36 10709
SEND 1553584996 INTRODUCE 36 15219
SEND 1553584996 INTRODUCE 36 11553
SEND 1553584996 INTRODUCE 36 15204
SEND 1553584996 INTRODUCE 36 18606
SEND 1553584996 INTRODUCE 36 12317
SEND 1553584996 INTRODUCE 36 22976
SEND 1553584996 INTRODUCE 36 12774
SEND 1553584996 INTRODUCE 36 10603
SEND 1553584996 INTRODUCE 36 11378
SEND 1553584996 INTRODUCE 36 15121
SEND 1553584996 INTRODUCE 36 10431
SEND 1553584996 INTRODUCE 36 9767
SEND 1553584996 INTRODUCE 36 15937
SEND 1553584996 INTRODUCE 36 18043
SEND 1553584996 INTRODUCE 36 13665
SEND 1553584996 INTRODUCE 36 8060
SEND 1553584996 INTRODUCE 36 14843
SEND 1553584996 INTRODUCE 36 14782
SEND 1553584996 INTRODUCE 36 15632
SEND 1553584996 INTRODUCE 36 11586
SEND 1553584996 INTRODUCE 36 16430
SEND 1553584996 JOIN 32 11772
RECIEVED 1553584996 INTRODUCE 35 27 0
RECIEVED 1553584996 INTRODUCE 37 27 0
RECIEVED 1553584996 INTRODUCE 36 27 0
RECIEVED 1553584996 INTRODUCE 36 27 0
SEND 1553584996 INTRODUCE 36 12348
SEND 1553584996 INTRODUCE 36 14118
SEND 1553584996 INTRODUCE 36 14537
SEND 1553584996 INTRODUCE 36 20786
SEND 1553584996 INTRODUCE 36 13967
SEND 1553584996 INTRODUCE 36 11348
SEND 1553584996 INTRODUCE 36 10841
SEND 1553584996 INTRODUCE 36 9824
SEND 1553584996 INTRODUCE 36 11480
SEND 1553584996 INTRODUCE 36 9641
SEND 1553584996 INTRODUCE 36 12336
SEND 1553584996 INTRODUCE 36 9949
SEND 1553584996 INTRODUCE 36 10391
SEND 1553584996 INTRODUCE 36 13212
SEND 1553584996 INTRODUCE 36 10828
SEND 1553584996 INTRODUCE 36 49858
SEND 1553584996 INTRODUCE 36 10768
SEND 1553584996 INTRODUCE 36 9906
SEND 1553584996 INTRODUCE 36 14117
SEND 1553584996 INTRODUCE 36 11005
SEND 1553584996 INTRODUCE 36 14379
SEND 1553584996 INTRODUCE 36 11897
SEND 1553584996 INTRODUCE 36 20055
SEND 1553584996 INTRODUCE 36 15894
SEND 1553584996 INTRODUCE 36 20349
SEND 1553584996 INTRODUCE 36 33761
SEND 1553584996 INTRODUCE 36 13899
SEND 1553584996 JOIN 32 15192
RECIEVED 1553584996 INTRODUCE 36 28 0
SEND 1553584996 INTRODUCE 36 14935
SEND 1553584996 INTRODUCE 36 13419
SEND 1553584996 INTRODUCE 36 10885
SEND 1553584996 INTRODUCE 36 11240
SEND 1553584996 INTRODUCE 36 14186
SEND 1553584996 INTRODUCE 36 15059
SEND 1553584996 INTRODUCE 36 20550
SEND 1553584996 INTRODUCE 36 13345
SEND 1553584996 INTRODUCE 36 8580
SEND 1553584996 INTRODUCE 36 13267
SEND 1553584996 INTRODUCE 36 15537
SEND 1553584996 INTRODUCE 36 14667
SEND 1553584996 INTRODUCE 36 14860
SEND 1553584996 INTRODUCE 36 10865
SEND 1553584996 INTRODUCE 36 14499
SEND 1553584996 INTRODUCE 36 9777
SEND 1553584996 INTRODUCE 36 16079
SEND 1553584996 INTRODUCE 36 16150
SEND 1553584996 INTRODUCE 36 13970
SEND 1553584996 INTRODUCE 36 10328
SEND 1553584996 INTRODUCE 36 7851
SEND 1553584996 INTRODUCE 36 18643
SEND 1553584996 INTRODUCE 36 8854
SEND 1553584996 INTRODUCE 36 14216
SEND 1553584996 INTRODUCE 36 36935
SEND 1553584996 INTRODUCE 36 10097
SEND 1553584996 INTRODUCE 36 36081
SEND 1553584996 INTRODUCE 36 17105
SEND 1553584996 JOIN 32 20051
RECIEVED 1553584996 INTRODUCE 35 29 0
SEND 1553584996 INTRODUCE 35 12851
SEND 1553584996 INTRODUCE 35 15032
SEND 1553584996 INTRODUCE 35 10828
SEND 1553584996 INTRODUCE 35 13303
SEND 1553584996 INTRODUCE 35 21714
SEND 1553584996 INTRODUCE 35 9680
SEND 1553584996 INTRODUCE 35 18541
SEND 1553584996 INTRODUCE 35 15834
SEND 1553584996 INTRODUCE 35 17774
SEND 1553584996 INTRODUCE 35 14403
SEND 1553584996 INTRODUCE 35 11100
SEND 1553584996 INTRODUCE 35 45093
SEND 1553584996 INTRODUCE 35 14460
SEND 1553584996 INTRODUCE 35 13487
SEND 1553584996 INTRODUCE 35 10566
SEND 1553584996 INTRODUCE 35 19883
SEND 1553584996 INTRODUCE 35 20900
SEND 1553584996 INTRODUCE 35 12300
SEND 1553584996 INTRODUCE 35 11051
SEND 1553584996 INTRODUCE 35 10066
SEND 1553584996 INTRODUCE 35 14378
SEND 1553584996 INTRODUCE 35 13422
SEND 1553584996 INTRODUCE 35 10200
SEND 1553584996 INTRODUCE 35 9502
SEND 1553584996 INTRODUCE 35 10671
SEND 1553584996 INTRODUCE 35 10367
SEND 1553584996 INTRODUCE 35 14539
SEND 1553584996 INTRODUCE 35 10748
SEND 1553584996 INTRODUCE 35 19276
SEND 1553584996 JOIN 32 11121
RECIEVED 1553584996 INTRODUCE 37 30 0
SEND 1553584996 INTRODUCE 37 11500
SEND 1553584996 INTRODUCE 37 11594
SEND 1553584996 INTRODUCE 37 14784
SEND 1553584996 INTRODUCE 37 11041
SEND 1553584996 INTRODUCE 37 44988
SEND 1553584996 INTRODUCE 37 14379
SEND 1553584996 INTRODUCE 37 11612
SEND 1553584996 INTRODUCE 37 9438
SEND 1553584996 INTRODUCE 37 8939
SEND 1553584996 INTRODUCE 37 15649
SEND 1553584996 INTRODUCE 37 12291
SEND 1553584996 INTRODUCE 37 51436
SEND 1553584996 INTRODUCE 37 15036
SEND 1553584996 INTRODUCE 37 14779
SEND 1553584996 INTRODUCE 37 14455
SEND 1553584996 INTRODUCE 37 14834
SEND 1553584996 INTRODUCE 37 25312
SEND 1553584996 INTRODUCE 37 11508
SEND 1553584996 INTRODUCE 37 11071
SEND 1553584996 INTRODUCE 37 10363
SEND 1553584996 INTRODUCE 37 10381
SEND 1553584996 INTRODUCE 37 15614
SEND 1553584996 INTRODUCE 37 10524
SEND 1553584996 INTRODUCE 37 16035
SEND 1553584996 INTRODUCE 37 10554
SEND 1553584996 INTRODUCE 37 11288
SEND 1553584996 INTRODUCE 37 10518
SEND 1553584996 INTRODUCE 37 10417
SEND 1553584996 INTRODUCE 37 16655
SEND 1553584996 INTRODUCE 37 15324
SEND 1553584996 JOIN 32 10611
RECIEVED 1553584996 INTRODUCE 36 31 0
RECIEVED 1553584996 INTRODUCE 37 31 0
SEND 1553584996 INTRODUCE 37 32087
SEND 1553584996 INTRODUCE 37 8265
SEND 1553584996 INTRODUCE 37 14790
SEND 1553584996 INTRODUCE 37 11890
SEND 1553584996 INTRODUCE 37 21249
SEND 1553584996 INTRODUCE 37 13521
SEND 1553584996 INTRODUCE 37 17260
SEND 1553584996 INTRODUCE 37 7292
SEND 1553584996 INTRODUCE 37 22370
SEND 1553584996 INTRODUCE 37 36656
SEND 1553584996 INTRODUCE 37 13764
SEND 1553584996 INTRODUCE 37 13321
SEND 1553584996 INTRODUCE 37 13071
SEND 1553584996 INTRODUCE 37 12910
SEND 1553584996 INTRODUCE 37 10015
SEND 1553584996 INTRODUCE 37 8493
SEND 1553584996 INTRODUCE 37 17638
SEND 1553584996 INTRODUCE 37 8772
SEND 1553584996 INTRODUCE 37 18144
SEND 1553584996 INTRODUCE 37 116826
SEND 1553584996 INTRODUCE 37 11858
SEND 1553584996 INTRODUCE 37 12103
SEND 1553584996 INTRODUCE 37 17135
SEND 1553584996 INTRODUCE 37 11655
SEND 1553584996 INTRODUCE 37 16169
SEND 1553584996 INTRODUCE 37 13077
SEND 1553584996 INTRODUCE 37 26145
SEND 1553584996 INTRODUCE 37 10622
SEND 1553584996 INTRODUCE 37 8916
SEND 1553584996 INTRODUCE 37 15638
SEND 1553584996 INTRODUCE 37 11963
SEND 1553584996 JOIN 32 11447
RECIEVED 1553584996 INTRODUCE 36 32 0
SEND 1553584996 INTRODUCE 36 18878
SEND 1553584996 INTRODUCE 36 14037
SEND 1553584996 INTRODUCE 36 18371
SEND 1553584996 INTRODUCE 36 18825
SEND 1553584996 INTRODUCE 36 13096
SEND 1553584996 INTRODUCE 36 14159
SEND 1553584996 INTRODUCE 36 15304
SEND 1553584996 INTRODUCE 36 14633
SEND 1553584996 INTRODUCE 36 16787
SEND 1553584996 INTRODUCE 36 16487
SEND 1553584996 INTRODUCE 36 10244
SEND 1553584996 INTRODUCE 36 10863
SEND 1553584996 INTRODUCE 36 18334
SEND 1553584996 INTRODUCE 36 15487
SEND 1553584996 INTRODUCE 36 17448
SEND 1553584996 INTRODUCE 36 15995
SEND 1553584996 INTRODUCE 36 9840
SEND 1553584996 INTRODUCE 36 14843
SEND 1553584996 INTRODUCE 36 10472
SEND 1553584996 INTRODUCE 36 15661
SEND 1553584996 INTRODUCE 36 11774
SEND 1553584996 INTRODUCE 36 13731
SEND 1553584996 INTRODUCE 36 10828
SEND 1553584996 INTRODUCE 36 12777
SEND 1553584996 INTRODUCE 36 12246
SEND 1553584996 INTRODUCE 36 14224
SEND 1553584996 INTRODUCE 36 12982
SEND 1553584996 INTRODUCE 36 18473
SEND 1553584996 INTRODUCE 36 9720
SEND 1553584996 INTRODUCE 36 9682
SEND 1553584996 INTRODUCE 36 10394
SEND 1553584996 INTRODUCE 36 10156
SEND 1553584996 JOIN 32 17561
RECIEVED 1553584996 INTRODUCE 36 33 0
RECIEVED 1553584996 INTRODUCE 35 33 0
SEND 1553584996 INTRODUCE 35 11630
SEND 1553584996 INTRODUCE 35 16940
SEND 1553584996 INTRODUCE 35 13406
SEND 1553584996 INTRODUCE 35 14111
SEND 1553584996 INTRODUCE 35 13639
SEND 1553584996 INTRODUCE 35 18193
SEND 1553584996 INTRODUCE 35 12300
SEND 1553584996 INTRODUCE 35 11439
SEND 1553584996 INTRODUCE 35 16787
SEND 1553584996 INTRODUCE 35 9449
SEND 1553584996 INTRODUCE 35 15242
SEND 1553584996 INTRODUCE 35 16225
SEND 1553584996 INTRODUCE 35 14358
SEND 1553584996 INTRODUCE 35 11391
SEND 1553584996 INTRODUCE 35 12603
SEND 1553584996 INTRODUCE 35 42295
SEND 1553584996 INTRODUCE 35 38633
SEND 1553584996 INTRODUCE 35 13758
SEND 1553584996 INTRODUCE 35 14196
SEND 1553584996 INTRODUCE 35 8443
SEND 1553584996 INTRODUCE 35 17859
SEND 1553584996 INTRODUCE 35 10750
SEND 1553584996 INTRODUCE 35 20493
SEND 1553584996 INTRODUCE 35 7938
SEND 1553584996 INTRODUCE 35 12746
SEND 1553584996 INTRODUCE 35 8045
SEND 1553584996 INTRODUCE 35 9459
SEND 1553584996 INTRODUCE 35 19181
SEND 1553584996 INTRODUCE 35 9605
SEND 1553584996 INTRODUCE 35 18937
SEND 1553584996 INTRODUCE 35 13738
SEND 1553584996 INTRODUCE 35 8827
SEND 1553584996 INTRODUCE 35 11868
SEND 1553584996 JOIN 32 9484
RECIEVED 1553584996 INTRODUCE 36 34 0
RECIEVED 1553584996 INTRODUCE 35 34 0
SEND 1553584996 INTRODUCE 35 23850
SEND 1553584996 INTRODUCE 35 10920
SEND 1553584996 INTRODUCE 35 14255
SEND 1553584996 INTRODUCE 35 15742
SEND 1553584996 INTRODUCE 35 11300
SEND 1553584996 INTRODUCE 35 79166
SEND 1553584996 INTRODUCE 35 16467
SEND 1553584996 INTRODUCE 35 11572
SEND 1553584996 INTRODUCE 35 19381
SEND 1553584996 INTRODUCE 35 13939
SEND 1553584996 INTRODUCE 35 13261
SEND 1553584996 INTRODUCE 35 15903
SEND 1553584996 INTRODUCE 35 11582
SEND 1553584996 INTRODUCE 35 14326
SEND 1553584996 INTRODUCE 35 22215
SEND 1553584996 INTRODUCE 35 12448
SEND 1553584996 INTRODUCE 35 15696
SEND 1553584996 INTRODUCE 35 15888
SEND 1553584996 INTRODUCE 35 14654
SEND 1553584996 INTRODUCE 35 13599
SEND 1553584996 INTRODUCE 35 13731
SEND 1553584996 INTRODUCE 35 14750
SEND 1553584996 INTRODUCE 35 13655
SEND 1553584996 INTRODUCE 35 9964
SEND 1553584996 INTRODUCE 35 14459
SEND 1553584996 INTRODUCE 35 15814
SEND 1553584996 INTRODUCE 35 16518
SEND 1553584996 INTRODUCE 35 12512
SEND 1553584996 INTRODUCE 35 16394
SEND 1553584996 INTRODUCE 35 17026
SEND 1553584996 INTRODUCE 35 11183
SEND 1553584996 INTRODUCE 35 11245
SEND 1553584996 INTRODUCE 35 12210
SEND 1553584996 INTRODUCE 35 10044
SEND 1553584996 JOIN 32 11561
RECIEVED 1553584996 INTRODUCE 35 35 0
SEND 1553584996 INTRODUCE 35 13141
SEND 1553584996 INTRODUCE 35 14016
SEND 1553584996 INTRODUCE 35 22303
SEND 1553584996 INTRODUCE 35 11272
SEND 1553584996 INTRODUCE 35 14808
SEND 1553584996 INTRODUCE 35 17008
SEND 1553584996 INTRODUCE 35 13669
SEND 1553584996 INTRODUCE 35 15559
SEND 1553584996 INTRODUCE 35 15895
SEND 1553584996 INTRODUCE 35 11107
SEND 1553584996 INTRODUCE 35 11360
SEND 1553584996 INTRODUCE 35 10719
SEND 1553584996 INTRODUCE 35 15285
SEND 1553584996 INTRODUCE 35 11170
SEND 1553584996 INTRODUCE 35 30131
SEND 1553584996 INTRODUCE 35 16325
SEND 1553584996 INTRODUCE 35 19255
SEND 1553584996 INTRODUCE 35 14159
SEND 1553584996 INTRODUCE 35 16499
SEND 1553584996 INTRODUCE 35 13581
SEND 1553584996 INTRODUCE 35 23337
SEND 1553584996 INTRODUCE 35 15656
SEND 1553584996 INTRODUCE 35 12250
SEND 1553584996 INTRODUCE 35 15427
SEND 1553584996 INTRODUCE 35 61495
SEND 1553584996 INTRODUCE 35 20750
SEND 1553584996 INTRODUCE 35 10148
SEND 1553584996 INTRODUCE 35 18522
SEND 1553584996 INTRODUCE 35 13697
SEND 1553584996 INTRODUCE 35 15147
SEND 1553584996 INTRODUCE 35 13420
SEND 1553584996 INTRODUCE 35 14263
SEND 1553584996 INTRODUCE 35 15661
SEND 1553584996 INTRODUCE 35 12106
SEND 1553584996 INTRODUCE 35 9852
SEND 1553584996 JOIN 32 12402
RECIEVED 1553584996 INTRODUCE 36 36 0
RECIEVED 1553584996 INTRODUCE 36 36 0
RECIEVED 1553584996 INTRODUCE 35 36 0
SEND 1553584996 INTRODUCE 35 12485
SEND 1553584996 INTRODUCE 35 8557
SEND 1553584996 INTRODUCE 35 13849
SEND 1553584996 INTRODUCE 35 16860
SEND 1553584996 INTRODUCE 35 14483
SEND 1553584996 INTRODUCE 35 18309
SEND 1553584996 INTRODUCE 35 18911
SEND 1553584996 INTRODUCE 35 13865
SEND 1553584996 INTRODUCE 35 13561
SEND 1553584996 INTRODUCE 35 13635
SEND 1553584996 INTRODUCE 35 10661
SEND 1553584996 INTRODUCE 35 15898
SEND 1553584996 INTRODUCE 35 13724
SEND 1553584996 INTRODUCE 35 14976
SEND 1553584996 INTRODUCE 35 15687
SEND 1553584996 INTRODUCE 35 9362
SEND 1553584996 INTRODUCE 35 13166
SEND 1553584996 INTRODUCE 35 9052
SEND 1553584996 INTRODUCE 35 13962
SEND 1553584996 INTRODUCE 35 12153
SEND 1553584996 INTRODUCE 35 11806
SEND 1553584996 INTRODUCE 35 11946
SEND 1553584996 INTRODUCE 35 11023
SEND 1553584996 INTRODUCE 35 16403
SEND 1553584996 INTRODUCE 35 13282
SEND 1553584996 INTRODUCE 35 10432
SEND 1553584996 INTRODUCE 35 15015
SEND 1553584996 INTRODUCE 35 88452
SEND 1553584996 INTRODUCE 35 14896
SEND 1553584996 INTRODUCE 35 14372
SEND 1553584996 INTRODUCE 35 14000
SEND 1553584996 INTRODUCE 35 14510
SEND 1553584996 INTRODUCE 35 14139
SEND 1553584996 INTRODUCE 35 11146
SEND 1553584996 INTRODUCE 35 14291
SEND 1553584996 INTRODUCE 35 21892
SEND 1553584996 JOIN 32 14542
RECIEVED 1553584996 INTRODUCE 35 37 0
RECIEVED 1553584996 INTRODUCE 37 37 0
SEND 1553584996 INTRODUCE 37 10630
SEND 1553584996 INTRODUCE 37 18183
SEND 1553584996 INTRODUCE 37 13231
SEND 1553584996 INTRODUCE 37 11679
SEND 1553584996 INTRODUCE 37 12027
SEND 1553584996 INTRODUCE 37 13581
SEND 1553584996 INTRODUCE 37 14584
SEND 1553584996 INTRODUCE 37 18047
SEND 1553584996 INTRODUCE 37 10747
SEND 1553584996 INTRODUCE 37 12142
SEND 1553584996 INTRODUCE 37 12361
SEND 1553584996 INTRODUCE 37 11448
SEND 1553584996 INTRODUCE 37 12319
SEND 1553584996 INTRODUCE 37 15352
SEND 1553584996 INTRODUCE 37 11577
SEND 1553584996 INTRODUCE 37 13694
SEND 1553584996 INTRODUCE 37 15812
SEND 1553584996 INTRODUCE 37 12856
SEND 1553584996 INTRODUCE 37 14538
SEND 1553584996 INTRODUCE 37 50387
SEND 1553584996 INTRODUCE 37 20981
SEND 1553584996 INTRODUCE 37 10378
SEND 1553584996 INTRODUCE 37 9119
SEND 1553584996 INTRODUCE 37 11247
SEND 1553584996 INTRODUCE 37 21144
SEND 1553584996 INTRODUCE 37 17352
SEND 1553584996 INTRODUCE 37 12279
SEND 1553584996 INTRODUCE 37 13596
SEND 1553584996 INTRODUCE 37 9615
SEND 1553584996 INTRODUCE 37 11795
SEND 1553584996 INTRODUCE 37 10128
SEND 1553584996 INTRODUCE 37 12409
SEND 1553584996 INTRODUCE 37 13803
SEND 1553584996 INTRODUCE 37 15817
SEND 1553584996 INTRODUCE 37 12384
SEND 1553584996 INTRODUCE 37 12240
SEND 1553584996 INTRODUCE 37 12404
SEND 1553584996 JOIN 32 12506
RECIEVED 1553584996 INTRODUCE 36 38 0
RECIEVED 1553584996 INTRODUCE 36 38 0
RECIEVED 1553584996 INTRODUCE 36 38 0
RECIEVED 1553584996 INTRODUCE 36 38 0
RECIEVED 1553584996 INTRODUCE 35 38 0
SEND 1553584996 INTRODUCE 35 11250
SEND 1553584996 INTRODUCE 35 26789
SEND 1553584996 INTRODUCE 35 12090
SEND 1553584996 INTRODUCE 35 14504
SEND 1553584996 INTRODUCE 35 13721
SEND 1553584996 INTRODUCE 35 12760
SEND 1553584996 INTRODUCE 35 13346
SEND 1553584996 INTRODUCE 35 13828
SEND 1553584996 INTRODUCE 35 10759
SEND 1553584996 INTRODUCE 35 13755
SEND 1553584996 INTRODUCE 35 14127
SEND 1553584996 INTRODUCE 35 12274
SEND 1553584996 INTRODUCE 35 12228
SEND 1553584996 INTRODUCE 35 12262
SEND 1553584996 INTRODUCE 35 11188
SEND 1553584996 INTRODUCE 35 34845
SEND 1553584996 INTRODUCE 35 18587
SEND 1553584996 INTRODUCE 35 7744
SEND 1553584996 INTRODUCE 35 14148
SEND 1553584996 INTRODUCE 35 29787
SEND 1553584996 INTRODUCE 35 13441
SEND 1553584996 INTRODUCE 35 11945
SEND 1553584996 INTRODUCE 35 11777
SEND 1553584996 INTRODUCE 35 15788
SEND 1553584996 INTRODUCE 35 14397
SEND 1553584996 INTRODUCE 35 172711
SEND 1553584996 INTRODUCE 35 19224
SEND 1553584996 INTRODUCE 35 17439
SEND 1553584996 INTRODUCE 35 15466
SEND 1553584996 INTRODUCE 35 34636
SEND 1553584996 INTRODUCE 35 14598
SEND 1553584996 INTRODUCE 35 13249
SEND 1553584996 INTRODUCE 35 11584
SEND 1553584996 INTRODUCE 35 14723
SEND 1553584996 INTRODUCE 35 16507
SEND 1553584996 INTRODUCE 35 11592
SEND 1553584996 INTRODUCE 35 16750
SEND 1553584996 INTRODUCE 35 19965
SEND 1553584996 JOIN 32 9891
RECIEVED 1553584996 INTRODUCE 36 39 0
SEND 1553584996 INTRODUCE 36 14048
SEND 1553584996 INTRODUCE 36 106479
SEND 1553584996 INTRODUCE 36 14522
SEND 1553584996 INTRODUCE 36 12834
SEND 1553584996 INTRODUCE 36 14500
SEND 1553584996 INTRODUCE 36 13148
SEND 1553584996 INTRODUCE 36 12464
SEND 1553584996 INTRODUCE 36 11411
SEND 1553584996 INTRODUCE 36 28452
SEND 1553584996 INTRODUCE 36 15792
SEND 1553584996 INTRODUCE 36 17551
SEND 1553584996 INTRODUCE 36 14734
SEND 1553584996 INTRODUCE 36 10893
SEND 1553584997 INTRODUCE 36 14788
SEND 1553584997 INTRODUCE 36 13753
SEND 1553584997 INTRODUCE 36 11701
SEND 1553584997 INTRODUCE 36 15428
SEND 1553584997 INTRODUCE 36 18975
SEND 1553584997 INTRODUCE 36 24601
SEND 1553584997 INTRODUCE 36 12990
SEND 1553584997 INTRODUCE 36 12776
SEND 1553584997 INTRODUCE 36 15002
SEND 1553584997 INTRODUCE 36 43999
SEND 1553584997 INTRODUCE 36 19021
SEND 1553584997 INTRODUCE 36 12540
SEND 1553584997 INTRODUCE 36 12555
SEND 1553584997 INTRODUCE 36 12912
SEND 1553584997 INTRODUCE 36 17605
SEND 1553584997 INTRODUCE 36 13728
SEND 1553584997 INTRODUCE 36 13835
SEND 1553584997 INTRODUCE 36 14255
SEND 1553584997 INTRODUCE 36 23672
SEND 1553584997 INTRODUCE 36 12933
SEND 1553584997 INTRODUCE 36 14538
SEND 1553584997 INTRODUCE 36 11236
SEND 1553584997 INTRODUCE 36 13297
SEND 1553584997 INTRODUCE 36 12348
SEND 1553584997 INTRODUCE 36 12536
SEND 1553584997 INTRODUCE 36 11251
SEND 1553584997 JOIN 32 19631
RECIEVED 1553584997 INTRODUCE 37 40 0
RECIEVED 1553584997 INTRODUCE 37 40 0
RECIEVED 1553584997 INTRODUCE 36 40 0
SEND 1553584997 INTRODUCE 36 13308
SEND 1553584997 INTRODUCE 36 17789
SEND 1553584997 INTRODUCE 36 13275
SEND 1553584997 INTRODUCE 36 13560
SEND 1553584997 INTRODUCE 36 11000
SEND 1553584997 INTRODUCE 36 15864
SEND 1553584997 INTRODUCE 36 11324
SEND 1553584997 INTRODUCE 36 18818
SEND 1553584997 INTRODUCE 36 12983
SEND 1553584997 INTRODUCE 36 16126
SEND 1553584997 INTRODUCE 36 13132
SEND 1553584997 INTRODUCE 36 14142
SEND 1553584997 INTRODUCE 36 14726
SEND 1553584997 INTRODUCE 36 13918
SEND 1553584997 INTRODUCE 36 16039
SEND 1553584997 INTRODUCE 36 16713
SEND 1553584997 INTRODUCE 36 13826
SEND 1553584997 INTRODUCE 36 11188
SEND 1553584997 INTRODUCE 36 17363
SEND 1553584997 INTRODUCE 36 15738
SEND 1553584997 INTRODUCE 36 23073
SEND 1553584997 INTRODUCE 36 17155
SEND 1553584997 INTRODUCE 36 11796
SEND 1553584997 INTRODUCE 36 12331
SEND 1553584997 INTRODUCE 36 9740
SEND 1553584997 INTRODUCE 36 12156
SEND 1553584997 INTRODUCE 36 11781
SEND 1553584997 INTRODUCE 36 12444
SEND 1553584997 INTRODUCE 36 8964
SEND 1553584997 INTRODUCE 36 10330
SEND 1553584997 INTRODUCE 36 21779
SEND 1553584997 INTRODUCE 36 10817
SEND 1553584997 INTRODUCE 36 15161
SEND 1553584997 INTRODUCE 36 12968
SEND 1553584997 INTRODUCE 36 15522
SEND 1553584997 INTRODUCE 36 18679
SEND 1553584997 INTRODUCE 36 10995
SEND 1553584997 INTRODUCE 36 11696
SEND 1553584997 INTRODUCE 36 11531
SEND 1553584997 INTRODUCE 36 14515
SEND 1553584997 JOIN 32 15045
RECIEVED 1553584997 INTRODUCE 36 41 0
RECIEVED 1553584997 TRANSACTION 79 41 0
UPDATE 1553584997 TRANSACTION 965550deb6cc561e2a757179e13b788e
SEND 1553584997 TRANSACTION 79 13862 965550deb6cc561e2a757179e13b788e
SEND 1553584997 TRANSACTION 79 16854 965550deb6cc561e2a757179e13b788e
SEND 1553584997 TRANSACTION 79 13824 965550deb6cc561e2a757179e13b788e
SEND 1553584997 TRANSACTION 79 13558 965550deb6cc561e2a757179e13b788e
SEND 1553584997 TRANSACTION 79 15205 965550deb6cc561e2a757179e13b788e
SEND 1553584997 TRANSACTION 79 10828 965550deb6cc561e2a757179e13b788e
SEND 1553584997 TRANSACTION 79 11287 965550deb6cc561e2a757179e13b788e
SEND 1553584997 TRANSACTION 79 15094 965550deb6cc561e2a757179e13b788e
SEND 1553584997 TRANSACTION 79 14512 965550deb6cc561e2a757179e13b788e
SEND 1553584997 TRANSACTION 79 14319 965550deb6cc561e2a757179e13b788e
SEND 1553584997 TRANSACTION 79 14162 965550deb6cc561e2a757179e13b788e
SEND 1553584997 TRANSACTION 79 14558 965550deb6cc561e2a757179e13b788e
SEND 1553584997 TRANSACTION 79 14959 965550deb6cc561e2a757179e13b788e
RECIEVED 1553584997 INTRODUCE 36 41 1
RECIEVED 1553584997 INTRODUCE 36 41 1
RECIEVED 1553584997 INTRODUCE 37 41 1
RECIEVED 1553584997 INTRODUCE 36 41 1
SEND 1553584997 INTRODUCE 36 11736
SEND 1553584997 INTRODUCE 36 13432
SEND 1553584997 INTRODUCE 36 15217
SEND 1553584997 INTRODUCE 36 14918
SEND 1553584997 INTRODUCE 36 15601
SEND 1553584997 INTRODUCE 36 17537
SEND 1553584997 INTRODUCE 36 10279
SEND 1553584997 INTRODUCE 36 34807
SEND 1553584997 INTRODUCE 36 13066
SEND 1553584997 INTRODUCE 36 23233
SEND 1553584997 INTRODUCE 36 16387
SEND 1553584997 INTRODUCE 36 14867
SEND 1553584997 INTRODUCE 36 14569
SEND 1553584997 INTRODUCE 36 19485
SEND 1553584997 INTRODUCE 36 15164
SEND 1553584997 INTRODUCE 36 18240
SEND 1553584997 INTRODUCE 36 16378
SEND 1553584997 INTRODUCE 36 15057
SEND 1553584997 INTRODUCE 36 14546
SEND 1553584997 INTRODUCE 36 14423
SEND 1553584997 INTRODUCE 36 15412
SEND 1553584997 INTRODUCE 36 23474
SEND 1553584997 INTRODUCE 36 15901
SEND 1553584997 INTRODUCE 36 19535
SEND 1553584997 INTRODUCE 36 16179
SEND 1553584997 INTRODUCE 36 12733
SEND 1553584997 INTRODUCE 36 16766
SEND 1553584997 INTRODUCE 36 14503
SEND 1553584997 INTRODUCE 36 14509
SEND 1553584997 INTRODUCE 36 14632
SEND 1553584997 INTRODUCE 36 16084
SEND 1553584997 INTRODUCE 36 14110
SEND 1553584997 INTRODUCE 36 14418
SEND 1553584997 INTRODUCE 36 14148
SEND 1553584997 INTRODUCE 36 23533
SEND 1553584997 INTRODUCE 36 14504
SEND 1553584997 INTRODUCE 36 9478
SEND 1553584997 INTRODUCE 36 16745
SEND 1553584997 INTRODUCE 36 13970
SEND 1553584997 INTRODUCE 36 18624
SEND 1553584997 INTRODUCE 36 14965
SEND 1553584997 JOIN 32 14200
RECIEVED 1553584997 INTRODUCE 37 42 1
RECIEVED 1553584997 INTRODUCE 36 42 1
RECIEVED 1553584997 INTRODUCE 35 42 1
RECIEVED 1553584997 INTRODUCE 36 42 1
SEND 1553584997 INTRODUCE 36 21129
SEND 1553584997 INTRODUCE 36 11184
SEND 1553584997 INTRODUCE 36 13361
SEND 1553584997 INTRODUCE 36 11466
SEND 1553584997 INTRODUCE 36 15059
SEND 1553584997 INTRODUCE 36 14796
SEND 1553584997 INTRODUCE 36 22055
SEND 1553584997 INTRODUCE 36 21939
SEND 1553584997 INTRODUCE 36 35672
SEND 1553584997 INTRODUCE 36 17129
SEND 1553584997 INTRODUCE 36 16399
SEND 1553584997 INTRODUCE 36 14194
SEND 1553584997 INTRODUCE 36 15680
SEND 1553584997 INTRODUCE 36 11599
SEND 1553584997 INTRODUCE 36 18713
SEND 1553584997 INTRODUCE 36 13363
SEND 1553584997 INTRODUCE 36 14385
SEND 1553584997 INTRODUCE 36 12974
SEND 1553584997 INTRODUCE 36 14491
SEND 1553584997 INTRODUCE 36 14848
SEND 1553584997 INTRODUCE 36 10200
SEND 1553584997 INTRODUCE 36 22261
SEND 1553584997 INTRODUCE 36 10352
SEND 1553584997 INTRODUCE 36 19912
SEND 1553584997 INTRODUCE 36 9715
SEND 1553584997 INTRODUCE 36 13435
SEND 1553584997 INTRODUCE 36 14925
SEND 1553584997 INTRODUCE 36 19103
SEND 1553584997 INTRODUCE 36 11192
SEND 1553584997 INTRODUCE 36 15979
SEND 1553584997 INTRODUCE 36 31458
SEND 1553584997 INTRODUCE 36 21070
SEND 1553584997 INTRODUCE 36 14151
SEND 1553584997 INTRODUCE 36 13594
SEND 1553584997 INTRODUCE 36 13326
SEND 1553584997 INTRODUCE 36 10985
SEND 1553584997 INTRODUCE 36 11236
SEND 1553584997 INTRODUCE 36 16541
SEND 1553584997 INTRODUCE 36 18781
SEND 1553584997 INTRODUCE 36 12144
SEND 1553584997 INTRODUCE 36 15306
SEND 1553584997 INTRODUCE 36 14361
SEND 1553584997 JOIN 32 11989
RECIEVED 1553584997 INTRODUCE 37 43 1
RECIEVED 1553584997 INTRODUCE 36 43 1
RECIEVED 1553584997 INTRODUCE 36 43 1
RECIEVED 1553584997 INTRODUCE 36 43 1
RECIEVED 1553584997 INTRODUCE 35 43 1
RECIEVED 1553584997 INTRODUCE 35 43 1
RECIEVED 1553584997 INTRODUCE 37 43 1
RECIEVED 1553584997 INTRODUCE 36 43 1
RECIEVED 1553584997 INTRODUCE 36 43 1
RECIEVED 1553584997 INTRODUCE 36 43 1
RECIEVED 1553584997 INTRODUCE 36 43 1
RECIEVED 1553584997 INTRODUCE 35 43 1
RECIEVED 1553584997 INTRODUCE 35 43 1
RECIEVED 1553584997 INTRODUCE 36 43 1
RECIEVED 1553584997 INTRODUCE 36 43 1
RECIEVED 1553584997 INTRODUCE 36 43 1
RECIEVED 1553584997 INTRODUCE 37 43 1
RECIEVED 1553584997 INTRODUCE 36 43 1
RECIEVED 1553584997 INTRODUCE 37 43 1
SEND 1553584997 INTRODUCE 37 17623
SEND 1553584997 INTRODUCE 37 22735
# recieved string JOIN node18 172.22.156.208 8018

SEND 1553584997 INTRODUCE 37 15812
SEND 1553584997 INTRODUCE 37 17155
SEND 1553584997 INTRODUCE 37 50467
SEND 1553584997 INTRODUCE 37 18277
SEND 1553584997 INTRODUCE 37 43649
SEND 1553584997 INTRODUCE 37 20217
SEND 1553584997 INTRODUCE 37 17812
SEND 1553584997 INTRODUCE 37 21559
SEND 1553584997 INTRODUCE 37 69151
SEND 1553584997 INTRODUCE 37 14200
SEND 1553584997 INTRODUCE 37 23626
SEND 1553584997 INTRODUCE 37 13000
SEND 1553584997 INTRODUCE 37 12788
SEND 1553584997 INTRODUCE 37 18303
SEND 1553584997 INTRODUCE 37 31330
SEND 1553584997 INTRODUCE 37 20639
SEND 1553584997 INTRODUCE 37 14156
SEND 1553584997 INTRODUCE 37 14491
SEND 1553584997 INTRODUCE 37 16720
SEND 1553584997 INTRODUCE 37 12036
SEND 1553584997 INTRODUCE 37 11858
SEND 1553584997 INTRODUCE 37 12349
SEND 1553584997 INTRODUCE 37 13012
SEND 1553584997 INTRODUCE 37 13841
SEND 1553584997 INTRODUCE 37 36010
SEND 1553584997 INTRODUCE 37 14505
SEND 1553584997 INTRODUCE 37 44815
SEND 1553584997 INTRODUCE 37 16891
SEND 1553584997 INTRODUCE 37 10659
SEND 1553584997 INTRODUCE 37 11064
SEND 1553584997 INTRODUCE 37 16146
SEND 1553584997 INTRODUCE 37 9858
SEND 1553584997 INTRODUCE 37 16228
SEND 1553584997 INTRODUCE 37 14110
SEND 1553584997 INTRODUCE 37 29455
SEND 1553584997 INTRODUCE 37 14704
SEND 1553584997 INTRODUCE 37 14058
SEND 1553584997 INTRODUCE 37 10911
SEND 1553584997 INTRODUCE 37 10097
SEND 1553584997 INTRODUCE 37 12969
SEND 1553584997 INTRODUCE 37 11055
SEND 1553584997 JOIN 32 23979
RECIEVED 1553584997 INTRODUCE 35 44 1
RECIEVED 1553584997 INTRODUCE 36 44 1
RECIEVED 1553584997 INTRODUCE 37 44 1
SEND 1553584997 INTRODUCE 37 12128
SEND 1553584997 INTRODUCE 37 14805
SEND 1553584997 INTRODUCE 37 18924
SEND 1553584997 INTRODUCE 37 10292
SEND 1553584997 INTRODUCE 37 22661
SEND 1553584997 INTRODUCE 37 18570
SEND 1553584997 INTRODUCE 37 12381
SEND 1553584997 INTRODUCE 37 20691
SEND 1553584997 INTRODUCE 37 9559
SEND 1553584997 INTRODUCE 37 14845
SEND 1553584997 INTRODUCE 37 11304
SEND 1553584997 INTRODUCE 37 15986
SEND 1553584997 INTRODUCE 37 11306
SEND 1553584997 INTRODUCE 37 10836
SEND 1553584997 INTRODUCE 37 12804
SEND 1553584997 INTRODUCE 37 14766
SEND 1553584997 INTRODUCE 37 27514
SEND 1553584997 INTRODUCE 37 16426
SEND 1553584997 INTRODUCE 37 16613
SEND 1553584997 INTRODUCE 37 14957
SEND 1553584997 INTRODUCE 37 16349
SEND 1553584997 INTRODUCE 37 16000
SEND 1553584997 INTRODUCE 37 12424
SEND 1553584997 INTRODUCE 37 13972
SEND 1553584997 INTRODUCE 37 14626
SEND 1553584997 INTRODUCE 37 17063
SEND 1553584997 INTRODUCE 37 14598
SEND 1553584997 INTRODUCE 37 14748
SEND 1553584997 INTRODUCE 37 10439
SEND 1553584997 INTRODUCE 37 13341
SEND 1553584997 INTRODUCE 37 66081
SEND 1553584997 INTRODUCE 37 12324
SEND 1553584997 INTRODUCE 37 67763
SEND 1553584997 INTRODUCE 37 26810
SEND 1553584997 INTRODUCE 37 14514
SEND 1553584997 INTRODUCE 37 10562
# recieved string JOIN node14 172.22.156.206 8014

SEND 1553584997 INTRODUCE 37 15505
SEND 1553584997 INTRODUCE 37 10050
SEND 1553584997 INTRODUCE 37 10947
SEND 1553584997 INTRODUCE 37 14943
SEND 1553584997 INTRODUCE 37 12629
SEND 1553584997 INTRODUCE 37 15672
SEND 1553584997 INTRODUCE 37 15256
SEND 1553584997 INTRODUCE 37 10749
SEND 1553584997 JOIN 32 14808
RECIEVED 1553584997 INTRODUCE 36 45 1
RECIEVED 1553584997 INTRODUCE 35 45 1
RECIEVED 1553584997 INTRODUCE 35 45 1
RECIEVED 1553584997 INTRODUCE 36 45 1
RECIEVED 1553584997 INTRODUCE 35 45 1
RECIEVED 1553584997 INTRODUCE 36 45 1
RECIEVED 1553584997 INTRODUCE 37 45 1
RECIEVED 1553584997 INTRODUCE 35 45 1
RECIEVED 1553584997 INTRODUCE 37 45 1
RECIEVED 1553584997 INTRODUCE 36 45 1
RECIEVED 1553584997 INTRODUCE 35 45 1
RECIEVED 1553584997 INTRODUCE 36 45 1
RECIEVED 1553584997 INTRODUCE 35 45 1
RECIEVED 1553584997 INTRODUCE 35 45 1
RECIEVED 1553584997 INTRODUCE 35 45 1
RECIEVED 1553584997 INTRODUCE 35 45 1
RECIEVED 1553584997 INTRODUCE 36 45 1
RECIEVED 1553584997 INTRODUCE 35 45 1
RECIEVED 1553584997 INTRODUCE 36 45 1
SEND 1553584997 INTRODUCE 36 128631
SEND 1553584997 INTRODUCE 36 13270
SEND 1553584997 INTRODUCE 36 14426
SEND 1553584997 INTRODUCE 36 21057
SEND 1553584997 INTRODUCE 36 21989
SEND 1553584997 INTRODUCE 36 20602
SEND 1553584997 INTRODUCE 36 10251
SEND 1553584997 INTRODUCE 36 56441
SEND 1553584997 INTRODUCE 36 14322
SEND 1553584997 INTRODUCE 36 37717
SEND 1553584997 INTRODUCE 36 17181
SEND 1553584997 INTRODUCE 36 10854
SEND 1553584997 INTRODUCE 36 20734
SEND 1553584997 INTRODUCE 36 10865
SEND 1553584997 INTRODUCE 36 32541
SEND 1553584997 INTRODUCE 36 11479
SEND 1553584997 INTRODUCE 36 10948
SEND 1553584997 INTRODUCE 36 22429
SEND 1553584997 INTRODUCE 36 13759
SEND 1553584997 INTRODUCE 36 18019
SEND 1553584997 INTRODUCE 36 14406
SEND 1553584997 INTRODUCE 36 14686
SEND 1553584997 INTRODUCE 36 17756
SEND 1553584997 INTRODUCE 36 12974
SEND 1553584997 INTRODUCE 36 21854
SEND 1553584997 INTRODUCE 36 10739
SEND 1553584997 INTRODUCE 36 11881
SEND 1553584997 INTRODUCE 36 10956
SEND 1553584997 INTRODUCE 36 10583
SEND 1553584997 INTRODUCE 36 16083
SEND 1553584997 INTRODUCE 36 10425
SEND 1553584997 INTRODUCE 36 59157
SEND 1553584997 INTRODUCE 36 16672
SEND 1553584997 INTRODUCE 36 14553
SEND 1553584997 INTRODUCE 36 14454
SEND 1553584997 INTRODUCE 36 19331
SEND 1553584997 INTRODUCE 36 9634
SEND 1553584997 INTRODUCE 36 28758
SEND 1553584997 INTRODUCE 36 10589
SEND 1553584997 INTRODUCE 36 11352
SEND 1553584997 INTRODUCE 36 11786
SEND 1553584997 INTRODUCE 36 10394
SEND 1553584997 INTRODUCE 36 15993
SEND 1553584997 INTRODUCE 36 14139
SEND 1553584997 INTRODUCE 36 12424
SEND 1553584997 JOIN 32 10525
RECIEVED 1553584997 INTRODUCE 36 46 1
RECIEVED 1553584997 INTRODUCE 36 46 1
RECIEVED 1553584997 INTRODUCE 36 46 1
RECIEVED 1553584997 INTRODUCE 36 46 1
RECIEVED 1553584997 INTRODUCE 36 46 1
RECIEVED 1553584997 INTRODUCE 37 46 1
RECIEVED 1553584997 INTRODUCE 36 46 1
RECIEVED 1553584997 INTRODUCE 37 46 1
RECIEVED 1553584997 INTRODUCE 37 46 1
RECIEVED 1553584997 INTRODUCE 35 46 1
RECIEVED 1553584997 INTRODUCE 36 46 1
RECIEVED 1553584997 INTRODUCE 36 46 1
RECIEVED 1553584997 INTRODUCE 37 46 1
RECIEVED 1553584997 INTRODUCE 35 46 1
RECIEVED 1553584997 INTRODUCE 36 46 1
RECIEVED 1553584997 INTRODUCE 36 46 1
RECIEVED 1553584997 INTRODUCE 36 46 1
RECIEVED 1553584997 INTRODUCE 35 46 1
RECIEVED 1553584997 INTRODUCE 36 46 1
RECIEVED 1553584997 INTRODUCE 36 46 1
RECIEVED 1553584997 INTRODUCE 37 46 1
RECIEVED 1553584997 INTRODUCE 36 46 1
RECIEVED 1553584997 INTRODUCE 35 46 1
RECIEVED 1553584997 INTRODUCE 36 46 1
RECIEVED 1553584997 INTRODUCE 37 46 1
RECIEVED 1553584997 INTRODUCE 36 46 1
RECIEVED 1553584997 INTRODUCE 35 46 1
RECIEVED 1553584997 INTRODUCE 36 46 1
RECIEVED 1553584997 INTRODUCE 35 46 1
RECIEVED 1553584997 INTRODUCE 37 46 1
RECIEVED 1553584997 INTRODUCE 37 46 1
RECIEVED 1553584997 INTRODUCE 37 46 1
RECIEVED 1553584997 INTRODUCE 36 46 1
RECIEVED 1553584997 INTRODUCE 36 46 1
RECIEVED 1553584997 INTRODUCE 37 46 1
RECIEVED 1553584997 INTRODUCE 36 46 1
RECIEVED 1553584997 INTRODUCE 36 46 1
RECIEVED 1553584997 INTRODUCE 36 46 1
RECIEVED 1553584997 INTRODUCE 37 46 1
RECIEVED 1553584997 INTRODUCE 36 46 1
RECIEVED 1553584997 INTRODUCE 36 46 1
RECIEVED 1553584997 INTRODUCE 36 46 1
RECIEVED 1553584997 INTRODUCE 36 46 1
RECIEVED 1553584997 INTRODUCE 36 46 1
RECIEVED 1553584997 INTRODUCE 36 46 1
RECIEVED 1553584997 INTRODUCE 36 46 1
RECIEVED 1553584997 INTRODUCE 36 46 1
RECIEVED 1553584997 INTRODUCE 35 46 1
RECIEVED 1553584997 INTRODUCE 36 46 1
RECIEVED 1553584997 INTRODUCE 36 46 1
RECIEVED 1553584997 INTRODUCE 36 46 1
RECIEVED 1553584997 INTRODUCE 35 46 1
RECIEVED 1553584997 INTRODUCE 35 46 1
RECIEVED 1553584997 INTRODUCE 36 46 1
RECIEVED 1553584997 INTRODUCE 36 46 1
RECIEVED 1553584997 INTRODUCE 35 46 1
RECIEVED 1553584997 INTRODUCE 36 46 1
RECIEVED 1553584997 INTRODUCE 36 46 1
RECIEVED 1553584997 INTRODUCE 36 46 1
RECIEVED 1553584997 INTRODUCE 35 46 1
RECIEVED 1553584997 INTRODUCE 37 46 1
RECIEVED 1553584997 INTRODUCE 36 46 1
RECIEVED 1553584997 INTRODUCE 36 46 1
RECIEVED 1553584997 INTRODUCE 36 46 1
RECIEVED 1553584997 INTRODUCE 37 46 1
RECIEVED 1553584997 INTRODUCE 36 46 1
RECIEVED 1553584997 INTRODUCE 36 46 1
RECIEVED 1553584997 INTRODUCE 36 46 1
RECIEVED 1553584997 INTRODUCE 36 46 1
RECIEVED 1553584997 INTRODUCE 36 46 1
RECIEVED 1553584997 INTRODUCE 36 46 1
RECIEVED 1553584997 INTRODUCE 37 46 1
RECIEVED 1553584997 INTRODUCE 37 46 1
RECIEVED 1553584997 INTRODUCE 35 46 1
RECIEVED 1553584997 INTRODUCE 36 46 1
RECIEVED 1553584997 INTRODUCE 35 46 1
RECIEVED 1553584997 INTRODUCE 36 46 1
RECIEVED 1553584997 INTRODUCE 35 46 1
RECIEVED 1553584997 INTRODUCE 36 46 1
RECIEVED 1553584997 INTRODUCE 35 46 1
RECIEVED 1553584997 INTRODUCE 37 46 1
RECIEVED 1553584997 INTRODUCE 36 46 1
RECIEVED 1553584997 INTRODUCE 36 46 1
RECIEVED 1553584997 INTRODUCE 36 46 1
RECIEVED 1553584997 INTRODUCE 35 46 1
RECIEVED 1553584997 INTRODUCE 37 46 1
RECIEVED 1553584997 INTRODUCE 36 46 1
RECIEVED 1553584997 INTRODUCE 37 46 1
RECIEVED 1553584997 INTRODUCE 36 46 1
RECIEVED 1553584997 INTRODUCE 36 46 1
RECIEVED 1553584997 INTRODUCE 36 46 1
RECIEVED 1553584997 INTRODUCE 36 46 1
RECIEVED 1553584997 INTRODUCE 35 46 1
RECIEVED 1553584997 INTRODUCE 37 46 1
RECIEVED 1553584997 INTRODUCE 36 46 1
RECIEVED 1553584997 INTRODUCE 36 46 1
RECIEVED 1553584997 INTRODUCE 36 46 1
RECIEVED 1553584997 INTRODUCE 36 46 1
RECIEVED 1553584997 INTRODUCE 36 46 1
RECIEVED 1553584997 INTRODUCE 36 46 1
RECIEVED 1553584997 INTRODUCE 36 46 1
RECIEVED 1553584997 INTRODUCE 36 46 1
RECIEVED 1553584997 INTRODUCE 35 46 1
RECIEVED 1553584997 INTRODUCE 36 46 1
RECIEVED 1553584997 INTRODUCE 35 46 1
RECIEVED 1553584997 INTRODUCE 37 46 1
RECIEVED 1553584997 INTRODUCE 36 46 1
RECIEVED 1553584997 INTRODUCE 37 46 1
RECIEVED 1553584997 INTRODUCE 35 46 1
RECIEVED 1553584997 INTRODUCE 37 46 1
RECIEVED 1553584997 INTRODUCE 36 46 1
RECIEVED 1553584997 INTRODUCE 36 46 1
RECIEVED 1553584997 INTRODUCE 36 46 1
RECIEVED 1553584997 INTRODUCE 36 46 1
RECIEVED 1553584997 INTRODUCE 35 46 1
RECIEVED 1553584997 INTRODUCE 35 46 1
RECIEVED 1553584997 INTRODUCE 35 46 1
RECIEVED 1553584997 INTRODUCE 37 46 1
RECIEVED 1553584997 INTRODUCE 35 46 1
RECIEVED 1553584997 INTRODUCE 36 46 1
RECIEVED 1553584997 INTRODUCE 37 46 1
RECIEVED 1553584997 INTRODUCE 35 46 1
RECIEVED 1553584997 INTRODUCE 36 46 1
RECIEVED 1553584997 INTRODUCE 35 46 1
RECIEVED 1553584997 INTRODUCE 36 46 1
RECIEVED 1553584997 INTRODUCE 36 46 1
RECIEVED 1553584997 INTRODUCE 37 46 1
RECIEVED 1553584997 INTRODUCE 36 46 1
RECIEVED 1553584997 INTRODUCE 36 46 1
RECIEVED 1553584997 INTRODUCE 37 46 1
RECIEVED 1553584997 INTRODUCE 35 46 1
RECIEVED 1553584997 INTRODUCE 36 46 1
RECIEVED 1553584997 INTRODUCE 36 46 1
RECIEVED 1553584997 INTRODUCE 36 46 1
RECIEVED 1553584997 INTRODUCE 36 46 1
RECIEVED 1553584997 INTRODUCE 36 46 1
RECIEVED 1553584997 INTRODUCE 36 46 1
RECIEVED 1553584997 INTRODUCE 36 46 1
RECIEVED 1553584997 INTRODUCE 36 46 1
RECIEVED 1553584997 INTRODUCE 37 46 1
RECIEVED 1553584997 INTRODUCE 37 46 1
RECIEVED 1553584997 INTRODUCE 36 46 1
RECIEVED 1553584997 INTRODUCE 36 46 1
RECIEVED 1553584997 INTRODUCE 36 46 1
RECIEVED 1553584997 INTRODUCE 35 46 1
RECIEVED 1553584997 INTRODUCE 35 46 1
RECIEVED 1553584997 INTRODUCE 36 46 1
RECIEVED 1553584997 INTRODUCE 35 46 1
RECIEVED 1553584997 INTRODUCE 37 46 1
RECIEVED 1553584997 INTRODUCE 37 46 1
RECIEVED 1553584997 INTRODUCE 36 46 1
RECIEVED 1553584997 INTRODUCE 35 46 1
RECIEVED 1553584997 INTRODUCE 35 46 1
RECIEVED 1553584997 INTRODUCE 36 46 1
RECIEVED 1553584997 INTRODUCE 35 46 1
RECIEVED 1553584997 INTRODUCE 36 46 1
RECIEVED 1553584997 INTRODUCE 35 46 1
RECIEVED 1553584997 INTRODUCE 35 46 1
RECIEVED 1553584997 INTRODUCE 36 46 1
RECIEVED 1553584997 INTRODUCE 37 46 1
RECIEVED 1553584997 INTRODUCE 36 46 1
RECIEVED 1553584997 INTRODUCE 35 46 1
RECIEVED 1553584997 INTRODUCE 36 46 1
RECIEVED 1553584997 INTRODUCE 37 46 1
RECIEVED 1553584997 INTRODUCE 36 46 1
RECIEVED 1553584997 INTRODUCE 36 46 1
RECIEVED 1553584997 INTRODUCE 36 46 1
RECIEVED 1553584997 INTRODUCE 36 46 1
RECIEVED 1553584997 INTRODUCE 36 46 1
RECIEVED 1553584997 INTRODUCE 36 46 1
RECIEVED 1553584997 INTRODUCE 36 46 1
RECIEVED 1553584997 TRANSACTION 81 46 1
UPDATE 1553584997 TRANSACTION 1ba51fcf5e7be55d3c151e5d2c4837b1
SEND 1553584997 TRANSACTION 81 10809 1ba51fcf5e7be55d3c151e5d2c4837b1
SEND 1553584997 TRANSACTION 81 12600 1ba51fcf5e7be55d3c151e5d2c4837b1
SEND 1553584997 TRANSACTION 81 11359 1ba51fcf5e7be55d3c151e5d2c4837b1
SEND 1553584997 TRANSACTION 81 16878 1ba51fcf5e7be55d3c151e5d2c4837b1
SEND 1553584997 TRANSACTION 81 16286 1ba51fcf5e7be55d3c151e5d2c4837b1
SEND 1553584997 TRANSACTION 81 16419 1ba51fcf5e7be55d3c151e5d2c4837b1
SEND 1553584997 TRANSACTION 81 21417 1ba51fcf5e7be55d3c151e5d2c4837b1
SEND 1553584997 TRANSACTION 81 10045 1ba51fcf5e7be55d3c151e5d2c4837b1
SEND 1553584997 TRANSACTION 81 16673 1ba51fcf5e7be55d3c151e5d2c4837b1
SEND 1553584997 TRANSACTION 81 19422 1ba51fcf5e7be55d3c151e5d2c4837b1
SEND 1553584997 TRANSACTION 81 15421 1ba51fcf5e7be55d3c151e5d2c4837b1
SEND 1553584997 TRANSACTION 81 10904 1ba51fcf5e7be55d3c151e5d2c4837b1
SEND 1553584997 TRANSACTION 81 12837 1ba51fcf5e7be55d3c151e5d2c4837b1
SEND 1553584997 TRANSACTION 81 15872 1ba51fcf5e7be55d3c151e5d2c4837b1
SEND 1553584997 TRANSACTION 81 13835 1ba51fcf5e7be55d3c151e5d2c4837b1
RECIEVED 1553584997 TRANSACTION 81 46 2
UPDATE 1553584997 TRANSACTION 9fbbbb400fdc9913b6e5a980f0882664
SEND 1553584997 TRANSACTION 81 11529 9fbbbb400fdc9913b6e5a980f0882664
SEND 1553584997 TRANSACTION 81 16739 9fbbbb400fdc9913b6e5a980f0882664
SEND 1553584997 TRANSACTION 81 17615 9fbbbb400fdc9913b6e5a980f0882664
SEND 1553584997 TRANSACTION 81 14051 9fbbbb400fdc9913b6e5a980f0882664
SEND 1553584997 TRANSACTION 81 19501 9fbbbb400fdc9913b6e5a980f0882664
SEND 1553584997 TRANSACTION 81 14019 9fbbbb400fdc9913b6e5a980f0882664
SEND 1553584997 TRANSACTION 81 12489 9fbbbb400fdc9913b6e5a980f0882664
SEND 1553584997 TRANSACTION 81 12257 9fbbbb400fdc9913b6e5a980f0882664
SEND 1553584997 TRANSACTION 81 15235 9fbbbb400fdc9913b6e5a980f0882664
SEND 1553584997 TRANSACTION 81 14732 9fbbbb400fdc9913b6e5a980f0882664
SEND 1553584997 TRANSACTION 81 11766 9fbbbb400fdc9913b6e5a980f0882664
SEND 1553584997 TRANSACTION 81 14922 9fbbbb400fdc9913b6e5a980f0882664
SEND 1553584997 TRANSACTION 81 15931 9fbbbb400fdc9913b6e5a980f0882664
SEND 1553584997 TRANSACTION 81 10871 9fbbbb400fdc9913b6e5a980f0882664
SEND 1553584997 TRANSACTION 81 18811 9fbbbb400fdc9913b6e5a980f0882664
SEND 1553584997 TRANSACTION 81 10070 9fbbbb400fdc9913b6e5a980f0882664
SEND 1553584997 TRANSACTION 81 10044 9fbbbb400fdc9913b6e5a980f0882664
SEND 1553584997 TRANSACTION 81 14196 9fbbbb400fdc9913b6e5a980f0882664
RECIEVED 1553584997 INTRODUCE 36 46 3
RECIEVED 1553584997 INTRODUCE 36 46 3
RECIEVED 1553584997 INTRODUCE 36 46 3
RECIEVED 1553584997 INTRODUCE 36 46 3
RECIEVED 1553584997 TRANSACTION 79 46 3
RECIEVED 1553584997 INTRODUCE 35 46 3
RECIEVED 1553584997 INTRODUCE 37 46 3
RECIEVED 1553584997 INTRODUCE 37 46 3
SEND 1553584997 INTRODUCE 37 14598
SEND 1553584997 INTRODUCE 37 14359
SEND 1553584997 INTRODUCE 37 10671
SEND 1553584997 INTRODUCE 37 10648
SEND 1553584997 INTRODUCE 37 16003
SEND 1553584997 INTRODUCE 37 9837
SEND 1553584997 INTRODUCE 37 15084
SEND 1553584997 INTRODUCE 37 11084
SEND 1553584997 INTRODUCE 37 10015
SEND 1553584997 INTRODUCE 37 10450
SEND 1553584997 INTRODUCE 37 11188
SEND 1553584997 INTRODUCE 37 10686
SEND 1553584997 INTRODUCE 37 15576
SEND 1553584997 INTRODUCE 37 10700
SEND 1553584997 INTRODUCE 37 19900
SEND 1553584997 INTRODUCE 37 14823
SEND 1553584997 INTRODUCE 37 13008
SEND 1553584997 INTRODUCE 37 14763
SEND 1553584997 INTRODUCE 37 18313
SEND 1553584997 INTRODUCE 37 12621
SEND 1553584997 INTRODUCE 37 16662
SEND 1553584997 INTRODUCE 37 37932
SEND 1553584997 INTRODUCE 37 11676
SEND 1553584997 INTRODUCE 37 11748
SEND 1553584997 INTRODUCE 37 11442
SEND 1553584997 INTRODUCE 37 9735
SEND 1553584997 INTRODUCE 37 15783
SEND 1553584997 INTRODUCE 37 15872
SEND 1553584997 INTRODUCE 37 13239
SEND 1553584997 INTRODUCE 37 21520
SEND 1553584997 INTRODUCE 37 23471
SEND 1553584997 INTRODUCE 37 11604
SEND 1553584997 INTRODUCE 37 17133
SEND 1553584997 INTRODUCE 37 12578
SEND 1553584997 INTRODUCE 37 14279
SEND 1553584997 INTRODUCE 37 16300
SEND 1553584997 INTRODUCE 37 13734
SEND 1553584997 INTRODUCE 37 15812
SEND 1553584997 INTRODUCE 37 12595
SEND 1553584997 INTRODUCE 37 14263
SEND 1553584997 INTRODUCE 37 14182
SEND 1553584997 INTRODUCE 37 12539
SEND 1553584997 INTRODUCE 37 15164
SEND 1553584997 INTRODUCE 37 12170
SEND 1553584997 INTRODUCE 37 19587
SEND 1553584997 INTRODUCE 37 14636
SEND 1553584997 JOIN 32 51719
RECIEVED 1553584997 INTRODUCE 36 47 3
RECIEVED 1553584997 INTRODUCE 36 47 3
RECIEVED 1553584997 INTRODUCE 36 47 3
RECIEVED 1553584997 INTRODUCE 36 47 3
RECIEVED 1553584997 INTRODUCE 36 47 3
RECIEVED 1553584997 INTRODUCE 36 47 3
RECIEVED 1553584997 INTRODUCE 36 47 3
RECIEVED 1553584997 INTRODUCE 36 47 3
RECIEVED 1553584997 INTRODUCE 35 47 3
RECIEVED 1553584997 INTRODUCE 36 47 3
RECIEVED 1553584997 INTRODUCE 35 47 3
RECIEVED 1553584997 INTRODUCE 37 47 3
RECIEVED 1553584997 INTRODUCE 35 47 3
RECIEVED 1553584997 INTRODUCE 36 47 3
RECIEVED 1553584997 INTRODUCE 37 47 3
RECIEVED 1553584997 INTRODUCE 36 47 3
RECIEVED 1553584997 INTRODUCE 37 47 3
SEND 1553584997 INTRODUCE 37 20075
SEND 1553584997 INTRODUCE 37 21812
SEND 1553584997 INTRODUCE 37 14127
SEND 1553584997 INTRODUCE 37 15918
SEND 1553584997 INTRODUCE 37 18140
SEND 1553584997 INTRODUCE 37 10318
SEND 1553584997 INTRODUCE 37 16362
SEND 1553584997 INTRODUCE 37 11005
SEND 1553584997 INTRODUCE 37 13015
SEND 1553584997 INTRODUCE 37 10146
SEND 1553584997 INTRODUCE 37 17625
SEND 1553584997 INTRODUCE 37 9800
SEND 1553584997 INTRODUCE 37 10964
SEND 1553584997 INTRODUCE 37 11756
SEND 1553584997 INTRODUCE 37 10977
SEND 1553584997 INTRODUCE 37 19124
SEND 1553584997 INTRODUCE 37 12910
SEND 1553584997 INTRODUCE 37 10834
SEND 1553584997 INTRODUCE 37 12731
SEND 1553584997 INTRODUCE 37 9799
SEND 1553584997 INTRODUCE 37 22992
SEND 1553584997 INTRODUCE 37 10280
SEND 1553584997 INTRODUCE 37 11401
SEND 1553584997 INTRODUCE 37 18212
SEND 1553584997 INTRODUCE 37 14873
SEND 1553584997 INTRODUCE 37 22478
SEND 1553584997 INTRODUCE 37 24402
SEND 1553584997 INTRODUCE 37 14228
SEND 1553584997 INTRODUCE 37 10852
SEND 1553584997 INTRODUCE 37 11795
SEND 1553584997 INTRODUCE 37 14109
SEND 1553584997 INTRODUCE 37 16723
SEND 1553584997 INTRODUCE 37 14719
SEND 1553584997 INTRODUCE 37 11379
SEND 1553584997 INTRODUCE 37 10626
SEND 1553584997 INTRODUCE 37 17721
SEND 1553584997 INTRODUCE 37 11552
SEND 1553584997 INTRODUCE 37 12548
SEND 1553584997 INTRODUCE 37 16388
SEND 1553584997 INTRODUCE 37 14370
SEND 1553584997 INTRODUCE 37 14522
# recieved string JOIN node12 172.22.156.206 8012

SEND 1553584997 INTRODUCE 37 11756
# recieved string JOIN node15 172.22.94.217 8015

SEND 1553584997 INTRODUCE 37 13766
SEND 1553584997 INTRODUCE 37 22542
SEND 1553584997 INTRODUCE 37 14133
SEND 1553584997 INTRODUCE 37 13134
SEND 1553584997 INTRODUCE 37 11307
SEND 1553584997 JOIN 32 15236
RECIEVED 1553584997 INTRODUCE 37 48 3
RECIEVED 1553584997 TRANSACTION 81 48 3
RECIEVED 1553584997 INTRODUCE 37 48 3
RECIEVED 1553584997 INTRODUCE 36 48 3
RECIEVED 1553584997 INTRODUCE 36 48 3
RECIEVED 1553584997 INTRODUCE 37 48 3
RECIEVED 1553584997 INTRODUCE 35 48 3
RECIEVED 1553584997 INTRODUCE 37 48 3
RECIEVED 1553584997 INTRODUCE 36 48 3
RECIEVED 1553584997 INTRODUCE 36 48 3
RECIEVED 1553584997 INTRODUCE 36 48 3
RECIEVED 1553584997 INTRODUCE 35 48 3
RECIEVED 1553584997 INTRODUCE 36 48 3
RECIEVED 1553584997 INTRODUCE 36 48 3
RECIEVED 1553584997 INTRODUCE 37 48 3
RECIEVED 1553584997 INTRODUCE 36 48 3
RECIEVED 1553584997 INTRODUCE 37 48 3
RECIEVED 1553584997 INTRODUCE 37 48 3
RECIEVED 1553584997 INTRODUCE 36 48 3
RECIEVED 1553584997 INTRODUCE 37 48 3
RECIEVED 1553584997 INTRODUCE 36 48 3
RECIEVED 1553584997 INTRODUCE 35 48 3
RECIEVED 1553584997 INTRODUCE 36 48 3
RECIEVED 1553584997 INTRODUCE 35 48 3
RECIEVED 1553584997 INTRODUCE 35 48 3
RECIEVED 1553584997 INTRODUCE 36 48 3
RECIEVED 1553584997 INTRODUCE 37 48 3
RECIEVED 1553584997 INTRODUCE 35 48 3
RECIEVED 1553584997 INTRODUCE 35 48 3
RECIEVED 1553584997 INTRODUCE 37 48 3
RECIEVED 1553584997 INTRODUCE 36 48 3
RECIEVED 1553584997 INTRODUCE 36 48 3
RECIEVED 1553584997 INTRODUCE 35 48 3
RECIEVED 1553584997 INTRODUCE 37 48 3
RECIEVED 1553584997 INTRODUCE 36 48 3
RECIEVED 1553584997 INTRODUCE 35 48 3
RECIEVED 1553584997 INTRODUCE 37 48 3
RECIEVED 1553584997 INTRODUCE 37 48 3
RECIEVED 1553584997 INTRODUCE 36 48 3
RECIEVED 1553584997 INTRODUCE 36 48 3
RECIEVED 1553584997 INTRODUCE 36 48 3
RECIEVED 1553584997 INTRODUCE 36 48 3
RECIEVED 1553584997 INTRODUCE 36 48 3
RECIEVED 1553584997 INTRODUCE 36 48 3
RECIEVED 1553584997 INTRODUCE 36 48 3
RECIEVED 1553584997 INTRODUCE 36 48 3
RECIEVED 1553584997 INTRODUCE 36 48 3
RECIEVED 1553584997 INTRODUCE 36 48 3
RECIEVED 1553584997 INTRODUCE 35 48 3
RECIEVED 1553584997 INTRODUCE 37 48 3
RECIEVED 1553584997 INTRODUCE 35 48 3
RECIEVED 1553584997 INTRODUCE 36 48 3
RECIEVED 1553584997 INTRODUCE 36 48 3
RECIEVED 1553584997 INTRODUCE 36 48 3
RECIEVED 1553584997 INTRODUCE 36 48 3
RECIEVED 1553584997 INTRODUCE 35 48 3
RECIEVED 1553584997 INTRODUCE 35 48 3
RECIEVED 1553584997 INTRODUCE 35 48 3
RECIEVED 1553584997 INTRODUCE 37 48 3
RECIEVED 1553584997 INTRODUCE 36 48 3
RECIEVED 1553584997 INTRODUCE 36 48 3
RECIEVED 1553584997 INTRODUCE 36 48 3
RECIEVED 1553584997 INTRODUCE 36 48 3
RECIEVED 1553584997 INTRODUCE 35 48 3
RECIEVED 1553584997 INTRODUCE 36 48 3
RECIEVED 1553584997 INTRODUCE 36 48 3
RECIEVED 1553584997 INTRODUCE 36 48 3
RECIEVED 1553584997 INTRODUCE 36 48 3
RECIEVED 1553584997 INTRODUCE 35 48 3
RECIEVED 1553584997 INTRODUCE 36 48 3
RECIEVED 1553584997 INTRODUCE 36 48 3
RECIEVED 1553584997 INTRODUCE 35 48 3
RECIEVED 1553584997 INTRODUCE 36 48 3
RECIEVED 1553584997 INTRODUCE 36 48 3
RECIEVED 1553584997 INTRODUCE 36 48 3
RECIEVED 1553584997 INTRODUCE 36 48 3
RECIEVED 1553584997 INTRODUCE 35 48 3
RECIEVED 1553584997 INTRODUCE 36 48 3
RECIEVED 1553584997 INTRODUCE 37 48 3
RECIEVED 1553584997 INTRODUCE 36 48 3
RECIEVED 1553584997 INTRODUCE 36 48 3
RECIEVED 1553584997 INTRODUCE 36 48 3
RECIEVED 1553584997 INTRODUCE 37 48 3
RECIEVED 1553584997 INTRODUCE 36 48 3
RECIEVED 1553584997 INTRODUCE 35 48 3
RECIEVED 1553584997 INTRODUCE 36 48 3
RECIEVED 1553584997 INTRODUCE 35 48 3
RECIEVED 1553584997 INTRODUCE 35 48 3
RECIEVED 1553584997 INTRODUCE 35 48 3
RECIEVED 1553584997 INTRODUCE 37 48 3
RECIEVED 1553584997 INTRODUCE 36 48 3
RECIEVED 1553584997 INTRODUCE 36 48 3
RECIEVED 1553584997 INTRODUCE 36 48 3
RECIEVED 1553584997 INTRODUCE 36 48 3
RECIEVED 1553584997 INTRODUCE 35 48 3
RECIEVED 1553584997 INTRODUCE 37 48 3
RECIEVED 1553584997 INTRODUCE 36 48 3
RECIEVED 1553584997 INTRODUCE 36 48 3
RECIEVED 1553584997 INTRODUCE 37 48 3
RECIEVED 1553584997 INTRODUCE 37 48 3
RECIEVED 1553584997 TRANSACTION 81 48 3
RECIEVED 1553584997 INTRODUCE 36 48 3
RECIEVED 1553584997 INTRODUCE 35 48 3
RECIEVED 1553584997 INTRODUCE 35 48 3
RECIEVED 1553584997 INTRODUCE 37 48 3
RECIEVED 1553584997 INTRODUCE 37 48 3
RECIEVED 1553584997 INTRODUCE 37 48 3
RECIEVED 1553584997 INTRODUCE 36 48 3
RECIEVED 1553584997 INTRODUCE 37 48 3
RECIEVED 1553584997 INTRODUCE 36 48 3
RECIEVED 1553584997 INTRODUCE 36 48 3
RECIEVED 1553584997 INTRODUCE 36 48 3
RECIEVED 1553584997 INTRODUCE 36 48 3
RECIEVED 1553584997 INTRODUCE 37 48 3
RECIEVED 1553584997 INTRODUCE 36 48 3
RECIEVED 1553584997 INTRODUCE 37 48 3
RECIEVED 1553584997 INTRODUCE 37 48 3
RECIEVED 1553584997 INTRODUCE 36 48 3
RECIEVED 1553584997 INTRODUCE 36 48 3
RECIEVED 1553584997 INTRODUCE 36 48 3
RECIEVED 1553584997 INTRODUCE 36 48 3
RECIEVED 1553584997 INTRODUCE 36 48 3
RECIEVED 1553584997 INTRODUCE 36 48 3
RECIEVED 1553584997 INTRODUCE 36 48 3
RECIEVED 1553584997 INTRODUCE 37 48 3
RECIEVED 1553584997 INTRODUCE 36 48 3
RECIEVED 1553584997 INTRODUCE 36 48 3
RECIEVED 1553584997 INTRODUCE 37 48 3
RECIEVED 1553584997 INTRODUCE 35 48 3
RECIEVED 1553584997 INTRODUCE 36 48 3
RECIEVED 1553584997 INTRODUCE 36 48 3
RECIEVED 1553584997 INTRODUCE 36 48 3
RECIEVED 1553584997 INTRODUCE 36 48 3
RECIEVED 1553584997 INTRODUCE 35 48 3
RECIEVED 1553584997 INTRODUCE 35 48 3
RECIEVED 1553584997 INTRODUCE 36 48 3
RECIEVED 1553584997 INTRODUCE 37 48 3
SEND 1553584997 INTRODUCE 37 11073
SEND 1553584997 INTRODUCE 37 15524
SEND 1553584997 INTRODUCE 37 11269
SEND 1553584997 INTRODUCE 37 16103
SEND 1553584997 INTRODUCE 37 16045
SEND 1553584997 INTRODUCE 37 14645
SEND 1553584997 INTRODUCE 37 23109
SEND 1553584997 INTRODUCE 37 12440
SEND 1553584997 INTRODUCE 37 11447
SEND 1553584997 INTRODUCE 37 11544
SEND 1553584997 INTRODUCE 37 17655
SEND 1553584997 INTRODUCE 37 22085
SEND 1553584997 INTRODUCE 37 21561
SEND 1553584997 INTRODUCE 37 10205
SEND 1553584997 INTRODUCE 37 13191
SEND 1553584997 INTRODUCE 37 12484
SEND 1553584997 INTRODUCE 37 18062
SEND 1553584997 INTRODUCE 37 13326
SEND 1553584997 INTRODUCE 37 15721
SEND 1553584997 INTRODUCE 37 13523
SEND 1553584997 INTRODUCE 37 11855
# recieved string JOIN node15 172.22.156.206 8015

SEND 1553584997 INTRODUCE 37 17295
SEND 1553584997 INTRODUCE 37 10648
SEND 1553584997 INTRODUCE 37 13465
SEND 1553584997 INTRODUCE 37 12659
SEND 1553584997 INTRODUCE 37 17187
SEND 1553584997 INTRODUCE 37 13722
SEND 1553584997 INTRODUCE 37 13534
SEND 1553584997 INTRODUCE 37 14803
SEND 1553584997 INTRODUCE 37 14260
SEND 1553584997 INTRODUCE 37 14441
SEND 1553584997 INTRODUCE 37 16192
SEND 1553584997 INTRODUCE 37 12983
SEND 1553584997 INTRODUCE 37 11788
SEND 1553584997 INTRODUCE 37 13428
SEND 1553584997 INTRODUCE 37 14338
SEND 1553584997 INTRODUCE 37 19344
SEND 1553584997 INTRODUCE 37 14618
SEND 1553584997 INTRODUCE 37 27023
SEND 1553584997 INTRODUCE 37 14548
SEND 1553584997 INTRODUCE 37 15405
SEND 1553584997 INTRODUCE 37 47223
SEND 1553584997 INTRODUCE 37 19254
SEND 1553584997 INTRODUCE 37 12312
SEND 1553584997 INTRODUCE 37 11760
SEND 1553584997 INTRODUCE 37 14951
SEND 1553584997 INTRODUCE 37 42247
SEND 1553584997 INTRODUCE 37 11944
SEND 1553584997 JOIN 32 14885
RECIEVED 1553584997 INTRODUCE 35 49 3
RECIEVED 1553584997 INTRODUCE 35 49 3
RECIEVED 1553584997 INTRODUCE 37 49 3
RECIEVED 1553584997 INTRODUCE 36 49 3
RECIEVED 1553584997 INTRODUCE 37 49 3
RECIEVED 1553584997 INTRODUCE 36 49 3
RECIEVED 1553584997 INTRODUCE 36 49 3
RECIEVED 1553584997 TRANSACTION 81 49 3
RECIEVED 1553584997 INTRODUCE 35 49 3
RECIEVED 1553584997 INTRODUCE 36 49 3
RECIEVED 1553584997 INTRODUCE 36 49 3
RECIEVED 1553584997 INTRODUCE 35 49 3
RECIEVED 1553584997 INTRODUCE 37 49 3
RECIEVED 1553584997 INTRODUCE 37 49 3
RECIEVED 1553584997 INTRODUCE 36 49 3
RECIEVED 1553584997 INTRODUCE 36 49 3
RECIEVED 1553584997 INTRODUCE 36 49 3
RECIEVED 1553584997 INTRODUCE 37 49 3
RECIEVED 1553584997 INTRODUCE 37 49 3
RECIEVED 1553584997 INTRODUCE 36 49 3
RECIEVED 1553584997 INTRODUCE 36 49 3
RECIEVED 1553584997 INTRODUCE 37 49 3
RECIEVED 1553584997 INTRODUCE 36 49 3
RECIEVED 1553584997 INTRODUCE 36 49 3
RECIEVED 1553584997 INTRODUCE 37 49 3
RECIEVED 1553584997 INTRODUCE 35 49 3
RECIEVED 1553584997 INTRODUCE 36 49 3
RECIEVED 1553584997 INTRODUCE 35 49 3
RECIEVED 1553584997 INTRODUCE 36 49 3
RECIEVED 1553584997 INTRODUCE 35 49 3
RECIEVED 1553584997 INTRODUCE 37 49 3
RECIEVED 1553584997 INTRODUCE 36 49 3
RECIEVED 1553584997 INTRODUCE 35 49 3
RECIEVED 1553584997 INTRODUCE 36 49 3
RECIEVED 1553584997 INTRODUCE 36 49 3
RECIEVED 1553584997 INTRODUCE 36 49 3
RECIEVED 1553584997 INTRODUCE 37 49 3
RECIEVED 1553584997 INTRODUCE 37 49 3
SEND 1553584997 INTRODUCE 37 21386
SEND 1553584997 INTRODUCE 37 139692
SEND 1553584997 INTRODUCE 37 15274
SEND 1553584997 INTRODUCE 37 14288
SEND 1553584997 INTRODUCE 37 14746
SEND 1553584997 INTRODUCE 37 10823
SEND 1553584997 INTRODUCE 37 16376
SEND 1553584997 INTRODUCE 37 10044
SEND 1553584997 INTRODUCE 37 17224
SEND 1553584997 INTRODUCE 37 15231
SEND 1553584997 INTRODUCE 37 82403
# recieved string JOIN node16 172.22.156.208 8016

SEND 1553584997 INTRODUCE 37 10719
SEND 1553584997 INTRODUCE 37 14047
SEND 1553584997 INTRODUCE 37 25178
SEND 1553584997 INTRODUCE 37 13364
SEND 1553584997 INTRODUCE 37 13549
SEND 1553584997 INTRODUCE 37 13961
SEND 1553584997 INTRODUCE 37 14348
SEND 1553584997 INTRODUCE 37 14711
SEND 1553584997 INTRODUCE 37 31346
# recieved string JOIN node17 172.22.94.217 8017

SEND 1553584997 INTRODUCE 37 23978
SEND 1553584997 INTRODUCE 37 15079
SEND 1553584997 INTRODUCE 37 15395
SEND 1553584997 INTRODUCE 37 11702
SEND 1553584997 INTRODUCE 37 12122
SEND 1553584997 INTRODUCE 37 14831
SEND 1553584997 INTRODUCE 37 11970
SEND 1553584997 INTRODUCE 37 12543
SEND 1553584997 INTRODUCE 37 16740
SEND 1553584997 INTRODUCE 37 10371
SEND 1553584997 INTRODUCE 37 12610
SEND 1553584997 INTRODUCE 37 9809
SEND 1553584997 INTRODUCE 37 11060
SEND 1553584997 INTRODUCE 37 12979
SEND 1553584997 INTRODUCE 37 13272
SEND 1553584997 INTRODUCE 37 15658
SEND 1553584997 INTRODUCE 37 14022
SEND 1553584997 INTRODUCE 37 15342
SEND 1553584997 INTRODUCE 37 28088
SEND 1553584997 INTRODUCE 37 13057
SEND 1553584997 INTRODUCE 37 16555
SEND 1553584997 INTRODUCE 37 10862
SEND 1553584997 INTRODUCE 37 11473
# recieved string JOIN node17 172.22.156.208 8017

SEND 1553584997 INTRODUCE 37 15099
SEND 1553584997 INTRODUCE 37 10999
SEND 1553584997 INTRODUCE 37 12427
SEND 1553584997 INTRODUCE 37 11805
SEND 1553584997 INTRODUCE 37 14461
SEND 1553584997 INTRODUCE 37 15444
SEND 1553584997 JOIN 32 14719
RECIEVED 1553584997 INTRODUCE 36 50 3
RECIEVED 1553584997 INTRODUCE 37 50 3
RECIEVED 1553584997 INTRODUCE 36 50 3
RECIEVED 1553584997 INTRODUCE 36 50 3
RECIEVED 1553584997 INTRODUCE 36 50 3
RECIEVED 1553584997 INTRODUCE 35 50 3
RECIEVED 1553584997 INTRODUCE 35 50 3
RECIEVED 1553584997 INTRODUCE 36 50 3
RECIEVED 1553584997 INTRODUCE 37 50 3
RECIEVED 1553584997 INTRODUCE 36 50 3
RECIEVED 1553584997 INTRODUCE 36 50 3
RECIEVED 1553584997 INTRODUCE 37 50 3
RECIEVED 1553584997 INTRODUCE 36 50 3
RECIEVED 1553584997 INTRODUCE 36 50 3
RECIEVED 1553584997 INTRODUCE 35 50 3
RECIEVED 1553584997 INTRODUCE 35 50 3
RECIEVED 1553584997 INTRODUCE 36 50 3
RECIEVED 1553584997 INTRODUCE 35 50 3
RECIEVED 1553584997 INTRODUCE 37 50 3
RECIEVED 1553584997 INTRODUCE 36 50 3
RECIEVED 1553584997 INTRODUCE 36 50 3
RECIEVED 1553584997 INTRODUCE 36 50 3
RECIEVED 1553584997 INTRODUCE 35 50 3
RECIEVED 1553584997 INTRODUCE 37 50 3
RECIEVED 1553584997 INTRODUCE 36 50 3
RECIEVED 1553584997 INTRODUCE 37 50 3
RECIEVED 1553584997 INTRODUCE 36 50 3
RECIEVED 1553584997 INTRODUCE 35 50 3
RECIEVED 1553584997 INTRODUCE 36 50 3
RECIEVED 1553584997 INTRODUCE 35 50 3
RECIEVED 1553584997 INTRODUCE 36 50 3
RECIEVED 1553584997 INTRODUCE 37 50 3
RECIEVED 1553584997 INTRODUCE 36 50 3
RECIEVED 1553584997 INTRODUCE 35 50 3
RECIEVED 1553584997 INTRODUCE 36 50 3
RECIEVED 1553584997 INTRODUCE 36 50 3
RECIEVED 1553584997 INTRODUCE 37 50 3
RECIEVED 1553584997 INTRODUCE 36 50 3
RECIEVED 1553584997 INTRODUCE 36 50 3
RECIEVED 1553584997 INTRODUCE 36 50 3
RECIEVED 1553584997 INTRODUCE 36 50 3
RECIEVED 1553584997 INTRODUCE 36 50 3
RECIEVED 1553584997 INTRODUCE 37 50 3
RECIEVED 1553584997 INTRODUCE 36 50 3
RECIEVED 1553584997 INTRODUCE 37 50 3
RECIEVED 1553584997 INTRODUCE 35 50 3
RECIEVED 1553584997 INTRODUCE 35 50 3
RECIEVED 1553584997 INTRODUCE 37 50 3
RECIEVED 1553584997 INTRODUCE 36 50 3
RECIEVED 1553584997 INTRODUCE 37 50 3
RECIEVED 1553584997 INTRODUCE 36 50 3
RECIEVED 1553584997 INTRODUCE 36 50 3
RECIEVED 1553584997 INTRODUCE 37 50 3
RECIEVED 1553584997 INTRODUCE 36 50 3
RECIEVED 1553584997 INTRODUCE 37 50 3
SEND 1553584997 INTRODUCE 37 8796
SEND 1553584997 INTRODUCE 37 14777
SEND 1553584997 INTRODUCE 37 15130
SEND 1553584997 INTRODUCE 37 13924
SEND 1553584997 INTRODUCE 37 17080
SEND 1553584997 INTRODUCE 37 12928
SEND 1553584997 INTRODUCE 37 13940
SEND 1553584997 INTRODUCE 37 11082
SEND 1553584997 INTRODUCE 37 15272
# recieved string JOIN node19 172.22.94.217 8019

SEND 1553584997 INTRODUCE 37 16094
SEND 1553584997 INTRODUCE 37 10929
SEND 1553584997 INTRODUCE 37 15900
SEND 1553584997 INTRODUCE 37 16493
SEND 1553584997 INTRODUCE 37 15010
SEND 1553584997 INTRODUCE 37 13775
SEND 1553584997 INTRODUCE 37 11336
SEND 1553584997 INTRODUCE 37 14578
SEND 1553584997 INTRODUCE 37 10699
SEND 1553584997 INTRODUCE 37 39598
SEND 1553584997 INTRODUCE 37 15026
SEND 1553584997 INTRODUCE 37 15582
SEND 1553584997 INTRODUCE 37 9974
SEND 1553584997 INTRODUCE 37 11175
SEND 1553584997 INTRODUCE 37 14943
SEND 1553584997 INTRODUCE 37 12931
SEND 1553584997 INTRODUCE 37 61991
SEND 1553584997 INTRODUCE 37 15762
SEND 1553584997 INTRODUCE 37 15643
SEND 1553584997 INTRODUCE 37 11577
SEND 1553584997 INTRODUCE 37 64049
SEND 1553584997 INTRODUCE 37 10936
SEND 1553584997 INTRODUCE 37 10618
SEND 1553584997 INTRODUCE 37 10993
SEND 1553584997 INTRODUCE 37 15638
SEND 1553584997 INTRODUCE 37 11328
SEND 1553584997 INTRODUCE 37 15572
SEND 1553584997 INTRODUCE 37 11135
SEND 1553584997 INTRODUCE 37 12220
SEND 1553584997 INTRODUCE 37 10295
SEND 1553584997 INTRODUCE 37 15211
SEND 1553584997 INTRODUCE 37 19191
SEND 1553584997 INTRODUCE 37 16453
SEND 1553584997 INTRODUCE 37 11049
SEND 1553584997 INTRODUCE 37 10791
SEND 1553584997 INTRODUCE 37 15916
SEND 1553584997 INTRODUCE 37 12740
SEND 1553584997 INTRODUCE 37 14053
SEND 1553584997 INTRODUCE 37 11791
SEND 1553584997 INTRODUCE 37 11326
SEND 1553584997 INTRODUCE 37 17172
SEND 1553584997 JOIN 32 15216
RECIEVED 1553584997 INTRODUCE 35 51 3
RECIEVED 1553584997 INTRODUCE 36 51 3
RECIEVED 1553584997 INTRODUCE 36 51 3
RECIEVED 1553584997 INTRODUCE 37 51 3
RECIEVED 1553584997 INTRODUCE 36 51 3
RECIEVED 1553584997 INTRODUCE 36 51 3
RECIEVED 1553584997 INTRODUCE 36 51 3
RECIEVED 1553584997 INTRODUCE 35 51 3
RECIEVED 1553584997 INTRODUCE 37 51 3
RECIEVED 1553584997 INTRODUCE 35 51 3
RECIEVED 1553584997 INTRODUCE 36 51 3
RECIEVED 1553584997 INTRODUCE 37 51 3
RECIEVED 1553584997 INTRODUCE 35 51 3
RECIEVED 1553584997 INTRODUCE 35 51 3
RECIEVED 1553584997 INTRODUCE 36 51 3
RECIEVED 1553584997 INTRODUCE 35 51 3
RECIEVED 1553584997 INTRODUCE 36 51 3
RECIEVED 1553584997 INTRODUCE 36 51 3
RECIEVED 1553584997 INTRODUCE 36 51 3
RECIEVED 1553584997 INTRODUCE 36 51 3
RECIEVED 1553584997 INTRODUCE 35 51 3
RECIEVED 1553584997 INTRODUCE 36 51 3
RECIEVED 1553584997 INTRODUCE 37 51 3
RECIEVED 1553584997 INTRODUCE 36 51 3
RECIEVED 1553584997 INTRODUCE 37 51 3
RECIEVED 1553584997 INTRODUCE 36 51 3
RECIEVED 1553584997 INTRODUCE 37 51 3
RECIEVED 1553584997 INTRODUCE 36 51 3
RECIEVED 1553584997 INTRODUCE 35 51 3
RECIEVED 1553584997 INTRODUCE 37 51 3
RECIEVED 1553584997 INTRODUCE 37 51 3
RECIEVED 1553584997 INTRODUCE 37 51 3
RECIEVED 1553584997 INTRODUCE 35 51 3
RECIEVED 1553584997 INTRODUCE 36 51 3
RECIEVED 1553584997 INTRODUCE 36 51 3
RECIEVED 1553584997 INTRODUCE 36 51 3
RECIEVED 1553584997 INTRODUCE 37 51 3
RECIEVED 1553584997 INTRODUCE 36 51 3
RECIEVED 1553584997 INTRODUCE 36 51 3
RECIEVED 1553584997 INTRODUCE 36 51 3
RECIEVED 1553584997 INTRODUCE 35 51 3
RECIEVED 1553584997 INTRODUCE 37 51 3
RECIEVED 1553584997 INTRODUCE 35 51 3
RECIEVED 1553584997 INTRODUCE 36 51 3
RECIEVED 1553584997 INTRODUCE 36 51 3
RECIEVED 1553584997 INTRODUCE 36 51 3
RECIEVED 1553584997 INTRODUCE 36 51 3
RECIEVED 1553584997 INTRODUCE 35 51 3
RECIEVED 1553584997 INTRODUCE 36 51 3
RECIEVED 1553584997 INTRODUCE 36 51 3
RECIEVED 1553584997 INTRODUCE 36 51 3
RECIEVED 1553584997 INTRODUCE 36 51 3
RECIEVED 1553584997 INTRODUCE 35 51 3
RECIEVED 1553584997 INTRODUCE 36 51 3
RECIEVED 1553584997 INTRODUCE 36 51 3
RECIEVED 1553584997 INTRODUCE 35 51 3
RECIEVED 1553584997 INTRODUCE 36 51 3
RECIEVED 1553584997 INTRODUCE 36 51 3
RECIEVED 1553584997 INTRODUCE 36 51 3
RECIEVED 1553584997 INTRODUCE 36 51 3
RECIEVED 1553584997 INTRODUCE 37 51 3
RECIEVED 1553584997 INTRODUCE 37 51 3
RECIEVED 1553584997 INTRODUCE 36 51 3
RECIEVED 1553584997 INTRODUCE 36 51 3
RECIEVED 1553584997 INTRODUCE 37 51 3
SEND 1553584997 INTRODUCE 37 47159
SEND 1553584997 INTRODUCE 37 17250
SEND 1553584997 INTRODUCE 37 54245
SEND 1553584997 INTRODUCE 37 11324
SEND 1553584997 INTRODUCE 37 12717
SEND 1553584997 INTRODUCE 37 14591
SEND 1553584997 INTRODUCE 37 13509
SEND 1553584997 INTRODUCE 37 13511
SEND 1553584997 INTRODUCE 37 13228
SEND 1553584997 INTRODUCE 37 10659
SEND 1553584997 INTRODUCE 37 15641
SEND 1553584997 INTRODUCE 37 11340
SEND 1553584997 INTRODUCE 37 10864
SEND 1553584997 INTRODUCE 37 18813
SEND 1553584997 INTRODUCE 37 10358
SEND 1553584997 INTRODUCE 37 17224
SEND 1553584997 INTRODUCE 37 29816
SEND 1553584997 INTRODUCE 37 14660
SEND 1553584997 INTRODUCE 37 11656
SEND 1553584997 INTRODUCE 37 10559
SEND 1553584997 INTRODUCE 37 15402
SEND 1553584997 INTRODUCE 37 15747
SEND 1553584997 INTRODUCE 37 15760
SEND 1553584997 INTRODUCE 37 10413
SEND 1553584997 INTRODUCE 37 16337
SEND 1553584997 INTRODUCE 37 15821
SEND 1553584997 INTRODUCE 37 11220
SEND 1553584997 INTRODUCE 37 11705
SEND 1553584997 INTRODUCE 37 14982
SEND 1553584997 INTRODUCE 37 13766
SEND 1553584997 INTRODUCE 37 11325
SEND 1553584997 INTRODUCE 37 11051
SEND 1553584997 INTRODUCE 37 15621
SEND 1553584997 INTRODUCE 37 11010
SEND 1553584997 INTRODUCE 37 10557
SEND 1553584997 INTRODUCE 37 11003
SEND 1553584997 INTRODUCE 37 29067
SEND 1553584997 INTRODUCE 37 11228
SEND 1553584997 INTRODUCE 37 10630
SEND 1553584997 INTRODUCE 37 12415
SEND 1553584997 INTRODUCE 37 11429
SEND 1553584997 INTRODUCE 37 15917
SEND 1553584997 INTRODUCE 37 14572
SEND 1553584997 INTRODUCE 37 14790
SEND 1553584997 INTRODUCE 37 14945
SEND 1553584997 INTRODUCE 37 20646
SEND 1553584997 INTRODUCE 37 13487
SEND 1553584997 INTRODUCE 37 42866
SEND 1553584997 INTRODUCE 37 14021
SEND 1553584997 INTRODUCE 37 11236
SEND 1553584997 INTRODUCE 37 11321
SEND 1553584997 JOIN 32 16191
RECIEVED 1553584997 INTRODUCE 36 52 3
RECIEVED 1553584997 INTRODUCE 36 52 3
RECIEVED 1553584997 INTRODUCE 35 52 3
RECIEVED 1553584997 INTRODUCE 36 52 3
RECIEVED 1553584997 INTRODUCE 36 52 3
RECIEVED 1553584997 INTRODUCE 37 52 3
RECIEVED 1553584997 INTRODUCE 36 52 3
RECIEVED 1553584997 INTRODUCE 35 52 3
RECIEVED 1553584997 INTRODUCE 36 52 3
RECIEVED 1553584997 INTRODUCE 36 52 3
RECIEVED 1553584997 INTRODUCE 37 52 3
RECIEVED 1553584997 INTRODUCE 37 52 3
RECIEVED 1553584997 INTRODUCE 37 52 3
SEND 1553584997 INTRODUCE 37 11844
SEND 1553584997 INTRODUCE 37 10946
SEND 1553584997 INTRODUCE 37 14457
SEND 1553584997 INTRODUCE 37 13835
SEND 1553584997 INTRODUCE 37 14697
SEND 1553584997 INTRODUCE 37 16525
SEND 1553584997 INTRODUCE 37 14185
SEND 1553584997 INTRODUCE 37 14462
SEND 1553584997 INTRODUCE 37 11008
SEND 1553584997 INTRODUCE 37 53357
SEND 1553584997 INTRODUCE 37 11690
SEND 1553584997 INTRODUCE 37 11354
SEND 1553584997 INTRODUCE 37 11211
SEND 1553584997 INTRODUCE 37 11303
SEND 1553584997 INTRODUCE 37 10689
SEND 1553584997 INTRODUCE 37 9718
SEND 1553584997 INTRODUCE 37 10800
SEND 1553584997 INTRODUCE 37 26286
SEND 1553584997 INTRODUCE 37 15275
SEND 1553584997 INTRODUCE 37 11852
SEND 1553584997 INTRODUCE 37 10719
SEND 1553584997 INTRODUCE 37 15142
SEND 1553584997 INTRODUCE 37 11369
SEND 1553584997 INTRODUCE 37 17132
SEND 1553584997 INTRODUCE 37 16408
SEND 1553584997 INTRODUCE 37 14168
SEND 1553584997 INTRODUCE 37 12865
SEND 1553584997 INTRODUCE 37 15134
SEND 1553584997 INTRODUCE 37 15526
SEND 1553584997 INTRODUCE 37 11223
SEND 1553584997 INTRODUCE 37 10805
SEND 1553584997 INTRODUCE 37 10648
SEND 1553584997 INTRODUCE 37 10242
SEND 1553584997 INTRODUCE 37 13143
SEND 1553584997 INTRODUCE 37 10657
SEND 1553584997 INTRODUCE 37 12158
SEND 1553584997 INTRODUCE 37 11192
SEND 1553584997 INTRODUCE 37 41726
SEND 1553584997 INTRODUCE 37 14939
SEND 1553584997 INTRODUCE 37 11813
SEND 1553584997 INTRODUCE 37 11391
SEND 1553584997 INTRODUCE 37 12013
SEND 1553584997 INTRODUCE 37 43581
SEND 1553584997 INTRODUCE 37 16295
SEND 1553584997 INTRODUCE 37 10852
SEND 1553584997 INTRODUCE 37 10718
SEND 1553584997 INTRODUCE 37 11087
SEND 1553584997 INTRODUCE 37 11208
SEND 1553584997 INTRODUCE 37 15880
# recieved string JOIN node17 172.22.156.206 8017

SEND 1553584997 INTRODUCE 37 25013
SEND 1553584997 INTRODUCE 37 16328
SEND 1553584997 INTRODUCE 37 11307
SEND 1553584997 JOIN 32 10544
RECIEVED 1553584997 INTRODUCE 36 53 3
RECIEVED 1553584997 INTRODUCE 35 53 3
RECIEVED 1553584997 INTRODUCE 37 53 3
RECIEVED 1553584997 INTRODUCE 36 53 3
RECIEVED 1553584997 INTRODUCE 35 53 3
RECIEVED 1553584997 INTRODUCE 35 53 3
RECIEVED 1553584997 INTRODUCE 37 53 3
RECIEVED 1553584997 INTRODUCE 36 53 3
RECIEVED 1553584997 INTRODUCE 36 53 3
RECIEVED 1553584997 INTRODUCE 37 53 3
RECIEVED 1553584997 INTRODUCE 37 53 3
RECIEVED 1553584997 INTRODUCE 35 53 3
RECIEVED 1553584997 INTRODUCE 36 53 3
RECIEVED 1553584997 INTRODUCE 36 53 3
RECIEVED 1553584997 INTRODUCE 37 53 3
RECIEVED 1553584997 INTRODUCE 36 53 3
RECIEVED 1553584997 INTRODUCE 35 53 3
RECIEVED 1553584997 INTRODUCE 36 53 3
RECIEVED 1553584997 INTRODUCE 36 53 3
RECIEVED 1553584997 INTRODUCE 36 53 3
RECIEVED 1553584997 INTRODUCE 37 53 3
RECIEVED 1553584997 INTRODUCE 37 53 3
RECIEVED 1553584997 INTRODUCE 37 53 3
RECIEVED 1553584997 INTRODUCE 36 53 3
SEND 1553584997 INTRODUCE 36 14653
SEND 1553584997 INTRODUCE 36 14268
SEND 1553584997 INTRODUCE 36 11155
SEND 1553584997 INTRODUCE 36 12423
SEND 1553584997 INTRODUCE 36 18829
SEND 1553584997 INTRODUCE 36 11931
SEND 1553584997 INTRODUCE 36 11964
SEND 1553584997 INTRODUCE 36 11164
SEND 1553584997 INTRODUCE 36 14391
SEND 1553584997 INTRODUCE 36 11559
SEND 1553584997 INTRODUCE 36 17155
SEND 1553584997 INTRODUCE 36 11956
SEND 1553584997 INTRODUCE 36 18658
SEND 1553584997 INTRODUCE 36 12641
SEND 1553584997 INTRODUCE 36 14537
SEND 1553584997 INTRODUCE 36 12489
SEND 1553584997 INTRODUCE 36 12396
SEND 1553584997 INTRODUCE 36 10512
SEND 1553584997 INTRODUCE 36 15867
SEND 1553584997 INTRODUCE 36 16075
SEND 1553584997 INTRODUCE 36 13207
SEND 1553584997 INTRODUCE 36 11560
SEND 1553584997 INTRODUCE 36 10673
SEND 1553584997 INTRODUCE 36 15642
SEND 1553584997 INTRODUCE 36 25768
SEND 1553584997 INTRODUCE 36 12072
SEND 1553584997 INTRODUCE 36 11215
SEND 1553584997 INTRODUCE 36 9841
SEND 1553584997 INTRODUCE 36 16016
SEND 1553584997 INTRODUCE 36 10867
SEND 1553584997 INTRODUCE 36 15702
SEND 1553584997 INTRODUCE 36 11826
SEND 1553584997 INTRODUCE 36 10817
SEND 1553584997 INTRODUCE 36 11663
SEND 1553584997 INTRODUCE 36 11012
SEND 1553584997 INTRODUCE 36 12273
SEND 1553584997 INTRODUCE 36 13677
SEND 1553584997 INTRODUCE 36 13924
SEND 1553584997 INTRODUCE 36 11580
SEND 1553584997 INTRODUCE 36 12641
SEND 1553584997 INTRODUCE 36 11038
SEND 1553584997 INTRODUCE 36 11366
SEND 1553584997 INTRODUCE 36 13377
SEND 1553584997 INTRODUCE 36 12848
# recieved string JOIN node16 172.22.156.206 8016

SEND 1553584997 INTRODUCE 36 16590
SEND 1553584997 INTRODUCE 36 10096
SEND 1553584997 INTRODUCE 36 14935
SEND 1553584997 INTRODUCE 36 27422
SEND 1553584997 INTRODUCE 36 36350
SEND 1553584997 INTRODUCE 36 10721
SEND 1553584997 INTRODUCE 36 10360
SEND 1553584997 INTRODUCE 36 40245
SEND 1553584997 INTRODUCE 36 18143
SEND 1553584997 JOIN 32 13350
RECIEVED 1553584997 INTRODUCE 36 54 3
RECIEVED 1553584997 INTRODUCE 37 54 3
RECIEVED 1553584997 INTRODUCE 37 54 3
RECIEVED 1553584997 JOIN 32 54 3
RECIEVED 1553584997 INTRODUCE 37 54 3
RECIEVED 1553584997 INTRODUCE 37 54 3
RECIEVED 1553584997 JOIN 32 54 3
RECIEVED 1553584997 INTRODUCE 37 54 3
RECIEVED 1553584997 INTRODUCE 37 54 3
RECIEVED 1553584997 JOIN 32 54 3
RECIEVED 1553584997 JOIN 31 54 3
RECIEVED 1553584997 JOIN 32 54 3
RECIEVED 1553584997 INTRODUCE 37 54 3
RECIEVED 1553584997 JOIN 32 54 3
RECIEVED 1553584997 JOIN 31 54 3
SEND 1553584997 INTRODUCE 37 12740
SEND 1553584997 INTRODUCE 36 10023
SEND 1553584997 INTRODUCE 37 11095
SEND 1553584997 INTRODUCE 37 10520
SEND 1553584997 INTRODUCE 36 9942
SEND 1553584997 INTRODUCE 35 10239
SEND 1553584997 INTRODUCE 35 10478
SEND 1553584997 INTRODUCE 36 10043
SEND 1553584997 INTRODUCE 37 14985
SEND 1553584997 INTRODUCE 37 48114
SEND 1553584997 INTRODUCE 35 12059
SEND 1553584997 INTRODUCE 36 11180
SEND 1553584997 INTRODUCE 37 9605
SEND 1553584997 INTRODUCE 37 15090
SEND 1553584997 INTRODUCE 37 11185
SEND 1553584997 INTRODUCE 36 10651
SEND 1553584997 INTRODUCE 36 9920
SEND 1553584997 INTRODUCE 36 14570
SEND 1553584997 INTRODUCE 36 11412
SEND 1553584997 INTRODUCE 36 10352
SEND 1553584997 INTRODUCE 35 16405
SEND 1553584997 INTRODUCE 36 9519
SEND 1553584997 INTRODUCE 35 11238
SEND 1553584997 INTRODUCE 36 13741
SEND 1553584997 INTRODUCE 37 10778
SEND 1553584997 INTRODUCE 36 10459
SEND 1553584997 INTRODUCE 36 10323
SEND 1553584997 INTRODUCE 36 10566
SEND 1553584997 INTRODUCE 37 10676
SEND 1553584997 INTRODUCE 37 10392
SEND 1553584997 INTRODUCE 35 22124
SEND 1553584997 INTRODUCE 37 9891
SEND 1553584997 INTRODUCE 35 10383
SEND 1553584997 INTRODUCE 36 9923
SEND 1553584997 INTRODUCE 36 14902
SEND 1553584997 INTRODUCE 37 15784
SEND 1553584997 INTRODUCE 35 14175
SEND 1553584997 INTRODUCE 37 14748
SEND 1553584997 INTRODUCE 36 45434
SEND 1553584997 INTRODUCE 37 14604
SEND 1553584997 INTRODUCE 35 10496
SEND 1553584997 INTRODUCE 36 14980
SEND 1553584997 INTRODUCE 36 14699
SEND 1553584997 INTRODUCE 36 10213
SEND 1553584997 INTRODUCE 36 9412
SEND 1553584997 INTRODUCE 36 14279
SEND 1553584997 INTRODUCE 35 16079
SEND 1553584997 INTRODUCE 36 13699
SEND 1553584997 INTRODUCE 36 10811
SEND 1553584997 INTRODUCE 36 14408
SEND 1553584997 INTRODUCE 37 26186
SEND 1553584997 INTRODUCE 36 32520
SEND 1553584997 INTRODUCE 36 28146
SEND 1553584997 INTRODUCE 37 10083
RECIEVED 1553584997 JOIN 32 55 3
RECIEVED 1553584997 JOIN 31 55 3
SEND 1553584997 INTRODUCE 35 16068
SEND 1553584997 INTRODUCE 36 9806
SEND 1553584997 INTRODUCE 36 10593
SEND 1553584997 INTRODUCE 36 10373
SEND 1553584997 INTRODUCE 36 10321
SEND 1553584997 INTRODUCE 36 13468
SEND 1553584997 INTRODUCE 37 11564
SEND 1553584997 INTRODUCE 37 11662
SEND 1553584997 INTRODUCE 37 10520
SEND 1553584997 INTRODUCE 37 15095
SEND 1553584997 INTRODUCE 35 10820
SEND 1553584997 INTRODUCE 36 9780
SEND 1553584997 INTRODUCE 35 11224
SEND 1553584997 INTRODUCE 37 10409
SEND 1553584997 INTRODUCE 35 10939
SEND 1553584997 INTRODUCE 37 33425
SEND 1553584997 INTRODUCE 36 10443
SEND 1553584997 INTRODUCE 36 10511
SEND 1553584997 INTRODUCE 37 9884
SEND 1553584997 INTRODUCE 35 23894
SEND 1553584997 INTRODUCE 36 11355
SEND 1553584997 INTRODUCE 36 27665
SEND 1553584997 INTRODUCE 36 10184
SEND 1553584997 INTRODUCE 36 10052
SEND 1553584997 INTRODUCE 35 11076
SEND 1553584997 INTRODUCE 36 14279
SEND 1553584997 INTRODUCE 36 10658
SEND 1553584997 INTRODUCE 36 10815
SEND 1553584997 INTRODUCE 37 10659
SEND 1553584997 INTRODUCE 36 10053
SEND 1553584997 INTRODUCE 36 14634
SEND 1553584997 INTRODUCE 36 10245
SEND 1553584997 INTRODUCE 37 14593
SEND 1553584997 INTRODUCE 36 10922
SEND 1553584997 INTRODUCE 37 10543
SEND 1553584997 INTRODUCE 37 14679
SEND 1553584997 INTRODUCE 36 18009
SEND 1553584997 INTRODUCE 36 9515
SEND 1553584997 INTRODUCE 37 10241
SEND 1553584997 INTRODUCE 35 10642
SEND 1553584997 INTRODUCE 36 9680
SEND 1553584997 INTRODUCE 37 10626
SEND 1553584997 INTRODUCE 37 10263
SEND 1553584997 INTRODUCE 35 40305
SEND 1553584997 INTRODUCE 36 15090
SEND 1553584997 INTRODUCE 37 10528
SEND 1553584997 INTRODUCE 37 10581
SEND 1553584997 INTRODUCE 37 16176
SEND 1553584997 INTRODUCE 35 15576
SEND 1553584997 INTRODUCE 36 14902
SEND 1553584997 INTRODUCE 36 10470
SEND 1553584997 INTRODUCE 36 10209
SEND 1553584997 INTRODUCE 35 14270
SEND 1553584997 INTRODUCE 36 13958
SEND 1553584997 INTRODUCE 36 42358
RECIEVED 1553584997 JOIN 32 56 3
RECIEVED 1553584997 INTRODUCE 36 56 3
RECIEVED 1553584997 JOIN 32 56 3
RECIEVED 1553584997 INTRODUCE 36 56 3
RECIEVED 1553584997 INTRODUCE 36 56 3
RECIEVED 1553584997 INTRODUCE 36 56 3
RECIEVED 1553584997 INTRODUCE 37 56 3
RECIEVED 1553584997 INTRODUCE 36 56 3
RECIEVED 1553584997 INTRODUCE 37 56 3
# recieved string JOIN node18 172.22.156.206 8018

RECIEVED 1553584998 JOIN 32 56 3
RECIEVED 1553584998 INTRODUCE 35 56 3
RECIEVED 1553584998 INTRODUCE 37 56 3
RECIEVED 1553584998 INTRODUCE 37 56 3
RECIEVED 1553584998 INTRODUCE 36 56 3
SEND 1553584998 INTRODUCE 36 14712
SEND 1553584998 INTRODUCE 36 15738
SEND 1553584998 INTRODUCE 36 11338
SEND 1553584998 INTRODUCE 36 35319
SEND 1553584998 INTRODUCE 36 20371
SEND 1553584998 INTRODUCE 36 16752
SEND 1553584998 INTRODUCE 36 15300
SEND 1553584998 INTRODUCE 36 14447
SEND 1553584998 INTRODUCE 36 35696
SEND 1553584998 INTRODUCE 36 13750
SEND 1553584998 INTRODUCE 36 14320
SEND 1553584998 INTRODUCE 36 13519
SEND 1553584998 INTRODUCE 36 11513
SEND 1553584998 INTRODUCE 36 44758
SEND 1553584998 INTRODUCE 36 11648
SEND 1553584998 INTRODUCE 36 24257
SEND 1553584998 INTRODUCE 36 16368
SEND 1553584998 INTRODUCE 36 15204
SEND 1553584998 INTRODUCE 36 13930
SEND 1553584998 INTRODUCE 36 25883
SEND 1553584998 INTRODUCE 36 12521
SEND 1553584998 INTRODUCE 36 12379
SEND 1553584998 INTRODUCE 36 16389
SEND 1553584998 INTRODUCE 36 11188
SEND 1553584998 INTRODUCE 36 15354
SEND 1553584998 INTRODUCE 36 15424
SEND 1553584998 INTRODUCE 36 14768
SEND 1553584998 INTRODUCE 36 11533
SEND 1553584998 INTRODUCE 36 14395
SEND 1553584998 INTRODUCE 36 15126
SEND 1553584998 INTRODUCE 36 11736
SEND 1553584998 INTRODUCE 36 10971
SEND 1553584998 INTRODUCE 36 10796
SEND 1553584998 INTRODUCE 36 15396
SEND 1553584998 INTRODUCE 36 11179
SEND 1553584998 INTRODUCE 36 24185
SEND 1553584998 INTRODUCE 36 14313
SEND 1553584998 INTRODUCE 36 222674
SEND 1553584998 INTRODUCE 36 14159
SEND 1553584998 INTRODUCE 36 17021
SEND 1553584998 INTRODUCE 36 18383
SEND 1553584998 INTRODUCE 36 11555
SEND 1553584998 INTRODUCE 36 11099
SEND 1553584998 INTRODUCE 36 16142
SEND 1553584998 INTRODUCE 36 16165
SEND 1553584998 INTRODUCE 36 15445
SEND 1553584998 INTRODUCE 36 15812
SEND 1553584998 INTRODUCE 36 11215
SEND 1553584998 INTRODUCE 36 20879
SEND 1553584998 INTRODUCE 36 11230
SEND 1553584998 INTRODUCE 36 15460
SEND 1553584998 INTRODUCE 36 18520
SEND 1553584998 INTRODUCE 36 11326
SEND 1553584998 INTRODUCE 36 17612
SEND 1553584998 INTRODUCE 36 23608
SEND 1553584998 INTRODUCE 36 15281
SEND 1553584998 JOIN 32 81661
RECIEVED 1553584998 INTRODUCE 37 57 3
RECIEVED 1553584998 INTRODUCE 36 57 3
RECIEVED 1553584998 INTRODUCE 36 57 3
# recieved string JOIN node18 172.22.94.217 8018

RECIEVED 1553584998 JOIN 31 57 3
RECIEVED 1553584998 INTRODUCE 37 57 3
RECIEVED 1553584998 INTRODUCE 36 57 3
# recieved string JOIN node16 172.22.94.217 8016

RECIEVED 1553584998 JOIN 31 57 3
RECIEVED 1553584998 INTRODUCE 36 57 3
RECIEVED 1553584998 INTRODUCE 36 57 3
RECIEVED 1553584998 INTRODUCE 35 57 3
RECIEVED 1553584998 INTRODUCE 36 57 3
RECIEVED 1553584998 INTRODUCE 37 57 3
RECIEVED 1553584998 INTRODUCE 37 57 3
RECIEVED 1553584998 INTRODUCE 36 57 3
# recieved string JOIN node19 172.22.156.206 8019

RECIEVED 1553584998 JOIN 32 57 3
SEND 1553584998 INTRODUCE 37 12713
SEND 1553584998 INTRODUCE 36 12336
SEND 1553584998 INTRODUCE 35 13206
SEND 1553584998 INTRODUCE 35 12953
SEND 1553584998 INTRODUCE 36 13788
SEND 1553584998 INTRODUCE 37 12228
SEND 1553584998 INTRODUCE 37 13942
SEND 1553584998 INTRODUCE 35 13493
SEND 1553584998 INTRODUCE 36 16676
SEND 1553584998 INTRODUCE 37 11427
SEND 1553584998 INTRODUCE 37 10784
SEND 1553584998 INTRODUCE 37 11108
SEND 1553584998 INTRODUCE 36 10879
SEND 1553584998 INTRODUCE 36 10809
SEND 1553584998 INTRODUCE 36 10908
SEND 1553584998 INTRODUCE 36 11364
SEND 1553584998 INTRODUCE 35 11508
SEND 1553584998 INTRODUCE 36 11325
SEND 1553584998 INTRODUCE 36 11144
SEND 1553584998 INTRODUCE 35 11403
SEND 1553584998 INTRODUCE 37 10820
SEND 1553584998 INTRODUCE 36 10903
SEND 1553584998 INTRODUCE 36 11871
SEND 1553584998 INTRODUCE 36 10462
SEND 1553584998 INTRODUCE 36 12779
SEND 1553584998 INTRODUCE 37 21121
SEND 1553584998 INTRODUCE 37 14387
SEND 1553584998 INTRODUCE 36 11614
SEND 1553584998 INTRODUCE 35 11035
SEND 1553584998 INTRODUCE 37 11654
SEND 1553584998 INTRODUCE 35 10391
SEND 1553584998 INTRODUCE 36 10598
SEND 1553584998 INTRODUCE 36 11347
SEND 1553584998 INTRODUCE 37 10761
SEND 1553584998 INTRODUCE 35 10700
SEND 1553584998 INTRODUCE 37 11109
SEND 1553584998 INTRODUCE 36 18840
SEND 1553584998 INTRODUCE 37 11168
SEND 1553584998 INTRODUCE 35 11430
SEND 1553584998 INTRODUCE 36 10364
SEND 1553584998 INTRODUCE 36 17997
SEND 1553584998 INTRODUCE 36 11260
SEND 1553584998 INTRODUCE 36 11736
SEND 1553584998 INTRODUCE 36 10083
SEND 1553584998 INTRODUCE 36 11619
SEND 1553584998 INTRODUCE 35 11434
SEND 1553584998 INTRODUCE 36 15305
SEND 1553584998 INTRODUCE 36 10987
SEND 1553584998 INTRODUCE 36 11277
SEND 1553584998 INTRODUCE 37 11841
SEND 1553584998 INTRODUCE 36 11335
SEND 1553584998 INTRODUCE 36 10515
SEND 1553584998 INTRODUCE 37 11858
SEND 1553584998 INTRODUCE 36 11763
SEND 1553584998 INTRODUCE 37 11846
SEND 1553584998 INTRODUCE 36 11229
SEND 1553584998 INTRODUCE 37 12515
RECIEVED 1553584998 INTRODUCE 37 58 3
RECIEVED 1553584998 INTRODUCE 37 58 3
RECIEVED 1553584998 INTRODUCE 35 58 3
RECIEVED 1553584998 INTRODUCE 36 58 3
RECIEVED 1553584998 INTRODUCE 36 58 3
RECIEVED 1553584998 TRANSACTION 81 58 3
UPDATE 1553584998 TRANSACTION 1c89a963eb014b3f47c841eb368536e8
SEND 1553584998 TRANSACTION 81 11573 1c89a963eb014b3f47c841eb368536e8
SEND 1553584998 TRANSACTION 81 17220 1c89a963eb014b3f47c841eb368536e8
SEND 1553584998 TRANSACTION 81 12419 1c89a963eb014b3f47c841eb368536e8
SEND 1553584998 TRANSACTION 81 11521 1c89a963eb014b3f47c841eb368536e8
SEND 1553584998 TRANSACTION 81 15371 1c89a963eb014b3f47c841eb368536e8
SEND 1553584998 TRANSACTION 81 17396 1c89a963eb014b3f47c841eb368536e8
SEND 1553584998 TRANSACTION 81 16391 1c89a963eb014b3f47c841eb368536e8
SEND 1553584998 TRANSACTION 81 11090 1c89a963eb014b3f47c841eb368536e8
SEND 1553584998 TRANSACTION 81 11593 1c89a963eb014b3f47c841eb368536e8
SEND 1553584998 TRANSACTION 81 10935 1c89a963eb014b3f47c841eb368536e8
SEND 1553584998 TRANSACTION 81 17027 1c89a963eb014b3f47c841eb368536e8
SEND 1553584998 TRANSACTION 81 10930 1c89a963eb014b3f47c841eb368536e8
SEND 1553584998 TRANSACTION 81 14985 1c89a963eb014b3f47c841eb368536e8
SEND 1553584998 TRANSACTION 81 21244 1c89a963eb014b3f47c841eb368536e8
SEND 1553584998 TRANSACTION 81 15141 1c89a963eb014b3f47c841eb368536e8
SEND 1553584998 TRANSACTION 81 15607 1c89a963eb014b3f47c841eb368536e8
SEND 1553584998 TRANSACTION 81 19667 1c89a963eb014b3f47c841eb368536e8
SEND 1553584998 TRANSACTION 81 19010 1c89a963eb014b3f47c841eb368536e8
SEND 1553584998 TRANSACTION 81 17533 1c89a963eb014b3f47c841eb368536e8
SEND 1553584998 TRANSACTION 81 17247 1c89a963eb014b3f47c841eb368536e8
SEND 1553584998 TRANSACTION 81 19839 1c89a963eb014b3f47c841eb368536e8
SEND 1553584998 TRANSACTION 81 17316 1c89a963eb014b3f47c841eb368536e8
RECIEVED 1553584998 INTRODUCE 36 58 4
RECIEVED 1553584998 INTRODUCE 37 58 4
RECIEVED 1553584998 INTRODUCE 36 58 4
RECIEVED 1553584998 TRANSACTION 81 58 4
UPDATE 1553584998 TRANSACTION dba65a4a352a874d898423793b51c4f4
SEND 1553584998 TRANSACTION 81 56226 dba65a4a352a874d898423793b51c4f4
SEND 1553584998 TRANSACTION 81 15481 dba65a4a352a874d898423793b51c4f4
SEND 1553584998 TRANSACTION 81 11382 dba65a4a352a874d898423793b51c4f4
SEND 1553584998 TRANSACTION 81 16376 dba65a4a352a874d898423793b51c4f4
SEND 1553584998 TRANSACTION 81 13830 dba65a4a352a874d898423793b51c4f4
SEND 1553584998 TRANSACTION 81 20841 dba65a4a352a874d898423793b51c4f4
SEND 1553584998 TRANSACTION 81 11295 dba65a4a352a874d898423793b51c4f4
SEND 1553584998 TRANSACTION 81 15275 dba65a4a352a874d898423793b51c4f4
SEND 1553584998 TRANSACTION 81 28186 dba65a4a352a874d898423793b51c4f4
SEND 1553584998 TRANSACTION 81 39415 dba65a4a352a874d898423793b51c4f4
SEND 1553584998 TRANSACTION 81 39399 dba65a4a352a874d898423793b51c4f4
SEND 1553584998 TRANSACTION 81 15299 dba65a4a352a874d898423793b51c4f4
SEND 1553584998 TRANSACTION 81 26053 dba65a4a352a874d898423793b51c4f4
SEND 1553584998 TRANSACTION 81 16939 dba65a4a352a874d898423793b51c4f4
SEND 1553584998 TRANSACTION 81 13103 dba65a4a352a874d898423793b51c4f4
SEND 1553584998 TRANSACTION 81 11184 dba65a4a352a874d898423793b51c4f4
SEND 1553584998 TRANSACTION 81 12587 dba65a4a352a874d898423793b51c4f4
SEND 1553584998 TRANSACTION 81 11038 dba65a4a352a874d898423793b51c4f4
SEND 1553584998 TRANSACTION 81 10972 dba65a4a352a874d898423793b51c4f4
SEND 1553584998 TRANSACTION 81 12046 dba65a4a352a874d898423793b51c4f4
SEND 1553584998 TRANSACTION 81 11143 dba65a4a352a874d898423793b51c4f4
RECIEVED 1553584998 INTRODUCE 37 58 5
RECIEVED 1553584998 TRANSACTION 81 58 5
RECIEVED 1553584998 INTRODUCE 36 58 5
RECIEVED 1553584998 TRANSACTION 81 58 5
RECIEVED 1553584998 TRANSACTION 81 58 5
# Failed listening 
%!(EXTRA string=node16)# ERROR: EOF
# Failed listening 
%!(EXTRA string=node18)# ERROR: read tcp 172.22.156.206:54032->172.22.94.217:8018: read: connection reset by peer
RECIEVED 1553585001 TRANSACTION 81 58 5
UPDATE 1553585001 TRANSACTION 6c7983181e073fb7a13a152467bb51b7
SEND 1553585001 TRANSACTION 81 14997 6c7983181e073fb7a13a152467bb51b7
SEND 1553585001 TRANSACTION 81 16180 6c7983181e073fb7a13a152467bb51b7
SEND 1553585001 TRANSACTION 81 20901 6c7983181e073fb7a13a152467bb51b7
SEND 1553585001 TRANSACTION 81 16054 6c7983181e073fb7a13a152467bb51b7
# Failed sending to node node18
# ERROR: write tcp 172.22.156.206:54032->172.22.94.217:8018: write: broken pipe
# Could not send message to node18
SEND 1553585001 TRANSACTION 81 14623 6c7983181e073fb7a13a152467bb51b7
SEND 1553585001 TRANSACTION 81 15875 6c7983181e073fb7a13a152467bb51b7
SEND 1553585001 TRANSACTION 81 21167 6c7983181e073fb7a13a152467bb51b7
SEND 1553585001 TRANSACTION 81 21995 6c7983181e073fb7a13a152467bb51b7
SEND 1553585001 TRANSACTION 81 15307 6c7983181e073fb7a13a152467bb51b7
SEND 1553585001 TRANSACTION 81 20128 6c7983181e073fb7a13a152467bb51b7
SEND 1553585001 TRANSACTION 81 15514 6c7983181e073fb7a13a152467bb51b7
SEND 1553585001 TRANSACTION 81 26133 6c7983181e073fb7a13a152467bb51b7
SEND 1553585001 TRANSACTION 81 19933 6c7983181e073fb7a13a152467bb51b7
SEND 1553585001 TRANSACTION 81 15631 6c7983181e073fb7a13a152467bb51b7
SEND 1553585001 TRANSACTION 81 15639 6c7983181e073fb7a13a152467bb51b7
SEND 1553585001 TRANSACTION 81 21365 6c7983181e073fb7a13a152467bb51b7
SEND 1553585001 TRANSACTION 81 26493 6c7983181e073fb7a13a152467bb51b7
# Failed listening 
%!(EXTRA string=node18)# ERROR: read tcp 172.22.156.206:44032->172.22.156.206:8018: read: connection reset by peer
# Failed listening 
%!(EXTRA string=node16)# ERROR: read tcp 172.22.156.206:37952->172.22.156.208:8016: read: connection reset by peer
# Failed listening 
%!(EXTRA string=node15)# ERROR: read tcp 172.22.156.206:55814->172.22.94.217:8015: read: connection reset by peer
RECIEVED 1553585005 HB 3 57 6
SEND 1553585005 INTRODUCE 36 46783
SEND 1553585005 INTRODUCE 37 17794
SEND 1553585005 INTRODUCE 35 16923
SEND 1553585005 INTRODUCE 36 16146
SEND 1553585005 INTRODUCE 36 22714
SEND 1553585005 INTRODUCE 37 22199
SEND 1553585005 INTRODUCE 35 15861
SEND 1553585005 INTRODUCE 36 16101
SEND 1553585005 INTRODUCE 36 24106
SEND 1553585005 INTRODUCE 37 17942
SEND 1553585005 INTRODUCE 35 15075
SEND 1553585005 INTRODUCE 36 15220
SEND 1553585005 INTRODUCE 36 26180
SEND 1553585005 INTRODUCE 37 31174
# Failed listening 
%!(EXTRA string=node14)# ERROR: read tcp 172.22.156.206:44680->172.22.156.206:8014: read: connection reset by peer
SEND 1553585005 INTRODUCE 35 36044
SEND 1553585005 INTRODUCE 36 27634
SEND 1553585005 INTRODUCE 36 22843
SEND 1553585005 INTRODUCE 37 22037
SEND 1553585005 INTRODUCE 35 16172
SEND 1553585005 INTRODUCE 36 21558
RECIEVED 1553585005 INTRODUCE 35 57 6
RECIEVED 1553585009 TRANSACTION 82 57 6
UPDATE 1553585009 TRANSACTION 99ff7bc7fe70d4d1b7c87cb84c9291e8
SEND 1553585009 TRANSACTION 82 14833 99ff7bc7fe70d4d1b7c87cb84c9291e8
SEND 1553585009 TRANSACTION 82 21382 99ff7bc7fe70d4d1b7c87cb84c9291e8
SEND 1553585009 TRANSACTION 82 34444 99ff7bc7fe70d4d1b7c87cb84c9291e8
SEND 1553585009 TRANSACTION 82 16416 99ff7bc7fe70d4d1b7c87cb84c9291e8
SEND 1553585009 TRANSACTION 82 15824 99ff7bc7fe70d4d1b7c87cb84c9291e8
SEND 1553585009 TRANSACTION 82 15660 99ff7bc7fe70d4d1b7c87cb84c9291e8
SEND 1553585009 TRANSACTION 82 17258 99ff7bc7fe70d4d1b7c87cb84c9291e8
SEND 1553585009 TRANSACTION 82 21780 99ff7bc7fe70d4d1b7c87cb84c9291e8
SEND 1553585009 TRANSACTION 82 16200 99ff7bc7fe70d4d1b7c87cb84c9291e8
SEND 1553585009 TRANSACTION 82 24697 99ff7bc7fe70d4d1b7c87cb84c9291e8
SEND 1553585009 TRANSACTION 82 16656 99ff7bc7fe70d4d1b7c87cb84c9291e8
SEND 1553585009 TRANSACTION 82 15708 99ff7bc7fe70d4d1b7c87cb84c9291e8
SEND 1553585009 TRANSACTION 82 17725 99ff7bc7fe70d4d1b7c87cb84c9291e8
SEND 1553585009 TRANSACTION 82 17956 99ff7bc7fe70d4d1b7c87cb84c9291e8
SEND 1553585009 TRANSACTION 82 21054 99ff7bc7fe70d4d1b7c87cb84c9291e8
SEND 1553585009 TRANSACTION 82 17678 99ff7bc7fe70d4d1b7c87cb84c9291e8
# Failed sending to node node16
# ERROR: write tcp 172.22.156.206:37952->172.22.156.208:8016: write: broken pipe
# Could not send message to node16
SEND 1553585009 TRANSACTION 82 25236 99ff7bc7fe70d4d1b7c87cb84c9291e8
SEND 1553585009 TRANSACTION 82 35129 99ff7bc7fe70d4d1b7c87cb84c9291e8
SEND 1553585009 TRANSACTION 82 17040 99ff7bc7fe70d4d1b7c87cb84c9291e8
SEND 1553585009 TRANSACTION 82 17440 99ff7bc7fe70d4d1b7c87cb84c9291e8
SEND 1553585009 TRANSACTION 82 35376 99ff7bc7fe70d4d1b7c87cb84c9291e8
SEND 1553585009 TRANSACTION 82 16727 99ff7bc7fe70d4d1b7c87cb84c9291e8
SEND 1553585009 TRANSACTION 82 15818 99ff7bc7fe70d4d1b7c87cb84c9291e8
# Failed listening 
%!(EXTRA string=node16)# ERROR: read tcp 172.22.156.206:60278->172.22.156.206:8016: read: connection reset by peer
RECIEVED 1553585015 HB 3 56 7
SEND 1553585015 INTRODUCE 36 45347
SEND 1553585015 INTRODUCE 36 19782
SEND 1553585015 INTRODUCE 36 17157
SEND 1553585015 INTRODUCE 37 16115
SEND 1553585015 INTRODUCE 36 17812
SEND 1553585015 INTRODUCE 36 16297
SEND 1553585015 INTRODUCE 36 15787
SEND 1553585015 INTRODUCE 37 15741
SEND 1553585015 INTRODUCE 36 21711
SEND 1553585015 INTRODUCE 36 19546
SEND 1553585015 INTRODUCE 36 14243
SEND 1553585015 INTRODUCE 37 14332
SEND 1553585015 INTRODUCE 36 25323
SEND 1553585015 INTRODUCE 36 15649
SEND 1553585015 INTRODUCE 36 16915
SEND 1553585015 INTRODUCE 37 14176
SEND 1553585015 INTRODUCE 36 23640
SEND 1553585015 INTRODUCE 36 37623
SEND 1553585015 INTRODUCE 36 29927
SEND 1553585015 INTRODUCE 37 18800
SEND 1553585015 INTRODUCE 36 17581
SEND 1553585015 INTRODUCE 36 17781
SEND 1553585015 INTRODUCE 36 16781
SEND 1553585015 INTRODUCE 37 21283
SEND 1553585015 INTRODUCE 36 16434
SEND 1553585015 INTRODUCE 36 16035
SEND 1553585015 INTRODUCE 36 15600
SEND 1553585015 INTRODUCE 37 28135
SEND 1553585015 INTRODUCE 36 31925
SEND 1553585015 INTRODUCE 36 16071
SEND 1553585015 INTRODUCE 36 15795
SEND 1553585015 INTRODUCE 37 21152
RECIEVED 1553585025 HB 3 56 7
SEND 1553585025 INTRODUCE 37 30589
SEND 1553585025 INTRODUCE 36 15055
SEND 1553585025 INTRODUCE 37 13752
SEND 1553585025 INTRODUCE 35 13363
# Failed sending to node node16
# ERROR: write tcp 172.22.156.206:60278->172.22.156.206:8016: write: broken pipe
# Failed sending to node node16
# ERROR: write tcp 172.22.156.206:60278->172.22.156.206:8016: write: broken pipe
# Failed listening 
%!(EXTRA string=node9)# ERROR: EOF
