RECIEVED 1554057546 INTRODUCE 36 0 0
SEND 1554057546 JOIN 32 19488
RECIEVED 1554057546 INTRODUCE 37 1 0
SEND 1554057546 INTRODUCE 37 17221
SEND 1554057546 JOIN 32 17986
RECIEVED 1554057546 INTRODUCE 37 2 0
SEND 1554057547 INTRODUCE 37 18124
SEND 1554057547 INTRODUCE 37 27265
SEND 1554057547 JOIN 32 16059
RECIEVED 1554057547 INTRODUCE 35 3 0
# Cannot connect to the introduced node node1
RECIEVED 1554057547 INTRODUCE 36 3 0
# Cannot connect to the introduced node node0
RECIEVED 1554057547 INTRODUCE 35 3 0
SEND 1554057547 INTRODUCE 35 13111
SEND 1554057547 INTRODUCE 35 14012
SEND 1554057547 INTRODUCE 35 11103
SEND 1554057547 JOIN 32 22992
RECIEVED 1554057547 INTRODUCE 36 4 0
RECIEVED 1554057547 INTRODUCE 36 5 0
RECIEVED 1554057547 INTRODUCE 36 6 0
RECIEVED 1554057547 INTRODUCE 37 7 0
RECIEVED 1554057547 INTRODUCE 37 8 0
RECIEVED 1554057547 INTRODUCE 36 9 0
RECIEVED 1554057547 INTRODUCE 36 10 0
RECIEVED 1554057547 INTRODUCE 36 11 0
RECIEVED 1554057547 INTRODUCE 36 12 0
RECIEVED 1554057547 INTRODUCE 35 13 0
RECIEVED 1554057547 INTRODUCE 37 14 0
RECIEVED 1554057547 INTRODUCE 36 15 0
RECIEVED 1554057547 INTRODUCE 37 16 0
RECIEVED 1554057547 INTRODUCE 37 17 0
RECIEVED 1554057547 INTRODUCE 36 18 0
RECIEVED 1554057547 INTRODUCE 37 19 0
RECIEVED 1554057547 INTRODUCE 35 20 0
RECIEVED 1554057547 INTRODUCE 36 21 0
RECIEVED 1554057547 INTRODUCE 37 22 0
RECIEVED 1554057547 INTRODUCE 36 23 0
RECIEVED 1554057547 INTRODUCE 36 24 0
RECIEVED 1554057547 INTRODUCE 37 25 0
RECIEVED 1554057547 INTRODUCE 37 26 0
RECIEVED 1554057547 INTRODUCE 37 27 0
RECIEVED 1554057547 INTRODUCE 36 28 0
RECIEVED 1554057547 INTRODUCE 35 29 0
RECIEVED 1554057547 INTRODUCE 36 30 0
RECIEVED 1554057547 INTRODUCE 37 30 0
RECIEVED 1554057547 INTRODUCE 36 31 0
RECIEVED 1554057547 INTRODUCE 37 32 0
RECIEVED 1554057547 INTRODUCE 35 33 0
RECIEVED 1554057547 INTRODUCE 35 34 0
RECIEVED 1554057547 INTRODUCE 35 35 0
RECIEVED 1554057547 INTRODUCE 36 36 0
RECIEVED 1554057547 INTRODUCE 35 37 0
RECIEVED 1554057547 INTRODUCE 36 38 0
RECIEVED 1554057547 INTRODUCE 37 39 0
RECIEVED 1554057547 INTRODUCE 35 40 0
RECIEVED 1554057547 INTRODUCE 36 40 0
RECIEVED 1554057547 INTRODUCE 37 41 0
RECIEVED 1554057547 INTRODUCE 37 42 0
RECIEVED 1554057547 INTRODUCE 36 43 0
RECIEVED 1554057547 INTRODUCE 36 44 0
RECIEVED 1554057547 INTRODUCE 36 45 0
RECIEVED 1554057547 INTRODUCE 35 46 0
RECIEVED 1554057547 INTRODUCE 35 47 0
RECIEVED 1554057547 INTRODUCE 35 48 0
RECIEVED 1554057547 INTRODUCE 36 49 0
RECIEVED 1554057547 INTRODUCE 37 50 0
RECIEVED 1554057547 INTRODUCE 35 51 0
RECIEVED 1554057547 INTRODUCE 37 51 0
RECIEVED 1554057547 INTRODUCE 36 52 0
RECIEVED 1554057547 INTRODUCE 36 53 0
RECIEVED 1554057547 INTRODUCE 36 54 0
RECIEVED 1554057547 INTRODUCE 36 54 0
RECIEVED 1554057547 INTRODUCE 35 55 0
RECIEVED 1554057547 INTRODUCE 37 56 0
RECIEVED 1554057547 INTRODUCE 37 57 0
RECIEVED 1554057547 INTRODUCE 37 58 0
RECIEVED 1554057547 INTRODUCE 37 59 0
RECIEVED 1554057547 INTRODUCE 37 60 0
RECIEVED 1554057547 INTRODUCE 35 61 0
RECIEVED 1554057547 INTRODUCE 36 61 0
RECIEVED 1554057547 TRANSACTION 82 62 0
UPDATE 1554057547 TRANSACTION 1b6742aeba5101c90f923bbfc7bd05fd
SEND 1554057547 TRANSACTION 82 12201 1b6742aeba5101c90f923bbfc7bd05fd
SEND 1554057547 TRANSACTION 82 14673 1b6742aeba5101c90f923bbfc7bd05fd
RECIEVED 1554057547 INTRODUCE 36 62 1
RECIEVED 1554057547 INTRODUCE 35 62 1
RECIEVED 1554057547 INTRODUCE 37 62 1
RECIEVED 1554057547 INTRODUCE 35 63 1
RECIEVED 1554057547 INTRODUCE 36 63 1
RECIEVED 1554057547 INTRODUCE 36 63 1
RECIEVED 1554057547 INTRODUCE 36 63 1
RECIEVED 1554057547 INTRODUCE 35 63 1
RECIEVED 1554057547 INTRODUCE 37 64 1
RECIEVED 1554057547 INTRODUCE 35 65 1
RECIEVED 1554057547 INTRODUCE 37 65 1
RECIEVED 1554057547 INTRODUCE 36 66 1
RECIEVED 1554057547 INTRODUCE 36 66 1
RECIEVED 1554057547 INTRODUCE 36 67 1
RECIEVED 1554057547 INTRODUCE 37 68 1
RECIEVED 1554057547 INTRODUCE 36 69 1
RECIEVED 1554057547 INTRODUCE 36 69 1
RECIEVED 1554057547 INTRODUCE 37 69 1
RECIEVED 1554057547 INTRODUCE 37 70 1
RECIEVED 1554057547 INTRODUCE 36 70 1
RECIEVED 1554057547 INTRODUCE 36 70 1
RECIEVED 1554057547 INTRODUCE 35 71 1
RECIEVED 1554057547 INTRODUCE 37 71 1
RECIEVED 1554057547 INTRODUCE 36 72 1
RECIEVED 1554057547 INTRODUCE 36 73 1
RECIEVED 1554057547 INTRODUCE 37 73 1
RECIEVED 1554057547 INTRODUCE 37 74 1
RECIEVED 1554057547 INTRODUCE 36 75 1
RECIEVED 1554057547 INTRODUCE 36 76 1
RECIEVED 1554057547 INTRODUCE 37 76 1
RECIEVED 1554057547 INTRODUCE 37 77 1
RECIEVED 1554057547 INTRODUCE 37 78 1
RECIEVED 1554057547 INTRODUCE 36 79 1
RECIEVED 1554057547 INTRODUCE 37 80 1
RECIEVED 1554057547 INTRODUCE 36 80 1
RECIEVED 1554057547 INTRODUCE 35 81 1
RECIEVED 1554057547 INTRODUCE 36 82 1
RECIEVED 1554057547 INTRODUCE 37 83 1
RECIEVED 1554057547 INTRODUCE 36 84 1
RECIEVED 1554057547 INTRODUCE 36 84 1
RECIEVED 1554057547 INTRODUCE 37 84 1
RECIEVED 1554057547 INTRODUCE 35 85 1
RECIEVED 1554057547 INTRODUCE 37 85 1
RECIEVED 1554057547 INTRODUCE 37 85 1
RECIEVED 1554057547 INTRODUCE 35 86 1
RECIEVED 1554057547 INTRODUCE 36 86 1
RECIEVED 1554057547 INTRODUCE 37 86 1
RECIEVED 1554057547 INTRODUCE 35 87 1
RECIEVED 1554057547 INTRODUCE 36 87 1
RECIEVED 1554057547 INTRODUCE 36 87 1
RECIEVED 1554057547 INTRODUCE 36 87 1
RECIEVED 1554057547 INTRODUCE 36 87 1
RECIEVED 1554057547 INTRODUCE 36 88 1
RECIEVED 1554057547 INTRODUCE 35 89 1
RECIEVED 1554057547 INTRODUCE 37 89 1
RECIEVED 1554057547 INTRODUCE 36 90 1
RECIEVED 1554057547 INTRODUCE 36 90 1
RECIEVED 1554057547 INTRODUCE 37 91 1
RECIEVED 1554057547 INTRODUCE 36 92 1
RECIEVED 1554057547 INTRODUCE 35 92 1
RECIEVED 1554057547 INTRODUCE 35 93 1
RECIEVED 1554057547 INTRODUCE 36 93 1
RECIEVED 1554057547 INTRODUCE 36 94 1
RECIEVED 1554057547 INTRODUCE 37 94 1
RECIEVED 1554057547 TRANSACTION 80 94 1
UPDATE 1554057547 TRANSACTION f898542ba3b6d589de60af10a96e8d7c
SEND 1554057547 TRANSACTION 80 11055 f898542ba3b6d589de60af10a96e8d7c
SEND 1554057547 TRANSACTION 80 14389 f898542ba3b6d589de60af10a96e8d7c
RECIEVED 1554057547 TRANSACTION 80 94 2
RECIEVED 1554057547 TRANSACTION 81 94 2
UPDATE 1554057547 TRANSACTION aab3a06df68da94c4e0ebfb52fad82f8
SEND 1554057547 TRANSACTION 81 24066 aab3a06df68da94c4e0ebfb52fad82f8
SEND 1554057547 TRANSACTION 81 14569 aab3a06df68da94c4e0ebfb52fad82f8
SEND 1554057547 TRANSACTION 81 33462 aab3a06df68da94c4e0ebfb52fad82f8
SEND 1554057547 TRANSACTION 81 29065 aab3a06df68da94c4e0ebfb52fad82f8
RECIEVED 1554057547 TRANSACTION 81 94 3
UPDATE 1554057547 TRANSACTION 2c09b0913ffca9a58bb48dc7fec7b445
SEND 1554057547 TRANSACTION 81 14682 2c09b0913ffca9a58bb48dc7fec7b445
SEND 1554057547 TRANSACTION 81 14864 2c09b0913ffca9a58bb48dc7fec7b445
SEND 1554057547 TRANSACTION 81 26378 2c09b0913ffca9a58bb48dc7fec7b445
RECIEVED 1554057547 TRANSACTION 81 94 4
UPDATE 1554057547 TRANSACTION ec0e39af8a59565cf703ba5cae07cafd
SEND 1554057547 TRANSACTION 81 19949 ec0e39af8a59565cf703ba5cae07cafd
RECIEVED 1554057547 TRANSACTION 81 94 5
RECIEVED 1554057547 TRANSACTION 81 94 5
UPDATE 1554057547 TRANSACTION b4d06b6573b4b8cc297d6b4c84aa8f98
SEND 1554057547 TRANSACTION 81 12955 b4d06b6573b4b8cc297d6b4c84aa8f98
RECIEVED 1554057548 TRANSACTION 81 94 6
UPDATE 1554057548 TRANSACTION 20055f06e77ec4b4ddc22ac97736f986
SEND 1554057548 TRANSACTION 81 13509 20055f06e77ec4b4ddc22ac97736f986
SEND 1554057548 TRANSACTION 81 22702 20055f06e77ec4b4ddc22ac97736f986
SEND 1554057548 TRANSACTION 81 14470 20055f06e77ec4b4ddc22ac97736f986
RECIEVED 1554057548 TRANSACTION 81 94 7
RECIEVED 1554057548 TRANSACTION 81 94 7
UPDATE 1554057548 TRANSACTION 4a3466fb6cd54029b0f7906ee291ef2d
SEND 1554057548 TRANSACTION 81 13712 4a3466fb6cd54029b0f7906ee291ef2d
RECIEVED 1554057548 TRANSACTION 80 94 8
UPDATE 1554057548 TRANSACTION f2b5cf5d2bdf8d69268105399ba6666f
SEND 1554057548 TRANSACTION 80 15791 f2b5cf5d2bdf8d69268105399ba6666f
RECIEVED 1554057548 TRANSACTION 81 94 9
RECIEVED 1554057548 TRANSACTION 81 94 9
UPDATE 1554057548 TRANSACTION 4b15fa87227675e17182eca4439c55d9
SEND 1554057548 TRANSACTION 81 19535 4b15fa87227675e17182eca4439c55d9
RECIEVED 1554057548 TRANSACTION 84 94 10
UPDATE 1554057548 TRANSACTION 3ebec18d7286fe6d9836159a13ea3f8f
SEND 1554057548 TRANSACTION 84 14971 3ebec18d7286fe6d9836159a13ea3f8f
SEND 1554057548 TRANSACTION 84 11863 3ebec18d7286fe6d9836159a13ea3f8f
SEND 1554057548 TRANSACTION 84 15148 3ebec18d7286fe6d9836159a13ea3f8f
RECIEVED 1554057548 TRANSACTION 80 94 11
UPDATE 1554057548 TRANSACTION 53cbfcdc7f57d661dc35f39c5b722733
SEND 1554057548 TRANSACTION 80 13762 53cbfcdc7f57d661dc35f39c5b722733
SEND 1554057548 TRANSACTION 80 42074 53cbfcdc7f57d661dc35f39c5b722733
RECIEVED 1554057548 TRANSACTION 80 94 12
RECIEVED 1554057549 TRANSACTION 81 94 12
UPDATE 1554057549 TRANSACTION 002b3b2370551c99fee4518a85d60500
SEND 1554057549 TRANSACTION 81 13914 002b3b2370551c99fee4518a85d60500
RECIEVED 1554057551 TRANSACTION 80 94 13
UPDATE 1554057551 TRANSACTION a76d1dcc9136f9055d6abb09bed45bc9
SEND 1554057551 TRANSACTION 80 13066 a76d1dcc9136f9055d6abb09bed45bc9
SEND 1554057551 TRANSACTION 80 18610 a76d1dcc9136f9055d6abb09bed45bc9
SEND 1554057551 TRANSACTION 80 27596 a76d1dcc9136f9055d6abb09bed45bc9
RECIEVED 1554057551 TRANSACTION 81 94 14
UPDATE 1554057551 TRANSACTION 1b40f0a74d1030c56606ced4263c4b92
SEND 1554057551 TRANSACTION 81 17704 1b40f0a74d1030c56606ced4263c4b92
RECIEVED 1554057551 TRANSACTION 81 94 15
UPDATE 1554057551 TRANSACTION b01d38e42b4cd0f3906d4e60c9f79953
SEND 1554057551 TRANSACTION 81 19752 b01d38e42b4cd0f3906d4e60c9f79953
RECIEVED 1554057552 TRANSACTION 78 94 16
UPDATE 1554057552 TRANSACTION 7ee591d2071d1c39204bd844ad2dc0a7
RECIEVED 1554057553 TRANSACTION 81 94 17
UPDATE 1554057553 TRANSACTION 724c174c78e589a222c29155bdf6d061
RECIEVED 1554057553 TRANSACTION 81 94 18
UPDATE 1554057553 TRANSACTION 83f676b24614cd43e84c41ef7a971150
SEND 1554057553 TRANSACTION 81 14729 83f676b24614cd43e84c41ef7a971150
SEND 1554057553 TRANSACTION 81 15472 83f676b24614cd43e84c41ef7a971150
RECIEVED 1554057554 TRANSACTION 81 94 19
UPDATE 1554057554 TRANSACTION d2d95da600b19ca2e8f4e86abb60dcee
SEND 1554057554 TRANSACTION 81 15316 d2d95da600b19ca2e8f4e86abb60dcee
SEND 1554057554 TRANSACTION 81 14500 d2d95da600b19ca2e8f4e86abb60dcee
RECIEVED 1554057554 TRANSACTION 80 94 20
UPDATE 1554057554 TRANSACTION 28d6f1747c2dbacdc08c401ddc27cd17
SEND 1554057554 TRANSACTION 80 16540 28d6f1747c2dbacdc08c401ddc27cd17
RECIEVED 1554057554 TRANSACTION 81 94 21
UPDATE 1554057554 TRANSACTION 5a5c477f8ee5274beb8dfdf04bb02a93
RECIEVED 1554057554 TRANSACTION 81 94 22
UPDATE 1554057554 TRANSACTION ecb51b4076c7650a1e2945ad522e15c7
SEND 1554057554 TRANSACTION 81 13804 ecb51b4076c7650a1e2945ad522e15c7
SEND 1554057554 TRANSACTION 81 27398 ecb51b4076c7650a1e2945ad522e15c7
SEND 1554057554 TRANSACTION 81 21346 ecb51b4076c7650a1e2945ad522e15c7
RECIEVED 1554057554 TRANSACTION 81 94 23
UPDATE 1554057554 TRANSACTION 0cba33371d6d91fc7f14e85ed8d8b7b9
SEND 1554057554 TRANSACTION 81 14989 0cba33371d6d91fc7f14e85ed8d8b7b9
RECIEVED 1554057554 TRANSACTION 81 94 24
RECIEVED 1554057555 TRANSACTION 82 94 24
UPDATE 1554057555 TRANSACTION a6b50381f16d2b9a55c840bafe12c60d
SEND 1554057555 TRANSACTION 82 14434 a6b50381f16d2b9a55c840bafe12c60d
SEND 1554057555 TRANSACTION 82 14419 a6b50381f16d2b9a55c840bafe12c60d
RECIEVED 1554057555 TRANSACTION 82 94 25
RECIEVED 1554057555 TRANSACTION 80 94 25
UPDATE 1554057555 TRANSACTION 8fee636eea2d4ce4e69080f9171f8c42
SEND 1554057555 TRANSACTION 80 20661 8fee636eea2d4ce4e69080f9171f8c42
SEND 1554057555 TRANSACTION 80 21540 8fee636eea2d4ce4e69080f9171f8c42
RECIEVED 1554057555 HB 3 94 26
RECIEVED 1554057555 TRANSACTION 81 94 26
UPDATE 1554057555 TRANSACTION 9d68acfb9eb4a09ebf269dbf96710850
RECIEVED 1554057555 TRANSACTION 81 94 27
UPDATE 1554057555 TRANSACTION b18cd7eb99e34042634e52bd22db2bde
SEND 1554057555 TRANSACTION 81 16798 b18cd7eb99e34042634e52bd22db2bde
SEND 1554057555 TRANSACTION 81 18686 b18cd7eb99e34042634e52bd22db2bde
SEND 1554057555 TRANSACTION 81 22602 b18cd7eb99e34042634e52bd22db2bde
SEND 1554057555 TRANSACTION 81 19623 b18cd7eb99e34042634e52bd22db2bde
RECIEVED 1554057555 TRANSACTION 81 94 28
RECIEVED 1554057555 TRANSACTION 81 94 28
UPDATE 1554057555 TRANSACTION d9c4014fe84ff33e1cf55a9f61c1740f
SEND 1554057555 TRANSACTION 81 15479 d9c4014fe84ff33e1cf55a9f61c1740f
SEND 1554057555 TRANSACTION 81 30256 d9c4014fe84ff33e1cf55a9f61c1740f
RECIEVED 1554057555 TRANSACTION 81 94 29
RECIEVED 1554057556 TRANSACTION 79 94 29
UPDATE 1554057556 TRANSACTION 930ec37f3a3b66110dfaa3fba8acf04e
RECIEVED 1554057556 TRANSACTION 81 94 30
UPDATE 1554057556 TRANSACTION 5d46c65adae45faf3ff4d737c2b75df3
SEND 1554057556 TRANSACTION 81 15018 5d46c65adae45faf3ff4d737c2b75df3
RECIEVED 1554057556 TRANSACTION 81 94 31
UPDATE 1554057556 TRANSACTION 8e93a42bf842aae1d840312e241a2b67
RECIEVED 1554057556 TRANSACTION 81 94 32
UPDATE 1554057556 TRANSACTION 1ceb11ce36b5d8030b0b72ae7f543969
SEND 1554057556 TRANSACTION 81 15195 1ceb11ce36b5d8030b0b72ae7f543969
SEND 1554057556 TRANSACTION 81 12567 1ceb11ce36b5d8030b0b72ae7f543969
SEND 1554057556 TRANSACTION 81 15988 1ceb11ce36b5d8030b0b72ae7f543969
RECIEVED 1554057556 TRANSACTION 81 94 33
UPDATE 1554057556 TRANSACTION a345ca5b5cf3f068afa96124d9424e2d
SEND 1554057556 TRANSACTION 81 15487 a345ca5b5cf3f068afa96124d9424e2d
RECIEVED 1554057557 TRANSACTION 81 94 34
UPDATE 1554057557 TRANSACTION 49ef6de9ca2b992dfd0eb9954551029f
SEND 1554057557 TRANSACTION 81 14591 49ef6de9ca2b992dfd0eb9954551029f
RECIEVED 1554057557 TRANSACTION 80 94 35
UPDATE 1554057557 TRANSACTION 76eab7678a29b6f56dbc32bf74d35cbc
RECIEVED 1554057557 TRANSACTION 80 94 36
UPDATE 1554057557 TRANSACTION 4a57fd295608f414fb2c725dc9e84037
SEND 1554057557 TRANSACTION 80 14862 4a57fd295608f414fb2c725dc9e84037
RECIEVED 1554057557 TRANSACTION 80 94 37
RECIEVED 1554057557 TRANSACTION 81 94 37
UPDATE 1554057557 TRANSACTION b613c2d089af89bc09a0a84c325459a3
RECIEVED 1554057557 TRANSACTION 81 94 38
RECIEVED 1554057558 TRANSACTION 81 94 38
UPDATE 1554057558 TRANSACTION eb80bbf30d1a1c029ac90802026fdf0b
SEND 1554057558 TRANSACTION 81 14683 eb80bbf30d1a1c029ac90802026fdf0b
SEND 1554057558 TRANSACTION 81 15560 eb80bbf30d1a1c029ac90802026fdf0b
RECIEVED 1554057558 TRANSACTION 81 94 39
RECIEVED 1554057559 TRANSACTION 81 94 39
UPDATE 1554057559 TRANSACTION a41f97f15ade74ced084b01b2dbae3b8
SEND 1554057559 TRANSACTION 81 26945 a41f97f15ade74ced084b01b2dbae3b8
RECIEVED 1554057559 TRANSACTION 79 94 40
UPDATE 1554057559 TRANSACTION 9013c1cdae8d4831ae14e9d66ced7dce
SEND 1554057559 TRANSACTION 79 15000 9013c1cdae8d4831ae14e9d66ced7dce
RECIEVED 1554057559 TRANSACTION 81 94 41
UPDATE 1554057559 TRANSACTION 8a6ca4dc9db8579c5395f2d836e8532a
RECIEVED 1554057559 TRANSACTION 81 94 42
RECIEVED 1554057559 TRANSACTION 81 94 42
UPDATE 1554057559 TRANSACTION cee87e282c06f683a0604f8dd2d1c179
SEND 1554057559 TRANSACTION 81 12963 cee87e282c06f683a0604f8dd2d1c179
SEND 1554057559 TRANSACTION 81 26127 cee87e282c06f683a0604f8dd2d1c179
RECIEVED 1554057559 TRANSACTION 81 94 43
RECIEVED 1554057560 TRANSACTION 80 94 43
UPDATE 1554057560 TRANSACTION dc9b6ad2f0cac65640a44b21aeb9e2e5
SEND 1554057560 TRANSACTION 80 13654 dc9b6ad2f0cac65640a44b21aeb9e2e5
SEND 1554057560 TRANSACTION 80 13165 dc9b6ad2f0cac65640a44b21aeb9e2e5
SEND 1554057560 TRANSACTION 80 23928 dc9b6ad2f0cac65640a44b21aeb9e2e5
RECIEVED 1554057560 TRANSACTION 81 94 44
UPDATE 1554057560 TRANSACTION bbc6fa27ce3e23a189f288c4f5c0d87a
SEND 1554057560 TRANSACTION 81 20160 bbc6fa27ce3e23a189f288c4f5c0d87a
RECIEVED 1554057560 TRANSACTION 82 94 45
UPDATE 1554057560 TRANSACTION 04e696c77a5133d533c9511bf396cf7d
SEND 1554057560 TRANSACTION 82 15232 04e696c77a5133d533c9511bf396cf7d
SEND 1554057560 TRANSACTION 82 13964 04e696c77a5133d533c9511bf396cf7d
SEND 1554057560 TRANSACTION 82 14302 04e696c77a5133d533c9511bf396cf7d
RECIEVED 1554057560 TRANSACTION 78 94 46
UPDATE 1554057560 TRANSACTION dce3f662b7c31b3d8b9c23deff204e29
RECIEVED 1554057560 TRANSACTION 82 94 47
RECIEVED 1554057560 TRANSACTION 80 94 47
UPDATE 1554057560 TRANSACTION 6e2c7274f6074f7abae2746aabdd2026
SEND 1554057560 TRANSACTION 80 17370 6e2c7274f6074f7abae2746aabdd2026
SEND 1554057560 TRANSACTION 80 28491 6e2c7274f6074f7abae2746aabdd2026
RECIEVED 1554057561 TRANSACTION 80 94 48
UPDATE 1554057561 TRANSACTION b2af3edc7ed6a5152c1dd73dce677ee3
SEND 1554057561 TRANSACTION 80 12660 b2af3edc7ed6a5152c1dd73dce677ee3
SEND 1554057561 TRANSACTION 80 27126 b2af3edc7ed6a5152c1dd73dce677ee3
RECIEVED 1554057561 TRANSACTION 81 94 49
UPDATE 1554057561 TRANSACTION 5a2fcf4e3dfe6d9a331c873c70f7a6c8
SEND 1554057561 TRANSACTION 81 20237 5a2fcf4e3dfe6d9a331c873c70f7a6c8
RECIEVED 1554057561 TRANSACTION 80 94 50
UPDATE 1554057561 TRANSACTION 16f8c45e3ae55216c0d33f63d0e99ad8
SEND 1554057561 TRANSACTION 80 13556 16f8c45e3ae55216c0d33f63d0e99ad8
SEND 1554057561 TRANSACTION 80 24624 16f8c45e3ae55216c0d33f63d0e99ad8
RECIEVED 1554057561 TRANSACTION 82 94 51
UPDATE 1554057561 TRANSACTION 26242ab0612c3961f821fc26610e396b
RECIEVED 1554057561 TRANSACTION 81 94 52
UPDATE 1554057561 TRANSACTION 1e09d0d96087e25ca5e18f44a9294900
RECIEVED 1554057562 TRANSACTION 80 94 53
UPDATE 1554057562 TRANSACTION 39c7b03de16bb81511f3c6dadb087e11
SEND 1554057562 TRANSACTION 80 14286 39c7b03de16bb81511f3c6dadb087e11
SEND 1554057562 TRANSACTION 80 20019 39c7b03de16bb81511f3c6dadb087e11
RECIEVED 1554057562 TRANSACTION 81 94 54
UPDATE 1554057562 TRANSACTION 243be1f6b3ba995ec97b8ef337498636
SEND 1554057562 TRANSACTION 81 27970 243be1f6b3ba995ec97b8ef337498636
RECIEVED 1554057562 TRANSACTION 78 94 55
UPDATE 1554057562 TRANSACTION 1c0ddf22855938cf545338ba879eacbe
SEND 1554057562 TRANSACTION 78 18664 1c0ddf22855938cf545338ba879eacbe
RECIEVED 1554057562 TRANSACTION 81 94 56
UPDATE 1554057562 TRANSACTION 585cba35bee01c07e5d05264e5fc7881
SEND 1554057562 TRANSACTION 81 34993 585cba35bee01c07e5d05264e5fc7881
SEND 1554057562 TRANSACTION 81 27119 585cba35bee01c07e5d05264e5fc7881
RECIEVED 1554057562 TRANSACTION 81 94 57
RECIEVED 1554057562 TRANSACTION 81 94 57
UPDATE 1554057562 TRANSACTION 438b07052102958ccd357fa8922d7bdd
RECIEVED 1554057562 TRANSACTION 82 94 58
UPDATE 1554057562 TRANSACTION 4452845b04d6f067bc11ac0526c7248c
SEND 1554057562 TRANSACTION 82 15221 4452845b04d6f067bc11ac0526c7248c
RECIEVED 1554057562 TRANSACTION 82 94 59
RECIEVED 1554057563 TRANSACTION 79 94 59
UPDATE 1554057563 TRANSACTION 40732bb7482b29a9f399aa63ca4449b6
RECIEVED 1554057563 TRANSACTION 81 94 60
UPDATE 1554057563 TRANSACTION cad9d49159f8836da900d8dcbaa69229
SEND 1554057563 TRANSACTION 81 12455 cad9d49159f8836da900d8dcbaa69229
SEND 1554057563 TRANSACTION 81 19516 cad9d49159f8836da900d8dcbaa69229
RECIEVED 1554057563 TRANSACTION 81 94 61
UPDATE 1554057563 TRANSACTION 0fd83fb7d0126823065eaaa1e82fd40d
SEND 1554057563 TRANSACTION 81 14027 0fd83fb7d0126823065eaaa1e82fd40d
SEND 1554057563 TRANSACTION 81 24774 0fd83fb7d0126823065eaaa1e82fd40d
RECIEVED 1554057563 TRANSACTION 82 94 62
UPDATE 1554057563 TRANSACTION 32c1eaca9c13e1969a539a7ddb25466a
SEND 1554057563 TRANSACTION 82 26292 32c1eaca9c13e1969a539a7ddb25466a
SEND 1554057563 TRANSACTION 82 18414 32c1eaca9c13e1969a539a7ddb25466a
RECIEVED 1554057563 TRANSACTION 82 94 63
RECIEVED 1554057563 TRANSACTION 81 94 63
UPDATE 1554057563 TRANSACTION c0b8b37b41f3be3c0a8d3ac59923e1e5
SEND 1554057563 TRANSACTION 81 15348 c0b8b37b41f3be3c0a8d3ac59923e1e5
RECIEVED 1554057563 TRANSACTION 81 94 64
UPDATE 1554057563 TRANSACTION 7394bd19ed1dcb7e4f7286a0c4323d96
SEND 1554057563 TRANSACTION 81 18515 7394bd19ed1dcb7e4f7286a0c4323d96
RECIEVED 1554057563 TRANSACTION 81 94 65
RECIEVED 1554057563 TRANSACTION 81 94 65
RECIEVED 1554057563 TRANSACTION 80 94 65
UPDATE 1554057563 TRANSACTION 5ec879675464578baff3e4b6b14af2ec
SEND 1554057563 TRANSACTION 80 15639 5ec879675464578baff3e4b6b14af2ec
RECIEVED 1554057563 TRANSACTION 80 94 66
RECIEVED 1554057564 TRANSACTION 80 94 66
UPDATE 1554057564 TRANSACTION b1c30b5dc76350d21eec794b6a3fcd9b
SEND 1554057564 TRANSACTION 80 13794 b1c30b5dc76350d21eec794b6a3fcd9b
SEND 1554057564 TRANSACTION 80 16036 b1c30b5dc76350d21eec794b6a3fcd9b
SEND 1554057564 TRANSACTION 80 21221 b1c30b5dc76350d21eec794b6a3fcd9b
RECIEVED 1554057564 TRANSACTION 79 94 67
UPDATE 1554057564 TRANSACTION ddbe20e5c33dc437acce829d4df56235
SEND 1554057564 TRANSACTION 79 25638 ddbe20e5c33dc437acce829d4df56235
RECIEVED 1554057564 TRANSACTION 80 94 68
UPDATE 1554057564 TRANSACTION 311c2163311f01ae847e1fe6ea8074ab
SEND 1554057564 TRANSACTION 80 18119 311c2163311f01ae847e1fe6ea8074ab
RECIEVED 1554057564 TRANSACTION 80 94 69
RECIEVED 1554057564 TRANSACTION 81 94 69
UPDATE 1554057564 TRANSACTION e723dc77e6b43b0e10655cca6d85378d
SEND 1554057564 TRANSACTION 81 19334 e723dc77e6b43b0e10655cca6d85378d
RECIEVED 1554057564 TRANSACTION 81 94 70
UPDATE 1554057564 TRANSACTION 0377f39d09af64a6f02953bfc45814cd
SEND 1554057564 TRANSACTION 81 12924 0377f39d09af64a6f02953bfc45814cd
RECIEVED 1554057564 TRANSACTION 80 94 71
UPDATE 1554057564 TRANSACTION 3f6e27e4d9a6f00c80cbe7badf71f8cc
SEND 1554057564 TRANSACTION 80 15259 3f6e27e4d9a6f00c80cbe7badf71f8cc
SEND 1554057564 TRANSACTION 80 25103 3f6e27e4d9a6f00c80cbe7badf71f8cc
RECIEVED 1554057564 TRANSACTION 81 94 72
UPDATE 1554057564 TRANSACTION f202ca98d45a7207a70a7cc850816b3c
SEND 1554057564 TRANSACTION 81 25838 f202ca98d45a7207a70a7cc850816b3c
SEND 1554057564 TRANSACTION 81 22104 f202ca98d45a7207a70a7cc850816b3c
RECIEVED 1554057565 TRANSACTION 81 94 73
UPDATE 1554057565 TRANSACTION a8e6ebb7208b78368a11c4dbbc7e6b9f
SEND 1554057565 TRANSACTION 81 13947 a8e6ebb7208b78368a11c4dbbc7e6b9f
SEND 1554057565 TRANSACTION 81 28377 a8e6ebb7208b78368a11c4dbbc7e6b9f
RECIEVED 1554057565 TRANSACTION 81 94 74
UPDATE 1554057565 TRANSACTION 28e099a566d112b624fa2bf1ab539e09
SEND 1554057565 TRANSACTION 81 13318 28e099a566d112b624fa2bf1ab539e09
SEND 1554057565 TRANSACTION 81 19672 28e099a566d112b624fa2bf1ab539e09
RECIEVED 1554057565 TRANSACTION 81 94 75
RECIEVED 1554057565 TRANSACTION 81 94 75
UPDATE 1554057565 TRANSACTION e154edb8cb95e8222d6db3f0beef7064
SEND 1554057565 TRANSACTION 81 14269 e154edb8cb95e8222d6db3f0beef7064
RECIEVED 1554057565 TRANSACTION 79 94 76
UPDATE 1554057565 TRANSACTION 6aba79de4c53d48ec44bb0b902b250eb
SEND 1554057565 TRANSACTION 79 12885 6aba79de4c53d48ec44bb0b902b250eb
RECIEVED 1554057565 TRANSACTION 81 94 77
UPDATE 1554057565 TRANSACTION 49145667a914b5c18b3b738ab300f355
SEND 1554057565 TRANSACTION 81 19051 49145667a914b5c18b3b738ab300f355
SEND 1554057565 TRANSACTION 81 42292 49145667a914b5c18b3b738ab300f355
RECIEVED 1554057565 TRANSACTION 81 94 78
RECIEVED 1554057565 HB 3 94 78
SEND 1554057565 INTRODUCE 37 15851
SEND 1554057565 INTRODUCE 36 19991
SEND 1554057565 INTRODUCE 37 15831
SEND 1554057565 INTRODUCE 36 11563
RECIEVED 1554057565 TRANSACTION 81 94 78
UPDATE 1554057565 TRANSACTION 6e95d43b4b201dbc5fb1dcaab6767ca4
RECIEVED 1554057566 TRANSACTION 81 94 79
UPDATE 1554057566 TRANSACTION 0e9b8a10b6dd813a87f8feaf8b460b1a
RECIEVED 1554057566 TRANSACTION 81 94 80
UPDATE 1554057566 TRANSACTION 88cc33b597237e3b5fa607571b9bc3d1
SEND 1554057566 TRANSACTION 81 14754 88cc33b597237e3b5fa607571b9bc3d1
RECIEVED 1554057566 TRANSACTION 81 94 81
RECIEVED 1554057566 TRANSACTION 80 94 81
UPDATE 1554057566 TRANSACTION 4eeea3d10c36eecfc7d334aafd7213b7
RECIEVED 1554057566 TRANSACTION 81 94 82
UPDATE 1554057566 TRANSACTION 8b6ed26dbd78430f63cb749bf317a7df
RECIEVED 1554057566 TRANSACTION 81 94 83
UPDATE 1554057566 TRANSACTION 952eaa1eea31d82fee2430caed72d649
SEND 1554057566 TRANSACTION 81 15280 952eaa1eea31d82fee2430caed72d649
RECIEVED 1554057566 TRANSACTION 80 94 84
UPDATE 1554057566 TRANSACTION ee9bb30797b70cd33579188d13ce6a01
SEND 1554057566 TRANSACTION 80 12488 ee9bb30797b70cd33579188d13ce6a01
SEND 1554057566 TRANSACTION 80 26690 ee9bb30797b70cd33579188d13ce6a01
RECIEVED 1554057567 TRANSACTION 81 94 85
UPDATE 1554057567 TRANSACTION 7142ffb125bed9d3d49429e54ef9af04
SEND 1554057567 TRANSACTION 81 14207 7142ffb125bed9d3d49429e54ef9af04
RECIEVED 1554057567 TRANSACTION 81 94 86
RECIEVED 1554057567 TRANSACTION 81 94 86
UPDATE 1554057567 TRANSACTION 83c8006927b519e0bdbaac8e3d5c9747
SEND 1554057567 TRANSACTION 81 10769 83c8006927b519e0bdbaac8e3d5c9747
SEND 1554057567 TRANSACTION 81 16443 83c8006927b519e0bdbaac8e3d5c9747
SEND 1554057567 TRANSACTION 81 21380 83c8006927b519e0bdbaac8e3d5c9747
SEND 1554057567 TRANSACTION 81 21507 83c8006927b519e0bdbaac8e3d5c9747
RECIEVED 1554057567 TRANSACTION 81 94 87
RECIEVED 1554057567 TRANSACTION 82 94 87
UPDATE 1554057567 TRANSACTION d959b5a0f8275df669713b7294375dba
SEND 1554057567 TRANSACTION 82 17140 d959b5a0f8275df669713b7294375dba
SEND 1554057567 TRANSACTION 82 24246 d959b5a0f8275df669713b7294375dba
SEND 1554057567 TRANSACTION 82 24762 d959b5a0f8275df669713b7294375dba
RECIEVED 1554057568 TRANSACTION 81 94 88
UPDATE 1554057568 TRANSACTION 04d617667fb46af7590528be04098984
SEND 1554057568 TRANSACTION 81 34577 04d617667fb46af7590528be04098984
RECIEVED 1554057568 TRANSACTION 81 94 89
RECIEVED 1554057568 TRANSACTION 81 94 89
RECIEVED 1554057568 TRANSACTION 78 94 89
UPDATE 1554057568 TRANSACTION e301842986bab4da21aabbe64d6ceda3
RECIEVED 1554057568 TRANSACTION 78 94 90
RECIEVED 1554057568 TRANSACTION 80 94 90
UPDATE 1554057568 TRANSACTION 622cbf31d0e5a9d8f15f52312306cc9e
SEND 1554057568 TRANSACTION 80 19015 622cbf31d0e5a9d8f15f52312306cc9e
RECIEVED 1554057568 TRANSACTION 79 94 91
UPDATE 1554057568 TRANSACTION 2f3667512a58d2a897aa3cad65d3b96b
SEND 1554057568 TRANSACTION 79 17873 2f3667512a58d2a897aa3cad65d3b96b
SEND 1554057568 TRANSACTION 79 24843 2f3667512a58d2a897aa3cad65d3b96b
RECIEVED 1554057568 TRANSACTION 80 94 92
UPDATE 1554057568 TRANSACTION eed50dd7811d02612c2fe4625ebdd23f
RECIEVED 1554057568 TRANSACTION 81 94 93
UPDATE 1554057568 TRANSACTION 7030010df331256e7125e3b42631c884
SEND 1554057568 TRANSACTION 81 26814 7030010df331256e7125e3b42631c884
RECIEVED 1554057568 TRANSACTION 80 94 94
UPDATE 1554057568 TRANSACTION 2912a3efb5b6914c4f0f2a9d2b652370
SEND 1554057568 TRANSACTION 80 14092 2912a3efb5b6914c4f0f2a9d2b652370
SEND 1554057568 TRANSACTION 80 30694 2912a3efb5b6914c4f0f2a9d2b652370
RECIEVED 1554057569 TRANSACTION 80 94 95
UPDATE 1554057569 TRANSACTION ee88ca92881d45ee74c91b2cac7937d0
SEND 1554057569 TRANSACTION 80 13648 ee88ca92881d45ee74c91b2cac7937d0
RECIEVED 1554057569 TRANSACTION 80 94 96
UPDATE 1554057569 TRANSACTION 8b440916ee6ef979836298c2b32f38b0
SEND 1554057569 TRANSACTION 80 21021 8b440916ee6ef979836298c2b32f38b0
RECIEVED 1554057570 TRANSACTION 81 94 97
UPDATE 1554057570 TRANSACTION b241b8ce7aaa3f2b5ec35db679712dd5
SEND 1554057570 TRANSACTION 81 15697 b241b8ce7aaa3f2b5ec35db679712dd5
SEND 1554057570 TRANSACTION 81 30082 b241b8ce7aaa3f2b5ec35db679712dd5
RECIEVED 1554057571 TRANSACTION 81 94 98
UPDATE 1554057571 TRANSACTION 4b215e2a311a970a3da29b9eebd4884c
SEND 1554057571 TRANSACTION 81 15700 4b215e2a311a970a3da29b9eebd4884c
SEND 1554057571 TRANSACTION 81 19148 4b215e2a311a970a3da29b9eebd4884c
RECIEVED 1554057571 TRANSACTION 80 94 99
UPDATE 1554057571 TRANSACTION b6ee8c5ad9ff9819507689da96ae1a6f
SEND 1554057571 TRANSACTION 80 24507 b6ee8c5ad9ff9819507689da96ae1a6f
SEND 1554057571 TRANSACTION 80 36915 b6ee8c5ad9ff9819507689da96ae1a6f
RECIEVED 1554057571 TRANSACTION 81 94 100
UPDATE 1554057571 TRANSACTION cb30208d5ed07f5e100e5566ed7751f3
SEND 1554057571 TRANSACTION 81 15219 cb30208d5ed07f5e100e5566ed7751f3
RECIEVED 1554057571 TRANSACTION 80 94 101
UPDATE 1554057571 TRANSACTION 0eeca864a6c95e08a1dc58570609ce95
SEND 1554057571 TRANSACTION 80 23834 0eeca864a6c95e08a1dc58570609ce95
SEND 1554057571 TRANSACTION 80 14915 0eeca864a6c95e08a1dc58570609ce95
RECIEVED 1554057571 TRANSACTION 81 94 102
UPDATE 1554057571 TRANSACTION 837f21cf67832a76eae8b4924ef4ca04
SEND 1554057571 TRANSACTION 81 18988 837f21cf67832a76eae8b4924ef4ca04
SEND 1554057571 TRANSACTION 81 23997 837f21cf67832a76eae8b4924ef4ca04
RECIEVED 1554057572 TRANSACTION 80 94 103
UPDATE 1554057572 TRANSACTION 85491773f5c4eca250a9d3c9df399007
SEND 1554057572 TRANSACTION 80 13914 85491773f5c4eca250a9d3c9df399007
SEND 1554057572 TRANSACTION 80 14687 85491773f5c4eca250a9d3c9df399007
RECIEVED 1554057572 TRANSACTION 80 94 104
RECIEVED 1554057572 TRANSACTION 81 94 104
UPDATE 1554057572 TRANSACTION 9af81a2e143736b619d85487d4178f3f
SEND 1554057572 TRANSACTION 81 13948 9af81a2e143736b619d85487d4178f3f
SEND 1554057572 TRANSACTION 81 27078 9af81a2e143736b619d85487d4178f3f
RECIEVED 1554057572 TRANSACTION 81 94 105
RECIEVED 1554057572 TRANSACTION 80 94 105
UPDATE 1554057572 TRANSACTION 56593f6a35e03237b8df901a09401756
SEND 1554057572 TRANSACTION 80 20168 56593f6a35e03237b8df901a09401756
RECIEVED 1554057572 TRANSACTION 80 94 106
RECIEVED 1554057572 TRANSACTION 80 94 106
UPDATE 1554057572 TRANSACTION 265553915dd413534135bdef588daa2b
SEND 1554057572 TRANSACTION 80 21327 265553915dd413534135bdef588daa2b
SEND 1554057572 TRANSACTION 80 14264 265553915dd413534135bdef588daa2b
RECIEVED 1554057572 TRANSACTION 80 94 107
RECIEVED 1554057573 TRANSACTION 81 94 107
UPDATE 1554057573 TRANSACTION 0e1df14a46d69ca4084b9cec0ec13777
SEND 1554057573 TRANSACTION 81 20838 0e1df14a46d69ca4084b9cec0ec13777
RECIEVED 1554057573 TRANSACTION 81 94 108
UPDATE 1554057573 TRANSACTION 26db9338621ea4fcef43296d46a952b5
SEND 1554057573 TRANSACTION 81 30823 26db9338621ea4fcef43296d46a952b5
SEND 1554057573 TRANSACTION 81 18905 26db9338621ea4fcef43296d46a952b5
RECIEVED 1554057573 TRANSACTION 81 94 109
UPDATE 1554057573 TRANSACTION 12f1757b326b56a26917fc1f2098434c
RECIEVED 1554057573 TRANSACTION 80 94 110
UPDATE 1554057573 TRANSACTION b1353b627bb7858ef4f5aad6652f8d9e
SEND 1554057573 TRANSACTION 80 11870 b1353b627bb7858ef4f5aad6652f8d9e
RECIEVED 1554057573 TRANSACTION 80 94 111
RECIEVED 1554057573 TRANSACTION 80 94 111
UPDATE 1554057573 TRANSACTION 13a0f207ab0fb0d19a916f40f5e546d5
RECIEVED 1554057573 TRANSACTION 83 94 112
UPDATE 1554057573 TRANSACTION ed96cc94e2e3135a7f8af3f6c7aa1da2
RECIEVED 1554057573 TRANSACTION 83 94 113
RECIEVED 1554057573 TRANSACTION 81 94 113
UPDATE 1554057573 TRANSACTION 70b11e7a1085d46e224c05fc39fe26d9
SEND 1554057573 TRANSACTION 81 12917 70b11e7a1085d46e224c05fc39fe26d9
SEND 1554057573 TRANSACTION 81 16291 70b11e7a1085d46e224c05fc39fe26d9
RECIEVED 1554057573 TRANSACTION 81 94 114
UPDATE 1554057573 TRANSACTION 9cd2930315872ef710b9555dc9ad15ac
SEND 1554057573 TRANSACTION 81 16967 9cd2930315872ef710b9555dc9ad15ac
RECIEVED 1554057573 TRANSACTION 81 94 115
RECIEVED 1554057574 TRANSACTION 81 94 115
UPDATE 1554057574 TRANSACTION d75c944ec221bd4cb7ccc68965e085e9
SEND 1554057574 TRANSACTION 81 13135 d75c944ec221bd4cb7ccc68965e085e9
SEND 1554057574 TRANSACTION 81 11742 d75c944ec221bd4cb7ccc68965e085e9
SEND 1554057574 TRANSACTION 81 42085 d75c944ec221bd4cb7ccc68965e085e9
RECIEVED 1554057574 TRANSACTION 81 94 116
UPDATE 1554057574 TRANSACTION 8a231f422afebab09b8d892adca71f8a
RECIEVED 1554057574 TRANSACTION 80 94 117
UPDATE 1554057574 TRANSACTION d791dd15823a913847293b81fcb5224e
SEND 1554057574 TRANSACTION 80 15092 d791dd15823a913847293b81fcb5224e
RECIEVED 1554057574 TRANSACTION 80 94 118
RECIEVED 1554057574 TRANSACTION 80 94 118
UPDATE 1554057574 TRANSACTION 6f81df1c8a254a0713a80580b2349253
SEND 1554057574 TRANSACTION 80 13641 6f81df1c8a254a0713a80580b2349253
SEND 1554057574 TRANSACTION 80 15129 6f81df1c8a254a0713a80580b2349253
RECIEVED 1554057574 TRANSACTION 80 94 119
RECIEVED 1554057574 TRANSACTION 80 94 119
RECIEVED 1554057574 TRANSACTION 81 94 119
UPDATE 1554057574 TRANSACTION f3270fd234074880a4a1d37a15ace4f4
SEND 1554057574 TRANSACTION 81 19078 f3270fd234074880a4a1d37a15ace4f4
RECIEVED 1554057574 TRANSACTION 81 94 120
UPDATE 1554057574 TRANSACTION 039e67bd97f76083d7321b7b100fbdd1
SEND 1554057574 TRANSACTION 81 15024 039e67bd97f76083d7321b7b100fbdd1
RECIEVED 1554057575 TRANSACTION 81 94 121
UPDATE 1554057575 TRANSACTION 2704753208778133411a00afd4b3b8ae
RECIEVED 1554057575 HB 3 94 122
RECIEVED 1554057575 TRANSACTION 80 94 122
UPDATE 1554057575 TRANSACTION 3b129223d14fce5aae838fb98474f818
SEND 1554057575 TRANSACTION 80 21427 3b129223d14fce5aae838fb98474f818
SEND 1554057575 TRANSACTION 80 14096 3b129223d14fce5aae838fb98474f818
RECIEVED 1554057576 TRANSACTION 81 94 123
UPDATE 1554057576 TRANSACTION 5481f8ff0da4292e1846fd73235fbba8
SEND 1554057576 TRANSACTION 81 13972 5481f8ff0da4292e1846fd73235fbba8
RECIEVED 1554057576 TRANSACTION 81 94 124
UPDATE 1554057576 TRANSACTION 3d74b4867ad7beaea8bfaee42e276450
RECIEVED 1554057576 TRANSACTION 79 94 125
UPDATE 1554057576 TRANSACTION 2ab04a980758c44938c1d6b59ffbd075
SEND 1554057576 TRANSACTION 79 16530 2ab04a980758c44938c1d6b59ffbd075
SEND 1554057576 TRANSACTION 79 25399 2ab04a980758c44938c1d6b59ffbd075
SEND 1554057576 TRANSACTION 79 13476 2ab04a980758c44938c1d6b59ffbd075
RECIEVED 1554057576 TRANSACTION 81 94 126
UPDATE 1554057576 TRANSACTION 34bbba4c260367600f695082485cd3f3
SEND 1554057576 TRANSACTION 81 14471 34bbba4c260367600f695082485cd3f3
RECIEVED 1554057577 TRANSACTION 81 94 127
UPDATE 1554057577 TRANSACTION 41102a2bcc8c998bcf83749b910754f9
SEND 1554057577 TRANSACTION 81 13699 41102a2bcc8c998bcf83749b910754f9
SEND 1554057577 TRANSACTION 81 23121 41102a2bcc8c998bcf83749b910754f9
SEND 1554057577 TRANSACTION 81 27202 41102a2bcc8c998bcf83749b910754f9
RECIEVED 1554057577 TRANSACTION 80 94 128
UPDATE 1554057577 TRANSACTION 82d946f8abcd28ea06093bb3bf94d933
RECIEVED 1554057577 TRANSACTION 79 94 129
UPDATE 1554057577 TRANSACTION 31020071ad1a09e4fddb926c03a6ef39
SEND 1554057577 TRANSACTION 79 19102 31020071ad1a09e4fddb926c03a6ef39
RECIEVED 1554057577 TRANSACTION 81 94 130
UPDATE 1554057577 TRANSACTION ad62acd3a4c77f8d1668f55b93e5f7a9
SEND 1554057577 TRANSACTION 81 17673 ad62acd3a4c77f8d1668f55b93e5f7a9
RECIEVED 1554057577 TRANSACTION 81 94 131
UPDATE 1554057577 TRANSACTION cb0f0d9980163305539046f65ad8e5f2
SEND 1554057577 TRANSACTION 81 13886 cb0f0d9980163305539046f65ad8e5f2
SEND 1554057577 TRANSACTION 81 14245 cb0f0d9980163305539046f65ad8e5f2
RECIEVED 1554057577 TRANSACTION 81 94 132
UPDATE 1554057577 TRANSACTION 1e47ec481efd6ab648737a0a2fffd587
SEND 1554057577 TRANSACTION 81 14785 1e47ec481efd6ab648737a0a2fffd587
RECIEVED 1554057577 TRANSACTION 81 94 133
UPDATE 1554057577 TRANSACTION d1c186d463ca2c6daa72fd6c378d1579
SEND 1554057577 TRANSACTION 81 14648 d1c186d463ca2c6daa72fd6c378d1579
SEND 1554057577 TRANSACTION 81 13806 d1c186d463ca2c6daa72fd6c378d1579
SEND 1554057577 TRANSACTION 81 13070 d1c186d463ca2c6daa72fd6c378d1579
RECIEVED 1554057577 TRANSACTION 81 94 134
RECIEVED 1554057577 TRANSACTION 81 94 134
UPDATE 1554057577 TRANSACTION eca4945c95d245e0b5d989804cfbea9c
SEND 1554057577 TRANSACTION 81 9873 eca4945c95d245e0b5d989804cfbea9c
RECIEVED 1554057577 TRANSACTION 80 94 135
UPDATE 1554057577 TRANSACTION 103d8d46f94d5bb130a6952b730777fb
RECIEVED 1554057578 TRANSACTION 79 94 136
UPDATE 1554057578 TRANSACTION ac55c0aff21b5861a0a8ccadee7a03c8
RECIEVED 1554057578 TRANSACTION 81 94 137
UPDATE 1554057578 TRANSACTION 251d5ae14d5f4f4dca0da2243f85cfa0
SEND 1554057578 TRANSACTION 81 16652 251d5ae14d5f4f4dca0da2243f85cfa0
SEND 1554057578 TRANSACTION 81 16023 251d5ae14d5f4f4dca0da2243f85cfa0
RECIEVED 1554057578 TRANSACTION 81 94 138
RECIEVED 1554057578 TRANSACTION 81 94 138
UPDATE 1554057578 TRANSACTION 8ae8fd8c305d18c6b6e1c65f78b7f296
RECIEVED 1554057579 TRANSACTION 81 94 139
UPDATE 1554057579 TRANSACTION ad2158ede222756d9fd2878b43f78546
SEND 1554057579 TRANSACTION 81 10401 ad2158ede222756d9fd2878b43f78546
SEND 1554057579 TRANSACTION 81 20364 ad2158ede222756d9fd2878b43f78546
SEND 1554057579 TRANSACTION 81 14928 ad2158ede222756d9fd2878b43f78546
SEND 1554057579 TRANSACTION 81 19147 ad2158ede222756d9fd2878b43f78546
RECIEVED 1554057579 TRANSACTION 81 94 140
UPDATE 1554057579 TRANSACTION 53064895891aea1c8a499befa3729bb4
SEND 1554057579 TRANSACTION 81 13922 53064895891aea1c8a499befa3729bb4
RECIEVED 1554057579 TRANSACTION 81 94 141
UPDATE 1554057579 TRANSACTION 2b423693219c40764ab0543928ddd8c7
RECIEVED 1554057580 TRANSACTION 80 94 142
UPDATE 1554057580 TRANSACTION 9a71995e4da72661efadb822fbb6fb80
SEND 1554057580 TRANSACTION 80 11834 9a71995e4da72661efadb822fbb6fb80
SEND 1554057580 TRANSACTION 80 15190 9a71995e4da72661efadb822fbb6fb80
SEND 1554057580 TRANSACTION 80 25319 9a71995e4da72661efadb822fbb6fb80
RECIEVED 1554057580 TRANSACTION 80 94 143
RECIEVED 1554057580 TRANSACTION 80 94 143
UPDATE 1554057580 TRANSACTION 9c11a3dbd0ae391c23f40dab908d2176
SEND 1554057580 TRANSACTION 80 14982 9c11a3dbd0ae391c23f40dab908d2176
RECIEVED 1554057580 TRANSACTION 81 94 144
UPDATE 1554057580 TRANSACTION 3496e2f4bba3590056d88442388c3788
SEND 1554057580 TRANSACTION 81 34414 3496e2f4bba3590056d88442388c3788
RECIEVED 1554057580 TRANSACTION 81 94 145
RECIEVED 1554057580 TRANSACTION 81 94 145
RECIEVED 1554057580 INTRODUCE 36 94 145
RECIEVED 1554057580 INTRODUCE 36 94 145
RECIEVED 1554057580 INTRODUCE 36 94 145
RECIEVED 1554057580 INTRODUCE 36 94 145
RECIEVED 1554057580 TRANSACTION 82 94 145
UPDATE 1554057580 TRANSACTION cc7f3ab20cb2c1521927f413fc6714df
SEND 1554057580 TRANSACTION 82 20151 cc7f3ab20cb2c1521927f413fc6714df
RECIEVED 1554057580 TRANSACTION 82 94 146
RECIEVED 1554057581 TRANSACTION 80 94 146
UPDATE 1554057581 TRANSACTION 8a1d6844856499146f4333dbe358b71e
RECIEVED 1554057581 TRANSACTION 81 94 147
UPDATE 1554057581 TRANSACTION 715ead72f7e3ca8985d30af45661be5e
SEND 1554057581 TRANSACTION 81 43527 715ead72f7e3ca8985d30af45661be5e
RECIEVED 1554057581 TRANSACTION 81 94 148
UPDATE 1554057581 TRANSACTION 5327fae743352ca364bb2c68114e820a
SEND 1554057581 TRANSACTION 81 19054 5327fae743352ca364bb2c68114e820a
RECIEVED 1554057582 TRANSACTION 81 94 149
UPDATE 1554057582 TRANSACTION 4564e4725687a269348842ac41e84b3b
SEND 1554057582 TRANSACTION 81 40514 4564e4725687a269348842ac41e84b3b
SEND 1554057582 TRANSACTION 81 20095 4564e4725687a269348842ac41e84b3b
RECIEVED 1554057582 TRANSACTION 80 94 150
UPDATE 1554057582 TRANSACTION bc1b5d139bfdcd6d05e2a824731ce7c1
SEND 1554057582 TRANSACTION 80 28600 bc1b5d139bfdcd6d05e2a824731ce7c1
SEND 1554057582 TRANSACTION 80 20218 bc1b5d139bfdcd6d05e2a824731ce7c1
SEND 1554057582 TRANSACTION 80 14891 bc1b5d139bfdcd6d05e2a824731ce7c1
RECIEVED 1554057582 TRANSACTION 80 94 151
RECIEVED 1554057582 TRANSACTION 80 94 151
RECIEVED 1554057582 TRANSACTION 81 94 151
UPDATE 1554057582 TRANSACTION 91b8234d57e226ccfa420746ea121620
SEND 1554057582 TRANSACTION 81 13954 91b8234d57e226ccfa420746ea121620
RECIEVED 1554057582 TRANSACTION 81 94 152
RECIEVED 1554057582 TRANSACTION 81 94 152
UPDATE 1554057582 TRANSACTION 01544d37462f7fdc320c406b4eff5a92
SEND 1554057582 TRANSACTION 81 14241 01544d37462f7fdc320c406b4eff5a92
SEND 1554057582 TRANSACTION 81 19387 01544d37462f7fdc320c406b4eff5a92
RECIEVED 1554057583 TRANSACTION 79 94 153
UPDATE 1554057583 TRANSACTION 4c8ec6172082ea3ca5ab3e300c15b35d
RECIEVED 1554057583 TRANSACTION 81 94 154
UPDATE 1554057583 TRANSACTION 8714672c197248f15575d4f155abd6e7
RECIEVED 1554057583 TRANSACTION 80 94 155
UPDATE 1554057583 TRANSACTION b71621bdd8f910cec15ae822815d7ca7
SEND 1554057583 TRANSACTION 80 18945 b71621bdd8f910cec15ae822815d7ca7
SEND 1554057583 TRANSACTION 80 22747 b71621bdd8f910cec15ae822815d7ca7
RECIEVED 1554057583 TRANSACTION 81 94 156
UPDATE 1554057583 TRANSACTION 1d2fa436572297d4fb95c240d00c17e2
SEND 1554057583 TRANSACTION 81 19486 1d2fa436572297d4fb95c240d00c17e2
SEND 1554057583 TRANSACTION 81 11181 1d2fa436572297d4fb95c240d00c17e2
RECIEVED 1554057583 TRANSACTION 81 94 157
UPDATE 1554057583 TRANSACTION 3f15665434bf987dde698ead58b7854b
RECIEVED 1554057583 TRANSACTION 81 94 158
UPDATE 1554057583 TRANSACTION be3f688b050bb73eceaba70262c14029
SEND 1554057583 TRANSACTION 81 25870 be3f688b050bb73eceaba70262c14029
RECIEVED 1554057584 TRANSACTION 81 94 159
UPDATE 1554057584 TRANSACTION fe0b435f3ae2574716050ad9a4e2b2c6
SEND 1554057584 TRANSACTION 81 16642 fe0b435f3ae2574716050ad9a4e2b2c6
RECIEVED 1554057584 TRANSACTION 81 94 160
UPDATE 1554057584 TRANSACTION 07a600d7f98df2d6413b096bad1ee77f
RECIEVED 1554057584 TRANSACTION 81 94 161
UPDATE 1554057584 TRANSACTION 1b5c1256fc203a1d760db1b77706468f
SEND 1554057584 TRANSACTION 81 50442 1b5c1256fc203a1d760db1b77706468f
SEND 1554057584 TRANSACTION 81 19329 1b5c1256fc203a1d760db1b77706468f
RECIEVED 1554057584 TRANSACTION 81 94 162
RECIEVED 1554057584 TRANSACTION 81 94 162
UPDATE 1554057584 TRANSACTION 15ef8e1fa701d462c16dad9d8970ed79
SEND 1554057584 TRANSACTION 81 14250 15ef8e1fa701d462c16dad9d8970ed79
SEND 1554057584 TRANSACTION 81 25011 15ef8e1fa701d462c16dad9d8970ed79
RECIEVED 1554057584 TRANSACTION 81 94 163
UPDATE 1554057584 TRANSACTION aabd1fd27e3373e1323f51f5b963d1b8
RECIEVED 1554057584 TRANSACTION 81 94 164
UPDATE 1554057584 TRANSACTION 2a8f6b3d9b23336259057f5b9c4e48e2
SEND 1554057584 TRANSACTION 81 13730 2a8f6b3d9b23336259057f5b9c4e48e2
SEND 1554057584 TRANSACTION 81 19232 2a8f6b3d9b23336259057f5b9c4e48e2
RECIEVED 1554057584 TRANSACTION 81 94 165
RECIEVED 1554057585 TRANSACTION 81 94 165
UPDATE 1554057585 TRANSACTION cb698cd8fe08ee4033c270883466fd83
RECIEVED 1554057585 TRANSACTION 81 94 166
RECIEVED 1554057585 TRANSACTION 81 94 166
UPDATE 1554057585 TRANSACTION 1c3c405a2310f588857b2d90e95f469a
RECIEVED 1554057585 TRANSACTION 81 94 167
UPDATE 1554057585 TRANSACTION 55dfcff344f04eb41ceb4bd71c0876d9
SEND 1554057585 TRANSACTION 81 13161 55dfcff344f04eb41ceb4bd71c0876d9
RECIEVED 1554057585 TRANSACTION 81 94 168
UPDATE 1554057585 TRANSACTION 092f4ce933cfcfd39b308768188c6aaf
SEND 1554057585 TRANSACTION 81 27540 092f4ce933cfcfd39b308768188c6aaf
RECIEVED 1554057585 HB 3 94 169
SEND 1554057585 INTRODUCE 35 21347
SEND 1554057585 INTRODUCE 36 14219
SEND 1554057585 INTRODUCE 36 23626
SEND 1554057585 INTRODUCE 35 23836
RECIEVED 1554057585 TRANSACTION 81 94 169
UPDATE 1554057585 TRANSACTION 0c2ce769a856448e11f3dcca27c7bbd4
RECIEVED 1554057585 TRANSACTION 82 94 170
UPDATE 1554057585 TRANSACTION d1881ece0523afee78f9456923546bea
SEND 1554057585 TRANSACTION 82 25130 d1881ece0523afee78f9456923546bea
RECIEVED 1554057585 TRANSACTION 81 94 171
UPDATE 1554057585 TRANSACTION a39e66a43976af4a4ba2ba93aba05bed
SEND 1554057585 TRANSACTION 81 19405 a39e66a43976af4a4ba2ba93aba05bed
RECIEVED 1554057586 TRANSACTION 81 94 172
UPDATE 1554057586 TRANSACTION 88d322cd6f0ff1184163c3287abd0d6b
SEND 1554057586 TRANSACTION 81 14744 88d322cd6f0ff1184163c3287abd0d6b
RECIEVED 1554057586 TRANSACTION 81 94 173
UPDATE 1554057586 TRANSACTION 9cf559b670057e12f967853491beeaf2
SEND 1554057586 TRANSACTION 81 37055 9cf559b670057e12f967853491beeaf2
RECIEVED 1554057587 TRANSACTION 81 94 174
UPDATE 1554057587 TRANSACTION 984a828274a6b2773b76edb76f29eabd
RECIEVED 1554057587 TRANSACTION 80 94 175
UPDATE 1554057587 TRANSACTION a7d0bc9268d21b683ec8c01a19a0e3e1
RECIEVED 1554057587 TRANSACTION 81 94 176
UPDATE 1554057587 TRANSACTION 1dba4231fe1f26bab7d98938cc625a5f
SEND 1554057587 TRANSACTION 81 29170 1dba4231fe1f26bab7d98938cc625a5f
SEND 1554057587 TRANSACTION 81 19282 1dba4231fe1f26bab7d98938cc625a5f
SEND 1554057587 TRANSACTION 81 20307 1dba4231fe1f26bab7d98938cc625a5f
RECIEVED 1554057587 TRANSACTION 81 94 177
UPDATE 1554057587 TRANSACTION d3359c616baa6668f08c1cfdff72cb79
SEND 1554057587 TRANSACTION 81 26635 d3359c616baa6668f08c1cfdff72cb79
RECIEVED 1554057587 TRANSACTION 81 94 178
RECIEVED 1554057587 TRANSACTION 81 94 178
RECIEVED 1554057588 TRANSACTION 81 94 178
UPDATE 1554057588 TRANSACTION d2cc702a39bf4b0842e0955a85af3753
RECIEVED 1554057588 TRANSACTION 81 94 179
UPDATE 1554057588 TRANSACTION 71117f4310e658d8dede9ca2c56dca1a
SEND 1554057588 TRANSACTION 81 13354 71117f4310e658d8dede9ca2c56dca1a
RECIEVED 1554057588 TRANSACTION 81 94 180
RECIEVED 1554057588 TRANSACTION 81 94 180
UPDATE 1554057588 TRANSACTION 2dfcd1cdf6cfd62ddd5b3c7407cd1d08
RECIEVED 1554057588 TRANSACTION 80 94 181
UPDATE 1554057588 TRANSACTION 23aaf34bbfbde358b18eae7dbbaa08e4
SEND 1554057588 TRANSACTION 80 13493 23aaf34bbfbde358b18eae7dbbaa08e4
SEND 1554057588 TRANSACTION 80 16754 23aaf34bbfbde358b18eae7dbbaa08e4
RECIEVED 1554057588 TRANSACTION 80 94 182
UPDATE 1554057588 TRANSACTION e6678f5a21186f81d571b13bb03a745a
RECIEVED 1554057588 TRANSACTION 80 94 183
RECIEVED 1554057588 TRANSACTION 81 94 183
UPDATE 1554057588 TRANSACTION fff274e4c0d3b2093da465ca0bc28576
SEND 1554057588 TRANSACTION 81 19655 fff274e4c0d3b2093da465ca0bc28576
RECIEVED 1554057588 TRANSACTION 81 94 184
RECIEVED 1554057588 TRANSACTION 81 94 184
RECIEVED 1554057588 TRANSACTION 82 94 184
UPDATE 1554057588 TRANSACTION 124d7445f3ead7e21d76014900993467
SEND 1554057588 TRANSACTION 82 11525 124d7445f3ead7e21d76014900993467
SEND 1554057588 TRANSACTION 82 27872 124d7445f3ead7e21d76014900993467
SEND 1554057588 TRANSACTION 82 25984 124d7445f3ead7e21d76014900993467
RECIEVED 1554057589 TRANSACTION 81 94 185
UPDATE 1554057589 TRANSACTION 744a4848fd58317b7088c26781e690f3
SEND 1554057589 TRANSACTION 81 16304 744a4848fd58317b7088c26781e690f3
RECIEVED 1554057589 TRANSACTION 81 94 186
RECIEVED 1554057589 TRANSACTION 81 94 186
UPDATE 1554057589 TRANSACTION 2886842794421ac9b342aedf34dad0bc
RECIEVED 1554057589 TRANSACTION 80 94 187
UPDATE 1554057589 TRANSACTION 149e01c10dd963a2727f6b6385625c9b
SEND 1554057589 TRANSACTION 80 20335 149e01c10dd963a2727f6b6385625c9b
RECIEVED 1554057589 TRANSACTION 81 94 188
UPDATE 1554057589 TRANSACTION 941c359bb637353a8d44651e83d201b8
SEND 1554057589 TRANSACTION 81 19351 941c359bb637353a8d44651e83d201b8
SEND 1554057589 TRANSACTION 81 15417 941c359bb637353a8d44651e83d201b8
RECIEVED 1554057589 TRANSACTION 81 94 189
UPDATE 1554057589 TRANSACTION 74779f9a763fa20cb49987f446a215ed
SEND 1554057589 TRANSACTION 81 18991 74779f9a763fa20cb49987f446a215ed
SEND 1554057589 TRANSACTION 81 34586 74779f9a763fa20cb49987f446a215ed
SEND 1554057589 TRANSACTION 81 12195 74779f9a763fa20cb49987f446a215ed
RECIEVED 1554057589 TRANSACTION 80 94 190
UPDATE 1554057589 TRANSACTION e1d27856aba9dd5b019aa42bc7be7afa
SEND 1554057589 TRANSACTION 80 19311 e1d27856aba9dd5b019aa42bc7be7afa
RECIEVED 1554057589 TRANSACTION 81 94 191
UPDATE 1554057589 TRANSACTION a3a3f4f99dca208367f6f8034c632d5b
SEND 1554057589 TRANSACTION 81 15106 a3a3f4f99dca208367f6f8034c632d5b
SEND 1554057589 TRANSACTION 81 20546 a3a3f4f99dca208367f6f8034c632d5b
SEND 1554057589 TRANSACTION 81 19170 a3a3f4f99dca208367f6f8034c632d5b
RECIEVED 1554057589 TRANSACTION 81 94 192
UPDATE 1554057589 TRANSACTION 82390265d4d265aec60bed047362351b
SEND 1554057589 TRANSACTION 81 13260 82390265d4d265aec60bed047362351b
SEND 1554057589 TRANSACTION 81 20287 82390265d4d265aec60bed047362351b
RECIEVED 1554057589 TRANSACTION 81 94 193
RECIEVED 1554057589 TRANSACTION 81 94 193
UPDATE 1554057589 TRANSACTION 17bf21a2f455c4f2aaa2daaa73c12d2d
SEND 1554057589 TRANSACTION 81 12650 17bf21a2f455c4f2aaa2daaa73c12d2d
SEND 1554057590 TRANSACTION 81 15010 17bf21a2f455c4f2aaa2daaa73c12d2d
SEND 1554057590 TRANSACTION 81 13947 17bf21a2f455c4f2aaa2daaa73c12d2d
RECIEVED 1554057590 TRANSACTION 82 94 194
UPDATE 1554057590 TRANSACTION 5501410ad725f48ecd3615a217f996c7
SEND 1554057590 TRANSACTION 82 12815 5501410ad725f48ecd3615a217f996c7
SEND 1554057590 TRANSACTION 82 14661 5501410ad725f48ecd3615a217f996c7
RECIEVED 1554057590 TRANSACTION 82 94 195
RECIEVED 1554057590 TRANSACTION 81 94 195
UPDATE 1554057590 TRANSACTION f090f915b0e0bf5c88520c7f37a8e202
SEND 1554057590 TRANSACTION 81 19831 f090f915b0e0bf5c88520c7f37a8e202
RECIEVED 1554057590 TRANSACTION 81 94 196
RECIEVED 1554057590 TRANSACTION 81 94 196
UPDATE 1554057590 TRANSACTION 3ebe50251776d94ebf7aafc295a955eb
RECIEVED 1554057590 TRANSACTION 81 94 197
UPDATE 1554057590 TRANSACTION ca7fe5fe9037c2f7e6def92485cb6a19
SEND 1554057590 TRANSACTION 81 18606 ca7fe5fe9037c2f7e6def92485cb6a19
RECIEVED 1554057590 TRANSACTION 82 94 198
UPDATE 1554057590 TRANSACTION 93d6beb9182fd6c97b71a56c6a574712
SEND 1554057590 TRANSACTION 82 26179 93d6beb9182fd6c97b71a56c6a574712
SEND 1554057590 TRANSACTION 82 15683 93d6beb9182fd6c97b71a56c6a574712
SEND 1554057590 TRANSACTION 82 23886 93d6beb9182fd6c97b71a56c6a574712
RECIEVED 1554057590 TRANSACTION 82 94 199
RECIEVED 1554057591 TRANSACTION 80 94 199
UPDATE 1554057591 TRANSACTION dd4c3877c253d56764a10c674ff6c588
SEND 1554057591 TRANSACTION 80 21171 dd4c3877c253d56764a10c674ff6c588
SEND 1554057591 TRANSACTION 80 26923 dd4c3877c253d56764a10c674ff6c588
RECIEVED 1554057591 TRANSACTION 81 94 200
UPDATE 1554057591 TRANSACTION bbe00c0e80b0a21b6535030680130c45
SEND 1554057591 TRANSACTION 81 15776 bbe00c0e80b0a21b6535030680130c45
RECIEVED 1554057591 TRANSACTION 81 94 201
UPDATE 1554057591 TRANSACTION 56ec28f9325f6119e7c0a1f7a3a6acff
SEND 1554057591 TRANSACTION 81 14691 56ec28f9325f6119e7c0a1f7a3a6acff
SEND 1554057591 TRANSACTION 81 24984 56ec28f9325f6119e7c0a1f7a3a6acff
RECIEVED 1554057591 TRANSACTION 81 94 202
RECIEVED 1554057591 TRANSACTION 81 94 202
UPDATE 1554057591 TRANSACTION 3fdc734cc47674fb004d0686d91613e9
SEND 1554057591 TRANSACTION 81 21153 3fdc734cc47674fb004d0686d91613e9
SEND 1554057591 TRANSACTION 81 22913 3fdc734cc47674fb004d0686d91613e9
RECIEVED 1554057592 TRANSACTION 81 94 203
UPDATE 1554057592 TRANSACTION e54535220e7483680afeea63d69107b0
SEND 1554057592 TRANSACTION 81 12898 e54535220e7483680afeea63d69107b0
RECIEVED 1554057592 TRANSACTION 81 94 204
UPDATE 1554057592 TRANSACTION f22fb9f9b1043238ff243fc9220e9fb1
SEND 1554057592 TRANSACTION 81 20479 f22fb9f9b1043238ff243fc9220e9fb1
RECIEVED 1554057592 TRANSACTION 81 94 205
UPDATE 1554057592 TRANSACTION d76f05495ae825975288e3798e321ee1
SEND 1554057592 TRANSACTION 81 11920 d76f05495ae825975288e3798e321ee1
SEND 1554057592 TRANSACTION 81 14796 d76f05495ae825975288e3798e321ee1
SEND 1554057592 TRANSACTION 81 14221 d76f05495ae825975288e3798e321ee1
RECIEVED 1554057600 HB 3 94 206
RECIEVED 1554057607 HB 3 94 206
RECIEVED 1554057617 HB 3 94 206
SEND 1554057617 INTRODUCE 37 69241
SEND 1554057617 INTRODUCE 37 25775
SEND 1554057617 INTRODUCE 37 17648
SEND 1554057617 INTRODUCE 37 28175
# Failed listening 
%!(EXTRA string=node21)# ERROR: EOF
# Failed listening 
%!(EXTRA string=node9)# ERROR: read tcp 172.22.156.207:37066->172.22.94.215:8009: read: connection reset by peer
