RECIEVED 1554057504 INTRODUCE 36 0 0
SEND 1554057504 JOIN 32 16117
RECIEVED 1554057504 INTRODUCE 37 1 0
SEND 1554057504 INTRODUCE 37 14512
SEND 1554057504 JOIN 32 20692
RECIEVED 1554057504 INTRODUCE 37 2 0
SEND 1554057504 INTRODUCE 37 8956
SEND 1554057504 INTRODUCE 37 8499
SEND 1554057504 JOIN 32 16208
RECIEVED 1554057504 INTRODUCE 37 3 0
SEND 1554057504 INTRODUCE 37 12987
SEND 1554057504 INTRODUCE 37 8152
SEND 1554057504 INTRODUCE 37 13964
SEND 1554057504 JOIN 32 11223
RECIEVED 1554057504 INTRODUCE 36 4 0
RECIEVED 1554057504 INTRODUCE 36 5 0
RECIEVED 1554057504 INTRODUCE 35 6 0
RECIEVED 1554057504 INTRODUCE 37 7 0
RECIEVED 1554057504 INTRODUCE 36 8 0
RECIEVED 1554057504 INTRODUCE 35 9 0
RECIEVED 1554057504 INTRODUCE 37 10 0
RECIEVED 1554057504 INTRODUCE 36 11 0
RECIEVED 1554057504 INTRODUCE 37 12 0
RECIEVED 1554057504 INTRODUCE 35 12 0
RECIEVED 1554057504 INTRODUCE 35 13 0
RECIEVED 1554057504 INTRODUCE 36 14 0
RECIEVED 1554057504 INTRODUCE 35 15 0
RECIEVED 1554057504 INTRODUCE 37 16 0
RECIEVED 1554057504 INTRODUCE 36 17 0
RECIEVED 1554057504 INTRODUCE 37 18 0
RECIEVED 1554057504 INTRODUCE 37 19 0
RECIEVED 1554057504 INTRODUCE 36 20 0
RECIEVED 1554057504 INTRODUCE 36 21 0
RECIEVED 1554057504 INTRODUCE 37 22 0
RECIEVED 1554057504 INTRODUCE 36 23 0
RECIEVED 1554057504 INTRODUCE 37 24 0
RECIEVED 1554057504 INTRODUCE 35 25 0
RECIEVED 1554057504 INTRODUCE 37 26 0
RECIEVED 1554057504 INTRODUCE 36 27 0
RECIEVED 1554057504 INTRODUCE 36 28 0
RECIEVED 1554057504 INTRODUCE 37 29 0
RECIEVED 1554057504 INTRODUCE 36 30 0
RECIEVED 1554057504 INTRODUCE 36 31 0
RECIEVED 1554057504 INTRODUCE 37 32 0
RECIEVED 1554057504 INTRODUCE 36 33 0
RECIEVED 1554057504 INTRODUCE 35 34 0
RECIEVED 1554057504 INTRODUCE 36 34 0
RECIEVED 1554057504 INTRODUCE 35 35 0
RECIEVED 1554057504 INTRODUCE 37 36 0
RECIEVED 1554057504 INTRODUCE 37 37 0
RECIEVED 1554057504 INTRODUCE 37 37 0
RECIEVED 1554057504 INTRODUCE 37 38 0
RECIEVED 1554057504 INTRODUCE 36 39 0
RECIEVED 1554057504 TRANSACTION 81 40 0
UPDATE 1554057504 TRANSACTION f7fdb6eb7a5ad23aff446f59ae787dc6
SEND 1554057504 TRANSACTION 81 19758 f7fdb6eb7a5ad23aff446f59ae787dc6
SEND 1554057504 TRANSACTION 81 14313 f7fdb6eb7a5ad23aff446f59ae787dc6
RECIEVED 1554057504 TRANSACTION 80 40 1
UPDATE 1554057504 TRANSACTION 364e4a468c1399e6b1adc530cfdeeace
SEND 1554057504 TRANSACTION 80 14511 364e4a468c1399e6b1adc530cfdeeace
RECIEVED 1554057504 TRANSACTION 80 40 2
UPDATE 1554057504 TRANSACTION 8ce98b9953c9171308817bc01754a082
SEND 1554057504 TRANSACTION 80 9947 8ce98b9953c9171308817bc01754a082
RECIEVED 1554057504 INTRODUCE 35 40 3
RECIEVED 1554057504 INTRODUCE 37 41 3
RECIEVED 1554057504 INTRODUCE 37 42 3
RECIEVED 1554057504 TRANSACTION 81 43 3
RECIEVED 1554057504 TRANSACTION 81 43 3
UPDATE 1554057504 TRANSACTION 56b0c4490bc2f735f9fed04d91e19a32
SEND 1554057504 TRANSACTION 81 13978 56b0c4490bc2f735f9fed04d91e19a32
RECIEVED 1554057504 TRANSACTION 81 43 4
RECIEVED 1554057504 TRANSACTION 81 43 4
UPDATE 1554057504 TRANSACTION 4eec59897b33b6edb84103fd9239ed10
SEND 1554057504 TRANSACTION 81 35360 4eec59897b33b6edb84103fd9239ed10
SEND 1554057504 TRANSACTION 81 15020 4eec59897b33b6edb84103fd9239ed10
RECIEVED 1554057504 TRANSACTION 81 43 5
UPDATE 1554057504 TRANSACTION 1038344442a69fcad7a03d4334e83aa7
SEND 1554057504 TRANSACTION 81 42210 1038344442a69fcad7a03d4334e83aa7
RECIEVED 1554057504 TRANSACTION 81 43 6
UPDATE 1554057504 TRANSACTION 1ed93edd7b9d316e7ab2d0088c832a84
SEND 1554057504 TRANSACTION 81 19863 1ed93edd7b9d316e7ab2d0088c832a84
RECIEVED 1554057504 TRANSACTION 79 43 7
UPDATE 1554057504 TRANSACTION 370e2569be1675b0b8e0ceb6f2b41c41
RECIEVED 1554057504 TRANSACTION 81 43 8
UPDATE 1554057504 TRANSACTION 17909ed222a961a787424816409bffe5
SEND 1554057504 TRANSACTION 81 13639 17909ed222a961a787424816409bffe5
SEND 1554057504 TRANSACTION 81 11854 17909ed222a961a787424816409bffe5
SEND 1554057504 TRANSACTION 81 11331 17909ed222a961a787424816409bffe5
RECIEVED 1554057504 TRANSACTION 81 43 9
RECIEVED 1554057504 TRANSACTION 81 43 9
RECIEVED 1554057504 TRANSACTION 81 43 9
UPDATE 1554057504 TRANSACTION 90694e05926fba2b47cb90bdadd9b58a
SEND 1554057504 TRANSACTION 81 20848 90694e05926fba2b47cb90bdadd9b58a
SEND 1554057504 TRANSACTION 81 10856 90694e05926fba2b47cb90bdadd9b58a
RECIEVED 1554057504 TRANSACTION 81 43 10
UPDATE 1554057504 TRANSACTION ad166a448fb23774505b39c5a16ac338
SEND 1554057504 TRANSACTION 81 17158 ad166a448fb23774505b39c5a16ac338
RECIEVED 1554057504 TRANSACTION 81 43 11
RECIEVED 1554057504 TRANSACTION 81 43 11
RECIEVED 1554057504 TRANSACTION 81 43 11
RECIEVED 1554057504 TRANSACTION 81 43 11
UPDATE 1554057504 TRANSACTION 972153fcd48efcc31b44394810407ef8
SEND 1554057504 TRANSACTION 81 9981 972153fcd48efcc31b44394810407ef8
RECIEVED 1554057504 TRANSACTION 80 43 12
UPDATE 1554057504 TRANSACTION 913c624be22e3d8f0b782eac0ee7d7c6
SEND 1554057504 TRANSACTION 80 9794 913c624be22e3d8f0b782eac0ee7d7c6
SEND 1554057504 TRANSACTION 80 10329 913c624be22e3d8f0b782eac0ee7d7c6
RECIEVED 1554057504 TRANSACTION 80 43 13
RECIEVED 1554057504 TRANSACTION 81 43 13
UPDATE 1554057504 TRANSACTION 816fc2a5fadedba30934b22ed89376cd
RECIEVED 1554057504 TRANSACTION 81 43 14
RECIEVED 1554057504 TRANSACTION 81 43 14
UPDATE 1554057504 TRANSACTION 2265bd9de3f49d6c4f8f8437ee5655a3
SEND 1554057504 TRANSACTION 81 9763 2265bd9de3f49d6c4f8f8437ee5655a3
SEND 1554057504 TRANSACTION 81 16484 2265bd9de3f49d6c4f8f8437ee5655a3
RECIEVED 1554057504 TRANSACTION 81 43 15
UPDATE 1554057504 TRANSACTION f4bfbcb1704d3f3e7b3aa8f614357f1f
SEND 1554057504 TRANSACTION 81 9835 f4bfbcb1704d3f3e7b3aa8f614357f1f
SEND 1554057504 TRANSACTION 81 14511 f4bfbcb1704d3f3e7b3aa8f614357f1f
RECIEVED 1554057504 TRANSACTION 81 43 16
RECIEVED 1554057504 TRANSACTION 81 43 16
RECIEVED 1554057504 TRANSACTION 80 43 16
UPDATE 1554057504 TRANSACTION 391ca84f885cb59ff5facddac52de350
RECIEVED 1554057504 TRANSACTION 80 43 17
UPDATE 1554057504 TRANSACTION e4fb0ee8f635e297a5ee63345d21e61b
SEND 1554057504 TRANSACTION 80 9987 e4fb0ee8f635e297a5ee63345d21e61b
RECIEVED 1554057504 TRANSACTION 80 43 18
UPDATE 1554057504 TRANSACTION 881a2acc50ab5df512756505c6a5aa45
SEND 1554057504 TRANSACTION 80 7951 881a2acc50ab5df512756505c6a5aa45
SEND 1554057504 TRANSACTION 80 10641 881a2acc50ab5df512756505c6a5aa45
SEND 1554057504 TRANSACTION 80 14974 881a2acc50ab5df512756505c6a5aa45
RECIEVED 1554057504 TRANSACTION 81 43 19
UPDATE 1554057504 TRANSACTION 95883ad8549e707f53d4f475d59ae545
SEND 1554057504 TRANSACTION 81 9298 95883ad8549e707f53d4f475d59ae545
SEND 1554057504 TRANSACTION 81 31189 95883ad8549e707f53d4f475d59ae545
SEND 1554057505 TRANSACTION 81 13712 95883ad8549e707f53d4f475d59ae545
RECIEVED 1554057505 TRANSACTION 81 43 20
UPDATE 1554057505 TRANSACTION 1a21284a37aa4414a3b8f19e5fe2560b
SEND 1554057505 TRANSACTION 81 15828 1a21284a37aa4414a3b8f19e5fe2560b
RECIEVED 1554057505 TRANSACTION 81 43 21
RECIEVED 1554057505 TRANSACTION 80 43 21
UPDATE 1554057505 TRANSACTION dbb2f4ee60cced1466a57a13e847ebb1
SEND 1554057505 TRANSACTION 80 10058 dbb2f4ee60cced1466a57a13e847ebb1
SEND 1554057505 TRANSACTION 80 24879 dbb2f4ee60cced1466a57a13e847ebb1
SEND 1554057505 TRANSACTION 80 14755 dbb2f4ee60cced1466a57a13e847ebb1
RECIEVED 1554057505 TRANSACTION 80 43 22
RECIEVED 1554057505 TRANSACTION 81 43 22
UPDATE 1554057505 TRANSACTION 69edfe5bae7ca3afc8c731d6785e8ecc
RECIEVED 1554057505 TRANSACTION 81 43 23
UPDATE 1554057505 TRANSACTION f320fb1df28a9bee259f10a64af64c22
SEND 1554057505 TRANSACTION 81 14056 f320fb1df28a9bee259f10a64af64c22
RECIEVED 1554057505 TRANSACTION 81 43 24
UPDATE 1554057505 TRANSACTION e93e974fe6a8aaf1777e3ed83dcb7486
SEND 1554057505 TRANSACTION 81 9140 e93e974fe6a8aaf1777e3ed83dcb7486
RECIEVED 1554057505 TRANSACTION 81 43 25
UPDATE 1554057505 TRANSACTION 412310049f4fceeb509adbc18a672b11
SEND 1554057505 TRANSACTION 81 19025 412310049f4fceeb509adbc18a672b11
RECIEVED 1554057505 TRANSACTION 81 43 26
RECIEVED 1554057505 TRANSACTION 81 43 26
RECIEVED 1554057505 TRANSACTION 81 43 26
RECIEVED 1554057505 TRANSACTION 82 43 26
UPDATE 1554057505 TRANSACTION 05993c8fcb9b0ae1c0585552dcdab447
RECIEVED 1554057505 TRANSACTION 81 43 27
UPDATE 1554057505 TRANSACTION 40d43bde64db2947812a8dcb62880352
SEND 1554057505 TRANSACTION 81 13812 40d43bde64db2947812a8dcb62880352
SEND 1554057505 TRANSACTION 81 11034 40d43bde64db2947812a8dcb62880352
RECIEVED 1554057505 TRANSACTION 82 43 28
RECIEVED 1554057505 TRANSACTION 81 43 28
RECIEVED 1554057505 TRANSACTION 82 43 28
RECIEVED 1554057505 TRANSACTION 81 43 28
RECIEVED 1554057505 TRANSACTION 80 43 28
UPDATE 1554057505 TRANSACTION 88b49bfa98c15749ca395df6089b8f9c
SEND 1554057505 TRANSACTION 80 8685 88b49bfa98c15749ca395df6089b8f9c
RECIEVED 1554057505 TRANSACTION 81 43 29
UPDATE 1554057505 TRANSACTION ff12bc75dfe9df0f3777e60fb61c45e3
SEND 1554057505 TRANSACTION 81 10104 ff12bc75dfe9df0f3777e60fb61c45e3
SEND 1554057505 TRANSACTION 81 15050 ff12bc75dfe9df0f3777e60fb61c45e3
SEND 1554057505 TRANSACTION 81 15269 ff12bc75dfe9df0f3777e60fb61c45e3
RECIEVED 1554057505 TRANSACTION 81 43 30
RECIEVED 1554057505 TRANSACTION 81 43 30
UPDATE 1554057505 TRANSACTION d471132e4f4a09994bce286e5297d851
SEND 1554057505 TRANSACTION 81 24046 d471132e4f4a09994bce286e5297d851
SEND 1554057505 TRANSACTION 81 19820 d471132e4f4a09994bce286e5297d851
RECIEVED 1554057505 TRANSACTION 82 43 31
UPDATE 1554057505 TRANSACTION f2a4bb4fe0ace0a04197649102b56d5e
RECIEVED 1554057506 TRANSACTION 81 43 32
UPDATE 1554057506 TRANSACTION 7c90e02c485e04280ee936c0c5293582
SEND 1554057506 TRANSACTION 81 15009 7c90e02c485e04280ee936c0c5293582
SEND 1554057506 TRANSACTION 81 14867 7c90e02c485e04280ee936c0c5293582
RECIEVED 1554057506 TRANSACTION 81 43 33
RECIEVED 1554057506 TRANSACTION 81 43 33
UPDATE 1554057506 TRANSACTION 613be97b88c653fe2dc7426da8f45d48
SEND 1554057506 TRANSACTION 81 32955 613be97b88c653fe2dc7426da8f45d48
RECIEVED 1554057506 TRANSACTION 81 43 34
UPDATE 1554057506 TRANSACTION b0939888da47f2eee4ccf7db93cbc5ab
SEND 1554057506 TRANSACTION 81 30261 b0939888da47f2eee4ccf7db93cbc5ab
RECIEVED 1554057506 TRANSACTION 81 43 35
UPDATE 1554057506 TRANSACTION bfc9e57592399980c7d3520c451a4512
RECIEVED 1554057506 TRANSACTION 81 43 36
UPDATE 1554057506 TRANSACTION 2fd4e41a163edd667f7ff16be11a0f24
SEND 1554057506 TRANSACTION 81 15289 2fd4e41a163edd667f7ff16be11a0f24
RECIEVED 1554057506 TRANSACTION 81 43 37
UPDATE 1554057506 TRANSACTION 9bcd950f2564df94992c637267198e16
RECIEVED 1554057506 TRANSACTION 81 43 38
UPDATE 1554057506 TRANSACTION 587545ac866958a344131a93c31a6a72
SEND 1554057506 TRANSACTION 81 10640 587545ac866958a344131a93c31a6a72
SEND 1554057506 TRANSACTION 81 10386 587545ac866958a344131a93c31a6a72
RECIEVED 1554057506 TRANSACTION 81 43 39
RECIEVED 1554057506 TRANSACTION 80 43 39
UPDATE 1554057506 TRANSACTION 28c2f6580b4c810308dfbc3f69bf7158
SEND 1554057506 TRANSACTION 80 11673 28c2f6580b4c810308dfbc3f69bf7158
SEND 1554057506 TRANSACTION 80 17712 28c2f6580b4c810308dfbc3f69bf7158
SEND 1554057506 TRANSACTION 80 22981 28c2f6580b4c810308dfbc3f69bf7158
RECIEVED 1554057506 TRANSACTION 80 43 40
RECIEVED 1554057506 TRANSACTION 81 43 40
RECIEVED 1554057506 TRANSACTION 81 43 40
RECIEVED 1554057506 TRANSACTION 80 43 40
RECIEVED 1554057506 TRANSACTION 81 43 40
UPDATE 1554057506 TRANSACTION 91764f8a75c3b9e98febeb4e171d09fa
RECIEVED 1554057506 TRANSACTION 81 43 41
RECIEVED 1554057506 TRANSACTION 81 43 41
UPDATE 1554057506 TRANSACTION 7413f626943386d8b85f679bfd44865a
SEND 1554057506 TRANSACTION 81 9695 7413f626943386d8b85f679bfd44865a
RECIEVED 1554057506 TRANSACTION 81 43 42
RECIEVED 1554057506 TRANSACTION 81 43 42
UPDATE 1554057506 TRANSACTION 116b887d84dd69c17cd96f36b35019cc
SEND 1554057506 TRANSACTION 81 18298 116b887d84dd69c17cd96f36b35019cc
RECIEVED 1554057506 TRANSACTION 81 43 43
RECIEVED 1554057507 TRANSACTION 81 43 43
UPDATE 1554057507 TRANSACTION 7e4d5fc0e4dc533e928652a1beb0cf17
SEND 1554057507 TRANSACTION 81 14535 7e4d5fc0e4dc533e928652a1beb0cf17
RECIEVED 1554057507 TRANSACTION 81 43 44
UPDATE 1554057507 TRANSACTION a241451f30edc28334d583f38fe558e2
SEND 1554057507 TRANSACTION 81 14568 a241451f30edc28334d583f38fe558e2
SEND 1554057507 TRANSACTION 81 9781 a241451f30edc28334d583f38fe558e2
RECIEVED 1554057507 TRANSACTION 81 43 45
RECIEVED 1554057507 TRANSACTION 81 43 45
RECIEVED 1554057507 TRANSACTION 81 43 45
UPDATE 1554057507 TRANSACTION 29ff8418a5928d9d851acd43962bac75
SEND 1554057507 TRANSACTION 81 13565 29ff8418a5928d9d851acd43962bac75
SEND 1554057507 TRANSACTION 81 16963 29ff8418a5928d9d851acd43962bac75
RECIEVED 1554057507 TRANSACTION 81 43 46
UPDATE 1554057507 TRANSACTION 68c9a45dc2edd966a146ba151088dc01
SEND 1554057507 TRANSACTION 81 10061 68c9a45dc2edd966a146ba151088dc01
SEND 1554057507 TRANSACTION 81 12062 68c9a45dc2edd966a146ba151088dc01
RECIEVED 1554057507 TRANSACTION 80 43 47
UPDATE 1554057507 TRANSACTION 11ce92763257a74377a3decc9226f0b7
RECIEVED 1554057507 TRANSACTION 80 43 48
UPDATE 1554057507 TRANSACTION c2550b2cdf09288630ebfa77c8ac0972
SEND 1554057507 TRANSACTION 80 12369 c2550b2cdf09288630ebfa77c8ac0972
RECIEVED 1554057507 TRANSACTION 81 43 49
UPDATE 1554057507 TRANSACTION e0c685b72bacf8e65b4a9640abbdd161
SEND 1554057507 TRANSACTION 81 13803 e0c685b72bacf8e65b4a9640abbdd161
SEND 1554057507 TRANSACTION 81 41952 e0c685b72bacf8e65b4a9640abbdd161
RECIEVED 1554057507 TRANSACTION 80 43 50
UPDATE 1554057507 TRANSACTION 2546ec618e0de3b1f7c269c13a1f65fd
SEND 1554057507 TRANSACTION 80 22073 2546ec618e0de3b1f7c269c13a1f65fd
SEND 1554057507 TRANSACTION 80 11319 2546ec618e0de3b1f7c269c13a1f65fd
RECIEVED 1554057507 TRANSACTION 81 43 51
UPDATE 1554057507 TRANSACTION a12921c8dea6aaac720a42e0f56e452d
RECIEVED 1554057507 TRANSACTION 81 43 52
UPDATE 1554057507 TRANSACTION d608f81f89bbbfc6bd49b2334addfc1c
SEND 1554057507 TRANSACTION 81 9575 d608f81f89bbbfc6bd49b2334addfc1c
SEND 1554057507 TRANSACTION 81 15279 d608f81f89bbbfc6bd49b2334addfc1c
SEND 1554057507 TRANSACTION 81 10626 d608f81f89bbbfc6bd49b2334addfc1c
RECIEVED 1554057507 TRANSACTION 81 43 53
RECIEVED 1554057507 TRANSACTION 81 43 53
RECIEVED 1554057507 TRANSACTION 81 43 53
UPDATE 1554057507 TRANSACTION 44f2656f2ed6d9438ee55eddd7c1e665
RECIEVED 1554057507 TRANSACTION 81 43 54
RECIEVED 1554057508 TRANSACTION 81 43 54
UPDATE 1554057508 TRANSACTION 106b948ff25238c9d763ba2ea7f529e9
SEND 1554057508 TRANSACTION 81 10480 106b948ff25238c9d763ba2ea7f529e9
SEND 1554057508 TRANSACTION 81 15535 106b948ff25238c9d763ba2ea7f529e9
SEND 1554057508 TRANSACTION 81 16486 106b948ff25238c9d763ba2ea7f529e9
SEND 1554057508 TRANSACTION 81 12192 106b948ff25238c9d763ba2ea7f529e9
RECIEVED 1554057508 TRANSACTION 80 43 55
UPDATE 1554057508 TRANSACTION 43b8b39b3027f56f17e92fe343d9746a
SEND 1554057508 TRANSACTION 80 9683 43b8b39b3027f56f17e92fe343d9746a
RECIEVED 1554057508 TRANSACTION 81 43 56
UPDATE 1554057508 TRANSACTION b5ba6ab3eb4361659505f50822f71c11
SEND 1554057508 TRANSACTION 81 13464 b5ba6ab3eb4361659505f50822f71c11
RECIEVED 1554057508 TRANSACTION 80 43 57
UPDATE 1554057508 TRANSACTION 3bf707668a0c7d9a8383b7d4457e92b3
SEND 1554057508 TRANSACTION 80 15602 3bf707668a0c7d9a8383b7d4457e92b3
SEND 1554057508 TRANSACTION 80 11472 3bf707668a0c7d9a8383b7d4457e92b3
RECIEVED 1554057508 TRANSACTION 80 43 58
RECIEVED 1554057508 TRANSACTION 80 43 58
UPDATE 1554057508 TRANSACTION 796eebcf7dd5767eefa9978ded2addbc
SEND 1554057508 TRANSACTION 80 12548 796eebcf7dd5767eefa9978ded2addbc
SEND 1554057508 TRANSACTION 80 14510 796eebcf7dd5767eefa9978ded2addbc
RECIEVED 1554057508 TRANSACTION 80 43 59
RECIEVED 1554057508 TRANSACTION 81 43 59
UPDATE 1554057508 TRANSACTION 5301898091cf48f1f214c9b55c6c3ae7
RECIEVED 1554057508 TRANSACTION 81 43 60
RECIEVED 1554057508 TRANSACTION 82 43 60
UPDATE 1554057508 TRANSACTION a85298b2c1b2d30802375c19f9ccfc8f
SEND 1554057508 TRANSACTION 82 15583 a85298b2c1b2d30802375c19f9ccfc8f
RECIEVED 1554057508 TRANSACTION 82 43 61
UPDATE 1554057508 TRANSACTION 74a55a4c3ed7d9a543f3e8ccd4ca5c3c
RECIEVED 1554057508 TRANSACTION 82 43 62
RECIEVED 1554057508 TRANSACTION 80 43 62
UPDATE 1554057508 TRANSACTION 40c1ff39b63b519cb8dbf2d516fc0487
SEND 1554057508 TRANSACTION 80 26698 40c1ff39b63b519cb8dbf2d516fc0487
RECIEVED 1554057508 TRANSACTION 80 43 63
RECIEVED 1554057508 TRANSACTION 81 43 63
UPDATE 1554057508 TRANSACTION acb3ae5d88246c42c232fbebc4c4afaa
RECIEVED 1554057508 TRANSACTION 81 43 64
RECIEVED 1554057509 TRANSACTION 79 43 64
UPDATE 1554057509 TRANSACTION 28074a14b8dee088c37108012c16f453
SEND 1554057509 TRANSACTION 79 14872 28074a14b8dee088c37108012c16f453
SEND 1554057509 TRANSACTION 79 15611 28074a14b8dee088c37108012c16f453
RECIEVED 1554057509 TRANSACTION 81 43 65
UPDATE 1554057509 TRANSACTION 33191499971f3315926757c6b5acce3e
SEND 1554057509 TRANSACTION 81 21978 33191499971f3315926757c6b5acce3e
SEND 1554057509 TRANSACTION 81 14925 33191499971f3315926757c6b5acce3e
RECIEVED 1554057509 TRANSACTION 81 43 66
RECIEVED 1554057509 TRANSACTION 80 43 66
UPDATE 1554057509 TRANSACTION ddfc55698788e513432e66d25d4a216e
SEND 1554057509 TRANSACTION 80 13748 ddfc55698788e513432e66d25d4a216e
SEND 1554057509 TRANSACTION 80 28982 ddfc55698788e513432e66d25d4a216e
SEND 1554057509 TRANSACTION 80 27170 ddfc55698788e513432e66d25d4a216e
RECIEVED 1554057509 TRANSACTION 81 43 67
UPDATE 1554057509 TRANSACTION ef789a2be17214ce0e57c5c24e23937a
SEND 1554057509 TRANSACTION 81 14801 ef789a2be17214ce0e57c5c24e23937a
SEND 1554057509 TRANSACTION 81 15194 ef789a2be17214ce0e57c5c24e23937a
RECIEVED 1554057509 TRANSACTION 81 43 68
UPDATE 1554057509 TRANSACTION b344dc36cdfec908cc735072a4ba0bd3
SEND 1554057509 TRANSACTION 81 17629 b344dc36cdfec908cc735072a4ba0bd3
RECIEVED 1554057509 TRANSACTION 81 43 69
RECIEVED 1554057509 TRANSACTION 81 43 69
RECIEVED 1554057509 TRANSACTION 81 43 69
UPDATE 1554057509 TRANSACTION b2548b7776c9690dc46deef8de69df22
SEND 1554057509 TRANSACTION 81 14329 b2548b7776c9690dc46deef8de69df22
SEND 1554057509 TRANSACTION 81 17149 b2548b7776c9690dc46deef8de69df22
RECIEVED 1554057509 TRANSACTION 81 43 70
UPDATE 1554057509 TRANSACTION 5457bfc550af06ec8416097a0c312b06
SEND 1554057509 TRANSACTION 81 23026 5457bfc550af06ec8416097a0c312b06
RECIEVED 1554057509 TRANSACTION 81 43 71
UPDATE 1554057509 TRANSACTION 4b2e68a7147d4374371ce36ae16d61c2
SEND 1554057509 TRANSACTION 81 15186 4b2e68a7147d4374371ce36ae16d61c2
RECIEVED 1554057509 TRANSACTION 80 43 72
UPDATE 1554057509 TRANSACTION 06f2255ea0a40aa9dbadfe5f82915344
SEND 1554057509 TRANSACTION 80 14899 06f2255ea0a40aa9dbadfe5f82915344
SEND 1554057509 TRANSACTION 80 15726 06f2255ea0a40aa9dbadfe5f82915344
SEND 1554057509 TRANSACTION 80 26980 06f2255ea0a40aa9dbadfe5f82915344
RECIEVED 1554057509 TRANSACTION 81 43 73
UPDATE 1554057509 TRANSACTION 6e852646f6b0742ecfaa2f537e1ea252
RECIEVED 1554057509 TRANSACTION 81 43 74
RECIEVED 1554057509 TRANSACTION 81 43 74
UPDATE 1554057509 TRANSACTION 1a23029866b7f935d44a99a54bcf1c65
SEND 1554057509 TRANSACTION 81 10993 1a23029866b7f935d44a99a54bcf1c65
RECIEVED 1554057509 TRANSACTION 81 43 75
RECIEVED 1554057509 TRANSACTION 81 43 75
UPDATE 1554057509 TRANSACTION 2bb63c63b7c0503a397ef40fde5e2ad5
SEND 1554057509 TRANSACTION 81 15388 2bb63c63b7c0503a397ef40fde5e2ad5
RECIEVED 1554057510 TRANSACTION 81 43 76
UPDATE 1554057510 TRANSACTION 70b60534c0897b45eb85279b0cee4903
SEND 1554057510 TRANSACTION 81 15002 70b60534c0897b45eb85279b0cee4903
RECIEVED 1554057510 TRANSACTION 80 43 77
UPDATE 1554057510 TRANSACTION 10fb4c916e3f42b2e399ae1dca79ce6b
SEND 1554057510 TRANSACTION 80 15358 10fb4c916e3f42b2e399ae1dca79ce6b
SEND 1554057510 TRANSACTION 80 17670 10fb4c916e3f42b2e399ae1dca79ce6b
RECIEVED 1554057510 TRANSACTION 80 43 78
UPDATE 1554057510 TRANSACTION 6e15fb13d8509f2804443ee501504d48
SEND 1554057510 TRANSACTION 80 10603 6e15fb13d8509f2804443ee501504d48
SEND 1554057510 TRANSACTION 80 11033 6e15fb13d8509f2804443ee501504d48
RECIEVED 1554057510 TRANSACTION 80 43 79
UPDATE 1554057510 TRANSACTION 5b909a4d0f3c5fe6c4ec517b40594a21
SEND 1554057510 TRANSACTION 80 10395 5b909a4d0f3c5fe6c4ec517b40594a21
RECIEVED 1554057510 TRANSACTION 79 43 80
UPDATE 1554057510 TRANSACTION e0d28b431475624d085b50b94554cd09
SEND 1554057510 TRANSACTION 79 10530 e0d28b431475624d085b50b94554cd09
SEND 1554057510 TRANSACTION 79 11960 e0d28b431475624d085b50b94554cd09
RECIEVED 1554057510 TRANSACTION 80 43 81
RECIEVED 1554057510 TRANSACTION 81 43 81
UPDATE 1554057510 TRANSACTION 186fffe29b52462f2bbf0ba81b32991f
# recieved string JOIN node69 172.22.156.207 8069

RECIEVED 1554057510 JOIN 32 43 82
SEND 1554057510 INTRODUCE 37 11607
SEND 1554057510 INTRODUCE 37 24809
SEND 1554057510 INTRODUCE 35 18374
SEND 1554057510 INTRODUCE 36 15623
SEND 1554057510 INTRODUCE 36 14143
SEND 1554057510 INTRODUCE 37 15325
SEND 1554057510 INTRODUCE 36 16311
SEND 1554057510 INTRODUCE 36 20109
SEND 1554057510 INTRODUCE 36 15411
SEND 1554057510 INTRODUCE 37 22124
SEND 1554057510 INTRODUCE 36 32352
SEND 1554057510 INTRODUCE 36 10406
SEND 1554057510 INTRODUCE 35 21529
SEND 1554057510 INTRODUCE 37 9614
SEND 1554057510 INTRODUCE 36 14906
SEND 1554057510 INTRODUCE 37 41920
SEND 1554057510 INTRODUCE 37 20486
SEND 1554057510 INTRODUCE 37 10940
SEND 1554057510 INTRODUCE 36 15423
SEND 1554057510 INTRODUCE 36 15248
SEND 1554057510 INTRODUCE 35 9243
SEND 1554057510 INTRODUCE 36 10911
SEND 1554057510 INTRODUCE 36 10987
SEND 1554057510 INTRODUCE 35 16126
SEND 1554057510 INTRODUCE 37 16699
SEND 1554057510 INTRODUCE 35 12119
SEND 1554057510 INTRODUCE 36 15391
SEND 1554057510 INTRODUCE 35 10696
SEND 1554057510 INTRODUCE 36 11248
SEND 1554057510 INTRODUCE 36 16211
SEND 1554057510 INTRODUCE 37 15200
SEND 1554057510 INTRODUCE 37 18974
SEND 1554057510 INTRODUCE 35 42195
SEND 1554057510 INTRODUCE 37 10359
SEND 1554057510 INTRODUCE 35 18837
SEND 1554057510 INTRODUCE 37 20203
SEND 1554057510 INTRODUCE 37 10522
SEND 1554057510 INTRODUCE 37 10111
SEND 1554057510 INTRODUCE 36 10910
SEND 1554057510 INTRODUCE 37 14810
SEND 1554057510 INTRODUCE 37 14109
SEND 1554057510 INTRODUCE 36 13093
SEND 1554057510 INTRODUCE 37 9780
RECIEVED 1554057510 TRANSACTION 79 44 82
UPDATE 1554057510 TRANSACTION 34706b86e7e4e8e8f2124a64909e5d4f
RECIEVED 1554057510 INTRODUCE 37 44 83
RECIEVED 1554057510 INTRODUCE 37 45 83
RECIEVED 1554057510 INTRODUCE 37 46 83
RECIEVED 1554057510 TRANSACTION 81 46 83
UPDATE 1554057510 TRANSACTION c9b469ae0ee937c4365d5ce227cbcb94
RECIEVED 1554057510 TRANSACTION 80 46 84
UPDATE 1554057510 TRANSACTION 82e87cf722238bc5b86bba49c9f586e1
SEND 1554057510 TRANSACTION 80 11639 82e87cf722238bc5b86bba49c9f586e1
RECIEVED 1554057510 TRANSACTION 80 46 85
RECIEVED 1554057510 TRANSACTION 80 46 85
RECIEVED 1554057510 TRANSACTION 80 46 85
RECIEVED 1554057510 TRANSACTION 80 46 85
UPDATE 1554057510 TRANSACTION baac9bcd6f2a503d9748e71984b276c3
SEND 1554057510 TRANSACTION 80 8962 baac9bcd6f2a503d9748e71984b276c3
RECIEVED 1554057510 TRANSACTION 81 46 86
UPDATE 1554057510 TRANSACTION 6ed77468847db9917035d4a143779bf8
SEND 1554057510 TRANSACTION 81 14846 6ed77468847db9917035d4a143779bf8
SEND 1554057510 TRANSACTION 81 10248 6ed77468847db9917035d4a143779bf8
RECIEVED 1554057510 TRANSACTION 81 46 87
UPDATE 1554057510 TRANSACTION b19a0c1ac4ab2f2ddcfc212df4de7713
SEND 1554057510 TRANSACTION 81 17063 b19a0c1ac4ab2f2ddcfc212df4de7713
SEND 1554057510 TRANSACTION 81 17655 b19a0c1ac4ab2f2ddcfc212df4de7713
RECIEVED 1554057510 TRANSACTION 81 46 88
RECIEVED 1554057510 TRANSACTION 81 46 88
RECIEVED 1554057510 TRANSACTION 81 46 88
UPDATE 1554057510 TRANSACTION 082bb1f7e448f19505bcf817c7951e9a
SEND 1554057510 TRANSACTION 81 33284 082bb1f7e448f19505bcf817c7951e9a
RECIEVED 1554057510 TRANSACTION 81 46 89
RECIEVED 1554057510 TRANSACTION 82 46 89
UPDATE 1554057510 TRANSACTION 1cdb5a01effca886f83cb7cc93cc5fd5
SEND 1554057510 TRANSACTION 82 11353 1cdb5a01effca886f83cb7cc93cc5fd5
RECIEVED 1554057511 HB 3 46 90
RECIEVED 1554057511 TRANSACTION 82 46 90
UPDATE 1554057511 TRANSACTION cfdcb2b9c6e557aca07bb0a623e74740
SEND 1554057511 TRANSACTION 82 43943 cfdcb2b9c6e557aca07bb0a623e74740
RECIEVED 1554057511 TRANSACTION 81 46 91
UPDATE 1554057511 TRANSACTION a2571f850d17c3d9eea812905ea869c6
SEND 1554057511 TRANSACTION 81 11023 a2571f850d17c3d9eea812905ea869c6
RECIEVED 1554057511 TRANSACTION 82 46 92
UPDATE 1554057511 TRANSACTION 854e8d7be0a46fa3e73d46f37951b8fd
RECIEVED 1554057511 TRANSACTION 82 46 93
RECIEVED 1554057511 TRANSACTION 81 46 93
UPDATE 1554057511 TRANSACTION 18577ff9932621328012fa198f980933
SEND 1554057511 TRANSACTION 81 11588 18577ff9932621328012fa198f980933
SEND 1554057511 TRANSACTION 81 12545 18577ff9932621328012fa198f980933
RECIEVED 1554057511 TRANSACTION 81 46 94
UPDATE 1554057511 TRANSACTION 495aff65e78f6c69ade53b2fd59c9aee
SEND 1554057511 TRANSACTION 81 15112 495aff65e78f6c69ade53b2fd59c9aee
SEND 1554057511 TRANSACTION 81 9409 495aff65e78f6c69ade53b2fd59c9aee
SEND 1554057511 TRANSACTION 81 10072 495aff65e78f6c69ade53b2fd59c9aee
SEND 1554057511 TRANSACTION 81 9590 495aff65e78f6c69ade53b2fd59c9aee
RECIEVED 1554057511 TRANSACTION 81 46 95
RECIEVED 1554057511 TRANSACTION 81 46 95
UPDATE 1554057511 TRANSACTION 1a1c41141930d3debb94f10042130a1a
SEND 1554057511 TRANSACTION 81 13307 1a1c41141930d3debb94f10042130a1a
RECIEVED 1554057511 TRANSACTION 81 46 96
RECIEVED 1554057511 TRANSACTION 81 46 96
RECIEVED 1554057511 TRANSACTION 81 46 96
UPDATE 1554057511 TRANSACTION b8d336ca645c461a13b6cda5d0ec18c7
SEND 1554057511 TRANSACTION 81 38473 b8d336ca645c461a13b6cda5d0ec18c7
SEND 1554057511 TRANSACTION 81 16106 b8d336ca645c461a13b6cda5d0ec18c7
SEND 1554057511 TRANSACTION 81 10607 b8d336ca645c461a13b6cda5d0ec18c7
RECIEVED 1554057511 TRANSACTION 81 46 97
RECIEVED 1554057511 TRANSACTION 81 46 97
UPDATE 1554057511 TRANSACTION 5e420dbd3144aab78185eba8eb4d6832
SEND 1554057511 TRANSACTION 81 15105 5e420dbd3144aab78185eba8eb4d6832
SEND 1554057511 TRANSACTION 81 29520 5e420dbd3144aab78185eba8eb4d6832
RECIEVED 1554057511 TRANSACTION 81 46 98
RECIEVED 1554057511 TRANSACTION 81 46 98
UPDATE 1554057511 TRANSACTION d83364de39247f6627543fb99543cc3a
SEND 1554057511 TRANSACTION 81 15125 d83364de39247f6627543fb99543cc3a
RECIEVED 1554057511 TRANSACTION 82 46 99
UPDATE 1554057511 TRANSACTION 8cb430c978449241a7dae2dbe3e9d28d
SEND 1554057511 TRANSACTION 82 8965 8cb430c978449241a7dae2dbe3e9d28d
RECIEVED 1554057511 TRANSACTION 81 46 100
UPDATE 1554057511 TRANSACTION 23a1553be98a86ac947ba85945316b6a
SEND 1554057511 TRANSACTION 81 16391 23a1553be98a86ac947ba85945316b6a
RECIEVED 1554057511 TRANSACTION 81 46 101
RECIEVED 1554057511 TRANSACTION 80 46 101
UPDATE 1554057511 TRANSACTION 80700776c597fc9aa44a0f4f92515e1a
SEND 1554057511 TRANSACTION 80 16740 80700776c597fc9aa44a0f4f92515e1a
SEND 1554057511 TRANSACTION 80 12551 80700776c597fc9aa44a0f4f92515e1a
RECIEVED 1554057511 TRANSACTION 78 46 102
UPDATE 1554057511 TRANSACTION 9562e145e521b8741c377c63e58e4525
RECIEVED 1554057511 TRANSACTION 80 46 103
UPDATE 1554057511 TRANSACTION ba3fdf35fe73441e2864176654c25f6d
RECIEVED 1554057511 TRANSACTION 80 46 104
RECIEVED 1554057511 TRANSACTION 80 46 104
RECIEVED 1554057511 TRANSACTION 80 46 104
UPDATE 1554057511 TRANSACTION 982af8234d5aab5159495191b91ab2f2
SEND 1554057511 TRANSACTION 80 10339 982af8234d5aab5159495191b91ab2f2
SEND 1554057511 TRANSACTION 80 15590 982af8234d5aab5159495191b91ab2f2
SEND 1554057511 TRANSACTION 80 9507 982af8234d5aab5159495191b91ab2f2
RECIEVED 1554057511 TRANSACTION 80 46 105
RECIEVED 1554057511 TRANSACTION 80 46 105
RECIEVED 1554057511 TRANSACTION 80 46 105
RECIEVED 1554057511 TRANSACTION 80 46 105
UPDATE 1554057511 TRANSACTION 354bbc1d29fbf46f80f1f0c5ee8a196c
SEND 1554057511 TRANSACTION 80 14831 354bbc1d29fbf46f80f1f0c5ee8a196c
SEND 1554057511 TRANSACTION 80 12052 354bbc1d29fbf46f80f1f0c5ee8a196c
RECIEVED 1554057511 TRANSACTION 80 46 106
UPDATE 1554057511 TRANSACTION dbc15bbff4ec7f02016a5ef19cfef948
SEND 1554057511 TRANSACTION 80 10189 dbc15bbff4ec7f02016a5ef19cfef948
SEND 1554057511 TRANSACTION 80 17022 dbc15bbff4ec7f02016a5ef19cfef948
RECIEVED 1554057512 TRANSACTION 80 46 107
UPDATE 1554057512 TRANSACTION 97e60a24a61733fd873d7a1d89478597
SEND 1554057512 TRANSACTION 80 9200 97e60a24a61733fd873d7a1d89478597
SEND 1554057512 TRANSACTION 80 16023 97e60a24a61733fd873d7a1d89478597
SEND 1554057512 TRANSACTION 80 12258 97e60a24a61733fd873d7a1d89478597
SEND 1554057512 TRANSACTION 80 20699 97e60a24a61733fd873d7a1d89478597
RECIEVED 1554057512 TRANSACTION 80 46 108
RECIEVED 1554057512 TRANSACTION 82 46 108
UPDATE 1554057512 TRANSACTION dd12008cbf8363d5e1212d2f76caa1f7
SEND 1554057512 TRANSACTION 82 35751 dd12008cbf8363d5e1212d2f76caa1f7
RECIEVED 1554057512 TRANSACTION 81 46 109
UPDATE 1554057512 TRANSACTION d786b1035b78ba1182ba169de3398ff1
SEND 1554057512 TRANSACTION 81 10923 d786b1035b78ba1182ba169de3398ff1
SEND 1554057512 TRANSACTION 81 14745 d786b1035b78ba1182ba169de3398ff1
SEND 1554057512 TRANSACTION 81 13078 d786b1035b78ba1182ba169de3398ff1
RECIEVED 1554057512 TRANSACTION 81 46 110
UPDATE 1554057512 TRANSACTION e18423d9ef91e96e0a4cb47f1b9452d1
SEND 1554057512 TRANSACTION 81 10910 e18423d9ef91e96e0a4cb47f1b9452d1
SEND 1554057512 TRANSACTION 81 15420 e18423d9ef91e96e0a4cb47f1b9452d1
RECIEVED 1554057512 TRANSACTION 81 46 111
UPDATE 1554057512 TRANSACTION 263091a14ff7b8a38d1f707799dd4007
SEND 1554057512 TRANSACTION 81 11364 263091a14ff7b8a38d1f707799dd4007
SEND 1554057512 TRANSACTION 81 19129 263091a14ff7b8a38d1f707799dd4007
SEND 1554057512 TRANSACTION 81 16891 263091a14ff7b8a38d1f707799dd4007
RECIEVED 1554057512 TRANSACTION 81 46 112
RECIEVED 1554057512 TRANSACTION 81 46 112
RECIEVED 1554057512 TRANSACTION 81 46 112
UPDATE 1554057512 TRANSACTION 892bbadf72fbf05021c54c16f8a2cdff
SEND 1554057512 TRANSACTION 81 9456 892bbadf72fbf05021c54c16f8a2cdff
SEND 1554057512 TRANSACTION 81 16505 892bbadf72fbf05021c54c16f8a2cdff
RECIEVED 1554057512 TRANSACTION 81 46 113
UPDATE 1554057512 TRANSACTION ebe2d7a64e741a82b86a3ca62e226149
RECIEVED 1554057512 TRANSACTION 81 46 114
UPDATE 1554057512 TRANSACTION 7b04f8b66e203ac3849e78ed5b956b94
SEND 1554057512 TRANSACTION 81 23765 7b04f8b66e203ac3849e78ed5b956b94
RECIEVED 1554057512 TRANSACTION 81 46 115
UPDATE 1554057512 TRANSACTION 7310390b7891d6ed88d7dd3d4d1e799b
SEND 1554057512 TRANSACTION 81 10959 7310390b7891d6ed88d7dd3d4d1e799b
SEND 1554057512 TRANSACTION 81 14289 7310390b7891d6ed88d7dd3d4d1e799b
SEND 1554057512 TRANSACTION 81 16728 7310390b7891d6ed88d7dd3d4d1e799b
RECIEVED 1554057512 TRANSACTION 81 46 116
RECIEVED 1554057512 TRANSACTION 81 46 116
UPDATE 1554057512 TRANSACTION 68765a5dcb8ba2774b5fdddfc46f806e
SEND 1554057512 TRANSACTION 81 12835 68765a5dcb8ba2774b5fdddfc46f806e
RECIEVED 1554057512 TRANSACTION 81 46 117
UPDATE 1554057512 TRANSACTION a106bee7c85a30d7dbfedea3c7735aba
SEND 1554057512 TRANSACTION 81 10905 a106bee7c85a30d7dbfedea3c7735aba
SEND 1554057512 TRANSACTION 81 16276 a106bee7c85a30d7dbfedea3c7735aba
RECIEVED 1554057512 TRANSACTION 81 46 118
UPDATE 1554057512 TRANSACTION 1abcf5d6e0a92f54d1c1cd7fdd2db231
SEND 1554057512 TRANSACTION 81 10855 1abcf5d6e0a92f54d1c1cd7fdd2db231
SEND 1554057512 TRANSACTION 81 16809 1abcf5d6e0a92f54d1c1cd7fdd2db231
RECIEVED 1554057512 TRANSACTION 79 46 119
UPDATE 1554057512 TRANSACTION eabd77fca2b32f0863fd41f8e96a4547
SEND 1554057512 TRANSACTION 79 19700 eabd77fca2b32f0863fd41f8e96a4547
RECIEVED 1554057512 TRANSACTION 81 46 120
RECIEVED 1554057512 TRANSACTION 81 46 120
RECIEVED 1554057512 TRANSACTION 79 46 120
UPDATE 1554057512 TRANSACTION ae034e2ec5372ed27fd16cb996e2ae55
SEND 1554057512 TRANSACTION 79 14101 ae034e2ec5372ed27fd16cb996e2ae55
SEND 1554057512 TRANSACTION 79 10843 ae034e2ec5372ed27fd16cb996e2ae55
RECIEVED 1554057512 TRANSACTION 81 46 121
UPDATE 1554057512 TRANSACTION 329d2d2e48ba678952fa9d88e5ed138a
SEND 1554057512 TRANSACTION 81 33648 329d2d2e48ba678952fa9d88e5ed138a
SEND 1554057512 TRANSACTION 81 23662 329d2d2e48ba678952fa9d88e5ed138a
RECIEVED 1554057512 TRANSACTION 82 46 122
UPDATE 1554057512 TRANSACTION 8989eaa193bcb3811956cfbfd813babf
SEND 1554057512 TRANSACTION 82 21299 8989eaa193bcb3811956cfbfd813babf
SEND 1554057512 TRANSACTION 82 9644 8989eaa193bcb3811956cfbfd813babf
RECIEVED 1554057512 TRANSACTION 81 46 123
UPDATE 1554057512 TRANSACTION 032feddffd67c737ad7304922cbe9bb2
SEND 1554057512 TRANSACTION 81 29471 032feddffd67c737ad7304922cbe9bb2
SEND 1554057512 TRANSACTION 81 15296 032feddffd67c737ad7304922cbe9bb2
SEND 1554057512 TRANSACTION 81 36900 032feddffd67c737ad7304922cbe9bb2
RECIEVED 1554057512 TRANSACTION 81 46 124
RECIEVED 1554057512 TRANSACTION 81 46 124
RECIEVED 1554057512 TRANSACTION 80 46 124
UPDATE 1554057512 TRANSACTION 4cb54d7cb4df9973b07b74dcce232efa
SEND 1554057512 TRANSACTION 80 14869 4cb54d7cb4df9973b07b74dcce232efa
RECIEVED 1554057512 TRANSACTION 80 46 125
RECIEVED 1554057512 TRANSACTION 81 46 125
UPDATE 1554057512 TRANSACTION d96529a4ed31a094fdeaf233b88b77dc
SEND 1554057512 TRANSACTION 81 38461 d96529a4ed31a094fdeaf233b88b77dc
RECIEVED 1554057512 TRANSACTION 81 46 126
UPDATE 1554057512 TRANSACTION f9d40aaf063eaaa3849283aa9b018845
RECIEVED 1554057512 TRANSACTION 81 46 127
RECIEVED 1554057512 TRANSACTION 80 46 127
RECIEVED 1554057512 TRANSACTION 81 46 127
UPDATE 1554057512 TRANSACTION 198d9dc103c926114431731f99cf6d80
SEND 1554057512 TRANSACTION 81 17280 198d9dc103c926114431731f99cf6d80
SEND 1554057512 TRANSACTION 81 16776 198d9dc103c926114431731f99cf6d80
RECIEVED 1554057512 TRANSACTION 81 46 128
RECIEVED 1554057512 TRANSACTION 81 46 128
UPDATE 1554057512 TRANSACTION 80c31a0a118ac913a9cfa2b396ca1693
RECIEVED 1554057513 TRANSACTION 81 46 129
RECIEVED 1554057513 TRANSACTION 81 46 129
UPDATE 1554057513 TRANSACTION 7b8f2409393311c4d6502877b171ee14
SEND 1554057513 TRANSACTION 81 9067 7b8f2409393311c4d6502877b171ee14
SEND 1554057513 TRANSACTION 81 11493 7b8f2409393311c4d6502877b171ee14
RECIEVED 1554057513 TRANSACTION 81 46 130
RECIEVED 1554057513 TRANSACTION 81 46 130
UPDATE 1554057513 TRANSACTION dc493f311bab37683277e4cfdd3cb05c
SEND 1554057513 TRANSACTION 81 10172 dc493f311bab37683277e4cfdd3cb05c
SEND 1554057513 TRANSACTION 81 12078 dc493f311bab37683277e4cfdd3cb05c
RECIEVED 1554057513 TRANSACTION 81 46 131
UPDATE 1554057513 TRANSACTION 457c2a14f730824710cd83d2e3724266
SEND 1554057513 TRANSACTION 81 14480 457c2a14f730824710cd83d2e3724266
SEND 1554057513 TRANSACTION 81 44450 457c2a14f730824710cd83d2e3724266
RECIEVED 1554057513 TRANSACTION 81 46 132
UPDATE 1554057513 TRANSACTION 5d4680c5ff114f58bd92561708db0bcb
SEND 1554057513 TRANSACTION 81 14819 5d4680c5ff114f58bd92561708db0bcb
SEND 1554057513 TRANSACTION 81 11863 5d4680c5ff114f58bd92561708db0bcb
RECIEVED 1554057513 TRANSACTION 81 46 133
RECIEVED 1554057513 TRANSACTION 81 46 133
UPDATE 1554057513 TRANSACTION 5146fc558679949fa9cb9673b79d8a39
SEND 1554057513 TRANSACTION 81 14988 5146fc558679949fa9cb9673b79d8a39
SEND 1554057513 TRANSACTION 81 17246 5146fc558679949fa9cb9673b79d8a39
SEND 1554057513 TRANSACTION 81 16769 5146fc558679949fa9cb9673b79d8a39
SEND 1554057513 TRANSACTION 81 55393 5146fc558679949fa9cb9673b79d8a39
RECIEVED 1554057513 TRANSACTION 81 46 134
RECIEVED 1554057513 TRANSACTION 81 46 134
UPDATE 1554057513 TRANSACTION 2598ddb26cd7eb0167bdef2b9ca71b25
SEND 1554057513 TRANSACTION 81 30981 2598ddb26cd7eb0167bdef2b9ca71b25
SEND 1554057513 TRANSACTION 81 11321 2598ddb26cd7eb0167bdef2b9ca71b25
SEND 1554057513 TRANSACTION 81 10328 2598ddb26cd7eb0167bdef2b9ca71b25
RECIEVED 1554057513 TRANSACTION 81 46 135
UPDATE 1554057513 TRANSACTION d7618babe791b92ed48c99a8e9bcba4f
SEND 1554057513 TRANSACTION 81 9917 d7618babe791b92ed48c99a8e9bcba4f
SEND 1554057513 TRANSACTION 81 11352 d7618babe791b92ed48c99a8e9bcba4f
SEND 1554057513 TRANSACTION 81 20432 d7618babe791b92ed48c99a8e9bcba4f
RECIEVED 1554057513 TRANSACTION 81 46 136
RECIEVED 1554057513 TRANSACTION 81 46 136
RECIEVED 1554057513 TRANSACTION 79 46 136
UPDATE 1554057513 TRANSACTION fdda0d352143e2e53b18bdf63db1f3ec
RECIEVED 1554057513 TRANSACTION 81 46 137
UPDATE 1554057513 TRANSACTION 5a29713357cf268959cf8e959cbe0ade
SEND 1554057513 TRANSACTION 81 15417 5a29713357cf268959cf8e959cbe0ade
SEND 1554057513 TRANSACTION 81 20921 5a29713357cf268959cf8e959cbe0ade
RECIEVED 1554057513 TRANSACTION 79 46 138
RECIEVED 1554057513 TRANSACTION 81 46 138
RECIEVED 1554057513 TRANSACTION 81 46 138
UPDATE 1554057513 TRANSACTION c849a5cb255887ddd2e6f06d5ae0584d
SEND 1554057513 TRANSACTION 81 11277 c849a5cb255887ddd2e6f06d5ae0584d
SEND 1554057513 TRANSACTION 81 27108 c849a5cb255887ddd2e6f06d5ae0584d
RECIEVED 1554057513 TRANSACTION 81 46 139
RECIEVED 1554057513 TRANSACTION 81 46 139
UPDATE 1554057513 TRANSACTION 4249609a26c5a1ff2c472ee2cd4dc1ec
SEND 1554057513 TRANSACTION 81 9924 4249609a26c5a1ff2c472ee2cd4dc1ec
SEND 1554057513 TRANSACTION 81 11654 4249609a26c5a1ff2c472ee2cd4dc1ec
SEND 1554057513 TRANSACTION 81 11493 4249609a26c5a1ff2c472ee2cd4dc1ec
RECIEVED 1554057513 TRANSACTION 81 46 140
UPDATE 1554057513 TRANSACTION c60fe1fcbda254c0947334ef1f9feebf
SEND 1554057513 TRANSACTION 81 33178 c60fe1fcbda254c0947334ef1f9feebf
RECIEVED 1554057513 TRANSACTION 81 46 141
RECIEVED 1554057513 TRANSACTION 81 46 141
RECIEVED 1554057513 TRANSACTION 81 46 141
UPDATE 1554057513 TRANSACTION 5cac780e91dfb6138133b44fec285a0d
SEND 1554057513 TRANSACTION 81 23720 5cac780e91dfb6138133b44fec285a0d
SEND 1554057513 TRANSACTION 81 15399 5cac780e91dfb6138133b44fec285a0d
RECIEVED 1554057513 TRANSACTION 81 46 142
RECIEVED 1554057513 TRANSACTION 79 46 142
UPDATE 1554057513 TRANSACTION a734b5ea157314d1cb6109cb05d97796
RECIEVED 1554057513 TRANSACTION 81 46 143
UPDATE 1554057513 TRANSACTION 266a461095495ddbd9b798a43817ec10
SEND 1554057513 TRANSACTION 81 17918 266a461095495ddbd9b798a43817ec10
RECIEVED 1554057513 TRANSACTION 81 46 144
UPDATE 1554057513 TRANSACTION 566707adc6602bed9e2e79c90f0b9d68
SEND 1554057513 TRANSACTION 81 10703 566707adc6602bed9e2e79c90f0b9d68
SEND 1554057513 TRANSACTION 81 14580 566707adc6602bed9e2e79c90f0b9d68
RECIEVED 1554057513 TRANSACTION 80 46 145
UPDATE 1554057513 TRANSACTION e497047ce4357948cbb763312831d0c7
SEND 1554057513 TRANSACTION 80 16526 e497047ce4357948cbb763312831d0c7
RECIEVED 1554057513 TRANSACTION 81 46 146
RECIEVED 1554057513 TRANSACTION 80 46 146
RECIEVED 1554057513 TRANSACTION 81 46 146
UPDATE 1554057513 TRANSACTION 4078c9fefc7aee0113e09f684f16c997
SEND 1554057513 TRANSACTION 81 10877 4078c9fefc7aee0113e09f684f16c997
RECIEVED 1554057513 TRANSACTION 80 46 147
RECIEVED 1554057513 TRANSACTION 79 46 147
UPDATE 1554057513 TRANSACTION f3c9432e9c8d5268c5fa4d6e1d342c97
SEND 1554057513 TRANSACTION 79 45797 f3c9432e9c8d5268c5fa4d6e1d342c97
SEND 1554057513 TRANSACTION 79 16742 f3c9432e9c8d5268c5fa4d6e1d342c97
SEND 1554057513 TRANSACTION 79 15823 f3c9432e9c8d5268c5fa4d6e1d342c97
RECIEVED 1554057514 TRANSACTION 81 46 148
UPDATE 1554057514 TRANSACTION 4aa59f7cf51f46e70134b9df3082e86c
SEND 1554057514 TRANSACTION 81 10720 4aa59f7cf51f46e70134b9df3082e86c
SEND 1554057514 TRANSACTION 81 19589 4aa59f7cf51f46e70134b9df3082e86c
RECIEVED 1554057514 TRANSACTION 81 46 149
UPDATE 1554057514 TRANSACTION 3c9d6cbb58725d44c39ee27ec796d575
SEND 1554057514 TRANSACTION 81 14675 3c9d6cbb58725d44c39ee27ec796d575
SEND 1554057514 TRANSACTION 81 11446 3c9d6cbb58725d44c39ee27ec796d575
RECIEVED 1554057514 TRANSACTION 81 46 150
# Failed listening 
%!(EXTRA string=node13)# ERROR: EOF
RECIEVED 1554057514 TRANSACTION 80 46 150
UPDATE 1554057514 TRANSACTION ab15eaf891a7e26fe136524274033b36
SEND 1554057514 TRANSACTION 80 18557 ab15eaf891a7e26fe136524274033b36
RECIEVED 1554057514 TRANSACTION 80 46 151
RECIEVED 1554057514 TRANSACTION 80 46 151
UPDATE 1554057514 TRANSACTION 6a47a13a734f57c4ced93de286f16cf5
SEND 1554057514 TRANSACTION 80 16827 6a47a13a734f57c4ced93de286f16cf5
SEND 1554057514 TRANSACTION 80 49778 6a47a13a734f57c4ced93de286f16cf5
RECIEVED 1554057514 TRANSACTION 80 46 152
UPDATE 1554057514 TRANSACTION 4e22daa816abac8c455f6246f3514c07
RECIEVED 1554057515 TRANSACTION 81 46 153
UPDATE 1554057515 TRANSACTION 95cb92db2e6feba236ea70c8036f1bb2
RECIEVED 1554057515 TRANSACTION 81 46 154
UPDATE 1554057515 TRANSACTION 4e7c272e92b58297b02ef0cb6e179cde
SEND 1554057515 TRANSACTION 81 47629 4e7c272e92b58297b02ef0cb6e179cde
RECIEVED 1554057515 TRANSACTION 80 46 155
UPDATE 1554057515 TRANSACTION b363ba8ee545dfad036f371e5573a03d
SEND 1554057515 TRANSACTION 80 17925 b363ba8ee545dfad036f371e5573a03d
RECIEVED 1554057515 TRANSACTION 82 46 156
UPDATE 1554057515 TRANSACTION 0e21d4340a54696f4e04b3e0bc93a98d
SEND 1554057515 TRANSACTION 82 15705 0e21d4340a54696f4e04b3e0bc93a98d
RECIEVED 1554057515 TRANSACTION 81 46 157
UPDATE 1554057515 TRANSACTION b02b5c138941620ed383db010a17e388
SEND 1554057515 TRANSACTION 81 32306 b02b5c138941620ed383db010a17e388
RECIEVED 1554057515 TRANSACTION 82 46 158
UPDATE 1554057515 TRANSACTION 51d682103020d9f8013b773a7c89198a
SEND 1554057515 TRANSACTION 82 20357 51d682103020d9f8013b773a7c89198a
SEND 1554057515 TRANSACTION 82 21932 51d682103020d9f8013b773a7c89198a
SEND 1554057515 TRANSACTION 82 17004 51d682103020d9f8013b773a7c89198a
RECIEVED 1554057516 TRANSACTION 81 46 159
RECIEVED 1554057516 TRANSACTION 81 46 159
UPDATE 1554057516 TRANSACTION a96301d0223a6618b70ce48df8f7fb36
# Failed sending to node node13
# ERROR: write tcp 172.22.158.207:60284->172.22.156.207:8013: write: broken pipe
# Could not send message to node13
SEND 1554057516 TRANSACTION 81 22964 a96301d0223a6618b70ce48df8f7fb36
SEND 1554057516 TRANSACTION 81 20867 a96301d0223a6618b70ce48df8f7fb36
RECIEVED 1554057516 TRANSACTION 81 45 160
UPDATE 1554057516 TRANSACTION dc56707c3bf737627113c693ef2b6bb5
SEND 1554057516 TRANSACTION 81 30330 dc56707c3bf737627113c693ef2b6bb5
RECIEVED 1554057516 TRANSACTION 81 45 161
UPDATE 1554057516 TRANSACTION a90c05ad553c79d1a71cbf607def40e8
SEND 1554057516 TRANSACTION 81 26054 a90c05ad553c79d1a71cbf607def40e8
SEND 1554057516 TRANSACTION 81 15629 a90c05ad553c79d1a71cbf607def40e8
RECIEVED 1554057517 TRANSACTION 81 45 162
UPDATE 1554057517 TRANSACTION 62eec6281a879e8b732f99ead568c6b2
SEND 1554057517 TRANSACTION 81 26309 62eec6281a879e8b732f99ead568c6b2
SEND 1554057517 TRANSACTION 81 24231 62eec6281a879e8b732f99ead568c6b2
SEND 1554057517 TRANSACTION 81 26152 62eec6281a879e8b732f99ead568c6b2
RECIEVED 1554057517 TRANSACTION 81 45 163
RECIEVED 1554057519 TRANSACTION 78 45 163
UPDATE 1554057519 TRANSACTION c893b3f13965f443bbc36f4ffc8624af
SEND 1554057519 TRANSACTION 78 17791 c893b3f13965f443bbc36f4ffc8624af
RECIEVED 1554057519 TRANSACTION 81 45 164
UPDATE 1554057519 TRANSACTION c93e0a50708b466585125eea36edeea9
SEND 1554057519 TRANSACTION 81 16608 c93e0a50708b466585125eea36edeea9
SEND 1554057519 TRANSACTION 81 16452 c93e0a50708b466585125eea36edeea9
RECIEVED 1554057519 TRANSACTION 81 45 165
UPDATE 1554057519 TRANSACTION 49079ec65d6290d553e3f809738fa916
SEND 1554057519 TRANSACTION 81 15271 49079ec65d6290d553e3f809738fa916
SEND 1554057519 TRANSACTION 81 14812 49079ec65d6290d553e3f809738fa916
RECIEVED 1554057519 TRANSACTION 81 45 166
RECIEVED 1554057520 TRANSACTION 80 45 166
UPDATE 1554057520 TRANSACTION ded9e4fc94f5c4d1b7e941db130c37de
RECIEVED 1554057520 TRANSACTION 81 45 167
UPDATE 1554057520 TRANSACTION 7279829e5c5f5ce8274e5c708eb5e73c
RECIEVED 1554057520 TRANSACTION 81 45 168
UPDATE 1554057520 TRANSACTION fd09c8639a9b282526479d1617b02504
SEND 1554057520 TRANSACTION 81 28026 fd09c8639a9b282526479d1617b02504
RECIEVED 1554057521 HB 3 45 169
RECIEVED 1554057522 TRANSACTION 80 45 169
UPDATE 1554057522 TRANSACTION 4c4e2a8fe821cb0215b5fc183c896c6e
SEND 1554057522 TRANSACTION 80 15504 4c4e2a8fe821cb0215b5fc183c896c6e
RECIEVED 1554057522 TRANSACTION 80 45 170
UPDATE 1554057522 TRANSACTION 68b5f465071bd7c783d7c884febab9a7
SEND 1554057522 TRANSACTION 80 33991 68b5f465071bd7c783d7c884febab9a7
SEND 1554057522 TRANSACTION 80 15410 68b5f465071bd7c783d7c884febab9a7
RECIEVED 1554057522 TRANSACTION 80 45 171
RECIEVED 1554057522 TRANSACTION 81 45 171
RECIEVED 1554057522 TRANSACTION 81 45 171
UPDATE 1554057522 TRANSACTION dc255d0e23bd8d1942409bf27335ad61
SEND 1554057522 TRANSACTION 81 21138 dc255d0e23bd8d1942409bf27335ad61
SEND 1554057522 TRANSACTION 81 28461 dc255d0e23bd8d1942409bf27335ad61
RECIEVED 1554057522 TRANSACTION 81 45 172
UPDATE 1554057522 TRANSACTION 81e8983f27a43ceb394f126d6ca50f10
SEND 1554057522 TRANSACTION 81 22822 81e8983f27a43ceb394f126d6ca50f10
SEND 1554057522 TRANSACTION 81 26165 81e8983f27a43ceb394f126d6ca50f10
SEND 1554057522 TRANSACTION 81 22684 81e8983f27a43ceb394f126d6ca50f10
RECIEVED 1554057523 TRANSACTION 81 45 173
UPDATE 1554057523 TRANSACTION 6bace1a3c7eae87ca2cc94fcb48a6d22
SEND 1554057523 TRANSACTION 81 22694 6bace1a3c7eae87ca2cc94fcb48a6d22
SEND 1554057523 TRANSACTION 81 18841 6bace1a3c7eae87ca2cc94fcb48a6d22
RECIEVED 1554057523 TRANSACTION 81 45 174
RECIEVED 1554057523 TRANSACTION 81 45 174
UPDATE 1554057523 TRANSACTION 4421f4b174fe19e0835f9c562bf095c1
RECIEVED 1554057524 TRANSACTION 81 45 175
UPDATE 1554057524 TRANSACTION 434b15970eeba0d3e77e1e75ffb38ef2
RECIEVED 1554057524 TRANSACTION 80 45 176
UPDATE 1554057524 TRANSACTION f052a91c14b72c69433fd71dd4f01880
SEND 1554057524 TRANSACTION 80 28316 f052a91c14b72c69433fd71dd4f01880
SEND 1554057524 TRANSACTION 80 18031 f052a91c14b72c69433fd71dd4f01880
RECIEVED 1554057524 TRANSACTION 80 45 177
RECIEVED 1554057525 TRANSACTION 81 45 177
UPDATE 1554057525 TRANSACTION 32ef2eac77a2065ed3a845130f617470
SEND 1554057525 TRANSACTION 81 10296 32ef2eac77a2065ed3a845130f617470
RECIEVED 1554057526 TRANSACTION 83 45 178
UPDATE 1554057526 TRANSACTION cd2c850ee5a6338b77cf131b1cc653ea
RECIEVED 1554057526 TRANSACTION 81 45 179
UPDATE 1554057526 TRANSACTION 2274a1b8cf8ddb1c565a34dc3d8fafd0
RECIEVED 1554057526 TRANSACTION 80 45 180
UPDATE 1554057526 TRANSACTION 5ceb3fe543433d94fc91f4868bab35a2
SEND 1554057526 TRANSACTION 80 16032 5ceb3fe543433d94fc91f4868bab35a2
RECIEVED 1554057526 TRANSACTION 80 45 181
RECIEVED 1554057527 TRANSACTION 81 45 181
UPDATE 1554057527 TRANSACTION b2c337851b7e7b2d07f01ef39778b247
SEND 1554057527 TRANSACTION 81 16242 b2c337851b7e7b2d07f01ef39778b247
RECIEVED 1554057527 TRANSACTION 81 45 182
RECIEVED 1554057527 TRANSACTION 82 45 182
UPDATE 1554057527 TRANSACTION 98af63e9fe8e23bae209c39c08a26b65
SEND 1554057527 TRANSACTION 82 28432 98af63e9fe8e23bae209c39c08a26b65
RECIEVED 1554057527 TRANSACTION 81 45 183
UPDATE 1554057527 TRANSACTION 6644be5b9ead8b36604e7103e630bc07
SEND 1554057527 TRANSACTION 81 28958 6644be5b9ead8b36604e7103e630bc07
SEND 1554057527 TRANSACTION 81 18229 6644be5b9ead8b36604e7103e630bc07
RECIEVED 1554057528 TRANSACTION 79 45 184
RECIEVED 1554057528 TRANSACTION 81 45 184
UPDATE 1554057528 TRANSACTION 204d8cac3095b8f1d350225d824960c7
RECIEVED 1554057528 TRANSACTION 81 45 185
UPDATE 1554057528 TRANSACTION 41e3d0269e951988fb0b904de808a6dd
SEND 1554057528 TRANSACTION 81 14981 41e3d0269e951988fb0b904de808a6dd
SEND 1554057528 TRANSACTION 81 16391 41e3d0269e951988fb0b904de808a6dd
RECIEVED 1554057528 TRANSACTION 81 45 186
RECIEVED 1554057529 TRANSACTION 80 45 186
UPDATE 1554057529 TRANSACTION 80e8467f034fb0548b923d3505d83011
SEND 1554057529 TRANSACTION 80 14879 80e8467f034fb0548b923d3505d83011
SEND 1554057529 TRANSACTION 80 19146 80e8467f034fb0548b923d3505d83011
RECIEVED 1554057530 TRANSACTION 81 45 187
UPDATE 1554057530 TRANSACTION 4ec91c425edad1b23f75ba292bb73656
SEND 1554057530 TRANSACTION 81 16510 4ec91c425edad1b23f75ba292bb73656
SEND 1554057530 TRANSACTION 81 27720 4ec91c425edad1b23f75ba292bb73656
SEND 1554057530 TRANSACTION 81 15930 4ec91c425edad1b23f75ba292bb73656
SEND 1554057530 TRANSACTION 81 27617 4ec91c425edad1b23f75ba292bb73656
RECIEVED 1554057530 TRANSACTION 81 45 188
UPDATE 1554057530 TRANSACTION ecd870ae3e6a6ae909b0ddbc08a5308f
SEND 1554057530 TRANSACTION 81 22743 ecd870ae3e6a6ae909b0ddbc08a5308f
RECIEVED 1554057531 HB 3 45 189
RECIEVED 1554057531 TRANSACTION 81 45 189
UPDATE 1554057531 TRANSACTION 8afdb9265279c49904d0cb5d53701681
SEND 1554057531 TRANSACTION 81 15037 8afdb9265279c49904d0cb5d53701681
RECIEVED 1554057531 TRANSACTION 80 45 190
UPDATE 1554057531 TRANSACTION 4193ee2925469f07e372808fbeaf2e4b
SEND 1554057531 TRANSACTION 80 16117 4193ee2925469f07e372808fbeaf2e4b
RECIEVED 1554057532 TRANSACTION 80 45 191
UPDATE 1554057532 TRANSACTION 3eac4ff094c5f021e27470ce2946aef8
RECIEVED 1554057532 TRANSACTION 82 45 192
UPDATE 1554057532 TRANSACTION 0409bb6af35d0654b521cbb0c2d4f2f8
RECIEVED 1554057533 INTRODUCE 36 45 193
RECIEVED 1554057533 INTRODUCE 35 46 193
RECIEVED 1554057533 INTRODUCE 36 47 193
RECIEVED 1554057533 INTRODUCE 36 48 193
RECIEVED 1554057534 TRANSACTION 81 49 193
UPDATE 1554057534 TRANSACTION 76e4da23d9944e1ecad37ca1bf94e938
SEND 1554057534 TRANSACTION 81 30696 76e4da23d9944e1ecad37ca1bf94e938
RECIEVED 1554057534 TRANSACTION 81 49 194
UPDATE 1554057534 TRANSACTION 780c58f3f1515d0bbd444a871ad1b941
SEND 1554057534 TRANSACTION 81 19899 780c58f3f1515d0bbd444a871ad1b941
SEND 1554057534 TRANSACTION 81 18635 780c58f3f1515d0bbd444a871ad1b941
SEND 1554057534 TRANSACTION 81 15435 780c58f3f1515d0bbd444a871ad1b941
RECIEVED 1554057534 TRANSACTION 81 49 195
UPDATE 1554057534 TRANSACTION c6615519f1aeb8d6c7e09095d09fb6ae
RECIEVED 1554057535 TRANSACTION 81 49 196
UPDATE 1554057535 TRANSACTION 1db7987ee6b5a50d851dd3a6e0aef688
SEND 1554057535 TRANSACTION 81 21852 1db7987ee6b5a50d851dd3a6e0aef688
SEND 1554057535 TRANSACTION 81 23031 1db7987ee6b5a50d851dd3a6e0aef688
RECIEVED 1554057535 TRANSACTION 81 49 197
UPDATE 1554057535 TRANSACTION 771e5fb62d7f0fadc75b6ee913e8e6a7
SEND 1554057535 TRANSACTION 81 14576 771e5fb62d7f0fadc75b6ee913e8e6a7
SEND 1554057535 TRANSACTION 81 17354 771e5fb62d7f0fadc75b6ee913e8e6a7
RECIEVED 1554057535 TRANSACTION 81 49 198
RECIEVED 1554057535 TRANSACTION 80 49 198
UPDATE 1554057535 TRANSACTION 8a49e281699d4f9b4215a6f1e5b7f90a
SEND 1554057535 TRANSACTION 80 30763 8a49e281699d4f9b4215a6f1e5b7f90a
RECIEVED 1554057535 TRANSACTION 80 49 199
UPDATE 1554057535 TRANSACTION 4657088ee86a999824eacb2a930148fe
SEND 1554057535 TRANSACTION 80 19968 4657088ee86a999824eacb2a930148fe
SEND 1554057535 TRANSACTION 80 17038 4657088ee86a999824eacb2a930148fe
RECIEVED 1554057536 TRANSACTION 80 49 200
UPDATE 1554057536 TRANSACTION 201374ac1424bdd030f5cc11ceb4ad4b
SEND 1554057536 TRANSACTION 80 17734 201374ac1424bdd030f5cc11ceb4ad4b
SEND 1554057536 TRANSACTION 80 20944 201374ac1424bdd030f5cc11ceb4ad4b
RECIEVED 1554057536 TRANSACTION 80 49 201
UPDATE 1554057536 TRANSACTION 0885f190142ce3e4b88389b12d53d789
SEND 1554057536 TRANSACTION 80 20776 0885f190142ce3e4b88389b12d53d789
SEND 1554057536 TRANSACTION 80 16465 0885f190142ce3e4b88389b12d53d789
RECIEVED 1554057536 TRANSACTION 80 49 202
RECIEVED 1554057536 TRANSACTION 81 49 202
UPDATE 1554057536 TRANSACTION 64d478a140a010e15373450ea0355120
SEND 1554057536 TRANSACTION 81 16144 64d478a140a010e15373450ea0355120
RECIEVED 1554057536 TRANSACTION 81 49 203
RECIEVED 1554057536 TRANSACTION 82 49 203
UPDATE 1554057536 TRANSACTION ebaa02c3f75f1427390bb2ebe4025aeb
SEND 1554057536 TRANSACTION 82 21395 ebaa02c3f75f1427390bb2ebe4025aeb
SEND 1554057536 TRANSACTION 82 15537 ebaa02c3f75f1427390bb2ebe4025aeb
RECIEVED 1554057536 TRANSACTION 82 49 204
RECIEVED 1554057536 TRANSACTION 81 49 204
UPDATE 1554057536 TRANSACTION 51105c8cbc009b34fc25fc9a67b98e1c
SEND 1554057536 TRANSACTION 81 141395 51105c8cbc009b34fc25fc9a67b98e1c
SEND 1554057536 TRANSACTION 81 22699 51105c8cbc009b34fc25fc9a67b98e1c
SEND 1554057536 TRANSACTION 81 28367 51105c8cbc009b34fc25fc9a67b98e1c
RECIEVED 1554057536 TRANSACTION 81 49 205
RECIEVED 1554057536 TRANSACTION 81 49 205
UPDATE 1554057536 TRANSACTION ce8458f844498706d8224cb3a946a27f
SEND 1554057536 TRANSACTION 81 23842 ce8458f844498706d8224cb3a946a27f
RECIEVED 1554057537 TRANSACTION 80 49 206
UPDATE 1554057537 TRANSACTION 18c0b89850724916b9469cdbbb655009
SEND 1554057537 TRANSACTION 80 19588 18c0b89850724916b9469cdbbb655009
RECIEVED 1554057538 TRANSACTION 81 49 207
UPDATE 1554057538 TRANSACTION 1f572c2cc73ca82a33474b4c90850a73
SEND 1554057538 TRANSACTION 81 16516 1f572c2cc73ca82a33474b4c90850a73
SEND 1554057538 TRANSACTION 81 28242 1f572c2cc73ca82a33474b4c90850a73
SEND 1554057538 TRANSACTION 81 21004 1f572c2cc73ca82a33474b4c90850a73
RECIEVED 1554057538 TRANSACTION 80 49 208
UPDATE 1554057538 TRANSACTION edce54ea9849df6773b1e97eb38d015d
SEND 1554057538 TRANSACTION 80 20984 edce54ea9849df6773b1e97eb38d015d
RECIEVED 1554057539 TRANSACTION 81 49 209
UPDATE 1554057539 TRANSACTION 977b3e6b8f07caf1a2a63a241eeddfe0
SEND 1554057539 TRANSACTION 81 24753 977b3e6b8f07caf1a2a63a241eeddfe0
RECIEVED 1554057539 TRANSACTION 81 49 210
UPDATE 1554057539 TRANSACTION 30857d1ac2ee729cdf5b419525541ff8
SEND 1554057539 TRANSACTION 81 26887 30857d1ac2ee729cdf5b419525541ff8
RECIEVED 1554057539 TRANSACTION 81 49 211
UPDATE 1554057539 TRANSACTION 5b3e89a4a43291799f04be92a994ab7c
SEND 1554057539 TRANSACTION 81 31548 5b3e89a4a43291799f04be92a994ab7c
SEND 1554057539 TRANSACTION 81 14786 5b3e89a4a43291799f04be92a994ab7c
SEND 1554057539 TRANSACTION 81 24342 5b3e89a4a43291799f04be92a994ab7c
RECIEVED 1554057539 TRANSACTION 81 49 212
RECIEVED 1554057539 TRANSACTION 81 49 212
RECIEVED 1554057539 TRANSACTION 82 49 212
UPDATE 1554057539 TRANSACTION 04b34019e511d9887e681bfd1bdefcd2
SEND 1554057539 TRANSACTION 82 17396 04b34019e511d9887e681bfd1bdefcd2
RECIEVED 1554057540 TRANSACTION 81 49 213
UPDATE 1554057540 TRANSACTION 3e47bc24902e5f76f441019e42337705
SEND 1554057540 TRANSACTION 81 28924 3e47bc24902e5f76f441019e42337705
RECIEVED 1554057540 TRANSACTION 81 49 214
RECIEVED 1554057540 TRANSACTION 81 49 214
UPDATE 1554057540 TRANSACTION b525bed8be565e54a721646083cf0de4
SEND 1554057540 TRANSACTION 81 25129 b525bed8be565e54a721646083cf0de4
RECIEVED 1554057540 TRANSACTION 81 49 215
UPDATE 1554057540 TRANSACTION b6463b29a8c776b576250e0aaea10304
SEND 1554057540 TRANSACTION 81 22944 b6463b29a8c776b576250e0aaea10304
SEND 1554057540 TRANSACTION 81 22674 b6463b29a8c776b576250e0aaea10304
RECIEVED 1554057540 TRANSACTION 81 49 216
UPDATE 1554057540 TRANSACTION d56ff0cd8b0753586f16841e6c194bd8
SEND 1554057540 TRANSACTION 81 15600 d56ff0cd8b0753586f16841e6c194bd8
SEND 1554057540 TRANSACTION 81 15862 d56ff0cd8b0753586f16841e6c194bd8
RECIEVED 1554057541 TRANSACTION 81 49 217
UPDATE 1554057541 TRANSACTION cd05837eb4b181ebac6f97f3962ce4c2
SEND 1554057541 TRANSACTION 81 18379 cd05837eb4b181ebac6f97f3962ce4c2
RECIEVED 1554057541 HB 3 49 218
RECIEVED 1554057541 TRANSACTION 81 49 218
UPDATE 1554057541 TRANSACTION a8e5c0be2efc0fbe8e7bb2d8152b67c9
RECIEVED 1554057541 TRANSACTION 80 49 219
UPDATE 1554057541 TRANSACTION fa232416d430fab94cca543a43a95d8e
SEND 1554057541 TRANSACTION 80 18284 fa232416d430fab94cca543a43a95d8e
RECIEVED 1554057541 TRANSACTION 81 49 220
UPDATE 1554057541 TRANSACTION f822d1120bf69df4ebb091581bd751c7
SEND 1554057541 TRANSACTION 81 13891 f822d1120bf69df4ebb091581bd751c7
RECIEVED 1554057541 TRANSACTION 80 49 221
UPDATE 1554057541 TRANSACTION c52368f327888a0eca2d6d5450c6becc
SEND 1554057541 TRANSACTION 80 12868 c52368f327888a0eca2d6d5450c6becc
RECIEVED 1554057541 TRANSACTION 80 49 222
RECIEVED 1554057542 TRANSACTION 80 49 222
UPDATE 1554057542 TRANSACTION 423e65caa7b7e65a9e06697607b0529b
RECIEVED 1554057542 TRANSACTION 81 49 223
UPDATE 1554057542 TRANSACTION b153b630c44b4acef3194504638fb87e
SEND 1554057542 TRANSACTION 81 20470 b153b630c44b4acef3194504638fb87e
SEND 1554057542 TRANSACTION 81 25306 b153b630c44b4acef3194504638fb87e
RECIEVED 1554057542 TRANSACTION 81 49 224
UPDATE 1554057542 TRANSACTION 2e4e99315b1adaff46d15249df8a9e8b
RECIEVED 1554057542 TRANSACTION 81 49 225
UPDATE 1554057542 TRANSACTION df08974738b84c007cea8afe52be1a49
RECIEVED 1554057542 TRANSACTION 80 49 226
UPDATE 1554057542 TRANSACTION bd78268d2431579e3e201f5b232ccc94
SEND 1554057542 TRANSACTION 80 21682 bd78268d2431579e3e201f5b232ccc94
RECIEVED 1554057542 TRANSACTION 80 49 227
RECIEVED 1554057543 TRANSACTION 81 49 227
UPDATE 1554057543 TRANSACTION 27c44969d9aa8f76861d8dafd3a71f93
SEND 1554057543 TRANSACTION 81 9669 27c44969d9aa8f76861d8dafd3a71f93
SEND 1554057543 TRANSACTION 81 17848 27c44969d9aa8f76861d8dafd3a71f93
RECIEVED 1554057543 TRANSACTION 81 49 228
UPDATE 1554057543 TRANSACTION f44f4656f5fe6d133d132f2717fe08dc
SEND 1554057543 TRANSACTION 81 18364 f44f4656f5fe6d133d132f2717fe08dc
SEND 1554057543 TRANSACTION 81 16357 f44f4656f5fe6d133d132f2717fe08dc
SEND 1554057543 TRANSACTION 81 16124 f44f4656f5fe6d133d132f2717fe08dc
RECIEVED 1554057543 TRANSACTION 81 49 229
RECIEVED 1554057543 TRANSACTION 81 49 229
UPDATE 1554057543 TRANSACTION fe006e09f7346187ccdceec4980d8f3e
RECIEVED 1554057543 TRANSACTION 81 49 230
UPDATE 1554057543 TRANSACTION 48627ef90c09c30247f35087ac348d72
SEND 1554057543 TRANSACTION 81 14919 48627ef90c09c30247f35087ac348d72
RECIEVED 1554057544 TRANSACTION 81 49 231
UPDATE 1554057544 TRANSACTION f33280902a48926b716ab8d2b7336009
SEND 1554057544 TRANSACTION 81 24870 f33280902a48926b716ab8d2b7336009
RECIEVED 1554057545 TRANSACTION 81 49 232
UPDATE 1554057545 TRANSACTION 2964165b98fee737e36dc5524913f197
SEND 1554057545 TRANSACTION 81 22540 2964165b98fee737e36dc5524913f197
RECIEVED 1554057545 TRANSACTION 81 49 233
RECIEVED 1554057545 TRANSACTION 80 49 233
UPDATE 1554057545 TRANSACTION 1c2963d4c28c552a6d731b100f685e07
RECIEVED 1554057547 TRANSACTION 80 49 234
UPDATE 1554057547 TRANSACTION a6159c2481c925e2a521b28de85a542d
SEND 1554057547 TRANSACTION 80 15368 a6159c2481c925e2a521b28de85a542d
SEND 1554057547 TRANSACTION 80 20195 a6159c2481c925e2a521b28de85a542d
RECIEVED 1554057548 INTRODUCE 36 49 235
RECIEVED 1554057548 INTRODUCE 37 49 235
RECIEVED 1554057548 INTRODUCE 37 49 235
RECIEVED 1554057548 INTRODUCE 36 50 235
RECIEVED 1554057548 TRANSACTION 82 51 235
UPDATE 1554057548 TRANSACTION 64a0ac3f6ab6b7e73ba387eef52e7bc8
SEND 1554057548 TRANSACTION 82 15494 64a0ac3f6ab6b7e73ba387eef52e7bc8
RECIEVED 1554057548 TRANSACTION 81 51 236
UPDATE 1554057548 TRANSACTION 4b15fa87227675e17182eca4439c55d9
SEND 1554057548 TRANSACTION 81 22664 4b15fa87227675e17182eca4439c55d9
RECIEVED 1554057548 TRANSACTION 81 51 237
RECIEVED 1554057548 TRANSACTION 84 51 237
UPDATE 1554057548 TRANSACTION 3ebec18d7286fe6d9836159a13ea3f8f
RECIEVED 1554057548 TRANSACTION 84 51 238
RECIEVED 1554057548 TRANSACTION 81 51 238
RECIEVED 1554057549 TRANSACTION 81 51 238
UPDATE 1554057549 TRANSACTION 7aee76d30c779a8fa5db8c0c714cd6fe
SEND 1554057549 TRANSACTION 81 27292 7aee76d30c779a8fa5db8c0c714cd6fe
SEND 1554057549 TRANSACTION 81 21052 7aee76d30c779a8fa5db8c0c714cd6fe
RECIEVED 1554057549 TRANSACTION 81 51 239
RECIEVED 1554057549 TRANSACTION 81 51 239
UPDATE 1554057549 TRANSACTION 1d8f9b02f5037c3d41e9e3fe4b2dd5b8
SEND 1554057549 TRANSACTION 81 26444 1d8f9b02f5037c3d41e9e3fe4b2dd5b8
SEND 1554057549 TRANSACTION 81 16194 1d8f9b02f5037c3d41e9e3fe4b2dd5b8
RECIEVED 1554057550 TRANSACTION 81 51 240
UPDATE 1554057550 TRANSACTION ca6d43c5ada21305c3c611975b7e332d
SEND 1554057550 TRANSACTION 81 27509 ca6d43c5ada21305c3c611975b7e332d
RECIEVED 1554057550 TRANSACTION 81 51 241
UPDATE 1554057550 TRANSACTION ac11b6c75383194a8ecfd00f6e38c441
SEND 1554057550 TRANSACTION 81 16748 ac11b6c75383194a8ecfd00f6e38c441
SEND 1554057550 TRANSACTION 81 16961 ac11b6c75383194a8ecfd00f6e38c441
RECIEVED 1554057550 TRANSACTION 81 51 242
RECIEVED 1554057551 HB 3 51 242
RECIEVED 1554057551 TRANSACTION 80 51 242
UPDATE 1554057551 TRANSACTION a76d1dcc9136f9055d6abb09bed45bc9
RECIEVED 1554057551 TRANSACTION 81 51 243
UPDATE 1554057551 TRANSACTION bfb0737457c4d6c953f4fa27d4d7cd1f
SEND 1554057551 TRANSACTION 81 21608 bfb0737457c4d6c953f4fa27d4d7cd1f
RECIEVED 1554057551 TRANSACTION 81 51 244
RECIEVED 1554057551 TRANSACTION 82 51 244
UPDATE 1554057551 TRANSACTION ee17465f97328554b5c3daa8ed16b5ab
SEND 1554057551 TRANSACTION 82 21426 ee17465f97328554b5c3daa8ed16b5ab
RECIEVED 1554057551 TRANSACTION 80 51 245
UPDATE 1554057551 TRANSACTION 8bbc0efa3e634b23813875c9a7f2f7cc
SEND 1554057551 TRANSACTION 80 26391 8bbc0efa3e634b23813875c9a7f2f7cc
RECIEVED 1554057552 TRANSACTION 78 51 246
UPDATE 1554057552 TRANSACTION c477953be138509508583f7aaf845212
SEND 1554057552 TRANSACTION 78 21582 c477953be138509508583f7aaf845212
RECIEVED 1554057552 TRANSACTION 81 51 247
UPDATE 1554057552 TRANSACTION b465e08c2726575c286a728aaed3213c
SEND 1554057552 TRANSACTION 81 26955 b465e08c2726575c286a728aaed3213c
RECIEVED 1554057552 TRANSACTION 81 51 248
UPDATE 1554057552 TRANSACTION f05033275ca1f46a52bd64d744e36e41
SEND 1554057552 TRANSACTION 81 37400 f05033275ca1f46a52bd64d744e36e41
RECIEVED 1554057552 TRANSACTION 78 51 249
UPDATE 1554057552 TRANSACTION 7ee591d2071d1c39204bd844ad2dc0a7
SEND 1554057552 TRANSACTION 78 20723 7ee591d2071d1c39204bd844ad2dc0a7
SEND 1554057552 TRANSACTION 78 14544 7ee591d2071d1c39204bd844ad2dc0a7
RECIEVED 1554057552 TRANSACTION 81 51 250
UPDATE 1554057552 TRANSACTION a983b6a8105c10dec5939fede59e6644
SEND 1554057552 TRANSACTION 81 28188 a983b6a8105c10dec5939fede59e6644
RECIEVED 1554057552 TRANSACTION 81 51 251
RECIEVED 1554057553 TRANSACTION 81 51 251
UPDATE 1554057553 TRANSACTION 724c174c78e589a222c29155bdf6d061
SEND 1554057553 TRANSACTION 81 25687 724c174c78e589a222c29155bdf6d061
SEND 1554057553 TRANSACTION 81 17633 724c174c78e589a222c29155bdf6d061
RECIEVED 1554057553 TRANSACTION 81 51 252
RECIEVED 1554057553 TRANSACTION 81 51 252
UPDATE 1554057553 TRANSACTION a025e8011c9549859acc343025c27c82
SEND 1554057553 TRANSACTION 81 23125 a025e8011c9549859acc343025c27c82
RECIEVED 1554057553 TRANSACTION 81 51 253
UPDATE 1554057553 TRANSACTION 351ea503ca1cd92019c240e879d7b5ef
SEND 1554057553 TRANSACTION 81 39817 351ea503ca1cd92019c240e879d7b5ef
RECIEVED 1554057553 TRANSACTION 80 51 254
UPDATE 1554057553 TRANSACTION 4281b74319bf97d3d9e114360086c48c
RECIEVED 1554057553 INTRODUCE 36 51 255
RECIEVED 1554057553 INTRODUCE 36 52 255
RECIEVED 1554057553 INTRODUCE 35 53 255
RECIEVED 1554057553 TRANSACTION 81 53 255
UPDATE 1554057553 TRANSACTION 0fdb213abfe8621af5c4f6b9aaeeb3b5
SEND 1554057553 TRANSACTION 81 38821 0fdb213abfe8621af5c4f6b9aaeeb3b5
SEND 1554057553 TRANSACTION 81 31073 0fdb213abfe8621af5c4f6b9aaeeb3b5
SEND 1554057553 TRANSACTION 81 17646 0fdb213abfe8621af5c4f6b9aaeeb3b5
RECIEVED 1554057554 TRANSACTION 81 53 256
UPDATE 1554057554 TRANSACTION ceb12976b1cec0d644c8959cb07447f2
SEND 1554057554 TRANSACTION 81 22897 ceb12976b1cec0d644c8959cb07447f2
SEND 1554057554 TRANSACTION 81 20724 ceb12976b1cec0d644c8959cb07447f2
RECIEVED 1554057554 TRANSACTION 81 53 257
RECIEVED 1554057554 TRANSACTION 81 53 257
UPDATE 1554057554 TRANSACTION b55258b79dd4be1c6a3112da1fe83c8c
RECIEVED 1554057554 TRANSACTION 80 53 258
UPDATE 1554057554 TRANSACTION 28d6f1747c2dbacdc08c401ddc27cd17
SEND 1554057554 TRANSACTION 80 16170 28d6f1747c2dbacdc08c401ddc27cd17
SEND 1554057554 TRANSACTION 80 14664 28d6f1747c2dbacdc08c401ddc27cd17
SEND 1554057554 TRANSACTION 80 13148 28d6f1747c2dbacdc08c401ddc27cd17
RECIEVED 1554057554 TRANSACTION 80 53 259
RECIEVED 1554057554 TRANSACTION 80 53 259
RECIEVED 1554057554 TRANSACTION 81 53 259
UPDATE 1554057554 TRANSACTION ecb51b4076c7650a1e2945ad522e15c7
SEND 1554057554 TRANSACTION 81 14925 ecb51b4076c7650a1e2945ad522e15c7
RECIEVED 1554057554 TRANSACTION 81 53 260
UPDATE 1554057554 TRANSACTION 0cba33371d6d91fc7f14e85ed8d8b7b9
SEND 1554057554 TRANSACTION 81 16076 0cba33371d6d91fc7f14e85ed8d8b7b9
RECIEVED 1554057554 TRANSACTION 81 53 261
RECIEVED 1554057555 TRANSACTION 82 53 261
UPDATE 1554057555 TRANSACTION a6b50381f16d2b9a55c840bafe12c60d
SEND 1554057555 TRANSACTION 82 16016 a6b50381f16d2b9a55c840bafe12c60d
RECIEVED 1554057555 TRANSACTION 81 53 262
UPDATE 1554057555 TRANSACTION d9c4014fe84ff33e1cf55a9f61c1740f
RECIEVED 1554057556 TRANSACTION 80 53 263
UPDATE 1554057556 TRANSACTION f3cac39fc1658934f71a997738199580
SEND 1554057556 TRANSACTION 80 15054 f3cac39fc1658934f71a997738199580
SEND 1554057556 TRANSACTION 80 18325 f3cac39fc1658934f71a997738199580
RECIEVED 1554057556 TRANSACTION 80 53 264
RECIEVED 1554057556 TRANSACTION 81 53 264
UPDATE 1554057556 TRANSACTION bf1d3b441836435875486633d96ea27b
SEND 1554057556 TRANSACTION 81 16004 bf1d3b441836435875486633d96ea27b
SEND 1554057556 TRANSACTION 81 19610 bf1d3b441836435875486633d96ea27b
SEND 1554057556 TRANSACTION 81 29928 bf1d3b441836435875486633d96ea27b
RECIEVED 1554057556 TRANSACTION 81 53 265
RECIEVED 1554057556 TRANSACTION 81 53 265
UPDATE 1554057556 TRANSACTION 8e93a42bf842aae1d840312e241a2b67
RECIEVED 1554057556 TRANSACTION 81 53 266
UPDATE 1554057556 TRANSACTION 7e3ea504944a72e94de8d7aafb28e730
RECIEVED 1554057557 TRANSACTION 81 53 267
UPDATE 1554057557 TRANSACTION 5ef592a439b89981bac4807f35e39d04
SEND 1554057557 TRANSACTION 81 21935 5ef592a439b89981bac4807f35e39d04
RECIEVED 1554057557 TRANSACTION 80 53 268
UPDATE 1554057557 TRANSACTION 76eab7678a29b6f56dbc32bf74d35cbc
SEND 1554057557 TRANSACTION 80 21583 76eab7678a29b6f56dbc32bf74d35cbc
RECIEVED 1554057558 TRANSACTION 78 53 269
UPDATE 1554057558 TRANSACTION dce3f662b7c31b3d8b9c23deff204e29
RECIEVED 1554057558 TRANSACTION 78 53 270
RECIEVED 1554057558 TRANSACTION 81 53 270
UPDATE 1554057558 TRANSACTION 7943ecb3ff4c1aa18c377ce93dc95ff4
SEND 1554057558 TRANSACTION 81 19886 7943ecb3ff4c1aa18c377ce93dc95ff4
SEND 1554057558 TRANSACTION 81 22574 7943ecb3ff4c1aa18c377ce93dc95ff4
SEND 1554057558 TRANSACTION 81 15581 7943ecb3ff4c1aa18c377ce93dc95ff4
RECIEVED 1554057558 TRANSACTION 81 53 271
UPDATE 1554057558 TRANSACTION ecd4419308a849b03f3f7130eb1e335c
SEND 1554057558 TRANSACTION 81 20151 ecd4419308a849b03f3f7130eb1e335c
RECIEVED 1554057558 TRANSACTION 81 53 272
RECIEVED 1554057558 TRANSACTION 81 53 272
UPDATE 1554057558 TRANSACTION a046b4a71b30b2bff4d19157db38d6ee
SEND 1554057558 TRANSACTION 81 14177 a046b4a71b30b2bff4d19157db38d6ee
RECIEVED 1554057558 TRANSACTION 81 53 273
UPDATE 1554057558 TRANSACTION c1793a3da9d8affa5b8f30b45a669851
SEND 1554057558 TRANSACTION 81 15620 c1793a3da9d8affa5b8f30b45a669851
RECIEVED 1554057558 TRANSACTION 81 53 274
UPDATE 1554057558 TRANSACTION 82a70a8185bf13d0a8c99278deded697
SEND 1554057558 TRANSACTION 81 16312 82a70a8185bf13d0a8c99278deded697
RECIEVED 1554057559 TRANSACTION 81 53 275
UPDATE 1554057559 TRANSACTION 809f89f34631b7a4615b3bb49d696e2c
SEND 1554057559 TRANSACTION 81 16513 809f89f34631b7a4615b3bb49d696e2c
RECIEVED 1554057559 TRANSACTION 81 53 276
RECIEVED 1554057559 TRANSACTION 81 53 276
UPDATE 1554057559 TRANSACTION acec6ee2aea710832a317e8ab870f66d
SEND 1554057559 TRANSACTION 81 15365 acec6ee2aea710832a317e8ab870f66d
RECIEVED 1554057559 TRANSACTION 81 53 277
UPDATE 1554057559 TRANSACTION cf80d1856fc9480056fd34a373657394
SEND 1554057559 TRANSACTION 81 18673 cf80d1856fc9480056fd34a373657394
SEND 1554057559 TRANSACTION 81 29511 cf80d1856fc9480056fd34a373657394
RECIEVED 1554057559 TRANSACTION 81 53 278
UPDATE 1554057559 TRANSACTION 8a6ca4dc9db8579c5395f2d836e8532a
SEND 1554057559 TRANSACTION 81 27278 8a6ca4dc9db8579c5395f2d836e8532a
RECIEVED 1554057560 TRANSACTION 81 53 279
UPDATE 1554057560 TRANSACTION 2eec4ca15a3cfc4253e810f1b3fc9ce5
SEND 1554057560 TRANSACTION 81 15516 2eec4ca15a3cfc4253e810f1b3fc9ce5
SEND 1554057560 TRANSACTION 81 37831 2eec4ca15a3cfc4253e810f1b3fc9ce5
RECIEVED 1554057560 TRANSACTION 81 53 280
RECIEVED 1554057560 TRANSACTION 81 53 280
UPDATE 1554057560 TRANSACTION 64e1afd629dd74120c2afb2105f805d5
SEND 1554057560 TRANSACTION 81 16583 64e1afd629dd74120c2afb2105f805d5
SEND 1554057560 TRANSACTION 81 29025 64e1afd629dd74120c2afb2105f805d5
RECIEVED 1554057560 TRANSACTION 80 53 281
UPDATE 1554057560 TRANSACTION fe52fae512dc4e7615dc0fc5c0c4c4b3
SEND 1554057560 TRANSACTION 80 20799 fe52fae512dc4e7615dc0fc5c0c4c4b3
RECIEVED 1554057560 TRANSACTION 81 53 282
UPDATE 1554057560 TRANSACTION 3de603b4c215f0c109490080bd7ccda1
SEND 1554057560 TRANSACTION 81 15622 3de603b4c215f0c109490080bd7ccda1
RECIEVED 1554057560 TRANSACTION 81 53 283
UPDATE 1554057560 TRANSACTION bbc6fa27ce3e23a189f288c4f5c0d87a
SEND 1554057560 TRANSACTION 81 22860 bbc6fa27ce3e23a189f288c4f5c0d87a
SEND 1554057560 TRANSACTION 81 17374 bbc6fa27ce3e23a189f288c4f5c0d87a
SEND 1554057560 TRANSACTION 81 21742 bbc6fa27ce3e23a189f288c4f5c0d87a
RECIEVED 1554057560 TRANSACTION 82 53 284
UPDATE 1554057560 TRANSACTION 04e696c77a5133d533c9511bf396cf7d
RECIEVED 1554057561 TRANSACTION 80 53 285
UPDATE 1554057561 TRANSACTION b2af3edc7ed6a5152c1dd73dce677ee3
SEND 1554057561 TRANSACTION 80 25444 b2af3edc7ed6a5152c1dd73dce677ee3
SEND 1554057561 TRANSACTION 80 30695 b2af3edc7ed6a5152c1dd73dce677ee3
RECIEVED 1554057561 HB 3 53 286
RECIEVED 1554057561 TRANSACTION 80 53 286
UPDATE 1554057561 TRANSACTION 16f8c45e3ae55216c0d33f63d0e99ad8
SEND 1554057561 TRANSACTION 80 16477 16f8c45e3ae55216c0d33f63d0e99ad8
RECIEVED 1554057561 TRANSACTION 81 53 287
UPDATE 1554057561 TRANSACTION 14e7e8a2b8cf6fc80795b20cb0a3007d
SEND 1554057561 TRANSACTION 81 15341 14e7e8a2b8cf6fc80795b20cb0a3007d
SEND 1554057561 TRANSACTION 81 20429 14e7e8a2b8cf6fc80795b20cb0a3007d
RECIEVED 1554057561 TRANSACTION 81 53 288
RECIEVED 1554057561 TRANSACTION 79 53 288
UPDATE 1554057561 TRANSACTION 1ed50a7b53562941da41eb85f7aa4105
SEND 1554057561 TRANSACTION 79 16284 1ed50a7b53562941da41eb85f7aa4105
RECIEVED 1554057562 TRANSACTION 79 53 289
RECIEVED 1554057562 TRANSACTION 81 53 289
UPDATE 1554057562 TRANSACTION 78d2510f6473d63c6194e22867ed98e9
SEND 1554057562 TRANSACTION 81 21003 78d2510f6473d63c6194e22867ed98e9
SEND 1554057562 TRANSACTION 81 15831 78d2510f6473d63c6194e22867ed98e9
SEND 1554057562 TRANSACTION 81 15585 78d2510f6473d63c6194e22867ed98e9
RECIEVED 1554057562 TRANSACTION 80 53 290
UPDATE 1554057562 TRANSACTION 1416c10b7358674ccc1e32f9b1fa52b5
SEND 1554057562 TRANSACTION 80 28947 1416c10b7358674ccc1e32f9b1fa52b5
RECIEVED 1554057562 TRANSACTION 79 53 291
UPDATE 1554057562 TRANSACTION de0faabb84e538efd49fa4fc3d0cadc0
SEND 1554057562 TRANSACTION 79 26707 de0faabb84e538efd49fa4fc3d0cadc0
SEND 1554057562 TRANSACTION 79 19449 de0faabb84e538efd49fa4fc3d0cadc0
RECIEVED 1554057562 TRANSACTION 81 53 292
UPDATE 1554057562 TRANSACTION 9f48f29ec11225100f575b8e7d9570a5
SEND 1554057562 TRANSACTION 81 16694 9f48f29ec11225100f575b8e7d9570a5
SEND 1554057562 TRANSACTION 81 16363 9f48f29ec11225100f575b8e7d9570a5
SEND 1554057562 TRANSACTION 81 21615 9f48f29ec11225100f575b8e7d9570a5
RECIEVED 1554057562 TRANSACTION 81 53 293
RECIEVED 1554057563 TRANSACTION 81 53 293
UPDATE 1554057563 TRANSACTION ff93dc4b38261adc5ac7043a7e2362dc
SEND 1554057563 TRANSACTION 81 20456 ff93dc4b38261adc5ac7043a7e2362dc
RECIEVED 1554057564 TRANSACTION 80 53 294
UPDATE 1554057564 TRANSACTION 392d186dc00cd748820e5bb033370611
SEND 1554057564 TRANSACTION 80 16285 392d186dc00cd748820e5bb033370611
SEND 1554057564 TRANSACTION 80 27901 392d186dc00cd748820e5bb033370611
SEND 1554057564 TRANSACTION 80 20922 392d186dc00cd748820e5bb033370611
RECIEVED 1554057564 TRANSACTION 80 53 295
UPDATE 1554057564 TRANSACTION 6c6b40de72294ad9882015c7d686b3e2
SEND 1554057564 TRANSACTION 80 17236 6c6b40de72294ad9882015c7d686b3e2
SEND 1554057564 TRANSACTION 80 26276 6c6b40de72294ad9882015c7d686b3e2
RECIEVED 1554057564 TRANSACTION 79 53 296
UPDATE 1554057564 TRANSACTION ddbe20e5c33dc437acce829d4df56235
SEND 1554057564 TRANSACTION 79 15184 ddbe20e5c33dc437acce829d4df56235
RECIEVED 1554057564 TRANSACTION 80 53 297
UPDATE 1554057564 TRANSACTION 91723bc233409dd2a081355399b20cbd
SEND 1554057564 TRANSACTION 80 15390 91723bc233409dd2a081355399b20cbd
SEND 1554057564 TRANSACTION 80 35673 91723bc233409dd2a081355399b20cbd
RECIEVED 1554057564 TRANSACTION 80 53 298
UPDATE 1554057564 TRANSACTION 311c2163311f01ae847e1fe6ea8074ab
RECIEVED 1554057564 TRANSACTION 81 53 299
UPDATE 1554057564 TRANSACTION d4d85e2b0022537239aecca2396fc590
SEND 1554057564 TRANSACTION 81 15013 d4d85e2b0022537239aecca2396fc590
RECIEVED 1554057564 TRANSACTION 81 53 300
RECIEVED 1554057564 TRANSACTION 81 53 300
UPDATE 1554057564 TRANSACTION 1c4a3aff047cbcda48310227dd2ddc6d
SEND 1554057564 TRANSACTION 81 18882 1c4a3aff047cbcda48310227dd2ddc6d
SEND 1554057564 TRANSACTION 81 20940 1c4a3aff047cbcda48310227dd2ddc6d
RECIEVED 1554057564 TRANSACTION 81 53 301
UPDATE 1554057564 TRANSACTION e723dc77e6b43b0e10655cca6d85378d
SEND 1554057564 TRANSACTION 81 16070 e723dc77e6b43b0e10655cca6d85378d
RECIEVED 1554057564 TRANSACTION 81 53 302
UPDATE 1554057564 TRANSACTION f202ca98d45a7207a70a7cc850816b3c
SEND 1554057564 TRANSACTION 81 15408 f202ca98d45a7207a70a7cc850816b3c
SEND 1554057564 TRANSACTION 81 15336 f202ca98d45a7207a70a7cc850816b3c
RECIEVED 1554057565 TRANSACTION 81 53 303
UPDATE 1554057565 TRANSACTION 28e099a566d112b624fa2bf1ab539e09
SEND 1554057565 TRANSACTION 81 15181 28e099a566d112b624fa2bf1ab539e09
SEND 1554057565 TRANSACTION 81 23415 28e099a566d112b624fa2bf1ab539e09
RECIEVED 1554057565 TRANSACTION 81 53 304
RECIEVED 1554057565 TRANSACTION 81 53 304
UPDATE 1554057565 TRANSACTION e154edb8cb95e8222d6db3f0beef7064
SEND 1554057565 TRANSACTION 81 15879 e154edb8cb95e8222d6db3f0beef7064
RECIEVED 1554057565 TRANSACTION 79 53 305
UPDATE 1554057565 TRANSACTION 6aba79de4c53d48ec44bb0b902b250eb
SEND 1554057565 TRANSACTION 79 14968 6aba79de4c53d48ec44bb0b902b250eb
RECIEVED 1554057565 TRANSACTION 81 53 306
UPDATE 1554057565 TRANSACTION 49145667a914b5c18b3b738ab300f355
SEND 1554057565 TRANSACTION 81 18281 49145667a914b5c18b3b738ab300f355
SEND 1554057565 TRANSACTION 81 16592 49145667a914b5c18b3b738ab300f355
RECIEVED 1554057565 TRANSACTION 81 53 307
RECIEVED 1554057565 TRANSACTION 81 53 307
UPDATE 1554057565 TRANSACTION a09e06c93559e0770e2643189f24566b
SEND 1554057565 TRANSACTION 81 16889 a09e06c93559e0770e2643189f24566b
SEND 1554057565 TRANSACTION 81 24282 a09e06c93559e0770e2643189f24566b
SEND 1554057565 TRANSACTION 81 24998 a09e06c93559e0770e2643189f24566b
RECIEVED 1554057565 TRANSACTION 79 53 308
UPDATE 1554057565 TRANSACTION 85fc53193f2b637850f1e037d2b44d00
SEND 1554057565 TRANSACTION 79 15047 85fc53193f2b637850f1e037d2b44d00
SEND 1554057565 TRANSACTION 79 21961 85fc53193f2b637850f1e037d2b44d00
RECIEVED 1554057565 TRANSACTION 79 53 309
RECIEVED 1554057566 TRANSACTION 81 53 309
UPDATE 1554057566 TRANSACTION 0e9b8a10b6dd813a87f8feaf8b460b1a
SEND 1554057566 TRANSACTION 81 20894 0e9b8a10b6dd813a87f8feaf8b460b1a
RECIEVED 1554057566 TRANSACTION 80 53 310
UPDATE 1554057566 TRANSACTION 7c3ef64963f4e2db8b1c59ae463135dd
SEND 1554057566 TRANSACTION 80 23292 7c3ef64963f4e2db8b1c59ae463135dd
SEND 1554057566 TRANSACTION 80 21884 7c3ef64963f4e2db8b1c59ae463135dd
RECIEVED 1554057566 TRANSACTION 80 53 311
RECIEVED 1554057566 TRANSACTION 80 53 311
UPDATE 1554057566 TRANSACTION ee9bb30797b70cd33579188d13ce6a01
SEND 1554057566 TRANSACTION 80 20818 ee9bb30797b70cd33579188d13ce6a01
SEND 1554057566 TRANSACTION 80 20018 ee9bb30797b70cd33579188d13ce6a01
RECIEVED 1554057567 TRANSACTION 79 53 312
UPDATE 1554057567 TRANSACTION e9453e687e2e6fb53d209a6ebebcac15
SEND 1554057567 TRANSACTION 79 35166 e9453e687e2e6fb53d209a6ebebcac15
RECIEVED 1554057567 TRANSACTION 81 53 313
UPDATE 1554057567 TRANSACTION 800b2cc7cce239f77094519799a98a23
SEND 1554057567 TRANSACTION 81 43423 800b2cc7cce239f77094519799a98a23
SEND 1554057567 TRANSACTION 81 26820 800b2cc7cce239f77094519799a98a23
RECIEVED 1554057567 TRANSACTION 81 53 314
RECIEVED 1554057567 TRANSACTION 81 53 314
RECIEVED 1554057567 TRANSACTION 81 53 314
UPDATE 1554057567 TRANSACTION 83c8006927b519e0bdbaac8e3d5c9747
RECIEVED 1554057567 TRANSACTION 81 53 315
UPDATE 1554057567 TRANSACTION 44451fff76b815936aa8c2730a33844c
RECIEVED 1554057568 TRANSACTION 81 53 316
UPDATE 1554057568 TRANSACTION 4023be619edf78b367ffe3ad6f4d940c
SEND 1554057568 TRANSACTION 81 11379 4023be619edf78b367ffe3ad6f4d940c
RECIEVED 1554057568 TRANSACTION 79 53 317
UPDATE 1554057568 TRANSACTION 2f3667512a58d2a897aa3cad65d3b96b
SEND 1554057568 TRANSACTION 79 15545 2f3667512a58d2a897aa3cad65d3b96b
SEND 1554057568 TRANSACTION 79 24535 2f3667512a58d2a897aa3cad65d3b96b
RECIEVED 1554057568 TRANSACTION 79 53 318
RECIEVED 1554057568 TRANSACTION 79 53 318
RECIEVED 1554057568 TRANSACTION 81 53 318
UPDATE 1554057568 TRANSACTION 7030010df331256e7125e3b42631c884
SEND 1554057568 TRANSACTION 81 15629 7030010df331256e7125e3b42631c884
RECIEVED 1554057568 TRANSACTION 81 53 319
RECIEVED 1554057568 TRANSACTION 81 53 319
RECIEVED 1554057568 TRANSACTION 80 53 319
UPDATE 1554057568 TRANSACTION 2912a3efb5b6914c4f0f2a9d2b652370
SEND 1554057568 TRANSACTION 80 20502 2912a3efb5b6914c4f0f2a9d2b652370
RECIEVED 1554057568 TRANSACTION 81 53 320
UPDATE 1554057568 TRANSACTION aa263f8723e0423b2988d986a52c7f59
SEND 1554057568 TRANSACTION 81 19331 aa263f8723e0423b2988d986a52c7f59
SEND 1554057568 TRANSACTION 81 22357 aa263f8723e0423b2988d986a52c7f59
RECIEVED 1554057568 TRANSACTION 81 53 321
RECIEVED 1554057569 TRANSACTION 82 53 321
UPDATE 1554057569 TRANSACTION 2f031743b8ad643eeba9bab9d95edf1b
RECIEVED 1554057569 TRANSACTION 81 53 322
UPDATE 1554057569 TRANSACTION 50218a5552ef0a06038c47dd658f06c1
SEND 1554057569 TRANSACTION 81 15998 50218a5552ef0a06038c47dd658f06c1
SEND 1554057569 TRANSACTION 81 28317 50218a5552ef0a06038c47dd658f06c1
SEND 1554057569 TRANSACTION 81 16480 50218a5552ef0a06038c47dd658f06c1
RECIEVED 1554057569 TRANSACTION 81 53 323
RECIEVED 1554057569 TRANSACTION 81 53 323
UPDATE 1554057569 TRANSACTION 0cb1ea17c105bbe9024623aa0df51982
SEND 1554057569 TRANSACTION 81 31235 0cb1ea17c105bbe9024623aa0df51982
RECIEVED 1554057569 TRANSACTION 81 53 324
RECIEVED 1554057569 TRANSACTION 81 53 324
RECIEVED 1554057569 TRANSACTION 80 53 324
UPDATE 1554057569 TRANSACTION 8a8369953516728c480af83ccbe03cf9
SEND 1554057569 TRANSACTION 80 16751 8a8369953516728c480af83ccbe03cf9
RECIEVED 1554057569 TRANSACTION 80 53 325
RECIEVED 1554057570 TRANSACTION 81 53 325
UPDATE 1554057570 TRANSACTION b241b8ce7aaa3f2b5ec35db679712dd5
SEND 1554057570 TRANSACTION 81 15455 b241b8ce7aaa3f2b5ec35db679712dd5
SEND 1554057570 TRANSACTION 81 36914 b241b8ce7aaa3f2b5ec35db679712dd5
SEND 1554057570 TRANSACTION 81 26240 b241b8ce7aaa3f2b5ec35db679712dd5
RECIEVED 1554057570 TRANSACTION 82 53 326
UPDATE 1554057570 TRANSACTION eac752ac7d3f3f45715928ac84a5274e
SEND 1554057570 TRANSACTION 82 15057 eac752ac7d3f3f45715928ac84a5274e
SEND 1554057570 TRANSACTION 82 30696 eac752ac7d3f3f45715928ac84a5274e
RECIEVED 1554057571 HB 3 53 327
SEND 1554057571 INTRODUCE 37 21967
SEND 1554057571 INTRODUCE 36 20165
SEND 1554057571 INTRODUCE 37 13360
SEND 1554057571 INTRODUCE 37 66984
RECIEVED 1554057571 TRANSACTION 80 53 327
UPDATE 1554057571 TRANSACTION b6ee8c5ad9ff9819507689da96ae1a6f
RECIEVED 1554057571 TRANSACTION 81 53 328
UPDATE 1554057571 TRANSACTION 4b215e2a311a970a3da29b9eebd4884c
RECIEVED 1554057571 TRANSACTION 81 53 329
UPDATE 1554057571 TRANSACTION cb30208d5ed07f5e100e5566ed7751f3
SEND 1554057571 TRANSACTION 81 37666 cb30208d5ed07f5e100e5566ed7751f3
RECIEVED 1554057571 TRANSACTION 81 53 330
UPDATE 1554057571 TRANSACTION 369f9e0961c4822503b49549ee382d83
SEND 1554057571 TRANSACTION 81 34438 369f9e0961c4822503b49549ee382d83
SEND 1554057571 TRANSACTION 81 21946 369f9e0961c4822503b49549ee382d83
RECIEVED 1554057571 TRANSACTION 81 53 331
RECIEVED 1554057571 TRANSACTION 81 53 331
UPDATE 1554057571 TRANSACTION 837f21cf67832a76eae8b4924ef4ca04
RECIEVED 1554057571 TRANSACTION 81 53 332
UPDATE 1554057571 TRANSACTION d730b3b0732b02fbc0371d1bf2e57792
SEND 1554057571 TRANSACTION 81 17232 d730b3b0732b02fbc0371d1bf2e57792
RECIEVED 1554057571 TRANSACTION 81 53 333
RECIEVED 1554057572 TRANSACTION 81 53 333
UPDATE 1554057572 TRANSACTION d6a3e0d84a094308bd5ea60beccf00ba
SEND 1554057572 TRANSACTION 81 21615 d6a3e0d84a094308bd5ea60beccf00ba
SEND 1554057572 TRANSACTION 81 21705 d6a3e0d84a094308bd5ea60beccf00ba
RECIEVED 1554057572 TRANSACTION 80 53 334
UPDATE 1554057572 TRANSACTION 24a03dc14f16b6268e9348d973c7d498
RECIEVED 1554057572 INTRODUCE 36 53 335
RECIEVED 1554057572 INTRODUCE 37 54 335
RECIEVED 1554057572 INTRODUCE 35 54 335
RECIEVED 1554057572 INTRODUCE 35 54 335
RECIEVED 1554057572 TRANSACTION 81 55 335
UPDATE 1554057572 TRANSACTION 9af81a2e143736b619d85487d4178f3f
SEND 1554057572 TRANSACTION 81 24840 9af81a2e143736b619d85487d4178f3f
RECIEVED 1554057572 TRANSACTION 81 55 336
RECIEVED 1554057573 TRANSACTION 81 55 336
UPDATE 1554057573 TRANSACTION 0e1df14a46d69ca4084b9cec0ec13777
SEND 1554057573 TRANSACTION 81 22819 0e1df14a46d69ca4084b9cec0ec13777
RECIEVED 1554057573 TRANSACTION 81 55 337
UPDATE 1554057573 TRANSACTION f669a180b7ff2c58948dd40049486fd2
SEND 1554057573 TRANSACTION 81 27568 f669a180b7ff2c58948dd40049486fd2
SEND 1554057573 TRANSACTION 81 58982 f669a180b7ff2c58948dd40049486fd2
RECIEVED 1554057573 TRANSACTION 81 55 338
UPDATE 1554057573 TRANSACTION 26db9338621ea4fcef43296d46a952b5
SEND 1554057573 TRANSACTION 81 28996 26db9338621ea4fcef43296d46a952b5
RECIEVED 1554057573 TRANSACTION 81 55 339
RECIEVED 1554057573 TRANSACTION 80 55 339
UPDATE 1554057573 TRANSACTION b1353b627bb7858ef4f5aad6652f8d9e
SEND 1554057573 TRANSACTION 80 14738 b1353b627bb7858ef4f5aad6652f8d9e
SEND 1554057573 TRANSACTION 80 16382 b1353b627bb7858ef4f5aad6652f8d9e
SEND 1554057573 TRANSACTION 80 17427 b1353b627bb7858ef4f5aad6652f8d9e
RECIEVED 1554057573 TRANSACTION 80 55 340
RECIEVED 1554057573 TRANSACTION 80 55 340
RECIEVED 1554057573 TRANSACTION 81 55 340
UPDATE 1554057573 TRANSACTION 8453759aa0731b1cde2f5a7535961974
SEND 1554057573 TRANSACTION 81 15544 8453759aa0731b1cde2f5a7535961974
SEND 1554057573 TRANSACTION 81 27499 8453759aa0731b1cde2f5a7535961974
RECIEVED 1554057573 TRANSACTION 81 55 341
UPDATE 1554057573 TRANSACTION 70b11e7a1085d46e224c05fc39fe26d9
SEND 1554057573 TRANSACTION 81 16554 70b11e7a1085d46e224c05fc39fe26d9
RECIEVED 1554057574 TRANSACTION 81 55 342
UPDATE 1554057574 TRANSACTION 382fd4bfc3aed019146b46b11a0dab54
SEND 1554057574 TRANSACTION 81 20738 382fd4bfc3aed019146b46b11a0dab54
SEND 1554057574 TRANSACTION 81 15470 382fd4bfc3aed019146b46b11a0dab54
SEND 1554057574 TRANSACTION 81 36552 382fd4bfc3aed019146b46b11a0dab54
SEND 1554057574 TRANSACTION 81 16027 382fd4bfc3aed019146b46b11a0dab54
RECIEVED 1554057574 TRANSACTION 81 55 343
RECIEVED 1554057574 TRANSACTION 81 55 343
UPDATE 1554057574 TRANSACTION 8a231f422afebab09b8d892adca71f8a
SEND 1554057574 TRANSACTION 81 20910 8a231f422afebab09b8d892adca71f8a
RECIEVED 1554057574 TRANSACTION 81 55 344
RECIEVED 1554057574 TRANSACTION 80 55 344
UPDATE 1554057574 TRANSACTION d791dd15823a913847293b81fcb5224e
SEND 1554057574 TRANSACTION 80 55699 d791dd15823a913847293b81fcb5224e
RECIEVED 1554057575 TRANSACTION 81 55 345
UPDATE 1554057575 TRANSACTION c3a051a2d0860b451b7770807d1706ca
RECIEVED 1554057575 TRANSACTION 81 55 346
UPDATE 1554057575 TRANSACTION 6f46314d8ce7dfb1fe7c7cc3094fc6a5
RECIEVED 1554057575 TRANSACTION 81 55 347
RECIEVED 1554057576 TRANSACTION 81 55 347
UPDATE 1554057576 TRANSACTION 6e11873e28bab01744eeb7eae2eee010
SEND 1554057576 TRANSACTION 81 15756 6e11873e28bab01744eeb7eae2eee010
RECIEVED 1554057576 TRANSACTION 81 55 348
UPDATE 1554057576 TRANSACTION 34bbba4c260367600f695082485cd3f3
SEND 1554057576 TRANSACTION 81 16432 34bbba4c260367600f695082485cd3f3
RECIEVED 1554057577 TRANSACTION 81 55 349
UPDATE 1554057577 TRANSACTION bdad56427c58c48f571b0d623cd77bc7
SEND 1554057577 TRANSACTION 81 14694 bdad56427c58c48f571b0d623cd77bc7
RECIEVED 1554057577 TRANSACTION 81 55 350
UPDATE 1554057577 TRANSACTION c15e1d8b023ff53d2e8178fc9a1230bc
SEND 1554057577 TRANSACTION 81 15665 c15e1d8b023ff53d2e8178fc9a1230bc
SEND 1554057577 TRANSACTION 81 20422 c15e1d8b023ff53d2e8178fc9a1230bc
RECIEVED 1554057577 TRANSACTION 80 55 351
UPDATE 1554057577 TRANSACTION 82d946f8abcd28ea06093bb3bf94d933
RECIEVED 1554057577 TRANSACTION 80 55 352
RECIEVED 1554057577 TRANSACTION 79 55 352
UPDATE 1554057577 TRANSACTION 31020071ad1a09e4fddb926c03a6ef39
SEND 1554057577 TRANSACTION 79 170112 31020071ad1a09e4fddb926c03a6ef39
RECIEVED 1554057577 TRANSACTION 81 55 353
UPDATE 1554057577 TRANSACTION cb0f0d9980163305539046f65ad8e5f2
SEND 1554057577 TRANSACTION 81 42622 cb0f0d9980163305539046f65ad8e5f2
RECIEVED 1554057577 TRANSACTION 81 55 354
UPDATE 1554057577 TRANSACTION d1c186d463ca2c6daa72fd6c378d1579
SEND 1554057577 TRANSACTION 81 20626 d1c186d463ca2c6daa72fd6c378d1579
SEND 1554057577 TRANSACTION 81 21031 d1c186d463ca2c6daa72fd6c378d1579
SEND 1554057577 TRANSACTION 81 109758 d1c186d463ca2c6daa72fd6c378d1579
RECIEVED 1554057577 TRANSACTION 81 55 355
RECIEVED 1554057577 TRANSACTION 80 55 355
UPDATE 1554057577 TRANSACTION 103d8d46f94d5bb130a6952b730777fb
SEND 1554057577 TRANSACTION 80 29210 103d8d46f94d5bb130a6952b730777fb
SEND 1554057577 TRANSACTION 80 15221 103d8d46f94d5bb130a6952b730777fb
SEND 1554057577 TRANSACTION 80 15644 103d8d46f94d5bb130a6952b730777fb
RECIEVED 1554057577 TRANSACTION 80 55 356
RECIEVED 1554057578 TRANSACTION 80 55 356
UPDATE 1554057578 TRANSACTION 27d0b645c12c264b3d886868496e1292
SEND 1554057578 TRANSACTION 80 16154 27d0b645c12c264b3d886868496e1292
SEND 1554057578 TRANSACTION 80 17609 27d0b645c12c264b3d886868496e1292
RECIEVED 1554057578 TRANSACTION 81 55 357
UPDATE 1554057578 TRANSACTION 468b55e12ae98197a52cb11ef6403914
RECIEVED 1554057579 TRANSACTION 81 55 358
UPDATE 1554057579 TRANSACTION 53064895891aea1c8a499befa3729bb4
SEND 1554057579 TRANSACTION 81 21104 53064895891aea1c8a499befa3729bb4
RECIEVED 1554057579 TRANSACTION 81 55 359
UPDATE 1554057579 TRANSACTION 979dcb151565c3af63180c6828a2542b
SEND 1554057579 TRANSACTION 81 15933 979dcb151565c3af63180c6828a2542b
RECIEVED 1554057579 TRANSACTION 81 55 360
RECIEVED 1554057580 TRANSACTION 81 55 360
UPDATE 1554057580 TRANSACTION e2a0cc1d3291d6b45637036d3953dc00
SEND 1554057580 TRANSACTION 81 21855 e2a0cc1d3291d6b45637036d3953dc00
RECIEVED 1554057580 TRANSACTION 80 55 361
UPDATE 1554057580 TRANSACTION 8a1d6844856499146f4333dbe358b71e
SEND 1554057580 TRANSACTION 80 26198 8a1d6844856499146f4333dbe358b71e
RECIEVED 1554057580 TRANSACTION 80 55 362
RECIEVED 1554057581 TRANSACTION 81 55 362
UPDATE 1554057581 TRANSACTION d2972f7aa3af458365ddcd7388aec296
SEND 1554057581 TRANSACTION 81 20060 d2972f7aa3af458365ddcd7388aec296
RECIEVED 1554057581 HB 3 55 363
SEND 1554057581 INTRODUCE 35 16327
SEND 1554057581 INTRODUCE 37 21425
SEND 1554057581 INTRODUCE 37 30769
SEND 1554057581 INTRODUCE 36 25184
RECIEVED 1554057581 TRANSACTION 81 55 363
UPDATE 1554057581 TRANSACTION 8c5b0f844a4451662bd8484afd1dbee4
SEND 1554057581 TRANSACTION 81 18849 8c5b0f844a4451662bd8484afd1dbee4
RECIEVED 1554057581 TRANSACTION 81 55 364
UPDATE 1554057581 TRANSACTION c98ab91b020e0c80d980f355bf3ccaac
RECIEVED 1554057581 TRANSACTION 81 55 365
UPDATE 1554057581 TRANSACTION 6ea268b64833e35369cbcba794eb754d
SEND 1554057581 TRANSACTION 81 37313 6ea268b64833e35369cbcba794eb754d
RECIEVED 1554057581 TRANSACTION 81 55 366
RECIEVED 1554057582 TRANSACTION 80 55 366
UPDATE 1554057582 TRANSACTION 62186b9646297b7543820d7b9ab4f468
SEND 1554057582 TRANSACTION 80 15704 62186b9646297b7543820d7b9ab4f468
RECIEVED 1554057582 TRANSACTION 80 55 367
UPDATE 1554057582 TRANSACTION b418875fc19529db1077b0416c9bcdaa
SEND 1554057582 TRANSACTION 80 25837 b418875fc19529db1077b0416c9bcdaa
SEND 1554057582 TRANSACTION 80 23731 b418875fc19529db1077b0416c9bcdaa
RECIEVED 1554057582 TRANSACTION 81 55 368
UPDATE 1554057582 TRANSACTION 4564e4725687a269348842ac41e84b3b
SEND 1554057582 TRANSACTION 81 15394 4564e4725687a269348842ac41e84b3b
RECIEVED 1554057582 TRANSACTION 81 55 369
UPDATE 1554057582 TRANSACTION 91b8234d57e226ccfa420746ea121620
SEND 1554057582 TRANSACTION 81 14725 91b8234d57e226ccfa420746ea121620
RECIEVED 1554057582 TRANSACTION 81 55 370
UPDATE 1554057582 TRANSACTION 01544d37462f7fdc320c406b4eff5a92
SEND 1554057582 TRANSACTION 81 15878 01544d37462f7fdc320c406b4eff5a92
SEND 1554057582 TRANSACTION 81 16597 01544d37462f7fdc320c406b4eff5a92
RECIEVED 1554057583 TRANSACTION 79 55 371
UPDATE 1554057583 TRANSACTION 4c8ec6172082ea3ca5ab3e300c15b35d
SEND 1554057583 TRANSACTION 79 20680 4c8ec6172082ea3ca5ab3e300c15b35d
SEND 1554057583 TRANSACTION 79 19083 4c8ec6172082ea3ca5ab3e300c15b35d
RECIEVED 1554057583 TRANSACTION 81 55 372
UPDATE 1554057583 TRANSACTION a98c4d5c56e475630fb07265cc9678f2
SEND 1554057583 TRANSACTION 81 14990 a98c4d5c56e475630fb07265cc9678f2
SEND 1554057583 TRANSACTION 81 15647 a98c4d5c56e475630fb07265cc9678f2
RECIEVED 1554057583 INTRODUCE 36 55 373
RECIEVED 1554057583 TRANSACTION 81 56 373
UPDATE 1554057583 TRANSACTION 3f15665434bf987dde698ead58b7854b
SEND 1554057583 TRANSACTION 81 21098 3f15665434bf987dde698ead58b7854b
RECIEVED 1554057584 TRANSACTION 81 56 374
UPDATE 1554057584 TRANSACTION a97e1ea198a8aee4ade9358a7d7759b4
SEND 1554057584 TRANSACTION 81 20421 a97e1ea198a8aee4ade9358a7d7759b4
RECIEVED 1554057584 TRANSACTION 81 56 375
UPDATE 1554057584 TRANSACTION 07a600d7f98df2d6413b096bad1ee77f
SEND 1554057584 TRANSACTION 81 16331 07a600d7f98df2d6413b096bad1ee77f
RECIEVED 1554057584 TRANSACTION 81 56 376
UPDATE 1554057584 TRANSACTION c12b9620a8199b23936246b1ddbab7b1
SEND 1554057584 TRANSACTION 81 26671 c12b9620a8199b23936246b1ddbab7b1
SEND 1554057584 TRANSACTION 81 16579 c12b9620a8199b23936246b1ddbab7b1
RECIEVED 1554057584 TRANSACTION 81 56 377
UPDATE 1554057584 TRANSACTION 2a8f6b3d9b23336259057f5b9c4e48e2
SEND 1554057584 TRANSACTION 81 14769 2a8f6b3d9b23336259057f5b9c4e48e2
SEND 1554057584 TRANSACTION 81 52384 2a8f6b3d9b23336259057f5b9c4e48e2
SEND 1554057584 TRANSACTION 81 27542 2a8f6b3d9b23336259057f5b9c4e48e2
RECIEVED 1554057584 TRANSACTION 81 56 378
UPDATE 1554057584 TRANSACTION 9f447c2b128535b49be49945524d860c
SEND 1554057584 TRANSACTION 81 15554 9f447c2b128535b49be49945524d860c
RECIEVED 1554057584 TRANSACTION 81 56 379
RECIEVED 1554057585 TRANSACTION 80 56 379
UPDATE 1554057585 TRANSACTION 58e3f01d1775405874be8132a33e3c0d
SEND 1554057585 TRANSACTION 80 29111 58e3f01d1775405874be8132a33e3c0d
SEND 1554057585 TRANSACTION 80 24933 58e3f01d1775405874be8132a33e3c0d
RECIEVED 1554057585 TRANSACTION 80 56 380
RECIEVED 1554057585 TRANSACTION 80 56 380
RECIEVED 1554057585 TRANSACTION 81 56 380
UPDATE 1554057585 TRANSACTION cb698cd8fe08ee4033c270883466fd83
SEND 1554057585 TRANSACTION 81 19221 cb698cd8fe08ee4033c270883466fd83
RECIEVED 1554057585 TRANSACTION 81 56 381
RECIEVED 1554057585 TRANSACTION 81 56 381
UPDATE 1554057585 TRANSACTION 1c3c405a2310f588857b2d90e95f469a
SEND 1554057585 TRANSACTION 81 26522 1c3c405a2310f588857b2d90e95f469a
RECIEVED 1554057585 TRANSACTION 81 56 382
UPDATE 1554057585 TRANSACTION 092f4ce933cfcfd39b308768188c6aaf
SEND 1554057585 TRANSACTION 81 20519 092f4ce933cfcfd39b308768188c6aaf
SEND 1554057585 TRANSACTION 81 21487 092f4ce933cfcfd39b308768188c6aaf
RECIEVED 1554057585 TRANSACTION 81 56 383
RECIEVED 1554057585 TRANSACTION 80 56 383
UPDATE 1554057585 TRANSACTION 12375af94f360410a15c6940d607c05a
SEND 1554057585 TRANSACTION 80 18944 12375af94f360410a15c6940d607c05a
RECIEVED 1554057585 TRANSACTION 80 56 384
RECIEVED 1554057585 TRANSACTION 82 56 384
UPDATE 1554057585 TRANSACTION d1881ece0523afee78f9456923546bea
RECIEVED 1554057585 TRANSACTION 82 56 385
RECIEVED 1554057585 TRANSACTION 81 56 385
UPDATE 1554057585 TRANSACTION 70f782a10486a4330eab713829f9328f
RECIEVED 1554057585 TRANSACTION 81 56 386
UPDATE 1554057585 TRANSACTION 5aa9399896bcf3d0d0081aeaf98babfc
SEND 1554057585 TRANSACTION 81 26072 5aa9399896bcf3d0d0081aeaf98babfc
SEND 1554057585 TRANSACTION 81 20357 5aa9399896bcf3d0d0081aeaf98babfc
RECIEVED 1554057585 TRANSACTION 81 56 387
RECIEVED 1554057585 TRANSACTION 81 56 387
UPDATE 1554057585 TRANSACTION a39e66a43976af4a4ba2ba93aba05bed
RECIEVED 1554057585 TRANSACTION 81 56 388
RECIEVED 1554057586 TRANSACTION 81 56 388
UPDATE 1554057586 TRANSACTION d88fd173d456753c67355f51372adbea
SEND 1554057586 TRANSACTION 81 19308 d88fd173d456753c67355f51372adbea
SEND 1554057586 TRANSACTION 81 19460 d88fd173d456753c67355f51372adbea
RECIEVED 1554057587 TRANSACTION 81 56 389
UPDATE 1554057587 TRANSACTION 05415de36fbf1d20af19fbc74500e303
SEND 1554057587 TRANSACTION 81 37654 05415de36fbf1d20af19fbc74500e303
SEND 1554057587 TRANSACTION 81 27277 05415de36fbf1d20af19fbc74500e303
RECIEVED 1554057587 TRANSACTION 81 56 390
UPDATE 1554057587 TRANSACTION 984a828274a6b2773b76edb76f29eabd
SEND 1554057587 TRANSACTION 81 27735 984a828274a6b2773b76edb76f29eabd
RECIEVED 1554057587 TRANSACTION 81 56 391
UPDATE 1554057587 TRANSACTION 52dff4d067cd47fb976f800270126ba1
RECIEVED 1554057587 TRANSACTION 81 56 392
UPDATE 1554057587 TRANSACTION 1dba4231fe1f26bab7d98938cc625a5f
SEND 1554057587 TRANSACTION 81 20632 1dba4231fe1f26bab7d98938cc625a5f
SEND 1554057587 TRANSACTION 81 18291 1dba4231fe1f26bab7d98938cc625a5f
RECIEVED 1554057587 TRANSACTION 81 56 393
UPDATE 1554057587 TRANSACTION b2585fea980ca14a353513ad9fdb5b01
SEND 1554057587 TRANSACTION 81 16920 b2585fea980ca14a353513ad9fdb5b01
SEND 1554057587 TRANSACTION 81 17982 b2585fea980ca14a353513ad9fdb5b01
SEND 1554057587 TRANSACTION 81 20573 b2585fea980ca14a353513ad9fdb5b01
RECIEVED 1554057588 TRANSACTION 82 56 394
UPDATE 1554057588 TRANSACTION f8d620dc5acc557ac5ff04c252757aa1
SEND 1554057588 TRANSACTION 82 15772 f8d620dc5acc557ac5ff04c252757aa1
RECIEVED 1554057588 TRANSACTION 81 56 395
UPDATE 1554057588 TRANSACTION 71117f4310e658d8dede9ca2c56dca1a
SEND 1554057588 TRANSACTION 81 20424 71117f4310e658d8dede9ca2c56dca1a
SEND 1554057588 TRANSACTION 81 24956 71117f4310e658d8dede9ca2c56dca1a
RECIEVED 1554057588 TRANSACTION 81 56 396
UPDATE 1554057588 TRANSACTION 2dfcd1cdf6cfd62ddd5b3c7407cd1d08
RECIEVED 1554057588 TRANSACTION 81 56 397
UPDATE 1554057588 TRANSACTION 7718bbdb75ee3163cbd2e08afa8bdc47
SEND 1554057588 TRANSACTION 81 14823 7718bbdb75ee3163cbd2e08afa8bdc47
SEND 1554057588 TRANSACTION 81 16139 7718bbdb75ee3163cbd2e08afa8bdc47
RECIEVED 1554057588 TRANSACTION 80 56 398
UPDATE 1554057588 TRANSACTION e6678f5a21186f81d571b13bb03a745a
SEND 1554057588 TRANSACTION 80 15258 e6678f5a21186f81d571b13bb03a745a
SEND 1554057588 TRANSACTION 80 15227 e6678f5a21186f81d571b13bb03a745a
RECIEVED 1554057588 TRANSACTION 80 56 399
RECIEVED 1554057588 TRANSACTION 81 56 399
UPDATE 1554057588 TRANSACTION 98989e0ce5b7895b475f4275b9c95434
SEND 1554057588 TRANSACTION 81 15735 98989e0ce5b7895b475f4275b9c95434
SEND 1554057588 TRANSACTION 81 15278 98989e0ce5b7895b475f4275b9c95434
SEND 1554057588 TRANSACTION 81 26379 98989e0ce5b7895b475f4275b9c95434
RECIEVED 1554057588 TRANSACTION 82 56 400
UPDATE 1554057588 TRANSACTION 124d7445f3ead7e21d76014900993467
SEND 1554057588 TRANSACTION 82 30907 124d7445f3ead7e21d76014900993467
SEND 1554057588 TRANSACTION 82 26241 124d7445f3ead7e21d76014900993467
RECIEVED 1554057589 TRANSACTION 81 56 401
UPDATE 1554057589 TRANSACTION a56248540b4ea62d8f13b0a3ab059537
SEND 1554057589 TRANSACTION 81 15585 a56248540b4ea62d8f13b0a3ab059537
SEND 1554057589 TRANSACTION 81 27227 a56248540b4ea62d8f13b0a3ab059537
SEND 1554057589 TRANSACTION 81 15039 a56248540b4ea62d8f13b0a3ab059537
RECIEVED 1554057589 TRANSACTION 81 56 402
UPDATE 1554057589 TRANSACTION d3e23adecf49ca81fd1d0c45b65824d1
RECIEVED 1554057589 TRANSACTION 81 56 403
RECIEVED 1554057589 TRANSACTION 81 56 403
RECIEVED 1554057589 TRANSACTION 81 56 403
UPDATE 1554057589 TRANSACTION 941c359bb637353a8d44651e83d201b8
RECIEVED 1554057589 TRANSACTION 81 56 404
UPDATE 1554057589 TRANSACTION f8b5b837b508bd27f64b59908e615dfc
SEND 1554057589 TRANSACTION 81 15744 f8b5b837b508bd27f64b59908e615dfc
RECIEVED 1554057589 TRANSACTION 81 56 405
RECIEVED 1554057589 TRANSACTION 81 56 405
UPDATE 1554057589 TRANSACTION 82390265d4d265aec60bed047362351b
SEND 1554057589 TRANSACTION 81 15813 82390265d4d265aec60bed047362351b
SEND 1554057589 TRANSACTION 81 16298 82390265d4d265aec60bed047362351b
RECIEVED 1554057589 TRANSACTION 81 56 406
RECIEVED 1554057589 TRANSACTION 81 56 406
UPDATE 1554057589 TRANSACTION a3a3f4f99dca208367f6f8034c632d5b
SEND 1554057589 TRANSACTION 81 20542 a3a3f4f99dca208367f6f8034c632d5b
RECIEVED 1554057589 TRANSACTION 82 56 407
UPDATE 1554057589 TRANSACTION 5501410ad725f48ecd3615a217f996c7
SEND 1554057589 TRANSACTION 82 19363 5501410ad725f48ecd3615a217f996c7
RECIEVED 1554057590 TRANSACTION 80 56 408
UPDATE 1554057590 TRANSACTION e8bc74a09751c19a80cb656a3076c025
SEND 1554057590 TRANSACTION 80 26345 e8bc74a09751c19a80cb656a3076c025
SEND 1554057590 TRANSACTION 80 19424 e8bc74a09751c19a80cb656a3076c025
RECIEVED 1554057590 TRANSACTION 81 56 409
UPDATE 1554057590 TRANSACTION 596968afe526abb310efce9200a7116e
SEND 1554057590 TRANSACTION 81 21817 596968afe526abb310efce9200a7116e
SEND 1554057590 TRANSACTION 81 28659 596968afe526abb310efce9200a7116e
SEND 1554057590 TRANSACTION 81 15811 596968afe526abb310efce9200a7116e
RECIEVED 1554057590 TRANSACTION 81 56 410
RECIEVED 1554057590 TRANSACTION 81 56 410
UPDATE 1554057590 TRANSACTION 3ebe50251776d94ebf7aafc295a955eb
SEND 1554057590 TRANSACTION 81 15432 3ebe50251776d94ebf7aafc295a955eb
RECIEVED 1554057590 TRANSACTION 81 56 411
UPDATE 1554057590 TRANSACTION ca7fe5fe9037c2f7e6def92485cb6a19
SEND 1554057590 TRANSACTION 81 26315 ca7fe5fe9037c2f7e6def92485cb6a19
SEND 1554057590 TRANSACTION 81 20728 ca7fe5fe9037c2f7e6def92485cb6a19
SEND 1554057590 TRANSACTION 81 20457 ca7fe5fe9037c2f7e6def92485cb6a19
RECIEVED 1554057590 TRANSACTION 81 56 412
RECIEVED 1554057591 HB 3 56 412
SEND 1554057591 INTRODUCE 36 55235
SEND 1554057591 INTRODUCE 35 17601
SEND 1554057591 INTRODUCE 36 15889
SEND 1554057591 INTRODUCE 36 18882
RECIEVED 1554057591 TRANSACTION 80 56 412
UPDATE 1554057591 TRANSACTION dd4c3877c253d56764a10c674ff6c588
SEND 1554057591 TRANSACTION 80 21368 dd4c3877c253d56764a10c674ff6c588
SEND 1554057591 TRANSACTION 80 19355 dd4c3877c253d56764a10c674ff6c588
RECIEVED 1554057591 TRANSACTION 80 56 413
RECIEVED 1554057591 TRANSACTION 81 56 413
UPDATE 1554057591 TRANSACTION bbe00c0e80b0a21b6535030680130c45
RECIEVED 1554057591 TRANSACTION 81 56 414
RECIEVED 1554057591 TRANSACTION 81 56 414
UPDATE 1554057591 TRANSACTION 56ec28f9325f6119e7c0a1f7a3a6acff
RECIEVED 1554057591 TRANSACTION 81 56 415
UPDATE 1554057591 TRANSACTION 3fdc734cc47674fb004d0686d91613e9
SEND 1554057591 TRANSACTION 81 15285 3fdc734cc47674fb004d0686d91613e9
SEND 1554057591 TRANSACTION 81 30006 3fdc734cc47674fb004d0686d91613e9
RECIEVED 1554057592 TRANSACTION 81 56 416
UPDATE 1554057592 TRANSACTION e54535220e7483680afeea63d69107b0
SEND 1554057592 TRANSACTION 81 14618 e54535220e7483680afeea63d69107b0
SEND 1554057592 TRANSACTION 81 15869 e54535220e7483680afeea63d69107b0
RECIEVED 1554057592 TRANSACTION 81 56 417
UPDATE 1554057592 TRANSACTION d76f05495ae825975288e3798e321ee1
SEND 1554057592 TRANSACTION 81 21628 d76f05495ae825975288e3798e321ee1
RECIEVED 1554057601 HB 3 56 418
RECIEVED 1554057617 HB 3 56 418
RECIEVED 1554057617 INTRODUCE 35 56 418
