RECIEVED 1554057523 INTRODUCE 36 0 0
SEND 1554057523 JOIN 31 22784
RECIEVED 1554057523 INTRODUCE 37 1 0
SEND 1554057523 INTRODUCE 37 18544
SEND 1554057523 JOIN 31 22933
RECIEVED 1554057523 INTRODUCE 37 2 0
SEND 1554057523 INTRODUCE 37 13921
SEND 1554057523 INTRODUCE 37 14984
SEND 1554057523 JOIN 31 21649
RECIEVED 1554057523 INTRODUCE 35 3 0
# Cannot connect to the introduced node node1
RECIEVED 1554057523 INTRODUCE 36 3 0
# Cannot connect to the introduced node node2
RECIEVED 1554057523 INTRODUCE 36 3 0
SEND 1554057523 INTRODUCE 36 10971
SEND 1554057523 INTRODUCE 36 16586
SEND 1554057523 INTRODUCE 36 17072
SEND 1554057523 JOIN 31 17957
RECIEVED 1554057523 INTRODUCE 35 4 0
RECIEVED 1554057523 INTRODUCE 35 5 0
RECIEVED 1554057523 INTRODUCE 36 6 0
RECIEVED 1554057523 INTRODUCE 36 7 0
RECIEVED 1554057523 INTRODUCE 36 8 0
RECIEVED 1554057523 INTRODUCE 37 9 0
RECIEVED 1554057523 INTRODUCE 36 10 0
RECIEVED 1554057523 INTRODUCE 36 11 0
RECIEVED 1554057523 INTRODUCE 37 12 0
RECIEVED 1554057523 INTRODUCE 35 13 0
RECIEVED 1554057523 INTRODUCE 36 14 0
RECIEVED 1554057523 INTRODUCE 35 15 0
RECIEVED 1554057523 INTRODUCE 37 16 0
RECIEVED 1554057523 INTRODUCE 35 17 0
RECIEVED 1554057523 INTRODUCE 36 18 0
RECIEVED 1554057523 INTRODUCE 36 19 0
RECIEVED 1554057523 INTRODUCE 36 20 0
RECIEVED 1554057523 INTRODUCE 36 21 0
RECIEVED 1554057523 INTRODUCE 36 22 0
RECIEVED 1554057523 INTRODUCE 37 23 0
RECIEVED 1554057523 INTRODUCE 35 23 0
RECIEVED 1554057523 INTRODUCE 36 24 0
RECIEVED 1554057523 INTRODUCE 36 25 0
RECIEVED 1554057523 INTRODUCE 36 26 0
RECIEVED 1554057523 INTRODUCE 37 27 0
RECIEVED 1554057523 INTRODUCE 36 28 0
RECIEVED 1554057523 INTRODUCE 36 29 0
RECIEVED 1554057523 INTRODUCE 35 30 0
RECIEVED 1554057523 INTRODUCE 36 31 0
RECIEVED 1554057523 INTRODUCE 36 32 0
RECIEVED 1554057523 INTRODUCE 37 33 0
RECIEVED 1554057523 INTRODUCE 36 34 0
RECIEVED 1554057523 INTRODUCE 35 35 0
RECIEVED 1554057523 TRANSACTION 79 35 0
UPDATE 1554057523 TRANSACTION 65bd6aae249bc8d55be95eed7d347972
SEND 1554057523 TRANSACTION 79 18101 65bd6aae249bc8d55be95eed7d347972
RECIEVED 1554057523 TRANSACTION 81 35 1
UPDATE 1554057523 TRANSACTION 97dd15516e0dd45d22b14a8734bf2cd6
SEND 1554057523 TRANSACTION 81 22580 97dd15516e0dd45d22b14a8734bf2cd6
RECIEVED 1554057525 TRANSACTION 81 35 2
UPDATE 1554057525 TRANSACTION 9bcd950f2564df94992c637267198e16
SEND 1554057525 TRANSACTION 81 30214 9bcd950f2564df94992c637267198e16
RECIEVED 1554057525 TRANSACTION 81 35 3
UPDATE 1554057525 TRANSACTION ba9ca74296c69e5fc62855fe1848b464
SEND 1554057525 TRANSACTION 81 15586 ba9ca74296c69e5fc62855fe1848b464
SEND 1554057525 TRANSACTION 81 20342 ba9ca74296c69e5fc62855fe1848b464
RECIEVED 1554057525 TRANSACTION 81 35 4
RECIEVED 1554057525 TRANSACTION 81 35 4
UPDATE 1554057525 TRANSACTION 3149872e54e5ee2dc2dcf6b684ac9119
SEND 1554057525 TRANSACTION 81 13460 3149872e54e5ee2dc2dcf6b684ac9119
SEND 1554057525 TRANSACTION 81 36331 3149872e54e5ee2dc2dcf6b684ac9119
RECIEVED 1554057525 TRANSACTION 81 35 5
UPDATE 1554057525 TRANSACTION ce578a2f24db607b9d424561e4dba9b6
SEND 1554057525 TRANSACTION 81 23704 ce578a2f24db607b9d424561e4dba9b6
RECIEVED 1554057526 TRANSACTION 81 35 6
UPDATE 1554057526 TRANSACTION b51f720c2f2737f584e9a102ad299fe8
SEND 1554057526 TRANSACTION 81 33757 b51f720c2f2737f584e9a102ad299fe8
SEND 1554057526 TRANSACTION 81 32330 b51f720c2f2737f584e9a102ad299fe8
RECIEVED 1554057526 TRANSACTION 80 35 7
UPDATE 1554057526 TRANSACTION 4921e444acb2d1d9d60bbb790e26de70
SEND 1554057526 TRANSACTION 80 44620 4921e444acb2d1d9d60bbb790e26de70
RECIEVED 1554057527 TRANSACTION 81 35 8
UPDATE 1554057527 TRANSACTION b2c337851b7e7b2d07f01ef39778b247
SEND 1554057527 TRANSACTION 81 29251 b2c337851b7e7b2d07f01ef39778b247
RECIEVED 1554057527 TRANSACTION 82 35 9
UPDATE 1554057527 TRANSACTION 98af63e9fe8e23bae209c39c08a26b65
SEND 1554057527 TRANSACTION 82 16751 98af63e9fe8e23bae209c39c08a26b65
SEND 1554057527 TRANSACTION 82 23878 98af63e9fe8e23bae209c39c08a26b65
SEND 1554057527 TRANSACTION 82 17908 98af63e9fe8e23bae209c39c08a26b65
RECIEVED 1554057528 TRANSACTION 81 35 10
UPDATE 1554057528 TRANSACTION cc2000f4238e85a4860e677eb187ed4d
SEND 1554057528 TRANSACTION 81 31432 cc2000f4238e85a4860e677eb187ed4d
SEND 1554057528 TRANSACTION 81 15459 cc2000f4238e85a4860e677eb187ed4d
SEND 1554057528 TRANSACTION 81 46422 cc2000f4238e85a4860e677eb187ed4d
SEND 1554057528 TRANSACTION 81 17160 cc2000f4238e85a4860e677eb187ed4d
RECIEVED 1554057528 TRANSACTION 81 35 11
UPDATE 1554057528 TRANSACTION 41e3d0269e951988fb0b904de808a6dd
SEND 1554057528 TRANSACTION 81 24046 41e3d0269e951988fb0b904de808a6dd
SEND 1554057528 TRANSACTION 81 21811 41e3d0269e951988fb0b904de808a6dd
SEND 1554057528 TRANSACTION 81 17280 41e3d0269e951988fb0b904de808a6dd
RECIEVED 1554057528 TRANSACTION 80 35 12
UPDATE 1554057528 TRANSACTION 364e4a468c1399e6b1adc530cfdeeace
SEND 1554057528 TRANSACTION 80 31592 364e4a468c1399e6b1adc530cfdeeace
SEND 1554057528 TRANSACTION 80 18619 364e4a468c1399e6b1adc530cfdeeace
RECIEVED 1554057529 TRANSACTION 81 35 13
UPDATE 1554057529 TRANSACTION 49374cc91edeb4b4e414c7b634f38f5a
SEND 1554057529 TRANSACTION 81 17088 49374cc91edeb4b4e414c7b634f38f5a
RECIEVED 1554057529 TRANSACTION 81 35 14
UPDATE 1554057529 TRANSACTION 7dac3f2ffbfc1e7ec66686f435bb43c7
RECIEVED 1554057530 TRANSACTION 79 35 15
UPDATE 1554057530 TRANSACTION bd72022fbc7642f77acb6fd8325aefa3
SEND 1554057530 TRANSACTION 79 29776 bd72022fbc7642f77acb6fd8325aefa3
SEND 1554057530 TRANSACTION 79 27957 bd72022fbc7642f77acb6fd8325aefa3
RECIEVED 1554057530 TRANSACTION 80 35 16
UPDATE 1554057530 TRANSACTION 0e214ca5043c453db8df81f213e4908d
SEND 1554057530 TRANSACTION 80 23717 0e214ca5043c453db8df81f213e4908d
SEND 1554057530 TRANSACTION 80 40711 0e214ca5043c453db8df81f213e4908d
RECIEVED 1554057530 TRANSACTION 80 35 17
RECIEVED 1554057531 TRANSACTION 82 35 17
UPDATE 1554057531 TRANSACTION 4642ec64ff884fb84ce781ff20ecdb54
RECIEVED 1554057531 TRANSACTION 79 35 18
UPDATE 1554057531 TRANSACTION eaf3e0be6d9ef02ae3bb57c8e09bbbaf
RECIEVED 1554057531 TRANSACTION 81 35 19
UPDATE 1554057531 TRANSACTION 7413f626943386d8b85f679bfd44865a
SEND 1554057531 TRANSACTION 81 23454 7413f626943386d8b85f679bfd44865a
SEND 1554057531 TRANSACTION 81 29180 7413f626943386d8b85f679bfd44865a
RECIEVED 1554057531 TRANSACTION 81 35 20
UPDATE 1554057531 TRANSACTION 65c4d41b85c05e94a001a45977077a59
RECIEVED 1554057531 TRANSACTION 80 35 21
UPDATE 1554057531 TRANSACTION 2dbdb17120bc196e1ccbaae9600afe8f
RECIEVED 1554057532 HB 3 35 22
RECIEVED 1554057532 TRANSACTION 80 35 22
UPDATE 1554057532 TRANSACTION 90e1e73db9a9b34bc82571a3e83e6e91
SEND 1554057532 TRANSACTION 80 37875 90e1e73db9a9b34bc82571a3e83e6e91
SEND 1554057532 TRANSACTION 80 41289 90e1e73db9a9b34bc82571a3e83e6e91
RECIEVED 1554057532 TRANSACTION 81 35 23
UPDATE 1554057532 TRANSACTION e4e179e8062d731c80a754843e876af1
RECIEVED 1554057532 TRANSACTION 80 35 24
UPDATE 1554057532 TRANSACTION 4c082ebb41f5745f7e507fa7eee28741
SEND 1554057532 TRANSACTION 80 14407 4c082ebb41f5745f7e507fa7eee28741
SEND 1554057532 TRANSACTION 80 22537 4c082ebb41f5745f7e507fa7eee28741
RECIEVED 1554057532 TRANSACTION 80 35 25
RECIEVED 1554057533 TRANSACTION 80 35 25
UPDATE 1554057533 TRANSACTION c50133371e5712e6a465299d26a5042c
SEND 1554057533 TRANSACTION 80 27999 c50133371e5712e6a465299d26a5042c
RECIEVED 1554057533 TRANSACTION 81 35 26
UPDATE 1554057533 TRANSACTION aa8ff44241f94cfe33afcfc687e2536b
RECIEVED 1554057533 TRANSACTION 81 35 27
RECIEVED 1554057533 TRANSACTION 81 35 27
UPDATE 1554057533 TRANSACTION f00faa4fa5dd1090170613ae29a13128
SEND 1554057533 TRANSACTION 81 16812 f00faa4fa5dd1090170613ae29a13128
RECIEVED 1554057533 INTRODUCE 35 35 28
RECIEVED 1554057533 INTRODUCE 36 36 28
RECIEVED 1554057533 INTRODUCE 36 36 28
RECIEVED 1554057533 INTRODUCE 37 36 28
RECIEVED 1554057533 TRANSACTION 80 37 28
UPDATE 1554057533 TRANSACTION 1e042b3cb7371e5b878d94ecd654245c
SEND 1554057533 TRANSACTION 80 23783 1e042b3cb7371e5b878d94ecd654245c
SEND 1554057533 TRANSACTION 80 18299 1e042b3cb7371e5b878d94ecd654245c
SEND 1554057533 TRANSACTION 80 35353 1e042b3cb7371e5b878d94ecd654245c
RECIEVED 1554057533 TRANSACTION 80 37 29
UPDATE 1554057533 TRANSACTION 3dc4a70820a07f055c783c89e4fc8700
SEND 1554057533 TRANSACTION 80 17916 3dc4a70820a07f055c783c89e4fc8700
RECIEVED 1554057533 TRANSACTION 81 37 30
UPDATE 1554057533 TRANSACTION 6623fc50b8460cbe2c7d4f3eb781382d
SEND 1554057533 TRANSACTION 81 16008 6623fc50b8460cbe2c7d4f3eb781382d
RECIEVED 1554057533 TRANSACTION 81 37 31
RECIEVED 1554057534 TRANSACTION 81 37 31
UPDATE 1554057534 TRANSACTION 76e4da23d9944e1ecad37ca1bf94e938
SEND 1554057534 TRANSACTION 81 32674 76e4da23d9944e1ecad37ca1bf94e938
SEND 1554057534 TRANSACTION 81 29281 76e4da23d9944e1ecad37ca1bf94e938
RECIEVED 1554057534 TRANSACTION 81 37 32
RECIEVED 1554057535 TRANSACTION 81 37 32
UPDATE 1554057535 TRANSACTION 0b64da557a40a35309390e4864646f66
SEND 1554057535 TRANSACTION 81 18935 0b64da557a40a35309390e4864646f66
RECIEVED 1554057535 TRANSACTION 81 37 33
UPDATE 1554057535 TRANSACTION 242837d09d676c218161c4caaa5f39e3
SEND 1554057535 TRANSACTION 81 19759 242837d09d676c218161c4caaa5f39e3
SEND 1554057535 TRANSACTION 81 18711 242837d09d676c218161c4caaa5f39e3
RECIEVED 1554057535 TRANSACTION 81 37 34
UPDATE 1554057535 TRANSACTION 771e5fb62d7f0fadc75b6ee913e8e6a7
SEND 1554057535 TRANSACTION 81 15431 771e5fb62d7f0fadc75b6ee913e8e6a7
SEND 1554057535 TRANSACTION 81 28290 771e5fb62d7f0fadc75b6ee913e8e6a7
RECIEVED 1554057535 TRANSACTION 81 37 35
UPDATE 1554057535 TRANSACTION ad747569df518745c42ce6baffa956ef
SEND 1554057535 TRANSACTION 81 22106 ad747569df518745c42ce6baffa956ef
SEND 1554057535 TRANSACTION 81 23102 ad747569df518745c42ce6baffa956ef
RECIEVED 1554057535 TRANSACTION 81 37 36
UPDATE 1554057535 TRANSACTION c3a584310ee42151f9aa2308c87f1648
SEND 1554057535 TRANSACTION 81 28305 c3a584310ee42151f9aa2308c87f1648
SEND 1554057535 TRANSACTION 81 31253 c3a584310ee42151f9aa2308c87f1648
RECIEVED 1554057535 TRANSACTION 81 37 37
UPDATE 1554057535 TRANSACTION 657cc8676fbf3df69a6dc3000dedbb19
RECIEVED 1554057535 TRANSACTION 80 37 38
UPDATE 1554057535 TRANSACTION 4657088ee86a999824eacb2a930148fe
RECIEVED 1554057535 TRANSACTION 81 37 39
UPDATE 1554057535 TRANSACTION 5386a0c9e4fb8d9ddcad300d3e960f0a
SEND 1554057535 TRANSACTION 81 24312 5386a0c9e4fb8d9ddcad300d3e960f0a
RECIEVED 1554057535 TRANSACTION 81 37 40
RECIEVED 1554057536 TRANSACTION 81 37 40
UPDATE 1554057536 TRANSACTION 64d478a140a010e15373450ea0355120
SEND 1554057536 TRANSACTION 81 18738 64d478a140a010e15373450ea0355120
SEND 1554057536 TRANSACTION 81 31003 64d478a140a010e15373450ea0355120
RECIEVED 1554057536 TRANSACTION 81 37 41
RECIEVED 1554057536 TRANSACTION 80 37 41
UPDATE 1554057536 TRANSACTION 8726304f2cbbcb50280025dfd476575e
SEND 1554057536 TRANSACTION 80 22417 8726304f2cbbcb50280025dfd476575e
RECIEVED 1554057536 TRANSACTION 82 37 42
UPDATE 1554057536 TRANSACTION ebaa02c3f75f1427390bb2ebe4025aeb
SEND 1554057536 TRANSACTION 82 14141 ebaa02c3f75f1427390bb2ebe4025aeb
SEND 1554057536 TRANSACTION 82 29595 ebaa02c3f75f1427390bb2ebe4025aeb
RECIEVED 1554057536 TRANSACTION 81 37 43
UPDATE 1554057536 TRANSACTION 26329471b861ac431dae5f6fabe3417d
SEND 1554057536 TRANSACTION 81 42465 26329471b861ac431dae5f6fabe3417d
SEND 1554057536 TRANSACTION 81 22071 26329471b861ac431dae5f6fabe3417d
RECIEVED 1554057536 TRANSACTION 81 37 44
RECIEVED 1554057536 TRANSACTION 81 37 44
UPDATE 1554057536 TRANSACTION ce8458f844498706d8224cb3a946a27f
SEND 1554057536 TRANSACTION 81 25065 ce8458f844498706d8224cb3a946a27f
SEND 1554057536 TRANSACTION 81 31771 ce8458f844498706d8224cb3a946a27f
SEND 1554057536 TRANSACTION 81 32316 ce8458f844498706d8224cb3a946a27f
RECIEVED 1554057536 TRANSACTION 81 37 45
RECIEVED 1554057536 TRANSACTION 81 37 45
UPDATE 1554057536 TRANSACTION 51105c8cbc009b34fc25fc9a67b98e1c
RECIEVED 1554057536 TRANSACTION 81 37 46
UPDATE 1554057536 TRANSACTION 7d156d35b0617b3188a41d9823af6b2a
RECIEVED 1554057537 TRANSACTION 80 37 47
UPDATE 1554057537 TRANSACTION 18c0b89850724916b9469cdbbb655009
RECIEVED 1554057537 TRANSACTION 81 37 48
UPDATE 1554057537 TRANSACTION 7190b470c92781905dc71dcf77635e82
SEND 1554057537 TRANSACTION 81 24185 7190b470c92781905dc71dcf77635e82
RECIEVED 1554057538 TRANSACTION 81 37 49
UPDATE 1554057538 TRANSACTION f90e1dc2442be523a6fa43bc34a77c1b
SEND 1554057538 TRANSACTION 81 16524 f90e1dc2442be523a6fa43bc34a77c1b
SEND 1554057538 TRANSACTION 81 27498 f90e1dc2442be523a6fa43bc34a77c1b
RECIEVED 1554057538 TRANSACTION 81 37 50
UPDATE 1554057538 TRANSACTION 1f572c2cc73ca82a33474b4c90850a73
SEND 1554057538 TRANSACTION 81 16931 1f572c2cc73ca82a33474b4c90850a73
RECIEVED 1554057538 TRANSACTION 81 37 51
UPDATE 1554057538 TRANSACTION b3a8eb8c54e79500b8a86a195a7050d1
SEND 1554057538 TRANSACTION 81 20435 b3a8eb8c54e79500b8a86a195a7050d1
RECIEVED 1554057538 TRANSACTION 81 37 52
RECIEVED 1554057538 TRANSACTION 81 37 52
UPDATE 1554057538 TRANSACTION cb7f3f428c735b05a555428ec6956d77
SEND 1554057538 TRANSACTION 81 23274 cb7f3f428c735b05a555428ec6956d77
SEND 1554057538 TRANSACTION 81 27275 cb7f3f428c735b05a555428ec6956d77
SEND 1554057538 TRANSACTION 81 24497 cb7f3f428c735b05a555428ec6956d77
RECIEVED 1554057538 TRANSACTION 81 37 53
RECIEVED 1554057538 TRANSACTION 81 37 53
UPDATE 1554057538 TRANSACTION ff837911e372b60b3561b26222a4d6db
SEND 1554057538 TRANSACTION 81 22167 ff837911e372b60b3561b26222a4d6db
SEND 1554057538 TRANSACTION 81 28780 ff837911e372b60b3561b26222a4d6db
RECIEVED 1554057538 TRANSACTION 81 37 54
RECIEVED 1554057539 TRANSACTION 81 37 54
UPDATE 1554057539 TRANSACTION c5fc09f2a9df2108579193ba2adbd898
SEND 1554057539 TRANSACTION 81 14434 c5fc09f2a9df2108579193ba2adbd898
SEND 1554057539 TRANSACTION 81 26703 c5fc09f2a9df2108579193ba2adbd898
RECIEVED 1554057539 TRANSACTION 81 37 55
UPDATE 1554057539 TRANSACTION 5b3e89a4a43291799f04be92a994ab7c
SEND 1554057539 TRANSACTION 81 18131 5b3e89a4a43291799f04be92a994ab7c
SEND 1554057539 TRANSACTION 81 22393 5b3e89a4a43291799f04be92a994ab7c
SEND 1554057539 TRANSACTION 81 29332 5b3e89a4a43291799f04be92a994ab7c
RECIEVED 1554057539 TRANSACTION 81 37 56
RECIEVED 1554057540 TRANSACTION 81 37 56
UPDATE 1554057540 TRANSACTION 3e47bc24902e5f76f441019e42337705
SEND 1554057540 TRANSACTION 81 24563 3e47bc24902e5f76f441019e42337705
RECIEVED 1554057540 TRANSACTION 81 37 57
UPDATE 1554057540 TRANSACTION b525bed8be565e54a721646083cf0de4
SEND 1554057540 TRANSACTION 81 16562 b525bed8be565e54a721646083cf0de4
SEND 1554057540 TRANSACTION 81 22654 b525bed8be565e54a721646083cf0de4
RECIEVED 1554057540 TRANSACTION 81 37 58
UPDATE 1554057540 TRANSACTION b6463b29a8c776b576250e0aaea10304
RECIEVED 1554057540 TRANSACTION 81 37 59
UPDATE 1554057540 TRANSACTION e7a7b43275719dcfac202bbec0ae2629
SEND 1554057540 TRANSACTION 81 22954 e7a7b43275719dcfac202bbec0ae2629
RECIEVED 1554057540 TRANSACTION 81 37 60
UPDATE 1554057540 TRANSACTION cd05837eb4b181ebac6f97f3962ce4c2
RECIEVED 1554057541 TRANSACTION 81 37 61
UPDATE 1554057541 TRANSACTION 838055d50b99824de4951c75e6e7fa80
SEND 1554057541 TRANSACTION 81 19932 838055d50b99824de4951c75e6e7fa80
SEND 1554057541 TRANSACTION 81 23404 838055d50b99824de4951c75e6e7fa80
SEND 1554057541 TRANSACTION 81 27558 838055d50b99824de4951c75e6e7fa80
RECIEVED 1554057541 TRANSACTION 81 37 62
UPDATE 1554057541 TRANSACTION f822d1120bf69df4ebb091581bd751c7
SEND 1554057541 TRANSACTION 81 16277 f822d1120bf69df4ebb091581bd751c7
RECIEVED 1554057541 TRANSACTION 81 37 63
RECIEVED 1554057541 TRANSACTION 81 37 63
RECIEVED 1554057541 TRANSACTION 81 37 63
UPDATE 1554057541 TRANSACTION f48b3f8b0d2366abcab9974f50d71413
SEND 1554057541 TRANSACTION 81 15458 f48b3f8b0d2366abcab9974f50d71413
SEND 1554057541 TRANSACTION 81 30196 f48b3f8b0d2366abcab9974f50d71413
RECIEVED 1554057541 TRANSACTION 80 37 64
UPDATE 1554057541 TRANSACTION c52368f327888a0eca2d6d5450c6becc
SEND 1554057541 TRANSACTION 80 22867 c52368f327888a0eca2d6d5450c6becc
SEND 1554057541 TRANSACTION 80 28053 c52368f327888a0eca2d6d5450c6becc
RECIEVED 1554057542 TRANSACTION 81 37 65
UPDATE 1554057542 TRANSACTION 2038b11ac5b8d4e44ca996db2b527f83
SEND 1554057542 TRANSACTION 81 28061 2038b11ac5b8d4e44ca996db2b527f83
RECIEVED 1554057542 TRANSACTION 81 37 66
RECIEVED 1554057542 TRANSACTION 82 37 66
UPDATE 1554057542 TRANSACTION c5fde415b4405cf7054b2efbacc4bd3c
SEND 1554057542 TRANSACTION 82 16520 c5fde415b4405cf7054b2efbacc4bd3c
SEND 1554057542 TRANSACTION 82 28771 c5fde415b4405cf7054b2efbacc4bd3c
RECIEVED 1554057542 TRANSACTION 82 37 67
RECIEVED 1554057542 HB 3 37 67
SEND 1554057542 INTRODUCE 35 41004
SEND 1554057542 INTRODUCE 36 31702
SEND 1554057542 INTRODUCE 36 25051
SEND 1554057542 INTRODUCE 36 16444
RECIEVED 1554057543 TRANSACTION 80 37 67
UPDATE 1554057543 TRANSACTION 80d72604b3682ea327c9b8cad8c8ea66
SEND 1554057543 TRANSACTION 80 13383 80d72604b3682ea327c9b8cad8c8ea66
SEND 1554057543 TRANSACTION 80 30387 80d72604b3682ea327c9b8cad8c8ea66
RECIEVED 1554057543 TRANSACTION 80 37 68
UPDATE 1554057543 TRANSACTION fa6690350120c1cdd9e31c5fb2559d6b
SEND 1554057543 TRANSACTION 80 21861 fa6690350120c1cdd9e31c5fb2559d6b
SEND 1554057543 TRANSACTION 80 22183 fa6690350120c1cdd9e31c5fb2559d6b
RECIEVED 1554057543 TRANSACTION 80 37 69
RECIEVED 1554057543 TRANSACTION 81 37 69
UPDATE 1554057543 TRANSACTION fe006e09f7346187ccdceec4980d8f3e
RECIEVED 1554057543 TRANSACTION 81 37 70
UPDATE 1554057543 TRANSACTION 00426473374656ec5140a5fa95ca1cbe
SEND 1554057543 TRANSACTION 81 22763 00426473374656ec5140a5fa95ca1cbe
SEND 1554057543 TRANSACTION 81 14271 00426473374656ec5140a5fa95ca1cbe
RECIEVED 1554057543 INTRODUCE 36 37 71
RECIEVED 1554057543 INTRODUCE 35 37 71
RECIEVED 1554057543 INTRODUCE 36 37 71
RECIEVED 1554057543 INTRODUCE 35 38 71
RECIEVED 1554057543 TRANSACTION 81 39 71
UPDATE 1554057543 TRANSACTION 48627ef90c09c30247f35087ac348d72
SEND 1554057543 TRANSACTION 81 19008 48627ef90c09c30247f35087ac348d72
RECIEVED 1554057544 TRANSACTION 81 39 72
UPDATE 1554057544 TRANSACTION bb83c13c0f59c84f62f57543e53d8ad4
SEND 1554057544 TRANSACTION 81 34123 bb83c13c0f59c84f62f57543e53d8ad4
RECIEVED 1554057544 TRANSACTION 81 39 73
RECIEVED 1554057544 TRANSACTION 81 39 73
UPDATE 1554057544 TRANSACTION 9a80707e5b0faa2a68fee04344a8f117
RECIEVED 1554057544 TRANSACTION 81 39 74
RECIEVED 1554057544 TRANSACTION 81 39 74
UPDATE 1554057544 TRANSACTION 2fd9215589db0421248cdb731f1e0e82
SEND 1554057544 TRANSACTION 81 18262 2fd9215589db0421248cdb731f1e0e82
SEND 1554057544 TRANSACTION 81 17304 2fd9215589db0421248cdb731f1e0e82
RECIEVED 1554057545 TRANSACTION 82 39 75
UPDATE 1554057545 TRANSACTION f9dab8ca783438dc525e13da02e0d513
SEND 1554057545 TRANSACTION 82 23828 f9dab8ca783438dc525e13da02e0d513
SEND 1554057545 TRANSACTION 82 27553 f9dab8ca783438dc525e13da02e0d513
RECIEVED 1554057545 TRANSACTION 81 39 76
UPDATE 1554057545 TRANSACTION 8d99d7f345cd67042138e5b7d74843b6
SEND 1554057545 TRANSACTION 81 27409 8d99d7f345cd67042138e5b7d74843b6
RECIEVED 1554057545 TRANSACTION 82 39 77
RECIEVED 1554057545 TRANSACTION 81 39 77
UPDATE 1554057545 TRANSACTION b10616438071ad11e6853f5e7fb9334a
RECIEVED 1554057545 TRANSACTION 81 39 78
UPDATE 1554057545 TRANSACTION ac93645412b384f87d7a91fbc40e967f
SEND 1554057545 TRANSACTION 81 25283 ac93645412b384f87d7a91fbc40e967f
RECIEVED 1554057545 TRANSACTION 81 39 79
RECIEVED 1554057545 TRANSACTION 81 39 79
UPDATE 1554057545 TRANSACTION 990b02216f16eab0946979ad18017875
SEND 1554057545 TRANSACTION 81 22377 990b02216f16eab0946979ad18017875
RECIEVED 1554057547 TRANSACTION 80 39 80
UPDATE 1554057547 TRANSACTION aa5979fa8f1226115ed3c80a9311baa0
SEND 1554057547 TRANSACTION 80 53552 aa5979fa8f1226115ed3c80a9311baa0
RECIEVED 1554057547 TRANSACTION 80 39 81
RECIEVED 1554057547 TRANSACTION 80 39 81
UPDATE 1554057547 TRANSACTION 46378db67f50bcf386a680d38c835c68
SEND 1554057547 TRANSACTION 80 25984 46378db67f50bcf386a680d38c835c68
SEND 1554057547 TRANSACTION 80 17987 46378db67f50bcf386a680d38c835c68
RECIEVED 1554057547 TRANSACTION 79 39 82
UPDATE 1554057547 TRANSACTION e7db80641cccd582716b1def9dadf92f
SEND 1554057547 TRANSACTION 79 29798 e7db80641cccd582716b1def9dadf92f
SEND 1554057547 TRANSACTION 79 24301 e7db80641cccd582716b1def9dadf92f
RECIEVED 1554057547 TRANSACTION 80 39 83
RECIEVED 1554057547 TRANSACTION 79 39 83
RECIEVED 1554057547 TRANSACTION 81 39 83
UPDATE 1554057547 TRANSACTION 2c09b0913ffca9a58bb48dc7fec7b445
SEND 1554057547 TRANSACTION 81 21008 2c09b0913ffca9a58bb48dc7fec7b445
RECIEVED 1554057547 TRANSACTION 81 39 84
UPDATE 1554057547 TRANSACTION b569e2ef474a9f4d395c10177f026a8a
SEND 1554057547 TRANSACTION 81 21481 b569e2ef474a9f4d395c10177f026a8a
RECIEVED 1554057547 TRANSACTION 81 39 85
UPDATE 1554057547 TRANSACTION 72bcbf2ce54d0f54d30bc89c25e1c308
RECIEVED 1554057547 TRANSACTION 81 39 86
UPDATE 1554057547 TRANSACTION dede14c045d56f4739f6d0c21bbe54a2
RECIEVED 1554057548 TRANSACTION 81 39 87
UPDATE 1554057548 TRANSACTION 20055f06e77ec4b4ddc22ac97736f986
SEND 1554057548 TRANSACTION 81 16072 20055f06e77ec4b4ddc22ac97736f986
RECIEVED 1554057548 TRANSACTION 81 39 88
RECIEVED 1554057548 TRANSACTION 81 39 88
UPDATE 1554057548 TRANSACTION e76bf16b788791c669d5e01a956c2def
SEND 1554057548 TRANSACTION 81 16277 e76bf16b788791c669d5e01a956c2def
SEND 1554057548 TRANSACTION 81 29553 e76bf16b788791c669d5e01a956c2def
RECIEVED 1554057548 TRANSACTION 81 39 89
UPDATE 1554057548 TRANSACTION 4b15fa87227675e17182eca4439c55d9
SEND 1554057548 TRANSACTION 81 29199 4b15fa87227675e17182eca4439c55d9
RECIEVED 1554057548 TRANSACTION 81 39 90
RECIEVED 1554057548 TRANSACTION 84 39 90
UPDATE 1554057548 TRANSACTION 3ebec18d7286fe6d9836159a13ea3f8f
SEND 1554057548 TRANSACTION 84 21870 3ebec18d7286fe6d9836159a13ea3f8f
SEND 1554057548 TRANSACTION 84 21579 3ebec18d7286fe6d9836159a13ea3f8f
RECIEVED 1554057548 TRANSACTION 84 39 91
RECIEVED 1554057548 TRANSACTION 84 39 91
RECIEVED 1554057549 TRANSACTION 81 39 91
UPDATE 1554057549 TRANSACTION 969bb344fd6f7ada8a154793f70abb7a
SEND 1554057549 TRANSACTION 81 14242 969bb344fd6f7ada8a154793f70abb7a
RECIEVED 1554057549 TRANSACTION 81 39 92
UPDATE 1554057549 TRANSACTION 7aee76d30c779a8fa5db8c0c714cd6fe
SEND 1554057549 TRANSACTION 81 14970 7aee76d30c779a8fa5db8c0c714cd6fe
SEND 1554057549 TRANSACTION 81 22145 7aee76d30c779a8fa5db8c0c714cd6fe
SEND 1554057549 TRANSACTION 81 29263 7aee76d30c779a8fa5db8c0c714cd6fe
RECIEVED 1554057549 TRANSACTION 81 39 93
RECIEVED 1554057549 TRANSACTION 81 39 93
UPDATE 1554057549 TRANSACTION 1d8f9b02f5037c3d41e9e3fe4b2dd5b8
RECIEVED 1554057549 TRANSACTION 79 39 94
UPDATE 1554057549 TRANSACTION 3d0f1e1ec6d71e730ed3aad6df90ab89
RECIEVED 1554057549 TRANSACTION 79 39 95
RECIEVED 1554057549 TRANSACTION 81 39 95
UPDATE 1554057549 TRANSACTION b19e4a1ed8fecc5ed60aaa1de735bc32
SEND 1554057549 TRANSACTION 81 22148 b19e4a1ed8fecc5ed60aaa1de735bc32
SEND 1554057549 TRANSACTION 81 21560 b19e4a1ed8fecc5ed60aaa1de735bc32
RECIEVED 1554057549 TRANSACTION 81 39 96
UPDATE 1554057549 TRANSACTION 002b3b2370551c99fee4518a85d60500
SEND 1554057549 TRANSACTION 81 29989 002b3b2370551c99fee4518a85d60500
SEND 1554057549 TRANSACTION 81 27069 002b3b2370551c99fee4518a85d60500
RECIEVED 1554057550 TRANSACTION 81 39 97
UPDATE 1554057550 TRANSACTION ca6d43c5ada21305c3c611975b7e332d
SEND 1554057550 TRANSACTION 81 27901 ca6d43c5ada21305c3c611975b7e332d
SEND 1554057550 TRANSACTION 81 17554 ca6d43c5ada21305c3c611975b7e332d
RECIEVED 1554057550 TRANSACTION 81 39 98
RECIEVED 1554057550 TRANSACTION 81 39 98
UPDATE 1554057550 TRANSACTION c52a44a8cfeb1a5dcc06347f81493790
SEND 1554057550 TRANSACTION 81 16586 c52a44a8cfeb1a5dcc06347f81493790
SEND 1554057550 TRANSACTION 81 23771 c52a44a8cfeb1a5dcc06347f81493790
SEND 1554057550 TRANSACTION 81 32124 c52a44a8cfeb1a5dcc06347f81493790
SEND 1554057550 TRANSACTION 81 18253 c52a44a8cfeb1a5dcc06347f81493790
RECIEVED 1554057551 TRANSACTION 80 39 99
UPDATE 1554057551 TRANSACTION a76d1dcc9136f9055d6abb09bed45bc9
SEND 1554057551 TRANSACTION 80 35293 a76d1dcc9136f9055d6abb09bed45bc9
SEND 1554057551 TRANSACTION 80 16860 a76d1dcc9136f9055d6abb09bed45bc9
SEND 1554057551 TRANSACTION 80 17121 a76d1dcc9136f9055d6abb09bed45bc9
RECIEVED 1554057551 TRANSACTION 81 39 100
UPDATE 1554057551 TRANSACTION bfb0737457c4d6c953f4fa27d4d7cd1f
SEND 1554057551 TRANSACTION 81 23216 bfb0737457c4d6c953f4fa27d4d7cd1f
RECIEVED 1554057551 TRANSACTION 81 39 101
RECIEVED 1554057552 TRANSACTION 82 39 101
UPDATE 1554057552 TRANSACTION ee17465f97328554b5c3daa8ed16b5ab
SEND 1554057552 TRANSACTION 82 17939 ee17465f97328554b5c3daa8ed16b5ab
SEND 1554057552 TRANSACTION 82 30863 ee17465f97328554b5c3daa8ed16b5ab
RECIEVED 1554057552 TRANSACTION 82 39 102
RECIEVED 1554057552 HB 3 39 102
RECIEVED 1554057552 TRANSACTION 81 39 102
UPDATE 1554057552 TRANSACTION ca478ce122074b52ec6950c09f58cea0
SEND 1554057552 TRANSACTION 81 15817 ca478ce122074b52ec6950c09f58cea0
SEND 1554057552 TRANSACTION 81 13262 ca478ce122074b52ec6950c09f58cea0
RECIEVED 1554057552 TRANSACTION 81 39 103
RECIEVED 1554057552 TRANSACTION 81 39 103
UPDATE 1554057552 TRANSACTION a983b6a8105c10dec5939fede59e6644
RECIEVED 1554057553 TRANSACTION 81 39 104
UPDATE 1554057553 TRANSACTION 724c174c78e589a222c29155bdf6d061
SEND 1554057553 TRANSACTION 81 24632 724c174c78e589a222c29155bdf6d061
SEND 1554057553 TRANSACTION 81 23623 724c174c78e589a222c29155bdf6d061
RECIEVED 1554057553 TRANSACTION 80 39 105
UPDATE 1554057553 TRANSACTION 4281b74319bf97d3d9e114360086c48c
SEND 1554057553 TRANSACTION 80 21327 4281b74319bf97d3d9e114360086c48c
RECIEVED 1554057554 TRANSACTION 81 39 106
UPDATE 1554057554 TRANSACTION 0cba33371d6d91fc7f14e85ed8d8b7b9
SEND 1554057554 TRANSACTION 81 28293 0cba33371d6d91fc7f14e85ed8d8b7b9
RECIEVED 1554057554 TRANSACTION 81 39 107
RECIEVED 1554057555 TRANSACTION 81 39 107
UPDATE 1554057555 TRANSACTION d9c4014fe84ff33e1cf55a9f61c1740f
SEND 1554057555 TRANSACTION 81 18707 d9c4014fe84ff33e1cf55a9f61c1740f
SEND 1554057555 TRANSACTION 81 27106 d9c4014fe84ff33e1cf55a9f61c1740f
RECIEVED 1554057556 TRANSACTION 80 39 108
UPDATE 1554057556 TRANSACTION f3cac39fc1658934f71a997738199580
SEND 1554057556 TRANSACTION 80 14149 f3cac39fc1658934f71a997738199580
RECIEVED 1554057556 TRANSACTION 80 39 109
RECIEVED 1554057556 TRANSACTION 81 39 109
UPDATE 1554057556 TRANSACTION bf1d3b441836435875486633d96ea27b
SEND 1554057556 TRANSACTION 81 47375 bf1d3b441836435875486633d96ea27b
RECIEVED 1554057556 TRANSACTION 81 39 110
RECIEVED 1554057556 TRANSACTION 81 39 110
UPDATE 1554057556 TRANSACTION 5d46c65adae45faf3ff4d737c2b75df3
SEND 1554057556 TRANSACTION 81 19711 5d46c65adae45faf3ff4d737c2b75df3
RECIEVED 1554057556 TRANSACTION 81 39 111
RECIEVED 1554057556 TRANSACTION 81 39 111
UPDATE 1554057556 TRANSACTION 8e93a42bf842aae1d840312e241a2b67
RECIEVED 1554057556 TRANSACTION 81 39 112
UPDATE 1554057556 TRANSACTION 6c472ec69217b7e376326f94345bf283
RECIEVED 1554057556 TRANSACTION 81 39 113
RECIEVED 1554057556 TRANSACTION 80 39 113
UPDATE 1554057556 TRANSACTION 7ef1f5ec0b21de504a8a3e953c101906
SEND 1554057556 TRANSACTION 80 21048 7ef1f5ec0b21de504a8a3e953c101906
RECIEVED 1554057556 TRANSACTION 81 39 114
UPDATE 1554057556 TRANSACTION 7e3ea504944a72e94de8d7aafb28e730
RECIEVED 1554057556 TRANSACTION 81 39 115
RECIEVED 1554057557 TRANSACTION 81 39 115
UPDATE 1554057557 TRANSACTION 49ef6de9ca2b992dfd0eb9954551029f
SEND 1554057557 TRANSACTION 81 13731 49ef6de9ca2b992dfd0eb9954551029f
RECIEVED 1554057557 TRANSACTION 81 39 116
RECIEVED 1554057557 TRANSACTION 81 39 116
UPDATE 1554057557 TRANSACTION 5ef592a439b89981bac4807f35e39d04
SEND 1554057557 TRANSACTION 81 21648 5ef592a439b89981bac4807f35e39d04
RECIEVED 1554057557 TRANSACTION 80 39 117
UPDATE 1554057557 TRANSACTION 76eab7678a29b6f56dbc32bf74d35cbc
RECIEVED 1554057557 TRANSACTION 81 39 118
UPDATE 1554057557 TRANSACTION 899a2ada794b3d18f7ce77d94e54c52b
RECIEVED 1554057557 TRANSACTION 81 39 119
UPDATE 1554057557 TRANSACTION fafad35d4264b12a68d04aa9fdd54a63
SEND 1554057557 TRANSACTION 81 15720 fafad35d4264b12a68d04aa9fdd54a63
RECIEVED 1554057557 TRANSACTION 81 39 120
UPDATE 1554057557 TRANSACTION e7c5b58fdc4a6cb9a013931fae662f5a
SEND 1554057557 TRANSACTION 81 27477 e7c5b58fdc4a6cb9a013931fae662f5a
SEND 1554057557 TRANSACTION 81 16705 e7c5b58fdc4a6cb9a013931fae662f5a
RECIEVED 1554057557 TRANSACTION 81 39 121
RECIEVED 1554057557 TRANSACTION 81 39 121
RECIEVED 1554057558 TRANSACTION 81 39 121
UPDATE 1554057558 TRANSACTION 7943ecb3ff4c1aa18c377ce93dc95ff4
SEND 1554057558 TRANSACTION 81 29140 7943ecb3ff4c1aa18c377ce93dc95ff4
SEND 1554057558 TRANSACTION 81 28542 7943ecb3ff4c1aa18c377ce93dc95ff4
RECIEVED 1554057558 TRANSACTION 81 39 122
RECIEVED 1554057558 TRANSACTION 81 39 122
UPDATE 1554057558 TRANSACTION 042af1b1ee47695b9f9a14c2cf2a3e41
SEND 1554057558 TRANSACTION 81 34151 042af1b1ee47695b9f9a14c2cf2a3e41
RECIEVED 1554057558 TRANSACTION 81 39 123
RECIEVED 1554057559 TRANSACTION 81 39 123
UPDATE 1554057559 TRANSACTION 809f89f34631b7a4615b3bb49d696e2c
SEND 1554057559 TRANSACTION 81 22745 809f89f34631b7a4615b3bb49d696e2c
RECIEVED 1554057559 TRANSACTION 81 39 124
UPDATE 1554057559 TRANSACTION a41f97f15ade74ced084b01b2dbae3b8
RECIEVED 1554057559 TRANSACTION 81 39 125
UPDATE 1554057559 TRANSACTION 8a6ca4dc9db8579c5395f2d836e8532a
SEND 1554057559 TRANSACTION 81 15279 8a6ca4dc9db8579c5395f2d836e8532a
SEND 1554057559 TRANSACTION 81 45527 8a6ca4dc9db8579c5395f2d836e8532a
SEND 1554057559 TRANSACTION 81 15618 8a6ca4dc9db8579c5395f2d836e8532a
RECIEVED 1554057559 TRANSACTION 81 39 126
RECIEVED 1554057559 TRANSACTION 81 39 126
UPDATE 1554057559 TRANSACTION cee87e282c06f683a0604f8dd2d1c179
SEND 1554057559 TRANSACTION 81 28029 cee87e282c06f683a0604f8dd2d1c179
RECIEVED 1554057560 TRANSACTION 80 39 127
UPDATE 1554057560 TRANSACTION dc9b6ad2f0cac65640a44b21aeb9e2e5
RECIEVED 1554057560 TRANSACTION 80 39 128
UPDATE 1554057560 TRANSACTION fe52fae512dc4e7615dc0fc5c0c4c4b3
SEND 1554057560 TRANSACTION 80 21668 fe52fae512dc4e7615dc0fc5c0c4c4b3
SEND 1554057560 TRANSACTION 80 38927 fe52fae512dc4e7615dc0fc5c0c4c4b3
RECIEVED 1554057560 TRANSACTION 80 39 129
RECIEVED 1554057560 TRANSACTION 81 39 129
UPDATE 1554057560 TRANSACTION 79c2ea5ff85d2eda85a901ca7ace7fe5
SEND 1554057560 TRANSACTION 81 15803 79c2ea5ff85d2eda85a901ca7ace7fe5
RECIEVED 1554057560 TRANSACTION 82 39 130
UPDATE 1554057560 TRANSACTION 04e696c77a5133d533c9511bf396cf7d
RECIEVED 1554057561 TRANSACTION 80 39 131
UPDATE 1554057561 TRANSACTION b2af3edc7ed6a5152c1dd73dce677ee3
SEND 1554057561 TRANSACTION 80 12221 b2af3edc7ed6a5152c1dd73dce677ee3
RECIEVED 1554057561 TRANSACTION 80 39 132
RECIEVED 1554057561 TRANSACTION 80 39 132
UPDATE 1554057561 TRANSACTION bf8bb613c9b7ed29d11bc9f408ab04c6
SEND 1554057561 TRANSACTION 80 19165 bf8bb613c9b7ed29d11bc9f408ab04c6
SEND 1554057561 TRANSACTION 80 36467 bf8bb613c9b7ed29d11bc9f408ab04c6
RECIEVED 1554057561 TRANSACTION 80 39 133
RECIEVED 1554057561 TRANSACTION 81 39 133
UPDATE 1554057561 TRANSACTION 14e7e8a2b8cf6fc80795b20cb0a3007d
SEND 1554057561 TRANSACTION 81 33656 14e7e8a2b8cf6fc80795b20cb0a3007d
RECIEVED 1554057561 TRANSACTION 82 39 134
UPDATE 1554057561 TRANSACTION 26242ab0612c3961f821fc26610e396b
SEND 1554057561 TRANSACTION 82 15618 26242ab0612c3961f821fc26610e396b
SEND 1554057561 TRANSACTION 82 14654 26242ab0612c3961f821fc26610e396b
RECIEVED 1554057561 TRANSACTION 79 39 135
UPDATE 1554057561 TRANSACTION de0faabb84e538efd49fa4fc3d0cadc0
RECIEVED 1554057562 TRANSACTION 81 39 136
UPDATE 1554057562 TRANSACTION 49257c88d262fada0177e0f630f282c7
SEND 1554057562 TRANSACTION 81 17504 49257c88d262fada0177e0f630f282c7
SEND 1554057562 TRANSACTION 81 23276 49257c88d262fada0177e0f630f282c7
RECIEVED 1554057562 HB 3 39 137
RECIEVED 1554057562 TRANSACTION 81 39 137
UPDATE 1554057562 TRANSACTION 72d578ce385c8c90049ebd204dbbad87
SEND 1554057562 TRANSACTION 81 16232 72d578ce385c8c90049ebd204dbbad87
SEND 1554057562 TRANSACTION 81 20776 72d578ce385c8c90049ebd204dbbad87
RECIEVED 1554057562 TRANSACTION 80 39 138
UPDATE 1554057562 TRANSACTION c2fa14e6f2c9ec3cef9b9c5f572c372f
SEND 1554057562 TRANSACTION 80 11469 c2fa14e6f2c9ec3cef9b9c5f572c372f
SEND 1554057562 TRANSACTION 80 22520 c2fa14e6f2c9ec3cef9b9c5f572c372f
RECIEVED 1554057562 TRANSACTION 80 39 139
RECIEVED 1554057562 TRANSACTION 81 39 139
UPDATE 1554057562 TRANSACTION 585cba35bee01c07e5d05264e5fc7881
SEND 1554057562 TRANSACTION 81 19330 585cba35bee01c07e5d05264e5fc7881
RECIEVED 1554057562 TRANSACTION 82 39 140
UPDATE 1554057562 TRANSACTION 4452845b04d6f067bc11ac0526c7248c
SEND 1554057562 TRANSACTION 82 15900 4452845b04d6f067bc11ac0526c7248c
RECIEVED 1554057563 TRANSACTION 81 39 141
UPDATE 1554057563 TRANSACTION ff93dc4b38261adc5ac7043a7e2362dc
SEND 1554057563 TRANSACTION 81 23171 ff93dc4b38261adc5ac7043a7e2362dc
RECIEVED 1554057563 TRANSACTION 81 39 142
RECIEVED 1554057563 TRANSACTION 81 39 142
UPDATE 1554057563 TRANSACTION b5fde2af308f4c7c80a18b5bc591f64e
SEND 1554057563 TRANSACTION 81 15660 b5fde2af308f4c7c80a18b5bc591f64e
SEND 1554057563 TRANSACTION 81 21831 b5fde2af308f4c7c80a18b5bc591f64e
RECIEVED 1554057563 TRANSACTION 81 39 143
UPDATE 1554057563 TRANSACTION c0b8b37b41f3be3c0a8d3ac59923e1e5
SEND 1554057563 TRANSACTION 81 29252 c0b8b37b41f3be3c0a8d3ac59923e1e5
SEND 1554057563 TRANSACTION 81 33487 c0b8b37b41f3be3c0a8d3ac59923e1e5
RECIEVED 1554057564 TRANSACTION 80 39 144
UPDATE 1554057564 TRANSACTION a2dda43a85e48b7d8b4468330991e254
SEND 1554057564 TRANSACTION 80 23877 a2dda43a85e48b7d8b4468330991e254
RECIEVED 1554057564 TRANSACTION 80 39 145
UPDATE 1554057564 TRANSACTION 6c6b40de72294ad9882015c7d686b3e2
SEND 1554057564 TRANSACTION 80 15712 6c6b40de72294ad9882015c7d686b3e2
SEND 1554057564 TRANSACTION 80 27920 6c6b40de72294ad9882015c7d686b3e2
RECIEVED 1554057564 TRANSACTION 79 39 146
UPDATE 1554057564 TRANSACTION ddbe20e5c33dc437acce829d4df56235
SEND 1554057564 TRANSACTION 79 22581 ddbe20e5c33dc437acce829d4df56235
SEND 1554057564 TRANSACTION 79 25532 ddbe20e5c33dc437acce829d4df56235
RECIEVED 1554057564 TRANSACTION 80 39 147
UPDATE 1554057564 TRANSACTION 311c2163311f01ae847e1fe6ea8074ab
SEND 1554057564 TRANSACTION 80 15295 311c2163311f01ae847e1fe6ea8074ab
SEND 1554057564 TRANSACTION 80 46320 311c2163311f01ae847e1fe6ea8074ab
RECIEVED 1554057564 TRANSACTION 81 39 148
UPDATE 1554057564 TRANSACTION d4d85e2b0022537239aecca2396fc590
SEND 1554057564 TRANSACTION 81 17797 d4d85e2b0022537239aecca2396fc590
RECIEVED 1554057564 TRANSACTION 81 39 149
UPDATE 1554057564 TRANSACTION c70c534e01e512ec3d85a38592e679bf
SEND 1554057564 TRANSACTION 81 22568 c70c534e01e512ec3d85a38592e679bf
SEND 1554057564 TRANSACTION 81 29180 c70c534e01e512ec3d85a38592e679bf
RECIEVED 1554057564 TRANSACTION 81 39 150
UPDATE 1554057564 TRANSACTION 0377f39d09af64a6f02953bfc45814cd
SEND 1554057564 TRANSACTION 81 16780 0377f39d09af64a6f02953bfc45814cd
RECIEVED 1554057564 TRANSACTION 81 39 151
RECIEVED 1554057564 TRANSACTION 80 39 151
UPDATE 1554057564 TRANSACTION 3f6e27e4d9a6f00c80cbe7badf71f8cc
SEND 1554057564 TRANSACTION 80 30626 3f6e27e4d9a6f00c80cbe7badf71f8cc
RECIEVED 1554057564 TRANSACTION 81 39 152
UPDATE 1554057564 TRANSACTION f934d399055ed46f5efb6120c405bebd
SEND 1554057564 TRANSACTION 81 31137 f934d399055ed46f5efb6120c405bebd
SEND 1554057564 TRANSACTION 81 16592 f934d399055ed46f5efb6120c405bebd
SEND 1554057564 TRANSACTION 81 23888 f934d399055ed46f5efb6120c405bebd
RECIEVED 1554057565 TRANSACTION 81 39 153
UPDATE 1554057565 TRANSACTION a8e6ebb7208b78368a11c4dbbc7e6b9f
RECIEVED 1554057565 TRANSACTION 81 39 154
UPDATE 1554057565 TRANSACTION e154edb8cb95e8222d6db3f0beef7064
SEND 1554057565 TRANSACTION 81 26314 e154edb8cb95e8222d6db3f0beef7064
SEND 1554057565 TRANSACTION 81 18176 e154edb8cb95e8222d6db3f0beef7064
SEND 1554057565 TRANSACTION 81 34551 e154edb8cb95e8222d6db3f0beef7064
RECIEVED 1554057565 TRANSACTION 80 39 155
UPDATE 1554057565 TRANSACTION ebaa2e262f507e7bc80df81983b0899f
RECIEVED 1554057565 TRANSACTION 79 39 156
UPDATE 1554057565 TRANSACTION 6aba79de4c53d48ec44bb0b902b250eb
SEND 1554057565 TRANSACTION 79 21441 6aba79de4c53d48ec44bb0b902b250eb
SEND 1554057565 TRANSACTION 79 23387 6aba79de4c53d48ec44bb0b902b250eb
SEND 1554057565 TRANSACTION 79 31007 6aba79de4c53d48ec44bb0b902b250eb
RECIEVED 1554057565 TRANSACTION 79 39 157
RECIEVED 1554057565 TRANSACTION 79 39 157
RECIEVED 1554057565 TRANSACTION 81 39 157
UPDATE 1554057565 TRANSACTION 49145667a914b5c18b3b738ab300f355
SEND 1554057565 TRANSACTION 81 19339 49145667a914b5c18b3b738ab300f355
SEND 1554057565 TRANSACTION 81 28784 49145667a914b5c18b3b738ab300f355
RECIEVED 1554057565 TRANSACTION 81 39 158
UPDATE 1554057565 TRANSACTION 4a84aee7e9517230f59c26e16f72388f
SEND 1554057565 TRANSACTION 81 28665 4a84aee7e9517230f59c26e16f72388f
RECIEVED 1554057565 TRANSACTION 81 39 159
RECIEVED 1554057565 TRANSACTION 81 39 159
RECIEVED 1554057565 TRANSACTION 79 39 159
UPDATE 1554057565 TRANSACTION 85fc53193f2b637850f1e037d2b44d00
RECIEVED 1554057565 TRANSACTION 81 39 160
UPDATE 1554057565 TRANSACTION 6e95d43b4b201dbc5fb1dcaab6767ca4
SEND 1554057565 TRANSACTION 81 30941 6e95d43b4b201dbc5fb1dcaab6767ca4
SEND 1554057565 TRANSACTION 81 23340 6e95d43b4b201dbc5fb1dcaab6767ca4
RECIEVED 1554057565 TRANSACTION 81 39 161
RECIEVED 1554057566 TRANSACTION 80 39 161
UPDATE 1554057566 TRANSACTION 4eeea3d10c36eecfc7d334aafd7213b7
SEND 1554057566 TRANSACTION 80 37448 4eeea3d10c36eecfc7d334aafd7213b7
RECIEVED 1554057566 TRANSACTION 81 39 162
UPDATE 1554057566 TRANSACTION 8b6ed26dbd78430f63cb749bf317a7df
SEND 1554057566 TRANSACTION 81 29716 8b6ed26dbd78430f63cb749bf317a7df
RECIEVED 1554057566 TRANSACTION 80 39 163
UPDATE 1554057566 TRANSACTION 41adcf841e04a73e24bfa76d0027fcc5
RECIEVED 1554057566 TRANSACTION 80 39 164
UPDATE 1554057566 TRANSACTION ee9bb30797b70cd33579188d13ce6a01
SEND 1554057566 TRANSACTION 80 20334 ee9bb30797b70cd33579188d13ce6a01
SEND 1554057566 TRANSACTION 80 29503 ee9bb30797b70cd33579188d13ce6a01
RECIEVED 1554057567 TRANSACTION 81 39 165
UPDATE 1554057567 TRANSACTION 9f21d13e963d7421c1c2edc21e096d60
SEND 1554057567 TRANSACTION 81 22648 9f21d13e963d7421c1c2edc21e096d60
SEND 1554057567 TRANSACTION 81 23582 9f21d13e963d7421c1c2edc21e096d60
SEND 1554057567 TRANSACTION 81 26996 9f21d13e963d7421c1c2edc21e096d60
RECIEVED 1554057567 TRANSACTION 81 39 166
RECIEVED 1554057567 TRANSACTION 81 39 166
RECIEVED 1554057567 TRANSACTION 81 39 166
UPDATE 1554057567 TRANSACTION 800b2cc7cce239f77094519799a98a23
SEND 1554057567 TRANSACTION 81 15085 800b2cc7cce239f77094519799a98a23
RECIEVED 1554057567 TRANSACTION 81 39 167
UPDATE 1554057567 TRANSACTION 2334c23b70f362a8760247ba30cae6f7
SEND 1554057567 TRANSACTION 81 15357 2334c23b70f362a8760247ba30cae6f7
SEND 1554057567 TRANSACTION 81 25944 2334c23b70f362a8760247ba30cae6f7
RECIEVED 1554057567 TRANSACTION 81 39 168
RECIEVED 1554057567 TRANSACTION 82 39 168
UPDATE 1554057567 TRANSACTION d959b5a0f8275df669713b7294375dba
SEND 1554057567 TRANSACTION 82 29896 d959b5a0f8275df669713b7294375dba
RECIEVED 1554057567 TRANSACTION 81 39 169
UPDATE 1554057567 TRANSACTION 44451fff76b815936aa8c2730a33844c
SEND 1554057567 TRANSACTION 81 30146 44451fff76b815936aa8c2730a33844c
SEND 1554057567 TRANSACTION 81 21867 44451fff76b815936aa8c2730a33844c
RECIEVED 1554057568 TRANSACTION 81 39 170
UPDATE 1554057568 TRANSACTION 832c07d5cd48da7ca4abbac66b23a9f6
SEND 1554057568 TRANSACTION 81 22799 832c07d5cd48da7ca4abbac66b23a9f6
RECIEVED 1554057568 TRANSACTION 81 39 171
UPDATE 1554057568 TRANSACTION 4023be619edf78b367ffe3ad6f4d940c
SEND 1554057568 TRANSACTION 81 27772 4023be619edf78b367ffe3ad6f4d940c
RECIEVED 1554057568 TRANSACTION 80 39 172
UPDATE 1554057568 TRANSACTION 622cbf31d0e5a9d8f15f52312306cc9e
SEND 1554057568 TRANSACTION 80 21985 622cbf31d0e5a9d8f15f52312306cc9e
RECIEVED 1554057568 TRANSACTION 80 39 173
UPDATE 1554057568 TRANSACTION 2912a3efb5b6914c4f0f2a9d2b652370
SEND 1554057568 TRANSACTION 80 16937 2912a3efb5b6914c4f0f2a9d2b652370
SEND 1554057568 TRANSACTION 80 37277 2912a3efb5b6914c4f0f2a9d2b652370
RECIEVED 1554057569 TRANSACTION 80 39 174
UPDATE 1554057569 TRANSACTION 9aac3cb172ce34a737855f735b93ecd1
RECIEVED 1554057569 TRANSACTION 81 39 175
UPDATE 1554057569 TRANSACTION 50218a5552ef0a06038c47dd658f06c1
SEND 1554057569 TRANSACTION 81 17014 50218a5552ef0a06038c47dd658f06c1
RECIEVED 1554057569 TRANSACTION 81 39 176
RECIEVED 1554057569 TRANSACTION 80 39 176
UPDATE 1554057569 TRANSACTION 8b440916ee6ef979836298c2b32f38b0
SEND 1554057569 TRANSACTION 80 15802 8b440916ee6ef979836298c2b32f38b0
RECIEVED 1554057569 TRANSACTION 80 39 177
RECIEVED 1554057569 TRANSACTION 80 39 177
UPDATE 1554057569 TRANSACTION 8a8369953516728c480af83ccbe03cf9
SEND 1554057569 TRANSACTION 80 16244 8a8369953516728c480af83ccbe03cf9
SEND 1554057569 TRANSACTION 80 21500 8a8369953516728c480af83ccbe03cf9
RECIEVED 1554057569 TRANSACTION 80 39 178
RECIEVED 1554057570 TRANSACTION 81 39 178
UPDATE 1554057570 TRANSACTION b241b8ce7aaa3f2b5ec35db679712dd5
SEND 1554057570 TRANSACTION 81 14467 b241b8ce7aaa3f2b5ec35db679712dd5
SEND 1554057570 TRANSACTION 81 22204 b241b8ce7aaa3f2b5ec35db679712dd5
RECIEVED 1554057570 TRANSACTION 81 39 179
UPDATE 1554057570 TRANSACTION 4d3663dc6a77c97ba877ea63eda397e0
SEND 1554057570 TRANSACTION 81 16705 4d3663dc6a77c97ba877ea63eda397e0
RECIEVED 1554057570 TRANSACTION 81 39 180
RECIEVED 1554057570 TRANSACTION 81 39 180
UPDATE 1554057570 TRANSACTION a632afb69fa7d7ac64e0c67222d01bc2
SEND 1554057570 TRANSACTION 81 11760 a632afb69fa7d7ac64e0c67222d01bc2
SEND 1554057570 TRANSACTION 81 22524 a632afb69fa7d7ac64e0c67222d01bc2
RECIEVED 1554057570 TRANSACTION 82 39 181
UPDATE 1554057570 TRANSACTION eac752ac7d3f3f45715928ac84a5274e
RECIEVED 1554057571 TRANSACTION 83 39 182
UPDATE 1554057571 TRANSACTION 96ff0d097978548139151744ecebab37
SEND 1554057571 TRANSACTION 83 22395 96ff0d097978548139151744ecebab37
RECIEVED 1554057571 TRANSACTION 83 39 183
RECIEVED 1554057571 TRANSACTION 80 39 183
UPDATE 1554057571 TRANSACTION b6ee8c5ad9ff9819507689da96ae1a6f
SEND 1554057571 TRANSACTION 80 15635 b6ee8c5ad9ff9819507689da96ae1a6f
SEND 1554057571 TRANSACTION 80 27008 b6ee8c5ad9ff9819507689da96ae1a6f
RECIEVED 1554057571 TRANSACTION 80 39 184
RECIEVED 1554057571 TRANSACTION 79 39 184
UPDATE 1554057571 TRANSACTION 79bb3e12ff8e3ff16df9a846ffcb2736
SEND 1554057571 TRANSACTION 79 26924 79bb3e12ff8e3ff16df9a846ffcb2736
SEND 1554057571 TRANSACTION 79 28469 79bb3e12ff8e3ff16df9a846ffcb2736
RECIEVED 1554057571 TRANSACTION 81 39 185
UPDATE 1554057571 TRANSACTION 837f21cf67832a76eae8b4924ef4ca04
SEND 1554057571 TRANSACTION 81 13295 837f21cf67832a76eae8b4924ef4ca04
SEND 1554057571 TRANSACTION 81 29278 837f21cf67832a76eae8b4924ef4ca04
RECIEVED 1554057571 TRANSACTION 81 39 186
RECIEVED 1554057572 TRANSACTION 81 39 186
UPDATE 1554057572 TRANSACTION d6a3e0d84a094308bd5ea60beccf00ba
SEND 1554057572 TRANSACTION 81 17640 d6a3e0d84a094308bd5ea60beccf00ba
RECIEVED 1554057572 TRANSACTION 81 39 187
UPDATE 1554057572 TRANSACTION c00499c4987c2a6e6bb1f8f0a5923386
SEND 1554057572 TRANSACTION 81 20746 c00499c4987c2a6e6bb1f8f0a5923386
SEND 1554057572 TRANSACTION 81 24822 c00499c4987c2a6e6bb1f8f0a5923386
RECIEVED 1554057572 TRANSACTION 81 39 188
RECIEVED 1554057572 HB 3 39 188
RECIEVED 1554057572 TRANSACTION 80 39 188
UPDATE 1554057572 TRANSACTION 61c09bc894c5a5ac92fac08247ae801b
RECIEVED 1554057572 TRANSACTION 80 39 189
UPDATE 1554057572 TRANSACTION 24a03dc14f16b6268e9348d973c7d498
SEND 1554057572 TRANSACTION 80 21812 24a03dc14f16b6268e9348d973c7d498
SEND 1554057572 TRANSACTION 80 34520 24a03dc14f16b6268e9348d973c7d498
RECIEVED 1554057572 TRANSACTION 80 39 190
RECIEVED 1554057572 TRANSACTION 81 39 190
UPDATE 1554057572 TRANSACTION 9af81a2e143736b619d85487d4178f3f
SEND 1554057572 TRANSACTION 81 25301 9af81a2e143736b619d85487d4178f3f
RECIEVED 1554057572 TRANSACTION 80 39 191
UPDATE 1554057572 TRANSACTION 265553915dd413534135bdef588daa2b
SEND 1554057572 TRANSACTION 80 16953 265553915dd413534135bdef588daa2b
SEND 1554057572 TRANSACTION 80 17175 265553915dd413534135bdef588daa2b
SEND 1554057572 TRANSACTION 80 17045 265553915dd413534135bdef588daa2b
RECIEVED 1554057572 TRANSACTION 80 39 192
RECIEVED 1554057573 TRANSACTION 81 39 192
UPDATE 1554057573 TRANSACTION 0e1df14a46d69ca4084b9cec0ec13777
SEND 1554057573 TRANSACTION 81 20421 0e1df14a46d69ca4084b9cec0ec13777
RECIEVED 1554057573 TRANSACTION 81 39 193
UPDATE 1554057573 TRANSACTION 26db9338621ea4fcef43296d46a952b5
RECIEVED 1554057573 INTRODUCE 35 39 194
RECIEVED 1554057573 INTRODUCE 37 40 194
RECIEVED 1554057573 INTRODUCE 37 41 194
RECIEVED 1554057573 INTRODUCE 37 42 194
RECIEVED 1554057573 TRANSACTION 81 43 194
UPDATE 1554057573 TRANSACTION 8453759aa0731b1cde2f5a7535961974
SEND 1554057573 TRANSACTION 81 29148 8453759aa0731b1cde2f5a7535961974
RECIEVED 1554057573 TRANSACTION 83 43 195
UPDATE 1554057573 TRANSACTION 4040fc798d12ed30bf9a6f6c106607e1
RECIEVED 1554057573 TRANSACTION 81 43 196
UPDATE 1554057573 TRANSACTION 9cd2930315872ef710b9555dc9ad15ac
SEND 1554057573 TRANSACTION 81 14755 9cd2930315872ef710b9555dc9ad15ac
SEND 1554057573 TRANSACTION 81 32254 9cd2930315872ef710b9555dc9ad15ac
RECIEVED 1554057573 TRANSACTION 81 43 197
RECIEVED 1554057574 TRANSACTION 81 43 197
UPDATE 1554057574 TRANSACTION f5b26082e201623f4b2cd955833f539d
SEND 1554057574 TRANSACTION 81 18541 f5b26082e201623f4b2cd955833f539d
SEND 1554057574 TRANSACTION 81 24049 f5b26082e201623f4b2cd955833f539d
RECIEVED 1554057574 TRANSACTION 81 43 198
UPDATE 1554057574 TRANSACTION be46c517a2280f0d560c5b8106381dfc
SEND 1554057574 TRANSACTION 81 14439 be46c517a2280f0d560c5b8106381dfc
SEND 1554057574 TRANSACTION 81 21723 be46c517a2280f0d560c5b8106381dfc
RECIEVED 1554057574 TRANSACTION 81 43 199
UPDATE 1554057574 TRANSACTION 034c6e7fd6fdbd88dd741e83232b04e6
RECIEVED 1554057574 TRANSACTION 80 43 200
UPDATE 1554057574 TRANSACTION d791dd15823a913847293b81fcb5224e
RECIEVED 1554057574 TRANSACTION 80 43 201
RECIEVED 1554057574 TRANSACTION 80 43 201
UPDATE 1554057574 TRANSACTION 6f81df1c8a254a0713a80580b2349253
SEND 1554057574 TRANSACTION 80 20359 6f81df1c8a254a0713a80580b2349253
SEND 1554057574 TRANSACTION 80 26792 6f81df1c8a254a0713a80580b2349253
SEND 1554057574 TRANSACTION 80 16597 6f81df1c8a254a0713a80580b2349253
RECIEVED 1554057574 TRANSACTION 80 43 202
RECIEVED 1554057574 TRANSACTION 80 43 202
RECIEVED 1554057574 TRANSACTION 81 43 202
UPDATE 1554057574 TRANSACTION 000bee8451af7006312d4f157a88ccdb
SEND 1554057574 TRANSACTION 81 15811 000bee8451af7006312d4f157a88ccdb
SEND 1554057574 TRANSACTION 81 20693 000bee8451af7006312d4f157a88ccdb
RECIEVED 1554057574 TRANSACTION 81 43 203
RECIEVED 1554057575 TRANSACTION 81 43 203
UPDATE 1554057575 TRANSACTION 6f46314d8ce7dfb1fe7c7cc3094fc6a5
SEND 1554057575 TRANSACTION 81 23722 6f46314d8ce7dfb1fe7c7cc3094fc6a5
RECIEVED 1554057575 TRANSACTION 81 43 204
RECIEVED 1554057576 TRANSACTION 79 43 204
UPDATE 1554057576 TRANSACTION 2ab04a980758c44938c1d6b59ffbd075
RECIEVED 1554057577 TRANSACTION 81 43 205
UPDATE 1554057577 TRANSACTION bdad56427c58c48f571b0d623cd77bc7
SEND 1554057577 TRANSACTION 81 22330 bdad56427c58c48f571b0d623cd77bc7
SEND 1554057577 TRANSACTION 81 18628 bdad56427c58c48f571b0d623cd77bc7
RECIEVED 1554057577 TRANSACTION 81 43 206
RECIEVED 1554057577 TRANSACTION 81 43 206
UPDATE 1554057577 TRANSACTION 41102a2bcc8c998bcf83749b910754f9
SEND 1554057577 TRANSACTION 81 20840 41102a2bcc8c998bcf83749b910754f9
RECIEVED 1554057577 TRANSACTION 81 43 207
RECIEVED 1554057577 TRANSACTION 80 43 207
UPDATE 1554057577 TRANSACTION 82d946f8abcd28ea06093bb3bf94d933
SEND 1554057577 TRANSACTION 80 16995 82d946f8abcd28ea06093bb3bf94d933
SEND 1554057577 TRANSACTION 80 28218 82d946f8abcd28ea06093bb3bf94d933
RECIEVED 1554057577 TRANSACTION 81 43 208
UPDATE 1554057577 TRANSACTION 1e47ec481efd6ab648737a0a2fffd587
SEND 1554057577 TRANSACTION 81 24515 1e47ec481efd6ab648737a0a2fffd587
RECIEVED 1554057577 TRANSACTION 81 43 209
UPDATE 1554057577 TRANSACTION d1c186d463ca2c6daa72fd6c378d1579
SEND 1554057577 TRANSACTION 81 24114 d1c186d463ca2c6daa72fd6c378d1579
RECIEVED 1554057578 TRANSACTION 81 43 210
UPDATE 1554057578 TRANSACTION 251d5ae14d5f4f4dca0da2243f85cfa0
SEND 1554057578 TRANSACTION 81 16268 251d5ae14d5f4f4dca0da2243f85cfa0
RECIEVED 1554057579 TRANSACTION 81 43 211
UPDATE 1554057579 TRANSACTION ad2158ede222756d9fd2878b43f78546
SEND 1554057579 TRANSACTION 81 47442 ad2158ede222756d9fd2878b43f78546
RECIEVED 1554057579 TRANSACTION 81 43 212
UPDATE 1554057579 TRANSACTION 6cc028bb1d7fabb644f0d4ed8b7a9f30
SEND 1554057579 TRANSACTION 81 40201 6cc028bb1d7fabb644f0d4ed8b7a9f30
SEND 1554057579 TRANSACTION 81 16731 6cc028bb1d7fabb644f0d4ed8b7a9f30
RECIEVED 1554057579 TRANSACTION 81 43 213
UPDATE 1554057579 TRANSACTION 53064895891aea1c8a499befa3729bb4
SEND 1554057579 TRANSACTION 81 26187 53064895891aea1c8a499befa3729bb4
RECIEVED 1554057579 TRANSACTION 81 43 214
UPDATE 1554057579 TRANSACTION 979dcb151565c3af63180c6828a2542b
SEND 1554057579 TRANSACTION 81 21506 979dcb151565c3af63180c6828a2542b
SEND 1554057579 TRANSACTION 81 42051 979dcb151565c3af63180c6828a2542b
RECIEVED 1554057579 TRANSACTION 81 43 215
UPDATE 1554057579 TRANSACTION 2b423693219c40764ab0543928ddd8c7
SEND 1554057579 TRANSACTION 81 20905 2b423693219c40764ab0543928ddd8c7
RECIEVED 1554057580 TRANSACTION 80 43 216
UPDATE 1554057580 TRANSACTION 9c11a3dbd0ae391c23f40dab908d2176
RECIEVED 1554057580 TRANSACTION 81 43 217
UPDATE 1554057580 TRANSACTION b89ae5064c506417e64562af63efbe8d
SEND 1554057580 TRANSACTION 81 21208 b89ae5064c506417e64562af63efbe8d
RECIEVED 1554057580 TRANSACTION 81 43 218
RECIEVED 1554057580 TRANSACTION 81 43 218
RECIEVED 1554057581 TRANSACTION 81 43 218
UPDATE 1554057581 TRANSACTION d2972f7aa3af458365ddcd7388aec296
RECIEVED 1554057581 TRANSACTION 81 43 219
UPDATE 1554057581 TRANSACTION 8c5b0f844a4451662bd8484afd1dbee4
SEND 1554057581 TRANSACTION 81 37060 8c5b0f844a4451662bd8484afd1dbee4
RECIEVED 1554057581 TRANSACTION 81 43 220
UPDATE 1554057581 TRANSACTION 6ea268b64833e35369cbcba794eb754d
SEND 1554057581 TRANSACTION 81 22415 6ea268b64833e35369cbcba794eb754d
RECIEVED 1554057582 HB 3 43 221
RECIEVED 1554057582 TRANSACTION 80 43 221
UPDATE 1554057582 TRANSACTION bc1b5d139bfdcd6d05e2a824731ce7c1
SEND 1554057582 TRANSACTION 80 17169 bc1b5d139bfdcd6d05e2a824731ce7c1
RECIEVED 1554057582 TRANSACTION 81 43 222
UPDATE 1554057582 TRANSACTION 91b8234d57e226ccfa420746ea121620
SEND 1554057582 TRANSACTION 81 12095 91b8234d57e226ccfa420746ea121620
RECIEVED 1554057583 TRANSACTION 80 43 223
UPDATE 1554057583 TRANSACTION bdd188369bda8c27ef76b0cb14902384
SEND 1554057583 TRANSACTION 80 16730 bdd188369bda8c27ef76b0cb14902384
RECIEVED 1554057583 TRANSACTION 81 43 224
UPDATE 1554057583 TRANSACTION a98c4d5c56e475630fb07265cc9678f2
RECIEVED 1554057583 TRANSACTION 81 43 225
UPDATE 1554057583 TRANSACTION 5fc3292f943730f81838e54b7a7bed02
RECIEVED 1554057583 TRANSACTION 81 43 226
UPDATE 1554057583 TRANSACTION 8714672c197248f15575d4f155abd6e7
SEND 1554057583 TRANSACTION 81 25723 8714672c197248f15575d4f155abd6e7
SEND 1554057583 TRANSACTION 81 30399 8714672c197248f15575d4f155abd6e7
RECIEVED 1554057583 TRANSACTION 81 43 227
RECIEVED 1554057583 TRANSACTION 81 43 227
UPDATE 1554057583 TRANSACTION 1d2fa436572297d4fb95c240d00c17e2
SEND 1554057583 TRANSACTION 81 27587 1d2fa436572297d4fb95c240d00c17e2
RECIEVED 1554057584 TRANSACTION 81 43 228
UPDATE 1554057584 TRANSACTION fe0b435f3ae2574716050ad9a4e2b2c6
SEND 1554057584 TRANSACTION 81 17283 fe0b435f3ae2574716050ad9a4e2b2c6
RECIEVED 1554057584 TRANSACTION 81 43 229
UPDATE 1554057584 TRANSACTION 1b5c1256fc203a1d760db1b77706468f
RECIEVED 1554057584 TRANSACTION 81 43 230
RECIEVED 1554057584 TRANSACTION 81 43 230
UPDATE 1554057584 TRANSACTION 85ceb40514da0dc2fa30c9f5b630f091
RECIEVED 1554057585 TRANSACTION 81 43 231
UPDATE 1554057585 TRANSACTION cb698cd8fe08ee4033c270883466fd83
SEND 1554057585 TRANSACTION 81 13615 cb698cd8fe08ee4033c270883466fd83
RECIEVED 1554057585 TRANSACTION 81 43 232
UPDATE 1554057585 TRANSACTION 0c2ce769a856448e11f3dcca27c7bbd4
SEND 1554057585 TRANSACTION 81 15995 0c2ce769a856448e11f3dcca27c7bbd4
RECIEVED 1554057585 TRANSACTION 81 43 233
RECIEVED 1554057585 TRANSACTION 82 43 233
UPDATE 1554057585 TRANSACTION d1881ece0523afee78f9456923546bea
SEND 1554057585 TRANSACTION 82 15511 d1881ece0523afee78f9456923546bea
SEND 1554057585 TRANSACTION 82 21773 d1881ece0523afee78f9456923546bea
RECIEVED 1554057585 TRANSACTION 82 43 234
RECIEVED 1554057585 TRANSACTION 81 43 234
UPDATE 1554057585 TRANSACTION a39e66a43976af4a4ba2ba93aba05bed
RECIEVED 1554057586 TRANSACTION 81 43 235
UPDATE 1554057586 TRANSACTION 501ca85cafe71222ecb29f97ca7b587f
RECIEVED 1554057586 TRANSACTION 81 43 236
UPDATE 1554057586 TRANSACTION 9cf559b670057e12f967853491beeaf2
SEND 1554057586 TRANSACTION 81 17554 9cf559b670057e12f967853491beeaf2
RECIEVED 1554057586 TRANSACTION 81 43 237
UPDATE 1554057586 TRANSACTION d88fd173d456753c67355f51372adbea
SEND 1554057586 TRANSACTION 81 51656 d88fd173d456753c67355f51372adbea
RECIEVED 1554057586 TRANSACTION 81 43 238
RECIEVED 1554057588 TRANSACTION 81 43 238
UPDATE 1554057588 TRANSACTION 2dfcd1cdf6cfd62ddd5b3c7407cd1d08
SEND 1554057588 TRANSACTION 81 32249 2dfcd1cdf6cfd62ddd5b3c7407cd1d08
SEND 1554057588 TRANSACTION 81 24664 2dfcd1cdf6cfd62ddd5b3c7407cd1d08
RECIEVED 1554057588 TRANSACTION 80 43 239
UPDATE 1554057588 TRANSACTION 23aaf34bbfbde358b18eae7dbbaa08e4
SEND 1554057588 TRANSACTION 80 14931 23aaf34bbfbde358b18eae7dbbaa08e4
SEND 1554057588 TRANSACTION 80 18234 23aaf34bbfbde358b18eae7dbbaa08e4
RECIEVED 1554057588 TRANSACTION 81 43 240
UPDATE 1554057588 TRANSACTION 4f11ca0a42d1dbd5f1ecf61e178ab711
SEND 1554057588 TRANSACTION 81 24057 4f11ca0a42d1dbd5f1ecf61e178ab711
RECIEVED 1554057588 TRANSACTION 81 43 241
RECIEVED 1554057588 TRANSACTION 79 43 241
UPDATE 1554057588 TRANSACTION f0aa07edfd674743949770f34188b2f7
SEND 1554057588 TRANSACTION 79 16978 f0aa07edfd674743949770f34188b2f7
RECIEVED 1554057589 TRANSACTION 81 43 242
UPDATE 1554057589 TRANSACTION 2886842794421ac9b342aedf34dad0bc
SEND 1554057589 TRANSACTION 81 17365 2886842794421ac9b342aedf34dad0bc
RECIEVED 1554057589 TRANSACTION 81 43 243
UPDATE 1554057589 TRANSACTION d3e23adecf49ca81fd1d0c45b65824d1
RECIEVED 1554057589 TRANSACTION 81 43 244
RECIEVED 1554057589 TRANSACTION 80 43 244
UPDATE 1554057589 TRANSACTION bdc67bb44c833cd972ac4e4ae1e5cd89
SEND 1554057589 TRANSACTION 80 17312 bdc67bb44c833cd972ac4e4ae1e5cd89
RECIEVED 1554057589 TRANSACTION 80 43 245
UPDATE 1554057589 TRANSACTION 149e01c10dd963a2727f6b6385625c9b
RECIEVED 1554057589 TRANSACTION 81 43 246
UPDATE 1554057589 TRANSACTION 74779f9a763fa20cb49987f446a215ed
SEND 1554057589 TRANSACTION 81 17023 74779f9a763fa20cb49987f446a215ed
RECIEVED 1554057589 TRANSACTION 81 43 247
UPDATE 1554057589 TRANSACTION f8b5b837b508bd27f64b59908e615dfc
SEND 1554057589 TRANSACTION 81 50926 f8b5b837b508bd27f64b59908e615dfc
RECIEVED 1554057589 TRANSACTION 81 43 248
RECIEVED 1554057589 TRANSACTION 80 43 248
UPDATE 1554057589 TRANSACTION e1d27856aba9dd5b019aa42bc7be7afa
SEND 1554057589 TRANSACTION 80 17175 e1d27856aba9dd5b019aa42bc7be7afa
RECIEVED 1554057589 TRANSACTION 81 43 249
UPDATE 1554057589 TRANSACTION 82390265d4d265aec60bed047362351b
SEND 1554057589 TRANSACTION 81 22142 82390265d4d265aec60bed047362351b
SEND 1554057589 TRANSACTION 81 28942 82390265d4d265aec60bed047362351b
SEND 1554057589 TRANSACTION 81 22514 82390265d4d265aec60bed047362351b
RECIEVED 1554057589 TRANSACTION 81 43 250
UPDATE 1554057589 TRANSACTION a3a3f4f99dca208367f6f8034c632d5b
SEND 1554057589 TRANSACTION 81 28792 a3a3f4f99dca208367f6f8034c632d5b
SEND 1554057589 TRANSACTION 81 22248 a3a3f4f99dca208367f6f8034c632d5b
RECIEVED 1554057590 TRANSACTION 81 43 251
UPDATE 1554057590 TRANSACTION 17bf21a2f455c4f2aaa2daaa73c12d2d
SEND 1554057590 TRANSACTION 81 23142 17bf21a2f455c4f2aaa2daaa73c12d2d
RECIEVED 1554057590 TRANSACTION 82 43 252
UPDATE 1554057590 TRANSACTION 5501410ad725f48ecd3615a217f996c7
SEND 1554057590 TRANSACTION 82 23182 5501410ad725f48ecd3615a217f996c7
SEND 1554057590 TRANSACTION 82 32604 5501410ad725f48ecd3615a217f996c7
SEND 1554057590 TRANSACTION 82 27398 5501410ad725f48ecd3615a217f996c7
RECIEVED 1554057590 TRANSACTION 82 43 253
RECIEVED 1554057590 TRANSACTION 81 43 253
UPDATE 1554057590 TRANSACTION 596968afe526abb310efce9200a7116e
SEND 1554057590 TRANSACTION 81 16790 596968afe526abb310efce9200a7116e
RECIEVED 1554057590 TRANSACTION 81 43 254
UPDATE 1554057590 TRANSACTION 3ebe50251776d94ebf7aafc295a955eb
SEND 1554057590 TRANSACTION 81 39343 3ebe50251776d94ebf7aafc295a955eb
SEND 1554057590 TRANSACTION 81 22232 3ebe50251776d94ebf7aafc295a955eb
RECIEVED 1554057590 TRANSACTION 81 43 255
UPDATE 1554057590 TRANSACTION ca7fe5fe9037c2f7e6def92485cb6a19
SEND 1554057590 TRANSACTION 81 16513 ca7fe5fe9037c2f7e6def92485cb6a19
RECIEVED 1554057591 TRANSACTION 81 43 256
UPDATE 1554057591 TRANSACTION bd510698c5c623d83415e6e813429400
SEND 1554057591 TRANSACTION 81 14236 bd510698c5c623d83415e6e813429400
SEND 1554057591 TRANSACTION 81 22879 bd510698c5c623d83415e6e813429400
SEND 1554057591 TRANSACTION 81 21280 bd510698c5c623d83415e6e813429400
RECIEVED 1554057591 TRANSACTION 81 43 257
RECIEVED 1554057591 TRANSACTION 81 43 257
UPDATE 1554057591 TRANSACTION 56ec28f9325f6119e7c0a1f7a3a6acff
SEND 1554057591 TRANSACTION 81 21591 56ec28f9325f6119e7c0a1f7a3a6acff
RECIEVED 1554057591 TRANSACTION 81 43 258
RECIEVED 1554057591 TRANSACTION 81 43 258
UPDATE 1554057591 TRANSACTION 3fdc734cc47674fb004d0686d91613e9
RECIEVED 1554057592 HB 3 43 259
RECIEVED 1554057592 TRANSACTION 81 43 259
UPDATE 1554057592 TRANSACTION d76f05495ae825975288e3798e321ee1
RECIEVED 1554057602 HB 3 43 260
RECIEVED 1554057617 HB 3 43 260
RECIEVED 1554057617 INTRODUCE 36 43 260
# Failed listening 
%!(EXTRA string=node16)# ERROR: EOF
# Failed listening 
%!(EXTRA string=node82)# ERROR: read tcp 172.22.94.217:58084->172.22.156.206:8082: read: connection reset by peer
# Failed listening 
%!(EXTRA string=node52)# ERROR: EOF
