RECIEVED 1554057492 INTRODUCE 37 0 0
SEND 1554057492 JOIN 32 26537
RECIEVED 1554057492 INTRODUCE 37 1 0
SEND 1554057492 INTRODUCE 37 13867
SEND 1554057492 JOIN 32 15175
RECIEVED 1554057492 INTRODUCE 36 2 0
SEND 1554057492 INTRODUCE 36 30044
SEND 1554057492 INTRODUCE 36 34327
SEND 1554057492 JOIN 32 14898
RECIEVED 1554057492 INTRODUCE 36 3 0
SEND 1554057492 INTRODUCE 36 24801
SEND 1554057492 INTRODUCE 36 14509
SEND 1554057492 INTRODUCE 36 10467
SEND 1554057492 JOIN 32 15192
RECIEVED 1554057492 INTRODUCE 36 4 0
RECIEVED 1554057492 INTRODUCE 36 5 0
RECIEVED 1554057492 INTRODUCE 36 6 0
RECIEVED 1554057492 INTRODUCE 35 7 0
RECIEVED 1554057492 INTRODUCE 36 8 0
RECIEVED 1554057492 INTRODUCE 36 9 0
RECIEVED 1554057492 INTRODUCE 36 10 0
RECIEVED 1554057492 INTRODUCE 36 10 0
RECIEVED 1554057492 INTRODUCE 35 11 0
RECIEVED 1554057492 INTRODUCE 35 12 0
RECIEVED 1554057492 INTRODUCE 36 13 0
RECIEVED 1554057492 INTRODUCE 36 14 0
RECIEVED 1554057492 INTRODUCE 36 15 0
RECIEVED 1554057492 INTRODUCE 36 16 0
RECIEVED 1554057492 INTRODUCE 36 17 0
RECIEVED 1554057492 INTRODUCE 36 18 0
RECIEVED 1554057492 INTRODUCE 36 19 0
RECIEVED 1554057492 INTRODUCE 35 20 0
RECIEVED 1554057492 INTRODUCE 36 21 0
RECIEVED 1554057492 INTRODUCE 35 22 0
RECIEVED 1554057492 INTRODUCE 35 23 0
RECIEVED 1554057492 INTRODUCE 35 24 0
RECIEVED 1554057492 INTRODUCE 36 25 0
RECIEVED 1554057492 INTRODUCE 36 26 0
RECIEVED 1554057492 TRANSACTION 81 27 0
UPDATE 1554057492 TRANSACTION 348b999e9860c69a1cf462c16b5509a9
SEND 1554057492 TRANSACTION 81 14056 348b999e9860c69a1cf462c16b5509a9
RECIEVED 1554057492 INTRODUCE 37 27 1
RECIEVED 1554057492 INTRODUCE 36 28 1
RECIEVED 1554057492 TRANSACTION 81 29 1
UPDATE 1554057492 TRANSACTION 3f47193837e646735e513bac0eb6c8bf
SEND 1554057492 TRANSACTION 81 9724 3f47193837e646735e513bac0eb6c8bf
SEND 1554057492 TRANSACTION 81 15446 3f47193837e646735e513bac0eb6c8bf
RECIEVED 1554057492 INTRODUCE 37 29 2
RECIEVED 1554057492 INTRODUCE 37 30 2
RECIEVED 1554057492 INTRODUCE 37 31 2
RECIEVED 1554057492 INTRODUCE 36 32 2
RECIEVED 1554057492 INTRODUCE 37 33 2
RECIEVED 1554057492 INTRODUCE 36 34 2
RECIEVED 1554057492 INTRODUCE 35 35 2
RECIEVED 1554057492 INTRODUCE 36 36 2
RECIEVED 1554057492 INTRODUCE 35 37 2
RECIEVED 1554057492 INTRODUCE 36 38 2
RECIEVED 1554057492 INTRODUCE 37 39 2
RECIEVED 1554057492 INTRODUCE 36 40 2
RECIEVED 1554057492 INTRODUCE 36 41 2
RECIEVED 1554057492 INTRODUCE 37 42 2
RECIEVED 1554057492 INTRODUCE 37 43 2
RECIEVED 1554057492 INTRODUCE 36 44 2
RECIEVED 1554057493 TRANSACTION 79 45 2
UPDATE 1554057493 TRANSACTION a9439250997f7d5f98c7e392f3f133e1
RECIEVED 1554057493 INTRODUCE 37 45 3
RECIEVED 1554057493 INTRODUCE 35 46 3
RECIEVED 1554057493 INTRODUCE 37 46 3
RECIEVED 1554057493 INTRODUCE 37 47 3
RECIEVED 1554057493 INTRODUCE 36 48 3
RECIEVED 1554057493 INTRODUCE 37 49 3
RECIEVED 1554057493 INTRODUCE 35 50 3
RECIEVED 1554057493 INTRODUCE 36 51 3
RECIEVED 1554057493 INTRODUCE 35 52 3
RECIEVED 1554057493 INTRODUCE 36 52 3
RECIEVED 1554057493 INTRODUCE 36 53 3
RECIEVED 1554057493 INTRODUCE 36 54 3
RECIEVED 1554057493 INTRODUCE 36 55 3
RECIEVED 1554057493 INTRODUCE 37 55 3
RECIEVED 1554057493 INTRODUCE 36 55 3
RECIEVED 1554057493 INTRODUCE 36 56 3
RECIEVED 1554057493 INTRODUCE 36 56 3
RECIEVED 1554057493 INTRODUCE 36 57 3
RECIEVED 1554057493 INTRODUCE 36 57 3
RECIEVED 1554057493 INTRODUCE 36 57 3
RECIEVED 1554057493 INTRODUCE 36 58 3
RECIEVED 1554057493 INTRODUCE 37 59 3
RECIEVED 1554057493 TRANSACTION 80 60 3
UPDATE 1554057493 TRANSACTION 48a7ccd9cfde9c46ece51e8953904cfd
RECIEVED 1554057493 INTRODUCE 35 60 4
RECIEVED 1554057493 INTRODUCE 37 60 4
RECIEVED 1554057493 TRANSACTION 80 61 4
UPDATE 1554057493 TRANSACTION 68b5f465071bd7c783d7c884febab9a7
RECIEVED 1554057493 INTRODUCE 36 61 5
RECIEVED 1554057493 INTRODUCE 36 62 5
RECIEVED 1554057493 INTRODUCE 36 63 5
RECIEVED 1554057493 INTRODUCE 37 64 5
RECIEVED 1554057493 INTRODUCE 37 65 5
RECIEVED 1554057493 INTRODUCE 36 65 5
RECIEVED 1554057493 INTRODUCE 35 65 5
RECIEVED 1554057493 TRANSACTION 81 66 5
UPDATE 1554057493 TRANSACTION 501a0198c805593d91a03bf7a3d03dd1
RECIEVED 1554057493 TRANSACTION 82 66 6
UPDATE 1554057493 TRANSACTION dc7dc02b2f22c30f4e97852157b7764d
SEND 1554057493 TRANSACTION 82 14328 dc7dc02b2f22c30f4e97852157b7764d
SEND 1554057493 TRANSACTION 82 17079 dc7dc02b2f22c30f4e97852157b7764d
RECIEVED 1554057493 TRANSACTION 81 66 7
UPDATE 1554057493 TRANSACTION e2608e2201e5375f339a96590ff13a00
SEND 1554057493 TRANSACTION 81 13285 e2608e2201e5375f339a96590ff13a00
SEND 1554057493 TRANSACTION 81 10265 e2608e2201e5375f339a96590ff13a00
RECIEVED 1554057493 TRANSACTION 81 66 8
UPDATE 1554057493 TRANSACTION ec8db1bd85b9049f81ef4c024b89d04b
SEND 1554057493 TRANSACTION 81 9410 ec8db1bd85b9049f81ef4c024b89d04b
SEND 1554057493 TRANSACTION 81 33658 ec8db1bd85b9049f81ef4c024b89d04b
RECIEVED 1554057493 TRANSACTION 81 66 9
UPDATE 1554057493 TRANSACTION a593fd0fdf9cbc5299387ae88605584d
RECIEVED 1554057493 TRANSACTION 80 66 10
UPDATE 1554057493 TRANSACTION 6a3a2bf34b9d1192696e06694cd2d39f
SEND 1554057493 TRANSACTION 80 9351 6a3a2bf34b9d1192696e06694cd2d39f
RECIEVED 1554057493 TRANSACTION 80 66 11
UPDATE 1554057493 TRANSACTION 2c2c5e9769d6f6a919b94fdd3bed0fe8
SEND 1554057493 TRANSACTION 80 15282 2c2c5e9769d6f6a919b94fdd3bed0fe8
SEND 1554057493 TRANSACTION 80 9976 2c2c5e9769d6f6a919b94fdd3bed0fe8
RECIEVED 1554057494 TRANSACTION 81 66 12
UPDATE 1554057494 TRANSACTION 1476defae68134eb3a149b77f70324d4
SEND 1554057494 TRANSACTION 81 17379 1476defae68134eb3a149b77f70324d4
SEND 1554057494 TRANSACTION 81 15134 1476defae68134eb3a149b77f70324d4
RECIEVED 1554057494 TRANSACTION 81 66 13
UPDATE 1554057494 TRANSACTION 3ce92a51dbddab39f89022913c4ce453
RECIEVED 1554057494 TRANSACTION 81 66 14
RECIEVED 1554057494 TRANSACTION 81 66 14
UPDATE 1554057494 TRANSACTION 1eb64d661671c74119e86662bf0ce99e
SEND 1554057494 TRANSACTION 81 9510 1eb64d661671c74119e86662bf0ce99e
RECIEVED 1554057494 TRANSACTION 81 66 15
RECIEVED 1554057494 TRANSACTION 80 66 15
UPDATE 1554057494 TRANSACTION a61ec2832489fea07a5f395366cb1ad4
SEND 1554057494 TRANSACTION 80 9820 a61ec2832489fea07a5f395366cb1ad4
RECIEVED 1554057494 TRANSACTION 80 66 16
UPDATE 1554057494 TRANSACTION f449da30c529a5ddde34fd26538c85ee
SEND 1554057494 TRANSACTION 80 10412 f449da30c529a5ddde34fd26538c85ee
RECIEVED 1554057494 TRANSACTION 81 66 17
UPDATE 1554057494 TRANSACTION 1134f29ea8f29daaad18eb1f63e1ae75
SEND 1554057494 TRANSACTION 81 13059 1134f29ea8f29daaad18eb1f63e1ae75
SEND 1554057494 TRANSACTION 81 9153 1134f29ea8f29daaad18eb1f63e1ae75
RECIEVED 1554057494 TRANSACTION 80 66 18
UPDATE 1554057494 TRANSACTION c58e85ea01fc8eaf2ff0cdaa26729083
SEND 1554057494 TRANSACTION 80 14833 c58e85ea01fc8eaf2ff0cdaa26729083
RECIEVED 1554057494 TRANSACTION 80 66 19
UPDATE 1554057494 TRANSACTION 9c17db9e56d89907c554613be7a124e6
SEND 1554057494 TRANSACTION 80 20923 9c17db9e56d89907c554613be7a124e6
RECIEVED 1554057494 TRANSACTION 81 66 20
UPDATE 1554057494 TRANSACTION a5a09f9b41ee281a74a7b0977289d980
SEND 1554057494 TRANSACTION 81 12567 a5a09f9b41ee281a74a7b0977289d980
SEND 1554057494 TRANSACTION 81 10604 a5a09f9b41ee281a74a7b0977289d980
SEND 1554057494 TRANSACTION 81 10386 a5a09f9b41ee281a74a7b0977289d980
RECIEVED 1554057494 TRANSACTION 81 66 21
RECIEVED 1554057494 TRANSACTION 81 66 21
UPDATE 1554057494 TRANSACTION ab4475bb25cba1c4f9026ccf6c545624
SEND 1554057494 TRANSACTION 81 9856 ab4475bb25cba1c4f9026ccf6c545624
SEND 1554057494 TRANSACTION 81 55321 ab4475bb25cba1c4f9026ccf6c545624
RECIEVED 1554057494 TRANSACTION 81 66 22
RECIEVED 1554057494 TRANSACTION 81 66 22
RECIEVED 1554057494 TRANSACTION 80 66 22
UPDATE 1554057494 TRANSACTION c4f9257bf00311e7c45e6a9a749f821a
RECIEVED 1554057494 TRANSACTION 80 66 23
UPDATE 1554057494 TRANSACTION ae38544f40cdd7c1d9877f7988b8ce2f
SEND 1554057494 TRANSACTION 80 9398 ae38544f40cdd7c1d9877f7988b8ce2f
SEND 1554057494 TRANSACTION 80 21852 ae38544f40cdd7c1d9877f7988b8ce2f
SEND 1554057494 TRANSACTION 80 14264 ae38544f40cdd7c1d9877f7988b8ce2f
RECIEVED 1554057494 TRANSACTION 81 66 24
UPDATE 1554057494 TRANSACTION 07185e4aa363f42e743cc3a1d60e15d6
SEND 1554057494 TRANSACTION 81 9899 07185e4aa363f42e743cc3a1d60e15d6
SEND 1554057494 TRANSACTION 81 9034 07185e4aa363f42e743cc3a1d60e15d6
RECIEVED 1554057494 TRANSACTION 82 66 25
UPDATE 1554057494 TRANSACTION 746c0e41ff1d757263004698832e8e8d
SEND 1554057494 TRANSACTION 82 10017 746c0e41ff1d757263004698832e8e8d
SEND 1554057494 TRANSACTION 82 10000 746c0e41ff1d757263004698832e8e8d
RECIEVED 1554057494 TRANSACTION 81 66 26
UPDATE 1554057494 TRANSACTION 01fb6009f2bad0c2bec13f171105dac8
SEND 1554057494 TRANSACTION 81 14347 01fb6009f2bad0c2bec13f171105dac8
RECIEVED 1554057494 TRANSACTION 81 66 27
UPDATE 1554057494 TRANSACTION 0c318c148b5340d07b648df2fcb25fc6
SEND 1554057494 TRANSACTION 81 10231 0c318c148b5340d07b648df2fcb25fc6
RECIEVED 1554057494 TRANSACTION 81 66 28
RECIEVED 1554057494 TRANSACTION 81 66 28
UPDATE 1554057494 TRANSACTION efaf812a94d8d37080ff4f6065d3ef7e
SEND 1554057494 TRANSACTION 81 9624 efaf812a94d8d37080ff4f6065d3ef7e
SEND 1554057494 TRANSACTION 81 15195 efaf812a94d8d37080ff4f6065d3ef7e
RECIEVED 1554057494 TRANSACTION 81 66 29
RECIEVED 1554057494 TRANSACTION 80 66 29
UPDATE 1554057494 TRANSACTION 42b8af3456d77016beb3265a68546d9c
SEND 1554057494 TRANSACTION 80 9354 42b8af3456d77016beb3265a68546d9c
RECIEVED 1554057495 TRANSACTION 81 66 30
UPDATE 1554057495 TRANSACTION bc9aeba6c33be1710cf494c5e8d76d50
RECIEVED 1554057495 TRANSACTION 80 66 31
UPDATE 1554057495 TRANSACTION 36b77d5a5a21ec1c4e5c813d081a135f
SEND 1554057495 TRANSACTION 80 12461 36b77d5a5a21ec1c4e5c813d081a135f
RECIEVED 1554057495 TRANSACTION 80 66 32
UPDATE 1554057495 TRANSACTION f052a91c14b72c69433fd71dd4f01880
SEND 1554057495 TRANSACTION 80 9207 f052a91c14b72c69433fd71dd4f01880
RECIEVED 1554057495 TRANSACTION 81 66 33
UPDATE 1554057495 TRANSACTION ae5b73d6a1fd0f13344f9137f6f4ab94
RECIEVED 1554057495 TRANSACTION 81 66 34
UPDATE 1554057495 TRANSACTION 25b155793303c7f275d0b48d733afd4e
SEND 1554057495 TRANSACTION 81 29084 25b155793303c7f275d0b48d733afd4e
RECIEVED 1554057495 TRANSACTION 81 66 35
UPDATE 1554057495 TRANSACTION 4d76dadf800f1d8a3175faabdcfe4e47
RECIEVED 1554057495 TRANSACTION 81 66 36
UPDATE 1554057495 TRANSACTION 88d776f3184cbba0e9fb74cae268df5a
SEND 1554057495 TRANSACTION 81 14968 88d776f3184cbba0e9fb74cae268df5a
RECIEVED 1554057495 TRANSACTION 79 66 37
UPDATE 1554057495 TRANSACTION 88cc3272e46b6f202fdd5cbe5cd232b5
SEND 1554057495 TRANSACTION 79 58160 88cc3272e46b6f202fdd5cbe5cd232b5
SEND 1554057495 TRANSACTION 79 41515 88cc3272e46b6f202fdd5cbe5cd232b5
RECIEVED 1554057495 TRANSACTION 79 66 38
RECIEVED 1554057495 TRANSACTION 82 66 38
UPDATE 1554057495 TRANSACTION e079925381c08eb21045951c59ce0fab
RECIEVED 1554057495 TRANSACTION 81 66 39
UPDATE 1554057495 TRANSACTION 411323fb64d047b3849e9161b22e70bd
SEND 1554057495 TRANSACTION 81 24273 411323fb64d047b3849e9161b22e70bd
RECIEVED 1554057495 TRANSACTION 81 66 40
UPDATE 1554057495 TRANSACTION dc255d0e23bd8d1942409bf27335ad61
SEND 1554057495 TRANSACTION 81 19776 dc255d0e23bd8d1942409bf27335ad61
SEND 1554057495 TRANSACTION 81 34504 dc255d0e23bd8d1942409bf27335ad61
RECIEVED 1554057495 TRANSACTION 81 66 41
UPDATE 1554057495 TRANSACTION 8f6215eb3500c0a9228b4fe87f4c6fdd
SEND 1554057495 TRANSACTION 81 25654 8f6215eb3500c0a9228b4fe87f4c6fdd
SEND 1554057495 TRANSACTION 81 19811 8f6215eb3500c0a9228b4fe87f4c6fdd
RECIEVED 1554057495 TRANSACTION 81 66 42
RECIEVED 1554057495 TRANSACTION 81 66 42
UPDATE 1554057495 TRANSACTION a92ceb06b2f564c5fd968b760e32cc3c
SEND 1554057495 TRANSACTION 81 12643 a92ceb06b2f564c5fd968b760e32cc3c
RECIEVED 1554057495 TRANSACTION 82 66 43
UPDATE 1554057495 TRANSACTION e9254667abea277754abd8bfafa5d4f8
SEND 1554057495 TRANSACTION 82 14125 e9254667abea277754abd8bfafa5d4f8
RECIEVED 1554057496 TRANSACTION 81 66 44
UPDATE 1554057496 TRANSACTION 1b1d0fcd9664f6e0f561f59c77d24178
SEND 1554057496 TRANSACTION 81 19973 1b1d0fcd9664f6e0f561f59c77d24178
SEND 1554057496 TRANSACTION 81 18713 1b1d0fcd9664f6e0f561f59c77d24178
RECIEVED 1554057496 TRANSACTION 81 66 45
RECIEVED 1554057496 TRANSACTION 81 66 45
UPDATE 1554057496 TRANSACTION 09de7b73cb7fd9e8c4f29427be59c7b3
SEND 1554057496 TRANSACTION 81 14105 09de7b73cb7fd9e8c4f29427be59c7b3
RECIEVED 1554057496 TRANSACTION 81 66 46
UPDATE 1554057496 TRANSACTION 209527ed9e7e7667eeb292418d2d4d54
SEND 1554057496 TRANSACTION 81 13676 209527ed9e7e7667eeb292418d2d4d54
RECIEVED 1554057496 TRANSACTION 80 66 47
UPDATE 1554057496 TRANSACTION 8d5604e91fe9005021fb197e153fe339
RECIEVED 1554057496 TRANSACTION 81 66 48
UPDATE 1554057496 TRANSACTION 165ef125e9c4364e34c175ce9c99d553
SEND 1554057496 TRANSACTION 81 20146 165ef125e9c4364e34c175ce9c99d553
RECIEVED 1554057496 TRANSACTION 81 66 49
RECIEVED 1554057496 TRANSACTION 81 66 49
UPDATE 1554057496 TRANSACTION 351e51abbacb897978dc8c9230ee12fe
SEND 1554057496 TRANSACTION 81 43379 351e51abbacb897978dc8c9230ee12fe
RECIEVED 1554057496 TRANSACTION 80 66 50
UPDATE 1554057496 TRANSACTION a2fa01ec826023be5dc81b8dccfb8128
SEND 1554057496 TRANSACTION 80 13526 a2fa01ec826023be5dc81b8dccfb8128
SEND 1554057496 TRANSACTION 80 20929 a2fa01ec826023be5dc81b8dccfb8128
RECIEVED 1554057496 TRANSACTION 80 66 51
RECIEVED 1554057496 TRANSACTION 81 66 51
UPDATE 1554057496 TRANSACTION 13537be4cd818661043fcb3ba7f5848f
SEND 1554057496 TRANSACTION 81 48951 13537be4cd818661043fcb3ba7f5848f
RECIEVED 1554057497 TRANSACTION 81 66 52
UPDATE 1554057497 TRANSACTION efee4b5db89be90a53b8b31b0f998aa3
SEND 1554057497 TRANSACTION 81 14380 efee4b5db89be90a53b8b31b0f998aa3
RECIEVED 1554057497 TRANSACTION 81 66 53
RECIEVED 1554057497 TRANSACTION 81 66 53
RECIEVED 1554057497 TRANSACTION 80 66 53
UPDATE 1554057497 TRANSACTION af7baac2774805ecc58c4b4d08266666
RECIEVED 1554057497 TRANSACTION 81 66 54
UPDATE 1554057497 TRANSACTION 80f4a99f2b1b6a2cbae82f29a97956cc
SEND 1554057497 TRANSACTION 81 9704 80f4a99f2b1b6a2cbae82f29a97956cc
SEND 1554057497 TRANSACTION 81 20808 80f4a99f2b1b6a2cbae82f29a97956cc
RECIEVED 1554057497 TRANSACTION 81 66 55
UPDATE 1554057497 TRANSACTION 10f592cf0ea80712c6e7788ce65c4b87
SEND 1554057497 TRANSACTION 81 15864 10f592cf0ea80712c6e7788ce65c4b87
SEND 1554057497 TRANSACTION 81 35243 10f592cf0ea80712c6e7788ce65c4b87
RECIEVED 1554057497 TRANSACTION 81 66 56
UPDATE 1554057497 TRANSACTION b96891c96ad6cc6db8dafb8ab8ae5a4e
SEND 1554057497 TRANSACTION 81 9696 b96891c96ad6cc6db8dafb8ab8ae5a4e
RECIEVED 1554057497 TRANSACTION 81 66 57
UPDATE 1554057497 TRANSACTION 41bf10c349ce0b36e1eefe7615860149
SEND 1554057497 TRANSACTION 81 14310 41bf10c349ce0b36e1eefe7615860149
SEND 1554057497 TRANSACTION 81 10823 41bf10c349ce0b36e1eefe7615860149
RECIEVED 1554057497 TRANSACTION 81 66 58
UPDATE 1554057497 TRANSACTION a10b9b065836186b7eb3217eb7f18bfd
SEND 1554057497 TRANSACTION 81 9216 a10b9b065836186b7eb3217eb7f18bfd
RECIEVED 1554057497 TRANSACTION 79 66 59
UPDATE 1554057497 TRANSACTION 89a4468641a7f98d0876766b348387d0
RECIEVED 1554057497 TRANSACTION 81 66 60
UPDATE 1554057497 TRANSACTION 170c43963deb5517f027310618a739d5
SEND 1554057497 TRANSACTION 81 14720 170c43963deb5517f027310618a739d5
RECIEVED 1554057497 TRANSACTION 80 66 61
RECIEVED 1554057497 TRANSACTION 82 66 61
UPDATE 1554057497 TRANSACTION 0e21d4340a54696f4e04b3e0bc93a98d
RECIEVED 1554057497 TRANSACTION 81 66 62
RECIEVED 1554057498 TRANSACTION 81 66 62
UPDATE 1554057498 TRANSACTION 2a51d4ab6063f28d580859580aca2666
RECIEVED 1554057498 TRANSACTION 79 66 63
UPDATE 1554057498 TRANSACTION 370e2569be1675b0b8e0ceb6f2b41c41
SEND 1554057498 TRANSACTION 79 13630 370e2569be1675b0b8e0ceb6f2b41c41
SEND 1554057498 TRANSACTION 79 43061 370e2569be1675b0b8e0ceb6f2b41c41
RECIEVED 1554057498 TRANSACTION 81 66 64
UPDATE 1554057498 TRANSACTION dc4c89eaebb5a736e739c011d27d1583
SEND 1554057498 TRANSACTION 81 14875 dc4c89eaebb5a736e739c011d27d1583
SEND 1554057498 TRANSACTION 81 15078 dc4c89eaebb5a736e739c011d27d1583
RECIEVED 1554057498 TRANSACTION 81 66 65
UPDATE 1554057498 TRANSACTION 1275bf04ec078494a535d1528015c2d5
SEND 1554057498 TRANSACTION 81 14403 1275bf04ec078494a535d1528015c2d5
RECIEVED 1554057498 TRANSACTION 80 66 66
UPDATE 1554057498 TRANSACTION 43323225e099f5431643e247a49159e2
SEND 1554057498 TRANSACTION 80 25688 43323225e099f5431643e247a49159e2
RECIEVED 1554057498 TRANSACTION 81 66 67
UPDATE 1554057498 TRANSACTION 73ace3f8bc40df6159b7648e8accf8be
SEND 1554057498 TRANSACTION 81 14805 73ace3f8bc40df6159b7648e8accf8be
RECIEVED 1554057498 TRANSACTION 81 66 68
UPDATE 1554057498 TRANSACTION 4453ba3cac20e62d01c4ce6d81935516
SEND 1554057498 TRANSACTION 81 14846 4453ba3cac20e62d01c4ce6d81935516
SEND 1554057498 TRANSACTION 81 15431 4453ba3cac20e62d01c4ce6d81935516
RECIEVED 1554057498 TRANSACTION 81 66 69
UPDATE 1554057498 TRANSACTION 1f643b861569e909da1f0fcb73cd5614
SEND 1554057498 TRANSACTION 81 31102 1f643b861569e909da1f0fcb73cd5614
RECIEVED 1554057498 TRANSACTION 81 66 70
UPDATE 1554057498 TRANSACTION cb75982ee93688b812d4028c91d8005e
RECIEVED 1554057498 TRANSACTION 81 66 71
UPDATE 1554057498 TRANSACTION 2bb63c63b7c0503a397ef40fde5e2ad5
SEND 1554057498 TRANSACTION 81 13545 2bb63c63b7c0503a397ef40fde5e2ad5
SEND 1554057498 TRANSACTION 81 15804 2bb63c63b7c0503a397ef40fde5e2ad5
RECIEVED 1554057498 TRANSACTION 81 66 72
RECIEVED 1554057498 TRANSACTION 82 66 72
UPDATE 1554057498 TRANSACTION 31ce1a2d5b01c3c8e3bedbb70246224a
SEND 1554057498 TRANSACTION 82 13788 31ce1a2d5b01c3c8e3bedbb70246224a
RECIEVED 1554057498 TRANSACTION 81 66 73
RECIEVED 1554057498 TRANSACTION 82 66 73
RECIEVED 1554057498 TRANSACTION 80 66 73
UPDATE 1554057498 TRANSACTION 8c1ae8c53929b0b0867fdbc57c08ebfe
RECIEVED 1554057498 TRANSACTION 80 66 74
UPDATE 1554057498 TRANSACTION 243f75e6d831d29e56cc0e004c05168c
SEND 1554057498 TRANSACTION 80 20278 243f75e6d831d29e56cc0e004c05168c
SEND 1554057498 TRANSACTION 80 15828 243f75e6d831d29e56cc0e004c05168c
SEND 1554057498 TRANSACTION 80 24634 243f75e6d831d29e56cc0e004c05168c
RECIEVED 1554057498 TRANSACTION 80 66 75
UPDATE 1554057498 TRANSACTION 9a57b7e2a7f6edee4a9659c9e99abddd
SEND 1554057498 TRANSACTION 80 28033 9a57b7e2a7f6edee4a9659c9e99abddd
RECIEVED 1554057498 TRANSACTION 80 66 76
RECIEVED 1554057499 TRANSACTION 81 66 76
UPDATE 1554057499 TRANSACTION 61598d2e5aeb31439685b17eb7ba12ac
SEND 1554057499 TRANSACTION 81 19849 61598d2e5aeb31439685b17eb7ba12ac
RECIEVED 1554057499 TRANSACTION 81 66 77
UPDATE 1554057499 TRANSACTION b5dd40744b4ec86dcf62aa10dc66a1f9
RECIEVED 1554057499 TRANSACTION 81 66 78
RECIEVED 1554057499 TRANSACTION 81 66 78
UPDATE 1554057499 TRANSACTION 57b21b2574c355a17d4bf34174364754
SEND 1554057499 TRANSACTION 81 13869 57b21b2574c355a17d4bf34174364754
SEND 1554057499 TRANSACTION 81 16196 57b21b2574c355a17d4bf34174364754
RECIEVED 1554057499 INTRODUCE 35 66 79
RECIEVED 1554057499 INTRODUCE 36 66 79
RECIEVED 1554057499 INTRODUCE 35 67 79
RECIEVED 1554057499 INTRODUCE 36 67 79
RECIEVED 1554057499 INTRODUCE 36 68 79
RECIEVED 1554057499 INTRODUCE 37 69 79
RECIEVED 1554057499 INTRODUCE 37 70 79
RECIEVED 1554057499 INTRODUCE 35 71 79
RECIEVED 1554057499 INTRODUCE 36 71 79
RECIEVED 1554057499 INTRODUCE 36 71 79
RECIEVED 1554057499 INTRODUCE 37 71 79
RECIEVED 1554057499 INTRODUCE 35 72 79
RECIEVED 1554057499 TRANSACTION 81 73 79
UPDATE 1554057499 TRANSACTION 957e6e8cd04549f0bad18bbb3ab438fe
SEND 1554057499 TRANSACTION 81 27412 957e6e8cd04549f0bad18bbb3ab438fe
SEND 1554057499 TRANSACTION 81 15200 957e6e8cd04549f0bad18bbb3ab438fe
RECIEVED 1554057499 INTRODUCE 37 73 80
RECIEVED 1554057499 INTRODUCE 36 74 80
RECIEVED 1554057499 INTRODUCE 37 75 80
RECIEVED 1554057499 INTRODUCE 36 76 80
RECIEVED 1554057499 INTRODUCE 36 76 80
RECIEVED 1554057499 INTRODUCE 35 77 80
RECIEVED 1554057499 TRANSACTION 81 77 80
UPDATE 1554057499 TRANSACTION 733da7916c93a141f5265f830f427759
SEND 1554057499 TRANSACTION 81 21266 733da7916c93a141f5265f830f427759
SEND 1554057499 TRANSACTION 81 16571 733da7916c93a141f5265f830f427759
RECIEVED 1554057499 INTRODUCE 35 77 81
RECIEVED 1554057499 TRANSACTION 81 77 81
RECIEVED 1554057499 TRANSACTION 81 77 81
UPDATE 1554057499 TRANSACTION d81493d4048a5949a7fc2932a030620d
RECIEVED 1554057499 INTRODUCE 36 77 82
RECIEVED 1554057499 INTRODUCE 36 78 82
RECIEVED 1554057499 INTRODUCE 37 79 82
RECIEVED 1554057499 INTRODUCE 36 80 82
RECIEVED 1554057499 INTRODUCE 36 81 82
RECIEVED 1554057499 INTRODUCE 35 82 82
RECIEVED 1554057499 TRANSACTION 81 83 82
UPDATE 1554057499 TRANSACTION 4537fcc9bb3726d91ebebece856ec59e
RECIEVED 1554057499 TRANSACTION 81 83 83
UPDATE 1554057499 TRANSACTION 6b89473687b587a57c8904ffb85e18d6
SEND 1554057499 TRANSACTION 81 21078 6b89473687b587a57c8904ffb85e18d6
SEND 1554057499 TRANSACTION 81 15421 6b89473687b587a57c8904ffb85e18d6
RECIEVED 1554057499 TRANSACTION 82 83 84
UPDATE 1554057499 TRANSACTION c8d58f4c1355462ebc324388791221cf
SEND 1554057499 TRANSACTION 82 14668 c8d58f4c1355462ebc324388791221cf
SEND 1554057499 TRANSACTION 82 44289 c8d58f4c1355462ebc324388791221cf
SEND 1554057499 TRANSACTION 82 17437 c8d58f4c1355462ebc324388791221cf
RECIEVED 1554057499 TRANSACTION 79 83 85
UPDATE 1554057499 TRANSACTION aca576b695c01f955a044f3441f450cb
SEND 1554057499 TRANSACTION 79 15299 aca576b695c01f955a044f3441f450cb
SEND 1554057499 TRANSACTION 79 10896 aca576b695c01f955a044f3441f450cb
RECIEVED 1554057499 TRANSACTION 79 83 86
RECIEVED 1554057499 INTRODUCE 36 83 86
RECIEVED 1554057499 INTRODUCE 36 84 86
RECIEVED 1554057499 INTRODUCE 36 84 86
RECIEVED 1554057499 INTRODUCE 37 85 86
RECIEVED 1554057499 INTRODUCE 35 85 86
RECIEVED 1554057499 INTRODUCE 36 86 86
RECIEVED 1554057499 INTRODUCE 37 87 86
RECIEVED 1554057499 INTRODUCE 36 88 86
RECIEVED 1554057499 INTRODUCE 36 88 86
RECIEVED 1554057499 INTRODUCE 35 89 86
RECIEVED 1554057499 INTRODUCE 35 89 86
RECIEVED 1554057499 INTRODUCE 36 89 86
RECIEVED 1554057499 INTRODUCE 37 89 86
RECIEVED 1554057499 INTRODUCE 35 89 86
RECIEVED 1554057499 INTRODUCE 36 89 86
RECIEVED 1554057499 INTRODUCE 37 90 86
RECIEVED 1554057499 TRANSACTION 81 91 86
UPDATE 1554057499 TRANSACTION 1298c88fb09e8e24d3f6dbacbb282220
SEND 1554057499 TRANSACTION 81 24374 1298c88fb09e8e24d3f6dbacbb282220
SEND 1554057499 TRANSACTION 81 15673 1298c88fb09e8e24d3f6dbacbb282220
RECIEVED 1554057499 TRANSACTION 81 91 87
UPDATE 1554057499 TRANSACTION 49bb585acb5b35939945f2155d132961
SEND 1554057499 TRANSACTION 81 15759 49bb585acb5b35939945f2155d132961
RECIEVED 1554057499 TRANSACTION 81 91 88
RECIEVED 1554057500 TRANSACTION 79 91 88
UPDATE 1554057500 TRANSACTION 1c3508a8f645cf374be5a94cf5679454
RECIEVED 1554057500 TRANSACTION 81 91 89
UPDATE 1554057500 TRANSACTION e0eafca57f22e26304153c8e7fdd431a
SEND 1554057500 TRANSACTION 81 14579 e0eafca57f22e26304153c8e7fdd431a
SEND 1554057500 TRANSACTION 81 14728 e0eafca57f22e26304153c8e7fdd431a
RECIEVED 1554057500 TRANSACTION 81 91 90
RECIEVED 1554057500 TRANSACTION 80 91 90
UPDATE 1554057500 TRANSACTION 7fbdedf6ccf0310deaa95496597d7141
SEND 1554057500 TRANSACTION 80 21617 7fbdedf6ccf0310deaa95496597d7141
SEND 1554057500 TRANSACTION 80 15306 7fbdedf6ccf0310deaa95496597d7141
SEND 1554057500 TRANSACTION 80 9982 7fbdedf6ccf0310deaa95496597d7141
RECIEVED 1554057500 TRANSACTION 81 91 91
UPDATE 1554057500 TRANSACTION b57a1990978bd6ae91f4bdfb469fc6f1
SEND 1554057500 TRANSACTION 81 14540 b57a1990978bd6ae91f4bdfb469fc6f1
SEND 1554057500 TRANSACTION 81 16535 b57a1990978bd6ae91f4bdfb469fc6f1
RECIEVED 1554057500 HB 3 91 92
RECIEVED 1554057500 TRANSACTION 81 91 92
UPDATE 1554057500 TRANSACTION d4fa3586aa4fa67cfd9c874aca71add4
SEND 1554057500 TRANSACTION 81 10381 d4fa3586aa4fa67cfd9c874aca71add4
RECIEVED 1554057500 TRANSACTION 81 91 93
RECIEVED 1554057500 TRANSACTION 81 91 93
UPDATE 1554057500 TRANSACTION 9174d5d7f639a2f410e05fc5ead8e113
SEND 1554057500 TRANSACTION 81 10643 9174d5d7f639a2f410e05fc5ead8e113
SEND 1554057500 TRANSACTION 81 17482 9174d5d7f639a2f410e05fc5ead8e113
RECIEVED 1554057500 TRANSACTION 81 91 94
UPDATE 1554057500 TRANSACTION f9e3b499113c7321230aec5fd6ee30d3
SEND 1554057500 TRANSACTION 81 9960 f9e3b499113c7321230aec5fd6ee30d3
SEND 1554057500 TRANSACTION 81 16283 f9e3b499113c7321230aec5fd6ee30d3
SEND 1554057500 TRANSACTION 81 10706 f9e3b499113c7321230aec5fd6ee30d3
RECIEVED 1554057500 TRANSACTION 82 91 95
UPDATE 1554057500 TRANSACTION 79ab11c6ea2ca023560c643d9a1f594a
SEND 1554057500 TRANSACTION 82 37961 79ab11c6ea2ca023560c643d9a1f594a
SEND 1554057500 TRANSACTION 82 14632 79ab11c6ea2ca023560c643d9a1f594a
SEND 1554057500 TRANSACTION 82 16881 79ab11c6ea2ca023560c643d9a1f594a
RECIEVED 1554057500 TRANSACTION 82 91 96
RECIEVED 1554057500 TRANSACTION 82 91 96
RECIEVED 1554057500 TRANSACTION 81 91 96
RECIEVED 1554057500 INTRODUCE 36 91 96
RECIEVED 1554057500 INTRODUCE 35 92 96
RECIEVED 1554057500 INTRODUCE 36 92 96
RECIEVED 1554057500 INTRODUCE 37 92 96
RECIEVED 1554057500 TRANSACTION 81 93 96
UPDATE 1554057500 TRANSACTION e2b75dbced551503a7edcf13b89a335d
SEND 1554057500 TRANSACTION 81 32730 e2b75dbced551503a7edcf13b89a335d
SEND 1554057500 TRANSACTION 81 11310 e2b75dbced551503a7edcf13b89a335d
RECIEVED 1554057500 TRANSACTION 82 93 97
UPDATE 1554057500 TRANSACTION ca0996d518aca41b914661195625aa07
SEND 1554057500 TRANSACTION 82 15428 ca0996d518aca41b914661195625aa07
SEND 1554057500 TRANSACTION 82 11840 ca0996d518aca41b914661195625aa07
RECIEVED 1554057500 TRANSACTION 81 93 98
UPDATE 1554057500 TRANSACTION 2fb5fa6e638585855c27909b4c9e78ca
SEND 1554057500 TRANSACTION 81 10620 2fb5fa6e638585855c27909b4c9e78ca
RECIEVED 1554057500 TRANSACTION 81 93 99
RECIEVED 1554057500 TRANSACTION 81 93 99
RECIEVED 1554057500 TRANSACTION 81 93 99
RECIEVED 1554057500 TRANSACTION 81 93 99
UPDATE 1554057500 TRANSACTION 413c28dbd31bef8bdf32cb60845a0556
SEND 1554057500 TRANSACTION 81 32303 413c28dbd31bef8bdf32cb60845a0556
RECIEVED 1554057500 TRANSACTION 81 93 100
UPDATE 1554057500 TRANSACTION 5cffa9bd827f2137fdd4f05e30ee1f24
SEND 1554057500 TRANSACTION 81 9924 5cffa9bd827f2137fdd4f05e30ee1f24
RECIEVED 1554057500 TRANSACTION 81 93 101
RECIEVED 1554057500 TRANSACTION 81 93 101
RECIEVED 1554057500 TRANSACTION 80 93 101
UPDATE 1554057500 TRANSACTION a89123f719573cc1266da1ec88ec12f8
SEND 1554057500 TRANSACTION 80 9302 a89123f719573cc1266da1ec88ec12f8
RECIEVED 1554057500 TRANSACTION 81 93 102
UPDATE 1554057500 TRANSACTION ec8e87d8d39417a34a661751b1d14f6d
SEND 1554057500 TRANSACTION 81 9799 ec8e87d8d39417a34a661751b1d14f6d
SEND 1554057500 TRANSACTION 81 14739 ec8e87d8d39417a34a661751b1d14f6d
RECIEVED 1554057500 TRANSACTION 81 93 103
UPDATE 1554057500 TRANSACTION a0170dc9c26e20075b0c4042b59bdbf6
RECIEVED 1554057500 TRANSACTION 81 93 104
UPDATE 1554057500 TRANSACTION f6712dd40c3bab30b0188f2157e97ae1
RECIEVED 1554057500 TRANSACTION 81 93 105
RECIEVED 1554057500 TRANSACTION 80 93 105
UPDATE 1554057500 TRANSACTION 80700776c597fc9aa44a0f4f92515e1a
SEND 1554057500 TRANSACTION 80 13212 80700776c597fc9aa44a0f4f92515e1a
SEND 1554057500 TRANSACTION 80 15097 80700776c597fc9aa44a0f4f92515e1a
RECIEVED 1554057501 TRANSACTION 81 93 106
RECIEVED 1554057501 TRANSACTION 80 93 106
RECIEVED 1554057501 TRANSACTION 80 93 106
UPDATE 1554057501 TRANSACTION 0ea73a4e331016a3253ffb956453596b
SEND 1554057501 TRANSACTION 80 9740 0ea73a4e331016a3253ffb956453596b
RECIEVED 1554057501 TRANSACTION 80 93 107
RECIEVED 1554057501 TRANSACTION 81 93 107
UPDATE 1554057501 TRANSACTION da84bf0a63df25380f1cb8a4a6c109a2
SEND 1554057501 TRANSACTION 81 9961 da84bf0a63df25380f1cb8a4a6c109a2
SEND 1554057501 TRANSACTION 81 11218 da84bf0a63df25380f1cb8a4a6c109a2
RECIEVED 1554057501 TRANSACTION 81 93 108
UPDATE 1554057501 TRANSACTION d60ef5330fbf2bbadbfd99833bed5142
SEND 1554057501 TRANSACTION 81 13894 d60ef5330fbf2bbadbfd99833bed5142
SEND 1554057501 TRANSACTION 81 34645 d60ef5330fbf2bbadbfd99833bed5142
SEND 1554057501 TRANSACTION 81 10014 d60ef5330fbf2bbadbfd99833bed5142
RECIEVED 1554057501 TRANSACTION 81 93 109
UPDATE 1554057501 TRANSACTION 263091a14ff7b8a38d1f707799dd4007
SEND 1554057501 TRANSACTION 81 9497 263091a14ff7b8a38d1f707799dd4007
SEND 1554057501 TRANSACTION 81 22015 263091a14ff7b8a38d1f707799dd4007
SEND 1554057501 TRANSACTION 81 15554 263091a14ff7b8a38d1f707799dd4007
RECIEVED 1554057501 TRANSACTION 81 93 110
UPDATE 1554057501 TRANSACTION 6bace1a3c7eae87ca2cc94fcb48a6d22
SEND 1554057501 TRANSACTION 81 20134 6bace1a3c7eae87ca2cc94fcb48a6d22
RECIEVED 1554057501 TRANSACTION 81 93 111
RECIEVED 1554057501 TRANSACTION 81 93 111
RECIEVED 1554057501 TRANSACTION 80 93 111
UPDATE 1554057501 TRANSACTION d643e6b02867bdf3e1d294c54173557d
SEND 1554057501 TRANSACTION 80 9955 d643e6b02867bdf3e1d294c54173557d
SEND 1554057501 TRANSACTION 80 16383 d643e6b02867bdf3e1d294c54173557d
SEND 1554057501 TRANSACTION 80 27805 d643e6b02867bdf3e1d294c54173557d
RECIEVED 1554057501 TRANSACTION 81 93 112
UPDATE 1554057501 TRANSACTION 4aa59f7cf51f46e70134b9df3082e86c
SEND 1554057501 TRANSACTION 81 13285 4aa59f7cf51f46e70134b9df3082e86c
SEND 1554057501 TRANSACTION 81 15870 4aa59f7cf51f46e70134b9df3082e86c
SEND 1554057501 TRANSACTION 81 18700 4aa59f7cf51f46e70134b9df3082e86c
RECIEVED 1554057501 TRANSACTION 81 93 113
UPDATE 1554057501 TRANSACTION e1568f8e7b208a88f35bc4e8211ee1d8
RECIEVED 1554057501 TRANSACTION 81 93 114
UPDATE 1554057501 TRANSACTION 67abc7772cee4f3ad63afddf7c5234e0
SEND 1554057501 TRANSACTION 81 9720 67abc7772cee4f3ad63afddf7c5234e0
RECIEVED 1554057501 TRANSACTION 81 93 115
UPDATE 1554057501 TRANSACTION 457c2a14f730824710cd83d2e3724266
SEND 1554057501 TRANSACTION 81 29515 457c2a14f730824710cd83d2e3724266
SEND 1554057501 TRANSACTION 81 14710 457c2a14f730824710cd83d2e3724266
RECIEVED 1554057501 TRANSACTION 81 93 116
RECIEVED 1554057501 TRANSACTION 81 93 116
UPDATE 1554057501 TRANSACTION 2dbf47f5ec749ae259708e81a816989a
RECIEVED 1554057501 TRANSACTION 81 93 117
UPDATE 1554057501 TRANSACTION 4249609a26c5a1ff2c472ee2cd4dc1ec
SEND 1554057501 TRANSACTION 81 8375 4249609a26c5a1ff2c472ee2cd4dc1ec
SEND 1554057501 TRANSACTION 81 16050 4249609a26c5a1ff2c472ee2cd4dc1ec
RECIEVED 1554057501 TRANSACTION 81 93 118
RECIEVED 1554057501 TRANSACTION 80 93 118
RECIEVED 1554057501 TRANSACTION 81 93 118
UPDATE 1554057501 TRANSACTION 3415c2bd3e9adb2110a79d2e6961ee3e
SEND 1554057501 TRANSACTION 81 13285 3415c2bd3e9adb2110a79d2e6961ee3e
SEND 1554057501 TRANSACTION 81 15160 3415c2bd3e9adb2110a79d2e6961ee3e
RECIEVED 1554057501 TRANSACTION 81 93 119
RECIEVED 1554057501 TRANSACTION 81 93 119
UPDATE 1554057501 TRANSACTION 9f3775c6048c7aee9e4fbdf75e990b4b
RECIEVED 1554057501 TRANSACTION 81 93 120
RECIEVED 1554057502 TRANSACTION 81 93 120
UPDATE 1554057502 TRANSACTION aa71ecb24db3f870abc0ff31a5b2c48d
SEND 1554057502 TRANSACTION 81 11832 aa71ecb24db3f870abc0ff31a5b2c48d
SEND 1554057502 TRANSACTION 81 13900 aa71ecb24db3f870abc0ff31a5b2c48d
RECIEVED 1554057502 TRANSACTION 81 93 121
UPDATE 1554057502 TRANSACTION ca78255f634d0369dcca9c8fe3d290df
SEND 1554057502 TRANSACTION 81 20701 ca78255f634d0369dcca9c8fe3d290df
SEND 1554057502 TRANSACTION 81 9891 ca78255f634d0369dcca9c8fe3d290df
SEND 1554057502 TRANSACTION 81 21511 ca78255f634d0369dcca9c8fe3d290df
RECIEVED 1554057502 TRANSACTION 81 93 122
RECIEVED 1554057502 TRANSACTION 81 93 122
RECIEVED 1554057502 TRANSACTION 81 93 122
UPDATE 1554057502 TRANSACTION d30b89a1c99d2aabfe513f9f6feee1b5
SEND 1554057502 TRANSACTION 81 10408 d30b89a1c99d2aabfe513f9f6feee1b5
RECIEVED 1554057502 TRANSACTION 81 93 123
RECIEVED 1554057502 TRANSACTION 81 93 123
UPDATE 1554057502 TRANSACTION dfa122090aca92a4cd6ea15147ad80e2
SEND 1554057502 TRANSACTION 81 9223 dfa122090aca92a4cd6ea15147ad80e2
RECIEVED 1554057502 TRANSACTION 81 93 124
UPDATE 1554057502 TRANSACTION 687b3f7286fd8596ee6414789c2dca4a
SEND 1554057502 TRANSACTION 81 13907 687b3f7286fd8596ee6414789c2dca4a
SEND 1554057502 TRANSACTION 81 10952 687b3f7286fd8596ee6414789c2dca4a
RECIEVED 1554057502 TRANSACTION 81 93 125
RECIEVED 1554057502 TRANSACTION 81 93 125
UPDATE 1554057502 TRANSACTION b48d3839d71b7922b5e482a7607a926d
SEND 1554057502 TRANSACTION 81 12308 b48d3839d71b7922b5e482a7607a926d
SEND 1554057502 TRANSACTION 81 11901 b48d3839d71b7922b5e482a7607a926d
RECIEVED 1554057502 TRANSACTION 81 93 126
UPDATE 1554057502 TRANSACTION 59eab804ce530a77aaaa66c1d3a2f65d
SEND 1554057502 TRANSACTION 81 10932 59eab804ce530a77aaaa66c1d3a2f65d
SEND 1554057502 TRANSACTION 81 11344 59eab804ce530a77aaaa66c1d3a2f65d
RECIEVED 1554057502 TRANSACTION 81 93 127
RECIEVED 1554057502 TRANSACTION 81 93 127
UPDATE 1554057502 TRANSACTION cebc5225bded12b7c7ea99182cc1b63f
RECIEVED 1554057502 TRANSACTION 81 93 128
RECIEVED 1554057502 TRANSACTION 80 93 128
UPDATE 1554057502 TRANSACTION f2704e20b7bdcfe6d4b1c60a5d9faf9d
SEND 1554057502 TRANSACTION 80 9984 f2704e20b7bdcfe6d4b1c60a5d9faf9d
SEND 1554057502 TRANSACTION 80 11310 f2704e20b7bdcfe6d4b1c60a5d9faf9d
SEND 1554057502 TRANSACTION 80 10666 f2704e20b7bdcfe6d4b1c60a5d9faf9d
RECIEVED 1554057502 TRANSACTION 80 93 129
RECIEVED 1554057502 TRANSACTION 80 93 129
RECIEVED 1554057502 TRANSACTION 81 93 129
UPDATE 1554057502 TRANSACTION 4e7c272e92b58297b02ef0cb6e179cde
SEND 1554057502 TRANSACTION 81 20885 4e7c272e92b58297b02ef0cb6e179cde
RECIEVED 1554057502 TRANSACTION 81 93 130
RECIEVED 1554057502 TRANSACTION 81 93 130
UPDATE 1554057502 TRANSACTION 434b15970eeba0d3e77e1e75ffb38ef2
SEND 1554057502 TRANSACTION 81 13733 434b15970eeba0d3e77e1e75ffb38ef2
RECIEVED 1554057502 TRANSACTION 81 93 131
UPDATE 1554057502 TRANSACTION 17e7b0d8c89f09d1348ecc734eb84f98
RECIEVED 1554057502 TRANSACTION 80 93 132
RECIEVED 1554057502 TRANSACTION 81 93 132
UPDATE 1554057502 TRANSACTION 1038344442a69fcad7a03d4334e83aa7
RECIEVED 1554057502 TRANSACTION 80 93 133
UPDATE 1554057502 TRANSACTION 08edde933532fbecddc7b03df2573030
RECIEVED 1554057503 TRANSACTION 80 93 134
RECIEVED 1554057503 TRANSACTION 82 93 134
UPDATE 1554057503 TRANSACTION 51d682103020d9f8013b773a7c89198a
SEND 1554057503 TRANSACTION 82 10378 51d682103020d9f8013b773a7c89198a
SEND 1554057503 TRANSACTION 82 11685 51d682103020d9f8013b773a7c89198a
RECIEVED 1554057503 TRANSACTION 80 93 135
UPDATE 1554057503 TRANSACTION fb98c2411a0aaf83904e68dfe7920814
RECIEVED 1554057503 TRANSACTION 80 93 136
RECIEVED 1554057503 TRANSACTION 80 93 136
UPDATE 1554057503 TRANSACTION b3c9d0d8814b1959fde35a705c7f6b96
SEND 1554057503 TRANSACTION 80 23160 b3c9d0d8814b1959fde35a705c7f6b96
SEND 1554057503 TRANSACTION 80 11037 b3c9d0d8814b1959fde35a705c7f6b96
SEND 1554057503 TRANSACTION 80 18636 b3c9d0d8814b1959fde35a705c7f6b96
RECIEVED 1554057503 TRANSACTION 80 93 137
UPDATE 1554057503 TRANSACTION e61317a5b3252ca206d2d44aed26ef9f
SEND 1554057503 TRANSACTION 80 9601 e61317a5b3252ca206d2d44aed26ef9f
RECIEVED 1554057503 TRANSACTION 82 93 138
UPDATE 1554057503 TRANSACTION f4297b9bbe8081f47813dfeaecb4563b
SEND 1554057503 TRANSACTION 82 15867 f4297b9bbe8081f47813dfeaecb4563b
SEND 1554057503 TRANSACTION 82 51682 f4297b9bbe8081f47813dfeaecb4563b
RECIEVED 1554057503 TRANSACTION 82 93 139
RECIEVED 1554057503 TRANSACTION 81 93 139
UPDATE 1554057503 TRANSACTION 78265a4f82bee79b6308f333458ca244
SEND 1554057503 TRANSACTION 81 20761 78265a4f82bee79b6308f333458ca244
SEND 1554057503 TRANSACTION 81 16337 78265a4f82bee79b6308f333458ca244
RECIEVED 1554057503 TRANSACTION 81 93 140
RECIEVED 1554057503 TRANSACTION 81 93 140
RECIEVED 1554057503 TRANSACTION 81 93 140
UPDATE 1554057503 TRANSACTION 4fd0b01a2227f092a83863d36d56910e
RECIEVED 1554057503 TRANSACTION 81 93 141
RECIEVED 1554057503 TRANSACTION 81 93 141
UPDATE 1554057503 TRANSACTION 2370b45fc0cc0775d6294897a664dc4b
SEND 1554057503 TRANSACTION 81 9260 2370b45fc0cc0775d6294897a664dc4b
RECIEVED 1554057503 TRANSACTION 80 93 142
UPDATE 1554057503 TRANSACTION 0480eaa916a21097b65c340ac5868520
SEND 1554057503 TRANSACTION 80 9625 0480eaa916a21097b65c340ac5868520
SEND 1554057503 TRANSACTION 80 16070 0480eaa916a21097b65c340ac5868520
SEND 1554057503 TRANSACTION 80 10242 0480eaa916a21097b65c340ac5868520
RECIEVED 1554057503 TRANSACTION 80 93 143
RECIEVED 1554057503 TRANSACTION 81 93 143
UPDATE 1554057503 TRANSACTION 7c3c4aef266784a8af190d36921d3e4f
SEND 1554057503 TRANSACTION 81 15237 7c3c4aef266784a8af190d36921d3e4f
RECIEVED 1554057503 TRANSACTION 81 93 144
UPDATE 1554057503 TRANSACTION 49e9181e5ab0af708b62b8f28b7d61b4
SEND 1554057503 TRANSACTION 81 10841 49e9181e5ab0af708b62b8f28b7d61b4
SEND 1554057503 TRANSACTION 81 19825 49e9181e5ab0af708b62b8f28b7d61b4
SEND 1554057503 TRANSACTION 81 12807 49e9181e5ab0af708b62b8f28b7d61b4
RECIEVED 1554057503 TRANSACTION 80 93 145
RECIEVED 1554057503 TRANSACTION 81 93 145
UPDATE 1554057503 TRANSACTION 95cb92db2e6feba236ea70c8036f1bb2
SEND 1554057503 TRANSACTION 81 14471 95cb92db2e6feba236ea70c8036f1bb2
RECIEVED 1554057503 TRANSACTION 81 93 146
RECIEVED 1554057503 TRANSACTION 81 93 146
UPDATE 1554057503 TRANSACTION 5ce45b6417619d910401fffed9006895
SEND 1554057503 TRANSACTION 81 15094 5ce45b6417619d910401fffed9006895
RECIEVED 1554057504 TRANSACTION 81 93 147
UPDATE 1554057504 TRANSACTION 1d3c12a40f33b3dae0a82941aad69ff8
SEND 1554057504 TRANSACTION 81 9517 1d3c12a40f33b3dae0a82941aad69ff8
SEND 1554057504 TRANSACTION 81 12781 1d3c12a40f33b3dae0a82941aad69ff8
RECIEVED 1554057504 TRANSACTION 81 93 148
UPDATE 1554057504 TRANSACTION e2fcd08b8dcf07922919ec0217553de8
SEND 1554057504 TRANSACTION 81 9083 e2fcd08b8dcf07922919ec0217553de8
RECIEVED 1554057504 TRANSACTION 81 93 149
UPDATE 1554057504 TRANSACTION 51f6dc4a097ece18518209bb803161a4
SEND 1554057504 TRANSACTION 81 13818 51f6dc4a097ece18518209bb803161a4
SEND 1554057504 TRANSACTION 81 10207 51f6dc4a097ece18518209bb803161a4
RECIEVED 1554057504 TRANSACTION 82 93 150
UPDATE 1554057504 TRANSACTION 4ace7c6d8352994f480a0f09877eb24a
SEND 1554057504 TRANSACTION 82 9758 4ace7c6d8352994f480a0f09877eb24a
RECIEVED 1554057504 TRANSACTION 81 93 151
UPDATE 1554057504 TRANSACTION 41adbaa5cd3fa5ea599eab8b2f8cfe39
SEND 1554057504 TRANSACTION 81 13473 41adbaa5cd3fa5ea599eab8b2f8cfe39
RECIEVED 1554057504 TRANSACTION 81 93 152
UPDATE 1554057504 TRANSACTION 1a850a7cf02a070983d0689f16f828f2
SEND 1554057504 TRANSACTION 81 9207 1a850a7cf02a070983d0689f16f828f2
SEND 1554057504 TRANSACTION 81 15193 1a850a7cf02a070983d0689f16f828f2
RECIEVED 1554057504 TRANSACTION 81 93 153
UPDATE 1554057504 TRANSACTION f7fdb6eb7a5ad23aff446f59ae787dc6
SEND 1554057504 TRANSACTION 81 9717 f7fdb6eb7a5ad23aff446f59ae787dc6
SEND 1554057504 TRANSACTION 81 29600 f7fdb6eb7a5ad23aff446f59ae787dc6
RECIEVED 1554057504 TRANSACTION 80 93 154
UPDATE 1554057504 TRANSACTION 8ce98b9953c9171308817bc01754a082
SEND 1554057504 TRANSACTION 80 16450 8ce98b9953c9171308817bc01754a082
RECIEVED 1554057504 TRANSACTION 81 93 155
UPDATE 1554057504 TRANSACTION 56b0c4490bc2f735f9fed04d91e19a32
SEND 1554057504 TRANSACTION 81 14096 56b0c4490bc2f735f9fed04d91e19a32
RECIEVED 1554057504 TRANSACTION 81 93 156
UPDATE 1554057504 TRANSACTION 17909ed222a961a787424816409bffe5
RECIEVED 1554057504 TRANSACTION 80 93 157
RECIEVED 1554057504 TRANSACTION 81 93 157
RECIEVED 1554057504 TRANSACTION 81 93 157
RECIEVED 1554057504 TRANSACTION 81 93 157
UPDATE 1554057504 TRANSACTION 646719786e364fab04719c84441d0520
SEND 1554057504 TRANSACTION 81 8971 646719786e364fab04719c84441d0520
SEND 1554057504 TRANSACTION 81 10927 646719786e364fab04719c84441d0520
SEND 1554057504 TRANSACTION 81 15346 646719786e364fab04719c84441d0520
RECIEVED 1554057504 TRANSACTION 81 93 158
UPDATE 1554057504 TRANSACTION 972153fcd48efcc31b44394810407ef8
SEND 1554057504 TRANSACTION 81 12508 972153fcd48efcc31b44394810407ef8
SEND 1554057504 TRANSACTION 81 20654 972153fcd48efcc31b44394810407ef8
RECIEVED 1554057504 TRANSACTION 80 93 159
UPDATE 1554057504 TRANSACTION 913c624be22e3d8f0b782eac0ee7d7c6
SEND 1554057504 TRANSACTION 80 10126 913c624be22e3d8f0b782eac0ee7d7c6
RECIEVED 1554057504 TRANSACTION 80 93 160
RECIEVED 1554057504 TRANSACTION 81 93 160
UPDATE 1554057504 TRANSACTION 2265bd9de3f49d6c4f8f8437ee5655a3
SEND 1554057504 TRANSACTION 81 13414 2265bd9de3f49d6c4f8f8437ee5655a3
RECIEVED 1554057504 TRANSACTION 81 93 161
UPDATE 1554057504 TRANSACTION 816fc2a5fadedba30934b22ed89376cd
SEND 1554057504 TRANSACTION 81 15368 816fc2a5fadedba30934b22ed89376cd
SEND 1554057504 TRANSACTION 81 15775 816fc2a5fadedba30934b22ed89376cd
SEND 1554057504 TRANSACTION 81 18521 816fc2a5fadedba30934b22ed89376cd
SEND 1554057504 TRANSACTION 81 10481 816fc2a5fadedba30934b22ed89376cd
RECIEVED 1554057504 TRANSACTION 80 93 162
UPDATE 1554057504 TRANSACTION e4fb0ee8f635e297a5ee63345d21e61b
SEND 1554057504 TRANSACTION 80 9816 e4fb0ee8f635e297a5ee63345d21e61b
SEND 1554057504 TRANSACTION 80 34643 e4fb0ee8f635e297a5ee63345d21e61b
SEND 1554057504 TRANSACTION 80 15779 e4fb0ee8f635e297a5ee63345d21e61b
RECIEVED 1554057504 TRANSACTION 81 93 163
UPDATE 1554057504 TRANSACTION 95883ad8549e707f53d4f475d59ae545
SEND 1554057504 TRANSACTION 81 16994 95883ad8549e707f53d4f475d59ae545
SEND 1554057504 TRANSACTION 81 10652 95883ad8549e707f53d4f475d59ae545
RECIEVED 1554057504 TRANSACTION 80 93 164
UPDATE 1554057504 TRANSACTION e2f0daff769ce0ac34e00d8708b87299
SEND 1554057504 TRANSACTION 80 10886 e2f0daff769ce0ac34e00d8708b87299
SEND 1554057504 TRANSACTION 80 14488 e2f0daff769ce0ac34e00d8708b87299
RECIEVED 1554057505 TRANSACTION 80 93 165
RECIEVED 1554057505 TRANSACTION 81 93 165
RECIEVED 1554057505 TRANSACTION 80 93 165
RECIEVED 1554057505 TRANSACTION 80 93 165
UPDATE 1554057505 TRANSACTION dbb2f4ee60cced1466a57a13e847ebb1
SEND 1554057505 TRANSACTION 80 35375 dbb2f4ee60cced1466a57a13e847ebb1
SEND 1554057505 TRANSACTION 80 9902 dbb2f4ee60cced1466a57a13e847ebb1
RECIEVED 1554057505 TRANSACTION 80 93 166
RECIEVED 1554057505 TRANSACTION 81 93 166
UPDATE 1554057505 TRANSACTION 996b7a5a51b929bc11bb70777fb1e66b
RECIEVED 1554057505 TRANSACTION 81 93 167
UPDATE 1554057505 TRANSACTION f320fb1df28a9bee259f10a64af64c22
RECIEVED 1554057505 TRANSACTION 81 93 168
RECIEVED 1554057505 TRANSACTION 81 93 168
UPDATE 1554057505 TRANSACTION a96301d0223a6618b70ce48df8f7fb36
SEND 1554057505 TRANSACTION 81 20178 a96301d0223a6618b70ce48df8f7fb36
RECIEVED 1554057505 TRANSACTION 82 93 169
UPDATE 1554057505 TRANSACTION 4c0285a241acfb076d57b0bb1e2b6f68
SEND 1554057505 TRANSACTION 82 16207 4c0285a241acfb076d57b0bb1e2b6f68
SEND 1554057505 TRANSACTION 82 11204 4c0285a241acfb076d57b0bb1e2b6f68
RECIEVED 1554057505 TRANSACTION 82 93 170
UPDATE 1554057505 TRANSACTION 05993c8fcb9b0ae1c0585552dcdab447
SEND 1554057505 TRANSACTION 82 10307 05993c8fcb9b0ae1c0585552dcdab447
RECIEVED 1554057505 TRANSACTION 81 93 171
UPDATE 1554057505 TRANSACTION 5de342f5ae9364709f6b5ef06976100f
SEND 1554057505 TRANSACTION 81 9602 5de342f5ae9364709f6b5ef06976100f
SEND 1554057505 TRANSACTION 81 11585 5de342f5ae9364709f6b5ef06976100f
RECIEVED 1554057505 TRANSACTION 81 93 172
RECIEVED 1554057505 TRANSACTION 82 93 172
RECIEVED 1554057505 TRANSACTION 81 93 172
UPDATE 1554057505 TRANSACTION 12d0b03b05dba721a242f86d402a7341
SEND 1554057505 TRANSACTION 81 14158 12d0b03b05dba721a242f86d402a7341
RECIEVED 1554057505 TRANSACTION 81 93 173
UPDATE 1554057505 TRANSACTION 90694e05926fba2b47cb90bdadd9b58a
SEND 1554057505 TRANSACTION 81 11080 90694e05926fba2b47cb90bdadd9b58a
SEND 1554057505 TRANSACTION 81 10914 90694e05926fba2b47cb90bdadd9b58a
RECIEVED 1554057505 TRANSACTION 81 93 174
UPDATE 1554057505 TRANSACTION fa461b914d3f58baf860a4a2e9cce5d0
SEND 1554057505 TRANSACTION 81 19495 fa461b914d3f58baf860a4a2e9cce5d0
SEND 1554057505 TRANSACTION 81 9709 fa461b914d3f58baf860a4a2e9cce5d0
RECIEVED 1554057505 TRANSACTION 81 93 175
UPDATE 1554057505 TRANSACTION ff12bc75dfe9df0f3777e60fb61c45e3
SEND 1554057505 TRANSACTION 81 53282 ff12bc75dfe9df0f3777e60fb61c45e3
RECIEVED 1554057505 TRANSACTION 81 93 176
UPDATE 1554057505 TRANSACTION f4bfbcb1704d3f3e7b3aa8f614357f1f
SEND 1554057505 TRANSACTION 81 19726 f4bfbcb1704d3f3e7b3aa8f614357f1f
SEND 1554057505 TRANSACTION 81 10028 f4bfbcb1704d3f3e7b3aa8f614357f1f
SEND 1554057505 TRANSACTION 81 16250 f4bfbcb1704d3f3e7b3aa8f614357f1f
RECIEVED 1554057505 TRANSACTION 81 93 177
UPDATE 1554057505 TRANSACTION 4adaf35eeffc6d5f463731a61385df3f
SEND 1554057505 TRANSACTION 81 14236 4adaf35eeffc6d5f463731a61385df3f
SEND 1554057505 TRANSACTION 81 11173 4adaf35eeffc6d5f463731a61385df3f
RECIEVED 1554057505 TRANSACTION 81 93 178
RECIEVED 1554057505 TRANSACTION 82 93 178
UPDATE 1554057505 TRANSACTION f2a4bb4fe0ace0a04197649102b56d5e
SEND 1554057505 TRANSACTION 82 9757 f2a4bb4fe0ace0a04197649102b56d5e
RECIEVED 1554057506 TRANSACTION 81 93 179
RECIEVED 1554057506 TRANSACTION 79 93 179
UPDATE 1554057506 TRANSACTION 1a9192fc2468c26ffcc5d1cd1b0280b1
SEND 1554057506 TRANSACTION 79 29778 1a9192fc2468c26ffcc5d1cd1b0280b1
RECIEVED 1554057506 TRANSACTION 81 93 180
UPDATE 1554057506 TRANSACTION 7c90e02c485e04280ee936c0c5293582
SEND 1554057506 TRANSACTION 81 9651 7c90e02c485e04280ee936c0c5293582
SEND 1554057506 TRANSACTION 81 11285 7c90e02c485e04280ee936c0c5293582
RECIEVED 1554057506 TRANSACTION 81 93 181
UPDATE 1554057506 TRANSACTION 75c18add68304a80083be9884ac1289a
SEND 1554057506 TRANSACTION 81 15740 75c18add68304a80083be9884ac1289a
RECIEVED 1554057506 TRANSACTION 80 93 182
UPDATE 1554057506 TRANSACTION 3088341ec1cc278b2e79b4cbff49fcd8
SEND 1554057506 TRANSACTION 80 16043 3088341ec1cc278b2e79b4cbff49fcd8
RECIEVED 1554057506 TRANSACTION 81 93 183
UPDATE 1554057506 TRANSACTION 613be97b88c653fe2dc7426da8f45d48
SEND 1554057506 TRANSACTION 81 8985 613be97b88c653fe2dc7426da8f45d48
RECIEVED 1554057506 TRANSACTION 81 93 184
UPDATE 1554057506 TRANSACTION b0939888da47f2eee4ccf7db93cbc5ab
SEND 1554057506 TRANSACTION 81 33032 b0939888da47f2eee4ccf7db93cbc5ab
SEND 1554057506 TRANSACTION 81 11945 b0939888da47f2eee4ccf7db93cbc5ab
RECIEVED 1554057506 TRANSACTION 81 93 185
RECIEVED 1554057506 TRANSACTION 81 93 185
RECIEVED 1554057506 TRANSACTION 81 93 185
RECIEVED 1554057506 TRANSACTION 81 93 185
RECIEVED 1554057506 TRANSACTION 81 93 185
UPDATE 1554057506 TRANSACTION 9bcd950f2564df94992c637267198e16
SEND 1554057506 TRANSACTION 81 11788 9bcd950f2564df94992c637267198e16
RECIEVED 1554057506 TRANSACTION 81 93 186
RECIEVED 1554057506 TRANSACTION 81 93 186
UPDATE 1554057506 TRANSACTION 68be9c6c6f4232b0c08d57e1002a5253
SEND 1554057506 TRANSACTION 81 14227 68be9c6c6f4232b0c08d57e1002a5253
RECIEVED 1554057506 TRANSACTION 81 93 187
UPDATE 1554057506 TRANSACTION 91764f8a75c3b9e98febeb4e171d09fa
RECIEVED 1554057506 TRANSACTION 82 93 188
RECIEVED 1554057506 TRANSACTION 79 93 188
RECIEVED 1554057506 TRANSACTION 81 93 188
UPDATE 1554057506 TRANSACTION 32ef2eac77a2065ed3a845130f617470
SEND 1554057506 TRANSACTION 81 48800 32ef2eac77a2065ed3a845130f617470
RECIEVED 1554057506 TRANSACTION 81 93 189
UPDATE 1554057506 TRANSACTION 116b887d84dd69c17cd96f36b35019cc
SEND 1554057506 TRANSACTION 81 10693 116b887d84dd69c17cd96f36b35019cc
SEND 1554057506 TRANSACTION 81 16135 116b887d84dd69c17cd96f36b35019cc
RECIEVED 1554057506 TRANSACTION 80 93 190
RECIEVED 1554057507 TRANSACTION 81 93 190
UPDATE 1554057507 TRANSACTION 7413f626943386d8b85f679bfd44865a
SEND 1554057507 TRANSACTION 81 10259 7413f626943386d8b85f679bfd44865a
SEND 1554057507 TRANSACTION 81 18655 7413f626943386d8b85f679bfd44865a
RECIEVED 1554057507 TRANSACTION 80 93 191
UPDATE 1554057507 TRANSACTION 28c2f6580b4c810308dfbc3f69bf7158
SEND 1554057507 TRANSACTION 80 18187 28c2f6580b4c810308dfbc3f69bf7158
RECIEVED 1554057507 TRANSACTION 81 93 192
UPDATE 1554057507 TRANSACTION 216b9f99e46e104d3162386a2391ea6d
SEND 1554057507 TRANSACTION 81 9559 216b9f99e46e104d3162386a2391ea6d
RECIEVED 1554057507 TRANSACTION 82 93 193
UPDATE 1554057507 TRANSACTION 2a9d1aa4b2cc5c3220cac647eb1b2e62
SEND 1554057507 TRANSACTION 82 15153 2a9d1aa4b2cc5c3220cac647eb1b2e62
RECIEVED 1554057507 TRANSACTION 81 93 194
RECIEVED 1554057507 TRANSACTION 80 93 194
UPDATE 1554057507 TRANSACTION 28f26f0a9ff70b7c42e11df91049a0c6
SEND 1554057507 TRANSACTION 80 41785 28f26f0a9ff70b7c42e11df91049a0c6
RECIEVED 1554057507 TRANSACTION 81 93 195
UPDATE 1554057507 TRANSACTION 7e4d5fc0e4dc533e928652a1beb0cf17
RECIEVED 1554057507 TRANSACTION 81 93 196
UPDATE 1554057507 TRANSACTION 412310049f4fceeb509adbc18a672b11
SEND 1554057507 TRANSACTION 81 10245 412310049f4fceeb509adbc18a672b11
RECIEVED 1554057507 TRANSACTION 81 93 197
UPDATE 1554057507 TRANSACTION a241451f30edc28334d583f38fe558e2
RECIEVED 1554057507 TRANSACTION 81 93 198
UPDATE 1554057507 TRANSACTION 197d3aabb56d7f1fd6dd3e12d92a76a2
SEND 1554057507 TRANSACTION 81 10009 197d3aabb56d7f1fd6dd3e12d92a76a2
SEND 1554057507 TRANSACTION 81 16458 197d3aabb56d7f1fd6dd3e12d92a76a2
RECIEVED 1554057507 TRANSACTION 80 93 199
UPDATE 1554057507 TRANSACTION 11ce92763257a74377a3decc9226f0b7
RECIEVED 1554057507 TRANSACTION 80 93 200
RECIEVED 1554057507 TRANSACTION 80 93 200
UPDATE 1554057507 TRANSACTION 2546ec618e0de3b1f7c269c13a1f65fd
RECIEVED 1554057507 TRANSACTION 81 93 201
UPDATE 1554057507 TRANSACTION aca68786c312f5184e54a4f8c221a944
SEND 1554057507 TRANSACTION 81 15412 aca68786c312f5184e54a4f8c221a944
RECIEVED 1554057507 TRANSACTION 81 93 202
RECIEVED 1554057507 TRANSACTION 80 93 202
RECIEVED 1554057507 TRANSACTION 80 93 202
UPDATE 1554057507 TRANSACTION 354bbc1d29fbf46f80f1f0c5ee8a196c
SEND 1554057507 TRANSACTION 80 11218 354bbc1d29fbf46f80f1f0c5ee8a196c
SEND 1554057507 TRANSACTION 80 21252 354bbc1d29fbf46f80f1f0c5ee8a196c
RECIEVED 1554057507 TRANSACTION 81 93 203
RECIEVED 1554057507 TRANSACTION 81 93 203
UPDATE 1554057507 TRANSACTION 86426b4dacf109a61e0f96ff9de41bff
SEND 1554057507 TRANSACTION 81 18014 86426b4dacf109a61e0f96ff9de41bff
SEND 1554057507 TRANSACTION 81 17349 86426b4dacf109a61e0f96ff9de41bff
RECIEVED 1554057507 TRANSACTION 79 93 204
UPDATE 1554057507 TRANSACTION 0c52cc54330687e1803feb867f1ca5c2
RECIEVED 1554057507 TRANSACTION 81 93 205
UPDATE 1554057507 TRANSACTION 37f5c534c0a385883cd91086848c409d
RECIEVED 1554057507 TRANSACTION 81 93 206
RECIEVED 1554057507 TRANSACTION 81 93 206
UPDATE 1554057507 TRANSACTION d608f81f89bbbfc6bd49b2334addfc1c
SEND 1554057507 TRANSACTION 81 31846 d608f81f89bbbfc6bd49b2334addfc1c
RECIEVED 1554057507 TRANSACTION 81 93 207
UPDATE 1554057507 TRANSACTION 44f2656f2ed6d9438ee55eddd7c1e665
SEND 1554057507 TRANSACTION 81 10838 44f2656f2ed6d9438ee55eddd7c1e665
SEND 1554057507 TRANSACTION 81 16412 44f2656f2ed6d9438ee55eddd7c1e665
RECIEVED 1554057507 TRANSACTION 81 93 208
RECIEVED 1554057508 TRANSACTION 81 93 208
RECIEVED 1554057508 TRANSACTION 81 93 208
RECIEVED 1554057508 TRANSACTION 81 93 208
UPDATE 1554057508 TRANSACTION b5ba6ab3eb4361659505f50822f71c11
SEND 1554057508 TRANSACTION 81 15560 b5ba6ab3eb4361659505f50822f71c11
SEND 1554057508 TRANSACTION 81 11361 b5ba6ab3eb4361659505f50822f71c11
SEND 1554057508 TRANSACTION 81 11918 b5ba6ab3eb4361659505f50822f71c11
RECIEVED 1554057508 TRANSACTION 80 93 209
UPDATE 1554057508 TRANSACTION 3bf707668a0c7d9a8383b7d4457e92b3
RECIEVED 1554057508 TRANSACTION 81 93 210
RECIEVED 1554057508 TRANSACTION 81 93 210
UPDATE 1554057508 TRANSACTION 3fc66ad6fec153b2d4a8e68015d73997
SEND 1554057508 TRANSACTION 81 10098 3fc66ad6fec153b2d4a8e68015d73997
RECIEVED 1554057508 TRANSACTION 81 93 211
UPDATE 1554057508 TRANSACTION 5301898091cf48f1f214c9b55c6c3ae7
SEND 1554057508 TRANSACTION 81 9823 5301898091cf48f1f214c9b55c6c3ae7
RECIEVED 1554057508 TRANSACTION 81 93 212
RECIEVED 1554057508 TRANSACTION 81 93 212
RECIEVED 1554057508 TRANSACTION 81 93 212
UPDATE 1554057508 TRANSACTION c6554314f120025f06b695329fdbcb6c
SEND 1554057508 TRANSACTION 81 10700 c6554314f120025f06b695329fdbcb6c
SEND 1554057508 TRANSACTION 81 16749 c6554314f120025f06b695329fdbcb6c
RECIEVED 1554057508 TRANSACTION 80 93 213
RECIEVED 1554057508 TRANSACTION 81 93 213
RECIEVED 1554057508 TRANSACTION 81 93 213
RECIEVED 1554057508 TRANSACTION 81 93 213
UPDATE 1554057508 TRANSACTION 6ed77468847db9917035d4a143779bf8
RECIEVED 1554057508 TRANSACTION 80 93 214
UPDATE 1554057508 TRANSACTION 40c1ff39b63b519cb8dbf2d516fc0487
SEND 1554057508 TRANSACTION 80 44368 40c1ff39b63b519cb8dbf2d516fc0487
RECIEVED 1554057508 TRANSACTION 81 93 215
RECIEVED 1554057508 TRANSACTION 81 93 215
RECIEVED 1554057509 TRANSACTION 79 93 215
UPDATE 1554057509 TRANSACTION 28074a14b8dee088c37108012c16f453
SEND 1554057509 TRANSACTION 79 20122 28074a14b8dee088c37108012c16f453
SEND 1554057509 TRANSACTION 79 26511 28074a14b8dee088c37108012c16f453
SEND 1554057509 TRANSACTION 79 12912 28074a14b8dee088c37108012c16f453
SEND 1554057509 TRANSACTION 79 17414 28074a14b8dee088c37108012c16f453
RECIEVED 1554057509 TRANSACTION 82 93 216
UPDATE 1554057509 TRANSACTION 2f894f2d1ce86f43826eed2945576f82
RECIEVED 1554057509 TRANSACTION 81 93 217
UPDATE 1554057509 TRANSACTION 33191499971f3315926757c6b5acce3e
RECIEVED 1554057509 TRANSACTION 82 93 218
RECIEVED 1554057509 TRANSACTION 81 93 218
UPDATE 1554057509 TRANSACTION 05dbdfdcde49c1aeafa9b109603b905e
SEND 1554057509 TRANSACTION 81 15404 05dbdfdcde49c1aeafa9b109603b905e
SEND 1554057509 TRANSACTION 81 21834 05dbdfdcde49c1aeafa9b109603b905e
RECIEVED 1554057509 TRANSACTION 81 93 219
UPDATE 1554057509 TRANSACTION 2fd4e41a163edd667f7ff16be11a0f24
SEND 1554057509 TRANSACTION 81 16005 2fd4e41a163edd667f7ff16be11a0f24
RECIEVED 1554057509 TRANSACTION 79 93 220
UPDATE 1554057509 TRANSACTION 6f49dc59f801b8f0930f7b3cccdf4524
SEND 1554057509 TRANSACTION 79 14998 6f49dc59f801b8f0930f7b3cccdf4524
SEND 1554057509 TRANSACTION 79 17841 6f49dc59f801b8f0930f7b3cccdf4524
SEND 1554057509 TRANSACTION 79 16597 6f49dc59f801b8f0930f7b3cccdf4524
RECIEVED 1554057509 TRANSACTION 81 93 221
UPDATE 1554057509 TRANSACTION b344dc36cdfec908cc735072a4ba0bd3
SEND 1554057509 TRANSACTION 81 15518 b344dc36cdfec908cc735072a4ba0bd3
SEND 1554057509 TRANSACTION 81 58212 b344dc36cdfec908cc735072a4ba0bd3
SEND 1554057509 TRANSACTION 81 17025 b344dc36cdfec908cc735072a4ba0bd3
RECIEVED 1554057509 TRANSACTION 81 93 222
RECIEVED 1554057509 TRANSACTION 81 93 222
UPDATE 1554057509 TRANSACTION ef789a2be17214ce0e57c5c24e23937a
SEND 1554057509 TRANSACTION 81 16380 ef789a2be17214ce0e57c5c24e23937a
RECIEVED 1554057509 TRANSACTION 81 93 223
RECIEVED 1554057509 TRANSACTION 81 93 223
UPDATE 1554057509 TRANSACTION b2548b7776c9690dc46deef8de69df22
SEND 1554057509 TRANSACTION 81 16364 b2548b7776c9690dc46deef8de69df22
SEND 1554057509 TRANSACTION 81 15375 b2548b7776c9690dc46deef8de69df22
RECIEVED 1554057509 TRANSACTION 82 93 224
RECIEVED 1554057509 TRANSACTION 81 93 224
UPDATE 1554057509 TRANSACTION 5457bfc550af06ec8416097a0c312b06
SEND 1554057509 TRANSACTION 81 48400 5457bfc550af06ec8416097a0c312b06
SEND 1554057509 TRANSACTION 81 20775 5457bfc550af06ec8416097a0c312b06
RECIEVED 1554057509 TRANSACTION 81 93 225
UPDATE 1554057509 TRANSACTION 2e794a759c92f09c41736f4d13bd27f7
SEND 1554057509 TRANSACTION 81 16399 2e794a759c92f09c41736f4d13bd27f7
RECIEVED 1554057509 TRANSACTION 81 93 226
RECIEVED 1554057509 TRANSACTION 81 93 226
RECIEVED 1554057509 TRANSACTION 81 93 226
UPDATE 1554057509 TRANSACTION 4b2e68a7147d4374371ce36ae16d61c2
SEND 1554057509 TRANSACTION 81 10087 4b2e68a7147d4374371ce36ae16d61c2
SEND 1554057509 TRANSACTION 81 12363 4b2e68a7147d4374371ce36ae16d61c2
RECIEVED 1554057509 TRANSACTION 81 93 227
RECIEVED 1554057509 TRANSACTION 81 93 227
UPDATE 1554057509 TRANSACTION 24b9e49f0c96b18b5095e6365b013cdd
RECIEVED 1554057509 TRANSACTION 81 93 228
UPDATE 1554057509 TRANSACTION 6e852646f6b0742ecfaa2f537e1ea252
SEND 1554057509 TRANSACTION 81 9040 6e852646f6b0742ecfaa2f537e1ea252
RECIEVED 1554057509 TRANSACTION 81 93 229
RECIEVED 1554057509 TRANSACTION 81 93 229
RECIEVED 1554057509 TRANSACTION 81 93 229
UPDATE 1554057509 TRANSACTION 6a51e640237be002fb33988d6c4f4b42
SEND 1554057509 TRANSACTION 81 11199 6a51e640237be002fb33988d6c4f4b42
RECIEVED 1554057509 TRANSACTION 81 93 230
RECIEVED 1554057510 HB 3 93 230
RECIEVED 1554057510 TRANSACTION 79 93 230
RECIEVED 1554057510 TRANSACTION 80 93 230
UPDATE 1554057510 TRANSACTION 5b909a4d0f3c5fe6c4ec517b40594a21
SEND 1554057510 TRANSACTION 80 15111 5b909a4d0f3c5fe6c4ec517b40594a21
RECIEVED 1554057510 TRANSACTION 81 93 231
UPDATE 1554057510 TRANSACTION dd8c354a6886f52c3aeaf6039e011b0e
RECIEVED 1554057510 TRANSACTION 80 93 232
UPDATE 1554057510 TRANSACTION 391ca84f885cb59ff5facddac52de350
RECIEVED 1554057510 TRANSACTION 81 93 233
UPDATE 1554057510 TRANSACTION bcd530629ec713f58ee299759822027f
SEND 1554057510 TRANSACTION 81 20698 bcd530629ec713f58ee299759822027f
RECIEVED 1554057510 TRANSACTION 80 93 234
UPDATE 1554057510 TRANSACTION 82e87cf722238bc5b86bba49c9f586e1
SEND 1554057510 TRANSACTION 80 18477 82e87cf722238bc5b86bba49c9f586e1
SEND 1554057510 TRANSACTION 80 15596 82e87cf722238bc5b86bba49c9f586e1
RECIEVED 1554057510 TRANSACTION 82 93 235
RECIEVED 1554057510 TRANSACTION 81 93 235
UPDATE 1554057510 TRANSACTION b19a0c1ac4ab2f2ddcfc212df4de7713
SEND 1554057510 TRANSACTION 81 29728 b19a0c1ac4ab2f2ddcfc212df4de7713
RECIEVED 1554057510 TRANSACTION 81 93 236
RECIEVED 1554057510 TRANSACTION 81 93 236
RECIEVED 1554057511 TRANSACTION 81 93 236
UPDATE 1554057511 TRANSACTION a2571f850d17c3d9eea812905ea869c6
RECIEVED 1554057511 TRANSACTION 82 93 237
UPDATE 1554057511 TRANSACTION cfdcb2b9c6e557aca07bb0a623e74740
SEND 1554057511 TRANSACTION 82 10847 cfdcb2b9c6e557aca07bb0a623e74740
SEND 1554057511 TRANSACTION 82 18882 cfdcb2b9c6e557aca07bb0a623e74740
SEND 1554057511 TRANSACTION 82 15705 cfdcb2b9c6e557aca07bb0a623e74740
RECIEVED 1554057511 TRANSACTION 82 93 238
UPDATE 1554057511 TRANSACTION 854e8d7be0a46fa3e73d46f37951b8fd
RECIEVED 1554057511 TRANSACTION 81 93 239
UPDATE 1554057511 TRANSACTION 1a1c41141930d3debb94f10042130a1a
SEND 1554057511 TRANSACTION 81 20934 1a1c41141930d3debb94f10042130a1a
RECIEVED 1554057511 TRANSACTION 81 93 240
RECIEVED 1554057511 TRANSACTION 81 93 240
UPDATE 1554057511 TRANSACTION b8d336ca645c461a13b6cda5d0ec18c7
SEND 1554057511 TRANSACTION 81 13302 b8d336ca645c461a13b6cda5d0ec18c7
SEND 1554057511 TRANSACTION 81 13668 b8d336ca645c461a13b6cda5d0ec18c7
RECIEVED 1554057511 TRANSACTION 81 93 241
UPDATE 1554057511 TRANSACTION a2a06eddbe1a52e3e05ecc130f8c25fb
SEND 1554057511 TRANSACTION 81 11768 a2a06eddbe1a52e3e05ecc130f8c25fb
RECIEVED 1554057511 TRANSACTION 81 93 242
RECIEVED 1554057511 TRANSACTION 81 93 242
RECIEVED 1554057511 TRANSACTION 81 93 242
UPDATE 1554057511 TRANSACTION 5e420dbd3144aab78185eba8eb4d6832
SEND 1554057511 TRANSACTION 81 27712 5e420dbd3144aab78185eba8eb4d6832
RECIEVED 1554057511 TRANSACTION 81 93 243
UPDATE 1554057511 TRANSACTION 0585d2ea6aab85b0b55caf395e5b49ca
RECIEVED 1554057511 TRANSACTION 81 93 244
RECIEVED 1554057511 TRANSACTION 81 93 244
RECIEVED 1554057511 TRANSACTION 80 93 244
RECIEVED 1554057511 TRANSACTION 80 93 244
UPDATE 1554057511 TRANSACTION ba3fdf35fe73441e2864176654c25f6d
SEND 1554057511 TRANSACTION 80 18420 ba3fdf35fe73441e2864176654c25f6d
SEND 1554057511 TRANSACTION 80 12119 ba3fdf35fe73441e2864176654c25f6d
RECIEVED 1554057511 TRANSACTION 80 93 245
RECIEVED 1554057511 TRANSACTION 81 93 245
UPDATE 1554057511 TRANSACTION c7b220ae3c3de63537d0963991438a03
SEND 1554057511 TRANSACTION 81 15283 c7b220ae3c3de63537d0963991438a03
SEND 1554057511 TRANSACTION 81 16350 c7b220ae3c3de63537d0963991438a03
RECIEVED 1554057511 TRANSACTION 81 93 246
UPDATE 1554057511 TRANSACTION 8f259208f250104103d84adebe066109
SEND 1554057511 TRANSACTION 81 9602 8f259208f250104103d84adebe066109
SEND 1554057511 TRANSACTION 81 9738 8f259208f250104103d84adebe066109
RECIEVED 1554057511 TRANSACTION 81 93 247
RECIEVED 1554057511 TRANSACTION 80 93 247
UPDATE 1554057511 TRANSACTION 29f7330b5bb75d59837e90628d461445
SEND 1554057511 TRANSACTION 80 38840 29f7330b5bb75d59837e90628d461445
RECIEVED 1554057511 TRANSACTION 80 93 248
UPDATE 1554057511 TRANSACTION dbc15bbff4ec7f02016a5ef19cfef948
RECIEVED 1554057511 TRANSACTION 81 93 249
UPDATE 1554057511 TRANSACTION 30ffa0bc656344291a525af1a088db02
SEND 1554057511 TRANSACTION 81 15570 30ffa0bc656344291a525af1a088db02
RECIEVED 1554057511 TRANSACTION 80 93 250
RECIEVED 1554057512 TRANSACTION 82 93 250
UPDATE 1554057512 TRANSACTION dd12008cbf8363d5e1212d2f76caa1f7
RECIEVED 1554057512 TRANSACTION 81 93 251
UPDATE 1554057512 TRANSACTION d786b1035b78ba1182ba169de3398ff1
SEND 1554057512 TRANSACTION 81 15705 d786b1035b78ba1182ba169de3398ff1
RECIEVED 1554057512 TRANSACTION 82 93 252
RECIEVED 1554057512 TRANSACTION 81 93 252
UPDATE 1554057512 TRANSACTION ebe2d7a64e741a82b86a3ca62e226149
RECIEVED 1554057512 TRANSACTION 79 93 253
UPDATE 1554057512 TRANSACTION 34706b86e7e4e8e8f2124a64909e5d4f
SEND 1554057512 TRANSACTION 79 10121 34706b86e7e4e8e8f2124a64909e5d4f
SEND 1554057512 TRANSACTION 79 13224 34706b86e7e4e8e8f2124a64909e5d4f
RECIEVED 1554057512 TRANSACTION 81 93 254
UPDATE 1554057512 TRANSACTION 8f30360fb960fa5f809cea9dfbfaa123
RECIEVED 1554057512 TRANSACTION 80 93 255
UPDATE 1554057512 TRANSACTION 7f7748e91ad91f42d270d2a87aa1d50c
RECIEVED 1554057512 TRANSACTION 80 93 256
UPDATE 1554057512 TRANSACTION 4cb54d7cb4df9973b07b74dcce232efa
SEND 1554057512 TRANSACTION 80 10734 4cb54d7cb4df9973b07b74dcce232efa
SEND 1554057512 TRANSACTION 80 27055 4cb54d7cb4df9973b07b74dcce232efa
RECIEVED 1554057512 TRANSACTION 80 93 257
RECIEVED 1554057512 TRANSACTION 81 93 257
UPDATE 1554057512 TRANSACTION c3a54fac00409c7efc4a7f3d97b32f64
SEND 1554057512 TRANSACTION 81 14187 c3a54fac00409c7efc4a7f3d97b32f64
RECIEVED 1554057512 TRANSACTION 81 93 258
RECIEVED 1554057512 TRANSACTION 82 93 258
UPDATE 1554057512 TRANSACTION 8989eaa193bcb3811956cfbfd813babf
SEND 1554057512 TRANSACTION 82 40589 8989eaa193bcb3811956cfbfd813babf
SEND 1554057512 TRANSACTION 82 19516 8989eaa193bcb3811956cfbfd813babf
RECIEVED 1554057512 TRANSACTION 80 93 259
UPDATE 1554057512 TRANSACTION 38a5fbc06b83181df3dbd6de0615d5f5
SEND 1554057512 TRANSACTION 80 9678 38a5fbc06b83181df3dbd6de0615d5f5
RECIEVED 1554057512 TRANSACTION 81 93 260
UPDATE 1554057512 TRANSACTION 198d9dc103c926114431731f99cf6d80
RECIEVED 1554057513 TRANSACTION 81 93 261
UPDATE 1554057513 TRANSACTION 80c31a0a118ac913a9cfa2b396ca1693
SEND 1554057513 TRANSACTION 81 10213 80c31a0a118ac913a9cfa2b396ca1693
RECIEVED 1554057513 TRANSACTION 81 93 262
UPDATE 1554057513 TRANSACTION 7b8f2409393311c4d6502877b171ee14
SEND 1554057513 TRANSACTION 81 9616 7b8f2409393311c4d6502877b171ee14
RECIEVED 1554057513 TRANSACTION 81 93 263
UPDATE 1554057513 TRANSACTION dc493f311bab37683277e4cfdd3cb05c
SEND 1554057513 TRANSACTION 81 15709 dc493f311bab37683277e4cfdd3cb05c
RECIEVED 1554057513 TRANSACTION 81 93 264
RECIEVED 1554057513 TRANSACTION 81 93 264
UPDATE 1554057513 TRANSACTION 5d4680c5ff114f58bd92561708db0bcb
RECIEVED 1554057513 TRANSACTION 81 93 265
RECIEVED 1554057513 TRANSACTION 81 93 265
UPDATE 1554057513 TRANSACTION 5146fc558679949fa9cb9673b79d8a39
RECIEVED 1554057513 TRANSACTION 81 93 266
UPDATE 1554057513 TRANSACTION d7618babe791b92ed48c99a8e9bcba4f
SEND 1554057513 TRANSACTION 81 13622 d7618babe791b92ed48c99a8e9bcba4f
SEND 1554057513 TRANSACTION 81 15404 d7618babe791b92ed48c99a8e9bcba4f
SEND 1554057513 TRANSACTION 81 10545 d7618babe791b92ed48c99a8e9bcba4f
RECIEVED 1554057513 TRANSACTION 81 93 267
UPDATE 1554057513 TRANSACTION 5a29713357cf268959cf8e959cbe0ade
SEND 1554057513 TRANSACTION 81 19168 5a29713357cf268959cf8e959cbe0ade
SEND 1554057513 TRANSACTION 81 17024 5a29713357cf268959cf8e959cbe0ade
RECIEVED 1554057513 TRANSACTION 79 93 268
UPDATE 1554057513 TRANSACTION fdda0d352143e2e53b18bdf63db1f3ec
SEND 1554057513 TRANSACTION 79 9873 fdda0d352143e2e53b18bdf63db1f3ec
SEND 1554057513 TRANSACTION 79 16696 fdda0d352143e2e53b18bdf63db1f3ec
RECIEVED 1554057513 TRANSACTION 81 93 269
RECIEVED 1554057513 TRANSACTION 81 93 269
UPDATE 1554057513 TRANSACTION 5cac780e91dfb6138133b44fec285a0d
SEND 1554057513 TRANSACTION 81 51375 5cac780e91dfb6138133b44fec285a0d
SEND 1554057513 TRANSACTION 81 35600 5cac780e91dfb6138133b44fec285a0d
RECIEVED 1554057513 TRANSACTION 81 93 270
RECIEVED 1554057513 TRANSACTION 81 93 270
UPDATE 1554057513 TRANSACTION a56cb97df7d17eedfc8e1c5a51086a2f
SEND 1554057513 TRANSACTION 81 10537 a56cb97df7d17eedfc8e1c5a51086a2f
RECIEVED 1554057513 TRANSACTION 81 93 271
UPDATE 1554057513 TRANSACTION 266a461095495ddbd9b798a43817ec10
SEND 1554057513 TRANSACTION 81 10376 266a461095495ddbd9b798a43817ec10
SEND 1554057513 TRANSACTION 81 13034 266a461095495ddbd9b798a43817ec10
RECIEVED 1554057513 TRANSACTION 82 93 272
UPDATE 1554057513 TRANSACTION f0fbd5633347ab818349a7b5001bd4e1
SEND 1554057513 TRANSACTION 82 9953 f0fbd5633347ab818349a7b5001bd4e1
RECIEVED 1554057513 TRANSACTION 80 93 273
UPDATE 1554057513 TRANSACTION e497047ce4357948cbb763312831d0c7
SEND 1554057513 TRANSACTION 80 16921 e497047ce4357948cbb763312831d0c7
SEND 1554057513 TRANSACTION 80 10643 e497047ce4357948cbb763312831d0c7
RECIEVED 1554057513 TRANSACTION 80 93 274
RECIEVED 1554057513 TRANSACTION 81 93 274
RECIEVED 1554057513 TRANSACTION 80 93 274
RECIEVED 1554057513 TRANSACTION 79 93 274
UPDATE 1554057513 TRANSACTION f3c9432e9c8d5268c5fa4d6e1d342c97
SEND 1554057513 TRANSACTION 79 12076 f3c9432e9c8d5268c5fa4d6e1d342c97
RECIEVED 1554057513 TRANSACTION 79 93 275
UPDATE 1554057513 TRANSACTION 7ce8d649bdc53fe77b9074ce1b5bfc87
SEND 1554057513 TRANSACTION 79 15042 7ce8d649bdc53fe77b9074ce1b5bfc87
RECIEVED 1554057513 TRANSACTION 81 93 276
UPDATE 1554057513 TRANSACTION 566707adc6602bed9e2e79c90f0b9d68
SEND 1554057513 TRANSACTION 81 14078 566707adc6602bed9e2e79c90f0b9d68
SEND 1554057513 TRANSACTION 81 11370 566707adc6602bed9e2e79c90f0b9d68
SEND 1554057513 TRANSACTION 81 38518 566707adc6602bed9e2e79c90f0b9d68
RECIEVED 1554057513 TRANSACTION 81 93 277
RECIEVED 1554057513 TRANSACTION 81 93 277
UPDATE 1554057513 TRANSACTION 4078c9fefc7aee0113e09f684f16c997
SEND 1554057513 TRANSACTION 81 15010 4078c9fefc7aee0113e09f684f16c997
SEND 1554057513 TRANSACTION 81 16870 4078c9fefc7aee0113e09f684f16c997
RECIEVED 1554057514 TRANSACTION 80 93 278
RECIEVED 1554057514 TRANSACTION 80 93 278
UPDATE 1554057514 TRANSACTION c2550b2cdf09288630ebfa77c8ac0972
SEND 1554057514 TRANSACTION 80 12729 c2550b2cdf09288630ebfa77c8ac0972
# Failed listening 
%!(EXTRA string=node83)# ERROR: EOF
# Failed listening 
%!(EXTRA string=node61)# ERROR: EOF
RECIEVED 1554057514 TRANSACTION 81 93 279
RECIEVED 1554057514 TRANSACTION 81 93 279
UPDATE 1554057514 TRANSACTION 82b0f37d361462bd999ec53b4d4c9f5a
SEND 1554057514 TRANSACTION 81 11370 82b0f37d361462bd999ec53b4d4c9f5a
SEND 1554057514 TRANSACTION 81 12023 82b0f37d361462bd999ec53b4d4c9f5a
RECIEVED 1554057514 TRANSACTION 81 93 280
RECIEVED 1554057514 TRANSACTION 82 93 280
RECIEVED 1554057514 TRANSACTION 80 93 280
RECIEVED 1554057514 TRANSACTION 80 93 280
UPDATE 1554057514 TRANSACTION ab6302571b359f8737d34a090a7d98b6
# Failed sending to node node83
# ERROR: write tcp 172.22.158.207:60650->172.22.94.217:8083: write: broken pipe
# Could not send message to node83
RECIEVED 1554057514 TRANSACTION 81 92 281
RECIEVED 1554057514 TRANSACTION 81 92 281
UPDATE 1554057514 TRANSACTION d471132e4f4a09994bce286e5297d851
RECIEVED 1554057514 TRANSACTION 81 92 282
RECIEVED 1554057514 TRANSACTION 81 92 282
UPDATE 1554057514 TRANSACTION 0c88a1502e739d93b8c23a90412c382a
SEND 1554057514 TRANSACTION 81 17422 0c88a1502e739d93b8c23a90412c382a
SEND 1554057514 TRANSACTION 81 21396 0c88a1502e739d93b8c23a90412c382a
RECIEVED 1554057514 TRANSACTION 81 92 283
UPDATE 1554057514 TRANSACTION 3a0f489df5c75fc3faaff16742817e04
# Failed sending to node node61
# ERROR: write tcp 172.22.158.207:52734->172.22.156.206:8061: write: broken pipe
# Could not send message to node61
SEND 1554057514 TRANSACTION 81 24380 3a0f489df5c75fc3faaff16742817e04
RECIEVED 1554057514 TRANSACTION 81 91 284
RECIEVED 1554057514 TRANSACTION 81 91 284
RECIEVED 1554057515 TRANSACTION 81 91 284
UPDATE 1554057515 TRANSACTION c6ae26521dc77fa728c7cd98334ebe06
SEND 1554057515 TRANSACTION 81 41911 c6ae26521dc77fa728c7cd98334ebe06
SEND 1554057515 TRANSACTION 81 27492 c6ae26521dc77fa728c7cd98334ebe06
RECIEVED 1554057515 TRANSACTION 81 91 285
UPDATE 1554057515 TRANSACTION 783bd914b639f0512d328d9a2c9d185e
SEND 1554057515 TRANSACTION 81 18005 783bd914b639f0512d328d9a2c9d185e
RECIEVED 1554057515 TRANSACTION 81 91 286
UPDATE 1554057515 TRANSACTION 4b19268e5f2b793299fa2907bd4d4962
SEND 1554057515 TRANSACTION 81 316677 4b19268e5f2b793299fa2907bd4d4962
RECIEVED 1554057515 TRANSACTION 81 91 287
UPDATE 1554057515 TRANSACTION 7b9b107386846fadbd98d31aa1e7dc6e
RECIEVED 1554057515 TRANSACTION 81 91 288
RECIEVED 1554057515 TRANSACTION 81 91 288
RECIEVED 1554057515 TRANSACTION 81 91 288
UPDATE 1554057515 TRANSACTION 1ed93edd7b9d316e7ab2d0088c832a84
SEND 1554057515 TRANSACTION 81 13441 1ed93edd7b9d316e7ab2d0088c832a84
RECIEVED 1554057515 TRANSACTION 81 91 289
RECIEVED 1554057515 TRANSACTION 81 91 289
RECIEVED 1554057515 TRANSACTION 82 91 289
UPDATE 1554057515 TRANSACTION 1cdb5a01effca886f83cb7cc93cc5fd5
SEND 1554057515 TRANSACTION 82 20013 1cdb5a01effca886f83cb7cc93cc5fd5
SEND 1554057515 TRANSACTION 82 21557 1cdb5a01effca886f83cb7cc93cc5fd5
RECIEVED 1554057515 TRANSACTION 80 91 290
RECIEVED 1554057515 TRANSACTION 82 91 290
UPDATE 1554057515 TRANSACTION a3f59e8bd9a792cb16235785625e6f16
SEND 1554057515 TRANSACTION 82 21159 a3f59e8bd9a792cb16235785625e6f16
RECIEVED 1554057515 TRANSACTION 81 91 291
# Failed listening 
%!(EXTRA string=node32)# ERROR: read tcp 172.22.158.207:33632->172.22.156.206:8032: read: connection reset by peer
RECIEVED 1554057515 TRANSACTION 80 91 291
UPDATE 1554057515 TRANSACTION 88b49bfa98c15749ca395df6089b8f9c
SEND 1554057515 TRANSACTION 80 20441 88b49bfa98c15749ca395df6089b8f9c
RECIEVED 1554057516 TRANSACTION 81 91 292
RECIEVED 1554057516 TRANSACTION 80 91 292
RECIEVED 1554057516 TRANSACTION 81 91 292
RECIEVED 1554057516 TRANSACTION 81 91 292
UPDATE 1554057516 TRANSACTION 07973320c97a476a22f3a0e5511c8b67
# Failed sending to node node32
# ERROR: write tcp 172.22.158.207:33632->172.22.156.206:8032: write: broken pipe
# Could not send message to node32
RECIEVED 1554057516 TRANSACTION 81 90 293
RECIEVED 1554057516 TRANSACTION 81 90 293
RECIEVED 1554057516 TRANSACTION 81 90 293
RECIEVED 1554057516 TRANSACTION 81 90 293
UPDATE 1554057516 TRANSACTION e0c685b72bacf8e65b4a9640abbdd161
RECIEVED 1554057516 TRANSACTION 79 90 294
RECIEVED 1554057516 TRANSACTION 81 90 294
RECIEVED 1554057516 TRANSACTION 80 90 294
UPDATE 1554057516 TRANSACTION 43b8b39b3027f56f17e92fe343d9746a
RECIEVED 1554057516 TRANSACTION 81 90 295
RECIEVED 1554057517 TRANSACTION 81 90 295
UPDATE 1554057517 TRANSACTION 444c7ea62b6b8c65fbfb81dd429d412e
SEND 1554057517 TRANSACTION 81 27567 444c7ea62b6b8c65fbfb81dd429d412e
RECIEVED 1554057517 TRANSACTION 81 90 296
UPDATE 1554057517 TRANSACTION cf7aabecebae35c35bda76556d3f5362
RECIEVED 1554057517 TRANSACTION 81 90 297
RECIEVED 1554057517 TRANSACTION 81 90 297
RECIEVED 1554057517 TRANSACTION 81 90 297
UPDATE 1554057517 TRANSACTION 70b60534c0897b45eb85279b0cee4903
RECIEVED 1554057517 TRANSACTION 79 90 298
RECIEVED 1554057517 TRANSACTION 81 90 298
UPDATE 1554057517 TRANSACTION 186fffe29b52462f2bbf0ba81b32991f
RECIEVED 1554057517 TRANSACTION 81 90 299
UPDATE 1554057517 TRANSACTION c9b469ae0ee937c4365d5ce227cbcb94
RECIEVED 1554057517 TRANSACTION 81 90 300
RECIEVED 1554057517 TRANSACTION 81 90 300
UPDATE 1554057517 TRANSACTION 082bb1f7e448f19505bcf817c7951e9a
RECIEVED 1554057517 TRANSACTION 81 90 301
UPDATE 1554057517 TRANSACTION 495aff65e78f6c69ade53b2fd59c9aee
RECIEVED 1554057517 TRANSACTION 81 90 302
RECIEVED 1554057517 TRANSACTION 81 90 302
UPDATE 1554057517 TRANSACTION d83364de39247f6627543fb99543cc3a
SEND 1554057517 TRANSACTION 81 26954 d83364de39247f6627543fb99543cc3a
RECIEVED 1554057517 TRANSACTION 81 90 303
RECIEVED 1554057517 TRANSACTION 80 90 303
UPDATE 1554057517 TRANSACTION 982af8234d5aab5159495191b91ab2f2
RECIEVED 1554057518 TRANSACTION 81 90 304
RECIEVED 1554057518 TRANSACTION 81 90 304
UPDATE 1554057518 TRANSACTION e18423d9ef91e96e0a4cb47f1b9452d1
RECIEVED 1554057518 TRANSACTION 81 90 305
UPDATE 1554057518 TRANSACTION 892bbadf72fbf05021c54c16f8a2cdff
SEND 1554057518 TRANSACTION 81 20587 892bbadf72fbf05021c54c16f8a2cdff
RECIEVED 1554057518 TRANSACTION 81 90 306
UPDATE 1554057518 TRANSACTION 1abcf5d6e0a92f54d1c1cd7fdd2db231
RECIEVED 1554057518 TRANSACTION 79 90 307
UPDATE 1554057518 TRANSACTION ae034e2ec5372ed27fd16cb996e2ae55
SEND 1554057518 TRANSACTION 79 30178 ae034e2ec5372ed27fd16cb996e2ae55
RECIEVED 1554057518 TRANSACTION 81 90 308
UPDATE 1554057518 TRANSACTION d96529a4ed31a094fdeaf233b88b77dc
SEND 1554057518 TRANSACTION 81 15786 d96529a4ed31a094fdeaf233b88b77dc
RECIEVED 1554057518 TRANSACTION 80 90 309
RECIEVED 1554057518 TRANSACTION 81 90 309
UPDATE 1554057518 TRANSACTION dcae9b0cbf39173fd6ecd598f28eea59
RECIEVED 1554057519 TRANSACTION 81 90 310
RECIEVED 1554057519 TRANSACTION 81 90 310
UPDATE 1554057519 TRANSACTION 4be76e92c8ded15b2b9ddfee19f76fe7
RECIEVED 1554057519 TRANSACTION 81 90 311
UPDATE 1554057519 TRANSACTION c60fe1fcbda254c0947334ef1f9feebf
RECIEVED 1554057519 TRANSACTION 81 90 312
RECIEVED 1554057519 TRANSACTION 79 90 312
RECIEVED 1554057520 HB 3 90 312
# Cannot connect to the introduced node node52
# Cannot connect to the introduced node node15
# Cannot connect to the introduced node node13
# Failed listening 
%!(EXTRA string=node0)# ERROR: EOF
RECIEVED 1554057530 HB 3 90 312
SEND 1554057531 JOIN 32 21780
# Cannot connect to the introduced node node0
# Cannot connect to the introduced node node2
RECIEVED 1554057531 INTRODUCE 36 90 312
RECIEVED 1554057531 INTRODUCE 37 90 312
SEND 1554057531 INTRODUCE 37 18143
SEND 1554057531 INTRODUCE 37 16915
SEND 1554057531 JOIN 32 17181
RECIEVED 1554057531 INTRODUCE 37 91 312
SEND 1554057531 INTRODUCE 37 17454
SEND 1554057531 INTRODUCE 37 17101
# Failed sending to node node0
# ERROR: write tcp 172.22.158.207:50666->172.22.156.206:8000: write: broken pipe
SEND 1554057531 JOIN 32 15528
RECIEVED 1554057531 INTRODUCE 37 92 312
RECIEVED 1554057531 INTRODUCE 36 93 312
RECIEVED 1554057531 INTRODUCE 35 93 312
RECIEVED 1554057531 INTRODUCE 36 93 312
RECIEVED 1554057531 INTRODUCE 36 93 312
RECIEVED 1554057531 INTRODUCE 36 94 312
RECIEVED 1554057531 INTRODUCE 36 95 312
RECIEVED 1554057531 INTRODUCE 35 95 312
RECIEVED 1554057531 INTRODUCE 36 95 312
RECIEVED 1554057531 INTRODUCE 37 95 312
RECIEVED 1554057531 INTRODUCE 35 96 312
RECIEVED 1554057531 INTRODUCE 36 96 312
RECIEVED 1554057531 INTRODUCE 35 97 312
RECIEVED 1554057531 INTRODUCE 35 97 312
RECIEVED 1554057531 INTRODUCE 36 97 312
RECIEVED 1554057531 INTRODUCE 36 97 312
RECIEVED 1554057531 INTRODUCE 36 97 312
RECIEVED 1554057531 INTRODUCE 36 97 312
RECIEVED 1554057531 INTRODUCE 36 97 312
RECIEVED 1554057531 INTRODUCE 35 97 312
RECIEVED 1554057531 INTRODUCE 36 98 312
RECIEVED 1554057531 INTRODUCE 37 98 312
RECIEVED 1554057531 INTRODUCE 36 99 312
RECIEVED 1554057531 INTRODUCE 36 99 312
RECIEVED 1554057531 INTRODUCE 37 99 312
RECIEVED 1554057531 INTRODUCE 37 100 312
RECIEVED 1554057531 INTRODUCE 37 100 312
RECIEVED 1554057531 INTRODUCE 35 101 312
RECIEVED 1554057531 INTRODUCE 36 101 312
RECIEVED 1554057531 INTRODUCE 36 101 312
RECIEVED 1554057531 INTRODUCE 36 101 312
RECIEVED 1554057531 INTRODUCE 36 101 312
RECIEVED 1554057531 INTRODUCE 36 101 312
RECIEVED 1554057531 INTRODUCE 36 102 312
RECIEVED 1554057531 INTRODUCE 36 103 312
RECIEVED 1554057531 INTRODUCE 35 103 312
RECIEVED 1554057531 INTRODUCE 36 104 312
RECIEVED 1554057531 INTRODUCE 36 104 312
RECIEVED 1554057531 INTRODUCE 35 104 312
RECIEVED 1554057531 INTRODUCE 35 104 312
RECIEVED 1554057531 INTRODUCE 35 105 312
RECIEVED 1554057531 INTRODUCE 36 105 312
RECIEVED 1554057531 INTRODUCE 36 105 312
RECIEVED 1554057531 INTRODUCE 35 106 312
RECIEVED 1554057531 INTRODUCE 37 106 312
RECIEVED 1554057531 INTRODUCE 36 107 312
RECIEVED 1554057531 INTRODUCE 35 107 312
RECIEVED 1554057531 INTRODUCE 36 108 312
RECIEVED 1554057531 INTRODUCE 35 108 312
RECIEVED 1554057531 INTRODUCE 37 108 312
RECIEVED 1554057531 INTRODUCE 36 109 312
RECIEVED 1554057531 INTRODUCE 36 109 312
RECIEVED 1554057531 INTRODUCE 37 109 312
RECIEVED 1554057531 INTRODUCE 35 110 312
RECIEVED 1554057531 INTRODUCE 37 110 312
RECIEVED 1554057531 INTRODUCE 36 110 312
RECIEVED 1554057531 INTRODUCE 36 111 312
RECIEVED 1554057531 INTRODUCE 36 111 312
RECIEVED 1554057531 INTRODUCE 36 111 312
RECIEVED 1554057531 INTRODUCE 36 111 312
RECIEVED 1554057531 INTRODUCE 35 111 312
RECIEVED 1554057531 INTRODUCE 36 111 312
RECIEVED 1554057531 INTRODUCE 36 111 312
RECIEVED 1554057531 INTRODUCE 37 111 312
RECIEVED 1554057531 INTRODUCE 36 112 312
RECIEVED 1554057531 INTRODUCE 36 112 312
RECIEVED 1554057531 INTRODUCE 37 112 312
RECIEVED 1554057531 INTRODUCE 36 112 312
RECIEVED 1554057531 INTRODUCE 36 113 312
RECIEVED 1554057531 INTRODUCE 37 114 312
RECIEVED 1554057531 INTRODUCE 36 115 312
RECIEVED 1554057531 INTRODUCE 37 116 312
RECIEVED 1554057531 INTRODUCE 35 116 312
RECIEVED 1554057531 INTRODUCE 35 116 312
RECIEVED 1554057531 INTRODUCE 35 116 312
RECIEVED 1554057531 INTRODUCE 35 116 312
RECIEVED 1554057531 INTRODUCE 36 116 312
RECIEVED 1554057531 INTRODUCE 36 116 312
RECIEVED 1554057531 INTRODUCE 36 116 312
RECIEVED 1554057531 INTRODUCE 36 116 312
RECIEVED 1554057531 INTRODUCE 36 116 312
RECIEVED 1554057531 INTRODUCE 36 116 312
RECIEVED 1554057531 INTRODUCE 37 116 312
RECIEVED 1554057531 INTRODUCE 36 116 312
RECIEVED 1554057531 INTRODUCE 36 116 312
RECIEVED 1554057531 INTRODUCE 36 116 312
RECIEVED 1554057531 INTRODUCE 35 116 312
RECIEVED 1554057531 INTRODUCE 36 116 312
RECIEVED 1554057531 INTRODUCE 35 116 312
RECIEVED 1554057531 INTRODUCE 36 116 312
RECIEVED 1554057531 INTRODUCE 36 116 312
RECIEVED 1554057531 INTRODUCE 36 116 312
RECIEVED 1554057531 INTRODUCE 36 117 312
RECIEVED 1554057531 INTRODUCE 36 118 312
RECIEVED 1554057531 INTRODUCE 37 119 312
RECIEVED 1554057531 INTRODUCE 36 120 312
RECIEVED 1554057531 INTRODUCE 36 121 312
RECIEVED 1554057531 INTRODUCE 36 121 312
RECIEVED 1554057531 INTRODUCE 35 121 312
RECIEVED 1554057531 INTRODUCE 35 121 312
RECIEVED 1554057531 INTRODUCE 35 121 312
RECIEVED 1554057531 INTRODUCE 36 121 312
RECIEVED 1554057531 INTRODUCE 36 122 312
RECIEVED 1554057531 INTRODUCE 36 122 312
RECIEVED 1554057531 INTRODUCE 36 122 312
RECIEVED 1554057531 INTRODUCE 35 122 312
RECIEVED 1554057531 INTRODUCE 36 122 312
RECIEVED 1554057531 INTRODUCE 37 122 312
RECIEVED 1554057531 INTRODUCE 37 123 312
RECIEVED 1554057531 INTRODUCE 36 123 312
RECIEVED 1554057531 INTRODUCE 36 123 312
RECIEVED 1554057531 INTRODUCE 37 123 312
RECIEVED 1554057531 INTRODUCE 36 123 312
RECIEVED 1554057531 INTRODUCE 36 123 312
RECIEVED 1554057531 INTRODUCE 37 124 312
RECIEVED 1554057531 INTRODUCE 36 124 312
RECIEVED 1554057531 INTRODUCE 37 124 312
RECIEVED 1554057531 INTRODUCE 37 125 312
RECIEVED 1554057531 INTRODUCE 36 126 312
RECIEVED 1554057531 INTRODUCE 35 126 312
RECIEVED 1554057531 INTRODUCE 37 126 312
RECIEVED 1554057531 INTRODUCE 36 127 312
RECIEVED 1554057531 INTRODUCE 37 127 312
RECIEVED 1554057531 INTRODUCE 37 127 312
RECIEVED 1554057531 INTRODUCE 36 128 312
RECIEVED 1554057531 INTRODUCE 36 128 312
RECIEVED 1554057531 TRANSACTION 81 128 312
UPDATE 1554057531 TRANSACTION 65c4d41b85c05e94a001a45977077a59
# Failed sending to node node0
# ERROR: write tcp 172.22.158.207:50666->172.22.156.206:8000: write: broken pipe
# Failed listening 
%!(EXTRA string=node13)# ERROR: EOF
