RECIEVED 1554057546 INTRODUCE 37 0 0
SEND 1554057546 JOIN 32 23108
RECIEVED 1554057546 INTRODUCE 36 1 0
SEND 1554057546 INTRODUCE 36 28391
SEND 1554057546 JOIN 32 26183
RECIEVED 1554057546 INTRODUCE 37 2 0
SEND 1554057546 INTRODUCE 37 19113
SEND 1554057546 INTRODUCE 37 19801
SEND 1554057546 JOIN 32 27489
RECIEVED 1554057546 TRANSACTION 81 3 0
UPDATE 1554057546 TRANSACTION 904b7f5e399c31e9c2f0bbf46f29648b
RECIEVED 1554057546 INTRODUCE 37 3 1
SEND 1554057546 INTRODUCE 37 24974
SEND 1554057546 INTRODUCE 37 36349
SEND 1554057546 INTRODUCE 37 16006
SEND 1554057546 JOIN 32 16469
RECIEVED 1554057546 INTRODUCE 36 4 1
RECIEVED 1554057546 INTRODUCE 37 5 1
RECIEVED 1554057546 INTRODUCE 37 6 1
RECIEVED 1554057546 INTRODUCE 35 7 1
RECIEVED 1554057546 INTRODUCE 36 8 1
RECIEVED 1554057546 INTRODUCE 37 9 1
RECIEVED 1554057546 INTRODUCE 37 10 1
RECIEVED 1554057546 INTRODUCE 37 10 1
RECIEVED 1554057546 INTRODUCE 35 11 1
RECIEVED 1554057546 INTRODUCE 37 12 1
RECIEVED 1554057546 INTRODUCE 36 13 1
RECIEVED 1554057546 INTRODUCE 36 14 1
RECIEVED 1554057546 INTRODUCE 36 15 1
RECIEVED 1554057546 INTRODUCE 37 16 1
RECIEVED 1554057546 INTRODUCE 37 16 1
RECIEVED 1554057546 INTRODUCE 37 17 1
RECIEVED 1554057546 INTRODUCE 36 18 1
RECIEVED 1554057546 INTRODUCE 36 19 1
RECIEVED 1554057546 INTRODUCE 37 20 1
RECIEVED 1554057546 INTRODUCE 36 21 1
RECIEVED 1554057546 INTRODUCE 37 22 1
RECIEVED 1554057546 INTRODUCE 36 23 1
RECIEVED 1554057546 INTRODUCE 36 24 1
RECIEVED 1554057546 INTRODUCE 37 24 1
RECIEVED 1554057546 INTRODUCE 35 24 1
RECIEVED 1554057546 INTRODUCE 36 25 1
RECIEVED 1554057546 INTRODUCE 36 26 1
RECIEVED 1554057546 INTRODUCE 35 27 1
RECIEVED 1554057546 INTRODUCE 36 28 1
RECIEVED 1554057546 INTRODUCE 37 29 1
RECIEVED 1554057546 INTRODUCE 36 30 1
RECIEVED 1554057546 INTRODUCE 36 31 1
RECIEVED 1554057546 INTRODUCE 36 32 1
RECIEVED 1554057546 INTRODUCE 35 32 1
RECIEVED 1554057546 INTRODUCE 36 33 1
RECIEVED 1554057546 INTRODUCE 37 34 1
RECIEVED 1554057546 INTRODUCE 35 35 1
RECIEVED 1554057546 INTRODUCE 36 36 1
RECIEVED 1554057546 INTRODUCE 37 37 1
RECIEVED 1554057546 INTRODUCE 36 38 1
RECIEVED 1554057546 INTRODUCE 37 39 1
RECIEVED 1554057546 INTRODUCE 35 40 1
RECIEVED 1554057546 INTRODUCE 36 40 1
RECIEVED 1554057546 INTRODUCE 36 41 1
RECIEVED 1554057546 INTRODUCE 37 42 1
RECIEVED 1554057546 INTRODUCE 36 43 1
RECIEVED 1554057546 INTRODUCE 37 44 1
RECIEVED 1554057546 INTRODUCE 37 45 1
RECIEVED 1554057546 INTRODUCE 36 46 1
RECIEVED 1554057546 INTRODUCE 37 47 1
RECIEVED 1554057546 INTRODUCE 36 47 1
RECIEVED 1554057546 INTRODUCE 36 47 1
RECIEVED 1554057546 INTRODUCE 36 48 1
RECIEVED 1554057546 INTRODUCE 37 49 1
RECIEVED 1554057546 INTRODUCE 36 50 1
RECIEVED 1554057546 INTRODUCE 37 51 1
RECIEVED 1554057546 INTRODUCE 36 52 1
RECIEVED 1554057546 INTRODUCE 36 53 1
RECIEVED 1554057546 INTRODUCE 36 53 1
RECIEVED 1554057546 INTRODUCE 36 54 1
RECIEVED 1554057546 INTRODUCE 37 54 1
RECIEVED 1554057546 INTRODUCE 37 55 1
RECIEVED 1554057546 INTRODUCE 35 56 1
RECIEVED 1554057546 INTRODUCE 37 57 1
RECIEVED 1554057546 INTRODUCE 35 57 1
RECIEVED 1554057546 INTRODUCE 36 58 1
RECIEVED 1554057546 INTRODUCE 37 58 1
RECIEVED 1554057546 INTRODUCE 36 59 1
RECIEVED 1554057546 INTRODUCE 36 60 1
RECIEVED 1554057546 INTRODUCE 36 61 1
RECIEVED 1554057546 INTRODUCE 35 62 1
RECIEVED 1554057546 INTRODUCE 36 63 1
RECIEVED 1554057546 INTRODUCE 35 64 1
RECIEVED 1554057546 INTRODUCE 37 65 1
RECIEVED 1554057546 INTRODUCE 36 66 1
RECIEVED 1554057546 INTRODUCE 37 67 1
RECIEVED 1554057546 INTRODUCE 37 68 1
RECIEVED 1554057546 INTRODUCE 36 69 1
RECIEVED 1554057546 INTRODUCE 36 69 1
RECIEVED 1554057546 INTRODUCE 36 70 1
RECIEVED 1554057546 INTRODUCE 37 71 1
RECIEVED 1554057546 INTRODUCE 37 72 1
RECIEVED 1554057546 INTRODUCE 37 73 1
RECIEVED 1554057546 INTRODUCE 37 74 1
RECIEVED 1554057546 INTRODUCE 35 75 1
RECIEVED 1554057546 INTRODUCE 35 76 1
RECIEVED 1554057546 INTRODUCE 36 77 1
RECIEVED 1554057546 INTRODUCE 36 78 1
RECIEVED 1554057546 INTRODUCE 35 78 1
RECIEVED 1554057546 INTRODUCE 37 79 1
RECIEVED 1554057546 INTRODUCE 36 79 1
RECIEVED 1554057546 INTRODUCE 36 80 1
RECIEVED 1554057546 INTRODUCE 36 81 1
RECIEVED 1554057546 TRANSACTION 81 82 1
UPDATE 1554057546 TRANSACTION 86aa083168201382406e1df5f35ec359
SEND 1554057546 TRANSACTION 81 16775 86aa083168201382406e1df5f35ec359
RECIEVED 1554057546 INTRODUCE 35 82 2
RECIEVED 1554057546 INTRODUCE 36 83 2
RECIEVED 1554057546 INTRODUCE 36 84 2
RECIEVED 1554057546 INTRODUCE 37 84 2
RECIEVED 1554057546 INTRODUCE 35 85 2
RECIEVED 1554057546 INTRODUCE 35 85 2
RECIEVED 1554057546 INTRODUCE 36 86 2
RECIEVED 1554057546 INTRODUCE 36 87 2
RECIEVED 1554057546 INTRODUCE 35 88 2
RECIEVED 1554057546 TRANSACTION 79 88 2
UPDATE 1554057546 TRANSACTION e7db80641cccd582716b1def9dadf92f
SEND 1554057546 TRANSACTION 79 13761 e7db80641cccd582716b1def9dadf92f
RECIEVED 1554057546 TRANSACTION 79 88 3
RECIEVED 1554057546 TRANSACTION 81 88 3
UPDATE 1554057546 TRANSACTION f88684e3c9e0b41c03d6989d9226c98e
SEND 1554057546 TRANSACTION 81 26481 f88684e3c9e0b41c03d6989d9226c98e
SEND 1554057546 TRANSACTION 81 22164 f88684e3c9e0b41c03d6989d9226c98e
RECIEVED 1554057547 TRANSACTION 81 88 4
UPDATE 1554057547 TRANSACTION 7c058050fc351038334828c382eba8fa
SEND 1554057547 TRANSACTION 81 34960 7c058050fc351038334828c382eba8fa
SEND 1554057547 TRANSACTION 81 18051 7c058050fc351038334828c382eba8fa
RECIEVED 1554057547 TRANSACTION 81 88 5
RECIEVED 1554057547 TRANSACTION 82 88 5
UPDATE 1554057547 TRANSACTION 1b6742aeba5101c90f923bbfc7bd05fd
SEND 1554057547 TRANSACTION 82 22901 1b6742aeba5101c90f923bbfc7bd05fd
SEND 1554057547 TRANSACTION 82 20698 1b6742aeba5101c90f923bbfc7bd05fd
RECIEVED 1554057547 TRANSACTION 82 88 6
RECIEVED 1554057547 TRANSACTION 80 88 6
UPDATE 1554057547 TRANSACTION f898542ba3b6d589de60af10a96e8d7c
SEND 1554057547 TRANSACTION 80 22295 f898542ba3b6d589de60af10a96e8d7c
SEND 1554057547 TRANSACTION 80 29681 f898542ba3b6d589de60af10a96e8d7c
SEND 1554057547 TRANSACTION 80 17093 f898542ba3b6d589de60af10a96e8d7c
RECIEVED 1554057547 TRANSACTION 80 88 7
UPDATE 1554057547 TRANSACTION a6159c2481c925e2a521b28de85a542d
SEND 1554057547 TRANSACTION 80 16501 a6159c2481c925e2a521b28de85a542d
SEND 1554057547 TRANSACTION 80 16478 a6159c2481c925e2a521b28de85a542d
SEND 1554057547 TRANSACTION 80 14453 a6159c2481c925e2a521b28de85a542d
RECIEVED 1554057547 TRANSACTION 81 88 8
UPDATE 1554057547 TRANSACTION b569e2ef474a9f4d395c10177f026a8a
SEND 1554057547 TRANSACTION 81 33218 b569e2ef474a9f4d395c10177f026a8a
SEND 1554057547 TRANSACTION 81 14501 b569e2ef474a9f4d395c10177f026a8a
SEND 1554057547 TRANSACTION 81 29876 b569e2ef474a9f4d395c10177f026a8a
SEND 1554057547 TRANSACTION 81 26273 b569e2ef474a9f4d395c10177f026a8a
RECIEVED 1554057547 TRANSACTION 81 88 9
UPDATE 1554057547 TRANSACTION ec0e39af8a59565cf703ba5cae07cafd
SEND 1554057547 TRANSACTION 81 15354 ec0e39af8a59565cf703ba5cae07cafd
SEND 1554057547 TRANSACTION 81 31686 ec0e39af8a59565cf703ba5cae07cafd
RECIEVED 1554057547 TRANSACTION 81 88 10
UPDATE 1554057547 TRANSACTION dede14c045d56f4739f6d0c21bbe54a2
SEND 1554057547 TRANSACTION 81 14926 dede14c045d56f4739f6d0c21bbe54a2
SEND 1554057547 TRANSACTION 81 16741 dede14c045d56f4739f6d0c21bbe54a2
RECIEVED 1554057547 INTRODUCE 37 88 11
RECIEVED 1554057547 INTRODUCE 37 89 11
RECIEVED 1554057547 INTRODUCE 36 89 11
RECIEVED 1554057547 TRANSACTION 80 90 11
UPDATE 1554057547 TRANSACTION 2f630029435665277132bdd74702c57c
SEND 1554057547 TRANSACTION 80 16657 2f630029435665277132bdd74702c57c
RECIEVED 1554057547 INTRODUCE 37 90 12
RECIEVED 1554057547 INTRODUCE 35 90 12
RECIEVED 1554057548 INTRODUCE 37 90 12
RECIEVED 1554057548 INTRODUCE 37 91 12
RECIEVED 1554057548 TRANSACTION 81 91 12
RECIEVED 1554057548 TRANSACTION 80 91 12
UPDATE 1554057548 TRANSACTION f2b5cf5d2bdf8d69268105399ba6666f
SEND 1554057548 TRANSACTION 80 15177 f2b5cf5d2bdf8d69268105399ba6666f
RECIEVED 1554057548 TRANSACTION 81 91 13
UPDATE 1554057548 TRANSACTION 4a3466fb6cd54029b0f7906ee291ef2d
SEND 1554057548 TRANSACTION 81 16821 4a3466fb6cd54029b0f7906ee291ef2d
SEND 1554057548 TRANSACTION 81 15616 4a3466fb6cd54029b0f7906ee291ef2d
RECIEVED 1554057548 TRANSACTION 84 91 14
UPDATE 1554057548 TRANSACTION 3ebec18d7286fe6d9836159a13ea3f8f
SEND 1554057548 TRANSACTION 84 21028 3ebec18d7286fe6d9836159a13ea3f8f
SEND 1554057548 TRANSACTION 84 20224 3ebec18d7286fe6d9836159a13ea3f8f
SEND 1554057548 TRANSACTION 84 22231 3ebec18d7286fe6d9836159a13ea3f8f
RECIEVED 1554057548 TRANSACTION 84 91 15
RECIEVED 1554057548 TRANSACTION 82 91 15
UPDATE 1554057548 TRANSACTION 09150ada765dbd89652d3e9a364c3d06
SEND 1554057548 TRANSACTION 82 17355 09150ada765dbd89652d3e9a364c3d06
SEND 1554057548 TRANSACTION 82 27996 09150ada765dbd89652d3e9a364c3d06
RECIEVED 1554057548 TRANSACTION 80 91 16
UPDATE 1554057548 TRANSACTION 53cbfcdc7f57d661dc35f39c5b722733
SEND 1554057548 TRANSACTION 80 17666 53cbfcdc7f57d661dc35f39c5b722733
SEND 1554057548 TRANSACTION 80 37867 53cbfcdc7f57d661dc35f39c5b722733
RECIEVED 1554057549 TRANSACTION 80 91 17
UPDATE 1554057549 TRANSACTION 1a7266e342a12050ecfd5ca1fe748a18
SEND 1554057549 TRANSACTION 80 23331 1a7266e342a12050ecfd5ca1fe748a18
SEND 1554057549 TRANSACTION 80 19321 1a7266e342a12050ecfd5ca1fe748a18
RECIEVED 1554057549 TRANSACTION 80 91 18
RECIEVED 1554057549 TRANSACTION 81 91 18
UPDATE 1554057549 TRANSACTION eb3dfda401b35fac17ff035b07bf0caf
SEND 1554057549 TRANSACTION 81 21287 eb3dfda401b35fac17ff035b07bf0caf
RECIEVED 1554057549 TRANSACTION 81 91 19
RECIEVED 1554057549 TRANSACTION 80 91 19
UPDATE 1554057549 TRANSACTION 95a52fb0bd3b5bc843cc3e3727a91ff4
SEND 1554057549 TRANSACTION 80 17650 95a52fb0bd3b5bc843cc3e3727a91ff4
RECIEVED 1554057549 TRANSACTION 80 91 20
RECIEVED 1554057549 TRANSACTION 81 91 20
UPDATE 1554057549 TRANSACTION b19e4a1ed8fecc5ed60aaa1de735bc32
SEND 1554057549 TRANSACTION 81 15217 b19e4a1ed8fecc5ed60aaa1de735bc32
RECIEVED 1554057549 TRANSACTION 81 91 21
RECIEVED 1554057549 TRANSACTION 81 91 21
RECIEVED 1554057549 TRANSACTION 79 91 21
UPDATE 1554057549 TRANSACTION 3d0f1e1ec6d71e730ed3aad6df90ab89
SEND 1554057549 TRANSACTION 79 9752 3d0f1e1ec6d71e730ed3aad6df90ab89
SEND 1554057549 TRANSACTION 79 15828 3d0f1e1ec6d71e730ed3aad6df90ab89
SEND 1554057549 TRANSACTION 79 22560 3d0f1e1ec6d71e730ed3aad6df90ab89
RECIEVED 1554057549 TRANSACTION 80 91 22
RECIEVED 1554057549 TRANSACTION 81 91 22
UPDATE 1554057549 TRANSACTION 002b3b2370551c99fee4518a85d60500
SEND 1554057549 TRANSACTION 81 34956 002b3b2370551c99fee4518a85d60500
SEND 1554057549 TRANSACTION 81 26812 002b3b2370551c99fee4518a85d60500
RECIEVED 1554057550 TRANSACTION 81 91 23
UPDATE 1554057550 TRANSACTION ca6d43c5ada21305c3c611975b7e332d
SEND 1554057550 TRANSACTION 81 17910 ca6d43c5ada21305c3c611975b7e332d
SEND 1554057550 TRANSACTION 81 18075 ca6d43c5ada21305c3c611975b7e332d
RECIEVED 1554057550 TRANSACTION 80 91 24
UPDATE 1554057550 TRANSACTION 2c43aec7b67966328210b203814e6f21
SEND 1554057550 TRANSACTION 80 16527 2c43aec7b67966328210b203814e6f21
RECIEVED 1554057550 TRANSACTION 81 91 25
UPDATE 1554057550 TRANSACTION f2d786ff7560f7768913204e6b71d52c
SEND 1554057550 TRANSACTION 81 21267 f2d786ff7560f7768913204e6b71d52c
SEND 1554057550 TRANSACTION 81 21140 f2d786ff7560f7768913204e6b71d52c
SEND 1554057550 TRANSACTION 81 16223 f2d786ff7560f7768913204e6b71d52c
RECIEVED 1554057550 TRANSACTION 81 91 26
UPDATE 1554057550 TRANSACTION ac11b6c75383194a8ecfd00f6e38c441
SEND 1554057550 TRANSACTION 81 27687 ac11b6c75383194a8ecfd00f6e38c441
SEND 1554057550 TRANSACTION 81 65147 ac11b6c75383194a8ecfd00f6e38c441
RECIEVED 1554057551 TRANSACTION 81 91 27
UPDATE 1554057551 TRANSACTION 2efe4a561a084364232d3674bdb5dc6c
SEND 1554057551 TRANSACTION 81 26733 2efe4a561a084364232d3674bdb5dc6c
SEND 1554057551 TRANSACTION 81 26918 2efe4a561a084364232d3674bdb5dc6c
SEND 1554057551 TRANSACTION 81 14405 2efe4a561a084364232d3674bdb5dc6c
RECIEVED 1554057551 TRANSACTION 81 91 28
RECIEVED 1554057551 TRANSACTION 80 91 28
UPDATE 1554057551 TRANSACTION a76d1dcc9136f9055d6abb09bed45bc9
RECIEVED 1554057551 TRANSACTION 80 91 29
UPDATE 1554057551 TRANSACTION d988b9df407d92c8422e94dddccee791
SEND 1554057551 TRANSACTION 80 17531 d988b9df407d92c8422e94dddccee791
RECIEVED 1554057551 TRANSACTION 80 91 30
RECIEVED 1554057551 TRANSACTION 81 91 30
UPDATE 1554057551 TRANSACTION 1b40f0a74d1030c56606ced4263c4b92
SEND 1554057551 TRANSACTION 81 19801 1b40f0a74d1030c56606ced4263c4b92
SEND 1554057551 TRANSACTION 81 18438 1b40f0a74d1030c56606ced4263c4b92
SEND 1554057551 TRANSACTION 81 16786 1b40f0a74d1030c56606ced4263c4b92
RECIEVED 1554057551 TRANSACTION 81 91 31
RECIEVED 1554057551 TRANSACTION 81 91 31
RECIEVED 1554057551 TRANSACTION 81 91 31
UPDATE 1554057551 TRANSACTION ef82a4d0255524701a486293b9a50d81
SEND 1554057551 TRANSACTION 81 17713 ef82a4d0255524701a486293b9a50d81
RECIEVED 1554057551 TRANSACTION 81 91 32
UPDATE 1554057551 TRANSACTION b01d38e42b4cd0f3906d4e60c9f79953
SEND 1554057551 TRANSACTION 81 15051 b01d38e42b4cd0f3906d4e60c9f79953
RECIEVED 1554057551 TRANSACTION 81 91 33
UPDATE 1554057551 TRANSACTION bfb0737457c4d6c953f4fa27d4d7cd1f
SEND 1554057551 TRANSACTION 81 13480 bfb0737457c4d6c953f4fa27d4d7cd1f
SEND 1554057551 TRANSACTION 81 16111 bfb0737457c4d6c953f4fa27d4d7cd1f
RECIEVED 1554057551 TRANSACTION 82 91 34
UPDATE 1554057551 TRANSACTION ee17465f97328554b5c3daa8ed16b5ab
SEND 1554057551 TRANSACTION 82 17767 ee17465f97328554b5c3daa8ed16b5ab
RECIEVED 1554057551 TRANSACTION 81 91 35
UPDATE 1554057551 TRANSACTION 7e4d30fe635e4fbbfcbbfff75a3dbed5
SEND 1554057551 TRANSACTION 81 17160 7e4d30fe635e4fbbfcbbfff75a3dbed5
SEND 1554057551 TRANSACTION 81 15058 7e4d30fe635e4fbbfcbbfff75a3dbed5
RECIEVED 1554057552 TRANSACTION 81 91 36
RECIEVED 1554057552 TRANSACTION 78 91 36
UPDATE 1554057552 TRANSACTION c477953be138509508583f7aaf845212
RECIEVED 1554057552 TRANSACTION 81 91 37
UPDATE 1554057552 TRANSACTION f05033275ca1f46a52bd64d744e36e41
SEND 1554057552 TRANSACTION 81 15268 f05033275ca1f46a52bd64d744e36e41
RECIEVED 1554057552 TRANSACTION 81 91 38
RECIEVED 1554057552 TRANSACTION 78 91 38
UPDATE 1554057552 TRANSACTION 7ee591d2071d1c39204bd844ad2dc0a7
SEND 1554057552 TRANSACTION 78 16846 7ee591d2071d1c39204bd844ad2dc0a7
SEND 1554057552 TRANSACTION 78 20368 7ee591d2071d1c39204bd844ad2dc0a7
RECIEVED 1554057552 TRANSACTION 78 91 39
RECIEVED 1554057552 TRANSACTION 81 91 39
UPDATE 1554057552 TRANSACTION ca478ce122074b52ec6950c09f58cea0
SEND 1554057552 TRANSACTION 81 15472 ca478ce122074b52ec6950c09f58cea0
SEND 1554057552 TRANSACTION 81 21120 ca478ce122074b52ec6950c09f58cea0
RECIEVED 1554057552 TRANSACTION 81 91 40
RECIEVED 1554057552 TRANSACTION 81 91 40
UPDATE 1554057552 TRANSACTION a983b6a8105c10dec5939fede59e6644
RECIEVED 1554057552 TRANSACTION 81 91 41
RECIEVED 1554057552 TRANSACTION 81 91 41
RECIEVED 1554057553 TRANSACTION 81 91 41
UPDATE 1554057553 TRANSACTION 724c174c78e589a222c29155bdf6d061
SEND 1554057553 TRANSACTION 81 16805 724c174c78e589a222c29155bdf6d061
SEND 1554057553 TRANSACTION 81 28284 724c174c78e589a222c29155bdf6d061
RECIEVED 1554057553 TRANSACTION 81 91 42
RECIEVED 1554057553 TRANSACTION 81 91 42
UPDATE 1554057553 TRANSACTION 351ea503ca1cd92019c240e879d7b5ef
SEND 1554057553 TRANSACTION 81 31312 351ea503ca1cd92019c240e879d7b5ef
SEND 1554057553 TRANSACTION 81 30061 351ea503ca1cd92019c240e879d7b5ef
RECIEVED 1554057553 TRANSACTION 81 91 43
RECIEVED 1554057553 TRANSACTION 81 91 43
UPDATE 1554057553 TRANSACTION 83f676b24614cd43e84c41ef7a971150
SEND 1554057553 TRANSACTION 81 19715 83f676b24614cd43e84c41ef7a971150
RECIEVED 1554057554 TRANSACTION 81 91 44
UPDATE 1554057554 TRANSACTION d2d95da600b19ca2e8f4e86abb60dcee
SEND 1554057554 TRANSACTION 81 40305 d2d95da600b19ca2e8f4e86abb60dcee
SEND 1554057554 TRANSACTION 81 15253 d2d95da600b19ca2e8f4e86abb60dcee
RECIEVED 1554057554 TRANSACTION 80 91 45
UPDATE 1554057554 TRANSACTION 80b0c0bf184934f541fdfac8ae29b006
SEND 1554057554 TRANSACTION 80 20774 80b0c0bf184934f541fdfac8ae29b006
RECIEVED 1554057554 TRANSACTION 81 91 46
UPDATE 1554057554 TRANSACTION 2008287949bead40e609c3ae05b04ff4
SEND 1554057554 TRANSACTION 81 14560 2008287949bead40e609c3ae05b04ff4
RECIEVED 1554057554 TRANSACTION 81 91 47
RECIEVED 1554057554 TRANSACTION 81 91 47
UPDATE 1554057554 TRANSACTION b55258b79dd4be1c6a3112da1fe83c8c
RECIEVED 1554057554 TRANSACTION 80 91 48
UPDATE 1554057554 TRANSACTION 28d6f1747c2dbacdc08c401ddc27cd17
SEND 1554057554 TRANSACTION 80 19468 28d6f1747c2dbacdc08c401ddc27cd17
SEND 1554057554 TRANSACTION 80 16624 28d6f1747c2dbacdc08c401ddc27cd17
RECIEVED 1554057554 TRANSACTION 81 91 49
UPDATE 1554057554 TRANSACTION ecb51b4076c7650a1e2945ad522e15c7
SEND 1554057554 TRANSACTION 81 35570 ecb51b4076c7650a1e2945ad522e15c7
SEND 1554057554 TRANSACTION 81 47170 ecb51b4076c7650a1e2945ad522e15c7
RECIEVED 1554057554 TRANSACTION 81 91 50
UPDATE 1554057554 TRANSACTION 0cba33371d6d91fc7f14e85ed8d8b7b9
SEND 1554057554 TRANSACTION 81 23255 0cba33371d6d91fc7f14e85ed8d8b7b9
RECIEVED 1554057554 TRANSACTION 81 91 51
RECIEVED 1554057555 TRANSACTION 81 91 51
UPDATE 1554057555 TRANSACTION ce494f1621c0ca828451a224baf2343b
SEND 1554057555 TRANSACTION 81 29941 ce494f1621c0ca828451a224baf2343b
SEND 1554057555 TRANSACTION 81 34969 ce494f1621c0ca828451a224baf2343b
RECIEVED 1554057555 HB 3 91 52
SEND 1554057555 INTRODUCE 37 31951
SEND 1554057555 INTRODUCE 37 18187
SEND 1554057555 INTRODUCE 36 23428
SEND 1554057555 INTRODUCE 36 27944
SEND 1554057555 INTRODUCE 37 22719
SEND 1554057555 INTRODUCE 37 33769
SEND 1554057555 INTRODUCE 36 17074
SEND 1554057555 INTRODUCE 36 18223
RECIEVED 1554057555 TRANSACTION 81 91 52
UPDATE 1554057555 TRANSACTION 9d68acfb9eb4a09ebf269dbf96710850
SEND 1554057555 TRANSACTION 81 47438 9d68acfb9eb4a09ebf269dbf96710850
SEND 1554057555 TRANSACTION 81 16836 9d68acfb9eb4a09ebf269dbf96710850
RECIEVED 1554057555 INTRODUCE 36 91 53
RECIEVED 1554057555 INTRODUCE 35 92 53
RECIEVED 1554057555 INTRODUCE 36 92 53
RECIEVED 1554057555 INTRODUCE 37 92 53
RECIEVED 1554057555 TRANSACTION 81 92 53
UPDATE 1554057555 TRANSACTION d9c4014fe84ff33e1cf55a9f61c1740f
SEND 1554057555 TRANSACTION 81 16768 d9c4014fe84ff33e1cf55a9f61c1740f
SEND 1554057555 TRANSACTION 81 14794 d9c4014fe84ff33e1cf55a9f61c1740f
SEND 1554057555 TRANSACTION 81 22512 d9c4014fe84ff33e1cf55a9f61c1740f
RECIEVED 1554057555 TRANSACTION 81 92 54
RECIEVED 1554057556 TRANSACTION 81 92 54
UPDATE 1554057556 TRANSACTION bf1d3b441836435875486633d96ea27b
SEND 1554057556 TRANSACTION 81 16844 bf1d3b441836435875486633d96ea27b
RECIEVED 1554057556 TRANSACTION 81 92 55
UPDATE 1554057556 TRANSACTION 5d46c65adae45faf3ff4d737c2b75df3
SEND 1554057556 TRANSACTION 81 14852 5d46c65adae45faf3ff4d737c2b75df3
RECIEVED 1554057556 TRANSACTION 80 92 56
UPDATE 1554057556 TRANSACTION 7ef1f5ec0b21de504a8a3e953c101906
SEND 1554057556 TRANSACTION 80 13912 7ef1f5ec0b21de504a8a3e953c101906
RECIEVED 1554057556 TRANSACTION 80 92 57
RECIEVED 1554057556 TRANSACTION 81 92 57
UPDATE 1554057556 TRANSACTION 1ceb11ce36b5d8030b0b72ae7f543969
SEND 1554057556 TRANSACTION 81 15765 1ceb11ce36b5d8030b0b72ae7f543969
SEND 1554057556 TRANSACTION 81 15659 1ceb11ce36b5d8030b0b72ae7f543969
SEND 1554057556 TRANSACTION 81 20717 1ceb11ce36b5d8030b0b72ae7f543969
RECIEVED 1554057557 TRANSACTION 81 92 58
UPDATE 1554057557 TRANSACTION 42a091cf1d43d2866172ef908551fa45
SEND 1554057557 TRANSACTION 81 15698 42a091cf1d43d2866172ef908551fa45
RECIEVED 1554057557 TRANSACTION 80 92 59
UPDATE 1554057557 TRANSACTION 76eab7678a29b6f56dbc32bf74d35cbc
SEND 1554057557 TRANSACTION 80 29503 76eab7678a29b6f56dbc32bf74d35cbc
SEND 1554057557 TRANSACTION 80 15454 76eab7678a29b6f56dbc32bf74d35cbc
SEND 1554057557 TRANSACTION 80 26626 76eab7678a29b6f56dbc32bf74d35cbc
RECIEVED 1554057557 TRANSACTION 80 92 60
RECIEVED 1554057557 TRANSACTION 80 92 60
UPDATE 1554057557 TRANSACTION 4a57fd295608f414fb2c725dc9e84037
SEND 1554057557 TRANSACTION 80 13382 4a57fd295608f414fb2c725dc9e84037
SEND 1554057557 TRANSACTION 80 22129 4a57fd295608f414fb2c725dc9e84037
RECIEVED 1554057557 TRANSACTION 80 92 61
RECIEVED 1554057557 TRANSACTION 81 92 61
UPDATE 1554057557 TRANSACTION 899a2ada794b3d18f7ce77d94e54c52b
RECIEVED 1554057557 TRANSACTION 81 92 62
RECIEVED 1554057557 TRANSACTION 81 92 62
UPDATE 1554057557 TRANSACTION fafad35d4264b12a68d04aa9fdd54a63
SEND 1554057557 TRANSACTION 81 21598 fafad35d4264b12a68d04aa9fdd54a63
SEND 1554057557 TRANSACTION 81 28994 fafad35d4264b12a68d04aa9fdd54a63
SEND 1554057557 TRANSACTION 81 26581 fafad35d4264b12a68d04aa9fdd54a63
RECIEVED 1554057557 TRANSACTION 81 92 63
UPDATE 1554057557 TRANSACTION b613c2d089af89bc09a0a84c325459a3
SEND 1554057557 TRANSACTION 81 19289 b613c2d089af89bc09a0a84c325459a3
SEND 1554057557 TRANSACTION 81 16214 b613c2d089af89bc09a0a84c325459a3
RECIEVED 1554057557 TRANSACTION 81 92 64
RECIEVED 1554057557 TRANSACTION 81 92 64
UPDATE 1554057557 TRANSACTION e7c5b58fdc4a6cb9a013931fae662f5a
SEND 1554057557 TRANSACTION 81 15939 e7c5b58fdc4a6cb9a013931fae662f5a
SEND 1554057557 TRANSACTION 81 20930 e7c5b58fdc4a6cb9a013931fae662f5a
SEND 1554057557 TRANSACTION 81 17331 e7c5b58fdc4a6cb9a013931fae662f5a
RECIEVED 1554057558 TRANSACTION 81 92 65
UPDATE 1554057558 TRANSACTION 7943ecb3ff4c1aa18c377ce93dc95ff4
SEND 1554057558 TRANSACTION 81 17228 7943ecb3ff4c1aa18c377ce93dc95ff4
SEND 1554057558 TRANSACTION 81 24703 7943ecb3ff4c1aa18c377ce93dc95ff4
SEND 1554057558 TRANSACTION 81 23317 7943ecb3ff4c1aa18c377ce93dc95ff4
RECIEVED 1554057558 TRANSACTION 81 92 66
RECIEVED 1554057558 TRANSACTION 81 92 66
UPDATE 1554057558 TRANSACTION ecd4419308a849b03f3f7130eb1e335c
SEND 1554057558 TRANSACTION 81 25885 ecd4419308a849b03f3f7130eb1e335c
RECIEVED 1554057558 TRANSACTION 81 92 67
UPDATE 1554057558 TRANSACTION a046b4a71b30b2bff4d19157db38d6ee
SEND 1554057558 TRANSACTION 81 15504 a046b4a71b30b2bff4d19157db38d6ee
SEND 1554057558 TRANSACTION 81 15751 a046b4a71b30b2bff4d19157db38d6ee
SEND 1554057558 TRANSACTION 81 28778 a046b4a71b30b2bff4d19157db38d6ee
RECIEVED 1554057558 TRANSACTION 82 92 68
UPDATE 1554057558 TRANSACTION 2dbb5e8672282625f8f5ffa79b9c5892
RECIEVED 1554057558 TRANSACTION 81 92 69
UPDATE 1554057558 TRANSACTION eb80bbf30d1a1c029ac90802026fdf0b
SEND 1554057558 TRANSACTION 81 19443 eb80bbf30d1a1c029ac90802026fdf0b
SEND 1554057558 TRANSACTION 81 22018 eb80bbf30d1a1c029ac90802026fdf0b
RECIEVED 1554057558 TRANSACTION 81 92 70
RECIEVED 1554057558 TRANSACTION 82 92 70
RECIEVED 1554057558 TRANSACTION 81 92 70
UPDATE 1554057558 TRANSACTION c1793a3da9d8affa5b8f30b45a669851
SEND 1554057558 TRANSACTION 81 15464 c1793a3da9d8affa5b8f30b45a669851
RECIEVED 1554057558 TRANSACTION 81 92 71
UPDATE 1554057558 TRANSACTION 82a70a8185bf13d0a8c99278deded697
SEND 1554057558 TRANSACTION 81 16864 82a70a8185bf13d0a8c99278deded697
RECIEVED 1554057558 TRANSACTION 81 92 72
RECIEVED 1554057558 TRANSACTION 81 92 72
UPDATE 1554057558 TRANSACTION 809f89f34631b7a4615b3bb49d696e2c
SEND 1554057558 TRANSACTION 81 17213 809f89f34631b7a4615b3bb49d696e2c
SEND 1554057559 TRANSACTION 81 28369 809f89f34631b7a4615b3bb49d696e2c
RECIEVED 1554057559 TRANSACTION 81 92 73
RECIEVED 1554057559 TRANSACTION 81 92 73
UPDATE 1554057559 TRANSACTION a41f97f15ade74ced084b01b2dbae3b8
SEND 1554057559 TRANSACTION 81 38896 a41f97f15ade74ced084b01b2dbae3b8
SEND 1554057559 TRANSACTION 81 32033 a41f97f15ade74ced084b01b2dbae3b8
SEND 1554057559 TRANSACTION 81 22472 a41f97f15ade74ced084b01b2dbae3b8
RECIEVED 1554057559 TRANSACTION 81 92 74
UPDATE 1554057559 TRANSACTION 4405987c409578725a991072fc3536fe
SEND 1554057559 TRANSACTION 81 20614 4405987c409578725a991072fc3536fe
RECIEVED 1554057559 TRANSACTION 79 92 75
UPDATE 1554057559 TRANSACTION 9013c1cdae8d4831ae14e9d66ced7dce
RECIEVED 1554057559 TRANSACTION 81 92 76
UPDATE 1554057559 TRANSACTION 0e046e3ce9f93b6052d6c8871e7e20a7
SEND 1554057559 TRANSACTION 81 16918 0e046e3ce9f93b6052d6c8871e7e20a7
RECIEVED 1554057559 TRANSACTION 80 92 77
UPDATE 1554057559 TRANSACTION 404e5f7362eb9d3467c9699c8adc4505
SEND 1554057559 TRANSACTION 80 22344 404e5f7362eb9d3467c9699c8adc4505
SEND 1554057559 TRANSACTION 80 28396 404e5f7362eb9d3467c9699c8adc4505
RECIEVED 1554057559 TRANSACTION 81 92 78
UPDATE 1554057559 TRANSACTION 8df2b107a5d9f6e801abf5601283f752
SEND 1554057559 TRANSACTION 81 76284 8df2b107a5d9f6e801abf5601283f752
SEND 1554057559 TRANSACTION 81 17894 8df2b107a5d9f6e801abf5601283f752
RECIEVED 1554057559 TRANSACTION 81 92 79
RECIEVED 1554057559 TRANSACTION 81 92 79
RECIEVED 1554057559 TRANSACTION 81 92 79
UPDATE 1554057559 TRANSACTION 1f38ba97f6983fe931c8481b31cca99d
SEND 1554057559 TRANSACTION 81 29919 1f38ba97f6983fe931c8481b31cca99d
SEND 1554057559 TRANSACTION 81 25444 1f38ba97f6983fe931c8481b31cca99d
SEND 1554057559 TRANSACTION 81 16880 1f38ba97f6983fe931c8481b31cca99d
RECIEVED 1554057559 TRANSACTION 80 92 80
UPDATE 1554057559 TRANSACTION 179ae81e05141e6ba3fe5db217e182a4
SEND 1554057559 TRANSACTION 80 15584 179ae81e05141e6ba3fe5db217e182a4
SEND 1554057559 TRANSACTION 80 17422 179ae81e05141e6ba3fe5db217e182a4
RECIEVED 1554057559 TRANSACTION 81 92 81
UPDATE 1554057559 TRANSACTION cee87e282c06f683a0604f8dd2d1c179
SEND 1554057559 TRANSACTION 81 21613 cee87e282c06f683a0604f8dd2d1c179
SEND 1554057559 TRANSACTION 81 31172 cee87e282c06f683a0604f8dd2d1c179
SEND 1554057559 TRANSACTION 81 31340 cee87e282c06f683a0604f8dd2d1c179
RECIEVED 1554057560 TRANSACTION 80 92 82
UPDATE 1554057560 TRANSACTION dc9b6ad2f0cac65640a44b21aeb9e2e5
SEND 1554057560 TRANSACTION 80 23520 dc9b6ad2f0cac65640a44b21aeb9e2e5
RECIEVED 1554057560 TRANSACTION 81 92 83
UPDATE 1554057560 TRANSACTION 2eec4ca15a3cfc4253e810f1b3fc9ce5
SEND 1554057560 TRANSACTION 81 15303 2eec4ca15a3cfc4253e810f1b3fc9ce5
RECIEVED 1554057560 TRANSACTION 81 92 84
UPDATE 1554057560 TRANSACTION de83d2c5249452d488393ee37a0ecbed
SEND 1554057560 TRANSACTION 81 15102 de83d2c5249452d488393ee37a0ecbed
SEND 1554057560 TRANSACTION 81 22497 de83d2c5249452d488393ee37a0ecbed
RECIEVED 1554057560 TRANSACTION 81 92 85
RECIEVED 1554057560 TRANSACTION 80 92 85
UPDATE 1554057560 TRANSACTION 6e2c7274f6074f7abae2746aabdd2026
RECIEVED 1554057561 TRANSACTION 80 92 86
UPDATE 1554057561 TRANSACTION b2af3edc7ed6a5152c1dd73dce677ee3
SEND 1554057561 TRANSACTION 80 16387 b2af3edc7ed6a5152c1dd73dce677ee3
RECIEVED 1554057561 TRANSACTION 80 92 87
RECIEVED 1554057561 TRANSACTION 80 92 87
RECIEVED 1554057561 TRANSACTION 80 92 87
UPDATE 1554057561 TRANSACTION bf8bb613c9b7ed29d11bc9f408ab04c6
SEND 1554057561 TRANSACTION 80 16358 bf8bb613c9b7ed29d11bc9f408ab04c6
SEND 1554057561 TRANSACTION 80 30738 bf8bb613c9b7ed29d11bc9f408ab04c6
RECIEVED 1554057561 TRANSACTION 80 92 88
UPDATE 1554057561 TRANSACTION 16f8c45e3ae55216c0d33f63d0e99ad8
SEND 1554057561 TRANSACTION 80 26586 16f8c45e3ae55216c0d33f63d0e99ad8
SEND 1554057561 TRANSACTION 80 25590 16f8c45e3ae55216c0d33f63d0e99ad8
RECIEVED 1554057561 TRANSACTION 80 92 89
RECIEVED 1554057561 TRANSACTION 82 92 89
UPDATE 1554057561 TRANSACTION 26242ab0612c3961f821fc26610e396b
SEND 1554057561 TRANSACTION 82 30547 26242ab0612c3961f821fc26610e396b
RECIEVED 1554057561 TRANSACTION 80 92 90
UPDATE 1554057561 TRANSACTION f18aaa0e38156f73d079a147c100f613
SEND 1554057561 TRANSACTION 80 16136 f18aaa0e38156f73d079a147c100f613
RECIEVED 1554057561 TRANSACTION 80 92 91
RECIEVED 1554057561 TRANSACTION 81 92 91
UPDATE 1554057561 TRANSACTION 1e09d0d96087e25ca5e18f44a9294900
SEND 1554057561 TRANSACTION 81 20103 1e09d0d96087e25ca5e18f44a9294900
SEND 1554057561 TRANSACTION 81 17473 1e09d0d96087e25ca5e18f44a9294900
SEND 1554057561 TRANSACTION 81 16815 1e09d0d96087e25ca5e18f44a9294900
RECIEVED 1554057561 TRANSACTION 79 92 92
UPDATE 1554057561 TRANSACTION 1ed50a7b53562941da41eb85f7aa4105
SEND 1554057561 TRANSACTION 79 16137 1ed50a7b53562941da41eb85f7aa4105
RECIEVED 1554057561 TRANSACTION 79 92 93
RECIEVED 1554057561 TRANSACTION 79 92 93
RECIEVED 1554057561 TRANSACTION 81 92 93
UPDATE 1554057561 TRANSACTION 06ca88238317c34ccc3c689246f6eaec
SEND 1554057561 TRANSACTION 81 22279 06ca88238317c34ccc3c689246f6eaec
SEND 1554057561 TRANSACTION 81 32590 06ca88238317c34ccc3c689246f6eaec
RECIEVED 1554057562 TRANSACTION 81 92 94
UPDATE 1554057562 TRANSACTION 37e93e74de5e0def6854b2aa95c5aa3f
SEND 1554057562 TRANSACTION 81 26154 37e93e74de5e0def6854b2aa95c5aa3f
SEND 1554057562 TRANSACTION 81 21192 37e93e74de5e0def6854b2aa95c5aa3f
RECIEVED 1554057562 TRANSACTION 81 92 95
UPDATE 1554057562 TRANSACTION 49257c88d262fada0177e0f630f282c7
SEND 1554057562 TRANSACTION 81 27096 49257c88d262fada0177e0f630f282c7
RECIEVED 1554057562 TRANSACTION 81 92 96
RECIEVED 1554057562 TRANSACTION 78 92 96
UPDATE 1554057562 TRANSACTION 1c0ddf22855938cf545338ba879eacbe
SEND 1554057562 TRANSACTION 78 21148 1c0ddf22855938cf545338ba879eacbe
RECIEVED 1554057562 TRANSACTION 78 92 97
UPDATE 1554057562 TRANSACTION f9918ae2dd56912b1e1c7e579ec4a1c4
RECIEVED 1554057562 TRANSACTION 78 92 98
RECIEVED 1554057562 TRANSACTION 82 92 98
UPDATE 1554057562 TRANSACTION 4452845b04d6f067bc11ac0526c7248c
SEND 1554057562 TRANSACTION 82 20237 4452845b04d6f067bc11ac0526c7248c
RECIEVED 1554057562 TRANSACTION 81 92 99
UPDATE 1554057562 TRANSACTION 9f48f29ec11225100f575b8e7d9570a5
SEND 1554057562 TRANSACTION 81 27400 9f48f29ec11225100f575b8e7d9570a5
RECIEVED 1554057562 TRANSACTION 81 92 100
RECIEVED 1554057563 TRANSACTION 81 92 100
UPDATE 1554057563 TRANSACTION 1153fe7a44f2208cb0566cc3ee3c15ca
SEND 1554057563 TRANSACTION 81 14941 1153fe7a44f2208cb0566cc3ee3c15ca
RECIEVED 1554057563 TRANSACTION 79 92 101
UPDATE 1554057563 TRANSACTION 40732bb7482b29a9f399aa63ca4449b6
SEND 1554057563 TRANSACTION 79 22615 40732bb7482b29a9f399aa63ca4449b6
SEND 1554057563 TRANSACTION 79 16116 40732bb7482b29a9f399aa63ca4449b6
RECIEVED 1554057563 TRANSACTION 79 92 102
RECIEVED 1554057563 TRANSACTION 79 92 102
RECIEVED 1554057563 TRANSACTION 81 92 102
UPDATE 1554057563 TRANSACTION cad9d49159f8836da900d8dcbaa69229
SEND 1554057563 TRANSACTION 81 20276 cad9d49159f8836da900d8dcbaa69229
RECIEVED 1554057563 TRANSACTION 81 92 103
UPDATE 1554057563 TRANSACTION 0fd83fb7d0126823065eaaa1e82fd40d
SEND 1554057563 TRANSACTION 81 21757 0fd83fb7d0126823065eaaa1e82fd40d
RECIEVED 1554057563 TRANSACTION 81 92 104
UPDATE 1554057563 TRANSACTION ff93dc4b38261adc5ac7043a7e2362dc
SEND 1554057563 TRANSACTION 81 28307 ff93dc4b38261adc5ac7043a7e2362dc
RECIEVED 1554057563 TRANSACTION 82 92 105
UPDATE 1554057563 TRANSACTION 32c1eaca9c13e1969a539a7ddb25466a
SEND 1554057563 TRANSACTION 82 30049 32c1eaca9c13e1969a539a7ddb25466a
RECIEVED 1554057563 TRANSACTION 82 92 106
RECIEVED 1554057563 TRANSACTION 81 92 106
RECIEVED 1554057563 TRANSACTION 81 92 106
UPDATE 1554057563 TRANSACTION b5fde2af308f4c7c80a18b5bc591f64e
SEND 1554057563 TRANSACTION 81 15536 b5fde2af308f4c7c80a18b5bc591f64e
SEND 1554057563 TRANSACTION 81 21549 b5fde2af308f4c7c80a18b5bc591f64e
SEND 1554057563 TRANSACTION 81 16757 b5fde2af308f4c7c80a18b5bc591f64e
RECIEVED 1554057563 TRANSACTION 81 92 107
RECIEVED 1554057563 TRANSACTION 80 92 107
UPDATE 1554057563 TRANSACTION 5ec879675464578baff3e4b6b14af2ec
RECIEVED 1554057563 TRANSACTION 80 92 108
RECIEVED 1554057564 TRANSACTION 80 92 108
UPDATE 1554057564 TRANSACTION b1c30b5dc76350d21eec794b6a3fcd9b
SEND 1554057564 TRANSACTION 80 21401 b1c30b5dc76350d21eec794b6a3fcd9b
SEND 1554057564 TRANSACTION 80 23047 b1c30b5dc76350d21eec794b6a3fcd9b
RECIEVED 1554057564 TRANSACTION 80 92 109
RECIEVED 1554057564 TRANSACTION 80 92 109
UPDATE 1554057564 TRANSACTION 392d186dc00cd748820e5bb033370611
SEND 1554057564 TRANSACTION 80 22932 392d186dc00cd748820e5bb033370611
RECIEVED 1554057564 TRANSACTION 80 92 110
RECIEVED 1554057564 TRANSACTION 80 92 110
UPDATE 1554057564 TRANSACTION a2dda43a85e48b7d8b4468330991e254
SEND 1554057564 TRANSACTION 80 14779 a2dda43a85e48b7d8b4468330991e254
RECIEVED 1554057564 TRANSACTION 79 92 111
UPDATE 1554057564 TRANSACTION ddbe20e5c33dc437acce829d4df56235
RECIEVED 1554057564 TRANSACTION 80 92 112
UPDATE 1554057564 TRANSACTION 91723bc233409dd2a081355399b20cbd
RECIEVED 1554057564 TRANSACTION 80 92 113
UPDATE 1554057564 TRANSACTION 311c2163311f01ae847e1fe6ea8074ab
SEND 1554057564 TRANSACTION 80 27241 311c2163311f01ae847e1fe6ea8074ab
RECIEVED 1554057564 TRANSACTION 81 92 114
UPDATE 1554057564 TRANSACTION d4d85e2b0022537239aecca2396fc590
SEND 1554057564 TRANSACTION 81 15662 d4d85e2b0022537239aecca2396fc590
RECIEVED 1554057564 TRANSACTION 81 92 115
UPDATE 1554057564 TRANSACTION c70c534e01e512ec3d85a38592e679bf
RECIEVED 1554057564 TRANSACTION 81 92 116
UPDATE 1554057564 TRANSACTION 1c4a3aff047cbcda48310227dd2ddc6d
RECIEVED 1554057564 TRANSACTION 80 92 117
UPDATE 1554057564 TRANSACTION 3f6e27e4d9a6f00c80cbe7badf71f8cc
SEND 1554057564 TRANSACTION 80 16939 3f6e27e4d9a6f00c80cbe7badf71f8cc
SEND 1554057564 TRANSACTION 80 20062 3f6e27e4d9a6f00c80cbe7badf71f8cc
RECIEVED 1554057564 TRANSACTION 81 92 118
UPDATE 1554057564 TRANSACTION f202ca98d45a7207a70a7cc850816b3c
RECIEVED 1554057564 TRANSACTION 80 92 119
RECIEVED 1554057564 TRANSACTION 81 92 119
RECIEVED 1554057564 TRANSACTION 81 92 119
UPDATE 1554057564 TRANSACTION 1e24d6e1abaa68c743947f6c388e9487
SEND 1554057564 TRANSACTION 81 20532 1e24d6e1abaa68c743947f6c388e9487
SEND 1554057564 TRANSACTION 81 28224 1e24d6e1abaa68c743947f6c388e9487
RECIEVED 1554057564 TRANSACTION 81 92 120
RECIEVED 1554057565 TRANSACTION 81 92 120
RECIEVED 1554057565 HB 3 92 120
RECIEVED 1554057565 TRANSACTION 81 92 120
UPDATE 1554057565 TRANSACTION a8e6ebb7208b78368a11c4dbbc7e6b9f
SEND 1554057565 TRANSACTION 81 29561 a8e6ebb7208b78368a11c4dbbc7e6b9f
SEND 1554057565 TRANSACTION 81 21429 a8e6ebb7208b78368a11c4dbbc7e6b9f
RECIEVED 1554057565 TRANSACTION 81 92 121
RECIEVED 1554057565 TRANSACTION 80 92 121
UPDATE 1554057565 TRANSACTION ebaa2e262f507e7bc80df81983b0899f
RECIEVED 1554057565 TRANSACTION 81 92 122
UPDATE 1554057565 TRANSACTION 61fc57f2a0a3c5fde2ffd24741811251
SEND 1554057565 TRANSACTION 81 21303 61fc57f2a0a3c5fde2ffd24741811251
SEND 1554057565 TRANSACTION 81 20617 61fc57f2a0a3c5fde2ffd24741811251
SEND 1554057565 TRANSACTION 81 15768 61fc57f2a0a3c5fde2ffd24741811251
RECIEVED 1554057565 TRANSACTION 81 92 123
UPDATE 1554057565 TRANSACTION e154edb8cb95e8222d6db3f0beef7064
SEND 1554057565 TRANSACTION 81 14895 e154edb8cb95e8222d6db3f0beef7064
RECIEVED 1554057565 TRANSACTION 81 92 124
UPDATE 1554057565 TRANSACTION 6280319e27db15689f19c51aae3ffec2
SEND 1554057565 TRANSACTION 81 15915 6280319e27db15689f19c51aae3ffec2
SEND 1554057565 TRANSACTION 81 21118 6280319e27db15689f19c51aae3ffec2
RECIEVED 1554057565 TRANSACTION 81 92 125
RECIEVED 1554057565 TRANSACTION 79 92 125
UPDATE 1554057565 TRANSACTION 6aba79de4c53d48ec44bb0b902b250eb
SEND 1554057565 TRANSACTION 79 14792 6aba79de4c53d48ec44bb0b902b250eb
RECIEVED 1554057565 TRANSACTION 81 92 126
UPDATE 1554057565 TRANSACTION 49145667a914b5c18b3b738ab300f355
SEND 1554057565 TRANSACTION 81 16939 49145667a914b5c18b3b738ab300f355
RECIEVED 1554057565 TRANSACTION 81 92 127
RECIEVED 1554057565 TRANSACTION 81 92 127
UPDATE 1554057565 TRANSACTION a09e06c93559e0770e2643189f24566b
SEND 1554057565 TRANSACTION 81 19395 a09e06c93559e0770e2643189f24566b
RECIEVED 1554057565 TRANSACTION 79 92 128
UPDATE 1554057565 TRANSACTION 85fc53193f2b637850f1e037d2b44d00
RECIEVED 1554057565 TRANSACTION 81 92 129
UPDATE 1554057565 TRANSACTION 6e95d43b4b201dbc5fb1dcaab6767ca4
SEND 1554057565 TRANSACTION 81 16088 6e95d43b4b201dbc5fb1dcaab6767ca4
SEND 1554057565 TRANSACTION 81 27996 6e95d43b4b201dbc5fb1dcaab6767ca4
RECIEVED 1554057566 TRANSACTION 80 92 130
UPDATE 1554057566 TRANSACTION 8dbb60c3c9915bf9b7d13b6f484a40f1
RECIEVED 1554057566 TRANSACTION 81 92 131
UPDATE 1554057566 TRANSACTION 0e9b8a10b6dd813a87f8feaf8b460b1a
SEND 1554057566 TRANSACTION 81 38929 0e9b8a10b6dd813a87f8feaf8b460b1a
SEND 1554057566 TRANSACTION 81 15569 0e9b8a10b6dd813a87f8feaf8b460b1a
SEND 1554057566 TRANSACTION 81 22527 0e9b8a10b6dd813a87f8feaf8b460b1a
RECIEVED 1554057566 TRANSACTION 81 92 132
RECIEVED 1554057566 TRANSACTION 81 92 132
UPDATE 1554057566 TRANSACTION 88cc33b597237e3b5fa607571b9bc3d1
SEND 1554057566 TRANSACTION 81 15377 88cc33b597237e3b5fa607571b9bc3d1
SEND 1554057566 TRANSACTION 81 15392 88cc33b597237e3b5fa607571b9bc3d1
RECIEVED 1554057566 TRANSACTION 81 92 133
RECIEVED 1554057566 TRANSACTION 81 92 133
RECIEVED 1554057566 TRANSACTION 80 92 133
UPDATE 1554057566 TRANSACTION 4eeea3d10c36eecfc7d334aafd7213b7
SEND 1554057566 TRANSACTION 80 20125 4eeea3d10c36eecfc7d334aafd7213b7
SEND 1554057566 TRANSACTION 80 21897 4eeea3d10c36eecfc7d334aafd7213b7
RECIEVED 1554057566 TRANSACTION 80 92 134
UPDATE 1554057566 TRANSACTION 7c3ef64963f4e2db8b1c59ae463135dd
SEND 1554057566 TRANSACTION 80 16720 7c3ef64963f4e2db8b1c59ae463135dd
SEND 1554057566 TRANSACTION 80 30346 7c3ef64963f4e2db8b1c59ae463135dd
RECIEVED 1554057566 TRANSACTION 80 92 135
UPDATE 1554057566 TRANSACTION ee9bb30797b70cd33579188d13ce6a01
SEND 1554057566 TRANSACTION 80 16396 ee9bb30797b70cd33579188d13ce6a01
SEND 1554057566 TRANSACTION 80 19463 ee9bb30797b70cd33579188d13ce6a01
SEND 1554057566 TRANSACTION 80 15546 ee9bb30797b70cd33579188d13ce6a01
RECIEVED 1554057566 TRANSACTION 81 92 136
UPDATE 1554057566 TRANSACTION b3221ee31f369ed33434a8e00769660d
SEND 1554057566 TRANSACTION 81 24971 b3221ee31f369ed33434a8e00769660d
SEND 1554057566 TRANSACTION 81 22520 b3221ee31f369ed33434a8e00769660d
RECIEVED 1554057567 TRANSACTION 79 92 137
UPDATE 1554057567 TRANSACTION e9453e687e2e6fb53d209a6ebebcac15
SEND 1554057567 TRANSACTION 79 14213 e9453e687e2e6fb53d209a6ebebcac15
RECIEVED 1554057567 TRANSACTION 80 92 138
UPDATE 1554057567 TRANSACTION 8027001c29bb984c9a39784425849f2f
SEND 1554057567 TRANSACTION 80 16034 8027001c29bb984c9a39784425849f2f
RECIEVED 1554057567 TRANSACTION 80 92 139
RECIEVED 1554057567 TRANSACTION 80 92 139
RECIEVED 1554057567 TRANSACTION 81 92 139
UPDATE 1554057567 TRANSACTION 800b2cc7cce239f77094519799a98a23
SEND 1554057567 TRANSACTION 81 16877 800b2cc7cce239f77094519799a98a23
SEND 1554057567 TRANSACTION 81 23300 800b2cc7cce239f77094519799a98a23
SEND 1554057567 TRANSACTION 81 27053 800b2cc7cce239f77094519799a98a23
RECIEVED 1554057567 TRANSACTION 81 92 140
UPDATE 1554057567 TRANSACTION 2334c23b70f362a8760247ba30cae6f7
RECIEVED 1554057567 TRANSACTION 81 92 141
UPDATE 1554057567 TRANSACTION 83c8006927b519e0bdbaac8e3d5c9747
SEND 1554057567 TRANSACTION 81 26594 83c8006927b519e0bdbaac8e3d5c9747
RECIEVED 1554057567 TRANSACTION 82 92 142
UPDATE 1554057567 TRANSACTION d959b5a0f8275df669713b7294375dba
SEND 1554057567 TRANSACTION 82 15050 d959b5a0f8275df669713b7294375dba
RECIEVED 1554057567 TRANSACTION 81 92 143
UPDATE 1554057567 TRANSACTION 44451fff76b815936aa8c2730a33844c
SEND 1554057567 TRANSACTION 81 15191 44451fff76b815936aa8c2730a33844c
SEND 1554057567 TRANSACTION 81 17258 44451fff76b815936aa8c2730a33844c
RECIEVED 1554057568 TRANSACTION 81 92 144
UPDATE 1554057568 TRANSACTION 832c07d5cd48da7ca4abbac66b23a9f6
SEND 1554057568 TRANSACTION 81 20600 832c07d5cd48da7ca4abbac66b23a9f6
SEND 1554057568 TRANSACTION 81 26592 832c07d5cd48da7ca4abbac66b23a9f6
RECIEVED 1554057568 TRANSACTION 82 92 145
UPDATE 1554057568 TRANSACTION c38c8b994fdf5e59a029ea0f11925940
SEND 1554057568 TRANSACTION 82 17798 c38c8b994fdf5e59a029ea0f11925940
SEND 1554057568 TRANSACTION 82 16607 c38c8b994fdf5e59a029ea0f11925940
SEND 1554057568 TRANSACTION 82 29320 c38c8b994fdf5e59a029ea0f11925940
SEND 1554057568 TRANSACTION 82 25076 c38c8b994fdf5e59a029ea0f11925940
RECIEVED 1554057568 TRANSACTION 81 92 146
UPDATE 1554057568 TRANSACTION 04d617667fb46af7590528be04098984
SEND 1554057568 TRANSACTION 81 32391 04d617667fb46af7590528be04098984
SEND 1554057568 TRANSACTION 81 21194 04d617667fb46af7590528be04098984
RECIEVED 1554057568 TRANSACTION 78 92 147
UPDATE 1554057568 TRANSACTION e301842986bab4da21aabbe64d6ceda3
SEND 1554057568 TRANSACTION 78 14420 e301842986bab4da21aabbe64d6ceda3
RECIEVED 1554057568 TRANSACTION 80 92 148
UPDATE 1554057568 TRANSACTION c4199196062e9b479fe211c0ea74a6d9
SEND 1554057568 TRANSACTION 80 15000 c4199196062e9b479fe211c0ea74a6d9
SEND 1554057568 TRANSACTION 80 18660 c4199196062e9b479fe211c0ea74a6d9
RECIEVED 1554057568 TRANSACTION 79 92 149
UPDATE 1554057568 TRANSACTION 2f3667512a58d2a897aa3cad65d3b96b
RECIEVED 1554057568 TRANSACTION 80 92 150
UPDATE 1554057568 TRANSACTION eed50dd7811d02612c2fe4625ebdd23f
SEND 1554057568 TRANSACTION 80 20754 eed50dd7811d02612c2fe4625ebdd23f
RECIEVED 1554057568 TRANSACTION 81 92 151
UPDATE 1554057568 TRANSACTION 7030010df331256e7125e3b42631c884
RECIEVED 1554057568 TRANSACTION 81 92 152
RECIEVED 1554057568 TRANSACTION 80 92 152
UPDATE 1554057568 TRANSACTION 2912a3efb5b6914c4f0f2a9d2b652370
SEND 1554057568 TRANSACTION 80 15102 2912a3efb5b6914c4f0f2a9d2b652370
SEND 1554057568 TRANSACTION 80 21720 2912a3efb5b6914c4f0f2a9d2b652370
RECIEVED 1554057569 TRANSACTION 81 92 153
RECIEVED 1554057569 TRANSACTION 81 92 153
RECIEVED 1554057569 TRANSACTION 80 92 153
UPDATE 1554057569 TRANSACTION ee88ca92881d45ee74c91b2cac7937d0
SEND 1554057569 TRANSACTION 80 23900 ee88ca92881d45ee74c91b2cac7937d0
SEND 1554057569 TRANSACTION 80 28610 ee88ca92881d45ee74c91b2cac7937d0
SEND 1554057569 TRANSACTION 80 26275 ee88ca92881d45ee74c91b2cac7937d0
RECIEVED 1554057569 TRANSACTION 80 92 154
RECIEVED 1554057569 TRANSACTION 82 92 154
UPDATE 1554057569 TRANSACTION 2f031743b8ad643eeba9bab9d95edf1b
SEND 1554057569 TRANSACTION 82 49490 2f031743b8ad643eeba9bab9d95edf1b
SEND 1554057569 TRANSACTION 82 26734 2f031743b8ad643eeba9bab9d95edf1b
SEND 1554057569 TRANSACTION 82 17131 2f031743b8ad643eeba9bab9d95edf1b
RECIEVED 1554057569 TRANSACTION 80 92 155
UPDATE 1554057569 TRANSACTION 9aac3cb172ce34a737855f735b93ecd1
SEND 1554057569 TRANSACTION 80 28961 9aac3cb172ce34a737855f735b93ecd1
RECIEVED 1554057569 TRANSACTION 80 92 156
RECIEVED 1554057569 TRANSACTION 81 92 156
UPDATE 1554057569 TRANSACTION 50218a5552ef0a06038c47dd658f06c1
SEND 1554057569 TRANSACTION 81 25240 50218a5552ef0a06038c47dd658f06c1
RECIEVED 1554057569 TRANSACTION 81 92 157
UPDATE 1554057569 TRANSACTION d427f5f2dae7b2f4b737ef99fd899f9b
SEND 1554057569 TRANSACTION 81 15041 d427f5f2dae7b2f4b737ef99fd899f9b
RECIEVED 1554057569 TRANSACTION 81 92 158
RECIEVED 1554057569 TRANSACTION 78 92 158
UPDATE 1554057569 TRANSACTION e4efdb6f4956100749aad76248a4d58c
SEND 1554057569 TRANSACTION 78 16962 e4efdb6f4956100749aad76248a4d58c
SEND 1554057569 TRANSACTION 78 28849 e4efdb6f4956100749aad76248a4d58c
RECIEVED 1554057569 TRANSACTION 80 92 159
UPDATE 1554057569 TRANSACTION 8b440916ee6ef979836298c2b32f38b0
SEND 1554057569 TRANSACTION 80 14996 8b440916ee6ef979836298c2b32f38b0
RECIEVED 1554057569 TRANSACTION 78 92 160
RECIEVED 1554057569 TRANSACTION 82 92 160
UPDATE 1554057569 TRANSACTION c8cff510355cd4b25db961acaa2a99dd
SEND 1554057569 TRANSACTION 82 18278 c8cff510355cd4b25db961acaa2a99dd
SEND 1554057569 TRANSACTION 82 17096 c8cff510355cd4b25db961acaa2a99dd
SEND 1554057569 TRANSACTION 82 17461 c8cff510355cd4b25db961acaa2a99dd
RECIEVED 1554057569 TRANSACTION 82 92 161
RECIEVED 1554057570 TRANSACTION 81 92 161
UPDATE 1554057570 TRANSACTION a632afb69fa7d7ac64e0c67222d01bc2
RECIEVED 1554057570 TRANSACTION 81 92 162
RECIEVED 1554057570 TRANSACTION 81 92 162
RECIEVED 1554057570 TRANSACTION 81 92 162
UPDATE 1554057570 TRANSACTION 42a03470deaf26b4a616304e54a638af
SEND 1554057570 TRANSACTION 81 20850 42a03470deaf26b4a616304e54a638af
SEND 1554057570 TRANSACTION 81 26304 42a03470deaf26b4a616304e54a638af
SEND 1554057570 TRANSACTION 81 20460 42a03470deaf26b4a616304e54a638af
RECIEVED 1554057570 TRANSACTION 81 92 163
RECIEVED 1554057570 TRANSACTION 81 92 163
RECIEVED 1554057570 TRANSACTION 82 92 163
UPDATE 1554057570 TRANSACTION eac752ac7d3f3f45715928ac84a5274e
SEND 1554057570 TRANSACTION 82 15352 eac752ac7d3f3f45715928ac84a5274e
SEND 1554057570 TRANSACTION 82 21128 eac752ac7d3f3f45715928ac84a5274e
RECIEVED 1554057571 TRANSACTION 81 92 164
UPDATE 1554057571 TRANSACTION 369f9e0961c4822503b49549ee382d83
RECIEVED 1554057571 TRANSACTION 83 92 165
UPDATE 1554057571 TRANSACTION 96ff0d097978548139151744ecebab37
SEND 1554057571 TRANSACTION 83 16202 96ff0d097978548139151744ecebab37
RECIEVED 1554057571 TRANSACTION 83 92 166
RECIEVED 1554057571 TRANSACTION 81 92 166
UPDATE 1554057571 TRANSACTION 4b215e2a311a970a3da29b9eebd4884c
SEND 1554057571 TRANSACTION 81 18464 4b215e2a311a970a3da29b9eebd4884c
RECIEVED 1554057571 TRANSACTION 79 92 167
UPDATE 1554057571 TRANSACTION 79bb3e12ff8e3ff16df9a846ffcb2736
SEND 1554057571 TRANSACTION 79 18676 79bb3e12ff8e3ff16df9a846ffcb2736
RECIEVED 1554057571 TRANSACTION 81 92 168
RECIEVED 1554057571 TRANSACTION 80 92 168
UPDATE 1554057571 TRANSACTION 0eeca864a6c95e08a1dc58570609ce95
SEND 1554057571 TRANSACTION 80 16328 0eeca864a6c95e08a1dc58570609ce95
RECIEVED 1554057571 TRANSACTION 81 92 169
UPDATE 1554057571 TRANSACTION 4d3663dc6a77c97ba877ea63eda397e0
SEND 1554057571 TRANSACTION 81 25104 4d3663dc6a77c97ba877ea63eda397e0
RECIEVED 1554057571 TRANSACTION 81 92 170
UPDATE 1554057571 TRANSACTION 837f21cf67832a76eae8b4924ef4ca04
SEND 1554057571 TRANSACTION 81 13855 837f21cf67832a76eae8b4924ef4ca04
SEND 1554057571 TRANSACTION 81 17332 837f21cf67832a76eae8b4924ef4ca04
RECIEVED 1554057572 TRANSACTION 80 92 171
UPDATE 1554057572 TRANSACTION 61c09bc894c5a5ac92fac08247ae801b
RECIEVED 1554057572 TRANSACTION 80 92 172
UPDATE 1554057572 TRANSACTION 24a03dc14f16b6268e9348d973c7d498
SEND 1554057572 TRANSACTION 80 20967 24a03dc14f16b6268e9348d973c7d498
RECIEVED 1554057572 TRANSACTION 81 92 173
UPDATE 1554057572 TRANSACTION 9af81a2e143736b619d85487d4178f3f
SEND 1554057572 TRANSACTION 81 14707 9af81a2e143736b619d85487d4178f3f
SEND 1554057572 TRANSACTION 81 24710 9af81a2e143736b619d85487d4178f3f
SEND 1554057572 TRANSACTION 81 15983 9af81a2e143736b619d85487d4178f3f
RECIEVED 1554057572 TRANSACTION 80 92 174
UPDATE 1554057572 TRANSACTION 56593f6a35e03237b8df901a09401756
RECIEVED 1554057572 TRANSACTION 80 92 175
UPDATE 1554057572 TRANSACTION 265553915dd413534135bdef588daa2b
SEND 1554057572 TRANSACTION 80 16571 265553915dd413534135bdef588daa2b
RECIEVED 1554057573 TRANSACTION 81 92 176
UPDATE 1554057573 TRANSACTION f669a180b7ff2c58948dd40049486fd2
RECIEVED 1554057573 TRANSACTION 81 92 177
UPDATE 1554057573 TRANSACTION 688f65d4f445c17a79f5a4a3011bf369
SEND 1554057573 TRANSACTION 81 16749 688f65d4f445c17a79f5a4a3011bf369
SEND 1554057573 TRANSACTION 81 24298 688f65d4f445c17a79f5a4a3011bf369
RECIEVED 1554057573 TRANSACTION 81 92 178
UPDATE 1554057573 TRANSACTION 26db9338621ea4fcef43296d46a952b5
SEND 1554057573 TRANSACTION 81 16539 26db9338621ea4fcef43296d46a952b5
SEND 1554057573 TRANSACTION 81 18310 26db9338621ea4fcef43296d46a952b5
RECIEVED 1554057573 TRANSACTION 81 92 179
UPDATE 1554057573 TRANSACTION 12f1757b326b56a26917fc1f2098434c
SEND 1554057573 TRANSACTION 81 28380 12f1757b326b56a26917fc1f2098434c
SEND 1554057573 TRANSACTION 81 21483 12f1757b326b56a26917fc1f2098434c
RECIEVED 1554057573 TRANSACTION 81 92 180
RECIEVED 1554057573 TRANSACTION 81 92 180
UPDATE 1554057573 TRANSACTION c9b3a3cdf8b754544e39a14590c52d84
RECIEVED 1554057573 TRANSACTION 81 92 181
RECIEVED 1554057573 TRANSACTION 83 92 181
UPDATE 1554057573 TRANSACTION ed96cc94e2e3135a7f8af3f6c7aa1da2
SEND 1554057573 TRANSACTION 83 42455 ed96cc94e2e3135a7f8af3f6c7aa1da2
RECIEVED 1554057573 TRANSACTION 81 92 182
UPDATE 1554057573 TRANSACTION 8453759aa0731b1cde2f5a7535961974
SEND 1554057573 TRANSACTION 81 16702 8453759aa0731b1cde2f5a7535961974
SEND 1554057573 TRANSACTION 81 18442 8453759aa0731b1cde2f5a7535961974
RECIEVED 1554057573 TRANSACTION 81 92 183
UPDATE 1554057573 TRANSACTION 70b11e7a1085d46e224c05fc39fe26d9
RECIEVED 1554057573 TRANSACTION 81 92 184
UPDATE 1554057573 TRANSACTION 9cd2930315872ef710b9555dc9ad15ac
SEND 1554057573 TRANSACTION 81 21709 9cd2930315872ef710b9555dc9ad15ac
SEND 1554057573 TRANSACTION 81 29109 9cd2930315872ef710b9555dc9ad15ac
RECIEVED 1554057573 TRANSACTION 81 92 185
RECIEVED 1554057574 TRANSACTION 81 92 185
UPDATE 1554057574 TRANSACTION d75c944ec221bd4cb7ccc68965e085e9
SEND 1554057574 TRANSACTION 81 15908 d75c944ec221bd4cb7ccc68965e085e9
SEND 1554057574 TRANSACTION 81 16693 d75c944ec221bd4cb7ccc68965e085e9
RECIEVED 1554057574 TRANSACTION 81 92 186
RECIEVED 1554057574 TRANSACTION 81 92 186
UPDATE 1554057574 TRANSACTION f5b26082e201623f4b2cd955833f539d
SEND 1554057574 TRANSACTION 81 17735 f5b26082e201623f4b2cd955833f539d
RECIEVED 1554057574 TRANSACTION 81 92 187
RECIEVED 1554057574 TRANSACTION 81 92 187
UPDATE 1554057574 TRANSACTION be46c517a2280f0d560c5b8106381dfc
RECIEVED 1554057574 TRANSACTION 81 92 188
UPDATE 1554057574 TRANSACTION 034c6e7fd6fdbd88dd741e83232b04e6
RECIEVED 1554057574 TRANSACTION 81 92 189
UPDATE 1554057574 TRANSACTION 8a231f422afebab09b8d892adca71f8a
SEND 1554057574 TRANSACTION 81 7388 8a231f422afebab09b8d892adca71f8a
SEND 1554057574 TRANSACTION 81 18575 8a231f422afebab09b8d892adca71f8a
RECIEVED 1554057574 TRANSACTION 81 92 190
UPDATE 1554057574 TRANSACTION 382fd4bfc3aed019146b46b11a0dab54
SEND 1554057574 TRANSACTION 81 136820 382fd4bfc3aed019146b46b11a0dab54
SEND 1554057574 TRANSACTION 81 28657 382fd4bfc3aed019146b46b11a0dab54
RECIEVED 1554057574 TRANSACTION 80 92 191
UPDATE 1554057574 TRANSACTION 287584244a21296975beb8cfa749d149
SEND 1554057574 TRANSACTION 80 23384 287584244a21296975beb8cfa749d149
SEND 1554057574 TRANSACTION 80 38147 287584244a21296975beb8cfa749d149
RECIEVED 1554057574 TRANSACTION 80 92 192
UPDATE 1554057574 TRANSACTION 6f81df1c8a254a0713a80580b2349253
RECIEVED 1554057574 TRANSACTION 81 92 193
UPDATE 1554057574 TRANSACTION f3270fd234074880a4a1d37a15ace4f4
RECIEVED 1554057574 TRANSACTION 81 92 194
UPDATE 1554057574 TRANSACTION 000bee8451af7006312d4f157a88ccdb
RECIEVED 1554057575 HB 3 92 195
SEND 1554057575 INTRODUCE 35 62091
SEND 1554057575 INTRODUCE 35 25325
SEND 1554057575 INTRODUCE 36 37308
SEND 1554057575 INTRODUCE 35 31780
RECIEVED 1554057575 TRANSACTION 81 92 195
UPDATE 1554057575 TRANSACTION 6f46314d8ce7dfb1fe7c7cc3094fc6a5
SEND 1554057575 TRANSACTION 81 15918 6f46314d8ce7dfb1fe7c7cc3094fc6a5
RECIEVED 1554057575 TRANSACTION 81 92 196
RECIEVED 1554057576 TRANSACTION 81 92 196
UPDATE 1554057576 TRANSACTION 3d74b4867ad7beaea8bfaee42e276450
SEND 1554057576 TRANSACTION 81 15273 3d74b4867ad7beaea8bfaee42e276450
SEND 1554057576 TRANSACTION 81 16776 3d74b4867ad7beaea8bfaee42e276450
RECIEVED 1554057576 TRANSACTION 79 92 197
UPDATE 1554057576 TRANSACTION 2ab04a980758c44938c1d6b59ffbd075
SEND 1554057576 TRANSACTION 79 25853 2ab04a980758c44938c1d6b59ffbd075
SEND 1554057576 TRANSACTION 79 23274 2ab04a980758c44938c1d6b59ffbd075
RECIEVED 1554057577 TRANSACTION 81 92 198
UPDATE 1554057577 TRANSACTION 41102a2bcc8c998bcf83749b910754f9
SEND 1554057577 TRANSACTION 81 35559 41102a2bcc8c998bcf83749b910754f9
SEND 1554057577 TRANSACTION 81 27142 41102a2bcc8c998bcf83749b910754f9
RECIEVED 1554057577 TRANSACTION 81 92 199
RECIEVED 1554057577 TRANSACTION 81 92 199
UPDATE 1554057577 TRANSACTION c15e1d8b023ff53d2e8178fc9a1230bc
SEND 1554057577 TRANSACTION 81 16239 c15e1d8b023ff53d2e8178fc9a1230bc
RECIEVED 1554057577 TRANSACTION 83 92 200
UPDATE 1554057577 TRANSACTION 41293cb8d3b544ced29457030b81be0e
SEND 1554057577 TRANSACTION 83 40749 41293cb8d3b544ced29457030b81be0e
SEND 1554057577 TRANSACTION 83 28169 41293cb8d3b544ced29457030b81be0e
SEND 1554057577 TRANSACTION 83 26767 41293cb8d3b544ced29457030b81be0e
RECIEVED 1554057577 TRANSACTION 83 92 201
RECIEVED 1554057577 TRANSACTION 81 92 201
UPDATE 1554057577 TRANSACTION 1e47ec481efd6ab648737a0a2fffd587
SEND 1554057577 TRANSACTION 81 15708 1e47ec481efd6ab648737a0a2fffd587
SEND 1554057577 TRANSACTION 81 27741 1e47ec481efd6ab648737a0a2fffd587
SEND 1554057577 TRANSACTION 81 17195 1e47ec481efd6ab648737a0a2fffd587
RECIEVED 1554057577 TRANSACTION 81 92 202
RECIEVED 1554057577 TRANSACTION 81 92 202
UPDATE 1554057577 TRANSACTION d1c186d463ca2c6daa72fd6c378d1579
SEND 1554057577 TRANSACTION 81 16385 d1c186d463ca2c6daa72fd6c378d1579
RECIEVED 1554057577 TRANSACTION 81 92 203
UPDATE 1554057577 TRANSACTION eca4945c95d245e0b5d989804cfbea9c
RECIEVED 1554057577 TRANSACTION 81 92 204
RECIEVED 1554057577 TRANSACTION 80 92 204
UPDATE 1554057577 TRANSACTION 103d8d46f94d5bb130a6952b730777fb
SEND 1554057577 TRANSACTION 80 17573 103d8d46f94d5bb130a6952b730777fb
SEND 1554057577 TRANSACTION 80 16771 103d8d46f94d5bb130a6952b730777fb
RECIEVED 1554057578 TRANSACTION 81 92 205
UPDATE 1554057578 TRANSACTION 251d5ae14d5f4f4dca0da2243f85cfa0
SEND 1554057578 TRANSACTION 81 15684 251d5ae14d5f4f4dca0da2243f85cfa0
SEND 1554057578 TRANSACTION 81 17569 251d5ae14d5f4f4dca0da2243f85cfa0
RECIEVED 1554057578 TRANSACTION 81 92 206
UPDATE 1554057578 TRANSACTION 468b55e12ae98197a52cb11ef6403914
SEND 1554057578 TRANSACTION 81 43373 468b55e12ae98197a52cb11ef6403914
RECIEVED 1554057578 TRANSACTION 81 92 207
RECIEVED 1554057578 TRANSACTION 79 92 207
UPDATE 1554057578 TRANSACTION d6f99b13978907b8a2174d27054b4748
SEND 1554057578 TRANSACTION 79 12569 d6f99b13978907b8a2174d27054b4748
RECIEVED 1554057578 INTRODUCE 37 92 208
RECIEVED 1554057578 INTRODUCE 35 93 208
RECIEVED 1554057578 INTRODUCE 36 93 208
RECIEVED 1554057579 INTRODUCE 36 93 208
RECIEVED 1554057579 TRANSACTION 81 93 208
UPDATE 1554057579 TRANSACTION ad2158ede222756d9fd2878b43f78546
SEND 1554057579 TRANSACTION 81 15340 ad2158ede222756d9fd2878b43f78546
RECIEVED 1554057579 TRANSACTION 81 93 209
UPDATE 1554057579 TRANSACTION c8d09ec81dfe92c53b4e0f3f769a76c3
SEND 1554057579 TRANSACTION 81 21210 c8d09ec81dfe92c53b4e0f3f769a76c3
RECIEVED 1554057579 TRANSACTION 81 93 210
RECIEVED 1554057579 TRANSACTION 80 93 210
UPDATE 1554057579 TRANSACTION f78a15b5b964d7a633c33a69c2d44c6a
SEND 1554057579 TRANSACTION 80 16007 f78a15b5b964d7a633c33a69c2d44c6a
SEND 1554057579 TRANSACTION 80 17841 f78a15b5b964d7a633c33a69c2d44c6a
RECIEVED 1554057579 TRANSACTION 81 93 211
UPDATE 1554057579 TRANSACTION 53064895891aea1c8a499befa3729bb4
SEND 1554057579 TRANSACTION 81 21589 53064895891aea1c8a499befa3729bb4
RECIEVED 1554057579 TRANSACTION 81 93 212
RECIEVED 1554057579 TRANSACTION 81 93 212
UPDATE 1554057579 TRANSACTION 979dcb151565c3af63180c6828a2542b
SEND 1554057579 TRANSACTION 81 15112 979dcb151565c3af63180c6828a2542b
RECIEVED 1554057579 TRANSACTION 81 93 213
UPDATE 1554057579 TRANSACTION 2b423693219c40764ab0543928ddd8c7
SEND 1554057579 TRANSACTION 81 16381 2b423693219c40764ab0543928ddd8c7
RECIEVED 1554057579 TRANSACTION 81 93 214
RECIEVED 1554057579 TRANSACTION 81 93 214
UPDATE 1554057579 TRANSACTION f78f9554a40c86e5f231a4483e7d15ff
SEND 1554057579 TRANSACTION 81 18244 f78f9554a40c86e5f231a4483e7d15ff
RECIEVED 1554057580 TRANSACTION 80 93 215
UPDATE 1554057580 TRANSACTION 9a71995e4da72661efadb822fbb6fb80
SEND 1554057580 TRANSACTION 80 17320 9a71995e4da72661efadb822fbb6fb80
RECIEVED 1554057580 TRANSACTION 81 93 216
UPDATE 1554057580 TRANSACTION e2a0cc1d3291d6b45637036d3953dc00
SEND 1554057580 TRANSACTION 81 79264 e2a0cc1d3291d6b45637036d3953dc00
RECIEVED 1554057580 TRANSACTION 80 93 217
UPDATE 1554057580 TRANSACTION 9c11a3dbd0ae391c23f40dab908d2176
SEND 1554057580 TRANSACTION 80 18592 9c11a3dbd0ae391c23f40dab908d2176
RECIEVED 1554057580 TRANSACTION 80 93 218
RECIEVED 1554057580 TRANSACTION 81 93 218
UPDATE 1554057580 TRANSACTION b89ae5064c506417e64562af63efbe8d
SEND 1554057580 TRANSACTION 81 28531 b89ae5064c506417e64562af63efbe8d
SEND 1554057580 TRANSACTION 81 32724 b89ae5064c506417e64562af63efbe8d
SEND 1554057580 TRANSACTION 81 26629 b89ae5064c506417e64562af63efbe8d
RECIEVED 1554057580 TRANSACTION 81 93 219
RECIEVED 1554057580 TRANSACTION 81 93 219
RECIEVED 1554057580 TRANSACTION 81 93 219
UPDATE 1554057580 TRANSACTION 3496e2f4bba3590056d88442388c3788
SEND 1554057580 TRANSACTION 81 15628 3496e2f4bba3590056d88442388c3788
SEND 1554057580 TRANSACTION 81 29654 3496e2f4bba3590056d88442388c3788
RECIEVED 1554057580 TRANSACTION 81 93 220
RECIEVED 1554057580 TRANSACTION 81 93 220
RECIEVED 1554057581 TRANSACTION 80 93 220
UPDATE 1554057581 TRANSACTION 8a1d6844856499146f4333dbe358b71e
SEND 1554057581 TRANSACTION 80 32209 8a1d6844856499146f4333dbe358b71e
RECIEVED 1554057581 TRANSACTION 81 93 221
UPDATE 1554057581 TRANSACTION 715ead72f7e3ca8985d30af45661be5e
SEND 1554057581 TRANSACTION 81 26107 715ead72f7e3ca8985d30af45661be5e
RECIEVED 1554057581 TRANSACTION 81 93 222
UPDATE 1554057581 TRANSACTION 8c5b0f844a4451662bd8484afd1dbee4
SEND 1554057581 TRANSACTION 81 22876 8c5b0f844a4451662bd8484afd1dbee4
SEND 1554057581 TRANSACTION 81 15765 8c5b0f844a4451662bd8484afd1dbee4
RECIEVED 1554057581 TRANSACTION 81 93 223
UPDATE 1554057581 TRANSACTION c98ab91b020e0c80d980f355bf3ccaac
SEND 1554057581 TRANSACTION 81 22947 c98ab91b020e0c80d980f355bf3ccaac
RECIEVED 1554057581 TRANSACTION 81 93 224
UPDATE 1554057581 TRANSACTION 5327fae743352ca364bb2c68114e820a
RECIEVED 1554057582 TRANSACTION 81 93 225
UPDATE 1554057582 TRANSACTION 4564e4725687a269348842ac41e84b3b
SEND 1554057582 TRANSACTION 81 16396 4564e4725687a269348842ac41e84b3b
RECIEVED 1554057582 TRANSACTION 81 93 226
RECIEVED 1554057582 TRANSACTION 80 93 226
UPDATE 1554057582 TRANSACTION bc1b5d139bfdcd6d05e2a824731ce7c1
RECIEVED 1554057582 TRANSACTION 81 93 227
UPDATE 1554057582 TRANSACTION f31e9cca762af2c08f786f28171d44f3
SEND 1554057582 TRANSACTION 81 19321 f31e9cca762af2c08f786f28171d44f3
RECIEVED 1554057582 TRANSACTION 81 93 228
RECIEVED 1554057582 TRANSACTION 81 93 228
RECIEVED 1554057582 TRANSACTION 81 93 228
RECIEVED 1554057582 TRANSACTION 81 93 228
UPDATE 1554057582 TRANSACTION 91b8234d57e226ccfa420746ea121620
SEND 1554057582 TRANSACTION 81 17908 91b8234d57e226ccfa420746ea121620
RECIEVED 1554057582 TRANSACTION 81 93 229
RECIEVED 1554057582 TRANSACTION 81 93 229
UPDATE 1554057582 TRANSACTION 01544d37462f7fdc320c406b4eff5a92
SEND 1554057582 TRANSACTION 81 21993 01544d37462f7fdc320c406b4eff5a92
SEND 1554057582 TRANSACTION 81 22218 01544d37462f7fdc320c406b4eff5a92
RECIEVED 1554057583 TRANSACTION 79 93 230
UPDATE 1554057583 TRANSACTION 4c8ec6172082ea3ca5ab3e300c15b35d
SEND 1554057583 TRANSACTION 79 25396 4c8ec6172082ea3ca5ab3e300c15b35d
RECIEVED 1554057583 TRANSACTION 79 93 231
RECIEVED 1554057583 TRANSACTION 80 93 231
UPDATE 1554057583 TRANSACTION bdd188369bda8c27ef76b0cb14902384
SEND 1554057583 TRANSACTION 80 19908 bdd188369bda8c27ef76b0cb14902384
SEND 1554057583 TRANSACTION 80 22417 bdd188369bda8c27ef76b0cb14902384
RECIEVED 1554057583 TRANSACTION 80 93 232
RECIEVED 1554057583 TRANSACTION 81 93 232
UPDATE 1554057583 TRANSACTION a98c4d5c56e475630fb07265cc9678f2
SEND 1554057583 TRANSACTION 81 25336 a98c4d5c56e475630fb07265cc9678f2
SEND 1554057583 TRANSACTION 81 26957 a98c4d5c56e475630fb07265cc9678f2
SEND 1554057583 TRANSACTION 81 16766 a98c4d5c56e475630fb07265cc9678f2
RECIEVED 1554057583 TRANSACTION 81 93 233
RECIEVED 1554057583 TRANSACTION 81 93 233
UPDATE 1554057583 TRANSACTION 5fc3292f943730f81838e54b7a7bed02
SEND 1554057583 TRANSACTION 81 15069 5fc3292f943730f81838e54b7a7bed02
SEND 1554057583 TRANSACTION 81 16101 5fc3292f943730f81838e54b7a7bed02
SEND 1554057583 TRANSACTION 81 15335 5fc3292f943730f81838e54b7a7bed02
RECIEVED 1554057583 TRANSACTION 81 93 234
RECIEVED 1554057583 TRANSACTION 81 93 234
UPDATE 1554057583 TRANSACTION 8714672c197248f15575d4f155abd6e7
SEND 1554057583 TRANSACTION 81 15895 8714672c197248f15575d4f155abd6e7
SEND 1554057583 TRANSACTION 81 22568 8714672c197248f15575d4f155abd6e7
SEND 1554057583 TRANSACTION 81 29003 8714672c197248f15575d4f155abd6e7
SEND 1554057583 TRANSACTION 81 27004 8714672c197248f15575d4f155abd6e7
RECIEVED 1554057583 TRANSACTION 80 93 235
UPDATE 1554057583 TRANSACTION b71621bdd8f910cec15ae822815d7ca7
SEND 1554057583 TRANSACTION 80 41860 b71621bdd8f910cec15ae822815d7ca7
SEND 1554057583 TRANSACTION 80 22047 b71621bdd8f910cec15ae822815d7ca7
RECIEVED 1554057583 TRANSACTION 81 93 236
UPDATE 1554057583 TRANSACTION 1d2fa436572297d4fb95c240d00c17e2
SEND 1554057583 TRANSACTION 81 24936 1d2fa436572297d4fb95c240d00c17e2
RECIEVED 1554057583 TRANSACTION 81 93 237
RECIEVED 1554057583 TRANSACTION 81 93 237
RECIEVED 1554057584 TRANSACTION 81 93 237
UPDATE 1554057584 TRANSACTION fe0b435f3ae2574716050ad9a4e2b2c6
SEND 1554057584 TRANSACTION 81 26617 fe0b435f3ae2574716050ad9a4e2b2c6
SEND 1554057584 TRANSACTION 81 26665 fe0b435f3ae2574716050ad9a4e2b2c6
RECIEVED 1554057584 TRANSACTION 81 93 238
UPDATE 1554057584 TRANSACTION a97e1ea198a8aee4ade9358a7d7759b4
SEND 1554057584 TRANSACTION 81 13191 a97e1ea198a8aee4ade9358a7d7759b4
RECIEVED 1554057584 TRANSACTION 81 93 239
UPDATE 1554057584 TRANSACTION 1c42550a5c82d788c3df6cfea742e58b
SEND 1554057584 TRANSACTION 81 18509 1c42550a5c82d788c3df6cfea742e58b
RECIEVED 1554057584 TRANSACTION 81 93 240
UPDATE 1554057584 TRANSACTION 2a8f6b3d9b23336259057f5b9c4e48e2
SEND 1554057584 TRANSACTION 81 36768 2a8f6b3d9b23336259057f5b9c4e48e2
RECIEVED 1554057584 TRANSACTION 81 93 241
UPDATE 1554057584 TRANSACTION aabd1fd27e3373e1323f51f5b963d1b8
SEND 1554057584 TRANSACTION 81 14388 aabd1fd27e3373e1323f51f5b963d1b8
RECIEVED 1554057584 TRANSACTION 81 93 242
UPDATE 1554057584 TRANSACTION c12b9620a8199b23936246b1ddbab7b1
RECIEVED 1554057584 TRANSACTION 81 93 243
RECIEVED 1554057584 TRANSACTION 81 93 243
UPDATE 1554057584 TRANSACTION 85ceb40514da0dc2fa30c9f5b630f091
SEND 1554057584 TRANSACTION 81 17081 85ceb40514da0dc2fa30c9f5b630f091
SEND 1554057584 TRANSACTION 81 35235 85ceb40514da0dc2fa30c9f5b630f091
RECIEVED 1554057584 TRANSACTION 81 93 244
UPDATE 1554057584 TRANSACTION 9f447c2b128535b49be49945524d860c
SEND 1554057584 TRANSACTION 81 19790 9f447c2b128535b49be49945524d860c
RECIEVED 1554057584 TRANSACTION 81 93 245
RECIEVED 1554057585 TRANSACTION 80 93 245
UPDATE 1554057585 TRANSACTION 58e3f01d1775405874be8132a33e3c0d
SEND 1554057585 TRANSACTION 80 17369 58e3f01d1775405874be8132a33e3c0d
SEND 1554057585 TRANSACTION 80 26653 58e3f01d1775405874be8132a33e3c0d
RECIEVED 1554057585 HB 3 93 246
RECIEVED 1554057585 TRANSACTION 81 93 246
UPDATE 1554057585 TRANSACTION cb698cd8fe08ee4033c270883466fd83
SEND 1554057585 TRANSACTION 81 20064 cb698cd8fe08ee4033c270883466fd83
SEND 1554057585 TRANSACTION 81 14963 cb698cd8fe08ee4033c270883466fd83
RECIEVED 1554057585 TRANSACTION 81 93 247
RECIEVED 1554057585 TRANSACTION 81 93 247
RECIEVED 1554057585 TRANSACTION 81 93 247
UPDATE 1554057585 TRANSACTION 2c9c0868160e9ca5a471999735aca4f9
SEND 1554057585 TRANSACTION 81 14811 2c9c0868160e9ca5a471999735aca4f9
SEND 1554057585 TRANSACTION 81 18173 2c9c0868160e9ca5a471999735aca4f9
RECIEVED 1554057585 TRANSACTION 81 93 248
RECIEVED 1554057585 TRANSACTION 80 93 248
UPDATE 1554057585 TRANSACTION 12375af94f360410a15c6940d607c05a
SEND 1554057585 TRANSACTION 80 16939 12375af94f360410a15c6940d607c05a
SEND 1554057585 TRANSACTION 80 24256 12375af94f360410a15c6940d607c05a
SEND 1554057585 TRANSACTION 80 21625 12375af94f360410a15c6940d607c05a
SEND 1554057585 TRANSACTION 80 21698 12375af94f360410a15c6940d607c05a
RECIEVED 1554057585 TRANSACTION 80 93 249
RECIEVED 1554057585 TRANSACTION 82 93 249
UPDATE 1554057585 TRANSACTION d1881ece0523afee78f9456923546bea
SEND 1554057585 TRANSACTION 82 19968 d1881ece0523afee78f9456923546bea
SEND 1554057585 TRANSACTION 82 48061 d1881ece0523afee78f9456923546bea
RECIEVED 1554057585 TRANSACTION 81 93 250
UPDATE 1554057585 TRANSACTION 0c2ce769a856448e11f3dcca27c7bbd4
SEND 1554057585 TRANSACTION 81 28105 0c2ce769a856448e11f3dcca27c7bbd4
RECIEVED 1554057585 TRANSACTION 81 93 251
RECIEVED 1554057585 TRANSACTION 82 93 251
RECIEVED 1554057585 TRANSACTION 81 93 251
RECIEVED 1554057585 TRANSACTION 81 93 251
UPDATE 1554057585 TRANSACTION 1452770ecec96d9b213e051eeea3a5d6
SEND 1554057585 TRANSACTION 81 16031 1452770ecec96d9b213e051eeea3a5d6
SEND 1554057585 TRANSACTION 81 16619 1452770ecec96d9b213e051eeea3a5d6
RECIEVED 1554057585 TRANSACTION 81 93 252
RECIEVED 1554057585 TRANSACTION 81 93 252
RECIEVED 1554057585 TRANSACTION 81 93 252
UPDATE 1554057585 TRANSACTION a39e66a43976af4a4ba2ba93aba05bed
SEND 1554057585 TRANSACTION 81 23476 a39e66a43976af4a4ba2ba93aba05bed
SEND 1554057585 TRANSACTION 81 27314 a39e66a43976af4a4ba2ba93aba05bed
RECIEVED 1554057586 TRANSACTION 81 93 253
UPDATE 1554057586 TRANSACTION 501ca85cafe71222ecb29f97ca7b587f
SEND 1554057586 TRANSACTION 81 21387 501ca85cafe71222ecb29f97ca7b587f
SEND 1554057586 TRANSACTION 81 26538 501ca85cafe71222ecb29f97ca7b587f
RECIEVED 1554057586 TRANSACTION 81 93 254
RECIEVED 1554057586 TRANSACTION 81 93 254
UPDATE 1554057586 TRANSACTION bcf37f8ee6f996c90571eb7f87d599b1
SEND 1554057586 TRANSACTION 81 14581 bcf37f8ee6f996c90571eb7f87d599b1
RECIEVED 1554057586 TRANSACTION 81 93 255
RECIEVED 1554057586 TRANSACTION 81 93 255
UPDATE 1554057586 TRANSACTION 1d0aa53e0299bf93550f12f6bfce1dee
SEND 1554057586 TRANSACTION 81 23447 1d0aa53e0299bf93550f12f6bfce1dee
RECIEVED 1554057586 TRANSACTION 81 93 256
UPDATE 1554057586 TRANSACTION d88fd173d456753c67355f51372adbea
SEND 1554057586 TRANSACTION 81 20165 d88fd173d456753c67355f51372adbea
RECIEVED 1554057587 TRANSACTION 81 93 257
UPDATE 1554057587 TRANSACTION 984a828274a6b2773b76edb76f29eabd
SEND 1554057587 TRANSACTION 81 12398 984a828274a6b2773b76edb76f29eabd
SEND 1554057587 TRANSACTION 81 20308 984a828274a6b2773b76edb76f29eabd
RECIEVED 1554057587 TRANSACTION 81 93 258
RECIEVED 1554057587 TRANSACTION 81 93 258
UPDATE 1554057587 TRANSACTION a92b81877dc57a24e1e6df7b9f13b9d8
SEND 1554057587 TRANSACTION 81 21802 a92b81877dc57a24e1e6df7b9f13b9d8
RECIEVED 1554057587 TRANSACTION 81 93 259
UPDATE 1554057587 TRANSACTION 52dff4d067cd47fb976f800270126ba1
RECIEVED 1554057587 TRANSACTION 81 93 260
RECIEVED 1554057587 TRANSACTION 81 93 260
RECIEVED 1554057587 TRANSACTION 81 93 260
UPDATE 1554057587 TRANSACTION 1dba4231fe1f26bab7d98938cc625a5f
SEND 1554057587 TRANSACTION 81 20353 1dba4231fe1f26bab7d98938cc625a5f
RECIEVED 1554057587 TRANSACTION 81 93 261
RECIEVED 1554057587 TRANSACTION 81 93 261
UPDATE 1554057587 TRANSACTION b2585fea980ca14a353513ad9fdb5b01
SEND 1554057587 TRANSACTION 81 17468 b2585fea980ca14a353513ad9fdb5b01
SEND 1554057587 TRANSACTION 81 27264 b2585fea980ca14a353513ad9fdb5b01
RECIEVED 1554057588 TRANSACTION 81 93 262
RECIEVED 1554057588 TRANSACTION 81 93 262
UPDATE 1554057588 TRANSACTION 71117f4310e658d8dede9ca2c56dca1a
SEND 1554057588 TRANSACTION 81 15650 71117f4310e658d8dede9ca2c56dca1a
SEND 1554057588 TRANSACTION 81 15879 71117f4310e658d8dede9ca2c56dca1a
RECIEVED 1554057588 TRANSACTION 81 93 263
RECIEVED 1554057588 TRANSACTION 80 93 263
UPDATE 1554057588 TRANSACTION 23aaf34bbfbde358b18eae7dbbaa08e4
SEND 1554057588 TRANSACTION 80 20297 23aaf34bbfbde358b18eae7dbbaa08e4
RECIEVED 1554057588 TRANSACTION 80 93 264
UPDATE 1554057588 TRANSACTION e6678f5a21186f81d571b13bb03a745a
RECIEVED 1554057588 TRANSACTION 81 93 265
UPDATE 1554057588 TRANSACTION 7718bbdb75ee3163cbd2e08afa8bdc47
SEND 1554057588 TRANSACTION 81 23372 7718bbdb75ee3163cbd2e08afa8bdc47
SEND 1554057588 TRANSACTION 81 19617 7718bbdb75ee3163cbd2e08afa8bdc47
RECIEVED 1554057588 TRANSACTION 81 93 266
UPDATE 1554057588 TRANSACTION 98989e0ce5b7895b475f4275b9c95434
SEND 1554057588 TRANSACTION 81 14765 98989e0ce5b7895b475f4275b9c95434
RECIEVED 1554057588 TRANSACTION 81 93 267
RECIEVED 1554057588 TRANSACTION 81 93 267
UPDATE 1554057588 TRANSACTION fff274e4c0d3b2093da465ca0bc28576
SEND 1554057588 TRANSACTION 81 23426 fff274e4c0d3b2093da465ca0bc28576
RECIEVED 1554057588 TRANSACTION 81 93 268
RECIEVED 1554057588 TRANSACTION 81 93 268
RECIEVED 1554057588 TRANSACTION 81 93 268
UPDATE 1554057588 TRANSACTION 4f11ca0a42d1dbd5f1ecf61e178ab711
SEND 1554057588 TRANSACTION 81 13739 4f11ca0a42d1dbd5f1ecf61e178ab711
SEND 1554057588 TRANSACTION 81 15484 4f11ca0a42d1dbd5f1ecf61e178ab711
RECIEVED 1554057588 TRANSACTION 82 93 269
UPDATE 1554057588 TRANSACTION 124d7445f3ead7e21d76014900993467
SEND 1554057588 TRANSACTION 82 16279 124d7445f3ead7e21d76014900993467
SEND 1554057588 TRANSACTION 82 25506 124d7445f3ead7e21d76014900993467
SEND 1554057588 TRANSACTION 82 33215 124d7445f3ead7e21d76014900993467
RECIEVED 1554057589 TRANSACTION 81 93 270
UPDATE 1554057589 TRANSACTION 2886842794421ac9b342aedf34dad0bc
RECIEVED 1554057589 TRANSACTION 82 93 271
UPDATE 1554057589 TRANSACTION 8bc1c657d70b2e1c59a593e419a3c620
RECIEVED 1554057589 TRANSACTION 81 93 272
UPDATE 1554057589 TRANSACTION d3e23adecf49ca81fd1d0c45b65824d1
RECIEVED 1554057589 TRANSACTION 80 93 273
UPDATE 1554057589 TRANSACTION bdc67bb44c833cd972ac4e4ae1e5cd89
SEND 1554057589 TRANSACTION 80 15402 bdc67bb44c833cd972ac4e4ae1e5cd89
RECIEVED 1554057589 TRANSACTION 80 93 274
RECIEVED 1554057589 TRANSACTION 81 93 274
RECIEVED 1554057589 TRANSACTION 80 93 274
UPDATE 1554057589 TRANSACTION 149e01c10dd963a2727f6b6385625c9b
SEND 1554057589 TRANSACTION 80 23048 149e01c10dd963a2727f6b6385625c9b
RECIEVED 1554057589 TRANSACTION 80 93 275
RECIEVED 1554057589 TRANSACTION 81 93 275
UPDATE 1554057589 TRANSACTION 941c359bb637353a8d44651e83d201b8
SEND 1554057589 TRANSACTION 81 15126 941c359bb637353a8d44651e83d201b8
SEND 1554057589 TRANSACTION 81 15538 941c359bb637353a8d44651e83d201b8
SEND 1554057589 TRANSACTION 81 20654 941c359bb637353a8d44651e83d201b8
RECIEVED 1554057589 TRANSACTION 81 93 276
UPDATE 1554057589 TRANSACTION f980f2f5956dfeff764fda6643336576
SEND 1554057589 TRANSACTION 81 16265 f980f2f5956dfeff764fda6643336576
RECIEVED 1554057590 TRANSACTION 80 93 277
UPDATE 1554057590 TRANSACTION c85363a69b66e75da369707deddae3df
RECIEVED 1554057590 TRANSACTION 81 93 278
UPDATE 1554057590 TRANSACTION 74779f9a763fa20cb49987f446a215ed
SEND 1554057590 TRANSACTION 81 25586 74779f9a763fa20cb49987f446a215ed
SEND 1554057590 TRANSACTION 81 14707 74779f9a763fa20cb49987f446a215ed
RECIEVED 1554057590 TRANSACTION 81 93 279
UPDATE 1554057590 TRANSACTION f8b5b837b508bd27f64b59908e615dfc
SEND 1554057590 TRANSACTION 81 19877 f8b5b837b508bd27f64b59908e615dfc
SEND 1554057590 TRANSACTION 81 15279 f8b5b837b508bd27f64b59908e615dfc
RECIEVED 1554057590 TRANSACTION 81 93 280
RECIEVED 1554057591 TRANSACTION 80 93 280
UPDATE 1554057591 TRANSACTION dd4c3877c253d56764a10c674ff6c588
RECIEVED 1554057591 TRANSACTION 81 93 281
UPDATE 1554057591 TRANSACTION 3657d8d3bcfda197f0a786572c253aee
SEND 1554057591 TRANSACTION 81 15315 3657d8d3bcfda197f0a786572c253aee
SEND 1554057591 TRANSACTION 81 16496 3657d8d3bcfda197f0a786572c253aee
RECIEVED 1554057591 TRANSACTION 81 93 282
UPDATE 1554057591 TRANSACTION bd510698c5c623d83415e6e813429400
SEND 1554057591 TRANSACTION 81 14689 bd510698c5c623d83415e6e813429400
SEND 1554057591 TRANSACTION 81 22378 bd510698c5c623d83415e6e813429400
RECIEVED 1554057591 TRANSACTION 81 93 283
RECIEVED 1554057591 TRANSACTION 82 93 283
UPDATE 1554057591 TRANSACTION 5501410ad725f48ecd3615a217f996c7
SEND 1554057591 TRANSACTION 82 15466 5501410ad725f48ecd3615a217f996c7
RECIEVED 1554057591 TRANSACTION 81 93 284
UPDATE 1554057591 TRANSACTION 56ec28f9325f6119e7c0a1f7a3a6acff
SEND 1554057591 TRANSACTION 81 17211 56ec28f9325f6119e7c0a1f7a3a6acff
RECIEVED 1554057591 TRANSACTION 81 93 285
RECIEVED 1554057591 TRANSACTION 81 93 285
UPDATE 1554057591 TRANSACTION 5c6741974457f329eb298da1bbc07718
SEND 1554057591 TRANSACTION 81 15583 5c6741974457f329eb298da1bbc07718
SEND 1554057591 TRANSACTION 81 16301 5c6741974457f329eb298da1bbc07718
RECIEVED 1554057591 TRANSACTION 81 93 286
UPDATE 1554057591 TRANSACTION 3fdc734cc47674fb004d0686d91613e9
SEND 1554057591 TRANSACTION 81 22035 3fdc734cc47674fb004d0686d91613e9
SEND 1554057591 TRANSACTION 81 22235 3fdc734cc47674fb004d0686d91613e9
SEND 1554057591 TRANSACTION 81 21170 3fdc734cc47674fb004d0686d91613e9
RECIEVED 1554057591 TRANSACTION 81 93 287
RECIEVED 1554057591 TRANSACTION 81 93 287
RECIEVED 1554057591 TRANSACTION 81 93 287
RECIEVED 1554057592 TRANSACTION 81 93 287
UPDATE 1554057592 TRANSACTION e54535220e7483680afeea63d69107b0
SEND 1554057592 TRANSACTION 81 25233 e54535220e7483680afeea63d69107b0
RECIEVED 1554057592 TRANSACTION 81 93 288
RECIEVED 1554057592 TRANSACTION 81 93 288
UPDATE 1554057592 TRANSACTION d76f05495ae825975288e3798e321ee1
SEND 1554057592 TRANSACTION 81 15641 d76f05495ae825975288e3798e321ee1
SEND 1554057592 TRANSACTION 81 14361 d76f05495ae825975288e3798e321ee1
RECIEVED 1554057592 TRANSACTION 81 93 289
UPDATE 1554057592 TRANSACTION 875dc23395978801355fc3d333a896f2
SEND 1554057592 TRANSACTION 81 14741 875dc23395978801355fc3d333a896f2
RECIEVED 1554057597 HB 3 93 290
RECIEVED 1554057606 HB 3 93 290
SEND 1554057606 INTRODUCE 36 54038
SEND 1554057606 INTRODUCE 35 16840
SEND 1554057606 INTRODUCE 35 16871
SEND 1554057606 INTRODUCE 37 15339
SEND 1554057606 INTRODUCE 36 16745
SEND 1554057606 INTRODUCE 35 15696
SEND 1554057606 INTRODUCE 35 16015
SEND 1554057606 INTRODUCE 37 27578
SEND 1554057606 INTRODUCE 36 17778
SEND 1554057606 INTRODUCE 35 15562
SEND 1554057606 INTRODUCE 35 15676
SEND 1554057606 INTRODUCE 37 15480
RECIEVED 1554057612 TRANSACTION 80 93 290
UPDATE 1554057612 TRANSACTION 8074df5b1b524a9e82322ade8678670f
SEND 1554057612 TRANSACTION 80 47935 8074df5b1b524a9e82322ade8678670f
SEND 1554057612 TRANSACTION 80 19004 8074df5b1b524a9e82322ade8678670f
RECIEVED 1554057618 HB 3 93 291
RECIEVED 1554057625 INTRODUCE 37 93 291
RECIEVED 1554057625 INTRODUCE 36 93 291
RECIEVED 1554057625 INTRODUCE 36 93 291
RECIEVED 1554057625 INTRODUCE 36 93 291
