RECIEVED 1553584994 INTRODUCE 35 0 0
SEND 1553584994 JOIN 31 21194
RECIEVED 1553584994 INTRODUCE 36 1 0
SEND 1553584994 INTRODUCE 36 17986
SEND 1553584994 JOIN 31 15801
RECIEVED 1553584994 INTRODUCE 35 2 0
SEND 1553584994 INTRODUCE 35 17560
SEND 1553584994 INTRODUCE 35 21535
SEND 1553584994 JOIN 31 57021
RECIEVED 1553584994 INTRODUCE 35 3 0
SEND 1553584994 INTRODUCE 35 14976
SEND 1553584994 INTRODUCE 35 26683
SEND 1553584995 INTRODUCE 35 19417
SEND 1553584995 JOIN 31 22340
RECIEVED 1553584995 INTRODUCE 36 4 0
SEND 1553584995 INTRODUCE 36 14749
SEND 1553584995 INTRODUCE 36 58188
SEND 1553584995 INTRODUCE 36 23574
SEND 1553584995 INTRODUCE 36 21186
SEND 1553584995 JOIN 31 16655
RECIEVED 1553584995 INTRODUCE 35 5 0
SEND 1553584995 INTRODUCE 35 15389
SEND 1553584995 INTRODUCE 35 16148
SEND 1553584995 INTRODUCE 35 30683
SEND 1553584995 INTRODUCE 35 15731
SEND 1553584995 INTRODUCE 35 14789
SEND 1553584995 JOIN 31 16553
RECIEVED 1553584995 INTRODUCE 35 6 0
SEND 1553584995 INTRODUCE 35 25846
SEND 1553584995 INTRODUCE 35 24862
SEND 1553584995 INTRODUCE 35 19903
SEND 1553584995 INTRODUCE 35 20696
SEND 1553584995 INTRODUCE 35 15458
SEND 1553584995 INTRODUCE 35 15864
SEND 1553584995 JOIN 31 20349
RECIEVED 1553584995 INTRODUCE 36 7 0
SEND 1553584995 INTRODUCE 36 21322
SEND 1553584995 INTRODUCE 36 21141
SEND 1553584995 INTRODUCE 36 21245
SEND 1553584995 INTRODUCE 36 15161
SEND 1553584995 INTRODUCE 36 16063
SEND 1553584995 INTRODUCE 36 16902
SEND 1553584995 INTRODUCE 36 38644
SEND 1553584995 JOIN 31 42980
RECIEVED 1553584995 INTRODUCE 36 8 0
SEND 1553584995 INTRODUCE 36 18990
SEND 1553584995 INTRODUCE 36 15815
SEND 1553584995 INTRODUCE 36 26480
SEND 1553584995 INTRODUCE 36 20432
SEND 1553584995 INTRODUCE 36 79101
SEND 1553584995 INTRODUCE 36 20320
SEND 1553584995 INTRODUCE 36 16895
SEND 1553584995 INTRODUCE 36 21964
SEND 1553584995 JOIN 31 20527
RECIEVED 1553584995 INTRODUCE 36 9 0
SEND 1553584995 INTRODUCE 36 18342
SEND 1553584995 INTRODUCE 36 27658
SEND 1553584995 INTRODUCE 36 19775
SEND 1553584995 INTRODUCE 36 15928
SEND 1553584995 INTRODUCE 36 15430
SEND 1553584995 INTRODUCE 36 16015
SEND 1553584995 INTRODUCE 36 20639
SEND 1553584995 INTRODUCE 36 17048
SEND 1553584995 INTRODUCE 36 20040
SEND 1553584995 JOIN 31 20875
RECIEVED 1553584995 INTRODUCE 36 10 0
RECIEVED 1553584995 INTRODUCE 35 10 0
RECIEVED 1553584995 INTRODUCE 36 10 0
SEND 1553584995 INTRODUCE 36 16507
SEND 1553584995 INTRODUCE 36 21209
SEND 1553584995 INTRODUCE 36 19815
SEND 1553584995 INTRODUCE 36 20765
SEND 1553584995 INTRODUCE 36 21698
SEND 1553584995 INTRODUCE 36 29623
SEND 1553584995 INTRODUCE 36 24258
SEND 1553584995 INTRODUCE 36 20669
SEND 1553584995 INTRODUCE 36 28901
SEND 1553584995 INTRODUCE 36 20739
SEND 1553584995 JOIN 31 20381
RECIEVED 1553584995 INTRODUCE 37 11 0
SEND 1553584995 INTRODUCE 37 42296
SEND 1553584995 INTRODUCE 37 37526
SEND 1553584995 INTRODUCE 37 21411
SEND 1553584995 INTRODUCE 37 20761
SEND 1553584995 INTRODUCE 37 20962
SEND 1553584995 INTRODUCE 37 21416
SEND 1553584995 INTRODUCE 37 15891
SEND 1553584995 INTRODUCE 37 31101
SEND 1553584995 INTRODUCE 37 20371
SEND 1553584995 INTRODUCE 37 33270
SEND 1553584995 INTRODUCE 37 15202
SEND 1553584995 JOIN 31 60603
RECIEVED 1553584995 INTRODUCE 35 12 0
RECIEVED 1553584995 INTRODUCE 36 12 0
SEND 1553584995 INTRODUCE 36 17118
SEND 1553584995 INTRODUCE 36 31135
SEND 1553584995 INTRODUCE 36 37194
SEND 1553584995 INTRODUCE 36 25443
SEND 1553584995 INTRODUCE 36 23143
SEND 1553584995 INTRODUCE 36 15030
SEND 1553584995 INTRODUCE 36 23063
SEND 1553584995 INTRODUCE 36 30963
SEND 1553584995 INTRODUCE 36 15399
SEND 1553584995 INTRODUCE 36 14480
SEND 1553584995 INTRODUCE 36 23103
SEND 1553584995 INTRODUCE 36 19105
SEND 1553584995 JOIN 31 15272
RECIEVED 1553584995 INTRODUCE 35 13 0
RECIEVED 1553584995 INTRODUCE 36 13 0
SEND 1553584995 INTRODUCE 36 13879
SEND 1553584995 INTRODUCE 36 20911
SEND 1553584995 INTRODUCE 36 26639
SEND 1553584995 INTRODUCE 36 24570
SEND 1553584995 INTRODUCE 36 15842
SEND 1553584995 INTRODUCE 36 19204
SEND 1553584995 INTRODUCE 36 38759
SEND 1553584995 INTRODUCE 36 15267
SEND 1553584995 INTRODUCE 36 16290
SEND 1553584995 INTRODUCE 36 23306
SEND 1553584995 INTRODUCE 36 29895
SEND 1553584995 INTRODUCE 36 35152
SEND 1553584995 INTRODUCE 36 23239
SEND 1553584995 JOIN 31 16110
RECIEVED 1553584995 INTRODUCE 35 14 0
SEND 1553584995 INTRODUCE 35 12896
SEND 1553584995 INTRODUCE 35 30888
SEND 1553584995 INTRODUCE 35 19019
SEND 1553584995 INTRODUCE 35 31369
SEND 1553584995 INTRODUCE 35 22083
SEND 1553584995 INTRODUCE 35 21847
SEND 1553584995 INTRODUCE 35 11955
SEND 1553584995 INTRODUCE 35 27672
SEND 1553584995 INTRODUCE 35 1069811
SEND 1553584995 INTRODUCE 35 16640
SEND 1553584995 INTRODUCE 35 14516
SEND 1553584995 INTRODUCE 35 35987
SEND 1553584995 INTRODUCE 35 46652
SEND 1553584995 INTRODUCE 35 42660
SEND 1553584995 JOIN 31 20252
RECIEVED 1553584995 INTRODUCE 36 15 0
SEND 1553584995 INTRODUCE 36 24650
SEND 1553584995 INTRODUCE 36 23350
SEND 1553584995 INTRODUCE 36 53460
SEND 1553584995 INTRODUCE 36 21801
SEND 1553584995 INTRODUCE 36 36063
SEND 1553584995 INTRODUCE 36 26901
SEND 1553584995 INTRODUCE 36 20148
SEND 1553584995 INTRODUCE 36 19664
SEND 1553584995 INTRODUCE 36 23837
SEND 1553584995 INTRODUCE 36 33659
SEND 1553584995 INTRODUCE 36 30156
SEND 1553584995 INTRODUCE 36 35158
SEND 1553584995 INTRODUCE 36 59792
SEND 1553584995 INTRODUCE 36 28023
SEND 1553584995 INTRODUCE 36 23911
SEND 1553584995 JOIN 31 21544
RECIEVED 1553584995 INTRODUCE 36 16 0
SEND 1553584995 INTRODUCE 36 20627
SEND 1553584995 INTRODUCE 36 42063
SEND 1553584995 INTRODUCE 36 50581
SEND 1553584995 INTRODUCE 36 20026
SEND 1553584995 INTRODUCE 36 19283
SEND 1553584995 INTRODUCE 36 27680
SEND 1553584995 INTRODUCE 36 46068
SEND 1553584995 INTRODUCE 36 19949
SEND 1553584995 INTRODUCE 36 27434
SEND 1553584995 INTRODUCE 36 24189
SEND 1553584995 INTRODUCE 36 41422
SEND 1553584995 INTRODUCE 36 20508
SEND 1553584995 INTRODUCE 36 16244
SEND 1553584995 INTRODUCE 36 28476
SEND 1553584995 INTRODUCE 36 19162
SEND 1553584995 INTRODUCE 36 41353
SEND 1553584995 JOIN 31 36921
RECIEVED 1553584995 INTRODUCE 36 17 0
RECIEVED 1553584995 INTRODUCE 37 17 0
SEND 1553584995 INTRODUCE 37 17597
SEND 1553584995 INTRODUCE 37 20277
SEND 1553584995 INTRODUCE 37 22821
SEND 1553584995 INTRODUCE 37 19401
SEND 1553584995 INTRODUCE 37 22908
SEND 1553584995 INTRODUCE 37 16032
SEND 1553584995 INTRODUCE 37 17056
SEND 1553584995 INTRODUCE 37 51039
SEND 1553584995 INTRODUCE 37 20675
SEND 1553584995 INTRODUCE 37 19682
SEND 1553584995 INTRODUCE 37 20253
SEND 1553584995 INTRODUCE 37 36353
SEND 1553584995 INTRODUCE 37 27392
SEND 1553584995 INTRODUCE 37 18006
SEND 1553584995 INTRODUCE 37 49023
SEND 1553584995 INTRODUCE 37 42605
SEND 1553584995 INTRODUCE 37 38175
SEND 1553584995 JOIN 31 26632
RECIEVED 1553584995 INTRODUCE 35 18 0
RECIEVED 1553584995 INTRODUCE 36 18 0
SEND 1553584995 INTRODUCE 36 15637
SEND 1553584995 INTRODUCE 36 24367
SEND 1553584995 INTRODUCE 36 15554
SEND 1553584995 INTRODUCE 36 31351
# recieved string JOIN node10 172.22.156.206 8010

SEND 1553584995 INTRODUCE 36 15711
SEND 1553584995 INTRODUCE 36 20899
SEND 1553584995 INTRODUCE 36 36998
SEND 1553584995 INTRODUCE 36 23701
SEND 1553584995 INTRODUCE 36 20810
SEND 1553584995 INTRODUCE 36 25122
SEND 1553584995 INTRODUCE 36 28719
SEND 1553584995 INTRODUCE 36 20729
SEND 1553584995 INTRODUCE 36 20885
SEND 1553584995 INTRODUCE 36 20705
SEND 1553584995 INTRODUCE 36 24249
SEND 1553584995 INTRODUCE 36 40229
SEND 1553584995 INTRODUCE 36 21821
SEND 1553584995 INTRODUCE 36 38807
SEND 1553584995 JOIN 31 59262
RECIEVED 1553584995 INTRODUCE 36 19 0
SEND 1553584995 INTRODUCE 36 17790
SEND 1553584995 INTRODUCE 36 15512
SEND 1553584995 INTRODUCE 36 44726
SEND 1553584995 INTRODUCE 36 46610
SEND 1553584995 INTRODUCE 36 20187
SEND 1553584995 INTRODUCE 36 17644
SEND 1553584995 INTRODUCE 36 21837
SEND 1553584995 INTRODUCE 36 50583
SEND 1553584995 INTRODUCE 36 25390
SEND 1553584995 INTRODUCE 36 39056
SEND 1553584995 INTRODUCE 36 15738
SEND 1553584995 INTRODUCE 36 25665
SEND 1553584995 INTRODUCE 36 29407
SEND 1553584995 INTRODUCE 36 20863
SEND 1553584995 INTRODUCE 36 33648
SEND 1553584995 INTRODUCE 36 63810
SEND 1553584995 INTRODUCE 36 25957
SEND 1553584995 INTRODUCE 36 28252
SEND 1553584995 INTRODUCE 36 20660
SEND 1553584995 JOIN 31 21947
RECIEVED 1553584995 INTRODUCE 36 20 0
RECIEVED 1553584995 INTRODUCE 36 20 0
RECIEVED 1553584995 INTRODUCE 35 20 0
RECIEVED 1553584995 INTRODUCE 37 20 0
SEND 1553584995 INTRODUCE 37 21545
SEND 1553584995 INTRODUCE 37 15203
SEND 1553584995 INTRODUCE 37 15983
SEND 1553584995 INTRODUCE 37 23174
SEND 1553584995 INTRODUCE 37 15587
SEND 1553584995 INTRODUCE 37 34701
SEND 1553584995 INTRODUCE 37 28838
SEND 1553584995 INTRODUCE 37 24126
SEND 1553584995 INTRODUCE 37 964300
SEND 1553584995 INTRODUCE 37 16735
SEND 1553584995 INTRODUCE 37 21635
SEND 1553584995 INTRODUCE 37 38561
SEND 1553584995 INTRODUCE 37 45043
SEND 1553584995 INTRODUCE 37 60949
SEND 1553584995 INTRODUCE 37 21796
SEND 1553584995 INTRODUCE 37 20303
SEND 1553584995 INTRODUCE 37 22028
SEND 1553584995 INTRODUCE 37 21944
SEND 1553584995 INTRODUCE 37 16163
SEND 1553584995 INTRODUCE 37 503990
SEND 1553584995 JOIN 31 15918
RECIEVED 1553584995 INTRODUCE 36 21 0
SEND 1553584995 INTRODUCE 36 15589
SEND 1553584995 INTRODUCE 36 41929
SEND 1553584995 INTRODUCE 36 25782
SEND 1553584995 INTRODUCE 36 20319
SEND 1553584995 INTRODUCE 36 29917
SEND 1553584995 INTRODUCE 36 13924
# recieved string JOIN node4 172.22.156.208 8004

SEND 1553584995 INTRODUCE 36 21214
SEND 1553584995 INTRODUCE 36 50883
SEND 1553584995 INTRODUCE 36 38125
SEND 1553584995 INTRODUCE 36 22773
SEND 1553584995 INTRODUCE 36 50353
SEND 1553584995 INTRODUCE 36 17261
SEND 1553584995 INTRODUCE 36 21729
SEND 1553584995 INTRODUCE 36 16704
SEND 1553584995 INTRODUCE 36 18855
SEND 1553584995 INTRODUCE 36 26326
SEND 1553584995 INTRODUCE 36 29439
SEND 1553584995 INTRODUCE 36 25848
SEND 1553584995 INTRODUCE 36 30477
SEND 1553584995 INTRODUCE 36 15852
SEND 1553584995 INTRODUCE 36 28559
SEND 1553584995 JOIN 31 12127
RECIEVED 1553584995 INTRODUCE 35 22 0
SEND 1553584995 INTRODUCE 35 16501
SEND 1553584995 INTRODUCE 35 27902
SEND 1553584995 INTRODUCE 35 28901
SEND 1553584995 INTRODUCE 35 21236
SEND 1553584995 INTRODUCE 35 20558
SEND 1553584995 INTRODUCE 35 48703
SEND 1553584995 INTRODUCE 35 21379
SEND 1553584995 INTRODUCE 35 20848
SEND 1553584995 INTRODUCE 35 22234
SEND 1553584995 INTRODUCE 35 16128
SEND 1553584995 INTRODUCE 35 39370
SEND 1553584995 INTRODUCE 35 15502
SEND 1553584995 INTRODUCE 35 19809
SEND 1553584995 INTRODUCE 35 34306
SEND 1553584995 INTRODUCE 35 16369
SEND 1553584995 INTRODUCE 35 37833
SEND 1553584995 INTRODUCE 35 62301
SEND 1553584995 INTRODUCE 35 25100
SEND 1553584995 INTRODUCE 35 29602
SEND 1553584995 INTRODUCE 35 21313
SEND 1553584995 INTRODUCE 35 33788
SEND 1553584995 INTRODUCE 35 15650
SEND 1553584995 JOIN 31 53177
RECIEVED 1553584995 INTRODUCE 35 23 0
SEND 1553584995 INTRODUCE 35 15275
SEND 1553584995 INTRODUCE 35 28830
SEND 1553584995 INTRODUCE 35 29065
SEND 1553584995 INTRODUCE 35 15612
SEND 1553584995 INTRODUCE 35 22286
SEND 1553584995 INTRODUCE 35 28318
# recieved string JOIN node9 172.22.156.206 8009

SEND 1553584995 INTRODUCE 35 15539
SEND 1553584995 INTRODUCE 35 20479
SEND 1553584995 INTRODUCE 35 16366
SEND 1553584995 INTRODUCE 35 26977
SEND 1553584995 INTRODUCE 35 32581
SEND 1553584995 INTRODUCE 35 25814
SEND 1553584995 INTRODUCE 35 31319
SEND 1553584995 INTRODUCE 35 32551
SEND 1553584995 INTRODUCE 35 30012
SEND 1553584995 INTRODUCE 35 21288
SEND 1553584995 INTRODUCE 35 25776
SEND 1553584995 INTRODUCE 35 25335
SEND 1553584995 INTRODUCE 35 21821
# recieved string JOIN node14 172.22.94.217 8014

# recieved string JOIN node0 172.22.94.217 8000

SEND 1553584995 INTRODUCE 35 20877
SEND 1553584995 INTRODUCE 35 18369
SEND 1553584995 INTRODUCE 35 23888
SEND 1553584995 INTRODUCE 35 36926
SEND 1553584995 JOIN 31 27060
RECIEVED 1553584995 INTRODUCE 35 24 0
RECIEVED 1553584995 INTRODUCE 36 24 0
SEND 1553584995 INTRODUCE 36 21627
SEND 1553584995 INTRODUCE 36 26811
SEND 1553584995 INTRODUCE 36 36126
SEND 1553584995 INTRODUCE 36 22392
SEND 1553584995 INTRODUCE 36 19976
SEND 1553584995 INTRODUCE 36 22201
SEND 1553584995 INTRODUCE 36 22638
SEND 1553584995 INTRODUCE 36 20479
SEND 1553584995 INTRODUCE 36 30918
SEND 1553584995 INTRODUCE 36 37879
# recieved string JOIN node2 172.22.156.206 8002

SEND 1553584995 INTRODUCE 36 15107
SEND 1553584995 INTRODUCE 36 15442
SEND 1553584995 INTRODUCE 36 20848
SEND 1553584995 INTRODUCE 36 20857
SEND 1553584995 INTRODUCE 36 42775
SEND 1553584995 INTRODUCE 36 41723
SEND 1553584995 INTRODUCE 36 22392
SEND 1553584995 INTRODUCE 36 63875
SEND 1553584995 INTRODUCE 36 68145
SEND 1553584995 INTRODUCE 36 36224
SEND 1553584995 INTRODUCE 36 35181
SEND 1553584995 INTRODUCE 36 53308
SEND 1553584995 INTRODUCE 36 46793
SEND 1553584995 INTRODUCE 36 20596
SEND 1553584995 JOIN 31 22803
RECIEVED 1553584995 INTRODUCE 37 25 0
SEND 1553584995 INTRODUCE 37 21855
SEND 1553584995 INTRODUCE 37 40545
SEND 1553584995 INTRODUCE 37 18062
SEND 1553584995 INTRODUCE 37 35943
SEND 1553584995 INTRODUCE 37 74908
# recieved string JOIN node10 172.22.156.208 8010

SEND 1553584995 INTRODUCE 37 23044
SEND 1553584995 INTRODUCE 37 26918
SEND 1553584995 INTRODUCE 37 50214
SEND 1553584995 INTRODUCE 37 30696
SEND 1553584995 INTRODUCE 37 25300
SEND 1553584995 INTRODUCE 37 21439
SEND 1553584995 INTRODUCE 37 16331
SEND 1553584995 INTRODUCE 37 30416
SEND 1553584995 INTRODUCE 37 33873
SEND 1553584995 INTRODUCE 37 22001
SEND 1553584995 INTRODUCE 37 20933
SEND 1553584995 INTRODUCE 37 28350
SEND 1553584995 INTRODUCE 37 21347
SEND 1553584995 INTRODUCE 37 61310
SEND 1553584995 INTRODUCE 37 41913
SEND 1553584995 INTRODUCE 37 52630
SEND 1553584995 INTRODUCE 37 29855
SEND 1553584995 INTRODUCE 37 24346
SEND 1553584995 INTRODUCE 37 40411
SEND 1553584995 INTRODUCE 37 42006
SEND 1553584995 JOIN 31 37830
RECIEVED 1553584995 INTRODUCE 36 26 0
RECIEVED 1553584995 INTRODUCE 36 26 0
RECIEVED 1553584995 INTRODUCE 35 26 0
RECIEVED 1553584995 INTRODUCE 37 26 0
RECIEVED 1553584995 INTRODUCE 36 26 0
RECIEVED 1553584995 INTRODUCE 36 26 0
RECIEVED 1553584995 INTRODUCE 36 26 0
RECIEVED 1553584995 INTRODUCE 36 26 0
RECIEVED 1553584995 INTRODUCE 36 26 0
RECIEVED 1553584995 INTRODUCE 35 26 0
SEND 1553584995 INTRODUCE 35 27215
SEND 1553584995 INTRODUCE 35 20859
SEND 1553584995 INTRODUCE 35 26342
SEND 1553584995 INTRODUCE 35 25082
SEND 1553584995 INTRODUCE 35 20461
SEND 1553584995 INTRODUCE 35 43240
SEND 1553584995 INTRODUCE 35 37123
SEND 1553584995 INTRODUCE 35 27831
SEND 1553584995 INTRODUCE 35 35483
SEND 1553584995 INTRODUCE 35 30260
SEND 1553584995 INTRODUCE 35 32540
SEND 1553584995 INTRODUCE 35 27331
SEND 1553584995 INTRODUCE 35 21295
SEND 1553584995 INTRODUCE 35 22355
SEND 1553584995 INTRODUCE 35 26992
SEND 1553584995 INTRODUCE 35 14409
SEND 1553584995 INTRODUCE 35 16372
SEND 1553584995 INTRODUCE 35 46308
SEND 1553584995 INTRODUCE 35 27898
SEND 1553584995 INTRODUCE 35 52190
SEND 1553584995 INTRODUCE 35 19736
# recieved string JOIN node3 172.22.94.217 8003

SEND 1553584995 INTRODUCE 35 30482
SEND 1553584995 INTRODUCE 35 30193
SEND 1553584995 INTRODUCE 35 20354
SEND 1553584995 INTRODUCE 35 51915
SEND 1553584995 INTRODUCE 35 20092
SEND 1553584995 JOIN 31 33982
RECIEVED 1553584995 INTRODUCE 37 27 0
SEND 1553584995 INTRODUCE 37 48585
SEND 1553584995 INTRODUCE 37 20024
SEND 1553584995 INTRODUCE 37 47598
SEND 1553584995 INTRODUCE 37 27007
SEND 1553584995 INTRODUCE 37 23753
SEND 1553584995 INTRODUCE 37 21059
# recieved string JOIN node11 172.22.156.206 8011

SEND 1553584995 INTRODUCE 37 20315
SEND 1553584995 INTRODUCE 37 20321
SEND 1553584995 INTRODUCE 37 21275
# recieved string JOIN node11 172.22.94.217 8011

SEND 1553584995 INTRODUCE 37 19707
SEND 1553584995 INTRODUCE 37 20356
SEND 1553584995 INTRODUCE 37 18471
SEND 1553584995 INTRODUCE 37 43591
SEND 1553584995 INTRODUCE 37 25728
SEND 1553584995 INTRODUCE 37 35272
SEND 1553584995 INTRODUCE 37 21005
SEND 1553584995 INTRODUCE 37 15145
SEND 1553584995 INTRODUCE 37 56052
SEND 1553584995 INTRODUCE 37 20510
SEND 1553584995 INTRODUCE 37 21952
SEND 1553584995 INTRODUCE 37 46241
SEND 1553584995 INTRODUCE 37 35101
SEND 1553584995 INTRODUCE 37 36216
SEND 1553584995 INTRODUCE 37 19015
SEND 1553584995 INTRODUCE 37 40800
SEND 1553584995 INTRODUCE 37 22566
SEND 1553584995 INTRODUCE 37 25436
SEND 1553584995 JOIN 31 25735
RECIEVED 1553584995 INTRODUCE 36 28 0
RECIEVED 1553584995 INTRODUCE 36 28 0
RECIEVED 1553584995 INTRODUCE 36 28 0
RECIEVED 1553584995 INTRODUCE 36 28 0
RECIEVED 1553584995 INTRODUCE 36 28 0
RECIEVED 1553584995 INTRODUCE 37 28 0
SEND 1553584995 INTRODUCE 37 21017
SEND 1553584995 INTRODUCE 37 28659
SEND 1553584995 INTRODUCE 37 33296
SEND 1553584995 INTRODUCE 37 29328
SEND 1553584995 INTRODUCE 37 27955
SEND 1553584995 INTRODUCE 37 21859
# recieved string JOIN node12 172.22.156.206 8012

SEND 1553584995 INTRODUCE 37 42079
SEND 1553584995 INTRODUCE 37 21179
SEND 1553584995 INTRODUCE 37 19104
# recieved string JOIN node9 172.22.94.217 8009

SEND 1553584995 INTRODUCE 37 30648
SEND 1553584995 INTRODUCE 37 28887
SEND 1553584995 INTRODUCE 37 19928
SEND 1553584995 INTRODUCE 37 36476
SEND 1553584995 INTRODUCE 37 22773
SEND 1553584995 INTRODUCE 37 21893
SEND 1553584995 INTRODUCE 37 19466
SEND 1553584995 INTRODUCE 37 35103
SEND 1553584995 INTRODUCE 37 72608
SEND 1553584995 INTRODUCE 37 29333
SEND 1553584995 INTRODUCE 37 27546
SEND 1553584995 INTRODUCE 37 28151
SEND 1553584995 INTRODUCE 37 22114
SEND 1553584995 INTRODUCE 37 29062
SEND 1553584995 INTRODUCE 37 20680
SEND 1553584995 INTRODUCE 37 20689
SEND 1553584995 INTRODUCE 37 20499
SEND 1553584995 INTRODUCE 37 28665
SEND 1553584995 INTRODUCE 37 20973
SEND 1553584995 JOIN 31 42861
RECIEVED 1553584995 INTRODUCE 36 29 0
RECIEVED 1553584995 INTRODUCE 35 29 0
SEND 1553584995 INTRODUCE 35 21981
SEND 1553584995 INTRODUCE 35 21433
SEND 1553584995 INTRODUCE 35 35792
SEND 1553584995 INTRODUCE 35 21759
SEND 1553584995 INTRODUCE 35 34775
SEND 1553584995 INTRODUCE 35 19899
SEND 1553584995 INTRODUCE 35 17150
SEND 1553584995 INTRODUCE 35 15849
SEND 1553584995 INTRODUCE 35 23148
SEND 1553584995 INTRODUCE 35 21232
SEND 1553584995 INTRODUCE 35 65202
SEND 1553584995 INTRODUCE 35 27896
SEND 1553584995 INTRODUCE 35 16784
SEND 1553584995 INTRODUCE 35 33893
SEND 1553584995 INTRODUCE 35 15989
SEND 1553584995 INTRODUCE 35 20949
SEND 1553584995 INTRODUCE 35 72018
SEND 1553584995 INTRODUCE 35 20542
SEND 1553584995 INTRODUCE 35 21762
SEND 1553584995 INTRODUCE 35 27653
SEND 1553584995 INTRODUCE 35 51848
SEND 1553584995 INTRODUCE 35 56053
SEND 1553584995 INTRODUCE 35 27724
SEND 1553584995 INTRODUCE 35 29365
SEND 1553584995 INTRODUCE 35 29425
SEND 1553584995 INTRODUCE 35 34722
SEND 1553584995 INTRODUCE 35 51969
SEND 1553584995 INTRODUCE 35 45168
SEND 1553584995 INTRODUCE 35 35426
SEND 1553584995 JOIN 31 22008
RECIEVED 1553584995 INTRODUCE 36 30 0
RECIEVED 1553584995 INTRODUCE 36 30 0
SEND 1553584995 INTRODUCE 36 27919
SEND 1553584995 INTRODUCE 36 30828
SEND 1553584995 INTRODUCE 36 29757
SEND 1553584995 INTRODUCE 36 26314
SEND 1553584995 INTRODUCE 36 14872
SEND 1553584995 INTRODUCE 36 32697
SEND 1553584995 INTRODUCE 36 20600
SEND 1553584995 INTRODUCE 36 29804
SEND 1553584995 INTRODUCE 36 26735
SEND 1553584995 INTRODUCE 36 34299
SEND 1553584995 INTRODUCE 36 19966
SEND 1553584995 INTRODUCE 36 30422
SEND 1553584995 INTRODUCE 36 33832
SEND 1553584995 INTRODUCE 36 27868
SEND 1553584995 INTRODUCE 36 20459
SEND 1553584995 INTRODUCE 36 36460
SEND 1553584995 INTRODUCE 36 39643
SEND 1553584995 INTRODUCE 36 25854
SEND 1553584995 INTRODUCE 36 16815
SEND 1553584995 INTRODUCE 36 31481
SEND 1553584995 INTRODUCE 36 19481
SEND 1553584995 INTRODUCE 36 50244
SEND 1553584995 INTRODUCE 36 38755
SEND 1553584995 INTRODUCE 36 28513
SEND 1553584995 INTRODUCE 36 28172
SEND 1553584995 INTRODUCE 36 20927
SEND 1553584995 INTRODUCE 36 20873
SEND 1553584995 INTRODUCE 36 29200
SEND 1553584995 INTRODUCE 36 21966
SEND 1553584995 INTRODUCE 36 20278
SEND 1553584995 JOIN 31 16864
RECIEVED 1553584995 INTRODUCE 35 31 0
RECIEVED 1553584995 INTRODUCE 35 31 0
RECIEVED 1553584995 INTRODUCE 36 31 0
RECIEVED 1553584995 INTRODUCE 37 31 0
RECIEVED 1553584995 INTRODUCE 35 31 0
RECIEVED 1553584995 INTRODUCE 36 31 0
RECIEVED 1553584995 INTRODUCE 36 31 0
RECIEVED 1553584995 INTRODUCE 36 31 0
RECIEVED 1553584995 INTRODUCE 36 31 0
RECIEVED 1553584995 INTRODUCE 35 31 0
RECIEVED 1553584995 INTRODUCE 36 31 0
RECIEVED 1553584995 INTRODUCE 35 31 0
RECIEVED 1553584995 INTRODUCE 36 31 0
RECIEVED 1553584995 INTRODUCE 35 31 0
RECIEVED 1553584995 INTRODUCE 35 31 0
RECIEVED 1553584995 INTRODUCE 36 31 0
RECIEVED 1553584995 INTRODUCE 35 31 0
RECIEVED 1553584995 INTRODUCE 35 31 0
RECIEVED 1553584995 INTRODUCE 37 31 0
RECIEVED 1553584995 INTRODUCE 36 31 0
RECIEVED 1553584995 INTRODUCE 35 31 0
RECIEVED 1553584995 INTRODUCE 36 31 0
RECIEVED 1553584995 INTRODUCE 35 31 0
RECIEVED 1553584995 INTRODUCE 36 31 0
RECIEVED 1553584995 INTRODUCE 37 31 0
RECIEVED 1553584995 INTRODUCE 35 31 0
RECIEVED 1553584995 INTRODUCE 37 31 0
RECIEVED 1553584995 INTRODUCE 36 31 0
RECIEVED 1553584995 INTRODUCE 37 31 0
RECIEVED 1553584995 INTRODUCE 35 31 0
RECIEVED 1553584995 INTRODUCE 37 31 0
RECIEVED 1553584995 INTRODUCE 36 31 0
RECIEVED 1553584995 INTRODUCE 35 31 0
RECIEVED 1553584995 INTRODUCE 37 31 0
RECIEVED 1553584995 INTRODUCE 37 31 0
RECIEVED 1553584995 INTRODUCE 36 31 0
RECIEVED 1553584995 INTRODUCE 35 31 0
RECIEVED 1553584995 INTRODUCE 35 31 0
RECIEVED 1553584995 INTRODUCE 35 31 0
RECIEVED 1553584995 INTRODUCE 36 31 0
RECIEVED 1553584995 INTRODUCE 37 31 0
RECIEVED 1553584995 INTRODUCE 37 31 0
RECIEVED 1553584995 INTRODUCE 36 31 0
RECIEVED 1553584995 INTRODUCE 36 31 0
RECIEVED 1553584995 INTRODUCE 36 31 0
RECIEVED 1553584995 INTRODUCE 37 31 0
RECIEVED 1553584995 INTRODUCE 35 31 0
RECIEVED 1553584995 INTRODUCE 36 31 0
RECIEVED 1553584995 INTRODUCE 35 31 0
RECIEVED 1553584995 INTRODUCE 37 31 0
RECIEVED 1553584995 INTRODUCE 36 31 0
RECIEVED 1553584995 INTRODUCE 37 31 0
RECIEVED 1553584995 INTRODUCE 37 31 0
RECIEVED 1553584995 INTRODUCE 37 31 0
RECIEVED 1553584995 INTRODUCE 37 31 0
RECIEVED 1553584995 INTRODUCE 35 31 0
RECIEVED 1553584995 INTRODUCE 35 31 0
RECIEVED 1553584995 INTRODUCE 36 31 0
RECIEVED 1553584995 INTRODUCE 35 31 0
RECIEVED 1553584995 INTRODUCE 35 31 0
RECIEVED 1553584995 INTRODUCE 37 31 0
RECIEVED 1553584995 INTRODUCE 37 31 0
RECIEVED 1553584995 INTRODUCE 35 31 0
RECIEVED 1553584995 INTRODUCE 36 31 0
RECIEVED 1553584995 INTRODUCE 36 31 0
RECIEVED 1553584995 INTRODUCE 37 31 0
RECIEVED 1553584995 INTRODUCE 36 31 0
RECIEVED 1553584995 INTRODUCE 36 31 0
RECIEVED 1553584995 INTRODUCE 36 31 0
RECIEVED 1553584995 INTRODUCE 36 31 0
RECIEVED 1553584995 INTRODUCE 35 31 0
RECIEVED 1553584995 INTRODUCE 36 31 0
RECIEVED 1553584995 INTRODUCE 36 31 0
RECIEVED 1553584995 INTRODUCE 36 31 0
RECIEVED 1553584995 INTRODUCE 37 31 0
RECIEVED 1553584995 INTRODUCE 36 31 0
RECIEVED 1553584995 INTRODUCE 37 31 0
RECIEVED 1553584995 INTRODUCE 36 31 0
RECIEVED 1553584995 INTRODUCE 36 31 0
RECIEVED 1553584995 INTRODUCE 35 31 0
RECIEVED 1553584995 INTRODUCE 36 31 0
RECIEVED 1553584995 INTRODUCE 37 31 0
RECIEVED 1553584995 INTRODUCE 37 31 0
RECIEVED 1553584995 INTRODUCE 36 31 0
RECIEVED 1553584995 INTRODUCE 36 31 0
RECIEVED 1553584995 INTRODUCE 36 31 0
RECIEVED 1553584995 INTRODUCE 37 31 0
RECIEVED 1553584995 INTRODUCE 36 31 0
RECIEVED 1553584995 INTRODUCE 37 31 0
RECIEVED 1553584995 INTRODUCE 35 31 0
RECIEVED 1553584995 INTRODUCE 37 31 0
RECIEVED 1553584995 INTRODUCE 36 31 0
RECIEVED 1553584995 INTRODUCE 35 31 0
RECIEVED 1553584995 INTRODUCE 35 31 0
RECIEVED 1553584995 INTRODUCE 36 31 0
RECIEVED 1553584995 INTRODUCE 35 31 0
RECIEVED 1553584995 INTRODUCE 35 31 0
RECIEVED 1553584995 INTRODUCE 36 31 0
RECIEVED 1553584995 INTRODUCE 35 31 0
RECIEVED 1553584995 INTRODUCE 37 31 0
RECIEVED 1553584995 INTRODUCE 37 31 0
RECIEVED 1553584995 INTRODUCE 35 31 0
RECIEVED 1553584995 INTRODUCE 37 31 0
RECIEVED 1553584995 INTRODUCE 36 31 0
RECIEVED 1553584995 INTRODUCE 35 31 0
RECIEVED 1553584995 INTRODUCE 35 31 0
RECIEVED 1553584995 INTRODUCE 36 31 0
RECIEVED 1553584995 INTRODUCE 37 31 0
RECIEVED 1553584995 INTRODUCE 37 31 0
RECIEVED 1553584995 INTRODUCE 35 31 0
RECIEVED 1553584995 INTRODUCE 36 31 0
RECIEVED 1553584995 INTRODUCE 36 31 0
RECIEVED 1553584995 INTRODUCE 36 31 0
RECIEVED 1553584995 INTRODUCE 35 31 0
RECIEVED 1553584995 INTRODUCE 36 31 0
RECIEVED 1553584995 INTRODUCE 36 31 0
RECIEVED 1553584995 INTRODUCE 36 31 0
RECIEVED 1553584995 INTRODUCE 36 31 0
SEND 1553584995 INTRODUCE 36 22627
SEND 1553584995 INTRODUCE 36 23489
# recieved string JOIN node7 172.22.94.217 8007

SEND 1553584995 INTRODUCE 36 21729
SEND 1553584995 INTRODUCE 36 20735
SEND 1553584995 INTRODUCE 36 25703
SEND 1553584995 INTRODUCE 36 15900
SEND 1553584995 INTRODUCE 36 21244
SEND 1553584995 INTRODUCE 36 21775
SEND 1553584995 INTRODUCE 36 28978
SEND 1553584995 INTRODUCE 36 20707
SEND 1553584995 INTRODUCE 36 20666
SEND 1553584995 INTRODUCE 36 20600
SEND 1553584995 INTRODUCE 36 19027
SEND 1553584995 INTRODUCE 36 25970
SEND 1553584995 INTRODUCE 36 28840
SEND 1553584995 INTRODUCE 36 21498
SEND 1553584995 INTRODUCE 36 32009
SEND 1553584995 INTRODUCE 36 21603
SEND 1553584995 INTRODUCE 36 45839
SEND 1553584995 INTRODUCE 36 15251
SEND 1553584995 INTRODUCE 36 24620
SEND 1553584995 INTRODUCE 36 42533
# recieved string JOIN node0 172.22.156.206 8000

SEND 1553584995 INTRODUCE 36 25429
# recieved string JOIN node1 172.22.156.206 8001

SEND 1553584995 INTRODUCE 36 40400
SEND 1553584995 INTRODUCE 36 49943
SEND 1553584995 INTRODUCE 36 19309
SEND 1553584995 INTRODUCE 36 27797
SEND 1553584995 INTRODUCE 36 39463
SEND 1553584995 INTRODUCE 36 19827
SEND 1553584995 INTRODUCE 36 15983
SEND 1553584995 INTRODUCE 36 21712
SEND 1553584995 JOIN 31 14495
RECIEVED 1553584995 INTRODUCE 35 32 0
RECIEVED 1553584995 INTRODUCE 36 32 0
RECIEVED 1553584995 INTRODUCE 36 32 0
RECIEVED 1553584995 INTRODUCE 36 32 0
RECIEVED 1553584995 INTRODUCE 36 32 0
RECIEVED 1553584995 TRANSACTION 81 32 0
UPDATE 1553584995 TRANSACTION ac3340af900ee440b14a98c1b026dc73
SEND 1553584995 TRANSACTION 81 15739 ac3340af900ee440b14a98c1b026dc73
SEND 1553584995 TRANSACTION 81 24098 ac3340af900ee440b14a98c1b026dc73
SEND 1553584995 TRANSACTION 81 45088 ac3340af900ee440b14a98c1b026dc73
SEND 1553584995 TRANSACTION 81 22000 ac3340af900ee440b14a98c1b026dc73
SEND 1553584995 TRANSACTION 81 18986 ac3340af900ee440b14a98c1b026dc73
SEND 1553584995 TRANSACTION 81 16650 ac3340af900ee440b14a98c1b026dc73
SEND 1553584995 TRANSACTION 81 21530 ac3340af900ee440b14a98c1b026dc73
SEND 1553584995 TRANSACTION 81 49580 ac3340af900ee440b14a98c1b026dc73
SEND 1553584995 TRANSACTION 81 28700 ac3340af900ee440b14a98c1b026dc73
RECIEVED 1553584995 INTRODUCE 36 32 1
RECIEVED 1553584995 INTRODUCE 36 32 1
RECIEVED 1553584995 INTRODUCE 37 32 1
RECIEVED 1553584995 INTRODUCE 35 32 1
RECIEVED 1553584995 INTRODUCE 36 32 1
RECIEVED 1553584995 INTRODUCE 37 32 1
RECIEVED 1553584995 INTRODUCE 37 32 1
RECIEVED 1553584995 INTRODUCE 37 32 1
RECIEVED 1553584995 INTRODUCE 36 32 1
RECIEVED 1553584995 INTRODUCE 36 32 1
RECIEVED 1553584995 INTRODUCE 36 32 1
RECIEVED 1553584995 INTRODUCE 37 32 1
RECIEVED 1553584995 INTRODUCE 35 32 1
RECIEVED 1553584995 INTRODUCE 37 32 1
RECIEVED 1553584995 INTRODUCE 35 32 1
RECIEVED 1553584995 INTRODUCE 37 32 1
RECIEVED 1553584995 INTRODUCE 37 32 1
RECIEVED 1553584995 INTRODUCE 36 32 1
RECIEVED 1553584995 INTRODUCE 36 32 1
RECIEVED 1553584995 INTRODUCE 36 32 1
SEND 1553584995 INTRODUCE 36 22161
SEND 1553584995 INTRODUCE 36 25764
# recieved string JOIN node15 172.22.156.208 8015

SEND 1553584995 INTRODUCE 36 20940
SEND 1553584995 INTRODUCE 36 20020
SEND 1553584995 INTRODUCE 36 39145
SEND 1553584995 INTRODUCE 36 11862
SEND 1553584995 INTRODUCE 36 10960
SEND 1553584995 INTRODUCE 36 11093
SEND 1553584995 INTRODUCE 36 16608
SEND 1553584995 INTRODUCE 36 11198
SEND 1553584995 INTRODUCE 36 10486
SEND 1553584995 INTRODUCE 36 10680
SEND 1553584995 INTRODUCE 36 11935
SEND 1553584995 INTRODUCE 36 16695
SEND 1553584995 INTRODUCE 36 9365
# recieved string JOIN node4 172.22.156.206 8004

SEND 1553584995 INTRODUCE 36 10285
SEND 1553584995 INTRODUCE 36 23726
SEND 1553584995 INTRODUCE 36 16742
SEND 1553584995 INTRODUCE 36 9496
SEND 1553584995 INTRODUCE 36 11800
SEND 1553584995 INTRODUCE 36 11674
SEND 1553584995 INTRODUCE 36 11639
# recieved string JOIN node7 172.22.156.206 8007

SEND 1553584995 INTRODUCE 36 15510
SEND 1553584995 INTRODUCE 36 17346
SEND 1553584995 INTRODUCE 36 16094
SEND 1553584995 INTRODUCE 36 11722
SEND 1553584995 INTRODUCE 36 14740
SEND 1553584995 INTRODUCE 36 16061
SEND 1553584995 INTRODUCE 36 14947
SEND 1553584995 INTRODUCE 36 11497
SEND 1553584995 INTRODUCE 36 18921
SEND 1553584995 INTRODUCE 36 10100
SEND 1553584995 JOIN 31 30922
RECIEVED 1553584995 INTRODUCE 35 33 1
RECIEVED 1553584995 INTRODUCE 35 33 1
RECIEVED 1553584995 TRANSACTION 81 33 1
RECIEVED 1553584995 TRANSACTION 81 33 1
RECIEVED 1553584995 INTRODUCE 36 33 1
RECIEVED 1553584995 INTRODUCE 37 33 1
RECIEVED 1553584995 INTRODUCE 36 33 1
RECIEVED 1553584995 INTRODUCE 36 33 1
RECIEVED 1553584995 INTRODUCE 35 33 1
RECIEVED 1553584995 INTRODUCE 35 33 1
RECIEVED 1553584995 INTRODUCE 36 33 1
RECIEVED 1553584995 INTRODUCE 36 33 1
RECIEVED 1553584995 INTRODUCE 36 33 1
RECIEVED 1553584995 INTRODUCE 36 33 1
RECIEVED 1553584995 INTRODUCE 36 33 1
RECIEVED 1553584995 INTRODUCE 36 33 1
RECIEVED 1553584995 INTRODUCE 36 33 1
RECIEVED 1553584995 INTRODUCE 35 33 1
RECIEVED 1553584995 INTRODUCE 36 33 1
RECIEVED 1553584995 INTRODUCE 36 33 1
RECIEVED 1553584995 INTRODUCE 35 33 1
RECIEVED 1553584995 INTRODUCE 35 33 1
RECIEVED 1553584995 INTRODUCE 37 33 1
RECIEVED 1553584995 INTRODUCE 35 33 1
RECIEVED 1553584995 INTRODUCE 37 33 1
RECIEVED 1553584995 INTRODUCE 36 33 1
RECIEVED 1553584995 INTRODUCE 36 33 1
RECIEVED 1553584995 INTRODUCE 37 33 1
RECIEVED 1553584995 INTRODUCE 36 33 1
RECIEVED 1553584995 INTRODUCE 36 33 1
RECIEVED 1553584995 INTRODUCE 36 33 1
SEND 1553584995 INTRODUCE 36 10925
SEND 1553584995 INTRODUCE 36 13118
SEND 1553584995 INTRODUCE 36 14030
SEND 1553584995 INTRODUCE 36 11037
SEND 1553584995 INTRODUCE 36 11173
SEND 1553584995 INTRODUCE 36 10579
SEND 1553584995 INTRODUCE 36 10725
SEND 1553584995 INTRODUCE 36 10857
SEND 1553584995 INTRODUCE 36 11467
SEND 1553584995 INTRODUCE 36 11042
SEND 1553584995 INTRODUCE 36 10101
SEND 1553584995 INTRODUCE 36 14953
SEND 1553584995 INTRODUCE 36 15058
SEND 1553584995 INTRODUCE 36 14588
SEND 1553584995 INTRODUCE 36 11585
SEND 1553584995 INTRODUCE 36 60043
SEND 1553584995 INTRODUCE 36 163182
SEND 1553584995 INTRODUCE 36 17304
SEND 1553584995 INTRODUCE 36 194493
SEND 1553584995 INTRODUCE 36 23162
SEND 1553584995 INTRODUCE 36 13160
SEND 1553584995 INTRODUCE 36 9848
SEND 1553584995 INTRODUCE 36 11417
SEND 1553584995 INTRODUCE 36 10138
SEND 1553584995 INTRODUCE 36 16269
SEND 1553584995 INTRODUCE 36 11311
SEND 1553584995 INTRODUCE 36 14182
SEND 1553584995 INTRODUCE 36 10715
SEND 1553584995 INTRODUCE 36 12930
SEND 1553584995 INTRODUCE 36 31503
SEND 1553584995 INTRODUCE 36 12976
SEND 1553584995 INTRODUCE 36 10182
SEND 1553584995 INTRODUCE 36 11597
SEND 1553584995 JOIN 31 34813
RECIEVED 1553584996 INTRODUCE 36 34 1
RECIEVED 1553584996 INTRODUCE 36 34 1
SEND 1553584996 INTRODUCE 36 8797
SEND 1553584996 INTRODUCE 36 13259
SEND 1553584996 INTRODUCE 36 12565
SEND 1553584996 INTRODUCE 36 10461
SEND 1553584996 INTRODUCE 36 12989
SEND 1553584996 INTRODUCE 36 16996
SEND 1553584996 INTRODUCE 36 11188
SEND 1553584996 INTRODUCE 36 12386
SEND 1553584996 INTRODUCE 36 15691
SEND 1553584996 INTRODUCE 36 14760
SEND 1553584996 INTRODUCE 36 16011
SEND 1553584996 INTRODUCE 36 27998
SEND 1553584996 INTRODUCE 36 13361
SEND 1553584996 INTRODUCE 36 11181
SEND 1553584996 INTRODUCE 36 11752
SEND 1553584996 INTRODUCE 36 14763
SEND 1553584996 INTRODUCE 36 21428
SEND 1553584996 INTRODUCE 36 16139
SEND 1553584996 INTRODUCE 36 18685
SEND 1553584996 INTRODUCE 36 12048
SEND 1553584996 INTRODUCE 36 10625
SEND 1553584996 INTRODUCE 36 23115
SEND 1553584996 INTRODUCE 36 10218
SEND 1553584996 INTRODUCE 36 16558
SEND 1553584996 INTRODUCE 36 11543
SEND 1553584996 INTRODUCE 36 16132
SEND 1553584996 INTRODUCE 36 10353
SEND 1553584996 INTRODUCE 36 53043
SEND 1553584996 INTRODUCE 36 12349
SEND 1553584996 INTRODUCE 36 12383
SEND 1553584996 INTRODUCE 36 17549
SEND 1553584996 INTRODUCE 36 16687
SEND 1553584996 INTRODUCE 36 11928
# recieved string JOIN node13 172.22.156.208 8013

SEND 1553584996 INTRODUCE 36 15166
# recieved string JOIN node13 172.22.156.206 8013

SEND 1553584996 JOIN 31 13644
RECIEVED 1553584996 INTRODUCE 36 35 1
RECIEVED 1553584996 INTRODUCE 36 35 1
RECIEVED 1553584996 INTRODUCE 36 35 1
RECIEVED 1553584996 INTRODUCE 35 35 1
RECIEVED 1553584996 INTRODUCE 35 35 1
RECIEVED 1553584996 INTRODUCE 35 35 1
RECIEVED 1553584996 INTRODUCE 37 35 1
RECIEVED 1553584996 INTRODUCE 37 35 1
RECIEVED 1553584996 INTRODUCE 35 35 1
RECIEVED 1553584996 INTRODUCE 36 35 1
RECIEVED 1553584996 INTRODUCE 37 35 1
RECIEVED 1553584996 INTRODUCE 36 35 1
RECIEVED 1553584996 INTRODUCE 36 35 1
RECIEVED 1553584996 INTRODUCE 36 35 1
SEND 1553584996 INTRODUCE 36 19827
SEND 1553584996 INTRODUCE 36 22799
# recieved string JOIN node6 172.22.156.206 8006

SEND 1553584996 INTRODUCE 36 11839
SEND 1553584996 INTRODUCE 36 17108
SEND 1553584996 INTRODUCE 36 15067
SEND 1553584996 INTRODUCE 36 10501
SEND 1553584996 INTRODUCE 36 11813
SEND 1553584996 INTRODUCE 36 23452
SEND 1553584996 INTRODUCE 36 12111
SEND 1553584996 INTRODUCE 36 222994
SEND 1553584996 INTRODUCE 36 22079
SEND 1553584996 INTRODUCE 36 11650
SEND 1553584996 INTRODUCE 36 19427
SEND 1553584996 INTRODUCE 36 10407
SEND 1553584996 INTRODUCE 36 17567
SEND 1553584996 INTRODUCE 36 16070
SEND 1553584996 INTRODUCE 36 13083
SEND 1553584996 INTRODUCE 36 25020
SEND 1553584996 INTRODUCE 36 23636
SEND 1553584996 INTRODUCE 36 11379
SEND 1553584996 INTRODUCE 36 11534
SEND 1553584996 INTRODUCE 36 10452
SEND 1553584996 INTRODUCE 36 15604
SEND 1553584996 INTRODUCE 36 15031
SEND 1553584996 INTRODUCE 36 10591
SEND 1553584996 INTRODUCE 36 12280
SEND 1553584996 INTRODUCE 36 11969
SEND 1553584996 INTRODUCE 36 12187
SEND 1553584996 INTRODUCE 36 15557
SEND 1553584996 INTRODUCE 36 20807
SEND 1553584996 INTRODUCE 36 18419
SEND 1553584996 INTRODUCE 36 12073
SEND 1553584996 INTRODUCE 36 11776
SEND 1553584996 INTRODUCE 36 22395
SEND 1553584996 INTRODUCE 36 54296
SEND 1553584996 JOIN 31 16662
RECIEVED 1553584996 INTRODUCE 36 36 1
RECIEVED 1553584996 INTRODUCE 37 36 1
RECIEVED 1553584996 INTRODUCE 35 36 1
RECIEVED 1553584996 INTRODUCE 36 36 1
RECIEVED 1553584996 INTRODUCE 35 36 1
RECIEVED 1553584996 INTRODUCE 36 36 1
RECIEVED 1553584996 INTRODUCE 37 36 1
RECIEVED 1553584996 INTRODUCE 37 36 1
RECIEVED 1553584996 INTRODUCE 36 36 1
RECIEVED 1553584996 JOIN 32 36 1
SEND 1553584996 INTRODUCE 35 20845
SEND 1553584996 INTRODUCE 37 13257
SEND 1553584996 INTRODUCE 36 19601
SEND 1553584996 INTRODUCE 36 13832
SEND 1553584996 INTRODUCE 36 13587
SEND 1553584996 INTRODUCE 37 12756
SEND 1553584996 INTRODUCE 35 20233
SEND 1553584996 INTRODUCE 36 12656
SEND 1553584996 INTRODUCE 36 51335
SEND 1553584996 INTRODUCE 36 20262
SEND 1553584996 INTRODUCE 37 14430
SEND 1553584996 INTRODUCE 36 21783
SEND 1553584996 INTRODUCE 36 14279
SEND 1553584996 INTRODUCE 35 13366
SEND 1553584996 INTRODUCE 36 19155
SEND 1553584996 INTRODUCE 35 12425
SEND 1553584996 INTRODUCE 36 11710
SEND 1553584996 INTRODUCE 35 32579
SEND 1553584996 INTRODUCE 36 11323
SEND 1553584996 INTRODUCE 35 11442
SEND 1553584996 INTRODUCE 36 12194
SEND 1553584996 INTRODUCE 36 18227
SEND 1553584996 INTRODUCE 37 11345
SEND 1553584996 INTRODUCE 37 11644
SEND 1553584996 INTRODUCE 36 11063
SEND 1553584996 INTRODUCE 35 12020
SEND 1553584996 INTRODUCE 36 12100
SEND 1553584996 INTRODUCE 35 11623
SEND 1553584996 INTRODUCE 37 11893
SEND 1553584996 INTRODUCE 36 11989
SEND 1553584996 INTRODUCE 36 11359
SEND 1553584996 INTRODUCE 36 12770
SEND 1553584996 INTRODUCE 35 25222
SEND 1553584996 INTRODUCE 35 12982
SEND 1553584996 INTRODUCE 36 11942
SEND 1553584996 INTRODUCE 36 11487
RECIEVED 1553584996 INTRODUCE 35 37 1
RECIEVED 1553584996 INTRODUCE 37 37 1
RECIEVED 1553584996 INTRODUCE 35 37 1
RECIEVED 1553584996 INTRODUCE 35 37 1
RECIEVED 1553584996 INTRODUCE 35 37 1
RECIEVED 1553584996 INTRODUCE 35 37 1
RECIEVED 1553584996 INTRODUCE 36 37 1
RECIEVED 1553584996 INTRODUCE 35 37 1
RECIEVED 1553584996 INTRODUCE 36 37 1
RECIEVED 1553584996 INTRODUCE 35 37 1
RECIEVED 1553584996 INTRODUCE 36 37 1
RECIEVED 1553584996 INTRODUCE 36 37 1
RECIEVED 1553584996 INTRODUCE 36 37 1
SEND 1553584996 INTRODUCE 36 13121
SEND 1553584996 INTRODUCE 36 11802
SEND 1553584996 INTRODUCE 36 21049
SEND 1553584996 INTRODUCE 36 11333
SEND 1553584996 INTRODUCE 36 15915
SEND 1553584996 INTRODUCE 36 31506
SEND 1553584996 INTRODUCE 36 14272
SEND 1553584996 INTRODUCE 36 11675
SEND 1553584996 INTRODUCE 36 10620
SEND 1553584996 INTRODUCE 36 15612
SEND 1553584996 INTRODUCE 36 15826
SEND 1553584996 INTRODUCE 36 10176
SEND 1553584996 INTRODUCE 36 45926
SEND 1553584996 INTRODUCE 36 11100
SEND 1553584996 INTRODUCE 36 11619
SEND 1553584996 INTRODUCE 36 15320
SEND 1553584996 INTRODUCE 36 16482
SEND 1553584996 INTRODUCE 36 12913
SEND 1553584996 INTRODUCE 36 16380
SEND 1553584996 INTRODUCE 36 11075
SEND 1553584996 INTRODUCE 36 12086
SEND 1553584996 INTRODUCE 36 10639
SEND 1553584996 INTRODUCE 36 12459
SEND 1553584996 INTRODUCE 36 15966
SEND 1553584996 INTRODUCE 36 11475
SEND 1553584996 INTRODUCE 36 11674
SEND 1553584996 INTRODUCE 36 14264
SEND 1553584996 INTRODUCE 36 12126
SEND 1553584996 INTRODUCE 36 14028
SEND 1553584996 INTRODUCE 36 14529
SEND 1553584996 INTRODUCE 36 16139
SEND 1553584996 INTRODUCE 36 10883
SEND 1553584996 INTRODUCE 36 11535
SEND 1553584996 INTRODUCE 36 11484
SEND 1553584996 INTRODUCE 36 10784
SEND 1553584996 INTRODUCE 36 11272
SEND 1553584996 INTRODUCE 36 15947
SEND 1553584996 JOIN 31 15564
RECIEVED 1553584996 INTRODUCE 37 38 1
RECIEVED 1553584996 INTRODUCE 36 38 1
RECIEVED 1553584996 INTRODUCE 36 38 1
RECIEVED 1553584996 INTRODUCE 35 38 1
RECIEVED 1553584996 INTRODUCE 37 38 1
RECIEVED 1553584996 INTRODUCE 36 38 1
RECIEVED 1553584996 INTRODUCE 36 38 1
RECIEVED 1553584996 INTRODUCE 36 38 1
RECIEVED 1553584996 INTRODUCE 35 38 1
RECIEVED 1553584996 INTRODUCE 35 38 1
RECIEVED 1553584996 INTRODUCE 35 38 1
RECIEVED 1553584996 INTRODUCE 36 38 1
RECIEVED 1553584996 INTRODUCE 35 38 1
RECIEVED 1553584996 INTRODUCE 35 38 1
RECIEVED 1553584996 INTRODUCE 36 38 1
RECIEVED 1553584996 INTRODUCE 36 38 1
RECIEVED 1553584996 INTRODUCE 36 38 1
RECIEVED 1553584996 INTRODUCE 37 38 1
RECIEVED 1553584996 INTRODUCE 37 38 1
RECIEVED 1553584996 INTRODUCE 37 38 1
RECIEVED 1553584996 INTRODUCE 37 38 1
RECIEVED 1553584996 INTRODUCE 37 38 1
RECIEVED 1553584996 INTRODUCE 36 38 1
RECIEVED 1553584996 INTRODUCE 36 38 1
RECIEVED 1553584996 INTRODUCE 36 38 1
RECIEVED 1553584996 INTRODUCE 36 38 1
RECIEVED 1553584996 INTRODUCE 35 38 1
RECIEVED 1553584996 JOIN 31 38 1
RECIEVED 1553584996 INTRODUCE 37 38 1
RECIEVED 1553584996 INTRODUCE 36 38 1
RECIEVED 1553584996 INTRODUCE 36 38 1
RECIEVED 1553584996 INTRODUCE 36 38 1
RECIEVED 1553584996 INTRODUCE 35 38 1
RECIEVED 1553584996 INTRODUCE 35 38 1
RECIEVED 1553584996 INTRODUCE 36 38 1
SEND 1553584996 INTRODUCE 36 11494
SEND 1553584996 INTRODUCE 36 13013
SEND 1553584996 INTRODUCE 36 11091
SEND 1553584996 INTRODUCE 36 11533
SEND 1553584996 INTRODUCE 36 23230
SEND 1553584996 INTRODUCE 36 20487
SEND 1553584996 INTRODUCE 36 26780
SEND 1553584996 INTRODUCE 36 15650
SEND 1553584996 INTRODUCE 36 11678
SEND 1553584996 INTRODUCE 36 12096
SEND 1553584996 INTRODUCE 36 15999
SEND 1553584996 INTRODUCE 36 11206
SEND 1553584996 INTRODUCE 36 15154
SEND 1553584996 INTRODUCE 36 11007
SEND 1553584996 INTRODUCE 36 11327
SEND 1553584996 INTRODUCE 36 14446
SEND 1553584996 INTRODUCE 36 11912
SEND 1553584996 INTRODUCE 36 17778
SEND 1553584996 INTRODUCE 36 14608
SEND 1553584996 INTRODUCE 36 12584
SEND 1553584996 INTRODUCE 36 11572
SEND 1553584996 INTRODUCE 36 13075
SEND 1553584996 INTRODUCE 36 13920
SEND 1553584996 INTRODUCE 36 12944
SEND 1553584996 INTRODUCE 36 12725
SEND 1553584996 INTRODUCE 36 10553
SEND 1553584996 INTRODUCE 36 13695
SEND 1553584996 INTRODUCE 36 11423
SEND 1553584996 INTRODUCE 36 11398
SEND 1553584996 INTRODUCE 36 12873
SEND 1553584996 INTRODUCE 36 100087
SEND 1553584996 INTRODUCE 36 11889
SEND 1553584996 INTRODUCE 36 10115
SEND 1553584996 INTRODUCE 36 11730
SEND 1553584996 INTRODUCE 36 19290
SEND 1553584996 INTRODUCE 36 47683
SEND 1553584996 INTRODUCE 36 16118
SEND 1553584996 INTRODUCE 36 10635
SEND 1553584996 JOIN 31 15368
RECIEVED 1553584996 INTRODUCE 35 39 1
RECIEVED 1553584996 INTRODUCE 36 39 1
RECIEVED 1553584996 INTRODUCE 36 39 1
RECIEVED 1553584996 INTRODUCE 36 39 1
RECIEVED 1553584996 INTRODUCE 36 39 1
RECIEVED 1553584996 INTRODUCE 36 39 1
RECIEVED 1553584996 INTRODUCE 36 39 1
RECIEVED 1553584996 INTRODUCE 35 39 1
RECIEVED 1553584996 INTRODUCE 36 39 1
RECIEVED 1553584996 INTRODUCE 35 39 1
RECIEVED 1553584996 INTRODUCE 35 39 1
RECIEVED 1553584996 INTRODUCE 36 39 1
RECIEVED 1553584996 TRANSACTION 79 39 1
UPDATE 1553584996 TRANSACTION 488f7ddb81dfc547a7395d06c441f87f
SEND 1553584996 TRANSACTION 79 12276 488f7ddb81dfc547a7395d06c441f87f
SEND 1553584996 TRANSACTION 79 16852 488f7ddb81dfc547a7395d06c441f87f
SEND 1553584996 TRANSACTION 79 10739 488f7ddb81dfc547a7395d06c441f87f
SEND 1553584996 TRANSACTION 79 15744 488f7ddb81dfc547a7395d06c441f87f
SEND 1553584996 TRANSACTION 79 66922 488f7ddb81dfc547a7395d06c441f87f
SEND 1553584996 TRANSACTION 79 11315 488f7ddb81dfc547a7395d06c441f87f
SEND 1553584996 TRANSACTION 79 15375 488f7ddb81dfc547a7395d06c441f87f
SEND 1553584996 TRANSACTION 79 15372 488f7ddb81dfc547a7395d06c441f87f
SEND 1553584996 TRANSACTION 79 12664 488f7ddb81dfc547a7395d06c441f87f
SEND 1553584996 TRANSACTION 79 11379 488f7ddb81dfc547a7395d06c441f87f
SEND 1553584996 TRANSACTION 79 10096 488f7ddb81dfc547a7395d06c441f87f
SEND 1553584996 TRANSACTION 79 15300 488f7ddb81dfc547a7395d06c441f87f
SEND 1553584996 TRANSACTION 79 10076 488f7ddb81dfc547a7395d06c441f87f
SEND 1553584996 TRANSACTION 79 31225 488f7ddb81dfc547a7395d06c441f87f
SEND 1553584996 TRANSACTION 79 9852 488f7ddb81dfc547a7395d06c441f87f
RECIEVED 1553584996 INTRODUCE 36 39 2
RECIEVED 1553584996 INTRODUCE 35 39 2
RECIEVED 1553584996 INTRODUCE 36 39 2
RECIEVED 1553584996 INTRODUCE 36 39 2
RECIEVED 1553584996 INTRODUCE 35 39 2
RECIEVED 1553584996 INTRODUCE 36 39 2
RECIEVED 1553584996 INTRODUCE 36 39 2
RECIEVED 1553584996 INTRODUCE 35 39 2
RECIEVED 1553584996 INTRODUCE 35 39 2
RECIEVED 1553584996 INTRODUCE 36 39 2
RECIEVED 1553584996 INTRODUCE 37 39 2
RECIEVED 1553584996 INTRODUCE 35 39 2
RECIEVED 1553584996 INTRODUCE 36 39 2
RECIEVED 1553584996 INTRODUCE 36 39 2
RECIEVED 1553584996 INTRODUCE 36 39 2
RECIEVED 1553584996 INTRODUCE 37 39 2
RECIEVED 1553584996 INTRODUCE 36 39 2
RECIEVED 1553584996 INTRODUCE 36 39 2
RECIEVED 1553584996 INTRODUCE 37 39 2
RECIEVED 1553584996 INTRODUCE 36 39 2
RECIEVED 1553584996 INTRODUCE 36 39 2
RECIEVED 1553584996 INTRODUCE 36 39 2
RECIEVED 1553584996 INTRODUCE 36 39 2
RECIEVED 1553584996 INTRODUCE 35 39 2
RECIEVED 1553584996 INTRODUCE 36 39 2
RECIEVED 1553584996 INTRODUCE 35 39 2
RECIEVED 1553584996 INTRODUCE 36 39 2
RECIEVED 1553584996 INTRODUCE 36 39 2
RECIEVED 1553584996 INTRODUCE 35 39 2
RECIEVED 1553584996 INTRODUCE 36 39 2
RECIEVED 1553584996 INTRODUCE 35 39 2
RECIEVED 1553584996 JOIN 31 39 2
SEND 1553584996 INTRODUCE 37 16873
SEND 1553584996 INTRODUCE 37 15033
SEND 1553584996 INTRODUCE 36 15145
SEND 1553584996 INTRODUCE 37 14069
SEND 1553584996 INTRODUCE 35 13861
SEND 1553584996 INTRODUCE 36 13879
SEND 1553584996 INTRODUCE 36 13038
SEND 1553584996 INTRODUCE 37 13734
SEND 1553584996 INTRODUCE 35 25310
SEND 1553584996 INTRODUCE 36 12041
SEND 1553584996 INTRODUCE 35 11939
SEND 1553584996 INTRODUCE 36 11734
SEND 1553584996 INTRODUCE 36 11178
SEND 1553584996 INTRODUCE 36 16455
SEND 1553584996 INTRODUCE 36 12023
# Failed listening 
%!(EXTRA string=node4)# ERROR: read tcp 172.22.156.206:47248->172.22.156.208:8004: read: connection reset by peer
SEND 1553584996 INTRODUCE 36 11465
SEND 1553584996 INTRODUCE 35 9288
SEND 1553584996 INTRODUCE 35 11884
SEND 1553584996 INTRODUCE 36 14613
SEND 1553584996 INTRODUCE 35 12012
SEND 1553584996 INTRODUCE 37 24173
SEND 1553584996 INTRODUCE 36 12472
SEND 1553584996 INTRODUCE 35 12245
# Failed listening 
%!(EXTRA string=node10)# ERROR: read tcp 172.22.156.206:49032->172.22.156.208:8010: read: connection reset by peer
SEND 1553584996 INTRODUCE 36 12855
SEND 1553584996 INTRODUCE 36 13479
SEND 1553584996 INTRODUCE 36 11171
SEND 1553584996 INTRODUCE 36 11913
SEND 1553584996 INTRODUCE 37 10601
SEND 1553584996 INTRODUCE 36 14259
SEND 1553584996 INTRODUCE 36 11592
SEND 1553584996 INTRODUCE 37 11653
SEND 1553584996 INTRODUCE 36 31552
SEND 1553584996 INTRODUCE 36 12405
SEND 1553584996 INTRODUCE 35 11534
SEND 1553584996 INTRODUCE 36 11520
SEND 1553584996 INTRODUCE 36 11586
SEND 1553584996 INTRODUCE 35 12198
SEND 1553584996 INTRODUCE 36 11881
SEND 1553584996 INTRODUCE 35 11282
RECIEVED 1553584996 INTRODUCE 36 40 2
RECIEVED 1553584996 INTRODUCE 36 40 2
RECIEVED 1553584996 INTRODUCE 35 40 2
RECIEVED 1553584996 INTRODUCE 35 40 2
RECIEVED 1553584996 INTRODUCE 35 40 2
RECIEVED 1553584996 INTRODUCE 36 40 2
RECIEVED 1553584996 INTRODUCE 37 40 2
RECIEVED 1553584996 INTRODUCE 37 40 2
RECIEVED 1553584996 INTRODUCE 36 40 2
RECIEVED 1553584996 INTRODUCE 36 40 2
RECIEVED 1553584996 INTRODUCE 35 40 2
RECIEVED 1553584996 INTRODUCE 36 40 2
RECIEVED 1553584996 INTRODUCE 37 40 2
RECIEVED 1553584996 INTRODUCE 36 40 2
RECIEVED 1553584996 INTRODUCE 36 40 2
RECIEVED 1553584996 JOIN 31 40 2
SEND 1553584996 INTRODUCE 36 12696
SEND 1553584996 INTRODUCE 35 15020
SEND 1553584996 INTRODUCE 36 12016
SEND 1553584996 INTRODUCE 35 10861
SEND 1553584996 INTRODUCE 36 10853
SEND 1553584996 INTRODUCE 35 10408
SEND 1553584996 INTRODUCE 36 11329
SEND 1553584996 INTRODUCE 37 15041
SEND 1553584996 INTRODUCE 35 49190
SEND 1553584996 INTRODUCE 36 12594
SEND 1553584996 INTRODUCE 36 13576
SEND 1553584996 INTRODUCE 37 13401
SEND 1553584996 INTRODUCE 37 10373
SEND 1553584996 INTRODUCE 36 10731
SEND 1553584996 INTRODUCE 35 14472
SEND 1553584996 INTRODUCE 36 15016
SEND 1553584996 INTRODUCE 35 10551
SEND 1553584996 INTRODUCE 37 15264
SEND 1553584996 INTRODUCE 36 19660
SEND 1553584996 INTRODUCE 36 10591
SEND 1553584996 INTRODUCE 36 10774
SEND 1553584996 INTRODUCE 36 10029
SEND 1553584996 INTRODUCE 36 15946
SEND 1553584996 INTRODUCE 35 14558
SEND 1553584996 INTRODUCE 35 12338
SEND 1553584996 INTRODUCE 36 11009
SEND 1553584996 INTRODUCE 36 10798
SEND 1553584996 INTRODUCE 35 44602
SEND 1553584996 INTRODUCE 37 9528
SEND 1553584996 INTRODUCE 36 8236
SEND 1553584996 INTRODUCE 36 10009
SEND 1553584996 INTRODUCE 36 9935
SEND 1553584996 INTRODUCE 37 10944
SEND 1553584996 INTRODUCE 35 16232
SEND 1553584996 INTRODUCE 36 11102
SEND 1553584996 INTRODUCE 36 11384
SEND 1553584996 INTRODUCE 36 16887
SEND 1553584996 INTRODUCE 37 9917
SEND 1553584996 INTRODUCE 36 11959
SEND 1553584996 INTRODUCE 36 12062
RECIEVED 1553584996 JOIN 30 41 2
RECIEVED 1553584996 INTRODUCE 36 41 2
RECIEVED 1553584996 INTRODUCE 36 41 2
RECIEVED 1553584996 INTRODUCE 36 41 2
RECIEVED 1553584996 INTRODUCE 36 41 2
RECIEVED 1553584996 INTRODUCE 37 41 2
RECIEVED 1553584996 INTRODUCE 37 41 2
RECIEVED 1553584996 INTRODUCE 35 41 2
RECIEVED 1553584996 INTRODUCE 36 41 2
RECIEVED 1553584996 INTRODUCE 36 41 2
RECIEVED 1553584996 INTRODUCE 37 41 2
RECIEVED 1553584996 INTRODUCE 37 41 2
RECIEVED 1553584996 INTRODUCE 37 41 2
RECIEVED 1553584996 INTRODUCE 36 41 2
RECIEVED 1553584996 INTRODUCE 36 41 2
RECIEVED 1553584996 INTRODUCE 36 41 2
RECIEVED 1553584996 INTRODUCE 36 41 2
RECIEVED 1553584996 JOIN 31 41 2
RECIEVED 1553584996 INTRODUCE 35 41 2
RECIEVED 1553584996 INTRODUCE 36 41 2
RECIEVED 1553584996 INTRODUCE 37 41 2
RECIEVED 1553584996 INTRODUCE 36 41 2
RECIEVED 1553584996 INTRODUCE 35 41 2
RECIEVED 1553584996 INTRODUCE 35 41 2
RECIEVED 1553584996 INTRODUCE 36 41 2
RECIEVED 1553584996 INTRODUCE 37 41 2
RECIEVED 1553584996 INTRODUCE 36 41 2
RECIEVED 1553584996 INTRODUCE 36 41 2
RECIEVED 1553584996 TRANSACTION 79 41 2
RECIEVED 1553584996 INTRODUCE 37 41 2
RECIEVED 1553584996 JOIN 32 41 2
RECIEVED 1553584996 INTRODUCE 36 41 2
RECIEVED 1553584996 TRANSACTION 80 41 2
UPDATE 1553584996 TRANSACTION a318cdb978964975d202e2290bc716a7
SEND 1553584996 TRANSACTION 80 12758 a318cdb978964975d202e2290bc716a7
SEND 1553584996 TRANSACTION 80 15076 a318cdb978964975d202e2290bc716a7
SEND 1553584996 TRANSACTION 80 17348 a318cdb978964975d202e2290bc716a7
SEND 1553584996 TRANSACTION 80 11419 a318cdb978964975d202e2290bc716a7
SEND 1553584996 TRANSACTION 80 16963 a318cdb978964975d202e2290bc716a7
SEND 1553584996 TRANSACTION 80 10520 a318cdb978964975d202e2290bc716a7
SEND 1553584996 TRANSACTION 80 11752 a318cdb978964975d202e2290bc716a7
SEND 1553584996 TRANSACTION 80 11495 a318cdb978964975d202e2290bc716a7
SEND 1553584996 TRANSACTION 80 15212 a318cdb978964975d202e2290bc716a7
SEND 1553584996 TRANSACTION 80 10548 a318cdb978964975d202e2290bc716a7
SEND 1553584996 TRANSACTION 80 43982 a318cdb978964975d202e2290bc716a7
SEND 1553584996 TRANSACTION 80 14960 a318cdb978964975d202e2290bc716a7
RECIEVED 1553584996 INTRODUCE 37 41 3
RECIEVED 1553584996 INTRODUCE 36 41 3
RECIEVED 1553584996 INTRODUCE 37 41 3
RECIEVED 1553584996 INTRODUCE 35 41 3
RECIEVED 1553584996 INTRODUCE 37 41 3
RECIEVED 1553584996 TRANSACTION 80 41 3
RECIEVED 1553584996 INTRODUCE 36 41 3
RECIEVED 1553584996 INTRODUCE 36 41 3
RECIEVED 1553584996 INTRODUCE 35 41 3
RECIEVED 1553584996 INTRODUCE 35 41 3
RECIEVED 1553584996 INTRODUCE 36 41 3
RECIEVED 1553584996 TRANSACTION 80 41 3
RECIEVED 1553584996 INTRODUCE 36 41 3
RECIEVED 1553584996 INTRODUCE 35 41 3
RECIEVED 1553584996 INTRODUCE 37 41 3
RECIEVED 1553584996 INTRODUCE 36 41 3
RECIEVED 1553584996 INTRODUCE 36 41 3
RECIEVED 1553584996 TRANSACTION 79 41 3
RECIEVED 1553584996 INTRODUCE 36 41 3
RECIEVED 1553584996 TRANSACTION 79 41 3
RECIEVED 1553584996 INTRODUCE 35 41 3
RECIEVED 1553584996 INTRODUCE 36 41 3
RECIEVED 1553584996 JOIN 30 41 3
RECIEVED 1553584996 INTRODUCE 36 41 3
RECIEVED 1553584996 INTRODUCE 37 41 3
RECIEVED 1553584996 INTRODUCE 36 41 3
RECIEVED 1553584996 INTRODUCE 36 41 3
RECIEVED 1553584996 INTRODUCE 36 41 3
RECIEVED 1553584996 INTRODUCE 36 41 3
RECIEVED 1553584996 TRANSACTION 80 41 3
RECIEVED 1553584996 INTRODUCE 36 41 3
RECIEVED 1553584996 INTRODUCE 36 41 3
RECIEVED 1553584996 INTRODUCE 35 41 3
RECIEVED 1553584996 INTRODUCE 35 41 3
RECIEVED 1553584996 INTRODUCE 36 41 3
RECIEVED 1553584996 INTRODUCE 36 41 3
RECIEVED 1553584996 INTRODUCE 36 41 3
RECIEVED 1553584996 INTRODUCE 35 41 3
RECIEVED 1553584996 INTRODUCE 36 41 3
RECIEVED 1553584996 INTRODUCE 36 41 3
RECIEVED 1553584996 INTRODUCE 35 41 3
RECIEVED 1553584996 JOIN 32 41 3
SEND 1553584996 INTRODUCE 36 14178
SEND 1553584996 INTRODUCE 36 14823
SEND 1553584996 INTRODUCE 36 14931
SEND 1553584996 INTRODUCE 36 13588
SEND 1553584996 INTRODUCE 35 13425
SEND 1553584996 INTRODUCE 35 14050
SEND 1553584996 INTRODUCE 36 13389
SEND 1553584996 INTRODUCE 36 12389
SEND 1553584996 INTRODUCE 35 11181
SEND 1553584996 INTRODUCE 37 17776
SEND 1553584996 INTRODUCE 36 11593
SEND 1553584996 INTRODUCE 36 11611
SEND 1553584996 INTRODUCE 36 12688
SEND 1553584996 INTRODUCE 37 19935
SEND 1553584996 INTRODUCE 35 14574
SEND 1553584996 INTRODUCE 36 13314
SEND 1553584996 INTRODUCE 36 11228
SEND 1553584996 INTRODUCE 36 11011
SEND 1553584996 INTRODUCE 37 10220
SEND 1553584996 INTRODUCE 36 11917
SEND 1553584996 INTRODUCE 36 11124
SEND 1553584996 INTRODUCE 35 10389
SEND 1553584996 INTRODUCE 36 11112
SEND 1553584996 INTRODUCE 35 16779
SEND 1553584996 INTRODUCE 36 16124
SEND 1553584996 INTRODUCE 35 16223
SEND 1553584996 INTRODUCE 36 11380
SEND 1553584996 INTRODUCE 36 3989
SEND 1553584996 INTRODUCE 35 3788
SEND 1553584996 INTRODUCE 36 4626
SEND 1553584996 INTRODUCE 36 5042
SEND 1553584996 INTRODUCE 37 4525
SEND 1553584996 INTRODUCE 37 4078
SEND 1553584996 INTRODUCE 36 6136
SEND 1553584996 INTRODUCE 37 11940
SEND 1553584996 INTRODUCE 35 10999
SEND 1553584996 INTRODUCE 36 9536
SEND 1553584996 INTRODUCE 35 10496
SEND 1553584996 INTRODUCE 37 11935
SEND 1553584996 INTRODUCE 36 11575
SEND 1553584996 INTRODUCE 36 11459
RECIEVED 1553584996 INTRODUCE 36 42 3
RECIEVED 1553584996 INTRODUCE 35 42 3
RECIEVED 1553584996 JOIN 31 42 3
RECIEVED 1553584996 INTRODUCE 35 42 3
RECIEVED 1553584996 INTRODUCE 36 42 3
RECIEVED 1553584996 INTRODUCE 36 42 3
RECIEVED 1553584996 INTRODUCE 35 42 3
RECIEVED 1553584996 INTRODUCE 36 42 3
RECIEVED 1553584996 INTRODUCE 36 42 3
RECIEVED 1553584996 INTRODUCE 36 42 3
RECIEVED 1553584996 TRANSACTION 79 42 3
RECIEVED 1553584996 INTRODUCE 35 42 3
RECIEVED 1553584996 INTRODUCE 37 42 3
RECIEVED 1553584996 INTRODUCE 36 42 3
RECIEVED 1553584996 INTRODUCE 36 42 3
RECIEVED 1553584996 TRANSACTION 79 42 3
RECIEVED 1553584996 INTRODUCE 36 42 3
RECIEVED 1553584996 INTRODUCE 36 42 3
RECIEVED 1553584996 INTRODUCE 37 42 3
RECIEVED 1553584996 INTRODUCE 35 42 3
RECIEVED 1553584996 INTRODUCE 36 42 3
RECIEVED 1553584996 INTRODUCE 35 42 3
RECIEVED 1553584996 INTRODUCE 36 42 3
RECIEVED 1553584996 INTRODUCE 36 42 3
RECIEVED 1553584996 INTRODUCE 37 42 3
RECIEVED 1553584996 INTRODUCE 35 42 3
RECIEVED 1553584996 INTRODUCE 36 42 3
RECIEVED 1553584996 INTRODUCE 36 42 3
RECIEVED 1553584996 INTRODUCE 37 42 3
RECIEVED 1553584996 INTRODUCE 36 42 3
RECIEVED 1553584996 INTRODUCE 35 42 3
RECIEVED 1553584996 INTRODUCE 36 42 3
RECIEVED 1553584996 JOIN 32 42 3
SEND 1553584996 INTRODUCE 37 18093
SEND 1553584996 INTRODUCE 36 14682
SEND 1553584996 INTRODUCE 36 13622
SEND 1553584996 INTRODUCE 37 14098
SEND 1553584996 INTRODUCE 36 16962
SEND 1553584996 INTRODUCE 36 21209
SEND 1553584996 INTRODUCE 35 14439
SEND 1553584996 INTRODUCE 36 13361
SEND 1553584996 INTRODUCE 35 20157
SEND 1553584996 INTRODUCE 36 13384
SEND 1553584996 INTRODUCE 36 16637
SEND 1553584996 INTRODUCE 35 12476
SEND 1553584996 INTRODUCE 36 13448
SEND 1553584996 INTRODUCE 36 14740
SEND 1553584996 INTRODUCE 37 13584
SEND 1553584996 INTRODUCE 37 14164
SEND 1553584996 INTRODUCE 36 14926
SEND 1553584996 INTRODUCE 37 10875
SEND 1553584996 INTRODUCE 35 11697
SEND 1553584996 INTRODUCE 36 20878
SEND 1553584996 INTRODUCE 35 11236
SEND 1553584996 INTRODUCE 37 9591
SEND 1553584996 INTRODUCE 36 16642
SEND 1553584996 INTRODUCE 36 10696
SEND 1553584996 INTRODUCE 35 10822
SEND 1553584996 INTRODUCE 36 14718
SEND 1553584996 INTRODUCE 36 13840
SEND 1553584996 INTRODUCE 36 12030
SEND 1553584996 INTRODUCE 36 15713
SEND 1553584996 INTRODUCE 35 12198
SEND 1553584996 INTRODUCE 36 9428
SEND 1553584996 INTRODUCE 36 43836
SEND 1553584996 INTRODUCE 35 12017
SEND 1553584996 INTRODUCE 37 11684
SEND 1553584996 INTRODUCE 36 11586
SEND 1553584996 INTRODUCE 35 11643
SEND 1553584996 INTRODUCE 36 11706
SEND 1553584996 INTRODUCE 37 11908
SEND 1553584996 INTRODUCE 35 9048
SEND 1553584996 INTRODUCE 36 11541
SEND 1553584996 INTRODUCE 36 11090
SEND 1553584996 INTRODUCE 36 12289
RECIEVED 1553584996 JOIN 30 43 3
RECIEVED 1553584996 INTRODUCE 36 43 3
RECIEVED 1553584996 INTRODUCE 36 43 3
RECIEVED 1553584996 INTRODUCE 36 43 3
RECIEVED 1553584996 INTRODUCE 36 43 3
RECIEVED 1553584996 TRANSACTION 79 43 3
RECIEVED 1553584996 INTRODUCE 36 43 3
RECIEVED 1553584996 INTRODUCE 37 43 3
RECIEVED 1553584996 INTRODUCE 36 43 3
RECIEVED 1553584996 INTRODUCE 35 43 3
RECIEVED 1553584996 INTRODUCE 37 43 3
RECIEVED 1553584996 INTRODUCE 36 43 3
RECIEVED 1553584996 INTRODUCE 36 43 3
RECIEVED 1553584996 INTRODUCE 36 43 3
RECIEVED 1553584996 INTRODUCE 36 43 3
RECIEVED 1553584996 INTRODUCE 37 43 3
RECIEVED 1553584996 INTRODUCE 36 43 3
RECIEVED 1553584996 INTRODUCE 36 43 3
RECIEVED 1553584996 INTRODUCE 35 43 3
RECIEVED 1553584996 INTRODUCE 36 43 3
RECIEVED 1553584996 INTRODUCE 35 43 3
RECIEVED 1553584996 INTRODUCE 36 43 3
RECIEVED 1553584996 INTRODUCE 36 43 3
RECIEVED 1553584996 INTRODUCE 37 43 3
RECIEVED 1553584996 INTRODUCE 36 43 3
RECIEVED 1553584996 INTRODUCE 36 43 3
RECIEVED 1553584996 INTRODUCE 36 43 3
RECIEVED 1553584996 INTRODUCE 35 43 3
RECIEVED 1553584996 INTRODUCE 37 43 3
RECIEVED 1553584996 INTRODUCE 37 43 3
RECIEVED 1553584996 INTRODUCE 36 43 3
RECIEVED 1553584996 INTRODUCE 36 43 3
RECIEVED 1553584996 INTRODUCE 37 43 3
RECIEVED 1553584996 INTRODUCE 37 43 3
RECIEVED 1553584996 INTRODUCE 35 43 3
RECIEVED 1553584996 INTRODUCE 36 43 3
RECIEVED 1553584996 INTRODUCE 35 43 3
RECIEVED 1553584996 INTRODUCE 35 43 3
RECIEVED 1553584996 INTRODUCE 36 43 3
RECIEVED 1553584996 INTRODUCE 36 43 3
RECIEVED 1553584996 INTRODUCE 36 43 3
RECIEVED 1553584996 TRANSACTION 79 43 3
RECIEVED 1553584996 INTRODUCE 36 43 3
RECIEVED 1553584996 INTRODUCE 35 43 3
RECIEVED 1553584996 INTRODUCE 35 43 3
RECIEVED 1553584996 INTRODUCE 36 43 3
RECIEVED 1553584996 INTRODUCE 36 43 3
RECIEVED 1553584996 INTRODUCE 35 43 3
RECIEVED 1553584996 INTRODUCE 35 43 3
RECIEVED 1553584996 INTRODUCE 36 43 3
RECIEVED 1553584996 INTRODUCE 37 43 3
RECIEVED 1553584996 INTRODUCE 35 43 3
RECIEVED 1553584996 INTRODUCE 36 43 3
RECIEVED 1553584996 INTRODUCE 37 43 3
RECIEVED 1553584996 INTRODUCE 36 43 3
RECIEVED 1553584996 INTRODUCE 36 43 3
RECIEVED 1553584996 INTRODUCE 37 43 3
RECIEVED 1553584996 INTRODUCE 35 43 3
RECIEVED 1553584996 INTRODUCE 36 43 3
RECIEVED 1553584996 INTRODUCE 35 43 3
RECIEVED 1553584996 INTRODUCE 35 43 3
RECIEVED 1553584996 INTRODUCE 36 43 3
RECIEVED 1553584996 INTRODUCE 36 43 3
RECIEVED 1553584996 INTRODUCE 37 43 3
RECIEVED 1553584996 INTRODUCE 36 43 3
RECIEVED 1553584996 INTRODUCE 35 43 3
RECIEVED 1553584996 INTRODUCE 35 43 3
RECIEVED 1553584996 INTRODUCE 36 43 3
RECIEVED 1553584996 JOIN 30 43 3
RECIEVED 1553584996 TRANSACTION 81 43 3
UPDATE 1553584996 TRANSACTION dba65a4a352a874d898423793b51c4f4
SEND 1553584996 TRANSACTION 81 15416 dba65a4a352a874d898423793b51c4f4
SEND 1553584996 TRANSACTION 81 15167 dba65a4a352a874d898423793b51c4f4
SEND 1553584996 TRANSACTION 81 17149 dba65a4a352a874d898423793b51c4f4
# Failed sending to node node10
# ERROR: write tcp 172.22.156.206:49032->172.22.156.208:8010: write: broken pipe
# Could not send message to node10
SEND 1553584996 TRANSACTION 81 9275 dba65a4a352a874d898423793b51c4f4
SEND 1553584996 TRANSACTION 81 11008 dba65a4a352a874d898423793b51c4f4
SEND 1553584996 TRANSACTION 81 13738 dba65a4a352a874d898423793b51c4f4
SEND 1553584996 TRANSACTION 81 11364 dba65a4a352a874d898423793b51c4f4
SEND 1553584996 TRANSACTION 81 15601 dba65a4a352a874d898423793b51c4f4
SEND 1553584996 TRANSACTION 81 10464 dba65a4a352a874d898423793b51c4f4
SEND 1553584996 TRANSACTION 81 14983 dba65a4a352a874d898423793b51c4f4
SEND 1553584996 TRANSACTION 81 10685 dba65a4a352a874d898423793b51c4f4
SEND 1553584996 TRANSACTION 81 48341 dba65a4a352a874d898423793b51c4f4
SEND 1553584996 TRANSACTION 81 71147 dba65a4a352a874d898423793b51c4f4
RECIEVED 1553584996 TRANSACTION 81 42 4
RECIEVED 1553584996 TRANSACTION 81 42 4
RECIEVED 1553584996 JOIN 31 42 4
RECIEVED 1553584996 JOIN 31 42 4
RECIEVED 1553584996 TRANSACTION 81 42 4
RECIEVED 1553584996 INTRODUCE 36 42 4
RECIEVED 1553584996 TRANSACTION 80 42 4
RECIEVED 1553584996 JOIN 32 42 4
RECIEVED 1553584996 TRANSACTION 79 42 4
RECIEVED 1553584996 INTRODUCE 36 42 4
RECIEVED 1553584996 INTRODUCE 36 42 4
RECIEVED 1553584996 TRANSACTION 79 42 4
RECIEVED 1553584996 JOIN 31 42 4
RECIEVED 1553584996 INTRODUCE 36 42 4
RECIEVED 1553584996 JOIN 31 42 4
RECIEVED 1553584996 INTRODUCE 37 42 4
RECIEVED 1553584996 TRANSACTION 81 42 4
RECIEVED 1553584996 TRANSACTION 80 42 4
RECIEVED 1553584996 TRANSACTION 81 42 4
RECIEVED 1553584996 INTRODUCE 37 42 4
RECIEVED 1553584996 TRANSACTION 81 42 4
UPDATE 1553584996 TRANSACTION 1ba51fcf5e7be55d3c151e5d2c4837b1
SEND 1553584996 TRANSACTION 81 54699 1ba51fcf5e7be55d3c151e5d2c4837b1
SEND 1553584996 TRANSACTION 81 14780 1ba51fcf5e7be55d3c151e5d2c4837b1
SEND 1553584996 TRANSACTION 81 16293 1ba51fcf5e7be55d3c151e5d2c4837b1
SEND 1553584996 TRANSACTION 81 16600 1ba51fcf5e7be55d3c151e5d2c4837b1
SEND 1553584996 TRANSACTION 81 16784 1ba51fcf5e7be55d3c151e5d2c4837b1
SEND 1553584996 TRANSACTION 81 20647 1ba51fcf5e7be55d3c151e5d2c4837b1
SEND 1553584996 TRANSACTION 81 13904 1ba51fcf5e7be55d3c151e5d2c4837b1
SEND 1553584996 TRANSACTION 81 46608 1ba51fcf5e7be55d3c151e5d2c4837b1
SEND 1553584996 TRANSACTION 81 12709 1ba51fcf5e7be55d3c151e5d2c4837b1
SEND 1553584996 TRANSACTION 81 10487 1ba51fcf5e7be55d3c151e5d2c4837b1
SEND 1553584996 TRANSACTION 81 14017 1ba51fcf5e7be55d3c151e5d2c4837b1
SEND 1553584996 TRANSACTION 81 15331 1ba51fcf5e7be55d3c151e5d2c4837b1
SEND 1553584996 TRANSACTION 81 17409 1ba51fcf5e7be55d3c151e5d2c4837b1
SEND 1553584996 TRANSACTION 81 12927 1ba51fcf5e7be55d3c151e5d2c4837b1
SEND 1553584996 TRANSACTION 81 13857 1ba51fcf5e7be55d3c151e5d2c4837b1
SEND 1553584996 TRANSACTION 81 11959 1ba51fcf5e7be55d3c151e5d2c4837b1
SEND 1553584996 TRANSACTION 81 10559 1ba51fcf5e7be55d3c151e5d2c4837b1
SEND 1553584996 TRANSACTION 81 11889 1ba51fcf5e7be55d3c151e5d2c4837b1
SEND 1553584996 TRANSACTION 81 11417 1ba51fcf5e7be55d3c151e5d2c4837b1
SEND 1553584996 TRANSACTION 81 14744 1ba51fcf5e7be55d3c151e5d2c4837b1
SEND 1553584996 TRANSACTION 81 15297 1ba51fcf5e7be55d3c151e5d2c4837b1
RECIEVED 1553584996 TRANSACTION 81 42 5
RECIEVED 1553584996 INTRODUCE 36 42 5
RECIEVED 1553584996 TRANSACTION 81 42 5
RECIEVED 1553584996 INTRODUCE 37 42 5
RECIEVED 1553584996 JOIN 32 42 5
RECIEVED 1553584996 JOIN 32 42 5
SEND 1553584996 INTRODUCE 36 15605
SEND 1553584996 INTRODUCE 37 13282
SEND 1553584996 INTRODUCE 37 13244
SEND 1553584996 INTRODUCE 35 13060
SEND 1553584996 INTRODUCE 36 12141
SEND 1553584996 INTRODUCE 36 16902
SEND 1553584996 INTRODUCE 37 13540
SEND 1553584996 INTRODUCE 37 12857
SEND 1553584996 INTRODUCE 36 17289
SEND 1553584996 INTRODUCE 35 13193
SEND 1553584996 INTRODUCE 36 13143
SEND 1553584996 INTRODUCE 35 13102
SEND 1553584996 INTRODUCE 37 35803
SEND 1553584996 INTRODUCE 36 13901
SEND 1553584996 INTRODUCE 36 11792
SEND 1553584996 INTRODUCE 36 12122
SEND 1553584996 INTRODUCE 36 9859
SEND 1553584996 INTRODUCE 36 8348
SEND 1553584996 INTRODUCE 35 26560
SEND 1553584996 INTRODUCE 35 9196
SEND 1553584996 INTRODUCE 36 10454
SEND 1553584996 INTRODUCE 36 10188
SEND 1553584996 INTRODUCE 35 9856
SEND 1553584996 INTRODUCE 37 10360
SEND 1553584996 INTRODUCE 36 11270
SEND 1553584996 INTRODUCE 36 9055
SEND 1553584996 INTRODUCE 36 11155
SEND 1553584996 INTRODUCE 36 9599
SEND 1553584996 INTRODUCE 35 9117
SEND 1553584996 INTRODUCE 36 10012
SEND 1553584996 INTRODUCE 36 16230
SEND 1553584996 INTRODUCE 37 11320
SEND 1553584996 INTRODUCE 36 11554
SEND 1553584996 INTRODUCE 36 11024
SEND 1553584996 INTRODUCE 37 10964
SEND 1553584996 INTRODUCE 36 12533
SEND 1553584996 INTRODUCE 36 10132
SEND 1553584996 INTRODUCE 35 11084
SEND 1553584996 INTRODUCE 36 18500
# Failed listening 
%!(EXTRA string=node11)# ERROR: read tcp 172.22.156.206:48222->172.22.94.217:8011: read: connection reset by peer
SEND 1553584996 INTRODUCE 35 11419
SEND 1553584996 INTRODUCE 36 18019
SEND 1553584996 INTRODUCE 35 11228
RECIEVED 1553584996 TRANSACTION 79 43 5
UPDATE 1553584996 TRANSACTION 965550deb6cc561e2a757179e13b788e
SEND 1553584996 TRANSACTION 79 17083 965550deb6cc561e2a757179e13b788e
SEND 1553584996 TRANSACTION 79 14943 965550deb6cc561e2a757179e13b788e
SEND 1553584996 TRANSACTION 79 16922 965550deb6cc561e2a757179e13b788e
SEND 1553584996 TRANSACTION 79 10621 965550deb6cc561e2a757179e13b788e
SEND 1553584996 TRANSACTION 79 14399 965550deb6cc561e2a757179e13b788e
SEND 1553584996 TRANSACTION 79 17875 965550deb6cc561e2a757179e13b788e
SEND 1553584996 TRANSACTION 79 12283 965550deb6cc561e2a757179e13b788e
SEND 1553584996 TRANSACTION 79 16264 965550deb6cc561e2a757179e13b788e
SEND 1553584996 TRANSACTION 79 15422 965550deb6cc561e2a757179e13b788e
SEND 1553584996 TRANSACTION 79 14049 965550deb6cc561e2a757179e13b788e
SEND 1553584996 TRANSACTION 79 11591 965550deb6cc561e2a757179e13b788e
SEND 1553584996 TRANSACTION 79 10423 965550deb6cc561e2a757179e13b788e
SEND 1553584996 TRANSACTION 79 17392 965550deb6cc561e2a757179e13b788e
SEND 1553584996 TRANSACTION 79 11277 965550deb6cc561e2a757179e13b788e
SEND 1553584996 TRANSACTION 79 18247 965550deb6cc561e2a757179e13b788e
RECIEVED 1553584996 JOIN 31 43 6
RECIEVED 1553584996 INTRODUCE 37 43 6
RECIEVED 1553584996 INTRODUCE 36 43 6
RECIEVED 1553584996 TRANSACTION 79 43 6
RECIEVED 1553584996 INTRODUCE 35 43 6
RECIEVED 1553584996 INTRODUCE 36 43 6
RECIEVED 1553584996 INTRODUCE 36 43 6
RECIEVED 1553584996 INTRODUCE 36 43 6
RECIEVED 1553584996 INTRODUCE 36 43 6
RECIEVED 1553584996 INTRODUCE 36 43 6
RECIEVED 1553584996 TRANSACTION 81 43 6
RECIEVED 1553584996 TRANSACTION 81 43 6
RECIEVED 1553584996 INTRODUCE 36 43 6
RECIEVED 1553584996 INTRODUCE 36 43 6
RECIEVED 1553584996 TRANSACTION 81 43 6
RECIEVED 1553584996 INTRODUCE 35 43 6
RECIEVED 1553584996 TRANSACTION 81 43 6
RECIEVED 1553584996 TRANSACTION 79 43 6
RECIEVED 1553584996 INTRODUCE 36 43 6
RECIEVED 1553584996 INTRODUCE 36 43 6
RECIEVED 1553584996 INTRODUCE 36 43 6
RECIEVED 1553584996 INTRODUCE 36 43 6
RECIEVED 1553584996 INTRODUCE 37 43 6
RECIEVED 1553584996 INTRODUCE 35 43 6
RECIEVED 1553584996 TRANSACTION 81 43 6
RECIEVED 1553584996 INTRODUCE 36 43 6
RECIEVED 1553584996 INTRODUCE 35 43 6
RECIEVED 1553584996 INTRODUCE 37 43 6
RECIEVED 1553584996 INTRODUCE 37 43 6
RECIEVED 1553584996 INTRODUCE 36 43 6
RECIEVED 1553584996 INTRODUCE 36 43 6
RECIEVED 1553584996 INTRODUCE 36 43 6
RECIEVED 1553584996 INTRODUCE 37 43 6
RECIEVED 1553584996 TRANSACTION 81 43 6
RECIEVED 1553584996 INTRODUCE 36 43 6
RECIEVED 1553584996 TRANSACTION 79 43 6
RECIEVED 1553584996 INTRODUCE 36 43 6
RECIEVED 1553584996 INTRODUCE 36 43 6
RECIEVED 1553584996 INTRODUCE 36 43 6
RECIEVED 1553584996 INTRODUCE 36 43 6
RECIEVED 1553584996 INTRODUCE 36 43 6
RECIEVED 1553584996 INTRODUCE 37 43 6
RECIEVED 1553584996 INTRODUCE 35 43 6
RECIEVED 1553584996 INTRODUCE 36 43 6
RECIEVED 1553584996 INTRODUCE 37 43 6
RECIEVED 1553584996 INTRODUCE 36 43 6
RECIEVED 1553584996 INTRODUCE 37 43 6
RECIEVED 1553584996 INTRODUCE 35 43 6
RECIEVED 1553584996 INTRODUCE 37 43 6
SEND 1553584996 INTRODUCE 37 23210
SEND 1553584996 INTRODUCE 37 38207
SEND 1553584996 INTRODUCE 37 15456
SEND 1553584996 INTRODUCE 37 17440
SEND 1553584996 INTRODUCE 37 16104
# recieved string JOIN node15 172.22.94.217 8015

SEND 1553584996 INTRODUCE 37 10923
SEND 1553584996 INTRODUCE 37 10584
SEND 1553584996 INTRODUCE 37 10304
SEND 1553584996 INTRODUCE 37 10083
SEND 1553584996 INTRODUCE 37 22822
SEND 1553584996 INTRODUCE 37 14953
SEND 1553584996 INTRODUCE 37 11874
SEND 1553584996 INTRODUCE 37 13865
SEND 1553584996 INTRODUCE 37 14928
SEND 1553584996 INTRODUCE 37 16505
SEND 1553584996 INTRODUCE 37 11107
SEND 1553584996 INTRODUCE 37 16368
SEND 1553584996 INTRODUCE 37 12457
SEND 1553584996 INTRODUCE 37 11302
SEND 1553584996 INTRODUCE 37 10684
SEND 1553584996 INTRODUCE 37 10451
SEND 1553584996 INTRODUCE 37 10154
SEND 1553584996 INTRODUCE 37 15919
# Failed sending to node node11
# ERROR: write tcp 172.22.156.206:48222->172.22.94.217:8011: write: broken pipe
SEND 1553584996 INTRODUCE 37 11920
SEND 1553584996 INTRODUCE 37 22795
SEND 1553584996 INTRODUCE 37 15731
SEND 1553584996 INTRODUCE 37 24855
SEND 1553584996 INTRODUCE 37 15817
SEND 1553584996 INTRODUCE 37 11021
SEND 1553584996 INTRODUCE 37 13541
SEND 1553584996 INTRODUCE 37 13608
# Failed listening 
%!(EXTRA string=node3)# ERROR: read tcp 172.22.156.206:50014->172.22.94.217:8003: read: connection reset by peer
SEND 1553584996 INTRODUCE 37 9849
SEND 1553584996 INTRODUCE 37 15275
SEND 1553584996 INTRODUCE 37 10830
SEND 1553584996 INTRODUCE 37 10718
SEND 1553584996 INTRODUCE 37 11001
SEND 1553584996 INTRODUCE 37 16442
SEND 1553584996 INTRODUCE 37 11764
SEND 1553584996 INTRODUCE 37 10276
SEND 1553584996 INTRODUCE 37 11027
# Failed sending to node node4
# ERROR: write tcp 172.22.156.206:47248->172.22.156.208:8004: write: broken pipe
SEND 1553584996 INTRODUCE 37 10368
SEND 1553584996 JOIN 31 40047
RECIEVED 1553584996 INTRODUCE 36 44 6
RECIEVED 1553584996 INTRODUCE 36 44 6
RECIEVED 1553584996 INTRODUCE 36 44 6
RECIEVED 1553584996 INTRODUCE 35 44 6
RECIEVED 1553584996 INTRODUCE 36 44 6
RECIEVED 1553584996 JOIN 31 44 6
SEND 1553584996 INTRODUCE 36 11268
SEND 1553584996 INTRODUCE 36 9064
SEND 1553584996 INTRODUCE 36 10357
SEND 1553584996 INTRODUCE 36 9365
SEND 1553584996 INTRODUCE 35 8707
SEND 1553584996 INTRODUCE 35 14058
SEND 1553584996 INTRODUCE 36 39345
SEND 1553584996 INTRODUCE 36 45018
SEND 1553584996 INTRODUCE 35 8623
SEND 1553584996 INTRODUCE 37 10446
SEND 1553584996 INTRODUCE 36 13148
SEND 1553584996 INTRODUCE 36 21926
SEND 1553584996 INTRODUCE 36 13524
SEND 1553584996 INTRODUCE 37 12634
SEND 1553584996 INTRODUCE 35 10832
SEND 1553584996 INTRODUCE 36 21451
SEND 1553584996 INTRODUCE 36 13201
SEND 1553584996 INTRODUCE 36 10352
SEND 1553584996 INTRODUCE 37 13981
SEND 1553584996 INTRODUCE 36 16611
SEND 1553584996 INTRODUCE 36 12012
SEND 1553584996 INTRODUCE 37 10460
SEND 1553584996 INTRODUCE 35 10451
SEND 1553584996 INTRODUCE 36 37030
SEND 1553584996 INTRODUCE 35 103864
SEND 1553584996 INTRODUCE 36 13917
SEND 1553584996 INTRODUCE 35 26097
SEND 1553584996 INTRODUCE 36 11195
SEND 1553584996 INTRODUCE 36 10966
SEND 1553584996 INTRODUCE 35 10986
SEND 1553584996 INTRODUCE 36 10650
SEND 1553584996 INTRODUCE 36 10307
SEND 1553584996 INTRODUCE 37 10335
SEND 1553584996 INTRODUCE 37 19031
SEND 1553584996 INTRODUCE 36 8585
SEND 1553584996 INTRODUCE 37 10663
SEND 1553584996 INTRODUCE 37 16436
# recieved string JOIN node17 172.22.156.206 8017

SEND 1553584996 INTRODUCE 37 10352
SEND 1553584996 INTRODUCE 35 10783
SEND 1553584996 INTRODUCE 36 14522
SEND 1553584996 INTRODUCE 35 13611
# Failed listening 
%!(EXTRA string=node7)# ERROR: read tcp 172.22.156.206:54688->172.22.94.217:8007: read: connection reset by peer
SEND 1553584996 INTRODUCE 37 10714
SEND 1553584996 INTRODUCE 36 15128
SEND 1553584996 INTRODUCE 36 16637
RECIEVED 1553584996 INTRODUCE 36 45 6
RECIEVED 1553584996 INTRODUCE 35 45 6
RECIEVED 1553584996 INTRODUCE 36 45 6
RECIEVED 1553584996 INTRODUCE 35 45 6
RECIEVED 1553584996 INTRODUCE 36 45 6
RECIEVED 1553584996 INTRODUCE 37 45 6
RECIEVED 1553584996 INTRODUCE 36 45 6
RECIEVED 1553584996 INTRODUCE 36 45 6
RECIEVED 1553584996 INTRODUCE 35 45 6
RECIEVED 1553584996 INTRODUCE 37 45 6
RECIEVED 1553584996 INTRODUCE 36 45 6
RECIEVED 1553584996 JOIN 32 45 6
SEND 1553584996 INTRODUCE 36 17930
SEND 1553584996 INTRODUCE 36 16302
SEND 1553584996 INTRODUCE 36 21335
SEND 1553584996 INTRODUCE 36 12159
SEND 1553584996 INTRODUCE 35 15141
SEND 1553584996 INTRODUCE 35 14960
SEND 1553584996 INTRODUCE 36 15362
# recieved string JOIN node6 172.22.156.206 8006

SEND 1553584996 INTRODUCE 36 15244
SEND 1553584996 INTRODUCE 35 12260
SEND 1553584996 INTRODUCE 37 12235
SEND 1553584996 INTRODUCE 36 13770
SEND 1553584996 INTRODUCE 36 14653
SEND 1553584996 INTRODUCE 36 20960
SEND 1553584996 INTRODUCE 36 21189
SEND 1553584996 INTRODUCE 37 11338
SEND 1553584996 INTRODUCE 35 11793
SEND 1553584996 INTRODUCE 36 13900
# recieved string JOIN node16 172.22.156.208 8016

SEND 1553584996 INTRODUCE 36 13755
SEND 1553584996 INTRODUCE 37 14427
SEND 1553584996 INTRODUCE 36 13813
SEND 1553584996 INTRODUCE 36 12943
SEND 1553584996 INTRODUCE 37 12148
SEND 1553584996 INTRODUCE 36 10779
SEND 1553584996 INTRODUCE 36 11650
SEND 1553584996 INTRODUCE 35 12146
SEND 1553584996 INTRODUCE 36 15368
SEND 1553584996 INTRODUCE 35 13671
SEND 1553584996 INTRODUCE 36 11958
# recieved string JOIN node14 172.22.156.206 8014

SEND 1553584996 INTRODUCE 35 11121
SEND 1553584996 INTRODUCE 36 14481
SEND 1553584996 INTRODUCE 37 13511
SEND 1553584996 INTRODUCE 37 13356
SEND 1553584996 INTRODUCE 35 16503
SEND 1553584996 INTRODUCE 36 17285
SEND 1553584996 INTRODUCE 36 11584
SEND 1553584996 INTRODUCE 37 11117
SEND 1553584996 INTRODUCE 37 10912
SEND 1553584996 INTRODUCE 37 29592
SEND 1553584996 INTRODUCE 36 10683
SEND 1553584996 INTRODUCE 36 11291
SEND 1553584996 INTRODUCE 35 11421
SEND 1553584996 INTRODUCE 36 11211
SEND 1553584996 INTRODUCE 35 12454
SEND 1553584996 INTRODUCE 37 12007
SEND 1553584996 INTRODUCE 36 10683
# Failed listening 
%!(EXTRA string=node0)# ERROR: read tcp 172.22.156.206:47770->172.22.94.217:8000: read: connection reset by peer
RECIEVED 1553584996 INTRODUCE 37 46 6
RECIEVED 1553584996 TRANSACTION 81 46 6
RECIEVED 1553584996 INTRODUCE 35 46 6
RECIEVED 1553584996 JOIN 31 46 6
RECIEVED 1553584996 INTRODUCE 35 46 6
RECIEVED 1553584996 INTRODUCE 36 46 6
RECIEVED 1553584996 JOIN 32 46 6
SEND 1553584996 INTRODUCE 36 21093
SEND 1553584996 INTRODUCE 36 12140
SEND 1553584996 INTRODUCE 35 11254
SEND 1553584996 INTRODUCE 36 11785
SEND 1553584996 INTRODUCE 35 11406
SEND 1553584996 INTRODUCE 36 9968
SEND 1553584996 INTRODUCE 35 14670
SEND 1553584996 INTRODUCE 36 11110
SEND 1553584996 INTRODUCE 37 17997
SEND 1553584996 INTRODUCE 37 10538
SEND 1553584996 INTRODUCE 35 13727
SEND 1553584996 INTRODUCE 36 10369
SEND 1553584996 INTRODUCE 36 13191
SEND 1553584996 INTRODUCE 37 14345
SEND 1553584996 INTRODUCE 37 13735
SEND 1553584996 INTRODUCE 37 18891
SEND 1553584996 INTRODUCE 36 13154
SEND 1553584996 INTRODUCE 36 14208
SEND 1553584996 INTRODUCE 35 12429
SEND 1553584996 INTRODUCE 36 10714
SEND 1553584996 INTRODUCE 35 12352
SEND 1553584996 INTRODUCE 37 22668
SEND 1553584996 INTRODUCE 36 14036
SEND 1553584996 INTRODUCE 36 15756
SEND 1553584996 INTRODUCE 36 14299
SEND 1553584996 INTRODUCE 36 14643
SEND 1553584996 INTRODUCE 36 14605
SEND 1553584996 INTRODUCE 37 13549
SEND 1553584996 INTRODUCE 35 14992
SEND 1553584996 INTRODUCE 35 14368
SEND 1553584996 INTRODUCE 36 14073
SEND 1553584996 INTRODUCE 36 13661
SEND 1553584996 INTRODUCE 35 30242
SEND 1553584996 INTRODUCE 37 9471
SEND 1553584996 INTRODUCE 36 11652
SEND 1553584996 INTRODUCE 36 12379
SEND 1553584996 INTRODUCE 36 14501
SEND 1553584996 INTRODUCE 36 16418
SEND 1553584996 INTRODUCE 37 16095
SEND 1553584996 INTRODUCE 35 14066
SEND 1553584996 INTRODUCE 36 12664
SEND 1553584996 INTRODUCE 36 10682
SEND 1553584996 INTRODUCE 37 12626
SEND 1553584996 INTRODUCE 36 10191
SEND 1553584996 INTRODUCE 36 11374
SEND 1553584996 INTRODUCE 37 11481
RECIEVED 1553584996 INTRODUCE 36 47 6
RECIEVED 1553584996 TRANSACTION 81 47 6
UPDATE 1553584996 TRANSACTION 9fbbbb400fdc9913b6e5a980f0882664
SEND 1553584996 TRANSACTION 81 13325 9fbbbb400fdc9913b6e5a980f0882664
SEND 1553584996 TRANSACTION 81 14205 9fbbbb400fdc9913b6e5a980f0882664
SEND 1553584996 TRANSACTION 81 14018 9fbbbb400fdc9913b6e5a980f0882664
SEND 1553584996 TRANSACTION 81 30841 9fbbbb400fdc9913b6e5a980f0882664
SEND 1553584996 TRANSACTION 81 14315 9fbbbb400fdc9913b6e5a980f0882664
SEND 1553584996 TRANSACTION 81 15758 9fbbbb400fdc9913b6e5a980f0882664
SEND 1553584996 TRANSACTION 81 14704 9fbbbb400fdc9913b6e5a980f0882664
SEND 1553584996 TRANSACTION 81 10279 9fbbbb400fdc9913b6e5a980f0882664
# Failed sending to node node3
# ERROR: write tcp 172.22.156.206:50014->172.22.94.217:8003: write: broken pipe
# Could not send message to node3
SEND 1553584996 TRANSACTION 81 16672 9fbbbb400fdc9913b6e5a980f0882664
SEND 1553584996 TRANSACTION 81 17393 9fbbbb400fdc9913b6e5a980f0882664
SEND 1553584996 TRANSACTION 81 15144 9fbbbb400fdc9913b6e5a980f0882664
SEND 1553584996 TRANSACTION 81 14046 9fbbbb400fdc9913b6e5a980f0882664
# Failed sending to node node7
# ERROR: write tcp 172.22.156.206:54688->172.22.94.217:8007: write: broken pipe
# Could not send message to node7
SEND 1553584996 TRANSACTION 81 17809 9fbbbb400fdc9913b6e5a980f0882664
RECIEVED 1553584996 JOIN 32 45 7
SEND 1553584996 INTRODUCE 36 15044
SEND 1553584996 INTRODUCE 35 14893
SEND 1553584996 INTRODUCE 35 15208
SEND 1553584996 INTRODUCE 36 15335
SEND 1553584996 INTRODUCE 37 17355
SEND 1553584996 INTRODUCE 36 20141
SEND 1553584996 INTRODUCE 36 14676
SEND 1553584996 INTRODUCE 36 16811
SEND 1553584996 INTRODUCE 37 14009
SEND 1553584996 INTRODUCE 36 14382
SEND 1553584996 INTRODUCE 36 10492
# recieved string JOIN node19 172.22.156.206 8019

SEND 1553584996 INTRODUCE 37 10307
SEND 1553584996 INTRODUCE 36 19176
SEND 1553584996 INTRODUCE 37 11744
SEND 1553584996 INTRODUCE 36 9043
SEND 1553584996 INTRODUCE 37 13835
SEND 1553584996 INTRODUCE 36 14466
SEND 1553584996 INTRODUCE 36 12645
SEND 1553584996 INTRODUCE 35 12283
SEND 1553584996 INTRODUCE 36 12803
SEND 1553584996 INTRODUCE 36 11766
SEND 1553584996 INTRODUCE 35 13715
SEND 1553584996 INTRODUCE 36 14670
SEND 1553584996 INTRODUCE 35 16900
SEND 1553584996 INTRODUCE 37 14220
SEND 1553584996 INTRODUCE 37 11081
SEND 1553584996 INTRODUCE 36 13650
SEND 1553584996 INTRODUCE 37 13768
SEND 1553584996 INTRODUCE 37 20407
SEND 1553584996 INTRODUCE 35 62293
SEND 1553584996 INTRODUCE 36 14623
SEND 1553584996 INTRODUCE 36 14624
SEND 1553584996 INTRODUCE 37 11880
SEND 1553584996 INTRODUCE 36 13325
SEND 1553584996 INTRODUCE 37 14030
SEND 1553584996 INTRODUCE 36 14543
SEND 1553584996 INTRODUCE 36 13953
SEND 1553584996 INTRODUCE 35 14181
SEND 1553584996 INTRODUCE 36 28836
SEND 1553584996 INTRODUCE 35 11150
SEND 1553584996 INTRODUCE 36 11979
SEND 1553584996 INTRODUCE 37 12559
SEND 1553584996 INTRODUCE 36 12488
SEND 1553584996 INTRODUCE 36 14309
SEND 1553584996 INTRODUCE 36 15004
RECIEVED 1553584996 INTRODUCE 35 46 7
RECIEVED 1553584996 INTRODUCE 36 46 7
RECIEVED 1553584996 INTRODUCE 36 46 7
RECIEVED 1553584996 INTRODUCE 36 46 7
RECIEVED 1553584996 INTRODUCE 35 46 7
RECIEVED 1553584996 INTRODUCE 37 46 7
RECIEVED 1553584996 INTRODUCE 37 46 7
RECIEVED 1553584996 INTRODUCE 36 46 7
RECIEVED 1553584996 INTRODUCE 36 46 7
RECIEVED 1553584996 INTRODUCE 36 46 7
RECIEVED 1553584996 INTRODUCE 35 46 7
RECIEVED 1553584996 INTRODUCE 36 46 7
RECIEVED 1553584996 INTRODUCE 35 46 7
RECIEVED 1553584996 INTRODUCE 37 46 7
RECIEVED 1553584996 TRANSACTION 81 46 7
RECIEVED 1553584996 INTRODUCE 36 46 7
RECIEVED 1553584996 INTRODUCE 36 46 7
RECIEVED 1553584996 INTRODUCE 36 46 7
RECIEVED 1553584996 JOIN 32 46 7
SEND 1553584996 INTRODUCE 36 17236
SEND 1553584996 INTRODUCE 36 14054
SEND 1553584996 INTRODUCE 36 16499
SEND 1553584996 INTRODUCE 37 13419
SEND 1553584996 INTRODUCE 36 12685
SEND 1553584996 INTRODUCE 35 11769
SEND 1553584996 INTRODUCE 36 14535
SEND 1553584996 INTRODUCE 36 11010
SEND 1553584996 INTRODUCE 37 10375
SEND 1553584996 INTRODUCE 35 10455
SEND 1553584996 INTRODUCE 37 10732
SEND 1553584996 INTRODUCE 36 13902
SEND 1553584996 INTRODUCE 36 14271
SEND 1553584996 INTRODUCE 37 13953
SEND 1553584996 INTRODUCE 36 10903
SEND 1553584996 INTRODUCE 36 10535
SEND 1553584996 INTRODUCE 37 18185
SEND 1553584996 INTRODUCE 36 12392
SEND 1553584996 INTRODUCE 37 21752
SEND 1553584996 INTRODUCE 36 14230
SEND 1553584996 INTRODUCE 36 18483
SEND 1553584996 INTRODUCE 37 11664
SEND 1553584996 INTRODUCE 36 11277
SEND 1553584996 INTRODUCE 36 23938
SEND 1553584996 INTRODUCE 35 14563
SEND 1553584996 INTRODUCE 36 14336
SEND 1553584996 INTRODUCE 35 14464
SEND 1553584996 INTRODUCE 36 13539
SEND 1553584996 INTRODUCE 36 11687
SEND 1553584996 INTRODUCE 35 13891
SEND 1553584996 INTRODUCE 36 11761
SEND 1553584996 INTRODUCE 36 10619
SEND 1553584996 INTRODUCE 37 13046
SEND 1553584996 INTRODUCE 37 11086
SEND 1553584996 INTRODUCE 36 12893
SEND 1553584996 INTRODUCE 37 11171
SEND 1553584996 INTRODUCE 37 14248
SEND 1553584996 INTRODUCE 35 13234
SEND 1553584996 INTRODUCE 36 14634
SEND 1553584996 INTRODUCE 37 14267
SEND 1553584996 INTRODUCE 36 14862
SEND 1553584996 INTRODUCE 35 14260
SEND 1553584996 INTRODUCE 37 14590
SEND 1553584996 INTRODUCE 36 14491
SEND 1553584996 INTRODUCE 36 14384
SEND 1553584996 INTRODUCE 35 12305
RECIEVED 1553584996 INTRODUCE 36 47 7
RECIEVED 1553584996 INTRODUCE 37 47 7
RECIEVED 1553584996 INTRODUCE 35 47 7
RECIEVED 1553584996 INTRODUCE 37 47 7
RECIEVED 1553584996 INTRODUCE 36 47 7
RECIEVED 1553584996 INTRODUCE 37 47 7
RECIEVED 1553584996 INTRODUCE 37 47 7
SEND 1553584996 INTRODUCE 37 10874
SEND 1553584996 INTRODUCE 37 16719
SEND 1553584996 INTRODUCE 37 17280
SEND 1553584996 INTRODUCE 37 10883
SEND 1553584996 INTRODUCE 37 15189
SEND 1553584996 INTRODUCE 37 10910
SEND 1553584996 INTRODUCE 37 10835
SEND 1553584996 INTRODUCE 37 15009
SEND 1553584996 INTRODUCE 37 10799
SEND 1553584996 INTRODUCE 37 14787
SEND 1553584996 INTRODUCE 37 14672
SEND 1553584996 INTRODUCE 37 13838
SEND 1553584996 INTRODUCE 37 14056
# Failed sending to node node11
# ERROR: write tcp 172.22.156.206:48222->172.22.94.217:8011: write: broken pipe
# recieved string JOIN node18 172.22.156.206 8018

# recieved string JOIN node19 172.22.94.217 8019

# recieved string JOIN node16 172.22.156.206 8016

# recieved string JOIN node17 172.22.94.217 8017

# recieved string JOIN node17 172.22.156.208 8017

# recieved string JOIN node15 172.22.156.206 8015

# recieved string JOIN node18 172.22.156.208 8018

# recieved string JOIN node16 172.22.94.217 8016

# Failed listening 
%!(EXTRA string=node15)# ERROR: read tcp 172.22.156.206:33440->172.22.156.208:8015: read: connection reset by peer
# recieved string JOIN node18 172.22.94.217 8018

# Failed listening 
%!(EXTRA string=node9)# ERROR: EOF
# Failed listening 
%!(EXTRA string=node6)# ERROR: read tcp 172.22.156.206:56846->172.22.156.206:8006: read: connection reset by peer
# Failed listening 
%!(EXTRA string=node9)# ERROR: read tcp 172.22.156.206:52156->172.22.94.217:8009: read: connection reset by peer
