RECIEVED 1553584994 INTRODUCE 35 0 0
SEND 1553584994 JOIN 31 15665
RECIEVED 1553584994 INTRODUCE 36 1 0
SEND 1553584994 INTRODUCE 36 20562
SEND 1553584994 JOIN 31 19509
RECIEVED 1553584994 INTRODUCE 35 2 0
SEND 1553584994 INTRODUCE 35 22477
SEND 1553584994 INTRODUCE 35 16346
SEND 1553584995 JOIN 31 17957
RECIEVED 1553584995 INTRODUCE 35 3 0
RECIEVED 1553584995 INTRODUCE 35 3 0
SEND 1553584995 INTRODUCE 35 16420
SEND 1553584995 INTRODUCE 35 21606
SEND 1553584995 INTRODUCE 35 33422
# recieved string JOIN node6 172.22.156.206 8006

SEND 1553584995 JOIN 31 35693
RECIEVED 1553584995 INTRODUCE 36 4 0
SEND 1553584995 INTRODUCE 36 15021
SEND 1553584995 INTRODUCE 36 21114
SEND 1553584995 INTRODUCE 36 22260
SEND 1553584995 INTRODUCE 36 21686
SEND 1553584995 JOIN 31 20347
RECIEVED 1553584995 INTRODUCE 36 5 0
RECIEVED 1553584995 INTRODUCE 35 5 0
SEND 1553584995 INTRODUCE 35 24841
SEND 1553584995 INTRODUCE 35 14968
SEND 1553584995 INTRODUCE 35 15502
SEND 1553584995 INTRODUCE 35 17487
SEND 1553584995 INTRODUCE 35 20710
SEND 1553584995 JOIN 31 15857
RECIEVED 1553584995 INTRODUCE 35 6 0
SEND 1553584995 INTRODUCE 35 19478
SEND 1553584995 INTRODUCE 35 23181
SEND 1553584995 INTRODUCE 35 25632
SEND 1553584995 INTRODUCE 35 19938
SEND 1553584995 INTRODUCE 35 20389
SEND 1553584995 INTRODUCE 35 19527
SEND 1553584995 JOIN 31 20786
RECIEVED 1553584995 INTRODUCE 36 7 0
SEND 1553584995 INTRODUCE 36 19105
SEND 1553584995 INTRODUCE 36 20930
SEND 1553584995 INTRODUCE 36 16962
SEND 1553584995 INTRODUCE 36 52920
SEND 1553584995 INTRODUCE 36 17573
SEND 1553584995 INTRODUCE 36 43555
SEND 1553584995 INTRODUCE 36 28759
SEND 1553584995 JOIN 31 17020
RECIEVED 1553584995 INTRODUCE 36 8 0
SEND 1553584995 INTRODUCE 36 30005
SEND 1553584995 INTRODUCE 36 17760
SEND 1553584995 INTRODUCE 36 16573
SEND 1553584995 INTRODUCE 36 19968
SEND 1553584995 INTRODUCE 36 16043
SEND 1553584995 INTRODUCE 36 16355
SEND 1553584995 INTRODUCE 36 22152
SEND 1553584995 INTRODUCE 36 20232
SEND 1553584995 JOIN 31 15739
RECIEVED 1553584995 JOIN 31 9 0
SEND 1553584995 INTRODUCE 35 17057
SEND 1553584995 INTRODUCE 35 13239
SEND 1553584995 INTRODUCE 36 16447
SEND 1553584995 INTRODUCE 35 15193
SEND 1553584995 INTRODUCE 36 16371
SEND 1553584995 INTRODUCE 35 13740
SEND 1553584995 INTRODUCE 36 11720
SEND 1553584995 INTRODUCE 35 11180
SEND 1553584995 INTRODUCE 36 20511
RECIEVED 1553584995 INTRODUCE 36 10 0
SEND 1553584995 INTRODUCE 36 21307
SEND 1553584995 INTRODUCE 36 13424
SEND 1553584995 INTRODUCE 36 20438
SEND 1553584995 INTRODUCE 36 129998
SEND 1553584995 INTRODUCE 36 21478
SEND 1553584995 INTRODUCE 36 20391
SEND 1553584995 INTRODUCE 36 30084
SEND 1553584995 INTRODUCE 36 23975
SEND 1553584995 INTRODUCE 36 21938
SEND 1553584995 INTRODUCE 36 19095
SEND 1553584995 JOIN 31 19491
RECIEVED 1553584995 INTRODUCE 36 11 0
SEND 1553584995 INTRODUCE 36 29223
SEND 1553584995 INTRODUCE 36 21521
SEND 1553584995 INTRODUCE 36 16031
SEND 1553584995 INTRODUCE 36 21003
SEND 1553584995 INTRODUCE 36 12879
SEND 1553584995 INTRODUCE 36 20803
SEND 1553584995 INTRODUCE 36 20090
SEND 1553584995 INTRODUCE 36 22528
SEND 1553584995 INTRODUCE 36 21176
SEND 1553584995 INTRODUCE 36 20775
SEND 1553584995 INTRODUCE 36 15135
SEND 1553584995 JOIN 31 20236
RECIEVED 1553584995 INTRODUCE 35 12 0
SEND 1553584995 INTRODUCE 35 20637
SEND 1553584995 INTRODUCE 35 25203
SEND 1553584995 INTRODUCE 35 15119
SEND 1553584995 INTRODUCE 35 21936
SEND 1553584995 INTRODUCE 35 39066
SEND 1553584995 INTRODUCE 35 28479
SEND 1553584995 INTRODUCE 35 17079
SEND 1553584995 INTRODUCE 35 21243
SEND 1553584995 INTRODUCE 35 12951
SEND 1553584995 INTRODUCE 35 20383
SEND 1553584995 INTRODUCE 35 40896
SEND 1553584995 INTRODUCE 35 41383
SEND 1553584995 JOIN 31 20940
RECIEVED 1553584995 INTRODUCE 36 13 0
SEND 1553584995 INTRODUCE 36 20515
SEND 1553584995 INTRODUCE 36 19079
SEND 1553584995 INTRODUCE 36 37588
SEND 1553584995 INTRODUCE 36 26536
SEND 1553584995 INTRODUCE 36 16002
SEND 1553584995 INTRODUCE 36 28196
SEND 1553584995 INTRODUCE 36 12812
SEND 1553584995 INTRODUCE 36 21556
SEND 1553584995 INTRODUCE 36 37057
SEND 1553584995 INTRODUCE 36 21386
SEND 1553584995 INTRODUCE 36 19377
SEND 1553584995 INTRODUCE 36 108974
SEND 1553584995 INTRODUCE 36 14324
SEND 1553584995 JOIN 31 21091
RECIEVED 1553584995 INTRODUCE 36 14 0
SEND 1553584995 INTRODUCE 36 15780
SEND 1553584995 INTRODUCE 36 19864
SEND 1553584995 INTRODUCE 36 18997
SEND 1553584995 INTRODUCE 36 15434
SEND 1553584995 INTRODUCE 36 18852
SEND 1553584995 INTRODUCE 36 14624
SEND 1553584995 INTRODUCE 36 20622
SEND 1553584995 INTRODUCE 36 28257
SEND 1553584995 INTRODUCE 36 19655
SEND 1553584995 INTRODUCE 36 37496
SEND 1553584995 INTRODUCE 36 34112
SEND 1553584995 INTRODUCE 36 41441
SEND 1553584995 INTRODUCE 36 18879
SEND 1553584995 INTRODUCE 36 26728
SEND 1553584995 JOIN 31 16069
RECIEVED 1553584995 INTRODUCE 37 15 0
SEND 1553584995 INTRODUCE 37 23692
SEND 1553584995 INTRODUCE 37 22894
SEND 1553584995 INTRODUCE 37 16019
SEND 1553584995 INTRODUCE 37 19897
SEND 1553584995 INTRODUCE 37 19231
SEND 1553584995 INTRODUCE 37 33451
SEND 1553584995 INTRODUCE 37 13567
SEND 1553584995 INTRODUCE 37 38237
SEND 1553584995 INTRODUCE 37 50687
SEND 1553584995 INTRODUCE 37 26254
SEND 1553584995 INTRODUCE 37 27010
SEND 1553584995 INTRODUCE 37 18394
SEND 1553584995 INTRODUCE 37 10934
SEND 1553584995 INTRODUCE 37 36207
SEND 1553584995 INTRODUCE 37 15661
SEND 1553584995 JOIN 31 38496
RECIEVED 1553584995 INTRODUCE 35 16 0
SEND 1553584995 INTRODUCE 35 20364
SEND 1553584995 INTRODUCE 35 11648
SEND 1553584995 INTRODUCE 35 28569
SEND 1553584995 INTRODUCE 35 22688
SEND 1553584995 INTRODUCE 35 47795
SEND 1553584995 INTRODUCE 35 14292
SEND 1553584995 INTRODUCE 35 20414
SEND 1553584995 INTRODUCE 35 15375
SEND 1553584995 INTRODUCE 35 21622
SEND 1553584995 INTRODUCE 35 40508
SEND 1553584995 INTRODUCE 35 30580
SEND 1553584995 INTRODUCE 35 19391
SEND 1553584995 INTRODUCE 35 24062
SEND 1553584995 INTRODUCE 35 18724
SEND 1553584995 INTRODUCE 35 21340
SEND 1553584995 INTRODUCE 35 15637
SEND 1553584995 JOIN 31 11644
RECIEVED 1553584995 INTRODUCE 35 17 0
SEND 1553584995 INTRODUCE 35 19875
SEND 1553584995 INTRODUCE 35 34752
SEND 1553584995 INTRODUCE 35 16530
SEND 1553584995 INTRODUCE 35 21189
SEND 1553584995 INTRODUCE 35 20876
SEND 1553584995 INTRODUCE 35 16764
SEND 1553584995 INTRODUCE 35 20620
SEND 1553584995 INTRODUCE 35 14631
SEND 1553584995 INTRODUCE 35 29848
SEND 1553584995 INTRODUCE 35 19789
SEND 1553584995 INTRODUCE 35 28788
SEND 1553584995 INTRODUCE 35 21513
SEND 1553584995 INTRODUCE 35 20228
SEND 1553584995 INTRODUCE 35 31407
SEND 1553584995 INTRODUCE 35 19109
SEND 1553584995 INTRODUCE 35 20483
SEND 1553584995 INTRODUCE 35 19819
SEND 1553584995 JOIN 31 29883
RECIEVED 1553584995 INTRODUCE 36 18 0
SEND 1553584995 INTRODUCE 36 38460
SEND 1553584995 INTRODUCE 36 24807
SEND 1553584995 INTRODUCE 36 12990
SEND 1553584995 INTRODUCE 36 18191
SEND 1553584995 INTRODUCE 36 37775
SEND 1553584995 INTRODUCE 36 26810
SEND 1553584995 INTRODUCE 36 24124
SEND 1553584995 INTRODUCE 36 15582
SEND 1553584995 INTRODUCE 36 20803
SEND 1553584995 INTRODUCE 36 15020
SEND 1553584995 INTRODUCE 36 27082
SEND 1553584995 INTRODUCE 36 32977
SEND 1553584995 INTRODUCE 36 15880
SEND 1553584995 INTRODUCE 36 14926
SEND 1553584995 INTRODUCE 36 13273
SEND 1553584995 INTRODUCE 36 15119
SEND 1553584995 INTRODUCE 36 18741
SEND 1553584995 INTRODUCE 36 18521
SEND 1553584995 JOIN 31 25556
RECIEVED 1553584995 INTRODUCE 36 19 0
RECIEVED 1553584995 INTRODUCE 36 19 0
SEND 1553584995 INTRODUCE 36 20155
SEND 1553584995 INTRODUCE 36 28894
SEND 1553584995 INTRODUCE 36 14530
SEND 1553584995 INTRODUCE 36 19793
SEND 1553584995 INTRODUCE 36 19795
SEND 1553584995 INTRODUCE 36 29158
SEND 1553584995 INTRODUCE 36 14925
SEND 1553584995 INTRODUCE 36 15042
SEND 1553584995 INTRODUCE 36 17502
SEND 1553584995 INTRODUCE 36 14397
SEND 1553584995 INTRODUCE 36 42461
SEND 1553584995 INTRODUCE 36 28184
SEND 1553584995 INTRODUCE 36 22780
SEND 1553584995 INTRODUCE 36 13118
SEND 1553584995 INTRODUCE 36 17674
SEND 1553584995 INTRODUCE 36 35826
SEND 1553584995 INTRODUCE 36 41648
SEND 1553584995 INTRODUCE 36 29423
SEND 1553584995 INTRODUCE 36 24037
SEND 1553584995 JOIN 31 42170
RECIEVED 1553584995 INTRODUCE 35 20 0
RECIEVED 1553584995 INTRODUCE 35 20 0
RECIEVED 1553584995 INTRODUCE 36 20 0
SEND 1553584995 INTRODUCE 36 14275
SEND 1553584995 INTRODUCE 36 24317
SEND 1553584995 INTRODUCE 36 60255
SEND 1553584995 INTRODUCE 36 17731
SEND 1553584995 INTRODUCE 36 15888
SEND 1553584995 INTRODUCE 36 35738
# recieved string JOIN node11 172.22.156.206 8011

SEND 1553584995 INTRODUCE 36 32233
SEND 1553584995 INTRODUCE 36 15004
SEND 1553584995 INTRODUCE 36 16253
SEND 1553584995 INTRODUCE 36 48710
SEND 1553584995 INTRODUCE 36 25637
SEND 1553584995 INTRODUCE 36 40729
SEND 1553584995 INTRODUCE 36 43792
SEND 1553584995 INTRODUCE 36 14777
SEND 1553584995 INTRODUCE 36 38459
SEND 1553584995 INTRODUCE 36 20610
SEND 1553584995 INTRODUCE 36 43323
SEND 1553584995 INTRODUCE 36 28810
SEND 1553584995 INTRODUCE 36 15914
SEND 1553584995 INTRODUCE 36 27876
SEND 1553584995 JOIN 31 31949
RECIEVED 1553584995 INTRODUCE 35 21 0
RECIEVED 1553584995 INTRODUCE 37 21 0
RECIEVED 1553584995 INTRODUCE 37 21 0
SEND 1553584995 INTRODUCE 37 26781
SEND 1553584995 INTRODUCE 37 31024
SEND 1553584995 INTRODUCE 37 27456
SEND 1553584995 INTRODUCE 37 30645
SEND 1553584995 INTRODUCE 37 21092
SEND 1553584995 INTRODUCE 37 27842
SEND 1553584995 INTRODUCE 37 16621
SEND 1553584995 INTRODUCE 37 13148
SEND 1553584995 INTRODUCE 37 19113
SEND 1553584995 INTRODUCE 37 24182
SEND 1553584995 INTRODUCE 37 31956
SEND 1553584995 INTRODUCE 37 15090
SEND 1553584995 INTRODUCE 37 20632
SEND 1553584995 INTRODUCE 37 21370
SEND 1553584995 INTRODUCE 37 52199
# recieved string JOIN node14 172.22.94.217 8014

SEND 1553584995 INTRODUCE 37 21347
SEND 1553584995 INTRODUCE 37 43891
SEND 1553584995 INTRODUCE 37 20631
SEND 1553584995 INTRODUCE 37 38138
SEND 1553584995 INTRODUCE 37 15411
SEND 1553584995 INTRODUCE 37 16209
SEND 1553584995 JOIN 31 16411
RECIEVED 1553584995 INTRODUCE 36 22 0
RECIEVED 1553584995 INTRODUCE 35 22 0
RECIEVED 1553584995 INTRODUCE 35 22 0
SEND 1553584995 INTRODUCE 35 37554
SEND 1553584995 INTRODUCE 35 56254
SEND 1553584995 INTRODUCE 35 19979
SEND 1553584995 INTRODUCE 35 15248
SEND 1553584995 INTRODUCE 35 22195
SEND 1553584995 INTRODUCE 35 15960
SEND 1553584995 INTRODUCE 35 29886
SEND 1553584995 INTRODUCE 35 26278
SEND 1553584995 INTRODUCE 35 27127
SEND 1553584995 INTRODUCE 35 27661
SEND 1553584995 INTRODUCE 35 19189
SEND 1553584995 INTRODUCE 35 19902
SEND 1553584995 INTRODUCE 35 34934
SEND 1553584995 INTRODUCE 35 30503
SEND 1553584995 INTRODUCE 35 33958
SEND 1553584995 INTRODUCE 35 22482
SEND 1553584995 INTRODUCE 35 15533
SEND 1553584995 INTRODUCE 35 28487
SEND 1553584995 INTRODUCE 35 20624
SEND 1553584995 INTRODUCE 35 16286
SEND 1553584995 INTRODUCE 35 19979
SEND 1553584995 INTRODUCE 35 20636
SEND 1553584995 JOIN 31 22545
RECIEVED 1553584995 INTRODUCE 36 23 0
SEND 1553584995 INTRODUCE 36 28888
SEND 1553584995 INTRODUCE 36 19819
SEND 1553584995 INTRODUCE 36 20309
SEND 1553584995 INTRODUCE 36 15329
SEND 1553584995 INTRODUCE 36 16960
SEND 1553584995 INTRODUCE 36 19248
SEND 1553584995 INTRODUCE 36 28572
SEND 1553584995 INTRODUCE 36 14844
SEND 1553584995 INTRODUCE 36 30187
SEND 1553584995 INTRODUCE 36 16367
SEND 1553584995 INTRODUCE 36 34122
SEND 1553584995 INTRODUCE 36 37233
SEND 1553584995 INTRODUCE 36 16486
SEND 1553584995 INTRODUCE 36 16389
SEND 1553584995 INTRODUCE 36 48309
SEND 1553584995 INTRODUCE 36 35056
SEND 1553584995 INTRODUCE 36 16719
SEND 1553584995 INTRODUCE 36 34584
SEND 1553584995 INTRODUCE 36 15390
SEND 1553584995 INTRODUCE 36 22035
# recieved string JOIN node10 172.22.156.206 8010

SEND 1553584995 INTRODUCE 36 35928
SEND 1553584995 INTRODUCE 36 14801
SEND 1553584995 INTRODUCE 36 19801
SEND 1553584995 JOIN 31 25074
RECIEVED 1553584995 INTRODUCE 36 24 0
RECIEVED 1553584995 INTRODUCE 37 24 0
SEND 1553584995 INTRODUCE 37 48947
SEND 1553584995 INTRODUCE 37 20725
SEND 1553584995 INTRODUCE 37 21134
SEND 1553584995 INTRODUCE 37 28958
SEND 1553584995 INTRODUCE 37 24108
SEND 1553584995 INTRODUCE 37 16657
SEND 1553584995 INTRODUCE 37 15908
SEND 1553584995 INTRODUCE 37 20685
SEND 1553584995 INTRODUCE 37 21037
SEND 1553584995 INTRODUCE 37 16174
SEND 1553584995 INTRODUCE 37 21099
SEND 1553584995 INTRODUCE 37 22687
SEND 1553584995 INTRODUCE 37 21654
SEND 1553584995 INTRODUCE 37 20526
SEND 1553584995 INTRODUCE 37 42921
SEND 1553584995 INTRODUCE 37 29013
SEND 1553584995 INTRODUCE 37 22259
SEND 1553584995 INTRODUCE 37 44715
SEND 1553584995 INTRODUCE 37 13882
SEND 1553584995 INTRODUCE 37 33119
SEND 1553584995 INTRODUCE 37 42357
SEND 1553584995 INTRODUCE 37 22264
SEND 1553584995 INTRODUCE 37 26623
SEND 1553584995 INTRODUCE 37 21407
SEND 1553584995 JOIN 31 39607
RECIEVED 1553584995 INTRODUCE 37 25 0
SEND 1553584995 INTRODUCE 37 26672
SEND 1553584995 INTRODUCE 37 55253
SEND 1553584995 INTRODUCE 37 21022
SEND 1553584995 INTRODUCE 37 30652
SEND 1553584995 INTRODUCE 37 34506
SEND 1553584995 INTRODUCE 37 38648
SEND 1553584995 INTRODUCE 37 47541
SEND 1553584995 INTRODUCE 37 25702
SEND 1553584995 INTRODUCE 37 40353
SEND 1553584995 INTRODUCE 37 20617
SEND 1553584995 INTRODUCE 37 39528
SEND 1553584995 INTRODUCE 37 33185
SEND 1553584995 INTRODUCE 37 20645
SEND 1553584995 INTRODUCE 37 32339
SEND 1553584995 INTRODUCE 37 57637
SEND 1553584995 INTRODUCE 37 21485
SEND 1553584995 INTRODUCE 37 21182
SEND 1553584995 INTRODUCE 37 32457
SEND 1553584995 INTRODUCE 37 57266
SEND 1553584995 INTRODUCE 37 36289
SEND 1553584995 INTRODUCE 37 42223
SEND 1553584995 INTRODUCE 37 21366
SEND 1553584995 INTRODUCE 37 61113
SEND 1553584995 INTRODUCE 37 39196
SEND 1553584995 INTRODUCE 37 31134
SEND 1553584995 JOIN 31 16719
RECIEVED 1553584995 INTRODUCE 36 26 0
RECIEVED 1553584995 INTRODUCE 36 26 0
RECIEVED 1553584995 INTRODUCE 35 26 0
RECIEVED 1553584995 INTRODUCE 35 26 0
RECIEVED 1553584995 INTRODUCE 36 26 0
SEND 1553584995 INTRODUCE 36 21949
SEND 1553584995 INTRODUCE 36 38239
SEND 1553584995 INTRODUCE 36 24309
SEND 1553584995 INTRODUCE 36 37219
SEND 1553584995 INTRODUCE 36 16537
SEND 1553584995 INTRODUCE 36 21655
SEND 1553584995 INTRODUCE 36 17659
SEND 1553584995 INTRODUCE 36 33774
SEND 1553584995 INTRODUCE 36 24842
SEND 1553584995 INTRODUCE 36 16092
SEND 1553584995 INTRODUCE 36 40113
SEND 1553584995 INTRODUCE 36 21389
SEND 1553584995 INTRODUCE 36 20135
SEND 1553584995 INTRODUCE 36 24304
SEND 1553584995 INTRODUCE 36 17192
SEND 1553584995 INTRODUCE 36 37947
SEND 1553584995 INTRODUCE 36 28718
SEND 1553584995 INTRODUCE 36 25427
SEND 1553584995 INTRODUCE 36 47053
SEND 1553584995 INTRODUCE 36 17670
SEND 1553584995 INTRODUCE 36 20837
SEND 1553584995 INTRODUCE 36 22187
SEND 1553584995 INTRODUCE 36 28442
SEND 1553584995 INTRODUCE 36 35070
SEND 1553584995 INTRODUCE 36 25849
SEND 1553584995 INTRODUCE 36 22299
SEND 1553584995 JOIN 31 39042
RECIEVED 1553584995 INTRODUCE 37 27 0
RECIEVED 1553584995 INTRODUCE 35 27 0
RECIEVED 1553584995 INTRODUCE 36 27 0
SEND 1553584995 INTRODUCE 36 18170
SEND 1553584995 INTRODUCE 36 50090
SEND 1553584995 INTRODUCE 36 21333
SEND 1553584995 INTRODUCE 36 21087
SEND 1553584995 INTRODUCE 36 37838
SEND 1553584995 INTRODUCE 36 50452
SEND 1553584995 INTRODUCE 36 20889
SEND 1553584995 INTRODUCE 36 37382
SEND 1553584995 INTRODUCE 36 20970
SEND 1553584995 INTRODUCE 36 19956
SEND 1553584995 INTRODUCE 36 40184
SEND 1553584995 INTRODUCE 36 15989
SEND 1553584995 INTRODUCE 36 27053
SEND 1553584995 INTRODUCE 36 33712
SEND 1553584995 INTRODUCE 36 25126
SEND 1553584995 INTRODUCE 36 31041
SEND 1553584995 INTRODUCE 36 40670
SEND 1553584995 INTRODUCE 36 38132
SEND 1553584995 INTRODUCE 36 13874
SEND 1553584995 INTRODUCE 36 54246
SEND 1553584995 INTRODUCE 36 55962
SEND 1553584995 INTRODUCE 36 27612
SEND 1553584995 INTRODUCE 36 22231
SEND 1553584995 INTRODUCE 36 28964
SEND 1553584995 INTRODUCE 36 30984
SEND 1553584995 INTRODUCE 36 38967
SEND 1553584995 INTRODUCE 36 54948
SEND 1553584995 JOIN 31 22442
RECIEVED 1553584995 INTRODUCE 36 28 0
RECIEVED 1553584995 INTRODUCE 36 28 0
RECIEVED 1553584995 INTRODUCE 36 28 0
RECIEVED 1553584995 INTRODUCE 35 28 0
RECIEVED 1553584995 INTRODUCE 35 28 0
RECIEVED 1553584995 INTRODUCE 37 28 0
SEND 1553584995 INTRODUCE 37 19382
SEND 1553584995 INTRODUCE 37 20721
SEND 1553584995 INTRODUCE 37 19630
SEND 1553584995 INTRODUCE 37 35087
SEND 1553584995 INTRODUCE 37 20852
SEND 1553584995 INTRODUCE 37 73395
SEND 1553584995 INTRODUCE 37 16860
SEND 1553584995 INTRODUCE 37 19624
# recieved string JOIN node10 172.22.156.208 8010

SEND 1553584995 INTRODUCE 37 28172
SEND 1553584995 INTRODUCE 37 32623
SEND 1553584995 INTRODUCE 37 20286
SEND 1553584995 INTRODUCE 37 17672
SEND 1553584995 INTRODUCE 37 26640
SEND 1553584995 INTRODUCE 37 20760
SEND 1553584995 INTRODUCE 37 20472
SEND 1553584995 INTRODUCE 37 29477
SEND 1553584995 INTRODUCE 37 28375
SEND 1553584995 INTRODUCE 37 14129
SEND 1553584995 INTRODUCE 37 20421
SEND 1553584995 INTRODUCE 37 20184
SEND 1553584995 INTRODUCE 37 45046
SEND 1553584995 INTRODUCE 37 20546
SEND 1553584995 INTRODUCE 37 15786
SEND 1553584995 INTRODUCE 37 20832
SEND 1553584995 INTRODUCE 37 43374
SEND 1553584995 INTRODUCE 37 52521
SEND 1553584995 INTRODUCE 37 24631
SEND 1553584995 INTRODUCE 37 26161
SEND 1553584995 JOIN 31 21206
RECIEVED 1553584995 INTRODUCE 36 29 0
# recieved string JOIN node10 172.22.94.217 8010

SEND 1553584995 INTRODUCE 36 16878
SEND 1553584995 INTRODUCE 36 53472
SEND 1553584995 INTRODUCE 36 23973
# recieved string JOIN node1 172.22.94.217 8001

SEND 1553584995 INTRODUCE 36 19024
SEND 1553584995 INTRODUCE 36 14704
SEND 1553584995 INTRODUCE 36 20731
SEND 1553584995 INTRODUCE 36 35268
SEND 1553584995 INTRODUCE 36 29542
SEND 1553584995 INTRODUCE 36 28600
SEND 1553584995 INTRODUCE 36 16210
SEND 1553584995 INTRODUCE 36 21579
SEND 1553584995 INTRODUCE 36 21863
SEND 1553584995 INTRODUCE 36 28701
SEND 1553584995 INTRODUCE 36 21175
SEND 1553584995 INTRODUCE 36 21365
SEND 1553584995 INTRODUCE 36 21424
SEND 1553584995 INTRODUCE 36 22789
SEND 1553584995 INTRODUCE 36 21398
SEND 1553584995 INTRODUCE 36 36362
SEND 1553584995 INTRODUCE 36 46689
SEND 1553584995 INTRODUCE 36 35515
SEND 1553584995 INTRODUCE 36 15264
SEND 1553584995 INTRODUCE 36 20050
SEND 1553584995 INTRODUCE 36 21639
SEND 1553584995 INTRODUCE 36 16839
SEND 1553584995 INTRODUCE 36 29617
SEND 1553584995 INTRODUCE 36 64986
SEND 1553584995 INTRODUCE 36 20702
SEND 1553584995 INTRODUCE 36 16215
SEND 1553584995 JOIN 31 15766
RECIEVED 1553584995 INTRODUCE 35 30 0
RECIEVED 1553584995 INTRODUCE 35 30 0
RECIEVED 1553584995 INTRODUCE 36 30 0
RECIEVED 1553584995 INTRODUCE 37 30 0
SEND 1553584995 INTRODUCE 37 52359
SEND 1553584995 INTRODUCE 37 20023
SEND 1553584995 INTRODUCE 37 51861
SEND 1553584995 INTRODUCE 37 20790
SEND 1553584995 INTRODUCE 37 43046
SEND 1553584995 INTRODUCE 37 20607
SEND 1553584995 INTRODUCE 37 45816
SEND 1553584995 INTRODUCE 37 18781
SEND 1553584995 INTRODUCE 37 15995
SEND 1553584995 INTRODUCE 37 45470
SEND 1553584995 INTRODUCE 37 28381
SEND 1553584995 INTRODUCE 37 19309
SEND 1553584995 INTRODUCE 37 12034
SEND 1553584995 INTRODUCE 37 31658
SEND 1553584995 INTRODUCE 37 20390
SEND 1553584995 INTRODUCE 37 50670
SEND 1553584995 INTRODUCE 37 22398
SEND 1553584995 INTRODUCE 37 20436
SEND 1553584995 INTRODUCE 37 20096
SEND 1553584995 INTRODUCE 37 42850
SEND 1553584995 INTRODUCE 37 22723
SEND 1553584995 INTRODUCE 37 21686
SEND 1553584995 INTRODUCE 37 20748
SEND 1553584995 INTRODUCE 37 15326
SEND 1553584995 INTRODUCE 37 16129
SEND 1553584995 INTRODUCE 37 49425
SEND 1553584995 INTRODUCE 37 39877
SEND 1553584995 INTRODUCE 37 19912
SEND 1553584995 INTRODUCE 37 26122
SEND 1553584995 INTRODUCE 37 21879
SEND 1553584995 JOIN 31 46773
RECIEVED 1553584995 INTRODUCE 35 31 0
RECIEVED 1553584995 INTRODUCE 35 31 0
RECIEVED 1553584995 INTRODUCE 36 31 0
RECIEVED 1553584995 INTRODUCE 37 31 0
RECIEVED 1553584995 INTRODUCE 37 31 0
RECIEVED 1553584995 INTRODUCE 36 31 0
RECIEVED 1553584995 INTRODUCE 36 31 0
RECIEVED 1553584995 INTRODUCE 35 31 0
RECIEVED 1553584995 INTRODUCE 36 31 0
RECIEVED 1553584995 INTRODUCE 36 31 0
RECIEVED 1553584995 INTRODUCE 35 31 0
RECIEVED 1553584995 INTRODUCE 35 31 0
RECIEVED 1553584995 INTRODUCE 36 31 0
RECIEVED 1553584995 INTRODUCE 36 31 0
RECIEVED 1553584995 INTRODUCE 36 31 0
RECIEVED 1553584995 INTRODUCE 36 31 0
RECIEVED 1553584995 INTRODUCE 35 31 0
RECIEVED 1553584995 INTRODUCE 35 31 0
RECIEVED 1553584995 INTRODUCE 37 31 0
RECIEVED 1553584995 INTRODUCE 35 31 0
RECIEVED 1553584995 INTRODUCE 36 31 0
RECIEVED 1553584995 INTRODUCE 36 31 0
RECIEVED 1553584995 INTRODUCE 36 31 0
RECIEVED 1553584995 INTRODUCE 35 31 0
RECIEVED 1553584995 INTRODUCE 36 31 0
RECIEVED 1553584995 INTRODUCE 36 31 0
RECIEVED 1553584995 INTRODUCE 36 31 0
RECIEVED 1553584995 INTRODUCE 37 31 0
RECIEVED 1553584995 INTRODUCE 35 31 0
RECIEVED 1553584995 INTRODUCE 36 31 0
RECIEVED 1553584995 INTRODUCE 37 31 0
RECIEVED 1553584995 INTRODUCE 37 31 0
RECIEVED 1553584995 INTRODUCE 36 31 0
RECIEVED 1553584995 INTRODUCE 36 31 0
RECIEVED 1553584995 INTRODUCE 36 31 0
RECIEVED 1553584995 INTRODUCE 36 31 0
RECIEVED 1553584995 INTRODUCE 35 31 0
RECIEVED 1553584995 INTRODUCE 36 31 0
RECIEVED 1553584995 INTRODUCE 37 31 0
RECIEVED 1553584995 INTRODUCE 36 31 0
RECIEVED 1553584995 INTRODUCE 37 31 0
RECIEVED 1553584995 INTRODUCE 37 31 0
RECIEVED 1553584995 INTRODUCE 36 31 0
RECIEVED 1553584995 INTRODUCE 36 31 0
RECIEVED 1553584995 INTRODUCE 36 31 0
RECIEVED 1553584995 INTRODUCE 35 31 0
RECIEVED 1553584995 INTRODUCE 37 31 0
RECIEVED 1553584995 INTRODUCE 36 31 0
RECIEVED 1553584995 INTRODUCE 36 31 0
RECIEVED 1553584995 INTRODUCE 36 31 0
RECIEVED 1553584995 INTRODUCE 36 31 0
RECIEVED 1553584995 INTRODUCE 36 31 0
RECIEVED 1553584995 INTRODUCE 35 31 0
RECIEVED 1553584995 INTRODUCE 37 31 0
RECIEVED 1553584995 INTRODUCE 35 31 0
RECIEVED 1553584995 INTRODUCE 35 31 0
RECIEVED 1553584995 INTRODUCE 35 31 0
RECIEVED 1553584995 INTRODUCE 35 31 0
RECIEVED 1553584995 INTRODUCE 35 31 0
RECIEVED 1553584995 INTRODUCE 37 31 0
RECIEVED 1553584995 INTRODUCE 35 31 0
RECIEVED 1553584995 INTRODUCE 37 31 0
RECIEVED 1553584995 INTRODUCE 35 31 0
RECIEVED 1553584995 INTRODUCE 36 31 0
RECIEVED 1553584995 INTRODUCE 36 31 0
RECIEVED 1553584995 INTRODUCE 35 31 0
RECIEVED 1553584995 TRANSACTION 81 31 0
UPDATE 1553584995 TRANSACTION ac3340af900ee440b14a98c1b026dc73
SEND 1553584995 TRANSACTION 81 20701 ac3340af900ee440b14a98c1b026dc73
SEND 1553584995 TRANSACTION 81 37560 ac3340af900ee440b14a98c1b026dc73
SEND 1553584995 TRANSACTION 81 20770 ac3340af900ee440b14a98c1b026dc73
SEND 1553584995 TRANSACTION 81 30336 ac3340af900ee440b14a98c1b026dc73
SEND 1553584995 TRANSACTION 81 29113 ac3340af900ee440b14a98c1b026dc73
SEND 1553584995 TRANSACTION 81 28140 ac3340af900ee440b14a98c1b026dc73
SEND 1553584995 TRANSACTION 81 25139 ac3340af900ee440b14a98c1b026dc73
SEND 1553584995 TRANSACTION 81 21266 ac3340af900ee440b14a98c1b026dc73
SEND 1553584995 TRANSACTION 81 45609 ac3340af900ee440b14a98c1b026dc73
RECIEVED 1553584995 INTRODUCE 36 31 1
RECIEVED 1553584995 INTRODUCE 35 31 1
RECIEVED 1553584995 INTRODUCE 35 31 1
SEND 1553584995 INTRODUCE 35 17301
# recieved string JOIN node7 172.22.156.206 8007

SEND 1553584995 INTRODUCE 35 33253
SEND 1553584995 INTRODUCE 35 21450
SEND 1553584995 INTRODUCE 35 16729
SEND 1553584995 INTRODUCE 35 12937
SEND 1553584995 INTRODUCE 35 46334
SEND 1553584995 INTRODUCE 35 56930
SEND 1553584995 INTRODUCE 35 39592
SEND 1553584995 INTRODUCE 35 37219
SEND 1553584995 INTRODUCE 35 15894
SEND 1553584995 INTRODUCE 35 28022
SEND 1553584995 INTRODUCE 35 26290
SEND 1553584995 INTRODUCE 35 34392
SEND 1553584995 INTRODUCE 35 22014
SEND 1553584995 INTRODUCE 35 33430
SEND 1553584995 INTRODUCE 35 15475
SEND 1553584995 INTRODUCE 35 29378
SEND 1553584995 INTRODUCE 35 16914
SEND 1553584995 INTRODUCE 35 19176
SEND 1553584995 INTRODUCE 35 15440
SEND 1553584995 INTRODUCE 35 15620
SEND 1553584995 INTRODUCE 35 19714
SEND 1553584995 INTRODUCE 35 38958
SEND 1553584995 INTRODUCE 35 20626
# recieved string JOIN node6 172.22.156.208 8006

SEND 1553584995 INTRODUCE 35 15759
SEND 1553584995 INTRODUCE 35 22487
SEND 1553584995 INTRODUCE 35 22216
SEND 1553584995 INTRODUCE 35 46122
SEND 1553584995 INTRODUCE 35 16653
# recieved string JOIN node9 172.22.156.206 8009

SEND 1553584995 INTRODUCE 35 26205
SEND 1553584995 INTRODUCE 35 15457
SEND 1553584995 JOIN 31 26743
RECIEVED 1553584995 INTRODUCE 35 32 1
RECIEVED 1553584995 INTRODUCE 36 32 1
RECIEVED 1553584995 INTRODUCE 36 32 1
RECIEVED 1553584995 INTRODUCE 37 32 1
RECIEVED 1553584995 INTRODUCE 36 32 1
RECIEVED 1553584995 INTRODUCE 36 32 1
RECIEVED 1553584995 INTRODUCE 36 32 1
RECIEVED 1553584995 INTRODUCE 36 32 1
RECIEVED 1553584995 INTRODUCE 36 32 1
RECIEVED 1553584995 INTRODUCE 36 32 1
RECIEVED 1553584995 INTRODUCE 35 32 1
RECIEVED 1553584995 INTRODUCE 35 32 1
RECIEVED 1553584995 INTRODUCE 35 32 1
RECIEVED 1553584995 INTRODUCE 36 32 1
RECIEVED 1553584995 INTRODUCE 35 32 1
RECIEVED 1553584995 INTRODUCE 36 32 1
RECIEVED 1553584995 INTRODUCE 35 32 1
RECIEVED 1553584995 INTRODUCE 35 32 1
RECIEVED 1553584995 INTRODUCE 37 32 1
RECIEVED 1553584995 INTRODUCE 35 32 1
RECIEVED 1553584995 INTRODUCE 36 32 1
RECIEVED 1553584995 INTRODUCE 36 32 1
RECIEVED 1553584995 INTRODUCE 36 32 1
RECIEVED 1553584995 INTRODUCE 36 32 1
SEND 1553584995 INTRODUCE 36 47493
SEND 1553584995 INTRODUCE 36 41604
SEND 1553584995 INTRODUCE 36 31943
SEND 1553584995 INTRODUCE 36 26275
SEND 1553584995 INTRODUCE 36 21163
SEND 1553584995 INTRODUCE 36 22100
SEND 1553584995 INTRODUCE 36 22044
SEND 1553584995 INTRODUCE 36 15964
SEND 1553584995 INTRODUCE 36 39195
SEND 1553584995 INTRODUCE 36 21502
SEND 1553584995 INTRODUCE 36 27528
SEND 1553584995 INTRODUCE 36 19680
SEND 1553584995 INTRODUCE 36 20117
SEND 1553584995 INTRODUCE 36 20933
SEND 1553584995 INTRODUCE 36 35404
SEND 1553584995 INTRODUCE 36 15864
SEND 1553584995 INTRODUCE 36 29567
SEND 1553584995 INTRODUCE 36 22030
SEND 1553584995 INTRODUCE 36 26121
SEND 1553584995 INTRODUCE 36 20972
SEND 1553584995 INTRODUCE 36 20113
SEND 1553584995 INTRODUCE 36 14961
SEND 1553584995 INTRODUCE 36 28429
SEND 1553584995 INTRODUCE 36 25148
SEND 1553584995 INTRODUCE 36 34087
SEND 1553584995 INTRODUCE 36 32116
SEND 1553584995 INTRODUCE 36 13705
SEND 1553584995 INTRODUCE 36 16851
SEND 1553584995 INTRODUCE 36 24831
SEND 1553584995 INTRODUCE 36 16200
SEND 1553584995 INTRODUCE 36 28110
SEND 1553584995 INTRODUCE 36 23914
SEND 1553584995 JOIN 31 17248
RECIEVED 1553584995 INTRODUCE 35 33 1
RECIEVED 1553584995 INTRODUCE 35 33 1
RECIEVED 1553584995 INTRODUCE 36 33 1
RECIEVED 1553584995 INTRODUCE 36 33 1
RECIEVED 1553584995 INTRODUCE 36 33 1
RECIEVED 1553584995 INTRODUCE 36 33 1
RECIEVED 1553584995 INTRODUCE 37 33 1
RECIEVED 1553584995 INTRODUCE 36 33 1
SEND 1553584995 INTRODUCE 36 32741
SEND 1553584995 INTRODUCE 36 21171
SEND 1553584995 INTRODUCE 36 26393
SEND 1553584995 INTRODUCE 36 20690
SEND 1553584995 INTRODUCE 36 21765
SEND 1553584995 INTRODUCE 36 14012
SEND 1553584995 INTRODUCE 36 22518
SEND 1553584995 INTRODUCE 36 20324
SEND 1553584995 INTRODUCE 36 38199
SEND 1553584995 INTRODUCE 36 18099
SEND 1553584995 INTRODUCE 36 47323
SEND 1553584995 INTRODUCE 36 20281
SEND 1553584995 INTRODUCE 36 15482
SEND 1553584995 INTRODUCE 36 42825
SEND 1553584995 INTRODUCE 36 38311
SEND 1553584995 INTRODUCE 36 12407
SEND 1553584995 INTRODUCE 36 21254
# recieved string JOIN node8 172.22.156.206 8008

SEND 1553584995 INTRODUCE 36 21175
SEND 1553584995 INTRODUCE 36 32719
SEND 1553584995 INTRODUCE 36 26556
SEND 1553584995 INTRODUCE 36 26221
SEND 1553584995 INTRODUCE 36 18237
SEND 1553584995 INTRODUCE 36 21616
SEND 1553584995 INTRODUCE 36 19000
SEND 1553584995 INTRODUCE 36 17634
SEND 1553584995 INTRODUCE 36 16984
SEND 1553584995 INTRODUCE 36 10960
SEND 1553584995 INTRODUCE 36 10340
SEND 1553584995 INTRODUCE 36 15940
SEND 1553584995 INTRODUCE 36 11290
SEND 1553584995 INTRODUCE 36 23486
SEND 1553584995 INTRODUCE 36 10273
SEND 1553584995 INTRODUCE 36 12950
SEND 1553584995 JOIN 31 17130
RECIEVED 1553584995 INTRODUCE 36 34 1
RECIEVED 1553584995 INTRODUCE 35 34 1
RECIEVED 1553584995 INTRODUCE 36 34 1
RECIEVED 1553584995 INTRODUCE 35 34 1
RECIEVED 1553584995 INTRODUCE 36 34 1
RECIEVED 1553584995 INTRODUCE 37 34 1
RECIEVED 1553584995 INTRODUCE 36 34 1
RECIEVED 1553584995 INTRODUCE 36 34 1
RECIEVED 1553584995 INTRODUCE 37 34 1
RECIEVED 1553584995 INTRODUCE 36 34 1
RECIEVED 1553584995 INTRODUCE 36 34 1
SEND 1553584995 INTRODUCE 36 13867
SEND 1553584995 INTRODUCE 36 15213
SEND 1553584995 INTRODUCE 36 9412
SEND 1553584995 INTRODUCE 36 27214
SEND 1553584995 INTRODUCE 36 19261
SEND 1553584995 INTRODUCE 36 12384
SEND 1553584995 INTRODUCE 36 11593
SEND 1553584995 INTRODUCE 36 11277
SEND 1553584995 INTRODUCE 36 22601
SEND 1553584995 INTRODUCE 36 24224
SEND 1553584995 INTRODUCE 36 11871
SEND 1553584995 INTRODUCE 36 10887
SEND 1553584995 INTRODUCE 36 13944
SEND 1553584995 INTRODUCE 36 30769
SEND 1553584995 INTRODUCE 36 14666
SEND 1553584995 INTRODUCE 36 15466
SEND 1553584995 INTRODUCE 36 8172
SEND 1553584995 INTRODUCE 36 11354
SEND 1553584995 INTRODUCE 36 8721
SEND 1553584995 INTRODUCE 36 15128
SEND 1553584995 INTRODUCE 36 8788
SEND 1553584995 INTRODUCE 36 11008
SEND 1553584995 INTRODUCE 36 7346
SEND 1553584995 INTRODUCE 36 23620
SEND 1553584995 INTRODUCE 36 12167
SEND 1553584995 INTRODUCE 36 15802
SEND 1553584995 INTRODUCE 36 13840
SEND 1553584995 INTRODUCE 36 10830
SEND 1553584995 INTRODUCE 36 19958
SEND 1553584995 INTRODUCE 36 14954
SEND 1553584995 INTRODUCE 36 14995
SEND 1553584995 INTRODUCE 36 19087
SEND 1553584995 INTRODUCE 36 114290
SEND 1553584995 INTRODUCE 36 11038
SEND 1553584995 JOIN 31 15945
RECIEVED 1553584995 INTRODUCE 36 35 1
RECIEVED 1553584995 TRANSACTION 81 35 1
RECIEVED 1553584995 INTRODUCE 37 35 1
RECIEVED 1553584995 INTRODUCE 36 35 1
RECIEVED 1553584995 INTRODUCE 35 35 1
RECIEVED 1553584995 INTRODUCE 36 35 1
RECIEVED 1553584995 INTRODUCE 36 35 1
RECIEVED 1553584995 INTRODUCE 35 35 1
RECIEVED 1553584995 INTRODUCE 35 35 1
RECIEVED 1553584995 INTRODUCE 35 35 1
RECIEVED 1553584995 INTRODUCE 36 35 1
RECIEVED 1553584995 INTRODUCE 37 35 1
RECIEVED 1553584995 INTRODUCE 36 35 1
RECIEVED 1553584995 INTRODUCE 37 35 1
RECIEVED 1553584995 INTRODUCE 36 35 1
RECIEVED 1553584995 INTRODUCE 36 35 1
RECIEVED 1553584995 INTRODUCE 36 35 1
SEND 1553584995 INTRODUCE 36 13330
SEND 1553584995 INTRODUCE 36 11730
SEND 1553584995 INTRODUCE 36 11295
SEND 1553584995 INTRODUCE 36 19039
SEND 1553584995 INTRODUCE 36 33148
SEND 1553584995 INTRODUCE 36 16324
SEND 1553584995 INTRODUCE 36 15862
SEND 1553584995 INTRODUCE 36 11420
SEND 1553584995 INTRODUCE 36 10724
SEND 1553584995 INTRODUCE 36 10244
SEND 1553584995 INTRODUCE 36 17018
SEND 1553584995 INTRODUCE 36 11819
SEND 1553584995 INTRODUCE 36 13155
SEND 1553584995 INTRODUCE 36 11794
SEND 1553584995 INTRODUCE 36 15246
# recieved string JOIN node3 172.22.156.206 8003

SEND 1553584995 INTRODUCE 36 16044
SEND 1553584996 INTRODUCE 36 47198
SEND 1553584996 INTRODUCE 36 11320
SEND 1553584996 INTRODUCE 36 16154
SEND 1553584996 INTRODUCE 36 10253
SEND 1553584996 INTRODUCE 36 14834
SEND 1553584996 INTRODUCE 36 14257
SEND 1553584996 INTRODUCE 36 17026
SEND 1553584996 INTRODUCE 36 20039
SEND 1553584996 INTRODUCE 36 9301
SEND 1553584996 INTRODUCE 36 17176
SEND 1553584996 INTRODUCE 36 11121
SEND 1553584996 INTRODUCE 36 10930
SEND 1553584996 INTRODUCE 36 15137
SEND 1553584996 INTRODUCE 36 14688
SEND 1553584996 INTRODUCE 36 16194
SEND 1553584996 INTRODUCE 36 12346
SEND 1553584996 INTRODUCE 36 10192
SEND 1553584996 INTRODUCE 36 16392
SEND 1553584996 INTRODUCE 36 9850
SEND 1553584996 JOIN 31 15119
RECIEVED 1553584996 INTRODUCE 35 36 1
RECIEVED 1553584996 INTRODUCE 35 36 1
RECIEVED 1553584996 INTRODUCE 37 36 1
RECIEVED 1553584996 INTRODUCE 35 36 1
RECIEVED 1553584996 INTRODUCE 37 36 1
RECIEVED 1553584996 INTRODUCE 35 36 1
RECIEVED 1553584996 INTRODUCE 35 36 1
RECIEVED 1553584996 INTRODUCE 36 36 1
RECIEVED 1553584996 INTRODUCE 37 36 1
RECIEVED 1553584996 INTRODUCE 36 36 1
RECIEVED 1553584996 INTRODUCE 35 36 1
RECIEVED 1553584996 INTRODUCE 36 36 1
RECIEVED 1553584996 INTRODUCE 37 36 1
RECIEVED 1553584996 INTRODUCE 37 36 1
RECIEVED 1553584996 INTRODUCE 36 36 1
SEND 1553584996 INTRODUCE 36 12256
SEND 1553584996 INTRODUCE 36 11880
SEND 1553584996 INTRODUCE 36 16119
SEND 1553584996 INTRODUCE 36 23847
SEND 1553584996 INTRODUCE 36 12396
SEND 1553584996 INTRODUCE 36 11292
SEND 1553584996 INTRODUCE 36 70635
SEND 1553584996 INTRODUCE 36 10819
SEND 1553584996 INTRODUCE 36 11160
SEND 1553584996 INTRODUCE 36 14727
SEND 1553584996 INTRODUCE 36 14604
# recieved string JOIN node1 172.22.156.206 8001

SEND 1553584996 INTRODUCE 36 18911
# recieved string JOIN node2 172.22.156.206 8002

SEND 1553584996 INTRODUCE 36 23239
SEND 1553584996 INTRODUCE 36 10990
SEND 1553584996 INTRODUCE 36 10437
SEND 1553584996 INTRODUCE 36 21782
SEND 1553584996 INTRODUCE 36 19153
SEND 1553584996 INTRODUCE 36 18030
SEND 1553584996 INTRODUCE 36 10695
SEND 1553584996 INTRODUCE 36 15094
SEND 1553584996 INTRODUCE 36 26176
SEND 1553584996 INTRODUCE 36 11562
SEND 1553584996 INTRODUCE 36 12080
SEND 1553584996 INTRODUCE 36 14815
SEND 1553584996 INTRODUCE 36 57127
SEND 1553584996 INTRODUCE 36 11681
SEND 1553584996 INTRODUCE 36 16786
SEND 1553584996 INTRODUCE 36 11429
SEND 1553584996 INTRODUCE 36 169449
SEND 1553584996 INTRODUCE 36 9665
SEND 1553584996 INTRODUCE 36 52574
SEND 1553584996 INTRODUCE 36 9570
SEND 1553584996 INTRODUCE 36 13375
SEND 1553584996 INTRODUCE 36 19079
SEND 1553584996 INTRODUCE 36 10274
SEND 1553584996 INTRODUCE 36 38038
SEND 1553584996 JOIN 31 15002
RECIEVED 1553584996 INTRODUCE 37 37 1
RECIEVED 1553584996 INTRODUCE 35 37 1
RECIEVED 1553584996 INTRODUCE 36 37 1
RECIEVED 1553584996 INTRODUCE 36 37 1
RECIEVED 1553584996 INTRODUCE 36 37 1
RECIEVED 1553584996 INTRODUCE 35 37 1
RECIEVED 1553584996 INTRODUCE 35 37 1
RECIEVED 1553584996 INTRODUCE 36 37 1
RECIEVED 1553584996 INTRODUCE 35 37 1
RECIEVED 1553584996 INTRODUCE 36 37 1
RECIEVED 1553584996 INTRODUCE 36 37 1
RECIEVED 1553584996 INTRODUCE 36 37 1
RECIEVED 1553584996 INTRODUCE 35 37 1
RECIEVED 1553584996 INTRODUCE 36 37 1
RECIEVED 1553584996 INTRODUCE 36 37 1
RECIEVED 1553584996 INTRODUCE 35 37 1
RECIEVED 1553584996 INTRODUCE 37 37 1
RECIEVED 1553584996 INTRODUCE 37 37 1
RECIEVED 1553584996 TRANSACTION 81 37 1
RECIEVED 1553584996 INTRODUCE 36 37 1
RECIEVED 1553584996 INTRODUCE 37 37 1
RECIEVED 1553584996 INTRODUCE 36 37 1
RECIEVED 1553584996 INTRODUCE 35 37 1
RECIEVED 1553584996 INTRODUCE 35 37 1
RECIEVED 1553584996 INTRODUCE 36 37 1
RECIEVED 1553584996 INTRODUCE 35 37 1
RECIEVED 1553584996 INTRODUCE 37 37 1
RECIEVED 1553584996 INTRODUCE 35 37 1
RECIEVED 1553584996 INTRODUCE 36 37 1
RECIEVED 1553584996 INTRODUCE 36 37 1
RECIEVED 1553584996 INTRODUCE 36 37 1
RECIEVED 1553584996 INTRODUCE 36 37 1
RECIEVED 1553584996 INTRODUCE 36 37 1
RECIEVED 1553584996 INTRODUCE 35 37 1
RECIEVED 1553584996 INTRODUCE 37 37 1
RECIEVED 1553584996 INTRODUCE 37 37 1
RECIEVED 1553584996 INTRODUCE 37 37 1
RECIEVED 1553584996 INTRODUCE 37 37 1
RECIEVED 1553584996 INTRODUCE 36 37 1
RECIEVED 1553584996 INTRODUCE 36 37 1
RECIEVED 1553584996 INTRODUCE 37 37 1
RECIEVED 1553584996 INTRODUCE 37 37 1
RECIEVED 1553584996 INTRODUCE 36 37 1
RECIEVED 1553584996 INTRODUCE 36 37 1
RECIEVED 1553584996 INTRODUCE 35 37 1
RECIEVED 1553584996 INTRODUCE 35 37 1
RECIEVED 1553584996 INTRODUCE 36 37 1
RECIEVED 1553584996 INTRODUCE 35 37 1
RECIEVED 1553584996 INTRODUCE 35 37 1
RECIEVED 1553584996 INTRODUCE 36 37 1
RECIEVED 1553584996 INTRODUCE 35 37 1
RECIEVED 1553584996 INTRODUCE 35 37 1
RECIEVED 1553584996 INTRODUCE 37 37 1
RECIEVED 1553584996 INTRODUCE 35 37 1
RECIEVED 1553584996 INTRODUCE 36 37 1
RECIEVED 1553584996 INTRODUCE 37 37 1
RECIEVED 1553584996 INTRODUCE 36 37 1
RECIEVED 1553584996 INTRODUCE 37 37 1
RECIEVED 1553584996 INTRODUCE 36 37 1
RECIEVED 1553584996 INTRODUCE 37 37 1
RECIEVED 1553584996 INTRODUCE 36 37 1
RECIEVED 1553584996 INTRODUCE 36 37 1
RECIEVED 1553584996 INTRODUCE 35 37 1
RECIEVED 1553584996 INTRODUCE 36 37 1
RECIEVED 1553584996 TRANSACTION 81 37 1
RECIEVED 1553584996 INTRODUCE 35 37 1
RECIEVED 1553584996 INTRODUCE 37 37 1
RECIEVED 1553584996 INTRODUCE 36 37 1
RECIEVED 1553584996 INTRODUCE 35 37 1
RECIEVED 1553584996 INTRODUCE 36 37 1
RECIEVED 1553584996 INTRODUCE 35 37 1
RECIEVED 1553584996 INTRODUCE 37 37 1
RECIEVED 1553584996 INTRODUCE 36 37 1
RECIEVED 1553584996 INTRODUCE 35 37 1
RECIEVED 1553584996 INTRODUCE 37 37 1
RECIEVED 1553584996 INTRODUCE 36 37 1
RECIEVED 1553584996 INTRODUCE 37 37 1
RECIEVED 1553584996 INTRODUCE 36 37 1
RECIEVED 1553584996 INTRODUCE 36 37 1
RECIEVED 1553584996 INTRODUCE 36 37 1
RECIEVED 1553584996 INTRODUCE 35 37 1
RECIEVED 1553584996 INTRODUCE 37 37 1
RECIEVED 1553584996 INTRODUCE 36 37 1
RECIEVED 1553584996 INTRODUCE 36 37 1
RECIEVED 1553584996 INTRODUCE 36 37 1
RECIEVED 1553584996 INTRODUCE 36 37 1
RECIEVED 1553584996 INTRODUCE 36 37 1
RECIEVED 1553584996 INTRODUCE 35 37 1
RECIEVED 1553584996 INTRODUCE 35 37 1
RECIEVED 1553584996 INTRODUCE 35 37 1
RECIEVED 1553584996 INTRODUCE 35 37 1
RECIEVED 1553584996 INTRODUCE 37 37 1
RECIEVED 1553584996 INTRODUCE 37 37 1
RECIEVED 1553584996 INTRODUCE 37 37 1
RECIEVED 1553584996 INTRODUCE 36 37 1
RECIEVED 1553584996 INTRODUCE 35 37 1
RECIEVED 1553584996 INTRODUCE 36 37 1
RECIEVED 1553584996 INTRODUCE 36 37 1
SEND 1553584996 INTRODUCE 36 15267
SEND 1553584996 INTRODUCE 36 19137
# recieved string JOIN node5 172.22.156.206 8005

SEND 1553584996 INTRODUCE 36 11518
SEND 1553584996 INTRODUCE 36 12189
SEND 1553584996 INTRODUCE 36 10885
SEND 1553584996 INTRODUCE 36 50981
# recieved string JOIN node17 172.22.156.208 8017

SEND 1553584996 INTRODUCE 36 11459
SEND 1553584996 INTRODUCE 36 11048
SEND 1553584996 INTRODUCE 36 10361
SEND 1553584996 INTRODUCE 36 10254
SEND 1553584996 INTRODUCE 36 16312
SEND 1553584996 INTRODUCE 36 48380
SEND 1553584996 INTRODUCE 36 47025
SEND 1553584996 INTRODUCE 36 11232
SEND 1553584996 INTRODUCE 36 11382
SEND 1553584996 INTRODUCE 36 15720
SEND 1553584996 INTRODUCE 36 27413
SEND 1553584996 INTRODUCE 36 8929
SEND 1553584996 INTRODUCE 36 11679
SEND 1553584996 INTRODUCE 36 28827
SEND 1553584996 INTRODUCE 36 14820
SEND 1553584996 INTRODUCE 36 36321
SEND 1553584996 INTRODUCE 36 21263
SEND 1553584996 INTRODUCE 36 21658
SEND 1553584996 INTRODUCE 36 26704
SEND 1553584996 INTRODUCE 36 16388
SEND 1553584996 INTRODUCE 36 14695
SEND 1553584996 INTRODUCE 36 16352
SEND 1553584996 INTRODUCE 36 35477
SEND 1553584996 INTRODUCE 36 10760
SEND 1553584996 INTRODUCE 36 11993
# recieved string JOIN node12 172.22.94.217 8012

SEND 1553584996 INTRODUCE 36 11622
SEND 1553584996 INTRODUCE 36 14463
# recieved string JOIN node0 172.22.156.206 8000

SEND 1553584996 INTRODUCE 36 12312
SEND 1553584996 INTRODUCE 36 22072
SEND 1553584996 INTRODUCE 36 16120
SEND 1553584996 INTRODUCE 36 19290
SEND 1553584996 JOIN 31 15699
RECIEVED 1553584996 INTRODUCE 36 38 1
RECIEVED 1553584996 INTRODUCE 35 38 1
RECIEVED 1553584996 INTRODUCE 37 38 1
RECIEVED 1553584996 INTRODUCE 35 38 1
RECIEVED 1553584996 INTRODUCE 36 38 1
RECIEVED 1553584996 INTRODUCE 37 38 1
RECIEVED 1553584996 INTRODUCE 36 38 1
RECIEVED 1553584996 INTRODUCE 36 38 1
RECIEVED 1553584996 INTRODUCE 36 38 1
RECIEVED 1553584996 INTRODUCE 36 38 1
RECIEVED 1553584996 INTRODUCE 36 38 1
RECIEVED 1553584996 INTRODUCE 36 38 1
RECIEVED 1553584996 INTRODUCE 36 38 1
RECIEVED 1553584996 INTRODUCE 36 38 1
RECIEVED 1553584996 INTRODUCE 36 38 1
RECIEVED 1553584996 INTRODUCE 36 38 1
RECIEVED 1553584996 INTRODUCE 35 38 1
RECIEVED 1553584996 INTRODUCE 37 38 1
RECIEVED 1553584996 INTRODUCE 37 38 1
RECIEVED 1553584996 INTRODUCE 36 38 1
RECIEVED 1553584996 INTRODUCE 35 38 1
RECIEVED 1553584996 INTRODUCE 37 38 1
RECIEVED 1553584996 INTRODUCE 36 38 1
RECIEVED 1553584996 INTRODUCE 35 38 1
RECIEVED 1553584996 INTRODUCE 37 38 1
RECIEVED 1553584996 INTRODUCE 35 38 1
RECIEVED 1553584996 INTRODUCE 35 38 1
RECIEVED 1553584996 INTRODUCE 35 38 1
RECIEVED 1553584996 INTRODUCE 35 38 1
RECIEVED 1553584996 INTRODUCE 36 38 1
RECIEVED 1553584996 INTRODUCE 35 38 1
RECIEVED 1553584996 INTRODUCE 36 38 1
RECIEVED 1553584996 INTRODUCE 36 38 1
RECIEVED 1553584996 INTRODUCE 35 38 1
RECIEVED 1553584996 INTRODUCE 36 38 1
RECIEVED 1553584996 INTRODUCE 36 38 1
RECIEVED 1553584996 INTRODUCE 36 38 1
RECIEVED 1553584996 INTRODUCE 35 38 1
RECIEVED 1553584996 INTRODUCE 37 38 1
RECIEVED 1553584996 INTRODUCE 35 38 1
RECIEVED 1553584996 INTRODUCE 35 38 1
RECIEVED 1553584996 INTRODUCE 36 38 1
RECIEVED 1553584996 INTRODUCE 36 38 1
RECIEVED 1553584996 INTRODUCE 36 38 1
RECIEVED 1553584996 INTRODUCE 35 38 1
RECIEVED 1553584996 INTRODUCE 36 38 1
RECIEVED 1553584996 INTRODUCE 35 38 1
RECIEVED 1553584996 INTRODUCE 36 38 1
RECIEVED 1553584996 INTRODUCE 37 38 1
RECIEVED 1553584996 INTRODUCE 36 38 1
RECIEVED 1553584996 INTRODUCE 37 38 1
RECIEVED 1553584996 INTRODUCE 35 38 1
RECIEVED 1553584996 INTRODUCE 36 38 1
RECIEVED 1553584996 INTRODUCE 35 38 1
RECIEVED 1553584996 INTRODUCE 36 38 1
RECIEVED 1553584996 INTRODUCE 36 38 1
RECIEVED 1553584996 INTRODUCE 36 38 1
RECIEVED 1553584996 INTRODUCE 36 38 1
RECIEVED 1553584996 INTRODUCE 36 38 1
RECIEVED 1553584996 INTRODUCE 36 38 1
RECIEVED 1553584996 INTRODUCE 36 38 1
RECIEVED 1553584996 INTRODUCE 35 38 1
RECIEVED 1553584996 INTRODUCE 35 38 1
RECIEVED 1553584996 INTRODUCE 37 38 1
RECIEVED 1553584996 JOIN 32 38 1
SEND 1553584996 INTRODUCE 36 14122
SEND 1553584996 INTRODUCE 36 13876
SEND 1553584996 INTRODUCE 36 13922
SEND 1553584996 INTRODUCE 36 13191
SEND 1553584996 INTRODUCE 36 14030
SEND 1553584996 INTRODUCE 35 13739
SEND 1553584996 INTRODUCE 36 13991
SEND 1553584996 INTRODUCE 36 13532
SEND 1553584996 INTRODUCE 36 14963
SEND 1553584996 INTRODUCE 36 14450
SEND 1553584996 INTRODUCE 35 14553
SEND 1553584996 INTRODUCE 36 13165
SEND 1553584996 INTRODUCE 37 23656
SEND 1553584996 INTRODUCE 36 13918
SEND 1553584996 INTRODUCE 37 15833
SEND 1553584996 INTRODUCE 35 16527
SEND 1553584996 INTRODUCE 37 11151
SEND 1553584996 INTRODUCE 35 11550
SEND 1553584996 INTRODUCE 36 11575
SEND 1553584996 INTRODUCE 37 10911
SEND 1553584996 INTRODUCE 36 11370
SEND 1553584996 INTRODUCE 35 11080
SEND 1553584996 INTRODUCE 35 10923
SEND 1553584996 INTRODUCE 37 11064
SEND 1553584996 INTRODUCE 36 11751
SEND 1553584996 INTRODUCE 35 10820
SEND 1553584996 INTRODUCE 36 10872
SEND 1553584996 INTRODUCE 35 10076
SEND 1553584996 INTRODUCE 35 10162
SEND 1553584996 INTRODUCE 37 10371
SEND 1553584996 INTRODUCE 36 10847
SEND 1553584996 INTRODUCE 36 11926
SEND 1553584996 INTRODUCE 35 17651
SEND 1553584996 INTRODUCE 36 11203
SEND 1553584996 INTRODUCE 36 11553
SEND 1553584996 INTRODUCE 36 14202
SEND 1553584996 INTRODUCE 36 11369
SEND 1553584996 INTRODUCE 36 11726
RECIEVED 1553584996 INTRODUCE 35 39 1
RECIEVED 1553584996 INTRODUCE 36 39 1
RECIEVED 1553584996 INTRODUCE 36 39 1
RECIEVED 1553584996 INTRODUCE 36 39 1
RECIEVED 1553584996 INTRODUCE 37 39 1
RECIEVED 1553584996 INTRODUCE 35 39 1
RECIEVED 1553584996 INTRODUCE 37 39 1
RECIEVED 1553584996 INTRODUCE 37 39 1
RECIEVED 1553584996 INTRODUCE 36 39 1
RECIEVED 1553584996 INTRODUCE 36 39 1
RECIEVED 1553584996 INTRODUCE 36 39 1
RECIEVED 1553584996 INTRODUCE 36 39 1
RECIEVED 1553584996 INTRODUCE 35 39 1
RECIEVED 1553584996 INTRODUCE 36 39 1
RECIEVED 1553584996 INTRODUCE 36 39 1
RECIEVED 1553584996 INTRODUCE 36 39 1
RECIEVED 1553584996 INTRODUCE 36 39 1
RECIEVED 1553584996 INTRODUCE 37 39 1
RECIEVED 1553584996 INTRODUCE 35 39 1
RECIEVED 1553584996 INTRODUCE 36 39 1
RECIEVED 1553584996 INTRODUCE 36 39 1
RECIEVED 1553584996 INTRODUCE 36 39 1
RECIEVED 1553584996 INTRODUCE 36 39 1
RECIEVED 1553584996 INTRODUCE 36 39 1
RECIEVED 1553584996 INTRODUCE 36 39 1
RECIEVED 1553584996 INTRODUCE 36 39 1
RECIEVED 1553584996 INTRODUCE 37 39 1
RECIEVED 1553584996 INTRODUCE 35 39 1
RECIEVED 1553584996 INTRODUCE 35 39 1
RECIEVED 1553584996 INTRODUCE 37 39 1
RECIEVED 1553584996 INTRODUCE 37 39 1
RECIEVED 1553584996 JOIN 31 39 1
SEND 1553584996 INTRODUCE 35 12870
SEND 1553584996 INTRODUCE 36 10266
SEND 1553584996 INTRODUCE 36 10121
SEND 1553584996 INTRODUCE 36 10900
SEND 1553584996 INTRODUCE 36 11024
SEND 1553584996 INTRODUCE 35 10908
SEND 1553584996 INTRODUCE 36 15567
# recieved string JOIN node15 172.22.156.208 8015

SEND 1553584996 INTRODUCE 37 14796
SEND 1553584996 INTRODUCE 36 9581
SEND 1553584996 INTRODUCE 37 135123
SEND 1553584996 INTRODUCE 35 58139
# recieved string JOIN node15 172.22.94.217 8015

SEND 1553584996 INTRODUCE 37 17196
# Failed listening 
%!(EXTRA string=node10)# ERROR: read tcp 172.22.156.206:49244->172.22.156.208:8010: read: connection reset by peer
# Failed listening 
%!(EXTRA string=node6)# ERROR: read tcp 172.22.156.206:44728->172.22.156.208:8006: read: connection reset by peer
SEND 1553584996 INTRODUCE 35 25885
SEND 1553584996 INTRODUCE 36 10748
SEND 1553584996 INTRODUCE 37 150098
SEND 1553584996 INTRODUCE 36 11219
SEND 1553584996 INTRODUCE 35 10233
SEND 1553584996 INTRODUCE 35 9767
SEND 1553584996 INTRODUCE 37 10881
SEND 1553584996 INTRODUCE 35 11352
SEND 1553584996 INTRODUCE 36 10554
SEND 1553584996 INTRODUCE 35 10379
SEND 1553584996 INTRODUCE 35 9421
SEND 1553584996 INTRODUCE 37 10068
SEND 1553584996 INTRODUCE 36 10591
SEND 1553584996 INTRODUCE 36 15124
SEND 1553584996 INTRODUCE 36 10368
SEND 1553584996 INTRODUCE 35 45522
SEND 1553584996 INTRODUCE 36 14682
SEND 1553584996 INTRODUCE 36 10876
SEND 1553584996 INTRODUCE 36 12069
SEND 1553584996 INTRODUCE 36 11310
SEND 1553584996 INTRODUCE 36 14017
SEND 1553584996 INTRODUCE 36 13830
SEND 1553584996 INTRODUCE 36 13001
SEND 1553584996 INTRODUCE 36 10326
SEND 1553584996 INTRODUCE 36 10074
SEND 1553584996 INTRODUCE 36 10720
SEND 1553584996 INTRODUCE 37 10860
RECIEVED 1553584996 INTRODUCE 37 40 1
SEND 1553584996 INTRODUCE 37 39846
SEND 1553584996 INTRODUCE 37 14305
SEND 1553584996 INTRODUCE 37 12663
SEND 1553584996 INTRODUCE 37 15527
SEND 1553584996 INTRODUCE 37 15472
SEND 1553584996 INTRODUCE 37 15911
SEND 1553584996 INTRODUCE 37 11485
SEND 1553584996 INTRODUCE 37 14602
SEND 1553584996 INTRODUCE 37 11846
SEND 1553584996 INTRODUCE 37 12600
SEND 1553584996 INTRODUCE 37 17088
SEND 1553584996 INTRODUCE 37 13006
SEND 1553584996 INTRODUCE 37 18192
SEND 1553584996 INTRODUCE 37 15937
SEND 1553584996 INTRODUCE 37 9765
SEND 1553584996 INTRODUCE 37 21854
SEND 1553584996 INTRODUCE 37 41033
SEND 1553584996 INTRODUCE 37 16207
SEND 1553584996 INTRODUCE 37 11417
SEND 1553584996 INTRODUCE 37 11686
SEND 1553584996 INTRODUCE 37 11863
SEND 1553584996 INTRODUCE 37 14995
# recieved string JOIN node14 172.22.156.206 8014

SEND 1553584996 INTRODUCE 37 12272
# Failed sending to node node10
# ERROR: write tcp 172.22.156.206:49244->172.22.156.208:8010: write: broken pipe
SEND 1553584996 INTRODUCE 37 15276
SEND 1553584996 INTRODUCE 37 13300
SEND 1553584996 INTRODUCE 37 15324
SEND 1553584996 INTRODUCE 37 11076
SEND 1553584996 INTRODUCE 37 9836
SEND 1553584996 INTRODUCE 37 16044
SEND 1553584996 INTRODUCE 37 10127
SEND 1553584996 INTRODUCE 37 9888
SEND 1553584996 INTRODUCE 37 10747
SEND 1553584996 INTRODUCE 37 11750
SEND 1553584996 INTRODUCE 37 62098
SEND 1553584996 INTRODUCE 37 17131
SEND 1553584996 INTRODUCE 37 12257
# Failed sending to node node6
# ERROR: write tcp 172.22.156.206:44728->172.22.156.208:8006: write: broken pipe
SEND 1553584996 INTRODUCE 37 15341
SEND 1553584996 INTRODUCE 37 16850
SEND 1553584996 JOIN 31 16540
RECIEVED 1553584996 INTRODUCE 36 41 1
RECIEVED 1553584996 INTRODUCE 36 41 1
RECIEVED 1553584996 INTRODUCE 36 41 1
RECIEVED 1553584996 INTRODUCE 36 41 1
RECIEVED 1553584996 INTRODUCE 36 41 1
RECIEVED 1553584996 INTRODUCE 36 41 1
RECIEVED 1553584996 INTRODUCE 36 41 1
RECIEVED 1553584996 INTRODUCE 35 41 1
RECIEVED 1553584996 INTRODUCE 37 41 1
RECIEVED 1553584996 INTRODUCE 36 41 1
RECIEVED 1553584996 INTRODUCE 36 41 1
RECIEVED 1553584996 INTRODUCE 37 41 1
RECIEVED 1553584996 INTRODUCE 36 41 1
RECIEVED 1553584996 INTRODUCE 35 41 1
RECIEVED 1553584996 INTRODUCE 37 41 1
RECIEVED 1553584996 INTRODUCE 35 41 1
RECIEVED 1553584996 INTRODUCE 36 41 1
RECIEVED 1553584996 INTRODUCE 37 41 1
RECIEVED 1553584996 INTRODUCE 36 41 1
RECIEVED 1553584996 INTRODUCE 36 41 1
RECIEVED 1553584996 INTRODUCE 35 41 1
RECIEVED 1553584996 INTRODUCE 36 41 1
RECIEVED 1553584996 INTRODUCE 35 41 1
RECIEVED 1553584996 INTRODUCE 36 41 1
RECIEVED 1553584996 INTRODUCE 35 41 1
RECIEVED 1553584996 INTRODUCE 36 41 1
RECIEVED 1553584996 INTRODUCE 35 41 1
RECIEVED 1553584996 INTRODUCE 36 41 1
RECIEVED 1553584996 INTRODUCE 37 41 1
RECIEVED 1553584996 INTRODUCE 36 41 1
RECIEVED 1553584996 INTRODUCE 35 41 1
RECIEVED 1553584996 INTRODUCE 36 41 1
RECIEVED 1553584996 INTRODUCE 37 41 1
RECIEVED 1553584996 INTRODUCE 35 41 1
RECIEVED 1553584996 INTRODUCE 36 41 1
RECIEVED 1553584996 INTRODUCE 36 41 1
RECIEVED 1553584996 INTRODUCE 36 41 1
RECIEVED 1553584996 INTRODUCE 36 41 1
RECIEVED 1553584996 INTRODUCE 36 41 1
RECIEVED 1553584996 INTRODUCE 36 41 1
RECIEVED 1553584996 INTRODUCE 35 41 1
RECIEVED 1553584996 INTRODUCE 36 41 1
RECIEVED 1553584996 INTRODUCE 37 41 1
RECIEVED 1553584996 INTRODUCE 36 41 1
RECIEVED 1553584996 INTRODUCE 37 41 1
RECIEVED 1553584996 INTRODUCE 36 41 1
RECIEVED 1553584996 INTRODUCE 36 41 1
RECIEVED 1553584996 INTRODUCE 36 41 1
RECIEVED 1553584996 INTRODUCE 35 41 1
RECIEVED 1553584996 INTRODUCE 35 41 1
RECIEVED 1553584996 INTRODUCE 36 41 1
RECIEVED 1553584996 INTRODUCE 35 41 1
RECIEVED 1553584996 INTRODUCE 37 41 1
RECIEVED 1553584996 INTRODUCE 36 41 1
RECIEVED 1553584996 INTRODUCE 36 41 1
SEND 1553584996 INTRODUCE 36 12840
SEND 1553584996 INTRODUCE 36 18720
SEND 1553584996 INTRODUCE 36 17102
SEND 1553584996 INTRODUCE 36 16297
SEND 1553584996 INTRODUCE 36 15761
SEND 1553584996 INTRODUCE 36 10716
SEND 1553584996 INTRODUCE 36 15035
SEND 1553584996 INTRODUCE 36 18538
SEND 1553584996 INTRODUCE 36 10647
SEND 1553584996 INTRODUCE 36 17119
SEND 1553584996 INTRODUCE 36 12102
SEND 1553584996 INTRODUCE 36 21009
SEND 1553584996 INTRODUCE 36 9673
SEND 1553584996 INTRODUCE 36 14268
SEND 1553584996 INTRODUCE 36 17135
SEND 1553584996 INTRODUCE 36 10853
SEND 1553584996 INTRODUCE 36 15933
SEND 1553584996 INTRODUCE 36 11892
SEND 1553584996 INTRODUCE 36 11633
SEND 1553584996 INTRODUCE 36 11516
SEND 1553584996 INTRODUCE 36 13120
SEND 1553584996 INTRODUCE 36 89456
# Failed sending to node node10
# ERROR: write tcp 172.22.156.206:49244->172.22.156.208:8010: write: broken pipe
# Failed listening 
%!(EXTRA string=node1)# ERROR: read tcp 172.22.156.206:38362->172.22.94.217:8001: read: connection reset by peer
# recieved string JOIN node18 172.22.156.208 8018

# recieved string JOIN node13 172.22.156.206 8013

# recieved string JOIN node12 172.22.156.206 8012

# Failed listening 
%!(EXTRA string=node3)# ERROR: read tcp 172.22.156.206:52940->172.22.156.206:8003: read: connection reset by peer
# recieved string JOIN node18 172.22.94.217 8018

# recieved string JOIN node15 172.22.156.206 8015

# recieved string JOIN node19 172.22.156.206 8019

# recieved string JOIN node16 172.22.94.217 8016

# recieved string JOIN node17 172.22.156.206 8017

# recieved string JOIN node17 172.22.94.217 8017

# recieved string JOIN node16 172.22.156.208 8016

# recieved string JOIN node18 172.22.156.206 8018

# Failed listening 
%!(EXTRA string=node10)# ERROR: read tcp 172.22.156.206:35340->172.22.94.217:8010: read: connection reset by peer
# recieved string JOIN node16 172.22.156.206 8016

# Failed listening 
%!(EXTRA string=node15)# ERROR: read tcp 172.22.156.206:33502->172.22.156.208:8015: read: connection reset by peer
# recieved string JOIN node19 172.22.94.217 8019

