RECIEVED 1553584994 INTRODUCE 36 0 0
SEND 1553584994 JOIN 30 22955
RECIEVED 1553584994 INTRODUCE 36 1 0
SEND 1553584994 INTRODUCE 36 39250
SEND 1553584994 JOIN 30 30708
RECIEVED 1553584994 INTRODUCE 36 2 0
SEND 1553584994 INTRODUCE 36 26700
SEND 1553584994 INTRODUCE 36 22838
SEND 1553584994 JOIN 30 19155
RECIEVED 1553584994 INTRODUCE 36 3 0
RECIEVED 1553584994 INTRODUCE 36 3 0
SEND 1553584994 INTRODUCE 36 21414
SEND 1553584994 INTRODUCE 36 17624
SEND 1553584994 INTRODUCE 36 22676
SEND 1553584994 JOIN 30 31142
RECIEVED 1553584994 INTRODUCE 36 4 0
SEND 1553584994 INTRODUCE 36 26949
SEND 1553584994 INTRODUCE 36 25014
SEND 1553584994 INTRODUCE 36 25182
SEND 1553584994 INTRODUCE 36 21951
SEND 1553584994 JOIN 30 24645
RECIEVED 1553584994 INTRODUCE 36 5 0
RECIEVED 1553584994 INTRODUCE 36 5 0
SEND 1553584994 INTRODUCE 36 23747
SEND 1553584994 INTRODUCE 36 22438
SEND 1553584994 INTRODUCE 36 24637
SEND 1553584994 INTRODUCE 36 29953
SEND 1553584994 INTRODUCE 36 23429
# recieved string JOIN node8 172.22.156.208 8008

SEND 1553584994 JOIN 30 51233
RECIEVED 1553584994 INTRODUCE 36 6 0
RECIEVED 1553584994 INTRODUCE 36 6 0
RECIEVED 1553584994 INTRODUCE 36 6 0
RECIEVED 1553584994 INTRODUCE 36 6 0
RECIEVED 1553584994 INTRODUCE 36 6 0
RECIEVED 1553584994 INTRODUCE 36 6 0
RECIEVED 1553584994 INTRODUCE 36 6 0
RECIEVED 1553584994 JOIN 31 6 0
SEND 1553584994 INTRODUCE 36 24157
SEND 1553584994 INTRODUCE 36 31014
SEND 1553584994 INTRODUCE 36 54985
# recieved string JOIN node5 172.22.156.208 8005

# recieved string JOIN node1 172.22.94.217 8001

SEND 1553584994 INTRODUCE 36 37978
SEND 1553584994 INTRODUCE 36 19635
SEND 1553584994 INTRODUCE 36 27390
RECIEVED 1553584994 INTRODUCE 36 7 0
RECIEVED 1553584994 INTRODUCE 36 7 0
RECIEVED 1553584994 INTRODUCE 36 7 0
RECIEVED 1553584994 INTRODUCE 35 7 0
SEND 1553584994 INTRODUCE 35 24232
# recieved string JOIN node3 172.22.156.208 8003

SEND 1553584994 INTRODUCE 35 38474
SEND 1553584994 INTRODUCE 35 32600
# recieved string JOIN node0 172.22.156.208 8000

SEND 1553584994 INTRODUCE 35 30908
SEND 1553584994 INTRODUCE 35 37367
SEND 1553584994 INTRODUCE 35 30118
SEND 1553584994 INTRODUCE 35 35650
SEND 1553584994 JOIN 30 18826
RECIEVED 1553584994 INTRODUCE 36 8 0
SEND 1553584994 INTRODUCE 36 15973
SEND 1553584994 INTRODUCE 36 20889
SEND 1553584994 INTRODUCE 36 25194
SEND 1553584994 INTRODUCE 36 26051
SEND 1553584994 INTRODUCE 36 23300
SEND 1553584994 INTRODUCE 36 16356
SEND 1553584994 INTRODUCE 36 20604
SEND 1553584994 INTRODUCE 36 36991
SEND 1553584994 JOIN 30 36488
RECIEVED 1553584994 INTRODUCE 36 9 0
SEND 1553584994 INTRODUCE 36 16149
SEND 1553584994 INTRODUCE 36 23158
SEND 1553584994 INTRODUCE 36 13916
SEND 1553584994 INTRODUCE 36 30767
SEND 1553584994 INTRODUCE 36 17080
SEND 1553584994 INTRODUCE 36 45438
SEND 1553584994 INTRODUCE 36 49051
# recieved string JOIN node2 172.22.94.217 8002

# recieved string JOIN node3 172.22.94.217 8003

SEND 1553584994 INTRODUCE 36 21120
SEND 1553584994 INTRODUCE 36 33255
SEND 1553584994 JOIN 30 36069
# recieved string JOIN node10 172.22.156.208 8010

RECIEVED 1553584994 INTRODUCE 36 10 0
RECIEVED 1553584994 JOIN 31 10 0
RECIEVED 1553584994 JOIN 30 10 0
SEND 1553584994 INTRODUCE 36 14795
SEND 1553584994 INTRODUCE 36 14989
SEND 1553584994 INTRODUCE 36 21459
SEND 1553584994 INTRODUCE 36 19827
SEND 1553584994 INTRODUCE 36 13807
SEND 1553584994 INTRODUCE 36 14484
SEND 1553584994 INTRODUCE 36 17571
SEND 1553584994 INTRODUCE 36 15136
SEND 1553584994 INTRODUCE 36 15584
SEND 1553584994 INTRODUCE 35 14406
RECIEVED 1553584994 INTRODUCE 36 11 0
RECIEVED 1553584994 INTRODUCE 36 11 0
RECIEVED 1553584994 JOIN 31 11 0
RECIEVED 1553584994 JOIN 31 11 0
RECIEVED 1553584994 INTRODUCE 35 11 0
RECIEVED 1553584994 INTRODUCE 35 11 0
RECIEVED 1553584994 INTRODUCE 36 11 0
SEND 1553584994 INTRODUCE 36 14347
SEND 1553584994 INTRODUCE 36 40110
SEND 1553584994 INTRODUCE 36 30757
SEND 1553584994 INTRODUCE 36 21453
SEND 1553584994 INTRODUCE 36 20564
SEND 1553584994 INTRODUCE 36 52064
SEND 1553584994 INTRODUCE 36 29044
SEND 1553584994 INTRODUCE 36 22497
SEND 1553584994 INTRODUCE 36 14051
SEND 1553584994 INTRODUCE 36 23197
SEND 1553584994 INTRODUCE 36 23808
SEND 1553584994 JOIN 30 33915
RECIEVED 1553584994 JOIN 30 12 0
SEND 1553584994 INTRODUCE 36 16854
SEND 1553584994 INTRODUCE 36 12842
SEND 1553584994 INTRODUCE 36 14381
SEND 1553584994 INTRODUCE 35 10944
SEND 1553584994 INTRODUCE 36 12760
SEND 1553584994 INTRODUCE 36 10060
SEND 1553584994 INTRODUCE 36 51582
SEND 1553584994 INTRODUCE 35 11887
SEND 1553584994 INTRODUCE 36 11988
SEND 1553584994 INTRODUCE 36 11306
SEND 1553584994 INTRODUCE 36 19775
SEND 1553584994 INTRODUCE 36 20595
RECIEVED 1553584994 JOIN 30 13 0
RECIEVED 1553584994 INTRODUCE 35 13 0
RECIEVED 1553584994 INTRODUCE 35 13 0
RECIEVED 1553584994 JOIN 32 13 0
SEND 1553584994 INTRODUCE 36 23613
SEND 1553584994 INTRODUCE 35 19978
SEND 1553584994 INTRODUCE 36 20306
SEND 1553584994 INTRODUCE 36 21153
SEND 1553584994 INTRODUCE 36 21420
SEND 1553584994 INTRODUCE 36 14732
SEND 1553584994 INTRODUCE 36 21121
SEND 1553584994 INTRODUCE 36 20418
SEND 1553584994 INTRODUCE 35 22665
SEND 1553584994 INTRODUCE 36 15100
SEND 1553584994 INTRODUCE 36 29482
SEND 1553584994 INTRODUCE 35 24568
SEND 1553584994 INTRODUCE 36 20044
RECIEVED 1553584994 INTRODUCE 36 14 0
RECIEVED 1553584994 INTRODUCE 36 14 0
RECIEVED 1553584994 INTRODUCE 35 14 0
RECIEVED 1553584994 INTRODUCE 36 14 0
RECIEVED 1553584994 INTRODUCE 35 14 0
SEND 1553584994 INTRODUCE 35 21121
# recieved string JOIN node11 172.22.156.208 8011

SEND 1553584994 INTRODUCE 35 19459
SEND 1553584994 INTRODUCE 35 31541
SEND 1553584994 INTRODUCE 35 38091
SEND 1553584994 INTRODUCE 35 20217
# recieved string JOIN node9 172.22.94.217 8009

SEND 1553584994 INTRODUCE 35 28613
SEND 1553584994 INTRODUCE 35 19962
SEND 1553584994 INTRODUCE 35 19978
# recieved string JOIN node4 172.22.94.217 8004

SEND 1553584994 INTRODUCE 35 18178
SEND 1553584994 INTRODUCE 35 13819
SEND 1553584994 INTRODUCE 35 29090
SEND 1553584994 INTRODUCE 35 12548
# recieved string JOIN node8 172.22.94.217 8008

SEND 1553584994 INTRODUCE 35 33375
SEND 1553584994 INTRODUCE 35 23134
SEND 1553584994 JOIN 30 19026
RECIEVED 1553584994 INTRODUCE 35 15 0
RECIEVED 1553584994 INTRODUCE 35 15 0
RECIEVED 1553584994 INTRODUCE 36 15 0
RECIEVED 1553584994 INTRODUCE 36 15 0
RECIEVED 1553584994 INTRODUCE 35 15 0
SEND 1553584994 INTRODUCE 35 16076
SEND 1553584994 INTRODUCE 35 18035
SEND 1553584994 INTRODUCE 35 21088
SEND 1553584994 INTRODUCE 35 16772
SEND 1553584994 INTRODUCE 35 26544
SEND 1553584994 INTRODUCE 35 21185
SEND 1553584994 INTRODUCE 35 33184
# recieved string JOIN node10 172.22.94.217 8010

SEND 1553584994 INTRODUCE 35 15523
SEND 1553584994 INTRODUCE 35 21222
# recieved string JOIN node6 172.22.94.217 8006

SEND 1553584994 INTRODUCE 35 11200
SEND 1553584994 INTRODUCE 35 15133
SEND 1553584994 INTRODUCE 35 21660
SEND 1553584994 INTRODUCE 35 30956
SEND 1553584994 INTRODUCE 35 15894
SEND 1553584994 INTRODUCE 35 51625
SEND 1553584994 JOIN 30 20729
RECIEVED 1553584994 INTRODUCE 36 16 0
RECIEVED 1553584994 INTRODUCE 36 16 0
RECIEVED 1553584994 INTRODUCE 36 16 0
RECIEVED 1553584994 JOIN 32 16 0
SEND 1553584994 INTRODUCE 35 16714
SEND 1553584994 INTRODUCE 36 13958
SEND 1553584994 INTRODUCE 36 18751
SEND 1553584994 INTRODUCE 35 21761
SEND 1553584994 INTRODUCE 36 19187
SEND 1553584994 INTRODUCE 35 26946
SEND 1553584994 INTRODUCE 36 18518
SEND 1553584994 INTRODUCE 35 31682
SEND 1553584994 INTRODUCE 35 18691
SEND 1553584994 INTRODUCE 36 20818
SEND 1553584994 INTRODUCE 37 29608
SEND 1553584994 INTRODUCE 36 18371
SEND 1553584994 INTRODUCE 36 23187
SEND 1553584994 INTRODUCE 36 68998
SEND 1553584994 INTRODUCE 36 57771
# recieved string JOIN node5 172.22.94.217 8005

SEND 1553584994 INTRODUCE 36 42683
RECIEVED 1553584994 JOIN 30 17 0
SEND 1553584994 INTRODUCE 36 21489
# recieved string JOIN node11 172.22.94.217 8011

SEND 1553584994 INTRODUCE 37 13067
SEND 1553584994 INTRODUCE 37 14704
SEND 1553584994 INTRODUCE 36 13014
SEND 1553584994 INTRODUCE 36 21182
SEND 1553584994 INTRODUCE 36 25949
SEND 1553584994 INTRODUCE 36 14868
SEND 1553584994 INTRODUCE 36 39046
SEND 1553584994 INTRODUCE 35 37316
SEND 1553584994 INTRODUCE 35 20702
SEND 1553584994 INTRODUCE 36 14508
SEND 1553584994 INTRODUCE 36 14039
SEND 1553584994 INTRODUCE 35 38102
SEND 1553584994 INTRODUCE 36 12470
SEND 1553584994 INTRODUCE 36 43617
SEND 1553584994 INTRODUCE 35 19781
SEND 1553584994 INTRODUCE 35 18505
RECIEVED 1553584994 INTRODUCE 35 18 0
RECIEVED 1553584994 JOIN 30 18 0
RECIEVED 1553584994 JOIN 30 18 0
SEND 1553584994 INTRODUCE 36 14140
SEND 1553584994 INTRODUCE 37 67512
SEND 1553584994 INTRODUCE 37 12265
SEND 1553584994 INTRODUCE 35 38850
SEND 1553584994 INTRODUCE 36 9900
SEND 1553584994 INTRODUCE 36 10759
SEND 1553584994 INTRODUCE 36 9675
SEND 1553584994 INTRODUCE 36 70692
SEND 1553584994 INTRODUCE 36 18456
SEND 1553584994 INTRODUCE 35 20677
SEND 1553584994 INTRODUCE 36 10768
SEND 1553584994 INTRODUCE 36 10513
SEND 1553584994 INTRODUCE 35 8970
SEND 1553584994 INTRODUCE 36 28296
SEND 1553584994 INTRODUCE 35 12428
SEND 1553584994 INTRODUCE 36 10686
SEND 1553584994 INTRODUCE 35 10789
SEND 1553584994 INTRODUCE 35 10625
RECIEVED 1553584994 INTRODUCE 36 19 0
RECIEVED 1553584994 INTRODUCE 35 19 0
RECIEVED 1553584994 INTRODUCE 35 19 0
RECIEVED 1553584994 JOIN 31 19 0
SEND 1553584994 INTRODUCE 36 23235
SEND 1553584994 INTRODUCE 35 12762
SEND 1553584994 INTRODUCE 35 13058
SEND 1553584994 INTRODUCE 36 19562
SEND 1553584994 INTRODUCE 37 13928
SEND 1553584994 INTRODUCE 37 26002
SEND 1553584994 INTRODUCE 35 30808
SEND 1553584994 INTRODUCE 36 12331
SEND 1553584994 INTRODUCE 36 13671
SEND 1553584994 INTRODUCE 36 13402
SEND 1553584994 INTRODUCE 36 17965
SEND 1553584994 INTRODUCE 36 11253
SEND 1553584994 INTRODUCE 35 11081
SEND 1553584994 INTRODUCE 36 20244
SEND 1553584994 INTRODUCE 36 10650
SEND 1553584994 INTRODUCE 35 11012
SEND 1553584994 INTRODUCE 36 9456
SEND 1553584994 INTRODUCE 35 10299
SEND 1553584994 INTRODUCE 35 12735
RECIEVED 1553584994 JOIN 30 20 0
SEND 1553584994 INTRODUCE 36 24372
SEND 1553584994 INTRODUCE 37 11112
SEND 1553584994 INTRODUCE 37 13601
SEND 1553584994 INTRODUCE 36 15330
SEND 1553584994 INTRODUCE 36 11628
SEND 1553584994 INTRODUCE 36 12936
SEND 1553584994 INTRODUCE 36 17236
SEND 1553584994 INTRODUCE 36 41290
SEND 1553584994 INTRODUCE 36 15362
SEND 1553584994 INTRODUCE 35 16794
SEND 1553584994 INTRODUCE 35 13241
SEND 1553584994 INTRODUCE 36 22033
SEND 1553584994 INTRODUCE 36 12808
SEND 1553584994 INTRODUCE 35 12244
SEND 1553584994 INTRODUCE 36 22121
SEND 1553584994 INTRODUCE 35 48003
SEND 1553584994 INTRODUCE 35 29676
SEND 1553584994 INTRODUCE 36 10279
SEND 1553584994 INTRODUCE 35 29073
SEND 1553584994 INTRODUCE 35 9620
RECIEVED 1553584994 INTRODUCE 36 21 0
RECIEVED 1553584994 INTRODUCE 37 21 0
RECIEVED 1553584994 INTRODUCE 36 21 0
RECIEVED 1553584994 INTRODUCE 35 21 0
SEND 1553584994 INTRODUCE 35 42246
SEND 1553584994 INTRODUCE 35 23681
SEND 1553584994 INTRODUCE 35 27531
SEND 1553584994 INTRODUCE 35 25387
SEND 1553584994 INTRODUCE 35 20646
SEND 1553584994 INTRODUCE 35 26320
SEND 1553584994 INTRODUCE 35 14266
SEND 1553584994 INTRODUCE 35 13222
SEND 1553584994 INTRODUCE 35 21110
SEND 1553584994 INTRODUCE 35 18040
SEND 1553584994 INTRODUCE 35 22984
SEND 1553584994 INTRODUCE 35 21041
# recieved string JOIN node12 172.22.156.208 8012

SEND 1553584994 INTRODUCE 35 14299
SEND 1553584994 INTRODUCE 35 17284
SEND 1553584994 INTRODUCE 35 16796
SEND 1553584994 INTRODUCE 35 29322
SEND 1553584994 INTRODUCE 35 13174
SEND 1553584994 INTRODUCE 35 35737
SEND 1553584994 INTRODUCE 35 22677
SEND 1553584994 INTRODUCE 35 13339
SEND 1553584994 INTRODUCE 35 44724
# recieved string JOIN node7 172.22.94.217 8007

SEND 1553584994 JOIN 30 15436
RECIEVED 1553584994 INTRODUCE 36 22 0
RECIEVED 1553584994 INTRODUCE 35 22 0
RECIEVED 1553584994 INTRODUCE 35 22 0
RECIEVED 1553584994 INTRODUCE 35 22 0
RECIEVED 1553584994 JOIN 30 22 0
RECIEVED 1553584994 INTRODUCE 35 22 0
RECIEVED 1553584994 INTRODUCE 36 22 0
RECIEVED 1553584994 INTRODUCE 36 22 0
RECIEVED 1553584994 JOIN 31 22 0
SEND 1553584994 INTRODUCE 36 18863
SEND 1553584994 INTRODUCE 35 12489
SEND 1553584994 INTRODUCE 35 13782
SEND 1553584994 INTRODUCE 35 12625
SEND 1553584994 INTRODUCE 36 19471
SEND 1553584994 INTRODUCE 37 12694
SEND 1553584994 INTRODUCE 37 13157
SEND 1553584994 INTRODUCE 35 13457
SEND 1553584994 INTRODUCE 36 16728
SEND 1553584994 INTRODUCE 36 20083
SEND 1553584994 INTRODUCE 36 10877
SEND 1553584994 INTRODUCE 36 13604
SEND 1553584994 INTRODUCE 36 10562
SEND 1553584994 INTRODUCE 35 10371
SEND 1553584994 INTRODUCE 35 10387
SEND 1553584994 INTRODUCE 36 12694
SEND 1553584994 INTRODUCE 36 11160
SEND 1553584994 INTRODUCE 36 10868
SEND 1553584994 INTRODUCE 35 11154
SEND 1553584994 INTRODUCE 36 10096
SEND 1553584994 INTRODUCE 35 11441
SEND 1553584994 INTRODUCE 35 11029
RECIEVED 1553584994 INTRODUCE 36 23 0
RECIEVED 1553584994 INTRODUCE 35 23 0
RECIEVED 1553584994 INTRODUCE 35 23 0
RECIEVED 1553584994 INTRODUCE 35 23 0
RECIEVED 1553584994 INTRODUCE 35 23 0
RECIEVED 1553584994 INTRODUCE 35 23 0
RECIEVED 1553584994 INTRODUCE 36 23 0
RECIEVED 1553584994 INTRODUCE 36 23 0
RECIEVED 1553584994 INTRODUCE 36 23 0
RECIEVED 1553584994 INTRODUCE 35 23 0
RECIEVED 1553584994 INTRODUCE 35 23 0
RECIEVED 1553584994 INTRODUCE 35 23 0
RECIEVED 1553584994 INTRODUCE 36 23 0
RECIEVED 1553584994 INTRODUCE 35 23 0
RECIEVED 1553584994 INTRODUCE 35 23 0
RECIEVED 1553584994 INTRODUCE 36 23 0
RECIEVED 1553584994 INTRODUCE 35 23 0
RECIEVED 1553584994 INTRODUCE 36 23 0
RECIEVED 1553584994 INTRODUCE 35 23 0
RECIEVED 1553584994 INTRODUCE 36 23 0
RECIEVED 1553584994 INTRODUCE 36 23 0
RECIEVED 1553584994 INTRODUCE 35 23 0
RECIEVED 1553584994 INTRODUCE 36 23 0
RECIEVED 1553584994 INTRODUCE 35 23 0
RECIEVED 1553584994 INTRODUCE 36 23 0
RECIEVED 1553584994 INTRODUCE 35 23 0
RECIEVED 1553584994 INTRODUCE 35 23 0
RECIEVED 1553584994 INTRODUCE 36 23 0
RECIEVED 1553584994 INTRODUCE 36 23 0
RECIEVED 1553584994 INTRODUCE 36 23 0
RECIEVED 1553584994 INTRODUCE 35 23 0
RECIEVED 1553584994 INTRODUCE 35 23 0
RECIEVED 1553584994 INTRODUCE 35 23 0
RECIEVED 1553584994 INTRODUCE 36 23 0
RECIEVED 1553584994 INTRODUCE 36 23 0
RECIEVED 1553584994 INTRODUCE 36 23 0
RECIEVED 1553584994 INTRODUCE 36 23 0
RECIEVED 1553584994 INTRODUCE 35 23 0
RECIEVED 1553584994 INTRODUCE 36 23 0
RECIEVED 1553584994 INTRODUCE 35 23 0
RECIEVED 1553584994 INTRODUCE 36 23 0
RECIEVED 1553584994 INTRODUCE 36 23 0
RECIEVED 1553584994 INTRODUCE 35 23 0
RECIEVED 1553584994 INTRODUCE 36 23 0
RECIEVED 1553584994 INTRODUCE 35 23 0
RECIEVED 1553584994 INTRODUCE 36 23 0
RECIEVED 1553584994 JOIN 32 23 0
SEND 1553584994 INTRODUCE 36 26894
SEND 1553584994 INTRODUCE 35 14483
SEND 1553584994 INTRODUCE 35 17300
SEND 1553584994 INTRODUCE 35 28640
SEND 1553584994 INTRODUCE 36 16365
SEND 1553584994 INTRODUCE 37 15991
SEND 1553584994 INTRODUCE 37 15448
SEND 1553584994 INTRODUCE 35 16107
SEND 1553584994 INTRODUCE 36 21140
SEND 1553584994 INTRODUCE 36 16456
SEND 1553584994 INTRODUCE 36 30803
SEND 1553584994 INTRODUCE 36 16300
SEND 1553584994 INTRODUCE 36 59972
SEND 1553584994 INTRODUCE 35 22954
SEND 1553584994 INTRODUCE 35 15980
SEND 1553584994 INTRODUCE 36 21335
SEND 1553584994 INTRODUCE 36 16074
SEND 1553584994 INTRODUCE 36 33354
SEND 1553584994 INTRODUCE 36 26405
SEND 1553584994 INTRODUCE 35 19874
SEND 1553584994 INTRODUCE 36 24884
SEND 1553584994 INTRODUCE 35 22431
SEND 1553584994 INTRODUCE 35 15486
RECIEVED 1553584994 INTRODUCE 36 24 0
RECIEVED 1553584994 INTRODUCE 35 24 0
RECIEVED 1553584994 JOIN 30 24 0
RECIEVED 1553584994 INTRODUCE 35 24 0
RECIEVED 1553584994 INTRODUCE 36 24 0
RECIEVED 1553584994 INTRODUCE 35 24 0
RECIEVED 1553584994 INTRODUCE 35 24 0
RECIEVED 1553584994 INTRODUCE 35 24 0
RECIEVED 1553584994 INTRODUCE 35 24 0
RECIEVED 1553584994 INTRODUCE 36 24 0
RECIEVED 1553584994 INTRODUCE 35 24 0
RECIEVED 1553584994 INTRODUCE 36 24 0
RECIEVED 1553584994 INTRODUCE 36 24 0
RECIEVED 1553584994 INTRODUCE 35 24 0
RECIEVED 1553584994 INTRODUCE 36 24 0
RECIEVED 1553584994 INTRODUCE 36 24 0
RECIEVED 1553584994 INTRODUCE 35 24 0
RECIEVED 1553584994 INTRODUCE 35 24 0
RECIEVED 1553584994 INTRODUCE 36 24 0
RECIEVED 1553584994 INTRODUCE 37 24 0
RECIEVED 1553584994 INTRODUCE 36 24 0
RECIEVED 1553584994 INTRODUCE 36 24 0
RECIEVED 1553584994 INTRODUCE 35 24 0
RECIEVED 1553584994 INTRODUCE 35 24 0
RECIEVED 1553584994 INTRODUCE 37 24 0
RECIEVED 1553584994 INTRODUCE 36 24 0
RECIEVED 1553584994 INTRODUCE 36 24 0
RECIEVED 1553584994 INTRODUCE 36 24 0
RECIEVED 1553584994 INTRODUCE 36 24 0
RECIEVED 1553584994 INTRODUCE 36 24 0
RECIEVED 1553584994 INTRODUCE 36 24 0
RECIEVED 1553584994 INTRODUCE 36 24 0
RECIEVED 1553584994 INTRODUCE 36 24 0
RECIEVED 1553584994 INTRODUCE 37 24 0
SEND 1553584994 INTRODUCE 37 17644
SEND 1553584994 INTRODUCE 37 21027
SEND 1553584994 INTRODUCE 37 21460
SEND 1553584994 INTRODUCE 37 12450
SEND 1553584994 INTRODUCE 37 45892
SEND 1553584994 INTRODUCE 37 21576
SEND 1553584994 INTRODUCE 37 20980
SEND 1553584994 INTRODUCE 37 22991
SEND 1553584994 INTRODUCE 37 14272
SEND 1553584994 INTRODUCE 37 15057
SEND 1553584994 INTRODUCE 37 15619
SEND 1553584994 INTRODUCE 37 24211
SEND 1553584994 INTRODUCE 37 21235
SEND 1553584994 INTRODUCE 37 15866
SEND 1553584994 INTRODUCE 37 19016
SEND 1553584994 INTRODUCE 37 12073
SEND 1553584994 INTRODUCE 37 15127
SEND 1553584994 INTRODUCE 37 29008
SEND 1553584994 INTRODUCE 37 31915
SEND 1553584994 INTRODUCE 37 47846
SEND 1553584994 INTRODUCE 37 12762
SEND 1553584994 INTRODUCE 37 20813
SEND 1553584994 INTRODUCE 37 46761
SEND 1553584994 INTRODUCE 37 13830
SEND 1553584994 JOIN 30 16556
RECIEVED 1553584994 INTRODUCE 35 25 0
RECIEVED 1553584994 INTRODUCE 37 25 0
RECIEVED 1553584994 INTRODUCE 37 25 0
RECIEVED 1553584994 INTRODUCE 36 25 0
RECIEVED 1553584994 INTRODUCE 37 25 0
RECIEVED 1553584994 INTRODUCE 37 25 0
RECIEVED 1553584994 INTRODUCE 35 25 0
RECIEVED 1553584994 INTRODUCE 35 25 0
RECIEVED 1553584994 INTRODUCE 37 25 0
RECIEVED 1553584994 INTRODUCE 36 25 0
RECIEVED 1553584994 INTRODUCE 35 25 0
RECIEVED 1553584994 INTRODUCE 37 25 0
RECIEVED 1553584994 INTRODUCE 36 25 0
RECIEVED 1553584994 INTRODUCE 37 25 0
RECIEVED 1553584994 INTRODUCE 35 25 0
RECIEVED 1553584994 INTRODUCE 37 25 0
RECIEVED 1553584994 INTRODUCE 36 25 0
RECIEVED 1553584994 INTRODUCE 35 25 0
RECIEVED 1553584994 INTRODUCE 36 25 0
RECIEVED 1553584994 INTRODUCE 36 25 0
RECIEVED 1553584994 INTRODUCE 35 25 0
RECIEVED 1553584994 INTRODUCE 35 25 0
RECIEVED 1553584994 INTRODUCE 37 25 0
RECIEVED 1553584994 INTRODUCE 36 25 0
RECIEVED 1553584994 INTRODUCE 36 25 0
RECIEVED 1553584994 INTRODUCE 35 25 0
RECIEVED 1553584994 INTRODUCE 35 25 0
RECIEVED 1553584994 TRANSACTION 80 25 0
UPDATE 1553584994 TRANSACTION 889cc13d694a2dcb10ff22d5068c6217
SEND 1553584994 TRANSACTION 80 21001 889cc13d694a2dcb10ff22d5068c6217
SEND 1553584994 TRANSACTION 80 12603 889cc13d694a2dcb10ff22d5068c6217
SEND 1553584994 TRANSACTION 80 20321 889cc13d694a2dcb10ff22d5068c6217
SEND 1553584994 TRANSACTION 80 14322 889cc13d694a2dcb10ff22d5068c6217
SEND 1553584994 TRANSACTION 80 31044 889cc13d694a2dcb10ff22d5068c6217
SEND 1553584994 TRANSACTION 80 17009 889cc13d694a2dcb10ff22d5068c6217
RECIEVED 1553584994 INTRODUCE 36 25 1
RECIEVED 1553584994 INTRODUCE 37 25 1
RECIEVED 1553584994 INTRODUCE 36 25 1
RECIEVED 1553584994 INTRODUCE 36 25 1
RECIEVED 1553584994 INTRODUCE 37 25 1
RECIEVED 1553584994 INTRODUCE 35 25 1
RECIEVED 1553584994 INTRODUCE 37 25 1
RECIEVED 1553584994 INTRODUCE 36 25 1
RECIEVED 1553584994 INTRODUCE 36 25 1
RECIEVED 1553584994 INTRODUCE 35 25 1
RECIEVED 1553584994 INTRODUCE 36 25 1
RECIEVED 1553584994 INTRODUCE 35 25 1
RECIEVED 1553584994 INTRODUCE 35 25 1
RECIEVED 1553584994 INTRODUCE 35 25 1
RECIEVED 1553584994 INTRODUCE 35 25 1
RECIEVED 1553584994 INTRODUCE 35 25 1
RECIEVED 1553584994 INTRODUCE 36 25 1
RECIEVED 1553584994 INTRODUCE 35 25 1
RECIEVED 1553584994 INTRODUCE 37 25 1
RECIEVED 1553584994 INTRODUCE 36 25 1
RECIEVED 1553584994 INTRODUCE 35 25 1
RECIEVED 1553584994 INTRODUCE 37 25 1
RECIEVED 1553584994 INTRODUCE 37 25 1
RECIEVED 1553584994 INTRODUCE 36 25 1
RECIEVED 1553584994 TRANSACTION 80 25 1
RECIEVED 1553584994 INTRODUCE 37 25 1
RECIEVED 1553584994 INTRODUCE 37 25 1
RECIEVED 1553584994 INTRODUCE 37 25 1
RECIEVED 1553584994 INTRODUCE 36 25 1
RECIEVED 1553584994 INTRODUCE 37 25 1
RECIEVED 1553584994 INTRODUCE 36 25 1
SEND 1553584994 INTRODUCE 36 10520
SEND 1553584994 INTRODUCE 36 12787
SEND 1553584994 INTRODUCE 36 19198
SEND 1553584994 INTRODUCE 36 16307
SEND 1553584994 INTRODUCE 36 17988
SEND 1553584994 INTRODUCE 36 17240
SEND 1553584994 INTRODUCE 36 16060
SEND 1553584994 INTRODUCE 36 28452
SEND 1553584994 INTRODUCE 36 22711
SEND 1553584994 INTRODUCE 36 16573
SEND 1553584994 INTRODUCE 36 21437
SEND 1553584994 INTRODUCE 36 16368
SEND 1553584994 INTRODUCE 36 16724
SEND 1553584994 INTRODUCE 36 24808
SEND 1553584994 INTRODUCE 36 16476
SEND 1553584994 INTRODUCE 36 14698
SEND 1553584994 INTRODUCE 36 17032
SEND 1553584994 INTRODUCE 36 14945
SEND 1553584994 INTRODUCE 36 17331
SEND 1553584994 INTRODUCE 36 14998
SEND 1553584994 INTRODUCE 36 21710
SEND 1553584994 INTRODUCE 36 22273
SEND 1553584994 INTRODUCE 36 12358
SEND 1553584994 INTRODUCE 36 15973
SEND 1553584994 INTRODUCE 36 15632
SEND 1553584994 JOIN 30 15777
RECIEVED 1553584994 INTRODUCE 36 26 1
RECIEVED 1553584994 INTRODUCE 37 26 1
RECIEVED 1553584994 INTRODUCE 36 26 1
RECIEVED 1553584994 INTRODUCE 37 26 1
RECIEVED 1553584994 INTRODUCE 37 26 1
# recieved string JOIN node13 172.22.94.217 8013

RECIEVED 1553584994 JOIN 31 26 1
SEND 1553584994 INTRODUCE 35 14254
SEND 1553584994 INTRODUCE 37 18742
SEND 1553584994 INTRODUCE 36 12516
SEND 1553584994 INTRODUCE 35 13308
SEND 1553584994 INTRODUCE 35 15326
# recieved string JOIN node12 172.22.94.217 8012

SEND 1553584994 INTRODUCE 35 14760
SEND 1553584994 INTRODUCE 36 12320
SEND 1553584994 INTRODUCE 37 13697
SEND 1553584994 INTRODUCE 37 11292
SEND 1553584994 INTRODUCE 36 11260
SEND 1553584994 INTRODUCE 36 10100
SEND 1553584994 INTRODUCE 35 11266
SEND 1553584994 INTRODUCE 35 11822
SEND 1553584994 INTRODUCE 36 11240
SEND 1553584994 INTRODUCE 36 11095
SEND 1553584994 INTRODUCE 36 15979
SEND 1553584994 INTRODUCE 36 10617
SEND 1553584994 INTRODUCE 36 12111
SEND 1553584994 INTRODUCE 37 11140
SEND 1553584994 INTRODUCE 36 13330
SEND 1553584994 INTRODUCE 36 12356
SEND 1553584994 INTRODUCE 35 23527
SEND 1553584994 INTRODUCE 35 11361
SEND 1553584994 INTRODUCE 36 10571
SEND 1553584994 INTRODUCE 36 10144
SEND 1553584994 INTRODUCE 35 10004
RECIEVED 1553584994 JOIN 31 27 1
RECIEVED 1553584994 INTRODUCE 35 27 1
RECIEVED 1553584994 INTRODUCE 37 27 1
RECIEVED 1553584994 INTRODUCE 36 27 1
RECIEVED 1553584994 INTRODUCE 36 27 1
RECIEVED 1553584994 INTRODUCE 36 27 1
RECIEVED 1553584994 INTRODUCE 35 27 1
RECIEVED 1553584994 INTRODUCE 36 27 1
RECIEVED 1553584994 INTRODUCE 36 27 1
RECIEVED 1553584994 INTRODUCE 36 27 1
RECIEVED 1553584994 INTRODUCE 36 27 1
RECIEVED 1553584994 INTRODUCE 35 27 1
RECIEVED 1553584994 INTRODUCE 36 27 1
RECIEVED 1553584994 INTRODUCE 36 27 1
RECIEVED 1553584994 INTRODUCE 36 27 1
RECIEVED 1553584994 INTRODUCE 36 27 1
RECIEVED 1553584994 INTRODUCE 37 27 1
# recieved string JOIN node4 172.22.156.206 8004

RECIEVED 1553584994 JOIN 31 27 1
SEND 1553584994 INTRODUCE 35 40674
SEND 1553584994 INTRODUCE 35 33002
SEND 1553584994 INTRODUCE 36 11682
SEND 1553584994 INTRODUCE 35 26837
SEND 1553584994 INTRODUCE 36 38946
SEND 1553584994 INTRODUCE 36 15630
SEND 1553584994 INTRODUCE 36 34738
SEND 1553584995 INTRODUCE 36 60508
SEND 1553584995 INTRODUCE 35 20765
SEND 1553584995 INTRODUCE 35 26521
SEND 1553584995 INTRODUCE 37 15531
SEND 1553584995 INTRODUCE 36 20640
SEND 1553584995 INTRODUCE 35 69554
SEND 1553584995 INTRODUCE 37 27275
SEND 1553584995 INTRODUCE 37 12360
SEND 1553584995 INTRODUCE 36 22075
SEND 1553584995 INTRODUCE 36 15267
SEND 1553584995 INTRODUCE 36 35393
SEND 1553584995 INTRODUCE 35 43276
# recieved string JOIN node6 172.22.156.206 8006

SEND 1553584995 INTRODUCE 36 14500
SEND 1553584995 INTRODUCE 36 34751
SEND 1553584995 INTRODUCE 37 15626
SEND 1553584995 INTRODUCE 35 49824
SEND 1553584995 INTRODUCE 35 14574
SEND 1553584995 INTRODUCE 36 15121
SEND 1553584995 INTRODUCE 36 21440
SEND 1553584995 INTRODUCE 36 14275
RECIEVED 1553584995 INTRODUCE 36 28 1
RECIEVED 1553584995 INTRODUCE 36 28 1
RECIEVED 1553584995 INTRODUCE 35 28 1
RECIEVED 1553584995 INTRODUCE 37 28 1
SEND 1553584995 INTRODUCE 37 17073
SEND 1553584995 INTRODUCE 37 15163
SEND 1553584995 INTRODUCE 37 11450
SEND 1553584995 INTRODUCE 37 11692
SEND 1553584995 INTRODUCE 37 15623
SEND 1553584995 INTRODUCE 37 13683
SEND 1553584995 INTRODUCE 37 52010
SEND 1553584995 INTRODUCE 37 55679
SEND 1553584995 INTRODUCE 37 25252
SEND 1553584995 INTRODUCE 37 25731
SEND 1553584995 INTRODUCE 37 14328
SEND 1553584995 INTRODUCE 37 13503
# recieved string JOIN node14 172.22.156.208 8014

SEND 1553584995 INTRODUCE 37 36737
SEND 1553584995 INTRODUCE 37 15948
SEND 1553584995 INTRODUCE 37 14739
SEND 1553584995 INTRODUCE 37 20369
SEND 1553584995 INTRODUCE 37 11918
SEND 1553584995 INTRODUCE 37 19826
SEND 1553584995 INTRODUCE 37 20218
SEND 1553584995 INTRODUCE 37 16420
SEND 1553584995 INTRODUCE 37 39784
SEND 1553584995 INTRODUCE 37 35457
SEND 1553584995 INTRODUCE 37 10442
SEND 1553584995 INTRODUCE 37 23343
SEND 1553584995 INTRODUCE 37 15731
SEND 1553584995 INTRODUCE 37 39014
SEND 1553584995 INTRODUCE 37 29468
SEND 1553584995 INTRODUCE 37 15351
SEND 1553584995 JOIN 30 20838
RECIEVED 1553584995 INTRODUCE 37 29 1
SEND 1553584995 INTRODUCE 37 15081
SEND 1553584995 INTRODUCE 37 15478
SEND 1553584995 INTRODUCE 37 13107
SEND 1553584995 INTRODUCE 37 51169
SEND 1553584995 INTRODUCE 37 43440
SEND 1553584995 INTRODUCE 37 14421
SEND 1553584995 INTRODUCE 37 25905
SEND 1553584995 INTRODUCE 37 44488
SEND 1553584995 INTRODUCE 37 11760
SEND 1553584995 INTRODUCE 37 13159
SEND 1553584995 INTRODUCE 37 54660
SEND 1553584995 INTRODUCE 37 11401
SEND 1553584995 INTRODUCE 37 43270
SEND 1553584995 INTRODUCE 37 28107
SEND 1553584995 INTRODUCE 37 34273
SEND 1553584995 INTRODUCE 37 20201
SEND 1553584995 INTRODUCE 37 35807
SEND 1553584995 INTRODUCE 37 21788
SEND 1553584995 INTRODUCE 37 14937
SEND 1553584995 INTRODUCE 37 15005
SEND 1553584995 INTRODUCE 37 29073
SEND 1553584995 INTRODUCE 37 33944
SEND 1553584995 INTRODUCE 37 156716
SEND 1553584995 INTRODUCE 37 23176
SEND 1553584995 INTRODUCE 37 29587
SEND 1553584995 INTRODUCE 37 16083
SEND 1553584995 INTRODUCE 37 38159
SEND 1553584995 INTRODUCE 37 24940
SEND 1553584995 INTRODUCE 37 20676
SEND 1553584995 JOIN 30 15852
RECIEVED 1553584995 INTRODUCE 37 30 1
RECIEVED 1553584995 INTRODUCE 37 30 1
RECIEVED 1553584995 INTRODUCE 37 30 1
RECIEVED 1553584995 INTRODUCE 37 30 1
RECIEVED 1553584995 INTRODUCE 37 30 1
RECIEVED 1553584995 INTRODUCE 35 30 1
RECIEVED 1553584995 INTRODUCE 35 30 1
RECIEVED 1553584995 JOIN 31 30 1
SEND 1553584995 INTRODUCE 35 21732
SEND 1553584995 INTRODUCE 37 13527
SEND 1553584995 INTRODUCE 37 15329
SEND 1553584995 INTRODUCE 36 15150
SEND 1553584995 INTRODUCE 35 14766
SEND 1553584995 INTRODUCE 37 14102
SEND 1553584995 INTRODUCE 37 20202
# recieved string JOIN node1 172.22.156.206 8001

SEND 1553584995 INTRODUCE 36 19299
SEND 1553584995 INTRODUCE 36 14542
SEND 1553584995 INTRODUCE 35 22286
SEND 1553584995 INTRODUCE 36 21549
# recieved string JOIN node7 172.22.156.206 8007

SEND 1553584995 INTRODUCE 37 15868
SEND 1553584995 INTRODUCE 36 20789
SEND 1553584995 INTRODUCE 36 15760
SEND 1553584995 INTRODUCE 35 30771
SEND 1553584995 INTRODUCE 35 20540
SEND 1553584995 INTRODUCE 36 50782
SEND 1553584995 INTRODUCE 36 25449
SEND 1553584995 INTRODUCE 36 26140
SEND 1553584995 INTRODUCE 35 21767
SEND 1553584995 INTRODUCE 36 22080
SEND 1553584995 INTRODUCE 35 34188
SEND 1553584995 INTRODUCE 36 26371
SEND 1553584995 INTRODUCE 36 15507
SEND 1553584995 INTRODUCE 37 20953
SEND 1553584995 INTRODUCE 36 27096
SEND 1553584995 INTRODUCE 35 14945
SEND 1553584995 INTRODUCE 36 16104
SEND 1553584995 INTRODUCE 36 31501
SEND 1553584995 INTRODUCE 35 13857
RECIEVED 1553584995 INTRODUCE 36 31 1
RECIEVED 1553584995 INTRODUCE 35 31 1
RECIEVED 1553584995 INTRODUCE 37 31 1
RECIEVED 1553584995 INTRODUCE 37 31 1
RECIEVED 1553584995 INTRODUCE 37 31 1
RECIEVED 1553584995 INTRODUCE 37 31 1
RECIEVED 1553584995 INTRODUCE 37 31 1
RECIEVED 1553584995 INTRODUCE 35 31 1
RECIEVED 1553584995 INTRODUCE 37 31 1
RECIEVED 1553584995 INTRODUCE 36 31 1
RECIEVED 1553584995 INTRODUCE 36 31 1
RECIEVED 1553584995 INTRODUCE 36 31 1
RECIEVED 1553584995 INTRODUCE 35 31 1
RECIEVED 1553584995 INTRODUCE 36 31 1
RECIEVED 1553584995 JOIN 32 31 1
RECIEVED 1553584995 INTRODUCE 37 31 1
RECIEVED 1553584995 INTRODUCE 36 31 1
RECIEVED 1553584995 INTRODUCE 36 31 1
RECIEVED 1553584995 INTRODUCE 37 31 1
RECIEVED 1553584995 INTRODUCE 37 31 1
RECIEVED 1553584995 INTRODUCE 37 31 1
RECIEVED 1553584995 INTRODUCE 36 31 1
RECIEVED 1553584995 INTRODUCE 35 31 1
RECIEVED 1553584995 INTRODUCE 36 31 1
RECIEVED 1553584995 INTRODUCE 36 31 1
RECIEVED 1553584995 INTRODUCE 36 31 1
RECIEVED 1553584995 INTRODUCE 36 31 1
RECIEVED 1553584995 INTRODUCE 37 31 1
RECIEVED 1553584995 INTRODUCE 35 31 1
RECIEVED 1553584995 INTRODUCE 36 31 1
RECIEVED 1553584995 INTRODUCE 36 31 1
RECIEVED 1553584995 INTRODUCE 37 31 1
RECIEVED 1553584995 INTRODUCE 37 31 1
RECIEVED 1553584995 INTRODUCE 37 31 1
RECIEVED 1553584995 INTRODUCE 37 31 1
RECIEVED 1553584995 INTRODUCE 36 31 1
RECIEVED 1553584995 INTRODUCE 37 31 1
RECIEVED 1553584995 INTRODUCE 37 31 1
RECIEVED 1553584995 INTRODUCE 36 31 1
RECIEVED 1553584995 INTRODUCE 37 31 1
RECIEVED 1553584995 INTRODUCE 37 31 1
RECIEVED 1553584995 INTRODUCE 36 31 1
RECIEVED 1553584995 INTRODUCE 37 31 1
RECIEVED 1553584995 INTRODUCE 37 31 1
RECIEVED 1553584995 INTRODUCE 37 31 1
RECIEVED 1553584995 INTRODUCE 37 31 1
RECIEVED 1553584995 INTRODUCE 37 31 1
RECIEVED 1553584995 INTRODUCE 37 31 1
RECIEVED 1553584995 INTRODUCE 37 31 1
RECIEVED 1553584995 INTRODUCE 37 31 1
RECIEVED 1553584995 INTRODUCE 35 31 1
RECIEVED 1553584995 TRANSACTION 81 31 1
UPDATE 1553584995 TRANSACTION ac3340af900ee440b14a98c1b026dc73
SEND 1553584995 TRANSACTION 81 13063 ac3340af900ee440b14a98c1b026dc73
SEND 1553584995 TRANSACTION 81 19927 ac3340af900ee440b14a98c1b026dc73
SEND 1553584995 TRANSACTION 81 41883 ac3340af900ee440b14a98c1b026dc73
SEND 1553584995 TRANSACTION 81 42186 ac3340af900ee440b14a98c1b026dc73
SEND 1553584995 TRANSACTION 81 26930 ac3340af900ee440b14a98c1b026dc73
SEND 1553584995 TRANSACTION 81 14715 ac3340af900ee440b14a98c1b026dc73
SEND 1553584995 TRANSACTION 81 15085 ac3340af900ee440b14a98c1b026dc73
SEND 1553584995 TRANSACTION 81 26426 ac3340af900ee440b14a98c1b026dc73
SEND 1553584995 TRANSACTION 81 12230 ac3340af900ee440b14a98c1b026dc73
SEND 1553584995 TRANSACTION 81 32937 ac3340af900ee440b14a98c1b026dc73
SEND 1553584995 TRANSACTION 81 53425 ac3340af900ee440b14a98c1b026dc73
SEND 1553584995 TRANSACTION 81 12519 ac3340af900ee440b14a98c1b026dc73
SEND 1553584995 TRANSACTION 81 15652 ac3340af900ee440b14a98c1b026dc73
SEND 1553584995 TRANSACTION 81 15223 ac3340af900ee440b14a98c1b026dc73
RECIEVED 1553584995 INTRODUCE 36 31 2
RECIEVED 1553584995 INTRODUCE 36 31 2
RECIEVED 1553584995 JOIN 31 31 2
SEND 1553584995 INTRODUCE 36 28935
SEND 1553584995 INTRODUCE 35 39842
SEND 1553584995 INTRODUCE 35 21242
SEND 1553584995 INTRODUCE 37 14495
SEND 1553584995 INTRODUCE 37 15070
SEND 1553584995 INTRODUCE 36 20026
SEND 1553584995 INTRODUCE 37 20284
SEND 1553584995 INTRODUCE 37 28040
SEND 1553584995 INTRODUCE 37 29922
SEND 1553584995 INTRODUCE 36 14699
SEND 1553584995 INTRODUCE 36 14691
SEND 1553584995 INTRODUCE 36 21039
SEND 1553584995 INTRODUCE 36 36532
SEND 1553584995 INTRODUCE 35 31059
SEND 1553584995 INTRODUCE 36 18061
SEND 1553584995 INTRODUCE 36 15518
SEND 1553584995 INTRODUCE 36 48348
SEND 1553584995 INTRODUCE 35 39884
SEND 1553584995 INTRODUCE 35 27162
SEND 1553584995 INTRODUCE 36 13699
SEND 1553584995 INTRODUCE 35 27848
SEND 1553584995 INTRODUCE 36 28314
SEND 1553584995 INTRODUCE 35 14900
SEND 1553584995 INTRODUCE 36 24789
SEND 1553584995 INTRODUCE 35 14021
SEND 1553584995 INTRODUCE 36 25301
SEND 1553584995 INTRODUCE 36 20508
SEND 1553584995 INTRODUCE 37 27536
SEND 1553584995 INTRODUCE 36 13557
SEND 1553584995 INTRODUCE 35 15331
SEND 1553584995 INTRODUCE 36 14700
RECIEVED 1553584995 INTRODUCE 36 32 2
RECIEVED 1553584995 INTRODUCE 37 32 2
RECIEVED 1553584995 JOIN 31 32 2
SEND 1553584995 INTRODUCE 35 13994
SEND 1553584995 INTRODUCE 36 24836
SEND 1553584995 INTRODUCE 35 15993
SEND 1553584995 INTRODUCE 36 14558
SEND 1553584995 INTRODUCE 36 55379
SEND 1553584995 INTRODUCE 35 14832
SEND 1553584995 INTRODUCE 36 16272
SEND 1553584995 INTRODUCE 36 15644
SEND 1553584995 INTRODUCE 37 15691
SEND 1553584995 INTRODUCE 36 36202
SEND 1553584995 INTRODUCE 35 14181
SEND 1553584995 INTRODUCE 36 17544
SEND 1553584995 INTRODUCE 36 25183
SEND 1553584995 INTRODUCE 35 22476
SEND 1553584995 INTRODUCE 35 19844
SEND 1553584995 INTRODUCE 37 21269
SEND 1553584995 INTRODUCE 37 15059
SEND 1553584995 INTRODUCE 36 36716
SEND 1553584995 INTRODUCE 37 25084
SEND 1553584995 INTRODUCE 37 39440
SEND 1553584995 INTRODUCE 36 36960
SEND 1553584995 INTRODUCE 36 20353
SEND 1553584995 INTRODUCE 36 48773
SEND 1553584995 INTRODUCE 36 53906
SEND 1553584995 INTRODUCE 35 38928
SEND 1553584995 INTRODUCE 36 14722
SEND 1553584995 INTRODUCE 37 21302
SEND 1553584995 INTRODUCE 36 14301
SEND 1553584995 INTRODUCE 36 41857
SEND 1553584995 INTRODUCE 35 15459
SEND 1553584995 INTRODUCE 35 31415
SEND 1553584995 INTRODUCE 36 19375
RECIEVED 1553584995 INTRODUCE 36 33 2
RECIEVED 1553584995 INTRODUCE 37 33 2
RECIEVED 1553584995 INTRODUCE 36 33 2
RECIEVED 1553584995 INTRODUCE 36 33 2
RECIEVED 1553584995 TRANSACTION 81 33 2
RECIEVED 1553584995 INTRODUCE 36 33 2
RECIEVED 1553584995 INTRODUCE 36 33 2
RECIEVED 1553584995 TRANSACTION 81 33 2
RECIEVED 1553584995 INTRODUCE 37 33 2
RECIEVED 1553584995 INTRODUCE 36 33 2
RECIEVED 1553584995 INTRODUCE 35 33 2
RECIEVED 1553584995 INTRODUCE 36 33 2
RECIEVED 1553584995 INTRODUCE 37 33 2
RECIEVED 1553584995 INTRODUCE 37 33 2
RECIEVED 1553584995 INTRODUCE 37 33 2
RECIEVED 1553584995 INTRODUCE 35 33 2
RECIEVED 1553584995 TRANSACTION 81 33 2
RECIEVED 1553584995 INTRODUCE 37 33 2
RECIEVED 1553584995 INTRODUCE 35 33 2
RECIEVED 1553584995 INTRODUCE 35 33 2
RECIEVED 1553584995 INTRODUCE 36 33 2
RECIEVED 1553584995 INTRODUCE 36 33 2
SEND 1553584995 INTRODUCE 36 15864
SEND 1553584995 INTRODUCE 36 47585
SEND 1553584995 INTRODUCE 36 14055
SEND 1553584995 INTRODUCE 36 14139
SEND 1553584995 INTRODUCE 36 14688
SEND 1553584995 INTRODUCE 36 15907
SEND 1553584995 INTRODUCE 36 18578
SEND 1553584995 INTRODUCE 36 22343
SEND 1553584995 INTRODUCE 36 16812
SEND 1553584995 INTRODUCE 36 34000
# recieved string JOIN node0 172.22.156.206 8000

SEND 1553584995 INTRODUCE 36 246416
SEND 1553584995 INTRODUCE 36 49016
SEND 1553584995 INTRODUCE 36 27904
SEND 1553584995 INTRODUCE 36 33569
SEND 1553584995 INTRODUCE 36 13117
SEND 1553584995 INTRODUCE 36 14947
SEND 1553584995 INTRODUCE 36 22687
SEND 1553584995 INTRODUCE 36 29641
SEND 1553584995 INTRODUCE 36 21964
SEND 1553584995 INTRODUCE 36 19114
SEND 1553584995 INTRODUCE 36 15804
SEND 1553584995 INTRODUCE 36 14935
SEND 1553584995 INTRODUCE 36 19956
SEND 1553584995 INTRODUCE 36 15752
SEND 1553584995 INTRODUCE 36 21257
SEND 1553584995 INTRODUCE 36 13995
SEND 1553584995 INTRODUCE 36 45260
SEND 1553584995 INTRODUCE 36 16718
SEND 1553584995 INTRODUCE 36 19012
SEND 1553584995 INTRODUCE 36 13167
SEND 1553584995 INTRODUCE 36 16610
SEND 1553584995 INTRODUCE 36 23559
SEND 1553584995 INTRODUCE 36 22910
SEND 1553584995 JOIN 30 15891
RECIEVED 1553584995 INTRODUCE 36 34 2
RECIEVED 1553584995 INTRODUCE 35 34 2
RECIEVED 1553584995 INTRODUCE 36 34 2
RECIEVED 1553584995 INTRODUCE 37 34 2
RECIEVED 1553584995 INTRODUCE 37 34 2
RECIEVED 1553584995 INTRODUCE 37 34 2
RECIEVED 1553584995 INTRODUCE 36 34 2
RECIEVED 1553584995 INTRODUCE 35 34 2
RECIEVED 1553584995 INTRODUCE 36 34 2
RECIEVED 1553584995 JOIN 31 34 2
SEND 1553584995 INTRODUCE 36 38356
SEND 1553584995 INTRODUCE 36 33951
SEND 1553584995 INTRODUCE 36 15405
SEND 1553584995 INTRODUCE 35 15340
SEND 1553584995 INTRODUCE 36 61672
SEND 1553584995 INTRODUCE 37 63658
SEND 1553584995 INTRODUCE 36 41022
SEND 1553584995 INTRODUCE 36 22286
SEND 1553584995 INTRODUCE 36 16247
SEND 1553584995 INTRODUCE 35 31560
SEND 1553584995 INTRODUCE 35 28347
SEND 1553584995 INTRODUCE 36 20309
SEND 1553584995 INTRODUCE 36 32474
SEND 1553584995 INTRODUCE 36 16759
SEND 1553584995 INTRODUCE 35 36344
SEND 1553584995 INTRODUCE 35 21009
SEND 1553584995 INTRODUCE 36 23318
SEND 1553584995 INTRODUCE 36 10198
SEND 1553584995 INTRODUCE 35 14600
SEND 1553584995 INTRODUCE 36 15196
SEND 1553584995 INTRODUCE 36 42235
SEND 1553584995 INTRODUCE 37 34046
SEND 1553584995 INTRODUCE 36 40096
SEND 1553584995 INTRODUCE 35 45945
SEND 1553584995 INTRODUCE 36 15207
SEND 1553584995 INTRODUCE 36 15223
SEND 1553584995 INTRODUCE 35 15227
SEND 1553584995 INTRODUCE 35 33928
SEND 1553584995 INTRODUCE 37 21260
SEND 1553584995 INTRODUCE 37 58254
SEND 1553584995 INTRODUCE 36 14947
SEND 1553584995 INTRODUCE 36 33845
SEND 1553584995 INTRODUCE 37 19227
SEND 1553584995 INTRODUCE 37 20191
RECIEVED 1553584995 INTRODUCE 36 35 2
RECIEVED 1553584995 INTRODUCE 36 35 2
RECIEVED 1553584995 INTRODUCE 36 35 2
RECIEVED 1553584995 INTRODUCE 36 35 2
RECIEVED 1553584995 INTRODUCE 36 35 2
RECIEVED 1553584995 INTRODUCE 36 35 2
RECIEVED 1553584995 INTRODUCE 36 35 2
SEND 1553584995 INTRODUCE 36 27787
SEND 1553584995 INTRODUCE 36 22733
SEND 1553584995 INTRODUCE 36 18011
SEND 1553584995 INTRODUCE 36 47850
SEND 1553584995 INTRODUCE 36 49195
SEND 1553584995 INTRODUCE 36 13637
SEND 1553584995 INTRODUCE 36 21748
SEND 1553584995 INTRODUCE 36 23061
SEND 1553584995 INTRODUCE 36 17731
SEND 1553584995 INTRODUCE 36 20457
SEND 1553584995 INTRODUCE 36 24665
SEND 1553584995 INTRODUCE 36 15494
SEND 1553584995 INTRODUCE 36 17855
SEND 1553584995 INTRODUCE 36 14450
SEND 1553584995 INTRODUCE 36 16774
SEND 1553584995 INTRODUCE 36 36388
SEND 1553584995 INTRODUCE 36 15882
SEND 1553584995 INTRODUCE 36 23580
SEND 1553584995 INTRODUCE 36 21684
SEND 1553584995 INTRODUCE 36 30076
SEND 1553584995 INTRODUCE 36 28369
SEND 1553584995 INTRODUCE 36 12064
SEND 1553584995 INTRODUCE 36 21593
SEND 1553584995 INTRODUCE 36 15539
SEND 1553584995 INTRODUCE 36 24289
SEND 1553584995 INTRODUCE 36 34345
SEND 1553584995 INTRODUCE 36 14968
SEND 1553584995 INTRODUCE 36 14136
SEND 1553584995 INTRODUCE 36 30190
SEND 1553584995 INTRODUCE 36 25824
SEND 1553584995 INTRODUCE 36 15386
SEND 1553584995 INTRODUCE 36 15948
SEND 1553584995 INTRODUCE 36 24999
SEND 1553584995 INTRODUCE 36 27901
SEND 1553584995 INTRODUCE 36 51200
SEND 1553584995 JOIN 30 32099
RECIEVED 1553584995 INTRODUCE 36 36 2
RECIEVED 1553584995 INTRODUCE 36 36 2
RECIEVED 1553584995 INTRODUCE 36 36 2
RECIEVED 1553584995 INTRODUCE 35 36 2
RECIEVED 1553584995 INTRODUCE 35 36 2
RECIEVED 1553584995 INTRODUCE 37 36 2
RECIEVED 1553584995 INTRODUCE 35 36 2
RECIEVED 1553584995 INTRODUCE 37 36 2
SEND 1553584995 INTRODUCE 37 15587
SEND 1553584995 INTRODUCE 37 14827
# recieved string JOIN node3 172.22.156.206 8003

SEND 1553584995 INTRODUCE 37 43152
SEND 1553584995 INTRODUCE 37 15926
SEND 1553584995 INTRODUCE 37 36789
SEND 1553584995 INTRODUCE 37 27501
SEND 1553584995 INTRODUCE 37 14804
SEND 1553584995 INTRODUCE 37 30682
SEND 1553584995 INTRODUCE 37 16445
SEND 1553584995 INTRODUCE 37 11819
SEND 1553584995 INTRODUCE 37 14199
SEND 1553584995 INTRODUCE 37 16034
SEND 1553584995 INTRODUCE 37 17189
SEND 1553584995 INTRODUCE 37 25357
SEND 1553584995 INTRODUCE 37 26779
SEND 1553584995 INTRODUCE 37 33159
SEND 1553584995 INTRODUCE 37 36725
SEND 1553584995 INTRODUCE 37 18723
SEND 1553584995 INTRODUCE 37 15858
SEND 1553584995 INTRODUCE 37 20959
SEND 1553584995 INTRODUCE 37 12154
SEND 1553584995 INTRODUCE 37 14773
SEND 1553584995 INTRODUCE 37 16314
SEND 1553584995 INTRODUCE 37 15556
SEND 1553584995 INTRODUCE 37 18121
SEND 1553584995 INTRODUCE 37 27494
SEND 1553584995 INTRODUCE 37 15131
SEND 1553584995 INTRODUCE 37 15068
SEND 1553584995 INTRODUCE 37 17842
SEND 1553584995 INTRODUCE 37 13776
SEND 1553584995 INTRODUCE 37 52589
SEND 1553584995 INTRODUCE 37 23367
SEND 1553584995 INTRODUCE 37 15195
SEND 1553584995 INTRODUCE 37 20890
SEND 1553584995 INTRODUCE 37 21671
SEND 1553584995 INTRODUCE 37 46653
SEND 1553584995 JOIN 30 26371
RECIEVED 1553584995 INTRODUCE 37 37 2
RECIEVED 1553584995 INTRODUCE 36 37 2
RECIEVED 1553584995 INTRODUCE 36 37 2
RECIEVED 1553584995 INTRODUCE 36 37 2
RECIEVED 1553584995 INTRODUCE 36 37 2
RECIEVED 1553584995 INTRODUCE 36 37 2
RECIEVED 1553584995 INTRODUCE 35 37 2
RECIEVED 1553584995 INTRODUCE 36 37 2
RECIEVED 1553584995 INTRODUCE 37 37 2
RECIEVED 1553584995 INTRODUCE 36 37 2
RECIEVED 1553584995 INTRODUCE 35 37 2
RECIEVED 1553584995 INTRODUCE 36 37 2
RECIEVED 1553584995 INTRODUCE 36 37 2
RECIEVED 1553584995 INTRODUCE 36 37 2
RECIEVED 1553584995 INTRODUCE 36 37 2
RECIEVED 1553584995 INTRODUCE 36 37 2
RECIEVED 1553584995 INTRODUCE 36 37 2
RECIEVED 1553584995 INTRODUCE 36 37 2
RECIEVED 1553584995 INTRODUCE 37 37 2
RECIEVED 1553584995 INTRODUCE 36 37 2
RECIEVED 1553584995 INTRODUCE 37 37 2
RECIEVED 1553584995 INTRODUCE 36 37 2
RECIEVED 1553584995 INTRODUCE 37 37 2
RECIEVED 1553584995 JOIN 31 37 2
RECIEVED 1553584995 INTRODUCE 36 37 2
RECIEVED 1553584995 INTRODUCE 36 37 2
RECIEVED 1553584995 INTRODUCE 36 37 2
RECIEVED 1553584995 INTRODUCE 36 37 2
RECIEVED 1553584995 INTRODUCE 37 37 2
RECIEVED 1553584995 INTRODUCE 37 37 2
RECIEVED 1553584995 INTRODUCE 37 37 2
RECIEVED 1553584995 INTRODUCE 37 37 2
RECIEVED 1553584995 INTRODUCE 37 37 2
RECIEVED 1553584995 INTRODUCE 37 37 2
RECIEVED 1553584995 INTRODUCE 37 37 2
RECIEVED 1553584995 TRANSACTION 81 37 2
RECIEVED 1553584995 INTRODUCE 36 37 2
RECIEVED 1553584995 INTRODUCE 36 37 2
RECIEVED 1553584995 INTRODUCE 37 37 2
RECIEVED 1553584995 INTRODUCE 36 37 2
SEND 1553584995 INTRODUCE 36 35344
SEND 1553584995 INTRODUCE 36 48229
SEND 1553584995 INTRODUCE 36 15985
SEND 1553584995 INTRODUCE 36 14754
SEND 1553584995 INTRODUCE 36 20147
SEND 1553584995 INTRODUCE 36 37043
SEND 1553584995 INTRODUCE 36 15183
SEND 1553584995 INTRODUCE 36 20297
SEND 1553584995 INTRODUCE 36 11517
SEND 1553584995 INTRODUCE 36 35729
SEND 1553584995 INTRODUCE 36 12697
SEND 1553584995 INTRODUCE 36 16458
SEND 1553584995 INTRODUCE 36 25299
SEND 1553584995 INTRODUCE 36 12147
SEND 1553584995 INTRODUCE 36 21904
SEND 1553584995 INTRODUCE 36 13381
SEND 1553584995 INTRODUCE 36 30164
SEND 1553584995 INTRODUCE 36 32457
SEND 1553584995 INTRODUCE 36 34271
SEND 1553584995 INTRODUCE 36 15723
SEND 1553584995 INTRODUCE 36 13367
SEND 1553584995 INTRODUCE 36 17995
SEND 1553584995 INTRODUCE 36 16239
SEND 1553584995 INTRODUCE 36 12608
SEND 1553584995 INTRODUCE 36 14887
SEND 1553584995 INTRODUCE 36 15198
SEND 1553584995 INTRODUCE 36 16142
SEND 1553584995 INTRODUCE 36 37244
SEND 1553584995 INTRODUCE 36 15977
SEND 1553584995 INTRODUCE 36 14715
SEND 1553584995 INTRODUCE 36 31627
SEND 1553584995 INTRODUCE 36 34252
SEND 1553584995 INTRODUCE 36 38669
SEND 1553584995 INTRODUCE 36 15951
SEND 1553584995 INTRODUCE 36 43063
SEND 1553584995 INTRODUCE 36 16294
SEND 1553584995 INTRODUCE 36 18027
SEND 1553584995 JOIN 30 10225
RECIEVED 1553584995 INTRODUCE 37 38 2
RECIEVED 1553584995 INTRODUCE 37 38 2
RECIEVED 1553584995 INTRODUCE 36 38 2
RECIEVED 1553584995 INTRODUCE 36 38 2
RECIEVED 1553584995 INTRODUCE 35 38 2
RECIEVED 1553584995 INTRODUCE 35 38 2
RECIEVED 1553584995 INTRODUCE 35 38 2
RECIEVED 1553584995 INTRODUCE 37 38 2
RECIEVED 1553584995 INTRODUCE 37 38 2
RECIEVED 1553584995 INTRODUCE 36 38 2
RECIEVED 1553584995 INTRODUCE 37 38 2
RECIEVED 1553584995 INTRODUCE 35 38 2
RECIEVED 1553584995 INTRODUCE 36 38 2
RECIEVED 1553584995 INTRODUCE 36 38 2
RECIEVED 1553584995 TRANSACTION 80 38 2
UPDATE 1553584995 TRANSACTION a318cdb978964975d202e2290bc716a7
SEND 1553584995 TRANSACTION 80 21994 a318cdb978964975d202e2290bc716a7
SEND 1553584995 TRANSACTION 80 67152 a318cdb978964975d202e2290bc716a7
SEND 1553584995 TRANSACTION 80 14681 a318cdb978964975d202e2290bc716a7
SEND 1553584995 TRANSACTION 80 14270 a318cdb978964975d202e2290bc716a7
SEND 1553584995 TRANSACTION 80 15031 a318cdb978964975d202e2290bc716a7
SEND 1553584995 TRANSACTION 80 33947 a318cdb978964975d202e2290bc716a7
SEND 1553584995 TRANSACTION 80 23455 a318cdb978964975d202e2290bc716a7
SEND 1553584995 TRANSACTION 80 35698 a318cdb978964975d202e2290bc716a7
SEND 1553584995 TRANSACTION 80 36964 a318cdb978964975d202e2290bc716a7
SEND 1553584995 TRANSACTION 80 14758 a318cdb978964975d202e2290bc716a7
RECIEVED 1553584995 INTRODUCE 36 38 3
RECIEVED 1553584995 INTRODUCE 36 38 3
RECIEVED 1553584995 INTRODUCE 36 38 3
RECIEVED 1553584995 INTRODUCE 35 38 3
RECIEVED 1553584995 INTRODUCE 37 38 3
RECIEVED 1553584995 INTRODUCE 36 38 3
RECIEVED 1553584995 INTRODUCE 36 38 3
RECIEVED 1553584995 INTRODUCE 35 38 3
RECIEVED 1553584995 INTRODUCE 36 38 3
RECIEVED 1553584995 INTRODUCE 35 38 3
RECIEVED 1553584995 TRANSACTION 80 38 3
RECIEVED 1553584995 INTRODUCE 36 38 3
RECIEVED 1553584995 TRANSACTION 80 38 3
RECIEVED 1553584995 TRANSACTION 79 38 3
UPDATE 1553584995 TRANSACTION 488f7ddb81dfc547a7395d06c441f87f
SEND 1553584995 TRANSACTION 79 15946 488f7ddb81dfc547a7395d06c441f87f
SEND 1553584995 TRANSACTION 79 16588 488f7ddb81dfc547a7395d06c441f87f
SEND 1553584995 TRANSACTION 79 15820 488f7ddb81dfc547a7395d06c441f87f
SEND 1553584995 TRANSACTION 79 18002 488f7ddb81dfc547a7395d06c441f87f
SEND 1553584995 TRANSACTION 79 13047 488f7ddb81dfc547a7395d06c441f87f
SEND 1553584995 TRANSACTION 79 20356 488f7ddb81dfc547a7395d06c441f87f
SEND 1553584995 TRANSACTION 79 14764 488f7ddb81dfc547a7395d06c441f87f
SEND 1553584995 TRANSACTION 79 11744 488f7ddb81dfc547a7395d06c441f87f
SEND 1553584995 TRANSACTION 79 14031 488f7ddb81dfc547a7395d06c441f87f
SEND 1553584995 TRANSACTION 79 84252 488f7ddb81dfc547a7395d06c441f87f
SEND 1553584995 TRANSACTION 79 14454 488f7ddb81dfc547a7395d06c441f87f
SEND 1553584995 TRANSACTION 79 41595 488f7ddb81dfc547a7395d06c441f87f
SEND 1553584995 TRANSACTION 79 21698 488f7ddb81dfc547a7395d06c441f87f
SEND 1553584995 TRANSACTION 79 20567 488f7ddb81dfc547a7395d06c441f87f
SEND 1553584995 TRANSACTION 79 21748 488f7ddb81dfc547a7395d06c441f87f
RECIEVED 1553584995 INTRODUCE 36 38 4
RECIEVED 1553584995 INTRODUCE 36 38 4
RECIEVED 1553584995 INTRODUCE 37 38 4
RECIEVED 1553584995 INTRODUCE 37 38 4
RECIEVED 1553584995 INTRODUCE 36 38 4
RECIEVED 1553584995 INTRODUCE 37 38 4
RECIEVED 1553584995 INTRODUCE 35 38 4
RECIEVED 1553584995 INTRODUCE 36 38 4
RECIEVED 1553584995 INTRODUCE 36 38 4
RECIEVED 1553584995 INTRODUCE 36 38 4
RECIEVED 1553584995 INTRODUCE 36 38 4
RECIEVED 1553584995 INTRODUCE 35 38 4
RECIEVED 1553584995 INTRODUCE 35 38 4
RECIEVED 1553584995 INTRODUCE 36 38 4
RECIEVED 1553584995 INTRODUCE 37 38 4
RECIEVED 1553584995 INTRODUCE 36 38 4
RECIEVED 1553584995 INTRODUCE 36 38 4
RECIEVED 1553584995 INTRODUCE 36 38 4
RECIEVED 1553584995 INTRODUCE 37 38 4
RECIEVED 1553584995 INTRODUCE 35 38 4
RECIEVED 1553584995 INTRODUCE 36 38 4
RECIEVED 1553584995 INTRODUCE 35 38 4
RECIEVED 1553584995 INTRODUCE 37 38 4
RECIEVED 1553584995 INTRODUCE 36 38 4
RECIEVED 1553584995 INTRODUCE 36 38 4
RECIEVED 1553584995 INTRODUCE 36 38 4
RECIEVED 1553584995 INTRODUCE 37 38 4
RECIEVED 1553584995 INTRODUCE 36 38 4
SEND 1553584995 INTRODUCE 36 20749
SEND 1553584995 INTRODUCE 36 16383
SEND 1553584995 INTRODUCE 36 14243
SEND 1553584995 INTRODUCE 36 14644
SEND 1553584995 INTRODUCE 36 12309
SEND 1553584995 INTRODUCE 36 26277
SEND 1553584995 INTRODUCE 36 43013
SEND 1553584995 INTRODUCE 36 29480
SEND 1553584995 INTRODUCE 36 22600
SEND 1553584995 INTRODUCE 36 14857
SEND 1553584995 INTRODUCE 36 26061
SEND 1553584995 INTRODUCE 36 33525
SEND 1553584995 INTRODUCE 36 52024
SEND 1553584995 INTRODUCE 36 13292
SEND 1553584995 INTRODUCE 36 11643
SEND 1553584995 INTRODUCE 36 22636
SEND 1553584995 INTRODUCE 36 15074
SEND 1553584995 INTRODUCE 36 15316
# recieved string JOIN node2 172.22.156.206 8002

SEND 1553584995 INTRODUCE 36 14664
SEND 1553584995 INTRODUCE 36 36825
SEND 1553584995 INTRODUCE 36 15898
SEND 1553584995 INTRODUCE 36 29631
SEND 1553584995 INTRODUCE 36 32833
SEND 1553584995 INTRODUCE 36 16387
SEND 1553584995 INTRODUCE 36 19804
SEND 1553584995 INTRODUCE 36 15847
SEND 1553584995 INTRODUCE 36 17668
SEND 1553584995 INTRODUCE 36 19824
SEND 1553584995 INTRODUCE 36 14666
SEND 1553584995 INTRODUCE 36 15269
SEND 1553584995 INTRODUCE 36 40695
SEND 1553584995 INTRODUCE 36 15953
SEND 1553584995 INTRODUCE 36 16814
SEND 1553584995 INTRODUCE 36 21203
SEND 1553584995 INTRODUCE 36 19166
SEND 1553584995 INTRODUCE 36 14199
SEND 1553584995 INTRODUCE 36 21301
SEND 1553584995 INTRODUCE 36 28278
SEND 1553584995 JOIN 30 21114
RECIEVED 1553584995 INTRODUCE 37 39 4
RECIEVED 1553584995 INTRODUCE 36 39 4
RECIEVED 1553584995 INTRODUCE 36 39 4
RECIEVED 1553584995 INTRODUCE 36 39 4
RECIEVED 1553584995 JOIN 31 39 4
RECIEVED 1553584995 INTRODUCE 37 39 4
RECIEVED 1553584995 INTRODUCE 36 39 4
RECIEVED 1553584995 TRANSACTION 79 39 4
RECIEVED 1553584995 INTRODUCE 37 39 4
RECIEVED 1553584995 TRANSACTION 79 39 4
RECIEVED 1553584995 INTRODUCE 36 39 4
RECIEVED 1553584995 TRANSACTION 81 39 4
RECIEVED 1553584995 INTRODUCE 35 39 4
RECIEVED 1553584995 INTRODUCE 36 39 4
RECIEVED 1553584995 TRANSACTION 80 39 4
RECIEVED 1553584995 INTRODUCE 35 39 4
RECIEVED 1553584995 INTRODUCE 36 39 4
RECIEVED 1553584995 TRANSACTION 81 39 4
RECIEVED 1553584995 TRANSACTION 80 39 4
RECIEVED 1553584995 INTRODUCE 35 39 4
# recieved string JOIN node10 172.22.156.206 8010

RECIEVED 1553584995 JOIN 32 39 4
RECIEVED 1553584995 INTRODUCE 36 39 4
RECIEVED 1553584995 INTRODUCE 36 39 4
RECIEVED 1553584995 TRANSACTION 81 39 4
UPDATE 1553584995 TRANSACTION dba65a4a352a874d898423793b51c4f4
SEND 1553584995 TRANSACTION 81 10887 dba65a4a352a874d898423793b51c4f4
SEND 1553584995 TRANSACTION 81 58316 dba65a4a352a874d898423793b51c4f4
SEND 1553584995 TRANSACTION 81 19078 dba65a4a352a874d898423793b51c4f4
SEND 1553584995 TRANSACTION 81 23335 dba65a4a352a874d898423793b51c4f4
SEND 1553584995 TRANSACTION 81 10698 dba65a4a352a874d898423793b51c4f4
SEND 1553584995 TRANSACTION 81 13532 dba65a4a352a874d898423793b51c4f4
SEND 1553584995 TRANSACTION 81 16541 dba65a4a352a874d898423793b51c4f4
SEND 1553584995 TRANSACTION 81 11709 dba65a4a352a874d898423793b51c4f4
SEND 1553584995 TRANSACTION 81 21102 dba65a4a352a874d898423793b51c4f4
SEND 1553584995 TRANSACTION 81 19185 dba65a4a352a874d898423793b51c4f4
SEND 1553584995 TRANSACTION 81 11082 dba65a4a352a874d898423793b51c4f4
SEND 1553584995 TRANSACTION 81 27472 dba65a4a352a874d898423793b51c4f4
SEND 1553584995 TRANSACTION 81 12781 dba65a4a352a874d898423793b51c4f4
SEND 1553584995 TRANSACTION 81 16245 dba65a4a352a874d898423793b51c4f4
SEND 1553584995 TRANSACTION 81 11034 dba65a4a352a874d898423793b51c4f4
RECIEVED 1553584995 INTRODUCE 36 39 5
RECIEVED 1553584995 INTRODUCE 36 39 5
RECIEVED 1553584995 INTRODUCE 36 39 5
RECIEVED 1553584995 TRANSACTION 81 39 5
RECIEVED 1553584995 INTRODUCE 35 39 5
RECIEVED 1553584995 INTRODUCE 36 39 5
RECIEVED 1553584995 INTRODUCE 36 39 5
RECIEVED 1553584995 TRANSACTION 81 39 5
# recieved string JOIN node12 172.22.156.206 8012

RECIEVED 1553584995 JOIN 32 39 5
SEND 1553584995 INTRODUCE 37 11637
SEND 1553584995 INTRODUCE 36 10854
SEND 1553584995 INTRODUCE 36 55999
SEND 1553584995 INTRODUCE 36 10757
SEND 1553584995 INTRODUCE 36 11219
SEND 1553584995 INTRODUCE 36 11452
SEND 1553584995 INTRODUCE 35 10180
SEND 1553584995 INTRODUCE 36 20148
SEND 1553584995 INTRODUCE 36 10014
SEND 1553584995 INTRODUCE 36 10975
SEND 1553584995 INTRODUCE 36 16435
SEND 1553584995 INTRODUCE 36 10648
SEND 1553584995 INTRODUCE 36 11107
SEND 1553584995 INTRODUCE 35 14452
SEND 1553584995 INTRODUCE 35 11016
SEND 1553584995 INTRODUCE 36 12432
SEND 1553584995 INTRODUCE 36 42417
SEND 1553584995 INTRODUCE 35 46969
SEND 1553584995 INTRODUCE 36 11791
SEND 1553584995 INTRODUCE 35 14680
SEND 1553584995 INTRODUCE 36 18086
SEND 1553584995 INTRODUCE 36 14239
SEND 1553584995 INTRODUCE 36 13389
SEND 1553584995 INTRODUCE 35 16028
SEND 1553584995 INTRODUCE 36 17454
SEND 1553584995 INTRODUCE 36 10192
SEND 1553584995 INTRODUCE 37 10578
SEND 1553584995 INTRODUCE 37 14725
SEND 1553584995 INTRODUCE 36 11078
SEND 1553584995 INTRODUCE 35 11670
SEND 1553584995 INTRODUCE 36 13517
SEND 1553584995 INTRODUCE 36 10955
SEND 1553584995 INTRODUCE 35 9817
SEND 1553584995 INTRODUCE 35 14289
SEND 1553584995 INTRODUCE 37 10282
SEND 1553584995 INTRODUCE 37 11716
SEND 1553584995 INTRODUCE 36 11207
SEND 1553584995 INTRODUCE 37 62861
SEND 1553584995 INTRODUCE 37 23282
RECIEVED 1553584995 INTRODUCE 36 40 5
RECIEVED 1553584995 INTRODUCE 36 40 5
RECIEVED 1553584995 INTRODUCE 36 40 5
RECIEVED 1553584995 TRANSACTION 81 40 5
RECIEVED 1553584995 INTRODUCE 36 40 5
RECIEVED 1553584995 INTRODUCE 37 40 5
RECIEVED 1553584995 INTRODUCE 36 40 5
RECIEVED 1553584995 INTRODUCE 36 40 5
RECIEVED 1553584995 TRANSACTION 81 40 5
RECIEVED 1553584995 INTRODUCE 37 40 5
RECIEVED 1553584995 INTRODUCE 35 40 5
RECIEVED 1553584995 INTRODUCE 36 40 5
RECIEVED 1553584995 INTRODUCE 35 40 5
RECIEVED 1553584995 INTRODUCE 35 40 5
# recieved string JOIN node8 172.22.156.206 8008

RECIEVED 1553584995 JOIN 31 40 5
RECIEVED 1553584995 INTRODUCE 36 40 5
RECIEVED 1553584995 INTRODUCE 36 40 5
RECIEVED 1553584995 INTRODUCE 35 40 5
RECIEVED 1553584995 TRANSACTION 81 40 5
RECIEVED 1553584995 INTRODUCE 36 40 5
RECIEVED 1553584995 TRANSACTION 80 40 5
RECIEVED 1553584995 INTRODUCE 37 40 5
RECIEVED 1553584995 INTRODUCE 36 40 5
RECIEVED 1553584995 INTRODUCE 36 40 5
RECIEVED 1553584995 INTRODUCE 36 40 5
RECIEVED 1553584995 INTRODUCE 36 40 5
RECIEVED 1553584995 INTRODUCE 36 40 5
RECIEVED 1553584995 INTRODUCE 36 40 5
RECIEVED 1553584996 INTRODUCE 37 40 5
RECIEVED 1553584996 INTRODUCE 36 40 5
RECIEVED 1553584996 INTRODUCE 36 40 5
RECIEVED 1553584996 INTRODUCE 36 40 5
RECIEVED 1553584996 INTRODUCE 36 40 5
# recieved string JOIN node5 172.22.156.206 8005

RECIEVED 1553584996 JOIN 31 40 5
RECIEVED 1553584996 INTRODUCE 36 40 5
RECIEVED 1553584996 INTRODUCE 36 40 5
RECIEVED 1553584996 INTRODUCE 36 40 5
RECIEVED 1553584996 TRANSACTION 81 40 5
UPDATE 1553584996 TRANSACTION 1ba51fcf5e7be55d3c151e5d2c4837b1
SEND 1553584996 TRANSACTION 81 11212 1ba51fcf5e7be55d3c151e5d2c4837b1
SEND 1553584996 TRANSACTION 81 11367 1ba51fcf5e7be55d3c151e5d2c4837b1
SEND 1553584996 TRANSACTION 81 11475 1ba51fcf5e7be55d3c151e5d2c4837b1
SEND 1553584996 TRANSACTION 81 14632 1ba51fcf5e7be55d3c151e5d2c4837b1
SEND 1553584996 TRANSACTION 81 13743 1ba51fcf5e7be55d3c151e5d2c4837b1
SEND 1553584996 TRANSACTION 81 10814 1ba51fcf5e7be55d3c151e5d2c4837b1
SEND 1553584996 TRANSACTION 81 11288 1ba51fcf5e7be55d3c151e5d2c4837b1
SEND 1553584996 TRANSACTION 81 14651 1ba51fcf5e7be55d3c151e5d2c4837b1
# recieved string JOIN node9 172.22.156.206 8009

SEND 1553584996 TRANSACTION 81 12931 1ba51fcf5e7be55d3c151e5d2c4837b1
SEND 1553584996 TRANSACTION 81 23571 1ba51fcf5e7be55d3c151e5d2c4837b1
SEND 1553584996 TRANSACTION 81 11130 1ba51fcf5e7be55d3c151e5d2c4837b1
SEND 1553584996 TRANSACTION 81 16293 1ba51fcf5e7be55d3c151e5d2c4837b1
SEND 1553584996 TRANSACTION 81 21201 1ba51fcf5e7be55d3c151e5d2c4837b1
SEND 1553584996 TRANSACTION 81 16394 1ba51fcf5e7be55d3c151e5d2c4837b1
SEND 1553584996 TRANSACTION 81 14149 1ba51fcf5e7be55d3c151e5d2c4837b1
SEND 1553584996 TRANSACTION 81 22059 1ba51fcf5e7be55d3c151e5d2c4837b1
RECIEVED 1553584996 INTRODUCE 37 40 6
SEND 1553584996 INTRODUCE 37 22420
SEND 1553584996 INTRODUCE 37 39224
SEND 1553584996 INTRODUCE 37 11985
SEND 1553584996 INTRODUCE 37 24125
SEND 1553584996 INTRODUCE 37 20893
SEND 1553584996 INTRODUCE 37 12380
SEND 1553584996 INTRODUCE 37 17734
SEND 1553584996 INTRODUCE 37 19039
SEND 1553584996 INTRODUCE 37 12359
SEND 1553584996 INTRODUCE 37 21571
SEND 1553584996 INTRODUCE 37 13033
SEND 1553584996 INTRODUCE 37 14003
SEND 1553584996 INTRODUCE 37 10401
SEND 1553584996 INTRODUCE 37 16523
SEND 1553584996 INTRODUCE 37 10541
SEND 1553584996 INTRODUCE 37 15533
SEND 1553584996 INTRODUCE 37 10731
SEND 1553584996 INTRODUCE 37 10976
SEND 1553584996 INTRODUCE 37 33148
SEND 1553584996 INTRODUCE 37 70770
SEND 1553584996 INTRODUCE 37 15226
SEND 1553584996 INTRODUCE 37 17582
SEND 1553584996 INTRODUCE 37 14069
SEND 1553584996 INTRODUCE 37 12023
SEND 1553584996 INTRODUCE 37 24286
SEND 1553584996 INTRODUCE 37 16972
SEND 1553584996 INTRODUCE 37 10418
# Failed listening 
%!(EXTRA string=node5)# ERROR: read tcp 172.22.94.217:56130->172.22.156.208:8005: read: connection reset by peer
SEND 1553584996 INTRODUCE 37 11851
SEND 1553584996 INTRODUCE 37 18489
# Failed sending to node node5
# ERROR: write tcp 172.22.94.217:56130->172.22.156.208:8005: write: broken pipe
SEND 1553584996 INTRODUCE 37 13773
SEND 1553584996 INTRODUCE 37 15530
SEND 1553584996 INTRODUCE 37 18059
SEND 1553584996 INTRODUCE 37 11048
SEND 1553584996 INTRODUCE 37 42468
SEND 1553584996 INTRODUCE 37 24533
SEND 1553584996 INTRODUCE 37 11023
SEND 1553584996 INTRODUCE 37 14373
SEND 1553584996 INTRODUCE 37 11575
# recieved string JOIN node14 172.22.156.206 8014

SEND 1553584996 INTRODUCE 37 30891
SEND 1553584996 JOIN 30 12786
RECIEVED 1553584996 INTRODUCE 36 41 6
RECIEVED 1553584996 INTRODUCE 36 41 6
RECIEVED 1553584996 JOIN 31 41 6
SEND 1553584996 INTRODUCE 36 12265
# Failed listening 
%!(EXTRA string=node0)# ERROR: read tcp 172.22.94.217:35494->172.22.156.208:8000: read: connection reset by peer
SEND 1553584996 INTRODUCE 35 23980
SEND 1553584996 INTRODUCE 36 10219
SEND 1553584996 INTRODUCE 36 10798
SEND 1553584996 INTRODUCE 36 10662
SEND 1553584996 INTRODUCE 35 10593
SEND 1553584996 INTRODUCE 36 11223
SEND 1553584996 INTRODUCE 36 10024
SEND 1553584996 INTRODUCE 37 11233
SEND 1553584996 INTRODUCE 37 47566
SEND 1553584996 INTRODUCE 36 17767
SEND 1553584996 INTRODUCE 35 9245
SEND 1553584996 INTRODUCE 36 17220
SEND 1553584996 INTRODUCE 36 17425
SEND 1553584996 INTRODUCE 35 11803
SEND 1553584996 INTRODUCE 35 12697
SEND 1553584996 INTRODUCE 37 10959
SEND 1553584996 INTRODUCE 37 19765
SEND 1553584996 INTRODUCE 36 12176
SEND 1553584996 INTRODUCE 37 40641
SEND 1553584996 INTRODUCE 37 10772
SEND 1553584996 INTRODUCE 37 10793
SEND 1553584996 INTRODUCE 37 15794
SEND 1553584996 INTRODUCE 36 12834
SEND 1553584996 INTRODUCE 36 11746
SEND 1553584996 INTRODUCE 36 42895
SEND 1553584996 INTRODUCE 36 16637
SEND 1553584996 INTRODUCE 36 18814
SEND 1553584996 INTRODUCE 35 11236
SEND 1553584996 INTRODUCE 36 9724
SEND 1553584996 INTRODUCE 37 10628
SEND 1553584996 INTRODUCE 36 15812
SEND 1553584996 INTRODUCE 36 31032
SEND 1553584996 INTRODUCE 36 12387
SEND 1553584996 INTRODUCE 36 12993
SEND 1553584996 INTRODUCE 35 11332
SEND 1553584996 INTRODUCE 35 11014
SEND 1553584996 INTRODUCE 36 46091
SEND 1553584996 INTRODUCE 36 15196
SEND 1553584996 INTRODUCE 36 17156
SEND 1553584996 INTRODUCE 35 21602
RECIEVED 1553584996 INTRODUCE 36 42 6
RECIEVED 1553584996 INTRODUCE 36 42 6
RECIEVED 1553584996 TRANSACTION 81 42 6
RECIEVED 1553584996 INTRODUCE 37 42 6
RECIEVED 1553584996 INTRODUCE 36 42 6
RECIEVED 1553584996 INTRODUCE 36 42 6
RECIEVED 1553584996 INTRODUCE 36 42 6
RECIEVED 1553584996 TRANSACTION 79 42 6
RECIEVED 1553584996 INTRODUCE 36 42 6
RECIEVED 1553584996 TRANSACTION 81 42 6
RECIEVED 1553584996 INTRODUCE 36 42 6
RECIEVED 1553584996 INTRODUCE 36 42 6
RECIEVED 1553584996 JOIN 32 42 6
SEND 1553584996 INTRODUCE 35 12101
SEND 1553584996 INTRODUCE 36 10919
SEND 1553584996 INTRODUCE 35 10122
SEND 1553584996 INTRODUCE 36 9827
SEND 1553584996 INTRODUCE 36 16396
SEND 1553584996 INTRODUCE 37 11797
SEND 1553584996 INTRODUCE 37 16514
SEND 1553584996 INTRODUCE 36 18080
SEND 1553584996 INTRODUCE 35 17154
SEND 1553584996 INTRODUCE 36 11696
SEND 1553584996 INTRODUCE 36 11508
SEND 1553584996 INTRODUCE 36 11047
SEND 1553584996 INTRODUCE 35 11061
SEND 1553584996 INTRODUCE 36 13948
SEND 1553584996 INTRODUCE 37 37025
SEND 1553584996 INTRODUCE 36 10305
SEND 1553584996 INTRODUCE 36 9861
SEND 1553584996 INTRODUCE 35 30292
SEND 1553584996 INTRODUCE 35 40250
SEND 1553584996 INTRODUCE 37 19789
SEND 1553584996 INTRODUCE 37 36160
SEND 1553584996 INTRODUCE 37 10743
SEND 1553584996 INTRODUCE 37 31049
SEND 1553584996 INTRODUCE 37 10061
SEND 1553584996 INTRODUCE 35 8971
SEND 1553584996 INTRODUCE 36 7514
SEND 1553584996 INTRODUCE 37 9628
SEND 1553584996 INTRODUCE 36 9787
SEND 1553584996 INTRODUCE 36 14988
SEND 1553584996 INTRODUCE 36 15499
SEND 1553584996 INTRODUCE 36 10357
SEND 1553584996 INTRODUCE 36 11228
SEND 1553584996 INTRODUCE 36 9766
SEND 1553584996 INTRODUCE 36 45086
SEND 1553584996 INTRODUCE 36 46995
SEND 1553584996 INTRODUCE 36 10587
SEND 1553584996 INTRODUCE 36 10280
SEND 1553584996 INTRODUCE 36 18591
SEND 1553584996 INTRODUCE 36 10984
SEND 1553584996 INTRODUCE 36 30169
SEND 1553584996 INTRODUCE 35 14185
SEND 1553584996 INTRODUCE 35 9863
RECIEVED 1553584996 INTRODUCE 35 43 6
RECIEVED 1553584996 INTRODUCE 36 43 6
RECIEVED 1553584996 INTRODUCE 36 43 6
RECIEVED 1553584996 INTRODUCE 36 43 6
RECIEVED 1553584996 INTRODUCE 36 43 6
RECIEVED 1553584996 INTRODUCE 36 43 6
RECIEVED 1553584996 INTRODUCE 36 43 6
RECIEVED 1553584996 INTRODUCE 36 43 6
RECIEVED 1553584996 INTRODUCE 36 43 6
RECIEVED 1553584996 INTRODUCE 37 43 6
RECIEVED 1553584996 INTRODUCE 36 43 6
RECIEVED 1553584996 INTRODUCE 36 43 6
RECIEVED 1553584996 INTRODUCE 36 43 6
RECIEVED 1553584996 INTRODUCE 36 43 6
RECIEVED 1553584996 INTRODUCE 35 43 6
RECIEVED 1553584996 TRANSACTION 81 43 6
RECIEVED 1553584996 TRANSACTION 79 43 6
UPDATE 1553584996 TRANSACTION 965550deb6cc561e2a757179e13b788e
SEND 1553584996 TRANSACTION 79 11087 965550deb6cc561e2a757179e13b788e
SEND 1553584996 TRANSACTION 79 10920 965550deb6cc561e2a757179e13b788e
SEND 1553584996 TRANSACTION 79 12813 965550deb6cc561e2a757179e13b788e
SEND 1553584996 TRANSACTION 79 16874 965550deb6cc561e2a757179e13b788e
SEND 1553584996 TRANSACTION 79 15256 965550deb6cc561e2a757179e13b788e
SEND 1553584996 TRANSACTION 79 15805 965550deb6cc561e2a757179e13b788e
SEND 1553584996 TRANSACTION 79 12660 965550deb6cc561e2a757179e13b788e
# Failed sending to node node5
# ERROR: write tcp 172.22.94.217:56130->172.22.156.208:8005: write: broken pipe
# recieved string JOIN node15 172.22.94.217 8015

# Failed listening 
%!(EXTRA string=node3)# ERROR: read tcp 172.22.94.217:45244->172.22.156.208:8003: read: connection reset by peer
# Failed listening 
%!(EXTRA string=node5)# ERROR: read tcp 172.22.94.217:47026->172.22.94.217:8005: read: connection reset by peer
# recieved string JOIN node18 172.22.156.208 8018

# Failed listening 
%!(EXTRA string=node3)# ERROR: read tcp 172.22.94.217:54948->172.22.94.217:8003: read: connection reset by peer
# recieved string JOIN node14 172.22.94.217 8014

# Failed listening 
%!(EXTRA string=node3)# ERROR: read tcp 172.22.94.217:37832->172.22.156.206:8003: read: connection reset by peer
# Failed listening 
%!(EXTRA string=node4)# ERROR: read tcp 172.22.94.217:48030->172.22.94.217:8004: read: connection reset by peer
# Failed listening 
%!(EXTRA string=node7)# ERROR: read tcp 172.22.94.217:50048->172.22.94.217:8007: read: connection reset by peer
# recieved string JOIN node17 172.22.156.206 8017

# recieved string JOIN node15 172.22.156.206 8015

# recieved string JOIN node16 172.22.94.217 8016

# recieved string JOIN node16 172.22.156.208 8016

# recieved string JOIN node17 172.22.156.208 8017

# recieved string JOIN node13 172.22.156.206 8013

# recieved string JOIN node16 172.22.156.206 8016

# recieved string JOIN node19 172.22.156.206 8019

# recieved string JOIN node17 172.22.94.217 8017

# recieved string JOIN node18 172.22.156.206 8018

# recieved string JOIN node18 172.22.94.217 8018

# recieved string JOIN node19 172.22.94.217 8019

# Failed listening 
%!(EXTRA string=node9)# ERROR: EOF
# Failed listening 
%!(EXTRA string=node12)# ERROR: EOF
# Failed listening 
%!(EXTRA string=node5)# ERROR: read tcp 172.22.94.217:48594->172.22.156.206:8005: read: connection reset by peer
# Failed listening 
%!(EXTRA string=node7)# ERROR: EOF
# Failed listening 
%!(EXTRA string=node8)# ERROR: read tcp 172.22.94.217:52562->172.22.156.206:8008: read: connection reset by peer
# Failed listening 
%!(EXTRA string=node11)# ERROR: read tcp 172.22.94.217:38948->172.22.156.206:8011: read: connection reset by peer
# Failed listening 
%!(EXTRA string=node4)# ERROR: EOF
# Failed listening 
%!(EXTRA string=node0)# ERROR: EOF
# Failed listening 
%!(EXTRA string=node1)# ERROR: EOF
# Failed listening 
%!(EXTRA string=node14)# ERROR: EOF
# Failed listening 
%!(EXTRA string=node6)# ERROR: EOF
# Failed listening 
%!(EXTRA string=node2)# ERROR: read tcp 172.22.94.217:48354->172.22.156.206:8002: read: connection reset by peer
# Failed listening 
%!(EXTRA string=node10)# ERROR: read tcp 172.22.94.217:56198->172.22.156.206:8010: read: connection reset by peer
