RECIEVED 1554057517 INTRODUCE 37 0 0
SEND 1554057517 JOIN 32 28894
RECIEVED 1554057517 INTRODUCE 37 1 0
SEND 1554057517 INTRODUCE 37 16171
SEND 1554057517 JOIN 32 28074
RECIEVED 1554057517 INTRODUCE 36 2 0
SEND 1554057517 INTRODUCE 36 15421
SEND 1554057517 INTRODUCE 36 16599
SEND 1554057517 JOIN 32 21234
RECIEVED 1554057517 INTRODUCE 37 3 0
SEND 1554057517 INTRODUCE 37 20837
SEND 1554057517 INTRODUCE 37 15774
SEND 1554057517 INTRODUCE 37 15709
SEND 1554057517 JOIN 32 25701
RECIEVED 1554057517 INTRODUCE 37 4 0
RECIEVED 1554057517 INTRODUCE 36 5 0
RECIEVED 1554057517 INTRODUCE 35 6 0
RECIEVED 1554057517 INTRODUCE 37 7 0
RECIEVED 1554057517 INTRODUCE 35 8 0
RECIEVED 1554057517 INTRODUCE 36 9 0
RECIEVED 1554057517 INTRODUCE 36 10 0
RECIEVED 1554057517 INTRODUCE 37 11 0
RECIEVED 1554057517 INTRODUCE 36 11 0
RECIEVED 1554057517 INTRODUCE 36 12 0
RECIEVED 1554057517 INTRODUCE 36 13 0
RECIEVED 1554057517 INTRODUCE 36 14 0
RECIEVED 1554057517 INTRODUCE 36 15 0
RECIEVED 1554057517 INTRODUCE 37 16 0
RECIEVED 1554057517 INTRODUCE 36 17 0
RECIEVED 1554057517 INTRODUCE 37 18 0
RECIEVED 1554057517 INTRODUCE 35 19 0
RECIEVED 1554057517 INTRODUCE 36 20 0
RECIEVED 1554057517 INTRODUCE 35 21 0
RECIEVED 1554057517 INTRODUCE 35 22 0
RECIEVED 1554057517 INTRODUCE 36 22 0
RECIEVED 1554057517 INTRODUCE 35 23 0
RECIEVED 1554057517 INTRODUCE 37 24 0
RECIEVED 1554057517 INTRODUCE 35 25 0
RECIEVED 1554057517 INTRODUCE 37 26 0
RECIEVED 1554057517 INTRODUCE 36 27 0
RECIEVED 1554057517 INTRODUCE 35 28 0
RECIEVED 1554057517 INTRODUCE 36 29 0
RECIEVED 1554057517 INTRODUCE 36 30 0
RECIEVED 1554057517 INTRODUCE 36 31 0
RECIEVED 1554057517 INTRODUCE 35 32 0
RECIEVED 1554057517 INTRODUCE 37 32 0
RECIEVED 1554057517 INTRODUCE 36 33 0
RECIEVED 1554057517 INTRODUCE 36 34 0
RECIEVED 1554057517 INTRODUCE 36 35 0
RECIEVED 1554057517 INTRODUCE 36 36 0
RECIEVED 1554057517 INTRODUCE 37 37 0
RECIEVED 1554057517 INTRODUCE 35 38 0
RECIEVED 1554057517 INTRODUCE 36 38 0
RECIEVED 1554057517 INTRODUCE 36 38 0
RECIEVED 1554057517 INTRODUCE 36 38 0
RECIEVED 1554057517 INTRODUCE 36 39 0
RECIEVED 1554057517 INTRODUCE 35 40 0
RECIEVED 1554057517 INTRODUCE 36 40 0
RECIEVED 1554057517 INTRODUCE 36 41 0
RECIEVED 1554057517 INTRODUCE 36 42 0
RECIEVED 1554057517 INTRODUCE 36 43 0
RECIEVED 1554057517 INTRODUCE 35 44 0
RECIEVED 1554057517 INTRODUCE 36 45 0
RECIEVED 1554057517 INTRODUCE 37 45 0
RECIEVED 1554057517 INTRODUCE 36 46 0
RECIEVED 1554057517 INTRODUCE 35 47 0
RECIEVED 1554057517 INTRODUCE 36 47 0
RECIEVED 1554057517 INTRODUCE 37 47 0
RECIEVED 1554057517 INTRODUCE 36 47 0
RECIEVED 1554057517 INTRODUCE 36 48 0
RECIEVED 1554057517 INTRODUCE 35 48 0
RECIEVED 1554057517 TRANSACTION 81 49 0
UPDATE 1554057517 TRANSACTION b0ad7f58b7b974881052f49e8d6b7122
SEND 1554057517 TRANSACTION 81 16582 b0ad7f58b7b974881052f49e8d6b7122
SEND 1554057517 TRANSACTION 81 27596 b0ad7f58b7b974881052f49e8d6b7122
RECIEVED 1554057518 TRANSACTION 81 49 1
UPDATE 1554057518 TRANSACTION 3c6016ae31cf008e996c0002f0245b1f
SEND 1554057518 TRANSACTION 81 31762 3c6016ae31cf008e996c0002f0245b1f
RECIEVED 1554057518 TRANSACTION 81 49 2
RECIEVED 1554057518 INTRODUCE 36 49 2
RECIEVED 1554057518 INTRODUCE 37 49 2
RECIEVED 1554057518 INTRODUCE 37 50 2
RECIEVED 1554057518 INTRODUCE 35 51 2
RECIEVED 1554057518 TRANSACTION 81 52 2
UPDATE 1554057518 TRANSACTION 1a21284a37aa4414a3b8f19e5fe2560b
SEND 1554057518 TRANSACTION 81 23668 1a21284a37aa4414a3b8f19e5fe2560b
RECIEVED 1554057518 TRANSACTION 81 52 3
UPDATE 1554057518 TRANSACTION 40930570110ef3166fc20a5553261b5b
SEND 1554057518 TRANSACTION 81 38810 40930570110ef3166fc20a5553261b5b
RECIEVED 1554057518 TRANSACTION 81 52 4
RECIEVED 1554057518 TRANSACTION 82 52 4
UPDATE 1554057518 TRANSACTION be4e5a19eb77daf380608e849406ad7f
SEND 1554057518 TRANSACTION 82 17685 be4e5a19eb77daf380608e849406ad7f
RECIEVED 1554057519 TRANSACTION 81 52 5
UPDATE 1554057519 TRANSACTION dc56707c3bf737627113c693ef2b6bb5
SEND 1554057519 TRANSACTION 81 18767 dc56707c3bf737627113c693ef2b6bb5
RECIEVED 1554057519 TRANSACTION 81 52 6
UPDATE 1554057519 TRANSACTION 3b710ff9186c02423cff7b3627d435d3
SEND 1554057519 TRANSACTION 81 17658 3b710ff9186c02423cff7b3627d435d3
SEND 1554057519 TRANSACTION 81 22368 3b710ff9186c02423cff7b3627d435d3
RECIEVED 1554057519 TRANSACTION 81 52 7
RECIEVED 1554057519 TRANSACTION 81 52 7
UPDATE 1554057519 TRANSACTION 53992b8e21f2cb415ce4f2feeb90bdb9
SEND 1554057519 TRANSACTION 81 25182 53992b8e21f2cb415ce4f2feeb90bdb9
SEND 1554057519 TRANSACTION 81 24983 53992b8e21f2cb415ce4f2feeb90bdb9
RECIEVED 1554057519 TRANSACTION 81 52 8
RECIEVED 1554057519 TRANSACTION 80 52 8
UPDATE 1554057519 TRANSACTION 169ce5ab2e77872249f3c8f5260cf237
RECIEVED 1554057520 TRANSACTION 81 52 9
UPDATE 1554057520 TRANSACTION 1476defae68134eb3a149b77f70324d4
SEND 1554057520 TRANSACTION 81 20054 1476defae68134eb3a149b77f70324d4
RECIEVED 1554057520 TRANSACTION 80 52 10
UPDATE 1554057520 TRANSACTION 77285f453846f68d1d05be02342c2593
SEND 1554057520 TRANSACTION 80 14904 77285f453846f68d1d05be02342c2593
RECIEVED 1554057521 TRANSACTION 82 52 11
UPDATE 1554057521 TRANSACTION fd0b434c89dad807d0372b47545d019a
RECIEVED 1554057521 TRANSACTION 81 52 12
UPDATE 1554057521 TRANSACTION 9a2dc4bd4f0d76132303b6490b3892a1
SEND 1554057521 TRANSACTION 81 20024 9a2dc4bd4f0d76132303b6490b3892a1
RECIEVED 1554057521 TRANSACTION 81 52 13
UPDATE 1554057521 TRANSACTION 5f1669a4aab2a173d6123b547b4f867e
SEND 1554057521 TRANSACTION 81 21422 5f1669a4aab2a173d6123b547b4f867e
SEND 1554057521 TRANSACTION 81 15882 5f1669a4aab2a173d6123b547b4f867e
RECIEVED 1554057521 TRANSACTION 81 52 14
UPDATE 1554057521 TRANSACTION a226530e10d6b7598932063ff2b3470c
SEND 1554057521 TRANSACTION 81 13991 a226530e10d6b7598932063ff2b3470c
RECIEVED 1554057521 TRANSACTION 81 52 15
RECIEVED 1554057521 TRANSACTION 81 52 15
UPDATE 1554057521 TRANSACTION 8af025d2f55d3d53b1abea8b3d07452c
SEND 1554057521 TRANSACTION 81 21641 8af025d2f55d3d53b1abea8b3d07452c
SEND 1554057521 TRANSACTION 81 22928 8af025d2f55d3d53b1abea8b3d07452c
SEND 1554057521 TRANSACTION 81 19977 8af025d2f55d3d53b1abea8b3d07452c
RECIEVED 1554057521 TRANSACTION 80 52 16
UPDATE 1554057521 TRANSACTION 2c2c5e9769d6f6a919b94fdd3bed0fe8
SEND 1554057521 TRANSACTION 80 23937 2c2c5e9769d6f6a919b94fdd3bed0fe8
SEND 1554057521 TRANSACTION 80 22615 2c2c5e9769d6f6a919b94fdd3bed0fe8
SEND 1554057521 TRANSACTION 80 21150 2c2c5e9769d6f6a919b94fdd3bed0fe8
RECIEVED 1554057521 TRANSACTION 82 52 17
UPDATE 1554057521 TRANSACTION da3f00b785460af07a35c566953be4e5
SEND 1554057521 TRANSACTION 82 26509 da3f00b785460af07a35c566953be4e5
SEND 1554057521 TRANSACTION 82 26422 da3f00b785460af07a35c566953be4e5
RECIEVED 1554057522 TRANSACTION 81 52 18
UPDATE 1554057522 TRANSACTION 4d76dadf800f1d8a3175faabdcfe4e47
SEND 1554057522 TRANSACTION 81 27401 4d76dadf800f1d8a3175faabdcfe4e47
SEND 1554057522 TRANSACTION 81 46512 4d76dadf800f1d8a3175faabdcfe4e47
RECIEVED 1554057522 TRANSACTION 81 52 19
UPDATE 1554057522 TRANSACTION 81e8983f27a43ceb394f126d6ca50f10
SEND 1554057522 TRANSACTION 81 26006 81e8983f27a43ceb394f126d6ca50f10
SEND 1554057522 TRANSACTION 81 20991 81e8983f27a43ceb394f126d6ca50f10
SEND 1554057522 TRANSACTION 81 18743 81e8983f27a43ceb394f126d6ca50f10
RECIEVED 1554057522 TRANSACTION 81 52 20
UPDATE 1554057522 TRANSACTION 75c18add68304a80083be9884ac1289a
SEND 1554057522 TRANSACTION 81 21977 75c18add68304a80083be9884ac1289a
SEND 1554057522 TRANSACTION 81 20478 75c18add68304a80083be9884ac1289a
RECIEVED 1554057522 TRANSACTION 81 52 21
RECIEVED 1554057522 TRANSACTION 81 52 21
UPDATE 1554057522 TRANSACTION 7c90e02c485e04280ee936c0c5293582
SEND 1554057522 TRANSACTION 81 15833 7c90e02c485e04280ee936c0c5293582
RECIEVED 1554057523 TRANSACTION 81 52 22
UPDATE 1554057523 TRANSACTION bcd530629ec713f58ee299759822027f
SEND 1554057523 TRANSACTION 81 21464 bcd530629ec713f58ee299759822027f
RECIEVED 1554057523 TRANSACTION 82 52 23
UPDATE 1554057523 TRANSACTION 31ce1a2d5b01c3c8e3bedbb70246224a
SEND 1554057523 TRANSACTION 82 24342 31ce1a2d5b01c3c8e3bedbb70246224a
RECIEVED 1554057523 TRANSACTION 81 52 24
UPDATE 1554057523 TRANSACTION 032feddffd67c737ad7304922cbe9bb2
SEND 1554057523 TRANSACTION 81 33178 032feddffd67c737ad7304922cbe9bb2
SEND 1554057523 TRANSACTION 81 16697 032feddffd67c737ad7304922cbe9bb2
RECIEVED 1554057524 TRANSACTION 81 52 25
UPDATE 1554057524 TRANSACTION 5146fc558679949fa9cb9673b79d8a39
SEND 1554057524 TRANSACTION 81 21113 5146fc558679949fa9cb9673b79d8a39
SEND 1554057524 TRANSACTION 81 17353 5146fc558679949fa9cb9673b79d8a39
RECIEVED 1554057525 INTRODUCE 35 52 26
RECIEVED 1554057525 INTRODUCE 35 52 26
RECIEVED 1554057525 INTRODUCE 36 53 26
RECIEVED 1554057525 INTRODUCE 36 53 26
RECIEVED 1554057525 TRANSACTION 81 53 26
UPDATE 1554057525 TRANSACTION c92b2fe3c74445b82b8a736244d432a4
SEND 1554057525 TRANSACTION 81 13765 c92b2fe3c74445b82b8a736244d432a4
SEND 1554057525 TRANSACTION 81 16911 c92b2fe3c74445b82b8a736244d432a4
RECIEVED 1554057526 HB 3 53 27
SEND 1554057526 INTRODUCE 37 27372
SEND 1554057526 INTRODUCE 36 21579
SEND 1554057526 INTRODUCE 36 19047
SEND 1554057526 INTRODUCE 35 13974
RECIEVED 1554057526 TRANSACTION 81 53 27
UPDATE 1554057526 TRANSACTION 4537fcc9bb3726d91ebebece856ec59e
RECIEVED 1554057526 TRANSACTION 81 53 28
UPDATE 1554057526 TRANSACTION f4da952596edf2eb1e4ee559b190c837
RECIEVED 1554057527 TRANSACTION 79 53 29
UPDATE 1554057527 TRANSACTION 1c3508a8f645cf374be5a94cf5679454
RECIEVED 1554057527 TRANSACTION 81 53 30
UPDATE 1554057527 TRANSACTION b57a1990978bd6ae91f4bdfb469fc6f1
SEND 1554057527 TRANSACTION 81 19904 b57a1990978bd6ae91f4bdfb469fc6f1
RECIEVED 1554057527 TRANSACTION 81 53 31
UPDATE 1554057527 TRANSACTION 00a56badccf25bca015305d6abb19cd7
SEND 1554057527 TRANSACTION 81 16650 00a56badccf25bca015305d6abb19cd7
RECIEVED 1554057527 TRANSACTION 80 53 32
UPDATE 1554057527 TRANSACTION 7fbdedf6ccf0310deaa95496597d7141
SEND 1554057527 TRANSACTION 80 14156 7fbdedf6ccf0310deaa95496597d7141
RECIEVED 1554057527 TRANSACTION 81 53 33
UPDATE 1554057527 TRANSACTION b2c337851b7e7b2d07f01ef39778b247
SEND 1554057527 TRANSACTION 81 14473 b2c337851b7e7b2d07f01ef39778b247
RECIEVED 1554057527 TRANSACTION 81 53 34
UPDATE 1554057527 TRANSACTION 263091a14ff7b8a38d1f707799dd4007
SEND 1554057527 TRANSACTION 81 18376 263091a14ff7b8a38d1f707799dd4007
RECIEVED 1554057527 TRANSACTION 81 53 35
UPDATE 1554057527 TRANSACTION b3373e681e18220f016e68f15f134720
SEND 1554057527 TRANSACTION 81 27402 b3373e681e18220f016e68f15f134720
SEND 1554057527 TRANSACTION 81 15699 b3373e681e18220f016e68f15f134720
RECIEVED 1554057527 TRANSACTION 81 53 36
RECIEVED 1554057528 TRANSACTION 81 53 36
UPDATE 1554057528 TRANSACTION 4fd0b01a2227f092a83863d36d56910e
SEND 1554057528 TRANSACTION 81 15558 4fd0b01a2227f092a83863d36d56910e
SEND 1554057528 TRANSACTION 81 21154 4fd0b01a2227f092a83863d36d56910e
RECIEVED 1554057528 TRANSACTION 81 53 37
UPDATE 1554057528 TRANSACTION cc2000f4238e85a4860e677eb187ed4d
SEND 1554057528 TRANSACTION 81 15991 cc2000f4238e85a4860e677eb187ed4d
SEND 1554057528 TRANSACTION 81 15899 cc2000f4238e85a4860e677eb187ed4d
SEND 1554057528 TRANSACTION 81 34710 cc2000f4238e85a4860e677eb187ed4d
RECIEVED 1554057528 TRANSACTION 81 53 38
UPDATE 1554057528 TRANSACTION 8f259208f250104103d84adebe066109
RECIEVED 1554057528 TRANSACTION 80 53 39
UPDATE 1554057528 TRANSACTION 08edde933532fbecddc7b03df2573030
SEND 1554057528 TRANSACTION 80 28509 08edde933532fbecddc7b03df2573030
RECIEVED 1554057529 TRANSACTION 81 53 40
UPDATE 1554057529 TRANSACTION 91764f8a75c3b9e98febeb4e171d09fa
SEND 1554057529 TRANSACTION 81 19009 91764f8a75c3b9e98febeb4e171d09fa
RECIEVED 1554057529 TRANSACTION 81 53 41
RECIEVED 1554057529 TRANSACTION 82 53 41
UPDATE 1554057529 TRANSACTION 2a9d1aa4b2cc5c3220cac647eb1b2e62
SEND 1554057529 TRANSACTION 82 14922 2a9d1aa4b2cc5c3220cac647eb1b2e62
SEND 1554057529 TRANSACTION 82 15199 2a9d1aa4b2cc5c3220cac647eb1b2e62
RECIEVED 1554057529 TRANSACTION 81 53 42
UPDATE 1554057529 TRANSACTION a241451f30edc28334d583f38fe558e2
SEND 1554057529 TRANSACTION 81 27840 a241451f30edc28334d583f38fe558e2
RECIEVED 1554057529 TRANSACTION 81 53 43
UPDATE 1554057529 TRANSACTION aca68786c312f5184e54a4f8c221a944
SEND 1554057529 TRANSACTION 81 27344 aca68786c312f5184e54a4f8c221a944
SEND 1554057529 TRANSACTION 81 24050 aca68786c312f5184e54a4f8c221a944
RECIEVED 1554057529 TRANSACTION 80 53 44
UPDATE 1554057529 TRANSACTION 354bbc1d29fbf46f80f1f0c5ee8a196c
SEND 1554057529 TRANSACTION 80 25780 354bbc1d29fbf46f80f1f0c5ee8a196c
RECIEVED 1554057530 TRANSACTION 81 53 45
UPDATE 1554057530 TRANSACTION b5ba6ab3eb4361659505f50822f71c11
SEND 1554057530 TRANSACTION 81 13412 b5ba6ab3eb4361659505f50822f71c11
SEND 1554057530 TRANSACTION 81 21496 b5ba6ab3eb4361659505f50822f71c11
SEND 1554057530 TRANSACTION 81 16171 b5ba6ab3eb4361659505f50822f71c11
RECIEVED 1554057530 TRANSACTION 79 53 46
UPDATE 1554057530 TRANSACTION bd72022fbc7642f77acb6fd8325aefa3
SEND 1554057530 TRANSACTION 79 27031 bd72022fbc7642f77acb6fd8325aefa3
SEND 1554057530 TRANSACTION 79 13808 bd72022fbc7642f77acb6fd8325aefa3
SEND 1554057530 TRANSACTION 79 15479 bd72022fbc7642f77acb6fd8325aefa3
RECIEVED 1554057530 TRANSACTION 80 53 47
UPDATE 1554057530 TRANSACTION 0e214ca5043c453db8df81f213e4908d
SEND 1554057530 TRANSACTION 80 14311 0e214ca5043c453db8df81f213e4908d
RECIEVED 1554057530 TRANSACTION 79 53 48
UPDATE 1554057530 TRANSACTION 28074a14b8dee088c37108012c16f453
RECIEVED 1554057530 TRANSACTION 81 53 49
UPDATE 1554057530 TRANSACTION 4ec91c425edad1b23f75ba292bb73656
SEND 1554057530 TRANSACTION 81 39976 4ec91c425edad1b23f75ba292bb73656
SEND 1554057530 TRANSACTION 81 25623 4ec91c425edad1b23f75ba292bb73656
RECIEVED 1554057530 TRANSACTION 81 53 50
UPDATE 1554057530 TRANSACTION 6e852646f6b0742ecfaa2f537e1ea252
SEND 1554057530 TRANSACTION 81 16625 6e852646f6b0742ecfaa2f537e1ea252
SEND 1554057530 TRANSACTION 81 33595 6e852646f6b0742ecfaa2f537e1ea252
RECIEVED 1554057531 TRANSACTION 81 53 51
UPDATE 1554057531 TRANSACTION 8afdb9265279c49904d0cb5d53701681
SEND 1554057531 TRANSACTION 81 42631 8afdb9265279c49904d0cb5d53701681
SEND 1554057531 TRANSACTION 81 25341 8afdb9265279c49904d0cb5d53701681
RECIEVED 1554057531 TRANSACTION 81 53 52
UPDATE 1554057531 TRANSACTION 892bbadf72fbf05021c54c16f8a2cdff
SEND 1554057531 TRANSACTION 81 19871 892bbadf72fbf05021c54c16f8a2cdff
RECIEVED 1554057531 TRANSACTION 81 53 53
UPDATE 1554057531 TRANSACTION 5d4680c5ff114f58bd92561708db0bcb
RECIEVED 1554057531 TRANSACTION 81 53 54
UPDATE 1554057531 TRANSACTION c849a5cb255887ddd2e6f06d5ae0584d
RECIEVED 1554057532 TRANSACTION 81 53 55
UPDATE 1554057532 TRANSACTION 4be76e92c8ded15b2b9ddfee19f76fe7
SEND 1554057532 TRANSACTION 81 16009 4be76e92c8ded15b2b9ddfee19f76fe7
SEND 1554057532 TRANSACTION 81 20920 4be76e92c8ded15b2b9ddfee19f76fe7
RECIEVED 1554057532 TRANSACTION 81 53 56
UPDATE 1554057532 TRANSACTION c60fe1fcbda254c0947334ef1f9feebf
SEND 1554057532 TRANSACTION 81 15159 c60fe1fcbda254c0947334ef1f9feebf
RECIEVED 1554057532 TRANSACTION 81 53 57
UPDATE 1554057532 TRANSACTION 2d2bab618735b0a749e726698fc08ef0
SEND 1554057532 TRANSACTION 81 19586 2d2bab618735b0a749e726698fc08ef0
RECIEVED 1554057532 TRANSACTION 81 53 58
RECIEVED 1554057532 TRANSACTION 80 53 58
UPDATE 1554057532 TRANSACTION 4c082ebb41f5745f7e507fa7eee28741
SEND 1554057532 TRANSACTION 80 15683 4c082ebb41f5745f7e507fa7eee28741
RECIEVED 1554057533 TRANSACTION 81 53 59
UPDATE 1554057533 TRANSACTION 7893e271e63018c46ccfce99fc38e471
SEND 1554057533 TRANSACTION 81 22993 7893e271e63018c46ccfce99fc38e471
RECIEVED 1554057533 TRANSACTION 81 53 60
RECIEVED 1554057533 TRANSACTION 81 53 60
UPDATE 1554057533 TRANSACTION 5a99b41ee45f9d4dc14a491fdbb2a9b5
SEND 1554057533 TRANSACTION 81 15270 5a99b41ee45f9d4dc14a491fdbb2a9b5
RECIEVED 1554057533 TRANSACTION 81 53 61
RECIEVED 1554057533 TRANSACTION 80 53 61
UPDATE 1554057533 TRANSACTION 3dc4a70820a07f055c783c89e4fc8700
SEND 1554057533 TRANSACTION 80 16440 3dc4a70820a07f055c783c89e4fc8700
SEND 1554057533 TRANSACTION 80 17460 3dc4a70820a07f055c783c89e4fc8700
SEND 1554057533 TRANSACTION 80 16303 3dc4a70820a07f055c783c89e4fc8700
RECIEVED 1554057534 TRANSACTION 81 53 62
UPDATE 1554057534 TRANSACTION be8c300086636b1d18d460f380d16831
SEND 1554057534 TRANSACTION 81 14802 be8c300086636b1d18d460f380d16831
RECIEVED 1554057535 TRANSACTION 81 53 63
UPDATE 1554057535 TRANSACTION 1db7987ee6b5a50d851dd3a6e0aef688
SEND 1554057535 TRANSACTION 81 21514 1db7987ee6b5a50d851dd3a6e0aef688
RECIEVED 1554057535 TRANSACTION 81 53 64
UPDATE 1554057535 TRANSACTION cfa21f388298e1f6023b4ee5633bfed6
SEND 1554057535 TRANSACTION 81 23202 cfa21f388298e1f6023b4ee5633bfed6
SEND 1554057535 TRANSACTION 81 30272 cfa21f388298e1f6023b4ee5633bfed6
SEND 1554057535 TRANSACTION 81 60651 cfa21f388298e1f6023b4ee5633bfed6
RECIEVED 1554057535 TRANSACTION 81 53 65
RECIEVED 1554057535 TRANSACTION 81 53 65
RECIEVED 1554057535 TRANSACTION 81 53 65
UPDATE 1554057535 TRANSACTION 0b64da557a40a35309390e4864646f66
SEND 1554057535 TRANSACTION 81 22228 0b64da557a40a35309390e4864646f66
RECIEVED 1554057535 TRANSACTION 81 53 66
UPDATE 1554057535 TRANSACTION 657cc8676fbf3df69a6dc3000dedbb19
SEND 1554057535 TRANSACTION 81 12620 657cc8676fbf3df69a6dc3000dedbb19
RECIEVED 1554057535 TRANSACTION 81 53 67
UPDATE 1554057535 TRANSACTION 5386a0c9e4fb8d9ddcad300d3e960f0a
SEND 1554057535 TRANSACTION 81 20459 5386a0c9e4fb8d9ddcad300d3e960f0a
SEND 1554057535 TRANSACTION 81 18440 5386a0c9e4fb8d9ddcad300d3e960f0a
SEND 1554057535 TRANSACTION 81 35553 5386a0c9e4fb8d9ddcad300d3e960f0a
RECIEVED 1554057535 TRANSACTION 81 53 68
RECIEVED 1554057536 TRANSACTION 82 53 68
UPDATE 1554057536 TRANSACTION ebaa02c3f75f1427390bb2ebe4025aeb
SEND 1554057536 TRANSACTION 82 26049 ebaa02c3f75f1427390bb2ebe4025aeb
SEND 1554057536 TRANSACTION 82 27807 ebaa02c3f75f1427390bb2ebe4025aeb
RECIEVED 1554057536 TRANSACTION 82 53 69
RECIEVED 1554057536 HB 3 53 69
RECIEVED 1554057537 TRANSACTION 79 53 69
UPDATE 1554057537 TRANSACTION 1d613d66bc17e1cc535e778fa9cbbd19
SEND 1554057537 TRANSACTION 79 19352 1d613d66bc17e1cc535e778fa9cbbd19
RECIEVED 1554057537 TRANSACTION 81 53 70
UPDATE 1554057537 TRANSACTION 7190b470c92781905dc71dcf77635e82
RECIEVED 1554057537 TRANSACTION 81 53 71
RECIEVED 1554057538 TRANSACTION 81 53 71
UPDATE 1554057538 TRANSACTION 1f572c2cc73ca82a33474b4c90850a73
SEND 1554057538 TRANSACTION 81 21401 1f572c2cc73ca82a33474b4c90850a73
SEND 1554057538 TRANSACTION 81 20151 1f572c2cc73ca82a33474b4c90850a73
SEND 1554057538 TRANSACTION 81 19240 1f572c2cc73ca82a33474b4c90850a73
RECIEVED 1554057538 TRANSACTION 81 53 72
RECIEVED 1554057538 TRANSACTION 80 53 72
UPDATE 1554057538 TRANSACTION bc465c56881d66ed8630e27e8594560c
SEND 1554057538 TRANSACTION 80 15744 bc465c56881d66ed8630e27e8594560c
RECIEVED 1554057538 TRANSACTION 81 53 73
UPDATE 1554057538 TRANSACTION cb7f3f428c735b05a555428ec6956d77
SEND 1554057538 TRANSACTION 81 23382 cb7f3f428c735b05a555428ec6956d77
RECIEVED 1554057538 TRANSACTION 82 53 74
UPDATE 1554057538 TRANSACTION d742ec9a3a288431167e9d1247f1d73e
SEND 1554057538 TRANSACTION 82 15100 d742ec9a3a288431167e9d1247f1d73e
RECIEVED 1554057539 TRANSACTION 80 53 75
UPDATE 1554057539 TRANSACTION 68037886e5ba7a6040192e75e9908784
SEND 1554057539 TRANSACTION 80 23976 68037886e5ba7a6040192e75e9908784
SEND 1554057539 TRANSACTION 80 30166 68037886e5ba7a6040192e75e9908784
RECIEVED 1554057540 TRANSACTION 81 53 76
UPDATE 1554057540 TRANSACTION e7a7b43275719dcfac202bbec0ae2629
SEND 1554057540 TRANSACTION 81 19715 e7a7b43275719dcfac202bbec0ae2629
SEND 1554057540 TRANSACTION 81 26556 e7a7b43275719dcfac202bbec0ae2629
RECIEVED 1554057540 TRANSACTION 81 53 77
RECIEVED 1554057541 TRANSACTION 81 53 77
UPDATE 1554057541 TRANSACTION 08bdc935e57a85c82f45c9d957b9f439
SEND 1554057541 TRANSACTION 81 15126 08bdc935e57a85c82f45c9d957b9f439
RECIEVED 1554057541 TRANSACTION 81 53 78
UPDATE 1554057541 TRANSACTION f822d1120bf69df4ebb091581bd751c7
SEND 1554057541 TRANSACTION 81 14328 f822d1120bf69df4ebb091581bd751c7
RECIEVED 1554057541 TRANSACTION 81 53 79
RECIEVED 1554057541 TRANSACTION 81 53 79
RECIEVED 1554057541 TRANSACTION 81 53 79
UPDATE 1554057541 TRANSACTION 2a403ccac1c59c92c2c41abb2dc684d3
SEND 1554057541 TRANSACTION 81 20960 2a403ccac1c59c92c2c41abb2dc684d3
SEND 1554057541 TRANSACTION 81 18657 2a403ccac1c59c92c2c41abb2dc684d3
RECIEVED 1554057542 TRANSACTION 81 53 80
UPDATE 1554057542 TRANSACTION 2038b11ac5b8d4e44ca996db2b527f83
SEND 1554057542 TRANSACTION 81 19530 2038b11ac5b8d4e44ca996db2b527f83
SEND 1554057542 TRANSACTION 81 22541 2038b11ac5b8d4e44ca996db2b527f83
SEND 1554057542 TRANSACTION 81 26506 2038b11ac5b8d4e44ca996db2b527f83
RECIEVED 1554057542 TRANSACTION 81 53 81
UPDATE 1554057542 TRANSACTION b153b630c44b4acef3194504638fb87e
RECIEVED 1554057543 TRANSACTION 80 53 82
UPDATE 1554057543 TRANSACTION fa6690350120c1cdd9e31c5fb2559d6b
SEND 1554057543 TRANSACTION 80 14964 fa6690350120c1cdd9e31c5fb2559d6b
SEND 1554057543 TRANSACTION 80 15712 fa6690350120c1cdd9e31c5fb2559d6b
RECIEVED 1554057543 TRANSACTION 80 53 83
UPDATE 1554057543 TRANSACTION 8721e5c3b4967c178644b018a287ad70
RECIEVED 1554057543 TRANSACTION 82 53 84
UPDATE 1554057543 TRANSACTION fd679bdfa506e6b154fd7c23253e618c
SEND 1554057543 TRANSACTION 82 19314 fd679bdfa506e6b154fd7c23253e618c
SEND 1554057543 TRANSACTION 82 27951 fd679bdfa506e6b154fd7c23253e618c
RECIEVED 1554057543 TRANSACTION 81 53 85
UPDATE 1554057543 TRANSACTION bbbd4c14ab5951f870532674bfb83126
SEND 1554057543 TRANSACTION 81 20657 bbbd4c14ab5951f870532674bfb83126
SEND 1554057543 TRANSACTION 81 19835 bbbd4c14ab5951f870532674bfb83126
RECIEVED 1554057543 TRANSACTION 81 53 86
RECIEVED 1554057544 TRANSACTION 81 53 86
UPDATE 1554057544 TRANSACTION 49daf364ee8d37bfc7c50eb301b56094
SEND 1554057544 TRANSACTION 81 15842 49daf364ee8d37bfc7c50eb301b56094
RECIEVED 1554057544 TRANSACTION 81 53 87
UPDATE 1554057544 TRANSACTION 9a80707e5b0faa2a68fee04344a8f117
RECIEVED 1554057544 TRANSACTION 81 53 88
UPDATE 1554057544 TRANSACTION 2fd9215589db0421248cdb731f1e0e82
SEND 1554057544 TRANSACTION 81 20834 2fd9215589db0421248cdb731f1e0e82
SEND 1554057544 TRANSACTION 81 22594 2fd9215589db0421248cdb731f1e0e82
RECIEVED 1554057544 TRANSACTION 81 53 89
RECIEVED 1554057545 TRANSACTION 81 53 89
UPDATE 1554057545 TRANSACTION 555b39123eede329c6403ae1aa0fe9b2
SEND 1554057545 TRANSACTION 81 20407 555b39123eede329c6403ae1aa0fe9b2
RECIEVED 1554057546 HB 3 53 90
RECIEVED 1554057546 TRANSACTION 81 53 90
UPDATE 1554057546 TRANSACTION f88684e3c9e0b41c03d6989d9226c98e
SEND 1554057546 TRANSACTION 81 14927 f88684e3c9e0b41c03d6989d9226c98e
SEND 1554057546 TRANSACTION 81 15426 f88684e3c9e0b41c03d6989d9226c98e
RECIEVED 1554057547 TRANSACTION 82 53 91
UPDATE 1554057547 TRANSACTION 1b6742aeba5101c90f923bbfc7bd05fd
SEND 1554057547 TRANSACTION 82 21104 1b6742aeba5101c90f923bbfc7bd05fd
SEND 1554057547 TRANSACTION 82 23547 1b6742aeba5101c90f923bbfc7bd05fd
RECIEVED 1554057547 TRANSACTION 80 53 92
UPDATE 1554057547 TRANSACTION f898542ba3b6d589de60af10a96e8d7c
SEND 1554057547 TRANSACTION 80 14467 f898542ba3b6d589de60af10a96e8d7c
SEND 1554057547 TRANSACTION 80 19394 f898542ba3b6d589de60af10a96e8d7c
RECIEVED 1554057547 TRANSACTION 81 53 93
UPDATE 1554057547 TRANSACTION 2c09b0913ffca9a58bb48dc7fec7b445
SEND 1554057547 TRANSACTION 81 23022 2c09b0913ffca9a58bb48dc7fec7b445
SEND 1554057547 TRANSACTION 81 49407 2c09b0913ffca9a58bb48dc7fec7b445
SEND 1554057547 TRANSACTION 81 19745 2c09b0913ffca9a58bb48dc7fec7b445
RECIEVED 1554057548 TRANSACTION 81 53 94
UPDATE 1554057548 TRANSACTION e76bf16b788791c669d5e01a956c2def
SEND 1554057548 TRANSACTION 81 15716 e76bf16b788791c669d5e01a956c2def
SEND 1554057548 TRANSACTION 81 15610 e76bf16b788791c669d5e01a956c2def
RECIEVED 1554057548 TRANSACTION 81 53 95
RECIEVED 1554057548 TRANSACTION 80 53 95
UPDATE 1554057548 TRANSACTION f2b5cf5d2bdf8d69268105399ba6666f
SEND 1554057548 TRANSACTION 80 20197 f2b5cf5d2bdf8d69268105399ba6666f
RECIEVED 1554057548 TRANSACTION 81 53 96
UPDATE 1554057548 TRANSACTION 4a3466fb6cd54029b0f7906ee291ef2d
SEND 1554057548 TRANSACTION 81 19778 4a3466fb6cd54029b0f7906ee291ef2d
SEND 1554057548 TRANSACTION 81 13972 4a3466fb6cd54029b0f7906ee291ef2d
SEND 1554057548 TRANSACTION 81 19264 4a3466fb6cd54029b0f7906ee291ef2d
RECIEVED 1554057548 TRANSACTION 81 53 97
RECIEVED 1554057548 TRANSACTION 82 53 97
UPDATE 1554057548 TRANSACTION cf7391c25132a2226a56d7c92202b9fe
RECIEVED 1554057548 TRANSACTION 81 53 98
UPDATE 1554057548 TRANSACTION b4d06b6573b4b8cc297d6b4c84aa8f98
SEND 1554057548 TRANSACTION 81 14277 b4d06b6573b4b8cc297d6b4c84aa8f98
SEND 1554057548 TRANSACTION 81 15623 b4d06b6573b4b8cc297d6b4c84aa8f98
RECIEVED 1554057548 TRANSACTION 81 53 99
RECIEVED 1554057548 TRANSACTION 81 53 99
RECIEVED 1554057548 TRANSACTION 82 53 99
UPDATE 1554057548 TRANSACTION 64a0ac3f6ab6b7e73ba387eef52e7bc8
RECIEVED 1554057549 TRANSACTION 81 53 100
UPDATE 1554057549 TRANSACTION b19e4a1ed8fecc5ed60aaa1de735bc32
SEND 1554057549 TRANSACTION 81 22045 b19e4a1ed8fecc5ed60aaa1de735bc32
RECIEVED 1554057549 TRANSACTION 80 53 101
UPDATE 1554057549 TRANSACTION 95a52fb0bd3b5bc843cc3e3727a91ff4
SEND 1554057549 TRANSACTION 80 14379 95a52fb0bd3b5bc843cc3e3727a91ff4
SEND 1554057549 TRANSACTION 80 15347 95a52fb0bd3b5bc843cc3e3727a91ff4
RECIEVED 1554057549 TRANSACTION 81 53 102
RECIEVED 1554057550 TRANSACTION 81 53 102
UPDATE 1554057550 TRANSACTION f2d786ff7560f7768913204e6b71d52c
RECIEVED 1554057550 TRANSACTION 81 53 103
UPDATE 1554057550 TRANSACTION 7d34a1425e0811d6c751b410d76770b3
SEND 1554057550 TRANSACTION 81 19883 7d34a1425e0811d6c751b410d76770b3
RECIEVED 1554057550 TRANSACTION 81 53 104
RECIEVED 1554057550 TRANSACTION 81 53 104
UPDATE 1554057550 TRANSACTION c52a44a8cfeb1a5dcc06347f81493790
SEND 1554057550 TRANSACTION 81 15098 c52a44a8cfeb1a5dcc06347f81493790
RECIEVED 1554057550 TRANSACTION 81 53 105
UPDATE 1554057550 TRANSACTION bf03a216d69c47ba6ef49a5c0e3e4a0e
SEND 1554057550 TRANSACTION 81 33179 bf03a216d69c47ba6ef49a5c0e3e4a0e
SEND 1554057550 TRANSACTION 81 27023 bf03a216d69c47ba6ef49a5c0e3e4a0e
RECIEVED 1554057551 TRANSACTION 81 53 106
UPDATE 1554057551 TRANSACTION 2efe4a561a084364232d3674bdb5dc6c
SEND 1554057551 TRANSACTION 81 17913 2efe4a561a084364232d3674bdb5dc6c
RECIEVED 1554057551 TRANSACTION 80 53 107
UPDATE 1554057551 TRANSACTION a76d1dcc9136f9055d6abb09bed45bc9
SEND 1554057551 TRANSACTION 80 14666 a76d1dcc9136f9055d6abb09bed45bc9
RECIEVED 1554057551 TRANSACTION 80 53 108
RECIEVED 1554057551 TRANSACTION 81 53 108
UPDATE 1554057551 TRANSACTION 1b40f0a74d1030c56606ced4263c4b92
SEND 1554057551 TRANSACTION 81 25098 1b40f0a74d1030c56606ced4263c4b92
SEND 1554057551 TRANSACTION 81 21063 1b40f0a74d1030c56606ced4263c4b92
RECIEVED 1554057551 TRANSACTION 81 53 109
UPDATE 1554057551 TRANSACTION b01d38e42b4cd0f3906d4e60c9f79953
SEND 1554057551 TRANSACTION 81 13871 b01d38e42b4cd0f3906d4e60c9f79953
SEND 1554057551 TRANSACTION 81 19668 b01d38e42b4cd0f3906d4e60c9f79953
RECIEVED 1554057551 TRANSACTION 81 53 110
RECIEVED 1554057551 TRANSACTION 81 53 110
RECIEVED 1554057551 TRANSACTION 81 53 110
UPDATE 1554057551 TRANSACTION bfb0737457c4d6c953f4fa27d4d7cd1f
SEND 1554057551 TRANSACTION 81 24687 bfb0737457c4d6c953f4fa27d4d7cd1f
SEND 1554057551 TRANSACTION 81 15932 bfb0737457c4d6c953f4fa27d4d7cd1f
SEND 1554057551 TRANSACTION 81 20351 bfb0737457c4d6c953f4fa27d4d7cd1f
RECIEVED 1554057551 TRANSACTION 81 53 111
RECIEVED 1554057551 TRANSACTION 80 53 111
UPDATE 1554057551 TRANSACTION 8bbc0efa3e634b23813875c9a7f2f7cc
RECIEVED 1554057552 TRANSACTION 78 53 112
UPDATE 1554057552 TRANSACTION 7ee591d2071d1c39204bd844ad2dc0a7
SEND 1554057552 TRANSACTION 78 20198 7ee591d2071d1c39204bd844ad2dc0a7
RECIEVED 1554057554 TRANSACTION 80 53 113
UPDATE 1554057554 TRANSACTION 80b0c0bf184934f541fdfac8ae29b006
SEND 1554057554 TRANSACTION 80 14373 80b0c0bf184934f541fdfac8ae29b006
SEND 1554057554 TRANSACTION 80 28695 80b0c0bf184934f541fdfac8ae29b006
RECIEVED 1554057554 TRANSACTION 81 53 114
UPDATE 1554057554 TRANSACTION b55258b79dd4be1c6a3112da1fe83c8c
SEND 1554057554 TRANSACTION 81 17267 b55258b79dd4be1c6a3112da1fe83c8c
SEND 1554057554 TRANSACTION 81 20034 b55258b79dd4be1c6a3112da1fe83c8c
SEND 1554057554 TRANSACTION 81 14999 b55258b79dd4be1c6a3112da1fe83c8c
RECIEVED 1554057554 TRANSACTION 81 53 115
UPDATE 1554057554 TRANSACTION ecb51b4076c7650a1e2945ad522e15c7
SEND 1554057554 TRANSACTION 81 20029 ecb51b4076c7650a1e2945ad522e15c7
RECIEVED 1554057554 TRANSACTION 81 53 116
UPDATE 1554057554 TRANSACTION 0cba33371d6d91fc7f14e85ed8d8b7b9
SEND 1554057554 TRANSACTION 81 12919 0cba33371d6d91fc7f14e85ed8d8b7b9
SEND 1554057554 TRANSACTION 81 27725 0cba33371d6d91fc7f14e85ed8d8b7b9
RECIEVED 1554057555 TRANSACTION 81 53 117
UPDATE 1554057555 TRANSACTION 9d68acfb9eb4a09ebf269dbf96710850
SEND 1554057555 TRANSACTION 81 16267 9d68acfb9eb4a09ebf269dbf96710850
SEND 1554057555 TRANSACTION 81 17731 9d68acfb9eb4a09ebf269dbf96710850
RECIEVED 1554057555 TRANSACTION 81 53 118
UPDATE 1554057555 TRANSACTION ffea7b1e6d54ceef06e590fbe59fc423
RECIEVED 1554057556 TRANSACTION 80 53 119
UPDATE 1554057556 TRANSACTION f3cac39fc1658934f71a997738199580
SEND 1554057556 TRANSACTION 80 14509 f3cac39fc1658934f71a997738199580
RECIEVED 1554057556 TRANSACTION 81 53 120
UPDATE 1554057556 TRANSACTION 5d46c65adae45faf3ff4d737c2b75df3
SEND 1554057556 TRANSACTION 81 40870 5d46c65adae45faf3ff4d737c2b75df3
RECIEVED 1554057556 TRANSACTION 81 53 121
UPDATE 1554057556 TRANSACTION 8e93a42bf842aae1d840312e241a2b67
SEND 1554057556 TRANSACTION 81 21300 8e93a42bf842aae1d840312e241a2b67
RECIEVED 1554057556 HB 3 53 122
SEND 1554057556 INTRODUCE 35 30843
SEND 1554057556 INTRODUCE 36 16212
SEND 1554057556 INTRODUCE 37 18857
SEND 1554057556 INTRODUCE 36 14548
SEND 1554057556 INTRODUCE 35 17807
SEND 1554057556 INTRODUCE 36 19737
SEND 1554057556 INTRODUCE 37 27226
SEND 1554057556 INTRODUCE 36 15299
SEND 1554057556 INTRODUCE 35 24661
SEND 1554057556 INTRODUCE 36 39437
SEND 1554057556 INTRODUCE 37 16763
SEND 1554057556 INTRODUCE 36 26132
RECIEVED 1554057556 TRANSACTION 81 53 122
UPDATE 1554057556 TRANSACTION 1ceb11ce36b5d8030b0b72ae7f543969
RECIEVED 1554057557 TRANSACTION 81 53 123
UPDATE 1554057557 TRANSACTION 49ef6de9ca2b992dfd0eb9954551029f
SEND 1554057557 TRANSACTION 81 20436 49ef6de9ca2b992dfd0eb9954551029f
RECIEVED 1554057557 TRANSACTION 81 53 124
UPDATE 1554057557 TRANSACTION 899a2ada794b3d18f7ce77d94e54c52b
SEND 1554057557 TRANSACTION 81 26755 899a2ada794b3d18f7ce77d94e54c52b
SEND 1554057557 TRANSACTION 81 15393 899a2ada794b3d18f7ce77d94e54c52b
RECIEVED 1554057557 TRANSACTION 81 53 125
RECIEVED 1554057558 TRANSACTION 81 53 125
UPDATE 1554057558 TRANSACTION eb80bbf30d1a1c029ac90802026fdf0b
SEND 1554057558 TRANSACTION 81 14740 eb80bbf30d1a1c029ac90802026fdf0b
RECIEVED 1554057559 TRANSACTION 81 53 126
UPDATE 1554057559 TRANSACTION a41f97f15ade74ced084b01b2dbae3b8
SEND 1554057559 TRANSACTION 81 22046 a41f97f15ade74ced084b01b2dbae3b8
SEND 1554057559 TRANSACTION 81 21226 a41f97f15ade74ced084b01b2dbae3b8
RECIEVED 1554057559 TRANSACTION 81 53 127
RECIEVED 1554057559 TRANSACTION 80 53 127
UPDATE 1554057559 TRANSACTION 404e5f7362eb9d3467c9699c8adc4505
SEND 1554057559 TRANSACTION 80 26828 404e5f7362eb9d3467c9699c8adc4505
RECIEVED 1554057560 TRANSACTION 81 53 128
UPDATE 1554057560 TRANSACTION 2eec4ca15a3cfc4253e810f1b3fc9ce5
SEND 1554057560 TRANSACTION 81 19391 2eec4ca15a3cfc4253e810f1b3fc9ce5
SEND 1554057560 TRANSACTION 81 19527 2eec4ca15a3cfc4253e810f1b3fc9ce5
RECIEVED 1554057560 TRANSACTION 81 53 129
RECIEVED 1554057560 TRANSACTION 81 53 129
UPDATE 1554057560 TRANSACTION 3de603b4c215f0c109490080bd7ccda1
SEND 1554057560 TRANSACTION 81 16544 3de603b4c215f0c109490080bd7ccda1
SEND 1554057560 TRANSACTION 81 19217 3de603b4c215f0c109490080bd7ccda1
RECIEVED 1554057560 TRANSACTION 80 53 130
UPDATE 1554057560 TRANSACTION fe52fae512dc4e7615dc0fc5c0c4c4b3
RECIEVED 1554057560 TRANSACTION 81 53 131
UPDATE 1554057560 TRANSACTION 79c2ea5ff85d2eda85a901ca7ace7fe5
SEND 1554057560 TRANSACTION 81 14577 79c2ea5ff85d2eda85a901ca7ace7fe5
SEND 1554057560 TRANSACTION 81 15807 79c2ea5ff85d2eda85a901ca7ace7fe5
SEND 1554057560 TRANSACTION 81 19336 79c2ea5ff85d2eda85a901ca7ace7fe5
RECIEVED 1554057561 TRANSACTION 80 53 132
UPDATE 1554057561 TRANSACTION b2af3edc7ed6a5152c1dd73dce677ee3
SEND 1554057561 TRANSACTION 80 15700 b2af3edc7ed6a5152c1dd73dce677ee3
RECIEVED 1554057561 TRANSACTION 80 53 133
RECIEVED 1554057561 TRANSACTION 82 53 133
UPDATE 1554057561 TRANSACTION 26242ab0612c3961f821fc26610e396b
SEND 1554057561 TRANSACTION 82 21342 26242ab0612c3961f821fc26610e396b
RECIEVED 1554057561 TRANSACTION 82 53 134
RECIEVED 1554057561 TRANSACTION 79 53 134
UPDATE 1554057561 TRANSACTION 1ed50a7b53562941da41eb85f7aa4105
SEND 1554057561 TRANSACTION 79 15715 1ed50a7b53562941da41eb85f7aa4105
SEND 1554057561 TRANSACTION 79 19318 1ed50a7b53562941da41eb85f7aa4105
RECIEVED 1554057561 TRANSACTION 79 53 135
UPDATE 1554057561 TRANSACTION de0faabb84e538efd49fa4fc3d0cadc0
SEND 1554057561 TRANSACTION 79 16029 de0faabb84e538efd49fa4fc3d0cadc0
SEND 1554057561 TRANSACTION 79 20925 de0faabb84e538efd49fa4fc3d0cadc0
RECIEVED 1554057561 TRANSACTION 81 53 136
UPDATE 1554057561 TRANSACTION 06ca88238317c34ccc3c689246f6eaec
RECIEVED 1554057562 TRANSACTION 80 53 137
UPDATE 1554057562 TRANSACTION 39c7b03de16bb81511f3c6dadb087e11
SEND 1554057562 TRANSACTION 80 14961 39c7b03de16bb81511f3c6dadb087e11
SEND 1554057562 TRANSACTION 80 19403 39c7b03de16bb81511f3c6dadb087e11
RECIEVED 1554057562 TRANSACTION 81 53 138
UPDATE 1554057562 TRANSACTION 37e93e74de5e0def6854b2aa95c5aa3f
SEND 1554057562 TRANSACTION 81 19501 37e93e74de5e0def6854b2aa95c5aa3f
SEND 1554057562 TRANSACTION 81 25240 37e93e74de5e0def6854b2aa95c5aa3f
RECIEVED 1554057562 TRANSACTION 78 53 139
UPDATE 1554057562 TRANSACTION 1c0ddf22855938cf545338ba879eacbe
RECIEVED 1554057562 TRANSACTION 81 53 140
UPDATE 1554057562 TRANSACTION 72d578ce385c8c90049ebd204dbbad87
SEND 1554057562 TRANSACTION 81 20086 72d578ce385c8c90049ebd204dbbad87
SEND 1554057562 TRANSACTION 81 18004 72d578ce385c8c90049ebd204dbbad87
RECIEVED 1554057562 TRANSACTION 80 53 141
UPDATE 1554057562 TRANSACTION c2fa14e6f2c9ec3cef9b9c5f572c372f
SEND 1554057562 TRANSACTION 80 15745 c2fa14e6f2c9ec3cef9b9c5f572c372f
SEND 1554057562 TRANSACTION 80 16236 c2fa14e6f2c9ec3cef9b9c5f572c372f
SEND 1554057562 TRANSACTION 80 20497 c2fa14e6f2c9ec3cef9b9c5f572c372f
SEND 1554057562 TRANSACTION 80 24211 c2fa14e6f2c9ec3cef9b9c5f572c372f
RECIEVED 1554057562 TRANSACTION 80 53 142
RECIEVED 1554057562 TRANSACTION 80 53 142
RECIEVED 1554057562 TRANSACTION 81 53 142
UPDATE 1554057562 TRANSACTION 585cba35bee01c07e5d05264e5fc7881
SEND 1554057562 TRANSACTION 81 15872 585cba35bee01c07e5d05264e5fc7881
SEND 1554057562 TRANSACTION 81 26546 585cba35bee01c07e5d05264e5fc7881
SEND 1554057562 TRANSACTION 81 16568 585cba35bee01c07e5d05264e5fc7881
RECIEVED 1554057562 TRANSACTION 82 53 143
UPDATE 1554057562 TRANSACTION 4452845b04d6f067bc11ac0526c7248c
RECIEVED 1554057563 TRANSACTION 79 53 144
UPDATE 1554057563 TRANSACTION 40732bb7482b29a9f399aa63ca4449b6
SEND 1554057563 TRANSACTION 79 14959 40732bb7482b29a9f399aa63ca4449b6
SEND 1554057563 TRANSACTION 79 22758 40732bb7482b29a9f399aa63ca4449b6
SEND 1554057563 TRANSACTION 79 14939 40732bb7482b29a9f399aa63ca4449b6
SEND 1554057563 TRANSACTION 79 16352 40732bb7482b29a9f399aa63ca4449b6
RECIEVED 1554057563 TRANSACTION 79 53 145
RECIEVED 1554057563 TRANSACTION 81 53 145
UPDATE 1554057563 TRANSACTION cad9d49159f8836da900d8dcbaa69229
SEND 1554057563 TRANSACTION 81 20699 cad9d49159f8836da900d8dcbaa69229
RECIEVED 1554057563 TRANSACTION 81 53 146
UPDATE 1554057563 TRANSACTION b5fde2af308f4c7c80a18b5bc591f64e
SEND 1554057563 TRANSACTION 81 26800 b5fde2af308f4c7c80a18b5bc591f64e
SEND 1554057563 TRANSACTION 81 28673 b5fde2af308f4c7c80a18b5bc591f64e
SEND 1554057563 TRANSACTION 81 43655 b5fde2af308f4c7c80a18b5bc591f64e
RECIEVED 1554057563 TRANSACTION 81 53 147
UPDATE 1554057563 TRANSACTION bb453dc737e8615b9094a76660329b10
SEND 1554057563 TRANSACTION 81 14647 bb453dc737e8615b9094a76660329b10
RECIEVED 1554057563 TRANSACTION 81 53 148
UPDATE 1554057563 TRANSACTION 7394bd19ed1dcb7e4f7286a0c4323d96
SEND 1554057563 TRANSACTION 81 46615 7394bd19ed1dcb7e4f7286a0c4323d96
RECIEVED 1554057564 TRANSACTION 80 53 149
UPDATE 1554057564 TRANSACTION a2dda43a85e48b7d8b4468330991e254
SEND 1554057564 TRANSACTION 80 27334 a2dda43a85e48b7d8b4468330991e254
RECIEVED 1554057564 TRANSACTION 80 53 150
UPDATE 1554057564 TRANSACTION 392d186dc00cd748820e5bb033370611
SEND 1554057564 TRANSACTION 80 15271 392d186dc00cd748820e5bb033370611
RECIEVED 1554057564 TRANSACTION 81 53 151
UPDATE 1554057564 TRANSACTION c70c534e01e512ec3d85a38592e679bf
RECIEVED 1554057564 TRANSACTION 81 53 152
RECIEVED 1554057564 TRANSACTION 81 53 152
UPDATE 1554057564 TRANSACTION 0377f39d09af64a6f02953bfc45814cd
SEND 1554057564 TRANSACTION 81 19899 0377f39d09af64a6f02953bfc45814cd
SEND 1554057564 TRANSACTION 81 30671 0377f39d09af64a6f02953bfc45814cd
RECIEVED 1554057565 TRANSACTION 81 53 153
UPDATE 1554057565 TRANSACTION a8e6ebb7208b78368a11c4dbbc7e6b9f
SEND 1554057565 TRANSACTION 81 18760 a8e6ebb7208b78368a11c4dbbc7e6b9f
RECIEVED 1554057565 TRANSACTION 81 53 154
UPDATE 1554057565 TRANSACTION e154edb8cb95e8222d6db3f0beef7064
RECIEVED 1554057565 TRANSACTION 81 53 155
RECIEVED 1554057565 TRANSACTION 81 53 155
UPDATE 1554057565 TRANSACTION a09e06c93559e0770e2643189f24566b
SEND 1554057565 TRANSACTION 81 44297 a09e06c93559e0770e2643189f24566b
SEND 1554057565 TRANSACTION 81 33238 a09e06c93559e0770e2643189f24566b
RECIEVED 1554057566 HB 3 53 156
RECIEVED 1554057566 TRANSACTION 80 53 156
UPDATE 1554057566 TRANSACTION 4eeea3d10c36eecfc7d334aafd7213b7
SEND 1554057566 TRANSACTION 80 17004 4eeea3d10c36eecfc7d334aafd7213b7
RECIEVED 1554057566 TRANSACTION 80 53 157
UPDATE 1554057566 TRANSACTION 7c3ef64963f4e2db8b1c59ae463135dd
SEND 1554057566 TRANSACTION 80 15295 7c3ef64963f4e2db8b1c59ae463135dd
RECIEVED 1554057566 TRANSACTION 80 53 158
RECIEVED 1554057566 TRANSACTION 80 53 158
UPDATE 1554057566 TRANSACTION ee9bb30797b70cd33579188d13ce6a01
SEND 1554057566 TRANSACTION 80 20255 ee9bb30797b70cd33579188d13ce6a01
RECIEVED 1554057567 TRANSACTION 81 53 159
UPDATE 1554057567 TRANSACTION be0300888dadfe6493d4ee06a1cc93b6
SEND 1554057567 TRANSACTION 81 15640 be0300888dadfe6493d4ee06a1cc93b6
RECIEVED 1554057567 TRANSACTION 81 53 160
RECIEVED 1554057568 TRANSACTION 82 53 160
UPDATE 1554057568 TRANSACTION c38c8b994fdf5e59a029ea0f11925940
SEND 1554057568 TRANSACTION 82 13997 c38c8b994fdf5e59a029ea0f11925940
RECIEVED 1554057568 TRANSACTION 81 53 161
UPDATE 1554057568 TRANSACTION 7030010df331256e7125e3b42631c884
SEND 1554057568 TRANSACTION 81 20910 7030010df331256e7125e3b42631c884
SEND 1554057568 TRANSACTION 81 20140 7030010df331256e7125e3b42631c884
SEND 1554057568 TRANSACTION 81 24500 7030010df331256e7125e3b42631c884
RECIEVED 1554057568 TRANSACTION 81 53 162
RECIEVED 1554057568 TRANSACTION 81 53 162
RECIEVED 1554057568 TRANSACTION 80 53 162
UPDATE 1554057568 TRANSACTION 2912a3efb5b6914c4f0f2a9d2b652370
RECIEVED 1554057569 TRANSACTION 81 53 163
UPDATE 1554057569 TRANSACTION 50218a5552ef0a06038c47dd658f06c1
RECIEVED 1554057570 TRANSACTION 81 53 164
UPDATE 1554057570 TRANSACTION b241b8ce7aaa3f2b5ec35db679712dd5
SEND 1554057570 TRANSACTION 81 20061 b241b8ce7aaa3f2b5ec35db679712dd5
RECIEVED 1554057570 TRANSACTION 81 53 165
RECIEVED 1554057570 TRANSACTION 81 53 165
UPDATE 1554057570 TRANSACTION 4d3663dc6a77c97ba877ea63eda397e0
SEND 1554057570 TRANSACTION 81 19438 4d3663dc6a77c97ba877ea63eda397e0
RECIEVED 1554057570 TRANSACTION 81 53 166
UPDATE 1554057570 TRANSACTION a632afb69fa7d7ac64e0c67222d01bc2
SEND 1554057570 TRANSACTION 81 27513 a632afb69fa7d7ac64e0c67222d01bc2
RECIEVED 1554057570 TRANSACTION 82 53 167
UPDATE 1554057570 TRANSACTION eac752ac7d3f3f45715928ac84a5274e
SEND 1554057570 TRANSACTION 82 22823 eac752ac7d3f3f45715928ac84a5274e
RECIEVED 1554057571 TRANSACTION 81 53 168
UPDATE 1554057571 TRANSACTION 369f9e0961c4822503b49549ee382d83
SEND 1554057571 TRANSACTION 81 22820 369f9e0961c4822503b49549ee382d83
SEND 1554057571 TRANSACTION 81 27551 369f9e0961c4822503b49549ee382d83
RECIEVED 1554057571 TRANSACTION 79 53 169
UPDATE 1554057571 TRANSACTION 79bb3e12ff8e3ff16df9a846ffcb2736
SEND 1554057571 TRANSACTION 79 37951 79bb3e12ff8e3ff16df9a846ffcb2736
RECIEVED 1554057571 TRANSACTION 80 53 170
UPDATE 1554057571 TRANSACTION 7a4002b83ecea106005dab6cc7a5a354
SEND 1554057571 TRANSACTION 80 20238 7a4002b83ecea106005dab6cc7a5a354
RECIEVED 1554057572 TRANSACTION 81 53 171
UPDATE 1554057572 TRANSACTION 74354a00beba09a57bf5ae448d358a39
RECIEVED 1554057572 TRANSACTION 80 53 172
UPDATE 1554057572 TRANSACTION 85491773f5c4eca250a9d3c9df399007
SEND 1554057572 TRANSACTION 80 19866 85491773f5c4eca250a9d3c9df399007
SEND 1554057572 TRANSACTION 80 24580 85491773f5c4eca250a9d3c9df399007
RECIEVED 1554057573 TRANSACTION 81 53 173
UPDATE 1554057573 TRANSACTION 9cd2930315872ef710b9555dc9ad15ac
RECIEVED 1554057574 TRANSACTION 81 53 174
UPDATE 1554057574 TRANSACTION d75c944ec221bd4cb7ccc68965e085e9
SEND 1554057574 TRANSACTION 81 45590 d75c944ec221bd4cb7ccc68965e085e9
RECIEVED 1554057574 TRANSACTION 81 53 175
UPDATE 1554057574 TRANSACTION f5b26082e201623f4b2cd955833f539d
SEND 1554057574 TRANSACTION 81 22975 f5b26082e201623f4b2cd955833f539d
SEND 1554057574 TRANSACTION 81 19293 f5b26082e201623f4b2cd955833f539d
RECIEVED 1554057574 TRANSACTION 80 53 176
UPDATE 1554057574 TRANSACTION 287584244a21296975beb8cfa749d149
SEND 1554057574 TRANSACTION 80 18195 287584244a21296975beb8cfa749d149
RECIEVED 1554057574 TRANSACTION 81 53 177
UPDATE 1554057574 TRANSACTION f3270fd234074880a4a1d37a15ace4f4
SEND 1554057574 TRANSACTION 81 21492 f3270fd234074880a4a1d37a15ace4f4
SEND 1554057574 TRANSACTION 81 18454 f3270fd234074880a4a1d37a15ace4f4
RECIEVED 1554057574 TRANSACTION 81 53 178
RECIEVED 1554057575 TRANSACTION 81 53 178
UPDATE 1554057575 TRANSACTION 2704753208778133411a00afd4b3b8ae
SEND 1554057575 TRANSACTION 81 14811 2704753208778133411a00afd4b3b8ae
RECIEVED 1554057576 HB 3 53 179
RECIEVED 1554057576 TRANSACTION 81 53 179
UPDATE 1554057576 TRANSACTION 3d74b4867ad7beaea8bfaee42e276450
RECIEVED 1554057576 TRANSACTION 81 53 180
UPDATE 1554057576 TRANSACTION 1529e8f8151d24abd4ad0306e1c298f5
SEND 1554057576 TRANSACTION 81 19067 1529e8f8151d24abd4ad0306e1c298f5
RECIEVED 1554057577 TRANSACTION 81 53 181
UPDATE 1554057577 TRANSACTION 41102a2bcc8c998bcf83749b910754f9
SEND 1554057577 TRANSACTION 81 16106 41102a2bcc8c998bcf83749b910754f9
RECIEVED 1554057577 TRANSACTION 81 53 182
RECIEVED 1554057577 TRANSACTION 81 53 182
UPDATE 1554057577 TRANSACTION c15e1d8b023ff53d2e8178fc9a1230bc
SEND 1554057577 TRANSACTION 81 17081 c15e1d8b023ff53d2e8178fc9a1230bc
RECIEVED 1554057577 TRANSACTION 79 53 183
UPDATE 1554057577 TRANSACTION 31020071ad1a09e4fddb926c03a6ef39
RECIEVED 1554057577 TRANSACTION 79 53 184
RECIEVED 1554057577 TRANSACTION 81 53 184
UPDATE 1554057577 TRANSACTION 6030e5cd6c82b5114ed51285117d3c25
SEND 1554057577 TRANSACTION 81 22434 6030e5cd6c82b5114ed51285117d3c25
RECIEVED 1554057577 TRANSACTION 81 53 185
RECIEVED 1554057577 TRANSACTION 81 53 185
UPDATE 1554057577 TRANSACTION eca4945c95d245e0b5d989804cfbea9c
SEND 1554057577 TRANSACTION 81 16073 eca4945c95d245e0b5d989804cfbea9c
RECIEVED 1554057577 TRANSACTION 80 53 186
UPDATE 1554057577 TRANSACTION 103d8d46f94d5bb130a6952b730777fb
RECIEVED 1554057578 TRANSACTION 80 53 187
UPDATE 1554057578 TRANSACTION 27d0b645c12c264b3d886868496e1292
RECIEVED 1554057578 TRANSACTION 81 53 188
UPDATE 1554057578 TRANSACTION 163d468b095edabe96f122c28ebee7fe
SEND 1554057578 TRANSACTION 81 14328 163d468b095edabe96f122c28ebee7fe
SEND 1554057578 TRANSACTION 81 22006 163d468b095edabe96f122c28ebee7fe
RECIEVED 1554057578 TRANSACTION 81 53 189
RECIEVED 1554057579 TRANSACTION 81 53 189
UPDATE 1554057579 TRANSACTION ad2158ede222756d9fd2878b43f78546
SEND 1554057579 TRANSACTION 81 16855 ad2158ede222756d9fd2878b43f78546
RECIEVED 1554057579 TRANSACTION 80 53 190
UPDATE 1554057579 TRANSACTION f78a15b5b964d7a633c33a69c2d44c6a
SEND 1554057579 TRANSACTION 80 21632 f78a15b5b964d7a633c33a69c2d44c6a
RECIEVED 1554057579 TRANSACTION 80 53 191
UPDATE 1554057579 TRANSACTION f301716ce7f007dcccb4efc6960f6485
RECIEVED 1554057579 TRANSACTION 81 53 192
UPDATE 1554057579 TRANSACTION 979dcb151565c3af63180c6828a2542b
RECIEVED 1554057580 TRANSACTION 81 53 193
UPDATE 1554057580 TRANSACTION b89ae5064c506417e64562af63efbe8d
SEND 1554057580 TRANSACTION 81 34466 b89ae5064c506417e64562af63efbe8d
RECIEVED 1554057580 TRANSACTION 79 53 194
UPDATE 1554057580 TRANSACTION e21f50412895e1c3c1148e8c6929959a
SEND 1554057580 TRANSACTION 79 18825 e21f50412895e1c3c1148e8c6929959a
SEND 1554057580 TRANSACTION 79 23352 e21f50412895e1c3c1148e8c6929959a
SEND 1554057580 TRANSACTION 79 23747 e21f50412895e1c3c1148e8c6929959a
RECIEVED 1554057580 TRANSACTION 81 53 195
RECIEVED 1554057580 TRANSACTION 81 53 195
UPDATE 1554057580 TRANSACTION 3496e2f4bba3590056d88442388c3788
SEND 1554057580 TRANSACTION 81 26640 3496e2f4bba3590056d88442388c3788
SEND 1554057580 TRANSACTION 81 24414 3496e2f4bba3590056d88442388c3788
RECIEVED 1554057580 TRANSACTION 82 53 196
UPDATE 1554057580 TRANSACTION cc7f3ab20cb2c1521927f413fc6714df
SEND 1554057580 TRANSACTION 82 14460 cc7f3ab20cb2c1521927f413fc6714df
RECIEVED 1554057581 TRANSACTION 80 53 197
UPDATE 1554057581 TRANSACTION 8a1d6844856499146f4333dbe358b71e
RECIEVED 1554057581 TRANSACTION 81 53 198
UPDATE 1554057581 TRANSACTION 715ead72f7e3ca8985d30af45661be5e
RECIEVED 1554057581 TRANSACTION 81 53 199
UPDATE 1554057581 TRANSACTION 8c5b0f844a4451662bd8484afd1dbee4
RECIEVED 1554057581 TRANSACTION 81 53 200
RECIEVED 1554057581 TRANSACTION 81 53 200
UPDATE 1554057581 TRANSACTION d0672aed16bfb6ce1e04b21b3a188ff1
SEND 1554057581 TRANSACTION 81 25666 d0672aed16bfb6ce1e04b21b3a188ff1
RECIEVED 1554057582 TRANSACTION 81 53 201
UPDATE 1554057582 TRANSACTION 91b8234d57e226ccfa420746ea121620
SEND 1554057582 TRANSACTION 81 19510 91b8234d57e226ccfa420746ea121620
SEND 1554057582 TRANSACTION 81 51453 91b8234d57e226ccfa420746ea121620
RECIEVED 1554057583 TRANSACTION 79 53 202
UPDATE 1554057583 TRANSACTION 4c8ec6172082ea3ca5ab3e300c15b35d
SEND 1554057583 TRANSACTION 79 20570 4c8ec6172082ea3ca5ab3e300c15b35d
SEND 1554057583 TRANSACTION 79 16570 4c8ec6172082ea3ca5ab3e300c15b35d
RECIEVED 1554057583 TRANSACTION 79 53 203
RECIEVED 1554057583 TRANSACTION 80 53 203
UPDATE 1554057583 TRANSACTION bdd188369bda8c27ef76b0cb14902384
RECIEVED 1554057583 TRANSACTION 80 53 204
UPDATE 1554057583 TRANSACTION b71621bdd8f910cec15ae822815d7ca7
RECIEVED 1554057584 TRANSACTION 81 53 205
UPDATE 1554057584 TRANSACTION fe0b435f3ae2574716050ad9a4e2b2c6
SEND 1554057584 TRANSACTION 81 15589 fe0b435f3ae2574716050ad9a4e2b2c6
SEND 1554057584 TRANSACTION 81 18422 fe0b435f3ae2574716050ad9a4e2b2c6
SEND 1554057584 TRANSACTION 81 24800 fe0b435f3ae2574716050ad9a4e2b2c6
SEND 1554057584 TRANSACTION 81 28415 fe0b435f3ae2574716050ad9a4e2b2c6
RECIEVED 1554057584 TRANSACTION 81 53 206
UPDATE 1554057584 TRANSACTION 1b5c1256fc203a1d760db1b77706468f
SEND 1554057584 TRANSACTION 81 40362 1b5c1256fc203a1d760db1b77706468f
SEND 1554057584 TRANSACTION 81 15670 1b5c1256fc203a1d760db1b77706468f
RECIEVED 1554057584 TRANSACTION 81 53 207
RECIEVED 1554057584 TRANSACTION 81 53 207
UPDATE 1554057584 TRANSACTION 15ef8e1fa701d462c16dad9d8970ed79
SEND 1554057584 TRANSACTION 81 22945 15ef8e1fa701d462c16dad9d8970ed79
SEND 1554057584 TRANSACTION 81 26197 15ef8e1fa701d462c16dad9d8970ed79
RECIEVED 1554057584 TRANSACTION 81 53 208
RECIEVED 1554057585 TRANSACTION 81 53 208
UPDATE 1554057585 TRANSACTION 1c3c405a2310f588857b2d90e95f469a
SEND 1554057585 TRANSACTION 81 20406 1c3c405a2310f588857b2d90e95f469a
RECIEVED 1554057585 TRANSACTION 81 53 209
UPDATE 1554057585 TRANSACTION 55dfcff344f04eb41ceb4bd71c0876d9
SEND 1554057585 TRANSACTION 81 20240 55dfcff344f04eb41ceb4bd71c0876d9
SEND 1554057585 TRANSACTION 81 15751 55dfcff344f04eb41ceb4bd71c0876d9
RECIEVED 1554057585 TRANSACTION 81 53 210
RECIEVED 1554057585 TRANSACTION 81 53 210
RECIEVED 1554057585 TRANSACTION 81 53 210
UPDATE 1554057585 TRANSACTION 0c2ce769a856448e11f3dcca27c7bbd4
SEND 1554057585 TRANSACTION 81 24347 0c2ce769a856448e11f3dcca27c7bbd4
SEND 1554057585 TRANSACTION 81 19373 0c2ce769a856448e11f3dcca27c7bbd4
SEND 1554057585 TRANSACTION 81 23232 0c2ce769a856448e11f3dcca27c7bbd4
RECIEVED 1554057585 TRANSACTION 81 53 211
RECIEVED 1554057585 TRANSACTION 80 53 211
UPDATE 1554057585 TRANSACTION 12375af94f360410a15c6940d607c05a
SEND 1554057585 TRANSACTION 80 14310 12375af94f360410a15c6940d607c05a
SEND 1554057585 TRANSACTION 80 12271 12375af94f360410a15c6940d607c05a
RECIEVED 1554057585 TRANSACTION 81 53 212
UPDATE 1554057585 TRANSACTION a39e66a43976af4a4ba2ba93aba05bed
SEND 1554057585 TRANSACTION 81 15674 a39e66a43976af4a4ba2ba93aba05bed
RECIEVED 1554057586 TRANSACTION 81 53 213
UPDATE 1554057586 TRANSACTION 501ca85cafe71222ecb29f97ca7b587f
SEND 1554057586 TRANSACTION 81 25253 501ca85cafe71222ecb29f97ca7b587f
RECIEVED 1554057586 TRANSACTION 81 53 214
UPDATE 1554057586 TRANSACTION dac7cab98c88fb828223f6ba4b528571
SEND 1554057586 TRANSACTION 81 18298 dac7cab98c88fb828223f6ba4b528571
SEND 1554057586 TRANSACTION 81 31598 dac7cab98c88fb828223f6ba4b528571
SEND 1554057586 TRANSACTION 81 43128 dac7cab98c88fb828223f6ba4b528571
RECIEVED 1554057586 TRANSACTION 81 53 215
UPDATE 1554057586 TRANSACTION bcf37f8ee6f996c90571eb7f87d599b1
SEND 1554057586 TRANSACTION 81 18175 bcf37f8ee6f996c90571eb7f87d599b1
RECIEVED 1554057586 HB 3 53 216
RECIEVED 1554057586 TRANSACTION 81 53 216
UPDATE 1554057586 TRANSACTION 88d322cd6f0ff1184163c3287abd0d6b
RECIEVED 1554057586 TRANSACTION 81 53 217
UPDATE 1554057586 TRANSACTION ddd79eb042cecf6ac9cb06902af3f7e0
SEND 1554057586 TRANSACTION 81 18768 ddd79eb042cecf6ac9cb06902af3f7e0
RECIEVED 1554057587 TRANSACTION 81 53 218
UPDATE 1554057587 TRANSACTION 984a828274a6b2773b76edb76f29eabd
SEND 1554057587 TRANSACTION 81 26350 984a828274a6b2773b76edb76f29eabd
SEND 1554057587 TRANSACTION 81 13863 984a828274a6b2773b76edb76f29eabd
RECIEVED 1554057588 TRANSACTION 82 53 219
UPDATE 1554057588 TRANSACTION f8d620dc5acc557ac5ff04c252757aa1
SEND 1554057588 TRANSACTION 82 31285 f8d620dc5acc557ac5ff04c252757aa1
SEND 1554057588 TRANSACTION 82 26530 f8d620dc5acc557ac5ff04c252757aa1
RECIEVED 1554057588 TRANSACTION 81 53 220
UPDATE 1554057588 TRANSACTION 71117f4310e658d8dede9ca2c56dca1a
SEND 1554057588 TRANSACTION 81 19657 71117f4310e658d8dede9ca2c56dca1a
SEND 1554057588 TRANSACTION 81 19827 71117f4310e658d8dede9ca2c56dca1a
RECIEVED 1554057588 TRANSACTION 81 53 221
UPDATE 1554057588 TRANSACTION 98989e0ce5b7895b475f4275b9c95434
SEND 1554057588 TRANSACTION 81 37209 98989e0ce5b7895b475f4275b9c95434
SEND 1554057588 TRANSACTION 81 20520 98989e0ce5b7895b475f4275b9c95434
RECIEVED 1554057588 TRANSACTION 81 53 222
RECIEVED 1554057588 TRANSACTION 82 53 222
UPDATE 1554057588 TRANSACTION 124d7445f3ead7e21d76014900993467
SEND 1554057588 TRANSACTION 82 17063 124d7445f3ead7e21d76014900993467
SEND 1554057588 TRANSACTION 82 24435 124d7445f3ead7e21d76014900993467
RECIEVED 1554057589 TRANSACTION 81 53 223
UPDATE 1554057589 TRANSACTION 2886842794421ac9b342aedf34dad0bc
SEND 1554057589 TRANSACTION 81 15214 2886842794421ac9b342aedf34dad0bc
RECIEVED 1554057589 TRANSACTION 81 53 224
UPDATE 1554057589 TRANSACTION 45972397fc535c70d1db95373314d9a7
RECIEVED 1554057589 TRANSACTION 81 53 225
RECIEVED 1554057589 TRANSACTION 80 53 225
UPDATE 1554057589 TRANSACTION 149e01c10dd963a2727f6b6385625c9b
SEND 1554057589 TRANSACTION 80 17030 149e01c10dd963a2727f6b6385625c9b
SEND 1554057589 TRANSACTION 80 24841 149e01c10dd963a2727f6b6385625c9b
SEND 1554057589 TRANSACTION 80 20021 149e01c10dd963a2727f6b6385625c9b
RECIEVED 1554057589 TRANSACTION 80 53 226
RECIEVED 1554057589 TRANSACTION 81 53 226
UPDATE 1554057589 TRANSACTION 74779f9a763fa20cb49987f446a215ed
SEND 1554057589 TRANSACTION 81 22669 74779f9a763fa20cb49987f446a215ed
SEND 1554057589 TRANSACTION 81 25806 74779f9a763fa20cb49987f446a215ed
RECIEVED 1554057589 TRANSACTION 81 53 227
UPDATE 1554057589 TRANSACTION a3a3f4f99dca208367f6f8034c632d5b
SEND 1554057589 TRANSACTION 81 14229 a3a3f4f99dca208367f6f8034c632d5b
RECIEVED 1554057589 TRANSACTION 81 53 228
UPDATE 1554057589 TRANSACTION 82390265d4d265aec60bed047362351b
SEND 1554057589 TRANSACTION 81 28232 82390265d4d265aec60bed047362351b
RECIEVED 1554057590 TRANSACTION 80 53 229
UPDATE 1554057590 TRANSACTION 9346ff224d2146d0ead8a9b10647a123
SEND 1554057590 TRANSACTION 80 15990 9346ff224d2146d0ead8a9b10647a123
RECIEVED 1554057590 TRANSACTION 80 53 230
RECIEVED 1554057591 TRANSACTION 81 53 230
UPDATE 1554057591 TRANSACTION bbe00c0e80b0a21b6535030680130c45
SEND 1554057591 TRANSACTION 81 15133 bbe00c0e80b0a21b6535030680130c45
RECIEVED 1554057591 TRANSACTION 81 53 231
UPDATE 1554057591 TRANSACTION 534c24b8a7e65a425d6c9d4b98a3bdad
SEND 1554057591 TRANSACTION 81 16144 534c24b8a7e65a425d6c9d4b98a3bdad
RECIEVED 1554057591 TRANSACTION 81 53 232
RECIEVED 1554057591 TRANSACTION 81 53 232
RECIEVED 1554057591 TRANSACTION 81 53 232
UPDATE 1554057591 TRANSACTION bd510698c5c623d83415e6e813429400
SEND 1554057591 TRANSACTION 81 19583 bd510698c5c623d83415e6e813429400
RECIEVED 1554057591 TRANSACTION 81 53 233
UPDATE 1554057591 TRANSACTION 5c6741974457f329eb298da1bbc07718
SEND 1554057591 TRANSACTION 81 18815 5c6741974457f329eb298da1bbc07718
RECIEVED 1554057591 TRANSACTION 81 53 234
UPDATE 1554057591 TRANSACTION 3fdc734cc47674fb004d0686d91613e9
SEND 1554057591 TRANSACTION 81 14619 3fdc734cc47674fb004d0686d91613e9
SEND 1554057591 TRANSACTION 81 16194 3fdc734cc47674fb004d0686d91613e9
SEND 1554057591 TRANSACTION 81 14411 3fdc734cc47674fb004d0686d91613e9
RECIEVED 1554057600 HB 3 53 235
RECIEVED 1554057610 HB 3 53 235
SEND 1554057610 INTRODUCE 37 45147
SEND 1554057610 INTRODUCE 36 20891
SEND 1554057610 INTRODUCE 36 15019
SEND 1554057610 INTRODUCE 37 15535
SEND 1554057610 INTRODUCE 37 29951
SEND 1554057610 INTRODUCE 36 13835
SEND 1554057610 INTRODUCE 36 13307
SEND 1554057610 INTRODUCE 37 14165
RECIEVED 1554057614 TRANSACTION 80 53 235
UPDATE 1554057614 TRANSACTION 8074df5b1b524a9e82322ade8678670f
SEND 1554057614 TRANSACTION 80 39014 8074df5b1b524a9e82322ade8678670f
RECIEVED 1554057620 HB 3 53 236
# Failed listening 
%!(EXTRA string=node38)# ERROR: EOF
# Failed listening 
%!(EXTRA string=node56)# ERROR: EOF
