RECIEVED 1554057500 INTRODUCE 36 0 0
SEND 1554057500 JOIN 31 12905
RECIEVED 1554057500 INTRODUCE 37 1 0
SEND 1554057500 INTRODUCE 37 12566
SEND 1554057500 JOIN 31 10830
RECIEVED 1554057500 INTRODUCE 37 2 0
SEND 1554057500 INTRODUCE 37 13234
SEND 1554057500 INTRODUCE 37 13375
SEND 1554057500 JOIN 31 16554
RECIEVED 1554057500 INTRODUCE 35 3 0
SEND 1554057500 INTRODUCE 35 13433
SEND 1554057500 INTRODUCE 35 11624
SEND 1554057500 INTRODUCE 35 30230
SEND 1554057500 JOIN 31 18383
RECIEVED 1554057500 INTRODUCE 36 4 0
RECIEVED 1554057500 INTRODUCE 37 5 0
RECIEVED 1554057500 INTRODUCE 37 6 0
RECIEVED 1554057500 INTRODUCE 36 7 0
RECIEVED 1554057500 INTRODUCE 36 8 0
RECIEVED 1554057500 INTRODUCE 36 9 0
RECIEVED 1554057500 INTRODUCE 36 10 0
RECIEVED 1554057500 INTRODUCE 36 11 0
RECIEVED 1554057500 INTRODUCE 36 12 0
RECIEVED 1554057500 INTRODUCE 36 13 0
RECIEVED 1554057500 INTRODUCE 37 14 0
RECIEVED 1554057500 INTRODUCE 36 15 0
RECIEVED 1554057500 INTRODUCE 36 16 0
RECIEVED 1554057500 INTRODUCE 37 17 0
RECIEVED 1554057500 INTRODUCE 37 18 0
RECIEVED 1554057500 INTRODUCE 37 19 0
RECIEVED 1554057500 INTRODUCE 36 20 0
RECIEVED 1554057500 INTRODUCE 36 21 0
RECIEVED 1554057500 INTRODUCE 36 22 0
RECIEVED 1554057500 INTRODUCE 36 23 0
RECIEVED 1554057500 INTRODUCE 36 24 0
RECIEVED 1554057500 INTRODUCE 37 24 0
RECIEVED 1554057500 INTRODUCE 35 25 0
RECIEVED 1554057500 INTRODUCE 35 26 0
RECIEVED 1554057500 INTRODUCE 37 26 0
RECIEVED 1554057500 INTRODUCE 37 27 0
RECIEVED 1554057500 INTRODUCE 36 28 0
RECIEVED 1554057500 INTRODUCE 36 29 0
RECIEVED 1554057500 INTRODUCE 36 30 0
RECIEVED 1554057500 INTRODUCE 35 30 0
RECIEVED 1554057500 INTRODUCE 37 31 0
RECIEVED 1554057500 INTRODUCE 35 32 0
RECIEVED 1554057500 INTRODUCE 37 33 0
RECIEVED 1554057500 INTRODUCE 36 34 0
RECIEVED 1554057500 INTRODUCE 35 35 0
RECIEVED 1554057500 INTRODUCE 36 36 0
RECIEVED 1554057500 INTRODUCE 37 36 0
RECIEVED 1554057500 INTRODUCE 37 37 0
RECIEVED 1554057500 INTRODUCE 36 37 0
RECIEVED 1554057500 INTRODUCE 36 38 0
RECIEVED 1554057500 INTRODUCE 35 39 0
RECIEVED 1554057500 INTRODUCE 37 39 0
RECIEVED 1554057500 INTRODUCE 36 40 0
RECIEVED 1554057500 TRANSACTION 81 41 0
UPDATE 1554057500 TRANSACTION ec8e87d8d39417a34a661751b1d14f6d
SEND 1554057500 TRANSACTION 81 13572 ec8e87d8d39417a34a661751b1d14f6d
RECIEVED 1554057500 TRANSACTION 81 41 1
RECIEVED 1554057500 TRANSACTION 81 41 1
UPDATE 1554057500 TRANSACTION ddb6f222dd33d69ad8cdde9bacc4c8f7
SEND 1554057500 TRANSACTION 81 11588 ddb6f222dd33d69ad8cdde9bacc4c8f7
SEND 1554057500 TRANSACTION 81 14561 ddb6f222dd33d69ad8cdde9bacc4c8f7
RECIEVED 1554057501 TRANSACTION 81 41 2
UPDATE 1554057501 TRANSACTION 263091a14ff7b8a38d1f707799dd4007
SEND 1554057501 TRANSACTION 81 16952 263091a14ff7b8a38d1f707799dd4007
RECIEVED 1554057501 TRANSACTION 81 41 3
RECIEVED 1554057501 TRANSACTION 82 41 3
UPDATE 1554057501 TRANSACTION 0e21d4340a54696f4e04b3e0bc93a98d
SEND 1554057501 TRANSACTION 82 15571 0e21d4340a54696f4e04b3e0bc93a98d
SEND 1554057501 TRANSACTION 82 21532 0e21d4340a54696f4e04b3e0bc93a98d
RECIEVED 1554057501 TRANSACTION 82 41 4
RECIEVED 1554057501 TRANSACTION 81 41 4
UPDATE 1554057501 TRANSACTION 201e652a9d3626900424fc585e355399
SEND 1554057501 TRANSACTION 81 10362 201e652a9d3626900424fc585e355399
SEND 1554057501 TRANSACTION 81 15133 201e652a9d3626900424fc585e355399
RECIEVED 1554057501 TRANSACTION 81 41 5
RECIEVED 1554057501 INTRODUCE 36 41 5
RECIEVED 1554057501 TRANSACTION 81 42 5
UPDATE 1554057501 TRANSACTION 6bace1a3c7eae87ca2cc94fcb48a6d22
SEND 1554057501 TRANSACTION 81 46694 6bace1a3c7eae87ca2cc94fcb48a6d22
RECIEVED 1554057501 TRANSACTION 81 42 6
RECIEVED 1554057501 TRANSACTION 81 42 6
UPDATE 1554057501 TRANSACTION 4aa59f7cf51f46e70134b9df3082e86c
SEND 1554057501 TRANSACTION 81 10955 4aa59f7cf51f46e70134b9df3082e86c
RECIEVED 1554057501 INTRODUCE 37 42 7
RECIEVED 1554057501 INTRODUCE 37 42 7
RECIEVED 1554057501 INTRODUCE 35 42 7
RECIEVED 1554057501 TRANSACTION 81 43 7
UPDATE 1554057501 TRANSACTION 67abc7772cee4f3ad63afddf7c5234e0
SEND 1554057501 TRANSACTION 81 40138 67abc7772cee4f3ad63afddf7c5234e0
SEND 1554057501 TRANSACTION 81 14699 67abc7772cee4f3ad63afddf7c5234e0
RECIEVED 1554057501 INTRODUCE 36 43 8
RECIEVED 1554057501 INTRODUCE 36 44 8
RECIEVED 1554057501 INTRODUCE 36 44 8
RECIEVED 1554057501 INTRODUCE 36 45 8
RECIEVED 1554057501 INTRODUCE 36 46 8
RECIEVED 1554057501 INTRODUCE 37 47 8
RECIEVED 1554057501 INTRODUCE 36 48 8
RECIEVED 1554057501 INTRODUCE 36 48 8
RECIEVED 1554057501 INTRODUCE 35 48 8
RECIEVED 1554057501 INTRODUCE 37 49 8
RECIEVED 1554057501 INTRODUCE 37 49 8
RECIEVED 1554057501 INTRODUCE 37 50 8
RECIEVED 1554057501 INTRODUCE 37 51 8
RECIEVED 1554057501 TRANSACTION 81 52 8
RECIEVED 1554057501 INTRODUCE 36 52 8
RECIEVED 1554057501 INTRODUCE 37 52 8
RECIEVED 1554057501 INTRODUCE 36 53 8
RECIEVED 1554057501 TRANSACTION 81 53 8
UPDATE 1554057501 TRANSACTION 457c2a14f730824710cd83d2e3724266
SEND 1554057501 TRANSACTION 81 15971 457c2a14f730824710cd83d2e3724266
RECIEVED 1554057501 INTRODUCE 36 53 9
RECIEVED 1554057501 INTRODUCE 36 54 9
RECIEVED 1554057501 INTRODUCE 37 55 9
RECIEVED 1554057501 INTRODUCE 37 56 9
RECIEVED 1554057501 INTRODUCE 35 57 9
RECIEVED 1554057501 TRANSACTION 80 58 9
UPDATE 1554057501 TRANSACTION dbeb9a3b2c3af5bdde8ea4e8f7a75f1b
SEND 1554057501 TRANSACTION 80 27297 dbeb9a3b2c3af5bdde8ea4e8f7a75f1b
RECIEVED 1554057501 INTRODUCE 37 58 10
RECIEVED 1554057501 INTRODUCE 36 59 10
RECIEVED 1554057501 INTRODUCE 35 59 10
RECIEVED 1554057501 INTRODUCE 36 60 10
RECIEVED 1554057501 INTRODUCE 37 61 10
RECIEVED 1554057501 TRANSACTION 80 61 10
UPDATE 1554057501 TRANSACTION d643e6b02867bdf3e1d294c54173557d
SEND 1554057501 TRANSACTION 80 10723 d643e6b02867bdf3e1d294c54173557d
RECIEVED 1554057501 INTRODUCE 37 61 11
RECIEVED 1554057501 INTRODUCE 36 62 11
RECIEVED 1554057501 INTRODUCE 36 62 11
RECIEVED 1554057501 INTRODUCE 35 63 11
RECIEVED 1554057501 INTRODUCE 36 63 11
RECIEVED 1554057501 INTRODUCE 35 64 11
RECIEVED 1554057501 INTRODUCE 37 65 11
RECIEVED 1554057501 INTRODUCE 37 66 11
RECIEVED 1554057501 INTRODUCE 36 66 11
RECIEVED 1554057501 TRANSACTION 81 67 11
UPDATE 1554057501 TRANSACTION 4249609a26c5a1ff2c472ee2cd4dc1ec
SEND 1554057501 TRANSACTION 81 18435 4249609a26c5a1ff2c472ee2cd4dc1ec
RECIEVED 1554057501 TRANSACTION 81 67 12
UPDATE 1554057501 TRANSACTION 44879c01aa6beeafdf3b21a3a728ac60
SEND 1554057501 TRANSACTION 81 12520 44879c01aa6beeafdf3b21a3a728ac60
RECIEVED 1554057501 TRANSACTION 81 67 13
UPDATE 1554057501 TRANSACTION e0eafca57f22e26304153c8e7fdd431a
SEND 1554057501 TRANSACTION 81 16927 e0eafca57f22e26304153c8e7fdd431a
RECIEVED 1554057501 TRANSACTION 81 67 14
UPDATE 1554057501 TRANSACTION 3415c2bd3e9adb2110a79d2e6961ee3e
RECIEVED 1554057501 TRANSACTION 81 67 15
UPDATE 1554057501 TRANSACTION e1568f8e7b208a88f35bc4e8211ee1d8
SEND 1554057501 TRANSACTION 81 26761 e1568f8e7b208a88f35bc4e8211ee1d8
RECIEVED 1554057501 TRANSACTION 81 67 16
UPDATE 1554057501 TRANSACTION 9f3775c6048c7aee9e4fbdf75e990b4b
SEND 1554057501 TRANSACTION 81 10977 9f3775c6048c7aee9e4fbdf75e990b4b
SEND 1554057501 TRANSACTION 81 17169 9f3775c6048c7aee9e4fbdf75e990b4b
RECIEVED 1554057502 TRANSACTION 80 67 17
UPDATE 1554057502 TRANSACTION 14bc22ab4142a0f8b1922d6d432d7a3c
RECIEVED 1554057502 TRANSACTION 81 67 18
RECIEVED 1554057502 TRANSACTION 81 67 18
UPDATE 1554057502 TRANSACTION 6644be5b9ead8b36604e7103e630bc07
SEND 1554057502 TRANSACTION 81 57100 6644be5b9ead8b36604e7103e630bc07
RECIEVED 1554057502 TRANSACTION 81 67 19
UPDATE 1554057502 TRANSACTION d60ef5330fbf2bbadbfd99833bed5142
SEND 1554057502 TRANSACTION 81 16496 d60ef5330fbf2bbadbfd99833bed5142
SEND 1554057502 TRANSACTION 81 11951 d60ef5330fbf2bbadbfd99833bed5142
RECIEVED 1554057502 TRANSACTION 81 67 20
UPDATE 1554057502 TRANSACTION 2b1da95b089fab5ac14843546f3c4ef5
SEND 1554057502 TRANSACTION 81 16817 2b1da95b089fab5ac14843546f3c4ef5
RECIEVED 1554057502 TRANSACTION 80 67 21
UPDATE 1554057502 TRANSACTION 1399d5547e397d75ae60679f5de1e895
SEND 1554057502 TRANSACTION 80 18085 1399d5547e397d75ae60679f5de1e895
RECIEVED 1554057502 TRANSACTION 80 67 22
UPDATE 1554057502 TRANSACTION 0ea73a4e331016a3253ffb956453596b
SEND 1554057502 TRANSACTION 80 12289 0ea73a4e331016a3253ffb956453596b
RECIEVED 1554057502 TRANSACTION 81 67 23
UPDATE 1554057502 TRANSACTION dfa122090aca92a4cd6ea15147ad80e2
SEND 1554057502 TRANSACTION 81 10258 dfa122090aca92a4cd6ea15147ad80e2
SEND 1554057502 TRANSACTION 81 58704 dfa122090aca92a4cd6ea15147ad80e2
SEND 1554057502 TRANSACTION 81 23365 dfa122090aca92a4cd6ea15147ad80e2
RECIEVED 1554057502 TRANSACTION 81 67 24
UPDATE 1554057502 TRANSACTION 82b0f37d361462bd999ec53b4d4c9f5a
RECIEVED 1554057502 TRANSACTION 81 67 25
UPDATE 1554057502 TRANSACTION 63610c184f4caf9b3ddeee3c4ac4c9bc
SEND 1554057502 TRANSACTION 81 30576 63610c184f4caf9b3ddeee3c4ac4c9bc
SEND 1554057502 TRANSACTION 81 18275 63610c184f4caf9b3ddeee3c4ac4c9bc
RECIEVED 1554057502 TRANSACTION 81 67 26
RECIEVED 1554057502 TRANSACTION 80 67 26
UPDATE 1554057502 TRANSACTION def4b4fccf0d5ef06cbc49c9087bbe78
SEND 1554057502 TRANSACTION 80 26307 def4b4fccf0d5ef06cbc49c9087bbe78
RECIEVED 1554057502 TRANSACTION 82 67 27
UPDATE 1554057502 TRANSACTION 51d682103020d9f8013b773a7c89198a
SEND 1554057502 TRANSACTION 82 11736 51d682103020d9f8013b773a7c89198a
RECIEVED 1554057502 TRANSACTION 82 67 28
RECIEVED 1554057502 TRANSACTION 82 67 28
RECIEVED 1554057502 TRANSACTION 81 67 28
UPDATE 1554057502 TRANSACTION 59eab804ce530a77aaaa66c1d3a2f65d
SEND 1554057502 TRANSACTION 81 38667 59eab804ce530a77aaaa66c1d3a2f65d
RECIEVED 1554057502 TRANSACTION 80 67 29
UPDATE 1554057502 TRANSACTION ab6302571b359f8737d34a090a7d98b6
SEND 1554057502 TRANSACTION 80 19933 ab6302571b359f8737d34a090a7d98b6
RECIEVED 1554057502 TRANSACTION 81 67 30
RECIEVED 1554057502 TRANSACTION 80 67 30
RECIEVED 1554057502 TRANSACTION 81 67 30
UPDATE 1554057502 TRANSACTION cebc5225bded12b7c7ea99182cc1b63f
SEND 1554057502 TRANSACTION 81 11173 cebc5225bded12b7c7ea99182cc1b63f
SEND 1554057502 TRANSACTION 81 12108 cebc5225bded12b7c7ea99182cc1b63f
RECIEVED 1554057502 TRANSACTION 81 67 31
UPDATE 1554057502 TRANSACTION 6dd682572d085e3defd2ff299fb9b1a0
RECIEVED 1554057502 TRANSACTION 80 67 32
UPDATE 1554057502 TRANSACTION b3c9d0d8814b1959fde35a705c7f6b96
SEND 1554057502 TRANSACTION 80 16558 b3c9d0d8814b1959fde35a705c7f6b96
SEND 1554057502 TRANSACTION 80 17248 b3c9d0d8814b1959fde35a705c7f6b96
RECIEVED 1554057502 TRANSACTION 80 67 33
UPDATE 1554057502 TRANSACTION f2704e20b7bdcfe6d4b1c60a5d9faf9d
RECIEVED 1554057502 TRANSACTION 80 67 34
UPDATE 1554057502 TRANSACTION ab15eaf891a7e26fe136524274033b36
SEND 1554057502 TRANSACTION 80 10697 ab15eaf891a7e26fe136524274033b36
SEND 1554057502 TRANSACTION 80 16677 ab15eaf891a7e26fe136524274033b36
RECIEVED 1554057502 TRANSACTION 80 67 35
RECIEVED 1554057502 TRANSACTION 81 67 35
UPDATE 1554057502 TRANSACTION 4e7c272e92b58297b02ef0cb6e179cde
RECIEVED 1554057502 TRANSACTION 80 67 36
RECIEVED 1554057502 TRANSACTION 81 67 36
UPDATE 1554057502 TRANSACTION 1038344442a69fcad7a03d4334e83aa7
RECIEVED 1554057502 TRANSACTION 81 67 37
UPDATE 1554057502 TRANSACTION d471132e4f4a09994bce286e5297d851
RECIEVED 1554057502 TRANSACTION 81 67 38
UPDATE 1554057502 TRANSACTION 17e7b0d8c89f09d1348ecc734eb84f98
SEND 1554057502 TRANSACTION 81 15650 17e7b0d8c89f09d1348ecc734eb84f98
RECIEVED 1554057503 TRANSACTION 81 67 39
UPDATE 1554057503 TRANSACTION 3a0f489df5c75fc3faaff16742817e04
SEND 1554057503 TRANSACTION 81 10915 3a0f489df5c75fc3faaff16742817e04
SEND 1554057503 TRANSACTION 81 18837 3a0f489df5c75fc3faaff16742817e04
RECIEVED 1554057503 TRANSACTION 80 67 40
UPDATE 1554057503 TRANSACTION 08edde933532fbecddc7b03df2573030
SEND 1554057503 TRANSACTION 80 13260 08edde933532fbecddc7b03df2573030
SEND 1554057503 TRANSACTION 80 20431 08edde933532fbecddc7b03df2573030
RECIEVED 1554057503 TRANSACTION 81 67 41
RECIEVED 1554057503 TRANSACTION 80 67 41
RECIEVED 1554057503 TRANSACTION 81 67 41
UPDATE 1554057503 TRANSACTION 8f259208f250104103d84adebe066109
SEND 1554057503 TRANSACTION 81 12945 8f259208f250104103d84adebe066109
SEND 1554057503 TRANSACTION 81 17265 8f259208f250104103d84adebe066109
SEND 1554057503 TRANSACTION 81 11745 8f259208f250104103d84adebe066109
RECIEVED 1554057503 TRANSACTION 81 67 42
RECIEVED 1554057503 TRANSACTION 81 67 42
UPDATE 1554057503 TRANSACTION ad321a6fdea897c7affbfeb739293664
SEND 1554057503 TRANSACTION 81 19382 ad321a6fdea897c7affbfeb739293664
RECIEVED 1554057503 TRANSACTION 81 67 43
UPDATE 1554057503 TRANSACTION c6ae26521dc77fa728c7cd98334ebe06
SEND 1554057503 TRANSACTION 81 11147 c6ae26521dc77fa728c7cd98334ebe06
RECIEVED 1554057503 TRANSACTION 81 67 44
RECIEVED 1554057503 TRANSACTION 81 67 44
UPDATE 1554057503 TRANSACTION a96301d0223a6618b70ce48df8f7fb36
SEND 1554057503 TRANSACTION 81 8720 a96301d0223a6618b70ce48df8f7fb36
SEND 1554057503 TRANSACTION 81 17298 a96301d0223a6618b70ce48df8f7fb36
RECIEVED 1554057503 TRANSACTION 80 67 45
UPDATE 1554057503 TRANSACTION 0480eaa916a21097b65c340ac5868520
SEND 1554057503 TRANSACTION 80 15477 0480eaa916a21097b65c340ac5868520
SEND 1554057503 TRANSACTION 80 12556 0480eaa916a21097b65c340ac5868520
RECIEVED 1554057503 TRANSACTION 81 67 46
RECIEVED 1554057503 TRANSACTION 81 67 46
UPDATE 1554057503 TRANSACTION 0c88a1502e739d93b8c23a90412c382a
RECIEVED 1554057503 TRANSACTION 81 67 47
UPDATE 1554057503 TRANSACTION 783bd914b639f0512d328d9a2c9d185e
RECIEVED 1554057503 TRANSACTION 81 67 48
UPDATE 1554057503 TRANSACTION f72434e32be831e2e12e48934cebf2ec
SEND 1554057503 TRANSACTION 81 16856 f72434e32be831e2e12e48934cebf2ec
RECIEVED 1554057503 TRANSACTION 81 67 49
UPDATE 1554057503 TRANSACTION 7b9b107386846fadbd98d31aa1e7dc6e
SEND 1554057503 TRANSACTION 81 11827 7b9b107386846fadbd98d31aa1e7dc6e
RECIEVED 1554057503 TRANSACTION 81 67 50
UPDATE 1554057503 TRANSACTION 1a850a7cf02a070983d0689f16f828f2
RECIEVED 1554057503 TRANSACTION 81 67 51
UPDATE 1554057503 TRANSACTION 95cb92db2e6feba236ea70c8036f1bb2
SEND 1554057503 TRANSACTION 81 11462 95cb92db2e6feba236ea70c8036f1bb2
SEND 1554057504 TRANSACTION 81 12845 95cb92db2e6feba236ea70c8036f1bb2
RECIEVED 1554057504 TRANSACTION 81 67 52
UPDATE 1554057504 TRANSACTION 646719786e364fab04719c84441d0520
SEND 1554057504 TRANSACTION 81 19627 646719786e364fab04719c84441d0520
SEND 1554057504 TRANSACTION 81 13142 646719786e364fab04719c84441d0520
SEND 1554057504 TRANSACTION 81 17225 646719786e364fab04719c84441d0520
RECIEVED 1554057504 TRANSACTION 81 67 53
RECIEVED 1554057504 TRANSACTION 81 67 53
UPDATE 1554057504 TRANSACTION a6d1b4fef7838ed4133490c191eeef13
SEND 1554057504 TRANSACTION 81 18537 a6d1b4fef7838ed4133490c191eeef13
SEND 1554057504 TRANSACTION 81 16242 a6d1b4fef7838ed4133490c191eeef13
SEND 1554057504 TRANSACTION 81 30207 a6d1b4fef7838ed4133490c191eeef13
RECIEVED 1554057504 TRANSACTION 81 67 54
UPDATE 1554057504 TRANSACTION 41adbaa5cd3fa5ea599eab8b2f8cfe39
SEND 1554057504 TRANSACTION 81 15470 41adbaa5cd3fa5ea599eab8b2f8cfe39
SEND 1554057504 TRANSACTION 81 12945 41adbaa5cd3fa5ea599eab8b2f8cfe39
RECIEVED 1554057504 TRANSACTION 81 67 55
UPDATE 1554057504 TRANSACTION 51f6dc4a097ece18518209bb803161a4
RECIEVED 1554057504 TRANSACTION 81 67 56
RECIEVED 1554057504 TRANSACTION 81 67 56
RECIEVED 1554057504 TRANSACTION 81 67 56
UPDATE 1554057504 TRANSACTION 4b19268e5f2b793299fa2907bd4d4962
RECIEVED 1554057504 TRANSACTION 81 67 57
RECIEVED 1554057504 TRANSACTION 81 67 57
RECIEVED 1554057504 TRANSACTION 82 67 57
UPDATE 1554057504 TRANSACTION 4ace7c6d8352994f480a0f09877eb24a
SEND 1554057504 TRANSACTION 82 14931 4ace7c6d8352994f480a0f09877eb24a
SEND 1554057504 TRANSACTION 82 13330 4ace7c6d8352994f480a0f09877eb24a
RECIEVED 1554057504 TRANSACTION 80 67 58
UPDATE 1554057504 TRANSACTION 8ce98b9953c9171308817bc01754a082
SEND 1554057504 TRANSACTION 80 10931 8ce98b9953c9171308817bc01754a082
RECIEVED 1554057504 TRANSACTION 81 67 59
UPDATE 1554057504 TRANSACTION f7fdb6eb7a5ad23aff446f59ae787dc6
SEND 1554057504 TRANSACTION 81 41509 f7fdb6eb7a5ad23aff446f59ae787dc6
SEND 1554057504 TRANSACTION 81 12522 f7fdb6eb7a5ad23aff446f59ae787dc6
SEND 1554057504 TRANSACTION 81 16895 f7fdb6eb7a5ad23aff446f59ae787dc6
RECIEVED 1554057504 TRANSACTION 82 67 60
UPDATE 1554057504 TRANSACTION 4c0285a241acfb076d57b0bb1e2b6f68
SEND 1554057504 TRANSACTION 82 14991 4c0285a241acfb076d57b0bb1e2b6f68
RECIEVED 1554057504 TRANSACTION 81 67 61
UPDATE 1554057504 TRANSACTION 88d776f3184cbba0e9fb74cae268df5a
SEND 1554057504 TRANSACTION 81 11640 88d776f3184cbba0e9fb74cae268df5a
RECIEVED 1554057504 TRANSACTION 81 67 62
UPDATE 1554057504 TRANSACTION 1ed93edd7b9d316e7ab2d0088c832a84
RECIEVED 1554057504 TRANSACTION 81 67 63
UPDATE 1554057504 TRANSACTION 17909ed222a961a787424816409bffe5
RECIEVED 1554057504 TRANSACTION 81 67 64
UPDATE 1554057504 TRANSACTION 90694e05926fba2b47cb90bdadd9b58a
RECIEVED 1554057504 TRANSACTION 79 67 65
UPDATE 1554057504 TRANSACTION 370e2569be1675b0b8e0ceb6f2b41c41
SEND 1554057504 TRANSACTION 79 16359 370e2569be1675b0b8e0ceb6f2b41c41
SEND 1554057504 TRANSACTION 79 23697 370e2569be1675b0b8e0ceb6f2b41c41
RECIEVED 1554057504 TRANSACTION 81 67 66
RECIEVED 1554057504 TRANSACTION 81 67 66
UPDATE 1554057504 TRANSACTION 972153fcd48efcc31b44394810407ef8
RECIEVED 1554057504 TRANSACTION 81 67 67
UPDATE 1554057504 TRANSACTION ad166a448fb23774505b39c5a16ac338
SEND 1554057504 TRANSACTION 81 13449 ad166a448fb23774505b39c5a16ac338
RECIEVED 1554057504 TRANSACTION 81 67 68
UPDATE 1554057504 TRANSACTION f4bfbcb1704d3f3e7b3aa8f614357f1f
RECIEVED 1554057504 TRANSACTION 81 67 69
RECIEVED 1554057504 TRANSACTION 81 67 69
UPDATE 1554057504 TRANSACTION 2265bd9de3f49d6c4f8f8437ee5655a3
SEND 1554057504 TRANSACTION 81 11444 2265bd9de3f49d6c4f8f8437ee5655a3
SEND 1554057504 TRANSACTION 81 40524 2265bd9de3f49d6c4f8f8437ee5655a3
SEND 1554057504 TRANSACTION 81 11747 2265bd9de3f49d6c4f8f8437ee5655a3
RECIEVED 1554057504 TRANSACTION 81 67 70
RECIEVED 1554057504 TRANSACTION 80 67 70
UPDATE 1554057504 TRANSACTION 913c624be22e3d8f0b782eac0ee7d7c6
SEND 1554057504 TRANSACTION 80 15859 913c624be22e3d8f0b782eac0ee7d7c6
RECIEVED 1554057504 TRANSACTION 81 67 71
RECIEVED 1554057504 TRANSACTION 80 67 71
RECIEVED 1554057504 TRANSACTION 81 67 71
UPDATE 1554057504 TRANSACTION 816fc2a5fadedba30934b22ed89376cd
SEND 1554057504 TRANSACTION 81 42291 816fc2a5fadedba30934b22ed89376cd
RECIEVED 1554057504 TRANSACTION 80 67 72
UPDATE 1554057504 TRANSACTION 391ca84f885cb59ff5facddac52de350
SEND 1554057504 TRANSACTION 80 10881 391ca84f885cb59ff5facddac52de350
SEND 1554057504 TRANSACTION 80 16457 391ca84f885cb59ff5facddac52de350
SEND 1554057504 TRANSACTION 80 13200 391ca84f885cb59ff5facddac52de350
RECIEVED 1554057504 TRANSACTION 81 67 73
UPDATE 1554057504 TRANSACTION 412310049f4fceeb509adbc18a672b11
SEND 1554057504 TRANSACTION 81 9073 412310049f4fceeb509adbc18a672b11
RECIEVED 1554057504 TRANSACTION 81 67 74
RECIEVED 1554057504 TRANSACTION 80 67 74
UPDATE 1554057504 TRANSACTION e4fb0ee8f635e297a5ee63345d21e61b
SEND 1554057504 TRANSACTION 80 11509 e4fb0ee8f635e297a5ee63345d21e61b
SEND 1554057504 TRANSACTION 80 11252 e4fb0ee8f635e297a5ee63345d21e61b
RECIEVED 1554057504 TRANSACTION 80 67 75
RECIEVED 1554057505 TRANSACTION 81 67 75
UPDATE 1554057505 TRANSACTION 95883ad8549e707f53d4f475d59ae545
SEND 1554057505 TRANSACTION 81 35242 95883ad8549e707f53d4f475d59ae545
SEND 1554057505 TRANSACTION 81 17083 95883ad8549e707f53d4f475d59ae545
RECIEVED 1554057505 TRANSACTION 81 67 76
UPDATE 1554057505 TRANSACTION 1a21284a37aa4414a3b8f19e5fe2560b
SEND 1554057505 TRANSACTION 81 13079 1a21284a37aa4414a3b8f19e5fe2560b
RECIEVED 1554057505 TRANSACTION 80 67 77
UPDATE 1554057505 TRANSACTION 881a2acc50ab5df512756505c6a5aa45
SEND 1554057505 TRANSACTION 80 17605 881a2acc50ab5df512756505c6a5aa45
SEND 1554057505 TRANSACTION 80 17136 881a2acc50ab5df512756505c6a5aa45
RECIEVED 1554057505 TRANSACTION 81 67 78
RECIEVED 1554057505 TRANSACTION 82 67 78
UPDATE 1554057505 TRANSACTION 1cdb5a01effca886f83cb7cc93cc5fd5
RECIEVED 1554057505 TRANSACTION 82 67 79
RECIEVED 1554057505 TRANSACTION 81 67 79
UPDATE 1554057505 TRANSACTION 996b7a5a51b929bc11bb70777fb1e66b
SEND 1554057505 TRANSACTION 81 14644 996b7a5a51b929bc11bb70777fb1e66b
SEND 1554057505 TRANSACTION 81 17478 996b7a5a51b929bc11bb70777fb1e66b
RECIEVED 1554057505 TRANSACTION 81 67 80
UPDATE 1554057505 TRANSACTION 4fd0b01a2227f092a83863d36d56910e
SEND 1554057505 TRANSACTION 81 11565 4fd0b01a2227f092a83863d36d56910e
SEND 1554057505 TRANSACTION 81 15223 4fd0b01a2227f092a83863d36d56910e
RECIEVED 1554057505 TRANSACTION 81 67 81
UPDATE 1554057505 TRANSACTION a92ceb06b2f564c5fd968b760e32cc3c
SEND 1554057505 TRANSACTION 81 10001 a92ceb06b2f564c5fd968b760e32cc3c
RECIEVED 1554057505 TRANSACTION 82 67 82
UPDATE 1554057505 TRANSACTION e9254667abea277754abd8bfafa5d4f8
RECIEVED 1554057505 TRANSACTION 81 67 83
UPDATE 1554057505 TRANSACTION f320fb1df28a9bee259f10a64af64c22
SEND 1554057505 TRANSACTION 81 11695 f320fb1df28a9bee259f10a64af64c22
RECIEVED 1554057505 TRANSACTION 81 67 84
UPDATE 1554057505 TRANSACTION e93e974fe6a8aaf1777e3ed83dcb7486
SEND 1554057505 TRANSACTION 81 24778 e93e974fe6a8aaf1777e3ed83dcb7486
SEND 1554057505 TRANSACTION 81 11233 e93e974fe6a8aaf1777e3ed83dcb7486
SEND 1554057505 TRANSACTION 81 18197 e93e974fe6a8aaf1777e3ed83dcb7486
RECIEVED 1554057505 TRANSACTION 81 67 85
RECIEVED 1554057505 TRANSACTION 81 67 85
UPDATE 1554057505 TRANSACTION 40d43bde64db2947812a8dcb62880352
SEND 1554057505 TRANSACTION 81 11216 40d43bde64db2947812a8dcb62880352
RECIEVED 1554057505 TRANSACTION 81 67 86
RECIEVED 1554057505 TRANSACTION 81 67 86
UPDATE 1554057505 TRANSACTION 5de342f5ae9364709f6b5ef06976100f
SEND 1554057505 TRANSACTION 81 17173 5de342f5ae9364709f6b5ef06976100f
RECIEVED 1554057505 TRANSACTION 81 67 87
UPDATE 1554057505 TRANSACTION 3214ac3bd20f841437a0436933de25a8
SEND 1554057505 TRANSACTION 81 14779 3214ac3bd20f841437a0436933de25a8
RECIEVED 1554057505 TRANSACTION 81 67 88
UPDATE 1554057505 TRANSACTION 09de7b73cb7fd9e8c4f29427be59c7b3
SEND 1554057505 TRANSACTION 81 16366 09de7b73cb7fd9e8c4f29427be59c7b3
RECIEVED 1554057505 TRANSACTION 81 67 89
UPDATE 1554057505 TRANSACTION f67f061a705762af21436610c4454142
SEND 1554057505 TRANSACTION 81 15523 f67f061a705762af21436610c4454142
RECIEVED 1554057505 TRANSACTION 81 67 90
RECIEVED 1554057505 TRANSACTION 82 67 90
UPDATE 1554057505 TRANSACTION f2a4bb4fe0ace0a04197649102b56d5e
SEND 1554057505 TRANSACTION 82 12587 f2a4bb4fe0ace0a04197649102b56d5e
SEND 1554057505 TRANSACTION 82 35324 f2a4bb4fe0ace0a04197649102b56d5e
RECIEVED 1554057505 TRANSACTION 82 67 91
RECIEVED 1554057505 TRANSACTION 80 67 91
RECIEVED 1554057506 TRANSACTION 82 67 91
RECIEVED 1554057506 TRANSACTION 81 67 91
UPDATE 1554057506 TRANSACTION c6554314f120025f06b695329fdbcb6c
SEND 1554057506 TRANSACTION 81 15734 c6554314f120025f06b695329fdbcb6c
SEND 1554057506 TRANSACTION 81 22684 c6554314f120025f06b695329fdbcb6c
RECIEVED 1554057506 TRANSACTION 82 67 92
UPDATE 1554057506 TRANSACTION a85298b2c1b2d30802375c19f9ccfc8f
SEND 1554057506 TRANSACTION 82 11482 a85298b2c1b2d30802375c19f9ccfc8f
SEND 1554057506 TRANSACTION 82 16641 a85298b2c1b2d30802375c19f9ccfc8f
SEND 1554057506 TRANSACTION 82 12487 a85298b2c1b2d30802375c19f9ccfc8f
RECIEVED 1554057506 TRANSACTION 82 67 93
RECIEVED 1554057506 TRANSACTION 80 67 93
RECIEVED 1554057506 TRANSACTION 81 67 93
UPDATE 1554057506 TRANSACTION b0939888da47f2eee4ccf7db93cbc5ab
SEND 1554057506 TRANSACTION 81 11848 b0939888da47f2eee4ccf7db93cbc5ab
RECIEVED 1554057506 TRANSACTION 81 67 94
RECIEVED 1554057506 TRANSACTION 81 67 94
UPDATE 1554057506 TRANSACTION bfc9e57592399980c7d3520c451a4512
RECIEVED 1554057506 TRANSACTION 81 67 95
RECIEVED 1554057506 TRANSACTION 81 67 95
RECIEVED 1554057506 TRANSACTION 81 67 95
UPDATE 1554057506 TRANSACTION 2fd4e41a163edd667f7ff16be11a0f24
RECIEVED 1554057506 TRANSACTION 81 67 96
UPDATE 1554057506 TRANSACTION 587545ac866958a344131a93c31a6a72
SEND 1554057506 TRANSACTION 81 22647 587545ac866958a344131a93c31a6a72
RECIEVED 1554057506 INTRODUCE 36 67 97
RECIEVED 1554057506 INTRODUCE 37 68 97
RECIEVED 1554057506 INTRODUCE 36 68 97
RECIEVED 1554057506 INTRODUCE 36 68 97
RECIEVED 1554057506 TRANSACTION 80 68 97
UPDATE 1554057506 TRANSACTION 4e22daa816abac8c455f6246f3514c07
SEND 1554057506 TRANSACTION 80 10601 4e22daa816abac8c455f6246f3514c07
SEND 1554057506 TRANSACTION 80 13411 4e22daa816abac8c455f6246f3514c07
SEND 1554057506 TRANSACTION 80 11384 4e22daa816abac8c455f6246f3514c07
RECIEVED 1554057506 TRANSACTION 81 68 98
UPDATE 1554057506 TRANSACTION 40930570110ef3166fc20a5553261b5b
SEND 1554057506 TRANSACTION 81 14041 40930570110ef3166fc20a5553261b5b
SEND 1554057506 TRANSACTION 81 42601 40930570110ef3166fc20a5553261b5b
SEND 1554057506 TRANSACTION 81 16311 40930570110ef3166fc20a5553261b5b
RECIEVED 1554057506 TRANSACTION 81 68 99
UPDATE 1554057506 TRANSACTION 91764f8a75c3b9e98febeb4e171d09fa
SEND 1554057506 TRANSACTION 81 12749 91764f8a75c3b9e98febeb4e171d09fa
RECIEVED 1554057506 TRANSACTION 82 68 100
UPDATE 1554057506 TRANSACTION 2a9d1aa4b2cc5c3220cac647eb1b2e62
SEND 1554057506 TRANSACTION 82 12767 2a9d1aa4b2cc5c3220cac647eb1b2e62
RECIEVED 1554057507 TRANSACTION 81 68 101
UPDATE 1554057507 TRANSACTION 116b887d84dd69c17cd96f36b35019cc
SEND 1554057507 TRANSACTION 81 16172 116b887d84dd69c17cd96f36b35019cc
RECIEVED 1554057507 TRANSACTION 81 68 102
UPDATE 1554057507 TRANSACTION a241451f30edc28334d583f38fe558e2
SEND 1554057507 TRANSACTION 81 18759 a241451f30edc28334d583f38fe558e2
RECIEVED 1554057507 TRANSACTION 81 68 103
UPDATE 1554057507 TRANSACTION 07973320c97a476a22f3a0e5511c8b67
SEND 1554057507 TRANSACTION 81 15092 07973320c97a476a22f3a0e5511c8b67
SEND 1554057507 TRANSACTION 81 13444 07973320c97a476a22f3a0e5511c8b67
RECIEVED 1554057507 TRANSACTION 81 68 104
RECIEVED 1554057507 TRANSACTION 81 68 104
UPDATE 1554057507 TRANSACTION 7e4d5fc0e4dc533e928652a1beb0cf17
SEND 1554057507 TRANSACTION 81 16880 7e4d5fc0e4dc533e928652a1beb0cf17
SEND 1554057507 TRANSACTION 81 14815 7e4d5fc0e4dc533e928652a1beb0cf17
RECIEVED 1554057507 TRANSACTION 81 68 105
UPDATE 1554057507 TRANSACTION 86426b4dacf109a61e0f96ff9de41bff
SEND 1554057507 TRANSACTION 81 11212 86426b4dacf109a61e0f96ff9de41bff
SEND 1554057507 TRANSACTION 81 22359 86426b4dacf109a61e0f96ff9de41bff
SEND 1554057507 TRANSACTION 81 23720 86426b4dacf109a61e0f96ff9de41bff
RECIEVED 1554057507 TRANSACTION 81 68 106
RECIEVED 1554057507 TRANSACTION 81 68 106
UPDATE 1554057507 TRANSACTION 197d3aabb56d7f1fd6dd3e12d92a76a2
SEND 1554057507 TRANSACTION 81 10946 197d3aabb56d7f1fd6dd3e12d92a76a2
SEND 1554057507 TRANSACTION 81 22532 197d3aabb56d7f1fd6dd3e12d92a76a2
RECIEVED 1554057507 TRANSACTION 81 68 107
RECIEVED 1554057507 TRANSACTION 81 68 107
RECIEVED 1554057507 TRANSACTION 81 68 107
UPDATE 1554057507 TRANSACTION 7c90e02c485e04280ee936c0c5293582
SEND 1554057507 TRANSACTION 81 11870 7c90e02c485e04280ee936c0c5293582
RECIEVED 1554057507 TRANSACTION 81 68 108
UPDATE 1554057507 TRANSACTION 613be97b88c653fe2dc7426da8f45d48
SEND 1554057507 TRANSACTION 81 30025 613be97b88c653fe2dc7426da8f45d48
SEND 1554057507 TRANSACTION 81 21438 613be97b88c653fe2dc7426da8f45d48
RECIEVED 1554057507 TRANSACTION 80 68 109
UPDATE 1554057507 TRANSACTION 9c6d9aadc92471a855cbc253da8a81ed
RECIEVED 1554057507 TRANSACTION 81 68 110
UPDATE 1554057507 TRANSACTION aca68786c312f5184e54a4f8c221a944
SEND 1554057507 TRANSACTION 81 16233 aca68786c312f5184e54a4f8c221a944
SEND 1554057507 TRANSACTION 81 18044 aca68786c312f5184e54a4f8c221a944
SEND 1554057507 TRANSACTION 81 55004 aca68786c312f5184e54a4f8c221a944
RECIEVED 1554057507 TRANSACTION 81 68 111
RECIEVED 1554057507 TRANSACTION 81 68 111
RECIEVED 1554057507 TRANSACTION 80 68 111
UPDATE 1554057507 TRANSACTION 354bbc1d29fbf46f80f1f0c5ee8a196c
SEND 1554057507 TRANSACTION 80 14632 354bbc1d29fbf46f80f1f0c5ee8a196c
SEND 1554057507 TRANSACTION 80 17206 354bbc1d29fbf46f80f1f0c5ee8a196c
SEND 1554057507 TRANSACTION 80 12277 354bbc1d29fbf46f80f1f0c5ee8a196c
RECIEVED 1554057507 TRANSACTION 80 68 112
UPDATE 1554057507 TRANSACTION 2546ec618e0de3b1f7c269c13a1f65fd
RECIEVED 1554057507 TRANSACTION 81 68 113
RECIEVED 1554057507 HB 3 68 113
SEND 1554057507 INTRODUCE 35 13485
SEND 1554057507 INTRODUCE 36 31091
SEND 1554057507 INTRODUCE 36 21456
SEND 1554057507 INTRODUCE 36 17568
RECIEVED 1554057507 TRANSACTION 81 68 113
UPDATE 1554057507 TRANSACTION a12921c8dea6aaac720a42e0f56e452d
SEND 1554057507 TRANSACTION 81 16669 a12921c8dea6aaac720a42e0f56e452d
RECIEVED 1554057507 TRANSACTION 81 68 114
UPDATE 1554057507 TRANSACTION 44f2656f2ed6d9438ee55eddd7c1e665
SEND 1554057507 TRANSACTION 81 15682 44f2656f2ed6d9438ee55eddd7c1e665
SEND 1554057507 TRANSACTION 81 19264 44f2656f2ed6d9438ee55eddd7c1e665
RECIEVED 1554057507 TRANSACTION 81 68 115
RECIEVED 1554057507 TRANSACTION 81 68 115
RECIEVED 1554057508 TRANSACTION 80 68 115
UPDATE 1554057508 TRANSACTION 43b8b39b3027f56f17e92fe343d9746a
SEND 1554057508 TRANSACTION 80 19194 43b8b39b3027f56f17e92fe343d9746a
RECIEVED 1554057508 TRANSACTION 80 68 116
RECIEVED 1554057508 TRANSACTION 80 68 116
RECIEVED 1554057508 TRANSACTION 81 68 116
UPDATE 1554057508 TRANSACTION b5ba6ab3eb4361659505f50822f71c11
SEND 1554057508 TRANSACTION 81 27274 b5ba6ab3eb4361659505f50822f71c11
RECIEVED 1554057508 TRANSACTION 81 68 117
RECIEVED 1554057508 TRANSACTION 80 68 117
UPDATE 1554057508 TRANSACTION 796eebcf7dd5767eefa9978ded2addbc
RECIEVED 1554057508 TRANSACTION 81 68 118
UPDATE 1554057508 TRANSACTION 3fc66ad6fec153b2d4a8e68015d73997
SEND 1554057508 TRANSACTION 81 12467 3fc66ad6fec153b2d4a8e68015d73997
RECIEVED 1554057508 TRANSACTION 81 68 119
UPDATE 1554057508 TRANSACTION 5301898091cf48f1f214c9b55c6c3ae7
SEND 1554057508 TRANSACTION 81 10572 5301898091cf48f1f214c9b55c6c3ae7
RECIEVED 1554057508 TRANSACTION 81 68 120
UPDATE 1554057508 TRANSACTION 4453ba3cac20e62d01c4ce6d81935516
SEND 1554057508 TRANSACTION 81 16468 4453ba3cac20e62d01c4ce6d81935516
SEND 1554057508 TRANSACTION 81 19080 4453ba3cac20e62d01c4ce6d81935516
RECIEVED 1554057508 TRANSACTION 81 68 121
RECIEVED 1554057508 TRANSACTION 82 68 121
RECIEVED 1554057508 TRANSACTION 81 68 121
UPDATE 1554057508 TRANSACTION 16f5c46a7b48741c0cd4755eabf30af4
RECIEVED 1554057508 TRANSACTION 80 68 122
UPDATE 1554057508 TRANSACTION 40c1ff39b63b519cb8dbf2d516fc0487
SEND 1554057508 TRANSACTION 80 50508 40c1ff39b63b519cb8dbf2d516fc0487
SEND 1554057508 TRANSACTION 80 16116 40c1ff39b63b519cb8dbf2d516fc0487
RECIEVED 1554057508 TRANSACTION 81 68 123
UPDATE 1554057508 TRANSACTION acb3ae5d88246c42c232fbebc4c4afaa
SEND 1554057508 TRANSACTION 81 17363 acb3ae5d88246c42c232fbebc4c4afaa
RECIEVED 1554057508 TRANSACTION 80 68 124
RECIEVED 1554057509 TRANSACTION 81 68 124
UPDATE 1554057509 TRANSACTION 33191499971f3315926757c6b5acce3e
RECIEVED 1554057509 TRANSACTION 80 68 125
UPDATE 1554057509 TRANSACTION e9708a8f26964ebbb7912f8d9c50e022
RECIEVED 1554057509 TRANSACTION 81 68 126
RECIEVED 1554057509 TRANSACTION 81 68 126
UPDATE 1554057509 TRANSACTION b344dc36cdfec908cc735072a4ba0bd3
SEND 1554057509 TRANSACTION 81 16709 b344dc36cdfec908cc735072a4ba0bd3
SEND 1554057509 TRANSACTION 81 13135 b344dc36cdfec908cc735072a4ba0bd3
RECIEVED 1554057509 TRANSACTION 81 68 127
RECIEVED 1554057509 TRANSACTION 79 68 127
UPDATE 1554057509 TRANSACTION 6f49dc59f801b8f0930f7b3cccdf4524
SEND 1554057509 TRANSACTION 79 55159 6f49dc59f801b8f0930f7b3cccdf4524
SEND 1554057509 TRANSACTION 79 18710 6f49dc59f801b8f0930f7b3cccdf4524
RECIEVED 1554057509 TRANSACTION 81 68 128
UPDATE 1554057509 TRANSACTION cf7aabecebae35c35bda76556d3f5362
RECIEVED 1554057509 TRANSACTION 81 68 129
RECIEVED 1554057509 TRANSACTION 81 68 129
UPDATE 1554057509 TRANSACTION 733da7916c93a141f5265f830f427759
SEND 1554057509 TRANSACTION 81 15810 733da7916c93a141f5265f830f427759
SEND 1554057509 TRANSACTION 81 20487 733da7916c93a141f5265f830f427759
RECIEVED 1554057509 TRANSACTION 81 68 130
UPDATE 1554057509 TRANSACTION 444c7ea62b6b8c65fbfb81dd429d412e
SEND 1554057509 TRANSACTION 81 16403 444c7ea62b6b8c65fbfb81dd429d412e
SEND 1554057509 TRANSACTION 81 38516 444c7ea62b6b8c65fbfb81dd429d412e
RECIEVED 1554057509 TRANSACTION 81 68 131
RECIEVED 1554057509 TRANSACTION 81 68 131
UPDATE 1554057509 TRANSACTION 5457bfc550af06ec8416097a0c312b06
SEND 1554057509 TRANSACTION 81 29792 5457bfc550af06ec8416097a0c312b06
RECIEVED 1554057509 TRANSACTION 80 68 132
UPDATE 1554057509 TRANSACTION ebec9c8ddc0748e9f517a47f76f5e57d
RECIEVED 1554057509 TRANSACTION 81 68 133
UPDATE 1554057509 TRANSACTION 4b2e68a7147d4374371ce36ae16d61c2
SEND 1554057509 TRANSACTION 81 16599 4b2e68a7147d4374371ce36ae16d61c2
RECIEVED 1554057509 TRANSACTION 81 68 134
UPDATE 1554057509 TRANSACTION ff12bc75dfe9df0f3777e60fb61c45e3
SEND 1554057509 TRANSACTION 81 23528 ff12bc75dfe9df0f3777e60fb61c45e3
RECIEVED 1554057509 TRANSACTION 81 68 135
UPDATE 1554057509 TRANSACTION 6a51e640237be002fb33988d6c4f4b42
RECIEVED 1554057509 TRANSACTION 81 68 136
UPDATE 1554057509 TRANSACTION b2548b7776c9690dc46deef8de69df22
SEND 1554057509 TRANSACTION 81 23804 b2548b7776c9690dc46deef8de69df22
SEND 1554057509 TRANSACTION 81 17763 b2548b7776c9690dc46deef8de69df22
RECIEVED 1554057509 TRANSACTION 81 68 137
RECIEVED 1554057509 TRANSACTION 81 68 137
UPDATE 1554057509 TRANSACTION 70b60534c0897b45eb85279b0cee4903
SEND 1554057509 TRANSACTION 81 10156 70b60534c0897b45eb85279b0cee4903
SEND 1554057509 TRANSACTION 81 12064 70b60534c0897b45eb85279b0cee4903
RECIEVED 1554057510 TRANSACTION 79 68 138
UPDATE 1554057510 TRANSACTION e0d28b431475624d085b50b94554cd09
SEND 1554057510 TRANSACTION 79 10204 e0d28b431475624d085b50b94554cd09
SEND 1554057510 TRANSACTION 79 13077 e0d28b431475624d085b50b94554cd09
SEND 1554057510 TRANSACTION 79 15384 e0d28b431475624d085b50b94554cd09
RECIEVED 1554057510 TRANSACTION 79 68 139
RECIEVED 1554057510 TRANSACTION 81 68 139
UPDATE 1554057510 TRANSACTION 186fffe29b52462f2bbf0ba81b32991f
RECIEVED 1554057510 TRANSACTION 81 68 140
UPDATE 1554057510 TRANSACTION c9b469ae0ee937c4365d5ce227cbcb94
SEND 1554057510 TRANSACTION 81 15384 c9b469ae0ee937c4365d5ce227cbcb94
SEND 1554057510 TRANSACTION 81 12011 c9b469ae0ee937c4365d5ce227cbcb94
SEND 1554057510 TRANSACTION 81 11872 c9b469ae0ee937c4365d5ce227cbcb94
RECIEVED 1554057510 TRANSACTION 81 68 141
UPDATE 1554057510 TRANSACTION bcd530629ec713f58ee299759822027f
SEND 1554057510 TRANSACTION 81 20723 bcd530629ec713f58ee299759822027f
RECIEVED 1554057510 TRANSACTION 81 68 142
RECIEVED 1554057510 TRANSACTION 80 68 142
UPDATE 1554057510 TRANSACTION baac9bcd6f2a503d9748e71984b276c3
SEND 1554057510 TRANSACTION 80 11127 baac9bcd6f2a503d9748e71984b276c3
RECIEVED 1554057510 TRANSACTION 81 68 143
UPDATE 1554057510 TRANSACTION c3a54fac00409c7efc4a7f3d97b32f64
RECIEVED 1554057510 TRANSACTION 81 68 144
UPDATE 1554057510 TRANSACTION c93fa1f4d43501e22e26d987723008e7
SEND 1554057510 TRANSACTION 81 16556 c93fa1f4d43501e22e26d987723008e7
SEND 1554057510 TRANSACTION 81 26555 c93fa1f4d43501e22e26d987723008e7
RECIEVED 1554057510 TRANSACTION 81 68 145
RECIEVED 1554057510 TRANSACTION 81 68 145
UPDATE 1554057510 TRANSACTION 082bb1f7e448f19505bcf817c7951e9a
SEND 1554057510 TRANSACTION 81 42597 082bb1f7e448f19505bcf817c7951e9a
SEND 1554057510 TRANSACTION 81 15902 082bb1f7e448f19505bcf817c7951e9a
RECIEVED 1554057510 TRANSACTION 81 68 146
RECIEVED 1554057510 TRANSACTION 81 68 146
RECIEVED 1554057511 TRANSACTION 82 68 146
UPDATE 1554057511 TRANSACTION cfdcb2b9c6e557aca07bb0a623e74740
SEND 1554057511 TRANSACTION 82 44760 cfdcb2b9c6e557aca07bb0a623e74740
RECIEVED 1554057511 TRANSACTION 82 68 147
RECIEVED 1554057511 TRANSACTION 82 68 147
UPDATE 1554057511 TRANSACTION 854e8d7be0a46fa3e73d46f37951b8fd
RECIEVED 1554057511 TRANSACTION 82 68 148
RECIEVED 1554057511 TRANSACTION 81 68 148
UPDATE 1554057511 TRANSACTION 495aff65e78f6c69ade53b2fd59c9aee
SEND 1554057511 TRANSACTION 81 15868 495aff65e78f6c69ade53b2fd59c9aee
SEND 1554057511 TRANSACTION 81 31908 495aff65e78f6c69ade53b2fd59c9aee
RECIEVED 1554057511 TRANSACTION 81 68 149
UPDATE 1554057511 TRANSACTION 1a1c41141930d3debb94f10042130a1a
SEND 1554057511 TRANSACTION 81 35365 1a1c41141930d3debb94f10042130a1a
RECIEVED 1554057511 TRANSACTION 81 68 150
UPDATE 1554057511 TRANSACTION b8d336ca645c461a13b6cda5d0ec18c7
RECIEVED 1554057511 TRANSACTION 81 68 151
RECIEVED 1554057511 TRANSACTION 82 68 151
UPDATE 1554057511 TRANSACTION 8cb430c978449241a7dae2dbe3e9d28d
SEND 1554057511 TRANSACTION 82 40151 8cb430c978449241a7dae2dbe3e9d28d
RECIEVED 1554057511 TRANSACTION 81 68 152
UPDATE 1554057511 TRANSACTION 5cffa9bd827f2137fdd4f05e30ee1f24
SEND 1554057511 TRANSACTION 81 16237 5cffa9bd827f2137fdd4f05e30ee1f24
RECIEVED 1554057511 TRANSACTION 82 68 153
RECIEVED 1554057511 TRANSACTION 81 68 153
UPDATE 1554057511 TRANSACTION 0585d2ea6aab85b0b55caf395e5b49ca
SEND 1554057511 TRANSACTION 81 16050 0585d2ea6aab85b0b55caf395e5b49ca
SEND 1554057511 TRANSACTION 81 24038 0585d2ea6aab85b0b55caf395e5b49ca
RECIEVED 1554057511 TRANSACTION 81 68 154
UPDATE 1554057511 TRANSACTION 23a1553be98a86ac947ba85945316b6a
SEND 1554057511 TRANSACTION 81 22048 23a1553be98a86ac947ba85945316b6a
SEND 1554057511 TRANSACTION 81 23985 23a1553be98a86ac947ba85945316b6a
RECIEVED 1554057511 TRANSACTION 80 68 155
UPDATE 1554057511 TRANSACTION ba3fdf35fe73441e2864176654c25f6d
SEND 1554057511 TRANSACTION 80 22570 ba3fdf35fe73441e2864176654c25f6d
RECIEVED 1554057511 TRANSACTION 80 68 156
RECIEVED 1554057511 TRANSACTION 80 68 156
UPDATE 1554057511 TRANSACTION 982af8234d5aab5159495191b91ab2f2
SEND 1554057511 TRANSACTION 80 15669 982af8234d5aab5159495191b91ab2f2
RECIEVED 1554057511 TRANSACTION 80 68 157
RECIEVED 1554057511 TRANSACTION 80 68 157
UPDATE 1554057511 TRANSACTION dbc15bbff4ec7f02016a5ef19cfef948
RECIEVED 1554057511 TRANSACTION 80 68 158
UPDATE 1554057511 TRANSACTION f0ce6697ab561aa0b5b1be009f556afb
SEND 1554057511 TRANSACTION 80 11031 f0ce6697ab561aa0b5b1be009f556afb
RECIEVED 1554057512 TRANSACTION 80 68 159
UPDATE 1554057512 TRANSACTION 97e60a24a61733fd873d7a1d89478597
SEND 1554057512 TRANSACTION 80 16301 97e60a24a61733fd873d7a1d89478597
RECIEVED 1554057512 TRANSACTION 80 68 160
RECIEVED 1554057512 TRANSACTION 80 68 160
RECIEVED 1554057512 TRANSACTION 81 68 160
UPDATE 1554057512 TRANSACTION d786b1035b78ba1182ba169de3398ff1
SEND 1554057512 TRANSACTION 81 14239 d786b1035b78ba1182ba169de3398ff1
RECIEVED 1554057512 TRANSACTION 82 68 161
UPDATE 1554057512 TRANSACTION dd12008cbf8363d5e1212d2f76caa1f7
RECIEVED 1554057512 TRANSACTION 81 68 162
UPDATE 1554057512 TRANSACTION 106b948ff25238c9d763ba2ea7f529e9
SEND 1554057512 TRANSACTION 81 10517 106b948ff25238c9d763ba2ea7f529e9
SEND 1554057512 TRANSACTION 81 17622 106b948ff25238c9d763ba2ea7f529e9
SEND 1554057512 TRANSACTION 81 17049 106b948ff25238c9d763ba2ea7f529e9
RECIEVED 1554057512 TRANSACTION 81 68 163
RECIEVED 1554057512 TRANSACTION 81 68 163
UPDATE 1554057512 TRANSACTION 892bbadf72fbf05021c54c16f8a2cdff
RECIEVED 1554057512 TRANSACTION 81 68 164
RECIEVED 1554057512 TRANSACTION 81 68 164
RECIEVED 1554057512 TRANSACTION 80 68 164
UPDATE 1554057512 TRANSACTION 7f7748e91ad91f42d270d2a87aa1d50c
RECIEVED 1554057512 TRANSACTION 81 68 165
UPDATE 1554057512 TRANSACTION e18423d9ef91e96e0a4cb47f1b9452d1
SEND 1554057512 TRANSACTION 81 16165 e18423d9ef91e96e0a4cb47f1b9452d1
RECIEVED 1554057512 TRANSACTION 81 68 166
UPDATE 1554057512 TRANSACTION e1f89ca001792f56c346766e0f826322
SEND 1554057512 TRANSACTION 81 17968 e1f89ca001792f56c346766e0f826322
RECIEVED 1554057512 TRANSACTION 81 68 167
UPDATE 1554057512 TRANSACTION 30ffa0bc656344291a525af1a088db02
SEND 1554057512 TRANSACTION 81 11303 30ffa0bc656344291a525af1a088db02
RECIEVED 1554057512 TRANSACTION 81 68 168
UPDATE 1554057512 TRANSACTION 8f30360fb960fa5f809cea9dfbfaa123
SEND 1554057512 TRANSACTION 81 36473 8f30360fb960fa5f809cea9dfbfaa123
RECIEVED 1554057512 TRANSACTION 81 68 169
RECIEVED 1554057512 TRANSACTION 81 68 169
UPDATE 1554057512 TRANSACTION 7b04f8b66e203ac3849e78ed5b956b94
SEND 1554057512 TRANSACTION 81 34699 7b04f8b66e203ac3849e78ed5b956b94
RECIEVED 1554057512 TRANSACTION 81 68 170
UPDATE 1554057512 TRANSACTION 1abcf5d6e0a92f54d1c1cd7fdd2db231
SEND 1554057512 TRANSACTION 81 16391 1abcf5d6e0a92f54d1c1cd7fdd2db231
RECIEVED 1554057512 TRANSACTION 79 68 171
UPDATE 1554057512 TRANSACTION eabd77fca2b32f0863fd41f8e96a4547
SEND 1554057512 TRANSACTION 79 10399 eabd77fca2b32f0863fd41f8e96a4547
SEND 1554057512 TRANSACTION 79 34505 eabd77fca2b32f0863fd41f8e96a4547
RECIEVED 1554057512 TRANSACTION 79 68 172
UPDATE 1554057512 TRANSACTION ae034e2ec5372ed27fd16cb996e2ae55
SEND 1554057512 TRANSACTION 79 12851 ae034e2ec5372ed27fd16cb996e2ae55
SEND 1554057512 TRANSACTION 79 16773 ae034e2ec5372ed27fd16cb996e2ae55
SEND 1554057512 TRANSACTION 79 12017 ae034e2ec5372ed27fd16cb996e2ae55
RECIEVED 1554057512 TRANSACTION 81 68 173
UPDATE 1554057512 TRANSACTION 329d2d2e48ba678952fa9d88e5ed138a
RECIEVED 1554057512 TRANSACTION 80 68 174
UPDATE 1554057512 TRANSACTION 5b909a4d0f3c5fe6c4ec517b40594a21
SEND 1554057512 TRANSACTION 80 15098 5b909a4d0f3c5fe6c4ec517b40594a21
SEND 1554057512 TRANSACTION 80 39272 5b909a4d0f3c5fe6c4ec517b40594a21
RECIEVED 1554057512 TRANSACTION 80 68 175
UPDATE 1554057512 TRANSACTION 4cb54d7cb4df9973b07b74dcce232efa
SEND 1554057512 TRANSACTION 80 14011 4cb54d7cb4df9973b07b74dcce232efa
SEND 1554057512 TRANSACTION 80 12841 4cb54d7cb4df9973b07b74dcce232efa
RECIEVED 1554057512 TRANSACTION 81 68 176
UPDATE 1554057512 TRANSACTION f9d40aaf063eaaa3849283aa9b018845
SEND 1554057512 TRANSACTION 81 12148 f9d40aaf063eaaa3849283aa9b018845
RECIEVED 1554057512 TRANSACTION 82 68 177
UPDATE 1554057512 TRANSACTION 8989eaa193bcb3811956cfbfd813babf
SEND 1554057512 TRANSACTION 82 11374 8989eaa193bcb3811956cfbfd813babf
RECIEVED 1554057512 TRANSACTION 81 68 178
UPDATE 1554057512 TRANSACTION dcae9b0cbf39173fd6ecd598f28eea59
SEND 1554057512 TRANSACTION 81 10976 dcae9b0cbf39173fd6ecd598f28eea59
SEND 1554057512 TRANSACTION 81 22225 dcae9b0cbf39173fd6ecd598f28eea59
RECIEVED 1554057512 TRANSACTION 81 68 179
UPDATE 1554057512 TRANSACTION 198d9dc103c926114431731f99cf6d80
SEND 1554057512 TRANSACTION 81 11759 198d9dc103c926114431731f99cf6d80
RECIEVED 1554057513 TRANSACTION 81 68 180
RECIEVED 1554057513 TRANSACTION 81 68 180
UPDATE 1554057513 TRANSACTION dc493f311bab37683277e4cfdd3cb05c
SEND 1554057513 TRANSACTION 81 34082 dc493f311bab37683277e4cfdd3cb05c
RECIEVED 1554057513 TRANSACTION 81 68 181
UPDATE 1554057513 TRANSACTION 2598ddb26cd7eb0167bdef2b9ca71b25
SEND 1554057513 TRANSACTION 81 14340 2598ddb26cd7eb0167bdef2b9ca71b25
SEND 1554057513 TRANSACTION 81 15033 2598ddb26cd7eb0167bdef2b9ca71b25
SEND 1554057513 TRANSACTION 81 11989 2598ddb26cd7eb0167bdef2b9ca71b25
RECIEVED 1554057513 TRANSACTION 81 68 182
UPDATE 1554057513 TRANSACTION d7618babe791b92ed48c99a8e9bcba4f
SEND 1554057513 TRANSACTION 81 18952 d7618babe791b92ed48c99a8e9bcba4f
SEND 1554057513 TRANSACTION 81 11257 d7618babe791b92ed48c99a8e9bcba4f
RECIEVED 1554057513 TRANSACTION 81 68 183
RECIEVED 1554057513 TRANSACTION 81 68 183
UPDATE 1554057513 TRANSACTION c849a5cb255887ddd2e6f06d5ae0584d
SEND 1554057513 TRANSACTION 81 10807 c849a5cb255887ddd2e6f06d5ae0584d
SEND 1554057513 TRANSACTION 81 12619 c849a5cb255887ddd2e6f06d5ae0584d
RECIEVED 1554057513 TRANSACTION 81 68 184
RECIEVED 1554057513 TRANSACTION 81 68 184
RECIEVED 1554057514 DIE 4 68 184
