RECIEVED 1554057512 INTRODUCE 36 0 0
SEND 1554057512 JOIN 31 12463
RECIEVED 1554057512 INTRODUCE 37 1 0
SEND 1554057512 INTRODUCE 37 13016
SEND 1554057512 JOIN 31 40539
RECIEVED 1554057512 INTRODUCE 37 2 0
SEND 1554057512 INTRODUCE 37 11255
SEND 1554057512 INTRODUCE 37 11302
SEND 1554057512 JOIN 31 13305
RECIEVED 1554057512 INTRODUCE 36 3 0
SEND 1554057512 INTRODUCE 36 12094
SEND 1554057512 INTRODUCE 36 11200
SEND 1554057512 INTRODUCE 36 15607
SEND 1554057512 JOIN 31 41800
RECIEVED 1554057512 INTRODUCE 36 4 0
RECIEVED 1554057512 INTRODUCE 36 5 0
RECIEVED 1554057512 INTRODUCE 36 6 0
RECIEVED 1554057512 INTRODUCE 37 7 0
RECIEVED 1554057512 INTRODUCE 37 8 0
RECIEVED 1554057512 INTRODUCE 36 9 0
RECIEVED 1554057512 INTRODUCE 35 10 0
RECIEVED 1554057512 INTRODUCE 36 11 0
RECIEVED 1554057512 INTRODUCE 37 12 0
RECIEVED 1554057512 INTRODUCE 35 13 0
RECIEVED 1554057512 INTRODUCE 37 14 0
RECIEVED 1554057512 INTRODUCE 36 15 0
RECIEVED 1554057512 INTRODUCE 36 16 0
RECIEVED 1554057512 INTRODUCE 35 17 0
RECIEVED 1554057512 INTRODUCE 37 18 0
RECIEVED 1554057512 INTRODUCE 37 19 0
RECIEVED 1554057512 INTRODUCE 36 20 0
RECIEVED 1554057512 INTRODUCE 36 21 0
RECIEVED 1554057512 TRANSACTION 81 22 0
UPDATE 1554057512 TRANSACTION a106bee7c85a30d7dbfedea3c7735aba
SEND 1554057512 TRANSACTION 81 14516 a106bee7c85a30d7dbfedea3c7735aba
RECIEVED 1554057512 INTRODUCE 36 22 1
RECIEVED 1554057512 INTRODUCE 37 23 1
RECIEVED 1554057512 INTRODUCE 36 24 1
RECIEVED 1554057512 INTRODUCE 36 25 1
RECIEVED 1554057512 INTRODUCE 36 26 1
RECIEVED 1554057512 INTRODUCE 37 27 1
RECIEVED 1554057512 INTRODUCE 35 28 1
RECIEVED 1554057512 INTRODUCE 37 28 1
RECIEVED 1554057512 INTRODUCE 37 29 1
RECIEVED 1554057512 INTRODUCE 36 30 1
RECIEVED 1554057512 INTRODUCE 35 31 1
RECIEVED 1554057512 INTRODUCE 37 32 1
RECIEVED 1554057512 INTRODUCE 35 33 1
RECIEVED 1554057512 INTRODUCE 36 33 1
RECIEVED 1554057512 INTRODUCE 36 34 1
RECIEVED 1554057512 TRANSACTION 81 35 1
UPDATE 1554057512 TRANSACTION 032feddffd67c737ad7304922cbe9bb2
SEND 1554057512 TRANSACTION 81 10360 032feddffd67c737ad7304922cbe9bb2
SEND 1554057512 TRANSACTION 81 15345 032feddffd67c737ad7304922cbe9bb2
RECIEVED 1554057512 INTRODUCE 36 35 2
RECIEVED 1554057512 INTRODUCE 36 35 2
RECIEVED 1554057512 TRANSACTION 79 36 2
UPDATE 1554057512 TRANSACTION eabd77fca2b32f0863fd41f8e96a4547
SEND 1554057512 TRANSACTION 79 12438 eabd77fca2b32f0863fd41f8e96a4547
SEND 1554057512 TRANSACTION 79 12072 eabd77fca2b32f0863fd41f8e96a4547
SEND 1554057512 TRANSACTION 79 41272 eabd77fca2b32f0863fd41f8e96a4547
SEND 1554057512 TRANSACTION 79 22713 eabd77fca2b32f0863fd41f8e96a4547
RECIEVED 1554057512 INTRODUCE 36 36 3
RECIEVED 1554057512 INTRODUCE 37 37 3
RECIEVED 1554057512 INTRODUCE 36 38 3
RECIEVED 1554057512 TRANSACTION 80 39 3
UPDATE 1554057512 TRANSACTION 7f7748e91ad91f42d270d2a87aa1d50c
SEND 1554057512 TRANSACTION 80 15267 7f7748e91ad91f42d270d2a87aa1d50c
SEND 1554057512 TRANSACTION 80 11123 7f7748e91ad91f42d270d2a87aa1d50c
RECIEVED 1554057512 TRANSACTION 79 39 4
RECIEVED 1554057512 TRANSACTION 80 39 4
UPDATE 1554057512 TRANSACTION 4cb54d7cb4df9973b07b74dcce232efa
SEND 1554057512 TRANSACTION 80 9253 4cb54d7cb4df9973b07b74dcce232efa
RECIEVED 1554057512 TRANSACTION 81 39 5
UPDATE 1554057512 TRANSACTION f9d40aaf063eaaa3849283aa9b018845
SEND 1554057512 TRANSACTION 81 10215 f9d40aaf063eaaa3849283aa9b018845
SEND 1554057512 TRANSACTION 81 11758 f9d40aaf063eaaa3849283aa9b018845
RECIEVED 1554057512 TRANSACTION 81 39 6
UPDATE 1554057512 TRANSACTION 4aa59f7cf51f46e70134b9df3082e86c
RECIEVED 1554057512 TRANSACTION 81 39 7
UPDATE 1554057512 TRANSACTION dcae9b0cbf39173fd6ecd598f28eea59
RECIEVED 1554057512 TRANSACTION 81 39 8
RECIEVED 1554057512 TRANSACTION 81 39 8
RECIEVED 1554057512 TRANSACTION 80 39 8
UPDATE 1554057512 TRANSACTION 38a5fbc06b83181df3dbd6de0615d5f5
SEND 1554057512 TRANSACTION 80 15763 38a5fbc06b83181df3dbd6de0615d5f5
SEND 1554057512 TRANSACTION 80 11684 38a5fbc06b83181df3dbd6de0615d5f5
RECIEVED 1554057512 TRANSACTION 82 39 9
UPDATE 1554057512 TRANSACTION 8989eaa193bcb3811956cfbfd813babf
SEND 1554057512 TRANSACTION 82 10643 8989eaa193bcb3811956cfbfd813babf
RECIEVED 1554057512 TRANSACTION 81 39 10
UPDATE 1554057512 TRANSACTION 198d9dc103c926114431731f99cf6d80
SEND 1554057512 TRANSACTION 81 15075 198d9dc103c926114431731f99cf6d80
SEND 1554057512 TRANSACTION 81 15888 198d9dc103c926114431731f99cf6d80
RECIEVED 1554057513 TRANSACTION 81 39 11
UPDATE 1554057513 TRANSACTION 80c31a0a118ac913a9cfa2b396ca1693
SEND 1554057513 TRANSACTION 81 12174 80c31a0a118ac913a9cfa2b396ca1693
SEND 1554057513 TRANSACTION 81 11235 80c31a0a118ac913a9cfa2b396ca1693
RECIEVED 1554057513 TRANSACTION 81 39 12
UPDATE 1554057513 TRANSACTION 7b8f2409393311c4d6502877b171ee14
SEND 1554057513 TRANSACTION 81 11663 7b8f2409393311c4d6502877b171ee14
RECIEVED 1554057513 TRANSACTION 81 39 13
UPDATE 1554057513 TRANSACTION 5d4680c5ff114f58bd92561708db0bcb
SEND 1554057513 TRANSACTION 81 10484 5d4680c5ff114f58bd92561708db0bcb
RECIEVED 1554057513 TRANSACTION 81 39 14
RECIEVED 1554057513 TRANSACTION 80 39 14
UPDATE 1554057513 TRANSACTION f0ce6697ab561aa0b5b1be009f556afb
RECIEVED 1554057513 TRANSACTION 81 39 15
UPDATE 1554057513 TRANSACTION dc493f311bab37683277e4cfdd3cb05c
SEND 1554057513 TRANSACTION 81 10125 dc493f311bab37683277e4cfdd3cb05c
RECIEVED 1554057513 TRANSACTION 81 39 16
UPDATE 1554057513 TRANSACTION 6644be5b9ead8b36604e7103e630bc07
SEND 1554057513 TRANSACTION 81 11472 6644be5b9ead8b36604e7103e630bc07
RECIEVED 1554057513 TRANSACTION 81 39 17
UPDATE 1554057513 TRANSACTION 2598ddb26cd7eb0167bdef2b9ca71b25
SEND 1554057513 TRANSACTION 81 15089 2598ddb26cd7eb0167bdef2b9ca71b25
RECIEVED 1554057513 TRANSACTION 81 39 18
RECIEVED 1554057513 TRANSACTION 81 39 18
UPDATE 1554057513 TRANSACTION 5cac780e91dfb6138133b44fec285a0d
SEND 1554057513 TRANSACTION 81 22923 5cac780e91dfb6138133b44fec285a0d
RECIEVED 1554057513 TRANSACTION 81 39 19
RECIEVED 1554057513 TRANSACTION 81 39 19
UPDATE 1554057513 TRANSACTION 4be76e92c8ded15b2b9ddfee19f76fe7
RECIEVED 1554057513 TRANSACTION 81 39 20
RECIEVED 1554057513 TRANSACTION 79 39 20
UPDATE 1554057513 TRANSACTION a734b5ea157314d1cb6109cb05d97796
SEND 1554057513 TRANSACTION 79 15480 a734b5ea157314d1cb6109cb05d97796
RECIEVED 1554057513 TRANSACTION 79 39 21
RECIEVED 1554057513 TRANSACTION 81 39 21
UPDATE 1554057513 TRANSACTION c60fe1fcbda254c0947334ef1f9feebf
SEND 1554057513 TRANSACTION 81 23240 c60fe1fcbda254c0947334ef1f9feebf
SEND 1554057513 TRANSACTION 81 17325 c60fe1fcbda254c0947334ef1f9feebf
SEND 1554057513 TRANSACTION 81 21014 c60fe1fcbda254c0947334ef1f9feebf
RECIEVED 1554057513 TRANSACTION 81 39 22
UPDATE 1554057513 TRANSACTION 266a461095495ddbd9b798a43817ec10
SEND 1554057513 TRANSACTION 81 12120 266a461095495ddbd9b798a43817ec10
SEND 1554057513 TRANSACTION 81 11887 266a461095495ddbd9b798a43817ec10
RECIEVED 1554057513 TRANSACTION 80 39 23
UPDATE 1554057513 TRANSACTION e497047ce4357948cbb763312831d0c7
SEND 1554057513 TRANSACTION 80 11081 e497047ce4357948cbb763312831d0c7
SEND 1554057513 TRANSACTION 80 11656 e497047ce4357948cbb763312831d0c7
SEND 1554057513 TRANSACTION 80 15870 e497047ce4357948cbb763312831d0c7
RECIEVED 1554057513 TRANSACTION 81 39 24
RECIEVED 1554057513 TRANSACTION 80 39 24
RECIEVED 1554057514 TRANSACTION 81 39 24
# Failed listening 
%!(EXTRA string=node82)# ERROR: EOF
RECIEVED 1554057514 TRANSACTION 81 39 24
UPDATE 1554057514 TRANSACTION 457c2a14f730824710cd83d2e3724266
SEND 1554057514 TRANSACTION 81 13402 457c2a14f730824710cd83d2e3724266
SEND 1554057514 TRANSACTION 81 19518 457c2a14f730824710cd83d2e3724266
RECIEVED 1554057515 TRANSACTION 81 39 25
UPDATE 1554057515 TRANSACTION 3415c2bd3e9adb2110a79d2e6961ee3e
RECIEVED 1554057515 INTRODUCE 36 39 26
RECIEVED 1554057515 INTRODUCE 37 40 26
RECIEVED 1554057515 INTRODUCE 36 41 26
RECIEVED 1554057515 INTRODUCE 35 41 26
RECIEVED 1554057515 INTRODUCE 35 41 26
RECIEVED 1554057515 INTRODUCE 37 41 26
RECIEVED 1554057515 INTRODUCE 36 42 26
RECIEVED 1554057515 INTRODUCE 35 43 26
RECIEVED 1554057515 INTRODUCE 36 44 26
RECIEVED 1554057515 INTRODUCE 37 44 26
RECIEVED 1554057515 INTRODUCE 37 45 26
RECIEVED 1554057515 INTRODUCE 36 46 26
RECIEVED 1554057515 INTRODUCE 36 47 26
RECIEVED 1554057515 INTRODUCE 35 48 26
RECIEVED 1554057515 INTRODUCE 36 49 26
RECIEVED 1554057515 INTRODUCE 36 50 26
RECIEVED 1554057515 INTRODUCE 37 51 26
RECIEVED 1554057515 INTRODUCE 37 52 26
RECIEVED 1554057515 INTRODUCE 36 52 26
RECIEVED 1554057515 INTRODUCE 36 52 26
RECIEVED 1554057515 INTRODUCE 37 52 26
RECIEVED 1554057515 INTRODUCE 37 53 26
RECIEVED 1554057515 INTRODUCE 37 54 26
RECIEVED 1554057515 INTRODUCE 37 55 26
RECIEVED 1554057515 INTRODUCE 36 56 26
RECIEVED 1554057515 INTRODUCE 37 56 26
RECIEVED 1554057515 INTRODUCE 36 57 26
RECIEVED 1554057515 INTRODUCE 36 57 26
RECIEVED 1554057515 INTRODUCE 35 58 26
RECIEVED 1554057515 INTRODUCE 35 59 26
RECIEVED 1554057515 INTRODUCE 35 59 26
RECIEVED 1554057515 INTRODUCE 36 60 26
RECIEVED 1554057515 INTRODUCE 36 61 26
RECIEVED 1554057515 INTRODUCE 37 61 26
RECIEVED 1554057515 INTRODUCE 35 61 26
RECIEVED 1554057515 INTRODUCE 37 62 26
RECIEVED 1554057515 INTRODUCE 36 63 26
RECIEVED 1554057515 INTRODUCE 37 63 26
RECIEVED 1554057515 INTRODUCE 37 64 26
RECIEVED 1554057515 TRANSACTION 79 65 26
RECIEVED 1554057515 TRANSACTION 79 65 26
UPDATE 1554057515 TRANSACTION ae034e2ec5372ed27fd16cb996e2ae55
SEND 1554057515 TRANSACTION 79 16136 ae034e2ec5372ed27fd16cb996e2ae55
RECIEVED 1554057515 TRANSACTION 80 65 27
RECIEVED 1554057515 TRANSACTION 81 65 27
RECIEVED 1554057515 TRANSACTION 81 65 27
UPDATE 1554057515 TRANSACTION d96529a4ed31a094fdeaf233b88b77dc
# Failed sending to node node82
# ERROR: write tcp 172.22.94.217:60704->172.22.94.215:8082: write: broken pipe
# Could not send message to node82
SEND 1554057515 TRANSACTION 81 20555 d96529a4ed31a094fdeaf233b88b77dc
SEND 1554057515 TRANSACTION 81 18252 d96529a4ed31a094fdeaf233b88b77dc
SEND 1554057515 TRANSACTION 81 17102 d96529a4ed31a094fdeaf233b88b77dc
RECIEVED 1554057515 TRANSACTION 81 64 28
RECIEVED 1554057515 TRANSACTION 81 64 28
UPDATE 1554057515 TRANSACTION 2d1d405d411352426a4483fd554dae03
SEND 1554057515 TRANSACTION 81 31571 2d1d405d411352426a4483fd554dae03
SEND 1554057515 TRANSACTION 81 22931 2d1d405d411352426a4483fd554dae03
RECIEVED 1554057515 TRANSACTION 81 64 29
RECIEVED 1554057515 TRANSACTION 81 64 29
RECIEVED 1554057515 TRANSACTION 81 64 29
RECIEVED 1554057515 TRANSACTION 81 64 29
UPDATE 1554057515 TRANSACTION b02b5c138941620ed383db010a17e388
SEND 1554057515 TRANSACTION 81 22484 b02b5c138941620ed383db010a17e388
RECIEVED 1554057515 TRANSACTION 81 64 30
UPDATE 1554057515 TRANSACTION 63610c184f4caf9b3ddeee3c4ac4c9bc
SEND 1554057515 TRANSACTION 81 26114 63610c184f4caf9b3ddeee3c4ac4c9bc
SEND 1554057515 TRANSACTION 81 29084 63610c184f4caf9b3ddeee3c4ac4c9bc
RECIEVED 1554057515 TRANSACTION 81 64 31
UPDATE 1554057515 TRANSACTION a56cb97df7d17eedfc8e1c5a51086a2f
SEND 1554057515 TRANSACTION 81 37736 a56cb97df7d17eedfc8e1c5a51086a2f
RECIEVED 1554057515 TRANSACTION 81 64 32
RECIEVED 1554057515 TRANSACTION 82 64 32
UPDATE 1554057515 TRANSACTION 51d682103020d9f8013b773a7c89198a
SEND 1554057515 TRANSACTION 82 24419 51d682103020d9f8013b773a7c89198a
RECIEVED 1554057516 TRANSACTION 81 64 33
UPDATE 1554057516 TRANSACTION 59eab804ce530a77aaaa66c1d3a2f65d
RECIEVED 1554057516 TRANSACTION 81 64 34
UPDATE 1554057516 TRANSACTION 566707adc6602bed9e2e79c90f0b9d68
SEND 1554057516 TRANSACTION 81 23047 566707adc6602bed9e2e79c90f0b9d68
SEND 1554057516 TRANSACTION 81 24772 566707adc6602bed9e2e79c90f0b9d68
RECIEVED 1554057516 TRANSACTION 81 64 35
RECIEVED 1554057516 TRANSACTION 79 64 35
UPDATE 1554057516 TRANSACTION f3c9432e9c8d5268c5fa4d6e1d342c97
RECIEVED 1554057516 TRANSACTION 80 64 36
UPDATE 1554057516 TRANSACTION f2704e20b7bdcfe6d4b1c60a5d9faf9d
SEND 1554057516 TRANSACTION 80 32474 f2704e20b7bdcfe6d4b1c60a5d9faf9d
RECIEVED 1554057516 TRANSACTION 81 64 37
UPDATE 1554057516 TRANSACTION 4078c9fefc7aee0113e09f684f16c997
RECIEVED 1554057516 TRANSACTION 81 64 38
UPDATE 1554057516 TRANSACTION 3c9d6cbb58725d44c39ee27ec796d575
SEND 1554057516 TRANSACTION 81 21661 3c9d6cbb58725d44c39ee27ec796d575
RECIEVED 1554057516 TRANSACTION 81 64 39
UPDATE 1554057516 TRANSACTION c058e83abe906372e89df103b1ed50c8
RECIEVED 1554057516 TRANSACTION 80 64 40
UPDATE 1554057516 TRANSACTION e61317a5b3252ca206d2d44aed26ef9f
SEND 1554057516 TRANSACTION 80 41855 e61317a5b3252ca206d2d44aed26ef9f
RECIEVED 1554057516 TRANSACTION 81 64 41
UPDATE 1554057516 TRANSACTION 04baab2707bf7673e54f006cdc40850b
SEND 1554057516 TRANSACTION 81 33032 04baab2707bf7673e54f006cdc40850b
SEND 1554057516 TRANSACTION 81 30563 04baab2707bf7673e54f006cdc40850b
RECIEVED 1554057516 TRANSACTION 81 64 42
# Failed listening 
%!(EXTRA string=node2)# ERROR: read tcp 172.22.94.217:47738->172.22.156.206:8002: read: connection reset by peer
RECIEVED 1554057517 TRANSACTION 81 64 42
UPDATE 1554057517 TRANSACTION 197e9038b89caeb3b7030a1f83111e84
SEND 1554057517 TRANSACTION 81 18399 197e9038b89caeb3b7030a1f83111e84
RECIEVED 1554057517 TRANSACTION 81 64 43
RECIEVED 1554057517 TRANSACTION 81 64 43
UPDATE 1554057517 TRANSACTION b0ad7f58b7b974881052f49e8d6b7122
# Failed sending to node node2
# ERROR: write tcp 172.22.94.217:47738->172.22.156.206:8002: write: broken pipe
# Could not send message to node2
SEND 1554057517 TRANSACTION 81 23828 b0ad7f58b7b974881052f49e8d6b7122
RECIEVED 1554057519 HB 3 63 44
SEND 1554057519 INTRODUCE 37 28638
SEND 1554057519 INTRODUCE 37 30203
SEND 1554057519 INTRODUCE 36 28903
SEND 1554057519 INTRODUCE 37 24652
# Cannot connect to the introduced node node6
# Cannot connect to the introduced node node11
RECIEVED 1554057519 TRANSACTION 82 63 44
UPDATE 1554057519 TRANSACTION ec2a345e6fa2a5575bacbd1fd3924244
SEND 1554057519 TRANSACTION 82 21364 ec2a345e6fa2a5575bacbd1fd3924244
SEND 1554057519 TRANSACTION 82 30380 ec2a345e6fa2a5575bacbd1fd3924244
RECIEVED 1554057519 TRANSACTION 82 63 45
RECIEVED 1554057519 TRANSACTION 82 63 45
RECIEVED 1554057520 TRANSACTION 80 63 45
UPDATE 1554057520 TRANSACTION 3088341ec1cc278b2e79b4cbff49fcd8
RECIEVED 1554057520 TRANSACTION 80 63 46
UPDATE 1554057520 TRANSACTION dbb2f4ee60cced1466a57a13e847ebb1
RECIEVED 1554057522 TRANSACTION 80 63 47
UPDATE 1554057522 TRANSACTION 28c2f6580b4c810308dfbc3f69bf7158
SEND 1554057522 TRANSACTION 80 17242 28c2f6580b4c810308dfbc3f69bf7158
RECIEVED 1554057523 TRANSACTION 81 63 48
UPDATE 1554057523 TRANSACTION ef789a2be17214ce0e57c5c24e23937a
SEND 1554057523 TRANSACTION 81 16589 ef789a2be17214ce0e57c5c24e23937a
RECIEVED 1554057523 TRANSACTION 81 63 49
UPDATE 1554057523 TRANSACTION b2548b7776c9690dc46deef8de69df22
RECIEVED 1554057523 TRANSACTION 80 63 50
UPDATE 1554057523 TRANSACTION baac9bcd6f2a503d9748e71984b276c3
SEND 1554057523 TRANSACTION 80 33400 baac9bcd6f2a503d9748e71984b276c3
RECIEVED 1554057523 TRANSACTION 81 63 51
UPDATE 1554057523 TRANSACTION 4c7e70ec888a9e5f4851ae18a21b7ea2
RECIEVED 1554057523 TRANSACTION 81 63 52
UPDATE 1554057523 TRANSACTION 892bbadf72fbf05021c54c16f8a2cdff
RECIEVED 1554057524 TRANSACTION 81 63 53
RECIEVED 1554057525 TRANSACTION 82 63 53
UPDATE 1554057525 TRANSACTION 9504de61a457c963a4490d7f065a4b29
RECIEVED 1554057525 TRANSACTION 81 63 54
UPDATE 1554057525 TRANSACTION 5da1f04833444cf04ea473d5e6975f10
SEND 1554057525 TRANSACTION 81 33594 5da1f04833444cf04ea473d5e6975f10
RECIEVED 1554057525 TRANSACTION 81 63 55
UPDATE 1554057525 TRANSACTION c92b2fe3c74445b82b8a736244d432a4
SEND 1554057525 TRANSACTION 81 23763 c92b2fe3c74445b82b8a736244d432a4
RECIEVED 1554057525 TRANSACTION 81 63 56
UPDATE 1554057525 TRANSACTION 158d18e8444b2e62dede840a832f9439
RECIEVED 1554057526 TRANSACTION 81 63 57
UPDATE 1554057526 TRANSACTION b51f720c2f2737f584e9a102ad299fe8
SEND 1554057526 TRANSACTION 81 21516 b51f720c2f2737f584e9a102ad299fe8
RECIEVED 1554057526 TRANSACTION 80 63 58
UPDATE 1554057526 TRANSACTION 7bf2a9ea1051b76aaecbd6e389879eb2
SEND 1554057526 TRANSACTION 80 28740 7bf2a9ea1051b76aaecbd6e389879eb2
RECIEVED 1554057526 TRANSACTION 80 63 59
RECIEVED 1554057527 TRANSACTION 81 63 59
UPDATE 1554057527 TRANSACTION b2c337851b7e7b2d07f01ef39778b247
RECIEVED 1554057528 TRANSACTION 81 63 60
UPDATE 1554057528 TRANSACTION a1384e80b96672832c103c9c86e1b3cb
SEND 1554057528 TRANSACTION 81 27496 a1384e80b96672832c103c9c86e1b3cb
RECIEVED 1554057529 TRANSACTION 81 63 61
UPDATE 1554057529 TRANSACTION 6ed876821056048574e532ee27c0cf00
SEND 1554057529 TRANSACTION 81 21255 6ed876821056048574e532ee27c0cf00
RECIEVED 1554057529 HB 3 63 62
# Cannot connect to the introduced node node67
# Cannot connect to the introduced node node1
RECIEVED 1554057530 TRANSACTION 79 63 62
UPDATE 1554057530 TRANSACTION bd72022fbc7642f77acb6fd8325aefa3
SEND 1554057530 TRANSACTION 79 15828 bd72022fbc7642f77acb6fd8325aefa3
RECIEVED 1554057531 TRANSACTION 82 63 63
UPDATE 1554057531 TRANSACTION 4642ec64ff884fb84ce781ff20ecdb54
SEND 1554057531 TRANSACTION 82 43833 4642ec64ff884fb84ce781ff20ecdb54
RECIEVED 1554057532 TRANSACTION 81 63 64
UPDATE 1554057532 TRANSACTION 9510498dc5fca34f5bf6d0441a7249a5
SEND 1554057532 TRANSACTION 81 17749 9510498dc5fca34f5bf6d0441a7249a5
RECIEVED 1554057532 TRANSACTION 81 63 65
UPDATE 1554057532 TRANSACTION 759412802526a0c34fb7dd17d7f6f5c3
# recieved string JOIN node87 172.22.156.207 8087

RECIEVED 1554057532 JOIN 32 63 66
SEND 1554057532 INTRODUCE 36 25207
SEND 1554057532 INTRODUCE 37 21447
SEND 1554057532 INTRODUCE 36 27477
SEND 1554057532 INTRODUCE 36 22860
SEND 1554057532 INTRODUCE 37 43193
SEND 1554057532 INTRODUCE 36 31296
SEND 1554057532 INTRODUCE 37 16889
SEND 1554057532 INTRODUCE 35 19531
SEND 1554057532 INTRODUCE 36 31247
SEND 1554057532 INTRODUCE 37 36031
SEND 1554057532 INTRODUCE 37 18048
SEND 1554057532 INTRODUCE 37 17304
SEND 1554057532 INTRODUCE 36 12142
SEND 1554057532 INTRODUCE 37 21820
SEND 1554057532 INTRODUCE 37 16517
SEND 1554057532 INTRODUCE 37 23075
SEND 1554057532 INTRODUCE 36 33000
SEND 1554057532 INTRODUCE 37 16944
SEND 1554057532 INTRODUCE 37 17322
SEND 1554057532 INTRODUCE 36 17569
SEND 1554057532 INTRODUCE 36 22178
SEND 1554057532 INTRODUCE 35 28289
SEND 1554057532 INTRODUCE 37 23727
SEND 1554057532 INTRODUCE 37 17385
SEND 1554057532 INTRODUCE 36 71142
SEND 1554057532 INTRODUCE 37 20315
SEND 1554057532 INTRODUCE 36 27911
SEND 1554057532 INTRODUCE 35 22179
SEND 1554057532 INTRODUCE 36 31143
SEND 1554057532 INTRODUCE 37 63642
SEND 1554057532 INTRODUCE 35 30809
SEND 1554057532 INTRODUCE 37 29634
SEND 1554057532 INTRODUCE 35 22034
SEND 1554057532 INTRODUCE 35 25808
SEND 1554057532 INTRODUCE 36 30833
SEND 1554057532 INTRODUCE 36 38866
SEND 1554057532 INTRODUCE 37 31756
SEND 1554057532 INTRODUCE 36 23412
SEND 1554057532 INTRODUCE 37 17208
SEND 1554057532 INTRODUCE 36 22747
SEND 1554057532 INTRODUCE 35 27289
SEND 1554057532 INTRODUCE 36 16236
SEND 1554057532 INTRODUCE 35 23869
SEND 1554057532 INTRODUCE 36 26792
SEND 1554057532 INTRODUCE 36 23366
SEND 1554057532 INTRODUCE 36 16643
SEND 1554057532 INTRODUCE 37 16371
SEND 1554057532 INTRODUCE 37 32253
SEND 1554057532 INTRODUCE 36 17003
SEND 1554057532 INTRODUCE 37 22464
SEND 1554057532 INTRODUCE 36 22647
SEND 1554057532 INTRODUCE 36 33780
SEND 1554057532 INTRODUCE 35 23432
SEND 1554057532 INTRODUCE 37 27549
SEND 1554057532 INTRODUCE 37 29308
SEND 1554057532 INTRODUCE 37 21578
SEND 1554057532 INTRODUCE 37 22760
SEND 1554057532 INTRODUCE 37 24263
SEND 1554057532 INTRODUCE 36 22437
SEND 1554057532 INTRODUCE 36 31419
SEND 1554057532 INTRODUCE 36 47952
SEND 1554057532 INTRODUCE 36 16752
SEND 1554057532 INTRODUCE 37 21358
RECIEVED 1554057532 INTRODUCE 37 64 66
RECIEVED 1554057532 INTRODUCE 37 64 66
SEND 1554057532 INTRODUCE 37 20238
SEND 1554057532 INTRODUCE 37 22030
SEND 1554057532 INTRODUCE 37 20427
SEND 1554057532 JOIN 31 16984
RECIEVED 1554057532 TRANSACTION 81 65 66
UPDATE 1554057532 TRANSACTION e4e179e8062d731c80a754843e876af1
SEND 1554057532 TRANSACTION 81 29647 e4e179e8062d731c80a754843e876af1
RECIEVED 1554057532 INTRODUCE 36 65 67
RECIEVED 1554057532 INTRODUCE 36 65 67
RECIEVED 1554057532 INTRODUCE 37 66 67
RECIEVED 1554057532 INTRODUCE 37 67 67
RECIEVED 1554057532 INTRODUCE 36 67 67
RECIEVED 1554057532 INTRODUCE 35 68 67
RECIEVED 1554057532 INTRODUCE 35 68 67
RECIEVED 1554057532 INTRODUCE 35 68 67
RECIEVED 1554057532 INTRODUCE 36 68 67
RECIEVED 1554057532 INTRODUCE 36 69 67
RECIEVED 1554057532 INTRODUCE 36 70 67
RECIEVED 1554057532 INTRODUCE 36 71 67
RECIEVED 1554057532 INTRODUCE 35 72 67
RECIEVED 1554057532 INTRODUCE 37 72 67
RECIEVED 1554057532 INTRODUCE 36 73 67
RECIEVED 1554057532 INTRODUCE 36 74 67
RECIEVED 1554057532 INTRODUCE 36 74 67
RECIEVED 1554057532 INTRODUCE 36 75 67
RECIEVED 1554057532 INTRODUCE 36 76 67
RECIEVED 1554057532 INTRODUCE 37 77 67
RECIEVED 1554057532 INTRODUCE 37 78 67
RECIEVED 1554057532 INTRODUCE 37 79 67
RECIEVED 1554057532 INTRODUCE 36 80 67
RECIEVED 1554057532 INTRODUCE 37 81 67
RECIEVED 1554057532 INTRODUCE 37 82 67
RECIEVED 1554057532 INTRODUCE 36 82 67
RECIEVED 1554057532 INTRODUCE 37 82 67
RECIEVED 1554057532 INTRODUCE 36 83 67
RECIEVED 1554057532 TRANSACTION 82 84 67
UPDATE 1554057532 TRANSACTION 0409bb6af35d0654b521cbb0c2d4f2f8
RECIEVED 1554057532 INTRODUCE 36 84 68
RECIEVED 1554057532 INTRODUCE 35 84 68
RECIEVED 1554057532 INTRODUCE 36 84 68
RECIEVED 1554057532 INTRODUCE 36 84 68
RECIEVED 1554057532 INTRODUCE 35 85 68
RECIEVED 1554057532 INTRODUCE 37 86 68
RECIEVED 1554057532 INTRODUCE 37 86 68
RECIEVED 1554057532 INTRODUCE 36 87 68
RECIEVED 1554057532 INTRODUCE 36 87 68
RECIEVED 1554057532 INTRODUCE 36 88 68
RECIEVED 1554057532 INTRODUCE 36 88 68
RECIEVED 1554057532 INTRODUCE 36 88 68
RECIEVED 1554057532 INTRODUCE 35 89 68
RECIEVED 1554057532 INTRODUCE 35 90 68
RECIEVED 1554057532 INTRODUCE 37 91 68
RECIEVED 1554057532 INTRODUCE 36 92 68
RECIEVED 1554057532 INTRODUCE 36 92 68
RECIEVED 1554057532 INTRODUCE 36 92 68
RECIEVED 1554057532 INTRODUCE 36 93 68
RECIEVED 1554057532 INTRODUCE 35 93 68
RECIEVED 1554057532 INTRODUCE 35 94 68
RECIEVED 1554057532 INTRODUCE 36 94 68
RECIEVED 1554057532 INTRODUCE 35 94 68
RECIEVED 1554057532 INTRODUCE 36 95 68
RECIEVED 1554057532 INTRODUCE 37 95 68
RECIEVED 1554057532 INTRODUCE 35 95 68
RECIEVED 1554057532 INTRODUCE 37 95 68
RECIEVED 1554057532 INTRODUCE 36 95 68
RECIEVED 1554057532 INTRODUCE 36 95 68
RECIEVED 1554057532 INTRODUCE 36 96 68
RECIEVED 1554057532 INTRODUCE 36 96 68
RECIEVED 1554057532 INTRODUCE 36 97 68
RECIEVED 1554057532 INTRODUCE 36 98 68
RECIEVED 1554057532 INTRODUCE 37 98 68
RECIEVED 1554057532 INTRODUCE 36 99 68
RECIEVED 1554057532 INTRODUCE 36 99 68
RECIEVED 1554057532 TRANSACTION 80 99 68
UPDATE 1554057532 TRANSACTION 3eac4ff094c5f021e27470ce2946aef8
SEND 1554057532 TRANSACTION 80 26031 3eac4ff094c5f021e27470ce2946aef8
SEND 1554057532 TRANSACTION 80 30576 3eac4ff094c5f021e27470ce2946aef8
RECIEVED 1554057532 TRANSACTION 80 99 69
RECIEVED 1554057532 TRANSACTION 80 99 69
RECIEVED 1554057533 TRANSACTION 80 99 69
UPDATE 1554057533 TRANSACTION 2c413a341cc8d951d942bc6a98884ed4
RECIEVED 1554057533 TRANSACTION 80 99 70
UPDATE 1554057533 TRANSACTION 1e042b3cb7371e5b878d94ecd654245c
SEND 1554057533 TRANSACTION 80 21220 1e042b3cb7371e5b878d94ecd654245c
RECIEVED 1554057533 TRANSACTION 81 99 71
UPDATE 1554057533 TRANSACTION 6623fc50b8460cbe2c7d4f3eb781382d
SEND 1554057533 TRANSACTION 81 20579 6623fc50b8460cbe2c7d4f3eb781382d
RECIEVED 1554057533 TRANSACTION 80 99 72
UPDATE 1554057533 TRANSACTION 3dc4a70820a07f055c783c89e4fc8700
SEND 1554057533 TRANSACTION 80 21390 3dc4a70820a07f055c783c89e4fc8700
RECIEVED 1554057534 TRANSACTION 81 99 73
UPDATE 1554057534 TRANSACTION be8c300086636b1d18d460f380d16831
RECIEVED 1554057534 TRANSACTION 81 99 74
UPDATE 1554057534 TRANSACTION 76e4da23d9944e1ecad37ca1bf94e938
SEND 1554057534 TRANSACTION 81 31833 76e4da23d9944e1ecad37ca1bf94e938
SEND 1554057534 TRANSACTION 81 26376 76e4da23d9944e1ecad37ca1bf94e938
RECIEVED 1554057534 TRANSACTION 81 99 75
UPDATE 1554057534 TRANSACTION 780c58f3f1515d0bbd444a871ad1b941
SEND 1554057534 TRANSACTION 81 16362 780c58f3f1515d0bbd444a871ad1b941
SEND 1554057534 TRANSACTION 81 22252 780c58f3f1515d0bbd444a871ad1b941
SEND 1554057534 TRANSACTION 81 24105 780c58f3f1515d0bbd444a871ad1b941
RECIEVED 1554057535 TRANSACTION 81 99 76
UPDATE 1554057535 TRANSACTION cfa21f388298e1f6023b4ee5633bfed6
SEND 1554057535 TRANSACTION 81 22417 cfa21f388298e1f6023b4ee5633bfed6
RECIEVED 1554057535 TRANSACTION 81 99 77
UPDATE 1554057535 TRANSACTION 0b64da557a40a35309390e4864646f66
SEND 1554057535 TRANSACTION 81 31533 0b64da557a40a35309390e4864646f66
SEND 1554057535 TRANSACTION 81 49235 0b64da557a40a35309390e4864646f66
RECIEVED 1554057535 TRANSACTION 81 99 78
RECIEVED 1554057535 TRANSACTION 81 99 78
UPDATE 1554057535 TRANSACTION 1db7987ee6b5a50d851dd3a6e0aef688
RECIEVED 1554057535 TRANSACTION 81 99 79
RECIEVED 1554057535 TRANSACTION 81 99 79
RECIEVED 1554057535 TRANSACTION 81 99 79
UPDATE 1554057535 TRANSACTION 74834b527a40be6ed4918a36d17fafac
SEND 1554057535 TRANSACTION 81 19344 74834b527a40be6ed4918a36d17fafac
SEND 1554057535 TRANSACTION 81 41060 74834b527a40be6ed4918a36d17fafac
RECIEVED 1554057535 TRANSACTION 81 99 80
RECIEVED 1554057535 TRANSACTION 81 99 80
UPDATE 1554057535 TRANSACTION 657cc8676fbf3df69a6dc3000dedbb19
SEND 1554057535 TRANSACTION 81 15913 657cc8676fbf3df69a6dc3000dedbb19
RECIEVED 1554057535 TRANSACTION 81 99 81
RECIEVED 1554057535 TRANSACTION 80 99 81
UPDATE 1554057535 TRANSACTION 7cccb248708f0c8edf136af1a6123925
SEND 1554057535 TRANSACTION 80 16291 7cccb248708f0c8edf136af1a6123925
SEND 1554057535 TRANSACTION 80 23901 7cccb248708f0c8edf136af1a6123925
SEND 1554057535 TRANSACTION 80 29462 7cccb248708f0c8edf136af1a6123925
RECIEVED 1554057535 TRANSACTION 80 99 82
RECIEVED 1554057536 TRANSACTION 80 99 82
UPDATE 1554057536 TRANSACTION 201374ac1424bdd030f5cc11ceb4ad4b
SEND 1554057536 TRANSACTION 80 23387 201374ac1424bdd030f5cc11ceb4ad4b
SEND 1554057536 TRANSACTION 80 30050 201374ac1424bdd030f5cc11ceb4ad4b
RECIEVED 1554057536 TRANSACTION 80 99 83
UPDATE 1554057536 TRANSACTION 0885f190142ce3e4b88389b12d53d789
SEND 1554057536 TRANSACTION 80 23106 0885f190142ce3e4b88389b12d53d789
RECIEVED 1554057536 TRANSACTION 81 99 84
UPDATE 1554057536 TRANSACTION 64d478a140a010e15373450ea0355120
SEND 1554057536 TRANSACTION 81 16975 64d478a140a010e15373450ea0355120
RECIEVED 1554057536 TRANSACTION 80 99 85
UPDATE 1554057536 TRANSACTION 8726304f2cbbcb50280025dfd476575e
SEND 1554057536 TRANSACTION 80 24755 8726304f2cbbcb50280025dfd476575e
RECIEVED 1554057536 TRANSACTION 82 99 86
UPDATE 1554057536 TRANSACTION ebaa02c3f75f1427390bb2ebe4025aeb
SEND 1554057536 TRANSACTION 82 24711 ebaa02c3f75f1427390bb2ebe4025aeb
SEND 1554057536 TRANSACTION 82 17398 ebaa02c3f75f1427390bb2ebe4025aeb
RECIEVED 1554057536 TRANSACTION 81 99 87
UPDATE 1554057536 TRANSACTION 26329471b861ac431dae5f6fabe3417d
RECIEVED 1554057536 TRANSACTION 81 99 88
RECIEVED 1554057536 TRANSACTION 81 99 88
UPDATE 1554057536 TRANSACTION f81b5a6c3fbec7f9e181849788376cb2
SEND 1554057536 TRANSACTION 81 40671 f81b5a6c3fbec7f9e181849788376cb2
SEND 1554057536 TRANSACTION 81 31215 f81b5a6c3fbec7f9e181849788376cb2
RECIEVED 1554057537 TRANSACTION 79 99 89
UPDATE 1554057537 TRANSACTION 1d613d66bc17e1cc535e778fa9cbbd19
SEND 1554057537 TRANSACTION 79 16090 1d613d66bc17e1cc535e778fa9cbbd19
SEND 1554057537 TRANSACTION 79 28009 1d613d66bc17e1cc535e778fa9cbbd19
RECIEVED 1554057537 TRANSACTION 80 99 90
UPDATE 1554057537 TRANSACTION 18c0b89850724916b9469cdbbb655009
SEND 1554057537 TRANSACTION 80 29707 18c0b89850724916b9469cdbbb655009
SEND 1554057537 TRANSACTION 80 20049 18c0b89850724916b9469cdbbb655009
SEND 1554057537 TRANSACTION 80 22089 18c0b89850724916b9469cdbbb655009
RECIEVED 1554057537 TRANSACTION 80 99 91
RECIEVED 1554057537 TRANSACTION 80 99 91
RECIEVED 1554057537 TRANSACTION 81 99 91
UPDATE 1554057537 TRANSACTION 7190b470c92781905dc71dcf77635e82
SEND 1554057537 TRANSACTION 81 33411 7190b470c92781905dc71dcf77635e82
SEND 1554057537 TRANSACTION 81 23121 7190b470c92781905dc71dcf77635e82
SEND 1554057537 TRANSACTION 81 16699 7190b470c92781905dc71dcf77635e82
RECIEVED 1554057538 TRANSACTION 81 99 92
UPDATE 1554057538 TRANSACTION f90e1dc2442be523a6fa43bc34a77c1b
SEND 1554057538 TRANSACTION 81 27042 f90e1dc2442be523a6fa43bc34a77c1b
RECIEVED 1554057538 TRANSACTION 81 99 93
UPDATE 1554057538 TRANSACTION 1f572c2cc73ca82a33474b4c90850a73
SEND 1554057538 TRANSACTION 81 22785 1f572c2cc73ca82a33474b4c90850a73
RECIEVED 1554057538 TRANSACTION 81 99 94
RECIEVED 1554057538 TRANSACTION 80 99 94
UPDATE 1554057538 TRANSACTION edce54ea9849df6773b1e97eb38d015d
SEND 1554057538 TRANSACTION 80 17483 edce54ea9849df6773b1e97eb38d015d
RECIEVED 1554057538 TRANSACTION 80 99 95
RECIEVED 1554057538 TRANSACTION 80 99 95
UPDATE 1554057538 TRANSACTION bc465c56881d66ed8630e27e8594560c
RECIEVED 1554057538 TRANSACTION 80 99 96
RECIEVED 1554057538 TRANSACTION 81 99 96
UPDATE 1554057538 TRANSACTION cb7f3f428c735b05a555428ec6956d77
SEND 1554057538 TRANSACTION 81 34228 cb7f3f428c735b05a555428ec6956d77
RECIEVED 1554057538 TRANSACTION 81 99 97
UPDATE 1554057538 TRANSACTION ff837911e372b60b3561b26222a4d6db
SEND 1554057538 TRANSACTION 81 22624 ff837911e372b60b3561b26222a4d6db
RECIEVED 1554057539 HB 3 99 98
RECIEVED 1554057539 TRANSACTION 81 99 98
UPDATE 1554057539 TRANSACTION 30857d1ac2ee729cdf5b419525541ff8
SEND 1554057539 TRANSACTION 81 29409 30857d1ac2ee729cdf5b419525541ff8
SEND 1554057539 TRANSACTION 81 31881 30857d1ac2ee729cdf5b419525541ff8
RECIEVED 1554057539 TRANSACTION 81 99 99
RECIEVED 1554057539 TRANSACTION 81 99 99
UPDATE 1554057539 TRANSACTION c5fc09f2a9df2108579193ba2adbd898
SEND 1554057539 TRANSACTION 81 21711 c5fc09f2a9df2108579193ba2adbd898
SEND 1554057539 TRANSACTION 81 15828 c5fc09f2a9df2108579193ba2adbd898
RECIEVED 1554057539 TRANSACTION 81 99 100
UPDATE 1554057539 TRANSACTION 5b3e89a4a43291799f04be92a994ab7c
RECIEVED 1554057540 TRANSACTION 81 99 101
UPDATE 1554057540 TRANSACTION 3e47bc24902e5f76f441019e42337705
SEND 1554057540 TRANSACTION 81 16520 3e47bc24902e5f76f441019e42337705
RECIEVED 1554057540 TRANSACTION 81 99 102
UPDATE 1554057540 TRANSACTION 922437a6811e3a3c95649858375589c0
RECIEVED 1554057540 TRANSACTION 81 99 103
UPDATE 1554057540 TRANSACTION b525bed8be565e54a721646083cf0de4
SEND 1554057540 TRANSACTION 81 22871 b525bed8be565e54a721646083cf0de4
SEND 1554057540 TRANSACTION 81 30876 b525bed8be565e54a721646083cf0de4
SEND 1554057540 TRANSACTION 81 17138 b525bed8be565e54a721646083cf0de4
RECIEVED 1554057540 TRANSACTION 81 99 104
UPDATE 1554057540 TRANSACTION b6463b29a8c776b576250e0aaea10304
RECIEVED 1554057540 TRANSACTION 81 99 105
RECIEVED 1554057540 TRANSACTION 81 99 105
UPDATE 1554057540 TRANSACTION d56ff0cd8b0753586f16841e6c194bd8
SEND 1554057540 TRANSACTION 81 17043 d56ff0cd8b0753586f16841e6c194bd8
RECIEVED 1554057541 TRANSACTION 81 99 106
UPDATE 1554057541 TRANSACTION 08bdc935e57a85c82f45c9d957b9f439
RECIEVED 1554057541 TRANSACTION 81 99 107
RECIEVED 1554057541 TRANSACTION 82 99 107
UPDATE 1554057541 TRANSACTION fbef22ab39dde5214360c9bb52b69336
SEND 1554057541 TRANSACTION 82 21798 fbef22ab39dde5214360c9bb52b69336
SEND 1554057541 TRANSACTION 82 29790 fbef22ab39dde5214360c9bb52b69336
RECIEVED 1554057541 TRANSACTION 81 99 108
UPDATE 1554057541 TRANSACTION 2a403ccac1c59c92c2c41abb2dc684d3
SEND 1554057541 TRANSACTION 81 30757 2a403ccac1c59c92c2c41abb2dc684d3
RECIEVED 1554057542 TRANSACTION 81 99 109
UPDATE 1554057542 TRANSACTION c2b4c2d1f2a432d4ebc1a79a91d5dcbb
SEND 1554057542 TRANSACTION 81 16941 c2b4c2d1f2a432d4ebc1a79a91d5dcbb
RECIEVED 1554057542 TRANSACTION 82 99 110
UPDATE 1554057542 TRANSACTION c5fde415b4405cf7054b2efbacc4bd3c
SEND 1554057542 TRANSACTION 82 26788 c5fde415b4405cf7054b2efbacc4bd3c
SEND 1554057542 TRANSACTION 82 16900 c5fde415b4405cf7054b2efbacc4bd3c
RECIEVED 1554057542 TRANSACTION 82 99 111
RECIEVED 1554057542 TRANSACTION 82 99 111
RECIEVED 1554057542 TRANSACTION 81 99 111
UPDATE 1554057542 TRANSACTION 2e4e99315b1adaff46d15249df8a9e8b
RECIEVED 1554057542 TRANSACTION 81 99 112
UPDATE 1554057542 TRANSACTION 3c23ac9ca62ac0eb0cb8dbe2c7e8980d
SEND 1554057542 TRANSACTION 81 25047 3c23ac9ca62ac0eb0cb8dbe2c7e8980d
SEND 1554057542 TRANSACTION 81 30198 3c23ac9ca62ac0eb0cb8dbe2c7e8980d
SEND 1554057542 TRANSACTION 81 30207 3c23ac9ca62ac0eb0cb8dbe2c7e8980d
RECIEVED 1554057542 TRANSACTION 80 99 113
UPDATE 1554057542 TRANSACTION bd78268d2431579e3e201f5b232ccc94
SEND 1554057542 TRANSACTION 80 18222 bd78268d2431579e3e201f5b232ccc94
RECIEVED 1554057542 TRANSACTION 80 99 114
RECIEVED 1554057543 TRANSACTION 80 99 114
UPDATE 1554057543 TRANSACTION 80d72604b3682ea327c9b8cad8c8ea66
RECIEVED 1554057543 TRANSACTION 81 99 115
UPDATE 1554057543 TRANSACTION 00426473374656ec5140a5fa95ca1cbe
SEND 1554057543 TRANSACTION 81 29859 00426473374656ec5140a5fa95ca1cbe
SEND 1554057543 TRANSACTION 81 31490 00426473374656ec5140a5fa95ca1cbe
RECIEVED 1554057543 TRANSACTION 82 99 116
UPDATE 1554057543 TRANSACTION fd679bdfa506e6b154fd7c23253e618c
SEND 1554057543 TRANSACTION 82 21079 fd679bdfa506e6b154fd7c23253e618c
RECIEVED 1554057543 TRANSACTION 82 99 117
RECIEVED 1554057543 TRANSACTION 81 99 117
UPDATE 1554057543 TRANSACTION 48627ef90c09c30247f35087ac348d72
SEND 1554057543 TRANSACTION 81 16337 48627ef90c09c30247f35087ac348d72
SEND 1554057543 TRANSACTION 81 21629 48627ef90c09c30247f35087ac348d72
RECIEVED 1554057543 TRANSACTION 81 99 118
RECIEVED 1554057543 TRANSACTION 81 99 118
RECIEVED 1554057543 TRANSACTION 81 99 118
UPDATE 1554057543 TRANSACTION bbbd4c14ab5951f870532674bfb83126
SEND 1554057543 TRANSACTION 81 23701 bbbd4c14ab5951f870532674bfb83126
RECIEVED 1554057544 TRANSACTION 81 99 119
UPDATE 1554057544 TRANSACTION bb83c13c0f59c84f62f57543e53d8ad4
SEND 1554057544 TRANSACTION 81 16210 bb83c13c0f59c84f62f57543e53d8ad4
RECIEVED 1554057545 TRANSACTION 80 99 120
UPDATE 1554057545 TRANSACTION c6a88779097678fda6770fe363968083
SEND 1554057545 TRANSACTION 80 41095 c6a88779097678fda6770fe363968083
SEND 1554057546 TRANSACTION 80 17006 c6a88779097678fda6770fe363968083
RECIEVED 1554057546 TRANSACTION 81 99 121
UPDATE 1554057546 TRANSACTION a49fac0323cdadac2047b3cab57cc303
SEND 1554057546 TRANSACTION 81 13818 a49fac0323cdadac2047b3cab57cc303
RECIEVED 1554057546 TRANSACTION 81 99 122
UPDATE 1554057546 TRANSACTION 555b39123eede329c6403ae1aa0fe9b2
SEND 1554057546 TRANSACTION 81 24202 555b39123eede329c6403ae1aa0fe9b2
SEND 1554057546 TRANSACTION 81 22014 555b39123eede329c6403ae1aa0fe9b2
RECIEVED 1554057546 TRANSACTION 81 99 123
UPDATE 1554057546 TRANSACTION 8d99d7f345cd67042138e5b7d74843b6
SEND 1554057546 TRANSACTION 81 27503 8d99d7f345cd67042138e5b7d74843b6
SEND 1554057546 TRANSACTION 81 16953 8d99d7f345cd67042138e5b7d74843b6
RECIEVED 1554057546 TRANSACTION 80 99 124
UPDATE 1554057546 TRANSACTION 1c2963d4c28c552a6d731b100f685e07
SEND 1554057546 TRANSACTION 80 18958 1c2963d4c28c552a6d731b100f685e07
RECIEVED 1554057546 TRANSACTION 81 99 125
UPDATE 1554057546 TRANSACTION ac93645412b384f87d7a91fbc40e967f
RECIEVED 1554057546 TRANSACTION 81 99 126
RECIEVED 1554057546 TRANSACTION 81 99 126
UPDATE 1554057546 TRANSACTION 990b02216f16eab0946979ad18017875
RECIEVED 1554057546 TRANSACTION 81 99 127
UPDATE 1554057546 TRANSACTION 510f334a0b51f77d314456814725ed95
SEND 1554057546 TRANSACTION 81 19328 510f334a0b51f77d314456814725ed95
RECIEVED 1554057546 TRANSACTION 80 99 128
RECIEVED 1554057546 TRANSACTION 81 99 128
RECIEVED 1554057546 TRANSACTION 81 99 128
UPDATE 1554057546 TRANSACTION 59d96630defdafba54917514e346d047
SEND 1554057546 TRANSACTION 81 23778 59d96630defdafba54917514e346d047
RECIEVED 1554057546 TRANSACTION 80 99 129
UPDATE 1554057546 TRANSACTION aa5979fa8f1226115ed3c80a9311baa0
RECIEVED 1554057546 TRANSACTION 81 99 130
UPDATE 1554057546 TRANSACTION f88684e3c9e0b41c03d6989d9226c98e
SEND 1554057546 TRANSACTION 81 21273 f88684e3c9e0b41c03d6989d9226c98e
SEND 1554057546 TRANSACTION 81 22246 f88684e3c9e0b41c03d6989d9226c98e
RECIEVED 1554057547 TRANSACTION 82 99 131
UPDATE 1554057547 TRANSACTION 1b6742aeba5101c90f923bbfc7bd05fd
SEND 1554057547 TRANSACTION 82 16731 1b6742aeba5101c90f923bbfc7bd05fd
RECIEVED 1554057547 TRANSACTION 80 99 132
UPDATE 1554057547 TRANSACTION a6159c2481c925e2a521b28de85a542d
SEND 1554057547 TRANSACTION 80 16318 a6159c2481c925e2a521b28de85a542d
SEND 1554057547 TRANSACTION 80 35005 a6159c2481c925e2a521b28de85a542d
RECIEVED 1554057547 TRANSACTION 81 99 133
UPDATE 1554057547 TRANSACTION b569e2ef474a9f4d395c10177f026a8a
SEND 1554057547 TRANSACTION 81 26860 b569e2ef474a9f4d395c10177f026a8a
SEND 1554057547 TRANSACTION 81 14840 b569e2ef474a9f4d395c10177f026a8a
SEND 1554057547 TRANSACTION 81 23349 b569e2ef474a9f4d395c10177f026a8a
RECIEVED 1554057547 TRANSACTION 81 99 134
RECIEVED 1554057547 TRANSACTION 81 99 134
RECIEVED 1554057547 TRANSACTION 81 99 134
UPDATE 1554057547 TRANSACTION ec0e39af8a59565cf703ba5cae07cafd
SEND 1554057547 TRANSACTION 81 30788 ec0e39af8a59565cf703ba5cae07cafd
RECIEVED 1554057547 TRANSACTION 81 99 135
UPDATE 1554057547 TRANSACTION 72bcbf2ce54d0f54d30bc89c25e1c308
RECIEVED 1554057547 TRANSACTION 81 99 136
RECIEVED 1554057548 TRANSACTION 82 99 136
UPDATE 1554057548 TRANSACTION cf7391c25132a2226a56d7c92202b9fe
SEND 1554057548 TRANSACTION 82 27556 cf7391c25132a2226a56d7c92202b9fe
RECIEVED 1554057548 TRANSACTION 80 99 137
UPDATE 1554057548 TRANSACTION 53cbfcdc7f57d661dc35f39c5b722733
SEND 1554057548 TRANSACTION 80 24182 53cbfcdc7f57d661dc35f39c5b722733
SEND 1554057548 TRANSACTION 80 22940 53cbfcdc7f57d661dc35f39c5b722733
RECIEVED 1554057549 HB 3 99 138
RECIEVED 1554057549 TRANSACTION 81 99 138
UPDATE 1554057549 TRANSACTION 6343109842925ec029fcf4f707a24e37
SEND 1554057549 TRANSACTION 81 28671 6343109842925ec029fcf4f707a24e37
SEND 1554057549 TRANSACTION 81 23712 6343109842925ec029fcf4f707a24e37
RECIEVED 1554057549 TRANSACTION 81 99 139
UPDATE 1554057549 TRANSACTION 4b15fa87227675e17182eca4439c55d9
RECIEVED 1554057549 TRANSACTION 82 99 140
UPDATE 1554057549 TRANSACTION 64a0ac3f6ab6b7e73ba387eef52e7bc8
SEND 1554057549 TRANSACTION 82 21506 64a0ac3f6ab6b7e73ba387eef52e7bc8
SEND 1554057549 TRANSACTION 82 19148 64a0ac3f6ab6b7e73ba387eef52e7bc8
RECIEVED 1554057549 TRANSACTION 80 99 141
UPDATE 1554057549 TRANSACTION 95a52fb0bd3b5bc843cc3e3727a91ff4
SEND 1554057549 TRANSACTION 80 28161 95a52fb0bd3b5bc843cc3e3727a91ff4
SEND 1554057549 TRANSACTION 80 22808 95a52fb0bd3b5bc843cc3e3727a91ff4
SEND 1554057549 TRANSACTION 80 21542 95a52fb0bd3b5bc843cc3e3727a91ff4
RECIEVED 1554057549 TRANSACTION 80 99 142
RECIEVED 1554057549 TRANSACTION 81 99 142
UPDATE 1554057549 TRANSACTION 002b3b2370551c99fee4518a85d60500
SEND 1554057549 TRANSACTION 81 29775 002b3b2370551c99fee4518a85d60500
RECIEVED 1554057550 TRANSACTION 80 99 143
UPDATE 1554057550 TRANSACTION 2c43aec7b67966328210b203814e6f21
SEND 1554057550 TRANSACTION 80 22507 2c43aec7b67966328210b203814e6f21
RECIEVED 1554057550 TRANSACTION 80 99 144
RECIEVED 1554057550 TRANSACTION 81 99 144
UPDATE 1554057550 TRANSACTION f2d786ff7560f7768913204e6b71d52c
RECIEVED 1554057550 TRANSACTION 81 99 145
RECIEVED 1554057550 TRANSACTION 81 99 145
RECIEVED 1554057551 INTRODUCE 37 99 145
RECIEVED 1554057551 INTRODUCE 36 100 145
RECIEVED 1554057551 INTRODUCE 36 100 145
RECIEVED 1554057551 INTRODUCE 36 100 145
RECIEVED 1554057551 TRANSACTION 80 101 145
UPDATE 1554057551 TRANSACTION a76d1dcc9136f9055d6abb09bed45bc9
SEND 1554057551 TRANSACTION 80 15871 a76d1dcc9136f9055d6abb09bed45bc9
SEND 1554057551 TRANSACTION 80 25308 a76d1dcc9136f9055d6abb09bed45bc9
SEND 1554057551 TRANSACTION 80 26216 a76d1dcc9136f9055d6abb09bed45bc9
RECIEVED 1554057551 TRANSACTION 81 101 146
UPDATE 1554057551 TRANSACTION 1b40f0a74d1030c56606ced4263c4b92
RECIEVED 1554057551 TRANSACTION 81 101 147
UPDATE 1554057551 TRANSACTION ef82a4d0255524701a486293b9a50d81
SEND 1554057551 TRANSACTION 81 21869 ef82a4d0255524701a486293b9a50d81
SEND 1554057551 TRANSACTION 81 16693 ef82a4d0255524701a486293b9a50d81
RECIEVED 1554057551 TRANSACTION 81 101 148
RECIEVED 1554057551 TRANSACTION 81 101 148
RECIEVED 1554057551 TRANSACTION 81 101 148
RECIEVED 1554057551 TRANSACTION 81 101 148
UPDATE 1554057551 TRANSACTION bfb0737457c4d6c953f4fa27d4d7cd1f
SEND 1554057551 TRANSACTION 81 19809 bfb0737457c4d6c953f4fa27d4d7cd1f
SEND 1554057551 TRANSACTION 81 28274 bfb0737457c4d6c953f4fa27d4d7cd1f
SEND 1554057551 TRANSACTION 81 19843 bfb0737457c4d6c953f4fa27d4d7cd1f
RECIEVED 1554057551 TRANSACTION 81 101 149
RECIEVED 1554057551 TRANSACTION 80 101 149
UPDATE 1554057551 TRANSACTION 8bbc0efa3e634b23813875c9a7f2f7cc
SEND 1554057551 TRANSACTION 80 28198 8bbc0efa3e634b23813875c9a7f2f7cc
RECIEVED 1554057552 TRANSACTION 78 101 150
UPDATE 1554057552 TRANSACTION c477953be138509508583f7aaf845212
SEND 1554057552 TRANSACTION 78 16185 c477953be138509508583f7aaf845212
SEND 1554057552 TRANSACTION 78 26949 c477953be138509508583f7aaf845212
RECIEVED 1554057552 TRANSACTION 81 101 151
UPDATE 1554057552 TRANSACTION b465e08c2726575c286a728aaed3213c
SEND 1554057552 TRANSACTION 81 28487 b465e08c2726575c286a728aaed3213c
SEND 1554057552 TRANSACTION 81 22097 b465e08c2726575c286a728aaed3213c
RECIEVED 1554057552 TRANSACTION 81 101 152
UPDATE 1554057552 TRANSACTION f05033275ca1f46a52bd64d744e36e41
SEND 1554057552 TRANSACTION 81 19016 f05033275ca1f46a52bd64d744e36e41
RECIEVED 1554057552 TRANSACTION 81 101 153
RECIEVED 1554057552 TRANSACTION 81 101 153
UPDATE 1554057552 TRANSACTION bfd7f6b0b1bfcc39bb5935200e57d6e9
SEND 1554057552 TRANSACTION 81 23002 bfd7f6b0b1bfcc39bb5935200e57d6e9
SEND 1554057552 TRANSACTION 81 30870 bfd7f6b0b1bfcc39bb5935200e57d6e9
RECIEVED 1554057553 TRANSACTION 81 101 154
UPDATE 1554057553 TRANSACTION 351ea503ca1cd92019c240e879d7b5ef
RECIEVED 1554057553 TRANSACTION 80 101 155
UPDATE 1554057553 TRANSACTION 4281b74319bf97d3d9e114360086c48c
SEND 1554057553 TRANSACTION 80 26341 4281b74319bf97d3d9e114360086c48c
SEND 1554057553 TRANSACTION 80 16961 4281b74319bf97d3d9e114360086c48c
RECIEVED 1554057553 TRANSACTION 80 101 156
RECIEVED 1554057554 TRANSACTION 80 101 156
UPDATE 1554057554 TRANSACTION 80b0c0bf184934f541fdfac8ae29b006
SEND 1554057554 TRANSACTION 80 23810 80b0c0bf184934f541fdfac8ae29b006
SEND 1554057554 TRANSACTION 80 19164 80b0c0bf184934f541fdfac8ae29b006
RECIEVED 1554057554 TRANSACTION 80 101 157
RECIEVED 1554057554 TRANSACTION 81 101 157
UPDATE 1554057554 TRANSACTION ceb12976b1cec0d644c8959cb07447f2
SEND 1554057554 TRANSACTION 81 18893 ceb12976b1cec0d644c8959cb07447f2
RECIEVED 1554057554 TRANSACTION 81 101 158
RECIEVED 1554057554 TRANSACTION 81 101 158
RECIEVED 1554057554 TRANSACTION 80 101 158
UPDATE 1554057554 TRANSACTION 28d6f1747c2dbacdc08c401ddc27cd17
RECIEVED 1554057554 TRANSACTION 81 101 159
UPDATE 1554057554 TRANSACTION 0cba33371d6d91fc7f14e85ed8d8b7b9
SEND 1554057554 TRANSACTION 81 29679 0cba33371d6d91fc7f14e85ed8d8b7b9
RECIEVED 1554057554 TRANSACTION 81 101 160
RECIEVED 1554057555 TRANSACTION 81 101 160
UPDATE 1554057555 TRANSACTION ce494f1621c0ca828451a224baf2343b
SEND 1554057555 TRANSACTION 81 16654 ce494f1621c0ca828451a224baf2343b
RECIEVED 1554057555 TRANSACTION 81 101 161
RECIEVED 1554057555 TRANSACTION 82 101 161
UPDATE 1554057555 TRANSACTION a6b50381f16d2b9a55c840bafe12c60d
SEND 1554057555 TRANSACTION 82 30200 a6b50381f16d2b9a55c840bafe12c60d
RECIEVED 1554057555 TRANSACTION 81 101 162
UPDATE 1554057555 TRANSACTION 9d68acfb9eb4a09ebf269dbf96710850
SEND 1554057555 TRANSACTION 81 16186 9d68acfb9eb4a09ebf269dbf96710850
RECIEVED 1554057555 TRANSACTION 81 101 163
UPDATE 1554057555 TRANSACTION ffea7b1e6d54ceef06e590fbe59fc423
SEND 1554057555 TRANSACTION 81 17207 ffea7b1e6d54ceef06e590fbe59fc423
RECIEVED 1554057556 TRANSACTION 79 101 164
UPDATE 1554057556 TRANSACTION 930ec37f3a3b66110dfaa3fba8acf04e
SEND 1554057556 TRANSACTION 79 22835 930ec37f3a3b66110dfaa3fba8acf04e
SEND 1554057556 TRANSACTION 79 27808 930ec37f3a3b66110dfaa3fba8acf04e
RECIEVED 1554057556 TRANSACTION 81 101 165
UPDATE 1554057556 TRANSACTION 5d46c65adae45faf3ff4d737c2b75df3
SEND 1554057556 TRANSACTION 81 27786 5d46c65adae45faf3ff4d737c2b75df3
RECIEVED 1554057556 TRANSACTION 81 101 166
RECIEVED 1554057556 TRANSACTION 80 101 166
UPDATE 1554057556 TRANSACTION 7ef1f5ec0b21de504a8a3e953c101906
RECIEVED 1554057557 TRANSACTION 81 101 167
UPDATE 1554057557 TRANSACTION a345ca5b5cf3f068afa96124d9424e2d
SEND 1554057557 TRANSACTION 81 24508 a345ca5b5cf3f068afa96124d9424e2d
SEND 1554057557 TRANSACTION 81 26244 a345ca5b5cf3f068afa96124d9424e2d
SEND 1554057557 TRANSACTION 81 23173 a345ca5b5cf3f068afa96124d9424e2d
RECIEVED 1554057557 TRANSACTION 81 101 168
RECIEVED 1554057557 TRANSACTION 81 101 168
UPDATE 1554057557 TRANSACTION 49ef6de9ca2b992dfd0eb9954551029f
SEND 1554057557 TRANSACTION 81 27093 49ef6de9ca2b992dfd0eb9954551029f
RECIEVED 1554057557 TRANSACTION 81 101 169
UPDATE 1554057557 TRANSACTION 42a091cf1d43d2866172ef908551fa45
SEND 1554057557 TRANSACTION 81 20518 42a091cf1d43d2866172ef908551fa45
SEND 1554057557 TRANSACTION 81 30411 42a091cf1d43d2866172ef908551fa45
RECIEVED 1554057557 TRANSACTION 81 101 170
RECIEVED 1554057557 TRANSACTION 81 101 170
UPDATE 1554057557 TRANSACTION 5ef592a439b89981bac4807f35e39d04
SEND 1554057557 TRANSACTION 81 22340 5ef592a439b89981bac4807f35e39d04
SEND 1554057557 TRANSACTION 81 25691 5ef592a439b89981bac4807f35e39d04
RECIEVED 1554057557 TRANSACTION 81 101 171
RECIEVED 1554057557 TRANSACTION 80 101 171
UPDATE 1554057557 TRANSACTION 76eab7678a29b6f56dbc32bf74d35cbc
SEND 1554057557 TRANSACTION 80 27178 76eab7678a29b6f56dbc32bf74d35cbc
SEND 1554057557 TRANSACTION 80 20612 76eab7678a29b6f56dbc32bf74d35cbc
SEND 1554057557 TRANSACTION 80 30047 76eab7678a29b6f56dbc32bf74d35cbc
RECIEVED 1554057557 TRANSACTION 80 101 172
RECIEVED 1554057557 TRANSACTION 80 101 172
UPDATE 1554057557 TRANSACTION 4a57fd295608f414fb2c725dc9e84037
SEND 1554057557 TRANSACTION 80 15970 4a57fd295608f414fb2c725dc9e84037
RECIEVED 1554057557 TRANSACTION 80 101 173
RECIEVED 1554057557 TRANSACTION 81 101 173
UPDATE 1554057557 TRANSACTION 899a2ada794b3d18f7ce77d94e54c52b
SEND 1554057557 TRANSACTION 81 15042 899a2ada794b3d18f7ce77d94e54c52b
RECIEVED 1554057557 TRANSACTION 81 101 174
RECIEVED 1554057557 TRANSACTION 81 101 174
RECIEVED 1554057557 TRANSACTION 81 101 174
UPDATE 1554057557 TRANSACTION b613c2d089af89bc09a0a84c325459a3
SEND 1554057557 TRANSACTION 81 25953 b613c2d089af89bc09a0a84c325459a3
SEND 1554057557 TRANSACTION 81 20422 b613c2d089af89bc09a0a84c325459a3
RECIEVED 1554057558 TRANSACTION 78 101 175
UPDATE 1554057558 TRANSACTION dce3f662b7c31b3d8b9c23deff204e29
RECIEVED 1554057558 TRANSACTION 81 101 176
UPDATE 1554057558 TRANSACTION 7943ecb3ff4c1aa18c377ce93dc95ff4
SEND 1554057558 TRANSACTION 81 26953 7943ecb3ff4c1aa18c377ce93dc95ff4
SEND 1554057558 TRANSACTION 81 22218 7943ecb3ff4c1aa18c377ce93dc95ff4
RECIEVED 1554057558 TRANSACTION 81 101 177
UPDATE 1554057558 TRANSACTION ecd4419308a849b03f3f7130eb1e335c
SEND 1554057558 TRANSACTION 81 20718 ecd4419308a849b03f3f7130eb1e335c
SEND 1554057558 TRANSACTION 81 21964 ecd4419308a849b03f3f7130eb1e335c
RECIEVED 1554057558 TRANSACTION 81 101 178
UPDATE 1554057558 TRANSACTION a046b4a71b30b2bff4d19157db38d6ee
RECIEVED 1554057558 TRANSACTION 81 101 179
UPDATE 1554057558 TRANSACTION 042af1b1ee47695b9f9a14c2cf2a3e41
RECIEVED 1554057558 TRANSACTION 81 101 180
RECIEVED 1554057558 TRANSACTION 81 101 180
RECIEVED 1554057558 TRANSACTION 81 101 180
RECIEVED 1554057558 TRANSACTION 82 101 180
UPDATE 1554057558 TRANSACTION 2dbb5e8672282625f8f5ffa79b9c5892
SEND 1554057558 TRANSACTION 82 15079 2dbb5e8672282625f8f5ffa79b9c5892
SEND 1554057558 TRANSACTION 82 38356 2dbb5e8672282625f8f5ffa79b9c5892
RECIEVED 1554057558 TRANSACTION 82 101 181
RECIEVED 1554057558 TRANSACTION 80 101 181
UPDATE 1554057558 TRANSACTION a5a07a570bb7aaa021b28cf028602484
SEND 1554057558 TRANSACTION 80 19020 a5a07a570bb7aaa021b28cf028602484
RECIEVED 1554057559 TRANSACTION 81 101 182
UPDATE 1554057559 TRANSACTION 809f89f34631b7a4615b3bb49d696e2c
SEND 1554057559 TRANSACTION 81 22542 809f89f34631b7a4615b3bb49d696e2c
RECIEVED 1554057559 TRANSACTION 81 101 183
UPDATE 1554057559 TRANSACTION a41f97f15ade74ced084b01b2dbae3b8
SEND 1554057559 TRANSACTION 81 7417779 a41f97f15ade74ced084b01b2dbae3b8
RECIEVED 1554057559 TRANSACTION 81 101 184
RECIEVED 1554057560 HB 3 101 184
RECIEVED 1554057560 TRANSACTION 81 101 184
UPDATE 1554057560 TRANSACTION cee87e282c06f683a0604f8dd2d1c179
SEND 1554057560 TRANSACTION 81 43944 cee87e282c06f683a0604f8dd2d1c179
SEND 1554057560 TRANSACTION 81 19743 cee87e282c06f683a0604f8dd2d1c179
RECIEVED 1554057560 TRANSACTION 81 101 185
UPDATE 1554057560 TRANSACTION 0e046e3ce9f93b6052d6c8871e7e20a7
SEND 1554057560 TRANSACTION 81 17233 0e046e3ce9f93b6052d6c8871e7e20a7
RECIEVED 1554057560 TRANSACTION 81 101 186
UPDATE 1554057560 TRANSACTION 8a6ca4dc9db8579c5395f2d836e8532a
SEND 1554057560 TRANSACTION 81 28928 8a6ca4dc9db8579c5395f2d836e8532a
RECIEVED 1554057560 TRANSACTION 81 101 187
RECIEVED 1554057561 TRANSACTION 81 101 187
UPDATE 1554057561 TRANSACTION d9416a3c3117b2858c23b45048ee4234
SEND 1554057561 TRANSACTION 81 15721 d9416a3c3117b2858c23b45048ee4234
RECIEVED 1554057561 TRANSACTION 81 101 188
UPDATE 1554057561 TRANSACTION 14e7e8a2b8cf6fc80795b20cb0a3007d
SEND 1554057561 TRANSACTION 81 22264 14e7e8a2b8cf6fc80795b20cb0a3007d
RECIEVED 1554057561 TRANSACTION 81 101 189
RECIEVED 1554057561 TRANSACTION 80 101 189
UPDATE 1554057561 TRANSACTION f18aaa0e38156f73d079a147c100f613
RECIEVED 1554057561 TRANSACTION 82 101 190
UPDATE 1554057561 TRANSACTION 26242ab0612c3961f821fc26610e396b
SEND 1554057561 TRANSACTION 82 27555 26242ab0612c3961f821fc26610e396b
RECIEVED 1554057561 TRANSACTION 79 101 191
UPDATE 1554057561 TRANSACTION de0faabb84e538efd49fa4fc3d0cadc0
SEND 1554057561 TRANSACTION 79 31036 de0faabb84e538efd49fa4fc3d0cadc0
SEND 1554057561 TRANSACTION 79 25370 de0faabb84e538efd49fa4fc3d0cadc0
RECIEVED 1554057561 TRANSACTION 79 101 192
RECIEVED 1554057561 TRANSACTION 81 101 192
UPDATE 1554057561 TRANSACTION 78d2510f6473d63c6194e22867ed98e9
RECIEVED 1554057561 TRANSACTION 81 101 193
UPDATE 1554057561 TRANSACTION 06ca88238317c34ccc3c689246f6eaec
SEND 1554057561 TRANSACTION 81 21572 06ca88238317c34ccc3c689246f6eaec
SEND 1554057561 TRANSACTION 81 22148 06ca88238317c34ccc3c689246f6eaec
SEND 1554057561 TRANSACTION 81 25500 06ca88238317c34ccc3c689246f6eaec
RECIEVED 1554057561 TRANSACTION 81 101 194
RECIEVED 1554057562 TRANSACTION 80 101 194
UPDATE 1554057562 TRANSACTION 39c7b03de16bb81511f3c6dadb087e11
SEND 1554057562 TRANSACTION 80 14882 39c7b03de16bb81511f3c6dadb087e11
SEND 1554057562 TRANSACTION 80 27739 39c7b03de16bb81511f3c6dadb087e11
RECIEVED 1554057562 TRANSACTION 80 101 195
RECIEVED 1554057562 TRANSACTION 81 101 195
UPDATE 1554057562 TRANSACTION 49257c88d262fada0177e0f630f282c7
RECIEVED 1554057562 TRANSACTION 81 101 196
UPDATE 1554057562 TRANSACTION 72d578ce385c8c90049ebd204dbbad87
SEND 1554057562 TRANSACTION 81 27165 72d578ce385c8c90049ebd204dbbad87
RECIEVED 1554057562 TRANSACTION 80 101 197
UPDATE 1554057562 TRANSACTION c2fa14e6f2c9ec3cef9b9c5f572c372f
SEND 1554057562 TRANSACTION 80 28260 c2fa14e6f2c9ec3cef9b9c5f572c372f
SEND 1554057562 TRANSACTION 80 19341 c2fa14e6f2c9ec3cef9b9c5f572c372f
RECIEVED 1554057562 TRANSACTION 82 101 198
UPDATE 1554057562 TRANSACTION 4452845b04d6f067bc11ac0526c7248c
RECIEVED 1554057562 TRANSACTION 82 101 199
RECIEVED 1554057562 TRANSACTION 81 101 199
UPDATE 1554057562 TRANSACTION 9f48f29ec11225100f575b8e7d9570a5
SEND 1554057562 TRANSACTION 81 21112 9f48f29ec11225100f575b8e7d9570a5
SEND 1554057562 TRANSACTION 81 22136 9f48f29ec11225100f575b8e7d9570a5
RECIEVED 1554057563 TRANSACTION 81 101 200
UPDATE 1554057563 TRANSACTION cad9d49159f8836da900d8dcbaa69229
SEND 1554057563 TRANSACTION 81 30127 cad9d49159f8836da900d8dcbaa69229
RECIEVED 1554057563 TRANSACTION 81 101 201
UPDATE 1554057563 TRANSACTION 0fd83fb7d0126823065eaaa1e82fd40d
RECIEVED 1554057563 TRANSACTION 82 101 202
UPDATE 1554057563 TRANSACTION 32c1eaca9c13e1969a539a7ddb25466a
SEND 1554057563 TRANSACTION 82 23218 32c1eaca9c13e1969a539a7ddb25466a
SEND 1554057563 TRANSACTION 82 16488 32c1eaca9c13e1969a539a7ddb25466a
RECIEVED 1554057563 TRANSACTION 81 101 203
UPDATE 1554057563 TRANSACTION b5fde2af308f4c7c80a18b5bc591f64e
SEND 1554057563 TRANSACTION 81 13488 b5fde2af308f4c7c80a18b5bc591f64e
RECIEVED 1554057563 TRANSACTION 81 101 204
UPDATE 1554057563 TRANSACTION a27dbe3379ba8757e96fd9f2cab9c38d
RECIEVED 1554057563 TRANSACTION 80 101 205
UPDATE 1554057563 TRANSACTION 5ec879675464578baff3e4b6b14af2ec
SEND 1554057563 TRANSACTION 80 18711 5ec879675464578baff3e4b6b14af2ec
SEND 1554057563 TRANSACTION 80 23724 5ec879675464578baff3e4b6b14af2ec
RECIEVED 1554057564 TRANSACTION 80 101 206
UPDATE 1554057564 TRANSACTION a2dda43a85e48b7d8b4468330991e254
SEND 1554057564 TRANSACTION 80 15927 a2dda43a85e48b7d8b4468330991e254
SEND 1554057564 TRANSACTION 80 21611 a2dda43a85e48b7d8b4468330991e254
RECIEVED 1554057564 TRANSACTION 80 101 207
UPDATE 1554057564 TRANSACTION 392d186dc00cd748820e5bb033370611
SEND 1554057564 TRANSACTION 80 27690 392d186dc00cd748820e5bb033370611
SEND 1554057564 TRANSACTION 80 17229 392d186dc00cd748820e5bb033370611
SEND 1554057564 TRANSACTION 80 22391 392d186dc00cd748820e5bb033370611
RECIEVED 1554057564 TRANSACTION 80 101 208
RECIEVED 1554057564 TRANSACTION 80 101 208
UPDATE 1554057565 TRANSACTION 6c6b40de72294ad9882015c7d686b3e2
SEND 1554057565 TRANSACTION 80 38284 6c6b40de72294ad9882015c7d686b3e2
SEND 1554057565 TRANSACTION 80 41969 6c6b40de72294ad9882015c7d686b3e2
SEND 1554057565 TRANSACTION 80 25214 6c6b40de72294ad9882015c7d686b3e2
RECIEVED 1554057565 TRANSACTION 80 101 209
UPDATE 1554057565 TRANSACTION ebaa2e262f507e7bc80df81983b0899f
SEND 1554057565 TRANSACTION 80 18095 ebaa2e262f507e7bc80df81983b0899f
RECIEVED 1554057565 TRANSACTION 80 101 210
UPDATE 1554057565 TRANSACTION 91723bc233409dd2a081355399b20cbd
SEND 1554057565 TRANSACTION 80 27821 91723bc233409dd2a081355399b20cbd
RECIEVED 1554057565 TRANSACTION 80 101 211
RECIEVED 1554057565 TRANSACTION 80 101 211
UPDATE 1554057565 TRANSACTION 311c2163311f01ae847e1fe6ea8074ab
SEND 1554057565 TRANSACTION 80 24012 311c2163311f01ae847e1fe6ea8074ab
RECIEVED 1554057565 TRANSACTION 80 101 212
RECIEVED 1554057565 TRANSACTION 80 101 212
RECIEVED 1554057565 TRANSACTION 80 101 212
RECIEVED 1554057565 TRANSACTION 81 101 212
UPDATE 1554057565 TRANSACTION 49145667a914b5c18b3b738ab300f355
SEND 1554057565 TRANSACTION 81 27496 49145667a914b5c18b3b738ab300f355
SEND 1554057565 TRANSACTION 81 20303 49145667a914b5c18b3b738ab300f355
SEND 1554057565 TRANSACTION 81 27394 49145667a914b5c18b3b738ab300f355
RECIEVED 1554057565 TRANSACTION 81 101 213
RECIEVED 1554057565 TRANSACTION 79 101 213
UPDATE 1554057565 TRANSACTION 85fc53193f2b637850f1e037d2b44d00
SEND 1554057565 TRANSACTION 79 26513 85fc53193f2b637850f1e037d2b44d00
SEND 1554057565 TRANSACTION 79 21117 85fc53193f2b637850f1e037d2b44d00
SEND 1554057565 TRANSACTION 79 21766 85fc53193f2b637850f1e037d2b44d00
RECIEVED 1554057565 TRANSACTION 79 101 214
RECIEVED 1554057566 TRANSACTION 80 101 214
UPDATE 1554057566 TRANSACTION 8dbb60c3c9915bf9b7d13b6f484a40f1
SEND 1554057566 TRANSACTION 80 29515 8dbb60c3c9915bf9b7d13b6f484a40f1
SEND 1554057566 TRANSACTION 80 24362 8dbb60c3c9915bf9b7d13b6f484a40f1
RECIEVED 1554057566 TRANSACTION 81 101 215
UPDATE 1554057566 TRANSACTION 0e9b8a10b6dd813a87f8feaf8b460b1a
SEND 1554057566 TRANSACTION 81 27415 0e9b8a10b6dd813a87f8feaf8b460b1a
RECIEVED 1554057566 TRANSACTION 81 101 216
UPDATE 1554057566 TRANSACTION 952eaa1eea31d82fee2430caed72d649
RECIEVED 1554057566 TRANSACTION 81 101 217
UPDATE 1554057566 TRANSACTION 8b6ed26dbd78430f63cb749bf317a7df
SEND 1554057566 TRANSACTION 81 41898 8b6ed26dbd78430f63cb749bf317a7df
SEND 1554057566 TRANSACTION 81 16323 8b6ed26dbd78430f63cb749bf317a7df
SEND 1554057566 TRANSACTION 81 30354 8b6ed26dbd78430f63cb749bf317a7df
RECIEVED 1554057566 TRANSACTION 81 101 218
RECIEVED 1554057566 TRANSACTION 81 101 218
RECIEVED 1554057566 TRANSACTION 80 101 218
UPDATE 1554057566 TRANSACTION 41adcf841e04a73e24bfa76d0027fcc5
SEND 1554057566 TRANSACTION 80 22338 41adcf841e04a73e24bfa76d0027fcc5
RECIEVED 1554057566 TRANSACTION 80 101 219
RECIEVED 1554057566 TRANSACTION 80 101 219
UPDATE 1554057566 TRANSACTION 7c3ef64963f4e2db8b1c59ae463135dd
SEND 1554057566 TRANSACTION 80 22552 7c3ef64963f4e2db8b1c59ae463135dd
SEND 1554057566 TRANSACTION 80 16340 7c3ef64963f4e2db8b1c59ae463135dd
RECIEVED 1554057566 TRANSACTION 82 101 220
UPDATE 1554057566 TRANSACTION c5f216babf33d6f35c998730978cb294
SEND 1554057566 TRANSACTION 82 16863 c5f216babf33d6f35c998730978cb294
RECIEVED 1554057567 TRANSACTION 79 101 221
UPDATE 1554057567 TRANSACTION e9453e687e2e6fb53d209a6ebebcac15
SEND 1554057567 TRANSACTION 79 21146 e9453e687e2e6fb53d209a6ebebcac15
SEND 1554057567 TRANSACTION 79 24604 e9453e687e2e6fb53d209a6ebebcac15
RECIEVED 1554057567 TRANSACTION 80 101 222
UPDATE 1554057567 TRANSACTION 8027001c29bb984c9a39784425849f2f
SEND 1554057567 TRANSACTION 80 15720 8027001c29bb984c9a39784425849f2f
SEND 1554057567 TRANSACTION 80 23737 8027001c29bb984c9a39784425849f2f
RECIEVED 1554057567 TRANSACTION 81 101 223
UPDATE 1554057567 TRANSACTION 7142ffb125bed9d3d49429e54ef9af04
SEND 1554057567 TRANSACTION 81 21663 7142ffb125bed9d3d49429e54ef9af04
RECIEVED 1554057567 TRANSACTION 81 101 224
UPDATE 1554057567 TRANSACTION 83c8006927b519e0bdbaac8e3d5c9747
SEND 1554057567 TRANSACTION 81 23057 83c8006927b519e0bdbaac8e3d5c9747
SEND 1554057567 TRANSACTION 81 16601 83c8006927b519e0bdbaac8e3d5c9747
RECIEVED 1554057567 TRANSACTION 82 101 225
UPDATE 1554057567 TRANSACTION d959b5a0f8275df669713b7294375dba
SEND 1554057567 TRANSACTION 82 17059 d959b5a0f8275df669713b7294375dba
SEND 1554057567 TRANSACTION 82 35660 d959b5a0f8275df669713b7294375dba
SEND 1554057567 TRANSACTION 82 20264 d959b5a0f8275df669713b7294375dba
RECIEVED 1554057568 TRANSACTION 78 101 226
UPDATE 1554057568 TRANSACTION e301842986bab4da21aabbe64d6ceda3
SEND 1554057568 TRANSACTION 78 17316 e301842986bab4da21aabbe64d6ceda3
RECIEVED 1554057568 TRANSACTION 80 101 227
UPDATE 1554057568 TRANSACTION c4199196062e9b479fe211c0ea74a6d9
RECIEVED 1554057568 TRANSACTION 80 101 228
UPDATE 1554057568 TRANSACTION 622cbf31d0e5a9d8f15f52312306cc9e
SEND 1554057568 TRANSACTION 80 45378 622cbf31d0e5a9d8f15f52312306cc9e
RECIEVED 1554057568 TRANSACTION 79 101 229
UPDATE 1554057568 TRANSACTION 2f3667512a58d2a897aa3cad65d3b96b
SEND 1554057568 TRANSACTION 79 15937 2f3667512a58d2a897aa3cad65d3b96b
SEND 1554057568 TRANSACTION 79 23449 2f3667512a58d2a897aa3cad65d3b96b
SEND 1554057568 TRANSACTION 79 35125 2f3667512a58d2a897aa3cad65d3b96b
RECIEVED 1554057568 TRANSACTION 81 101 230
UPDATE 1554057568 TRANSACTION c496a10d67d97feaffe44838c1746e82
SEND 1554057568 TRANSACTION 81 21421 c496a10d67d97feaffe44838c1746e82
RECIEVED 1554057568 TRANSACTION 81 101 231
RECIEVED 1554057568 TRANSACTION 80 101 231
UPDATE 1554057568 TRANSACTION eed50dd7811d02612c2fe4625ebdd23f
SEND 1554057568 TRANSACTION 80 22398 eed50dd7811d02612c2fe4625ebdd23f
RECIEVED 1554057568 TRANSACTION 81 101 232
UPDATE 1554057568 TRANSACTION 7030010df331256e7125e3b42631c884
SEND 1554057568 TRANSACTION 81 23418 7030010df331256e7125e3b42631c884
SEND 1554057568 TRANSACTION 81 17241 7030010df331256e7125e3b42631c884
RECIEVED 1554057568 TRANSACTION 80 101 233
RECIEVED 1554057568 TRANSACTION 81 101 233
RECIEVED 1554057569 TRANSACTION 80 101 233
UPDATE 1554057569 TRANSACTION ee88ca92881d45ee74c91b2cac7937d0
SEND 1554057569 TRANSACTION 80 22224 ee88ca92881d45ee74c91b2cac7937d0
RECIEVED 1554057569 TRANSACTION 82 101 234
UPDATE 1554057569 TRANSACTION 2f031743b8ad643eeba9bab9d95edf1b
RECIEVED 1554057569 TRANSACTION 80 101 235
UPDATE 1554057569 TRANSACTION 9aac3cb172ce34a737855f735b93ecd1
SEND 1554057569 TRANSACTION 80 17131 9aac3cb172ce34a737855f735b93ecd1
RECIEVED 1554057569 TRANSACTION 81 101 236
UPDATE 1554057569 TRANSACTION 50218a5552ef0a06038c47dd658f06c1
RECIEVED 1554057569 TRANSACTION 81 101 237
RECIEVED 1554057569 TRANSACTION 80 101 237
UPDATE 1554057569 TRANSACTION 8b440916ee6ef979836298c2b32f38b0
SEND 1554057569 TRANSACTION 80 30886 8b440916ee6ef979836298c2b32f38b0
SEND 1554057569 TRANSACTION 80 21055 8b440916ee6ef979836298c2b32f38b0
RECIEVED 1554057569 TRANSACTION 81 101 238
UPDATE 1554057569 TRANSACTION d427f5f2dae7b2f4b737ef99fd899f9b
RECIEVED 1554057569 TRANSACTION 78 101 239
UPDATE 1554057569 TRANSACTION e4efdb6f4956100749aad76248a4d58c
SEND 1554057569 TRANSACTION 78 29752 e4efdb6f4956100749aad76248a4d58c
SEND 1554057569 TRANSACTION 78 17389 e4efdb6f4956100749aad76248a4d58c
RECIEVED 1554057569 TRANSACTION 82 101 240
UPDATE 1554057569 TRANSACTION c8cff510355cd4b25db961acaa2a99dd
RECIEVED 1554057570 HB 3 101 241
RECIEVED 1554057570 TRANSACTION 82 101 241
UPDATE 1554057570 TRANSACTION eac752ac7d3f3f45715928ac84a5274e
RECIEVED 1554057570 TRANSACTION 82 101 242
RECIEVED 1554057570 TRANSACTION 82 101 242
RECIEVED 1554057571 TRANSACTION 81 101 242
UPDATE 1554057571 TRANSACTION 369f9e0961c4822503b49549ee382d83
SEND 1554057571 TRANSACTION 81 16280 369f9e0961c4822503b49549ee382d83
SEND 1554057571 TRANSACTION 81 16688 369f9e0961c4822503b49549ee382d83
SEND 1554057571 TRANSACTION 81 27361 369f9e0961c4822503b49549ee382d83
RECIEVED 1554057571 TRANSACTION 80 101 243
UPDATE 1554057571 TRANSACTION b6ee8c5ad9ff9819507689da96ae1a6f
RECIEVED 1554057571 TRANSACTION 83 101 244
UPDATE 1554057571 TRANSACTION 96ff0d097978548139151744ecebab37
SEND 1554057571 TRANSACTION 83 15930 96ff0d097978548139151744ecebab37
RECIEVED 1554057571 TRANSACTION 81 101 245
UPDATE 1554057571 TRANSACTION cb30208d5ed07f5e100e5566ed7751f3
RECIEVED 1554057571 TRANSACTION 81 101 246
RECIEVED 1554057571 TRANSACTION 81 101 246
UPDATE 1554057571 TRANSACTION 837f21cf67832a76eae8b4924ef4ca04
RECIEVED 1554057571 TRANSACTION 80 101 247
UPDATE 1554057571 TRANSACTION 7a4002b83ecea106005dab6cc7a5a354
SEND 1554057571 TRANSACTION 80 28113 7a4002b83ecea106005dab6cc7a5a354
SEND 1554057571 TRANSACTION 80 23516 7a4002b83ecea106005dab6cc7a5a354
SEND 1554057571 TRANSACTION 80 27890 7a4002b83ecea106005dab6cc7a5a354
RECIEVED 1554057572 TRANSACTION 81 101 248
UPDATE 1554057572 TRANSACTION d6a3e0d84a094308bd5ea60beccf00ba
SEND 1554057572 TRANSACTION 81 37897 d6a3e0d84a094308bd5ea60beccf00ba
RECIEVED 1554057572 TRANSACTION 81 101 249
RECIEVED 1554057572 TRANSACTION 80 101 249
UPDATE 1554057572 TRANSACTION 61c09bc894c5a5ac92fac08247ae801b
SEND 1554057572 TRANSACTION 80 15213 61c09bc894c5a5ac92fac08247ae801b
SEND 1554057572 TRANSACTION 80 28070 61c09bc894c5a5ac92fac08247ae801b
SEND 1554057572 TRANSACTION 80 21701 61c09bc894c5a5ac92fac08247ae801b
SEND 1554057572 TRANSACTION 80 18011 61c09bc894c5a5ac92fac08247ae801b
RECIEVED 1554057572 TRANSACTION 80 101 250
RECIEVED 1554057572 TRANSACTION 80 101 250
RECIEVED 1554057572 TRANSACTION 80 101 250
RECIEVED 1554057572 TRANSACTION 80 101 250
UPDATE 1554057572 TRANSACTION 265553915dd413534135bdef588daa2b
SEND 1554057572 TRANSACTION 80 16666 265553915dd413534135bdef588daa2b
SEND 1554057572 TRANSACTION 80 22564 265553915dd413534135bdef588daa2b
RECIEVED 1554057573 TRANSACTION 81 101 251
UPDATE 1554057573 TRANSACTION 26db9338621ea4fcef43296d46a952b5
SEND 1554057573 TRANSACTION 81 26376 26db9338621ea4fcef43296d46a952b5
RECIEVED 1554057573 TRANSACTION 81 101 252
UPDATE 1554057573 TRANSACTION 688f65d4f445c17a79f5a4a3011bf369
SEND 1554057573 TRANSACTION 81 20695 688f65d4f445c17a79f5a4a3011bf369
SEND 1554057573 TRANSACTION 81 21070 688f65d4f445c17a79f5a4a3011bf369
RECIEVED 1554057573 TRANSACTION 81 101 253
UPDATE 1554057573 TRANSACTION 12f1757b326b56a26917fc1f2098434c
SEND 1554057573 TRANSACTION 81 23860 12f1757b326b56a26917fc1f2098434c
SEND 1554057573 TRANSACTION 81 25641 12f1757b326b56a26917fc1f2098434c
RECIEVED 1554057573 TRANSACTION 80 101 254
UPDATE 1554057573 TRANSACTION b1353b627bb7858ef4f5aad6652f8d9e
SEND 1554057573 TRANSACTION 80 18936 b1353b627bb7858ef4f5aad6652f8d9e
RECIEVED 1554057573 TRANSACTION 81 101 255
UPDATE 1554057573 TRANSACTION 8453759aa0731b1cde2f5a7535961974
RECIEVED 1554057573 TRANSACTION 83 101 256
UPDATE 1554057573 TRANSACTION ed96cc94e2e3135a7f8af3f6c7aa1da2
SEND 1554057573 TRANSACTION 83 20373 ed96cc94e2e3135a7f8af3f6c7aa1da2
RECIEVED 1554057573 TRANSACTION 83 101 257
RECIEVED 1554057573 TRANSACTION 81 101 257
UPDATE 1554057573 TRANSACTION 9cd2930315872ef710b9555dc9ad15ac
SEND 1554057573 TRANSACTION 81 15600 9cd2930315872ef710b9555dc9ad15ac
RECIEVED 1554057574 TRANSACTION 80 101 258
UPDATE 1554057574 TRANSACTION 7c33f22ce6c1179773d7016b52db90ca
SEND 1554057574 TRANSACTION 80 16281 7c33f22ce6c1179773d7016b52db90ca
SEND 1554057574 TRANSACTION 80 21554 7c33f22ce6c1179773d7016b52db90ca
SEND 1554057574 TRANSACTION 80 24754 7c33f22ce6c1179773d7016b52db90ca
RECIEVED 1554057574 TRANSACTION 81 101 259
UPDATE 1554057574 TRANSACTION be46c517a2280f0d560c5b8106381dfc
SEND 1554057574 TRANSACTION 81 23776 be46c517a2280f0d560c5b8106381dfc
SEND 1554057574 TRANSACTION 81 20764 be46c517a2280f0d560c5b8106381dfc
SEND 1554057574 TRANSACTION 81 22256 be46c517a2280f0d560c5b8106381dfc
RECIEVED 1554057574 TRANSACTION 81 101 260
UPDATE 1554057574 TRANSACTION d836616d6cbfce4abdc69ce462350a1c
SEND 1554057574 TRANSACTION 81 14115 d836616d6cbfce4abdc69ce462350a1c
RECIEVED 1554057574 TRANSACTION 81 101 261
RECIEVED 1554057574 TRANSACTION 81 101 261
UPDATE 1554057574 TRANSACTION 8a231f422afebab09b8d892adca71f8a
SEND 1554057574 TRANSACTION 81 21549 8a231f422afebab09b8d892adca71f8a
RECIEVED 1554057574 TRANSACTION 80 101 262
UPDATE 1554057574 TRANSACTION 287584244a21296975beb8cfa749d149
RECIEVED 1554057574 TRANSACTION 81 101 263
UPDATE 1554057574 TRANSACTION 039e67bd97f76083d7321b7b100fbdd1
SEND 1554057574 TRANSACTION 81 30649 039e67bd97f76083d7321b7b100fbdd1
SEND 1554057574 TRANSACTION 81 29863 039e67bd97f76083d7321b7b100fbdd1
RECIEVED 1554057574 TRANSACTION 81 101 264
RECIEVED 1554057575 TRANSACTION 81 101 264
UPDATE 1554057575 TRANSACTION 2704753208778133411a00afd4b3b8ae
SEND 1554057575 TRANSACTION 81 16667 2704753208778133411a00afd4b3b8ae
SEND 1554057575 TRANSACTION 81 32681 2704753208778133411a00afd4b3b8ae
RECIEVED 1554057575 TRANSACTION 80 101 265
UPDATE 1554057575 TRANSACTION 3b129223d14fce5aae838fb98474f818
SEND 1554057575 TRANSACTION 80 16841 3b129223d14fce5aae838fb98474f818
SEND 1554057575 TRANSACTION 80 16960 3b129223d14fce5aae838fb98474f818
SEND 1554057575 TRANSACTION 80 17378 3b129223d14fce5aae838fb98474f818
RECIEVED 1554057575 TRANSACTION 80 101 266
RECIEVED 1554057576 TRANSACTION 81 101 266
UPDATE 1554057576 TRANSACTION 34bbba4c260367600f695082485cd3f3
SEND 1554057576 TRANSACTION 81 22725 34bbba4c260367600f695082485cd3f3
RECIEVED 1554057577 TRANSACTION 81 101 267
UPDATE 1554057577 TRANSACTION 41102a2bcc8c998bcf83749b910754f9
SEND 1554057577 TRANSACTION 81 15254 41102a2bcc8c998bcf83749b910754f9
RECIEVED 1554057577 TRANSACTION 79 101 268
UPDATE 1554057577 TRANSACTION 31020071ad1a09e4fddb926c03a6ef39
SEND 1554057577 TRANSACTION 79 30649 31020071ad1a09e4fddb926c03a6ef39
RECIEVED 1554057577 TRANSACTION 81 101 269
UPDATE 1554057577 TRANSACTION 6030e5cd6c82b5114ed51285117d3c25
SEND 1554057577 TRANSACTION 81 22274 6030e5cd6c82b5114ed51285117d3c25
RECIEVED 1554057578 TRANSACTION 80 101 270
UPDATE 1554057578 TRANSACTION 103d8d46f94d5bb130a6952b730777fb
RECIEVED 1554057578 TRANSACTION 79 101 271
UPDATE 1554057578 TRANSACTION ac55c0aff21b5861a0a8ccadee7a03c8
SEND 1554057578 TRANSACTION 79 15579 ac55c0aff21b5861a0a8ccadee7a03c8
RECIEVED 1554057578 TRANSACTION 79 101 272
RECIEVED 1554057578 TRANSACTION 79 101 272
RECIEVED 1554057578 TRANSACTION 81 101 272
UPDATE 1554057578 TRANSACTION 251d5ae14d5f4f4dca0da2243f85cfa0
SEND 1554057578 TRANSACTION 81 26149 251d5ae14d5f4f4dca0da2243f85cfa0
SEND 1554057578 TRANSACTION 81 38829 251d5ae14d5f4f4dca0da2243f85cfa0
SEND 1554057578 TRANSACTION 81 26529 251d5ae14d5f4f4dca0da2243f85cfa0
RECIEVED 1554057578 TRANSACTION 81 101 273
RECIEVED 1554057578 TRANSACTION 81 101 273
UPDATE 1554057578 TRANSACTION e5fadab5a04bd3069075aa26b81081f2
SEND 1554057578 TRANSACTION 81 16031 e5fadab5a04bd3069075aa26b81081f2
RECIEVED 1554057578 TRANSACTION 81 101 274
UPDATE 1554057578 TRANSACTION 468b55e12ae98197a52cb11ef6403914
SEND 1554057578 TRANSACTION 81 21575 468b55e12ae98197a52cb11ef6403914
SEND 1554057578 TRANSACTION 81 17916 468b55e12ae98197a52cb11ef6403914
SEND 1554057578 TRANSACTION 81 22886 468b55e12ae98197a52cb11ef6403914
RECIEVED 1554057578 TRANSACTION 81 101 275
RECIEVED 1554057579 TRANSACTION 81 101 275
UPDATE 1554057579 TRANSACTION ad2158ede222756d9fd2878b43f78546
SEND 1554057579 TRANSACTION 81 15747 ad2158ede222756d9fd2878b43f78546
SEND 1554057579 TRANSACTION 81 27749 ad2158ede222756d9fd2878b43f78546
SEND 1554057579 TRANSACTION 81 21172 ad2158ede222756d9fd2878b43f78546
SEND 1554057579 TRANSACTION 81 20944 ad2158ede222756d9fd2878b43f78546
RECIEVED 1554057579 TRANSACTION 81 101 276
UPDATE 1554057579 TRANSACTION c8d09ec81dfe92c53b4e0f3f769a76c3
RECIEVED 1554057579 TRANSACTION 81 101 277
RECIEVED 1554057579 TRANSACTION 81 101 277
UPDATE 1554057579 TRANSACTION 6cc028bb1d7fabb644f0d4ed8b7a9f30
SEND 1554057579 TRANSACTION 81 16108 6cc028bb1d7fabb644f0d4ed8b7a9f30
RECIEVED 1554057579 TRANSACTION 81 101 278
RECIEVED 1554057579 TRANSACTION 81 101 278
RECIEVED 1554057579 TRANSACTION 81 101 278
UPDATE 1554057579 TRANSACTION 2b423693219c40764ab0543928ddd8c7
SEND 1554057579 TRANSACTION 81 15958 2b423693219c40764ab0543928ddd8c7
RECIEVED 1554057579 TRANSACTION 81 101 279
UPDATE 1554057579 TRANSACTION 979dcb151565c3af63180c6828a2542b
RECIEVED 1554057579 TRANSACTION 81 101 280
RECIEVED 1554057579 TRANSACTION 81 101 280
RECIEVED 1554057580 TRANSACTION 81 101 280
UPDATE 1554057580 TRANSACTION e2a0cc1d3291d6b45637036d3953dc00
RECIEVED 1554057580 TRANSACTION 81 101 281
RECIEVED 1554057580 TRANSACTION 80 101 281
UPDATE 1554057580 TRANSACTION 9c11a3dbd0ae391c23f40dab908d2176
SEND 1554057580 TRANSACTION 80 22216 9c11a3dbd0ae391c23f40dab908d2176
SEND 1554057580 TRANSACTION 80 28231 9c11a3dbd0ae391c23f40dab908d2176
SEND 1554057580 TRANSACTION 80 25281 9c11a3dbd0ae391c23f40dab908d2176
RECIEVED 1554057580 TRANSACTION 80 101 282
RECIEVED 1554057580 HB 3 101 282
SEND 1554057580 INTRODUCE 37 24629
SEND 1554057580 INTRODUCE 36 28481
SEND 1554057580 INTRODUCE 37 27241
SEND 1554057580 INTRODUCE 36 30320
RECIEVED 1554057580 TRANSACTION 82 101 282
UPDATE 1554057580 TRANSACTION 90382fbee27be9b2c1d61f1c75961a44
SEND 1554057580 TRANSACTION 82 15399 90382fbee27be9b2c1d61f1c75961a44
SEND 1554057580 TRANSACTION 82 27985 90382fbee27be9b2c1d61f1c75961a44
RECIEVED 1554057580 TRANSACTION 82 101 283
UPDATE 1554057580 TRANSACTION cc7f3ab20cb2c1521927f413fc6714df
SEND 1554057580 TRANSACTION 82 20493 cc7f3ab20cb2c1521927f413fc6714df
RECIEVED 1554057580 TRANSACTION 81 101 284
UPDATE 1554057580 TRANSACTION d2972f7aa3af458365ddcd7388aec296
SEND 1554057580 TRANSACTION 81 23019 d2972f7aa3af458365ddcd7388aec296
SEND 1554057580 TRANSACTION 81 22287 d2972f7aa3af458365ddcd7388aec296
RECIEVED 1554057580 TRANSACTION 81 101 285
RECIEVED 1554057581 TRANSACTION 80 101 285
UPDATE 1554057581 TRANSACTION 8a1d6844856499146f4333dbe358b71e
SEND 1554057581 TRANSACTION 80 21788 8a1d6844856499146f4333dbe358b71e
SEND 1554057581 TRANSACTION 80 16554 8a1d6844856499146f4333dbe358b71e
SEND 1554057581 TRANSACTION 80 28318 8a1d6844856499146f4333dbe358b71e
RECIEVED 1554057581 TRANSACTION 81 101 286
UPDATE 1554057581 TRANSACTION 715ead72f7e3ca8985d30af45661be5e
SEND 1554057581 TRANSACTION 81 15959 715ead72f7e3ca8985d30af45661be5e
SEND 1554057581 TRANSACTION 81 21843 715ead72f7e3ca8985d30af45661be5e
RECIEVED 1554057581 TRANSACTION 80 101 287
UPDATE 1554057581 TRANSACTION c110df595e1fb33c3beef4bd2324d831
SEND 1554057581 TRANSACTION 80 17966 c110df595e1fb33c3beef4bd2324d831
SEND 1554057581 TRANSACTION 80 25857 c110df595e1fb33c3beef4bd2324d831
RECIEVED 1554057581 TRANSACTION 81 101 288
UPDATE 1554057581 TRANSACTION c98ab91b020e0c80d980f355bf3ccaac
SEND 1554057581 TRANSACTION 81 20759 c98ab91b020e0c80d980f355bf3ccaac
SEND 1554057581 TRANSACTION 81 20347 c98ab91b020e0c80d980f355bf3ccaac
RECIEVED 1554057581 TRANSACTION 81 101 289
UPDATE 1554057581 TRANSACTION 8c5b0f844a4451662bd8484afd1dbee4
RECIEVED 1554057581 TRANSACTION 81 101 290
UPDATE 1554057581 TRANSACTION 6ea268b64833e35369cbcba794eb754d
RECIEVED 1554057582 TRANSACTION 81 101 291
UPDATE 1554057582 TRANSACTION c33904cc20aa96d1e676cf9ddd6adfe8
SEND 1554057582 TRANSACTION 81 28809 c33904cc20aa96d1e676cf9ddd6adfe8
SEND 1554057582 TRANSACTION 81 16341 c33904cc20aa96d1e676cf9ddd6adfe8
RECIEVED 1554057582 TRANSACTION 81 101 292
RECIEVED 1554057582 TRANSACTION 81 101 292
UPDATE 1554057582 TRANSACTION 91b8234d57e226ccfa420746ea121620
SEND 1554057582 TRANSACTION 81 16603 91b8234d57e226ccfa420746ea121620
SEND 1554057582 TRANSACTION 81 17050 91b8234d57e226ccfa420746ea121620
RECIEVED 1554057582 TRANSACTION 81 101 293
RECIEVED 1554057582 TRANSACTION 81 101 293
UPDATE 1554057582 TRANSACTION 01544d37462f7fdc320c406b4eff5a92
SEND 1554057582 TRANSACTION 81 27364 01544d37462f7fdc320c406b4eff5a92
SEND 1554057582 TRANSACTION 81 27659 01544d37462f7fdc320c406b4eff5a92
RECIEVED 1554057583 TRANSACTION 79 101 294
UPDATE 1554057583 TRANSACTION 4c8ec6172082ea3ca5ab3e300c15b35d
SEND 1554057583 TRANSACTION 79 15622 4c8ec6172082ea3ca5ab3e300c15b35d
SEND 1554057583 TRANSACTION 79 22813 4c8ec6172082ea3ca5ab3e300c15b35d
RECIEVED 1554057583 TRANSACTION 80 101 295
UPDATE 1554057583 TRANSACTION bdd188369bda8c27ef76b0cb14902384
SEND 1554057583 TRANSACTION 80 23875 bdd188369bda8c27ef76b0cb14902384
RECIEVED 1554057583 TRANSACTION 80 101 296
RECIEVED 1554057583 TRANSACTION 81 101 296
UPDATE 1554057583 TRANSACTION a98c4d5c56e475630fb07265cc9678f2
SEND 1554057583 TRANSACTION 81 22967 a98c4d5c56e475630fb07265cc9678f2
SEND 1554057583 TRANSACTION 81 35869 a98c4d5c56e475630fb07265cc9678f2
RECIEVED 1554057583 TRANSACTION 81 101 297
UPDATE 1554057583 TRANSACTION 5fc3292f943730f81838e54b7a7bed02
SEND 1554057583 TRANSACTION 81 15565 5fc3292f943730f81838e54b7a7bed02
RECIEVED 1554057583 TRANSACTION 81 101 298
RECIEVED 1554057583 TRANSACTION 80 101 298
UPDATE 1554057583 TRANSACTION b71621bdd8f910cec15ae822815d7ca7
SEND 1554057583 TRANSACTION 80 16040 b71621bdd8f910cec15ae822815d7ca7
SEND 1554057583 TRANSACTION 80 27712 b71621bdd8f910cec15ae822815d7ca7
RECIEVED 1554057583 TRANSACTION 81 101 299
UPDATE 1554057583 TRANSACTION 1d2fa436572297d4fb95c240d00c17e2
RECIEVED 1554057583 TRANSACTION 81 101 300
UPDATE 1554057583 TRANSACTION 3f15665434bf987dde698ead58b7854b
SEND 1554057583 TRANSACTION 81 20525 3f15665434bf987dde698ead58b7854b
SEND 1554057583 TRANSACTION 81 22663 3f15665434bf987dde698ead58b7854b
RECIEVED 1554057584 TRANSACTION 81 101 301
UPDATE 1554057584 TRANSACTION 07a600d7f98df2d6413b096bad1ee77f
RECIEVED 1554057584 TRANSACTION 81 101 302
UPDATE 1554057584 TRANSACTION 1b5c1256fc203a1d760db1b77706468f
SEND 1554057584 TRANSACTION 81 16111 1b5c1256fc203a1d760db1b77706468f
SEND 1554057584 TRANSACTION 81 17546 1b5c1256fc203a1d760db1b77706468f
RECIEVED 1554057584 TRANSACTION 81 101 303
UPDATE 1554057584 TRANSACTION 15ef8e1fa701d462c16dad9d8970ed79
SEND 1554057584 TRANSACTION 81 29252 15ef8e1fa701d462c16dad9d8970ed79
SEND 1554057584 TRANSACTION 81 23240 15ef8e1fa701d462c16dad9d8970ed79
RECIEVED 1554057584 TRANSACTION 81 101 304
UPDATE 1554057584 TRANSACTION 85ceb40514da0dc2fa30c9f5b630f091
RECIEVED 1554057585 TRANSACTION 81 101 305
UPDATE 1554057585 TRANSACTION cb698cd8fe08ee4033c270883466fd83
SEND 1554057585 TRANSACTION 81 43180 cb698cd8fe08ee4033c270883466fd83
RECIEVED 1554057585 TRANSACTION 81 101 306
UPDATE 1554057585 TRANSACTION 1c3c405a2310f588857b2d90e95f469a
SEND 1554057585 TRANSACTION 81 16254 1c3c405a2310f588857b2d90e95f469a
SEND 1554057585 TRANSACTION 81 21904 1c3c405a2310f588857b2d90e95f469a
RECIEVED 1554057585 TRANSACTION 80 101 307
UPDATE 1554057585 TRANSACTION 12375af94f360410a15c6940d607c05a
SEND 1554057585 TRANSACTION 80 17653 12375af94f360410a15c6940d607c05a
RECIEVED 1554057585 TRANSACTION 81 101 308
UPDATE 1554057585 TRANSACTION 70f782a10486a4330eab713829f9328f
RECIEVED 1554057585 TRANSACTION 81 101 309
UPDATE 1554057585 TRANSACTION 1452770ecec96d9b213e051eeea3a5d6
SEND 1554057585 TRANSACTION 81 28036 1452770ecec96d9b213e051eeea3a5d6
SEND 1554057585 TRANSACTION 81 29839 1452770ecec96d9b213e051eeea3a5d6
RECIEVED 1554057585 TRANSACTION 81 101 310
UPDATE 1554057585 TRANSACTION a39e66a43976af4a4ba2ba93aba05bed
SEND 1554057585 TRANSACTION 81 16132 a39e66a43976af4a4ba2ba93aba05bed
RECIEVED 1554057585 TRANSACTION 81 101 311
RECIEVED 1554057585 TRANSACTION 81 101 311
UPDATE 1554057585 TRANSACTION c12b9620a8199b23936246b1ddbab7b1
RECIEVED 1554057585 TRANSACTION 81 101 312
RECIEVED 1554057585 TRANSACTION 81 101 312
UPDATE 1554057585 TRANSACTION 02542dc669db526cb22f339a6255dcc0
SEND 1554057585 TRANSACTION 81 42809 02542dc669db526cb22f339a6255dcc0
RECIEVED 1554057586 TRANSACTION 81 101 313
UPDATE 1554057586 TRANSACTION dac7cab98c88fb828223f6ba4b528571
SEND 1554057586 TRANSACTION 81 16758 dac7cab98c88fb828223f6ba4b528571
RECIEVED 1554057586 TRANSACTION 81 101 314
RECIEVED 1554057586 TRANSACTION 81 101 314
UPDATE 1554057586 TRANSACTION 9cf559b670057e12f967853491beeaf2
SEND 1554057586 TRANSACTION 81 21619 9cf559b670057e12f967853491beeaf2
SEND 1554057586 TRANSACTION 81 22571 9cf559b670057e12f967853491beeaf2
RECIEVED 1554057586 TRANSACTION 81 101 315
UPDATE 1554057586 TRANSACTION 1d0aa53e0299bf93550f12f6bfce1dee
SEND 1554057586 TRANSACTION 81 22138 1d0aa53e0299bf93550f12f6bfce1dee
RECIEVED 1554057586 TRANSACTION 81 101 316
RECIEVED 1554057586 TRANSACTION 81 101 316
UPDATE 1554057586 TRANSACTION d88fd173d456753c67355f51372adbea
SEND 1554057586 TRANSACTION 81 30613 d88fd173d456753c67355f51372adbea
RECIEVED 1554057586 TRANSACTION 81 101 317
RECIEVED 1554057586 TRANSACTION 81 101 317
RECIEVED 1554057587 TRANSACTION 81 101 317
UPDATE 1554057587 TRANSACTION 984a828274a6b2773b76edb76f29eabd
RECIEVED 1554057587 INTRODUCE 37 101 318
RECIEVED 1554057587 INTRODUCE 35 102 318
RECIEVED 1554057587 INTRODUCE 36 103 318
RECIEVED 1554057587 INTRODUCE 36 103 318
RECIEVED 1554057587 TRANSACTION 81 103 318
UPDATE 1554057587 TRANSACTION d3359c616baa6668f08c1cfdff72cb79
RECIEVED 1554057587 TRANSACTION 81 103 319
UPDATE 1554057587 TRANSACTION b2585fea980ca14a353513ad9fdb5b01
SEND 1554057587 TRANSACTION 81 26928 b2585fea980ca14a353513ad9fdb5b01
SEND 1554057587 TRANSACTION 81 17117 b2585fea980ca14a353513ad9fdb5b01
RECIEVED 1554057588 TRANSACTION 82 103 320
UPDATE 1554057588 TRANSACTION 5633d71879bb397c4ea7ca460a625e4f
SEND 1554057588 TRANSACTION 82 30614 5633d71879bb397c4ea7ca460a625e4f
RECIEVED 1554057588 TRANSACTION 82 103 321
UPDATE 1554057588 TRANSACTION f8d620dc5acc557ac5ff04c252757aa1
SEND 1554057588 TRANSACTION 82 17426 f8d620dc5acc557ac5ff04c252757aa1
SEND 1554057588 TRANSACTION 82 17704 f8d620dc5acc557ac5ff04c252757aa1
RECIEVED 1554057588 TRANSACTION 82 103 322
RECIEVED 1554057588 TRANSACTION 81 103 322
UPDATE 1554057588 TRANSACTION d2cc702a39bf4b0842e0955a85af3753
SEND 1554057588 TRANSACTION 81 27887 d2cc702a39bf4b0842e0955a85af3753
SEND 1554057588 TRANSACTION 81 34548 d2cc702a39bf4b0842e0955a85af3753
RECIEVED 1554057588 TRANSACTION 81 103 323
UPDATE 1554057588 TRANSACTION 2dfcd1cdf6cfd62ddd5b3c7407cd1d08
SEND 1554057588 TRANSACTION 81 24988 2dfcd1cdf6cfd62ddd5b3c7407cd1d08
SEND 1554057588 TRANSACTION 81 27956 2dfcd1cdf6cfd62ddd5b3c7407cd1d08
SEND 1554057588 TRANSACTION 81 15871 2dfcd1cdf6cfd62ddd5b3c7407cd1d08
RECIEVED 1554057588 TRANSACTION 81 103 324
UPDATE 1554057588 TRANSACTION 7cb594f7efc1191d7ca1da2e56e4168a
SEND 1554057588 TRANSACTION 81 17043 7cb594f7efc1191d7ca1da2e56e4168a
SEND 1554057588 TRANSACTION 81 16866 7cb594f7efc1191d7ca1da2e56e4168a
RECIEVED 1554057588 TRANSACTION 81 103 325
RECIEVED 1554057588 TRANSACTION 81 103 325
UPDATE 1554057588 TRANSACTION 7718bbdb75ee3163cbd2e08afa8bdc47
RECIEVED 1554057588 TRANSACTION 81 103 326
RECIEVED 1554057588 TRANSACTION 81 103 326
RECIEVED 1554057588 TRANSACTION 80 103 326
UPDATE 1554057588 TRANSACTION e6678f5a21186f81d571b13bb03a745a
SEND 1554057588 TRANSACTION 80 21901 e6678f5a21186f81d571b13bb03a745a
SEND 1554057588 TRANSACTION 80 29754 e6678f5a21186f81d571b13bb03a745a
SEND 1554057588 TRANSACTION 80 17461 e6678f5a21186f81d571b13bb03a745a
RECIEVED 1554057588 TRANSACTION 81 103 327
RECIEVED 1554057588 TRANSACTION 81 103 327
UPDATE 1554057588 TRANSACTION 98989e0ce5b7895b475f4275b9c95434
SEND 1554057588 TRANSACTION 81 22988 98989e0ce5b7895b475f4275b9c95434
SEND 1554057588 TRANSACTION 81 23203 98989e0ce5b7895b475f4275b9c95434
RECIEVED 1554057588 TRANSACTION 81 103 328
RECIEVED 1554057588 TRANSACTION 81 103 328
UPDATE 1554057588 TRANSACTION fff274e4c0d3b2093da465ca0bc28576
SEND 1554057588 TRANSACTION 81 17951 fff274e4c0d3b2093da465ca0bc28576
RECIEVED 1554057588 TRANSACTION 81 103 329
UPDATE 1554057588 TRANSACTION 4f11ca0a42d1dbd5f1ecf61e178ab711
RECIEVED 1554057588 TRANSACTION 81 103 330
RECIEVED 1554057588 TRANSACTION 81 103 330
RECIEVED 1554057589 TRANSACTION 80 103 330
UPDATE 1554057589 TRANSACTION 4264f86f78d85294e930418ad8ab4d45
SEND 1554057589 TRANSACTION 80 22381 4264f86f78d85294e930418ad8ab4d45
SEND 1554057589 TRANSACTION 80 16579 4264f86f78d85294e930418ad8ab4d45
RECIEVED 1554057589 TRANSACTION 80 103 331
RECIEVED 1554057589 TRANSACTION 81 103 331
UPDATE 1554057589 TRANSACTION 2886842794421ac9b342aedf34dad0bc
SEND 1554057589 TRANSACTION 81 16550 2886842794421ac9b342aedf34dad0bc
RECIEVED 1554057589 TRANSACTION 81 103 332
RECIEVED 1554057589 TRANSACTION 80 103 332
UPDATE 1554057589 TRANSACTION bdc67bb44c833cd972ac4e4ae1e5cd89
SEND 1554057589 TRANSACTION 80 21917 bdc67bb44c833cd972ac4e4ae1e5cd89
SEND 1554057589 TRANSACTION 80 21052 bdc67bb44c833cd972ac4e4ae1e5cd89
RECIEVED 1554057589 TRANSACTION 80 103 333
UPDATE 1554057589 TRANSACTION 149e01c10dd963a2727f6b6385625c9b
SEND 1554057589 TRANSACTION 80 20991 149e01c10dd963a2727f6b6385625c9b
SEND 1554057589 TRANSACTION 80 27226 149e01c10dd963a2727f6b6385625c9b
RECIEVED 1554057589 TRANSACTION 80 103 334
RECIEVED 1554057589 TRANSACTION 81 103 334
UPDATE 1554057589 TRANSACTION 941c359bb637353a8d44651e83d201b8
RECIEVED 1554057589 TRANSACTION 80 103 335
UPDATE 1554057589 TRANSACTION c85363a69b66e75da369707deddae3df
RECIEVED 1554057589 TRANSACTION 80 103 336
RECIEVED 1554057590 TRANSACTION 81 103 336
UPDATE 1554057590 TRANSACTION ca7fe5fe9037c2f7e6def92485cb6a19
RECIEVED 1554057590 TRANSACTION 81 103 337
RECIEVED 1554057590 HB 3 103 337
RECIEVED 1554057590 TRANSACTION 82 103 337
UPDATE 1554057590 TRANSACTION 93d6beb9182fd6c97b71a56c6a574712
SEND 1554057590 TRANSACTION 82 28912 93d6beb9182fd6c97b71a56c6a574712
RECIEVED 1554057591 TRANSACTION 81 103 338
UPDATE 1554057591 TRANSACTION bbe00c0e80b0a21b6535030680130c45
SEND 1554057591 TRANSACTION 81 16756 bbe00c0e80b0a21b6535030680130c45
SEND 1554057591 TRANSACTION 81 27747 bbe00c0e80b0a21b6535030680130c45
RECIEVED 1554057591 TRANSACTION 81 103 339
RECIEVED 1554057591 TRANSACTION 81 103 339
UPDATE 1554057591 TRANSACTION 82390265d4d265aec60bed047362351b
SEND 1554057591 TRANSACTION 81 22438 82390265d4d265aec60bed047362351b
SEND 1554057591 TRANSACTION 81 42451 82390265d4d265aec60bed047362351b
RECIEVED 1554057591 TRANSACTION 81 103 340
UPDATE 1554057591 TRANSACTION 3fdc734cc47674fb004d0686d91613e9
SEND 1554057591 TRANSACTION 81 23070 3fdc734cc47674fb004d0686d91613e9
SEND 1554057591 TRANSACTION 81 16323 3fdc734cc47674fb004d0686d91613e9
RECIEVED 1554057592 TRANSACTION 80 103 341
UPDATE 1554057592 TRANSACTION 9abb518cdbfa05fe94dd37cc4f7d6f06
SEND 1554057592 TRANSACTION 80 16680 9abb518cdbfa05fe94dd37cc4f7d6f06
SEND 1554057592 TRANSACTION 80 21599 9abb518cdbfa05fe94dd37cc4f7d6f06
RECIEVED 1554057592 TRANSACTION 81 103 342
UPDATE 1554057592 TRANSACTION d76f05495ae825975288e3798e321ee1
SEND 1554057592 TRANSACTION 81 16364 d76f05495ae825975288e3798e321ee1
SEND 1554057592 TRANSACTION 81 22657 d76f05495ae825975288e3798e321ee1
RECIEVED 1554057592 TRANSACTION 81 103 343
RECIEVED 1554057592 TRANSACTION 81 103 343
UPDATE 1554057592 TRANSACTION 875dc23395978801355fc3d333a896f2
RECIEVED 1554057600 HB 3 103 344
RECIEVED 1554057611 HB 3 103 344
SEND 1554057611 INTRODUCE 36 42829
SEND 1554057611 INTRODUCE 36 29880
SEND 1554057611 INTRODUCE 37 18290
SEND 1554057611 INTRODUCE 37 17758
SEND 1554057611 INTRODUCE 36 24495
SEND 1554057611 INTRODUCE 36 17984
SEND 1554057611 INTRODUCE 37 17249
SEND 1554057611 INTRODUCE 37 37514
RECIEVED 1554057622 HB 3 103 344
SEND 1554057622 INTRODUCE 36 41734
SEND 1554057622 INTRODUCE 36 34119
SEND 1554057622 INTRODUCE 37 18673
SEND 1554057622 INTRODUCE 37 18174
# Failed listening 
%!(EXTRA string=node81)# ERROR: EOF
# Failed listening 
%!(EXTRA string=node34)# ERROR: EOF
# Failed listening 
%!(EXTRA string=node22)# ERROR: EOF
# Failed listening 
%!(EXTRA string=node87)# ERROR: EOF
