RECIEVED 1554057533 INTRODUCE 37 0 0
SEND 1554057533 JOIN 32 19813
RECIEVED 1554057533 INTRODUCE 37 1 0
SEND 1554057533 INTRODUCE 37 21109
SEND 1554057533 JOIN 32 15195
RECIEVED 1554057533 INTRODUCE 36 2 0
SEND 1554057533 INTRODUCE 36 17842
SEND 1554057533 INTRODUCE 36 12242
SEND 1554057533 JOIN 32 21342
RECIEVED 1554057533 INTRODUCE 37 3 0
SEND 1554057533 INTRODUCE 37 15628
SEND 1554057533 INTRODUCE 37 28895
SEND 1554057533 INTRODUCE 37 39668
SEND 1554057533 JOIN 32 16399
RECIEVED 1554057533 INTRODUCE 36 4 0
RECIEVED 1554057533 INTRODUCE 36 5 0
RECIEVED 1554057533 INTRODUCE 36 6 0
RECIEVED 1554057533 INTRODUCE 37 7 0
RECIEVED 1554057533 INTRODUCE 36 8 0
RECIEVED 1554057533 INTRODUCE 36 8 0
RECIEVED 1554057533 INTRODUCE 36 9 0
RECIEVED 1554057533 INTRODUCE 35 10 0
RECIEVED 1554057533 INTRODUCE 35 11 0
RECIEVED 1554057533 INTRODUCE 36 12 0
RECIEVED 1554057533 INTRODUCE 36 13 0
RECIEVED 1554057533 INTRODUCE 36 14 0
RECIEVED 1554057533 INTRODUCE 36 15 0
RECIEVED 1554057533 INTRODUCE 37 16 0
RECIEVED 1554057533 INTRODUCE 36 17 0
RECIEVED 1554057533 INTRODUCE 37 18 0
RECIEVED 1554057533 INTRODUCE 36 19 0
RECIEVED 1554057533 INTRODUCE 35 20 0
RECIEVED 1554057533 INTRODUCE 36 21 0
RECIEVED 1554057533 INTRODUCE 36 22 0
RECIEVED 1554057533 INTRODUCE 37 23 0
RECIEVED 1554057533 INTRODUCE 37 24 0
RECIEVED 1554057533 INTRODUCE 35 25 0
RECIEVED 1554057533 INTRODUCE 36 25 0
RECIEVED 1554057533 INTRODUCE 35 26 0
RECIEVED 1554057533 INTRODUCE 37 27 0
RECIEVED 1554057533 INTRODUCE 36 28 0
RECIEVED 1554057533 INTRODUCE 37 29 0
RECIEVED 1554057533 INTRODUCE 37 30 0
RECIEVED 1554057533 INTRODUCE 35 31 0
RECIEVED 1554057533 INTRODUCE 37 32 0
RECIEVED 1554057533 INTRODUCE 37 33 0
RECIEVED 1554057533 INTRODUCE 37 34 0
RECIEVED 1554057533 INTRODUCE 36 35 0
RECIEVED 1554057533 INTRODUCE 36 36 0
RECIEVED 1554057533 INTRODUCE 36 37 0
RECIEVED 1554057533 INTRODUCE 36 38 0
RECIEVED 1554057533 INTRODUCE 36 39 0
RECIEVED 1554057533 INTRODUCE 36 40 0
RECIEVED 1554057533 INTRODUCE 36 41 0
RECIEVED 1554057533 INTRODUCE 37 41 0
RECIEVED 1554057533 INTRODUCE 36 42 0
RECIEVED 1554057533 INTRODUCE 37 43 0
RECIEVED 1554057533 INTRODUCE 36 44 0
RECIEVED 1554057533 INTRODUCE 37 45 0
RECIEVED 1554057533 INTRODUCE 37 46 0
RECIEVED 1554057533 INTRODUCE 37 47 0
RECIEVED 1554057533 INTRODUCE 37 48 0
RECIEVED 1554057533 INTRODUCE 36 48 0
RECIEVED 1554057533 INTRODUCE 36 48 0
RECIEVED 1554057533 INTRODUCE 36 48 0
RECIEVED 1554057533 INTRODUCE 36 49 0
RECIEVED 1554057533 INTRODUCE 37 50 0
RECIEVED 1554057533 INTRODUCE 36 51 0
RECIEVED 1554057533 INTRODUCE 36 51 0
RECIEVED 1554057533 INTRODUCE 36 52 0
RECIEVED 1554057533 INTRODUCE 36 52 0
RECIEVED 1554057533 INTRODUCE 35 53 0
RECIEVED 1554057533 INTRODUCE 36 54 0
RECIEVED 1554057533 INTRODUCE 35 55 0
RECIEVED 1554057533 INTRODUCE 36 55 0
RECIEVED 1554057533 INTRODUCE 36 55 0
RECIEVED 1554057533 INTRODUCE 35 55 0
RECIEVED 1554057533 INTRODUCE 37 56 0
RECIEVED 1554057533 INTRODUCE 36 56 0
RECIEVED 1554057533 INTRODUCE 36 57 0
RECIEVED 1554057533 INTRODUCE 37 57 0
RECIEVED 1554057533 INTRODUCE 36 58 0
RECIEVED 1554057533 INTRODUCE 35 59 0
RECIEVED 1554057533 INTRODUCE 37 60 0
RECIEVED 1554057533 INTRODUCE 36 61 0
RECIEVED 1554057533 INTRODUCE 36 61 0
RECIEVED 1554057533 INTRODUCE 36 62 0
RECIEVED 1554057533 INTRODUCE 35 62 0
RECIEVED 1554057533 INTRODUCE 37 63 0
RECIEVED 1554057533 INTRODUCE 36 64 0
RECIEVED 1554057533 INTRODUCE 37 65 0
RECIEVED 1554057533 INTRODUCE 37 66 0
RECIEVED 1554057533 INTRODUCE 37 67 0
RECIEVED 1554057534 INTRODUCE 37 67 0
RECIEVED 1554057534 INTRODUCE 36 68 0
RECIEVED 1554057534 INTRODUCE 37 68 0
RECIEVED 1554057534 INTRODUCE 37 69 0
RECIEVED 1554057534 INTRODUCE 36 70 0
RECIEVED 1554057534 INTRODUCE 36 70 0
RECIEVED 1554057534 INTRODUCE 36 71 0
RECIEVED 1554057534 INTRODUCE 36 71 0
RECIEVED 1554057534 INTRODUCE 37 72 0
RECIEVED 1554057534 INTRODUCE 36 72 0
RECIEVED 1554057534 INTRODUCE 36 73 0
RECIEVED 1554057534 INTRODUCE 37 73 0
RECIEVED 1554057534 INTRODUCE 37 74 0
RECIEVED 1554057534 INTRODUCE 36 75 0
RECIEVED 1554057534 INTRODUCE 36 76 0
RECIEVED 1554057534 INTRODUCE 36 77 0
RECIEVED 1554057534 INTRODUCE 37 78 0
RECIEVED 1554057534 INTRODUCE 36 79 0
RECIEVED 1554057534 INTRODUCE 37 79 0
RECIEVED 1554057534 INTRODUCE 35 80 0
RECIEVED 1554057534 INTRODUCE 36 81 0
RECIEVED 1554057534 INTRODUCE 37 82 0
RECIEVED 1554057534 INTRODUCE 35 83 0
RECIEVED 1554057534 INTRODUCE 36 84 0
RECIEVED 1554057534 INTRODUCE 37 84 0
RECIEVED 1554057534 INTRODUCE 36 85 0
RECIEVED 1554057534 INTRODUCE 36 85 0
RECIEVED 1554057534 INTRODUCE 37 86 0
RECIEVED 1554057534 INTRODUCE 37 87 0
RECIEVED 1554057534 INTRODUCE 37 88 0
RECIEVED 1554057534 INTRODUCE 36 88 0
RECIEVED 1554057534 INTRODUCE 36 89 0
RECIEVED 1554057534 INTRODUCE 37 89 0
RECIEVED 1554057534 TRANSACTION 80 90 0
UPDATE 1554057534 TRANSACTION 0bc64a4c60b00d892e680800daa017f8
SEND 1554057534 TRANSACTION 80 13626 0bc64a4c60b00d892e680800daa017f8
RECIEVED 1554057534 TRANSACTION 81 90 1
UPDATE 1554057534 TRANSACTION e4f484d87cb1736b3bd8fa57c6079d83
RECIEVED 1554057534 TRANSACTION 81 90 2
UPDATE 1554057534 TRANSACTION 76e4da23d9944e1ecad37ca1bf94e938
SEND 1554057534 TRANSACTION 81 14476 76e4da23d9944e1ecad37ca1bf94e938
SEND 1554057534 TRANSACTION 81 19928 76e4da23d9944e1ecad37ca1bf94e938
SEND 1554057534 TRANSACTION 81 19359 76e4da23d9944e1ecad37ca1bf94e938
RECIEVED 1554057534 TRANSACTION 81 90 3
RECIEVED 1554057534 TRANSACTION 81 90 3
UPDATE 1554057534 TRANSACTION 780c58f3f1515d0bbd444a871ad1b941
SEND 1554057534 TRANSACTION 81 10201 780c58f3f1515d0bbd444a871ad1b941
SEND 1554057534 TRANSACTION 81 14422 780c58f3f1515d0bbd444a871ad1b941
RECIEVED 1554057534 TRANSACTION 81 90 4
RECIEVED 1554057535 TRANSACTION 81 90 4
UPDATE 1554057535 TRANSACTION 1db7987ee6b5a50d851dd3a6e0aef688
SEND 1554057535 TRANSACTION 81 15106 1db7987ee6b5a50d851dd3a6e0aef688
SEND 1554057535 TRANSACTION 81 15000 1db7987ee6b5a50d851dd3a6e0aef688
SEND 1554057535 TRANSACTION 81 14115 1db7987ee6b5a50d851dd3a6e0aef688
RECIEVED 1554057535 TRANSACTION 81 90 5
RECIEVED 1554057535 TRANSACTION 81 90 5
UPDATE 1554057535 TRANSACTION cfa21f388298e1f6023b4ee5633bfed6
SEND 1554057535 TRANSACTION 81 24021 cfa21f388298e1f6023b4ee5633bfed6
SEND 1554057535 TRANSACTION 81 13352 cfa21f388298e1f6023b4ee5633bfed6
RECIEVED 1554057535 TRANSACTION 81 90 6
UPDATE 1554057535 TRANSACTION 0b64da557a40a35309390e4864646f66
RECIEVED 1554057535 TRANSACTION 81 90 7
RECIEVED 1554057535 TRANSACTION 81 90 7
UPDATE 1554057535 TRANSACTION 242837d09d676c218161c4caaa5f39e3
SEND 1554057535 TRANSACTION 81 36256 242837d09d676c218161c4caaa5f39e3
RECIEVED 1554057535 TRANSACTION 81 90 8
RECIEVED 1554057535 TRANSACTION 81 90 8
UPDATE 1554057535 TRANSACTION 74834b527a40be6ed4918a36d17fafac
SEND 1554057535 TRANSACTION 81 11205 74834b527a40be6ed4918a36d17fafac
RECIEVED 1554057535 TRANSACTION 81 90 9
UPDATE 1554057535 TRANSACTION c3a584310ee42151f9aa2308c87f1648
SEND 1554057535 TRANSACTION 81 19504 c3a584310ee42151f9aa2308c87f1648
SEND 1554057535 TRANSACTION 81 16692 c3a584310ee42151f9aa2308c87f1648
RECIEVED 1554057535 TRANSACTION 81 90 10
UPDATE 1554057535 TRANSACTION 50f29f0ea69b16090abda03f193c8a2a
SEND 1554057535 TRANSACTION 81 34278 50f29f0ea69b16090abda03f193c8a2a
SEND 1554057535 TRANSACTION 81 20351 50f29f0ea69b16090abda03f193c8a2a
SEND 1554057535 TRANSACTION 81 13732 50f29f0ea69b16090abda03f193c8a2a
RECIEVED 1554057535 TRANSACTION 81 90 11
RECIEVED 1554057535 TRANSACTION 81 90 11
RECIEVED 1554057535 TRANSACTION 81 90 11
UPDATE 1554057535 TRANSACTION 5386a0c9e4fb8d9ddcad300d3e960f0a
SEND 1554057535 TRANSACTION 81 22057 5386a0c9e4fb8d9ddcad300d3e960f0a
RECIEVED 1554057535 TRANSACTION 80 90 12
UPDATE 1554057535 TRANSACTION 201374ac1424bdd030f5cc11ceb4ad4b
RECIEVED 1554057536 TRANSACTION 82 90 13
UPDATE 1554057536 TRANSACTION ebaa02c3f75f1427390bb2ebe4025aeb
SEND 1554057536 TRANSACTION 82 15119 ebaa02c3f75f1427390bb2ebe4025aeb
SEND 1554057536 TRANSACTION 82 15824 ebaa02c3f75f1427390bb2ebe4025aeb
RECIEVED 1554057536 TRANSACTION 82 90 14
RECIEVED 1554057536 TRANSACTION 81 90 14
UPDATE 1554057536 TRANSACTION f4c82092448236e68c2a6d60f261676a
SEND 1554057536 TRANSACTION 81 14362 f4c82092448236e68c2a6d60f261676a
SEND 1554057536 TRANSACTION 81 39828 f4c82092448236e68c2a6d60f261676a
RECIEVED 1554057536 TRANSACTION 81 90 15
UPDATE 1554057536 TRANSACTION f81b5a6c3fbec7f9e181849788376cb2
SEND 1554057536 TRANSACTION 81 16608 f81b5a6c3fbec7f9e181849788376cb2
SEND 1554057536 TRANSACTION 81 13533 f81b5a6c3fbec7f9e181849788376cb2
RECIEVED 1554057536 TRANSACTION 81 90 16
RECIEVED 1554057536 TRANSACTION 81 90 16
UPDATE 1554057536 TRANSACTION 51105c8cbc009b34fc25fc9a67b98e1c
SEND 1554057536 TRANSACTION 81 29028 51105c8cbc009b34fc25fc9a67b98e1c
SEND 1554057536 TRANSACTION 81 13828 51105c8cbc009b34fc25fc9a67b98e1c
SEND 1554057536 TRANSACTION 81 12457 51105c8cbc009b34fc25fc9a67b98e1c
RECIEVED 1554057536 TRANSACTION 81 90 17
UPDATE 1554057536 TRANSACTION ce8458f844498706d8224cb3a946a27f
RECIEVED 1554057536 TRANSACTION 81 90 18
RECIEVED 1554057536 TRANSACTION 81 90 18
RECIEVED 1554057537 TRANSACTION 79 90 18
UPDATE 1554057537 TRANSACTION 1d613d66bc17e1cc535e778fa9cbbd19
SEND 1554057537 TRANSACTION 79 27052 1d613d66bc17e1cc535e778fa9cbbd19
RECIEVED 1554057537 TRANSACTION 80 90 19
UPDATE 1554057537 TRANSACTION 4267cd30125a7b3bafac0c16465b7055
SEND 1554057537 TRANSACTION 80 15558 4267cd30125a7b3bafac0c16465b7055
RECIEVED 1554057537 TRANSACTION 80 90 20
RECIEVED 1554057538 TRANSACTION 81 90 20
UPDATE 1554057538 TRANSACTION 1f572c2cc73ca82a33474b4c90850a73
SEND 1554057538 TRANSACTION 81 14660 1f572c2cc73ca82a33474b4c90850a73
SEND 1554057538 TRANSACTION 81 16597 1f572c2cc73ca82a33474b4c90850a73
RECIEVED 1554057538 TRANSACTION 78 90 21
UPDATE 1554057538 TRANSACTION 403ab840c0764d491406bc69a6476223
RECIEVED 1554057538 TRANSACTION 80 90 22
UPDATE 1554057538 TRANSACTION edce54ea9849df6773b1e97eb38d015d
RECIEVED 1554057538 TRANSACTION 80 90 23
UPDATE 1554057538 TRANSACTION 591b149c69e91c1e53253dfb70e7beb3
RECIEVED 1554057538 TRANSACTION 81 90 24
UPDATE 1554057538 TRANSACTION a8abed5be39063cd974974b575f51bc0
SEND 1554057538 TRANSACTION 81 23037 a8abed5be39063cd974974b575f51bc0
SEND 1554057538 TRANSACTION 81 20579 a8abed5be39063cd974974b575f51bc0
SEND 1554057538 TRANSACTION 81 23865 a8abed5be39063cd974974b575f51bc0
RECIEVED 1554057538 TRANSACTION 81 90 25
UPDATE 1554057538 TRANSACTION cb7f3f428c735b05a555428ec6956d77
SEND 1554057538 TRANSACTION 81 20256 cb7f3f428c735b05a555428ec6956d77
SEND 1554057538 TRANSACTION 81 18409 cb7f3f428c735b05a555428ec6956d77
RECIEVED 1554057538 TRANSACTION 81 90 26
RECIEVED 1554057538 TRANSACTION 81 90 26
UPDATE 1554057538 TRANSACTION ff837911e372b60b3561b26222a4d6db
SEND 1554057538 TRANSACTION 81 10900 ff837911e372b60b3561b26222a4d6db
RECIEVED 1554057539 TRANSACTION 81 90 27
UPDATE 1554057539 TRANSACTION 977b3e6b8f07caf1a2a63a241eeddfe0
SEND 1554057539 TRANSACTION 81 16291 977b3e6b8f07caf1a2a63a241eeddfe0
RECIEVED 1554057539 TRANSACTION 80 90 28
UPDATE 1554057539 TRANSACTION 68037886e5ba7a6040192e75e9908784
RECIEVED 1554057539 TRANSACTION 79 90 29
UPDATE 1554057539 TRANSACTION b8dc3eb370398f022b26422da7c8b2b3
SEND 1554057539 TRANSACTION 79 23393 b8dc3eb370398f022b26422da7c8b2b3
SEND 1554057539 TRANSACTION 79 16379 b8dc3eb370398f022b26422da7c8b2b3
SEND 1554057539 TRANSACTION 79 14854 b8dc3eb370398f022b26422da7c8b2b3
RECIEVED 1554057539 TRANSACTION 81 90 30
UPDATE 1554057539 TRANSACTION c5fc09f2a9df2108579193ba2adbd898
SEND 1554057539 TRANSACTION 81 14053 c5fc09f2a9df2108579193ba2adbd898
SEND 1554057539 TRANSACTION 81 18148 c5fc09f2a9df2108579193ba2adbd898
RECIEVED 1554057539 TRANSACTION 81 90 31
RECIEVED 1554057539 TRANSACTION 81 90 31
RECIEVED 1554057539 TRANSACTION 81 90 31
UPDATE 1554057539 TRANSACTION 5b3e89a4a43291799f04be92a994ab7c
SEND 1554057539 TRANSACTION 81 14182 5b3e89a4a43291799f04be92a994ab7c
RECIEVED 1554057539 TRANSACTION 82 90 32
UPDATE 1554057539 TRANSACTION 04b34019e511d9887e681bfd1bdefcd2
SEND 1554057539 TRANSACTION 82 13996 04b34019e511d9887e681bfd1bdefcd2
RECIEVED 1554057539 TRANSACTION 82 90 33
RECIEVED 1554057540 TRANSACTION 81 90 33
UPDATE 1554057540 TRANSACTION 3e47bc24902e5f76f441019e42337705
SEND 1554057540 TRANSACTION 81 12255 3e47bc24902e5f76f441019e42337705
RECIEVED 1554057540 TRANSACTION 81 90 34
UPDATE 1554057540 TRANSACTION b525bed8be565e54a721646083cf0de4
SEND 1554057540 TRANSACTION 81 14372 b525bed8be565e54a721646083cf0de4
SEND 1554057540 TRANSACTION 81 14804 b525bed8be565e54a721646083cf0de4
SEND 1554057540 TRANSACTION 81 19941 b525bed8be565e54a721646083cf0de4
SEND 1554057540 TRANSACTION 81 11324 b525bed8be565e54a721646083cf0de4
RECIEVED 1554057540 TRANSACTION 81 90 35
RECIEVED 1554057540 TRANSACTION 81 90 35
UPDATE 1554057540 TRANSACTION b6463b29a8c776b576250e0aaea10304
SEND 1554057540 TRANSACTION 81 13276 b6463b29a8c776b576250e0aaea10304
RECIEVED 1554057541 TRANSACTION 81 90 36
UPDATE 1554057541 TRANSACTION cd05837eb4b181ebac6f97f3962ce4c2
SEND 1554057541 TRANSACTION 81 13668 cd05837eb4b181ebac6f97f3962ce4c2
RECIEVED 1554057541 TRANSACTION 81 90 37
RECIEVED 1554057541 TRANSACTION 80 90 37
UPDATE 1554057541 TRANSACTION fa232416d430fab94cca543a43a95d8e
SEND 1554057541 TRANSACTION 80 20782 fa232416d430fab94cca543a43a95d8e
RECIEVED 1554057541 TRANSACTION 81 90 38
UPDATE 1554057541 TRANSACTION 838055d50b99824de4951c75e6e7fa80
SEND 1554057541 TRANSACTION 81 14465 838055d50b99824de4951c75e6e7fa80
SEND 1554057541 TRANSACTION 81 12351 838055d50b99824de4951c75e6e7fa80
RECIEVED 1554057541 TRANSACTION 81 90 39
RECIEVED 1554057541 TRANSACTION 82 90 39
UPDATE 1554057541 TRANSACTION fbef22ab39dde5214360c9bb52b69336
SEND 1554057541 TRANSACTION 82 12702 fbef22ab39dde5214360c9bb52b69336
RECIEVED 1554057541 TRANSACTION 82 90 40
RECIEVED 1554057541 TRANSACTION 81 90 40
UPDATE 1554057541 TRANSACTION f48b3f8b0d2366abcab9974f50d71413
SEND 1554057541 TRANSACTION 81 22519 f48b3f8b0d2366abcab9974f50d71413
RECIEVED 1554057541 TRANSACTION 81 90 41
UPDATE 1554057541 TRANSACTION c2b4c2d1f2a432d4ebc1a79a91d5dcbb
RECIEVED 1554057542 INTRODUCE 36 90 42
RECIEVED 1554057542 INTRODUCE 35 91 42
RECIEVED 1554057542 INTRODUCE 36 92 42
RECIEVED 1554057542 INTRODUCE 37 93 42
RECIEVED 1554057542 HB 3 93 42
RECIEVED 1554057542 TRANSACTION 81 93 42
UPDATE 1554057542 TRANSACTION b153b630c44b4acef3194504638fb87e
SEND 1554057542 TRANSACTION 81 21652 b153b630c44b4acef3194504638fb87e
SEND 1554057542 TRANSACTION 81 19362 b153b630c44b4acef3194504638fb87e
SEND 1554057542 TRANSACTION 81 19396 b153b630c44b4acef3194504638fb87e
SEND 1554057542 TRANSACTION 81 14967 b153b630c44b4acef3194504638fb87e
RECIEVED 1554057542 TRANSACTION 81 93 43
UPDATE 1554057542 TRANSACTION 2e4e99315b1adaff46d15249df8a9e8b
RECIEVED 1554057542 TRANSACTION 81 93 44
UPDATE 1554057542 TRANSACTION df08974738b84c007cea8afe52be1a49
SEND 1554057542 TRANSACTION 81 20499 df08974738b84c007cea8afe52be1a49
SEND 1554057542 TRANSACTION 81 43458 df08974738b84c007cea8afe52be1a49
RECIEVED 1554057542 TRANSACTION 81 93 45
RECIEVED 1554057542 TRANSACTION 80 93 45
UPDATE 1554057542 TRANSACTION bd78268d2431579e3e201f5b232ccc94
SEND 1554057542 TRANSACTION 80 13031 bd78268d2431579e3e201f5b232ccc94
RECIEVED 1554057542 TRANSACTION 80 93 46
RECIEVED 1554057543 TRANSACTION 80 93 46
UPDATE 1554057543 TRANSACTION fa6690350120c1cdd9e31c5fb2559d6b
SEND 1554057543 TRANSACTION 80 29123 fa6690350120c1cdd9e31c5fb2559d6b
SEND 1554057543 TRANSACTION 80 15172 fa6690350120c1cdd9e31c5fb2559d6b
RECIEVED 1554057543 TRANSACTION 80 93 47
RECIEVED 1554057543 TRANSACTION 81 93 47
UPDATE 1554057543 TRANSACTION 27c44969d9aa8f76861d8dafd3a71f93
RECIEVED 1554057543 TRANSACTION 81 93 48
UPDATE 1554057543 TRANSACTION fe006e09f7346187ccdceec4980d8f3e
SEND 1554057543 TRANSACTION 81 20185 fe006e09f7346187ccdceec4980d8f3e
RECIEVED 1554057543 TRANSACTION 82 93 49
UPDATE 1554057543 TRANSACTION fd679bdfa506e6b154fd7c23253e618c
SEND 1554057543 TRANSACTION 82 18904 fd679bdfa506e6b154fd7c23253e618c
SEND 1554057543 TRANSACTION 82 11601 fd679bdfa506e6b154fd7c23253e618c
RECIEVED 1554057543 TRANSACTION 82 93 50
RECIEVED 1554057543 TRANSACTION 81 93 50
UPDATE 1554057543 TRANSACTION bbbd4c14ab5951f870532674bfb83126
SEND 1554057543 TRANSACTION 81 27634 bbbd4c14ab5951f870532674bfb83126
SEND 1554057543 TRANSACTION 81 21054 bbbd4c14ab5951f870532674bfb83126
SEND 1554057543 TRANSACTION 81 26148 bbbd4c14ab5951f870532674bfb83126
SEND 1554057543 TRANSACTION 81 36955 bbbd4c14ab5951f870532674bfb83126
RECIEVED 1554057544 TRANSACTION 81 93 51
UPDATE 1554057544 TRANSACTION bb83c13c0f59c84f62f57543e53d8ad4
SEND 1554057544 TRANSACTION 81 17916 bb83c13c0f59c84f62f57543e53d8ad4
SEND 1554057544 TRANSACTION 81 15363 bb83c13c0f59c84f62f57543e53d8ad4
SEND 1554057544 TRANSACTION 81 21052 bb83c13c0f59c84f62f57543e53d8ad4
RECIEVED 1554057544 TRANSACTION 81 93 52
RECIEVED 1554057545 TRANSACTION 80 93 52
UPDATE 1554057545 TRANSACTION 1c2963d4c28c552a6d731b100f685e07
SEND 1554057545 TRANSACTION 80 15514 1c2963d4c28c552a6d731b100f685e07
RECIEVED 1554057545 TRANSACTION 81 93 53
UPDATE 1554057545 TRANSACTION 8d99d7f345cd67042138e5b7d74843b6
SEND 1554057545 TRANSACTION 81 21059 8d99d7f345cd67042138e5b7d74843b6
RECIEVED 1554057545 TRANSACTION 80 93 54
UPDATE 1554057545 TRANSACTION c6a88779097678fda6770fe363968083
SEND 1554057545 TRANSACTION 80 15299 c6a88779097678fda6770fe363968083
SEND 1554057545 TRANSACTION 80 15611 c6a88779097678fda6770fe363968083
RECIEVED 1554057545 TRANSACTION 80 93 55
RECIEVED 1554057545 TRANSACTION 81 93 55
UPDATE 1554057545 TRANSACTION b10616438071ad11e6853f5e7fb9334a
SEND 1554057545 TRANSACTION 81 14828 b10616438071ad11e6853f5e7fb9334a
RECIEVED 1554057545 TRANSACTION 81 93 56
UPDATE 1554057545 TRANSACTION ac93645412b384f87d7a91fbc40e967f
SEND 1554057545 TRANSACTION 81 19568 ac93645412b384f87d7a91fbc40e967f
RECIEVED 1554057545 TRANSACTION 81 93 57
UPDATE 1554057545 TRANSACTION 990b02216f16eab0946979ad18017875
SEND 1554057545 TRANSACTION 81 15825 990b02216f16eab0946979ad18017875
SEND 1554057545 TRANSACTION 81 19604 990b02216f16eab0946979ad18017875
SEND 1554057545 TRANSACTION 81 26519 990b02216f16eab0946979ad18017875
RECIEVED 1554057546 TRANSACTION 81 93 58
UPDATE 1554057546 TRANSACTION 510f334a0b51f77d314456814725ed95
SEND 1554057546 TRANSACTION 81 20259 510f334a0b51f77d314456814725ed95
SEND 1554057546 TRANSACTION 81 14172 510f334a0b51f77d314456814725ed95
RECIEVED 1554057546 TRANSACTION 80 93 59
UPDATE 1554057546 TRANSACTION aa5979fa8f1226115ed3c80a9311baa0
RECIEVED 1554057546 TRANSACTION 80 93 60
UPDATE 1554057546 TRANSACTION 46378db67f50bcf386a680d38c835c68
SEND 1554057546 TRANSACTION 80 21139 46378db67f50bcf386a680d38c835c68
RECIEVED 1554057546 TRANSACTION 81 93 61
UPDATE 1554057546 TRANSACTION f88684e3c9e0b41c03d6989d9226c98e
SEND 1554057546 TRANSACTION 81 24592 f88684e3c9e0b41c03d6989d9226c98e
SEND 1554057546 TRANSACTION 81 20678 f88684e3c9e0b41c03d6989d9226c98e
RECIEVED 1554057547 TRANSACTION 80 93 62
UPDATE 1554057547 TRANSACTION 1a7266e342a12050ecfd5ca1fe748a18
SEND 1554057547 TRANSACTION 80 18526 1a7266e342a12050ecfd5ca1fe748a18
RECIEVED 1554057547 TRANSACTION 80 93 63
UPDATE 1554057547 TRANSACTION f898542ba3b6d589de60af10a96e8d7c
SEND 1554057547 TRANSACTION 80 13483 f898542ba3b6d589de60af10a96e8d7c
SEND 1554057547 TRANSACTION 80 31853 f898542ba3b6d589de60af10a96e8d7c
SEND 1554057547 TRANSACTION 80 14874 f898542ba3b6d589de60af10a96e8d7c
RECIEVED 1554057547 TRANSACTION 80 93 64
RECIEVED 1554057547 TRANSACTION 81 93 64
UPDATE 1554057547 TRANSACTION aab3a06df68da94c4e0ebfb52fad82f8
SEND 1554057547 TRANSACTION 81 14008 aab3a06df68da94c4e0ebfb52fad82f8
SEND 1554057547 TRANSACTION 81 14434 aab3a06df68da94c4e0ebfb52fad82f8
RECIEVED 1554057547 TRANSACTION 81 93 65
RECIEVED 1554057547 TRANSACTION 80 93 65
UPDATE 1554057547 TRANSACTION a6159c2481c925e2a521b28de85a542d
SEND 1554057547 TRANSACTION 80 18628 a6159c2481c925e2a521b28de85a542d
SEND 1554057547 TRANSACTION 80 17297 a6159c2481c925e2a521b28de85a542d
RECIEVED 1554057547 TRANSACTION 80 93 66
RECIEVED 1554057547 TRANSACTION 81 93 66
UPDATE 1554057547 TRANSACTION 2c09b0913ffca9a58bb48dc7fec7b445
SEND 1554057547 TRANSACTION 81 14736 2c09b0913ffca9a58bb48dc7fec7b445
SEND 1554057547 TRANSACTION 81 15480 2c09b0913ffca9a58bb48dc7fec7b445
RECIEVED 1554057547 TRANSACTION 81 93 67
UPDATE 1554057547 TRANSACTION ec0e39af8a59565cf703ba5cae07cafd
RECIEVED 1554057547 TRANSACTION 81 93 68
UPDATE 1554057547 TRANSACTION b4d06b6573b4b8cc297d6b4c84aa8f98
SEND 1554057547 TRANSACTION 81 27411 b4d06b6573b4b8cc297d6b4c84aa8f98
RECIEVED 1554057547 TRANSACTION 81 93 69
UPDATE 1554057547 TRANSACTION dede14c045d56f4739f6d0c21bbe54a2
SEND 1554057547 TRANSACTION 81 14752 dede14c045d56f4739f6d0c21bbe54a2
RECIEVED 1554057547 TRANSACTION 81 93 70
RECIEVED 1554057547 TRANSACTION 80 93 70
UPDATE 1554057547 TRANSACTION 2f630029435665277132bdd74702c57c
SEND 1554057547 TRANSACTION 80 14852 2f630029435665277132bdd74702c57c
SEND 1554057547 TRANSACTION 80 20295 2f630029435665277132bdd74702c57c
RECIEVED 1554057548 TRANSACTION 81 93 71
UPDATE 1554057548 TRANSACTION b569e2ef474a9f4d395c10177f026a8a
SEND 1554057548 TRANSACTION 81 14328 b569e2ef474a9f4d395c10177f026a8a
SEND 1554057548 TRANSACTION 81 22605 b569e2ef474a9f4d395c10177f026a8a
RECIEVED 1554057548 TRANSACTION 81 93 72
RECIEVED 1554057548 TRANSACTION 82 93 72
UPDATE 1554057548 TRANSACTION cf7391c25132a2226a56d7c92202b9fe
RECIEVED 1554057548 TRANSACTION 82 93 73
RECIEVED 1554057548 TRANSACTION 80 93 73
UPDATE 1554057548 TRANSACTION f2b5cf5d2bdf8d69268105399ba6666f
SEND 1554057548 TRANSACTION 80 14271 f2b5cf5d2bdf8d69268105399ba6666f
RECIEVED 1554057548 TRANSACTION 81 93 74
UPDATE 1554057548 TRANSACTION 4b15fa87227675e17182eca4439c55d9
SEND 1554057548 TRANSACTION 81 50656 4b15fa87227675e17182eca4439c55d9
SEND 1554057548 TRANSACTION 81 22222 4b15fa87227675e17182eca4439c55d9
RECIEVED 1554057548 TRANSACTION 81 93 75
RECIEVED 1554057548 TRANSACTION 84 93 75
UPDATE 1554057548 TRANSACTION 3ebec18d7286fe6d9836159a13ea3f8f
SEND 1554057548 TRANSACTION 84 13128 3ebec18d7286fe6d9836159a13ea3f8f
RECIEVED 1554057548 TRANSACTION 84 93 76
RECIEVED 1554057549 TRANSACTION 81 93 76
UPDATE 1554057549 TRANSACTION 1d8f9b02f5037c3d41e9e3fe4b2dd5b8
SEND 1554057549 TRANSACTION 81 33596 1d8f9b02f5037c3d41e9e3fe4b2dd5b8
RECIEVED 1554057549 TRANSACTION 79 93 77
UPDATE 1554057549 TRANSACTION 3d0f1e1ec6d71e730ed3aad6df90ab89
SEND 1554057549 TRANSACTION 79 12931 3d0f1e1ec6d71e730ed3aad6df90ab89
RECIEVED 1554057550 TRANSACTION 81 93 78
UPDATE 1554057550 TRANSACTION ca6d43c5ada21305c3c611975b7e332d
SEND 1554057550 TRANSACTION 81 16426 ca6d43c5ada21305c3c611975b7e332d
RECIEVED 1554057550 TRANSACTION 81 93 79
UPDATE 1554057550 TRANSACTION f2d786ff7560f7768913204e6b71d52c
SEND 1554057550 TRANSACTION 81 13601 f2d786ff7560f7768913204e6b71d52c
SEND 1554057550 TRANSACTION 81 27702 f2d786ff7560f7768913204e6b71d52c
SEND 1554057550 TRANSACTION 81 19737 f2d786ff7560f7768913204e6b71d52c
RECIEVED 1554057550 TRANSACTION 81 93 80
RECIEVED 1554057550 TRANSACTION 81 93 80
RECIEVED 1554057550 TRANSACTION 81 93 80
UPDATE 1554057550 TRANSACTION ac11b6c75383194a8ecfd00f6e38c441
SEND 1554057550 TRANSACTION 81 12550 ac11b6c75383194a8ecfd00f6e38c441
RECIEVED 1554057550 TRANSACTION 81 93 81
UPDATE 1554057550 TRANSACTION c52a44a8cfeb1a5dcc06347f81493790
RECIEVED 1554057551 TRANSACTION 80 93 82
UPDATE 1554057551 TRANSACTION a76d1dcc9136f9055d6abb09bed45bc9
SEND 1554057551 TRANSACTION 80 14400 a76d1dcc9136f9055d6abb09bed45bc9
RECIEVED 1554057551 TRANSACTION 80 93 83
RECIEVED 1554057551 TRANSACTION 80 93 83
RECIEVED 1554057551 TRANSACTION 81 93 83
UPDATE 1554057551 TRANSACTION bfb0737457c4d6c953f4fa27d4d7cd1f
SEND 1554057551 TRANSACTION 81 50811 bfb0737457c4d6c953f4fa27d4d7cd1f
SEND 1554057551 TRANSACTION 81 14078 bfb0737457c4d6c953f4fa27d4d7cd1f
RECIEVED 1554057551 TRANSACTION 81 93 84
RECIEVED 1554057551 TRANSACTION 80 93 84
UPDATE 1554057551 TRANSACTION 8bbc0efa3e634b23813875c9a7f2f7cc
SEND 1554057551 TRANSACTION 80 14433 8bbc0efa3e634b23813875c9a7f2f7cc
RECIEVED 1554057552 TRANSACTION 78 93 85
UPDATE 1554057552 TRANSACTION 7ee591d2071d1c39204bd844ad2dc0a7
SEND 1554057552 TRANSACTION 78 15173 7ee591d2071d1c39204bd844ad2dc0a7
RECIEVED 1554057552 TRANSACTION 81 93 86
UPDATE 1554057552 TRANSACTION bfd7f6b0b1bfcc39bb5935200e57d6e9
RECIEVED 1554057552 HB 3 93 87
SEND 1554057552 INTRODUCE 36 37771
SEND 1554057552 INTRODUCE 36 14938
SEND 1554057552 INTRODUCE 36 16754
SEND 1554057552 INTRODUCE 37 21198
RECIEVED 1554057553 TRANSACTION 81 93 87
UPDATE 1554057553 TRANSACTION 351ea503ca1cd92019c240e879d7b5ef
RECIEVED 1554057553 TRANSACTION 81 93 88
UPDATE 1554057553 TRANSACTION 0fdb213abfe8621af5c4f6b9aaeeb3b5
RECIEVED 1554057554 TRANSACTION 81 93 89
UPDATE 1554057554 TRANSACTION ceb12976b1cec0d644c8959cb07447f2
SEND 1554057554 TRANSACTION 81 17025 ceb12976b1cec0d644c8959cb07447f2
SEND 1554057554 TRANSACTION 81 15210 ceb12976b1cec0d644c8959cb07447f2
RECIEVED 1554057554 TRANSACTION 81 93 90
UPDATE 1554057554 TRANSACTION b55258b79dd4be1c6a3112da1fe83c8c
SEND 1554057554 TRANSACTION 81 21117 b55258b79dd4be1c6a3112da1fe83c8c
SEND 1554057554 TRANSACTION 81 17532 b55258b79dd4be1c6a3112da1fe83c8c
SEND 1554057554 TRANSACTION 81 22580 b55258b79dd4be1c6a3112da1fe83c8c
RECIEVED 1554057554 TRANSACTION 81 93 91
RECIEVED 1554057554 TRANSACTION 81 93 91
UPDATE 1554057554 TRANSACTION 5a5c477f8ee5274beb8dfdf04bb02a93
SEND 1554057554 TRANSACTION 81 35482 5a5c477f8ee5274beb8dfdf04bb02a93
SEND 1554057554 TRANSACTION 81 19807 5a5c477f8ee5274beb8dfdf04bb02a93
RECIEVED 1554057554 TRANSACTION 81 93 92
UPDATE 1554057554 TRANSACTION ecb51b4076c7650a1e2945ad522e15c7
RECIEVED 1554057554 TRANSACTION 81 93 93
UPDATE 1554057554 TRANSACTION 0cba33371d6d91fc7f14e85ed8d8b7b9
RECIEVED 1554057555 TRANSACTION 81 93 94
UPDATE 1554057555 TRANSACTION ffea7b1e6d54ceef06e590fbe59fc423
RECIEVED 1554057555 TRANSACTION 81 93 95
UPDATE 1554057555 TRANSACTION d9c4014fe84ff33e1cf55a9f61c1740f
SEND 1554057555 TRANSACTION 81 22055 d9c4014fe84ff33e1cf55a9f61c1740f
RECIEVED 1554057556 TRANSACTION 81 93 96
UPDATE 1554057556 TRANSACTION bf1d3b441836435875486633d96ea27b
SEND 1554057556 TRANSACTION 81 41126 bf1d3b441836435875486633d96ea27b
RECIEVED 1554057556 TRANSACTION 81 93 97
RECIEVED 1554057556 TRANSACTION 81 93 97
UPDATE 1554057556 TRANSACTION 5d46c65adae45faf3ff4d737c2b75df3
RECIEVED 1554057556 TRANSACTION 81 93 98
RECIEVED 1554057556 TRANSACTION 81 93 98
RECIEVED 1554057556 TRANSACTION 81 93 98
UPDATE 1554057556 TRANSACTION 8e93a42bf842aae1d840312e241a2b67
RECIEVED 1554057556 TRANSACTION 80 93 99
UPDATE 1554057556 TRANSACTION 7ef1f5ec0b21de504a8a3e953c101906
SEND 1554057556 TRANSACTION 80 14603 7ef1f5ec0b21de504a8a3e953c101906
RECIEVED 1554057556 TRANSACTION 81 93 100
UPDATE 1554057556 TRANSACTION ff27fe4cf56b03a88adabcf8820e6cd2
RECIEVED 1554057556 TRANSACTION 81 93 101
UPDATE 1554057556 TRANSACTION 1ceb11ce36b5d8030b0b72ae7f543969
SEND 1554057556 TRANSACTION 81 15957 1ceb11ce36b5d8030b0b72ae7f543969
SEND 1554057556 TRANSACTION 81 19114 1ceb11ce36b5d8030b0b72ae7f543969
RECIEVED 1554057556 TRANSACTION 81 93 102
RECIEVED 1554057557 TRANSACTION 81 93 102
UPDATE 1554057557 TRANSACTION a345ca5b5cf3f068afa96124d9424e2d
SEND 1554057557 TRANSACTION 81 12639 a345ca5b5cf3f068afa96124d9424e2d
SEND 1554057557 TRANSACTION 81 23871 a345ca5b5cf3f068afa96124d9424e2d
RECIEVED 1554057557 TRANSACTION 81 93 103
UPDATE 1554057557 TRANSACTION 49ef6de9ca2b992dfd0eb9954551029f
SEND 1554057557 TRANSACTION 81 14684 49ef6de9ca2b992dfd0eb9954551029f
RECIEVED 1554057557 TRANSACTION 81 93 104
UPDATE 1554057557 TRANSACTION 42a091cf1d43d2866172ef908551fa45
RECIEVED 1554057557 TRANSACTION 81 93 105
RECIEVED 1554057557 TRANSACTION 81 93 105
UPDATE 1554057557 TRANSACTION 5ef592a439b89981bac4807f35e39d04
SEND 1554057557 TRANSACTION 81 13972 5ef592a439b89981bac4807f35e39d04
SEND 1554057557 TRANSACTION 81 24662 5ef592a439b89981bac4807f35e39d04
SEND 1554057557 TRANSACTION 81 12375 5ef592a439b89981bac4807f35e39d04
RECIEVED 1554057557 TRANSACTION 81 93 106
RECIEVED 1554057557 TRANSACTION 81 93 106
RECIEVED 1554057557 TRANSACTION 82 93 106
UPDATE 1554057557 TRANSACTION 3a31786d00a82e6d8812582f2e189e44
SEND 1554057557 TRANSACTION 82 15515 3a31786d00a82e6d8812582f2e189e44
RECIEVED 1554057557 TRANSACTION 82 93 107
RECIEVED 1554057557 TRANSACTION 80 93 107
UPDATE 1554057557 TRANSACTION 4a57fd295608f414fb2c725dc9e84037
SEND 1554057557 TRANSACTION 80 15931 4a57fd295608f414fb2c725dc9e84037
RECIEVED 1554057557 TRANSACTION 81 93 108
UPDATE 1554057557 TRANSACTION fafad35d4264b12a68d04aa9fdd54a63
SEND 1554057557 TRANSACTION 81 16714 fafad35d4264b12a68d04aa9fdd54a63
SEND 1554057557 TRANSACTION 81 16788 fafad35d4264b12a68d04aa9fdd54a63
RECIEVED 1554057557 TRANSACTION 81 93 109
UPDATE 1554057557 TRANSACTION e7c5b58fdc4a6cb9a013931fae662f5a
SEND 1554057557 TRANSACTION 81 15119 e7c5b58fdc4a6cb9a013931fae662f5a
RECIEVED 1554057558 TRANSACTION 81 93 110
UPDATE 1554057558 TRANSACTION a27dbe3379ba8757e96fd9f2cab9c38d
SEND 1554057558 TRANSACTION 81 21879 a27dbe3379ba8757e96fd9f2cab9c38d
SEND 1554057558 TRANSACTION 81 15954 a27dbe3379ba8757e96fd9f2cab9c38d
SEND 1554057558 TRANSACTION 81 16245 a27dbe3379ba8757e96fd9f2cab9c38d
RECIEVED 1554057558 TRANSACTION 81 93 111
UPDATE 1554057558 TRANSACTION ecd4419308a849b03f3f7130eb1e335c
RECIEVED 1554057558 TRANSACTION 81 93 112
RECIEVED 1554057558 TRANSACTION 82 93 112
UPDATE 1554057558 TRANSACTION 2dbb5e8672282625f8f5ffa79b9c5892
SEND 1554057558 TRANSACTION 82 14503 2dbb5e8672282625f8f5ffa79b9c5892
SEND 1554057558 TRANSACTION 82 26625 2dbb5e8672282625f8f5ffa79b9c5892
RECIEVED 1554057558 TRANSACTION 82 93 113
RECIEVED 1554057558 TRANSACTION 81 93 113
UPDATE 1554057558 TRANSACTION c1793a3da9d8affa5b8f30b45a669851
SEND 1554057558 TRANSACTION 81 18339 c1793a3da9d8affa5b8f30b45a669851
RECIEVED 1554057559 TRANSACTION 81 93 114
UPDATE 1554057559 TRANSACTION 809f89f34631b7a4615b3bb49d696e2c
RECIEVED 1554057559 TRANSACTION 81 93 115
UPDATE 1554057559 TRANSACTION a41f97f15ade74ced084b01b2dbae3b8
SEND 1554057559 TRANSACTION 81 17965 a41f97f15ade74ced084b01b2dbae3b8
SEND 1554057559 TRANSACTION 81 21323 a41f97f15ade74ced084b01b2dbae3b8
RECIEVED 1554057559 TRANSACTION 81 93 116
UPDATE 1554057559 TRANSACTION 1f38ba97f6983fe931c8481b31cca99d
SEND 1554057559 TRANSACTION 81 15022 1f38ba97f6983fe931c8481b31cca99d
RECIEVED 1554057559 TRANSACTION 81 93 117
UPDATE 1554057559 TRANSACTION 8a6ca4dc9db8579c5395f2d836e8532a
SEND 1554057559 TRANSACTION 81 25264 8a6ca4dc9db8579c5395f2d836e8532a
RECIEVED 1554057559 TRANSACTION 81 93 118
RECIEVED 1554057559 TRANSACTION 81 93 118
RECIEVED 1554057560 TRANSACTION 81 93 118
UPDATE 1554057560 TRANSACTION 64e1afd629dd74120c2afb2105f805d5
SEND 1554057560 TRANSACTION 81 15138 64e1afd629dd74120c2afb2105f805d5
SEND 1554057560 TRANSACTION 81 15169 64e1afd629dd74120c2afb2105f805d5
RECIEVED 1554057560 TRANSACTION 81 93 119
UPDATE 1554057560 TRANSACTION de83d2c5249452d488393ee37a0ecbed
SEND 1554057560 TRANSACTION 81 15686 de83d2c5249452d488393ee37a0ecbed
RECIEVED 1554057560 TRANSACTION 81 93 120
UPDATE 1554057560 TRANSACTION bbc6fa27ce3e23a189f288c4f5c0d87a
SEND 1554057560 TRANSACTION 81 20015 bbc6fa27ce3e23a189f288c4f5c0d87a
SEND 1554057560 TRANSACTION 81 14971 bbc6fa27ce3e23a189f288c4f5c0d87a
RECIEVED 1554057560 TRANSACTION 81 93 121
RECIEVED 1554057560 TRANSACTION 81 93 121
UPDATE 1554057560 TRANSACTION 79c2ea5ff85d2eda85a901ca7ace7fe5
SEND 1554057560 TRANSACTION 81 9211 79c2ea5ff85d2eda85a901ca7ace7fe5
RECIEVED 1554057560 TRANSACTION 80 93 122
UPDATE 1554057560 TRANSACTION 6e2c7274f6074f7abae2746aabdd2026
SEND 1554057560 TRANSACTION 80 14189 6e2c7274f6074f7abae2746aabdd2026
RECIEVED 1554057561 TRANSACTION 81 93 123
UPDATE 1554057561 TRANSACTION d9416a3c3117b2858c23b45048ee4234
SEND 1554057561 TRANSACTION 81 15644 d9416a3c3117b2858c23b45048ee4234
RECIEVED 1554057561 TRANSACTION 81 93 124
RECIEVED 1554057561 TRANSACTION 80 93 124
UPDATE 1554057561 TRANSACTION 16f8c45e3ae55216c0d33f63d0e99ad8
SEND 1554057561 TRANSACTION 80 20048 16f8c45e3ae55216c0d33f63d0e99ad8
SEND 1554057561 TRANSACTION 80 17114 16f8c45e3ae55216c0d33f63d0e99ad8
SEND 1554057561 TRANSACTION 80 15501 16f8c45e3ae55216c0d33f63d0e99ad8
RECIEVED 1554057561 TRANSACTION 82 93 125
UPDATE 1554057561 TRANSACTION 26242ab0612c3961f821fc26610e396b
SEND 1554057561 TRANSACTION 82 12883 26242ab0612c3961f821fc26610e396b
SEND 1554057561 TRANSACTION 82 19899 26242ab0612c3961f821fc26610e396b
SEND 1554057561 TRANSACTION 82 29380 26242ab0612c3961f821fc26610e396b
RECIEVED 1554057561 TRANSACTION 80 93 126
UPDATE 1554057561 TRANSACTION f18aaa0e38156f73d079a147c100f613
RECIEVED 1554057561 TRANSACTION 81 93 127
UPDATE 1554057561 TRANSACTION 1e09d0d96087e25ca5e18f44a9294900
SEND 1554057561 TRANSACTION 81 23855 1e09d0d96087e25ca5e18f44a9294900
SEND 1554057561 TRANSACTION 81 21127 1e09d0d96087e25ca5e18f44a9294900
RECIEVED 1554057561 TRANSACTION 81 93 128
RECIEVED 1554057561 TRANSACTION 81 93 128
UPDATE 1554057561 TRANSACTION 78d2510f6473d63c6194e22867ed98e9
RECIEVED 1554057561 TRANSACTION 81 93 129
RECIEVED 1554057561 TRANSACTION 81 93 129
UPDATE 1554057561 TRANSACTION 06ca88238317c34ccc3c689246f6eaec
SEND 1554057561 TRANSACTION 81 11979 06ca88238317c34ccc3c689246f6eaec
RECIEVED 1554057561 TRANSACTION 81 93 130
RECIEVED 1554057562 TRANSACTION 80 93 130
UPDATE 1554057562 TRANSACTION 39c7b03de16bb81511f3c6dadb087e11
RECIEVED 1554057562 TRANSACTION 81 93 131
UPDATE 1554057562 TRANSACTION 243be1f6b3ba995ec97b8ef337498636
SEND 1554057562 TRANSACTION 81 19379 243be1f6b3ba995ec97b8ef337498636
SEND 1554057562 TRANSACTION 81 24439 243be1f6b3ba995ec97b8ef337498636
RECIEVED 1554057562 TRANSACTION 81 93 132
UPDATE 1554057562 TRANSACTION 72d578ce385c8c90049ebd204dbbad87
SEND 1554057562 TRANSACTION 81 24594 72d578ce385c8c90049ebd204dbbad87
RECIEVED 1554057562 HB 3 93 133
RECIEVED 1554057562 TRANSACTION 82 93 133
UPDATE 1554057562 TRANSACTION 4452845b04d6f067bc11ac0526c7248c
SEND 1554057562 TRANSACTION 82 19095 4452845b04d6f067bc11ac0526c7248c
RECIEVED 1554057562 TRANSACTION 82 93 134
RECIEVED 1554057562 TRANSACTION 81 93 134
UPDATE 1554057562 TRANSACTION 9f48f29ec11225100f575b8e7d9570a5
SEND 1554057562 TRANSACTION 81 24918 9f48f29ec11225100f575b8e7d9570a5
RECIEVED 1554057563 TRANSACTION 81 93 135
UPDATE 1554057563 TRANSACTION 1153fe7a44f2208cb0566cc3ee3c15ca
SEND 1554057563 TRANSACTION 81 13721 1153fe7a44f2208cb0566cc3ee3c15ca
SEND 1554057563 TRANSACTION 81 14731 1153fe7a44f2208cb0566cc3ee3c15ca
SEND 1554057563 TRANSACTION 81 20781 1153fe7a44f2208cb0566cc3ee3c15ca
RECIEVED 1554057563 TRANSACTION 81 93 136
UPDATE 1554057563 TRANSACTION 0fd83fb7d0126823065eaaa1e82fd40d
SEND 1554057563 TRANSACTION 81 17552 0fd83fb7d0126823065eaaa1e82fd40d
SEND 1554057563 TRANSACTION 81 23503 0fd83fb7d0126823065eaaa1e82fd40d
RECIEVED 1554057563 TRANSACTION 81 93 137
RECIEVED 1554057563 TRANSACTION 82 93 137
UPDATE 1554057563 TRANSACTION 32c1eaca9c13e1969a539a7ddb25466a
SEND 1554057563 TRANSACTION 82 17951 32c1eaca9c13e1969a539a7ddb25466a
SEND 1554057563 TRANSACTION 82 14037 32c1eaca9c13e1969a539a7ddb25466a
RECIEVED 1554057563 TRANSACTION 81 93 138
UPDATE 1554057563 TRANSACTION b5fde2af308f4c7c80a18b5bc591f64e
SEND 1554057563 TRANSACTION 81 14196 b5fde2af308f4c7c80a18b5bc591f64e
SEND 1554057563 TRANSACTION 81 14558 b5fde2af308f4c7c80a18b5bc591f64e
RECIEVED 1554057563 TRANSACTION 81 93 139
UPDATE 1554057563 TRANSACTION 7394bd19ed1dcb7e4f7286a0c4323d96
SEND 1554057563 TRANSACTION 81 12949 7394bd19ed1dcb7e4f7286a0c4323d96
RECIEVED 1554057563 TRANSACTION 80 93 140
UPDATE 1554057563 TRANSACTION 5ec879675464578baff3e4b6b14af2ec
SEND 1554057563 TRANSACTION 80 14521 5ec879675464578baff3e4b6b14af2ec
SEND 1554057563 TRANSACTION 80 14856 5ec879675464578baff3e4b6b14af2ec
RECIEVED 1554057564 TRANSACTION 80 93 141
UPDATE 1554057564 TRANSACTION b1c30b5dc76350d21eec794b6a3fcd9b
SEND 1554057564 TRANSACTION 80 14889 b1c30b5dc76350d21eec794b6a3fcd9b
SEND 1554057564 TRANSACTION 80 23086 b1c30b5dc76350d21eec794b6a3fcd9b
RECIEVED 1554057564 TRANSACTION 80 93 142
RECIEVED 1554057564 TRANSACTION 80 93 142
UPDATE 1554057564 TRANSACTION 392d186dc00cd748820e5bb033370611
SEND 1554057564 TRANSACTION 80 13671 392d186dc00cd748820e5bb033370611
SEND 1554057564 TRANSACTION 80 15199 392d186dc00cd748820e5bb033370611
RECIEVED 1554057564 TRANSACTION 80 93 143
RECIEVED 1554057564 TRANSACTION 80 93 143
UPDATE 1554057564 TRANSACTION 6c6b40de72294ad9882015c7d686b3e2
SEND 1554057564 TRANSACTION 80 25926 6c6b40de72294ad9882015c7d686b3e2
RECIEVED 1554057564 TRANSACTION 80 93 144
UPDATE 1554057564 TRANSACTION 311c2163311f01ae847e1fe6ea8074ab
SEND 1554057564 TRANSACTION 80 14763 311c2163311f01ae847e1fe6ea8074ab
SEND 1554057564 TRANSACTION 80 30886 311c2163311f01ae847e1fe6ea8074ab
RECIEVED 1554057564 TRANSACTION 80 93 145
RECIEVED 1554057564 TRANSACTION 81 93 145
UPDATE 1554057564 TRANSACTION 1c4a3aff047cbcda48310227dd2ddc6d
SEND 1554057564 TRANSACTION 81 25943 1c4a3aff047cbcda48310227dd2ddc6d
SEND 1554057564 TRANSACTION 81 27106 1c4a3aff047cbcda48310227dd2ddc6d
RECIEVED 1554057564 TRANSACTION 81 93 146
RECIEVED 1554057564 TRANSACTION 81 93 146
RECIEVED 1554057564 TRANSACTION 81 93 146
UPDATE 1554057564 TRANSACTION e723dc77e6b43b0e10655cca6d85378d
SEND 1554057564 TRANSACTION 81 26244 e723dc77e6b43b0e10655cca6d85378d
SEND 1554057564 TRANSACTION 81 20866 e723dc77e6b43b0e10655cca6d85378d
SEND 1554057564 TRANSACTION 81 15121 e723dc77e6b43b0e10655cca6d85378d
RECIEVED 1554057564 TRANSACTION 81 93 147
RECIEVED 1554057564 TRANSACTION 80 93 147
UPDATE 1554057564 TRANSACTION 3f6e27e4d9a6f00c80cbe7badf71f8cc
SEND 1554057564 TRANSACTION 80 19872 3f6e27e4d9a6f00c80cbe7badf71f8cc
RECIEVED 1554057564 TRANSACTION 80 93 148
RECIEVED 1554057564 TRANSACTION 81 93 148
UPDATE 1554057564 TRANSACTION 1e24d6e1abaa68c743947f6c388e9487
SEND 1554057564 TRANSACTION 81 14066 1e24d6e1abaa68c743947f6c388e9487
SEND 1554057564 TRANSACTION 81 15400 1e24d6e1abaa68c743947f6c388e9487
SEND 1554057564 TRANSACTION 81 14111 1e24d6e1abaa68c743947f6c388e9487
RECIEVED 1554057565 TRANSACTION 80 93 149
UPDATE 1554057565 TRANSACTION ebaa2e262f507e7bc80df81983b0899f
RECIEVED 1554057565 TRANSACTION 81 93 150
UPDATE 1554057565 TRANSACTION e154edb8cb95e8222d6db3f0beef7064
SEND 1554057565 TRANSACTION 81 16225 e154edb8cb95e8222d6db3f0beef7064
SEND 1554057565 TRANSACTION 81 15220 e154edb8cb95e8222d6db3f0beef7064
RECIEVED 1554057565 TRANSACTION 81 93 151
UPDATE 1554057565 TRANSACTION 61fc57f2a0a3c5fde2ffd24741811251
SEND 1554057565 TRANSACTION 81 19164 61fc57f2a0a3c5fde2ffd24741811251
RECIEVED 1554057565 TRANSACTION 81 93 152
UPDATE 1554057565 TRANSACTION 6280319e27db15689f19c51aae3ffec2
SEND 1554057565 TRANSACTION 81 20338 6280319e27db15689f19c51aae3ffec2
SEND 1554057565 TRANSACTION 81 18661 6280319e27db15689f19c51aae3ffec2
RECIEVED 1554057565 TRANSACTION 79 93 153
UPDATE 1554057565 TRANSACTION 6aba79de4c53d48ec44bb0b902b250eb
SEND 1554057565 TRANSACTION 79 14100 6aba79de4c53d48ec44bb0b902b250eb
RECIEVED 1554057565 TRANSACTION 79 93 154
RECIEVED 1554057565 TRANSACTION 81 93 154
RECIEVED 1554057565 TRANSACTION 81 93 154
UPDATE 1554057565 TRANSACTION 49145667a914b5c18b3b738ab300f355
RECIEVED 1554057565 TRANSACTION 79 93 155
UPDATE 1554057565 TRANSACTION 85fc53193f2b637850f1e037d2b44d00
SEND 1554057565 TRANSACTION 79 14758 85fc53193f2b637850f1e037d2b44d00
SEND 1554057565 TRANSACTION 79 15278 85fc53193f2b637850f1e037d2b44d00
RECIEVED 1554057565 TRANSACTION 79 93 156
RECIEVED 1554057565 TRANSACTION 81 93 156
UPDATE 1554057565 TRANSACTION 6e95d43b4b201dbc5fb1dcaab6767ca4
SEND 1554057565 TRANSACTION 81 14756 6e95d43b4b201dbc5fb1dcaab6767ca4
SEND 1554057565 TRANSACTION 81 16383 6e95d43b4b201dbc5fb1dcaab6767ca4
RECIEVED 1554057566 TRANSACTION 81 93 157
UPDATE 1554057566 TRANSACTION 0e9b8a10b6dd813a87f8feaf8b460b1a
SEND 1554057566 TRANSACTION 81 18273 0e9b8a10b6dd813a87f8feaf8b460b1a
RECIEVED 1554057566 TRANSACTION 81 93 158
UPDATE 1554057566 TRANSACTION 88cc33b597237e3b5fa607571b9bc3d1
SEND 1554057566 TRANSACTION 81 19152 88cc33b597237e3b5fa607571b9bc3d1
RECIEVED 1554057566 TRANSACTION 80 93 159
UPDATE 1554057566 TRANSACTION 4eeea3d10c36eecfc7d334aafd7213b7
SEND 1554057566 TRANSACTION 80 13422 4eeea3d10c36eecfc7d334aafd7213b7
RECIEVED 1554057566 TRANSACTION 81 93 160
UPDATE 1554057566 TRANSACTION 8b6ed26dbd78430f63cb749bf317a7df
SEND 1554057566 TRANSACTION 81 20788 8b6ed26dbd78430f63cb749bf317a7df
SEND 1554057566 TRANSACTION 81 14718 8b6ed26dbd78430f63cb749bf317a7df
RECIEVED 1554057566 TRANSACTION 81 93 161
RECIEVED 1554057566 TRANSACTION 81 93 161
UPDATE 1554057566 TRANSACTION 952eaa1eea31d82fee2430caed72d649
SEND 1554057566 TRANSACTION 81 18422 952eaa1eea31d82fee2430caed72d649
SEND 1554057566 TRANSACTION 81 18710 952eaa1eea31d82fee2430caed72d649
RECIEVED 1554057566 TRANSACTION 80 93 162
UPDATE 1554057566 TRANSACTION 41adcf841e04a73e24bfa76d0027fcc5
RECIEVED 1554057566 TRANSACTION 80 93 163
UPDATE 1554057566 TRANSACTION 7c3ef64963f4e2db8b1c59ae463135dd
SEND 1554057566 TRANSACTION 80 12666 7c3ef64963f4e2db8b1c59ae463135dd
RECIEVED 1554057566 TRANSACTION 80 93 164
RECIEVED 1554057567 TRANSACTION 79 93 164
UPDATE 1554057567 TRANSACTION e9453e687e2e6fb53d209a6ebebcac15
SEND 1554057567 TRANSACTION 79 18924 e9453e687e2e6fb53d209a6ebebcac15
SEND 1554057567 TRANSACTION 79 15358 e9453e687e2e6fb53d209a6ebebcac15
RECIEVED 1554057567 TRANSACTION 81 93 165
UPDATE 1554057567 TRANSACTION 9f21d13e963d7421c1c2edc21e096d60
RECIEVED 1554057567 TRANSACTION 81 93 166
RECIEVED 1554057567 TRANSACTION 80 93 166
UPDATE 1554057567 TRANSACTION 8027001c29bb984c9a39784425849f2f
RECIEVED 1554057567 TRANSACTION 81 93 167
UPDATE 1554057567 TRANSACTION 2334c23b70f362a8760247ba30cae6f7
SEND 1554057567 TRANSACTION 81 14684 2334c23b70f362a8760247ba30cae6f7
RECIEVED 1554057568 TRANSACTION 82 93 168
UPDATE 1554057568 TRANSACTION c38c8b994fdf5e59a029ea0f11925940
SEND 1554057568 TRANSACTION 82 15393 c38c8b994fdf5e59a029ea0f11925940
SEND 1554057568 TRANSACTION 82 15545 c38c8b994fdf5e59a029ea0f11925940
SEND 1554057568 TRANSACTION 82 19806 c38c8b994fdf5e59a029ea0f11925940
RECIEVED 1554057568 TRANSACTION 81 93 169
UPDATE 1554057568 TRANSACTION 4023be619edf78b367ffe3ad6f4d940c
RECIEVED 1554057568 TRANSACTION 81 93 170
RECIEVED 1554057568 TRANSACTION 80 93 170
UPDATE 1554057568 TRANSACTION c4199196062e9b479fe211c0ea74a6d9
SEND 1554057568 TRANSACTION 80 21562 c4199196062e9b479fe211c0ea74a6d9
RECIEVED 1554057568 TRANSACTION 80 93 171
UPDATE 1554057568 TRANSACTION 622cbf31d0e5a9d8f15f52312306cc9e
SEND 1554057568 TRANSACTION 80 22146 622cbf31d0e5a9d8f15f52312306cc9e
SEND 1554057568 TRANSACTION 80 15833 622cbf31d0e5a9d8f15f52312306cc9e
RECIEVED 1554057568 TRANSACTION 80 93 172
RECIEVED 1554057568 TRANSACTION 79 93 172
UPDATE 1554057568 TRANSACTION 2f3667512a58d2a897aa3cad65d3b96b
SEND 1554057568 TRANSACTION 79 19826 2f3667512a58d2a897aa3cad65d3b96b
SEND 1554057568 TRANSACTION 79 33261 2f3667512a58d2a897aa3cad65d3b96b
SEND 1554057568 TRANSACTION 79 16258 2f3667512a58d2a897aa3cad65d3b96b
RECIEVED 1554057568 TRANSACTION 81 93 173
UPDATE 1554057568 TRANSACTION c496a10d67d97feaffe44838c1746e82
SEND 1554057568 TRANSACTION 81 12701 c496a10d67d97feaffe44838c1746e82
RECIEVED 1554057568 TRANSACTION 81 93 174
UPDATE 1554057568 TRANSACTION 7030010df331256e7125e3b42631c884
SEND 1554057568 TRANSACTION 81 13051 7030010df331256e7125e3b42631c884
RECIEVED 1554057568 TRANSACTION 81 93 175
RECIEVED 1554057568 TRANSACTION 80 93 175
UPDATE 1554057568 TRANSACTION 2912a3efb5b6914c4f0f2a9d2b652370
SEND 1554057568 TRANSACTION 80 14709 2912a3efb5b6914c4f0f2a9d2b652370
RECIEVED 1554057568 TRANSACTION 81 93 176
UPDATE 1554057568 TRANSACTION aa263f8723e0423b2988d986a52c7f59
RECIEVED 1554057569 TRANSACTION 82 93 177
UPDATE 1554057569 TRANSACTION 2f031743b8ad643eeba9bab9d95edf1b
SEND 1554057569 TRANSACTION 82 14580 2f031743b8ad643eeba9bab9d95edf1b
RECIEVED 1554057569 TRANSACTION 82 93 178
RECIEVED 1554057569 TRANSACTION 82 93 178
RECIEVED 1554057569 TRANSACTION 80 93 178
UPDATE 1554057569 TRANSACTION 9aac3cb172ce34a737855f735b93ecd1
SEND 1554057569 TRANSACTION 80 14160 9aac3cb172ce34a737855f735b93ecd1
SEND 1554057569 TRANSACTION 80 14465 9aac3cb172ce34a737855f735b93ecd1
RECIEVED 1554057569 TRANSACTION 81 93 179
UPDATE 1554057569 TRANSACTION d427f5f2dae7b2f4b737ef99fd899f9b
RECIEVED 1554057570 TRANSACTION 81 93 180
UPDATE 1554057570 TRANSACTION b241b8ce7aaa3f2b5ec35db679712dd5
SEND 1554057570 TRANSACTION 81 14548 b241b8ce7aaa3f2b5ec35db679712dd5
SEND 1554057570 TRANSACTION 81 21200 b241b8ce7aaa3f2b5ec35db679712dd5
RECIEVED 1554057570 TRANSACTION 82 93 181
UPDATE 1554057570 TRANSACTION eac752ac7d3f3f45715928ac84a5274e
SEND 1554057570 TRANSACTION 82 14167 eac752ac7d3f3f45715928ac84a5274e
SEND 1554057570 TRANSACTION 82 21691 eac752ac7d3f3f45715928ac84a5274e
RECIEVED 1554057570 TRANSACTION 82 93 182
RECIEVED 1554057571 TRANSACTION 81 93 182
UPDATE 1554057571 TRANSACTION 369f9e0961c4822503b49549ee382d83
SEND 1554057571 TRANSACTION 81 19829 369f9e0961c4822503b49549ee382d83
RECIEVED 1554057571 TRANSACTION 83 93 183
UPDATE 1554057571 TRANSACTION 96ff0d097978548139151744ecebab37
RECIEVED 1554057571 TRANSACTION 81 93 184
UPDATE 1554057571 TRANSACTION cb30208d5ed07f5e100e5566ed7751f3
SEND 1554057571 TRANSACTION 81 19758 cb30208d5ed07f5e100e5566ed7751f3
RECIEVED 1554057571 TRANSACTION 81 93 185
RECIEVED 1554057571 TRANSACTION 81 93 185
RECIEVED 1554057571 TRANSACTION 81 93 185
UPDATE 1554057571 TRANSACTION 4d3663dc6a77c97ba877ea63eda397e0
SEND 1554057571 TRANSACTION 81 14788 4d3663dc6a77c97ba877ea63eda397e0
SEND 1554057571 TRANSACTION 81 14830 4d3663dc6a77c97ba877ea63eda397e0
RECIEVED 1554057571 TRANSACTION 81 93 186
RECIEVED 1554057571 TRANSACTION 81 93 186
UPDATE 1554057571 TRANSACTION 837f21cf67832a76eae8b4924ef4ca04
RECIEVED 1554057571 TRANSACTION 81 93 187
RECIEVED 1554057572 TRANSACTION 81 93 187
UPDATE 1554057572 TRANSACTION d6a3e0d84a094308bd5ea60beccf00ba
SEND 1554057572 TRANSACTION 81 13903 d6a3e0d84a094308bd5ea60beccf00ba
SEND 1554057572 TRANSACTION 81 15052 d6a3e0d84a094308bd5ea60beccf00ba
RECIEVED 1554057572 TRANSACTION 81 93 188
UPDATE 1554057572 TRANSACTION c00499c4987c2a6e6bb1f8f0a5923386
SEND 1554057572 TRANSACTION 81 20603 c00499c4987c2a6e6bb1f8f0a5923386
SEND 1554057572 TRANSACTION 81 19921 c00499c4987c2a6e6bb1f8f0a5923386
SEND 1554057572 TRANSACTION 81 13315 c00499c4987c2a6e6bb1f8f0a5923386
RECIEVED 1554057572 TRANSACTION 80 93 189
UPDATE 1554057572 TRANSACTION 61c09bc894c5a5ac92fac08247ae801b
SEND 1554057572 TRANSACTION 80 18705 61c09bc894c5a5ac92fac08247ae801b
SEND 1554057572 TRANSACTION 80 15286 61c09bc894c5a5ac92fac08247ae801b
RECIEVED 1554057572 TRANSACTION 80 93 190
RECIEVED 1554057572 TRANSACTION 80 93 190
UPDATE 1554057572 TRANSACTION 24a03dc14f16b6268e9348d973c7d498
SEND 1554057572 TRANSACTION 80 19392 24a03dc14f16b6268e9348d973c7d498
RECIEVED 1554057572 HB 3 93 191
SEND 1554057572 INTRODUCE 36 26137
SEND 1554057572 INTRODUCE 37 15455
SEND 1554057572 INTRODUCE 36 20124
SEND 1554057572 INTRODUCE 36 19291
RECIEVED 1554057572 TRANSACTION 81 93 191
UPDATE 1554057572 TRANSACTION 9af81a2e143736b619d85487d4178f3f
SEND 1554057572 TRANSACTION 81 14129 9af81a2e143736b619d85487d4178f3f
SEND 1554057572 TRANSACTION 81 21671 9af81a2e143736b619d85487d4178f3f
RECIEVED 1554057572 TRANSACTION 80 93 192
UPDATE 1554057572 TRANSACTION 56593f6a35e03237b8df901a09401756
SEND 1554057572 TRANSACTION 80 14660 56593f6a35e03237b8df901a09401756
RECIEVED 1554057572 TRANSACTION 80 93 193
UPDATE 1554057572 TRANSACTION 265553915dd413534135bdef588daa2b
SEND 1554057572 TRANSACTION 80 12853 265553915dd413534135bdef588daa2b
RECIEVED 1554057573 TRANSACTION 81 93 194
UPDATE 1554057573 TRANSACTION f669a180b7ff2c58948dd40049486fd2
RECIEVED 1554057573 TRANSACTION 81 93 195
UPDATE 1554057573 TRANSACTION 688f65d4f445c17a79f5a4a3011bf369
SEND 1554057573 TRANSACTION 81 19025 688f65d4f445c17a79f5a4a3011bf369
RECIEVED 1554057573 TRANSACTION 81 93 196
RECIEVED 1554057573 TRANSACTION 81 93 196
UPDATE 1554057573 TRANSACTION 26db9338621ea4fcef43296d46a952b5
SEND 1554057573 TRANSACTION 81 20454 26db9338621ea4fcef43296d46a952b5
SEND 1554057573 TRANSACTION 81 19481 26db9338621ea4fcef43296d46a952b5
RECIEVED 1554057573 TRANSACTION 81 93 197
RECIEVED 1554057573 TRANSACTION 80 93 197
UPDATE 1554057573 TRANSACTION 13a0f207ab0fb0d19a916f40f5e546d5
RECIEVED 1554057573 TRANSACTION 81 93 198
UPDATE 1554057573 TRANSACTION 8453759aa0731b1cde2f5a7535961974
SEND 1554057573 TRANSACTION 81 14840 8453759aa0731b1cde2f5a7535961974
SEND 1554057573 TRANSACTION 81 15661 8453759aa0731b1cde2f5a7535961974
SEND 1554057573 TRANSACTION 81 14409 8453759aa0731b1cde2f5a7535961974
RECIEVED 1554057573 TRANSACTION 81 93 199
UPDATE 1554057573 TRANSACTION 70b11e7a1085d46e224c05fc39fe26d9
SEND 1554057573 TRANSACTION 81 39108 70b11e7a1085d46e224c05fc39fe26d9
SEND 1554057573 TRANSACTION 81 41617 70b11e7a1085d46e224c05fc39fe26d9
SEND 1554057573 TRANSACTION 81 31459 70b11e7a1085d46e224c05fc39fe26d9
RECIEVED 1554057574 TRANSACTION 81 93 200
UPDATE 1554057574 TRANSACTION d75c944ec221bd4cb7ccc68965e085e9
SEND 1554057574 TRANSACTION 81 15580 d75c944ec221bd4cb7ccc68965e085e9
RECIEVED 1554057574 TRANSACTION 81 93 201
UPDATE 1554057574 TRANSACTION f5b26082e201623f4b2cd955833f539d
SEND 1554057574 TRANSACTION 81 26561 f5b26082e201623f4b2cd955833f539d
SEND 1554057574 TRANSACTION 81 14571 f5b26082e201623f4b2cd955833f539d
RECIEVED 1554057574 TRANSACTION 81 93 202
RECIEVED 1554057574 TRANSACTION 81 93 202
RECIEVED 1554057574 TRANSACTION 81 93 202
RECIEVED 1554057574 TRANSACTION 81 93 202
UPDATE 1554057574 TRANSACTION 382fd4bfc3aed019146b46b11a0dab54
SEND 1554057574 TRANSACTION 81 15791 382fd4bfc3aed019146b46b11a0dab54
RECIEVED 1554057574 TRANSACTION 81 93 203
UPDATE 1554057574 TRANSACTION 8a231f422afebab09b8d892adca71f8a
RECIEVED 1554057574 TRANSACTION 80 93 204
UPDATE 1554057574 TRANSACTION 287584244a21296975beb8cfa749d149
SEND 1554057574 TRANSACTION 80 18001 287584244a21296975beb8cfa749d149
SEND 1554057574 TRANSACTION 80 20474 287584244a21296975beb8cfa749d149
SEND 1554057574 TRANSACTION 80 19875 287584244a21296975beb8cfa749d149
SEND 1554057574 TRANSACTION 80 14976 287584244a21296975beb8cfa749d149
RECIEVED 1554057574 TRANSACTION 81 93 205
UPDATE 1554057574 TRANSACTION f3270fd234074880a4a1d37a15ace4f4
SEND 1554057574 TRANSACTION 81 19021 f3270fd234074880a4a1d37a15ace4f4
RECIEVED 1554057575 TRANSACTION 80 93 206
UPDATE 1554057575 TRANSACTION 3b129223d14fce5aae838fb98474f818
SEND 1554057575 TRANSACTION 80 19471 3b129223d14fce5aae838fb98474f818
SEND 1554057575 TRANSACTION 80 24215 3b129223d14fce5aae838fb98474f818
RECIEVED 1554057575 TRANSACTION 80 93 207
RECIEVED 1554057575 TRANSACTION 80 93 207
RECIEVED 1554057576 TRANSACTION 81 93 207
UPDATE 1554057576 TRANSACTION 8576bf76884cb7fe2bbb13973f1e91d0
SEND 1554057576 TRANSACTION 81 13567 8576bf76884cb7fe2bbb13973f1e91d0
SEND 1554057576 TRANSACTION 81 16818 8576bf76884cb7fe2bbb13973f1e91d0
RECIEVED 1554057576 TRANSACTION 81 93 208
RECIEVED 1554057576 TRANSACTION 81 93 208
RECIEVED 1554057576 TRANSACTION 81 93 208
UPDATE 1554057576 TRANSACTION 5481f8ff0da4292e1846fd73235fbba8
SEND 1554057576 TRANSACTION 81 25496 5481f8ff0da4292e1846fd73235fbba8
SEND 1554057576 TRANSACTION 81 12342 5481f8ff0da4292e1846fd73235fbba8
RECIEVED 1554057576 TRANSACTION 81 93 209
RECIEVED 1554057576 TRANSACTION 81 93 209
UPDATE 1554057576 TRANSACTION 6e11873e28bab01744eeb7eae2eee010
SEND 1554057576 TRANSACTION 81 14693 6e11873e28bab01744eeb7eae2eee010
SEND 1554057576 TRANSACTION 81 16936 6e11873e28bab01744eeb7eae2eee010
RECIEVED 1554057576 TRANSACTION 79 93 210
UPDATE 1554057576 TRANSACTION 2ab04a980758c44938c1d6b59ffbd075
SEND 1554057576 TRANSACTION 79 14152 2ab04a980758c44938c1d6b59ffbd075
SEND 1554057576 TRANSACTION 79 26661 2ab04a980758c44938c1d6b59ffbd075
SEND 1554057576 TRANSACTION 79 25427 2ab04a980758c44938c1d6b59ffbd075
RECIEVED 1554057576 TRANSACTION 81 93 211
UPDATE 1554057576 TRANSACTION 34bbba4c260367600f695082485cd3f3
SEND 1554057576 TRANSACTION 81 16697 34bbba4c260367600f695082485cd3f3
RECIEVED 1554057576 TRANSACTION 81 93 212
RECIEVED 1554057577 TRANSACTION 81 93 212
UPDATE 1554057577 TRANSACTION bdad56427c58c48f571b0d623cd77bc7
SEND 1554057577 TRANSACTION 81 10801 bdad56427c58c48f571b0d623cd77bc7
RECIEVED 1554057577 TRANSACTION 80 93 213
UPDATE 1554057577 TRANSACTION 82d946f8abcd28ea06093bb3bf94d933
SEND 1554057577 TRANSACTION 80 19516 82d946f8abcd28ea06093bb3bf94d933
SEND 1554057577 TRANSACTION 80 58761 82d946f8abcd28ea06093bb3bf94d933
RECIEVED 1554057577 TRANSACTION 80 93 214
RECIEVED 1554057577 TRANSACTION 81 93 214
UPDATE 1554057577 TRANSACTION c15e1d8b023ff53d2e8178fc9a1230bc
SEND 1554057577 TRANSACTION 81 45702 c15e1d8b023ff53d2e8178fc9a1230bc
SEND 1554057577 TRANSACTION 81 19005 c15e1d8b023ff53d2e8178fc9a1230bc
RECIEVED 1554057577 TRANSACTION 81 93 215
RECIEVED 1554057577 TRANSACTION 79 93 215
UPDATE 1554057577 TRANSACTION 31020071ad1a09e4fddb926c03a6ef39
SEND 1554057577 TRANSACTION 79 14565 31020071ad1a09e4fddb926c03a6ef39
SEND 1554057577 TRANSACTION 79 14659 31020071ad1a09e4fddb926c03a6ef39
RECIEVED 1554057577 TRANSACTION 83 93 216
UPDATE 1554057577 TRANSACTION 41293cb8d3b544ced29457030b81be0e
SEND 1554057577 TRANSACTION 83 19520 41293cb8d3b544ced29457030b81be0e
SEND 1554057577 TRANSACTION 83 14990 41293cb8d3b544ced29457030b81be0e
RECIEVED 1554057577 TRANSACTION 81 93 217
UPDATE 1554057577 TRANSACTION cb0f0d9980163305539046f65ad8e5f2
SEND 1554057577 TRANSACTION 81 13651 cb0f0d9980163305539046f65ad8e5f2
RECIEVED 1554057577 TRANSACTION 81 93 218
RECIEVED 1554057577 TRANSACTION 81 93 218
UPDATE 1554057577 TRANSACTION 1e47ec481efd6ab648737a0a2fffd587
SEND 1554057577 TRANSACTION 81 14533 1e47ec481efd6ab648737a0a2fffd587
RECIEVED 1554057577 TRANSACTION 81 93 219
UPDATE 1554057577 TRANSACTION d1c186d463ca2c6daa72fd6c378d1579
SEND 1554057577 TRANSACTION 81 50422 d1c186d463ca2c6daa72fd6c378d1579
RECIEVED 1554057577 TRANSACTION 81 93 220
RECIEVED 1554057577 TRANSACTION 80 93 220
UPDATE 1554057577 TRANSACTION 103d8d46f94d5bb130a6952b730777fb
SEND 1554057577 TRANSACTION 80 27352 103d8d46f94d5bb130a6952b730777fb
SEND 1554057577 TRANSACTION 80 11469 103d8d46f94d5bb130a6952b730777fb
SEND 1554057577 TRANSACTION 80 20039 103d8d46f94d5bb130a6952b730777fb
RECIEVED 1554057578 TRANSACTION 81 93 221
UPDATE 1554057578 TRANSACTION 251d5ae14d5f4f4dca0da2243f85cfa0
RECIEVED 1554057578 TRANSACTION 81 93 222
UPDATE 1554057578 TRANSACTION 8ae8fd8c305d18c6b6e1c65f78b7f296
SEND 1554057578 TRANSACTION 81 11723 8ae8fd8c305d18c6b6e1c65f78b7f296
RECIEVED 1554057578 TRANSACTION 81 93 223
UPDATE 1554057578 TRANSACTION 468b55e12ae98197a52cb11ef6403914
SEND 1554057578 TRANSACTION 81 20515 468b55e12ae98197a52cb11ef6403914
SEND 1554057578 TRANSACTION 81 25416 468b55e12ae98197a52cb11ef6403914
RECIEVED 1554057578 TRANSACTION 79 93 224
UPDATE 1554057578 TRANSACTION d6f99b13978907b8a2174d27054b4748
SEND 1554057578 TRANSACTION 79 18505 d6f99b13978907b8a2174d27054b4748
SEND 1554057578 TRANSACTION 79 18710 d6f99b13978907b8a2174d27054b4748
RECIEVED 1554057578 TRANSACTION 79 93 225
RECIEVED 1554057579 TRANSACTION 81 93 225
UPDATE 1554057579 TRANSACTION ad2158ede222756d9fd2878b43f78546
SEND 1554057579 TRANSACTION 81 19574 ad2158ede222756d9fd2878b43f78546
RECIEVED 1554057579 TRANSACTION 81 93 226
RECIEVED 1554057579 TRANSACTION 81 93 226
RECIEVED 1554057579 TRANSACTION 81 93 226
UPDATE 1554057579 TRANSACTION 6cc028bb1d7fabb644f0d4ed8b7a9f30
RECIEVED 1554057579 TRANSACTION 80 93 227
UPDATE 1554057579 TRANSACTION f78a15b5b964d7a633c33a69c2d44c6a
SEND 1554057579 TRANSACTION 80 14232 f78a15b5b964d7a633c33a69c2d44c6a
SEND 1554057579 TRANSACTION 80 42362 f78a15b5b964d7a633c33a69c2d44c6a
SEND 1554057579 TRANSACTION 80 30257 f78a15b5b964d7a633c33a69c2d44c6a
RECIEVED 1554057579 TRANSACTION 80 93 228
RECIEVED 1554057579 TRANSACTION 80 93 228
RECIEVED 1554057579 TRANSACTION 81 93 228
UPDATE 1554057579 TRANSACTION 06ecb2650e0eb5e60d788c309bcd6a7d
SEND 1554057579 TRANSACTION 81 15117 06ecb2650e0eb5e60d788c309bcd6a7d
SEND 1554057579 TRANSACTION 81 19952 06ecb2650e0eb5e60d788c309bcd6a7d
RECIEVED 1554057579 TRANSACTION 81 93 229
RECIEVED 1554057579 TRANSACTION 81 93 229
UPDATE 1554057579 TRANSACTION 979dcb151565c3af63180c6828a2542b
SEND 1554057579 TRANSACTION 81 15457 979dcb151565c3af63180c6828a2542b
SEND 1554057579 TRANSACTION 81 15588 979dcb151565c3af63180c6828a2542b
RECIEVED 1554057579 INTRODUCE 37 93 230
RECIEVED 1554057579 INTRODUCE 36 93 230
RECIEVED 1554057579 INTRODUCE 36 94 230
RECIEVED 1554057580 TRANSACTION 80 94 230
UPDATE 1554057580 TRANSACTION 9a71995e4da72661efadb822fbb6fb80
SEND 1554057580 TRANSACTION 80 27949 9a71995e4da72661efadb822fbb6fb80
SEND 1554057580 TRANSACTION 80 17105 9a71995e4da72661efadb822fbb6fb80
RECIEVED 1554057580 TRANSACTION 80 94 231
RECIEVED 1554057580 TRANSACTION 80 94 231
UPDATE 1554057580 TRANSACTION 9c11a3dbd0ae391c23f40dab908d2176
SEND 1554057580 TRANSACTION 80 20949 9c11a3dbd0ae391c23f40dab908d2176
SEND 1554057580 TRANSACTION 80 30490 9c11a3dbd0ae391c23f40dab908d2176
SEND 1554057580 TRANSACTION 80 14221 9c11a3dbd0ae391c23f40dab908d2176
RECIEVED 1554057580 TRANSACTION 81 94 232
UPDATE 1554057580 TRANSACTION 3496e2f4bba3590056d88442388c3788
RECIEVED 1554057580 TRANSACTION 82 94 233
UPDATE 1554057580 TRANSACTION 90382fbee27be9b2c1d61f1c75961a44
SEND 1554057580 TRANSACTION 82 21057 90382fbee27be9b2c1d61f1c75961a44
SEND 1554057580 TRANSACTION 82 21938 90382fbee27be9b2c1d61f1c75961a44
RECIEVED 1554057580 TRANSACTION 82 94 234
RECIEVED 1554057581 TRANSACTION 80 94 234
UPDATE 1554057581 TRANSACTION 8a1d6844856499146f4333dbe358b71e
SEND 1554057581 TRANSACTION 80 12901 8a1d6844856499146f4333dbe358b71e
SEND 1554057581 TRANSACTION 80 24116 8a1d6844856499146f4333dbe358b71e
RECIEVED 1554057581 TRANSACTION 81 94 235
UPDATE 1554057581 TRANSACTION d2972f7aa3af458365ddcd7388aec296
SEND 1554057581 TRANSACTION 81 11209 d2972f7aa3af458365ddcd7388aec296
RECIEVED 1554057581 TRANSACTION 81 94 236
UPDATE 1554057581 TRANSACTION 715ead72f7e3ca8985d30af45661be5e
SEND 1554057581 TRANSACTION 81 30168 715ead72f7e3ca8985d30af45661be5e
RECIEVED 1554057581 TRANSACTION 81 94 237
RECIEVED 1554057581 TRANSACTION 81 94 237
RECIEVED 1554057581 TRANSACTION 81 94 237
UPDATE 1554057581 TRANSACTION 8c5b0f844a4451662bd8484afd1dbee4
SEND 1554057581 TRANSACTION 81 19830 8c5b0f844a4451662bd8484afd1dbee4
SEND 1554057581 TRANSACTION 81 16813 8c5b0f844a4451662bd8484afd1dbee4
RECIEVED 1554057581 TRANSACTION 81 94 238
RECIEVED 1554057581 TRANSACTION 81 94 238
UPDATE 1554057581 TRANSACTION c98ab91b020e0c80d980f355bf3ccaac
SEND 1554057581 TRANSACTION 81 20877 c98ab91b020e0c80d980f355bf3ccaac
RECIEVED 1554057581 TRANSACTION 81 94 239
UPDATE 1554057581 TRANSACTION d0672aed16bfb6ce1e04b21b3a188ff1
SEND 1554057581 TRANSACTION 81 28320 d0672aed16bfb6ce1e04b21b3a188ff1
SEND 1554057581 TRANSACTION 81 14080 d0672aed16bfb6ce1e04b21b3a188ff1
RECIEVED 1554057581 TRANSACTION 81 94 240
RECIEVED 1554057581 TRANSACTION 81 94 240
RECIEVED 1554057581 TRANSACTION 81 94 240
UPDATE 1554057581 TRANSACTION 5327fae743352ca364bb2c68114e820a
SEND 1554057581 TRANSACTION 81 11730 5327fae743352ca364bb2c68114e820a
RECIEVED 1554057582 TRANSACTION 80 94 241
UPDATE 1554057582 TRANSACTION 62186b9646297b7543820d7b9ab4f468
SEND 1554057582 TRANSACTION 80 26040 62186b9646297b7543820d7b9ab4f468
RECIEVED 1554057582 TRANSACTION 80 94 242
RECIEVED 1554057582 TRANSACTION 81 94 242
UPDATE 1554057582 TRANSACTION c33904cc20aa96d1e676cf9ddd6adfe8
SEND 1554057582 TRANSACTION 81 18616 c33904cc20aa96d1e676cf9ddd6adfe8
SEND 1554057582 TRANSACTION 81 14773 c33904cc20aa96d1e676cf9ddd6adfe8
SEND 1554057582 TRANSACTION 81 32932 c33904cc20aa96d1e676cf9ddd6adfe8
RECIEVED 1554057582 TRANSACTION 81 94 243
UPDATE 1554057582 TRANSACTION 4564e4725687a269348842ac41e84b3b
RECIEVED 1554057582 HB 3 94 244
RECIEVED 1554057582 TRANSACTION 81 94 244
UPDATE 1554057582 TRANSACTION 01544d37462f7fdc320c406b4eff5a92
SEND 1554057582 TRANSACTION 81 19645 01544d37462f7fdc320c406b4eff5a92
SEND 1554057582 TRANSACTION 81 15125 01544d37462f7fdc320c406b4eff5a92
RECIEVED 1554057583 TRANSACTION 79 94 245
UPDATE 1554057583 TRANSACTION 4c8ec6172082ea3ca5ab3e300c15b35d
SEND 1554057583 TRANSACTION 79 28599 4c8ec6172082ea3ca5ab3e300c15b35d
RECIEVED 1554057583 TRANSACTION 80 94 246
UPDATE 1554057583 TRANSACTION bdd188369bda8c27ef76b0cb14902384
SEND 1554057583 TRANSACTION 80 15144 bdd188369bda8c27ef76b0cb14902384
SEND 1554057583 TRANSACTION 80 14748 bdd188369bda8c27ef76b0cb14902384
SEND 1554057583 TRANSACTION 80 16202 bdd188369bda8c27ef76b0cb14902384
RECIEVED 1554057583 TRANSACTION 80 94 247
RECIEVED 1554057583 TRANSACTION 81 94 247
UPDATE 1554057583 TRANSACTION 5fc3292f943730f81838e54b7a7bed02
SEND 1554057583 TRANSACTION 81 14261 5fc3292f943730f81838e54b7a7bed02
RECIEVED 1554057583 TRANSACTION 81 94 248
UPDATE 1554057583 TRANSACTION 8714672c197248f15575d4f155abd6e7
SEND 1554057583 TRANSACTION 81 15277 8714672c197248f15575d4f155abd6e7
RECIEVED 1554057583 TRANSACTION 81 94 249
RECIEVED 1554057583 TRANSACTION 81 94 249
UPDATE 1554057583 TRANSACTION 1d2fa436572297d4fb95c240d00c17e2
RECIEVED 1554057583 TRANSACTION 81 94 250
UPDATE 1554057583 TRANSACTION be3f688b050bb73eceaba70262c14029
SEND 1554057583 TRANSACTION 81 21361 be3f688b050bb73eceaba70262c14029
RECIEVED 1554057584 TRANSACTION 81 94 251
UPDATE 1554057584 TRANSACTION a97e1ea198a8aee4ade9358a7d7759b4
SEND 1554057584 TRANSACTION 81 10200 a97e1ea198a8aee4ade9358a7d7759b4
RECIEVED 1554057584 TRANSACTION 81 94 252
UPDATE 1554057584 TRANSACTION 15ef8e1fa701d462c16dad9d8970ed79
SEND 1554057584 TRANSACTION 81 13011 15ef8e1fa701d462c16dad9d8970ed79
RECIEVED 1554057584 TRANSACTION 81 94 253
RECIEVED 1554057584 TRANSACTION 81 94 253
UPDATE 1554057584 TRANSACTION 2a8f6b3d9b23336259057f5b9c4e48e2
RECIEVED 1554057584 TRANSACTION 81 94 254
RECIEVED 1554057584 TRANSACTION 81 94 254
UPDATE 1554057584 TRANSACTION aabd1fd27e3373e1323f51f5b963d1b8
SEND 1554057584 TRANSACTION 81 18931 aabd1fd27e3373e1323f51f5b963d1b8
SEND 1554057584 TRANSACTION 81 20841 aabd1fd27e3373e1323f51f5b963d1b8
SEND 1554057584 TRANSACTION 81 14534 aabd1fd27e3373e1323f51f5b963d1b8
RECIEVED 1554057584 TRANSACTION 81 94 255
UPDATE 1554057584 TRANSACTION 85ceb40514da0dc2fa30c9f5b630f091
RECIEVED 1554057584 TRANSACTION 81 94 256
UPDATE 1554057584 TRANSACTION 9f447c2b128535b49be49945524d860c
RECIEVED 1554057585 TRANSACTION 80 94 257
UPDATE 1554057585 TRANSACTION 58e3f01d1775405874be8132a33e3c0d
SEND 1554057585 TRANSACTION 80 11895 58e3f01d1775405874be8132a33e3c0d
SEND 1554057585 TRANSACTION 80 46012 58e3f01d1775405874be8132a33e3c0d
RECIEVED 1554057585 TRANSACTION 80 94 258
RECIEVED 1554057585 TRANSACTION 82 94 258
UPDATE 1554057585 TRANSACTION 5702faf502005da6eee2f883bc82ff9e
SEND 1554057585 TRANSACTION 82 15187 5702faf502005da6eee2f883bc82ff9e
RECIEVED 1554057585 TRANSACTION 81 94 259
UPDATE 1554057585 TRANSACTION 1c3c405a2310f588857b2d90e95f469a
SEND 1554057585 TRANSACTION 81 19586 1c3c405a2310f588857b2d90e95f469a
SEND 1554057585 TRANSACTION 81 19706 1c3c405a2310f588857b2d90e95f469a
SEND 1554057585 TRANSACTION 81 18018 1c3c405a2310f588857b2d90e95f469a
RECIEVED 1554057585 TRANSACTION 81 94 260
RECIEVED 1554057585 TRANSACTION 81 94 260
UPDATE 1554057585 TRANSACTION 55dfcff344f04eb41ceb4bd71c0876d9
SEND 1554057585 TRANSACTION 81 21315 55dfcff344f04eb41ceb4bd71c0876d9
SEND 1554057585 TRANSACTION 81 14310 55dfcff344f04eb41ceb4bd71c0876d9
RECIEVED 1554057585 TRANSACTION 81 94 261
UPDATE 1554057585 TRANSACTION 02542dc669db526cb22f339a6255dcc0
SEND 1554057585 TRANSACTION 81 18930 02542dc669db526cb22f339a6255dcc0
RECIEVED 1554057585 TRANSACTION 80 94 262
UPDATE 1554057585 TRANSACTION 12375af94f360410a15c6940d607c05a
SEND 1554057585 TRANSACTION 80 18402 12375af94f360410a15c6940d607c05a
RECIEVED 1554057585 TRANSACTION 82 94 263
UPDATE 1554057585 TRANSACTION d1881ece0523afee78f9456923546bea
SEND 1554057585 TRANSACTION 82 18336 d1881ece0523afee78f9456923546bea
SEND 1554057585 TRANSACTION 82 12583 d1881ece0523afee78f9456923546bea
RECIEVED 1554057585 TRANSACTION 81 94 264
UPDATE 1554057585 TRANSACTION 70f782a10486a4330eab713829f9328f
SEND 1554057585 TRANSACTION 81 20072 70f782a10486a4330eab713829f9328f
RECIEVED 1554057585 TRANSACTION 81 94 265
UPDATE 1554057585 TRANSACTION 5aa9399896bcf3d0d0081aeaf98babfc
RECIEVED 1554057585 TRANSACTION 81 94 266
RECIEVED 1554057585 TRANSACTION 81 94 266
UPDATE 1554057585 TRANSACTION 1452770ecec96d9b213e051eeea3a5d6
SEND 1554057585 TRANSACTION 81 19470 1452770ecec96d9b213e051eeea3a5d6
RECIEVED 1554057585 TRANSACTION 81 94 267
RECIEVED 1554057585 TRANSACTION 81 94 267
UPDATE 1554057585 TRANSACTION a39e66a43976af4a4ba2ba93aba05bed
SEND 1554057585 TRANSACTION 81 14854 a39e66a43976af4a4ba2ba93aba05bed
RECIEVED 1554057587 TRANSACTION 81 94 268
RECIEVED 1554057587 TRANSACTION 81 94 268
UPDATE 1554057587 TRANSACTION 501ca85cafe71222ecb29f97ca7b587f
RECIEVED 1554057587 TRANSACTION 81 94 269
UPDATE 1554057587 TRANSACTION 1d0aa53e0299bf93550f12f6bfce1dee
SEND 1554057587 TRANSACTION 81 41745 1d0aa53e0299bf93550f12f6bfce1dee
SEND 1554057587 TRANSACTION 81 42160 1d0aa53e0299bf93550f12f6bfce1dee
RECIEVED 1554057587 TRANSACTION 81 94 270
UPDATE 1554057587 TRANSACTION d88fd173d456753c67355f51372adbea
RECIEVED 1554057587 TRANSACTION 81 94 271
UPDATE 1554057587 TRANSACTION 52dff4d067cd47fb976f800270126ba1
SEND 1554057587 TRANSACTION 81 20322 52dff4d067cd47fb976f800270126ba1
SEND 1554057587 TRANSACTION 81 21186 52dff4d067cd47fb976f800270126ba1
SEND 1554057587 TRANSACTION 81 15426 52dff4d067cd47fb976f800270126ba1
RECIEVED 1554057587 TRANSACTION 81 94 272
UPDATE 1554057587 TRANSACTION d3359c616baa6668f08c1cfdff72cb79
SEND 1554057587 TRANSACTION 81 19250 d3359c616baa6668f08c1cfdff72cb79
SEND 1554057587 TRANSACTION 81 15365 d3359c616baa6668f08c1cfdff72cb79
SEND 1554057587 TRANSACTION 81 14366 d3359c616baa6668f08c1cfdff72cb79
RECIEVED 1554057587 TRANSACTION 81 94 273
RECIEVED 1554057588 TRANSACTION 81 94 273
UPDATE 1554057588 TRANSACTION d2cc702a39bf4b0842e0955a85af3753
RECIEVED 1554057588 TRANSACTION 80 94 274
UPDATE 1554057588 TRANSACTION 23aaf34bbfbde358b18eae7dbbaa08e4
SEND 1554057588 TRANSACTION 80 20885 23aaf34bbfbde358b18eae7dbbaa08e4
SEND 1554057588 TRANSACTION 80 27241 23aaf34bbfbde358b18eae7dbbaa08e4
RECIEVED 1554057588 TRANSACTION 81 94 275
UPDATE 1554057588 TRANSACTION 7cb594f7efc1191d7ca1da2e56e4168a
SEND 1554057588 TRANSACTION 81 25671 7cb594f7efc1191d7ca1da2e56e4168a
RECIEVED 1554057588 TRANSACTION 81 94 276
UPDATE 1554057588 TRANSACTION 7718bbdb75ee3163cbd2e08afa8bdc47
SEND 1554057588 TRANSACTION 81 21448 7718bbdb75ee3163cbd2e08afa8bdc47
RECIEVED 1554057588 TRANSACTION 81 94 277
UPDATE 1554057588 TRANSACTION fff274e4c0d3b2093da465ca0bc28576
SEND 1554057588 TRANSACTION 81 26182 fff274e4c0d3b2093da465ca0bc28576
SEND 1554057588 TRANSACTION 81 13473 fff274e4c0d3b2093da465ca0bc28576
RECIEVED 1554057588 TRANSACTION 82 94 278
UPDATE 1554057588 TRANSACTION 124d7445f3ead7e21d76014900993467
SEND 1554057588 TRANSACTION 82 14212 124d7445f3ead7e21d76014900993467
RECIEVED 1554057589 TRANSACTION 81 94 279
UPDATE 1554057589 TRANSACTION 744a4848fd58317b7088c26781e690f3
SEND 1554057589 TRANSACTION 81 19766 744a4848fd58317b7088c26781e690f3
SEND 1554057589 TRANSACTION 81 36889 744a4848fd58317b7088c26781e690f3
RECIEVED 1554057589 TRANSACTION 81 94 280
UPDATE 1554057589 TRANSACTION 2886842794421ac9b342aedf34dad0bc
RECIEVED 1554057589 TRANSACTION 80 94 281
UPDATE 1554057589 TRANSACTION 149e01c10dd963a2727f6b6385625c9b
SEND 1554057589 TRANSACTION 80 14141 149e01c10dd963a2727f6b6385625c9b
RECIEVED 1554057589 TRANSACTION 81 94 282
UPDATE 1554057589 TRANSACTION f980f2f5956dfeff764fda6643336576
SEND 1554057589 TRANSACTION 81 13399 f980f2f5956dfeff764fda6643336576
RECIEVED 1554057589 TRANSACTION 81 94 283
UPDATE 1554057589 TRANSACTION 74779f9a763fa20cb49987f446a215ed
SEND 1554057589 TRANSACTION 81 24195 74779f9a763fa20cb49987f446a215ed
RECIEVED 1554057589 TRANSACTION 81 94 284
RECIEVED 1554057589 TRANSACTION 81 94 284
RECIEVED 1554057589 TRANSACTION 81 94 284
UPDATE 1554057589 TRANSACTION 82390265d4d265aec60bed047362351b
SEND 1554057589 TRANSACTION 81 20084 82390265d4d265aec60bed047362351b
RECIEVED 1554057589 TRANSACTION 81 94 285
RECIEVED 1554057589 TRANSACTION 81 94 285
RECIEVED 1554057589 TRANSACTION 81 94 285
UPDATE 1554057589 TRANSACTION a3a3f4f99dca208367f6f8034c632d5b
RECIEVED 1554057590 TRANSACTION 81 94 286
UPDATE 1554057590 TRANSACTION 596968afe526abb310efce9200a7116e
SEND 1554057590 TRANSACTION 81 12665 596968afe526abb310efce9200a7116e
RECIEVED 1554057590 TRANSACTION 82 94 287
UPDATE 1554057590 TRANSACTION 93d6beb9182fd6c97b71a56c6a574712
SEND 1554057590 TRANSACTION 82 39593 93d6beb9182fd6c97b71a56c6a574712
SEND 1554057590 TRANSACTION 82 22527 93d6beb9182fd6c97b71a56c6a574712
RECIEVED 1554057591 TRANSACTION 81 94 288
UPDATE 1554057591 TRANSACTION af97513b08459cba3969d3c31b8c4e3c
SEND 1554057591 TRANSACTION 81 16004 af97513b08459cba3969d3c31b8c4e3c
SEND 1554057591 TRANSACTION 81 23670 af97513b08459cba3969d3c31b8c4e3c
SEND 1554057591 TRANSACTION 81 14990 af97513b08459cba3969d3c31b8c4e3c
RECIEVED 1554057591 TRANSACTION 80 94 289
UPDATE 1554057591 TRANSACTION dd4c3877c253d56764a10c674ff6c588
SEND 1554057591 TRANSACTION 80 20853 dd4c3877c253d56764a10c674ff6c588
RECIEVED 1554057591 TRANSACTION 80 94 290
RECIEVED 1554057591 TRANSACTION 81 94 290
UPDATE 1554057591 TRANSACTION bbe00c0e80b0a21b6535030680130c45
SEND 1554057591 TRANSACTION 81 15536 bbe00c0e80b0a21b6535030680130c45
RECIEVED 1554057591 TRANSACTION 81 94 291
UPDATE 1554057591 TRANSACTION fd9151fc01e49a528d85826327bbdcb7
RECIEVED 1554057591 TRANSACTION 81 94 292
UPDATE 1554057591 TRANSACTION 534c24b8a7e65a425d6c9d4b98a3bdad
SEND 1554057591 TRANSACTION 81 25268 534c24b8a7e65a425d6c9d4b98a3bdad
SEND 1554057591 TRANSACTION 81 23870 534c24b8a7e65a425d6c9d4b98a3bdad
RECIEVED 1554057591 TRANSACTION 81 94 293
RECIEVED 1554057591 TRANSACTION 81 94 293
UPDATE 1554057591 TRANSACTION 5c6741974457f329eb298da1bbc07718
SEND 1554057591 TRANSACTION 81 13877 5c6741974457f329eb298da1bbc07718
SEND 1554057591 TRANSACTION 81 22417 5c6741974457f329eb298da1bbc07718
RECIEVED 1554057591 TRANSACTION 81 94 294
RECIEVED 1554057591 TRANSACTION 81 94 294
UPDATE 1554057591 TRANSACTION 3fdc734cc47674fb004d0686d91613e9
SEND 1554057591 TRANSACTION 81 20532 3fdc734cc47674fb004d0686d91613e9
SEND 1554057591 TRANSACTION 81 25858 3fdc734cc47674fb004d0686d91613e9
RECIEVED 1554057591 TRANSACTION 81 94 295
RECIEVED 1554057592 TRANSACTION 81 94 295
UPDATE 1554057592 TRANSACTION e54535220e7483680afeea63d69107b0
SEND 1554057592 TRANSACTION 81 20529 e54535220e7483680afeea63d69107b0
SEND 1554057592 TRANSACTION 81 25682 e54535220e7483680afeea63d69107b0
SEND 1554057592 TRANSACTION 81 15864 e54535220e7483680afeea63d69107b0
RECIEVED 1554057592 TRANSACTION 81 94 296
UPDATE 1554057592 TRANSACTION d76f05495ae825975288e3798e321ee1
RECIEVED 1554057592 TRANSACTION 81 94 297
UPDATE 1554057592 TRANSACTION f22fb9f9b1043238ff243fc9220e9fb1
SEND 1554057592 TRANSACTION 81 24870 f22fb9f9b1043238ff243fc9220e9fb1
RECIEVED 1554057592 TRANSACTION 81 94 298
RECIEVED 1554057592 TRANSACTION 81 94 298
RECIEVED 1554057592 HB 3 94 298
RECIEVED 1554057592 TRANSACTION 81 94 298
UPDATE 1554057592 TRANSACTION 31a473b774daaad956748ff47328a551
RECIEVED 1554057592 TRANSACTION 81 94 299
RECIEVED 1554057602 HB 3 94 299
RECIEVED 1554057612 HB 3 94 299
RECIEVED 1554057622 HB 3 94 299
# Failed listening 
%!(EXTRA string=node72)# ERROR: EOF
# Failed listening 
%!(EXTRA string=node10)# ERROR: EOF
# Failed listening 
%!(EXTRA string=node71)# ERROR: EOF
